#
# A fatal error has been detected by the Java Runtime Environment:
#
#  SIGSEGV (0xb) at pc=0x00000098840f0866, pid=18859, tid=18865
#
# JRE version: OpenJDK Runtime Environment (21.0.5+11) (build 21.0.5+11-Ubuntu-1ubuntu124.04)
# Java VM: OpenJDK 64-Bit Server VM (21.0.5+11-Ubuntu-1ubuntu124.04, mixed mode, sharing, tiered, compressed oops, compressed class ptrs, g1 gc, linux-amd64)
# Problematic frame:
# j  JCudaWrapper.array.Array.get(LJCudaWrapper/resourceManagement/Handle;Ljcuda/Pointer;III)V+48
#
# Core dump will be written. Default location: Core dumps may be processed with "/usr/share/apport/apport -p%p -s%s -c%c -d%d -P%P -u%u -g%g -- %E" (or dumping to /home/dov/projects/NeighborhoodPIG/core.18859)
#
# If you would like to submit a bug report, please visit:
#   https://bugs.launchpad.net/ubuntu/+source/openjdk-21
#

---------------  S U M M A R Y ------------

Command Line: -Dfile.encoding=UTF-8 --module-path=/home/dov/projects/NeighborhoodPIG/build/classes main.NeighborhoodPIG

Host: AMD Ryzen 9 6900HS with Radeon Graphics, 16 cores, 30G, Ubuntu 24.04.1 LTS
Time: Sun Nov 24 18:01:52 2024 IST elapsed time: 0.363278 seconds (0d 0h 0m 0s)

---------------  T H R E A D  ---------------

Current thread (0x00007403a801a0a0):  JavaThread "main"             [_thread_in_Java, id=18865, stack(0x00007403aef00000,0x00007403af000000) (1024K)]

Stack: [0x00007403aef00000,0x00007403af000000],  sp=0x00007403aeffe538,  free space=1017k
Native frames: (J=compiled Java code, j=interpreted, Vv=VM code, C=native code)
j  JCudaWrapper.array.Array.get(LJCudaWrapper/resourceManagement/Handle;Ljcuda/Pointer;III)V+48
j  JCudaWrapper.array.DArray.getIncremented(LJCudaWrapper/resourceManagement/Handle;I)[D+35
j  JCudaWrapper.algebra.Vector.vecGet()[D+12
j  JCudaWrapper.algebra.Matrix.lambda$get$1(I)[D+5
j  JCudaWrapper.algebra.Matrix$$Lambda+0x0000740328020400.apply(I)Ljava/lang/Object;+5
j  java.util.Arrays.setAll([Ljava/lang/Object;Ljava/util/function/IntFunction;)V+17 java.base@21.0.5
j  JCudaWrapper.algebra.Matrix.get()[[D+15
j  main.StructureTensorMatrix.getRGB()[[[D+139
j  main.NeighborhoodPIG.orientationColored(Ljava/lang/String;)V+4
j  main.NeighborhoodPIG.main([Ljava/lang/String;)V+14
v  ~StubRoutines::call_stub 0x0000740397c5fcc6
V  [libjvm.so+0x90b55a]  JavaCalls::call_helper(JavaValue*, methodHandle const&, JavaCallArguments*, JavaThread*)+0x2da
V  [libjvm.so+0x9b29bd]  jni_invoke_static(JNIEnv_*, JavaValue*, _jobject*, JNICallType, _jmethodID*, JNI_ArgumentPusher*, JavaThread*) [clone .constprop.1]+0x35d
V  [libjvm.so+0x9b426b]  jni_CallStaticVoidMethod+0x16b
C  [libjli.so+0x55be]  JavaMain+0xfde
C  [libjli.so+0x844d]  ThreadJavaMain+0xd
C  [libc.so.6+0x9ca94]

siginfo: si_signo: 11 (SIGSEGV), si_code: 1 (SEGV_MAPERR), si_addr: 0x00000098840f0866

Registers:
RAX=0x0000740327000000, RBX=0x00007403afcd7130, RCX=0x00000006348a5828, RDX=0x0000000000000000
RSP=0x00007403aeffe530, RBP=0x00007403aeffe598, RSI=0x0000000000000001, RDI=0x000074031c4b51b8
R8 =0x000000000000011c, R9 =0x0000000000000154, R10=0x0000740327000000, R11=0x00007403908dd860
R12=0x0000000000000000, R13=0x00007403aeffe538, R14=0x0000000000000000, R15=0x00007403a801a0a0
RIP=0x00000098840f0866, EFLAGS=0x0000000000010246, CSGSFS=0x002b000000000033, ERR=0x0000000000000014
  TRAPNO=0x000000000000000e


Register to memory mapping:

RAX=0x0000740327000000 is pointing into metadata
RBX=0x00007403afcd7130: <offset 0x00000000008d7130> in /usr/lib/jvm/java-21-openjdk-amd64/lib/server/libjvm.so at 0x00007403af400000
RCX=
[error occurred during error reporting (printing register info), id 0xb, SIGSEGV (0xb) at pc=0x00007403afbbee53]
RDX=0x0 is null
RSP=0x00007403aeffe530 is pointing into the stack for thread: 0x00007403a801a0a0
RBP=0x00007403aeffe598 is pointing into the stack for thread: 0x00007403a801a0a0
RSI=0x0000000000000001 is an unknown value
RDI=0x000074031c4b51b8 is pointing into metadata
R8 =0x000000000000011c is an unknown value
R9 =0x0000000000000154 is an unknown value
R10=0x0000740327000000 is pointing into metadata
R11=0x00007403908dd860 is at entry_point+32 in (nmethod*)0x00007403908dd690
Compiled method (c1) 368  625       3       JCudaWrapper.array.Array::checkAgainstLength (10 bytes)
 total in heap  [0x00007403908dd690,0x00007403908dda80] = 1008
 relocation     [0x00007403908dd7e8,0x00007403908dd828] = 64
 main code      [0x00007403908dd840,0x00007403908dd9c0] = 384
 stub code      [0x00007403908dd9c0,0x00007403908dda00] = 64
 oops           [0x00007403908dda00,0x00007403908dda08] = 8
 metadata       [0x00007403908dda08,0x00007403908dda20] = 24
 scopes data    [0x00007403908dda20,0x00007403908dda38] = 24
 scopes pcs     [0x00007403908dda38,0x00007403908dda78] = 64
 dependencies   [0x00007403908dda78,0x00007403908dda80] = 8
R12=0x0 is null
R13=0x00007403aeffe538 is pointing into the stack for thread: 0x00007403a801a0a0
R14=0x0 is null
R15=0x00007403a801a0a0 is a thread

Top of Stack: (sp=0x00007403aeffe530)
0x00007403aeffe530:   0000740397c672f2 0000000000000070
0x00007403aeffe540:   0000000000000000 00000006348a5828
0x00007403aeffe550:   00007403aeffe550 000074031c48e768
0x00007403aeffe560:   0000000000000008 000074031c4995b8
0x00007403aeffe570:   0000000000000000 0000000634e276a8
0x00007403aeffe580:   000074031c48e820 00007403aeffe538
0x00007403aeffe590:   00007403aeffe5b0 00007403aeffe628
0x00007403aeffe5a0:   0000740397c67180 0000000000000000
0x00007403aeffe5b0:   0000000000000001 000000000000000e
0x00007403aeffe5c0:   000000000000000e 00000006348a5828
0x00007403aeffe5d0:   00000006353ff290 00000006348a54b8
0x00007403aeffe5e0:   00007403aeffe5e0 000074031c49242b
0x00007403aeffe5f0:   0000000000000007 000074031c499c38
0x00007403aeffe600:   0000000000000000 0000000634e33d10
0x00007403aeffe610:   000074031c4924a0 00007403aeffe5b0
0x00007403aeffe620:   00007403aeffe650 00007403aeffe6b0
0x00007403aeffe630:   0000740397c672f2 000000000000000e
0x00007403aeffe640:   00000006348a5828 00000006348a57e8
0x00007403aeffe650:   0000000000000007 00000006353ff290
0x00007403aeffe660:   00000006348a54b8 00007403aeffe668
0x00007403aeffe670:   000074031c4a1d4c 0000000000000002
0x00007403aeffe680:   000074031c4a6000 0000000000000000
0x00007403aeffe690:   0000000634ee9308 000074031c4a1d68
0x00007403aeffe6a0:   00007403aeffe650 00007403aeffe6c0
0x00007403aeffe6b0:   00007403aeffe710 0000740397c672f2
0x00007403aeffe6c0:   00000006348a53c8 00007403aeffe6c8
0x00007403aeffe6d0:   000074031c409ded 0000000000000003
0x00007403aeffe6e0:   000074031c498000 0000000000000000
0x00007403aeffe6f0:   00000006353fef08 000074031c409e10
0x00007403aeffe700:   00007403aeffe6c0 00007403aeffe720
0x00007403aeffe710:   00007403aeffe778 0000740397c672f2
0x00007403aeffe720:   0000000000000000 0000000634890880 

Instructions: (pc=0x0000740397c672f2)
0x0000740397c671f2:   50 81 e3 ff 00 00 00 48 8d 24 dc 41 0f b6 5d 03
0x0000740397c67202:   49 83 c5 03 49 ba 40 a2 93 b0 03 74 00 00 41 ff
0x0000740397c67212:   24 da 48 8b 65 f0 48 c7 45 f0 00 00 00 00 4c 8b
0x0000740397c67222:   6d c0 4c 8b 75 c8 4e 8d 74 f5 00 41 0f b7 4d 01
0x0000740397c67232:   48 8b 5d d0 c1 e1 02 8b 5c cb 50 81 e3 ff 00 00
0x0000740397c67242:   00 48 8d 24 dc 41 0f b6 5d 03 49 83 c5 03 49 ba
0x0000740397c67252:   40 9a 93 b0 03 74 00 00 41 ff 24 da 48 8b 65 f0
0x0000740397c67262:   48 c7 45 f0 00 00 00 00 4c 8b 6d c0 4c 8b 75 c8
0x0000740397c67272:   4e 8d 74 f5 00 41 0f b7 4d 01 48 8b 5d d0 c1 e1
0x0000740397c67282:   02 8b 5c cb 50 81 e3 ff 00 00 00 48 8d 24 dc 41
0x0000740397c67292:   0f b6 5d 03 49 83 c5 03 49 ba 40 92 93 b0 03 74
0x0000740397c672a2:   00 00 41 ff 24 da 48 8b 65 f0 48 c7 45 f0 00 00
0x0000740397c672b2:   00 00 4c 8b 6d c0 4c 8b 75 c8 4e 8d 74 f5 00 41
0x0000740397c672c2:   0f b7 4d 01 48 8b 5d d0 c1 e1 02 8b 5c cb 50 81
0x0000740397c672d2:   e3 ff 00 00 00 48 8d 24 dc 41 0f b6 5d 03 49 83
0x0000740397c672e2:   c5 03 49 ba 40 8a 93 b0 03 74 00 00 41 ff 24 da
0x0000740397c672f2:   48 8b 65 f0 48 c7 45 f0 00 00 00 00 4c 8b 6d c0
0x0000740397c67302:   4c 8b 75 c8 4e 8d 74 f5 00 48 8b 5d d8 48 85 db
0x0000740397c67312:   0f 84 8a 00 00 00 41 80 7d 00 ba 0f 84 1b 00 00
0x0000740397c67322:   00 41 80 7d 00 e9 0f 84 10 00 00 00 48 8b 4d e8
0x0000740397c67332:   66 81 79 34 8e 01 0f 85 64 00 00 00 48 8b c8 48
0x0000740397c67342:   85 c9 75 0e f6 43 f8 01 75 56 f0 48 83 4b f8 01
0x0000740397c67352:   eb 4e 8b 49 08 49 ba 00 00 00 27 03 74 00 00 49
0x0000740397c67362:   03 ca 4c 8b d1 48 33 4b f8 48 f7 c1 fc ff ff ff
0x0000740397c67372:   74 2e f6 c1 02 75 29 48 83 7b f8 00 74 1e 48 83
0x0000740397c67382:   7b f8 01 74 17 49 8b ca 48 33 4b f8 48 f7 c1 fc
0x0000740397c67392:   ff ff ff 74 0b 48 83 4b f8 02 eb 04 48 89 4b f8
0x0000740397c673a2:   41 0f b7 4d 01 48 8b 5d d0 c1 e1 02 8b 5c cb 50
0x0000740397c673b2:   81 e3 ff 00 00 00 48 8d 24 dc 41 0f b6 5d 03 49
0x0000740397c673c2:   83 c5 03 49 ba 40 aa 93 b0 03 74 00 00 41 ff 24
0x0000740397c673d2:   da 48 8b 65 f0 48 c7 45 f0 00 00 00 00 4c 8b 6d
0x0000740397c673e2:   c0 4c 8b 75 c8 4e 8d 74 f5 00 41 0f b7 4d 01 48 


Stack slot to memory mapping:

stack at sp + 0 slots: 0x0000000000000070 is an unknown value
stack at sp + 1 slots: 0x0 is null
stack at sp + 2 slots: 
[error occurred during error reporting (inspecting top of stack), id 0xb, SIGSEGV (0xb) at pc=0x00007403afbbee53]
stack at sp + 3 slots: 0x00007403aeffe550 is pointing into the stack for thread: 0x00007403a801a0a0
stack at sp + 4 slots: 0x000074031c48e768 is pointing into metadata
stack at sp + 5 slots: 0x0000000000000008 is an unknown value
stack at sp + 6 slots: 0x000074031c4995b8 is pointing into metadata
stack at sp + 7 slots: 0x0 is null


---------------  P R O C E S S  ---------------

Threads class SMR info:
_java_thread_list=0x00007403a9699ca0, length=15, elements={
0x00007403a801a0a0, 0x00007403a812cc70, 0x00007403a812e1e0, 0x00007403a812f980,
0x00007403a8130fc0, 0x00007403a8132560, 0x00007403a8134120, 0x00007403a81357e0,
0x00007403a8149390, 0x00007402ec068250, 0x00007402ec0693d0, 0x00007402ec06a700,
0x00007403a8180560, 0x00007403a967e2b0, 0x00007403a96993b0
}

Java Threads: ( => current thread )
=>0x00007403a801a0a0 JavaThread "main"                              [_thread_in_Java, id=18865, stack(0x00007403aef00000,0x00007403af000000) (1024K)]
  0x00007403a812cc70 JavaThread "Reference Handler"          daemon [_thread_blocked, id=18873, stack(0x00007403857fd000,0x00007403858fd000) (1024K)]
  0x00007403a812e1e0 JavaThread "Finalizer"                  daemon [_thread_blocked, id=18874, stack(0x0000740384900000,0x0000740384a00000) (1024K)]
  0x00007403a812f980 JavaThread "Signal Dispatcher"          daemon [_thread_blocked, id=18875, stack(0x0000740384800000,0x0000740384900000) (1024K)]
  0x00007403a8130fc0 JavaThread "Service Thread"             daemon [_thread_blocked, id=18876, stack(0x0000740384700000,0x0000740384800000) (1024K)]
  0x00007403a8132560 JavaThread "Monitor Deflation Thread"   daemon [_thread_blocked, id=18877, stack(0x0000740384600000,0x0000740384700000) (1024K)]
  0x00007403a8134120 JavaThread "C2 CompilerThread0"         daemon [_thread_blocked, id=18878, stack(0x0000740384500000,0x0000740384600000) (1024K)]
  0x00007403a81357e0 JavaThread "C1 CompilerThread0"         daemon [_thread_blocked, id=18879, stack(0x0000740384400000,0x0000740384500000) (1024K)]
  0x00007403a8149390 JavaThread "Common-Cleaner"             daemon [_thread_blocked, id=18880, stack(0x0000740384300000,0x0000740384400000) (1024K)]
  0x00007402ec068250 JavaThread "C1 CompilerThread1"         daemon [_thread_blocked, id=18881, stack(0x0000740384200000,0x0000740384300000) (1024K)]
  0x00007402ec0693d0 JavaThread "C1 CompilerThread2"         daemon [_thread_blocked, id=18882, stack(0x0000740384100000,0x0000740384200000) (1024K)]
  0x00007402ec06a700 JavaThread "C1 CompilerThread3"         daemon [_thread_blocked, id=18883, stack(0x0000740384000000,0x0000740384100000) (1024K)]
  0x00007403a8180560 JavaThread "Notification Thread"        daemon [_thread_blocked, id=18884, stack(0x000074037ff00000,0x0000740380000000) (1024K)]
  0x00007403a967e2b0 JavaThread "pool-1-thread-1"            daemon [_thread_blocked, id=18893, stack(0x000074037fe00000,0x000074037ff00000) (1024K)]
  0x00007403a96993b0 JavaThread "Java2D Disposer"            daemon [_thread_blocked, id=18894, stack(0x000074037fd00000,0x000074037fe00000) (1024K)]
Total: 15

Other Threads:
  0x00007403a8123870 VMThread "VM Thread"                           [id=18872, stack(0x00007403858fe000,0x00007403859fe000) (1024K)]
  0x00007403a8111260 WatcherThread "VM Periodic Task Thread"        [id=18871, stack(0x00007403859ff000,0x0000740385aff000) (1024K)]
  0x00007403a8045410 WorkerThread "GC Thread#0"                     [id=18866, stack(0x00007403acf00000,0x00007403ad000000) (1024K)]
  0x00007403a8055f10 ConcurrentGCThread "G1 Main Marker"            [id=18867, stack(0x00007403acdff000,0x00007403aceff000) (1024K)]
  0x00007403a8056ec0 WorkerThread "G1 Conc#0"                       [id=18868, stack(0x00007403accfe000,0x00007403acdfe000) (1024K)]
  0x00007403a80fead0 ConcurrentGCThread "G1 Refine#0"               [id=18869, stack(0x000074038f700000,0x000074038f800000) (1024K)]
  0x00007403a80ffa90 ConcurrentGCThread "G1 Service"                [id=18870, stack(0x0000740385b00000,0x0000740385c00000) (1024K)]
Total: 7

Threads with active compile tasks:
Total: 0

VM state: not at safepoint (normal execution)

VM Mutex/Monitor currently owned by a thread: None

Heap address: 0x0000000616800000, size: 7832 MB, Compressed Oops mode: Zero based, Oop shift amount: 3

CDS archive(s) mapped at: [0x0000740327000000-0x0000740327c97000-0x0000740327c97000), size 13201408, SharedBaseAddress: 0x0000740327000000, ArchiveRelocationMode: 1.
Compressed class space mapped at: 0x0000740328000000-0x0000740368000000, reserved size: 1073741824
Narrow klass base: 0x0000740327000000, Narrow klass shift: 0, Narrow klass range: 0x100000000

GC Precious Log:
 CardTable entry size: 512
 Card Set container configuration: InlinePtr #cards 4 size 8 Array Of Cards #cards 32 size 80 Howl #buckets 8 coarsen threshold 7372 Howl Bitmap #cards 1024 size 144 coarsen threshold 921 Card regions per heap region 1 cards per card region 8192
 CPUs: 16 total, 16 available
 Memory: 31322M
 Large Page Support: Disabled
 NUMA Support: Disabled
 Compressed Oops: Enabled (Zero based)
 Heap Region Size: 4M
 Heap Min Capacity: 8M
 Heap Initial Capacity: 492M
 Heap Max Capacity: 7832M
 Pre-touch: Disabled
 Parallel Workers: 13
 Concurrent Workers: 3
 Concurrent Refinement Workers: 13
 Periodic GC: Disabled

Heap:
 garbage-first heap   total 507904K, used 9265K [0x0000000616800000, 0x0000000800000000)
  region size 4096K, 3 young (12288K), 0 survivors (0K)
 Metaspace       used 3408K, committed 3584K, reserved 1114112K
  class space    used 288K, committed 384K, reserved 1048576K

Heap Regions: E=young(eden), S=young(survivor), O=old, HS=humongous(starts), HC=humongous(continues), CS=collection set, F=free, TAMS=top-at-mark-start, PB=parsable bottom
|   0|0x0000000616800000, 0x0000000616800000, 0x0000000616c00000|  0%| F|  |TAMS 0x0000000616800000| PB 0x0000000616800000| Untracked 
|   1|0x0000000616c00000, 0x0000000616c00000, 0x0000000617000000|  0%| F|  |TAMS 0x0000000616c00000| PB 0x0000000616c00000| Untracked 
|   2|0x0000000617000000, 0x0000000617000000, 0x0000000617400000|  0%| F|  |TAMS 0x0000000617000000| PB 0x0000000617000000| Untracked 
|   3|0x0000000617400000, 0x0000000617400000, 0x0000000617800000|  0%| F|  |TAMS 0x0000000617400000| PB 0x0000000617400000| Untracked 
|   4|0x0000000617800000, 0x0000000617800000, 0x0000000617c00000|  0%| F|  |TAMS 0x0000000617800000| PB 0x0000000617800000| Untracked 
|   5|0x0000000617c00000, 0x0000000617c00000, 0x0000000618000000|  0%| F|  |TAMS 0x0000000617c00000| PB 0x0000000617c00000| Untracked 
|   6|0x0000000618000000, 0x0000000618000000, 0x0000000618400000|  0%| F|  |TAMS 0x0000000618000000| PB 0x0000000618000000| Untracked 
|   7|0x0000000618400000, 0x0000000618400000, 0x0000000618800000|  0%| F|  |TAMS 0x0000000618400000| PB 0x0000000618400000| Untracked 
|   8|0x0000000618800000, 0x0000000618800000, 0x0000000618c00000|  0%| F|  |TAMS 0x0000000618800000| PB 0x0000000618800000| Untracked 
|   9|0x0000000618c00000, 0x0000000618c00000, 0x0000000619000000|  0%| F|  |TAMS 0x0000000618c00000| PB 0x0000000618c00000| Untracked 
|  10|0x0000000619000000, 0x0000000619000000, 0x0000000619400000|  0%| F|  |TAMS 0x0000000619000000| PB 0x0000000619000000| Untracked 
|  11|0x0000000619400000, 0x0000000619400000, 0x0000000619800000|  0%| F|  |TAMS 0x0000000619400000| PB 0x0000000619400000| Untracked 
|  12|0x0000000619800000, 0x0000000619800000, 0x0000000619c00000|  0%| F|  |TAMS 0x0000000619800000| PB 0x0000000619800000| Untracked 
|  13|0x0000000619c00000, 0x0000000619c00000, 0x000000061a000000|  0%| F|  |TAMS 0x0000000619c00000| PB 0x0000000619c00000| Untracked 
|  14|0x000000061a000000, 0x000000061a000000, 0x000000061a400000|  0%| F|  |TAMS 0x000000061a000000| PB 0x000000061a000000| Untracked 
|  15|0x000000061a400000, 0x000000061a400000, 0x000000061a800000|  0%| F|  |TAMS 0x000000061a400000| PB 0x000000061a400000| Untracked 
|  16|0x000000061a800000, 0x000000061a800000, 0x000000061ac00000|  0%| F|  |TAMS 0x000000061a800000| PB 0x000000061a800000| Untracked 
|  17|0x000000061ac00000, 0x000000061ac00000, 0x000000061b000000|  0%| F|  |TAMS 0x000000061ac00000| PB 0x000000061ac00000| Untracked 
|  18|0x000000061b000000, 0x000000061b000000, 0x000000061b400000|  0%| F|  |TAMS 0x000000061b000000| PB 0x000000061b000000| Untracked 
|  19|0x000000061b400000, 0x000000061b400000, 0x000000061b800000|  0%| F|  |TAMS 0x000000061b400000| PB 0x000000061b400000| Untracked 
|  20|0x000000061b800000, 0x000000061b800000, 0x000000061bc00000|  0%| F|  |TAMS 0x000000061b800000| PB 0x000000061b800000| Untracked 
|  21|0x000000061bc00000, 0x000000061bc00000, 0x000000061c000000|  0%| F|  |TAMS 0x000000061bc00000| PB 0x000000061bc00000| Untracked 
|  22|0x000000061c000000, 0x000000061c000000, 0x000000061c400000|  0%| F|  |TAMS 0x000000061c000000| PB 0x000000061c000000| Untracked 
|  23|0x000000061c400000, 0x000000061c400000, 0x000000061c800000|  0%| F|  |TAMS 0x000000061c400000| PB 0x000000061c400000| Untracked 
|  24|0x000000061c800000, 0x000000061c800000, 0x000000061cc00000|  0%| F|  |TAMS 0x000000061c800000| PB 0x000000061c800000| Untracked 
|  25|0x000000061cc00000, 0x000000061cc00000, 0x000000061d000000|  0%| F|  |TAMS 0x000000061cc00000| PB 0x000000061cc00000| Untracked 
|  26|0x000000061d000000, 0x000000061d000000, 0x000000061d400000|  0%| F|  |TAMS 0x000000061d000000| PB 0x000000061d000000| Untracked 
|  27|0x000000061d400000, 0x000000061d400000, 0x000000061d800000|  0%| F|  |TAMS 0x000000061d400000| PB 0x000000061d400000| Untracked 
|  28|0x000000061d800000, 0x000000061d800000, 0x000000061dc00000|  0%| F|  |TAMS 0x000000061d800000| PB 0x000000061d800000| Untracked 
|  29|0x000000061dc00000, 0x000000061dc00000, 0x000000061e000000|  0%| F|  |TAMS 0x000000061dc00000| PB 0x000000061dc00000| Untracked 
|  30|0x000000061e000000, 0x000000061e000000, 0x000000061e400000|  0%| F|  |TAMS 0x000000061e000000| PB 0x000000061e000000| Untracked 
|  31|0x000000061e400000, 0x000000061e400000, 0x000000061e800000|  0%| F|  |TAMS 0x000000061e400000| PB 0x000000061e400000| Untracked 
|  32|0x000000061e800000, 0x000000061e800000, 0x000000061ec00000|  0%| F|  |TAMS 0x000000061e800000| PB 0x000000061e800000| Untracked 
|  33|0x000000061ec00000, 0x000000061ec00000, 0x000000061f000000|  0%| F|  |TAMS 0x000000061ec00000| PB 0x000000061ec00000| Untracked 
|  34|0x000000061f000000, 0x000000061f000000, 0x000000061f400000|  0%| F|  |TAMS 0x000000061f000000| PB 0x000000061f000000| Untracked 
|  35|0x000000061f400000, 0x000000061f400000, 0x000000061f800000|  0%| F|  |TAMS 0x000000061f400000| PB 0x000000061f400000| Untracked 
|  36|0x000000061f800000, 0x000000061f800000, 0x000000061fc00000|  0%| F|  |TAMS 0x000000061f800000| PB 0x000000061f800000| Untracked 
|  37|0x000000061fc00000, 0x000000061fc00000, 0x0000000620000000|  0%| F|  |TAMS 0x000000061fc00000| PB 0x000000061fc00000| Untracked 
|  38|0x0000000620000000, 0x0000000620000000, 0x0000000620400000|  0%| F|  |TAMS 0x0000000620000000| PB 0x0000000620000000| Untracked 
|  39|0x0000000620400000, 0x0000000620400000, 0x0000000620800000|  0%| F|  |TAMS 0x0000000620400000| PB 0x0000000620400000| Untracked 
|  40|0x0000000620800000, 0x0000000620800000, 0x0000000620c00000|  0%| F|  |TAMS 0x0000000620800000| PB 0x0000000620800000| Untracked 
|  41|0x0000000620c00000, 0x0000000620c00000, 0x0000000621000000|  0%| F|  |TAMS 0x0000000620c00000| PB 0x0000000620c00000| Untracked 
|  42|0x0000000621000000, 0x0000000621000000, 0x0000000621400000|  0%| F|  |TAMS 0x0000000621000000| PB 0x0000000621000000| Untracked 
|  43|0x0000000621400000, 0x0000000621400000, 0x0000000621800000|  0%| F|  |TAMS 0x0000000621400000| PB 0x0000000621400000| Untracked 
|  44|0x0000000621800000, 0x0000000621800000, 0x0000000621c00000|  0%| F|  |TAMS 0x0000000621800000| PB 0x0000000621800000| Untracked 
|  45|0x0000000621c00000, 0x0000000621c00000, 0x0000000622000000|  0%| F|  |TAMS 0x0000000621c00000| PB 0x0000000621c00000| Untracked 
|  46|0x0000000622000000, 0x0000000622000000, 0x0000000622400000|  0%| F|  |TAMS 0x0000000622000000| PB 0x0000000622000000| Untracked 
|  47|0x0000000622400000, 0x0000000622400000, 0x0000000622800000|  0%| F|  |TAMS 0x0000000622400000| PB 0x0000000622400000| Untracked 
|  48|0x0000000622800000, 0x0000000622800000, 0x0000000622c00000|  0%| F|  |TAMS 0x0000000622800000| PB 0x0000000622800000| Untracked 
|  49|0x0000000622c00000, 0x0000000622c00000, 0x0000000623000000|  0%| F|  |TAMS 0x0000000622c00000| PB 0x0000000622c00000| Untracked 
|  50|0x0000000623000000, 0x0000000623000000, 0x0000000623400000|  0%| F|  |TAMS 0x0000000623000000| PB 0x0000000623000000| Untracked 
|  51|0x0000000623400000, 0x0000000623400000, 0x0000000623800000|  0%| F|  |TAMS 0x0000000623400000| PB 0x0000000623400000| Untracked 
|  52|0x0000000623800000, 0x0000000623800000, 0x0000000623c00000|  0%| F|  |TAMS 0x0000000623800000| PB 0x0000000623800000| Untracked 
|  53|0x0000000623c00000, 0x0000000623c00000, 0x0000000624000000|  0%| F|  |TAMS 0x0000000623c00000| PB 0x0000000623c00000| Untracked 
|  54|0x0000000624000000, 0x0000000624000000, 0x0000000624400000|  0%| F|  |TAMS 0x0000000624000000| PB 0x0000000624000000| Untracked 
|  55|0x0000000624400000, 0x0000000624400000, 0x0000000624800000|  0%| F|  |TAMS 0x0000000624400000| PB 0x0000000624400000| Untracked 
|  56|0x0000000624800000, 0x0000000624800000, 0x0000000624c00000|  0%| F|  |TAMS 0x0000000624800000| PB 0x0000000624800000| Untracked 
|  57|0x0000000624c00000, 0x0000000624c00000, 0x0000000625000000|  0%| F|  |TAMS 0x0000000624c00000| PB 0x0000000624c00000| Untracked 
|  58|0x0000000625000000, 0x0000000625000000, 0x0000000625400000|  0%| F|  |TAMS 0x0000000625000000| PB 0x0000000625000000| Untracked 
|  59|0x0000000625400000, 0x0000000625400000, 0x0000000625800000|  0%| F|  |TAMS 0x0000000625400000| PB 0x0000000625400000| Untracked 
|  60|0x0000000625800000, 0x0000000625800000, 0x0000000625c00000|  0%| F|  |TAMS 0x0000000625800000| PB 0x0000000625800000| Untracked 
|  61|0x0000000625c00000, 0x0000000625c00000, 0x0000000626000000|  0%| F|  |TAMS 0x0000000625c00000| PB 0x0000000625c00000| Untracked 
|  62|0x0000000626000000, 0x0000000626000000, 0x0000000626400000|  0%| F|  |TAMS 0x0000000626000000| PB 0x0000000626000000| Untracked 
|  63|0x0000000626400000, 0x0000000626400000, 0x0000000626800000|  0%| F|  |TAMS 0x0000000626400000| PB 0x0000000626400000| Untracked 
|  64|0x0000000626800000, 0x0000000626800000, 0x0000000626c00000|  0%| F|  |TAMS 0x0000000626800000| PB 0x0000000626800000| Untracked 
|  65|0x0000000626c00000, 0x0000000626c00000, 0x0000000627000000|  0%| F|  |TAMS 0x0000000626c00000| PB 0x0000000626c00000| Untracked 
|  66|0x0000000627000000, 0x0000000627000000, 0x0000000627400000|  0%| F|  |TAMS 0x0000000627000000| PB 0x0000000627000000| Untracked 
|  67|0x0000000627400000, 0x0000000627400000, 0x0000000627800000|  0%| F|  |TAMS 0x0000000627400000| PB 0x0000000627400000| Untracked 
|  68|0x0000000627800000, 0x0000000627800000, 0x0000000627c00000|  0%| F|  |TAMS 0x0000000627800000| PB 0x0000000627800000| Untracked 
|  69|0x0000000627c00000, 0x0000000627c00000, 0x0000000628000000|  0%| F|  |TAMS 0x0000000627c00000| PB 0x0000000627c00000| Untracked 
|  70|0x0000000628000000, 0x0000000628000000, 0x0000000628400000|  0%| F|  |TAMS 0x0000000628000000| PB 0x0000000628000000| Untracked 
|  71|0x0000000628400000, 0x0000000628400000, 0x0000000628800000|  0%| F|  |TAMS 0x0000000628400000| PB 0x0000000628400000| Untracked 
|  72|0x0000000628800000, 0x0000000628800000, 0x0000000628c00000|  0%| F|  |TAMS 0x0000000628800000| PB 0x0000000628800000| Untracked 
|  73|0x0000000628c00000, 0x0000000628c00000, 0x0000000629000000|  0%| F|  |TAMS 0x0000000628c00000| PB 0x0000000628c00000| Untracked 
|  74|0x0000000629000000, 0x0000000629000000, 0x0000000629400000|  0%| F|  |TAMS 0x0000000629000000| PB 0x0000000629000000| Untracked 
|  75|0x0000000629400000, 0x0000000629400000, 0x0000000629800000|  0%| F|  |TAMS 0x0000000629400000| PB 0x0000000629400000| Untracked 
|  76|0x0000000629800000, 0x0000000629800000, 0x0000000629c00000|  0%| F|  |TAMS 0x0000000629800000| PB 0x0000000629800000| Untracked 
|  77|0x0000000629c00000, 0x0000000629c00000, 0x000000062a000000|  0%| F|  |TAMS 0x0000000629c00000| PB 0x0000000629c00000| Untracked 
|  78|0x000000062a000000, 0x000000062a000000, 0x000000062a400000|  0%| F|  |TAMS 0x000000062a000000| PB 0x000000062a000000| Untracked 
|  79|0x000000062a400000, 0x000000062a400000, 0x000000062a800000|  0%| F|  |TAMS 0x000000062a400000| PB 0x000000062a400000| Untracked 
|  80|0x000000062a800000, 0x000000062a800000, 0x000000062ac00000|  0%| F|  |TAMS 0x000000062a800000| PB 0x000000062a800000| Untracked 
|  81|0x000000062ac00000, 0x000000062ac00000, 0x000000062b000000|  0%| F|  |TAMS 0x000000062ac00000| PB 0x000000062ac00000| Untracked 
|  82|0x000000062b000000, 0x000000062b000000, 0x000000062b400000|  0%| F|  |TAMS 0x000000062b000000| PB 0x000000062b000000| Untracked 
|  83|0x000000062b400000, 0x000000062b400000, 0x000000062b800000|  0%| F|  |TAMS 0x000000062b400000| PB 0x000000062b400000| Untracked 
|  84|0x000000062b800000, 0x000000062b800000, 0x000000062bc00000|  0%| F|  |TAMS 0x000000062b800000| PB 0x000000062b800000| Untracked 
|  85|0x000000062bc00000, 0x000000062bc00000, 0x000000062c000000|  0%| F|  |TAMS 0x000000062bc00000| PB 0x000000062bc00000| Untracked 
|  86|0x000000062c000000, 0x000000062c000000, 0x000000062c400000|  0%| F|  |TAMS 0x000000062c000000| PB 0x000000062c000000| Untracked 
|  87|0x000000062c400000, 0x000000062c400000, 0x000000062c800000|  0%| F|  |TAMS 0x000000062c400000| PB 0x000000062c400000| Untracked 
|  88|0x000000062c800000, 0x000000062c800000, 0x000000062cc00000|  0%| F|  |TAMS 0x000000062c800000| PB 0x000000062c800000| Untracked 
|  89|0x000000062cc00000, 0x000000062cc00000, 0x000000062d000000|  0%| F|  |TAMS 0x000000062cc00000| PB 0x000000062cc00000| Untracked 
|  90|0x000000062d000000, 0x000000062d000000, 0x000000062d400000|  0%| F|  |TAMS 0x000000062d000000| PB 0x000000062d000000| Untracked 
|  91|0x000000062d400000, 0x000000062d400000, 0x000000062d800000|  0%| F|  |TAMS 0x000000062d400000| PB 0x000000062d400000| Untracked 
|  92|0x000000062d800000, 0x000000062d800000, 0x000000062dc00000|  0%| F|  |TAMS 0x000000062d800000| PB 0x000000062d800000| Untracked 
|  93|0x000000062dc00000, 0x000000062dc00000, 0x000000062e000000|  0%| F|  |TAMS 0x000000062dc00000| PB 0x000000062dc00000| Untracked 
|  94|0x000000062e000000, 0x000000062e000000, 0x000000062e400000|  0%| F|  |TAMS 0x000000062e000000| PB 0x000000062e000000| Untracked 
|  95|0x000000062e400000, 0x000000062e400000, 0x000000062e800000|  0%| F|  |TAMS 0x000000062e400000| PB 0x000000062e400000| Untracked 
|  96|0x000000062e800000, 0x000000062e800000, 0x000000062ec00000|  0%| F|  |TAMS 0x000000062e800000| PB 0x000000062e800000| Untracked 
|  97|0x000000062ec00000, 0x000000062ec00000, 0x000000062f000000|  0%| F|  |TAMS 0x000000062ec00000| PB 0x000000062ec00000| Untracked 
|  98|0x000000062f000000, 0x000000062f000000, 0x000000062f400000|  0%| F|  |TAMS 0x000000062f000000| PB 0x000000062f000000| Untracked 
|  99|0x000000062f400000, 0x000000062f400000, 0x000000062f800000|  0%| F|  |TAMS 0x000000062f400000| PB 0x000000062f400000| Untracked 
| 100|0x000000062f800000, 0x000000062f800000, 0x000000062fc00000|  0%| F|  |TAMS 0x000000062f800000| PB 0x000000062f800000| Untracked 
| 101|0x000000062fc00000, 0x000000062fc00000, 0x0000000630000000|  0%| F|  |TAMS 0x000000062fc00000| PB 0x000000062fc00000| Untracked 
| 102|0x0000000630000000, 0x0000000630000000, 0x0000000630400000|  0%| F|  |TAMS 0x0000000630000000| PB 0x0000000630000000| Untracked 
| 103|0x0000000630400000, 0x0000000630400000, 0x0000000630800000|  0%| F|  |TAMS 0x0000000630400000| PB 0x0000000630400000| Untracked 
| 104|0x0000000630800000, 0x0000000630800000, 0x0000000630c00000|  0%| F|  |TAMS 0x0000000630800000| PB 0x0000000630800000| Untracked 
| 105|0x0000000630c00000, 0x0000000630c00000, 0x0000000631000000|  0%| F|  |TAMS 0x0000000630c00000| PB 0x0000000630c00000| Untracked 
| 106|0x0000000631000000, 0x0000000631000000, 0x0000000631400000|  0%| F|  |TAMS 0x0000000631000000| PB 0x0000000631000000| Untracked 
| 107|0x0000000631400000, 0x0000000631400000, 0x0000000631800000|  0%| F|  |TAMS 0x0000000631400000| PB 0x0000000631400000| Untracked 
| 108|0x0000000631800000, 0x0000000631800000, 0x0000000631c00000|  0%| F|  |TAMS 0x0000000631800000| PB 0x0000000631800000| Untracked 
| 109|0x0000000631c00000, 0x0000000631c00000, 0x0000000632000000|  0%| F|  |TAMS 0x0000000631c00000| PB 0x0000000631c00000| Untracked 
| 110|0x0000000632000000, 0x0000000632000000, 0x0000000632400000|  0%| F|  |TAMS 0x0000000632000000| PB 0x0000000632000000| Untracked 
| 111|0x0000000632400000, 0x0000000632400000, 0x0000000632800000|  0%| F|  |TAMS 0x0000000632400000| PB 0x0000000632400000| Untracked 
| 112|0x0000000632800000, 0x0000000632800000, 0x0000000632c00000|  0%| F|  |TAMS 0x0000000632800000| PB 0x0000000632800000| Untracked 
| 113|0x0000000632c00000, 0x0000000632c00000, 0x0000000633000000|  0%| F|  |TAMS 0x0000000632c00000| PB 0x0000000632c00000| Untracked 
| 114|0x0000000633000000, 0x0000000633000000, 0x0000000633400000|  0%| F|  |TAMS 0x0000000633000000| PB 0x0000000633000000| Untracked 
| 115|0x0000000633400000, 0x0000000633400000, 0x0000000633800000|  0%| F|  |TAMS 0x0000000633400000| PB 0x0000000633400000| Untracked 
| 116|0x0000000633800000, 0x0000000633800000, 0x0000000633c00000|  0%| F|  |TAMS 0x0000000633800000| PB 0x0000000633800000| Untracked 
| 117|0x0000000633c00000, 0x0000000633c00000, 0x0000000634000000|  0%| F|  |TAMS 0x0000000633c00000| PB 0x0000000633c00000| Untracked 
| 118|0x0000000634000000, 0x0000000634000000, 0x0000000634400000|  0%| F|  |TAMS 0x0000000634000000| PB 0x0000000634000000| Untracked 
| 119|0x0000000634400000, 0x0000000634400000, 0x0000000634800000|  0%| F|  |TAMS 0x0000000634400000| PB 0x0000000634400000| Untracked 
| 120|0x0000000634800000, 0x00000006348f63d8, 0x0000000634c00000| 24%| E|  |TAMS 0x0000000634800000| PB 0x0000000634800000| Complete 
| 121|0x0000000634c00000, 0x0000000635000000, 0x0000000635000000|100%| E|CS|TAMS 0x0000000634c00000| PB 0x0000000634c00000| Complete 
| 122|0x0000000635000000, 0x0000000635400000, 0x0000000635400000|100%| E|CS|TAMS 0x0000000635000000| PB 0x0000000635000000| Complete 
|1957|0x00000007ffc00000, 0x00000007ffd0c710, 0x0000000800000000| 26%| O|  |TAMS 0x00000007ffc00000| PB 0x00000007ffc00000| Untracked 

Card table byte_map: [0x000074038f800000,0x000074039074c000] _byte_map_base: 0x000074038c74c000

Marking Bits: (CMBitMap*) 0x00007403a8045f40
 Bits: [0x0000740387c00000, 0x000074038f660000)

Polling page: 0x00007403b0d01000

Metaspace:

Usage:
  Non-class:      3.05 MB used.
      Class:    288.43 KB used.
       Both:      3.33 MB used.

Virtual space:
  Non-class space:       64.00 MB reserved,       3.12 MB (  5%) committed,  1 nodes.
      Class space:        1.00 GB reserved,     384.00 KB ( <1%) committed,  1 nodes.
             Both:        1.06 GB reserved,       3.50 MB ( <1%) committed. 

Chunk freelists:
   Non-Class:  11.01 MB
       Class:  15.61 MB
        Both:  26.62 MB

MaxMetaspaceSize: unlimited
CompressedClassSpaceSize: 1.00 GB
Initial GC threshold: 21.00 MB
Current GC threshold: 21.00 MB
CDS: on
 - commit_granule_bytes: 65536.
 - commit_granule_words: 8192.
 - virtual_space_node_default_size: 8388608.
 - enlarge_chunks_in_place: 1.
 - use_allocation_guard: 0.


Internal statistics:

num_allocs_failed_limit: 0.
num_arena_births: 106.
num_arena_deaths: 0.
num_vsnodes_births: 2.
num_vsnodes_deaths: 0.
num_space_committed: 56.
num_space_uncommitted: 0.
num_chunks_returned_to_freelist: 0.
num_chunks_taken_from_freelist: 185.
num_chunk_merges: 0.
num_chunk_splits: 110.
num_chunks_enlarged: 46.
num_inconsistent_stats: 0.

CodeHeap 'non-profiled nmethods': size=119168Kb used=214Kb max_used=214Kb free=118953Kb
 bounds [0x00007403983a0000, 0x0000740398610000, 0x000074039f800000]
CodeHeap 'profiled nmethods': size=119164Kb used=1066Kb max_used=1066Kb free=118097Kb
 bounds [0x0000740390800000, 0x0000740390a70000, 0x0000740397c5f000]
CodeHeap 'non-nmethods': size=7428Kb used=3199Kb max_used=3213Kb free=4228Kb
 bounds [0x0000740397c5f000, 0x0000740397f8f000, 0x00007403983a0000]
 total_blobs=1338 nmethods=739 adapters=502
 compilation: enabled
              stopped_count=0, restarted_count=0
 full_count=0

Compilation events (20 events):
Event: 0.361 Thread 0x00007403a81357e0  729       3       jcuda.NativePointerObject::<init> (10 bytes)
Event: 0.361 Thread 0x00007402ec0693d0  730       3       JCudaWrapper.resourceManagement.ResourceDealocator::register (17 bytes)
Event: 0.361 Thread 0x00007402ec068250  731       3       JCudaWrapper.resourceManagement.ResourceDealocator::<init> (27 bytes)
Event: 0.361 Thread 0x00007402ec06a700  732       3       java.util.concurrent.atomic.AtomicBoolean::<init> (14 bytes)
Event: 0.361 Thread 0x00007403a81357e0 nmethod 729 0x0000740390905490 code [0x0000740390905620, 0x0000740390905788]
Event: 0.361 Thread 0x00007403a81357e0  733       3       jcuda.driver.CUdeviceptr::withByteOffset (10 bytes)
Event: 0.362 Thread 0x00007402ec06a700 nmethod 732 0x0000740390905890 code [0x0000740390905a20, 0x0000740390905bc0]
Event: 0.362 Thread 0x00007402ec06a700  734       3       jcuda.driver.CUdeviceptr::<init> (7 bytes)
Event: 0.362 Thread 0x00007403a81357e0 nmethod 733 0x0000740390905c90 code [0x0000740390905e40, 0x0000740390906050]
Event: 0.362 Thread 0x00007403a81357e0  735       3       JCudaWrapper.array.Array::pointer (39 bytes)
Event: 0.362 Thread 0x00007402ec068250 nmethod 731 0x0000740390906190 code [0x0000740390906340, 0x00007403909066f8]
Event: 0.362 Thread 0x00007402ec06a700 nmethod 734 0x0000740390906810 code [0x00007403909069c0, 0x0000740390906af8]
Event: 0.362 Thread 0x00007402ec0693d0 nmethod 730 0x0000740390906b90 code [0x0000740390906d60, 0x0000740390907208]
Event: 0.362 Thread 0x00007403a81357e0 nmethod 735 0x0000740390907390 code [0x0000740390907660, 0x0000740390908520]
Event: 0.362 Thread 0x00007402ec06a700  736       3       java.nio.Buffer::position (52 bytes)
Event: 0.362 Thread 0x00007402ec0693d0  737       3       java.nio.Buffer::limit (65 bytes)
Event: 0.362 Thread 0x00007402ec06a700 nmethod 736 0x0000740390908a90 code [0x0000740390908c40, 0x0000740390908e90]
Event: 0.363 Thread 0x00007402ec0693d0 nmethod 737 0x0000740390908f90 code [0x0000740390909140, 0x00007403909093c8]
Event: 0.363 Thread 0x00007403a81357e0  738       3       java.lang.invoke.DirectMethodHandle::<init> (148 bytes)
Event: 0.363 Thread 0x00007403a8134120  739       4       java.util.stream.Sink::end (1 bytes)

GC Heap History (0 events):
No events

Dll operation events (11 events):
Event: 0.002 Loaded shared library /usr/lib/jvm/java-21-openjdk-amd64/lib/libjava.so
Event: 0.023 Loaded shared library /usr/lib/jvm/java-21-openjdk-amd64/lib/libjsvml.so
Event: 0.024 Loaded shared library /usr/lib/jvm/java-21-openjdk-amd64/lib/libnio.so
Event: 0.060 Loaded shared library /usr/lib/jvm/java-21-openjdk-amd64/lib/libzip.so
Event: 0.082 Loaded shared library /usr/lib/jvm/java-21-openjdk-amd64/lib/libjimage.so
Event: 0.137 Loaded shared library /tmp/libJCublas2-12.0.0-linux-x86_64.so
Event: 0.241 Loaded shared library /tmp/libJCudaRuntime-12.0.0-linux-x86_64.so
Event: 0.256 Loaded shared library /usr/lib/jvm/java-21-openjdk-amd64/lib/libawt.so
Event: 0.259 Loaded shared library /usr/lib/jvm/java-21-openjdk-amd64/lib/libawt_xawt.so
Event: 0.283 Loaded shared library /usr/lib/jvm/java-21-openjdk-amd64/lib/libjavajpeg.so
Event: 0.351 Loaded shared library /tmp/libJCudaDriver-12.0.0-linux-x86_64.so

Deoptimization events (20 events):
Event: 0.257 Thread 0x00007403a801a0a0 DEOPT PACKING pc=0x00007403983b502c sp=0x00007403aeffa7a0
Event: 0.257 Thread 0x00007403a801a0a0 DEOPT UNPACKING pc=0x0000740397cb2f99 sp=0x00007403aeffa770 mode 2
Event: 0.351 Thread 0x00007403a801a0a0 DEOPT PACKING pc=0x00007403908172c8 sp=0x00007403aeffd640
Event: 0.351 Thread 0x00007403a801a0a0 DEOPT UNPACKING pc=0x0000740397cb372f sp=0x00007403aeffca80 mode 0
Event: 0.357 Thread 0x00007403a801a0a0 Uncommon trap: trap_request=0xffffffc6 fr.pc=0x00007403983b2c7c relative=0x0000000000000b3c
Event: 0.357 Thread 0x00007403a801a0a0 Uncommon trap: reason=bimorphic_or_optimized_type_check action=maybe_recompile pc=0x00007403983b2c7c method=java.util.HashMap.putVal(ILjava/lang/Object;Ljava/lang/Object;ZZ)Ljava/lang/Object; @ 56 c2
Event: 0.357 Thread 0x00007403a801a0a0 DEOPT PACKING pc=0x00007403983b2c7c sp=0x00007403aeffe530
Event: 0.357 Thread 0x00007403a801a0a0 DEOPT UNPACKING pc=0x0000740397cb2f99 sp=0x00007403aeffe4b8 mode 2
Event: 0.359 Thread 0x00007403a801a0a0 Uncommon trap: trap_request=0xffffffc6 fr.pc=0x00007403983b2c7c relative=0x0000000000000b3c
Event: 0.359 Thread 0x00007403a801a0a0 Uncommon trap: reason=bimorphic_or_optimized_type_check action=maybe_recompile pc=0x00007403983b2c7c method=java.util.HashMap.putVal(ILjava/lang/Object;Ljava/lang/Object;ZZ)Ljava/lang/Object; @ 56 c2
Event: 0.359 Thread 0x00007403a801a0a0 DEOPT PACKING pc=0x00007403983b2c7c sp=0x00007403aeffe4b0
Event: 0.359 Thread 0x00007403a801a0a0 DEOPT UNPACKING pc=0x0000740397cb2f99 sp=0x00007403aeffe438 mode 2
Event: 0.360 Thread 0x00007403a801a0a0 Uncommon trap: trap_request=0xffffffc6 fr.pc=0x00007403983b2c7c relative=0x0000000000000b3c
Event: 0.360 Thread 0x00007403a801a0a0 Uncommon trap: reason=bimorphic_or_optimized_type_check action=maybe_recompile pc=0x00007403983b2c7c method=java.util.HashMap.putVal(ILjava/lang/Object;Ljava/lang/Object;ZZ)Ljava/lang/Object; @ 56 c2
Event: 0.360 Thread 0x00007403a801a0a0 DEOPT PACKING pc=0x00007403983b2c7c sp=0x00007403aeffe670
Event: 0.360 Thread 0x00007403a801a0a0 DEOPT UNPACKING pc=0x0000740397cb2f99 sp=0x00007403aeffe5f8 mode 2
Event: 0.360 Thread 0x00007403a801a0a0 Uncommon trap: trap_request=0xffffffc6 fr.pc=0x00007403983b2c7c relative=0x0000000000000b3c
Event: 0.360 Thread 0x00007403a801a0a0 Uncommon trap: reason=bimorphic_or_optimized_type_check action=maybe_recompile pc=0x00007403983b2c7c method=java.util.HashMap.putVal(ILjava/lang/Object;Ljava/lang/Object;ZZ)Ljava/lang/Object; @ 56 c2
Event: 0.360 Thread 0x00007403a801a0a0 DEOPT PACKING pc=0x00007403983b2c7c sp=0x00007403aeffe610
Event: 0.360 Thread 0x00007403a801a0a0 DEOPT UNPACKING pc=0x0000740397cb2f99 sp=0x00007403aeffe598 mode 2

Classes loaded (20 events):
Event: 0.293 Loading class java/util/stream/MatchOps
Event: 0.293 Loading class java/util/stream/MatchOps done
Event: 0.293 Loading class java/util/stream/MatchOps$MatchOp
Event: 0.293 Loading class java/util/stream/MatchOps$MatchOp done
Event: 0.293 Loading class java/util/stream/MatchOps$BooleanTerminalSink
Event: 0.293 Loading class java/util/stream/MatchOps$BooleanTerminalSink done
Event: 0.293 Loading class java/util/stream/MatchOps$2MatchSink
Event: 0.293 Loading class java/util/stream/Sink$OfInt
Event: 0.293 Loading class java/util/stream/Sink$OfInt done
Event: 0.293 Loading class java/util/stream/MatchOps$2MatchSink done
Event: 0.294 Loading class java/util/stream/MatchOps$1MatchSink
Event: 0.294 Loading class java/util/stream/MatchOps$1MatchSink done
Event: 0.294 Loading class java/nio/HeapDoubleBuffer
Event: 0.294 Loading class java/nio/HeapDoubleBuffer done
Event: 0.300 Loading class java/awt/Dimension
Event: 0.300 Loading class java/awt/geom/Dimension2D
Event: 0.300 Loading class java/awt/geom/Dimension2D done
Event: 0.300 Loading class java/awt/Dimension done
Event: 0.357 Loading class java/nio/HeapIntBuffer
Event: 0.358 Loading class java/nio/HeapIntBuffer done

Classes unloaded (0 events):
No events

Classes redefined (0 events):
No events

Internal exceptions (13 events):
Event: 0.045 Thread 0x00007403a801a0a0 Exception <a 'sun/nio/fs/UnixException'{0x0000000635073bb8}> (0x0000000635073bb8) 
thrown [./src/hotspot/share/prims/jni.cpp, line 520]
Event: 0.046 Thread 0x00007403a801a0a0 Exception <a 'sun/nio/fs/UnixException'{0x0000000635074328}> (0x0000000635074328) 
thrown [./src/hotspot/share/prims/jni.cpp, line 520]
Event: 0.046 Thread 0x00007403a801a0a0 Exception <a 'sun/nio/fs/UnixException'{0x0000000635074b58}> (0x0000000635074b58) 
thrown [./src/hotspot/share/prims/jni.cpp, line 520]
Event: 0.046 Thread 0x00007403a801a0a0 Exception <a 'sun/nio/fs/UnixException'{0x0000000635075150}> (0x0000000635075150) 
thrown [./src/hotspot/share/prims/jni.cpp, line 520]
Event: 0.046 Thread 0x00007403a801a0a0 Exception <a 'sun/nio/fs/UnixException'{0x0000000635075720}> (0x0000000635075720) 
thrown [./src/hotspot/share/prims/jni.cpp, line 520]
Event: 0.046 Thread 0x00007403a801a0a0 Exception <a 'sun/nio/fs/UnixException'{0x0000000635075d00}> (0x0000000635075d00) 
thrown [./src/hotspot/share/prims/jni.cpp, line 520]
Event: 0.046 Thread 0x00007403a801a0a0 Exception <a 'sun/nio/fs/UnixException'{0x0000000635076550}> (0x0000000635076550) 
thrown [./src/hotspot/share/prims/jni.cpp, line 520]
Event: 0.246 Thread 0x00007403a801a0a0 Exception <a 'java/lang/NoSuchMethodError'{0x0000000634cd44a8}: 'void java.lang.invoke.DirectMethodHandle$Holder.invokeStatic(java.lang.Object, java.lang.Object)'> (0x0000000634cd44a8) 
thrown [./src/hotspot/share/interpreter/linkResolver.cpp, line 772]
Event: 0.251 Thread 0x00007403a801a0a0 Implicit null exception at 0x00007403983b41e3 to 0x00007403983b4344
Event: 0.253 Thread 0x00007403a801a0a0 Exception <a 'java/lang/ClassNotFoundException'{0x0000000634ce8ad0}: sun/awt/resources/spi/awtProvider> (0x0000000634ce8ad0) 
thrown [./src/hotspot/share/classfile/systemDictionary.cpp, line 312]
Event: 0.265 Thread 0x00007403a801a0a0 Exception <a 'java/io/FileNotFoundException'{0x0000000634db6dc8}> (0x0000000634db6dc8) 
thrown [./src/hotspot/share/prims/jni.cpp, line 520]
Event: 0.296 Thread 0x00007403a801a0a0 Exception <a 'java/lang/NoSuchMethodError'{0x0000000634eebaa0}: 'java.lang.Object java.lang.invoke.DirectMethodHandle$Holder.invokeStatic(java.lang.Object, java.lang.Object, int)'> (0x0000000634eebaa0) 
thrown [./src/hotspot/share/interpreter/linkResolver.cpp, line 772]
Event: 0.342 Thread 0x00007403a801a0a0 Exception <a 'java/lang/NoSuchMethodError'{0x0000000634f5e700}: 'java.lang.Object java.lang.invoke.DirectMethodHandle$Holder.newInvokeSpecial(java.lang.Object, java.lang.Object, int)'> (0x0000000634f5e700) 
thrown [./src/hotspot/share/interpreter/linkResolver.cpp, line 772]

ZGC Phase Switch (0 events):
No events

VM Operations (8 events):
Event: 0.047 Executing VM operation: HandshakeAllThreads (Deoptimize)
Event: 0.048 Executing VM operation: HandshakeAllThreads (Deoptimize) done
Event: 0.249 Executing VM operation: HandshakeAllThreads (Deoptimize)
Event: 0.249 Executing VM operation: HandshakeAllThreads (Deoptimize) done
Event: 0.251 Executing VM operation: HandshakeAllThreads (Deoptimize)
Event: 0.251 Executing VM operation: HandshakeAllThreads (Deoptimize) done
Event: 0.358 Executing VM operation: HandshakeAllThreads (Deoptimize)
Event: 0.358 Executing VM operation: HandshakeAllThreads (Deoptimize) done

Memory protections (17 events):
Event: 0.001 Protecting memory [0x00007403aef00000,0x00007403aef04000] with protection modes 0
Event: 0.021 Protecting memory [0x00007403857fd000,0x0000740385801000] with protection modes 0
Event: 0.021 Protecting memory [0x0000740384900000,0x0000740384904000] with protection modes 0
Event: 0.022 Protecting memory [0x0000740384800000,0x0000740384804000] with protection modes 0
Event: 0.022 Protecting memory [0x0000740384700000,0x0000740384704000] with protection modes 0
Event: 0.022 Protecting memory [0x0000740384600000,0x0000740384604000] with protection modes 0
Event: 0.022 Protecting memory [0x0000740384500000,0x0000740384504000] with protection modes 0
Event: 0.022 Protecting memory [0x0000740384400000,0x0000740384404000] with protection modes 0
Event: 0.037 Protecting memory [0x0000740384300000,0x0000740384304000] with protection modes 0
Event: 0.049 Protecting memory [0x0000740384200000,0x0000740384204000] with protection modes 0
Event: 0.049 Protecting memory [0x0000740384100000,0x0000740384104000] with protection modes 0
Event: 0.049 Protecting memory [0x0000740384000000,0x0000740384004000] with protection modes 0
Event: 0.056 Protecting memory [0x000074037ff00000,0x000074037ff04000] with protection modes 0
Event: 0.058 Protecting memory [0x000074037fe00000,0x000074037fe04000] with protection modes 0
Event: 0.064 Protecting memory [0x000074037fd00000,0x000074037fd04000] with protection modes 0
Event: 0.248 Protecting memory [0x000074037fe00000,0x000074037fe04000] with protection modes 0
Event: 0.282 Protecting memory [0x000074037fd00000,0x000074037fd04000] with protection modes 0

Nmethod flushes (0 events):
No events

Events (19 events):
Event: 0.015 Thread 0x00007403a801a0a0 Thread added: 0x00007403a801a0a0
Event: 0.021 Thread 0x00007403a801a0a0 Thread added: 0x00007403a812cc70
Event: 0.021 Thread 0x00007403a801a0a0 Thread added: 0x00007403a812e1e0
Event: 0.022 Thread 0x00007403a801a0a0 Thread added: 0x00007403a812f980
Event: 0.022 Thread 0x00007403a801a0a0 Thread added: 0x00007403a8130fc0
Event: 0.022 Thread 0x00007403a801a0a0 Thread added: 0x00007403a8132560
Event: 0.022 Thread 0x00007403a801a0a0 Thread added: 0x00007403a8134120
Event: 0.022 Thread 0x00007403a801a0a0 Thread added: 0x00007403a81357e0
Event: 0.037 Thread 0x00007403a801a0a0 Thread added: 0x00007403a8149390
Event: 0.049 Thread 0x00007403a81357e0 Thread added: 0x00007402ec068250
Event: 0.049 Thread 0x00007403a81357e0 Thread added: 0x00007402ec0693d0
Event: 0.049 Thread 0x00007403a81357e0 Thread added: 0x00007402ec06a700
Event: 0.056 Thread 0x00007403a801a0a0 Thread added: 0x00007403a8180560
Event: 0.058 Thread 0x00007402ec068250 Thread added: 0x00007402e00214b0
Event: 0.064 Thread 0x00007402ec068250 Thread added: 0x00007402e003acf0
Event: 0.238 Thread 0x00007402e003acf0 Thread exited: 0x00007402e003acf0
Event: 0.238 Thread 0x00007402e00214b0 Thread exited: 0x00007402e00214b0
Event: 0.247 Thread 0x00007403a801a0a0 Thread added: 0x00007403a967e2b0
Event: 0.282 Thread 0x00007403a801a0a0 Thread added: 0x00007403a96993b0


Dynamic libraries:
200000000-200200000 ---p 00000000 00:00 0 
200200000-200400000 rw-s 00000000 00:05 1104                             /dev/nvidia0
200400000-203400000 rw-s 00000000 00:05 1103                             /dev/nvidiactl
203400000-204400000 ---p 00000000 00:00 0 
204400000-204600000 rw-s 00000000 00:05 1103                             /dev/nvidiactl
204600000-204800000 rw-s 00000000 00:05 1103                             /dev/nvidiactl
204800000-204a00000 rw-s 00000000 00:05 1103                             /dev/nvidiactl
204a00000-204c00000 rw-s 204a00000 00:05 1105                            /dev/nvidia-uvm
204c00000-204e00000 rw-s 00000000 00:05 1103                             /dev/nvidiactl
204e00000-205000000 ---p 00000000 00:00 0 
205000000-205200000 rw-s 00000000 00:05 1103                             /dev/nvidiactl
205200000-300200000 ---p 00000000 00:00 0 
616800000-635400000 rw-p 00000000 00:00 0 
635400000-7ffc00000 ---p 00000000 00:00 0 
7ffc00000-7ffd0d000 rw-p 00cd6000 103:02 17173446                        /usr/lib/jvm/java-21-openjdk-amd64/lib/server/classes.jsa
7ffd0d000-800000000 rw-p 00000000 00:00 0 
10000000000-10004000000 ---p 00000000 00:00 0 
5d2eb30bb000-5d2eb30bc000 r--p 00000000 103:02 17173371                  /usr/lib/jvm/java-21-openjdk-amd64/bin/java
5d2eb30bc000-5d2eb30bd000 r-xp 00001000 103:02 17173371                  /usr/lib/jvm/java-21-openjdk-amd64/bin/java
5d2eb30bd000-5d2eb30be000 r--p 00002000 103:02 17173371                  /usr/lib/jvm/java-21-openjdk-amd64/bin/java
5d2eb30be000-5d2eb30bf000 r--p 00002000 103:02 17173371                  /usr/lib/jvm/java-21-openjdk-amd64/bin/java
5d2eb30bf000-5d2eb30c0000 rw-p 00003000 103:02 17173371                  /usr/lib/jvm/java-21-openjdk-amd64/bin/java
5d2eb32d3000-5d2eb331a000 rw-p 00000000 00:00 0                          [heap]
740258000000-740258758000 rw-p 00000000 00:00 0 
740258758000-74025c000000 ---p 00000000 00:00 0 
74025e000000-740266000000 ---p 00000000 00:00 0 
740268000000-74026a000000 ---p 00000000 00:00 0 
74026c000000-74026c400000 ---p 00000000 00:00 0 
74026c400000-74026c600000 rw-s 00000000 00:05 1103                       /dev/nvidiactl
74026c600000-74026c800000 rw-s 00000000 00:01 8375                       /dev/zero (deleted)
74026c800000-74026ca00000 rw-s 00000000 00:01 8376                       /dev/zero (deleted)
74026ca00000-74026d000000 ---p 00000000 00:00 0 
74026d000000-74026d200000 rw-s 00000000 00:05 1103                       /dev/nvidiactl
74026d200000-74026d400000 ---p 00000000 00:00 0 
74026d400000-74026d600000 rw-s 00000000 00:01 8378                       /dev/zero (deleted)
74026d600000-74026db33000 rw-s 00000000 00:05 1103                       /dev/nvidiactl
74026db33000-74026e000000 ---p 00000000 00:00 0 
740270000000-740280000000 ---p 00000000 00:00 0 
740284000000-740284021000 rw-p 00000000 00:00 0 
740284021000-740288000000 ---p 00000000 00:00 0 
74028a000000-740290000000 ---p 00000000 00:00 0 
740290000000-740290021000 rw-p 00000000 00:00 0 
740290021000-740294000000 ---p 00000000 00:00 0 
740297800000-7402b1068000 r-xp 00000000 103:02 17325507                  /usr/local/cuda-12.6/targets/x86_64-linux/lib/libcublasLt.so.12.6.3.3
7402b1068000-7402b1268000 ---p 19868000 103:02 17325507                  /usr/local/cuda-12.6/targets/x86_64-linux/lib/libcublasLt.so.12.6.3.3
7402b1268000-7402b14a6000 r--p 19868000 103:02 17325507                  /usr/local/cuda-12.6/targets/x86_64-linux/lib/libcublasLt.so.12.6.3.3
7402b14a6000-7402b4e5a000 rw-p 19aa6000 103:02 17325507                  /usr/local/cuda-12.6/targets/x86_64-linux/lib/libcublasLt.so.12.6.3.3
7402b4e5a000-7402b902b000 rw-p 00000000 00:00 0 
7402b9400000-7402bfb28000 r-xp 00000000 103:02 17325506                  /usr/local/cuda-12.6/targets/x86_64-linux/lib/libcublas.so.12.6.3.3
7402bfb28000-7402bfd28000 ---p 06728000 103:02 17325506                  /usr/local/cuda-12.6/targets/x86_64-linux/lib/libcublas.so.12.6.3.3
7402bfd28000-7402bfd34000 r--p 06728000 103:02 17325506                  /usr/local/cuda-12.6/targets/x86_64-linux/lib/libcublas.so.12.6.3.3
7402bfd34000-7402bfd3b000 rw-p 06734000 103:02 17325506                  /usr/local/cuda-12.6/targets/x86_64-linux/lib/libcublas.so.12.6.3.3
7402bfd3b000-7402bfd47000 rw-p 00000000 00:00 0 
7402c0000000-7402c0036000 rw-p 00000000 00:00 0 
7402c0036000-7402c4000000 ---p 00000000 00:00 0 
7402c8000000-7402c8068000 rw-p 00000000 00:00 0 
7402c8068000-7402cc000000 ---p 00000000 00:00 0 
7402cc000000-7402cc021000 rw-p 00000000 00:00 0 
7402cc021000-7402d0000000 ---p 00000000 00:00 0 
7402d4000000-7402d4051000 rw-p 00000000 00:00 0 
7402d4051000-7402d8000000 ---p 00000000 00:00 0 
7402d8000000-7402d8062000 rw-p 00000000 00:00 0 
7402d8062000-7402dc000000 ---p 00000000 00:00 0 
7402e0000000-7402e0054000 rw-p 00000000 00:00 0 
7402e0054000-7402e4000000 ---p 00000000 00:00 0 
7402e4000000-7402e4021000 rw-p 00000000 00:00 0 
7402e4021000-7402e8000000 ---p 00000000 00:00 0 
7402ec000000-7402ec0c2000 rw-p 00000000 00:00 0 
7402ec0c2000-7402f0000000 ---p 00000000 00:00 0 
7402f0000000-7402f011d000 rw-p 00000000 00:00 0 
7402f011d000-7402f4000000 ---p 00000000 00:00 0 
7402f8000000-7402f8021000 rw-p 00000000 00:00 0 
7402f8021000-7402fc000000 ---p 00000000 00:00 0 
7402fc000000-7402fc021000 rw-p 00000000 00:00 0 
7402fc021000-740300000000 ---p 00000000 00:00 0 
740304000000-740304021000 rw-p 00000000 00:00 0 
740304021000-740308000000 ---p 00000000 00:00 0 
740308000000-740308021000 rw-p 00000000 00:00 0 
740308021000-74030c000000 ---p 00000000 00:00 0 
740310000000-740310021000 rw-p 00000000 00:00 0 
740310021000-740314000000 ---p 00000000 00:00 0 
740314000000-740314021000 rw-p 00000000 00:00 0 
740314021000-740318000000 ---p 00000000 00:00 0 
74031c000000-74031c220000 rw-p 00000000 00:00 0 
74031c220000-74031c400000 ---p 00000000 00:00 0 
74031c400000-74031c500000 rw-p 00000000 00:00 0 
74031c500000-740320000000 ---p 00000000 00:00 0 
740320000000-740320021000 rw-p 00000000 00:00 0 
740320021000-740324000000 ---p 00000000 00:00 0 
740327000000-740327c97000 rw-p 00001000 103:02 17173446                  /usr/lib/jvm/java-21-openjdk-amd64/lib/server/classes.jsa
740327c97000-740328000000 ---p 00000000 00:00 0 
740328000000-740328030000 rw-p 00000000 00:00 0 
740328030000-740328040000 ---p 00000000 00:00 0 
740328040000-740328070000 rw-p 00000000 00:00 0 
740328070000-740368000000 ---p 00000000 00:00 0 
740368000000-740368021000 rw-p 00000000 00:00 0 
740368021000-74036c000000 ---p 00000000 00:00 0 
74036c000000-74036c021000 rw-p 00000000 00:00 0 
74036c021000-740370000000 ---p 00000000 00:00 0 
740370200000-7403704dd000 rw-p 00000000 00:00 0 
740370600000-7403706e4000 r-xp 00000000 103:02 18219037                  /tmp/libJCudaDriver-12.0.0-linux-x86_64.so
7403706e4000-7403708e4000 ---p 000e4000 103:02 18219037                  /tmp/libJCudaDriver-12.0.0-linux-x86_64.so
7403708e4000-7403708e9000 r--p 000e4000 103:02 18219037                  /tmp/libJCudaDriver-12.0.0-linux-x86_64.so
7403708e9000-7403708eb000 rw-p 000e9000 103:02 18219037                  /tmp/libJCudaDriver-12.0.0-linux-x86_64.so
7403708eb000-7403708ed000 rw-p 00000000 00:00 0 
740370c00000-740370cc7000 r-xp 00000000 103:02 18219035                  /tmp/libJCudaRuntime-12.0.0-linux-x86_64.so
740370cc7000-740370ec7000 ---p 000c7000 103:02 18219035                  /tmp/libJCudaRuntime-12.0.0-linux-x86_64.so
740370ec7000-740370ecc000 r--p 000c7000 103:02 18219035                  /tmp/libJCudaRuntime-12.0.0-linux-x86_64.so
740370ecc000-740370ecd000 rw-p 000cc000 103:02 18219035                  /tmp/libJCudaRuntime-12.0.0-linux-x86_64.so
740370ecd000-740370ecf000 rw-p 00000000 00:00 0 
740371200000-740371201000 ---p 00000000 00:00 0 
740371201000-740371a01000 rw-p 00000000 00:00 0 
740371c00000-740371c01000 rw-s 00000000 00:05 1103                       /dev/nvidiactl
740371c01000-740371c02000 rw-s 00000000 00:05 1103                       /dev/nvidiactl
740371c02000-740371c03000 rw-s 00000000 00:05 1103                       /dev/nvidiactl
740371c03000-740371c04000 rw-s 00000000 00:05 1103                       /dev/nvidiactl
740371c04000-740371c05000 rw-s 00000000 00:05 1103                       /dev/nvidiactl
740371c05000-740371c06000 rw-s 00000000 00:05 1103                       /dev/nvidiactl
740371c06000-740371c07000 rw-s 00000000 00:05 1103                       /dev/nvidiactl
740371c07000-740371c08000 rw-s 00000000 00:05 1103                       /dev/nvidiactl
740371c08000-740371c09000 rw-s 00000000 00:05 1103                       /dev/nvidiactl
740371c09000-740371c0a000 rw-s 00000000 00:05 1103                       /dev/nvidiactl
740371c0a000-740371c0b000 rw-s 00000000 00:05 1103                       /dev/nvidiactl
740371c0b000-740371c0c000 rw-s 00000000 00:05 1103                       /dev/nvidiactl
740371c0c000-740371c0d000 rw-s 00000000 00:05 1103                       /dev/nvidiactl
740371c0d000-740371c0e000 rw-s 00000000 00:05 1103                       /dev/nvidiactl
740371c0e000-740371c0f000 rw-s 00000000 00:05 1103                       /dev/nvidiactl
740371c0f000-740371c10000 rw-s 00000000 00:05 1103                       /dev/nvidiactl
740371c10000-740372c21000 ---p 00000000 00:00 0 
740372e00000-740373e21000 ---p 00000000 00:00 0 
740374000000-740374021000 rw-p 00000000 00:00 0 
740374021000-740378000000 ---p 00000000 00:00 0 
740378000000-740378021000 rw-p 00000000 00:00 0 
740378021000-74037c000000 ---p 00000000 00:00 0 
74037c200000-74037c201000 ---p 00000000 00:00 0 
74037c201000-74037ca01000 rw-p 00000000 00:00 0 
74037cac3000-74037cadc000 r--p 00000000 103:02 16530316                  /usr/lib/x86_64-linux-gnu/libX11.so.6.4.0
74037cadc000-74037cb6c000 r-xp 00019000 103:02 16530316                  /usr/lib/x86_64-linux-gnu/libX11.so.6.4.0
74037cb6c000-74037cbfb000 r--p 000a9000 103:02 16530316                  /usr/lib/x86_64-linux-gnu/libX11.so.6.4.0
74037cbfb000-74037cbfc000 r--p 00138000 103:02 16530316                  /usr/lib/x86_64-linux-gnu/libX11.so.6.4.0
74037cbfc000-74037cc00000 rw-p 00139000 103:02 16530316                  /usr/lib/x86_64-linux-gnu/libX11.so.6.4.0
74037cc00000-74037ce5a000 rw-p 00000000 00:00 0 
74037ce8a000-74037ce8e000 r--p 00000000 103:02 16530777                  /usr/lib/x86_64-linux-gnu/libjpeg.so.8.2.2
74037ce8e000-74037cedb000 r-xp 00004000 103:02 16530777                  /usr/lib/x86_64-linux-gnu/libjpeg.so.8.2.2
74037cedb000-74037cf0b000 r--p 00051000 103:02 16530777                  /usr/lib/x86_64-linux-gnu/libjpeg.so.8.2.2
74037cf0b000-74037cf0c000 r--p 00081000 103:02 16530777                  /usr/lib/x86_64-linux-gnu/libjpeg.so.8.2.2
74037cf0c000-74037cf0d000 rw-p 00082000 103:02 16530777                  /usr/lib/x86_64-linux-gnu/libjpeg.so.8.2.2
74037cf0d000-74037cf2b000 r--p 00000000 103:02 17173412                  /usr/lib/jvm/java-21-openjdk-amd64/lib/libawt.so
74037cf2b000-74037cfc2000 r-xp 0001e000 103:02 17173412                  /usr/lib/jvm/java-21-openjdk-amd64/lib/libawt.so
74037cfc2000-74037cfcf000 r--p 000b5000 103:02 17173412                  /usr/lib/jvm/java-21-openjdk-amd64/lib/libawt.so
74037cfcf000-74037cfd0000 r--p 000c1000 103:02 17173412                  /usr/lib/jvm/java-21-openjdk-amd64/lib/libawt.so
74037cfd0000-74037cfdb000 rw-p 000c2000 103:02 17173412                  /usr/lib/jvm/java-21-openjdk-amd64/lib/libawt.so
74037cfdb000-74037d000000 rw-p 00000000 00:00 0 
74037d000000-74037d001000 ---p 00000000 00:00 0 
74037d001000-74037d801000 rw-p 00000000 00:00 0 
74037d844000-74037d856000 r--p 00000000 103:02 17173342                  /usr/lib/jvm/java-21-openjdk-amd64/lib/libawt_xawt.so
74037d856000-74037d89d000 r-xp 00012000 103:02 17173342                  /usr/lib/jvm/java-21-openjdk-amd64/lib/libawt_xawt.so
74037d89d000-74037d8b5000 r--p 00059000 103:02 17173342                  /usr/lib/jvm/java-21-openjdk-amd64/lib/libawt_xawt.so
74037d8b5000-74037d8ba000 r--p 00071000 103:02 17173342                  /usr/lib/jvm/java-21-openjdk-amd64/lib/libawt_xawt.so
74037d8ba000-74037d8bc000 rw-p 00076000 103:02 17173342                  /usr/lib/jvm/java-21-openjdk-amd64/lib/libawt_xawt.so
74037d8bc000-74037da00000 rw-p 00000000 00:00 0 
74037da00000-74037dade000 r--p 00000000 103:02 16527986                  /usr/lib/x86_64-linux-gnu/libcuda.so.550.120
74037dade000-74037dfb3000 r-xp 000de000 103:02 16527986                  /usr/lib/x86_64-linux-gnu/libcuda.so.550.120
74037dfb3000-74037f44f000 r--p 005b3000 103:02 16527986                  /usr/lib/x86_64-linux-gnu/libcuda.so.550.120
74037f44f000-74037f450000 ---p 01a4f000 103:02 16527986                  /usr/lib/x86_64-linux-gnu/libcuda.so.550.120
74037f450000-74037f468000 r--p 01a4f000 103:02 16527986                  /usr/lib/x86_64-linux-gnu/libcuda.so.550.120
74037f468000-74037f563000 rw-p 01a67000 103:02 16527986                  /usr/lib/x86_64-linux-gnu/libcuda.so.550.120
74037f563000-74037f5cc000 rw-p 00000000 00:00 0 
74037f600000-74037f738000 r-xp 00000000 103:02 18219034                  /tmp/libJCublas2-12.0.0-linux-x86_64.so
74037f738000-74037f938000 ---p 00138000 103:02 18219034                  /tmp/libJCublas2-12.0.0-linux-x86_64.so
74037f938000-74037f93d000 r--p 00138000 103:02 18219034                  /tmp/libJCublas2-12.0.0-linux-x86_64.so
74037f93d000-74037f93f000 rw-p 0013d000 103:02 18219034                  /tmp/libJCublas2-12.0.0-linux-x86_64.so
74037f93f000-74037f941000 rw-p 00000000 00:00 0 
74037f95f000-74037f96a000 r--p 00000000 103:02 16531187                  /usr/lib/x86_64-linux-gnu/libxcb.so.1.1.0
74037f96a000-74037f97d000 r-xp 0000b000 103:02 16531187                  /usr/lib/x86_64-linux-gnu/libxcb.so.1.1.0
74037f97d000-74037f986000 r--p 0001e000 103:02 16531187                  /usr/lib/x86_64-linux-gnu/libxcb.so.1.1.0
74037f986000-74037f987000 r--p 00026000 103:02 16531187                  /usr/lib/x86_64-linux-gnu/libxcb.so.1.1.0
74037f987000-74037f988000 rw-p 00027000 103:02 16531187                  /usr/lib/x86_64-linux-gnu/libxcb.so.1.1.0
74037f988000-74037fb88000 rw-s 00000000 00:01 8377                       /dev/zero (deleted)
74037fb88000-74037fd00000 rw-p 00000000 00:00 0 
74037fd00000-74037fd04000 ---p 00000000 00:00 0 
74037fd04000-74037fe00000 rw-p 00000000 00:00 0 
74037fe00000-74037fe04000 ---p 00000000 00:00 0 
74037fe04000-74037ff00000 rw-p 00000000 00:00 0 
74037ff00000-74037ff04000 ---p 00000000 00:00 0 
74037ff04000-740380000000 rw-p 00000000 00:00 0 
740380000000-740380021000 rw-p 00000000 00:00 0 
740380021000-740384004000 ---p 00000000 00:00 0 
740384004000-740384100000 rw-p 00000000 00:00 0 
740384100000-740384104000 ---p 00000000 00:00 0 
740384104000-740384200000 rw-p 00000000 00:00 0 
740384200000-740384204000 ---p 00000000 00:00 0 
740384204000-740384300000 rw-p 00000000 00:00 0 
740384300000-740384304000 ---p 00000000 00:00 0 
740384304000-740384400000 rw-p 00000000 00:00 0 
740384400000-740384404000 ---p 00000000 00:00 0 
740384404000-740384500000 rw-p 00000000 00:00 0 
740384500000-740384504000 ---p 00000000 00:00 0 
740384504000-740384600000 rw-p 00000000 00:00 0 
740384600000-740384604000 ---p 00000000 00:00 0 
740384604000-740384700000 rw-p 00000000 00:00 0 
740384700000-740384704000 ---p 00000000 00:00 0 
740384704000-740384800000 rw-p 00000000 00:00 0 
740384800000-740384804000 ---p 00000000 00:00 0 
740384804000-740384900000 rw-p 00000000 00:00 0 
740384900000-740384904000 ---p 00000000 00:00 0 
740384904000-740384a00000 rw-p 00000000 00:00 0 
740384a00000-7403857ec000 r--p 00000000 103:02 16521112                  /usr/lib/locale/locale-archive
7403857fd000-740385801000 ---p 00000000 00:00 0 
740385801000-7403858fd000 rw-p 00000000 00:00 0 
7403858fd000-7403858fe000 ---p 00000000 00:00 0 
7403858fe000-7403859fe000 rw-p 00000000 00:00 0 
7403859fe000-7403859ff000 ---p 00000000 00:00 0 
7403859ff000-740385aff000 rw-p 00000000 00:00 0 
740385aff000-740385b00000 ---p 00000000 00:00 0 
740385b00000-740385c00000 rw-p 00000000 00:00 0 
740385c00000-7403883b0000 rw-p 00000000 00:00 0 
7403883b0000-74038f650000 ---p 00000000 00:00 0 
74038f650000-74038f660000 rw-p 00000000 00:00 0 
74038f67e000-74038f6ff000 rw-p 00000000 00:00 0 
74038f6ff000-74038f700000 ---p 00000000 00:00 0 
74038f700000-74038f800000 rw-p 00000000 00:00 0 
74038f800000-74038f8f6000 rw-p 00000000 00:00 0 
74038f8f6000-74039074a000 ---p 00000000 00:00 0 
74039074a000-74039074c000 rw-p 00000000 00:00 0 
74039075f000-740390800000 rw-p 00000000 00:00 0 
740390800000-740390a70000 rwxp 00000000 00:00 0 
740390a70000-740397c5f000 ---p 00000000 00:00 0 
740397c5f000-740397f8f000 rwxp 00000000 00:00 0 
740397f8f000-7403983a0000 ---p 00000000 00:00 0 
7403983a0000-740398610000 rwxp 00000000 00:00 0 
740398610000-74039f800000 ---p 00000000 00:00 0 
74039f800000-7403a7e0c000 r--s 00000000 103:02 17173445                  /usr/lib/jvm/java-21-openjdk-amd64/lib/modules
7403a7e18000-7403a7e1c000 r--p 00000000 103:02 16530470                  /usr/lib/x86_64-linux-gnu/libbsd.so.0.12.1
7403a7e1c000-7403a7e28000 r-xp 00004000 103:02 16530470                  /usr/lib/x86_64-linux-gnu/libbsd.so.0.12.1
7403a7e28000-7403a7e2b000 r--p 00010000 103:02 16530470                  /usr/lib/x86_64-linux-gnu/libbsd.so.0.12.1
7403a7e2b000-7403a7e2c000 r--p 00012000 103:02 16530470                  /usr/lib/x86_64-linux-gnu/libbsd.so.0.12.1
7403a7e2c000-7403a7e2d000 rw-p 00013000 103:02 16530470                  /usr/lib/x86_64-linux-gnu/libbsd.so.0.12.1
7403a7e2d000-7403a7e2e000 rw-p 00000000 00:00 0 
7403a7e2e000-7403a7e33000 r--p 00000000 103:02 17173429                  /usr/lib/jvm/java-21-openjdk-amd64/lib/libjsvml.so
7403a7e33000-7403a7e74000 r-xp 00005000 103:02 17173429                  /usr/lib/jvm/java-21-openjdk-amd64/lib/libjsvml.so
7403a7e74000-7403a7efd000 r--p 00046000 103:02 17173429                  /usr/lib/jvm/java-21-openjdk-amd64/lib/libjsvml.so
7403a7efd000-7403a7efe000 r--p 000ce000 103:02 17173429                  /usr/lib/jvm/java-21-openjdk-amd64/lib/libjsvml.so
7403a7efe000-7403a7eff000 rw-p 000cf000 103:02 17173429                  /usr/lib/jvm/java-21-openjdk-amd64/lib/libjsvml.so
7403a7eff000-7403abffe000 rw-p 00000000 00:00 0 
7403abffe000-7403ac000000 ---p 00000000 00:00 0 
7403ac005000-7403ac007000 r--p 00000000 103:02 16530828                  /usr/lib/x86_64-linux-gnu/libmd.so.0.1.0
7403ac007000-7403ac010000 r-xp 00002000 103:02 16530828                  /usr/lib/x86_64-linux-gnu/libmd.so.0.1.0
7403ac010000-7403ac012000 r--p 0000b000 103:02 16530828                  /usr/lib/x86_64-linux-gnu/libmd.so.0.1.0
7403ac012000-7403ac013000 r--p 0000c000 103:02 16530828                  /usr/lib/x86_64-linux-gnu/libmd.so.0.1.0
7403ac013000-7403ac014000 rw-p 0000d000 103:02 16530828                  /usr/lib/x86_64-linux-gnu/libmd.so.0.1.0
7403ac014000-7403ac016000 r--p 00000000 103:02 16530323                  /usr/lib/x86_64-linux-gnu/libXdmcp.so.6.0.0
7403ac016000-7403ac018000 r-xp 00002000 103:02 16530323                  /usr/lib/x86_64-linux-gnu/libXdmcp.so.6.0.0
7403ac018000-7403ac01a000 r--p 00004000 103:02 16530323                  /usr/lib/x86_64-linux-gnu/libXdmcp.so.6.0.0
7403ac01a000-7403ac01b000 r--p 00005000 103:02 16530323                  /usr/lib/x86_64-linux-gnu/libXdmcp.so.6.0.0
7403ac01b000-7403ac01c000 rw-p 00006000 103:02 16530323                  /usr/lib/x86_64-linux-gnu/libXdmcp.so.6.0.0
7403ac01c000-7403ac01f000 r--p 00000000 103:02 16530328                  /usr/lib/x86_64-linux-gnu/libXi.so.6.1.0
7403ac01f000-7403ac02b000 r-xp 00003000 103:02 16530328                  /usr/lib/x86_64-linux-gnu/libXi.so.6.1.0
7403ac02b000-7403ac02d000 r--p 0000f000 103:02 16530328                  /usr/lib/x86_64-linux-gnu/libXi.so.6.1.0
7403ac02d000-7403ac02e000 r--p 00011000 103:02 16530328                  /usr/lib/x86_64-linux-gnu/libXi.so.6.1.0
7403ac02e000-7403ac02f000 rw-p 00012000 103:02 16530328                  /usr/lib/x86_64-linux-gnu/libXi.so.6.1.0
7403ac02f000-7403accfd000 rw-p 00000000 00:00 0 
7403accfd000-7403accfe000 ---p 00000000 00:00 0 
7403accfe000-7403acdfe000 rw-p 00000000 00:00 0 
7403acdfe000-7403acdff000 ---p 00000000 00:00 0 
7403acdff000-7403aceff000 rw-p 00000000 00:00 0 
7403aceff000-7403acf00000 ---p 00000000 00:00 0 
7403acf00000-7403ad000000 rw-p 00000000 00:00 0 
7403ad000000-7403ad0f6000 rw-p 00000000 00:00 0 
7403ad0f6000-7403adf4a000 ---p 00000000 00:00 0 
7403adf4a000-7403adf4c000 rw-p 00000000 00:00 0 
7403adf53000-7403adf54000 r--p 00000000 103:02 16530318                  /usr/lib/x86_64-linux-gnu/libXau.so.6.0.0
7403adf54000-7403adf56000 r-xp 00001000 103:02 16530318                  /usr/lib/x86_64-linux-gnu/libXau.so.6.0.0
7403adf56000-7403adf57000 r--p 00003000 103:02 16530318                  /usr/lib/x86_64-linux-gnu/libXau.so.6.0.0
7403adf57000-7403adf58000 r--p 00003000 103:02 16530318                  /usr/lib/x86_64-linux-gnu/libXau.so.6.0.0
7403adf58000-7403adf59000 rw-p 00004000 103:02 16530318                  /usr/lib/x86_64-linux-gnu/libXau.so.6.0.0
7403adf59000-7403adf5b000 r--p 00000000 103:02 16530334                  /usr/lib/x86_64-linux-gnu/libXrender.so.1.3.0
7403adf5b000-7403adf62000 r-xp 00002000 103:02 16530334                  /usr/lib/x86_64-linux-gnu/libXrender.so.1.3.0
7403adf62000-7403adf63000 r--p 00009000 103:02 16530334                  /usr/lib/x86_64-linux-gnu/libXrender.so.1.3.0
7403adf63000-7403adf64000 r--p 00009000 103:02 16530334                  /usr/lib/x86_64-linux-gnu/libXrender.so.1.3.0
7403adf64000-7403adf65000 rw-p 0000a000 103:02 16530334                  /usr/lib/x86_64-linux-gnu/libXrender.so.1.3.0
7403adf65000-7403aed33000 rw-p 00000000 00:00 0 
7403aed33000-7403aee17000 ---p 00000000 00:00 0 
7403aee17000-7403aee1c000 rw-p 00000000 00:00 0 
7403aee1c000-7403aef00000 ---p 00000000 00:00 0 
7403aef00000-7403aef04000 ---p 00000000 00:00 0 
7403aef04000-7403af000000 rw-p 00000000 00:00 0 
7403af000000-7403af09d000 r--p 00000000 103:02 16543594                  /usr/lib/x86_64-linux-gnu/libstdc++.so.6.0.33
7403af09d000-7403af1e5000 r-xp 0009d000 103:02 16543594                  /usr/lib/x86_64-linux-gnu/libstdc++.so.6.0.33
7403af1e5000-7403af26c000 r--p 001e5000 103:02 16543594                  /usr/lib/x86_64-linux-gnu/libstdc++.so.6.0.33
7403af26c000-7403af277000 r--p 0026b000 103:02 16543594                  /usr/lib/x86_64-linux-gnu/libstdc++.so.6.0.33
7403af277000-7403af27a000 rw-p 00276000 103:02 16543594                  /usr/lib/x86_64-linux-gnu/libstdc++.so.6.0.33
7403af27a000-7403af27e000 rw-p 00000000 00:00 0 
7403af283000-7403af287000 r--p 00000000 103:02 16530324                  /usr/lib/x86_64-linux-gnu/libXext.so.6.4.0
7403af287000-7403af292000 r-xp 00004000 103:02 16530324                  /usr/lib/x86_64-linux-gnu/libXext.so.6.4.0
7403af292000-7403af295000 r--p 0000f000 103:02 16530324                  /usr/lib/x86_64-linux-gnu/libXext.so.6.4.0
7403af295000-7403af296000 r--p 00011000 103:02 16530324                  /usr/lib/x86_64-linux-gnu/libXext.so.6.4.0
7403af296000-7403af297000 rw-p 00012000 103:02 16530324                  /usr/lib/x86_64-linux-gnu/libXext.so.6.4.0
7403af29a000-7403af2a1000 r--s 00000000 103:02 16532226                  /usr/lib/x86_64-linux-gnu/gconv/gconv-modules.cache
7403af2a1000-7403af2a3000 r--p 00000000 103:02 17173423                  /usr/lib/jvm/java-21-openjdk-amd64/lib/libjavajpeg.so
7403af2a3000-7403af2aa000 r-xp 00002000 103:02 17173423                  /usr/lib/jvm/java-21-openjdk-amd64/lib/libjavajpeg.so
7403af2aa000-7403af2ab000 r--p 00009000 103:02 17173423                  /usr/lib/jvm/java-21-openjdk-amd64/lib/libjavajpeg.so
7403af2ab000-7403af2ac000 r--p 0000a000 103:02 17173423                  /usr/lib/jvm/java-21-openjdk-amd64/lib/libjavajpeg.so
7403af2ac000-7403af2ad000 rw-p 0000b000 103:02 17173423                  /usr/lib/jvm/java-21-openjdk-amd64/lib/libjavajpeg.so
7403af2ad000-7403af2ae000 r--p 00000000 103:02 16530540                  /usr/lib/x86_64-linux-gnu/libdl.so.2
7403af2ae000-7403af2af000 r-xp 00001000 103:02 16530540                  /usr/lib/x86_64-linux-gnu/libdl.so.2
7403af2af000-7403af2b0000 r--p 00002000 103:02 16530540                  /usr/lib/x86_64-linux-gnu/libdl.so.2
7403af2b0000-7403af2b1000 r--p 00002000 103:02 16530540                  /usr/lib/x86_64-linux-gnu/libdl.so.2
7403af2b1000-7403af2b2000 rw-p 00003000 103:02 16530540                  /usr/lib/x86_64-linux-gnu/libdl.so.2
7403af2b2000-7403af2b3000 r--p 00000000 103:02 16531006                  /usr/lib/x86_64-linux-gnu/librt.so.1
7403af2b3000-7403af2b4000 r-xp 00001000 103:02 16531006                  /usr/lib/x86_64-linux-gnu/librt.so.1
7403af2b4000-7403af2b5000 r--p 00002000 103:02 16531006                  /usr/lib/x86_64-linux-gnu/librt.so.1
7403af2b5000-7403af2b6000 r--p 00002000 103:02 16531006                  /usr/lib/x86_64-linux-gnu/librt.so.1
7403af2b6000-7403af2b7000 rw-p 00003000 103:02 16531006                  /usr/lib/x86_64-linux-gnu/librt.so.1
7403af2b7000-7403af2b8000 r--p 00000000 103:02 16530978                  /usr/lib/x86_64-linux-gnu/libpthread.so.0
7403af2b8000-7403af2b9000 r-xp 00001000 103:02 16530978                  /usr/lib/x86_64-linux-gnu/libpthread.so.0
7403af2b9000-7403af2ba000 r--p 00002000 103:02 16530978                  /usr/lib/x86_64-linux-gnu/libpthread.so.0
7403af2ba000-7403af2bb000 r--p 00002000 103:02 16530978                  /usr/lib/x86_64-linux-gnu/libpthread.so.0
7403af2bb000-7403af2bc000 rw-p 00003000 103:02 16530978                  /usr/lib/x86_64-linux-gnu/libpthread.so.0
7403af2bc000-7403af317000 rw-p 00000000 00:00 0 
7403af317000-7403af327000 r--p 00000000 103:02 16530817                  /usr/lib/x86_64-linux-gnu/libm.so.6
7403af327000-7403af3a6000 r-xp 00010000 103:02 16530817                  /usr/lib/x86_64-linux-gnu/libm.so.6
7403af3a6000-7403af3fe000 r--p 0008f000 103:02 16530817                  /usr/lib/x86_64-linux-gnu/libm.so.6
7403af3fe000-7403af3ff000 r--p 000e7000 103:02 16530817                  /usr/lib/x86_64-linux-gnu/libm.so.6
7403af3ff000-7403af400000 rw-p 000e8000 103:02 16530817                  /usr/lib/x86_64-linux-gnu/libm.so.6
7403af400000-7403af6a1000 r--p 00000000 103:02 17173449                  /usr/lib/jvm/java-21-openjdk-amd64/lib/server/libjvm.so
7403af6a1000-7403b0511000 r-xp 002a1000 103:02 17173449                  /usr/lib/jvm/java-21-openjdk-amd64/lib/server/libjvm.so
7403b0511000-7403b07e5000 r--p 01111000 103:02 17173449                  /usr/lib/jvm/java-21-openjdk-amd64/lib/server/libjvm.so
7403b07e5000-7403b08b8000 r--p 013e4000 103:02 17173449                  /usr/lib/jvm/java-21-openjdk-amd64/lib/server/libjvm.so
7403b08b8000-7403b08e8000 rw-p 014b7000 103:02 17173449                  /usr/lib/jvm/java-21-openjdk-amd64/lib/server/libjvm.so
7403b08e8000-7403b094e000 rw-p 00000000 00:00 0 
7403b094f000-7403b0951000 r--p 00000000 103:02 16530337                  /usr/lib/x86_64-linux-gnu/libXtst.so.6.1.0
7403b0951000-7403b0954000 r-xp 00002000 103:02 16530337                  /usr/lib/x86_64-linux-gnu/libXtst.so.6.1.0
7403b0954000-7403b0955000 r--p 00005000 103:02 16530337                  /usr/lib/x86_64-linux-gnu/libXtst.so.6.1.0
7403b0955000-7403b0956000 r--p 00005000 103:02 16530337                  /usr/lib/x86_64-linux-gnu/libXtst.so.6.1.0
7403b0956000-7403b0957000 rw-p 00006000 103:02 16530337                  /usr/lib/x86_64-linux-gnu/libXtst.so.6.1.0
7403b0957000-7403b0967000 -w-s 00000000 00:05 1104                       /dev/nvidia0
7403b0967000-7403b0969000 r--p 00000000 103:02 17173444                  /usr/lib/jvm/java-21-openjdk-amd64/lib/libzip.so
7403b0969000-7403b096e000 r-xp 00002000 103:02 17173444                  /usr/lib/jvm/java-21-openjdk-amd64/lib/libzip.so
7403b096e000-7403b0970000 r--p 00007000 103:02 17173444                  /usr/lib/jvm/java-21-openjdk-amd64/lib/libzip.so
7403b0970000-7403b0971000 r--p 00008000 103:02 17173444                  /usr/lib/jvm/java-21-openjdk-amd64/lib/libzip.so
7403b0971000-7403b0972000 rw-p 00009000 103:02 17173444                  /usr/lib/jvm/java-21-openjdk-amd64/lib/libzip.so
7403b0972000-7403b0975000 r--p 00000000 103:02 17173436                  /usr/lib/jvm/java-21-openjdk-amd64/lib/libnet.so
7403b0975000-7403b097d000 r-xp 00003000 103:02 17173436                  /usr/lib/jvm/java-21-openjdk-amd64/lib/libnet.so
7403b097d000-7403b097f000 r--p 0000b000 103:02 17173436                  /usr/lib/jvm/java-21-openjdk-amd64/lib/libnet.so
7403b097f000-7403b0980000 r--p 0000c000 103:02 17173436                  /usr/lib/jvm/java-21-openjdk-amd64/lib/libnet.so
7403b0980000-7403b0981000 rw-p 0000d000 103:02 17173436                  /usr/lib/jvm/java-21-openjdk-amd64/lib/libnet.so
7403b0981000-7403b0a00000 rw-p 00000000 00:00 0 
7403b0a00000-7403b0a28000 r--p 00000000 103:02 16530474                  /usr/lib/x86_64-linux-gnu/libc.so.6
7403b0a28000-7403b0bb0000 r-xp 00028000 103:02 16530474                  /usr/lib/x86_64-linux-gnu/libc.so.6
7403b0bb0000-7403b0bff000 r--p 001b0000 103:02 16530474                  /usr/lib/x86_64-linux-gnu/libc.so.6
7403b0bff000-7403b0c03000 r--p 001fe000 103:02 16530474                  /usr/lib/x86_64-linux-gnu/libc.so.6
7403b0c03000-7403b0c05000 rw-p 00202000 103:02 16530474                  /usr/lib/x86_64-linux-gnu/libc.so.6
7403b0c05000-7403b0c12000 rw-p 00000000 00:00 0 
7403b0c12000-7403b0c19000 r--p 00000000 103:02 17173437                  /usr/lib/jvm/java-21-openjdk-amd64/lib/libnio.so
7403b0c19000-7403b0c22000 r-xp 00007000 103:02 17173437                  /usr/lib/jvm/java-21-openjdk-amd64/lib/libnio.so
7403b0c22000-7403b0c26000 r--p 00010000 103:02 17173437                  /usr/lib/jvm/java-21-openjdk-amd64/lib/libnio.so
7403b0c26000-7403b0c27000 r--p 00014000 103:02 17173437                  /usr/lib/jvm/java-21-openjdk-amd64/lib/libnio.so
7403b0c27000-7403b0c28000 rw-p 00015000 103:02 17173437                  /usr/lib/jvm/java-21-openjdk-amd64/lib/libnio.so
7403b0c28000-7403b0c6d000 rw-p 00000000 00:00 0 
7403b0c6d000-7403b0c75000 ---p 00000000 00:00 0 
7403b0c75000-7403b0c82000 r--p 00000000 103:02 17173422                  /usr/lib/jvm/java-21-openjdk-amd64/lib/libjava.so
7403b0c82000-7403b0c91000 r-xp 0000d000 103:02 17173422                  /usr/lib/jvm/java-21-openjdk-amd64/lib/libjava.so
7403b0c91000-7403b0c96000 r--p 0001c000 103:02 17173422                  /usr/lib/jvm/java-21-openjdk-amd64/lib/libjava.so
7403b0c96000-7403b0c97000 r--p 00021000 103:02 17173422                  /usr/lib/jvm/java-21-openjdk-amd64/lib/libjava.so
7403b0c97000-7403b0c98000 rw-p 00022000 103:02 17173422                  /usr/lib/jvm/java-21-openjdk-amd64/lib/libjava.so
7403b0c98000-7403b0c99000 rw-p 00000000 00:00 0 
7403b0c99000-7403b0c9d000 r--p 00000000 103:02 16528598                  /usr/lib/x86_64-linux-gnu/libgcc_s.so.1
7403b0c9d000-7403b0cc1000 r-xp 00004000 103:02 16528598                  /usr/lib/x86_64-linux-gnu/libgcc_s.so.1
7403b0cc1000-7403b0cc5000 r--p 00028000 103:02 16528598                  /usr/lib/x86_64-linux-gnu/libgcc_s.so.1
7403b0cc5000-7403b0cc6000 r--p 0002b000 103:02 16528598                  /usr/lib/x86_64-linux-gnu/libgcc_s.so.1
7403b0cc6000-7403b0cc7000 rw-p 0002c000 103:02 16528598                  /usr/lib/x86_64-linux-gnu/libgcc_s.so.1
7403b0cc7000-7403b0cc9000 rw-p 00000000 00:00 0 
7403b0cc9000-7403b0ccb000 r--p 00000000 103:02 17173426                  /usr/lib/jvm/java-21-openjdk-amd64/lib/libjli.so
7403b0ccb000-7403b0cd5000 r-xp 00002000 103:02 17173426                  /usr/lib/jvm/java-21-openjdk-amd64/lib/libjli.so
7403b0cd5000-7403b0cd8000 r--p 0000c000 103:02 17173426                  /usr/lib/jvm/java-21-openjdk-amd64/lib/libjli.so
7403b0cd8000-7403b0cd9000 r--p 0000f000 103:02 17173426                  /usr/lib/jvm/java-21-openjdk-amd64/lib/libjli.so
7403b0cd9000-7403b0cda000 rw-p 00010000 103:02 17173426                  /usr/lib/jvm/java-21-openjdk-amd64/lib/libjli.so
7403b0cda000-7403b0cdc000 r--p 00000000 103:02 16531205                  /usr/lib/x86_64-linux-gnu/libz.so.1.3
7403b0cdc000-7403b0cee000 r-xp 00002000 103:02 16531205                  /usr/lib/x86_64-linux-gnu/libz.so.1.3
7403b0cee000-7403b0cf4000 r--p 00014000 103:02 16531205                  /usr/lib/x86_64-linux-gnu/libz.so.1.3
7403b0cf4000-7403b0cf5000 r--p 0001a000 103:02 16531205                  /usr/lib/x86_64-linux-gnu/libz.so.1.3
7403b0cf5000-7403b0cf6000 rw-p 0001b000 103:02 16531205                  /usr/lib/x86_64-linux-gnu/libz.so.1.3
7403b0cf9000-7403b0d01000 rw-s 00000000 103:02 18350260                  /tmp/hsperfdata_dov/18859
7403b0d01000-7403b0d02000 ---p 00000000 00:00 0 
7403b0d02000-7403b0d03000 r--p 00000000 00:00 0 
7403b0d03000-7403b0d04000 ---p 00000000 00:00 0 
7403b0d04000-7403b0d06000 r--p 00000000 103:02 17173425                  /usr/lib/jvm/java-21-openjdk-amd64/lib/libjimage.so
7403b0d06000-7403b0d09000 r-xp 00002000 103:02 17173425                  /usr/lib/jvm/java-21-openjdk-amd64/lib/libjimage.so
7403b0d09000-7403b0d0a000 r--p 00005000 103:02 17173425                  /usr/lib/jvm/java-21-openjdk-amd64/lib/libjimage.so
7403b0d0a000-7403b0d0b000 r--p 00006000 103:02 17173425                  /usr/lib/jvm/java-21-openjdk-amd64/lib/libjimage.so
7403b0d0b000-7403b0d0c000 rw-p 00007000 103:02 17173425                  /usr/lib/jvm/java-21-openjdk-amd64/lib/libjimage.so
7403b0d0c000-7403b0d0e000 rw-p 00000000 00:00 0 
7403b0d0e000-7403b0d0f000 r--p 00000000 103:02 16530286                  /usr/lib/x86_64-linux-gnu/ld-linux-x86-64.so.2
7403b0d0f000-7403b0d3a000 r-xp 00001000 103:02 16530286                  /usr/lib/x86_64-linux-gnu/ld-linux-x86-64.so.2
7403b0d3a000-7403b0d44000 r--p 0002c000 103:02 16530286                  /usr/lib/x86_64-linux-gnu/ld-linux-x86-64.so.2
7403b0d44000-7403b0d46000 r--p 00036000 103:02 16530286                  /usr/lib/x86_64-linux-gnu/ld-linux-x86-64.so.2
7403b0d46000-7403b0d48000 rw-p 00038000 103:02 16530286                  /usr/lib/x86_64-linux-gnu/ld-linux-x86-64.so.2
7ffc56123000-7ffc56144000 rw-p 00000000 00:00 0                          [stack]
7ffc5616c000-7ffc56170000 r--p 00000000 00:00 0                          [vvar]
7ffc56170000-7ffc56172000 r-xp 00000000 00:00 0                          [vdso]
ffffffffff600000-ffffffffff601000 --xp 00000000 00:00 0                  [vsyscall]
Total number of mappings: 402


VM Arguments:
jvm_args: -Dfile.encoding=UTF-8 --module-path=/home/dov/projects/NeighborhoodPIG/build/classes 
java_command: main.NeighborhoodPIG
java_class_path (initial): /home/dov/projects/Libraries/commons-math3/commons-math3-3.6.1-javadoc.jar:/home/dov/projects/Libraries/commons-math3/commons-math3-3.6.1-sources.jar:/home/dov/projects/Libraries/commons-math3/commons-math3-3.6.1-test-sources.jar:/home/dov/projects/Libraries/commons-math3/commons-math3-3.6.1-tests.jar:/home/dov/projects/Libraries/commons-math3/commons-math3-3.6.1-tools.jar:/home/dov/projects/Libraries/commons-math3/commons-math3-3.6.1.jar:/home/dov/projects/JCudaWrapper/jcuda12/jcublas-12.0.0.jar:/home/dov/projects/JCudaWrapper/jcuda12/jcublas-natives-12.0.0-linux-x86_64.jar:/home/dov/projects/JCudaWrapper/jcuda12/jcuda-12.0.0.jar:/home/dov/projects/JCudaWrapper/jcuda12/jcuda-natives-12.0.0-linux-x86_64.jar:/home/dov/projects/JCudaWrapper/jcuda12/jcudnn-12.0.0.jar:/home/dov/projects/JCudaWrapper/jcuda12/jcudnn-natives-12.0.0-linux-x86_64.jar:/home/dov/projects/JCudaWrapper/jcuda12/jcufft-12.0.0.jar:/home/dov/projects/JCudaWrapper/jcuda12/jcufft-natives-12.0.0-linux-x86_64.jar:/home/dov/projects/JCudaWrapper/jcuda12/jcurand-12.0.0.jar:/home/dov/projects/JCudaWrapper/jcuda12/jcurand-natives-12.0.0-linux-x86_64.jar:/home/dov/projects/JCudaWrapper/jcuda12/jcusolver-12.0.0.jar:/home/dov/projects/JCudaWrapper/jcuda12/jcusolver-natives-12.0.0-linux-x86_64.jar:/home/dov/projects/JCudaWrapper/jcuda12/jcusparse-12.0.0.jar:/home/dov/projects/JCudaWrapper/jcuda12/jcusparse-natives-12.0.0-linux-x86_64.jar:/home/dov/projects/NeighborhoodPIG/build/classes
Launcher Type: SUN_STANDARD

[Global flags]
     intx CICompilerCount                          = 12                                        {product} {ergonomic}
     uint ConcGCThreads                            = 3                                         {product} {ergonomic}
     uint G1ConcRefinementThreads                  = 13                                        {product} {ergonomic}
   size_t G1HeapRegionSize                         = 4194304                                   {product} {ergonomic}
    uintx GCDrainStackTargetSize                   = 64                                        {product} {ergonomic}
   size_t InitialHeapSize                          = 515899392                                 {product} {ergonomic}
   size_t MarkStackSize                            = 4194304                                   {product} {ergonomic}
   size_t MaxHeapSize                              = 8212447232                                {product} {ergonomic}
   size_t MaxNewSize                               = 4924112896                                {product} {ergonomic}
   size_t MinHeapDeltaBytes                        = 4194304                                   {product} {ergonomic}
   size_t MinHeapSize                              = 8388608                                   {product} {ergonomic}
    uintx NonNMethodCodeHeapSize                   = 7602480                                {pd product} {ergonomic}
    uintx NonProfiledCodeHeapSize                  = 122027880                              {pd product} {ergonomic}
    uintx ProfiledCodeHeapSize                     = 122027880                              {pd product} {ergonomic}
    uintx ReservedCodeCacheSize                    = 251658240                              {pd product} {ergonomic}
     bool SegmentedCodeCache                       = true                                      {product} {ergonomic}
   size_t SoftMaxHeapSize                          = 8212447232                             {manageable} {ergonomic}
     bool UseCompressedOops                        = true                           {product lp64_product} {ergonomic}
     bool UseG1GC                                  = true                                      {product} {ergonomic}

Logging:
Log output configuration:
 #0: stdout all=warning uptime,level,tags foldmultilines=false
 #1: stderr all=off uptime,level,tags foldmultilines=false

Environment Variables:
PATH=/usr/local/sbin:/usr/local/bin:/usr/sbin:/usr/bin:/sbin:/bin:/usr/games:/usr/local/games:/snap/bin:/snap/bin
USERNAME=dov
SHELL=/bin/bash
DISPLAY=:1
LANG=en_US.UTF-8

Active Locale:
LC_ALL=en_US.UTF-8
LC_COLLATE=en_US.UTF-8
LC_CTYPE=en_US.UTF-8
LC_MESSAGES=en_US.UTF-8
LC_MONETARY=en_US.UTF-8
LC_NUMERIC=en_US.UTF-8
LC_TIME=en_US.UTF-8

Signal Handlers:
   SIGSEGV: crash_handler in libjvm.so, mask=11100100010111111101111111111110, flags=SA_RESTART|SA_SIGINFO, unblocked
    SIGBUS: crash_handler in libjvm.so, mask=11100100010111111101111111111110, flags=SA_RESTART|SA_SIGINFO, unblocked
    SIGFPE: crash_handler in libjvm.so, mask=11100100010111111101111111111110, flags=SA_RESTART|SA_SIGINFO, unblocked
   SIGPIPE: javaSignalHandler in libjvm.so, mask=11100100010111111101111111111110, flags=SA_RESTART|SA_SIGINFO, blocked
   SIGXFSZ: javaSignalHandler in libjvm.so, mask=11100100010111111101111111111110, flags=SA_RESTART|SA_SIGINFO, blocked
    SIGILL: crash_handler in libjvm.so, mask=11100100010111111101111111111110, flags=SA_RESTART|SA_SIGINFO, unblocked
   SIGUSR2: SR_handler in libjvm.so, mask=00000000000000000000000000000000, flags=SA_RESTART|SA_SIGINFO, blocked
    SIGHUP: UserHandler in libjvm.so, mask=11100100010111111101111111111110, flags=SA_RESTART|SA_SIGINFO, blocked
    SIGINT: SIG_IGN, mask=00000000000000000000000000000000, flags=none, blocked
   SIGTERM: UserHandler in libjvm.so, mask=11100100010111111101111111111110, flags=SA_RESTART|SA_SIGINFO, blocked
   SIGQUIT: UserHandler in libjvm.so, mask=11100100010111111101111111111110, flags=SA_RESTART|SA_SIGINFO, blocked
   SIGTRAP: crash_handler in libjvm.so, mask=11100100010111111101111111111110, flags=SA_RESTART|SA_SIGINFO, unblocked


Periodic native trim disabled

---------------  S Y S T E M  ---------------

OS:
DISTRIB_ID=Ubuntu
DISTRIB_RELEASE=24.04
DISTRIB_CODENAME=noble
DISTRIB_DESCRIPTION="Ubuntu 24.04.1 LTS"
uname: Linux 6.8.0-49-generic #49-Ubuntu SMP PREEMPT_DYNAMIC Mon Nov  4 02:06:24 UTC 2024 x86_64
OS uptime: 0 days 6:43 hours
libc: glibc 2.39 NPTL 2.39 
rlimit (soft/hard): STACK 8192k/infinity , CORE 0k/infinity , NPROC 125013/125013 , NOFILE 1048576/1048576 , AS infinity/infinity , CPU infinity/infinity , DATA infinity/infinity , FSIZE infinity/infinity , MEMLOCK 4009332k/4009332k
load average: 0.10 0.15 0.10

/proc/meminfo:
MemTotal:       32074664 kB
MemFree:        22610352 kB
MemAvailable:   25581020 kB
Buffers:          276080 kB
Cached:          3087400 kB
SwapCached:            0 kB
Active:          5730476 kB
Inactive:        1902364 kB
Active(anon):    4369732 kB
Inactive(anon):        0 kB
Active(file):    1360744 kB
Inactive(file):  1902364 kB
Unevictable:          32 kB
Mlocked:              32 kB
SwapTotal:       8388604 kB
SwapFree:        8388604 kB
Zswap:                 0 kB
Zswapped:              0 kB
Dirty:               416 kB
Writeback:             0 kB
AnonPages:       4269752 kB
Mapped:           929924 kB
Shmem:            100372 kB
KReclaimable:     144668 kB
Slab:             437916 kB
SReclaimable:     144668 kB
SUnreclaim:       293248 kB
KernelStack:       23856 kB
PageTables:        59576 kB
SecPageTables:         0 kB
NFS_Unstable:          0 kB
Bounce:                0 kB
WritebackTmp:          0 kB
CommitLimit:    24425936 kB
Committed_AS:   27714804 kB
VmallocTotal:   34359738367 kB
VmallocUsed:      165844 kB
VmallocChunk:          0 kB
Percpu:            19456 kB
HardwareCorrupted:     0 kB
AnonHugePages:         0 kB
ShmemHugePages:        0 kB
ShmemPmdMapped:        0 kB
FileHugePages:         0 kB
FilePmdMapped:         0 kB
Unaccepted:            0 kB
HugePages_Total:       0
HugePages_Free:        0
HugePages_Rsvd:        0
HugePages_Surp:        0
Hugepagesize:       2048 kB
Hugetlb:               0 kB
DirectMap4k:     1628648 kB
DirectMap2M:    13303808 kB
DirectMap1G:    18874368 kB

/sys/kernel/mm/transparent_hugepage/enabled: always [madvise] never
/sys/kernel/mm/transparent_hugepage/hpage_pmd_size: 2097152
/sys/kernel/mm/transparent_hugepage/defrag (defrag/compaction efforts parameter): always defer defer+madvise [madvise] never

Process Memory:
Virtual Size: 17045616K (peak: 17105196K)
Resident Set Size: 339332K (peak: 339332K) (anon: 162244K, file: 168896K, shmem: 8192K)
Swapped out: 0K
C-Heap outstanding allocations: 114002K, retained: 2977K
glibc malloc tunables: (default)

/proc/sys/kernel/threads-max (system-wide limit on the number of threads): 250026
/proc/sys/vm/max_map_count (maximum number of memory map areas a process may have): 1048576
/proc/sys/vm/swappiness (control to define how aggressively the kernel swaps out anonymous memory): 60
/proc/sys/kernel/pid_max (system-wide limit on number of process identifiers): 4194304

container (cgroup) information:
container_type: cgroupv2
cpu_cpuset_cpus: not supported
cpu_memory_nodes: not supported
active_processor_count: 16
cpu_quota: not supported
cpu_period: not supported
cpu_shares: not supported
memory_limit_in_bytes: unlimited
memory_and_swap_limit_in_bytes: unlimited
memory_soft_limit_in_bytes: unlimited
memory_usage_in_bytes: 1936680 k
memory_max_usage_in_bytes: not supported
memory_swap_current_in_bytes: unlimited
memory_swap_max_limit_in_bytes: unlimited
maximum number of tasks: 37503
current number of tasks: 97

Steal ticks since vm start: 0
Steal ticks percentage since vm start:  0.000

CPU: total 16 (initial active 16) (16 cores per cpu, 2 threads per core) family 25 model 68 stepping 1 microcode 0xa404101, cx8, cmov, fxsr, ht, mmx, 3dnowpref, sse, sse2, sse3, ssse3, sse4a, sse4.1, sse4.2, popcnt, lzcnt, tsc, tscinvbit, avx, avx2, aes, clmul, bmi1, bmi2, adx, sha, fma, vzeroupper, clflush, clflushopt, rdtscp, rdpid, f16c, pku, ospke, cet_ss
CPU Model and flags from /proc/cpuinfo:
model name	: AMD Ryzen 9 6900HS with Radeon Graphics
flags		: fpu vme de pse tsc msr pae mce cx8 apic sep mtrr pge mca cmov pat pse36 clflush mmx fxsr sse sse2 ht syscall nx mmxext fxsr_opt pdpe1gb rdtscp lm constant_tsc rep_good nopl nonstop_tsc cpuid extd_apicid aperfmperf rapl pni pclmulqdq monitor ssse3 fma cx16 sse4_1 sse4_2 x2apic movbe popcnt aes xsave avx f16c rdrand lahf_lm cmp_legacy svm extapic cr8_legacy abm sse4a misalignsse 3dnowprefetch osvw ibs skinit wdt tce topoext perfctr_core perfctr_nb bpext perfctr_llc mwaitx cpb cat_l3 cdp_l3 hw_pstate ssbd mba ibrs ibpb stibp vmmcall fsgsbase bmi1 avx2 smep bmi2 invpcid cqm rdt_a rdseed adx smap clflushopt clwb sha_ni xsaveopt xsavec xgetbv1 xsaves cqm_llc cqm_occup_llc cqm_mbm_total cqm_mbm_local user_shstk clzero irperf xsaveerptr rdpru wbnoinvd cppc arat npt lbrv svm_lock nrip_save tsc_scale vmcb_clean flushbyasid decodeassists pausefilter pfthreshold avic v_vmsave_vmload vgif v_spec_ctrl umip pku ospke vaes vpclmulqdq rdpid overflow_recov succor smca debug_swap

Online cpus: 0-15
Offline cpus: 
BIOS frequency limitation: <Not Available>
Frequency switch latency (ns): 0
Available cpu frequencies: <Not Available>
Current governor: powersave
Core performance/turbo boost: <Not Available>

Memory: 4k page, physical 32074664k(25581020k free), swap 8388604k(8388604k free)
Page Sizes: 4k

vm_info: OpenJDK 64-Bit Server VM (21.0.5+11-Ubuntu-1ubuntu124.04) for linux-amd64 JRE (21.0.5+11-Ubuntu-1ubuntu124.04), built on 2024-10-22T07:47:02Z by "buildd" with gcc 13.2.0

END.
