#
# A fatal error has been detected by the Java Runtime Environment:
#
#  SIGSEGV (0xb) at pc=0x000071bd6984b06e, pid=38195, tid=38199
#
# JRE version: OpenJDK Runtime Environment (21.0.4+7) (build 21.0.4+7-Ubuntu-1ubuntu224.04)
# Java VM: OpenJDK 64-Bit Server VM (21.0.4+7-Ubuntu-1ubuntu224.04, mixed mode, sharing, tiered, compressed oops, compressed class ptrs, g1 gc, linux-amd64)
# Problematic frame:
# C  [libcuda.so.1+0x24b06e]
#
# Core dump will be written. Default location: Core dumps may be processed with "/usr/share/apport/apport -p%p -s%s -c%c -d%d -P%P -u%u -g%g -- %E" (or dumping to /home/dov/projects/NeighborhoodPIG/core.38195)
#
# If you would like to submit a bug report, please visit:
#   https://bugs.launchpad.net/ubuntu/+source/openjdk-21
# The crash happened outside the Java Virtual Machine in native code.
# See problematic frame for where to report the bug.
#

---------------  S U M M A R Y ------------

Command Line: -Dfile.encoding=UTF-8 -agentlib:jdwp=transport=dt_socket,address=localhost:58053 --module-path=/home/dov/projects/NeighborhoodPIG/build/classes main.NeighborhoodPIG

Host: AMD Ryzen 9 6900HS with Radeon Graphics, 16 cores, 30G, Ubuntu 24.04.1 LTS
Time: Thu Oct 31 11:57:13 2024 IST elapsed time: 20.268921 seconds (0d 0h 0m 20s)

---------------  T H R E A D  ---------------

Current thread (0x000071bd9401b940):  JavaThread "main"             [_thread_in_native, id=38199, stack(0x000071bd9ad00000,0x000071bd9ae00000) (1024K)]

Stack: [0x000071bd9ad00000,0x000071bd9ae00000],  sp=0x000071bd9adfe230,  free space=1016k
Native frames: (J=compiled Java code, j=interpreted, Vv=VM code, C=native code)
C  [libcuda.so.1+0x24b06e]
C  [libcuda.so.1+0x24b5f8]
C  [libcuda.so.1+0x2f19c3]
j  jcuda.driver.JCudaDriver.cuStreamSynchronizeNative(Ljcuda/driver/CUstream;)I+0
j  jcuda.driver.JCudaDriver.cuStreamSynchronize(Ljcuda/driver/CUstream;)I+1
j  JCudaWrapper.resourceManagement.Handle.getStream()Ljcuda/runtime/cudaStream_t;+11
j  JCudaWrapper.array.Array.get(LJCudaWrapper/resourceManagement/Handle;Ljcuda/Pointer;III)V+70
j  JCudaWrapper.array.DArray.getIncremented(LJCudaWrapper/resourceManagement/Handle;I)[D+38
j  JCudaWrapper.algebra.Vector.vecGet()[D+12
j  JCudaWrapper.algebra.Matrix.lambda$get$1(I)[D+5
j  JCudaWrapper.algebra.Matrix$$Lambda+0x000071bd14020bc0.apply(I)Ljava/lang/Object;+5
j  java.util.Arrays.setAll([Ljava/lang/Object;Ljava/util/function/IntFunction;)V+17 java.base@21.0.4
j  JCudaWrapper.algebra.Matrix.get()[[D+15
j  main.StructureTensorMatrix.getRGB()[[[D+42
j  main.NeighborhoodPIG.orientationColored(Ljava/lang/String;)V+4
j  main.NeighborhoodPIG.main([Ljava/lang/String;)V+14
v  ~StubRoutines::call_stub 0x000071bd83c5fcc6
V  [libjvm.so+0x90841a]  JavaCalls::call_helper(JavaValue*, methodHandle const&, JavaCallArguments*, JavaThread*)+0x2da
V  [libjvm.so+0x9ae72d]  jni_invoke_static(JNIEnv_*, JavaValue*, _jobject*, JNICallType, _jmethodID*, JNI_ArgumentPusher*, JavaThread*) [clone .constprop.1]+0x35d
V  [libjvm.so+0x9b0c7f]  jni_CallStaticVoidMethod+0x12f
C  [libjli.so+0x55be]  JavaMain+0xfde
C  [libjli.so+0x844d]  ThreadJavaMain+0xd
C  [libc.so.6+0x9ca94]
Java frames: (J=compiled Java code, j=interpreted, Vv=VM code)
j  jcuda.driver.JCudaDriver.cuStreamSynchronizeNative(Ljcuda/driver/CUstream;)I+0
j  jcuda.driver.JCudaDriver.cuStreamSynchronize(Ljcuda/driver/CUstream;)I+1
j  JCudaWrapper.resourceManagement.Handle.getStream()Ljcuda/runtime/cudaStream_t;+11
j  JCudaWrapper.array.Array.get(LJCudaWrapper/resourceManagement/Handle;Ljcuda/Pointer;III)V+70
j  JCudaWrapper.array.DArray.getIncremented(LJCudaWrapper/resourceManagement/Handle;I)[D+38
j  JCudaWrapper.algebra.Vector.vecGet()[D+12
j  JCudaWrapper.algebra.Matrix.lambda$get$1(I)[D+5
j  JCudaWrapper.algebra.Matrix$$Lambda+0x000071bd14020bc0.apply(I)Ljava/lang/Object;+5
j  java.util.Arrays.setAll([Ljava/lang/Object;Ljava/util/function/IntFunction;)V+17 java.base@21.0.4
j  JCudaWrapper.algebra.Matrix.get()[[D+15
j  main.StructureTensorMatrix.getRGB()[[[D+42
j  main.NeighborhoodPIG.orientationColored(Ljava/lang/String;)V+4
j  main.NeighborhoodPIG.main([Ljava/lang/String;)V+14
v  ~StubRoutines::call_stub 0x000071bd83c5fcc6

siginfo: si_signo: 11 (SIGSEGV), si_code: 1 (SEGV_MAPERR), si_addr: 0x000071ba8d55bad5

Registers:
RAX=0x000071bd94633ea0, RBX=0x000071bd9adfe348, RCX=0x0000000000000002, RDX=0x000071bd967dd380
RSP=0x000071bd9adfe230, RBP=0x000071bd9adfe290, RSI=0x0000000000000000, RDI=0x000071bd94633ea0
R8 =0x000071bd9adfe2c8, R9 =0x0000000000000000, R10=0x000071bd967dd380, R11=0x000071ba8d55b6ed
R12=0x000071bd9adfe2c8, R13=0x000071bd94633ea0, R14=0x000071bd9adfe458, R15=0x000071bd9401b940
RIP=0x000071bd6984b06e, EFLAGS=0x0000000000010206, CSGSFS=0x002b000000000033, ERR=0x0000000000000004
  TRAPNO=0x000000000000000e


Register to memory mapping:

RAX=0x000071bd94633ea0 points into unknown readable memory: 0x000071bd94613bc0 | c0 3b 61 94 bd 71 00 00
RBX=0x000071bd9adfe348 is pointing into the stack for thread: 0x000071bd9401b940
RCX=0x0000000000000002 is an unknown value
RDX=0x000071bd967dd380 points into unknown readable memory: 0x000071ba8d55b6ed | ed b6 55 8d ba 71 00 00
RSP=0x000071bd9adfe230 is pointing into the stack for thread: 0x000071bd9401b940
RBP=0x000071bd9adfe290 is pointing into the stack for thread: 0x000071bd9401b940
RSI=0x0 is null
RDI=0x000071bd94633ea0 points into unknown readable memory: 0x000071bd94613bc0 | c0 3b 61 94 bd 71 00 00
R8 =0x000071bd9adfe2c8 is pointing into the stack for thread: 0x000071bd9401b940
R9 =0x0 is null
R10=0x000071bd967dd380 points into unknown readable memory: 0x000071ba8d55b6ed | ed b6 55 8d ba 71 00 00
R11=0x000071ba8d55b6ed is an unknown value
R12=0x000071bd9adfe2c8 is pointing into the stack for thread: 0x000071bd9401b940
R13=0x000071bd94633ea0 points into unknown readable memory: 0x000071bd94613bc0 | c0 3b 61 94 bd 71 00 00
R14=0x000071bd9adfe458 is pointing into the stack for thread: 0x000071bd9401b940
R15=0x000071bd9401b940 is a thread

Top of Stack: (sp=0x000071bd9adfe230)
0x000071bd9adfe230:   000071bd9401c5a8 00000000000000d8
0x000071bd9adfe240:   000071bd9adfeab0 000071bd9401b940
0x000071bd9adfe250:   000071bd9adfe2f0 000071bd9adfe340
0x000071bd9adfe260:   0000000000000000 000071bd9adfe348
0x000071bd9adfe270:   0000000000000000 000071bd9adfe340
0x000071bd9adfe280:   000071bd9adfe458 000071bd9401b940
0x000071bd9adfe290:   000071bd9adfe300 000071bd6984b5f8
0x000071bd9adfe2a0:   000071bd9401c5a8 00000000000000d8
0x000071bd9adfe2b0:   000071bd9adfeab0 000071bd9401b940
0x000071bd9adfe2c0:   000071bd9adfe360 0000000000000000
0x000071bd9adfe2d0:   0000000000000000 000071bd084df2e0
0x000071bd9adfe2e0:   000071bd967dd380 000071bd084df2e0
0x000071bd9adfe2f0:   000071bd9adfe458 000071bd9401b940
0x000071bd9adfe300:   000071bd9adfe3d0 000071bd698f19c3
0x000071bd9adfe310:   000071bd9adfe458 0000000000000001
0x000071bd9adfe320:   000003e700000002 0000000000000000
0x000071bd9adfe330:   0000000000000000 000071bd94633ea0
0x000071bd9adfe340:   0000000000000000 0000000000000000
0x000071bd9adfe350:   000071bd83c66a90 0000000000000000
0x000071bd9adfe360:   0000710000000000 000071bd9adfe438
0x000071bd9adfe370:   000071bd9adfe3f0 000071bd83c6d2f1
0x000071bd9adfe380:   000071bd9adfe3f0 000071bd83c6e738
0x000071bd9adfe390:   000071bd83c66a90 0000000000000000
0x000071bd9adfe3a0:   0000710000000000 000071bd9adfe438
0x000071bd9adfe3b0:   000071bd9401bcf8 000071bd06a3604a
0x000071bd9adfe3c0:   000071bd084df2e0 0000000000000000
0x000071bd9adfe3d0:   000071bd9adfe438 000071bd83c6eb6d
0x000071bd9adfe3e0:   000071bd9adfe460 000071bd83c6e738
0x000071bd9adfe3f0:   000071bd9adfe3f0 000071bd084df2e0
0x000071bd9adfe400:   0000000000000004 000071bd084e2f08
0x000071bd9adfe410:   0000000000000000 0000000634846610
0x000071bd9adfe420:   000071bd084df2e0 0000000000000000 

Instructions: (pc=0x000071bd6984b06e)
0x000071bd6984af6e:   f6 c2 10 75 ba 83 e2 08 b8 8a 03 00 00 75 da 48
0x000071bd6984af7e:   8b 59 08 4c 8d 63 08 4c 89 e7 e8 23 3a e9 ff 48
0x000071bd6984af8e:   8b 5b 38 48 85 db 74 2d 66 2e 0f 1f 84 00 00 00
0x000071bd6984af9e:   00 00 48 8b bb e8 03 00 00 48 85 ff 74 0b f6 43
0x000071bd6984afae:   50 04 74 05 e8 c9 9a 29 00 48 8b 9b 58 01 00 00
0x000071bd6984afbe:   48 85 db 75 dd 4c 89 e7 e8 15 35 e9 ff b8 8a 03
0x000071bd6984afce:   00 00 eb 85 66 0f 1f 44 00 00 83 f8 02 ba 91 01
0x000071bd6984afde:   00 00 b8 00 00 00 00 5b 0f 44 c2 41 5c 5d c3 0f
0x000071bd6984afee:   1f 00 e8 8b 9a 29 00 b8 84 03 00 00 e9 58 ff ff
0x000071bd6984affe:   ff 90 55 48 89 e5 41 57 41 56 41 55 49 89 fd 41
0x000071bd6984b00e:   54 4d 89 c4 53 48 83 ec 38 49 c7 00 00 00 00 00
0x000071bd6984b01e:   48 85 f6 0f 84 b9 00 00 00 44 8b 0e 41 ba 00 00
0x000071bd6984b02e:   00 00 48 89 f3 45 85 c9 4c 0f 45 d6 48 83 fa 02
0x000071bd6984b03e:   77 20 48 85 d2 74 5b 48 83 fa 02 0f 85 81 00 00
0x000071bd6984b04e:   00 4d 85 d2 0f 84 a8 00 00 00 41 b8 90 01 00 00
0x000071bd6984b05e:   eb 28 4c 8b 1a 4d 85 db 74 f0 49 39 5b 10 75 ea
0x000071bd6984b06e:   49 83 bb e8 03 00 00 00 75 09 4d 85 ed 0f 85 57
0x000071bd6984b07e:   01 00 00 4d 89 1c 24 45 31 c0 48 8d 65 d8 44 89
0x000071bd6984b08e:   c0 5b 41 5c 41 5d 41 5e 41 5f 5d c3 66 0f 1f 44
0x000071bd6984b09e:   00 00 83 f9 02 0f 84 27 02 00 00 83 f9 03 0f 84
0x000071bd6984b0ae:   06 02 00 00 83 f9 01 0f 84 e5 01 00 00 0f b6 05
0x000071bd6984b0be:   66 ac 91 01 c0 e8 03 83 e0 01 84 c0 0f 85 7f ff
0x000071bd6984b0ce:   ff ff 4d 85 d2 0f 84 ef 00 00 00 4d 8b 5a 68 eb
0x000071bd6984b0de:   84 90 48 83 fa 02 0f 86 6e ff ff ff 4c 8b 1a 4d
0x000071bd6984b0ee:   85 db 0f 85 78 ff ff ff e9 5d ff ff ff 0f 1f 44
0x000071bd6984b0fe:   00 00 4d 8b 5d 18 4d 85 db 74 0d 8b 43 38 41 39
0x000071bd6984b10e:   45 20 0f 84 9f 00 00 00 4c 8d b3 a0 03 00 00 4c
0x000071bd6984b11e:   89 55 a8 4d 8b 7d 10 4c 89 f7 e8 83 38 e9 ff 4c
0x000071bd6984b12e:   8b 9b c8 03 00 00 45 31 c0 4c 89 fe 4c 89 c2 41
0x000071bd6984b13e:   8b 3b 4c 89 5d b0 89 7d b8 e8 14 72 0d 00 4c 8b
0x000071bd6984b14e:   5d b0 48 83 ec 08 8b 7d b8 45 31 c0 41 89 c1 4c
0x000071bd6984b15e:   89 f9 49 8b 53 10 41 8b 73 0c 6a 00 e8 21 ee 2a 


Stack slot to memory mapping:

stack at sp + 0 slots: 0x000071bd9401c5a8 points into unknown readable memory: 0x0000000000000045 | 45 00 00 00 00 00 00 00
stack at sp + 1 slots: 0x00000000000000d8 is an unknown value
stack at sp + 2 slots: 0x000071bd9adfeab0 is pointing into the stack for thread: 0x000071bd9401b940
stack at sp + 3 slots: 0x000071bd9401b940 is a thread
stack at sp + 4 slots: 0x000071bd9adfe2f0 is pointing into the stack for thread: 0x000071bd9401b940
stack at sp + 5 slots: 0x000071bd9adfe340 is pointing into the stack for thread: 0x000071bd9401b940
stack at sp + 6 slots: 0x0 is null
stack at sp + 7 slots: 0x000071bd9adfe348 is pointing into the stack for thread: 0x000071bd9401b940


---------------  P R O C E S S  ---------------

Threads class SMR info:
_java_thread_list=0x000071bccc032f70, length=15, elements={
0x000071bd9401b940, 0x000071bd94139ff0, 0x000071bd9413b680, 0x000071bd9413d150,
0x000071bd9413e7a0, 0x000071bd9413fd50, 0x000071bd94141920, 0x000071bd94142ff0,
0x000071bd941620d0, 0x000071bd941ad7d0, 0x000071bd941c4f40, 0x000071bcc0001110,
0x000071bd941c6190, 0x000071bd9553f830, 0x000071bd9556ff10
}

Java Threads: ( => current thread )
=>0x000071bd9401b940 JavaThread "main"                              [_thread_in_native, id=38199, stack(0x000071bd9ad00000,0x000071bd9ae00000) (1024K)]
  0x000071bd94139ff0 JavaThread "Reference Handler"          daemon [_thread_blocked, id=38208, stack(0x000071bd70500000,0x000071bd70600000) (1024K)]
  0x000071bd9413b680 JavaThread "Finalizer"                  daemon [_thread_blocked, id=38209, stack(0x000071bd70400000,0x000071bd70500000) (1024K)]
  0x000071bd9413d150 JavaThread "Signal Dispatcher"          daemon [_thread_blocked, id=38210, stack(0x000071bd70300000,0x000071bd70400000) (1024K)]
  0x000071bd9413e7a0 JavaThread "Service Thread"             daemon [_thread_blocked, id=38211, stack(0x000071bd70200000,0x000071bd70300000) (1024K)]
  0x000071bd9413fd50 JavaThread "Monitor Deflation Thread"   daemon [_thread_blocked, id=38212, stack(0x000071bd70100000,0x000071bd70200000) (1024K)]
  0x000071bd94141920 JavaThread "C2 CompilerThread0"         daemon [_thread_blocked, id=38213, stack(0x000071bd70000000,0x000071bd70100000) (1024K)]
  0x000071bd94142ff0 JavaThread "C1 CompilerThread0"         daemon [_thread_blocked, id=38214, stack(0x000071bd6bf00000,0x000071bd6c000000) (1024K)]
  0x000071bd941620d0 JavaThread "Common-Cleaner"             daemon [_thread_blocked, id=38217, stack(0x000071bd6be00000,0x000071bd6bf00000) (1024K)]
  0x000071bd941ad7d0 JavaThread "JDWP Transport Listener: dt_socket" daemon [_thread_blocked, id=38221, stack(0x000071bd6bb00000,0x000071bd6bc00000) (1024K)]
  0x000071bd941c4f40 JavaThread "JDWP Event Helper Thread"   daemon [_thread_blocked, id=38223, stack(0x000071bd6ba00000,0x000071bd6bb00000) (1024K)]
  0x000071bcc0001110 JavaThread "JDWP Command Reader"        daemon [_thread_in_native, id=38225, stack(0x000071bd6b900000,0x000071bd6ba00000) (1024K)]
  0x000071bd941c6190 JavaThread "Notification Thread"        daemon [_thread_blocked, id=38228, stack(0x000071bd6b800000,0x000071bd6b900000) (1024K)]
  0x000071bd9553f830 JavaThread "pool-1-thread-1"            daemon [_thread_blocked, id=38235, stack(0x000071bd6bc00000,0x000071bd6bd00000) (1024K)]
  0x000071bd9556ff10 JavaThread "Java2D Disposer"            daemon [_thread_blocked, id=38236, stack(0x000071bd68500000,0x000071bd68600000) (1024K)]
Total: 15

Other Threads:
  0x000071bd9412cca0 VMThread "VM Thread"                           [id=38207, stack(0x000071bd713f9000,0x000071bd714f9000) (1024K)]
  0x000071bd94112450 WatcherThread "VM Periodic Task Thread"        [id=38206, stack(0x000071bd714fa000,0x000071bd715fa000) (1024K)]
  0x000071bd94046600 WorkerThread "GC Thread#0"                     [id=38200, stack(0x000071bd99965000,0x000071bd99a65000) (1024K)]
  0x000071bd94057100 ConcurrentGCThread "G1 Main Marker"            [id=38201, stack(0x000071bd98900000,0x000071bd98a00000) (1024K)]
  0x000071bd940580b0 WorkerThread "G1 Conc#0"                       [id=38202, stack(0x000071bd987ff000,0x000071bd988ff000) (1024K)]
  0x000071bd940ffcc0 ConcurrentGCThread "G1 Refine#0"               [id=38203, stack(0x000071bd716fc000,0x000071bd717fc000) (1024K)]
  0x000071bd94100c80 ConcurrentGCThread "G1 Service"                [id=38204, stack(0x000071bd715fb000,0x000071bd716fb000) (1024K)]
Total: 7

Threads with active compile tasks:
Total: 0

VM state: not at safepoint (normal execution)

VM Mutex/Monitor currently owned by a thread: None

Heap address: 0x0000000616800000, size: 7832 MB, Compressed Oops mode: Zero based, Oop shift amount: 3

CDS archive(s) mapped at: [0x000071bd13000000-0x000071bd13cae000-0x000071bd13cae000), size 13295616, SharedBaseAddress: 0x000071bd13000000, ArchiveRelocationMode: 1.
Compressed class space mapped at: 0x000071bd14000000-0x000071bd54000000, reserved size: 1073741824
Narrow klass base: 0x000071bd13000000, Narrow klass shift: 0, Narrow klass range: 0x100000000

GC Precious Log:
 CardTable entry size: 512
 Card Set container configuration: InlinePtr #cards 4 size 8 Array Of Cards #cards 32 size 80 Howl #buckets 8 coarsen threshold 7372 Howl Bitmap #cards 1024 size 144 coarsen threshold 921 Card regions per heap region 1 cards per card region 8192
 CPUs: 16 total, 16 available
 Memory: 31322M
 Large Page Support: Disabled
 NUMA Support: Disabled
 Compressed Oops: Enabled (Zero based)
 Heap Region Size: 4M
 Heap Min Capacity: 8M
 Heap Initial Capacity: 492M
 Heap Max Capacity: 7832M
 Pre-touch: Disabled
 Parallel Workers: 13
 Concurrent Workers: 3
 Concurrent Refinement Workers: 13
 Periodic GC: Disabled

Heap:
 garbage-first heap   total 507904K, used 9246K [0x0000000616800000, 0x0000000800000000)
  region size 4096K, 3 young (12288K), 0 survivors (0K)
 Metaspace       used 3338K, committed 3520K, reserved 1114112K
  class space    used 290K, committed 384K, reserved 1048576K

Heap Regions: E=young(eden), S=young(survivor), O=old, HS=humongous(starts), HC=humongous(continues), CS=collection set, F=free, TAMS=top-at-mark-start, PB=parsable bottom
|   0|0x0000000616800000, 0x0000000616800000, 0x0000000616c00000|  0%| F|  |TAMS 0x0000000616800000| PB 0x0000000616800000| Untracked 
|   1|0x0000000616c00000, 0x0000000616c00000, 0x0000000617000000|  0%| F|  |TAMS 0x0000000616c00000| PB 0x0000000616c00000| Untracked 
|   2|0x0000000617000000, 0x0000000617000000, 0x0000000617400000|  0%| F|  |TAMS 0x0000000617000000| PB 0x0000000617000000| Untracked 
|   3|0x0000000617400000, 0x0000000617400000, 0x0000000617800000|  0%| F|  |TAMS 0x0000000617400000| PB 0x0000000617400000| Untracked 
|   4|0x0000000617800000, 0x0000000617800000, 0x0000000617c00000|  0%| F|  |TAMS 0x0000000617800000| PB 0x0000000617800000| Untracked 
|   5|0x0000000617c00000, 0x0000000617c00000, 0x0000000618000000|  0%| F|  |TAMS 0x0000000617c00000| PB 0x0000000617c00000| Untracked 
|   6|0x0000000618000000, 0x0000000618000000, 0x0000000618400000|  0%| F|  |TAMS 0x0000000618000000| PB 0x0000000618000000| Untracked 
|   7|0x0000000618400000, 0x0000000618400000, 0x0000000618800000|  0%| F|  |TAMS 0x0000000618400000| PB 0x0000000618400000| Untracked 
|   8|0x0000000618800000, 0x0000000618800000, 0x0000000618c00000|  0%| F|  |TAMS 0x0000000618800000| PB 0x0000000618800000| Untracked 
|   9|0x0000000618c00000, 0x0000000618c00000, 0x0000000619000000|  0%| F|  |TAMS 0x0000000618c00000| PB 0x0000000618c00000| Untracked 
|  10|0x0000000619000000, 0x0000000619000000, 0x0000000619400000|  0%| F|  |TAMS 0x0000000619000000| PB 0x0000000619000000| Untracked 
|  11|0x0000000619400000, 0x0000000619400000, 0x0000000619800000|  0%| F|  |TAMS 0x0000000619400000| PB 0x0000000619400000| Untracked 
|  12|0x0000000619800000, 0x0000000619800000, 0x0000000619c00000|  0%| F|  |TAMS 0x0000000619800000| PB 0x0000000619800000| Untracked 
|  13|0x0000000619c00000, 0x0000000619c00000, 0x000000061a000000|  0%| F|  |TAMS 0x0000000619c00000| PB 0x0000000619c00000| Untracked 
|  14|0x000000061a000000, 0x000000061a000000, 0x000000061a400000|  0%| F|  |TAMS 0x000000061a000000| PB 0x000000061a000000| Untracked 
|  15|0x000000061a400000, 0x000000061a400000, 0x000000061a800000|  0%| F|  |TAMS 0x000000061a400000| PB 0x000000061a400000| Untracked 
|  16|0x000000061a800000, 0x000000061a800000, 0x000000061ac00000|  0%| F|  |TAMS 0x000000061a800000| PB 0x000000061a800000| Untracked 
|  17|0x000000061ac00000, 0x000000061ac00000, 0x000000061b000000|  0%| F|  |TAMS 0x000000061ac00000| PB 0x000000061ac00000| Untracked 
|  18|0x000000061b000000, 0x000000061b000000, 0x000000061b400000|  0%| F|  |TAMS 0x000000061b000000| PB 0x000000061b000000| Untracked 
|  19|0x000000061b400000, 0x000000061b400000, 0x000000061b800000|  0%| F|  |TAMS 0x000000061b400000| PB 0x000000061b400000| Untracked 
|  20|0x000000061b800000, 0x000000061b800000, 0x000000061bc00000|  0%| F|  |TAMS 0x000000061b800000| PB 0x000000061b800000| Untracked 
|  21|0x000000061bc00000, 0x000000061bc00000, 0x000000061c000000|  0%| F|  |TAMS 0x000000061bc00000| PB 0x000000061bc00000| Untracked 
|  22|0x000000061c000000, 0x000000061c000000, 0x000000061c400000|  0%| F|  |TAMS 0x000000061c000000| PB 0x000000061c000000| Untracked 
|  23|0x000000061c400000, 0x000000061c400000, 0x000000061c800000|  0%| F|  |TAMS 0x000000061c400000| PB 0x000000061c400000| Untracked 
|  24|0x000000061c800000, 0x000000061c800000, 0x000000061cc00000|  0%| F|  |TAMS 0x000000061c800000| PB 0x000000061c800000| Untracked 
|  25|0x000000061cc00000, 0x000000061cc00000, 0x000000061d000000|  0%| F|  |TAMS 0x000000061cc00000| PB 0x000000061cc00000| Untracked 
|  26|0x000000061d000000, 0x000000061d000000, 0x000000061d400000|  0%| F|  |TAMS 0x000000061d000000| PB 0x000000061d000000| Untracked 
|  27|0x000000061d400000, 0x000000061d400000, 0x000000061d800000|  0%| F|  |TAMS 0x000000061d400000| PB 0x000000061d400000| Untracked 
|  28|0x000000061d800000, 0x000000061d800000, 0x000000061dc00000|  0%| F|  |TAMS 0x000000061d800000| PB 0x000000061d800000| Untracked 
|  29|0x000000061dc00000, 0x000000061dc00000, 0x000000061e000000|  0%| F|  |TAMS 0x000000061dc00000| PB 0x000000061dc00000| Untracked 
|  30|0x000000061e000000, 0x000000061e000000, 0x000000061e400000|  0%| F|  |TAMS 0x000000061e000000| PB 0x000000061e000000| Untracked 
|  31|0x000000061e400000, 0x000000061e400000, 0x000000061e800000|  0%| F|  |TAMS 0x000000061e400000| PB 0x000000061e400000| Untracked 
|  32|0x000000061e800000, 0x000000061e800000, 0x000000061ec00000|  0%| F|  |TAMS 0x000000061e800000| PB 0x000000061e800000| Untracked 
|  33|0x000000061ec00000, 0x000000061ec00000, 0x000000061f000000|  0%| F|  |TAMS 0x000000061ec00000| PB 0x000000061ec00000| Untracked 
|  34|0x000000061f000000, 0x000000061f000000, 0x000000061f400000|  0%| F|  |TAMS 0x000000061f000000| PB 0x000000061f000000| Untracked 
|  35|0x000000061f400000, 0x000000061f400000, 0x000000061f800000|  0%| F|  |TAMS 0x000000061f400000| PB 0x000000061f400000| Untracked 
|  36|0x000000061f800000, 0x000000061f800000, 0x000000061fc00000|  0%| F|  |TAMS 0x000000061f800000| PB 0x000000061f800000| Untracked 
|  37|0x000000061fc00000, 0x000000061fc00000, 0x0000000620000000|  0%| F|  |TAMS 0x000000061fc00000| PB 0x000000061fc00000| Untracked 
|  38|0x0000000620000000, 0x0000000620000000, 0x0000000620400000|  0%| F|  |TAMS 0x0000000620000000| PB 0x0000000620000000| Untracked 
|  39|0x0000000620400000, 0x0000000620400000, 0x0000000620800000|  0%| F|  |TAMS 0x0000000620400000| PB 0x0000000620400000| Untracked 
|  40|0x0000000620800000, 0x0000000620800000, 0x0000000620c00000|  0%| F|  |TAMS 0x0000000620800000| PB 0x0000000620800000| Untracked 
|  41|0x0000000620c00000, 0x0000000620c00000, 0x0000000621000000|  0%| F|  |TAMS 0x0000000620c00000| PB 0x0000000620c00000| Untracked 
|  42|0x0000000621000000, 0x0000000621000000, 0x0000000621400000|  0%| F|  |TAMS 0x0000000621000000| PB 0x0000000621000000| Untracked 
|  43|0x0000000621400000, 0x0000000621400000, 0x0000000621800000|  0%| F|  |TAMS 0x0000000621400000| PB 0x0000000621400000| Untracked 
|  44|0x0000000621800000, 0x0000000621800000, 0x0000000621c00000|  0%| F|  |TAMS 0x0000000621800000| PB 0x0000000621800000| Untracked 
|  45|0x0000000621c00000, 0x0000000621c00000, 0x0000000622000000|  0%| F|  |TAMS 0x0000000621c00000| PB 0x0000000621c00000| Untracked 
|  46|0x0000000622000000, 0x0000000622000000, 0x0000000622400000|  0%| F|  |TAMS 0x0000000622000000| PB 0x0000000622000000| Untracked 
|  47|0x0000000622400000, 0x0000000622400000, 0x0000000622800000|  0%| F|  |TAMS 0x0000000622400000| PB 0x0000000622400000| Untracked 
|  48|0x0000000622800000, 0x0000000622800000, 0x0000000622c00000|  0%| F|  |TAMS 0x0000000622800000| PB 0x0000000622800000| Untracked 
|  49|0x0000000622c00000, 0x0000000622c00000, 0x0000000623000000|  0%| F|  |TAMS 0x0000000622c00000| PB 0x0000000622c00000| Untracked 
|  50|0x0000000623000000, 0x0000000623000000, 0x0000000623400000|  0%| F|  |TAMS 0x0000000623000000| PB 0x0000000623000000| Untracked 
|  51|0x0000000623400000, 0x0000000623400000, 0x0000000623800000|  0%| F|  |TAMS 0x0000000623400000| PB 0x0000000623400000| Untracked 
|  52|0x0000000623800000, 0x0000000623800000, 0x0000000623c00000|  0%| F|  |TAMS 0x0000000623800000| PB 0x0000000623800000| Untracked 
|  53|0x0000000623c00000, 0x0000000623c00000, 0x0000000624000000|  0%| F|  |TAMS 0x0000000623c00000| PB 0x0000000623c00000| Untracked 
|  54|0x0000000624000000, 0x0000000624000000, 0x0000000624400000|  0%| F|  |TAMS 0x0000000624000000| PB 0x0000000624000000| Untracked 
|  55|0x0000000624400000, 0x0000000624400000, 0x0000000624800000|  0%| F|  |TAMS 0x0000000624400000| PB 0x0000000624400000| Untracked 
|  56|0x0000000624800000, 0x0000000624800000, 0x0000000624c00000|  0%| F|  |TAMS 0x0000000624800000| PB 0x0000000624800000| Untracked 
|  57|0x0000000624c00000, 0x0000000624c00000, 0x0000000625000000|  0%| F|  |TAMS 0x0000000624c00000| PB 0x0000000624c00000| Untracked 
|  58|0x0000000625000000, 0x0000000625000000, 0x0000000625400000|  0%| F|  |TAMS 0x0000000625000000| PB 0x0000000625000000| Untracked 
|  59|0x0000000625400000, 0x0000000625400000, 0x0000000625800000|  0%| F|  |TAMS 0x0000000625400000| PB 0x0000000625400000| Untracked 
|  60|0x0000000625800000, 0x0000000625800000, 0x0000000625c00000|  0%| F|  |TAMS 0x0000000625800000| PB 0x0000000625800000| Untracked 
|  61|0x0000000625c00000, 0x0000000625c00000, 0x0000000626000000|  0%| F|  |TAMS 0x0000000625c00000| PB 0x0000000625c00000| Untracked 
|  62|0x0000000626000000, 0x0000000626000000, 0x0000000626400000|  0%| F|  |TAMS 0x0000000626000000| PB 0x0000000626000000| Untracked 
|  63|0x0000000626400000, 0x0000000626400000, 0x0000000626800000|  0%| F|  |TAMS 0x0000000626400000| PB 0x0000000626400000| Untracked 
|  64|0x0000000626800000, 0x0000000626800000, 0x0000000626c00000|  0%| F|  |TAMS 0x0000000626800000| PB 0x0000000626800000| Untracked 
|  65|0x0000000626c00000, 0x0000000626c00000, 0x0000000627000000|  0%| F|  |TAMS 0x0000000626c00000| PB 0x0000000626c00000| Untracked 
|  66|0x0000000627000000, 0x0000000627000000, 0x0000000627400000|  0%| F|  |TAMS 0x0000000627000000| PB 0x0000000627000000| Untracked 
|  67|0x0000000627400000, 0x0000000627400000, 0x0000000627800000|  0%| F|  |TAMS 0x0000000627400000| PB 0x0000000627400000| Untracked 
|  68|0x0000000627800000, 0x0000000627800000, 0x0000000627c00000|  0%| F|  |TAMS 0x0000000627800000| PB 0x0000000627800000| Untracked 
|  69|0x0000000627c00000, 0x0000000627c00000, 0x0000000628000000|  0%| F|  |TAMS 0x0000000627c00000| PB 0x0000000627c00000| Untracked 
|  70|0x0000000628000000, 0x0000000628000000, 0x0000000628400000|  0%| F|  |TAMS 0x0000000628000000| PB 0x0000000628000000| Untracked 
|  71|0x0000000628400000, 0x0000000628400000, 0x0000000628800000|  0%| F|  |TAMS 0x0000000628400000| PB 0x0000000628400000| Untracked 
|  72|0x0000000628800000, 0x0000000628800000, 0x0000000628c00000|  0%| F|  |TAMS 0x0000000628800000| PB 0x0000000628800000| Untracked 
|  73|0x0000000628c00000, 0x0000000628c00000, 0x0000000629000000|  0%| F|  |TAMS 0x0000000628c00000| PB 0x0000000628c00000| Untracked 
|  74|0x0000000629000000, 0x0000000629000000, 0x0000000629400000|  0%| F|  |TAMS 0x0000000629000000| PB 0x0000000629000000| Untracked 
|  75|0x0000000629400000, 0x0000000629400000, 0x0000000629800000|  0%| F|  |TAMS 0x0000000629400000| PB 0x0000000629400000| Untracked 
|  76|0x0000000629800000, 0x0000000629800000, 0x0000000629c00000|  0%| F|  |TAMS 0x0000000629800000| PB 0x0000000629800000| Untracked 
|  77|0x0000000629c00000, 0x0000000629c00000, 0x000000062a000000|  0%| F|  |TAMS 0x0000000629c00000| PB 0x0000000629c00000| Untracked 
|  78|0x000000062a000000, 0x000000062a000000, 0x000000062a400000|  0%| F|  |TAMS 0x000000062a000000| PB 0x000000062a000000| Untracked 
|  79|0x000000062a400000, 0x000000062a400000, 0x000000062a800000|  0%| F|  |TAMS 0x000000062a400000| PB 0x000000062a400000| Untracked 
|  80|0x000000062a800000, 0x000000062a800000, 0x000000062ac00000|  0%| F|  |TAMS 0x000000062a800000| PB 0x000000062a800000| Untracked 
|  81|0x000000062ac00000, 0x000000062ac00000, 0x000000062b000000|  0%| F|  |TAMS 0x000000062ac00000| PB 0x000000062ac00000| Untracked 
|  82|0x000000062b000000, 0x000000062b000000, 0x000000062b400000|  0%| F|  |TAMS 0x000000062b000000| PB 0x000000062b000000| Untracked 
|  83|0x000000062b400000, 0x000000062b400000, 0x000000062b800000|  0%| F|  |TAMS 0x000000062b400000| PB 0x000000062b400000| Untracked 
|  84|0x000000062b800000, 0x000000062b800000, 0x000000062bc00000|  0%| F|  |TAMS 0x000000062b800000| PB 0x000000062b800000| Untracked 
|  85|0x000000062bc00000, 0x000000062bc00000, 0x000000062c000000|  0%| F|  |TAMS 0x000000062bc00000| PB 0x000000062bc00000| Untracked 
|  86|0x000000062c000000, 0x000000062c000000, 0x000000062c400000|  0%| F|  |TAMS 0x000000062c000000| PB 0x000000062c000000| Untracked 
|  87|0x000000062c400000, 0x000000062c400000, 0x000000062c800000|  0%| F|  |TAMS 0x000000062c400000| PB 0x000000062c400000| Untracked 
|  88|0x000000062c800000, 0x000000062c800000, 0x000000062cc00000|  0%| F|  |TAMS 0x000000062c800000| PB 0x000000062c800000| Untracked 
|  89|0x000000062cc00000, 0x000000062cc00000, 0x000000062d000000|  0%| F|  |TAMS 0x000000062cc00000| PB 0x000000062cc00000| Untracked 
|  90|0x000000062d000000, 0x000000062d000000, 0x000000062d400000|  0%| F|  |TAMS 0x000000062d000000| PB 0x000000062d000000| Untracked 
|  91|0x000000062d400000, 0x000000062d400000, 0x000000062d800000|  0%| F|  |TAMS 0x000000062d400000| PB 0x000000062d400000| Untracked 
|  92|0x000000062d800000, 0x000000062d800000, 0x000000062dc00000|  0%| F|  |TAMS 0x000000062d800000| PB 0x000000062d800000| Untracked 
|  93|0x000000062dc00000, 0x000000062dc00000, 0x000000062e000000|  0%| F|  |TAMS 0x000000062dc00000| PB 0x000000062dc00000| Untracked 
|  94|0x000000062e000000, 0x000000062e000000, 0x000000062e400000|  0%| F|  |TAMS 0x000000062e000000| PB 0x000000062e000000| Untracked 
|  95|0x000000062e400000, 0x000000062e400000, 0x000000062e800000|  0%| F|  |TAMS 0x000000062e400000| PB 0x000000062e400000| Untracked 
|  96|0x000000062e800000, 0x000000062e800000, 0x000000062ec00000|  0%| F|  |TAMS 0x000000062e800000| PB 0x000000062e800000| Untracked 
|  97|0x000000062ec00000, 0x000000062ec00000, 0x000000062f000000|  0%| F|  |TAMS 0x000000062ec00000| PB 0x000000062ec00000| Untracked 
|  98|0x000000062f000000, 0x000000062f000000, 0x000000062f400000|  0%| F|  |TAMS 0x000000062f000000| PB 0x000000062f000000| Untracked 
|  99|0x000000062f400000, 0x000000062f400000, 0x000000062f800000|  0%| F|  |TAMS 0x000000062f400000| PB 0x000000062f400000| Untracked 
| 100|0x000000062f800000, 0x000000062f800000, 0x000000062fc00000|  0%| F|  |TAMS 0x000000062f800000| PB 0x000000062f800000| Untracked 
| 101|0x000000062fc00000, 0x000000062fc00000, 0x0000000630000000|  0%| F|  |TAMS 0x000000062fc00000| PB 0x000000062fc00000| Untracked 
| 102|0x0000000630000000, 0x0000000630000000, 0x0000000630400000|  0%| F|  |TAMS 0x0000000630000000| PB 0x0000000630000000| Untracked 
| 103|0x0000000630400000, 0x0000000630400000, 0x0000000630800000|  0%| F|  |TAMS 0x0000000630400000| PB 0x0000000630400000| Untracked 
| 104|0x0000000630800000, 0x0000000630800000, 0x0000000630c00000|  0%| F|  |TAMS 0x0000000630800000| PB 0x0000000630800000| Untracked 
| 105|0x0000000630c00000, 0x0000000630c00000, 0x0000000631000000|  0%| F|  |TAMS 0x0000000630c00000| PB 0x0000000630c00000| Untracked 
| 106|0x0000000631000000, 0x0000000631000000, 0x0000000631400000|  0%| F|  |TAMS 0x0000000631000000| PB 0x0000000631000000| Untracked 
| 107|0x0000000631400000, 0x0000000631400000, 0x0000000631800000|  0%| F|  |TAMS 0x0000000631400000| PB 0x0000000631400000| Untracked 
| 108|0x0000000631800000, 0x0000000631800000, 0x0000000631c00000|  0%| F|  |TAMS 0x0000000631800000| PB 0x0000000631800000| Untracked 
| 109|0x0000000631c00000, 0x0000000631c00000, 0x0000000632000000|  0%| F|  |TAMS 0x0000000631c00000| PB 0x0000000631c00000| Untracked 
| 110|0x0000000632000000, 0x0000000632000000, 0x0000000632400000|  0%| F|  |TAMS 0x0000000632000000| PB 0x0000000632000000| Untracked 
| 111|0x0000000632400000, 0x0000000632400000, 0x0000000632800000|  0%| F|  |TAMS 0x0000000632400000| PB 0x0000000632400000| Untracked 
| 112|0x0000000632800000, 0x0000000632800000, 0x0000000632c00000|  0%| F|  |TAMS 0x0000000632800000| PB 0x0000000632800000| Untracked 
| 113|0x0000000632c00000, 0x0000000632c00000, 0x0000000633000000|  0%| F|  |TAMS 0x0000000632c00000| PB 0x0000000632c00000| Untracked 
| 114|0x0000000633000000, 0x0000000633000000, 0x0000000633400000|  0%| F|  |TAMS 0x0000000633000000| PB 0x0000000633000000| Untracked 
| 115|0x0000000633400000, 0x0000000633400000, 0x0000000633800000|  0%| F|  |TAMS 0x0000000633400000| PB 0x0000000633400000| Untracked 
| 116|0x0000000633800000, 0x0000000633800000, 0x0000000633c00000|  0%| F|  |TAMS 0x0000000633800000| PB 0x0000000633800000| Untracked 
| 117|0x0000000633c00000, 0x0000000633c00000, 0x0000000634000000|  0%| F|  |TAMS 0x0000000633c00000| PB 0x0000000633c00000| Untracked 
| 118|0x0000000634000000, 0x0000000634000000, 0x0000000634400000|  0%| F|  |TAMS 0x0000000634000000| PB 0x0000000634000000| Untracked 
| 119|0x0000000634400000, 0x0000000634400000, 0x0000000634800000|  0%| F|  |TAMS 0x0000000634400000| PB 0x0000000634400000| Untracked 
| 120|0x0000000634800000, 0x00000006348f6498, 0x0000000634c00000| 24%| E|  |TAMS 0x0000000634800000| PB 0x0000000634800000| Complete 
| 121|0x0000000634c00000, 0x0000000635000000, 0x0000000635000000|100%| E|CS|TAMS 0x0000000634c00000| PB 0x0000000634c00000| Complete 
| 122|0x0000000635000000, 0x0000000635400000, 0x0000000635400000|100%| E|CS|TAMS 0x0000000635000000| PB 0x0000000635000000| Complete 
|1957|0x00000007ffc00000, 0x00000007ffd079d8, 0x0000000800000000| 25%| O|  |TAMS 0x00000007ffc00000| PB 0x00000007ffc00000| Untracked 

Card table byte_map: [0x000071bd7b800000,0x000071bd7c74c000] _byte_map_base: 0x000071bd7874c000

Marking Bits: (CMBitMap*) 0x000071bd94047130
 Bits: [0x000071bd73c00000, 0x000071bd7b660000)

Polling page: 0x000071bd9c7c7000

Metaspace:

Usage:
  Non-class:      2.98 MB used.
      Class:    290.41 KB used.
       Both:      3.26 MB used.

Virtual space:
  Non-class space:       64.00 MB reserved,       3.06 MB (  5%) committed,  1 nodes.
      Class space:        1.00 GB reserved,     384.00 KB ( <1%) committed,  1 nodes.
             Both:        1.06 GB reserved,       3.44 MB ( <1%) committed. 

Chunk freelists:
   Non-Class:  11.00 MB
       Class:  15.61 MB
        Both:  26.61 MB

MaxMetaspaceSize: unlimited
CompressedClassSpaceSize: 1.00 GB
Initial GC threshold: 21.00 MB
Current GC threshold: 21.00 MB
CDS: on
 - commit_granule_bytes: 65536.
 - commit_granule_words: 8192.
 - virtual_space_node_default_size: 8388608.
 - enlarge_chunks_in_place: 1.
 - use_allocation_guard: 0.


Internal statistics:

num_allocs_failed_limit: 0.
num_arena_births: 104.
num_arena_deaths: 0.
num_vsnodes_births: 2.
num_vsnodes_deaths: 0.
num_space_committed: 55.
num_space_uncommitted: 0.
num_chunks_returned_to_freelist: 0.
num_chunks_taken_from_freelist: 180.
num_chunk_merges: 0.
num_chunk_splits: 108.
num_chunks_enlarged: 49.
num_inconsistent_stats: 0.

CodeHeap 'non-profiled nmethods': size=119168Kb used=186Kb max_used=186Kb free=118981Kb
 bounds [0x000071bd843a0000, 0x000071bd84610000, 0x000071bd8b800000]
CodeHeap 'profiled nmethods': size=119164Kb used=803Kb max_used=803Kb free=118360Kb
 bounds [0x000071bd7c800000, 0x000071bd7ca70000, 0x000071bd83c5f000]
CodeHeap 'non-nmethods': size=7428Kb used=1568Kb max_used=2109Kb free=5859Kb
 bounds [0x000071bd83c5f000, 0x000071bd83ecf000, 0x000071bd843a0000]
 total_blobs=1175 nmethods=572 adapters=509
 compilation: enabled
              stopped_count=0, restarted_count=0
 full_count=0

Compilation events (20 events):
Event: 0.322 Thread 0x000071bd94142ff0 nmethod 549 0x000071bd7c8c3490 code [0x000071bd7c8c3680, 0x000071bd7c8c3a90]
Event: 0.322 Thread 0x000071bd94142ff0  551       3       java.util.stream.AbstractPipeline::copyInto (54 bytes)
Event: 0.322 Thread 0x000071bd94142ff0 nmethod 551 0x000071bd7c8c3c10 code [0x000071bd7c8c3e40, 0x000071bd7c8c4588]
Event: 0.322 Thread 0x000071bd94142ff0  552       3       java.util.stream.StreamOpFlag::isKnown (19 bytes)
Event: 0.322 Thread 0x000071bcd8076d80 nmethod 548 0x000071bd7c8c4810 code [0x000071bd7c8c4aa0, 0x000071bd7c8c5990]
Event: 0.322 Thread 0x000071bcd8076d80  553       3       java.util.stream.Sink::begin (1 bytes)
Event: 0.322 Thread 0x000071bd94142ff0 nmethod 552 0x000071bd7c8c5f10 code [0x000071bd7c8c60a0, 0x000071bd7c8c6208]
Event: 0.322 Thread 0x000071bd94142ff0  555       1       java.util.stream.MatchOps$BooleanTerminalSink::getAndClearState (5 bytes)
Event: 0.322 Thread 0x000071bd94142ff0 nmethod 555 0x000071bd843cc490 code [0x000071bd843cc620, 0x000071bd843cc6e8]
Event: 0.322 Thread 0x000071bcd8076d80 nmethod 553 0x000071bd7c8c6290 code [0x000071bd7c8c6420, 0x000071bd7c8c6520]
Event: 0.323 Thread 0x000071bd94142ff0  557       3       java.lang.invoke.Invokers$Holder::linkToTargetMethod (8 bytes)
Event: 0.323 Thread 0x000071bcd8076d80  558       3       java.lang.invoke.LambdaForm$MH/0x000071bd14000800::invoke (8 bytes)
Event: 0.323 Thread 0x000071bcd8076d80 nmethod 558 0x000071bd7c8c6590 code [0x000071bd7c8c6720, 0x000071bd7c8c6970]
Event: 0.323 Thread 0x000071bd94142ff0 nmethod 557 0x000071bd7c8c6a10 code [0x000071bd7c8c6bc0, 0x000071bd7c8c6ec0]
Event: 0.326 Thread 0x000071bd94142ff0  559       3       java.lang.ref.PhantomReference::<init> (7 bytes)
Event: 0.326 Thread 0x000071bcd8076d80  560       3       jdk.internal.ref.PhantomCleanable::<init> (49 bytes)
Event: 0.327 Thread 0x000071bd94142ff0 nmethod 559 0x000071bd7c8c6f90 code [0x000071bd7c8c7140, 0x000071bd7c8c7418]
Event: 0.327 Thread 0x000071bd94142ff0  561   !   3       jdk.internal.ref.PhantomCleanable::insert (53 bytes)
Event: 0.327 Thread 0x000071bd94142ff0 nmethod 561 0x000071bd7c8c7510 code [0x000071bd7c8c76c0, 0x000071bd7c8c7a78]
Event: 0.327 Thread 0x000071bcd8076d80 nmethod 560 0x000071bd7c8c7c10 code [0x000071bd7c8c7e60, 0x000071bd7c8c89b8]

GC Heap History (0 events):
No events

Dll operation events (11 events):
Event: 0.002 Loaded shared library /usr/lib/jvm/java-21-openjdk-amd64/lib/libjava.so
Event: 0.023 Loaded shared library /usr/lib/jvm/java-21-openjdk-amd64/lib/libjsvml.so
Event: 0.025 Loaded shared library /usr/lib/jvm/java-21-openjdk-amd64/lib/libnio.so
Event: 0.075 Loaded shared library /usr/lib/jvm/java-21-openjdk-amd64/lib/libzip.so
Event: 0.098 Loaded shared library /usr/lib/jvm/java-21-openjdk-amd64/lib/libjimage.so
Event: 0.140 Loaded shared library /tmp/libJCublas2-12.0.0-linux-x86_64.so
Event: 0.257 Loaded shared library /tmp/libJCudaRuntime-12.0.0-linux-x86_64.so
Event: 0.274 Loaded shared library /usr/lib/jvm/java-21-openjdk-amd64/lib/libawt.so
Event: 0.277 Loaded shared library /usr/lib/jvm/java-21-openjdk-amd64/lib/libawt_xawt.so
Event: 0.304 Loaded shared library /usr/lib/jvm/java-21-openjdk-amd64/lib/libjavajpeg.so
Event: 11.544 Loaded shared library /tmp/libJCudaDriver-12.0.0-linux-x86_64.so

Deoptimization events (20 events):
Event: 0.078 Thread 0x000071bd9401b940 DEOPT PACKING pc=0x000071bd7c83bbd9 sp=0x000071bd9adfd000
Event: 0.078 Thread 0x000071bd9401b940 DEOPT UNPACKING pc=0x000071bd83cb372f sp=0x000071bd9adfc490 mode 0
Event: 0.078 Thread 0x000071bd9401b940 DEOPT PACKING pc=0x000071bd7c83bbd9 sp=0x000071bd9adfd000
Event: 0.078 Thread 0x000071bd9401b940 DEOPT UNPACKING pc=0x000071bd83cb372f sp=0x000071bd9adfc490 mode 0
Event: 0.078 Thread 0x000071bd9401b940 DEOPT PACKING pc=0x000071bd7c83bbd9 sp=0x000071bd9adfd000
Event: 0.078 Thread 0x000071bd9401b940 DEOPT UNPACKING pc=0x000071bd83cb372f sp=0x000071bd9adfc490 mode 0
Event: 0.078 Thread 0x000071bd9401b940 DEOPT PACKING pc=0x000071bd7c83bbd9 sp=0x000071bd9adfd000
Event: 0.078 Thread 0x000071bd9401b940 DEOPT UNPACKING pc=0x000071bd83cb372f sp=0x000071bd9adfc490 mode 0
Event: 0.078 Thread 0x000071bd9401b940 DEOPT PACKING pc=0x000071bd7c83bbd9 sp=0x000071bd9adfd000
Event: 0.078 Thread 0x000071bd9401b940 DEOPT UNPACKING pc=0x000071bd83cb372f sp=0x000071bd9adfc490 mode 0
Event: 0.078 Thread 0x000071bd9401b940 DEOPT PACKING pc=0x000071bd7c83bbd9 sp=0x000071bd9adfd000
Event: 0.078 Thread 0x000071bd9401b940 DEOPT UNPACKING pc=0x000071bd83cb372f sp=0x000071bd9adfc490 mode 0
Event: 0.269 Thread 0x000071bd9401b940 Uncommon trap: trap_request=0xfffffff4 fr.pc=0x000071bd843afbe0 relative=0x00000000000001c0
Event: 0.269 Thread 0x000071bd9401b940 Uncommon trap: reason=null_check action=make_not_entrant pc=0x000071bd843afbe0 method=java.lang.String.equals(Ljava/lang/Object;)Z @ 8 c2
Event: 0.269 Thread 0x000071bd9401b940 DEOPT PACKING pc=0x000071bd843afbe0 sp=0x000071bd9adfcda0
Event: 0.269 Thread 0x000071bd9401b940 DEOPT UNPACKING pc=0x000071bd83cb2f99 sp=0x000071bd9adfcd68 mode 2
Event: 0.276 Thread 0x000071bd9401b940 Uncommon trap: trap_request=0xffffff45 fr.pc=0x000071bd843b2f6c relative=0x00000000000001cc
Event: 0.276 Thread 0x000071bd9401b940 Uncommon trap: reason=unstable_if action=reinterpret pc=0x000071bd843b2f6c method=jdk.internal.util.ArraysSupport.vectorizedHashCode(Ljava/lang/Object;IIII)I @ 2 c2
Event: 0.276 Thread 0x000071bd9401b940 DEOPT PACKING pc=0x000071bd843b2f6c sp=0x000071bd9adfa820
Event: 0.276 Thread 0x000071bd9401b940 DEOPT UNPACKING pc=0x000071bd83cb2f99 sp=0x000071bd9adfa810 mode 2

Classes loaded (20 events):
Event: 0.314 Loading class java/util/stream/MatchOps$MatchKind
Event: 0.314 Loading class java/util/stream/MatchOps$MatchKind done
Event: 0.314 Loading class java/util/stream/MatchOps
Event: 0.314 Loading class java/util/stream/MatchOps done
Event: 0.314 Loading class java/util/stream/MatchOps$MatchOp
Event: 0.314 Loading class java/util/stream/MatchOps$MatchOp done
Event: 0.314 Loading class java/util/stream/MatchOps$BooleanTerminalSink
Event: 0.314 Loading class java/util/stream/MatchOps$BooleanTerminalSink done
Event: 0.314 Loading class java/util/stream/MatchOps$2MatchSink
Event: 0.314 Loading class java/util/stream/MatchOps$2MatchSink done
Event: 0.315 Loading class java/util/stream/MatchOps$1MatchSink
Event: 0.315 Loading class java/util/stream/MatchOps$1MatchSink done
Event: 0.315 Loading class java/nio/HeapDoubleBuffer
Event: 0.316 Loading class java/nio/HeapDoubleBuffer done
Event: 9.105 Loading class java/awt/Dimension
Event: 9.106 Loading class java/awt/geom/Dimension2D
Event: 9.106 Loading class java/awt/geom/Dimension2D done
Event: 9.106 Loading class java/awt/Dimension done
Event: 11.561 Loading class java/nio/HeapIntBuffer
Event: 11.562 Loading class java/nio/HeapIntBuffer done

Classes unloaded (0 events):
No events

Classes redefined (0 events):
No events

Internal exceptions (13 events):
Event: 0.047 Thread 0x000071bd9401b940 Exception <a 'sun/nio/fs/UnixException'{0x0000000635070ea8}> (0x0000000635070ea8) 
thrown [./src/hotspot/share/prims/jni.cpp, line 520]
Event: 0.047 Thread 0x000071bd9401b940 Exception <a 'sun/nio/fs/UnixException'{0x00000006350715e8}> (0x00000006350715e8) 
thrown [./src/hotspot/share/prims/jni.cpp, line 520]
Event: 0.047 Thread 0x000071bd9401b940 Exception <a 'sun/nio/fs/UnixException'{0x0000000635071e18}> (0x0000000635071e18) 
thrown [./src/hotspot/share/prims/jni.cpp, line 520]
Event: 0.047 Thread 0x000071bd9401b940 Exception <a 'sun/nio/fs/UnixException'{0x0000000635072410}> (0x0000000635072410) 
thrown [./src/hotspot/share/prims/jni.cpp, line 520]
Event: 0.047 Thread 0x000071bd9401b940 Exception <a 'sun/nio/fs/UnixException'{0x00000006350729e0}> (0x00000006350729e0) 
thrown [./src/hotspot/share/prims/jni.cpp, line 520]
Event: 0.047 Thread 0x000071bd9401b940 Exception <a 'sun/nio/fs/UnixException'{0x0000000635072fc0}> (0x0000000635072fc0) 
thrown [./src/hotspot/share/prims/jni.cpp, line 520]
Event: 0.048 Thread 0x000071bd9401b940 Exception <a 'sun/nio/fs/UnixException'{0x0000000635073810}> (0x0000000635073810) 
thrown [./src/hotspot/share/prims/jni.cpp, line 520]
Event: 0.264 Thread 0x000071bd9401b940 Exception <a 'java/lang/NoSuchMethodError'{0x0000000634cd2998}: 'void java.lang.invoke.DirectMethodHandle$Holder.invokeStatic(java.lang.Object, java.lang.Object)'> (0x0000000634cd2998) 
thrown [./src/hotspot/share/interpreter/linkResolver.cpp, line 772]
Event: 0.269 Thread 0x000071bd9401b940 Implicit null exception at 0x000071bd843afa63 to 0x000071bd843afbd0
Event: 0.272 Thread 0x000071bd9401b940 Exception <a 'java/lang/ClassNotFoundException'{0x0000000634ce7080}: sun/awt/resources/spi/awtProvider> (0x0000000634ce7080) 
thrown [./src/hotspot/share/classfile/systemDictionary.cpp, line 312]
Event: 0.284 Thread 0x000071bd9401b940 Exception <a 'java/io/FileNotFoundException'{0x0000000634db5010}> (0x0000000634db5010) 
thrown [./src/hotspot/share/prims/jni.cpp, line 520]
Event: 0.318 Thread 0x000071bd9401b940 Exception <a 'java/lang/NoSuchMethodError'{0x0000000634f61828}: 'java.lang.Object java.lang.invoke.DirectMethodHandle$Holder.invokeStatic(java.lang.Object, java.lang.Object, int)'> (0x0000000634f61828) 
thrown [./src/hotspot/share/interpreter/linkResolver.cpp, line 772]
Event: 11.511 Thread 0x000071bd9401b940 Exception <a 'java/lang/NoSuchMethodError'{0x0000000634fce1d0}: 'java.lang.Object java.lang.invoke.DirectMethodHandle$Holder.newInvokeSpecial(java.lang.Object, java.lang.Object, int)'> (0x0000000634fce1d0) 
thrown [./src/hotspot/share/interpreter/linkResolver.cpp, line 772]

ZGC Phase Switch (0 events):
No events

VM Operations (20 events):
Event: 17.576 Executing VM operation: ChangeSingleStep
Event: 17.576 Executing VM operation: ChangeSingleStep done
Event: 17.577 Executing VM operation: ChangeSingleStep
Event: 17.577 Executing VM operation: ChangeSingleStep done
Event: 18.913 Executing VM operation: ChangeBreakpoints
Event: 18.913 Executing VM operation: ChangeBreakpoints done
Event: 18.913 Executing VM operation: ChangeSingleStep
Event: 18.913 Executing VM operation: ChangeSingleStep done
Event: 18.915 Executing VM operation: ChangeSingleStep
Event: 18.915 Executing VM operation: ChangeSingleStep done
Event: 18.915 Executing VM operation: ChangeBreakpoints
Event: 18.915 Executing VM operation: ChangeBreakpoints done
Event: 18.916 Executing VM operation: ChangeSingleStep
Event: 18.916 Executing VM operation: ChangeSingleStep done
Event: 18.916 Executing VM operation: ChangeSingleStep
Event: 18.916 Executing VM operation: ChangeSingleStep done
Event: 20.264 Executing VM operation: ChangeSingleStep
Event: 20.264 Executing VM operation: ChangeSingleStep done
Event: 20.265 Executing VM operation: ChangeSingleStep
Event: 20.265 Executing VM operation: ChangeSingleStep done

Memory protections (17 events):
Event: 0.002 Protecting memory [0x000071bd9ad00000,0x000071bd9ad04000] with protection modes 0
Event: 0.022 Protecting memory [0x000071bd70500000,0x000071bd70504000] with protection modes 0
Event: 0.022 Protecting memory [0x000071bd70400000,0x000071bd70404000] with protection modes 0
Event: 0.022 Protecting memory [0x000071bd70300000,0x000071bd70304000] with protection modes 0
Event: 0.022 Protecting memory [0x000071bd70200000,0x000071bd70204000] with protection modes 0
Event: 0.022 Protecting memory [0x000071bd70100000,0x000071bd70104000] with protection modes 0
Event: 0.022 Protecting memory [0x000071bd70000000,0x000071bd70004000] with protection modes 0
Event: 0.022 Protecting memory [0x000071bd6bf00000,0x000071bd6bf04000] with protection modes 0
Event: 0.038 Protecting memory [0x000071bd6be00000,0x000071bd6be04000] with protection modes 0
Event: 0.044 Protecting memory [0x000071bd6bd00000,0x000071bd6bd04000] with protection modes 0
Event: 0.054 Protecting memory [0x000071bd6bc00000,0x000071bd6bc04000] with protection modes 0
Event: 0.059 Protecting memory [0x000071bd6bb00000,0x000071bd6bb04000] with protection modes 0
Event: 0.059 Protecting memory [0x000071bd6ba00000,0x000071bd6ba04000] with protection modes 0
Event: 0.060 Protecting memory [0x000071bd6b900000,0x000071bd6b904000] with protection modes 0
Event: 0.070 Protecting memory [0x000071bd6b800000,0x000071bd6b804000] with protection modes 0
Event: 0.265 Protecting memory [0x000071bd6bc00000,0x000071bd6bc04000] with protection modes 0
Event: 0.303 Protecting memory [0x000071bd68500000,0x000071bd68504000] with protection modes 0

Nmethod flushes (0 events):
No events

Events (19 events):
Event: 0.015 Thread 0x000071bd9401b940 Thread added: 0x000071bd9401b940
Event: 0.021 Thread 0x000071bd9401b940 Thread added: 0x000071bd94139ff0
Event: 0.022 Thread 0x000071bd9401b940 Thread added: 0x000071bd9413b680
Event: 0.022 Thread 0x000071bd9401b940 Thread added: 0x000071bd9413d150
Event: 0.022 Thread 0x000071bd9401b940 Thread added: 0x000071bd9413e7a0
Event: 0.022 Thread 0x000071bd9401b940 Thread added: 0x000071bd9413fd50
Event: 0.022 Thread 0x000071bd9401b940 Thread added: 0x000071bd94141920
Event: 0.022 Thread 0x000071bd9401b940 Thread added: 0x000071bd94142ff0
Event: 0.038 Thread 0x000071bd9401b940 Thread added: 0x000071bd941620d0
Event: 0.044 Thread 0x000071bd94142ff0 Thread added: 0x000071bcd8076d80
Event: 0.054 Thread 0x000071bd94141920 Thread added: 0x000071bcdc087f20
Event: 0.059 Thread 0x000071bd9401b940 Thread added: 0x000071bd941ad7d0
Event: 0.059 Thread 0x000071bd9401b940 Thread added: 0x000071bd941c4f40
Event: 0.060 Thread 0x000071bd941ad7d0 Thread added: 0x000071bcc0001110
Event: 0.070 Thread 0x000071bd9401b940 Thread added: 0x000071bd941c6190
Event: 0.255 Thread 0x000071bcdc087f20 Thread exited: 0x000071bcdc087f20
Event: 0.265 Thread 0x000071bd9401b940 Thread added: 0x000071bd9553f830
Event: 0.303 Thread 0x000071bd9401b940 Thread added: 0x000071bd9556ff10
Event: 5.327 Thread 0x000071bcd8076d80 Thread exited: 0x000071bcd8076d80


Dynamic libraries:
200000000-200200000 ---p 00000000 00:00 0 
200200000-200400000 rw-s 00000000 00:05 1111                             /dev/nvidia0
200400000-203400000 rw-s 00000000 00:05 1110                             /dev/nvidiactl
203400000-204400000 ---p 00000000 00:00 0 
204400000-204600000 rw-s 00000000 00:05 1110                             /dev/nvidiactl
204600000-204800000 rw-s 00000000 00:05 1110                             /dev/nvidiactl
204800000-204a00000 rw-s 00000000 00:05 1110                             /dev/nvidiactl
204a00000-204c00000 rw-s 204a00000 00:05 1112                            /dev/nvidia-uvm
204c00000-204e00000 rw-s 00000000 00:05 1110                             /dev/nvidiactl
204e00000-205000000 ---p 00000000 00:00 0 
205000000-205200000 rw-s 00000000 00:05 1110                             /dev/nvidiactl
205200000-300200000 ---p 00000000 00:00 0 
616800000-635400000 rw-p 00000000 00:00 0 
635400000-7ffc00000 ---p 00000000 00:00 0 
7ffc00000-7ffd08000 rw-p 00ced000 103:02 17172987                        /usr/lib/jvm/java-21-openjdk-amd64/lib/server/classes.jsa
7ffd08000-800000000 rw-p 00000000 00:00 0 
10000000000-10004000000 ---p 00000000 00:00 0 
5fdf797fe000-5fdf797ff000 r--p 00000000 103:02 17172834                  /usr/lib/jvm/java-21-openjdk-amd64/bin/java
5fdf797ff000-5fdf79800000 r-xp 00001000 103:02 17172834                  /usr/lib/jvm/java-21-openjdk-amd64/bin/java
5fdf79800000-5fdf79801000 r--p 00002000 103:02 17172834                  /usr/lib/jvm/java-21-openjdk-amd64/bin/java
5fdf79801000-5fdf79802000 r--p 00002000 103:02 17172834                  /usr/lib/jvm/java-21-openjdk-amd64/bin/java
5fdf79802000-5fdf79803000 rw-p 00003000 103:02 17172834                  /usr/lib/jvm/java-21-openjdk-amd64/bin/java
5fdf7b6e0000-5fdf7b728000 rw-p 00000000 00:00 0                          [heap]
71bc48000000-71bc48021000 rw-p 00000000 00:00 0 
71bc48021000-71bc4c000000 ---p 00000000 00:00 0 
71bc4e000000-71bc56000000 ---p 00000000 00:00 0 
71bc58000000-71bc5a000000 ---p 00000000 00:00 0 
71bc5c000000-71bc5c400000 ---p 00000000 00:00 0 
71bc5c400000-71bc5c600000 rw-s 00000000 00:05 1110                       /dev/nvidiactl
71bc5c600000-71bc5c800000 rw-s 00000000 00:01 379                        /dev/zero (deleted)
71bc5c800000-71bc5ca00000 rw-s 00000000 00:01 380                        /dev/zero (deleted)
71bc5ca00000-71bc5d000000 ---p 00000000 00:00 0 
71bc5d000000-71bc5d200000 rw-s 00000000 00:05 1110                       /dev/nvidiactl
71bc5d200000-71bc5d400000 ---p 00000000 00:00 0 
71bc5d400000-71bc5d600000 rw-s 00000000 00:01 382                        /dev/zero (deleted)
71bc5d600000-71bc5db33000 rw-s 00000000 00:05 1110                       /dev/nvidiactl
71bc5db33000-71bc5e000000 ---p 00000000 00:00 0 
71bc60000000-71bc70000000 ---p 00000000 00:00 0 
71bc74000000-71bc74021000 rw-p 00000000 00:00 0 
71bc74021000-71bc78000000 ---p 00000000 00:00 0 
71bc7a000000-71bc80000000 ---p 00000000 00:00 0 
71bc80000000-71bc80021000 rw-p 00000000 00:00 0 
71bc80021000-71bc84000000 ---p 00000000 00:00 0 
71bc84200000-71bca1463000 r-xp 00000000 103:02 16524125                  /usr/lib/x86_64-linux-gnu/libcublasLt.so.12.0.2.224
71bca1463000-71bca1663000 ---p 1d263000 103:02 16524125                  /usr/lib/x86_64-linux-gnu/libcublasLt.so.12.0.2.224
71bca1663000-71bca1893000 r--p 1d263000 103:02 16524125                  /usr/lib/x86_64-linux-gnu/libcublasLt.so.12.0.2.224
71bca1893000-71bca2827000 rw-p 1d493000 103:02 16524125                  /usr/lib/x86_64-linux-gnu/libcublasLt.so.12.0.2.224
71bca2827000-71bca500f000 rw-p 00000000 00:00 0 
71bca5400000-71bcaba67000 r-xp 00000000 103:02 16524127                  /usr/lib/x86_64-linux-gnu/libcublas.so.12.0.2.224
71bcaba67000-71bcabc67000 ---p 06667000 103:02 16524127                  /usr/lib/x86_64-linux-gnu/libcublas.so.12.0.2.224
71bcabc67000-71bcabc6e000 r--p 06667000 103:02 16524127                  /usr/lib/x86_64-linux-gnu/libcublas.so.12.0.2.224
71bcabc6e000-71bcabc75000 rw-p 0666e000 103:02 16524127                  /usr/lib/x86_64-linux-gnu/libcublas.so.12.0.2.224
71bcabc75000-71bcabc7d000 rw-p 00000000 00:00 0 
71bcac000000-71bcac021000 rw-p 00000000 00:00 0 
71bcac021000-71bcb0000000 ---p 00000000 00:00 0 
71bcb4000000-71bcb4021000 rw-p 00000000 00:00 0 
71bcb4021000-71bcb8000000 ---p 00000000 00:00 0 
71bcb8000000-71bcb8021000 rw-p 00000000 00:00 0 
71bcb8021000-71bcbc000000 ---p 00000000 00:00 0 
71bcc0000000-71bcc0021000 rw-p 00000000 00:00 0 
71bcc0021000-71bcc4000000 ---p 00000000 00:00 0 
71bcc4000000-71bcc4091000 rw-p 00000000 00:00 0 
71bcc4091000-71bcc8000000 ---p 00000000 00:00 0 
71bccc000000-71bccc090000 rw-p 00000000 00:00 0 
71bccc090000-71bcd0000000 ---p 00000000 00:00 0 
71bcd0000000-71bcd0021000 rw-p 00000000 00:00 0 
71bcd0021000-71bcd4000000 ---p 00000000 00:00 0 
71bcd8000000-71bcd810b000 rw-p 00000000 00:00 0 
71bcd810b000-71bcdc000000 ---p 00000000 00:00 0 
71bcdc000000-71bcdc104000 rw-p 00000000 00:00 0 
71bcdc104000-71bce0000000 ---p 00000000 00:00 0 
71bce4000000-71bce4021000 rw-p 00000000 00:00 0 
71bce4021000-71bce8000000 ---p 00000000 00:00 0 
71bce8000000-71bce8021000 rw-p 00000000 00:00 0 
71bce8021000-71bcec000000 ---p 00000000 00:00 0 
71bcf0000000-71bcf0021000 rw-p 00000000 00:00 0 
71bcf0021000-71bcf4000000 ---p 00000000 00:00 0 
71bcf4000000-71bcf4021000 rw-p 00000000 00:00 0 
71bcf4021000-71bcf8000000 ---p 00000000 00:00 0 
71bcfc000000-71bcfc021000 rw-p 00000000 00:00 0 
71bcfc021000-71bd00000000 ---p 00000000 00:00 0 
71bd00000000-71bd00021000 rw-p 00000000 00:00 0 
71bd00021000-71bd04000000 ---p 00000000 00:00 0 
71bd06600000-71bd068dc000 rw-p 00000000 00:00 0 
71bd06a00000-71bd06ae4000 r-xp 00000000 103:02 18219091                  /tmp/libJCudaDriver-12.0.0-linux-x86_64.so
71bd06ae4000-71bd06ce4000 ---p 000e4000 103:02 18219091                  /tmp/libJCudaDriver-12.0.0-linux-x86_64.so
71bd06ce4000-71bd06ce9000 r--p 000e4000 103:02 18219091                  /tmp/libJCudaDriver-12.0.0-linux-x86_64.so
71bd06ce9000-71bd06ceb000 rw-p 000e9000 103:02 18219091                  /tmp/libJCudaDriver-12.0.0-linux-x86_64.so
71bd06ceb000-71bd06ced000 rw-p 00000000 00:00 0 
71bd07000000-71bd070c7000 r-xp 00000000 103:02 18219090                  /tmp/libJCudaRuntime-12.0.0-linux-x86_64.so
71bd070c7000-71bd072c7000 ---p 000c7000 103:02 18219090                  /tmp/libJCudaRuntime-12.0.0-linux-x86_64.so
71bd072c7000-71bd072cc000 r--p 000c7000 103:02 18219090                  /tmp/libJCudaRuntime-12.0.0-linux-x86_64.so
71bd072cc000-71bd072cd000 rw-p 000cc000 103:02 18219090                  /tmp/libJCudaRuntime-12.0.0-linux-x86_64.so
71bd072cd000-71bd072cf000 rw-p 00000000 00:00 0 
71bd07600000-71bd07601000 ---p 00000000 00:00 0 
71bd07601000-71bd07e01000 rw-p 00000000 00:00 0 
71bd08000000-71bd08210000 rw-p 00000000 00:00 0 
71bd08210000-71bd08400000 ---p 00000000 00:00 0 
71bd08400000-71bd08500000 rw-p 00000000 00:00 0 
71bd08500000-71bd0c000000 ---p 00000000 00:00 0 
71bd0c000000-71bd0c021000 rw-p 00000000 00:00 0 
71bd0c021000-71bd10000000 ---p 00000000 00:00 0 
71bd10200000-71bd10201000 rw-s 00000000 00:05 1110                       /dev/nvidiactl
71bd10201000-71bd10202000 rw-s 00000000 00:05 1110                       /dev/nvidiactl
71bd10202000-71bd10203000 rw-s 00000000 00:05 1110                       /dev/nvidiactl
71bd10203000-71bd10204000 rw-s 00000000 00:05 1110                       /dev/nvidiactl
71bd10204000-71bd10205000 rw-s 00000000 00:05 1110                       /dev/nvidiactl
71bd10205000-71bd10206000 rw-s 00000000 00:05 1110                       /dev/nvidiactl
71bd10206000-71bd10207000 rw-s 00000000 00:05 1110                       /dev/nvidiactl
71bd10207000-71bd10208000 rw-s 00000000 00:05 1110                       /dev/nvidiactl
71bd10208000-71bd10209000 rw-s 00000000 00:05 1110                       /dev/nvidiactl
71bd10209000-71bd1020a000 rw-s 00000000 00:05 1110                       /dev/nvidiactl
71bd1020a000-71bd1020b000 rw-s 00000000 00:05 1110                       /dev/nvidiactl
71bd1020b000-71bd1020c000 rw-s 00000000 00:05 1110                       /dev/nvidiactl
71bd1020c000-71bd1020d000 rw-s 00000000 00:05 1110                       /dev/nvidiactl
71bd1020d000-71bd1020e000 rw-s 00000000 00:05 1110                       /dev/nvidiactl
71bd1020e000-71bd1020f000 rw-s 00000000 00:05 1110                       /dev/nvidiactl
71bd1020f000-71bd10210000 rw-s 00000000 00:05 1110                       /dev/nvidiactl
71bd10210000-71bd11221000 ---p 00000000 00:00 0 
71bd11400000-71bd11401000 ---p 00000000 00:00 0 
71bd11401000-71bd11c01000 rw-p 00000000 00:00 0 
71bd11e00000-71bd12e21000 ---p 00000000 00:00 0 
71bd13000000-71bd13cae000 rw-p 00001000 103:02 17172987                  /usr/lib/jvm/java-21-openjdk-amd64/lib/server/classes.jsa
71bd13cae000-71bd14000000 ---p 00000000 00:00 0 
71bd14000000-71bd14030000 rw-p 00000000 00:00 0 
71bd14030000-71bd14040000 ---p 00000000 00:00 0 
71bd14040000-71bd14070000 rw-p 00000000 00:00 0 
71bd14070000-71bd54000000 ---p 00000000 00:00 0 
71bd54000000-71bd54021000 rw-p 00000000 00:00 0 
71bd54021000-71bd58000000 ---p 00000000 00:00 0 
71bd58000000-71bd58021000 rw-p 00000000 00:00 0 
71bd58021000-71bd5c000000 ---p 00000000 00:00 0 
71bd5c400000-71bd5f17c000 r-xp 00000000 103:02 16526206                  /usr/lib/x86_64-linux-gnu/libnvrtc.so.12.0.140
71bd5f17c000-71bd5f37c000 ---p 02d7c000 103:02 16526206                  /usr/lib/x86_64-linux-gnu/libnvrtc.so.12.0.140
71bd5f37c000-71bd5fa4f000 r--p 02d7c000 103:02 16526206                  /usr/lib/x86_64-linux-gnu/libnvrtc.so.12.0.140
71bd5fa4f000-71bd5fb1b000 rw-p 0344f000 103:02 16526206                  /usr/lib/x86_64-linux-gnu/libnvrtc.so.12.0.140
71bd5fb1b000-71bd5fc1c000 rw-p 00000000 00:00 0 
71bd60000000-71bd60021000 rw-p 00000000 00:00 0 
71bd60021000-71bd64000000 ---p 00000000 00:00 0 
71bd64000000-71bd64021000 rw-p 00000000 00:00 0 
71bd64021000-71bd68000000 ---p 00000000 00:00 0 
71bd6847d000-71bd68481000 r--p 00000000 103:02 16530777                  /usr/lib/x86_64-linux-gnu/libjpeg.so.8.2.2
71bd68481000-71bd684ce000 r-xp 00004000 103:02 16530777                  /usr/lib/x86_64-linux-gnu/libjpeg.so.8.2.2
71bd684ce000-71bd684fe000 r--p 00051000 103:02 16530777                  /usr/lib/x86_64-linux-gnu/libjpeg.so.8.2.2
71bd684fe000-71bd684ff000 r--p 00081000 103:02 16530777                  /usr/lib/x86_64-linux-gnu/libjpeg.so.8.2.2
71bd684ff000-71bd68500000 rw-p 00082000 103:02 16530777                  /usr/lib/x86_64-linux-gnu/libjpeg.so.8.2.2
71bd68500000-71bd68504000 ---p 00000000 00:00 0 
71bd68504000-71bd68600000 rw-p 00000000 00:00 0 
71bd68600000-71bd68800000 rw-s 00000000 00:01 381                        /dev/zero (deleted)
71bd68800000-71bd68a5a000 rw-p 00000000 00:00 0 
71bd68ac3000-71bd68adc000 r--p 00000000 103:02 16530316                  /usr/lib/x86_64-linux-gnu/libX11.so.6.4.0
71bd68adc000-71bd68b6c000 r-xp 00019000 103:02 16530316                  /usr/lib/x86_64-linux-gnu/libX11.so.6.4.0
71bd68b6c000-71bd68bfb000 r--p 000a9000 103:02 16530316                  /usr/lib/x86_64-linux-gnu/libX11.so.6.4.0
71bd68bfb000-71bd68bfc000 r--p 00138000 103:02 16530316                  /usr/lib/x86_64-linux-gnu/libX11.so.6.4.0
71bd68bfc000-71bd68c00000 rw-p 00139000 103:02 16530316                  /usr/lib/x86_64-linux-gnu/libX11.so.6.4.0
71bd68c00000-71bd68c01000 ---p 00000000 00:00 0 
71bd68c01000-71bd69401000 rw-p 00000000 00:00 0 
71bd69444000-71bd69456000 r--p 00000000 103:02 17173114                  /usr/lib/jvm/java-21-openjdk-amd64/lib/libawt_xawt.so
71bd69456000-71bd6949d000 r-xp 00012000 103:02 17173114                  /usr/lib/jvm/java-21-openjdk-amd64/lib/libawt_xawt.so
71bd6949d000-71bd694b5000 r--p 00059000 103:02 17173114                  /usr/lib/jvm/java-21-openjdk-amd64/lib/libawt_xawt.so
71bd694b5000-71bd694ba000 r--p 00070000 103:02 17173114                  /usr/lib/jvm/java-21-openjdk-amd64/lib/libawt_xawt.so
71bd694ba000-71bd694bc000 rw-p 00075000 103:02 17173114                  /usr/lib/jvm/java-21-openjdk-amd64/lib/libawt_xawt.so
71bd694bc000-71bd69600000 rw-p 00000000 00:00 0 
71bd69600000-71bd696de000 r--p 00000000 103:02 16552573                  /usr/lib/x86_64-linux-gnu/libcuda.so.550.107.02
71bd696de000-71bd69bb3000 r-xp 000de000 103:02 16552573                  /usr/lib/x86_64-linux-gnu/libcuda.so.550.107.02
71bd69bb3000-71bd6b04e000 r--p 005b3000 103:02 16552573                  /usr/lib/x86_64-linux-gnu/libcuda.so.550.107.02
71bd6b04e000-71bd6b04f000 ---p 01a4e000 103:02 16552573                  /usr/lib/x86_64-linux-gnu/libcuda.so.550.107.02
71bd6b04f000-71bd6b067000 r--p 01a4e000 103:02 16552573                  /usr/lib/x86_64-linux-gnu/libcuda.so.550.107.02
71bd6b067000-71bd6b162000 rw-p 01a66000 103:02 16552573                  /usr/lib/x86_64-linux-gnu/libcuda.so.550.107.02
71bd6b162000-71bd6b1cb000 rw-p 00000000 00:00 0 
71bd6b1d7000-71bd6b1e2000 r--p 00000000 103:02 16531187                  /usr/lib/x86_64-linux-gnu/libxcb.so.1.1.0
71bd6b1e2000-71bd6b1f5000 r-xp 0000b000 103:02 16531187                  /usr/lib/x86_64-linux-gnu/libxcb.so.1.1.0
71bd6b1f5000-71bd6b1fe000 r--p 0001e000 103:02 16531187                  /usr/lib/x86_64-linux-gnu/libxcb.so.1.1.0
71bd6b1fe000-71bd6b1ff000 r--p 00026000 103:02 16531187                  /usr/lib/x86_64-linux-gnu/libxcb.so.1.1.0
71bd6b1ff000-71bd6b200000 rw-p 00027000 103:02 16531187                  /usr/lib/x86_64-linux-gnu/libxcb.so.1.1.0
71bd6b200000-71bd6b338000 r-xp 00000000 103:02 18219089                  /tmp/libJCublas2-12.0.0-linux-x86_64.so
71bd6b338000-71bd6b538000 ---p 00138000 103:02 18219089                  /tmp/libJCublas2-12.0.0-linux-x86_64.so
71bd6b538000-71bd6b53d000 r--p 00138000 103:02 18219089                  /tmp/libJCublas2-12.0.0-linux-x86_64.so
71bd6b53d000-71bd6b53f000 rw-p 0013d000 103:02 18219089                  /tmp/libJCublas2-12.0.0-linux-x86_64.so
71bd6b53f000-71bd6b541000 rw-p 00000000 00:00 0 
71bd6b557000-71bd6b575000 r--p 00000000 103:02 17172951                  /usr/lib/jvm/java-21-openjdk-amd64/lib/libawt.so
71bd6b575000-71bd6b60c000 r-xp 0001e000 103:02 17172951                  /usr/lib/jvm/java-21-openjdk-amd64/lib/libawt.so
71bd6b60c000-71bd6b619000 r--p 000b5000 103:02 17172951                  /usr/lib/jvm/java-21-openjdk-amd64/lib/libawt.so
71bd6b619000-71bd6b61a000 r--p 000c1000 103:02 17172951                  /usr/lib/jvm/java-21-openjdk-amd64/lib/libawt.so
71bd6b61a000-71bd6b625000 rw-p 000c2000 103:02 17172951                  /usr/lib/jvm/java-21-openjdk-amd64/lib/libawt.so
71bd6b625000-71bd6b800000 rw-p 00000000 00:00 0 
71bd6b800000-71bd6b804000 ---p 00000000 00:00 0 
71bd6b804000-71bd6b900000 rw-p 00000000 00:00 0 
71bd6b900000-71bd6b904000 ---p 00000000 00:00 0 
71bd6b904000-71bd6ba00000 rw-p 00000000 00:00 0 
71bd6ba00000-71bd6ba04000 ---p 00000000 00:00 0 
71bd6ba04000-71bd6bb00000 rw-p 00000000 00:00 0 
71bd6bb00000-71bd6bb04000 ---p 00000000 00:00 0 
71bd6bb04000-71bd6bc00000 rw-p 00000000 00:00 0 
71bd6bc00000-71bd6bc04000 ---p 00000000 00:00 0 
71bd6bc04000-71bd6bd00000 rw-p 00000000 00:00 0 
71bd6bd00000-71bd6bd04000 ---p 00000000 00:00 0 
71bd6bd04000-71bd6be00000 rw-p 00000000 00:00 0 
71bd6be00000-71bd6be04000 ---p 00000000 00:00 0 
71bd6be04000-71bd6bf00000 rw-p 00000000 00:00 0 
71bd6bf00000-71bd6bf04000 ---p 00000000 00:00 0 
71bd6bf04000-71bd6c000000 rw-p 00000000 00:00 0 
71bd6c000000-71bd6c021000 rw-p 00000000 00:00 0 
71bd6c021000-71bd70004000 ---p 00000000 00:00 0 
71bd70004000-71bd70100000 rw-p 00000000 00:00 0 
71bd70100000-71bd70104000 ---p 00000000 00:00 0 
71bd70104000-71bd70200000 rw-p 00000000 00:00 0 
71bd70200000-71bd70204000 ---p 00000000 00:00 0 
71bd70204000-71bd70300000 rw-p 00000000 00:00 0 
71bd70300000-71bd70304000 ---p 00000000 00:00 0 
71bd70304000-71bd70400000 rw-p 00000000 00:00 0 
71bd70400000-71bd70404000 ---p 00000000 00:00 0 
71bd70404000-71bd70500000 rw-p 00000000 00:00 0 
71bd70500000-71bd70504000 ---p 00000000 00:00 0 
71bd70504000-71bd70600000 rw-p 00000000 00:00 0 
71bd70600000-71bd713ec000 r--p 00000000 103:02 16521112                  /usr/lib/locale/locale-archive
71bd713f8000-71bd713f9000 ---p 00000000 00:00 0 
71bd713f9000-71bd714f9000 rw-p 00000000 00:00 0 
71bd714f9000-71bd714fa000 ---p 00000000 00:00 0 
71bd714fa000-71bd715fa000 rw-p 00000000 00:00 0 
71bd715fa000-71bd715fb000 ---p 00000000 00:00 0 
71bd715fb000-71bd716fb000 rw-p 00000000 00:00 0 
71bd716fb000-71bd716fc000 ---p 00000000 00:00 0 
71bd716fc000-71bd717fc000 rw-p 00000000 00:00 0 
71bd717fc000-71bd743b0000 rw-p 00000000 00:00 0 
71bd743b0000-71bd7b650000 ---p 00000000 00:00 0 
71bd7b650000-71bd7b660000 rw-p 00000000 00:00 0 
71bd7b665000-71bd7b669000 r--p 00000000 103:02 16530470                  /usr/lib/x86_64-linux-gnu/libbsd.so.0.12.1
71bd7b669000-71bd7b675000 r-xp 00004000 103:02 16530470                  /usr/lib/x86_64-linux-gnu/libbsd.so.0.12.1
71bd7b675000-71bd7b678000 r--p 00010000 103:02 16530470                  /usr/lib/x86_64-linux-gnu/libbsd.so.0.12.1
71bd7b678000-71bd7b679000 r--p 00012000 103:02 16530470                  /usr/lib/x86_64-linux-gnu/libbsd.so.0.12.1
71bd7b679000-71bd7b67a000 rw-p 00013000 103:02 16530470                  /usr/lib/x86_64-linux-gnu/libbsd.so.0.12.1
71bd7b67a000-71bd7b8f6000 rw-p 00000000 00:00 0 
71bd7b8f6000-71bd7c74a000 ---p 00000000 00:00 0 
71bd7c74a000-71bd7c74c000 rw-p 00000000 00:00 0 
71bd7c75f000-71bd7c800000 rw-p 00000000 00:00 0 
71bd7c800000-71bd7ca70000 rwxp 00000000 00:00 0 
71bd7ca70000-71bd83c5f000 ---p 00000000 00:00 0 
71bd83c5f000-71bd83ecf000 rwxp 00000000 00:00 0 
71bd83ecf000-71bd843a0000 ---p 00000000 00:00 0 
71bd843a0000-71bd84610000 rwxp 00000000 00:00 0 
71bd84610000-71bd8b800000 ---p 00000000 00:00 0 
71bd8b800000-71bd93e02000 r--s 00000000 103:02 17172984                  /usr/lib/jvm/java-21-openjdk-amd64/lib/modules
71bd93e04000-71bd93e06000 r--p 00000000 103:02 16530828                  /usr/lib/x86_64-linux-gnu/libmd.so.0.1.0
71bd93e06000-71bd93e0f000 r-xp 00002000 103:02 16530828                  /usr/lib/x86_64-linux-gnu/libmd.so.0.1.0
71bd93e0f000-71bd93e11000 r--p 0000b000 103:02 16530828                  /usr/lib/x86_64-linux-gnu/libmd.so.0.1.0
71bd93e11000-71bd93e12000 r--p 0000c000 103:02 16530828                  /usr/lib/x86_64-linux-gnu/libmd.so.0.1.0
71bd93e12000-71bd93e13000 rw-p 0000d000 103:02 16530828                  /usr/lib/x86_64-linux-gnu/libmd.so.0.1.0
71bd93e13000-71bd93e15000 r--p 00000000 103:02 16530323                  /usr/lib/x86_64-linux-gnu/libXdmcp.so.6.0.0
71bd93e15000-71bd93e17000 r-xp 00002000 103:02 16530323                  /usr/lib/x86_64-linux-gnu/libXdmcp.so.6.0.0
71bd93e17000-71bd93e19000 r--p 00004000 103:02 16530323                  /usr/lib/x86_64-linux-gnu/libXdmcp.so.6.0.0
71bd93e19000-71bd93e1a000 r--p 00005000 103:02 16530323                  /usr/lib/x86_64-linux-gnu/libXdmcp.so.6.0.0
71bd93e1a000-71bd93e1b000 rw-p 00006000 103:02 16530323                  /usr/lib/x86_64-linux-gnu/libXdmcp.so.6.0.0
71bd93e1b000-71bd93e1e000 r--p 00000000 103:02 16530328                  /usr/lib/x86_64-linux-gnu/libXi.so.6.1.0
71bd93e1e000-71bd93e2a000 r-xp 00003000 103:02 16530328                  /usr/lib/x86_64-linux-gnu/libXi.so.6.1.0
71bd93e2a000-71bd93e2c000 r--p 0000f000 103:02 16530328                  /usr/lib/x86_64-linux-gnu/libXi.so.6.1.0
71bd93e2c000-71bd93e2d000 r--p 00011000 103:02 16530328                  /usr/lib/x86_64-linux-gnu/libXi.so.6.1.0
71bd93e2d000-71bd93e2e000 rw-p 00012000 103:02 16530328                  /usr/lib/x86_64-linux-gnu/libXi.so.6.1.0
71bd93e2e000-71bd93e33000 r--p 00000000 103:02 17172968                  /usr/lib/jvm/java-21-openjdk-amd64/lib/libjsvml.so
71bd93e33000-71bd93e74000 r-xp 00005000 103:02 17172968                  /usr/lib/jvm/java-21-openjdk-amd64/lib/libjsvml.so
71bd93e74000-71bd93efd000 r--p 00046000 103:02 17172968                  /usr/lib/jvm/java-21-openjdk-amd64/lib/libjsvml.so
71bd93efd000-71bd93efe000 r--p 000ce000 103:02 17172968                  /usr/lib/jvm/java-21-openjdk-amd64/lib/libjsvml.so
71bd93efe000-71bd93eff000 rw-p 000cf000 103:02 17172968                  /usr/lib/jvm/java-21-openjdk-amd64/lib/libjsvml.so
71bd93eff000-71bd96be7000 rw-p 00000000 00:00 0 
71bd96be7000-71bd98000000 ---p 00000000 00:00 0 
71bd98001000-71bd98002000 r--p 00000000 103:02 16530318                  /usr/lib/x86_64-linux-gnu/libXau.so.6.0.0
71bd98002000-71bd98004000 r-xp 00001000 103:02 16530318                  /usr/lib/x86_64-linux-gnu/libXau.so.6.0.0
71bd98004000-71bd98005000 r--p 00003000 103:02 16530318                  /usr/lib/x86_64-linux-gnu/libXau.so.6.0.0
71bd98005000-71bd98006000 r--p 00003000 103:02 16530318                  /usr/lib/x86_64-linux-gnu/libXau.so.6.0.0
71bd98006000-71bd98007000 rw-p 00004000 103:02 16530318                  /usr/lib/x86_64-linux-gnu/libXau.so.6.0.0
71bd98007000-71bd98009000 r--p 00000000 103:02 16530337                  /usr/lib/x86_64-linux-gnu/libXtst.so.6.1.0
71bd98009000-71bd9800c000 r-xp 00002000 103:02 16530337                  /usr/lib/x86_64-linux-gnu/libXtst.so.6.1.0
71bd9800c000-71bd9800d000 r--p 00005000 103:02 16530337                  /usr/lib/x86_64-linux-gnu/libXtst.so.6.1.0
71bd9800d000-71bd9800e000 r--p 00005000 103:02 16530337                  /usr/lib/x86_64-linux-gnu/libXtst.so.6.1.0
71bd9800e000-71bd9800f000 rw-p 00006000 103:02 16530337                  /usr/lib/x86_64-linux-gnu/libXtst.so.6.1.0
71bd9800f000-71bd98011000 r--p 00000000 103:02 16530334                  /usr/lib/x86_64-linux-gnu/libXrender.so.1.3.0
71bd98011000-71bd98018000 r-xp 00002000 103:02 16530334                  /usr/lib/x86_64-linux-gnu/libXrender.so.1.3.0
71bd98018000-71bd98019000 r--p 00009000 103:02 16530334                  /usr/lib/x86_64-linux-gnu/libXrender.so.1.3.0
71bd98019000-71bd9801a000 r--p 00009000 103:02 16530334                  /usr/lib/x86_64-linux-gnu/libXrender.so.1.3.0
71bd9801a000-71bd9801b000 rw-p 0000a000 103:02 16530334                  /usr/lib/x86_64-linux-gnu/libXrender.so.1.3.0
71bd9801b000-71bd987fe000 rw-p 00000000 00:00 0 
71bd987fe000-71bd987ff000 ---p 00000000 00:00 0 
71bd987ff000-71bd988ff000 rw-p 00000000 00:00 0 
71bd988ff000-71bd98900000 ---p 00000000 00:00 0 
71bd98900000-71bd98a00000 rw-p 00000000 00:00 0 
71bd98a00000-71bd98af6000 rw-p 00000000 00:00 0 
71bd98af6000-71bd9994a000 ---p 00000000 00:00 0 
71bd9994a000-71bd9994c000 rw-p 00000000 00:00 0 
71bd99950000-71bd99954000 r--p 00000000 103:02 16530324                  /usr/lib/x86_64-linux-gnu/libXext.so.6.4.0
71bd99954000-71bd9995f000 r-xp 00004000 103:02 16530324                  /usr/lib/x86_64-linux-gnu/libXext.so.6.4.0
71bd9995f000-71bd99962000 r--p 0000f000 103:02 16530324                  /usr/lib/x86_64-linux-gnu/libXext.so.6.4.0
71bd99962000-71bd99963000 r--p 00011000 103:02 16530324                  /usr/lib/x86_64-linux-gnu/libXext.so.6.4.0
71bd99963000-71bd99964000 rw-p 00012000 103:02 16530324                  /usr/lib/x86_64-linux-gnu/libXext.so.6.4.0
71bd99964000-71bd99965000 ---p 00000000 00:00 0 
71bd99965000-71bd99a65000 rw-p 00000000 00:00 0 
71bd99a65000-71bd9a833000 rw-p 00000000 00:00 0 
71bd9a833000-71bd9a917000 ---p 00000000 00:00 0 
71bd9a917000-71bd9a91c000 rw-p 00000000 00:00 0 
71bd9a91c000-71bd9aa00000 ---p 00000000 00:00 0 
71bd9aa00000-71bd9aa9d000 r--p 00000000 103:02 16543594                  /usr/lib/x86_64-linux-gnu/libstdc++.so.6.0.33
71bd9aa9d000-71bd9abe5000 r-xp 0009d000 103:02 16543594                  /usr/lib/x86_64-linux-gnu/libstdc++.so.6.0.33
71bd9abe5000-71bd9ac6c000 r--p 001e5000 103:02 16543594                  /usr/lib/x86_64-linux-gnu/libstdc++.so.6.0.33
71bd9ac6c000-71bd9ac77000 r--p 0026b000 103:02 16543594                  /usr/lib/x86_64-linux-gnu/libstdc++.so.6.0.33
71bd9ac77000-71bd9ac7a000 rw-p 00276000 103:02 16543594                  /usr/lib/x86_64-linux-gnu/libstdc++.so.6.0.33
71bd9ac7a000-71bd9ac7e000 rw-p 00000000 00:00 0 
71bd9ac8a000-71bd9ac8c000 r--p 00000000 103:02 17172962                  /usr/lib/jvm/java-21-openjdk-amd64/lib/libjavajpeg.so
71bd9ac8c000-71bd9ac93000 r-xp 00002000 103:02 17172962                  /usr/lib/jvm/java-21-openjdk-amd64/lib/libjavajpeg.so
71bd9ac93000-71bd9ac94000 r--p 00009000 103:02 17172962                  /usr/lib/jvm/java-21-openjdk-amd64/lib/libjavajpeg.so
71bd9ac94000-71bd9ac95000 r--p 0000a000 103:02 17172962                  /usr/lib/jvm/java-21-openjdk-amd64/lib/libjavajpeg.so
71bd9ac95000-71bd9ac96000 rw-p 0000b000 103:02 17172962                  /usr/lib/jvm/java-21-openjdk-amd64/lib/libjavajpeg.so
71bd9ac96000-71bd9ac97000 r--p 00000000 103:02 16530540                  /usr/lib/x86_64-linux-gnu/libdl.so.2
71bd9ac97000-71bd9ac98000 r-xp 00001000 103:02 16530540                  /usr/lib/x86_64-linux-gnu/libdl.so.2
71bd9ac98000-71bd9ac99000 r--p 00002000 103:02 16530540                  /usr/lib/x86_64-linux-gnu/libdl.so.2
71bd9ac99000-71bd9ac9a000 r--p 00002000 103:02 16530540                  /usr/lib/x86_64-linux-gnu/libdl.so.2
71bd9ac9a000-71bd9ac9b000 rw-p 00003000 103:02 16530540                  /usr/lib/x86_64-linux-gnu/libdl.so.2
71bd9ac9b000-71bd9ac9c000 r--p 00000000 103:02 16531006                  /usr/lib/x86_64-linux-gnu/librt.so.1
71bd9ac9c000-71bd9ac9d000 r-xp 00001000 103:02 16531006                  /usr/lib/x86_64-linux-gnu/librt.so.1
71bd9ac9d000-71bd9ac9e000 r--p 00002000 103:02 16531006                  /usr/lib/x86_64-linux-gnu/librt.so.1
71bd9ac9e000-71bd9ac9f000 r--p 00002000 103:02 16531006                  /usr/lib/x86_64-linux-gnu/librt.so.1
71bd9ac9f000-71bd9aca0000 rw-p 00003000 103:02 16531006                  /usr/lib/x86_64-linux-gnu/librt.so.1
71bd9aca4000-71bd9acb4000 -w-s 00000000 00:05 1111                       /dev/nvidia0
71bd9acb4000-71bd9acb6000 r--p 00000000 103:02 17172983                  /usr/lib/jvm/java-21-openjdk-amd64/lib/libzip.so
71bd9acb6000-71bd9acbb000 r-xp 00002000 103:02 17172983                  /usr/lib/jvm/java-21-openjdk-amd64/lib/libzip.so
71bd9acbb000-71bd9acbd000 r--p 00007000 103:02 17172983                  /usr/lib/jvm/java-21-openjdk-amd64/lib/libzip.so
71bd9acbd000-71bd9acbe000 r--p 00008000 103:02 17172983                  /usr/lib/jvm/java-21-openjdk-amd64/lib/libzip.so
71bd9acbe000-71bd9acbf000 rw-p 00009000 103:02 17172983                  /usr/lib/jvm/java-21-openjdk-amd64/lib/libzip.so
71bd9acbf000-71bd9ad00000 rw-p 00000000 00:00 0 
71bd9ad00000-71bd9ad04000 ---p 00000000 00:00 0 
71bd9ad04000-71bd9ae00000 rw-p 00000000 00:00 0 
71bd9ae00000-71bd9b096000 r--p 00000000 103:02 17172990                  /usr/lib/jvm/java-21-openjdk-amd64/lib/server/libjvm.so
71bd9b096000-71bd9befe000 r-xp 00296000 103:02 17172990                  /usr/lib/jvm/java-21-openjdk-amd64/lib/server/libjvm.so
71bd9befe000-71bd9c1d1000 r--p 010fe000 103:02 17172990                  /usr/lib/jvm/java-21-openjdk-amd64/lib/server/libjvm.so
71bd9c1d1000-71bd9c2a1000 r--p 013d0000 103:02 17172990                  /usr/lib/jvm/java-21-openjdk-amd64/lib/server/libjvm.so
71bd9c2a1000-71bd9c2d1000 rw-p 014a0000 103:02 17172990                  /usr/lib/jvm/java-21-openjdk-amd64/lib/server/libjvm.so
71bd9c2d1000-71bd9c337000 rw-p 00000000 00:00 0 
71bd9c337000-71bd9c338000 r--p 00000000 103:02 16530978                  /usr/lib/x86_64-linux-gnu/libpthread.so.0
71bd9c338000-71bd9c339000 r-xp 00001000 103:02 16530978                  /usr/lib/x86_64-linux-gnu/libpthread.so.0
71bd9c339000-71bd9c33a000 r--p 00002000 103:02 16530978                  /usr/lib/x86_64-linux-gnu/libpthread.so.0
71bd9c33a000-71bd9c33b000 r--p 00002000 103:02 16530978                  /usr/lib/x86_64-linux-gnu/libpthread.so.0
71bd9c33b000-71bd9c33c000 rw-p 00003000 103:02 16530978                  /usr/lib/x86_64-linux-gnu/libpthread.so.0
71bd9c33c000-71bd9c33d000 r--p 00000000 103:02 17172953                  /usr/lib/jvm/java-21-openjdk-amd64/lib/libdt_socket.so
71bd9c33d000-71bd9c340000 r-xp 00001000 103:02 17172953                  /usr/lib/jvm/java-21-openjdk-amd64/lib/libdt_socket.so
71bd9c340000-71bd9c341000 r--p 00004000 103:02 17172953                  /usr/lib/jvm/java-21-openjdk-amd64/lib/libdt_socket.so
71bd9c341000-71bd9c342000 r--p 00005000 103:02 17172953                  /usr/lib/jvm/java-21-openjdk-amd64/lib/libdt_socket.so
71bd9c342000-71bd9c343000 rw-p 00006000 103:02 17172953                  /usr/lib/jvm/java-21-openjdk-amd64/lib/libdt_socket.so
71bd9c343000-71bd9c34a000 r--s 00000000 103:02 16532226                  /usr/lib/x86_64-linux-gnu/gconv/gconv-modules.cache
71bd9c34a000-71bd9c351000 r--p 00000000 103:02 17172976                  /usr/lib/jvm/java-21-openjdk-amd64/lib/libnio.so
71bd9c351000-71bd9c35a000 r-xp 00007000 103:02 17172976                  /usr/lib/jvm/java-21-openjdk-amd64/lib/libnio.so
71bd9c35a000-71bd9c35e000 r--p 00010000 103:02 17172976                  /usr/lib/jvm/java-21-openjdk-amd64/lib/libnio.so
71bd9c35e000-71bd9c35f000 r--p 00014000 103:02 17172976                  /usr/lib/jvm/java-21-openjdk-amd64/lib/libnio.so
71bd9c35f000-71bd9c360000 rw-p 00015000 103:02 17172976                  /usr/lib/jvm/java-21-openjdk-amd64/lib/libnio.so
71bd9c360000-71bd9c3dc000 rw-p 00000000 00:00 0 
71bd9c3dc000-71bd9c3e9000 r--p 00000000 103:02 17172961                  /usr/lib/jvm/java-21-openjdk-amd64/lib/libjava.so
71bd9c3e9000-71bd9c3f8000 r-xp 0000d000 103:02 17172961                  /usr/lib/jvm/java-21-openjdk-amd64/lib/libjava.so
71bd9c3f8000-71bd9c3fd000 r--p 0001c000 103:02 17172961                  /usr/lib/jvm/java-21-openjdk-amd64/lib/libjava.so
71bd9c3fd000-71bd9c3fe000 r--p 00021000 103:02 17172961                  /usr/lib/jvm/java-21-openjdk-amd64/lib/libjava.so
71bd9c3fe000-71bd9c3ff000 rw-p 00022000 103:02 17172961                  /usr/lib/jvm/java-21-openjdk-amd64/lib/libjava.so
71bd9c3ff000-71bd9c400000 rw-p 00000000 00:00 0 
71bd9c400000-71bd9c428000 r--p 00000000 103:02 16530474                  /usr/lib/x86_64-linux-gnu/libc.so.6
71bd9c428000-71bd9c5b0000 r-xp 00028000 103:02 16530474                  /usr/lib/x86_64-linux-gnu/libc.so.6
71bd9c5b0000-71bd9c5ff000 r--p 001b0000 103:02 16530474                  /usr/lib/x86_64-linux-gnu/libc.so.6
71bd9c5ff000-71bd9c603000 r--p 001fe000 103:02 16530474                  /usr/lib/x86_64-linux-gnu/libc.so.6
71bd9c603000-71bd9c605000 rw-p 00202000 103:02 16530474                  /usr/lib/x86_64-linux-gnu/libc.so.6
71bd9c605000-71bd9c612000 rw-p 00000000 00:00 0 
71bd9c616000-71bd9c619000 r--p 00000000 103:02 17172975                  /usr/lib/jvm/java-21-openjdk-amd64/lib/libnet.so
71bd9c619000-71bd9c621000 r-xp 00003000 103:02 17172975                  /usr/lib/jvm/java-21-openjdk-amd64/lib/libnet.so
71bd9c621000-71bd9c623000 r--p 0000b000 103:02 17172975                  /usr/lib/jvm/java-21-openjdk-amd64/lib/libnet.so
71bd9c623000-71bd9c624000 r--p 0000c000 103:02 17172975                  /usr/lib/jvm/java-21-openjdk-amd64/lib/libnet.so
71bd9c624000-71bd9c625000 rw-p 0000d000 103:02 17172975                  /usr/lib/jvm/java-21-openjdk-amd64/lib/libnet.so
71bd9c625000-71bd9c62a000 rw-p 00000000 00:00 0 
71bd9c62a000-71bd9c634000 ---p 00000000 00:00 0 
71bd9c634000-71bd9c637000 r--p 00000000 103:02 17172963                  /usr/lib/jvm/java-21-openjdk-amd64/lib/libjdwp.so
71bd9c637000-71bd9c666000 r-xp 00003000 103:02 17172963                  /usr/lib/jvm/java-21-openjdk-amd64/lib/libjdwp.so
71bd9c666000-71bd9c675000 r--p 00032000 103:02 17172963                  /usr/lib/jvm/java-21-openjdk-amd64/lib/libjdwp.so
71bd9c675000-71bd9c676000 r--p 00040000 103:02 17172963                  /usr/lib/jvm/java-21-openjdk-amd64/lib/libjdwp.so
71bd9c676000-71bd9c677000 rw-p 00041000 103:02 17172963                  /usr/lib/jvm/java-21-openjdk-amd64/lib/libjdwp.so
71bd9c677000-71bd9c678000 rw-p 00000000 00:00 0 
71bd9c678000-71bd9c67c000 r--p 00000000 103:02 16528598                  /usr/lib/x86_64-linux-gnu/libgcc_s.so.1
71bd9c67c000-71bd9c6a0000 r-xp 00004000 103:02 16528598                  /usr/lib/x86_64-linux-gnu/libgcc_s.so.1
71bd9c6a0000-71bd9c6a4000 r--p 00028000 103:02 16528598                  /usr/lib/x86_64-linux-gnu/libgcc_s.so.1
71bd9c6a4000-71bd9c6a5000 r--p 0002b000 103:02 16528598                  /usr/lib/x86_64-linux-gnu/libgcc_s.so.1
71bd9c6a5000-71bd9c6a6000 rw-p 0002c000 103:02 16528598                  /usr/lib/x86_64-linux-gnu/libgcc_s.so.1
71bd9c6a6000-71bd9c6b6000 r--p 00000000 103:02 16530817                  /usr/lib/x86_64-linux-gnu/libm.so.6
71bd9c6b6000-71bd9c735000 r-xp 00010000 103:02 16530817                  /usr/lib/x86_64-linux-gnu/libm.so.6
71bd9c735000-71bd9c78d000 r--p 0008f000 103:02 16530817                  /usr/lib/x86_64-linux-gnu/libm.so.6
71bd9c78d000-71bd9c78e000 r--p 000e7000 103:02 16530817                  /usr/lib/x86_64-linux-gnu/libm.so.6
71bd9c78e000-71bd9c78f000 rw-p 000e8000 103:02 16530817                  /usr/lib/x86_64-linux-gnu/libm.so.6
71bd9c78f000-71bd9c791000 rw-p 00000000 00:00 0 
71bd9c791000-71bd9c793000 r--p 00000000 103:02 17172965                  /usr/lib/jvm/java-21-openjdk-amd64/lib/libjli.so
71bd9c793000-71bd9c79d000 r-xp 00002000 103:02 17172965                  /usr/lib/jvm/java-21-openjdk-amd64/lib/libjli.so
71bd9c79d000-71bd9c7a0000 r--p 0000c000 103:02 17172965                  /usr/lib/jvm/java-21-openjdk-amd64/lib/libjli.so
71bd9c7a0000-71bd9c7a1000 r--p 0000f000 103:02 17172965                  /usr/lib/jvm/java-21-openjdk-amd64/lib/libjli.so
71bd9c7a1000-71bd9c7a2000 rw-p 00010000 103:02 17172965                  /usr/lib/jvm/java-21-openjdk-amd64/lib/libjli.so
71bd9c7a2000-71bd9c7a4000 r--p 00000000 103:02 16531205                  /usr/lib/x86_64-linux-gnu/libz.so.1.3
71bd9c7a4000-71bd9c7b6000 r-xp 00002000 103:02 16531205                  /usr/lib/x86_64-linux-gnu/libz.so.1.3
71bd9c7b6000-71bd9c7bc000 r--p 00014000 103:02 16531205                  /usr/lib/x86_64-linux-gnu/libz.so.1.3
71bd9c7bc000-71bd9c7bd000 r--p 0001a000 103:02 16531205                  /usr/lib/x86_64-linux-gnu/libz.so.1.3
71bd9c7bd000-71bd9c7be000 rw-p 0001b000 103:02 16531205                  /usr/lib/x86_64-linux-gnu/libz.so.1.3
71bd9c7bf000-71bd9c7c7000 rw-s 00000000 103:02 18219092                  /tmp/hsperfdata_dov/38195
71bd9c7c7000-71bd9c7c8000 ---p 00000000 00:00 0 
71bd9c7c8000-71bd9c7c9000 r--p 00000000 00:00 0 
71bd9c7c9000-71bd9c7ca000 ---p 00000000 00:00 0 
71bd9c7ca000-71bd9c7cc000 r--p 00000000 103:02 17172964                  /usr/lib/jvm/java-21-openjdk-amd64/lib/libjimage.so
71bd9c7cc000-71bd9c7cf000 r-xp 00002000 103:02 17172964                  /usr/lib/jvm/java-21-openjdk-amd64/lib/libjimage.so
71bd9c7cf000-71bd9c7d0000 r--p 00005000 103:02 17172964                  /usr/lib/jvm/java-21-openjdk-amd64/lib/libjimage.so
71bd9c7d0000-71bd9c7d1000 r--p 00006000 103:02 17172964                  /usr/lib/jvm/java-21-openjdk-amd64/lib/libjimage.so
71bd9c7d1000-71bd9c7d2000 rw-p 00007000 103:02 17172964                  /usr/lib/jvm/java-21-openjdk-amd64/lib/libjimage.so
71bd9c7d2000-71bd9c7d4000 rw-p 00000000 00:00 0 
71bd9c7d4000-71bd9c7d5000 r--p 00000000 103:02 16530286                  /usr/lib/x86_64-linux-gnu/ld-linux-x86-64.so.2
71bd9c7d5000-71bd9c800000 r-xp 00001000 103:02 16530286                  /usr/lib/x86_64-linux-gnu/ld-linux-x86-64.so.2
71bd9c800000-71bd9c80a000 r--p 0002c000 103:02 16530286                  /usr/lib/x86_64-linux-gnu/ld-linux-x86-64.so.2
71bd9c80a000-71bd9c80c000 r--p 00036000 103:02 16530286                  /usr/lib/x86_64-linux-gnu/ld-linux-x86-64.so.2
71bd9c80c000-71bd9c80e000 rw-p 00038000 103:02 16530286                  /usr/lib/x86_64-linux-gnu/ld-linux-x86-64.so.2
7ffc0678d000-7ffc067ae000 rw-p 00000000 00:00 0                          [stack]
7ffc067ae000-7ffc067b2000 r--p 00000000 00:00 0                          [vvar]
7ffc067b2000-7ffc067b4000 r-xp 00000000 00:00 0                          [vdso]
ffffffffff600000-ffffffffff601000 --xp 00000000 00:00 0                  [vsyscall]
Total number of mappings: 417


VM Arguments:
jvm_args: -Dfile.encoding=UTF-8 -agentlib:jdwp=transport=dt_socket,address=localhost:58053 --module-path=/home/dov/projects/NeighborhoodPIG/build/classes 
java_command: main.NeighborhoodPIG
java_class_path (initial): /home/dov/projects/Libraries/commons-math3/commons-math3-3.6.1-javadoc.jar:/home/dov/projects/Libraries/commons-math3/commons-math3-3.6.1-sources.jar:/home/dov/projects/Libraries/commons-math3/commons-math3-3.6.1-test-sources.jar:/home/dov/projects/Libraries/commons-math3/commons-math3-3.6.1-tests.jar:/home/dov/projects/Libraries/commons-math3/commons-math3-3.6.1-tools.jar:/home/dov/projects/Libraries/commons-math3/commons-math3-3.6.1.jar:/home/dov/projects/JCudaWrapper/jcuda12/jcublas-12.0.0.jar:/home/dov/projects/JCudaWrapper/jcuda12/jcublas-natives-12.0.0-linux-x86_64.jar:/home/dov/projects/JCudaWrapper/jcuda12/jcuda-12.0.0.jar:/home/dov/projects/JCudaWrapper/jcuda12/jcuda-natives-12.0.0-linux-x86_64.jar:/home/dov/projects/JCudaWrapper/jcuda12/jcudnn-12.0.0.jar:/home/dov/projects/JCudaWrapper/jcuda12/jcudnn-natives-12.0.0-linux-x86_64.jar:/home/dov/projects/JCudaWrapper/jcuda12/jcufft-12.0.0.jar:/home/dov/projects/JCudaWrapper/jcuda12/jcufft-natives-12.0.0-linux-x86_64.jar:/home/dov/projects/JCudaWrapper/jcuda12/jcurand-12.0.0.jar:/home/dov/projects/JCudaWrapper/jcuda12/jcurand-natives-12.0.0-linux-x86_64.jar:/home/dov/projects/JCudaWrapper/jcuda12/jcusolver-12.0.0.jar:/home/dov/projects/JCudaWrapper/jcuda12/jcusolver-natives-12.0.0-linux-x86_64.jar:/home/dov/projects/JCudaWrapper/jcuda12/jcusparse-12.0.0.jar:/home/dov/projects/JCudaWrapper/jcuda12/jcusparse-natives-12.0.0-linux-x86_64.jar:/home/dov/projects/NeighborhoodPIG/build/classes
Launcher Type: SUN_STANDARD

[Global flags]
     intx CICompilerCount                          = 12                                        {product} {ergonomic}
     uint ConcGCThreads                            = 3                                         {product} {ergonomic}
     uint G1ConcRefinementThreads                  = 13                                        {product} {ergonomic}
   size_t G1HeapRegionSize                         = 4194304                                   {product} {ergonomic}
    uintx GCDrainStackTargetSize                   = 64                                        {product} {ergonomic}
   size_t InitialHeapSize                          = 515899392                                 {product} {ergonomic}
   size_t MarkStackSize                            = 4194304                                   {product} {ergonomic}
   size_t MaxHeapSize                              = 8212447232                                {product} {ergonomic}
   size_t MaxNewSize                               = 4924112896                                {product} {ergonomic}
   size_t MinHeapDeltaBytes                        = 4194304                                   {product} {ergonomic}
   size_t MinHeapSize                              = 8388608                                   {product} {ergonomic}
    uintx NonNMethodCodeHeapSize                   = 7602480                                {pd product} {ergonomic}
    uintx NonProfiledCodeHeapSize                  = 122027880                              {pd product} {ergonomic}
    uintx ProfiledCodeHeapSize                     = 122027880                              {pd product} {ergonomic}
    uintx ReservedCodeCacheSize                    = 251658240                              {pd product} {ergonomic}
     bool SegmentedCodeCache                       = true                                      {product} {ergonomic}
   size_t SoftMaxHeapSize                          = 8212447232                             {manageable} {ergonomic}
     bool UseCompressedOops                        = true                           {product lp64_product} {ergonomic}
     bool UseG1GC                                  = true                                      {product} {ergonomic}

Logging:
Log output configuration:
 #0: stdout all=warning uptime,level,tags foldmultilines=false
 #1: stderr all=off uptime,level,tags foldmultilines=false

Environment Variables:
PATH=/usr/local/sbin:/usr/local/bin:/usr/sbin:/usr/bin:/sbin:/bin:/usr/games:/usr/local/games:/snap/bin:/snap/bin
USERNAME=dov
SHELL=/bin/bash
DISPLAY=:1
LANG=en_US.UTF-8

Active Locale:
LC_ALL=en_US.UTF-8
LC_COLLATE=en_US.UTF-8
LC_CTYPE=en_US.UTF-8
LC_MESSAGES=en_US.UTF-8
LC_MONETARY=en_US.UTF-8
LC_NUMERIC=en_US.UTF-8
LC_TIME=en_US.UTF-8

Signal Handlers:
   SIGSEGV: crash_handler in libjvm.so, mask=11100100010111111101111111111110, flags=SA_RESTART|SA_SIGINFO, unblocked
    SIGBUS: crash_handler in libjvm.so, mask=11100100010111111101111111111110, flags=SA_RESTART|SA_SIGINFO, unblocked
    SIGFPE: crash_handler in libjvm.so, mask=11100100010111111101111111111110, flags=SA_RESTART|SA_SIGINFO, unblocked
   SIGPIPE: javaSignalHandler in libjvm.so, mask=11100100010111111101111111111110, flags=SA_RESTART|SA_SIGINFO, blocked
   SIGXFSZ: javaSignalHandler in libjvm.so, mask=11100100010111111101111111111110, flags=SA_RESTART|SA_SIGINFO, blocked
    SIGILL: crash_handler in libjvm.so, mask=11100100010111111101111111111110, flags=SA_RESTART|SA_SIGINFO, unblocked
   SIGUSR2: SR_handler in libjvm.so, mask=00000000000000000000000000000000, flags=SA_RESTART|SA_SIGINFO, blocked
    SIGHUP: UserHandler in libjvm.so, mask=11100100010111111101111111111110, flags=SA_RESTART|SA_SIGINFO, blocked
    SIGINT: SIG_IGN, mask=00000000000000000000000000000000, flags=none, blocked
   SIGTERM: UserHandler in libjvm.so, mask=11100100010111111101111111111110, flags=SA_RESTART|SA_SIGINFO, blocked
   SIGQUIT: UserHandler in libjvm.so, mask=11100100010111111101111111111110, flags=SA_RESTART|SA_SIGINFO, blocked
   SIGTRAP: crash_handler in libjvm.so, mask=11100100010111111101111111111110, flags=SA_RESTART|SA_SIGINFO, unblocked


Periodic native trim disabled

---------------  S Y S T E M  ---------------

OS:
DISTRIB_ID=Ubuntu
DISTRIB_RELEASE=24.04
DISTRIB_CODENAME=noble
DISTRIB_DESCRIPTION="Ubuntu 24.04.1 LTS"
uname: Linux 6.8.0-47-generic #47-Ubuntu SMP PREEMPT_DYNAMIC Fri Sep 27 21:40:26 UTC 2024 x86_64
OS uptime: 0 days 23:31 hours
libc: glibc 2.39 NPTL 2.39 
rlimit (soft/hard): STACK 8192k/infinity , CORE 0k/infinity , NPROC 125013/125013 , NOFILE 1048576/1048576 , AS infinity/infinity , CPU infinity/infinity , DATA infinity/infinity , FSIZE infinity/infinity , MEMLOCK 4009332k/4009332k
load average: 0.27 0.28 0.33

/proc/meminfo:
MemTotal:       32074672 kB
MemFree:        19616048 kB
MemAvailable:   24717360 kB
Buffers:          588284 kB
Cached:          4841956 kB
SwapCached:            0 kB
Active:          7098872 kB
Inactive:        3365824 kB
Active(anon):    5106784 kB
Inactive(anon):        0 kB
Active(file):    1992088 kB
Inactive(file):  3365824 kB
Unevictable:          32 kB
Mlocked:              32 kB
SwapTotal:       8388604 kB
SwapFree:        8388604 kB
Zswap:                 0 kB
Zswapped:              0 kB
Dirty:                96 kB
Writeback:             0 kB
AnonPages:       5034592 kB
Mapped:           890408 kB
Shmem:             72328 kB
KReclaimable:     207880 kB
Slab:             506384 kB
SReclaimable:     207880 kB
SUnreclaim:       298504 kB
KernelStack:       19920 kB
PageTables:        51848 kB
SecPageTables:         0 kB
NFS_Unstable:          0 kB
Bounce:                0 kB
WritebackTmp:          0 kB
CommitLimit:    24425940 kB
Committed_AS:   21075500 kB
VmallocTotal:   34359738367 kB
VmallocUsed:      162764 kB
VmallocChunk:          0 kB
Percpu:            23360 kB
HardwareCorrupted:     0 kB
AnonHugePages:         0 kB
ShmemHugePages:        0 kB
ShmemPmdMapped:        0 kB
FileHugePages:         0 kB
FilePmdMapped:         0 kB
Unaccepted:            0 kB
HugePages_Total:       0
HugePages_Free:        0
HugePages_Rsvd:        0
HugePages_Surp:        0
Hugepagesize:       2048 kB
Hugetlb:               0 kB
DirectMap4k:     1724904 kB
DirectMap2M:    16353280 kB
DirectMap1G:    15728640 kB

/sys/kernel/mm/transparent_hugepage/enabled: always [madvise] never
/sys/kernel/mm/transparent_hugepage/hpage_pmd_size: 2097152
/sys/kernel/mm/transparent_hugepage/defrag (defrag/compaction efforts parameter): always defer defer+madvise [madvise] never

Process Memory:
Virtual Size: 17093100K (peak: 17152140K)
Resident Set Size: 275556K (peak: 275556K) (anon: 110180K, file: 157184K, shmem: 8192K)
Swapped out: 0K
C-Heap outstanding allocations: 83624K, retained: 5455K
glibc malloc tunables: (default)

/proc/sys/kernel/threads-max (system-wide limit on the number of threads): 250026
/proc/sys/vm/max_map_count (maximum number of memory map areas a process may have): 1048576
/proc/sys/vm/swappiness (control to define how aggressively the kernel swaps out anonymous memory): 60
/proc/sys/kernel/pid_max (system-wide limit on number of process identifiers): 4194304

container (cgroup) information:
container_type: cgroupv2
cpu_cpuset_cpus: not supported
cpu_memory_nodes: not supported
active_processor_count: 16
cpu_quota: not supported
cpu_period: not supported
cpu_shares: not supported
memory_limit_in_bytes: unlimited
memory_and_swap_limit_in_bytes: unlimited
memory_soft_limit_in_bytes: unlimited
memory_usage_in_bytes: 3036156 k
memory_max_usage_in_bytes: not supported
memory_swap_current_in_bytes: unlimited
memory_swap_max_limit_in_bytes: unlimited
maximum number of tasks: 37503
current number of tasks: 102

Steal ticks since vm start: 0
Steal ticks percentage since vm start:  0.000

CPU: total 16 (initial active 16) (16 cores per cpu, 2 threads per core) family 25 model 68 stepping 1 microcode 0xa404101, cx8, cmov, fxsr, ht, mmx, 3dnowpref, sse, sse2, sse3, ssse3, sse4a, sse4.1, sse4.2, popcnt, lzcnt, tsc, tscinvbit, avx, avx2, aes, clmul, bmi1, bmi2, adx, sha, fma, vzeroupper, clflush, clflushopt, rdtscp, rdpid, f16c, pku, ospke, cet_ss
CPU Model and flags from /proc/cpuinfo:
model name	: AMD Ryzen 9 6900HS with Radeon Graphics
flags		: fpu vme de pse tsc msr pae mce cx8 apic sep mtrr pge mca cmov pat pse36 clflush mmx fxsr sse sse2 ht syscall nx mmxext fxsr_opt pdpe1gb rdtscp lm constant_tsc rep_good nopl nonstop_tsc cpuid extd_apicid aperfmperf rapl pni pclmulqdq monitor ssse3 fma cx16 sse4_1 sse4_2 x2apic movbe popcnt aes xsave avx f16c rdrand lahf_lm cmp_legacy svm extapic cr8_legacy abm sse4a misalignsse 3dnowprefetch osvw ibs skinit wdt tce topoext perfctr_core perfctr_nb bpext perfctr_llc mwaitx cpb cat_l3 cdp_l3 hw_pstate ssbd mba ibrs ibpb stibp vmmcall fsgsbase bmi1 avx2 smep bmi2 invpcid cqm rdt_a rdseed adx smap clflushopt clwb sha_ni xsaveopt xsavec xgetbv1 xsaves cqm_llc cqm_occup_llc cqm_mbm_total cqm_mbm_local user_shstk clzero irperf xsaveerptr rdpru wbnoinvd cppc arat npt lbrv svm_lock nrip_save tsc_scale vmcb_clean flushbyasid decodeassists pausefilter pfthreshold avic v_vmsave_vmload vgif v_spec_ctrl umip pku ospke vaes vpclmulqdq rdpid overflow_recov succor smca debug_swap

Online cpus: 0-15
Offline cpus: 
BIOS frequency limitation: <Not Available>
Frequency switch latency (ns): 0
Available cpu frequencies: <Not Available>
Current governor: powersave
Core performance/turbo boost: <Not Available>

Memory: 4k page, physical 32074672k(24717360k free), swap 8388604k(8388604k free)
Page Sizes: 4k

vm_info: OpenJDK 64-Bit Server VM (21.0.4+7-Ubuntu-1ubuntu224.04) for linux-amd64 JRE (21.0.4+7-Ubuntu-1ubuntu224.04), built on 2024-07-23T01:34:52Z by "buildd" with gcc 13.2.0

END.
