#
# A fatal error has been detected by the Java Runtime Environment:
#
#  SIGSEGV (0xb) at pc=0x000076e26204b06e, pid=4576, tid=4581
#
# JRE version: OpenJDK Runtime Environment (21.0.4+7) (build 21.0.4+7-Ubuntu-1ubuntu224.04)
# Java VM: OpenJDK 64-Bit Server VM (21.0.4+7-Ubuntu-1ubuntu224.04, mixed mode, sharing, tiered, compressed oops, compressed class ptrs, g1 gc, linux-amd64)
# Problematic frame:
# C  [libcuda.so.1+0x24b06e]
#
# Core dump will be written. Default location: Core dumps may be processed with "/usr/share/apport/apport -p%p -s%s -c%c -d%d -P%P -u%u -g%g -- %E" (or dumping to /home/dov/projects/NeighborhoodPIG/core.4576)
#
# If you would like to submit a bug report, please visit:
#   https://bugs.launchpad.net/ubuntu/+source/openjdk-21
# The crash happened outside the Java Virtual Machine in native code.
# See problematic frame for where to report the bug.
#

---------------  S U M M A R Y ------------

Command Line: -Dfile.encoding=UTF-8 --module-path=/home/dov/projects/NeighborhoodPIG/build/classes main.NeighborhoodPIG

Host: AMD Ryzen 9 6900HS with Radeon Graphics, 16 cores, 30G, Ubuntu 24.04.1 LTS
Time: Fri Nov  1 15:24:34 2024 IST elapsed time: 1.532385 seconds (0d 0h 0m 1s)

---------------  T H R E A D  ---------------

Current thread (0x000076e29401a060):  JavaThread "main"             [_thread_in_native, id=4581, stack(0x000076e29bb00000,0x000076e29bc00000) (1024K)]

Stack: [0x000076e29bb00000,0x000076e29bc00000],  sp=0x000076e29bbfe330,  free space=1016k
Native frames: (J=compiled Java code, j=interpreted, Vv=VM code, C=native code)
C  [libcuda.so.1+0x24b06e]
C  [libcuda.so.1+0x24b5f8]
C  [libcuda.so.1+0x2f19c3]
j  jcuda.driver.JCudaDriver.cuStreamSynchronizeNative(Ljcuda/driver/CUstream;)I+0
j  jcuda.driver.JCudaDriver.cuStreamSynchronize(Ljcuda/driver/CUstream;)I+1
j  JCudaWrapper.resourceManagement.Handle.get()Ljcuda/jcublas/cublasHandle;+11
j  JCudaWrapper.array.DStrideArray.multMatMatStridedBatched(LJCudaWrapper/resourceManagement/Handle;ZZIIIDLJCudaWrapper/array/DStrideArray;ILJCudaWrapper/array/DStrideArray;IDI)V+70
j  JCudaWrapper.algebra.Vector.addBatchVecVecMult(DLJCudaWrapper/algebra/VectorsStride;LJCudaWrapper/algebra/VectorsStride;D)V+53
j  JCudaWrapper.algebra.VectorsStride.norms(LJCudaWrapper/array/DArray;)LJCudaWrapper/algebra/Vector;+19
j  JCudaWrapper.algebra.VectorsStride.setVectorMagnitudes(DLJCudaWrapper/array/DArray;)LJCudaWrapper/algebra/VectorsStride;+13
j  main.StructureTensorMatrix.getRGB()[[[D+33
j  main.NeighborhoodPIG.orientationColored(Ljava/lang/String;)V+4
j  main.NeighborhoodPIG.main([Ljava/lang/String;)V+14
v  ~StubRoutines::call_stub 0x000076e283c5fcc6
V  [libjvm.so+0x90841a]  JavaCalls::call_helper(JavaValue*, methodHandle const&, JavaCallArguments*, JavaThread*)+0x2da
V  [libjvm.so+0x9ae72d]  jni_invoke_static(JNIEnv_*, JavaValue*, _jobject*, JNICallType, _jmethodID*, JNI_ArgumentPusher*, JavaThread*) [clone .constprop.1]+0x35d
V  [libjvm.so+0x9b0c7f]  jni_CallStaticVoidMethod+0x12f
C  [libjli.so+0x55be]  JavaMain+0xfde
C  [libjli.so+0x844d]  ThreadJavaMain+0xd
C  [libc.so.6+0x9ca94]
Java frames: (J=compiled Java code, j=interpreted, Vv=VM code)
j  jcuda.driver.JCudaDriver.cuStreamSynchronizeNative(Ljcuda/driver/CUstream;)I+0
j  jcuda.driver.JCudaDriver.cuStreamSynchronize(Ljcuda/driver/CUstream;)I+1
j  JCudaWrapper.resourceManagement.Handle.get()Ljcuda/jcublas/cublasHandle;+11
j  JCudaWrapper.array.DStrideArray.multMatMatStridedBatched(LJCudaWrapper/resourceManagement/Handle;ZZIIIDLJCudaWrapper/array/DStrideArray;ILJCudaWrapper/array/DStrideArray;IDI)V+70
j  JCudaWrapper.algebra.Vector.addBatchVecVecMult(DLJCudaWrapper/algebra/VectorsStride;LJCudaWrapper/algebra/VectorsStride;D)V+53
j  JCudaWrapper.algebra.VectorsStride.norms(LJCudaWrapper/array/DArray;)LJCudaWrapper/algebra/Vector;+19
j  JCudaWrapper.algebra.VectorsStride.setVectorMagnitudes(DLJCudaWrapper/array/DArray;)LJCudaWrapper/algebra/VectorsStride;+13
j  main.StructureTensorMatrix.getRGB()[[[D+33
j  main.NeighborhoodPIG.orientationColored(Ljava/lang/String;)V+4
j  main.NeighborhoodPIG.main([Ljava/lang/String;)V+14
v  ~StubRoutines::call_stub 0x000076e283c5fcc6

siginfo: si_signo: 11 (SIGSEGV), si_code: 1 (SEGV_MAPERR), si_addr: 0x000076e5fa1cc70d

Registers:
RAX=0x000076e2945eec00, RBX=0x000076e29bbfe448, RCX=0x0000000000000002, RDX=0x000076e296795df0
RSP=0x000076e29bbfe330, RBP=0x000076e29bbfe390, RSI=0x0000000000000000, RDI=0x000076e2945eec00
R8 =0x000076e29bbfe3c8, R9 =0x0000000000000000, R10=0x000076e296795df0, R11=0x000076e5fa1cc325
R12=0x000076e29bbfe3c8, R13=0x000076e2945eec00, R14=0x000076e29bbfe558, R15=0x000076e29401a060
RIP=0x000076e26204b06e, EFLAGS=0x0000000000010202, CSGSFS=0x002b000000000033, ERR=0x0000000000000004
  TRAPNO=0x000000000000000e


Register to memory mapping:

RAX=0x000076e2945eec00 points into unknown readable memory: 0x000076e2945ec160 | 60 c1 5e 94 e2 76 00 00
RBX=0x000076e29bbfe448 is pointing into the stack for thread: 0x000076e29401a060
RCX=0x0000000000000002 is an unknown value
RDX=0x000076e296795df0 points into unknown readable memory: 0x000076e294f332a0 | a0 32 f3 94 e2 76 00 00
RSP=0x000076e29bbfe330 is pointing into the stack for thread: 0x000076e29401a060
RBP=0x000076e29bbfe390 is pointing into the stack for thread: 0x000076e29401a060
RSI=0x0 is null
RDI=0x000076e2945eec00 points into unknown readable memory: 0x000076e2945ec160 | 60 c1 5e 94 e2 76 00 00
R8 =0x000076e29bbfe3c8 is pointing into the stack for thread: 0x000076e29401a060
R9 =0x0 is null
R10=0x000076e296795df0 points into unknown readable memory: 0x000076e294f332a0 | a0 32 f3 94 e2 76 00 00
R11=0x000076e5fa1cc325 is an unknown value
R12=0x000076e29bbfe3c8 is pointing into the stack for thread: 0x000076e29401a060
R13=0x000076e2945eec00 points into unknown readable memory: 0x000076e2945ec160 | 60 c1 5e 94 e2 76 00 00
R14=0x000076e29bbfe558 is pointing into the stack for thread: 0x000076e29401a060
R15=0x000076e29401a060 is a thread

Top of Stack: (sp=0x000076e29bbfe330)
0x000076e29bbfe330:   0000000634813d00 0000000634813c88
0x000076e29bbfe340:   0000000634813c60 0000000000000000
0x000076e29bbfe350:   000076e29bbfe490 000076e29401a060
0x000076e29bbfe360:   000076e29bbfe668 000076e29bbfe448
0x000076e29bbfe370:   0000000000000000 000076e29bbfe440
0x000076e29bbfe380:   000076e29bbfe558 000076e29401a060
0x000076e29bbfe390:   000076e29bbfe400 000076e26204b5f8
0x000076e29bbfe3a0:   0000000000000000 0000000634813d00
0x000076e29bbfe3b0:   0000000634813c60 0000000634813c88
0x000076e29bbfe3c0:   000076e20c011a98 0000000000000000
0x000076e29bbfe3d0:   000076e29bbfe668 000076e20c4dd6b8
0x000076e29bbfe3e0:   000076e296795df0 000076e20c4dd6b8
0x000076e29bbfe3f0:   000076e29bbfe558 000076e29401a060
0x000076e29bbfe400:   000076e29bbfe4d0 000076e2620f19c3
0x000076e29bbfe410:   000076e29bbfe558 000000000000002c
0x000076e29bbfe420:   000003e700000003 0000000000000000
0x000076e29bbfe430:   0000000000000000 000076e2945eec00
0x000076e29bbfe440:   0000000000000000 0000000000000000
0x000076e29bbfe450:   0000000634813cd0 000076e29401a060
0x000076e29bbfe460:   000076e29bbfe4f8 0000000000000000
0x000076e29bbfe470:   000076e29401a060 0000000634813c88
0x000076e29bbfe480:   000076e201000020 000076e29cba3f27
0x000076e29bbfe490:   000076e29cfe4a58 0000000000000000
0x000076e29bbfe4a0:   0000000634813c88 0000000634813c60
0x000076e29bbfe4b0:   000076e29401a418 000076e1ffa3604a
0x000076e29bbfe4c0:   000076e29bbfe668 0000000000000000
0x000076e29bbfe4d0:   000076e29bbfe538 000076e283c6b9c0
0x000076e29bbfe4e0:   0000000000000001 000076e29401a060
0x000076e29bbfe4f0:   000076e29bbfe4f0 0000000000000000
0x000076e29bbfe500:   0000000000000004 000076e20c4e1278
0x000076e29bbfe510:   0000000000000000 0000000634fc61d0
0x000076e29bbfe520:   000076e20c4dd6b8 0000000000000000 

Instructions: (pc=0x000076e26204b06e)
0x000076e26204af6e:   f6 c2 10 75 ba 83 e2 08 b8 8a 03 00 00 75 da 48
0x000076e26204af7e:   8b 59 08 4c 8d 63 08 4c 89 e7 e8 23 3a e9 ff 48
0x000076e26204af8e:   8b 5b 38 48 85 db 74 2d 66 2e 0f 1f 84 00 00 00
0x000076e26204af9e:   00 00 48 8b bb e8 03 00 00 48 85 ff 74 0b f6 43
0x000076e26204afae:   50 04 74 05 e8 c9 9a 29 00 48 8b 9b 58 01 00 00
0x000076e26204afbe:   48 85 db 75 dd 4c 89 e7 e8 15 35 e9 ff b8 8a 03
0x000076e26204afce:   00 00 eb 85 66 0f 1f 44 00 00 83 f8 02 ba 91 01
0x000076e26204afde:   00 00 b8 00 00 00 00 5b 0f 44 c2 41 5c 5d c3 0f
0x000076e26204afee:   1f 00 e8 8b 9a 29 00 b8 84 03 00 00 e9 58 ff ff
0x000076e26204affe:   ff 90 55 48 89 e5 41 57 41 56 41 55 49 89 fd 41
0x000076e26204b00e:   54 4d 89 c4 53 48 83 ec 38 49 c7 00 00 00 00 00
0x000076e26204b01e:   48 85 f6 0f 84 b9 00 00 00 44 8b 0e 41 ba 00 00
0x000076e26204b02e:   00 00 48 89 f3 45 85 c9 4c 0f 45 d6 48 83 fa 02
0x000076e26204b03e:   77 20 48 85 d2 74 5b 48 83 fa 02 0f 85 81 00 00
0x000076e26204b04e:   00 4d 85 d2 0f 84 a8 00 00 00 41 b8 90 01 00 00
0x000076e26204b05e:   eb 28 4c 8b 1a 4d 85 db 74 f0 49 39 5b 10 75 ea
0x000076e26204b06e:   49 83 bb e8 03 00 00 00 75 09 4d 85 ed 0f 85 57
0x000076e26204b07e:   01 00 00 4d 89 1c 24 45 31 c0 48 8d 65 d8 44 89
0x000076e26204b08e:   c0 5b 41 5c 41 5d 41 5e 41 5f 5d c3 66 0f 1f 44
0x000076e26204b09e:   00 00 83 f9 02 0f 84 27 02 00 00 83 f9 03 0f 84
0x000076e26204b0ae:   06 02 00 00 83 f9 01 0f 84 e5 01 00 00 0f b6 05
0x000076e26204b0be:   66 ac 91 01 c0 e8 03 83 e0 01 84 c0 0f 85 7f ff
0x000076e26204b0ce:   ff ff 4d 85 d2 0f 84 ef 00 00 00 4d 8b 5a 68 eb
0x000076e26204b0de:   84 90 48 83 fa 02 0f 86 6e ff ff ff 4c 8b 1a 4d
0x000076e26204b0ee:   85 db 0f 85 78 ff ff ff e9 5d ff ff ff 0f 1f 44
0x000076e26204b0fe:   00 00 4d 8b 5d 18 4d 85 db 74 0d 8b 43 38 41 39
0x000076e26204b10e:   45 20 0f 84 9f 00 00 00 4c 8d b3 a0 03 00 00 4c
0x000076e26204b11e:   89 55 a8 4d 8b 7d 10 4c 89 f7 e8 83 38 e9 ff 4c
0x000076e26204b12e:   8b 9b c8 03 00 00 45 31 c0 4c 89 fe 4c 89 c2 41
0x000076e26204b13e:   8b 3b 4c 89 5d b0 89 7d b8 e8 14 72 0d 00 4c 8b
0x000076e26204b14e:   5d b0 48 83 ec 08 8b 7d b8 45 31 c0 41 89 c1 4c
0x000076e26204b15e:   89 f9 49 8b 53 10 41 8b 73 0c 6a 00 e8 21 ee 2a 


Stack slot to memory mapping:

stack at sp + 0 slots: 0x0000000634813d00 is an oop: java.util.stream.MatchOps$2MatchSink 
{0x0000000634813d00} - klass: 'java/util/stream/MatchOps$2MatchSink'
 - ---- fields (total size 3 words):
 - 'stop' 'Z' @12  false (0x00)
 - 'value' 'Z' @13  false (0x00)
 - final synthetic 'val$matchKind' 'Ljava/util/stream/MatchOps$MatchKind;' @16  a 'java/util/stream/MatchOps$MatchKind'{0x0000000634dd3310} (0xc69ba662)
 - final synthetic 'val$predicate' 'Ljava/util/function/IntPredicate;' @20  a 'JCudaWrapper/array/Array$$Lambda+0x000076e21800b2f8'{0x0000000634813cc0} (0xc6902798)
stack at sp + 1 slots: 0x0000000634813c88 is an oop: java.util.stream.IntPipeline$Head 
{0x0000000634813c88} - klass: 'java/util/stream/IntPipeline$Head'
 - ---- fields (total size 7 words):
 - protected final 'sourceOrOpFlags' 'I' @12  80 (0x00000050)
 - private 'depth' 'I' @16  0 (0x00000000)
 - private 'combinedFlags' 'I' @20  16777327 (0x0100006f)
 - private 'linkedOrConsumed' 'Z' @24  true (0x01)
 - private 'sourceAnyStateful' 'Z' @25  false (0x00)
 - private 'parallel' 'Z' @26  false (0x00)
 - private final 'sourceStage' 'Ljava/util/stream/AbstractPipeline;' @28  a 'java/util/stream/IntPipeline$Head'{0x0000000634813c88} (0xc6902791)
 - private final 'previousStage' 'Ljava/util/stream/AbstractPipeline;' @32  null (0x00000000)
 - private 'nextStage' 'Ljava/util/stream/AbstractPipeline;' @36  null (0x00000000)
 - private 'sourceSpliterator' 'Ljava/util/Spliterator;' @40  null (0x00000000)
 - private 'sourceSupplier' 'Ljava/util/function/Supplier;' @44  null (0x00000000)
 - private 'sourceCloseAction' 'Ljava/lang/Runnable;' @48  null (0x00000000)
stack at sp + 2 slots: 0x0000000634813c60 is an oop: java.util.Spliterators$IntArraySpliterator 
{0x0000000634813c60} - klass: 'java/util/Spliterators$IntArraySpliterator'
 - ---- fields (total size 5 words):
 - private 'index' 'I' @12  4 (0x00000004)
 - private 'estimatedSize' 'J' @16  -1 (0xffffffffffffffff)
 - private final 'fence' 'I' @24  4 (0x00000004)
 - private final 'characteristics' 'I' @28  17488 (0x00004450)
 - private final 'array' '[I' @32  [I{0x0000000634813c40} (0xc6902788)
stack at sp + 3 slots: 0x0 is null
stack at sp + 4 slots: 0x000076e29bbfe490 is pointing into the stack for thread: 0x000076e29401a060
stack at sp + 5 slots: 0x000076e29401a060 is a thread
stack at sp + 6 slots: 0x000076e29bbfe668 is pointing into the stack for thread: 0x000076e29401a060
stack at sp + 7 slots: 0x000076e29bbfe448 is pointing into the stack for thread: 0x000076e29401a060


---------------  P R O C E S S  ---------------

Threads class SMR info:
_java_thread_list=0x000076e1d008e080, length=14, elements={
0x000076e29401a060, 0x000076e294138f50, 0x000076e29413a3e0, 0x000076e29413beb0,
0x000076e29413d500, 0x000076e29413eab0, 0x000076e294140680, 0x000076e294141d50,
0x000076e294160f00, 0x000076e1dc066620, 0x000076e29419c780, 0x000076e295516890,
0x000076e2955498e0, 0x000076e1d008cf70
}

Java Threads: ( => current thread )
=>0x000076e29401a060 JavaThread "main"                              [_thread_in_native, id=4581, stack(0x000076e29bb00000,0x000076e29bc00000) (1024K)]
  0x000076e294138f50 JavaThread "Reference Handler"          daemon [_thread_blocked, id=4589, stack(0x000076e2740f6000,0x000076e2741f6000) (1024K)]
  0x000076e29413a3e0 JavaThread "Finalizer"                  daemon [_thread_blocked, id=4590, stack(0x000076e26d100000,0x000076e26d200000) (1024K)]
  0x000076e29413beb0 JavaThread "Signal Dispatcher"          daemon [_thread_blocked, id=4591, stack(0x000076e26d000000,0x000076e26d100000) (1024K)]
  0x000076e29413d500 JavaThread "Service Thread"             daemon [_thread_blocked, id=4592, stack(0x000076e26cf00000,0x000076e26d000000) (1024K)]
  0x000076e29413eab0 JavaThread "Monitor Deflation Thread"   daemon [_thread_blocked, id=4593, stack(0x000076e26ce00000,0x000076e26cf00000) (1024K)]
  0x000076e294140680 JavaThread "C2 CompilerThread0"         daemon [_thread_blocked, id=4594, stack(0x000076e26cd00000,0x000076e26ce00000) (1024K)]
  0x000076e294141d50 JavaThread "C1 CompilerThread0"         daemon [_thread_blocked, id=4595, stack(0x000076e26cc00000,0x000076e26cd00000) (1024K)]
  0x000076e294160f00 JavaThread "Common-Cleaner"             daemon [_thread_blocked, id=4596, stack(0x000076e26cb00000,0x000076e26cc00000) (1024K)]
  0x000076e1dc066620 JavaThread "C1 CompilerThread1"         daemon [_thread_blocked, id=4597, stack(0x000076e26ca00000,0x000076e26cb00000) (1024K)]
  0x000076e29419c780 JavaThread "Notification Thread"        daemon [_thread_blocked, id=4598, stack(0x000076e26c900000,0x000076e26ca00000) (1024K)]
  0x000076e295516890 JavaThread "pool-1-thread-1"            daemon [_thread_blocked, id=4608, stack(0x000076e26c800000,0x000076e26c900000) (1024K)]
  0x000076e2955498e0 JavaThread "Java2D Disposer"            daemon [_thread_blocked, id=4609, stack(0x000076e26c700000,0x000076e26c800000) (1024K)]
  0x000076e1d008cf70 JavaThread "C1 CompilerThread2"         daemon [_thread_blocked, id=4610, stack(0x000076e261c7d000,0x000076e261d7d000) (1024K)]
Total: 14

Other Threads:
  0x000076e29412ba00 VMThread "VM Thread"                           [id=4588, stack(0x000076e2741f7000,0x000076e2742f7000) (1024K)]
  0x000076e294111250 WatcherThread "VM Periodic Task Thread"        [id=4587, stack(0x000076e2742f8000,0x000076e2743f8000) (1024K)]
  0x000076e294045400 WorkerThread "GC Thread#0"                     [id=4582, stack(0x000076e29a765000,0x000076e29a865000) (1024K)]
  0x000076e294055f00 ConcurrentGCThread "G1 Main Marker"            [id=4583, stack(0x000076e298700000,0x000076e298800000) (1024K)]
  0x000076e294056eb0 WorkerThread "G1 Conc#0"                       [id=4584, stack(0x000076e2985ff000,0x000076e2986ff000) (1024K)]
  0x000076e2940feac0 ConcurrentGCThread "G1 Refine#0"               [id=4585, stack(0x000076e2744fa000,0x000076e2745fa000) (1024K)]
  0x000076e2940ffa80 ConcurrentGCThread "G1 Service"                [id=4586, stack(0x000076e2743f9000,0x000076e2744f9000) (1024K)]
Total: 7

Threads with active compile tasks:
Total: 0

VM state: not at safepoint (normal execution)

VM Mutex/Monitor currently owned by a thread: None

Heap address: 0x0000000616800000, size: 7832 MB, Compressed Oops mode: Zero based, Oop shift amount: 3

CDS archive(s) mapped at: [0x000076e217000000-0x000076e217cae000-0x000076e217cae000), size 13295616, SharedBaseAddress: 0x000076e217000000, ArchiveRelocationMode: 1.
Compressed class space mapped at: 0x000076e218000000-0x000076e258000000, reserved size: 1073741824
Narrow klass base: 0x000076e217000000, Narrow klass shift: 0, Narrow klass range: 0x100000000

GC Precious Log:
 CardTable entry size: 512
 Card Set container configuration: InlinePtr #cards 4 size 8 Array Of Cards #cards 32 size 80 Howl #buckets 8 coarsen threshold 7372 Howl Bitmap #cards 1024 size 144 coarsen threshold 921 Card regions per heap region 1 cards per card region 8192
 CPUs: 16 total, 16 available
 Memory: 31322M
 Large Page Support: Disabled
 NUMA Support: Disabled
 Compressed Oops: Enabled (Zero based)
 Heap Region Size: 4M
 Heap Min Capacity: 8M
 Heap Initial Capacity: 492M
 Heap Max Capacity: 7832M
 Pre-touch: Disabled
 Parallel Workers: 13
 Concurrent Workers: 3
 Concurrent Refinement Workers: 13
 Periodic GC: Disabled

Heap:
 garbage-first heap   total 507904K, used 9246K [0x0000000616800000, 0x0000000800000000)
  region size 4096K, 3 young (12288K), 0 survivors (0K)
 Metaspace       used 3352K, committed 3520K, reserved 1114112K
  class space    used 289K, committed 384K, reserved 1048576K

Heap Regions: E=young(eden), S=young(survivor), O=old, HS=humongous(starts), HC=humongous(continues), CS=collection set, F=free, TAMS=top-at-mark-start, PB=parsable bottom
|   0|0x0000000616800000, 0x0000000616800000, 0x0000000616c00000|  0%| F|  |TAMS 0x0000000616800000| PB 0x0000000616800000| Untracked 
|   1|0x0000000616c00000, 0x0000000616c00000, 0x0000000617000000|  0%| F|  |TAMS 0x0000000616c00000| PB 0x0000000616c00000| Untracked 
|   2|0x0000000617000000, 0x0000000617000000, 0x0000000617400000|  0%| F|  |TAMS 0x0000000617000000| PB 0x0000000617000000| Untracked 
|   3|0x0000000617400000, 0x0000000617400000, 0x0000000617800000|  0%| F|  |TAMS 0x0000000617400000| PB 0x0000000617400000| Untracked 
|   4|0x0000000617800000, 0x0000000617800000, 0x0000000617c00000|  0%| F|  |TAMS 0x0000000617800000| PB 0x0000000617800000| Untracked 
|   5|0x0000000617c00000, 0x0000000617c00000, 0x0000000618000000|  0%| F|  |TAMS 0x0000000617c00000| PB 0x0000000617c00000| Untracked 
|   6|0x0000000618000000, 0x0000000618000000, 0x0000000618400000|  0%| F|  |TAMS 0x0000000618000000| PB 0x0000000618000000| Untracked 
|   7|0x0000000618400000, 0x0000000618400000, 0x0000000618800000|  0%| F|  |TAMS 0x0000000618400000| PB 0x0000000618400000| Untracked 
|   8|0x0000000618800000, 0x0000000618800000, 0x0000000618c00000|  0%| F|  |TAMS 0x0000000618800000| PB 0x0000000618800000| Untracked 
|   9|0x0000000618c00000, 0x0000000618c00000, 0x0000000619000000|  0%| F|  |TAMS 0x0000000618c00000| PB 0x0000000618c00000| Untracked 
|  10|0x0000000619000000, 0x0000000619000000, 0x0000000619400000|  0%| F|  |TAMS 0x0000000619000000| PB 0x0000000619000000| Untracked 
|  11|0x0000000619400000, 0x0000000619400000, 0x0000000619800000|  0%| F|  |TAMS 0x0000000619400000| PB 0x0000000619400000| Untracked 
|  12|0x0000000619800000, 0x0000000619800000, 0x0000000619c00000|  0%| F|  |TAMS 0x0000000619800000| PB 0x0000000619800000| Untracked 
|  13|0x0000000619c00000, 0x0000000619c00000, 0x000000061a000000|  0%| F|  |TAMS 0x0000000619c00000| PB 0x0000000619c00000| Untracked 
|  14|0x000000061a000000, 0x000000061a000000, 0x000000061a400000|  0%| F|  |TAMS 0x000000061a000000| PB 0x000000061a000000| Untracked 
|  15|0x000000061a400000, 0x000000061a400000, 0x000000061a800000|  0%| F|  |TAMS 0x000000061a400000| PB 0x000000061a400000| Untracked 
|  16|0x000000061a800000, 0x000000061a800000, 0x000000061ac00000|  0%| F|  |TAMS 0x000000061a800000| PB 0x000000061a800000| Untracked 
|  17|0x000000061ac00000, 0x000000061ac00000, 0x000000061b000000|  0%| F|  |TAMS 0x000000061ac00000| PB 0x000000061ac00000| Untracked 
|  18|0x000000061b000000, 0x000000061b000000, 0x000000061b400000|  0%| F|  |TAMS 0x000000061b000000| PB 0x000000061b000000| Untracked 
|  19|0x000000061b400000, 0x000000061b400000, 0x000000061b800000|  0%| F|  |TAMS 0x000000061b400000| PB 0x000000061b400000| Untracked 
|  20|0x000000061b800000, 0x000000061b800000, 0x000000061bc00000|  0%| F|  |TAMS 0x000000061b800000| PB 0x000000061b800000| Untracked 
|  21|0x000000061bc00000, 0x000000061bc00000, 0x000000061c000000|  0%| F|  |TAMS 0x000000061bc00000| PB 0x000000061bc00000| Untracked 
|  22|0x000000061c000000, 0x000000061c000000, 0x000000061c400000|  0%| F|  |TAMS 0x000000061c000000| PB 0x000000061c000000| Untracked 
|  23|0x000000061c400000, 0x000000061c400000, 0x000000061c800000|  0%| F|  |TAMS 0x000000061c400000| PB 0x000000061c400000| Untracked 
|  24|0x000000061c800000, 0x000000061c800000, 0x000000061cc00000|  0%| F|  |TAMS 0x000000061c800000| PB 0x000000061c800000| Untracked 
|  25|0x000000061cc00000, 0x000000061cc00000, 0x000000061d000000|  0%| F|  |TAMS 0x000000061cc00000| PB 0x000000061cc00000| Untracked 
|  26|0x000000061d000000, 0x000000061d000000, 0x000000061d400000|  0%| F|  |TAMS 0x000000061d000000| PB 0x000000061d000000| Untracked 
|  27|0x000000061d400000, 0x000000061d400000, 0x000000061d800000|  0%| F|  |TAMS 0x000000061d400000| PB 0x000000061d400000| Untracked 
|  28|0x000000061d800000, 0x000000061d800000, 0x000000061dc00000|  0%| F|  |TAMS 0x000000061d800000| PB 0x000000061d800000| Untracked 
|  29|0x000000061dc00000, 0x000000061dc00000, 0x000000061e000000|  0%| F|  |TAMS 0x000000061dc00000| PB 0x000000061dc00000| Untracked 
|  30|0x000000061e000000, 0x000000061e000000, 0x000000061e400000|  0%| F|  |TAMS 0x000000061e000000| PB 0x000000061e000000| Untracked 
|  31|0x000000061e400000, 0x000000061e400000, 0x000000061e800000|  0%| F|  |TAMS 0x000000061e400000| PB 0x000000061e400000| Untracked 
|  32|0x000000061e800000, 0x000000061e800000, 0x000000061ec00000|  0%| F|  |TAMS 0x000000061e800000| PB 0x000000061e800000| Untracked 
|  33|0x000000061ec00000, 0x000000061ec00000, 0x000000061f000000|  0%| F|  |TAMS 0x000000061ec00000| PB 0x000000061ec00000| Untracked 
|  34|0x000000061f000000, 0x000000061f000000, 0x000000061f400000|  0%| F|  |TAMS 0x000000061f000000| PB 0x000000061f000000| Untracked 
|  35|0x000000061f400000, 0x000000061f400000, 0x000000061f800000|  0%| F|  |TAMS 0x000000061f400000| PB 0x000000061f400000| Untracked 
|  36|0x000000061f800000, 0x000000061f800000, 0x000000061fc00000|  0%| F|  |TAMS 0x000000061f800000| PB 0x000000061f800000| Untracked 
|  37|0x000000061fc00000, 0x000000061fc00000, 0x0000000620000000|  0%| F|  |TAMS 0x000000061fc00000| PB 0x000000061fc00000| Untracked 
|  38|0x0000000620000000, 0x0000000620000000, 0x0000000620400000|  0%| F|  |TAMS 0x0000000620000000| PB 0x0000000620000000| Untracked 
|  39|0x0000000620400000, 0x0000000620400000, 0x0000000620800000|  0%| F|  |TAMS 0x0000000620400000| PB 0x0000000620400000| Untracked 
|  40|0x0000000620800000, 0x0000000620800000, 0x0000000620c00000|  0%| F|  |TAMS 0x0000000620800000| PB 0x0000000620800000| Untracked 
|  41|0x0000000620c00000, 0x0000000620c00000, 0x0000000621000000|  0%| F|  |TAMS 0x0000000620c00000| PB 0x0000000620c00000| Untracked 
|  42|0x0000000621000000, 0x0000000621000000, 0x0000000621400000|  0%| F|  |TAMS 0x0000000621000000| PB 0x0000000621000000| Untracked 
|  43|0x0000000621400000, 0x0000000621400000, 0x0000000621800000|  0%| F|  |TAMS 0x0000000621400000| PB 0x0000000621400000| Untracked 
|  44|0x0000000621800000, 0x0000000621800000, 0x0000000621c00000|  0%| F|  |TAMS 0x0000000621800000| PB 0x0000000621800000| Untracked 
|  45|0x0000000621c00000, 0x0000000621c00000, 0x0000000622000000|  0%| F|  |TAMS 0x0000000621c00000| PB 0x0000000621c00000| Untracked 
|  46|0x0000000622000000, 0x0000000622000000, 0x0000000622400000|  0%| F|  |TAMS 0x0000000622000000| PB 0x0000000622000000| Untracked 
|  47|0x0000000622400000, 0x0000000622400000, 0x0000000622800000|  0%| F|  |TAMS 0x0000000622400000| PB 0x0000000622400000| Untracked 
|  48|0x0000000622800000, 0x0000000622800000, 0x0000000622c00000|  0%| F|  |TAMS 0x0000000622800000| PB 0x0000000622800000| Untracked 
|  49|0x0000000622c00000, 0x0000000622c00000, 0x0000000623000000|  0%| F|  |TAMS 0x0000000622c00000| PB 0x0000000622c00000| Untracked 
|  50|0x0000000623000000, 0x0000000623000000, 0x0000000623400000|  0%| F|  |TAMS 0x0000000623000000| PB 0x0000000623000000| Untracked 
|  51|0x0000000623400000, 0x0000000623400000, 0x0000000623800000|  0%| F|  |TAMS 0x0000000623400000| PB 0x0000000623400000| Untracked 
|  52|0x0000000623800000, 0x0000000623800000, 0x0000000623c00000|  0%| F|  |TAMS 0x0000000623800000| PB 0x0000000623800000| Untracked 
|  53|0x0000000623c00000, 0x0000000623c00000, 0x0000000624000000|  0%| F|  |TAMS 0x0000000623c00000| PB 0x0000000623c00000| Untracked 
|  54|0x0000000624000000, 0x0000000624000000, 0x0000000624400000|  0%| F|  |TAMS 0x0000000624000000| PB 0x0000000624000000| Untracked 
|  55|0x0000000624400000, 0x0000000624400000, 0x0000000624800000|  0%| F|  |TAMS 0x0000000624400000| PB 0x0000000624400000| Untracked 
|  56|0x0000000624800000, 0x0000000624800000, 0x0000000624c00000|  0%| F|  |TAMS 0x0000000624800000| PB 0x0000000624800000| Untracked 
|  57|0x0000000624c00000, 0x0000000624c00000, 0x0000000625000000|  0%| F|  |TAMS 0x0000000624c00000| PB 0x0000000624c00000| Untracked 
|  58|0x0000000625000000, 0x0000000625000000, 0x0000000625400000|  0%| F|  |TAMS 0x0000000625000000| PB 0x0000000625000000| Untracked 
|  59|0x0000000625400000, 0x0000000625400000, 0x0000000625800000|  0%| F|  |TAMS 0x0000000625400000| PB 0x0000000625400000| Untracked 
|  60|0x0000000625800000, 0x0000000625800000, 0x0000000625c00000|  0%| F|  |TAMS 0x0000000625800000| PB 0x0000000625800000| Untracked 
|  61|0x0000000625c00000, 0x0000000625c00000, 0x0000000626000000|  0%| F|  |TAMS 0x0000000625c00000| PB 0x0000000625c00000| Untracked 
|  62|0x0000000626000000, 0x0000000626000000, 0x0000000626400000|  0%| F|  |TAMS 0x0000000626000000| PB 0x0000000626000000| Untracked 
|  63|0x0000000626400000, 0x0000000626400000, 0x0000000626800000|  0%| F|  |TAMS 0x0000000626400000| PB 0x0000000626400000| Untracked 
|  64|0x0000000626800000, 0x0000000626800000, 0x0000000626c00000|  0%| F|  |TAMS 0x0000000626800000| PB 0x0000000626800000| Untracked 
|  65|0x0000000626c00000, 0x0000000626c00000, 0x0000000627000000|  0%| F|  |TAMS 0x0000000626c00000| PB 0x0000000626c00000| Untracked 
|  66|0x0000000627000000, 0x0000000627000000, 0x0000000627400000|  0%| F|  |TAMS 0x0000000627000000| PB 0x0000000627000000| Untracked 
|  67|0x0000000627400000, 0x0000000627400000, 0x0000000627800000|  0%| F|  |TAMS 0x0000000627400000| PB 0x0000000627400000| Untracked 
|  68|0x0000000627800000, 0x0000000627800000, 0x0000000627c00000|  0%| F|  |TAMS 0x0000000627800000| PB 0x0000000627800000| Untracked 
|  69|0x0000000627c00000, 0x0000000627c00000, 0x0000000628000000|  0%| F|  |TAMS 0x0000000627c00000| PB 0x0000000627c00000| Untracked 
|  70|0x0000000628000000, 0x0000000628000000, 0x0000000628400000|  0%| F|  |TAMS 0x0000000628000000| PB 0x0000000628000000| Untracked 
|  71|0x0000000628400000, 0x0000000628400000, 0x0000000628800000|  0%| F|  |TAMS 0x0000000628400000| PB 0x0000000628400000| Untracked 
|  72|0x0000000628800000, 0x0000000628800000, 0x0000000628c00000|  0%| F|  |TAMS 0x0000000628800000| PB 0x0000000628800000| Untracked 
|  73|0x0000000628c00000, 0x0000000628c00000, 0x0000000629000000|  0%| F|  |TAMS 0x0000000628c00000| PB 0x0000000628c00000| Untracked 
|  74|0x0000000629000000, 0x0000000629000000, 0x0000000629400000|  0%| F|  |TAMS 0x0000000629000000| PB 0x0000000629000000| Untracked 
|  75|0x0000000629400000, 0x0000000629400000, 0x0000000629800000|  0%| F|  |TAMS 0x0000000629400000| PB 0x0000000629400000| Untracked 
|  76|0x0000000629800000, 0x0000000629800000, 0x0000000629c00000|  0%| F|  |TAMS 0x0000000629800000| PB 0x0000000629800000| Untracked 
|  77|0x0000000629c00000, 0x0000000629c00000, 0x000000062a000000|  0%| F|  |TAMS 0x0000000629c00000| PB 0x0000000629c00000| Untracked 
|  78|0x000000062a000000, 0x000000062a000000, 0x000000062a400000|  0%| F|  |TAMS 0x000000062a000000| PB 0x000000062a000000| Untracked 
|  79|0x000000062a400000, 0x000000062a400000, 0x000000062a800000|  0%| F|  |TAMS 0x000000062a400000| PB 0x000000062a400000| Untracked 
|  80|0x000000062a800000, 0x000000062a800000, 0x000000062ac00000|  0%| F|  |TAMS 0x000000062a800000| PB 0x000000062a800000| Untracked 
|  81|0x000000062ac00000, 0x000000062ac00000, 0x000000062b000000|  0%| F|  |TAMS 0x000000062ac00000| PB 0x000000062ac00000| Untracked 
|  82|0x000000062b000000, 0x000000062b000000, 0x000000062b400000|  0%| F|  |TAMS 0x000000062b000000| PB 0x000000062b000000| Untracked 
|  83|0x000000062b400000, 0x000000062b400000, 0x000000062b800000|  0%| F|  |TAMS 0x000000062b400000| PB 0x000000062b400000| Untracked 
|  84|0x000000062b800000, 0x000000062b800000, 0x000000062bc00000|  0%| F|  |TAMS 0x000000062b800000| PB 0x000000062b800000| Untracked 
|  85|0x000000062bc00000, 0x000000062bc00000, 0x000000062c000000|  0%| F|  |TAMS 0x000000062bc00000| PB 0x000000062bc00000| Untracked 
|  86|0x000000062c000000, 0x000000062c000000, 0x000000062c400000|  0%| F|  |TAMS 0x000000062c000000| PB 0x000000062c000000| Untracked 
|  87|0x000000062c400000, 0x000000062c400000, 0x000000062c800000|  0%| F|  |TAMS 0x000000062c400000| PB 0x000000062c400000| Untracked 
|  88|0x000000062c800000, 0x000000062c800000, 0x000000062cc00000|  0%| F|  |TAMS 0x000000062c800000| PB 0x000000062c800000| Untracked 
|  89|0x000000062cc00000, 0x000000062cc00000, 0x000000062d000000|  0%| F|  |TAMS 0x000000062cc00000| PB 0x000000062cc00000| Untracked 
|  90|0x000000062d000000, 0x000000062d000000, 0x000000062d400000|  0%| F|  |TAMS 0x000000062d000000| PB 0x000000062d000000| Untracked 
|  91|0x000000062d400000, 0x000000062d400000, 0x000000062d800000|  0%| F|  |TAMS 0x000000062d400000| PB 0x000000062d400000| Untracked 
|  92|0x000000062d800000, 0x000000062d800000, 0x000000062dc00000|  0%| F|  |TAMS 0x000000062d800000| PB 0x000000062d800000| Untracked 
|  93|0x000000062dc00000, 0x000000062dc00000, 0x000000062e000000|  0%| F|  |TAMS 0x000000062dc00000| PB 0x000000062dc00000| Untracked 
|  94|0x000000062e000000, 0x000000062e000000, 0x000000062e400000|  0%| F|  |TAMS 0x000000062e000000| PB 0x000000062e000000| Untracked 
|  95|0x000000062e400000, 0x000000062e400000, 0x000000062e800000|  0%| F|  |TAMS 0x000000062e400000| PB 0x000000062e400000| Untracked 
|  96|0x000000062e800000, 0x000000062e800000, 0x000000062ec00000|  0%| F|  |TAMS 0x000000062e800000| PB 0x000000062e800000| Untracked 
|  97|0x000000062ec00000, 0x000000062ec00000, 0x000000062f000000|  0%| F|  |TAMS 0x000000062ec00000| PB 0x000000062ec00000| Untracked 
|  98|0x000000062f000000, 0x000000062f000000, 0x000000062f400000|  0%| F|  |TAMS 0x000000062f000000| PB 0x000000062f000000| Untracked 
|  99|0x000000062f400000, 0x000000062f400000, 0x000000062f800000|  0%| F|  |TAMS 0x000000062f400000| PB 0x000000062f400000| Untracked 
| 100|0x000000062f800000, 0x000000062f800000, 0x000000062fc00000|  0%| F|  |TAMS 0x000000062f800000| PB 0x000000062f800000| Untracked 
| 101|0x000000062fc00000, 0x000000062fc00000, 0x0000000630000000|  0%| F|  |TAMS 0x000000062fc00000| PB 0x000000062fc00000| Untracked 
| 102|0x0000000630000000, 0x0000000630000000, 0x0000000630400000|  0%| F|  |TAMS 0x0000000630000000| PB 0x0000000630000000| Untracked 
| 103|0x0000000630400000, 0x0000000630400000, 0x0000000630800000|  0%| F|  |TAMS 0x0000000630400000| PB 0x0000000630400000| Untracked 
| 104|0x0000000630800000, 0x0000000630800000, 0x0000000630c00000|  0%| F|  |TAMS 0x0000000630800000| PB 0x0000000630800000| Untracked 
| 105|0x0000000630c00000, 0x0000000630c00000, 0x0000000631000000|  0%| F|  |TAMS 0x0000000630c00000| PB 0x0000000630c00000| Untracked 
| 106|0x0000000631000000, 0x0000000631000000, 0x0000000631400000|  0%| F|  |TAMS 0x0000000631000000| PB 0x0000000631000000| Untracked 
| 107|0x0000000631400000, 0x0000000631400000, 0x0000000631800000|  0%| F|  |TAMS 0x0000000631400000| PB 0x0000000631400000| Untracked 
| 108|0x0000000631800000, 0x0000000631800000, 0x0000000631c00000|  0%| F|  |TAMS 0x0000000631800000| PB 0x0000000631800000| Untracked 
| 109|0x0000000631c00000, 0x0000000631c00000, 0x0000000632000000|  0%| F|  |TAMS 0x0000000631c00000| PB 0x0000000631c00000| Untracked 
| 110|0x0000000632000000, 0x0000000632000000, 0x0000000632400000|  0%| F|  |TAMS 0x0000000632000000| PB 0x0000000632000000| Untracked 
| 111|0x0000000632400000, 0x0000000632400000, 0x0000000632800000|  0%| F|  |TAMS 0x0000000632400000| PB 0x0000000632400000| Untracked 
| 112|0x0000000632800000, 0x0000000632800000, 0x0000000632c00000|  0%| F|  |TAMS 0x0000000632800000| PB 0x0000000632800000| Untracked 
| 113|0x0000000632c00000, 0x0000000632c00000, 0x0000000633000000|  0%| F|  |TAMS 0x0000000632c00000| PB 0x0000000632c00000| Untracked 
| 114|0x0000000633000000, 0x0000000633000000, 0x0000000633400000|  0%| F|  |TAMS 0x0000000633000000| PB 0x0000000633000000| Untracked 
| 115|0x0000000633400000, 0x0000000633400000, 0x0000000633800000|  0%| F|  |TAMS 0x0000000633400000| PB 0x0000000633400000| Untracked 
| 116|0x0000000633800000, 0x0000000633800000, 0x0000000633c00000|  0%| F|  |TAMS 0x0000000633800000| PB 0x0000000633800000| Untracked 
| 117|0x0000000633c00000, 0x0000000633c00000, 0x0000000634000000|  0%| F|  |TAMS 0x0000000633c00000| PB 0x0000000633c00000| Untracked 
| 118|0x0000000634000000, 0x0000000634000000, 0x0000000634400000|  0%| F|  |TAMS 0x0000000634000000| PB 0x0000000634000000| Untracked 
| 119|0x0000000634400000, 0x0000000634400000, 0x0000000634800000|  0%| F|  |TAMS 0x0000000634400000| PB 0x0000000634400000| Untracked 
| 120|0x0000000634800000, 0x000000063487ba20, 0x0000000634c00000| 12%| E|  |TAMS 0x0000000634800000| PB 0x0000000634800000| Complete 
| 121|0x0000000634c00000, 0x0000000635000000, 0x0000000635000000|100%| E|CS|TAMS 0x0000000634c00000| PB 0x0000000634c00000| Complete 
| 122|0x0000000635000000, 0x0000000635400000, 0x0000000635400000|100%| E|CS|TAMS 0x0000000635000000| PB 0x0000000635000000| Complete 
|1957|0x00000007ffc00000, 0x00000007ffd079d8, 0x0000000800000000| 25%| O|  |TAMS 0x00000007ffc00000| PB 0x00000007ffc00000| Untracked 

Card table byte_map: [0x000076e298800000,0x000076e29974c000] _byte_map_base: 0x000076e29574c000

Marking Bits: (CMBitMap*) 0x000076e294045f30
 Bits: [0x000076e274c00000, 0x000076e27c660000)

Polling page: 0x000076e29d574000

Metaspace:

Usage:
  Non-class:      2.99 MB used.
      Class:    289.32 KB used.
       Both:      3.27 MB used.

Virtual space:
  Non-class space:       64.00 MB reserved,       3.06 MB (  5%) committed,  1 nodes.
      Class space:        1.00 GB reserved,     384.00 KB ( <1%) committed,  1 nodes.
             Both:        1.06 GB reserved,       3.44 MB ( <1%) committed. 

Chunk freelists:
   Non-Class:  11.00 MB
       Class:  15.61 MB
        Both:  26.61 MB

MaxMetaspaceSize: unlimited
CompressedClassSpaceSize: 1.00 GB
Initial GC threshold: 21.00 MB
Current GC threshold: 21.00 MB
CDS: on
 - commit_granule_bytes: 65536.
 - commit_granule_words: 8192.
 - virtual_space_node_default_size: 8388608.
 - enlarge_chunks_in_place: 1.
 - use_allocation_guard: 0.


Internal statistics:

num_allocs_failed_limit: 0.
num_arena_births: 104.
num_arena_deaths: 0.
num_vsnodes_births: 2.
num_vsnodes_deaths: 0.
num_space_committed: 55.
num_space_uncommitted: 0.
num_chunks_returned_to_freelist: 0.
num_chunks_taken_from_freelist: 181.
num_chunk_merges: 0.
num_chunk_splits: 110.
num_chunks_enlarged: 49.
num_inconsistent_stats: 0.

CodeHeap 'non-profiled nmethods': size=119168Kb used=204Kb max_used=204Kb free=118964Kb
 bounds [0x000076e2843a0000, 0x000076e284610000, 0x000076e28b800000]
CodeHeap 'profiled nmethods': size=119164Kb used=1005Kb max_used=1005Kb free=118158Kb
 bounds [0x000076e27c800000, 0x000076e27ca70000, 0x000076e283c5f000]
CodeHeap 'non-nmethods': size=7428Kb used=2642Kb max_used=2650Kb free=4785Kb
 bounds [0x000076e283c5f000, 0x000076e283eff000, 0x000076e2843a0000]
 total_blobs=1296 nmethods=692 adapters=508
 compilation: enabled
              stopped_count=0, restarted_count=0
 full_count=0

Compilation events (20 events):
Event: 1.527 Thread 0x000076e1dc066620  683       1       jdk.internal.loader.URLClassPath$Loader::getBaseURL (5 bytes)
Event: 1.527 Thread 0x000076e1dc066620 nmethod 683 0x000076e2843d1e90 code [0x000076e2843d2020, 0x000076e2843d20e8]
Event: 1.528 Thread 0x000076e294141d50  684       3       java.util.jar.JarFile::maybeInstantiateVerifier (42 bytes)
Event: 1.528 Thread 0x000076e294141d50 nmethod 684 0x000076e27c8f9510 code [0x000076e27c8f96e0, 0x000076e27c8f9a40]
Event: 1.528 Thread 0x000076e294141d50  685       1       java.net.URLStreamHandler::getDefaultPort (2 bytes)
Event: 1.528 Thread 0x000076e294141d50 nmethod 685 0x000076e2843d2190 code [0x000076e2843d2320, 0x000076e2843d23e0]
Event: 1.528 Thread 0x000076e1dc066620  686       3       jdk.internal.ref.CleanerFactory::cleaner (4 bytes)
Event: 1.528 Thread 0x000076e1dc066620 nmethod 686 0x000076e27c8f9b90 code [0x000076e27c8f9d20, 0x000076e27c8f9e10]
Event: 1.529 Thread 0x000076e294140680  687       4       java.lang.invoke.MethodType::parameterCount (6 bytes)
Event: 1.529 Thread 0x000076e294140680 nmethod 687 0x000076e2843d2490 code [0x000076e2843d2600, 0x000076e2843d26a0]
Event: 1.530 Thread 0x000076e1dc066620  689       3       java.lang.String::indexOf (64 bytes)
Event: 1.530 Thread 0x000076e294141d50  690       3       java.lang.StringLatin1::indexOf (25 bytes)
Event: 1.530 Thread 0x000076e294140680  691       4       java.lang.String::coder (15 bytes)
Event: 1.530 Thread 0x000076e294141d50 nmethod 690 0x000076e27c8f9e90 code [0x000076e27c8fa040, 0x000076e27c8fa238]
Event: 1.530 Thread 0x000076e294140680 nmethod 691 0x000076e2843d2d10 code [0x000076e2843d2e80, 0x000076e2843d2f10]
Event: 1.530 Thread 0x000076e1dc066620 nmethod 689 0x000076e27c8fa310 code [0x000076e27c8fa520, 0x000076e27c8fa9e0]
Event: 1.532 Thread 0x000076e1dc066620  693       3       JCudaWrapper.array.Array::checkUpperBound (51 bytes)
Event: 1.532 Thread 0x000076e1d008cf70  692       3       JCudaWrapper.array.Array::checkAgainstLength (10 bytes)
Event: 1.532 Thread 0x000076e1dc066620 nmethod 693 0x000076e27c8fab90 code [0x000076e27c8fad60, 0x000076e27c8fb0a0]
Event: 1.532 Thread 0x000076e1d008cf70 nmethod 692 0x000076e27c8fb290 code [0x000076e27c8fb420, 0x000076e27c8fb5e0]

GC Heap History (0 events):
No events

Dll operation events (11 events):
Event: 0.002 Loaded shared library /usr/lib/jvm/java-21-openjdk-amd64/lib/libjava.so
Event: 0.034 Loaded shared library /usr/lib/jvm/java-21-openjdk-amd64/lib/libjsvml.so
Event: 0.036 Loaded shared library /usr/lib/jvm/java-21-openjdk-amd64/lib/libnio.so
Event: 0.089 Loaded shared library /usr/lib/jvm/java-21-openjdk-amd64/lib/libzip.so
Event: 0.122 Loaded shared library /usr/lib/jvm/java-21-openjdk-amd64/lib/libjimage.so
Event: 0.175 Loaded shared library /tmp/libJCublas2-12.0.0-linux-x86_64.so
Event: 1.461 Loaded shared library /tmp/libJCudaRuntime-12.0.0-linux-x86_64.so
Event: 1.473 Loaded shared library /usr/lib/jvm/java-21-openjdk-amd64/lib/libawt.so
Event: 1.475 Loaded shared library /usr/lib/jvm/java-21-openjdk-amd64/lib/libawt_xawt.so
Event: 1.493 Loaded shared library /usr/lib/jvm/java-21-openjdk-amd64/lib/libjavajpeg.so
Event: 1.524 Loaded shared library /tmp/libJCudaDriver-12.0.0-linux-x86_64.so

Deoptimization events (20 events):
Event: 1.469 Thread 0x000076e29401a060 DEOPT PACKING pc=0x000076e2843b21d4 sp=0x000076e29bbfcdb0
Event: 1.469 Thread 0x000076e29401a060 DEOPT UNPACKING pc=0x000076e283cb2f99 sp=0x000076e29bbfcd68 mode 2
Event: 1.474 Thread 0x000076e29401a060 Uncommon trap: trap_request=0xffffff45 fr.pc=0x000076e2843b35ac relative=0x000000000000018c
Event: 1.474 Thread 0x000076e29401a060 Uncommon trap: reason=unstable_if action=reinterpret pc=0x000076e2843b35ac method=jdk.internal.util.ArraysSupport.vectorizedHashCode(Ljava/lang/Object;IIII)I @ 2 c2
Event: 1.474 Thread 0x000076e29401a060 DEOPT PACKING pc=0x000076e2843b35ac sp=0x000076e29bbfa840
Event: 1.474 Thread 0x000076e29401a060 DEOPT UNPACKING pc=0x000076e283cb2f99 sp=0x000076e29bbfa810 mode 2
Event: 1.523 Thread 0x000076e29401a060 DEOPT PACKING pc=0x000076e27c815654 sp=0x000076e29bbfd630
Event: 1.523 Thread 0x000076e29401a060 DEOPT UNPACKING pc=0x000076e283cb372f sp=0x000076e29bbfca70 mode 0
Event: 1.528 Thread 0x000076e29401a060 Uncommon trap: trap_request=0xffffffc6 fr.pc=0x000076e2843b1278 relative=0x0000000000000b38
Event: 1.528 Thread 0x000076e29401a060 Uncommon trap: reason=bimorphic_or_optimized_type_check action=maybe_recompile pc=0x000076e2843b1278 method=java.util.HashMap.putVal(ILjava/lang/Object;Ljava/lang/Object;ZZ)Ljava/lang/Object; @ 56 c2
Event: 1.528 Thread 0x000076e29401a060 DEOPT PACKING pc=0x000076e2843b1278 sp=0x000076e29bbfe500
Event: 1.528 Thread 0x000076e29401a060 DEOPT UNPACKING pc=0x000076e283cb2f99 sp=0x000076e29bbfe488 mode 2
Event: 1.530 Thread 0x000076e29401a060 Uncommon trap: trap_request=0xffffffc6 fr.pc=0x000076e2843b1278 relative=0x0000000000000b38
Event: 1.530 Thread 0x000076e29401a060 Uncommon trap: reason=bimorphic_or_optimized_type_check action=maybe_recompile pc=0x000076e2843b1278 method=java.util.HashMap.putVal(ILjava/lang/Object;Ljava/lang/Object;ZZ)Ljava/lang/Object; @ 56 c2
Event: 1.530 Thread 0x000076e29401a060 DEOPT PACKING pc=0x000076e2843b1278 sp=0x000076e29bbfe280
Event: 1.530 Thread 0x000076e29401a060 DEOPT UNPACKING pc=0x000076e283cb2f99 sp=0x000076e29bbfe208 mode 2
Event: 1.531 Thread 0x000076e29401a060 Uncommon trap: trap_request=0xffffffc6 fr.pc=0x000076e2843b1278 relative=0x0000000000000b38
Event: 1.531 Thread 0x000076e29401a060 Uncommon trap: reason=bimorphic_or_optimized_type_check action=maybe_recompile pc=0x000076e2843b1278 method=java.util.HashMap.putVal(ILjava/lang/Object;Ljava/lang/Object;ZZ)Ljava/lang/Object; @ 56 c2
Event: 1.531 Thread 0x000076e29401a060 DEOPT PACKING pc=0x000076e2843b1278 sp=0x000076e29bbfe460
Event: 1.531 Thread 0x000076e29401a060 DEOPT UNPACKING pc=0x000076e283cb2f99 sp=0x000076e29bbfe3e8 mode 2

Classes loaded (20 events):
Event: 1.500 Loading class java/util/stream/MatchOps$MatchKind
Event: 1.500 Loading class java/util/stream/MatchOps$MatchKind done
Event: 1.500 Loading class java/util/stream/MatchOps
Event: 1.500 Loading class java/util/stream/MatchOps done
Event: 1.500 Loading class java/util/stream/MatchOps$MatchOp
Event: 1.500 Loading class java/util/stream/MatchOps$MatchOp done
Event: 1.500 Loading class java/util/stream/MatchOps$BooleanTerminalSink
Event: 1.500 Loading class java/util/stream/MatchOps$BooleanTerminalSink done
Event: 1.500 Loading class java/util/stream/MatchOps$2MatchSink
Event: 1.500 Loading class java/util/stream/MatchOps$2MatchSink done
Event: 1.501 Loading class java/util/stream/MatchOps$1MatchSink
Event: 1.501 Loading class java/util/stream/MatchOps$1MatchSink done
Event: 1.501 Loading class java/nio/HeapDoubleBuffer
Event: 1.501 Loading class java/nio/HeapDoubleBuffer done
Event: 1.513 Loading class java/awt/Dimension
Event: 1.513 Loading class java/awt/geom/Dimension2D
Event: 1.513 Loading class java/awt/geom/Dimension2D done
Event: 1.513 Loading class java/awt/Dimension done
Event: 1.529 Loading class java/nio/HeapIntBuffer
Event: 1.529 Loading class java/nio/HeapIntBuffer done

Classes unloaded (0 events):
No events

Classes redefined (0 events):
No events

Internal exceptions (13 events):
Event: 0.068 Thread 0x000076e29401a060 Exception <a 'sun/nio/fs/UnixException'{0x0000000635070ea8}> (0x0000000635070ea8) 
thrown [./src/hotspot/share/prims/jni.cpp, line 520]
Event: 0.068 Thread 0x000076e29401a060 Exception <a 'sun/nio/fs/UnixException'{0x00000006350715e8}> (0x00000006350715e8) 
thrown [./src/hotspot/share/prims/jni.cpp, line 520]
Event: 0.068 Thread 0x000076e29401a060 Exception <a 'sun/nio/fs/UnixException'{0x0000000635071e18}> (0x0000000635071e18) 
thrown [./src/hotspot/share/prims/jni.cpp, line 520]
Event: 0.068 Thread 0x000076e29401a060 Exception <a 'sun/nio/fs/UnixException'{0x0000000635072410}> (0x0000000635072410) 
thrown [./src/hotspot/share/prims/jni.cpp, line 520]
Event: 0.068 Thread 0x000076e29401a060 Exception <a 'sun/nio/fs/UnixException'{0x00000006350729e0}> (0x00000006350729e0) 
thrown [./src/hotspot/share/prims/jni.cpp, line 520]
Event: 0.069 Thread 0x000076e29401a060 Exception <a 'sun/nio/fs/UnixException'{0x0000000635072fc0}> (0x0000000635072fc0) 
thrown [./src/hotspot/share/prims/jni.cpp, line 520]
Event: 0.069 Thread 0x000076e29401a060 Exception <a 'sun/nio/fs/UnixException'{0x0000000635073810}> (0x0000000635073810) 
thrown [./src/hotspot/share/prims/jni.cpp, line 520]
Event: 1.466 Thread 0x000076e29401a060 Exception <a 'java/lang/NoSuchMethodError'{0x0000000634c55808}: 'void java.lang.invoke.DirectMethodHandle$Holder.invokeStatic(java.lang.Object, java.lang.Object)'> (0x0000000634c55808) 
thrown [./src/hotspot/share/interpreter/linkResolver.cpp, line 772]
Event: 1.469 Thread 0x000076e29401a060 Implicit null exception at 0x000076e2843b2063 to 0x000076e2843b21c4
Event: 1.471 Thread 0x000076e29401a060 Exception <a 'java/lang/ClassNotFoundException'{0x0000000634c69980}: sun/awt/resources/spi/awtProvider> (0x0000000634c69980) 
thrown [./src/hotspot/share/classfile/systemDictionary.cpp, line 312]
Event: 1.480 Thread 0x000076e29401a060 Exception <a 'java/io/FileNotFoundException'{0x0000000634d378e8}> (0x0000000634d378e8) 
thrown [./src/hotspot/share/prims/jni.cpp, line 520]
Event: 1.503 Thread 0x000076e29401a060 Exception <a 'java/lang/NoSuchMethodError'{0x0000000634dea558}: 'java.lang.Object java.lang.invoke.DirectMethodHandle$Holder.invokeStatic(java.lang.Object, java.lang.Object, int)'> (0x0000000634dea558) 
thrown [./src/hotspot/share/interpreter/linkResolver.cpp, line 772]
Event: 1.517 Thread 0x000076e29401a060 Exception <a 'java/lang/NoSuchMethodError'{0x0000000634f4e388}: 'java.lang.Object java.lang.invoke.DirectMethodHandle$Holder.newInvokeSpecial(java.lang.Object, java.lang.Object, int)'> (0x0000000634f4e388) 
thrown [./src/hotspot/share/interpreter/linkResolver.cpp, line 772]

ZGC Phase Switch (0 events):
No events

VM Operations (8 events):
Event: 0.071 Executing VM operation: HandshakeAllThreads (Deoptimize)
Event: 0.071 Executing VM operation: HandshakeAllThreads (Deoptimize) done
Event: 1.071 Executing VM operation: Cleanup
Event: 1.071 Executing VM operation: Cleanup done
Event: 1.468 Executing VM operation: HandshakeAllThreads (Deoptimize)
Event: 1.468 Executing VM operation: HandshakeAllThreads (Deoptimize) done
Event: 1.470 Executing VM operation: HandshakeAllThreads (Deoptimize)
Event: 1.470 Executing VM operation: HandshakeAllThreads (Deoptimize) done

Memory protections (16 events):
Event: 0.002 Protecting memory [0x000076e29bb00000,0x000076e29bb04000] with protection modes 0
Event: 0.031 Protecting memory [0x000076e2740f6000,0x000076e2740fa000] with protection modes 0
Event: 0.031 Protecting memory [0x000076e26d100000,0x000076e26d104000] with protection modes 0
Event: 0.032 Protecting memory [0x000076e26d000000,0x000076e26d004000] with protection modes 0
Event: 0.032 Protecting memory [0x000076e26cf00000,0x000076e26cf04000] with protection modes 0
Event: 0.032 Protecting memory [0x000076e26ce00000,0x000076e26ce04000] with protection modes 0
Event: 0.032 Protecting memory [0x000076e26cd00000,0x000076e26cd04000] with protection modes 0
Event: 0.033 Protecting memory [0x000076e26cc00000,0x000076e26cc04000] with protection modes 0
Event: 0.055 Protecting memory [0x000076e26cb00000,0x000076e26cb04000] with protection modes 0
Event: 0.064 Protecting memory [0x000076e26ca00000,0x000076e26ca04000] with protection modes 0
Event: 0.083 Protecting memory [0x000076e26c900000,0x000076e26c904000] with protection modes 0
Event: 0.086 Protecting memory [0x000076e26c800000,0x000076e26c804000] with protection modes 0
Event: 0.096 Protecting memory [0x000076e26c700000,0x000076e26c704000] with protection modes 0
Event: 1.467 Protecting memory [0x000076e26c800000,0x000076e26c804000] with protection modes 0
Event: 1.492 Protecting memory [0x000076e26c700000,0x000076e26c704000] with protection modes 0
Event: 1.515 Protecting memory [0x000076e261c7d000,0x000076e261c81000] with protection modes 0

Nmethod flushes (0 events):
No events

Events (18 events):
Event: 0.021 Thread 0x000076e29401a060 Thread added: 0x000076e29401a060
Event: 0.031 Thread 0x000076e29401a060 Thread added: 0x000076e294138f50
Event: 0.031 Thread 0x000076e29401a060 Thread added: 0x000076e29413a3e0
Event: 0.032 Thread 0x000076e29401a060 Thread added: 0x000076e29413beb0
Event: 0.032 Thread 0x000076e29401a060 Thread added: 0x000076e29413d500
Event: 0.032 Thread 0x000076e29401a060 Thread added: 0x000076e29413eab0
Event: 0.032 Thread 0x000076e29401a060 Thread added: 0x000076e294140680
Event: 0.033 Thread 0x000076e29401a060 Thread added: 0x000076e294141d50
Event: 0.055 Thread 0x000076e29401a060 Thread added: 0x000076e294160f00
Event: 0.064 Thread 0x000076e294141d50 Thread added: 0x000076e1dc066620
Event: 0.083 Thread 0x000076e29401a060 Thread added: 0x000076e29419c780
Event: 0.086 Thread 0x000076e294141d50 Thread added: 0x000076e1dc0991f0
Event: 0.096 Thread 0x000076e294140680 Thread added: 0x000076e1e00c8630
Event: 1.459 Thread 0x000076e1e00c8630 Thread exited: 0x000076e1e00c8630
Event: 1.459 Thread 0x000076e1dc0991f0 Thread exited: 0x000076e1dc0991f0
Event: 1.467 Thread 0x000076e29401a060 Thread added: 0x000076e295516890
Event: 1.492 Thread 0x000076e29401a060 Thread added: 0x000076e2955498e0
Event: 1.515 Thread 0x000076e1dc066620 Thread added: 0x000076e1d008cf70


Dynamic libraries:
200000000-200200000 ---p 00000000 00:00 0 
200200000-200400000 rw-s 00000000 00:05 1070                             /dev/nvidia0
200400000-203400000 rw-s 00000000 00:05 1069                             /dev/nvidiactl
203400000-204400000 ---p 00000000 00:00 0 
204400000-204600000 rw-s 00000000 00:05 1069                             /dev/nvidiactl
204600000-204800000 rw-s 00000000 00:05 1069                             /dev/nvidiactl
204800000-204a00000 rw-s 00000000 00:05 1069                             /dev/nvidiactl
204a00000-204c00000 rw-s 204a00000 00:05 1071                            /dev/nvidia-uvm
204c00000-204e00000 rw-s 00000000 00:05 1069                             /dev/nvidiactl
204e00000-205000000 ---p 00000000 00:00 0 
205000000-205200000 rw-s 00000000 00:05 1069                             /dev/nvidiactl
205200000-300200000 ---p 00000000 00:00 0 
616800000-635400000 rw-p 00000000 00:00 0 
635400000-7ffc00000 ---p 00000000 00:00 0 
7ffc00000-7ffd08000 rw-p 00ced000 103:02 17172987                        /usr/lib/jvm/java-21-openjdk-amd64/lib/server/classes.jsa
7ffd08000-800000000 rw-p 00000000 00:00 0 
10000000000-10004000000 ---p 00000000 00:00 0 
62e0126bf000-62e0126c0000 r--p 00000000 103:02 17172834                  /usr/lib/jvm/java-21-openjdk-amd64/bin/java
62e0126c0000-62e0126c1000 r-xp 00001000 103:02 17172834                  /usr/lib/jvm/java-21-openjdk-amd64/bin/java
62e0126c1000-62e0126c2000 r--p 00002000 103:02 17172834                  /usr/lib/jvm/java-21-openjdk-amd64/bin/java
62e0126c2000-62e0126c3000 r--p 00002000 103:02 17172834                  /usr/lib/jvm/java-21-openjdk-amd64/bin/java
62e0126c3000-62e0126c4000 rw-p 00003000 103:02 17172834                  /usr/lib/jvm/java-21-openjdk-amd64/bin/java
62e013324000-62e01336b000 rw-p 00000000 00:00 0                          [heap]
76e158000000-76e158021000 rw-p 00000000 00:00 0 
76e158021000-76e15c000000 ---p 00000000 00:00 0 
76e15e000000-76e166000000 ---p 00000000 00:00 0 
76e168000000-76e16a000000 ---p 00000000 00:00 0 
76e16c000000-76e16c400000 ---p 00000000 00:00 0 
76e16c400000-76e16c600000 rw-s 00000000 00:05 1069                       /dev/nvidiactl
76e16c600000-76e16c800000 rw-s 00000000 00:01 13327                      /dev/zero (deleted)
76e16c800000-76e16ca00000 rw-s 00000000 00:01 13328                      /dev/zero (deleted)
76e16ca00000-76e16d000000 ---p 00000000 00:00 0 
76e16d000000-76e16d200000 rw-s 00000000 00:05 1069                       /dev/nvidiactl
76e16d200000-76e16d400000 ---p 00000000 00:00 0 
76e16d400000-76e16d600000 rw-s 00000000 00:01 13330                      /dev/zero (deleted)
76e16d600000-76e16db33000 rw-s 00000000 00:05 1069                       /dev/nvidiactl
76e16db33000-76e16e000000 ---p 00000000 00:00 0 
76e170000000-76e180000000 ---p 00000000 00:00 0 
76e184000000-76e184021000 rw-p 00000000 00:00 0 
76e184021000-76e188000000 ---p 00000000 00:00 0 
76e18a000000-76e190000000 ---p 00000000 00:00 0 
76e190000000-76e190021000 rw-p 00000000 00:00 0 
76e190021000-76e194000000 ---p 00000000 00:00 0 
76e194200000-76e1b1463000 r-xp 00000000 103:02 16524125                  /usr/lib/x86_64-linux-gnu/libcublasLt.so.12.0.2.224
76e1b1463000-76e1b1663000 ---p 1d263000 103:02 16524125                  /usr/lib/x86_64-linux-gnu/libcublasLt.so.12.0.2.224
76e1b1663000-76e1b1893000 r--p 1d263000 103:02 16524125                  /usr/lib/x86_64-linux-gnu/libcublasLt.so.12.0.2.224
76e1b1893000-76e1b2827000 rw-p 1d493000 103:02 16524125                  /usr/lib/x86_64-linux-gnu/libcublasLt.so.12.0.2.224
76e1b2827000-76e1b500f000 rw-p 00000000 00:00 0 
76e1b5400000-76e1bba67000 r-xp 00000000 103:02 16524127                  /usr/lib/x86_64-linux-gnu/libcublas.so.12.0.2.224
76e1bba67000-76e1bbc67000 ---p 06667000 103:02 16524127                  /usr/lib/x86_64-linux-gnu/libcublas.so.12.0.2.224
76e1bbc67000-76e1bbc6e000 r--p 06667000 103:02 16524127                  /usr/lib/x86_64-linux-gnu/libcublas.so.12.0.2.224
76e1bbc6e000-76e1bbc75000 rw-p 0666e000 103:02 16524127                  /usr/lib/x86_64-linux-gnu/libcublas.so.12.0.2.224
76e1bbc75000-76e1bbc7d000 rw-p 00000000 00:00 0 
76e1bc000000-76e1bc02f000 rw-p 00000000 00:00 0 
76e1bc02f000-76e1c0000000 ---p 00000000 00:00 0 
76e1c4000000-76e1c404f000 rw-p 00000000 00:00 0 
76e1c404f000-76e1c8000000 ---p 00000000 00:00 0 
76e1c8000000-76e1c8021000 rw-p 00000000 00:00 0 
76e1c8021000-76e1cc000000 ---p 00000000 00:00 0 
76e1d0000000-76e1d00b0000 rw-p 00000000 00:00 0 
76e1d00b0000-76e1d4000000 ---p 00000000 00:00 0 
76e1d4000000-76e1d4021000 rw-p 00000000 00:00 0 
76e1d4021000-76e1d8000000 ---p 00000000 00:00 0 
76e1dc000000-76e1dc10d000 rw-p 00000000 00:00 0 
76e1dc10d000-76e1e0000000 ---p 00000000 00:00 0 
76e1e0000000-76e1e0146000 rw-p 00000000 00:00 0 
76e1e0146000-76e1e4000000 ---p 00000000 00:00 0 
76e1e8000000-76e1e8021000 rw-p 00000000 00:00 0 
76e1e8021000-76e1ec000000 ---p 00000000 00:00 0 
76e1ec000000-76e1ec021000 rw-p 00000000 00:00 0 
76e1ec021000-76e1f0000000 ---p 00000000 00:00 0 
76e1f4000000-76e1f4021000 rw-p 00000000 00:00 0 
76e1f4021000-76e1f8000000 ---p 00000000 00:00 0 
76e1f8000000-76e1f8021000 rw-p 00000000 00:00 0 
76e1f8021000-76e1fc000000 ---p 00000000 00:00 0 
76e1ff600000-76e1ff8dc000 rw-p 00000000 00:00 0 
76e1ffa00000-76e1ffae4000 r-xp 00000000 103:02 18219064                  /tmp/libJCudaDriver-12.0.0-linux-x86_64.so
76e1ffae4000-76e1ffce4000 ---p 000e4000 103:02 18219064                  /tmp/libJCudaDriver-12.0.0-linux-x86_64.so
76e1ffce4000-76e1ffce9000 r--p 000e4000 103:02 18219064                  /tmp/libJCudaDriver-12.0.0-linux-x86_64.so
76e1ffce9000-76e1ffceb000 rw-p 000e9000 103:02 18219064                  /tmp/libJCudaDriver-12.0.0-linux-x86_64.so
76e1ffceb000-76e1ffced000 rw-p 00000000 00:00 0 
76e200000000-76e200021000 rw-p 00000000 00:00 0 
76e200021000-76e204000000 ---p 00000000 00:00 0 
76e204000000-76e204021000 rw-p 00000000 00:00 0 
76e204021000-76e208000000 ---p 00000000 00:00 0 
76e208400000-76e20b17c000 r-xp 00000000 103:02 16526206                  /usr/lib/x86_64-linux-gnu/libnvrtc.so.12.0.140
76e20b17c000-76e20b37c000 ---p 02d7c000 103:02 16526206                  /usr/lib/x86_64-linux-gnu/libnvrtc.so.12.0.140
76e20b37c000-76e20ba4f000 r--p 02d7c000 103:02 16526206                  /usr/lib/x86_64-linux-gnu/libnvrtc.so.12.0.140
76e20ba4f000-76e20bb1b000 rw-p 0344f000 103:02 16526206                  /usr/lib/x86_64-linux-gnu/libnvrtc.so.12.0.140
76e20bb1b000-76e20bc1c000 rw-p 00000000 00:00 0 
76e20c000000-76e20c210000 rw-p 00000000 00:00 0 
76e20c210000-76e20c400000 ---p 00000000 00:00 0 
76e20c400000-76e20c500000 rw-p 00000000 00:00 0 
76e20c500000-76e210000000 ---p 00000000 00:00 0 
76e210000000-76e210021000 rw-p 00000000 00:00 0 
76e210021000-76e214000000 ---p 00000000 00:00 0 
76e214400000-76e2144c7000 r-xp 00000000 103:02 18219063                  /tmp/libJCudaRuntime-12.0.0-linux-x86_64.so
76e2144c7000-76e2146c7000 ---p 000c7000 103:02 18219063                  /tmp/libJCudaRuntime-12.0.0-linux-x86_64.so
76e2146c7000-76e2146cc000 r--p 000c7000 103:02 18219063                  /tmp/libJCudaRuntime-12.0.0-linux-x86_64.so
76e2146cc000-76e2146cd000 rw-p 000cc000 103:02 18219063                  /tmp/libJCudaRuntime-12.0.0-linux-x86_64.so
76e2146cd000-76e2146cf000 rw-p 00000000 00:00 0 
76e214a00000-76e214a01000 ---p 00000000 00:00 0 
76e214a01000-76e215201000 rw-p 00000000 00:00 0 
76e215400000-76e215401000 rw-s 00000000 00:05 1069                       /dev/nvidiactl
76e215401000-76e215402000 rw-s 00000000 00:05 1069                       /dev/nvidiactl
76e215402000-76e215403000 rw-s 00000000 00:05 1069                       /dev/nvidiactl
76e215403000-76e215404000 rw-s 00000000 00:05 1069                       /dev/nvidiactl
76e215404000-76e215405000 rw-s 00000000 00:05 1069                       /dev/nvidiactl
76e215405000-76e215406000 rw-s 00000000 00:05 1069                       /dev/nvidiactl
76e215406000-76e215407000 rw-s 00000000 00:05 1069                       /dev/nvidiactl
76e215407000-76e215408000 rw-s 00000000 00:05 1069                       /dev/nvidiactl
76e215408000-76e215409000 rw-s 00000000 00:05 1069                       /dev/nvidiactl
76e215409000-76e21540a000 rw-s 00000000 00:05 1069                       /dev/nvidiactl
76e21540a000-76e21540b000 rw-s 00000000 00:05 1069                       /dev/nvidiactl
76e21540b000-76e21540c000 rw-s 00000000 00:05 1069                       /dev/nvidiactl
76e21540c000-76e21540d000 rw-s 00000000 00:05 1069                       /dev/nvidiactl
76e21540d000-76e21540e000 rw-s 00000000 00:05 1069                       /dev/nvidiactl
76e21540e000-76e21540f000 rw-s 00000000 00:05 1069                       /dev/nvidiactl
76e21540f000-76e215410000 rw-s 00000000 00:05 1069                       /dev/nvidiactl
76e215410000-76e216421000 ---p 00000000 00:00 0 
76e216600000-76e216601000 ---p 00000000 00:00 0 
76e216601000-76e216e01000 rw-p 00000000 00:00 0 
76e217000000-76e217cae000 rw-p 00001000 103:02 17172987                  /usr/lib/jvm/java-21-openjdk-amd64/lib/server/classes.jsa
76e217cae000-76e218000000 ---p 00000000 00:00 0 
76e218000000-76e218030000 rw-p 00000000 00:00 0 
76e218030000-76e218040000 ---p 00000000 00:00 0 
76e218040000-76e218070000 rw-p 00000000 00:00 0 
76e218070000-76e258000000 ---p 00000000 00:00 0 
76e258000000-76e258021000 rw-p 00000000 00:00 0 
76e258021000-76e25c000000 ---p 00000000 00:00 0 
76e25c000000-76e25c021000 rw-p 00000000 00:00 0 
76e25c021000-76e260000000 ---p 00000000 00:00 0 
76e260200000-76e261221000 ---p 00000000 00:00 0 
76e261400000-76e261401000 ---p 00000000 00:00 0 
76e261401000-76e261c01000 rw-p 00000000 00:00 0 
76e261c7d000-76e261c81000 ---p 00000000 00:00 0 
76e261c81000-76e261d7d000 rw-p 00000000 00:00 0 
76e261d7d000-76e261d81000 r--p 00000000 103:02 16530777                  /usr/lib/x86_64-linux-gnu/libjpeg.so.8.2.2
76e261d81000-76e261dce000 r-xp 00004000 103:02 16530777                  /usr/lib/x86_64-linux-gnu/libjpeg.so.8.2.2
76e261dce000-76e261dfe000 r--p 00051000 103:02 16530777                  /usr/lib/x86_64-linux-gnu/libjpeg.so.8.2.2
76e261dfe000-76e261dff000 r--p 00081000 103:02 16530777                  /usr/lib/x86_64-linux-gnu/libjpeg.so.8.2.2
76e261dff000-76e261e00000 rw-p 00082000 103:02 16530777                  /usr/lib/x86_64-linux-gnu/libjpeg.so.8.2.2
76e261e00000-76e261ede000 r--p 00000000 103:02 16552573                  /usr/lib/x86_64-linux-gnu/libcuda.so.550.107.02
76e261ede000-76e2623b3000 r-xp 000de000 103:02 16552573                  /usr/lib/x86_64-linux-gnu/libcuda.so.550.107.02
76e2623b3000-76e26384e000 r--p 005b3000 103:02 16552573                  /usr/lib/x86_64-linux-gnu/libcuda.so.550.107.02
76e26384e000-76e26384f000 ---p 01a4e000 103:02 16552573                  /usr/lib/x86_64-linux-gnu/libcuda.so.550.107.02
76e26384f000-76e263867000 r--p 01a4e000 103:02 16552573                  /usr/lib/x86_64-linux-gnu/libcuda.so.550.107.02
76e263867000-76e263962000 rw-p 01a66000 103:02 16552573                  /usr/lib/x86_64-linux-gnu/libcuda.so.550.107.02
76e263962000-76e2639cb000 rw-p 00000000 00:00 0 
76e263a00000-76e263b38000 r-xp 00000000 103:02 18219061                  /tmp/libJCublas2-12.0.0-linux-x86_64.so
76e263b38000-76e263d38000 ---p 00138000 103:02 18219061                  /tmp/libJCublas2-12.0.0-linux-x86_64.so
76e263d38000-76e263d3d000 r--p 00138000 103:02 18219061                  /tmp/libJCublas2-12.0.0-linux-x86_64.so
76e263d3d000-76e263d3f000 rw-p 0013d000 103:02 18219061                  /tmp/libJCublas2-12.0.0-linux-x86_64.so
76e263d3f000-76e263d41000 rw-p 00000000 00:00 0 
76e263d56000-76e263d6f000 r--p 00000000 103:02 16530316                  /usr/lib/x86_64-linux-gnu/libX11.so.6.4.0
76e263d6f000-76e263dff000 r-xp 00019000 103:02 16530316                  /usr/lib/x86_64-linux-gnu/libX11.so.6.4.0
76e263dff000-76e263e8e000 r--p 000a9000 103:02 16530316                  /usr/lib/x86_64-linux-gnu/libX11.so.6.4.0
76e263e8e000-76e263e8f000 r--p 00138000 103:02 16530316                  /usr/lib/x86_64-linux-gnu/libX11.so.6.4.0
76e263e8f000-76e263e93000 rw-p 00139000 103:02 16530316                  /usr/lib/x86_64-linux-gnu/libX11.so.6.4.0
76e263e93000-76e263ea5000 r--p 00000000 103:02 17173114                  /usr/lib/jvm/java-21-openjdk-amd64/lib/libawt_xawt.so
76e263ea5000-76e263eec000 r-xp 00012000 103:02 17173114                  /usr/lib/jvm/java-21-openjdk-amd64/lib/libawt_xawt.so
76e263eec000-76e263f04000 r--p 00059000 103:02 17173114                  /usr/lib/jvm/java-21-openjdk-amd64/lib/libawt_xawt.so
76e263f04000-76e263f09000 r--p 00070000 103:02 17173114                  /usr/lib/jvm/java-21-openjdk-amd64/lib/libawt_xawt.so
76e263f09000-76e263f0b000 rw-p 00075000 103:02 17173114                  /usr/lib/jvm/java-21-openjdk-amd64/lib/libawt_xawt.so
76e263f0b000-76e263f0d000 rw-p 00000000 00:00 0 
76e263f0d000-76e263f2b000 r--p 00000000 103:02 17172951                  /usr/lib/jvm/java-21-openjdk-amd64/lib/libawt.so
76e263f2b000-76e263fc2000 r-xp 0001e000 103:02 17172951                  /usr/lib/jvm/java-21-openjdk-amd64/lib/libawt.so
76e263fc2000-76e263fcf000 r--p 000b5000 103:02 17172951                  /usr/lib/jvm/java-21-openjdk-amd64/lib/libawt.so
76e263fcf000-76e263fd0000 r--p 000c1000 103:02 17172951                  /usr/lib/jvm/java-21-openjdk-amd64/lib/libawt.so
76e263fd0000-76e263fdb000 rw-p 000c2000 103:02 17172951                  /usr/lib/jvm/java-21-openjdk-amd64/lib/libawt.so
76e263fdb000-76e264021000 rw-p 00000000 00:00 0 
76e264021000-76e268000000 ---p 00000000 00:00 0 
76e268000000-76e268021000 rw-p 00000000 00:00 0 
76e268021000-76e26c000000 ---p 00000000 00:00 0 
76e26c03d000-76e26c17f000 rw-p 00000000 00:00 0 
76e26c17f000-76e26c37f000 rw-s 00000000 00:01 13329                      /dev/zero (deleted)
76e26c37f000-76e26c65a000 rw-p 00000000 00:00 0 
76e26c67f000-76e26c700000 rw-p 00000000 00:00 0 
76e26c700000-76e26c704000 ---p 00000000 00:00 0 
76e26c704000-76e26c800000 rw-p 00000000 00:00 0 
76e26c800000-76e26c804000 ---p 00000000 00:00 0 
76e26c804000-76e26c900000 rw-p 00000000 00:00 0 
76e26c900000-76e26c904000 ---p 00000000 00:00 0 
76e26c904000-76e26ca00000 rw-p 00000000 00:00 0 
76e26ca00000-76e26ca04000 ---p 00000000 00:00 0 
76e26ca04000-76e26cb00000 rw-p 00000000 00:00 0 
76e26cb00000-76e26cb04000 ---p 00000000 00:00 0 
76e26cb04000-76e26cc00000 rw-p 00000000 00:00 0 
76e26cc00000-76e26cc04000 ---p 00000000 00:00 0 
76e26cc04000-76e26cd00000 rw-p 00000000 00:00 0 
76e26cd00000-76e26cd04000 ---p 00000000 00:00 0 
76e26cd04000-76e26ce00000 rw-p 00000000 00:00 0 
76e26ce00000-76e26ce04000 ---p 00000000 00:00 0 
76e26ce04000-76e26cf00000 rw-p 00000000 00:00 0 
76e26cf00000-76e26cf04000 ---p 00000000 00:00 0 
76e26cf04000-76e26d000000 rw-p 00000000 00:00 0 
76e26d000000-76e26d004000 ---p 00000000 00:00 0 
76e26d004000-76e26d100000 rw-p 00000000 00:00 0 
76e26d100000-76e26d104000 ---p 00000000 00:00 0 
76e26d104000-76e26d200000 rw-p 00000000 00:00 0 
76e26d200000-76e26dfec000 r--p 00000000 103:02 16521112                  /usr/lib/locale/locale-archive
76e26e000000-76e270021000 rw-p 00000000 00:00 0 
76e270021000-76e274000000 ---p 00000000 00:00 0 
76e27401d000-76e27401f000 r--p 00000000 103:02 16530828                  /usr/lib/x86_64-linux-gnu/libmd.so.0.1.0
76e27401f000-76e274028000 r-xp 00002000 103:02 16530828                  /usr/lib/x86_64-linux-gnu/libmd.so.0.1.0
76e274028000-76e27402a000 r--p 0000b000 103:02 16530828                  /usr/lib/x86_64-linux-gnu/libmd.so.0.1.0
76e27402a000-76e27402b000 r--p 0000c000 103:02 16530828                  /usr/lib/x86_64-linux-gnu/libmd.so.0.1.0
76e27402b000-76e27402c000 rw-p 0000d000 103:02 16530828                  /usr/lib/x86_64-linux-gnu/libmd.so.0.1.0
76e27402c000-76e274037000 r--p 00000000 103:02 16531187                  /usr/lib/x86_64-linux-gnu/libxcb.so.1.1.0
76e274037000-76e27404a000 r-xp 0000b000 103:02 16531187                  /usr/lib/x86_64-linux-gnu/libxcb.so.1.1.0
76e27404a000-76e274053000 r--p 0001e000 103:02 16531187                  /usr/lib/x86_64-linux-gnu/libxcb.so.1.1.0
76e274053000-76e274054000 r--p 00026000 103:02 16531187                  /usr/lib/x86_64-linux-gnu/libxcb.so.1.1.0
76e274054000-76e274055000 rw-p 00027000 103:02 16531187                  /usr/lib/x86_64-linux-gnu/libxcb.so.1.1.0
76e274055000-76e2740f6000 rw-p 00000000 00:00 0 
76e2740f6000-76e2740fa000 ---p 00000000 00:00 0 
76e2740fa000-76e2741f6000 rw-p 00000000 00:00 0 
76e2741f6000-76e2741f7000 ---p 00000000 00:00 0 
76e2741f7000-76e2742f7000 rw-p 00000000 00:00 0 
76e2742f7000-76e2742f8000 ---p 00000000 00:00 0 
76e2742f8000-76e2743f8000 rw-p 00000000 00:00 0 
76e2743f8000-76e2743f9000 ---p 00000000 00:00 0 
76e2743f9000-76e2744f9000 rw-p 00000000 00:00 0 
76e2744f9000-76e2744fa000 ---p 00000000 00:00 0 
76e2744fa000-76e2745fa000 rw-p 00000000 00:00 0 
76e2745fa000-76e2753b0000 rw-p 00000000 00:00 0 
76e2753b0000-76e27c650000 ---p 00000000 00:00 0 
76e27c650000-76e27c660000 rw-p 00000000 00:00 0 
76e27c668000-76e27c66c000 r--p 00000000 103:02 16530470                  /usr/lib/x86_64-linux-gnu/libbsd.so.0.12.1
76e27c66c000-76e27c678000 r-xp 00004000 103:02 16530470                  /usr/lib/x86_64-linux-gnu/libbsd.so.0.12.1
76e27c678000-76e27c67b000 r--p 00010000 103:02 16530470                  /usr/lib/x86_64-linux-gnu/libbsd.so.0.12.1
76e27c67b000-76e27c67c000 r--p 00012000 103:02 16530470                  /usr/lib/x86_64-linux-gnu/libbsd.so.0.12.1
76e27c67c000-76e27c67d000 rw-p 00013000 103:02 16530470                  /usr/lib/x86_64-linux-gnu/libbsd.so.0.12.1
76e27c67d000-76e27c800000 rw-p 00000000 00:00 0 
76e27c800000-76e27ca70000 rwxp 00000000 00:00 0 
76e27ca70000-76e283c5f000 ---p 00000000 00:00 0 
76e283c5f000-76e283eff000 rwxp 00000000 00:00 0 
76e283eff000-76e2843a0000 ---p 00000000 00:00 0 
76e2843a0000-76e284610000 rwxp 00000000 00:00 0 
76e284610000-76e28b800000 ---p 00000000 00:00 0 
76e28b800000-76e293e02000 r--s 00000000 103:02 17172984                  /usr/lib/jvm/java-21-openjdk-amd64/lib/modules
76e293e0b000-76e293e0d000 r--p 00000000 103:02 16530323                  /usr/lib/x86_64-linux-gnu/libXdmcp.so.6.0.0
76e293e0d000-76e293e0f000 r-xp 00002000 103:02 16530323                  /usr/lib/x86_64-linux-gnu/libXdmcp.so.6.0.0
76e293e0f000-76e293e11000 r--p 00004000 103:02 16530323                  /usr/lib/x86_64-linux-gnu/libXdmcp.so.6.0.0
76e293e11000-76e293e12000 r--p 00005000 103:02 16530323                  /usr/lib/x86_64-linux-gnu/libXdmcp.so.6.0.0
76e293e12000-76e293e13000 rw-p 00006000 103:02 16530323                  /usr/lib/x86_64-linux-gnu/libXdmcp.so.6.0.0
76e293e13000-76e293e16000 r--p 00000000 103:02 16530328                  /usr/lib/x86_64-linux-gnu/libXi.so.6.1.0
76e293e16000-76e293e22000 r-xp 00003000 103:02 16530328                  /usr/lib/x86_64-linux-gnu/libXi.so.6.1.0
76e293e22000-76e293e24000 r--p 0000f000 103:02 16530328                  /usr/lib/x86_64-linux-gnu/libXi.so.6.1.0
76e293e24000-76e293e25000 r--p 00011000 103:02 16530328                  /usr/lib/x86_64-linux-gnu/libXi.so.6.1.0
76e293e25000-76e293e26000 rw-p 00012000 103:02 16530328                  /usr/lib/x86_64-linux-gnu/libXi.so.6.1.0
76e293e26000-76e293e28000 r--p 00000000 103:02 16530337                  /usr/lib/x86_64-linux-gnu/libXtst.so.6.1.0
76e293e28000-76e293e2b000 r-xp 00002000 103:02 16530337                  /usr/lib/x86_64-linux-gnu/libXtst.so.6.1.0
76e293e2b000-76e293e2c000 r--p 00005000 103:02 16530337                  /usr/lib/x86_64-linux-gnu/libXtst.so.6.1.0
76e293e2c000-76e293e2d000 r--p 00005000 103:02 16530337                  /usr/lib/x86_64-linux-gnu/libXtst.so.6.1.0
76e293e2d000-76e293e2e000 rw-p 00006000 103:02 16530337                  /usr/lib/x86_64-linux-gnu/libXtst.so.6.1.0
76e293e2e000-76e293e33000 r--p 00000000 103:02 17172968                  /usr/lib/jvm/java-21-openjdk-amd64/lib/libjsvml.so
76e293e33000-76e293e74000 r-xp 00005000 103:02 17172968                  /usr/lib/jvm/java-21-openjdk-amd64/lib/libjsvml.so
76e293e74000-76e293efd000 r--p 00046000 103:02 17172968                  /usr/lib/jvm/java-21-openjdk-amd64/lib/libjsvml.so
76e293efd000-76e293efe000 r--p 000ce000 103:02 17172968                  /usr/lib/jvm/java-21-openjdk-amd64/lib/libjsvml.so
76e293efe000-76e293eff000 rw-p 000cf000 103:02 17172968                  /usr/lib/jvm/java-21-openjdk-amd64/lib/libjsvml.so
76e293eff000-76e296bbf000 rw-p 00000000 00:00 0 
76e296bbf000-76e298000000 ---p 00000000 00:00 0 
76e298002000-76e2985fe000 rw-p 00000000 00:00 0 
76e2985fe000-76e2985ff000 ---p 00000000 00:00 0 
76e2985ff000-76e2986ff000 rw-p 00000000 00:00 0 
76e2986ff000-76e298700000 ---p 00000000 00:00 0 
76e298700000-76e298800000 rw-p 00000000 00:00 0 
76e298800000-76e2988f6000 rw-p 00000000 00:00 0 
76e2988f6000-76e29974a000 ---p 00000000 00:00 0 
76e29974a000-76e29974c000 rw-p 00000000 00:00 0 
76e299750000-76e299754000 r--p 00000000 103:02 16530324                  /usr/lib/x86_64-linux-gnu/libXext.so.6.4.0
76e299754000-76e29975f000 r-xp 00004000 103:02 16530324                  /usr/lib/x86_64-linux-gnu/libXext.so.6.4.0
76e29975f000-76e299762000 r--p 0000f000 103:02 16530324                  /usr/lib/x86_64-linux-gnu/libXext.so.6.4.0
76e299762000-76e299763000 r--p 00011000 103:02 16530324                  /usr/lib/x86_64-linux-gnu/libXext.so.6.4.0
76e299763000-76e299764000 rw-p 00012000 103:02 16530324                  /usr/lib/x86_64-linux-gnu/libXext.so.6.4.0
76e299764000-76e2998f6000 rw-p 00000000 00:00 0 
76e2998f6000-76e29a74a000 ---p 00000000 00:00 0 
76e29a74a000-76e29a74c000 rw-p 00000000 00:00 0 
76e29a751000-76e29a758000 r--s 00000000 103:02 16532226                  /usr/lib/x86_64-linux-gnu/gconv/gconv-modules.cache
76e29a758000-76e29a75a000 r--p 00000000 103:02 17172962                  /usr/lib/jvm/java-21-openjdk-amd64/lib/libjavajpeg.so
76e29a75a000-76e29a761000 r-xp 00002000 103:02 17172962                  /usr/lib/jvm/java-21-openjdk-amd64/lib/libjavajpeg.so
76e29a761000-76e29a762000 r--p 00009000 103:02 17172962                  /usr/lib/jvm/java-21-openjdk-amd64/lib/libjavajpeg.so
76e29a762000-76e29a763000 r--p 0000a000 103:02 17172962                  /usr/lib/jvm/java-21-openjdk-amd64/lib/libjavajpeg.so
76e29a763000-76e29a764000 rw-p 0000b000 103:02 17172962                  /usr/lib/jvm/java-21-openjdk-amd64/lib/libjavajpeg.so
76e29a764000-76e29a765000 ---p 00000000 00:00 0 
76e29a765000-76e29a865000 rw-p 00000000 00:00 0 
76e29a865000-76e29b633000 rw-p 00000000 00:00 0 
76e29b633000-76e29b717000 ---p 00000000 00:00 0 
76e29b717000-76e29b71c000 rw-p 00000000 00:00 0 
76e29b71c000-76e29b800000 ---p 00000000 00:00 0 
76e29b800000-76e29b89d000 r--p 00000000 103:02 16543594                  /usr/lib/x86_64-linux-gnu/libstdc++.so.6.0.33
76e29b89d000-76e29b9e5000 r-xp 0009d000 103:02 16543594                  /usr/lib/x86_64-linux-gnu/libstdc++.so.6.0.33
76e29b9e5000-76e29ba6c000 r--p 001e5000 103:02 16543594                  /usr/lib/x86_64-linux-gnu/libstdc++.so.6.0.33
76e29ba6c000-76e29ba77000 r--p 0026b000 103:02 16543594                  /usr/lib/x86_64-linux-gnu/libstdc++.so.6.0.33
76e29ba77000-76e29ba7a000 rw-p 00276000 103:02 16543594                  /usr/lib/x86_64-linux-gnu/libstdc++.so.6.0.33
76e29ba7a000-76e29ba7e000 rw-p 00000000 00:00 0 
76e29ba7f000-76e29ba80000 r--p 00000000 103:02 16530318                  /usr/lib/x86_64-linux-gnu/libXau.so.6.0.0
76e29ba80000-76e29ba82000 r-xp 00001000 103:02 16530318                  /usr/lib/x86_64-linux-gnu/libXau.so.6.0.0
76e29ba82000-76e29ba83000 r--p 00003000 103:02 16530318                  /usr/lib/x86_64-linux-gnu/libXau.so.6.0.0
76e29ba83000-76e29ba84000 r--p 00003000 103:02 16530318                  /usr/lib/x86_64-linux-gnu/libXau.so.6.0.0
76e29ba84000-76e29ba85000 rw-p 00004000 103:02 16530318                  /usr/lib/x86_64-linux-gnu/libXau.so.6.0.0
76e29ba85000-76e29ba87000 r--p 00000000 103:02 16530334                  /usr/lib/x86_64-linux-gnu/libXrender.so.1.3.0
76e29ba87000-76e29ba8e000 r-xp 00002000 103:02 16530334                  /usr/lib/x86_64-linux-gnu/libXrender.so.1.3.0
76e29ba8e000-76e29ba8f000 r--p 00009000 103:02 16530334                  /usr/lib/x86_64-linux-gnu/libXrender.so.1.3.0
76e29ba8f000-76e29ba90000 r--p 00009000 103:02 16530334                  /usr/lib/x86_64-linux-gnu/libXrender.so.1.3.0
76e29ba90000-76e29ba91000 rw-p 0000a000 103:02 16530334                  /usr/lib/x86_64-linux-gnu/libXrender.so.1.3.0
76e29ba91000-76e29ba92000 r--p 00000000 103:02 16530540                  /usr/lib/x86_64-linux-gnu/libdl.so.2
76e29ba92000-76e29ba93000 r-xp 00001000 103:02 16530540                  /usr/lib/x86_64-linux-gnu/libdl.so.2
76e29ba93000-76e29ba94000 r--p 00002000 103:02 16530540                  /usr/lib/x86_64-linux-gnu/libdl.so.2
76e29ba94000-76e29ba95000 r--p 00002000 103:02 16530540                  /usr/lib/x86_64-linux-gnu/libdl.so.2
76e29ba95000-76e29ba96000 rw-p 00003000 103:02 16530540                  /usr/lib/x86_64-linux-gnu/libdl.so.2
76e29ba96000-76e29ba97000 r--p 00000000 103:02 16531006                  /usr/lib/x86_64-linux-gnu/librt.so.1
76e29ba97000-76e29ba98000 r-xp 00001000 103:02 16531006                  /usr/lib/x86_64-linux-gnu/librt.so.1
76e29ba98000-76e29ba99000 r--p 00002000 103:02 16531006                  /usr/lib/x86_64-linux-gnu/librt.so.1
76e29ba99000-76e29ba9a000 r--p 00002000 103:02 16531006                  /usr/lib/x86_64-linux-gnu/librt.so.1
76e29ba9a000-76e29ba9b000 rw-p 00003000 103:02 16531006                  /usr/lib/x86_64-linux-gnu/librt.so.1
76e29ba9b000-76e29ba9c000 r--p 00000000 103:02 16530978                  /usr/lib/x86_64-linux-gnu/libpthread.so.0
76e29ba9c000-76e29ba9d000 r-xp 00001000 103:02 16530978                  /usr/lib/x86_64-linux-gnu/libpthread.so.0
76e29ba9d000-76e29ba9e000 r--p 00002000 103:02 16530978                  /usr/lib/x86_64-linux-gnu/libpthread.so.0
76e29ba9e000-76e29ba9f000 r--p 00002000 103:02 16530978                  /usr/lib/x86_64-linux-gnu/libpthread.so.0
76e29ba9f000-76e29baa0000 rw-p 00003000 103:02 16530978                  /usr/lib/x86_64-linux-gnu/libpthread.so.0
76e29baa4000-76e29bab4000 -w-s 00000000 00:05 1070                       /dev/nvidia0
76e29bab4000-76e29bab6000 r--p 00000000 103:02 17172983                  /usr/lib/jvm/java-21-openjdk-amd64/lib/libzip.so
76e29bab6000-76e29babb000 r-xp 00002000 103:02 17172983                  /usr/lib/jvm/java-21-openjdk-amd64/lib/libzip.so
76e29babb000-76e29babd000 r--p 00007000 103:02 17172983                  /usr/lib/jvm/java-21-openjdk-amd64/lib/libzip.so
76e29babd000-76e29babe000 r--p 00008000 103:02 17172983                  /usr/lib/jvm/java-21-openjdk-amd64/lib/libzip.so
76e29babe000-76e29babf000 rw-p 00009000 103:02 17172983                  /usr/lib/jvm/java-21-openjdk-amd64/lib/libzip.so
76e29babf000-76e29bb00000 rw-p 00000000 00:00 0 
76e29bb00000-76e29bb04000 ---p 00000000 00:00 0 
76e29bb04000-76e29bc00000 rw-p 00000000 00:00 0 
76e29bc00000-76e29be96000 r--p 00000000 103:02 17172990                  /usr/lib/jvm/java-21-openjdk-amd64/lib/server/libjvm.so
76e29be96000-76e29ccfe000 r-xp 00296000 103:02 17172990                  /usr/lib/jvm/java-21-openjdk-amd64/lib/server/libjvm.so
76e29ccfe000-76e29cfd1000 r--p 010fe000 103:02 17172990                  /usr/lib/jvm/java-21-openjdk-amd64/lib/server/libjvm.so
76e29cfd1000-76e29d0a1000 r--p 013d0000 103:02 17172990                  /usr/lib/jvm/java-21-openjdk-amd64/lib/server/libjvm.so
76e29d0a1000-76e29d0d1000 rw-p 014a0000 103:02 17172990                  /usr/lib/jvm/java-21-openjdk-amd64/lib/server/libjvm.so
76e29d0d1000-76e29d137000 rw-p 00000000 00:00 0 
76e29d13b000-76e29d13e000 r--p 00000000 103:02 17172975                  /usr/lib/jvm/java-21-openjdk-amd64/lib/libnet.so
76e29d13e000-76e29d146000 r-xp 00003000 103:02 17172975                  /usr/lib/jvm/java-21-openjdk-amd64/lib/libnet.so
76e29d146000-76e29d148000 r--p 0000b000 103:02 17172975                  /usr/lib/jvm/java-21-openjdk-amd64/lib/libnet.so
76e29d148000-76e29d149000 r--p 0000c000 103:02 17172975                  /usr/lib/jvm/java-21-openjdk-amd64/lib/libnet.so
76e29d149000-76e29d14a000 rw-p 0000d000 103:02 17172975                  /usr/lib/jvm/java-21-openjdk-amd64/lib/libnet.so
76e29d14a000-76e29d151000 r--p 00000000 103:02 17172976                  /usr/lib/jvm/java-21-openjdk-amd64/lib/libnio.so
76e29d151000-76e29d15a000 r-xp 00007000 103:02 17172976                  /usr/lib/jvm/java-21-openjdk-amd64/lib/libnio.so
76e29d15a000-76e29d15e000 r--p 00010000 103:02 17172976                  /usr/lib/jvm/java-21-openjdk-amd64/lib/libnio.so
76e29d15e000-76e29d15f000 r--p 00014000 103:02 17172976                  /usr/lib/jvm/java-21-openjdk-amd64/lib/libnio.so
76e29d15f000-76e29d160000 rw-p 00015000 103:02 17172976                  /usr/lib/jvm/java-21-openjdk-amd64/lib/libnio.so
76e29d160000-76e29d1dc000 rw-p 00000000 00:00 0 
76e29d1dc000-76e29d1e9000 r--p 00000000 103:02 17172961                  /usr/lib/jvm/java-21-openjdk-amd64/lib/libjava.so
76e29d1e9000-76e29d1f8000 r-xp 0000d000 103:02 17172961                  /usr/lib/jvm/java-21-openjdk-amd64/lib/libjava.so
76e29d1f8000-76e29d1fd000 r--p 0001c000 103:02 17172961                  /usr/lib/jvm/java-21-openjdk-amd64/lib/libjava.so
76e29d1fd000-76e29d1fe000 r--p 00021000 103:02 17172961                  /usr/lib/jvm/java-21-openjdk-amd64/lib/libjava.so
76e29d1fe000-76e29d1ff000 rw-p 00022000 103:02 17172961                  /usr/lib/jvm/java-21-openjdk-amd64/lib/libjava.so
76e29d1ff000-76e29d200000 rw-p 00000000 00:00 0 
76e29d200000-76e29d228000 r--p 00000000 103:02 16530474                  /usr/lib/x86_64-linux-gnu/libc.so.6
76e29d228000-76e29d3b0000 r-xp 00028000 103:02 16530474                  /usr/lib/x86_64-linux-gnu/libc.so.6
76e29d3b0000-76e29d3ff000 r--p 001b0000 103:02 16530474                  /usr/lib/x86_64-linux-gnu/libc.so.6
76e29d3ff000-76e29d403000 r--p 001fe000 103:02 16530474                  /usr/lib/x86_64-linux-gnu/libc.so.6
76e29d403000-76e29d405000 rw-p 00202000 103:02 16530474                  /usr/lib/x86_64-linux-gnu/libc.so.6
76e29d405000-76e29d412000 rw-p 00000000 00:00 0 
76e29d416000-76e29d41c000 rw-p 00000000 00:00 0 
76e29d41c000-76e29d425000 ---p 00000000 00:00 0 
76e29d425000-76e29d429000 r--p 00000000 103:02 16528598                  /usr/lib/x86_64-linux-gnu/libgcc_s.so.1
76e29d429000-76e29d44d000 r-xp 00004000 103:02 16528598                  /usr/lib/x86_64-linux-gnu/libgcc_s.so.1
76e29d44d000-76e29d451000 r--p 00028000 103:02 16528598                  /usr/lib/x86_64-linux-gnu/libgcc_s.so.1
76e29d451000-76e29d452000 r--p 0002b000 103:02 16528598                  /usr/lib/x86_64-linux-gnu/libgcc_s.so.1
76e29d452000-76e29d453000 rw-p 0002c000 103:02 16528598                  /usr/lib/x86_64-linux-gnu/libgcc_s.so.1
76e29d453000-76e29d463000 r--p 00000000 103:02 16530817                  /usr/lib/x86_64-linux-gnu/libm.so.6
76e29d463000-76e29d4e2000 r-xp 00010000 103:02 16530817                  /usr/lib/x86_64-linux-gnu/libm.so.6
76e29d4e2000-76e29d53a000 r--p 0008f000 103:02 16530817                  /usr/lib/x86_64-linux-gnu/libm.so.6
76e29d53a000-76e29d53b000 r--p 000e7000 103:02 16530817                  /usr/lib/x86_64-linux-gnu/libm.so.6
76e29d53b000-76e29d53c000 rw-p 000e8000 103:02 16530817                  /usr/lib/x86_64-linux-gnu/libm.so.6
76e29d53c000-76e29d53e000 rw-p 00000000 00:00 0 
76e29d53e000-76e29d540000 r--p 00000000 103:02 17172965                  /usr/lib/jvm/java-21-openjdk-amd64/lib/libjli.so
76e29d540000-76e29d54a000 r-xp 00002000 103:02 17172965                  /usr/lib/jvm/java-21-openjdk-amd64/lib/libjli.so
76e29d54a000-76e29d54d000 r--p 0000c000 103:02 17172965                  /usr/lib/jvm/java-21-openjdk-amd64/lib/libjli.so
76e29d54d000-76e29d54e000 r--p 0000f000 103:02 17172965                  /usr/lib/jvm/java-21-openjdk-amd64/lib/libjli.so
76e29d54e000-76e29d54f000 rw-p 00010000 103:02 17172965                  /usr/lib/jvm/java-21-openjdk-amd64/lib/libjli.so
76e29d54f000-76e29d551000 r--p 00000000 103:02 16531205                  /usr/lib/x86_64-linux-gnu/libz.so.1.3
76e29d551000-76e29d563000 r-xp 00002000 103:02 16531205                  /usr/lib/x86_64-linux-gnu/libz.so.1.3
76e29d563000-76e29d569000 r--p 00014000 103:02 16531205                  /usr/lib/x86_64-linux-gnu/libz.so.1.3
76e29d569000-76e29d56a000 r--p 0001a000 103:02 16531205                  /usr/lib/x86_64-linux-gnu/libz.so.1.3
76e29d56a000-76e29d56b000 rw-p 0001b000 103:02 16531205                  /usr/lib/x86_64-linux-gnu/libz.so.1.3
76e29d56c000-76e29d574000 rw-s 00000000 103:02 18219052                  /tmp/hsperfdata_dov/4576
76e29d574000-76e29d575000 ---p 00000000 00:00 0 
76e29d575000-76e29d576000 r--p 00000000 00:00 0 
76e29d576000-76e29d577000 ---p 00000000 00:00 0 
76e29d577000-76e29d579000 r--p 00000000 103:02 17172964                  /usr/lib/jvm/java-21-openjdk-amd64/lib/libjimage.so
76e29d579000-76e29d57c000 r-xp 00002000 103:02 17172964                  /usr/lib/jvm/java-21-openjdk-amd64/lib/libjimage.so
76e29d57c000-76e29d57d000 r--p 00005000 103:02 17172964                  /usr/lib/jvm/java-21-openjdk-amd64/lib/libjimage.so
76e29d57d000-76e29d57e000 r--p 00006000 103:02 17172964                  /usr/lib/jvm/java-21-openjdk-amd64/lib/libjimage.so
76e29d57e000-76e29d57f000 rw-p 00007000 103:02 17172964                  /usr/lib/jvm/java-21-openjdk-amd64/lib/libjimage.so
76e29d57f000-76e29d581000 rw-p 00000000 00:00 0 
76e29d581000-76e29d582000 r--p 00000000 103:02 16530286                  /usr/lib/x86_64-linux-gnu/ld-linux-x86-64.so.2
76e29d582000-76e29d5ad000 r-xp 00001000 103:02 16530286                  /usr/lib/x86_64-linux-gnu/ld-linux-x86-64.so.2
76e29d5ad000-76e29d5b7000 r--p 0002c000 103:02 16530286                  /usr/lib/x86_64-linux-gnu/ld-linux-x86-64.so.2
76e29d5b7000-76e29d5b9000 r--p 00036000 103:02 16530286                  /usr/lib/x86_64-linux-gnu/ld-linux-x86-64.so.2
76e29d5b9000-76e29d5bb000 rw-p 00038000 103:02 16530286                  /usr/lib/x86_64-linux-gnu/ld-linux-x86-64.so.2
7ffe7b602000-7ffe7b623000 rw-p 00000000 00:00 0                          [stack]
7ffe7b780000-7ffe7b784000 r--p 00000000 00:00 0                          [vvar]
7ffe7b784000-7ffe7b786000 r-xp 00000000 00:00 0                          [vdso]
ffffffffff600000-ffffffffff601000 --xp 00000000 00:00 0                  [vsyscall]
Total number of mappings: 401


VM Arguments:
jvm_args: -Dfile.encoding=UTF-8 --module-path=/home/dov/projects/NeighborhoodPIG/build/classes 
java_command: main.NeighborhoodPIG
java_class_path (initial): /home/dov/projects/Libraries/commons-math3/commons-math3-3.6.1-javadoc.jar:/home/dov/projects/Libraries/commons-math3/commons-math3-3.6.1-sources.jar:/home/dov/projects/Libraries/commons-math3/commons-math3-3.6.1-test-sources.jar:/home/dov/projects/Libraries/commons-math3/commons-math3-3.6.1-tests.jar:/home/dov/projects/Libraries/commons-math3/commons-math3-3.6.1-tools.jar:/home/dov/projects/Libraries/commons-math3/commons-math3-3.6.1.jar:/home/dov/projects/JCudaWrapper/jcuda12/jcublas-12.0.0.jar:/home/dov/projects/JCudaWrapper/jcuda12/jcublas-natives-12.0.0-linux-x86_64.jar:/home/dov/projects/JCudaWrapper/jcuda12/jcuda-12.0.0.jar:/home/dov/projects/JCudaWrapper/jcuda12/jcuda-natives-12.0.0-linux-x86_64.jar:/home/dov/projects/JCudaWrapper/jcuda12/jcudnn-12.0.0.jar:/home/dov/projects/JCudaWrapper/jcuda12/jcudnn-natives-12.0.0-linux-x86_64.jar:/home/dov/projects/JCudaWrapper/jcuda12/jcufft-12.0.0.jar:/home/dov/projects/JCudaWrapper/jcuda12/jcufft-natives-12.0.0-linux-x86_64.jar:/home/dov/projects/JCudaWrapper/jcuda12/jcurand-12.0.0.jar:/home/dov/projects/JCudaWrapper/jcuda12/jcurand-natives-12.0.0-linux-x86_64.jar:/home/dov/projects/JCudaWrapper/jcuda12/jcusolver-12.0.0.jar:/home/dov/projects/JCudaWrapper/jcuda12/jcusolver-natives-12.0.0-linux-x86_64.jar:/home/dov/projects/JCudaWrapper/jcuda12/jcusparse-12.0.0.jar:/home/dov/projects/JCudaWrapper/jcuda12/jcusparse-natives-12.0.0-linux-x86_64.jar:/home/dov/projects/NeighborhoodPIG/build/classes
Launcher Type: SUN_STANDARD

[Global flags]
     intx CICompilerCount                          = 12                                        {product} {ergonomic}
     uint ConcGCThreads                            = 3                                         {product} {ergonomic}
     uint G1ConcRefinementThreads                  = 13                                        {product} {ergonomic}
   size_t G1HeapRegionSize                         = 4194304                                   {product} {ergonomic}
    uintx GCDrainStackTargetSize                   = 64                                        {product} {ergonomic}
   size_t InitialHeapSize                          = 515899392                                 {product} {ergonomic}
   size_t MarkStackSize                            = 4194304                                   {product} {ergonomic}
   size_t MaxHeapSize                              = 8212447232                                {product} {ergonomic}
   size_t MaxNewSize                               = 4924112896                                {product} {ergonomic}
   size_t MinHeapDeltaBytes                        = 4194304                                   {product} {ergonomic}
   size_t MinHeapSize                              = 8388608                                   {product} {ergonomic}
    uintx NonNMethodCodeHeapSize                   = 7602480                                {pd product} {ergonomic}
    uintx NonProfiledCodeHeapSize                  = 122027880                              {pd product} {ergonomic}
    uintx ProfiledCodeHeapSize                     = 122027880                              {pd product} {ergonomic}
    uintx ReservedCodeCacheSize                    = 251658240                              {pd product} {ergonomic}
     bool SegmentedCodeCache                       = true                                      {product} {ergonomic}
   size_t SoftMaxHeapSize                          = 8212447232                             {manageable} {ergonomic}
     bool UseCompressedOops                        = true                           {product lp64_product} {ergonomic}
     bool UseG1GC                                  = true                                      {product} {ergonomic}

Logging:
Log output configuration:
 #0: stdout all=warning uptime,level,tags foldmultilines=false
 #1: stderr all=off uptime,level,tags foldmultilines=false

Environment Variables:
PATH=/usr/local/sbin:/usr/local/bin:/usr/sbin:/usr/bin:/sbin:/bin:/usr/games:/usr/local/games:/snap/bin:/snap/bin
USERNAME=dov
SHELL=/bin/bash
DISPLAY=:1
LANG=en_US.UTF-8

Active Locale:
LC_ALL=en_US.UTF-8
LC_COLLATE=en_US.UTF-8
LC_CTYPE=en_US.UTF-8
LC_MESSAGES=en_US.UTF-8
LC_MONETARY=en_US.UTF-8
LC_NUMERIC=en_US.UTF-8
LC_TIME=en_US.UTF-8

Signal Handlers:
   SIGSEGV: crash_handler in libjvm.so, mask=11100100010111111101111111111110, flags=SA_RESTART|SA_SIGINFO, unblocked
    SIGBUS: crash_handler in libjvm.so, mask=11100100010111111101111111111110, flags=SA_RESTART|SA_SIGINFO, unblocked
    SIGFPE: crash_handler in libjvm.so, mask=11100100010111111101111111111110, flags=SA_RESTART|SA_SIGINFO, unblocked
   SIGPIPE: javaSignalHandler in libjvm.so, mask=11100100010111111101111111111110, flags=SA_RESTART|SA_SIGINFO, blocked
   SIGXFSZ: javaSignalHandler in libjvm.so, mask=11100100010111111101111111111110, flags=SA_RESTART|SA_SIGINFO, blocked
    SIGILL: crash_handler in libjvm.so, mask=11100100010111111101111111111110, flags=SA_RESTART|SA_SIGINFO, unblocked
   SIGUSR2: SR_handler in libjvm.so, mask=00000000000000000000000000000000, flags=SA_RESTART|SA_SIGINFO, blocked
    SIGHUP: UserHandler in libjvm.so, mask=11100100010111111101111111111110, flags=SA_RESTART|SA_SIGINFO, blocked
    SIGINT: SIG_IGN, mask=00000000000000000000000000000000, flags=none, blocked
   SIGTERM: UserHandler in libjvm.so, mask=11100100010111111101111111111110, flags=SA_RESTART|SA_SIGINFO, blocked
   SIGQUIT: UserHandler in libjvm.so, mask=11100100010111111101111111111110, flags=SA_RESTART|SA_SIGINFO, blocked
   SIGTRAP: crash_handler in libjvm.so, mask=11100100010111111101111111111110, flags=SA_RESTART|SA_SIGINFO, unblocked


Periodic native trim disabled

---------------  S Y S T E M  ---------------

OS:
DISTRIB_ID=Ubuntu
DISTRIB_RELEASE=24.04
DISTRIB_CODENAME=noble
DISTRIB_DESCRIPTION="Ubuntu 24.04.1 LTS"
uname: Linux 6.8.0-47-generic #47-Ubuntu SMP PREEMPT_DYNAMIC Fri Sep 27 21:40:26 UTC 2024 x86_64
OS uptime: 0 days 0:06 hours
libc: glibc 2.39 NPTL 2.39 
rlimit (soft/hard): STACK 8192k/infinity , CORE 0k/infinity , NPROC 125013/125013 , NOFILE 1048576/1048576 , AS infinity/infinity , CPU infinity/infinity , DATA infinity/infinity , FSIZE infinity/infinity , MEMLOCK 4009332k/4009332k
load average: 1.19 0.64 0.30

/proc/meminfo:
MemTotal:       32074672 kB
MemFree:        27039428 kB
MemAvailable:   28380460 kB
Buffers:           93268 kB
Cached:          1588736 kB
SwapCached:            0 kB
Active:          3290656 kB
Inactive:         838392 kB
Active(anon):    2460492 kB
Inactive(anon):        0 kB
Active(file):     830164 kB
Inactive(file):   838392 kB
Unevictable:          16 kB
Mlocked:              16 kB
SwapTotal:       8388604 kB
SwapFree:        8388604 kB
Zswap:                 0 kB
Zswapped:              0 kB
Dirty:               872 kB
Writeback:             0 kB
AnonPages:       2447288 kB
Mapped:           582280 kB
Shmem:             13448 kB
KReclaimable:      74500 kB
Slab:             308488 kB
SReclaimable:      74500 kB
SUnreclaim:       233988 kB
KernelStack:       14496 kB
PageTables:        26640 kB
SecPageTables:         0 kB
NFS_Unstable:          0 kB
Bounce:                0 kB
WritebackTmp:          0 kB
CommitLimit:    24425940 kB
Committed_AS:    7807248 kB
VmallocTotal:   34359738367 kB
VmallocUsed:      156124 kB
VmallocChunk:          0 kB
Percpu:            17152 kB
HardwareCorrupted:     0 kB
AnonHugePages:         0 kB
ShmemHugePages:        0 kB
ShmemPmdMapped:        0 kB
FileHugePages:         0 kB
FilePmdMapped:         0 kB
Unaccepted:            0 kB
HugePages_Total:       0
HugePages_Free:        0
HugePages_Rsvd:        0
HugePages_Surp:        0
Hugepagesize:       2048 kB
Hugetlb:               0 kB
DirectMap4k:      776680 kB
DirectMap2M:    11010048 kB
DirectMap1G:    22020096 kB

/sys/kernel/mm/transparent_hugepage/enabled: always [madvise] never
/sys/kernel/mm/transparent_hugepage/hpage_pmd_size: 2097152
/sys/kernel/mm/transparent_hugepage/defrag (defrag/compaction efforts parameter): always defer defer+madvise [madvise] never

Process Memory:
Virtual Size: 16959676K (peak: 17019260K)
Resident Set Size: 273588K (peak: 273588K) (anon: 110196K, file: 155200K, shmem: 8192K)
Swapped out: 0K
C-Heap outstanding allocations: 85751K, retained: 3088K
glibc malloc tunables: (default)

/proc/sys/kernel/threads-max (system-wide limit on the number of threads): 250026
/proc/sys/vm/max_map_count (maximum number of memory map areas a process may have): 1048576
/proc/sys/vm/swappiness (control to define how aggressively the kernel swaps out anonymous memory): 60
/proc/sys/kernel/pid_max (system-wide limit on number of process identifiers): 4194304

container (cgroup) information:
container_type: cgroupv2
cpu_cpuset_cpus: not supported
cpu_memory_nodes: not supported
active_processor_count: 16
cpu_quota: not supported
cpu_period: not supported
cpu_shares: not supported
memory_limit_in_bytes: unlimited
memory_and_swap_limit_in_bytes: unlimited
memory_soft_limit_in_bytes: unlimited
memory_usage_in_bytes: 2326744 k
memory_max_usage_in_bytes: not supported
memory_swap_current_in_bytes: unlimited
memory_swap_max_limit_in_bytes: unlimited
maximum number of tasks: 37503
current number of tasks: 95

Steal ticks since vm start: 0
Steal ticks percentage since vm start:  0.000

CPU: total 16 (initial active 16) (16 cores per cpu, 2 threads per core) family 25 model 68 stepping 1 microcode 0xa404101, cx8, cmov, fxsr, ht, mmx, 3dnowpref, sse, sse2, sse3, ssse3, sse4a, sse4.1, sse4.2, popcnt, lzcnt, tsc, tscinvbit, avx, avx2, aes, clmul, bmi1, bmi2, adx, sha, fma, vzeroupper, clflush, clflushopt, rdtscp, rdpid, f16c, pku, ospke, cet_ss
CPU Model and flags from /proc/cpuinfo:
model name	: AMD Ryzen 9 6900HS with Radeon Graphics
flags		: fpu vme de pse tsc msr pae mce cx8 apic sep mtrr pge mca cmov pat pse36 clflush mmx fxsr sse sse2 ht syscall nx mmxext fxsr_opt pdpe1gb rdtscp lm constant_tsc rep_good nopl nonstop_tsc cpuid extd_apicid aperfmperf rapl pni pclmulqdq monitor ssse3 fma cx16 sse4_1 sse4_2 x2apic movbe popcnt aes xsave avx f16c rdrand lahf_lm cmp_legacy svm extapic cr8_legacy abm sse4a misalignsse 3dnowprefetch osvw ibs skinit wdt tce topoext perfctr_core perfctr_nb bpext perfctr_llc mwaitx cpb cat_l3 cdp_l3 hw_pstate ssbd mba ibrs ibpb stibp vmmcall fsgsbase bmi1 avx2 smep bmi2 invpcid cqm rdt_a rdseed adx smap clflushopt clwb sha_ni xsaveopt xsavec xgetbv1 xsaves cqm_llc cqm_occup_llc cqm_mbm_total cqm_mbm_local user_shstk clzero irperf xsaveerptr rdpru wbnoinvd cppc arat npt lbrv svm_lock nrip_save tsc_scale vmcb_clean flushbyasid decodeassists pausefilter pfthreshold avic v_vmsave_vmload vgif v_spec_ctrl umip pku ospke vaes vpclmulqdq rdpid overflow_recov succor smca debug_swap

Online cpus: 0-15
Offline cpus: 
BIOS frequency limitation: <Not Available>
Frequency switch latency (ns): 0
Available cpu frequencies: <Not Available>
Current governor: powersave
Core performance/turbo boost: <Not Available>

Memory: 4k page, physical 32074672k(28380460k free), swap 8388604k(8388604k free)
Page Sizes: 4k

vm_info: OpenJDK 64-Bit Server VM (21.0.4+7-Ubuntu-1ubuntu224.04) for linux-amd64 JRE (21.0.4+7-Ubuntu-1ubuntu224.04), built on 2024-07-23T01:34:52Z by "buildd" with gcc 13.2.0

END.
