#
# A fatal error has been detected by the Java Runtime Environment:
#
#  SIGSEGV (0xb) at pc=0x000075c44e64b06e, pid=5535, tid=5540
#
# JRE version: OpenJDK Runtime Environment (21.0.4+7) (build 21.0.4+7-Ubuntu-1ubuntu224.04)
# Java VM: OpenJDK 64-Bit Server VM (21.0.4+7-Ubuntu-1ubuntu224.04, mixed mode, sharing, tiered, compressed oops, compressed class ptrs, g1 gc, linux-amd64)
# Problematic frame:
# C  [libcuda.so.1+0x24b06e]
#
# Core dump will be written. Default location: Core dumps may be processed with "/usr/share/apport/apport -p%p -s%s -c%c -d%d -P%P -u%u -g%g -- %E" (or dumping to /home/dov/projects/NeighborhoodPIG/core.5535)
#
# If you would like to submit a bug report, please visit:
#   https://bugs.launchpad.net/ubuntu/+source/openjdk-21
# The crash happened outside the Java Virtual Machine in native code.
# See problematic frame for where to report the bug.
#

---------------  S U M M A R Y ------------

Command Line: -Dfile.encoding=UTF-8 --module-path=/home/dov/projects/NeighborhoodPIG/build/classes main.NeighborhoodPIG

Host: AMD Ryzen 9 6900HS with Radeon Graphics, 16 cores, 30G, Ubuntu 24.04.1 LTS
Time: Tue Oct 29 11:50:11 2024 IST elapsed time: 0.365953 seconds (0d 0h 0m 0s)

---------------  T H R E A D  ---------------

Current thread (0x000075c48401a060):  JavaThread "main"             [_thread_in_native, id=5540, stack(0x000075c488900000,0x000075c488a00000) (1024K)]

Stack: [0x000075c488900000,0x000075c488a00000],  sp=0x000075c4889fdd00,  free space=1015k
Native frames: (J=compiled Java code, j=interpreted, Vv=VM code, C=native code)
C  [libcuda.so.1+0x24b06e]
C  [libcuda.so.1+0x24b5f8]
C  [libcuda.so.1+0x4be099]
C  [libcuda.so.1+0x142719]
C  [libcuda.so.1+0x2ec1d1]
Java frames: (J=compiled Java code, j=interpreted, Vv=VM code)
j  jcuda.runtime.JCuda.cudaMemcpyAsyncNative(Ljcuda/Pointer;Ljcuda/Pointer;JILjcuda/runtime/cudaStream_t;)I+0
j  jcuda.runtime.JCuda.cudaMemcpyAsync(Ljcuda/Pointer;Ljcuda/Pointer;JILjcuda/runtime/cudaStream_t;)I+7
j  JCudaWrapper.array.Array.get(LJCudaWrapper/resourceManagement/Handle;Ljcuda/Pointer;III)V+73
j  JCudaWrapper.array.DArray.get(LJCudaWrapper/resourceManagement/Handle;[DIII)V+22
j  JCudaWrapper.array.DArray.get(LJCudaWrapper/resourceManagement/Handle;II)[D+12
j  JCudaWrapper.array.DArray.get(LJCudaWrapper/resourceManagement/Handle;)[D+7
j  JCudaWrapper.array.DSingleton.getVal(LJCudaWrapper/resourceManagement/Handle;)D+2
j  JCudaWrapper.algebra.Matrix.getEntry(II)D+17
j  JCudaWrapper.algebra.Matrix.toString()Ljava/lang/String;+46
j  java.lang.String.valueOf(Ljava/lang/Object;)Ljava/lang/String;+11 java.base@21.0.4
j  main.NeighborhoodPIG.<init>(Ljava/lang/String;I)V+14
j  main.NeighborhoodPIG.main([Ljava/lang/String;)V+7
v  ~StubRoutines::call_stub 0x000075c473c5fcc6

siginfo: si_signo: 11 (SIGSEGV), si_code: 2 (SEGV_ACCERR), si_addr: 0x000000075c4847bf

Registers:
RAX=0x000075c484650100, RBX=0x000075c4889fdde8, RCX=0x0000000000000002, RDX=0x000075c4843d7ef0
RSP=0x000075c4889fdd00, RBP=0x000075c4889fdd60, RSI=0x0000000000000000, RDI=0x000075c484670d00
R8 =0x000075c4889fdd98, R9 =0x0000000000000001, R10=0x000075c4843d7ef0, R11=0x000000075c4843d7
R12=0x000075c4889fdd98, R13=0x000075c484670d00, R14=0x0000000000000002, R15=0x0000000000000001
RIP=0x000075c44e64b06e, EFLAGS=0x0000000000010206, CSGSFS=0x002b000000000033, ERR=0x0000000000000004
  TRAPNO=0x000000000000000e


Register to memory mapping:

RAX=0x000075c484650100 points into unknown readable memory: 0x0000000100000000 | 00 00 00 00 01 00 00 00
RBX=0x000075c4889fdde8 is pointing into the stack for thread: 0x000075c48401a060
RCX=0x0000000000000002 is an unknown value
RDX=0x000075c4843d7ef0 points into unknown readable memory: 0x000075c4842ffc00 | 00 fc 2f 84 c4 75 00 00
RSP=0x000075c4889fdd00 is pointing into the stack for thread: 0x000075c48401a060
RBP=0x000075c4889fdd60 is pointing into the stack for thread: 0x000075c48401a060
RSI=0x0 is null
RDI=0x000075c484670d00 points into unknown readable memory: 0x000075c484659b40 | 40 9b 65 84 c4 75 00 00
R8 =0x000075c4889fdd98 is pointing into the stack for thread: 0x000075c48401a060
R9 =0x0000000000000001 is an unknown value
R10=0x000075c4843d7ef0 points into unknown readable memory: 0x000075c4842ffc00 | 00 fc 2f 84 c4 75 00 00
R11=0x000000075c4843d7 is an unallocated location in the heap
R12=0x000075c4889fdd98 is pointing into the stack for thread: 0x000075c48401a060
R13=0x000075c484670d00 points into unknown readable memory: 0x000075c484659b40 | 40 9b 65 84 c4 75 00 00
R14=0x0000000000000002 is an unknown value
R15=0x0000000000000001 is an unknown value

Top of Stack: (sp=0x000075c4889fdd00)
0x000075c4889fdd00:   0000000000000000 0000000000000000
0x000075c4889fdd10:   0000000000000000 0000000000000000
0x000075c4889fdd20:   0000000000000000 0000000000000000
0x000075c4889fdd30:   0000000000000000 000075c4889fdde8
0x000075c4889fdd40:   0000000000000001 000075c4889fdf20
0x000075c4889fdd50:   0000000000000002 0000000000000001
0x000075c4889fdd60:   000075c4889fddd0 000075c44e64b5f8
0x000075c4889fdd70:   0000000000000000 0000000000000000
0x000075c4889fdd80:   0000000000000000 0000000000000000
0x000075c4889fdd90:   0000000000000000 0000000000000000
0x000075c4889fdda0:   0000000000000000 000075c4889fdf10
0x000075c4889fddb0:   000075c4843d7ef0 000075c4889fde38
0x000075c4889fddc0:   0000000000000002 0000000000000001
0x000075c4889fddd0:   000075c4889fde20 000075c44e8be099
0x000075c4889fdde0:   000075c484670d00 0000000000000000
0x000075c4889fddf0:   0000000000000000 0000000000000008
0x000075c4889fde00:   000075c33a000000 0000000634629378
0x000075c4889fde10:   000075c4889fdf10 000075c4843d7ef0
0x000075c4889fde20:   000075c4889fe130 000075c44e542719
0x000075c4889fde30:   0000000000000000 0000000000000000
0x000075c4889fde40:   0000000000000000 0000000000000000
0x000075c4889fde50:   0000000000000000 0000000000000000
0x000075c4889fde60:   0000000000000000 0000000000000000
0x000075c4889fde70:   000075c4889fde70 000075c3f830dbe0
0x000075c4889fde80:   0000000000000002 000075c3f833cb28
0x000075c4889fde90:   0000000000000000 0000000634489d78
0x000075c4889fdea0:   000075c3f830dc20 0000000000000000
0x000075c4889fdeb0:   000075c4889fdec8 000075c4889fdf18
0x000075c4889fdec0:   000075c473c672f2 0000000634629468
0x000075c4889fded0:   000075c4889fded0 000075c3f830ed91
0x000075c4889fdee0:   0000000000000002 000075c3f833cb28
0x000075c4889fdef0:   0000000000000000 0000000634489d78 

Instructions: (pc=0x000075c44e64b06e)
0x000075c44e64af6e:   f6 c2 10 75 ba 83 e2 08 b8 8a 03 00 00 75 da 48
0x000075c44e64af7e:   8b 59 08 4c 8d 63 08 4c 89 e7 e8 23 3a e9 ff 48
0x000075c44e64af8e:   8b 5b 38 48 85 db 74 2d 66 2e 0f 1f 84 00 00 00
0x000075c44e64af9e:   00 00 48 8b bb e8 03 00 00 48 85 ff 74 0b f6 43
0x000075c44e64afae:   50 04 74 05 e8 c9 9a 29 00 48 8b 9b 58 01 00 00
0x000075c44e64afbe:   48 85 db 75 dd 4c 89 e7 e8 15 35 e9 ff b8 8a 03
0x000075c44e64afce:   00 00 eb 85 66 0f 1f 44 00 00 83 f8 02 ba 91 01
0x000075c44e64afde:   00 00 b8 00 00 00 00 5b 0f 44 c2 41 5c 5d c3 0f
0x000075c44e64afee:   1f 00 e8 8b 9a 29 00 b8 84 03 00 00 e9 58 ff ff
0x000075c44e64affe:   ff 90 55 48 89 e5 41 57 41 56 41 55 49 89 fd 41
0x000075c44e64b00e:   54 4d 89 c4 53 48 83 ec 38 49 c7 00 00 00 00 00
0x000075c44e64b01e:   48 85 f6 0f 84 b9 00 00 00 44 8b 0e 41 ba 00 00
0x000075c44e64b02e:   00 00 48 89 f3 45 85 c9 4c 0f 45 d6 48 83 fa 02
0x000075c44e64b03e:   77 20 48 85 d2 74 5b 48 83 fa 02 0f 85 81 00 00
0x000075c44e64b04e:   00 4d 85 d2 0f 84 a8 00 00 00 41 b8 90 01 00 00
0x000075c44e64b05e:   eb 28 4c 8b 1a 4d 85 db 74 f0 49 39 5b 10 75 ea
0x000075c44e64b06e:   49 83 bb e8 03 00 00 00 75 09 4d 85 ed 0f 85 57
0x000075c44e64b07e:   01 00 00 4d 89 1c 24 45 31 c0 48 8d 65 d8 44 89
0x000075c44e64b08e:   c0 5b 41 5c 41 5d 41 5e 41 5f 5d c3 66 0f 1f 44
0x000075c44e64b09e:   00 00 83 f9 02 0f 84 27 02 00 00 83 f9 03 0f 84
0x000075c44e64b0ae:   06 02 00 00 83 f9 01 0f 84 e5 01 00 00 0f b6 05
0x000075c44e64b0be:   66 ac 91 01 c0 e8 03 83 e0 01 84 c0 0f 85 7f ff
0x000075c44e64b0ce:   ff ff 4d 85 d2 0f 84 ef 00 00 00 4d 8b 5a 68 eb
0x000075c44e64b0de:   84 90 48 83 fa 02 0f 86 6e ff ff ff 4c 8b 1a 4d
0x000075c44e64b0ee:   85 db 0f 85 78 ff ff ff e9 5d ff ff ff 0f 1f 44
0x000075c44e64b0fe:   00 00 4d 8b 5d 18 4d 85 db 74 0d 8b 43 38 41 39
0x000075c44e64b10e:   45 20 0f 84 9f 00 00 00 4c 8d b3 a0 03 00 00 4c
0x000075c44e64b11e:   89 55 a8 4d 8b 7d 10 4c 89 f7 e8 83 38 e9 ff 4c
0x000075c44e64b12e:   8b 9b c8 03 00 00 45 31 c0 4c 89 fe 4c 89 c2 41
0x000075c44e64b13e:   8b 3b 4c 89 5d b0 89 7d b8 e8 14 72 0d 00 4c 8b
0x000075c44e64b14e:   5d b0 48 83 ec 08 8b 7d b8 45 31 c0 41 89 c1 4c
0x000075c44e64b15e:   89 f9 49 8b 53 10 41 8b 73 0c 6a 00 e8 21 ee 2a 


Stack slot to memory mapping:

stack at sp + 0 slots: 0x0 is null
stack at sp + 1 slots: 0x0 is null
stack at sp + 2 slots: 0x0 is null
stack at sp + 3 slots: 0x0 is null
stack at sp + 4 slots: 0x0 is null
stack at sp + 5 slots: 0x0 is null
stack at sp + 6 slots: 0x0 is null
stack at sp + 7 slots: 0x000075c4889fdde8 is pointing into the stack for thread: 0x000075c48401a060


---------------  P R O C E S S  ---------------

Threads class SMR info:
_java_thread_list=0x000075c485581790, length=15, elements={
0x000075c48401a060, 0x000075c484138d30, 0x000075c48413a3c0, 0x000075c48413be90,
0x000075c48413d4e0, 0x000075c48413ea90, 0x000075c484140660, 0x000075c484141d30,
0x000075c484160ec0, 0x000075c3c805f8d0, 0x000075c3bc001140, 0x000075c3c8060d00,
0x000075c4841a5590, 0x000075c4842aa960, 0x000075c485582110
}

Java Threads: ( => current thread )
=>0x000075c48401a060 JavaThread "main"                              [_thread_in_native, id=5540, stack(0x000075c488900000,0x000075c488a00000) (1024K)]
  0x000075c484138d30 JavaThread "Reference Handler"          daemon [_thread_blocked, id=5548, stack(0x000075c460fed000,0x000075c4610ed000) (1024K)]
  0x000075c48413a3c0 JavaThread "Finalizer"                  daemon [_thread_blocked, id=5549, stack(0x000075c460100000,0x000075c460200000) (1024K)]
  0x000075c48413be90 JavaThread "Signal Dispatcher"          daemon [_thread_blocked, id=5550, stack(0x000075c460000000,0x000075c460100000) (1024K)]
  0x000075c48413d4e0 JavaThread "Service Thread"             daemon [_thread_blocked, id=5551, stack(0x000075c459f00000,0x000075c45a000000) (1024K)]
  0x000075c48413ea90 JavaThread "Monitor Deflation Thread"   daemon [_thread_blocked, id=5552, stack(0x000075c459e00000,0x000075c459f00000) (1024K)]
  0x000075c484140660 JavaThread "C2 CompilerThread0"         daemon [_thread_blocked, id=5553, stack(0x000075c459d00000,0x000075c459e00000) (1024K)]
  0x000075c484141d30 JavaThread "C1 CompilerThread0"         daemon [_thread_blocked, id=5554, stack(0x000075c459c00000,0x000075c459d00000) (1024K)]
  0x000075c484160ec0 JavaThread "Common-Cleaner"             daemon [_thread_blocked, id=5555, stack(0x000075c459a2f000,0x000075c459b2f000) (1024K)]
  0x000075c3c805f8d0 JavaThread "C1 CompilerThread1"         daemon [_thread_blocked, id=5556, stack(0x000075c45992f000,0x000075c459a2f000) (1024K)]
  0x000075c3bc001140 JavaThread "C1 CompilerThread2"         daemon [_thread_blocked, id=5557, stack(0x000075c45982f000,0x000075c45992f000) (1024K)]
  0x000075c3c8060d00 JavaThread "C1 CompilerThread3"         daemon [_thread_blocked, id=5558, stack(0x000075c45972f000,0x000075c45982f000) (1024K)]
  0x000075c4841a5590 JavaThread "Notification Thread"        daemon [_thread_blocked, id=5559, stack(0x000075c45962f000,0x000075c45972f000) (1024K)]
  0x000075c4842aa960 JavaThread "Java2D Disposer"            daemon [_thread_blocked, id=5561, stack(0x000075c4591ff000,0x000075c4592ff000) (1024K)]
  0x000075c485582110 JavaThread "pool-1-thread-1"            daemon [_thread_blocked, id=5565, stack(0x000075c45952f000,0x000075c45962f000) (1024K)]
Total: 15

Other Threads:
  0x000075c48412b9e0 VMThread "VM Thread"                           [id=5547, stack(0x000075c4610ee000,0x000075c4611ee000) (1024K)]
  0x000075c484111250 WatcherThread "VM Periodic Task Thread"        [id=5546, stack(0x000075c4611ef000,0x000075c4612ef000) (1024K)]
  0x000075c484045400 WorkerThread "GC Thread#0"                     [id=5541, stack(0x000075c469f00000,0x000075c46a000000) (1024K)]
  0x000075c484055f00 ConcurrentGCThread "G1 Main Marker"            [id=5542, stack(0x000075c462300000,0x000075c462400000) (1024K)]
  0x000075c484056eb0 WorkerThread "G1 Conc#0"                       [id=5543, stack(0x000075c4621ff000,0x000075c4622ff000) (1024K)]
  0x000075c4840feac0 ConcurrentGCThread "G1 Refine#0"               [id=5544, stack(0x000075c4613f1000,0x000075c4614f1000) (1024K)]
  0x000075c4840ffa80 ConcurrentGCThread "G1 Service"                [id=5545, stack(0x000075c4612f0000,0x000075c4613f0000) (1024K)]
Total: 7

Threads with active compile tasks:
Total: 0

VM state: not at safepoint (normal execution)

VM Mutex/Monitor currently owned by a thread: None

Heap address: 0x0000000616800000, size: 7832 MB, Compressed Oops mode: Zero based, Oop shift amount: 3

CDS archive(s) mapped at: [0x000075c403000000-0x000075c403cae000-0x000075c403cae000), size 13295616, SharedBaseAddress: 0x000075c403000000, ArchiveRelocationMode: 1.
Compressed class space mapped at: 0x000075c404000000-0x000075c444000000, reserved size: 1073741824
Narrow klass base: 0x000075c403000000, Narrow klass shift: 0, Narrow klass range: 0x100000000

GC Precious Log:
 CardTable entry size: 512
 Card Set container configuration: InlinePtr #cards 4 size 8 Array Of Cards #cards 32 size 80 Howl #buckets 8 coarsen threshold 7372 Howl Bitmap #cards 1024 size 144 coarsen threshold 921 Card regions per heap region 1 cards per card region 8192
 CPUs: 16 total, 16 available
 Memory: 31322M
 Large Page Support: Disabled
 NUMA Support: Disabled
 Compressed Oops: Enabled (Zero based)
 Heap Region Size: 4M
 Heap Min Capacity: 8M
 Heap Initial Capacity: 492M
 Heap Max Capacity: 7832M
 Pre-touch: Disabled
 Parallel Workers: 13
 Concurrent Workers: 3
 Concurrent Refinement Workers: 13
 Periodic GC: Disabled

Heap:
 garbage-first heap   total 507904K, used 37918K [0x0000000616800000, 0x0000000800000000)
  region size 4096K, 4 young (16384K), 0 survivors (0K)
 Metaspace       used 4496K, committed 4608K, reserved 1114112K
  class space    used 395K, committed 448K, reserved 1048576K

Heap Regions: E=young(eden), S=young(survivor), O=old, HS=humongous(starts), HC=humongous(continues), CS=collection set, F=free, TAMS=top-at-mark-start, PB=parsable bottom
|   0|0x0000000616800000, 0x0000000616c00000, 0x0000000616c00000|100%|HS|  |TAMS 0x0000000616800000| PB 0x0000000616800000| Complete 
|   1|0x0000000616c00000, 0x0000000617000000, 0x0000000617000000|100%|HC|  |TAMS 0x0000000616c00000| PB 0x0000000616c00000| Complete 
|   2|0x0000000617000000, 0x0000000617400000, 0x0000000617400000|100%|HS|  |TAMS 0x0000000617000000| PB 0x0000000617000000| Complete 
|   3|0x0000000617400000, 0x0000000617800000, 0x0000000617800000|100%|HC|  |TAMS 0x0000000617400000| PB 0x0000000617400000| Complete 
|   4|0x0000000617800000, 0x0000000617c00000, 0x0000000617c00000|100%|HC|  |TAMS 0x0000000617800000| PB 0x0000000617800000| Complete 
|   5|0x0000000617c00000, 0x0000000618000000, 0x0000000618000000|100%|HC|  |TAMS 0x0000000617c00000| PB 0x0000000617c00000| Complete 
|   6|0x0000000618000000, 0x0000000618000000, 0x0000000618400000|  0%| F|  |TAMS 0x0000000618000000| PB 0x0000000618000000| Untracked 
|   7|0x0000000618400000, 0x0000000618400000, 0x0000000618800000|  0%| F|  |TAMS 0x0000000618400000| PB 0x0000000618400000| Untracked 
|   8|0x0000000618800000, 0x0000000618800000, 0x0000000618c00000|  0%| F|  |TAMS 0x0000000618800000| PB 0x0000000618800000| Untracked 
|   9|0x0000000618c00000, 0x0000000618c00000, 0x0000000619000000|  0%| F|  |TAMS 0x0000000618c00000| PB 0x0000000618c00000| Untracked 
|  10|0x0000000619000000, 0x0000000619000000, 0x0000000619400000|  0%| F|  |TAMS 0x0000000619000000| PB 0x0000000619000000| Untracked 
|  11|0x0000000619400000, 0x0000000619400000, 0x0000000619800000|  0%| F|  |TAMS 0x0000000619400000| PB 0x0000000619400000| Untracked 
|  12|0x0000000619800000, 0x0000000619800000, 0x0000000619c00000|  0%| F|  |TAMS 0x0000000619800000| PB 0x0000000619800000| Untracked 
|  13|0x0000000619c00000, 0x0000000619c00000, 0x000000061a000000|  0%| F|  |TAMS 0x0000000619c00000| PB 0x0000000619c00000| Untracked 
|  14|0x000000061a000000, 0x000000061a000000, 0x000000061a400000|  0%| F|  |TAMS 0x000000061a000000| PB 0x000000061a000000| Untracked 
|  15|0x000000061a400000, 0x000000061a400000, 0x000000061a800000|  0%| F|  |TAMS 0x000000061a400000| PB 0x000000061a400000| Untracked 
|  16|0x000000061a800000, 0x000000061a800000, 0x000000061ac00000|  0%| F|  |TAMS 0x000000061a800000| PB 0x000000061a800000| Untracked 
|  17|0x000000061ac00000, 0x000000061ac00000, 0x000000061b000000|  0%| F|  |TAMS 0x000000061ac00000| PB 0x000000061ac00000| Untracked 
|  18|0x000000061b000000, 0x000000061b000000, 0x000000061b400000|  0%| F|  |TAMS 0x000000061b000000| PB 0x000000061b000000| Untracked 
|  19|0x000000061b400000, 0x000000061b400000, 0x000000061b800000|  0%| F|  |TAMS 0x000000061b400000| PB 0x000000061b400000| Untracked 
|  20|0x000000061b800000, 0x000000061b800000, 0x000000061bc00000|  0%| F|  |TAMS 0x000000061b800000| PB 0x000000061b800000| Untracked 
|  21|0x000000061bc00000, 0x000000061bc00000, 0x000000061c000000|  0%| F|  |TAMS 0x000000061bc00000| PB 0x000000061bc00000| Untracked 
|  22|0x000000061c000000, 0x000000061c000000, 0x000000061c400000|  0%| F|  |TAMS 0x000000061c000000| PB 0x000000061c000000| Untracked 
|  23|0x000000061c400000, 0x000000061c400000, 0x000000061c800000|  0%| F|  |TAMS 0x000000061c400000| PB 0x000000061c400000| Untracked 
|  24|0x000000061c800000, 0x000000061c800000, 0x000000061cc00000|  0%| F|  |TAMS 0x000000061c800000| PB 0x000000061c800000| Untracked 
|  25|0x000000061cc00000, 0x000000061cc00000, 0x000000061d000000|  0%| F|  |TAMS 0x000000061cc00000| PB 0x000000061cc00000| Untracked 
|  26|0x000000061d000000, 0x000000061d000000, 0x000000061d400000|  0%| F|  |TAMS 0x000000061d000000| PB 0x000000061d000000| Untracked 
|  27|0x000000061d400000, 0x000000061d400000, 0x000000061d800000|  0%| F|  |TAMS 0x000000061d400000| PB 0x000000061d400000| Untracked 
|  28|0x000000061d800000, 0x000000061d800000, 0x000000061dc00000|  0%| F|  |TAMS 0x000000061d800000| PB 0x000000061d800000| Untracked 
|  29|0x000000061dc00000, 0x000000061dc00000, 0x000000061e000000|  0%| F|  |TAMS 0x000000061dc00000| PB 0x000000061dc00000| Untracked 
|  30|0x000000061e000000, 0x000000061e000000, 0x000000061e400000|  0%| F|  |TAMS 0x000000061e000000| PB 0x000000061e000000| Untracked 
|  31|0x000000061e400000, 0x000000061e400000, 0x000000061e800000|  0%| F|  |TAMS 0x000000061e400000| PB 0x000000061e400000| Untracked 
|  32|0x000000061e800000, 0x000000061e800000, 0x000000061ec00000|  0%| F|  |TAMS 0x000000061e800000| PB 0x000000061e800000| Untracked 
|  33|0x000000061ec00000, 0x000000061ec00000, 0x000000061f000000|  0%| F|  |TAMS 0x000000061ec00000| PB 0x000000061ec00000| Untracked 
|  34|0x000000061f000000, 0x000000061f000000, 0x000000061f400000|  0%| F|  |TAMS 0x000000061f000000| PB 0x000000061f000000| Untracked 
|  35|0x000000061f400000, 0x000000061f400000, 0x000000061f800000|  0%| F|  |TAMS 0x000000061f400000| PB 0x000000061f400000| Untracked 
|  36|0x000000061f800000, 0x000000061f800000, 0x000000061fc00000|  0%| F|  |TAMS 0x000000061f800000| PB 0x000000061f800000| Untracked 
|  37|0x000000061fc00000, 0x000000061fc00000, 0x0000000620000000|  0%| F|  |TAMS 0x000000061fc00000| PB 0x000000061fc00000| Untracked 
|  38|0x0000000620000000, 0x0000000620000000, 0x0000000620400000|  0%| F|  |TAMS 0x0000000620000000| PB 0x0000000620000000| Untracked 
|  39|0x0000000620400000, 0x0000000620400000, 0x0000000620800000|  0%| F|  |TAMS 0x0000000620400000| PB 0x0000000620400000| Untracked 
|  40|0x0000000620800000, 0x0000000620800000, 0x0000000620c00000|  0%| F|  |TAMS 0x0000000620800000| PB 0x0000000620800000| Untracked 
|  41|0x0000000620c00000, 0x0000000620c00000, 0x0000000621000000|  0%| F|  |TAMS 0x0000000620c00000| PB 0x0000000620c00000| Untracked 
|  42|0x0000000621000000, 0x0000000621000000, 0x0000000621400000|  0%| F|  |TAMS 0x0000000621000000| PB 0x0000000621000000| Untracked 
|  43|0x0000000621400000, 0x0000000621400000, 0x0000000621800000|  0%| F|  |TAMS 0x0000000621400000| PB 0x0000000621400000| Untracked 
|  44|0x0000000621800000, 0x0000000621800000, 0x0000000621c00000|  0%| F|  |TAMS 0x0000000621800000| PB 0x0000000621800000| Untracked 
|  45|0x0000000621c00000, 0x0000000621c00000, 0x0000000622000000|  0%| F|  |TAMS 0x0000000621c00000| PB 0x0000000621c00000| Untracked 
|  46|0x0000000622000000, 0x0000000622000000, 0x0000000622400000|  0%| F|  |TAMS 0x0000000622000000| PB 0x0000000622000000| Untracked 
|  47|0x0000000622400000, 0x0000000622400000, 0x0000000622800000|  0%| F|  |TAMS 0x0000000622400000| PB 0x0000000622400000| Untracked 
|  48|0x0000000622800000, 0x0000000622800000, 0x0000000622c00000|  0%| F|  |TAMS 0x0000000622800000| PB 0x0000000622800000| Untracked 
|  49|0x0000000622c00000, 0x0000000622c00000, 0x0000000623000000|  0%| F|  |TAMS 0x0000000622c00000| PB 0x0000000622c00000| Untracked 
|  50|0x0000000623000000, 0x0000000623000000, 0x0000000623400000|  0%| F|  |TAMS 0x0000000623000000| PB 0x0000000623000000| Untracked 
|  51|0x0000000623400000, 0x0000000623400000, 0x0000000623800000|  0%| F|  |TAMS 0x0000000623400000| PB 0x0000000623400000| Untracked 
|  52|0x0000000623800000, 0x0000000623800000, 0x0000000623c00000|  0%| F|  |TAMS 0x0000000623800000| PB 0x0000000623800000| Untracked 
|  53|0x0000000623c00000, 0x0000000623c00000, 0x0000000624000000|  0%| F|  |TAMS 0x0000000623c00000| PB 0x0000000623c00000| Untracked 
|  54|0x0000000624000000, 0x0000000624000000, 0x0000000624400000|  0%| F|  |TAMS 0x0000000624000000| PB 0x0000000624000000| Untracked 
|  55|0x0000000624400000, 0x0000000624400000, 0x0000000624800000|  0%| F|  |TAMS 0x0000000624400000| PB 0x0000000624400000| Untracked 
|  56|0x0000000624800000, 0x0000000624800000, 0x0000000624c00000|  0%| F|  |TAMS 0x0000000624800000| PB 0x0000000624800000| Untracked 
|  57|0x0000000624c00000, 0x0000000624c00000, 0x0000000625000000|  0%| F|  |TAMS 0x0000000624c00000| PB 0x0000000624c00000| Untracked 
|  58|0x0000000625000000, 0x0000000625000000, 0x0000000625400000|  0%| F|  |TAMS 0x0000000625000000| PB 0x0000000625000000| Untracked 
|  59|0x0000000625400000, 0x0000000625400000, 0x0000000625800000|  0%| F|  |TAMS 0x0000000625400000| PB 0x0000000625400000| Untracked 
|  60|0x0000000625800000, 0x0000000625800000, 0x0000000625c00000|  0%| F|  |TAMS 0x0000000625800000| PB 0x0000000625800000| Untracked 
|  61|0x0000000625c00000, 0x0000000625c00000, 0x0000000626000000|  0%| F|  |TAMS 0x0000000625c00000| PB 0x0000000625c00000| Untracked 
|  62|0x0000000626000000, 0x0000000626000000, 0x0000000626400000|  0%| F|  |TAMS 0x0000000626000000| PB 0x0000000626000000| Untracked 
|  63|0x0000000626400000, 0x0000000626400000, 0x0000000626800000|  0%| F|  |TAMS 0x0000000626400000| PB 0x0000000626400000| Untracked 
|  64|0x0000000626800000, 0x0000000626800000, 0x0000000626c00000|  0%| F|  |TAMS 0x0000000626800000| PB 0x0000000626800000| Untracked 
|  65|0x0000000626c00000, 0x0000000626c00000, 0x0000000627000000|  0%| F|  |TAMS 0x0000000626c00000| PB 0x0000000626c00000| Untracked 
|  66|0x0000000627000000, 0x0000000627000000, 0x0000000627400000|  0%| F|  |TAMS 0x0000000627000000| PB 0x0000000627000000| Untracked 
|  67|0x0000000627400000, 0x0000000627400000, 0x0000000627800000|  0%| F|  |TAMS 0x0000000627400000| PB 0x0000000627400000| Untracked 
|  68|0x0000000627800000, 0x0000000627800000, 0x0000000627c00000|  0%| F|  |TAMS 0x0000000627800000| PB 0x0000000627800000| Untracked 
|  69|0x0000000627c00000, 0x0000000627c00000, 0x0000000628000000|  0%| F|  |TAMS 0x0000000627c00000| PB 0x0000000627c00000| Untracked 
|  70|0x0000000628000000, 0x0000000628000000, 0x0000000628400000|  0%| F|  |TAMS 0x0000000628000000| PB 0x0000000628000000| Untracked 
|  71|0x0000000628400000, 0x0000000628400000, 0x0000000628800000|  0%| F|  |TAMS 0x0000000628400000| PB 0x0000000628400000| Untracked 
|  72|0x0000000628800000, 0x0000000628800000, 0x0000000628c00000|  0%| F|  |TAMS 0x0000000628800000| PB 0x0000000628800000| Untracked 
|  73|0x0000000628c00000, 0x0000000628c00000, 0x0000000629000000|  0%| F|  |TAMS 0x0000000628c00000| PB 0x0000000628c00000| Untracked 
|  74|0x0000000629000000, 0x0000000629000000, 0x0000000629400000|  0%| F|  |TAMS 0x0000000629000000| PB 0x0000000629000000| Untracked 
|  75|0x0000000629400000, 0x0000000629400000, 0x0000000629800000|  0%| F|  |TAMS 0x0000000629400000| PB 0x0000000629400000| Untracked 
|  76|0x0000000629800000, 0x0000000629800000, 0x0000000629c00000|  0%| F|  |TAMS 0x0000000629800000| PB 0x0000000629800000| Untracked 
|  77|0x0000000629c00000, 0x0000000629c00000, 0x000000062a000000|  0%| F|  |TAMS 0x0000000629c00000| PB 0x0000000629c00000| Untracked 
|  78|0x000000062a000000, 0x000000062a000000, 0x000000062a400000|  0%| F|  |TAMS 0x000000062a000000| PB 0x000000062a000000| Untracked 
|  79|0x000000062a400000, 0x000000062a400000, 0x000000062a800000|  0%| F|  |TAMS 0x000000062a400000| PB 0x000000062a400000| Untracked 
|  80|0x000000062a800000, 0x000000062a800000, 0x000000062ac00000|  0%| F|  |TAMS 0x000000062a800000| PB 0x000000062a800000| Untracked 
|  81|0x000000062ac00000, 0x000000062ac00000, 0x000000062b000000|  0%| F|  |TAMS 0x000000062ac00000| PB 0x000000062ac00000| Untracked 
|  82|0x000000062b000000, 0x000000062b000000, 0x000000062b400000|  0%| F|  |TAMS 0x000000062b000000| PB 0x000000062b000000| Untracked 
|  83|0x000000062b400000, 0x000000062b400000, 0x000000062b800000|  0%| F|  |TAMS 0x000000062b400000| PB 0x000000062b400000| Untracked 
|  84|0x000000062b800000, 0x000000062b800000, 0x000000062bc00000|  0%| F|  |TAMS 0x000000062b800000| PB 0x000000062b800000| Untracked 
|  85|0x000000062bc00000, 0x000000062bc00000, 0x000000062c000000|  0%| F|  |TAMS 0x000000062bc00000| PB 0x000000062bc00000| Untracked 
|  86|0x000000062c000000, 0x000000062c000000, 0x000000062c400000|  0%| F|  |TAMS 0x000000062c000000| PB 0x000000062c000000| Untracked 
|  87|0x000000062c400000, 0x000000062c400000, 0x000000062c800000|  0%| F|  |TAMS 0x000000062c400000| PB 0x000000062c400000| Untracked 
|  88|0x000000062c800000, 0x000000062c800000, 0x000000062cc00000|  0%| F|  |TAMS 0x000000062c800000| PB 0x000000062c800000| Untracked 
|  89|0x000000062cc00000, 0x000000062cc00000, 0x000000062d000000|  0%| F|  |TAMS 0x000000062cc00000| PB 0x000000062cc00000| Untracked 
|  90|0x000000062d000000, 0x000000062d000000, 0x000000062d400000|  0%| F|  |TAMS 0x000000062d000000| PB 0x000000062d000000| Untracked 
|  91|0x000000062d400000, 0x000000062d400000, 0x000000062d800000|  0%| F|  |TAMS 0x000000062d400000| PB 0x000000062d400000| Untracked 
|  92|0x000000062d800000, 0x000000062d800000, 0x000000062dc00000|  0%| F|  |TAMS 0x000000062d800000| PB 0x000000062d800000| Untracked 
|  93|0x000000062dc00000, 0x000000062dc00000, 0x000000062e000000|  0%| F|  |TAMS 0x000000062dc00000| PB 0x000000062dc00000| Untracked 
|  94|0x000000062e000000, 0x000000062e000000, 0x000000062e400000|  0%| F|  |TAMS 0x000000062e000000| PB 0x000000062e000000| Untracked 
|  95|0x000000062e400000, 0x000000062e400000, 0x000000062e800000|  0%| F|  |TAMS 0x000000062e400000| PB 0x000000062e400000| Untracked 
|  96|0x000000062e800000, 0x000000062e800000, 0x000000062ec00000|  0%| F|  |TAMS 0x000000062e800000| PB 0x000000062e800000| Untracked 
|  97|0x000000062ec00000, 0x000000062ec00000, 0x000000062f000000|  0%| F|  |TAMS 0x000000062ec00000| PB 0x000000062ec00000| Untracked 
|  98|0x000000062f000000, 0x000000062f000000, 0x000000062f400000|  0%| F|  |TAMS 0x000000062f000000| PB 0x000000062f000000| Untracked 
|  99|0x000000062f400000, 0x000000062f400000, 0x000000062f800000|  0%| F|  |TAMS 0x000000062f400000| PB 0x000000062f400000| Untracked 
| 100|0x000000062f800000, 0x000000062f800000, 0x000000062fc00000|  0%| F|  |TAMS 0x000000062f800000| PB 0x000000062f800000| Untracked 
| 101|0x000000062fc00000, 0x000000062fc00000, 0x0000000630000000|  0%| F|  |TAMS 0x000000062fc00000| PB 0x000000062fc00000| Untracked 
| 102|0x0000000630000000, 0x0000000630000000, 0x0000000630400000|  0%| F|  |TAMS 0x0000000630000000| PB 0x0000000630000000| Untracked 
| 103|0x0000000630400000, 0x0000000630400000, 0x0000000630800000|  0%| F|  |TAMS 0x0000000630400000| PB 0x0000000630400000| Untracked 
| 104|0x0000000630800000, 0x0000000630800000, 0x0000000630c00000|  0%| F|  |TAMS 0x0000000630800000| PB 0x0000000630800000| Untracked 
| 105|0x0000000630c00000, 0x0000000630c00000, 0x0000000631000000|  0%| F|  |TAMS 0x0000000630c00000| PB 0x0000000630c00000| Untracked 
| 106|0x0000000631000000, 0x0000000631000000, 0x0000000631400000|  0%| F|  |TAMS 0x0000000631000000| PB 0x0000000631000000| Untracked 
| 107|0x0000000631400000, 0x0000000631400000, 0x0000000631800000|  0%| F|  |TAMS 0x0000000631400000| PB 0x0000000631400000| Untracked 
| 108|0x0000000631800000, 0x0000000631800000, 0x0000000631c00000|  0%| F|  |TAMS 0x0000000631800000| PB 0x0000000631800000| Untracked 
| 109|0x0000000631c00000, 0x0000000631c00000, 0x0000000632000000|  0%| F|  |TAMS 0x0000000631c00000| PB 0x0000000631c00000| Untracked 
| 110|0x0000000632000000, 0x0000000632000000, 0x0000000632400000|  0%| F|  |TAMS 0x0000000632000000| PB 0x0000000632000000| Untracked 
| 111|0x0000000632400000, 0x0000000632400000, 0x0000000632800000|  0%| F|  |TAMS 0x0000000632400000| PB 0x0000000632400000| Untracked 
| 112|0x0000000632800000, 0x0000000632800000, 0x0000000632c00000|  0%| F|  |TAMS 0x0000000632800000| PB 0x0000000632800000| Untracked 
| 113|0x0000000632c00000, 0x0000000632c00000, 0x0000000633000000|  0%| F|  |TAMS 0x0000000632c00000| PB 0x0000000632c00000| Untracked 
| 114|0x0000000633000000, 0x0000000633000000, 0x0000000633400000|  0%| F|  |TAMS 0x0000000633000000| PB 0x0000000633000000| Untracked 
| 115|0x0000000633400000, 0x0000000633400000, 0x0000000633800000|  0%| F|  |TAMS 0x0000000633400000| PB 0x0000000633400000| Untracked 
| 116|0x0000000633800000, 0x0000000633800000, 0x0000000633c00000|  0%| F|  |TAMS 0x0000000633800000| PB 0x0000000633800000| Untracked 
| 117|0x0000000633c00000, 0x0000000633c00000, 0x0000000634000000|  0%| F|  |TAMS 0x0000000633c00000| PB 0x0000000633c00000| Untracked 
| 118|0x0000000634000000, 0x0000000634000000, 0x0000000634400000|  0%| F|  |TAMS 0x0000000634000000| PB 0x0000000634000000| Untracked 
| 119|0x0000000634400000, 0x00000006346723a0, 0x0000000634800000| 61%| E|  |TAMS 0x0000000634400000| PB 0x0000000634400000| Complete 
| 120|0x0000000634800000, 0x0000000634c00000, 0x0000000634c00000|100%| E|CS|TAMS 0x0000000634800000| PB 0x0000000634800000| Complete 
| 121|0x0000000634c00000, 0x0000000635000000, 0x0000000635000000|100%| E|CS|TAMS 0x0000000634c00000| PB 0x0000000634c00000| Complete 
| 122|0x0000000635000000, 0x0000000635400000, 0x0000000635400000|100%| E|CS|TAMS 0x0000000635000000| PB 0x0000000635000000| Complete 
|1957|0x00000007ffc00000, 0x00000007ffd079d8, 0x0000000800000000| 25%| O|  |TAMS 0x00000007ffc00000| PB 0x00000007ffc00000| Untracked 

Card table byte_map: [0x000075c46a000000,0x000075c46af4c000] _byte_map_base: 0x000075c466f4c000

Marking Bits: (CMBitMap*) 0x000075c484045f30
 Bits: [0x000075c462400000, 0x000075c469e60000)

Polling page: 0x000075c48a369000

Metaspace:

Usage:
  Non-class:      4.00 MB used.
      Class:    395.78 KB used.
       Both:      4.39 MB used.

Virtual space:
  Non-class space:       64.00 MB reserved,       4.06 MB (  6%) committed,  1 nodes.
      Class space:        1.00 GB reserved,     448.00 KB ( <1%) committed,  1 nodes.
             Both:        1.06 GB reserved,       4.50 MB ( <1%) committed. 

Chunk freelists:
   Non-Class:  11.20 MB
       Class:  15.51 MB
        Both:  26.71 MB

MaxMetaspaceSize: unlimited
CompressedClassSpaceSize: 1.00 GB
Initial GC threshold: 21.00 MB
Current GC threshold: 21.00 MB
CDS: on
 - commit_granule_bytes: 65536.
 - commit_granule_words: 8192.
 - virtual_space_node_default_size: 8388608.
 - enlarge_chunks_in_place: 1.
 - use_allocation_guard: 0.


Internal statistics:

num_allocs_failed_limit: 0.
num_arena_births: 100.
num_arena_deaths: 0.
num_vsnodes_births: 2.
num_vsnodes_deaths: 0.
num_space_committed: 72.
num_space_uncommitted: 0.
num_chunks_returned_to_freelist: 0.
num_chunks_taken_from_freelist: 161.
num_chunk_merges: 0.
num_chunk_splits: 99.
num_chunks_enlarged: 47.
num_inconsistent_stats: 0.

CodeHeap 'non-profiled nmethods': size=119168Kb used=220Kb max_used=220Kb free=118947Kb
 bounds [0x000075c4743a0000, 0x000075c474610000, 0x000075c47b800000]
CodeHeap 'profiled nmethods': size=119164Kb used=941Kb max_used=941Kb free=118222Kb
 bounds [0x000075c46c800000, 0x000075c46ca70000, 0x000075c473c5f000]
CodeHeap 'non-nmethods': size=7428Kb used=3321Kb max_used=3336Kb free=4106Kb
 bounds [0x000075c473c5f000, 0x000075c473faf000, 0x000075c4743a0000]
 total_blobs=1363 nmethods=660 adapters=606
 compilation: enabled
              stopped_count=0, restarted_count=0
 full_count=0

Compilation events (20 events):
Event: 0.359 Thread 0x000075c3c805f8d0  649       3       java.lang.invoke.MethodHandleNatives::refKindIsField (32 bytes)
Event: 0.359 Thread 0x000075c3c805f8d0 nmethod 649 0x000075c46c8e8290 code [0x000075c46c8e8420, 0x000075c46c8e8570]
Event: 0.359 Thread 0x000075c3c8060d00  650       3       java.lang.StringUTF16::getChar (60 bytes)
Event: 0.359 Thread 0x000075c3c8060d00 nmethod 650 0x000075c46c8e8610 code [0x000075c46c8e87a0, 0x000075c46c8e8908]
Event: 0.360 Thread 0x000075c3c805f8d0  652       3       java.io.InputStream::<init> (5 bytes)
Event: 0.360 Thread 0x000075c3c805f8d0 nmethod 652 0x000075c46c8e8a10 code [0x000075c46c8e8ba0, 0x000075c46c8e8d00]
Event: 0.361 Thread 0x000075c3c8060d00  653       3       sun.net.www.ParseUtil::firstEncodeIndex (86 bytes)
Event: 0.361 Thread 0x000075c3c805f8d0  654       3       sun.net.util.IPAddressUtil::earlyURLParsing (12 bytes)
Event: 0.361 Thread 0x000075c3c805f8d0 nmethod 654 0x000075c46c8e8d90 code [0x000075c46c8e8f20, 0x000075c46c8e9028]
Event: 0.361 Thread 0x000075c3c8060d00 nmethod 653 0x000075c46c8e9090 code [0x000075c46c8e92c0, 0x000075c46c8e9c60]
Event: 0.363 Thread 0x000075c3c8060d00  656       3       jdk.internal.org.objectweb.asm.Handler::getExceptionTableSize (10 bytes)
Event: 0.363 Thread 0x000075c484141d30  655       1       jdk.internal.org.objectweb.asm.MethodWriter::hasAsmInstructions (5 bytes)
Event: 0.363 Thread 0x000075c3c8060d00 nmethod 656 0x000075c46c8ea010 code [0x000075c46c8ea1a0, 0x000075c46c8ea398]
Event: 0.363 Thread 0x000075c484141d30 nmethod 655 0x000075c4743d5690 code [0x000075c4743d5820, 0x000075c4743d58e8]
Event: 0.363 Thread 0x000075c3c805f8d0  657       3       java.lang.invoke.MethodHandles$Lookup::isClassAccessible (53 bytes)
Event: 0.363 Thread 0x000075c3c8060d00  658       3       jdk.internal.org.objectweb.asm.AnnotationWriter::putAnnotations (67 bytes)
Event: 0.363 Thread 0x000075c3bc001140  659       1       java.lang.invoke.MethodType::rtype (5 bytes)
Event: 0.363 Thread 0x000075c3bc001140 nmethod 659 0x000075c4743d5990 code [0x000075c4743d5b20, 0x000075c4743d5be8]
Event: 0.363 Thread 0x000075c3c8060d00 nmethod 658 0x000075c46c8ea490 code [0x000075c46c8ea6a0, 0x000075c46c8eaa90]
Event: 0.363 Thread 0x000075c3c805f8d0 nmethod 657 0x000075c46c8ead10 code [0x000075c46c8eaf20, 0x000075c46c8eb4e0]

GC Heap History (0 events):
No events

Dll operation events (12 events):
Event: 0.002 Loaded shared library /usr/lib/jvm/java-21-openjdk-amd64/lib/libjava.so
Event: 0.023 Loaded shared library /usr/lib/jvm/java-21-openjdk-amd64/lib/libjsvml.so
Event: 0.024 Loaded shared library /usr/lib/jvm/java-21-openjdk-amd64/lib/libnio.so
Event: 0.060 Loaded shared library /usr/lib/jvm/java-21-openjdk-amd64/lib/libzip.so
Event: 0.074 Loaded shared library /usr/lib/jvm/java-21-openjdk-amd64/lib/libjimage.so
Event: 0.084 Loaded shared library /usr/lib/jvm/java-21-openjdk-amd64/lib/libawt.so
Event: 0.087 Loaded shared library /usr/lib/jvm/java-21-openjdk-amd64/lib/libawt_xawt.so
Event: 0.115 Loaded shared library /usr/lib/jvm/java-21-openjdk-amd64/lib/libjavajpeg.so
Event: 0.158 Loaded shared library /usr/lib/jvm/java-21-openjdk-amd64/lib/libfontmanager.so
Event: 0.242 Loaded shared library /tmp/libJCublas2-12.0.0-linux-x86_64.so
Event: 0.337 Loaded shared library /tmp/libJCudaRuntime-12.0.0-linux-x86_64.so
Event: 0.344 Loaded shared library /usr/lib/jvm/java-21-openjdk-amd64/lib/libverify.so

Deoptimization events (20 events):
Event: 0.143 Thread 0x000075c48401a060 DEOPT PACKING pc=0x000075c46c8a52a8 sp=0x000075c4889fdac0
Event: 0.143 Thread 0x000075c48401a060 DEOPT UNPACKING pc=0x000075c473cb372f sp=0x000075c4889fcfb8 mode 0
Event: 0.143 Thread 0x000075c48401a060 DEOPT PACKING pc=0x000075c46c8a52a8 sp=0x000075c4889fdac0
Event: 0.143 Thread 0x000075c48401a060 DEOPT UNPACKING pc=0x000075c473cb372f sp=0x000075c4889fcfb8 mode 0
Event: 0.143 Thread 0x000075c48401a060 DEOPT PACKING pc=0x000075c46c8a52a8 sp=0x000075c4889fdac0
Event: 0.143 Thread 0x000075c48401a060 DEOPT UNPACKING pc=0x000075c473cb372f sp=0x000075c4889fcfb8 mode 0
Event: 0.143 Thread 0x000075c48401a060 DEOPT PACKING pc=0x000075c46c8a52a8 sp=0x000075c4889fdac0
Event: 0.143 Thread 0x000075c48401a060 DEOPT UNPACKING pc=0x000075c473cb372f sp=0x000075c4889fcfb8 mode 0
Event: 0.143 Thread 0x000075c48401a060 DEOPT PACKING pc=0x000075c46c8a52a8 sp=0x000075c4889fdac0
Event: 0.143 Thread 0x000075c48401a060 DEOPT UNPACKING pc=0x000075c473cb372f sp=0x000075c4889fcfb8 mode 0
Event: 0.192 Thread 0x000075c48401a060 DEOPT PACKING pc=0x000075c46c8c4971 sp=0x000075c4889fe770
Event: 0.193 Thread 0x000075c48401a060 DEOPT UNPACKING pc=0x000075c473cb372f sp=0x000075c4889fdcc0 mode 0
Event: 0.195 Thread 0x000075c48401a060 Uncommon trap: trap_request=0xffffff45 fr.pc=0x000075c4743cfbf8 relative=0x0000000000000618
Event: 0.195 Thread 0x000075c48401a060 Uncommon trap: reason=unstable_if action=reinterpret pc=0x000075c4743cfbf8 method=java.util.Arrays.setAll([DLjava/util/function/IntToDoubleFunction;)V @ 10 c2
Event: 0.195 Thread 0x000075c48401a060 DEOPT PACKING pc=0x000075c4743cfbf8 sp=0x000075c4889fe7f0
Event: 0.195 Thread 0x000075c48401a060 DEOPT UNPACKING pc=0x000075c473cb2f99 sp=0x000075c4889fe7c0 mode 2
Event: 0.359 Thread 0x000075c48401a060 Uncommon trap: trap_request=0xffffff45 fr.pc=0x000075c4743cd6ec relative=0x000000000000006c
Event: 0.359 Thread 0x000075c48401a060 Uncommon trap: reason=unstable_if action=reinterpret pc=0x000075c4743cd6ec method=java.lang.String.isLatin1()Z @ 10 c2
Event: 0.359 Thread 0x000075c48401a060 DEOPT PACKING pc=0x000075c4743cd6ec sp=0x000075c4889fdc00
Event: 0.359 Thread 0x000075c48401a060 DEOPT UNPACKING pc=0x000075c473cb2f99 sp=0x000075c4889fdbb0 mode 2

Classes loaded (20 events):
Event: 0.360 Loading class java/lang/ArrayIndexOutOfBoundsException
Event: 0.360 Loading class java/lang/IndexOutOfBoundsException
Event: 0.360 Loading class java/lang/IndexOutOfBoundsException done
Event: 0.360 Loading class java/lang/ArrayIndexOutOfBoundsException done
Event: 0.361 Loading class java/util/Spliterators$IntArraySpliterator
Event: 0.361 Loading class java/util/Spliterators$IntArraySpliterator done
Event: 0.362 Loading class java/util/stream/MatchOps$MatchKind
Event: 0.362 Loading class java/util/stream/MatchOps$MatchKind done
Event: 0.362 Loading class java/util/stream/MatchOps
Event: 0.362 Loading class java/util/stream/MatchOps done
Event: 0.362 Loading class java/util/stream/MatchOps$MatchOp
Event: 0.362 Loading class java/util/stream/MatchOps$MatchOp done
Event: 0.362 Loading class java/util/stream/MatchOps$BooleanTerminalSink
Event: 0.362 Loading class java/util/stream/MatchOps$BooleanTerminalSink done
Event: 0.362 Loading class java/util/stream/MatchOps$2MatchSink
Event: 0.362 Loading class java/util/stream/MatchOps$2MatchSink done
Event: 0.363 Loading class java/util/stream/MatchOps$1MatchSink
Event: 0.363 Loading class java/util/stream/MatchOps$1MatchSink done
Event: 0.363 Loading class java/nio/HeapDoubleBuffer
Event: 0.363 Loading class java/nio/HeapDoubleBuffer done

Classes unloaded (0 events):
No events

Classes redefined (0 events):
No events

Internal exceptions (12 events):
Event: 0.046 Thread 0x000075c48401a060 Exception <a 'sun/nio/fs/UnixException'{0x0000000635070ea8}> (0x0000000635070ea8) 
thrown [./src/hotspot/share/prims/jni.cpp, line 520]
Event: 0.046 Thread 0x000075c48401a060 Exception <a 'sun/nio/fs/UnixException'{0x00000006350715e8}> (0x00000006350715e8) 
thrown [./src/hotspot/share/prims/jni.cpp, line 520]
Event: 0.046 Thread 0x000075c48401a060 Exception <a 'sun/nio/fs/UnixException'{0x0000000635071e18}> (0x0000000635071e18) 
thrown [./src/hotspot/share/prims/jni.cpp, line 520]
Event: 0.046 Thread 0x000075c48401a060 Exception <a 'sun/nio/fs/UnixException'{0x0000000635072410}> (0x0000000635072410) 
thrown [./src/hotspot/share/prims/jni.cpp, line 520]
Event: 0.046 Thread 0x000075c48401a060 Exception <a 'sun/nio/fs/UnixException'{0x00000006350729e0}> (0x00000006350729e0) 
thrown [./src/hotspot/share/prims/jni.cpp, line 520]
Event: 0.046 Thread 0x000075c48401a060 Exception <a 'sun/nio/fs/UnixException'{0x0000000635072fc0}> (0x0000000635072fc0) 
thrown [./src/hotspot/share/prims/jni.cpp, line 520]
Event: 0.046 Thread 0x000075c48401a060 Exception <a 'sun/nio/fs/UnixException'{0x0000000635073810}> (0x0000000635073810) 
thrown [./src/hotspot/share/prims/jni.cpp, line 520]
Event: 0.078 Thread 0x000075c48401a060 Exception <a 'java/lang/ClassNotFoundException'{0x00000006353b4fb8}: sun/awt/resources/spi/awtProvider> (0x00000006353b4fb8) 
thrown [./src/hotspot/share/classfile/systemDictionary.cpp, line 312]
Event: 0.082 Thread 0x000075c48401a060 Implicit null exception at 0x000075c4743b1be3 to 0x000075c4743b1d44
Event: 0.096 Thread 0x000075c48401a060 Exception <a 'java/io/FileNotFoundException'{0x0000000634c12858}> (0x0000000634c12858) 
thrown [./src/hotspot/share/prims/jni.cpp, line 520]
Event: 0.181 Thread 0x000075c48401a060 Exception <a 'java/lang/NoSuchMethodError'{0x000000063440eba8}: 'java.lang.Object java.lang.invoke.DirectMethodHandle$Holder.newInvokeSpecial(java.lang.Object, java.lang.Object, int)'> (0x000000063440eba8) 
thrown [./src/hotspot/share/interpreter/linkResolver.cpp, line 772]
Event: 0.342 Thread 0x000075c48401a060 Exception <a 'java/lang/NoSuchMethodError'{0x00000006344dd268}: 'void java.lang.invoke.DirectMethodHandle$Holder.invokeStatic(java.lang.Object, java.lang.Object)'> (0x00000006344dd268) 
thrown [./src/hotspot/share/interpreter/linkResolver.cpp, line 772]

ZGC Phase Switch (0 events):
No events

VM Operations (6 events):
Event: 0.048 Executing VM operation: HandshakeAllThreads (Deoptimize)
Event: 0.048 Executing VM operation: HandshakeAllThreads (Deoptimize) done
Event: 0.072 Executing VM operation: HandshakeAllThreads (Deoptimize)
Event: 0.072 Executing VM operation: HandshakeAllThreads (Deoptimize) done
Event: 0.356 Executing VM operation: HandshakeAllThreads (Deoptimize)
Event: 0.356 Executing VM operation: HandshakeAllThreads (Deoptimize) done

Memory protections (16 events):
Event: 0.002 Protecting memory [0x000075c488900000,0x000075c488904000] with protection modes 0
Event: 0.021 Protecting memory [0x000075c460fed000,0x000075c460ff1000] with protection modes 0
Event: 0.022 Protecting memory [0x000075c460100000,0x000075c460104000] with protection modes 0
Event: 0.022 Protecting memory [0x000075c460000000,0x000075c460004000] with protection modes 0
Event: 0.022 Protecting memory [0x000075c459f00000,0x000075c459f04000] with protection modes 0
Event: 0.022 Protecting memory [0x000075c459e00000,0x000075c459e04000] with protection modes 0
Event: 0.022 Protecting memory [0x000075c459d00000,0x000075c459d04000] with protection modes 0
Event: 0.022 Protecting memory [0x000075c459c00000,0x000075c459c04000] with protection modes 0
Event: 0.037 Protecting memory [0x000075c459a2f000,0x000075c459a33000] with protection modes 0
Event: 0.048 Protecting memory [0x000075c45992f000,0x000075c459933000] with protection modes 0
Event: 0.049 Protecting memory [0x000075c45982f000,0x000075c459833000] with protection modes 0
Event: 0.049 Protecting memory [0x000075c45972f000,0x000075c459733000] with protection modes 0
Event: 0.056 Protecting memory [0x000075c45962f000,0x000075c459633000] with protection modes 0
Event: 0.058 Protecting memory [0x000075c45952f000,0x000075c459533000] with protection modes 0
Event: 0.113 Protecting memory [0x000075c4591ff000,0x000075c459203000] with protection modes 0
Event: 0.344 Protecting memory [0x000075c45952f000,0x000075c459533000] with protection modes 0

Nmethod flushes (0 events):
No events

Events (17 events):
Event: 0.015 Thread 0x000075c48401a060 Thread added: 0x000075c48401a060
Event: 0.021 Thread 0x000075c48401a060 Thread added: 0x000075c484138d30
Event: 0.022 Thread 0x000075c48401a060 Thread added: 0x000075c48413a3c0
Event: 0.022 Thread 0x000075c48401a060 Thread added: 0x000075c48413be90
Event: 0.022 Thread 0x000075c48401a060 Thread added: 0x000075c48413d4e0
Event: 0.022 Thread 0x000075c48401a060 Thread added: 0x000075c48413ea90
Event: 0.022 Thread 0x000075c48401a060 Thread added: 0x000075c484140660
Event: 0.022 Thread 0x000075c48401a060 Thread added: 0x000075c484141d30
Event: 0.037 Thread 0x000075c48401a060 Thread added: 0x000075c484160ec0
Event: 0.048 Thread 0x000075c484141d30 Thread added: 0x000075c3c805f8d0
Event: 0.049 Thread 0x000075c3c805f8d0 Thread added: 0x000075c3bc001140
Event: 0.049 Thread 0x000075c484141d30 Thread added: 0x000075c3c8060d00
Event: 0.056 Thread 0x000075c48401a060 Thread added: 0x000075c4841a5590
Event: 0.058 Thread 0x000075c3c8060d00 Thread added: 0x000075c3b0011350
Event: 0.113 Thread 0x000075c48401a060 Thread added: 0x000075c4842aa960
Event: 0.336 Thread 0x000075c3b0011350 Thread exited: 0x000075c3b0011350
Event: 0.344 Thread 0x000075c48401a060 Thread added: 0x000075c485582110


Dynamic libraries:
200000000-200200000 ---p 00000000 00:00 0 
200200000-200400000 rw-s 00000000 00:05 1116                             /dev/nvidia0
200400000-203400000 rw-s 00000000 00:05 1115                             /dev/nvidiactl
203400000-204400000 ---p 00000000 00:00 0 
204400000-204600000 rw-s 00000000 00:05 1115                             /dev/nvidiactl
204600000-204800000 rw-s 00000000 00:05 1115                             /dev/nvidiactl
204800000-204a00000 rw-s 00000000 00:05 1115                             /dev/nvidiactl
204a00000-204c00000 rw-s 204a00000 00:05 1117                            /dev/nvidia-uvm
204c00000-204e00000 rw-s 00000000 00:05 1115                             /dev/nvidiactl
204e00000-205000000 ---p 00000000 00:00 0 
205000000-205200000 rw-s 00000000 00:05 1115                             /dev/nvidiactl
205200000-300200000 ---p 00000000 00:00 0 
616800000-635400000 rw-p 00000000 00:00 0 
635400000-7ffc00000 ---p 00000000 00:00 0 
7ffc00000-7ffd08000 rw-p 00ced000 103:02 17172987                        /usr/lib/jvm/java-21-openjdk-amd64/lib/server/classes.jsa
7ffd08000-800000000 rw-p 00000000 00:00 0 
10000000000-10004000000 ---p 00000000 00:00 0 
5649fd6f3000-5649fd6f4000 r--p 00000000 103:02 17172834                  /usr/lib/jvm/java-21-openjdk-amd64/bin/java
5649fd6f4000-5649fd6f5000 r-xp 00001000 103:02 17172834                  /usr/lib/jvm/java-21-openjdk-amd64/bin/java
5649fd6f5000-5649fd6f6000 r--p 00002000 103:02 17172834                  /usr/lib/jvm/java-21-openjdk-amd64/bin/java
5649fd6f6000-5649fd6f7000 r--p 00002000 103:02 17172834                  /usr/lib/jvm/java-21-openjdk-amd64/bin/java
5649fd6f7000-5649fd6f8000 rw-p 00003000 103:02 17172834                  /usr/lib/jvm/java-21-openjdk-amd64/bin/java
5649fe0e9000-5649fe130000 rw-p 00000000 00:00 0                          [heap]
75c33a000000-75c33c000000 ---p 00000000 00:00 0 
75c33e000000-75c346000000 ---p 00000000 00:00 0 
75c348000000-75c34a000000 ---p 00000000 00:00 0 
75c34c000000-75c34c400000 ---p 00000000 00:00 0 
75c34c400000-75c34c600000 rw-s 00000000 00:05 1115                       /dev/nvidiactl
75c34c600000-75c34c800000 rw-s 00000000 00:01 2063                       /dev/zero (deleted)
75c34c800000-75c34ca00000 rw-s 00000000 00:01 2064                       /dev/zero (deleted)
75c34ca00000-75c34d000000 ---p 00000000 00:00 0 
75c34d000000-75c34d200000 rw-s 00000000 00:05 1115                       /dev/nvidiactl
75c34d200000-75c34d400000 ---p 00000000 00:00 0 
75c34d400000-75c34d600000 rw-s 00000000 00:01 2066                       /dev/zero (deleted)
75c34d600000-75c34db33000 rw-s 00000000 00:05 1115                       /dev/nvidiactl
75c34db33000-75c34e000000 ---p 00000000 00:00 0 
75c350000000-75c360000000 ---p 00000000 00:00 0 
75c364000000-75c364021000 rw-p 00000000 00:00 0 
75c364021000-75c368000000 ---p 00000000 00:00 0 
75c36a000000-75c370000000 ---p 00000000 00:00 0 
75c370000000-75c370021000 rw-p 00000000 00:00 0 
75c370021000-75c374000000 ---p 00000000 00:00 0 
75c374200000-75c391463000 r-xp 00000000 103:02 16524125                  /usr/lib/x86_64-linux-gnu/libcublasLt.so.12.0.2.224
75c391463000-75c391663000 ---p 1d263000 103:02 16524125                  /usr/lib/x86_64-linux-gnu/libcublasLt.so.12.0.2.224
75c391663000-75c391893000 r--p 1d263000 103:02 16524125                  /usr/lib/x86_64-linux-gnu/libcublasLt.so.12.0.2.224
75c391893000-75c392827000 rw-p 1d493000 103:02 16524125                  /usr/lib/x86_64-linux-gnu/libcublasLt.so.12.0.2.224
75c392827000-75c39500f000 rw-p 00000000 00:00 0 
75c395400000-75c39ba67000 r-xp 00000000 103:02 16524127                  /usr/lib/x86_64-linux-gnu/libcublas.so.12.0.2.224
75c39ba67000-75c39bc67000 ---p 06667000 103:02 16524127                  /usr/lib/x86_64-linux-gnu/libcublas.so.12.0.2.224
75c39bc67000-75c39bc6e000 r--p 06667000 103:02 16524127                  /usr/lib/x86_64-linux-gnu/libcublas.so.12.0.2.224
75c39bc6e000-75c39bc75000 rw-p 0666e000 103:02 16524127                  /usr/lib/x86_64-linux-gnu/libcublas.so.12.0.2.224
75c39bc75000-75c39bc7d000 rw-p 00000000 00:00 0 
75c39c000000-75c39c021000 rw-p 00000000 00:00 0 
75c39c021000-75c3a0000000 ---p 00000000 00:00 0 
75c3a4000000-75c3a4075000 rw-p 00000000 00:00 0 
75c3a4075000-75c3a8000000 ---p 00000000 00:00 0 
75c3a8000000-75c3a8021000 rw-p 00000000 00:00 0 
75c3a8021000-75c3ac000000 ---p 00000000 00:00 0 
75c3b0000000-75c3b0031000 rw-p 00000000 00:00 0 
75c3b0031000-75c3b4000000 ---p 00000000 00:00 0 
75c3b4000000-75c3b4056000 rw-p 00000000 00:00 0 
75c3b4056000-75c3b8000000 ---p 00000000 00:00 0 
75c3bc000000-75c3bc05b000 rw-p 00000000 00:00 0 
75c3bc05b000-75c3c0000000 ---p 00000000 00:00 0 
75c3c0000000-75c3c0021000 rw-p 00000000 00:00 0 
75c3c0021000-75c3c4000000 ---p 00000000 00:00 0 
75c3c8000000-75c3c809a000 rw-p 00000000 00:00 0 
75c3c809a000-75c3cc000000 ---p 00000000 00:00 0 
75c3cc000000-75c3cc187000 rw-p 00000000 00:00 0 
75c3cc187000-75c3d0000000 ---p 00000000 00:00 0 
75c3d4000000-75c3d4021000 rw-p 00000000 00:00 0 
75c3d4021000-75c3d8000000 ---p 00000000 00:00 0 
75c3d8000000-75c3d8021000 rw-p 00000000 00:00 0 
75c3d8021000-75c3dc000000 ---p 00000000 00:00 0 
75c3e0000000-75c3e0021000 rw-p 00000000 00:00 0 
75c3e0021000-75c3e4000000 ---p 00000000 00:00 0 
75c3e4000000-75c3e4021000 rw-p 00000000 00:00 0 
75c3e4021000-75c3e8000000 ---p 00000000 00:00 0 
75c3ec000000-75c3ec021000 rw-p 00000000 00:00 0 
75c3ec021000-75c3f0000000 ---p 00000000 00:00 0 
75c3f0000000-75c3f0021000 rw-p 00000000 00:00 0 
75c3f0021000-75c3f4000000 ---p 00000000 00:00 0 
75c3f4400000-75c3f717c000 r-xp 00000000 103:02 16526206                  /usr/lib/x86_64-linux-gnu/libnvrtc.so.12.0.140
75c3f717c000-75c3f737c000 ---p 02d7c000 103:02 16526206                  /usr/lib/x86_64-linux-gnu/libnvrtc.so.12.0.140
75c3f737c000-75c3f7a4f000 r--p 02d7c000 103:02 16526206                  /usr/lib/x86_64-linux-gnu/libnvrtc.so.12.0.140
75c3f7a4f000-75c3f7b1b000 rw-p 0344f000 103:02 16526206                  /usr/lib/x86_64-linux-gnu/libnvrtc.so.12.0.140
75c3f7b1b000-75c3f7c1c000 rw-p 00000000 00:00 0 
75c3f8000000-75c3f8340000 rw-p 00000000 00:00 0 
75c3f8340000-75c3f8400000 ---p 00000000 00:00 0 
75c3f8400000-75c3f84d0000 rw-p 00000000 00:00 0 
75c3f84d0000-75c3fc000000 ---p 00000000 00:00 0 
75c3fc000000-75c3fc021000 rw-p 00000000 00:00 0 
75c3fc021000-75c400000000 ---p 00000000 00:00 0 
75c400a00000-75c400a01000 ---p 00000000 00:00 0 
75c400a01000-75c401201000 rw-p 00000000 00:00 0 
75c401400000-75c401401000 rw-s 00000000 00:05 1115                       /dev/nvidiactl
75c401401000-75c401402000 rw-s 00000000 00:05 1115                       /dev/nvidiactl
75c401402000-75c401403000 rw-s 00000000 00:05 1115                       /dev/nvidiactl
75c401403000-75c401404000 rw-s 00000000 00:05 1115                       /dev/nvidiactl
75c401404000-75c401405000 rw-s 00000000 00:05 1115                       /dev/nvidiactl
75c401405000-75c401406000 rw-s 00000000 00:05 1115                       /dev/nvidiactl
75c401406000-75c401407000 rw-s 00000000 00:05 1115                       /dev/nvidiactl
75c401407000-75c401408000 rw-s 00000000 00:05 1115                       /dev/nvidiactl
75c401408000-75c401409000 rw-s 00000000 00:05 1115                       /dev/nvidiactl
75c401409000-75c40140a000 rw-s 00000000 00:05 1115                       /dev/nvidiactl
75c40140a000-75c40140b000 rw-s 00000000 00:05 1115                       /dev/nvidiactl
75c40140b000-75c40140c000 rw-s 00000000 00:05 1115                       /dev/nvidiactl
75c40140c000-75c40140d000 rw-s 00000000 00:05 1115                       /dev/nvidiactl
75c40140d000-75c40140e000 rw-s 00000000 00:05 1115                       /dev/nvidiactl
75c40140e000-75c40140f000 rw-s 00000000 00:05 1115                       /dev/nvidiactl
75c40140f000-75c401410000 rw-s 00000000 00:05 1115                       /dev/nvidiactl
75c401410000-75c402421000 ---p 00000000 00:00 0 
75c402600000-75c402601000 ---p 00000000 00:00 0 
75c402601000-75c402e01000 rw-p 00000000 00:00 0 
75c403000000-75c403cae000 rw-p 00001000 103:02 17172987                  /usr/lib/jvm/java-21-openjdk-amd64/lib/server/classes.jsa
75c403cae000-75c404000000 ---p 00000000 00:00 0 
75c404000000-75c404010000 rw-p 00000000 00:00 0 
75c404010000-75c404030000 rw-p 00000000 00:00 0 
75c404030000-75c404040000 ---p 00000000 00:00 0 
75c404040000-75c404080000 rw-p 00000000 00:00 0 
75c404080000-75c444000000 ---p 00000000 00:00 0 
75c444000000-75c444021000 rw-p 00000000 00:00 0 
75c444021000-75c448000000 ---p 00000000 00:00 0 
75c448000000-75c448021000 rw-p 00000000 00:00 0 
75c448021000-75c44c000000 ---p 00000000 00:00 0 
75c44c200000-75c44c2c7000 r-xp 00000000 103:02 18219111                  /tmp/libJCudaRuntime-12.0.0-linux-x86_64.so
75c44c2c7000-75c44c4c7000 ---p 000c7000 103:02 18219111                  /tmp/libJCudaRuntime-12.0.0-linux-x86_64.so
75c44c4c7000-75c44c4cc000 r--p 000c7000 103:02 18219111                  /tmp/libJCudaRuntime-12.0.0-linux-x86_64.so
75c44c4cc000-75c44c4cd000 rw-p 000cc000 103:02 18219111                  /tmp/libJCudaRuntime-12.0.0-linux-x86_64.so
75c44c4cd000-75c44c4cf000 rw-p 00000000 00:00 0 
75c44c800000-75c44d821000 ---p 00000000 00:00 0 
75c44da00000-75c44da01000 ---p 00000000 00:00 0 
75c44da01000-75c44e201000 rw-p 00000000 00:00 0 
75c44e400000-75c44e4de000 r--p 00000000 103:02 16552573                  /usr/lib/x86_64-linux-gnu/libcuda.so.550.107.02
75c44e4de000-75c44e9b3000 r-xp 000de000 103:02 16552573                  /usr/lib/x86_64-linux-gnu/libcuda.so.550.107.02
75c44e9b3000-75c44fe4e000 r--p 005b3000 103:02 16552573                  /usr/lib/x86_64-linux-gnu/libcuda.so.550.107.02
75c44fe4e000-75c44fe4f000 ---p 01a4e000 103:02 16552573                  /usr/lib/x86_64-linux-gnu/libcuda.so.550.107.02
75c44fe4f000-75c44fe67000 r--p 01a4e000 103:02 16552573                  /usr/lib/x86_64-linux-gnu/libcuda.so.550.107.02
75c44fe67000-75c44ff62000 rw-p 01a66000 103:02 16552573                  /usr/lib/x86_64-linux-gnu/libcuda.so.550.107.02
75c44ff62000-75c44ffcb000 rw-p 00000000 00:00 0 
75c450000000-75c450021000 rw-p 00000000 00:00 0 
75c450021000-75c454000000 ---p 00000000 00:00 0 
75c454000000-75c454021000 rw-p 00000000 00:00 0 
75c454021000-75c458000000 ---p 00000000 00:00 0 
75c4580be000-75c458200000 rw-p 00000000 00:00 0 
75c458200000-75c458400000 rw-s 00000000 00:01 2065                       /dev/zero (deleted)
75c458400000-75c45865a000 rw-p 00000000 00:00 0 
75c45873c000-75c458800000 rw-p 00000000 00:00 0 
75c458800000-75c458938000 r-xp 00000000 103:02 18219110                  /tmp/libJCublas2-12.0.0-linux-x86_64.so
75c458938000-75c458b38000 ---p 00138000 103:02 18219110                  /tmp/libJCublas2-12.0.0-linux-x86_64.so
75c458b38000-75c458b3d000 r--p 00138000 103:02 18219110                  /tmp/libJCublas2-12.0.0-linux-x86_64.so
75c458b3d000-75c458b3f000 rw-p 0013d000 103:02 18219110                  /tmp/libJCublas2-12.0.0-linux-x86_64.so
75c458b3f000-75c458b41000 rw-p 00000000 00:00 0 
75c458b47000-75c458b4e000 r--s 00000000 103:02 16532226                  /usr/lib/x86_64-linux-gnu/gconv/gconv-modules.cache
75c458b4e000-75c458d65000 rw-p 00000000 00:00 0 
75c458d65000-75c458d66000 r--p 00000000 103:02 16530467                  /usr/lib/x86_64-linux-gnu/libbrotlicommon.so.1.1.0
75c458d66000-75c458d67000 r-xp 00001000 103:02 16530467                  /usr/lib/x86_64-linux-gnu/libbrotlicommon.so.1.1.0
75c458d67000-75c458d86000 r--p 00002000 103:02 16530467                  /usr/lib/x86_64-linux-gnu/libbrotlicommon.so.1.1.0
75c458d86000-75c458d87000 r--p 00021000 103:02 16530467                  /usr/lib/x86_64-linux-gnu/libbrotlicommon.so.1.1.0
75c458d87000-75c458d88000 rw-p 00022000 103:02 16530467                  /usr/lib/x86_64-linux-gnu/libbrotlicommon.so.1.1.0
75c458d88000-75c458d8a000 r--p 00000000 103:02 16530942                  /usr/lib/x86_64-linux-gnu/libpcre2-8.so.0.11.2
75c458d8a000-75c458df8000 r-xp 00002000 103:02 16530942                  /usr/lib/x86_64-linux-gnu/libpcre2-8.so.0.11.2
75c458df8000-75c458e20000 r--p 00070000 103:02 16530942                  /usr/lib/x86_64-linux-gnu/libpcre2-8.so.0.11.2
75c458e20000-75c458e21000 r--p 00097000 103:02 16530942                  /usr/lib/x86_64-linux-gnu/libpcre2-8.so.0.11.2
75c458e21000-75c458e22000 rw-p 00098000 103:02 16530942                  /usr/lib/x86_64-linux-gnu/libpcre2-8.so.0.11.2
75c458e22000-75c458e27000 r--p 00000000 103:02 16530960                  /usr/lib/x86_64-linux-gnu/libpng16.so.16.43.0
75c458e27000-75c458e4f000 r-xp 00005000 103:02 16530960                  /usr/lib/x86_64-linux-gnu/libpng16.so.16.43.0
75c458e4f000-75c458e58000 r--p 0002d000 103:02 16530960                  /usr/lib/x86_64-linux-gnu/libpng16.so.16.43.0
75c458e58000-75c458e59000 r--p 00035000 103:02 16530960                  /usr/lib/x86_64-linux-gnu/libpng16.so.16.43.0
75c458e59000-75c458e5a000 rw-p 00036000 103:02 16530960                  /usr/lib/x86_64-linux-gnu/libpng16.so.16.43.0
75c458e5a000-75c458e78000 r--p 00000000 103:02 16530649                  /usr/lib/x86_64-linux-gnu/libglib-2.0.so.0.8000.0
75c458e78000-75c458f18000 r-xp 0001e000 103:02 16530649                  /usr/lib/x86_64-linux-gnu/libglib-2.0.so.0.8000.0
75c458f18000-75c458fa0000 r--p 000be000 103:02 16530649                  /usr/lib/x86_64-linux-gnu/libglib-2.0.so.0.8000.0
75c458fa0000-75c458fa1000 r--p 00146000 103:02 16530649                  /usr/lib/x86_64-linux-gnu/libglib-2.0.so.0.8000.0
75c458fa1000-75c458fa2000 rw-p 00147000 103:02 16530649                  /usr/lib/x86_64-linux-gnu/libglib-2.0.so.0.8000.0
75c458fa2000-75c458fa3000 rw-p 00000000 00:00 0 
75c458fa3000-75c458fb0000 r--p 00000000 103:02 16530615                  /usr/lib/x86_64-linux-gnu/libfreetype.so.6.20.1
75c458fb0000-75c459041000 r-xp 0000d000 103:02 16530615                  /usr/lib/x86_64-linux-gnu/libfreetype.so.6.20.1
75c459041000-75c459067000 r--p 0009e000 103:02 16530615                  /usr/lib/x86_64-linux-gnu/libfreetype.so.6.20.1
75c459067000-75c45906e000 r--p 000c4000 103:02 16530615                  /usr/lib/x86_64-linux-gnu/libfreetype.so.6.20.1
75c45906e000-75c45906f000 rw-p 000cb000 103:02 16530615                  /usr/lib/x86_64-linux-gnu/libfreetype.so.6.20.1
75c45906f000-75c45907a000 r--p 00000000 103:02 16530725                  /usr/lib/x86_64-linux-gnu/libharfbuzz.so.0.60830.0
75c45907a000-75c459148000 r-xp 0000b000 103:02 16530725                  /usr/lib/x86_64-linux-gnu/libharfbuzz.so.0.60830.0
75c459148000-75c45917a000 r--p 000d9000 103:02 16530725                  /usr/lib/x86_64-linux-gnu/libharfbuzz.so.0.60830.0
75c45917a000-75c45917b000 r--p 0010b000 103:02 16530725                  /usr/lib/x86_64-linux-gnu/libharfbuzz.so.0.60830.0
75c45917b000-75c45917c000 rw-p 0010c000 103:02 16530725                  /usr/lib/x86_64-linux-gnu/libharfbuzz.so.0.60830.0
75c45917c000-75c459180000 r--p 00000000 103:02 16530777                  /usr/lib/x86_64-linux-gnu/libjpeg.so.8.2.2
75c459180000-75c4591cd000 r-xp 00004000 103:02 16530777                  /usr/lib/x86_64-linux-gnu/libjpeg.so.8.2.2
75c4591cd000-75c4591fd000 r--p 00051000 103:02 16530777                  /usr/lib/x86_64-linux-gnu/libjpeg.so.8.2.2
75c4591fd000-75c4591fe000 r--p 00081000 103:02 16530777                  /usr/lib/x86_64-linux-gnu/libjpeg.so.8.2.2
75c4591fe000-75c4591ff000 rw-p 00082000 103:02 16530777                  /usr/lib/x86_64-linux-gnu/libjpeg.so.8.2.2
75c4591ff000-75c459203000 ---p 00000000 00:00 0 
75c459203000-75c4592ff000 rw-p 00000000 00:00 0 
75c4592ff000-75c459318000 r--p 00000000 103:02 16530316                  /usr/lib/x86_64-linux-gnu/libX11.so.6.4.0
75c459318000-75c4593a8000 r-xp 00019000 103:02 16530316                  /usr/lib/x86_64-linux-gnu/libX11.so.6.4.0
75c4593a8000-75c459437000 r--p 000a9000 103:02 16530316                  /usr/lib/x86_64-linux-gnu/libX11.so.6.4.0
75c459437000-75c459438000 r--p 00138000 103:02 16530316                  /usr/lib/x86_64-linux-gnu/libX11.so.6.4.0
75c459438000-75c45943c000 rw-p 00139000 103:02 16530316                  /usr/lib/x86_64-linux-gnu/libX11.so.6.4.0
75c45943c000-75c45945a000 r--p 00000000 103:02 17172951                  /usr/lib/jvm/java-21-openjdk-amd64/lib/libawt.so
75c45945a000-75c4594f1000 r-xp 0001e000 103:02 17172951                  /usr/lib/jvm/java-21-openjdk-amd64/lib/libawt.so
75c4594f1000-75c4594fe000 r--p 000b5000 103:02 17172951                  /usr/lib/jvm/java-21-openjdk-amd64/lib/libawt.so
75c4594fe000-75c4594ff000 r--p 000c1000 103:02 17172951                  /usr/lib/jvm/java-21-openjdk-amd64/lib/libawt.so
75c4594ff000-75c45950a000 rw-p 000c2000 103:02 17172951                  /usr/lib/jvm/java-21-openjdk-amd64/lib/libawt.so
75c45950a000-75c45952f000 rw-p 00000000 00:00 0 
75c45952f000-75c459533000 ---p 00000000 00:00 0 
75c459533000-75c45962f000 rw-p 00000000 00:00 0 
75c45962f000-75c459633000 ---p 00000000 00:00 0 
75c459633000-75c45972f000 rw-p 00000000 00:00 0 
75c45972f000-75c459733000 ---p 00000000 00:00 0 
75c459733000-75c45982f000 rw-p 00000000 00:00 0 
75c45982f000-75c459833000 ---p 00000000 00:00 0 
75c459833000-75c45992f000 rw-p 00000000 00:00 0 
75c45992f000-75c459933000 ---p 00000000 00:00 0 
75c459933000-75c459a2f000 rw-p 00000000 00:00 0 
75c459a2f000-75c459a33000 ---p 00000000 00:00 0 
75c459a33000-75c459b2f000 rw-p 00000000 00:00 0 
75c459b2f000-75c459b34000 r--p 00000000 103:02 17172968                  /usr/lib/jvm/java-21-openjdk-amd64/lib/libjsvml.so
75c459b34000-75c459b75000 r-xp 00005000 103:02 17172968                  /usr/lib/jvm/java-21-openjdk-amd64/lib/libjsvml.so
75c459b75000-75c459bfe000 r--p 00046000 103:02 17172968                  /usr/lib/jvm/java-21-openjdk-amd64/lib/libjsvml.so
75c459bfe000-75c459bff000 r--p 000ce000 103:02 17172968                  /usr/lib/jvm/java-21-openjdk-amd64/lib/libjsvml.so
75c459bff000-75c459c00000 rw-p 000cf000 103:02 17172968                  /usr/lib/jvm/java-21-openjdk-amd64/lib/libjsvml.so
75c459c00000-75c459c04000 ---p 00000000 00:00 0 
75c459c04000-75c459d00000 rw-p 00000000 00:00 0 
75c459d00000-75c459d04000 ---p 00000000 00:00 0 
75c459d04000-75c459e00000 rw-p 00000000 00:00 0 
75c459e00000-75c459e04000 ---p 00000000 00:00 0 
75c459e04000-75c459f00000 rw-p 00000000 00:00 0 
75c459f00000-75c459f04000 ---p 00000000 00:00 0 
75c459f04000-75c45a000000 rw-p 00000000 00:00 0 
75c45a000000-75c45c021000 rw-p 00000000 00:00 0 
75c45c021000-75c460004000 ---p 00000000 00:00 0 
75c460004000-75c460100000 rw-p 00000000 00:00 0 
75c460100000-75c460104000 ---p 00000000 00:00 0 
75c460104000-75c460200000 rw-p 00000000 00:00 0 
75c460200000-75c460fec000 r--p 00000000 103:02 16521112                  /usr/lib/locale/locale-archive
75c460fed000-75c460ff1000 ---p 00000000 00:00 0 
75c460ff1000-75c4610ed000 rw-p 00000000 00:00 0 
75c4610ed000-75c4610ee000 ---p 00000000 00:00 0 
75c4610ee000-75c4611ee000 rw-p 00000000 00:00 0 
75c4611ee000-75c4611ef000 ---p 00000000 00:00 0 
75c4611ef000-75c4612ef000 rw-p 00000000 00:00 0 
75c4612ef000-75c4612f0000 ---p 00000000 00:00 0 
75c4612f0000-75c4613f0000 rw-p 00000000 00:00 0 
75c4613f0000-75c4613f1000 ---p 00000000 00:00 0 
75c4613f1000-75c4614f1000 rw-p 00000000 00:00 0 
75c4614f1000-75c4621fe000 rw-p 00000000 00:00 0 
75c4621fe000-75c4621ff000 ---p 00000000 00:00 0 
75c4621ff000-75c4622ff000 rw-p 00000000 00:00 0 
75c4622ff000-75c462300000 ---p 00000000 00:00 0 
75c462300000-75c462400000 rw-p 00000000 00:00 0 
75c462400000-75c462bb0000 rw-p 00000000 00:00 0 
75c462bb0000-75c469e50000 ---p 00000000 00:00 0 
75c469e50000-75c469e60000 rw-p 00000000 00:00 0 
75c469e62000-75c469e66000 r--p 00000000 103:02 17172982                  /usr/lib/jvm/java-21-openjdk-amd64/lib/libverify.so
75c469e66000-75c469e6d000 r-xp 00004000 103:02 17172982                  /usr/lib/jvm/java-21-openjdk-amd64/lib/libverify.so
75c469e6d000-75c469e6f000 r--p 0000b000 103:02 17172982                  /usr/lib/jvm/java-21-openjdk-amd64/lib/libverify.so
75c469e6f000-75c469e71000 r--p 0000c000 103:02 17172982                  /usr/lib/jvm/java-21-openjdk-amd64/lib/libverify.so
75c469e71000-75c469e72000 rw-p 0000e000 103:02 17172982                  /usr/lib/jvm/java-21-openjdk-amd64/lib/libverify.so
75c469e72000-75c469e73000 r--p 00000000 103:02 16530540                  /usr/lib/x86_64-linux-gnu/libdl.so.2
75c469e73000-75c469e74000 r-xp 00001000 103:02 16530540                  /usr/lib/x86_64-linux-gnu/libdl.so.2
75c469e74000-75c469e75000 r--p 00002000 103:02 16530540                  /usr/lib/x86_64-linux-gnu/libdl.so.2
75c469e75000-75c469e76000 r--p 00002000 103:02 16530540                  /usr/lib/x86_64-linux-gnu/libdl.so.2
75c469e76000-75c469e77000 rw-p 00003000 103:02 16530540                  /usr/lib/x86_64-linux-gnu/libdl.so.2
75c469e77000-75c469e78000 r--p 00000000 103:02 16530468                  /usr/lib/x86_64-linux-gnu/libbrotlidec.so.1.1.0
75c469e78000-75c469e80000 r-xp 00001000 103:02 16530468                  /usr/lib/x86_64-linux-gnu/libbrotlidec.so.1.1.0
75c469e80000-75c469e83000 r--p 00009000 103:02 16530468                  /usr/lib/x86_64-linux-gnu/libbrotlidec.so.1.1.0
75c469e83000-75c469e84000 r--p 0000b000 103:02 16530468                  /usr/lib/x86_64-linux-gnu/libbrotlidec.so.1.1.0
75c469e84000-75c469e85000 rw-p 0000c000 103:02 16530468                  /usr/lib/x86_64-linux-gnu/libbrotlidec.so.1.1.0
75c469e85000-75c469e97000 r--p 00000000 103:02 17173114                  /usr/lib/jvm/java-21-openjdk-amd64/lib/libawt_xawt.so
75c469e97000-75c469ede000 r-xp 00012000 103:02 17173114                  /usr/lib/jvm/java-21-openjdk-amd64/lib/libawt_xawt.so
75c469ede000-75c469ef6000 r--p 00059000 103:02 17173114                  /usr/lib/jvm/java-21-openjdk-amd64/lib/libawt_xawt.so
75c469ef6000-75c469efb000 r--p 00070000 103:02 17173114                  /usr/lib/jvm/java-21-openjdk-amd64/lib/libawt_xawt.so
75c469efb000-75c469efd000 rw-p 00075000 103:02 17173114                  /usr/lib/jvm/java-21-openjdk-amd64/lib/libawt_xawt.so
75c469efd000-75c469eff000 rw-p 00000000 00:00 0 
75c469eff000-75c469f00000 ---p 00000000 00:00 0 
75c469f00000-75c46a000000 rw-p 00000000 00:00 0 
75c46a000000-75c46a0f6000 rw-p 00000000 00:00 0 
75c46a0f6000-75c46af4a000 ---p 00000000 00:00 0 
75c46af4a000-75c46af4c000 rw-p 00000000 00:00 0 
75c46af4f000-75c46af50000 r--p 00000000 103:02 16531006                  /usr/lib/x86_64-linux-gnu/librt.so.1
75c46af50000-75c46af51000 r-xp 00001000 103:02 16531006                  /usr/lib/x86_64-linux-gnu/librt.so.1
75c46af51000-75c46af52000 r--p 00002000 103:02 16531006                  /usr/lib/x86_64-linux-gnu/librt.so.1
75c46af52000-75c46af53000 r--p 00002000 103:02 16531006                  /usr/lib/x86_64-linux-gnu/librt.so.1
75c46af53000-75c46af54000 rw-p 00003000 103:02 16531006                  /usr/lib/x86_64-linux-gnu/librt.so.1
75c46af54000-75c46af55000 r--p 00000000 103:02 16530978                  /usr/lib/x86_64-linux-gnu/libpthread.so.0
75c46af55000-75c46af56000 r-xp 00001000 103:02 16530978                  /usr/lib/x86_64-linux-gnu/libpthread.so.0
75c46af56000-75c46af57000 r--p 00002000 103:02 16530978                  /usr/lib/x86_64-linux-gnu/libpthread.so.0
75c46af57000-75c46af58000 r--p 00002000 103:02 16530978                  /usr/lib/x86_64-linux-gnu/libpthread.so.0
75c46af58000-75c46af59000 rw-p 00003000 103:02 16530978                  /usr/lib/x86_64-linux-gnu/libpthread.so.0
75c46af59000-75c46af5c000 r--p 00000000 103:02 16530678                  /usr/lib/x86_64-linux-gnu/libgraphite2.so.3.2.1
75c46af5c000-75c46af79000 r-xp 00003000 103:02 16530678                  /usr/lib/x86_64-linux-gnu/libgraphite2.so.3.2.1
75c46af79000-75c46af7c000 r--p 00020000 103:02 16530678                  /usr/lib/x86_64-linux-gnu/libgraphite2.so.3.2.1
75c46af7c000-75c46af7e000 r--p 00022000 103:02 16530678                  /usr/lib/x86_64-linux-gnu/libgraphite2.so.3.2.1
75c46af7e000-75c46af7f000 rw-p 00024000 103:02 16530678                  /usr/lib/x86_64-linux-gnu/libgraphite2.so.3.2.1
75c46af7f000-75c46b0f6000 rw-p 00000000 00:00 0 
75c46b0f6000-75c46bf4a000 ---p 00000000 00:00 0 
75c46bf4a000-75c46bf4c000 rw-p 00000000 00:00 0 
75c46bf4f000-75c46bf51000 r--p 00000000 103:02 16530473                  /usr/lib/x86_64-linux-gnu/libbz2.so.1.0.4
75c46bf51000-75c46bf5f000 r-xp 00002000 103:02 16530473                  /usr/lib/x86_64-linux-gnu/libbz2.so.1.0.4
75c46bf5f000-75c46bf61000 r--p 00010000 103:02 16530473                  /usr/lib/x86_64-linux-gnu/libbz2.so.1.0.4
75c46bf61000-75c46bf62000 r--p 00011000 103:02 16530473                  /usr/lib/x86_64-linux-gnu/libbz2.so.1.0.4
75c46bf62000-75c46bf63000 rw-p 00012000 103:02 16530473                  /usr/lib/x86_64-linux-gnu/libbz2.so.1.0.4
75c46bf67000-75c46bf77000 -w-s 00000000 00:05 1116                       /dev/nvidia0
75c46bf77000-75c46bf7a000 r--p 00000000 103:02 17172955                  /usr/lib/jvm/java-21-openjdk-amd64/lib/libfontmanager.so
75c46bf7a000-75c46bf83000 r-xp 00003000 103:02 17172955                  /usr/lib/jvm/java-21-openjdk-amd64/lib/libfontmanager.so
75c46bf83000-75c46bf85000 r--p 0000c000 103:02 17172955                  /usr/lib/jvm/java-21-openjdk-amd64/lib/libfontmanager.so
75c46bf85000-75c46bf86000 r--p 0000d000 103:02 17172955                  /usr/lib/jvm/java-21-openjdk-amd64/lib/libfontmanager.so
75c46bf86000-75c46bf87000 rw-p 0000e000 103:02 17172955                  /usr/lib/jvm/java-21-openjdk-amd64/lib/libfontmanager.so
75c46bf87000-75c46bf8b000 r--p 00000000 103:02 16530470                  /usr/lib/x86_64-linux-gnu/libbsd.so.0.12.1
75c46bf8b000-75c46bf97000 r-xp 00004000 103:02 16530470                  /usr/lib/x86_64-linux-gnu/libbsd.so.0.12.1
75c46bf97000-75c46bf9a000 r--p 00010000 103:02 16530470                  /usr/lib/x86_64-linux-gnu/libbsd.so.0.12.1
75c46bf9a000-75c46bf9b000 r--p 00012000 103:02 16530470                  /usr/lib/x86_64-linux-gnu/libbsd.so.0.12.1
75c46bf9b000-75c46bf9c000 rw-p 00013000 103:02 16530470                  /usr/lib/x86_64-linux-gnu/libbsd.so.0.12.1
75c46bf9c000-75c46c800000 rw-p 00000000 00:00 0 
75c46c800000-75c46ca70000 rwxp 00000000 00:00 0 
75c46ca70000-75c473c5f000 ---p 00000000 00:00 0 
75c473c5f000-75c473faf000 rwxp 00000000 00:00 0 
75c473faf000-75c4743a0000 ---p 00000000 00:00 0 
75c4743a0000-75c474610000 rwxp 00000000 00:00 0 
75c474610000-75c47b800000 ---p 00000000 00:00 0 
75c47b800000-75c483e02000 r--s 00000000 103:02 17172984                  /usr/lib/jvm/java-21-openjdk-amd64/lib/modules
75c483e03000-75c483e05000 r--p 00000000 103:02 16530828                  /usr/lib/x86_64-linux-gnu/libmd.so.0.1.0
75c483e05000-75c483e0e000 r-xp 00002000 103:02 16530828                  /usr/lib/x86_64-linux-gnu/libmd.so.0.1.0
75c483e0e000-75c483e10000 r--p 0000b000 103:02 16530828                  /usr/lib/x86_64-linux-gnu/libmd.so.0.1.0
75c483e10000-75c483e11000 r--p 0000c000 103:02 16530828                  /usr/lib/x86_64-linux-gnu/libmd.so.0.1.0
75c483e11000-75c483e12000 rw-p 0000d000 103:02 16530828                  /usr/lib/x86_64-linux-gnu/libmd.so.0.1.0
75c483e12000-75c483e14000 r--p 00000000 103:02 16530323                  /usr/lib/x86_64-linux-gnu/libXdmcp.so.6.0.0
75c483e14000-75c483e16000 r-xp 00002000 103:02 16530323                  /usr/lib/x86_64-linux-gnu/libXdmcp.so.6.0.0
75c483e16000-75c483e18000 r--p 00004000 103:02 16530323                  /usr/lib/x86_64-linux-gnu/libXdmcp.so.6.0.0
75c483e18000-75c483e19000 r--p 00005000 103:02 16530323                  /usr/lib/x86_64-linux-gnu/libXdmcp.so.6.0.0
75c483e19000-75c483e1a000 rw-p 00006000 103:02 16530323                  /usr/lib/x86_64-linux-gnu/libXdmcp.so.6.0.0
75c483e1a000-75c483e25000 r--p 00000000 103:02 16531187                  /usr/lib/x86_64-linux-gnu/libxcb.so.1.1.0
75c483e25000-75c483e38000 r-xp 0000b000 103:02 16531187                  /usr/lib/x86_64-linux-gnu/libxcb.so.1.1.0
75c483e38000-75c483e41000 r--p 0001e000 103:02 16531187                  /usr/lib/x86_64-linux-gnu/libxcb.so.1.1.0
75c483e41000-75c483e42000 r--p 00026000 103:02 16531187                  /usr/lib/x86_64-linux-gnu/libxcb.so.1.1.0
75c483e42000-75c483e43000 rw-p 00027000 103:02 16531187                  /usr/lib/x86_64-linux-gnu/libxcb.so.1.1.0
75c483e43000-75c4855b6000 rw-p 00000000 00:00 0 
75c4855b6000-75c488000000 ---p 00000000 00:00 0 
75c488003000-75c488006000 r--p 00000000 103:02 16530328                  /usr/lib/x86_64-linux-gnu/libXi.so.6.1.0
75c488006000-75c488012000 r-xp 00003000 103:02 16530328                  /usr/lib/x86_64-linux-gnu/libXi.so.6.1.0
75c488012000-75c488014000 r--p 0000f000 103:02 16530328                  /usr/lib/x86_64-linux-gnu/libXi.so.6.1.0
75c488014000-75c488015000 r--p 00011000 103:02 16530328                  /usr/lib/x86_64-linux-gnu/libXi.so.6.1.0
75c488015000-75c488016000 rw-p 00012000 103:02 16530328                  /usr/lib/x86_64-linux-gnu/libXi.so.6.1.0
75c488016000-75c48801a000 r--p 00000000 103:02 16530324                  /usr/lib/x86_64-linux-gnu/libXext.so.6.4.0
75c48801a000-75c488025000 r-xp 00004000 103:02 16530324                  /usr/lib/x86_64-linux-gnu/libXext.so.6.4.0
75c488025000-75c488028000 r--p 0000f000 103:02 16530324                  /usr/lib/x86_64-linux-gnu/libXext.so.6.4.0
75c488028000-75c488029000 r--p 00011000 103:02 16530324                  /usr/lib/x86_64-linux-gnu/libXext.so.6.4.0
75c488029000-75c48802a000 rw-p 00012000 103:02 16530324                  /usr/lib/x86_64-linux-gnu/libXext.so.6.4.0
75c48802a000-75c488433000 rw-p 00000000 00:00 0 
75c488433000-75c488517000 ---p 00000000 00:00 0 
75c488517000-75c48851c000 rw-p 00000000 00:00 0 
75c48851c000-75c488600000 ---p 00000000 00:00 0 
75c488600000-75c48869d000 r--p 00000000 103:02 16543594                  /usr/lib/x86_64-linux-gnu/libstdc++.so.6.0.33
75c48869d000-75c4887e5000 r-xp 0009d000 103:02 16543594                  /usr/lib/x86_64-linux-gnu/libstdc++.so.6.0.33
75c4887e5000-75c48886c000 r--p 001e5000 103:02 16543594                  /usr/lib/x86_64-linux-gnu/libstdc++.so.6.0.33
75c48886c000-75c488877000 r--p 0026b000 103:02 16543594                  /usr/lib/x86_64-linux-gnu/libstdc++.so.6.0.33
75c488877000-75c48887a000 rw-p 00276000 103:02 16543594                  /usr/lib/x86_64-linux-gnu/libstdc++.so.6.0.33
75c48887a000-75c48887e000 rw-p 00000000 00:00 0 
75c48887f000-75c488880000 r--p 00000000 103:02 16530318                  /usr/lib/x86_64-linux-gnu/libXau.so.6.0.0
75c488880000-75c488882000 r-xp 00001000 103:02 16530318                  /usr/lib/x86_64-linux-gnu/libXau.so.6.0.0
75c488882000-75c488883000 r--p 00003000 103:02 16530318                  /usr/lib/x86_64-linux-gnu/libXau.so.6.0.0
75c488883000-75c488884000 r--p 00003000 103:02 16530318                  /usr/lib/x86_64-linux-gnu/libXau.so.6.0.0
75c488884000-75c488885000 rw-p 00004000 103:02 16530318                  /usr/lib/x86_64-linux-gnu/libXau.so.6.0.0
75c488885000-75c488887000 r--p 00000000 103:02 16530334                  /usr/lib/x86_64-linux-gnu/libXrender.so.1.3.0
75c488887000-75c48888e000 r-xp 00002000 103:02 16530334                  /usr/lib/x86_64-linux-gnu/libXrender.so.1.3.0
75c48888e000-75c48888f000 r--p 00009000 103:02 16530334                  /usr/lib/x86_64-linux-gnu/libXrender.so.1.3.0
75c48888f000-75c488890000 r--p 00009000 103:02 16530334                  /usr/lib/x86_64-linux-gnu/libXrender.so.1.3.0
75c488890000-75c488891000 rw-p 0000a000 103:02 16530334                  /usr/lib/x86_64-linux-gnu/libXrender.so.1.3.0
75c488894000-75c488895000 r--p 00000000 103:02 16530329                  /usr/lib/x86_64-linux-gnu/libXinerama.so.1.0.0
75c488895000-75c488896000 r-xp 00001000 103:02 16530329                  /usr/lib/x86_64-linux-gnu/libXinerama.so.1.0.0
75c488896000-75c488897000 r--p 00002000 103:02 16530329                  /usr/lib/x86_64-linux-gnu/libXinerama.so.1.0.0
75c488897000-75c488898000 r--p 00002000 103:02 16530329                  /usr/lib/x86_64-linux-gnu/libXinerama.so.1.0.0
75c488898000-75c488899000 rw-p 00003000 103:02 16530329                  /usr/lib/x86_64-linux-gnu/libXinerama.so.1.0.0
75c488899000-75c48889b000 r--p 00000000 103:02 17172962                  /usr/lib/jvm/java-21-openjdk-amd64/lib/libjavajpeg.so
75c48889b000-75c4888a2000 r-xp 00002000 103:02 17172962                  /usr/lib/jvm/java-21-openjdk-amd64/lib/libjavajpeg.so
75c4888a2000-75c4888a3000 r--p 00009000 103:02 17172962                  /usr/lib/jvm/java-21-openjdk-amd64/lib/libjavajpeg.so
75c4888a3000-75c4888a4000 r--p 0000a000 103:02 17172962                  /usr/lib/jvm/java-21-openjdk-amd64/lib/libjavajpeg.so
75c4888a4000-75c4888a5000 rw-p 0000b000 103:02 17172962                  /usr/lib/jvm/java-21-openjdk-amd64/lib/libjavajpeg.so
75c4888a5000-75c4888a7000 r--p 00000000 103:02 17172983                  /usr/lib/jvm/java-21-openjdk-amd64/lib/libzip.so
75c4888a7000-75c4888ac000 r-xp 00002000 103:02 17172983                  /usr/lib/jvm/java-21-openjdk-amd64/lib/libzip.so
75c4888ac000-75c4888ae000 r--p 00007000 103:02 17172983                  /usr/lib/jvm/java-21-openjdk-amd64/lib/libzip.so
75c4888ae000-75c4888af000 r--p 00008000 103:02 17172983                  /usr/lib/jvm/java-21-openjdk-amd64/lib/libzip.so
75c4888af000-75c4888b0000 rw-p 00009000 103:02 17172983                  /usr/lib/jvm/java-21-openjdk-amd64/lib/libzip.so
75c4888b0000-75c4888b3000 r--p 00000000 103:02 17172975                  /usr/lib/jvm/java-21-openjdk-amd64/lib/libnet.so
75c4888b3000-75c4888bb000 r-xp 00003000 103:02 17172975                  /usr/lib/jvm/java-21-openjdk-amd64/lib/libnet.so
75c4888bb000-75c4888bd000 r--p 0000b000 103:02 17172975                  /usr/lib/jvm/java-21-openjdk-amd64/lib/libnet.so
75c4888bd000-75c4888be000 r--p 0000c000 103:02 17172975                  /usr/lib/jvm/java-21-openjdk-amd64/lib/libnet.so
75c4888be000-75c4888bf000 rw-p 0000d000 103:02 17172975                  /usr/lib/jvm/java-21-openjdk-amd64/lib/libnet.so
75c4888bf000-75c488900000 rw-p 00000000 00:00 0 
75c488900000-75c488904000 ---p 00000000 00:00 0 
75c488904000-75c488a00000 rw-p 00000000 00:00 0 
75c488a00000-75c488c96000 r--p 00000000 103:02 17172990                  /usr/lib/jvm/java-21-openjdk-amd64/lib/server/libjvm.so
75c488c96000-75c489afe000 r-xp 00296000 103:02 17172990                  /usr/lib/jvm/java-21-openjdk-amd64/lib/server/libjvm.so
75c489afe000-75c489dd1000 r--p 010fe000 103:02 17172990                  /usr/lib/jvm/java-21-openjdk-amd64/lib/server/libjvm.so
75c489dd1000-75c489ea1000 r--p 013d0000 103:02 17172990                  /usr/lib/jvm/java-21-openjdk-amd64/lib/server/libjvm.so
75c489ea1000-75c489ed1000 rw-p 014a0000 103:02 17172990                  /usr/lib/jvm/java-21-openjdk-amd64/lib/server/libjvm.so
75c489ed1000-75c489f37000 rw-p 00000000 00:00 0 
75c489f3b000-75c489f42000 r--p 00000000 103:02 17172976                  /usr/lib/jvm/java-21-openjdk-amd64/lib/libnio.so
75c489f42000-75c489f4b000 r-xp 00007000 103:02 17172976                  /usr/lib/jvm/java-21-openjdk-amd64/lib/libnio.so
75c489f4b000-75c489f4f000 r--p 00010000 103:02 17172976                  /usr/lib/jvm/java-21-openjdk-amd64/lib/libnio.so
75c489f4f000-75c489f50000 r--p 00014000 103:02 17172976                  /usr/lib/jvm/java-21-openjdk-amd64/lib/libnio.so
75c489f50000-75c489f51000 rw-p 00015000 103:02 17172976                  /usr/lib/jvm/java-21-openjdk-amd64/lib/libnio.so
75c489f51000-75c489fd4000 rw-p 00000000 00:00 0 
75c489fd4000-75c489fdc000 ---p 00000000 00:00 0 
75c489fdc000-75c489fe9000 r--p 00000000 103:02 17172961                  /usr/lib/jvm/java-21-openjdk-amd64/lib/libjava.so
75c489fe9000-75c489ff8000 r-xp 0000d000 103:02 17172961                  /usr/lib/jvm/java-21-openjdk-amd64/lib/libjava.so
75c489ff8000-75c489ffd000 r--p 0001c000 103:02 17172961                  /usr/lib/jvm/java-21-openjdk-amd64/lib/libjava.so
75c489ffd000-75c489ffe000 r--p 00021000 103:02 17172961                  /usr/lib/jvm/java-21-openjdk-amd64/lib/libjava.so
75c489ffe000-75c489fff000 rw-p 00022000 103:02 17172961                  /usr/lib/jvm/java-21-openjdk-amd64/lib/libjava.so
75c489fff000-75c48a000000 rw-p 00000000 00:00 0 
75c48a000000-75c48a028000 r--p 00000000 103:02 16530474                  /usr/lib/x86_64-linux-gnu/libc.so.6
75c48a028000-75c48a1b0000 r-xp 00028000 103:02 16530474                  /usr/lib/x86_64-linux-gnu/libc.so.6
75c48a1b0000-75c48a1ff000 r--p 001b0000 103:02 16530474                  /usr/lib/x86_64-linux-gnu/libc.so.6
75c48a1ff000-75c48a203000 r--p 001fe000 103:02 16530474                  /usr/lib/x86_64-linux-gnu/libc.so.6
75c48a203000-75c48a205000 rw-p 00202000 103:02 16530474                  /usr/lib/x86_64-linux-gnu/libc.so.6
75c48a205000-75c48a212000 rw-p 00000000 00:00 0 
75c48a212000-75c48a214000 r--p 00000000 103:02 16530337                  /usr/lib/x86_64-linux-gnu/libXtst.so.6.1.0
75c48a214000-75c48a217000 r-xp 00002000 103:02 16530337                  /usr/lib/x86_64-linux-gnu/libXtst.so.6.1.0
75c48a217000-75c48a218000 r--p 00005000 103:02 16530337                  /usr/lib/x86_64-linux-gnu/libXtst.so.6.1.0
75c48a218000-75c48a219000 r--p 00005000 103:02 16530337                  /usr/lib/x86_64-linux-gnu/libXtst.so.6.1.0
75c48a219000-75c48a21a000 rw-p 00006000 103:02 16530337                  /usr/lib/x86_64-linux-gnu/libXtst.so.6.1.0
75c48a21a000-75c48a21e000 r--p 00000000 103:02 16528598                  /usr/lib/x86_64-linux-gnu/libgcc_s.so.1
75c48a21e000-75c48a242000 r-xp 00004000 103:02 16528598                  /usr/lib/x86_64-linux-gnu/libgcc_s.so.1
75c48a242000-75c48a246000 r--p 00028000 103:02 16528598                  /usr/lib/x86_64-linux-gnu/libgcc_s.so.1
75c48a246000-75c48a247000 r--p 0002b000 103:02 16528598                  /usr/lib/x86_64-linux-gnu/libgcc_s.so.1
75c48a247000-75c48a248000 rw-p 0002c000 103:02 16528598                  /usr/lib/x86_64-linux-gnu/libgcc_s.so.1
75c48a248000-75c48a258000 r--p 00000000 103:02 16530817                  /usr/lib/x86_64-linux-gnu/libm.so.6
75c48a258000-75c48a2d7000 r-xp 00010000 103:02 16530817                  /usr/lib/x86_64-linux-gnu/libm.so.6
75c48a2d7000-75c48a32f000 r--p 0008f000 103:02 16530817                  /usr/lib/x86_64-linux-gnu/libm.so.6
75c48a32f000-75c48a330000 r--p 000e7000 103:02 16530817                  /usr/lib/x86_64-linux-gnu/libm.so.6
75c48a330000-75c48a331000 rw-p 000e8000 103:02 16530817                  /usr/lib/x86_64-linux-gnu/libm.so.6
75c48a331000-75c48a333000 rw-p 00000000 00:00 0 
75c48a333000-75c48a335000 r--p 00000000 103:02 17172965                  /usr/lib/jvm/java-21-openjdk-amd64/lib/libjli.so
75c48a335000-75c48a33f000 r-xp 00002000 103:02 17172965                  /usr/lib/jvm/java-21-openjdk-amd64/lib/libjli.so
75c48a33f000-75c48a342000 r--p 0000c000 103:02 17172965                  /usr/lib/jvm/java-21-openjdk-amd64/lib/libjli.so
75c48a342000-75c48a343000 r--p 0000f000 103:02 17172965                  /usr/lib/jvm/java-21-openjdk-amd64/lib/libjli.so
75c48a343000-75c48a344000 rw-p 00010000 103:02 17172965                  /usr/lib/jvm/java-21-openjdk-amd64/lib/libjli.so
75c48a344000-75c48a346000 r--p 00000000 103:02 16531205                  /usr/lib/x86_64-linux-gnu/libz.so.1.3
75c48a346000-75c48a358000 r-xp 00002000 103:02 16531205                  /usr/lib/x86_64-linux-gnu/libz.so.1.3
75c48a358000-75c48a35e000 r--p 00014000 103:02 16531205                  /usr/lib/x86_64-linux-gnu/libz.so.1.3
75c48a35e000-75c48a35f000 r--p 0001a000 103:02 16531205                  /usr/lib/x86_64-linux-gnu/libz.so.1.3
75c48a35f000-75c48a360000 rw-p 0001b000 103:02 16531205                  /usr/lib/x86_64-linux-gnu/libz.so.1.3
75c48a361000-75c48a369000 rw-s 00000000 103:02 18219112                  /tmp/hsperfdata_dov/5535
75c48a369000-75c48a36a000 ---p 00000000 00:00 0 
75c48a36a000-75c48a36b000 r--p 00000000 00:00 0 
75c48a36b000-75c48a36c000 ---p 00000000 00:00 0 
75c48a36c000-75c48a36e000 r--p 00000000 103:02 17172964                  /usr/lib/jvm/java-21-openjdk-amd64/lib/libjimage.so
75c48a36e000-75c48a371000 r-xp 00002000 103:02 17172964                  /usr/lib/jvm/java-21-openjdk-amd64/lib/libjimage.so
75c48a371000-75c48a372000 r--p 00005000 103:02 17172964                  /usr/lib/jvm/java-21-openjdk-amd64/lib/libjimage.so
75c48a372000-75c48a373000 r--p 00006000 103:02 17172964                  /usr/lib/jvm/java-21-openjdk-amd64/lib/libjimage.so
75c48a373000-75c48a374000 rw-p 00007000 103:02 17172964                  /usr/lib/jvm/java-21-openjdk-amd64/lib/libjimage.so
75c48a374000-75c48a376000 rw-p 00000000 00:00 0 
75c48a376000-75c48a377000 r--p 00000000 103:02 16530286                  /usr/lib/x86_64-linux-gnu/ld-linux-x86-64.so.2
75c48a377000-75c48a3a2000 r-xp 00001000 103:02 16530286                  /usr/lib/x86_64-linux-gnu/ld-linux-x86-64.so.2
75c48a3a2000-75c48a3ac000 r--p 0002c000 103:02 16530286                  /usr/lib/x86_64-linux-gnu/ld-linux-x86-64.so.2
75c48a3ac000-75c48a3ae000 r--p 00036000 103:02 16530286                  /usr/lib/x86_64-linux-gnu/ld-linux-x86-64.so.2
75c48a3ae000-75c48a3b0000 rw-p 00038000 103:02 16530286                  /usr/lib/x86_64-linux-gnu/ld-linux-x86-64.so.2
7ffe86424000-7ffe86445000 rw-p 00000000 00:00 0                          [stack]
7ffe864aa000-7ffe864ae000 r--p 00000000 00:00 0                          [vvar]
7ffe864ae000-7ffe864b0000 r-xp 00000000 00:00 0                          [vdso]
ffffffffff600000-ffffffffff601000 --xp 00000000 00:00 0                  [vsyscall]
Total number of mappings: 461


VM Arguments:
jvm_args: -Dfile.encoding=UTF-8 --module-path=/home/dov/projects/NeighborhoodPIG/build/classes 
java_command: main.NeighborhoodPIG
java_class_path (initial): /home/dov/projects/Libraries/commons-math3/commons-math3-3.6.1-javadoc.jar:/home/dov/projects/Libraries/commons-math3/commons-math3-3.6.1-sources.jar:/home/dov/projects/Libraries/commons-math3/commons-math3-3.6.1-test-sources.jar:/home/dov/projects/Libraries/commons-math3/commons-math3-3.6.1-tests.jar:/home/dov/projects/Libraries/commons-math3/commons-math3-3.6.1-tools.jar:/home/dov/projects/Libraries/commons-math3/commons-math3-3.6.1.jar:/home/dov/projects/JCudaWrapper/jcuda12/jcublas-12.0.0.jar:/home/dov/projects/JCudaWrapper/jcuda12/jcublas-natives-12.0.0-linux-x86_64.jar:/home/dov/projects/JCudaWrapper/jcuda12/jcuda-12.0.0.jar:/home/dov/projects/JCudaWrapper/jcuda12/jcuda-natives-12.0.0-linux-x86_64.jar:/home/dov/projects/JCudaWrapper/jcuda12/jcudnn-12.0.0.jar:/home/dov/projects/JCudaWrapper/jcuda12/jcudnn-natives-12.0.0-linux-x86_64.jar:/home/dov/projects/JCudaWrapper/jcuda12/jcufft-12.0.0.jar:/home/dov/projects/JCudaWrapper/jcuda12/jcufft-natives-12.0.0-linux-x86_64.jar:/home/dov/projects/JCudaWrapper/jcuda12/jcurand-12.0.0.jar:/home/dov/projects/JCudaWrapper/jcuda12/jcurand-natives-12.0.0-linux-x86_64.jar:/home/dov/projects/JCudaWrapper/jcuda12/jcusolver-12.0.0.jar:/home/dov/projects/JCudaWrapper/jcuda12/jcusolver-natives-12.0.0-linux-x86_64.jar:/home/dov/projects/JCudaWrapper/jcuda12/jcusparse-12.0.0.jar:/home/dov/projects/JCudaWrapper/jcuda12/jcusparse-natives-12.0.0-linux-x86_64.jar:/home/dov/projects/NeighborhoodPIG/build/classes
Launcher Type: SUN_STANDARD

[Global flags]
     intx CICompilerCount                          = 12                                        {product} {ergonomic}
     uint ConcGCThreads                            = 3                                         {product} {ergonomic}
     uint G1ConcRefinementThreads                  = 13                                        {product} {ergonomic}
   size_t G1HeapRegionSize                         = 4194304                                   {product} {ergonomic}
    uintx GCDrainStackTargetSize                   = 64                                        {product} {ergonomic}
   size_t InitialHeapSize                          = 515899392                                 {product} {ergonomic}
   size_t MarkStackSize                            = 4194304                                   {product} {ergonomic}
   size_t MaxHeapSize                              = 8212447232                                {product} {ergonomic}
   size_t MaxNewSize                               = 4924112896                                {product} {ergonomic}
   size_t MinHeapDeltaBytes                        = 4194304                                   {product} {ergonomic}
   size_t MinHeapSize                              = 8388608                                   {product} {ergonomic}
    uintx NonNMethodCodeHeapSize                   = 7602480                                {pd product} {ergonomic}
    uintx NonProfiledCodeHeapSize                  = 122027880                              {pd product} {ergonomic}
    uintx ProfiledCodeHeapSize                     = 122027880                              {pd product} {ergonomic}
    uintx ReservedCodeCacheSize                    = 251658240                              {pd product} {ergonomic}
     bool SegmentedCodeCache                       = true                                      {product} {ergonomic}
   size_t SoftMaxHeapSize                          = 8212447232                             {manageable} {ergonomic}
     bool UseCompressedOops                        = true                           {product lp64_product} {ergonomic}
     bool UseG1GC                                  = true                                      {product} {ergonomic}

Logging:
Log output configuration:
 #0: stdout all=warning uptime,level,tags foldmultilines=false
 #1: stderr all=off uptime,level,tags foldmultilines=false

Environment Variables:
PATH=/usr/local/sbin:/usr/local/bin:/usr/sbin:/usr/bin:/sbin:/bin:/usr/games:/usr/local/games:/snap/bin:/snap/bin
USERNAME=dov
SHELL=/bin/bash
DISPLAY=:1
LANG=en_US.UTF-8

Active Locale:
LC_ALL=en_US.UTF-8
LC_COLLATE=en_US.UTF-8
LC_CTYPE=en_US.UTF-8
LC_MESSAGES=en_US.UTF-8
LC_MONETARY=en_US.UTF-8
LC_NUMERIC=en_US.UTF-8
LC_TIME=en_US.UTF-8

Signal Handlers:
   SIGSEGV: crash_handler in libjvm.so, mask=11100100010111111101111111111110, flags=SA_RESTART|SA_SIGINFO, unblocked
    SIGBUS: crash_handler in libjvm.so, mask=11100100010111111101111111111110, flags=SA_RESTART|SA_SIGINFO, unblocked
    SIGFPE: crash_handler in libjvm.so, mask=11100100010111111101111111111110, flags=SA_RESTART|SA_SIGINFO, unblocked
   SIGPIPE: javaSignalHandler in libjvm.so, mask=11100100010111111101111111111110, flags=SA_RESTART|SA_SIGINFO, blocked
   SIGXFSZ: javaSignalHandler in libjvm.so, mask=11100100010111111101111111111110, flags=SA_RESTART|SA_SIGINFO, blocked
    SIGILL: crash_handler in libjvm.so, mask=11100100010111111101111111111110, flags=SA_RESTART|SA_SIGINFO, unblocked
   SIGUSR2: SR_handler in libjvm.so, mask=00000000000000000000000000000000, flags=SA_RESTART|SA_SIGINFO, blocked
    SIGHUP: UserHandler in libjvm.so, mask=11100100010111111101111111111110, flags=SA_RESTART|SA_SIGINFO, blocked
    SIGINT: SIG_IGN, mask=00000000000000000000000000000000, flags=none, blocked
   SIGTERM: UserHandler in libjvm.so, mask=11100100010111111101111111111110, flags=SA_RESTART|SA_SIGINFO, blocked
   SIGQUIT: UserHandler in libjvm.so, mask=11100100010111111101111111111110, flags=SA_RESTART|SA_SIGINFO, blocked
   SIGTRAP: crash_handler in libjvm.so, mask=11100100010111111101111111111110, flags=SA_RESTART|SA_SIGINFO, unblocked


Periodic native trim disabled

---------------  S Y S T E M  ---------------

OS:
DISTRIB_ID=Ubuntu
DISTRIB_RELEASE=24.04
DISTRIB_CODENAME=noble
DISTRIB_DESCRIPTION="Ubuntu 24.04.1 LTS"
uname: Linux 6.8.0-47-generic #47-Ubuntu SMP PREEMPT_DYNAMIC Fri Sep 27 21:40:26 UTC 2024 x86_64
OS uptime: 0 days 0:09 hours
libc: glibc 2.39 NPTL 2.39 
rlimit (soft/hard): STACK 8192k/infinity , CORE 0k/infinity , NPROC 125013/125013 , NOFILE 1048576/1048576 , AS infinity/infinity , CPU infinity/infinity , DATA infinity/infinity , FSIZE infinity/infinity , MEMLOCK 4009332k/4009332k
load average: 0.84 0.85 0.54

/proc/meminfo:
MemTotal:       32074660 kB
MemFree:        25234844 kB
MemAvailable:   26972352 kB
Buffers:           94572 kB
Cached:          2053160 kB
SwapCached:            0 kB
Active:          4591564 kB
Inactive:         904984 kB
Active(anon):    3437480 kB
Inactive(anon):        0 kB
Active(file):    1154084 kB
Inactive(file):   904984 kB
Unevictable:          32 kB
Mlocked:              32 kB
SwapTotal:       8388604 kB
SwapFree:        8388604 kB
Zswap:                 0 kB
Zswapped:              0 kB
Dirty:               400 kB
Writeback:            12 kB
AnonPages:       3349088 kB
Mapped:           918268 kB
Shmem:             88612 kB
KReclaimable:      86812 kB
Slab:             351244 kB
SReclaimable:      86812 kB
SUnreclaim:       264432 kB
KernelStack:       21596 kB
PageTables:        49972 kB
SecPageTables:         0 kB
NFS_Unstable:          0 kB
Bounce:                0 kB
WritebackTmp:          0 kB
CommitLimit:    24425932 kB
Committed_AS:   23410248 kB
VmallocTotal:   34359738367 kB
VmallocUsed:      163540 kB
VmallocChunk:          0 kB
Percpu:            17408 kB
HardwareCorrupted:     0 kB
AnonHugePages:         0 kB
ShmemHugePages:        0 kB
ShmemPmdMapped:        0 kB
FileHugePages:         0 kB
FilePmdMapped:         0 kB
Unaccepted:            0 kB
HugePages_Total:       0
HugePages_Free:        0
HugePages_Rsvd:        0
HugePages_Surp:        0
Hugepagesize:       2048 kB
Hugetlb:               0 kB
DirectMap4k:     1059304 kB
DirectMap2M:    13873152 kB
DirectMap1G:    18874368 kB

/sys/kernel/mm/transparent_hugepage/enabled: always [madvise] never
/sys/kernel/mm/transparent_hugepage/hpage_pmd_size: 2097152
/sys/kernel/mm/transparent_hugepage/defrag (defrag/compaction efforts parameter): always defer defer+madvise [madvise] never

Process Memory:
Virtual Size: 17060632K (peak: 17090440K)
Resident Set Size: 284688K (peak: 284688K) (anon: 124880K, file: 151616K, shmem: 8192K)
Swapped out: 0K
C-Heap outstanding allocations: 64399K, retained: 3348K
glibc malloc tunables: (default)

/proc/sys/kernel/threads-max (system-wide limit on the number of threads): 250026
/proc/sys/vm/max_map_count (maximum number of memory map areas a process may have): 1048576
/proc/sys/vm/swappiness (control to define how aggressively the kernel swaps out anonymous memory): 60
/proc/sys/kernel/pid_max (system-wide limit on number of process identifiers): 4194304

container (cgroup) information:
container_type: cgroupv2
cpu_cpuset_cpus: not supported
cpu_memory_nodes: not supported
active_processor_count: 16
cpu_quota: not supported
cpu_period: not supported
cpu_shares: not supported
memory_limit_in_bytes: unlimited
memory_and_swap_limit_in_bytes: unlimited
memory_soft_limit_in_bytes: unlimited
memory_usage_in_bytes: 1780424 k
memory_max_usage_in_bytes: not supported
memory_swap_current_in_bytes: unlimited
memory_swap_max_limit_in_bytes: unlimited
maximum number of tasks: 37503
current number of tasks: 140

Steal ticks since vm start: 0
Steal ticks percentage since vm start:  0.000

CPU: total 16 (initial active 16) (16 cores per cpu, 2 threads per core) family 25 model 68 stepping 1 microcode 0xa404101, cx8, cmov, fxsr, ht, mmx, 3dnowpref, sse, sse2, sse3, ssse3, sse4a, sse4.1, sse4.2, popcnt, lzcnt, tsc, tscinvbit, avx, avx2, aes, clmul, bmi1, bmi2, adx, sha, fma, vzeroupper, clflush, clflushopt, rdtscp, rdpid, f16c, pku, ospke, cet_ss
CPU Model and flags from /proc/cpuinfo:
model name	: AMD Ryzen 9 6900HS with Radeon Graphics
flags		: fpu vme de pse tsc msr pae mce cx8 apic sep mtrr pge mca cmov pat pse36 clflush mmx fxsr sse sse2 ht syscall nx mmxext fxsr_opt pdpe1gb rdtscp lm constant_tsc rep_good nopl nonstop_tsc cpuid extd_apicid aperfmperf rapl pni pclmulqdq monitor ssse3 fma cx16 sse4_1 sse4_2 x2apic movbe popcnt aes xsave avx f16c rdrand lahf_lm cmp_legacy svm extapic cr8_legacy abm sse4a misalignsse 3dnowprefetch osvw ibs skinit wdt tce topoext perfctr_core perfctr_nb bpext perfctr_llc mwaitx cpb cat_l3 cdp_l3 hw_pstate ssbd mba ibrs ibpb stibp vmmcall fsgsbase bmi1 avx2 smep bmi2 invpcid cqm rdt_a rdseed adx smap clflushopt clwb sha_ni xsaveopt xsavec xgetbv1 xsaves cqm_llc cqm_occup_llc cqm_mbm_total cqm_mbm_local user_shstk clzero irperf xsaveerptr rdpru wbnoinvd cppc arat npt lbrv svm_lock nrip_save tsc_scale vmcb_clean flushbyasid decodeassists pausefilter pfthreshold avic v_vmsave_vmload vgif v_spec_ctrl umip pku ospke vaes vpclmulqdq rdpid overflow_recov succor smca debug_swap

Online cpus: 0-15
Offline cpus: 
BIOS frequency limitation: <Not Available>
Frequency switch latency (ns): 0
Available cpu frequencies: <Not Available>
Current governor: powersave
Core performance/turbo boost: <Not Available>

Memory: 4k page, physical 32074660k(26972352k free), swap 8388604k(8388604k free)
Page Sizes: 4k

vm_info: OpenJDK 64-Bit Server VM (21.0.4+7-Ubuntu-1ubuntu224.04) for linux-amd64 JRE (21.0.4+7-Ubuntu-1ubuntu224.04), built on 2024-07-23T01:34:52Z by "buildd" with gcc 13.2.0

END.
