#
# A fatal error has been detected by the Java Runtime Environment:
#
#  SIGSEGV (0xb) at pc=0x00007818b604b06e, pid=4380, tid=4384
#
# JRE version: OpenJDK Runtime Environment (21.0.4+7) (build 21.0.4+7-Ubuntu-1ubuntu224.04)
# Java VM: OpenJDK 64-Bit Server VM (21.0.4+7-Ubuntu-1ubuntu224.04, mixed mode, sharing, tiered, compressed oops, compressed class ptrs, g1 gc, linux-amd64)
# Problematic frame:
# C  [libcuda.so.1+0x24b06e]
#
# Core dump will be written. Default location: Core dumps may be processed with "/usr/share/apport/apport -p%p -s%s -c%c -d%d -P%P -u%u -g%g -- %E" (or dumping to /home/dov/projects/NeighborhoodPIG/core.4380)
#
# If you would like to submit a bug report, please visit:
#   https://bugs.launchpad.net/ubuntu/+source/openjdk-21
# The crash happened outside the Java Virtual Machine in native code.
# See problematic frame for where to report the bug.
#

---------------  S U M M A R Y ------------

Command Line: -Dfile.encoding=UTF-8 -agentlib:jdwp=transport=dt_socket,address=localhost:58049 --module-path=/home/dov/projects/NeighborhoodPIG/build/classes main.NeighborhoodPIG

Host: AMD Ryzen 9 6900HS with Radeon Graphics, 16 cores, 30G, Ubuntu 24.04.1 LTS
Time: Thu Oct 31 12:16:50 2024 IST elapsed time: 22.921452 seconds (0d 0h 0m 22s)

---------------  T H R E A D  ---------------

Current thread (0x00007818e801b940):  JavaThread "main"             [_thread_in_native, id=4384, stack(0x00007818efd00000,0x00007818efe00000) (1024K)]

Stack: [0x00007818efd00000,0x00007818efe00000],  sp=0x00007818efdfd9b0,  free space=1014k
Native frames: (J=compiled Java code, j=interpreted, Vv=VM code, C=native code)
C  [libcuda.so.1+0x24b06e]
C  [libcuda.so.1+0x24b5f8]
C  [libcuda.so.1+0x2f19c3]
j  jcuda.driver.JCudaDriver.cuStreamSynchronizeNative(Ljcuda/driver/CUstream;)I+0
j  jcuda.driver.JCudaDriver.cuStreamSynchronize(Ljcuda/driver/CUstream;)I+1
j  JCudaWrapper.resourceManagement.Handle.getStream()Ljcuda/runtime/cudaStream_t;+11
j  JCudaWrapper.array.Array.get(LJCudaWrapper/resourceManagement/Handle;Ljcuda/Pointer;III)V+70
j  JCudaWrapper.array.DArray.get(LJCudaWrapper/resourceManagement/Handle;[DIII)V+22
j  JCudaWrapper.array.DArray.get(LJCudaWrapper/resourceManagement/Handle;II)[D+12
j  JCudaWrapper.array.DArray.get(LJCudaWrapper/resourceManagement/Handle;)[D+7
j  JCudaWrapper.array.DSingleton.getVal(LJCudaWrapper/resourceManagement/Handle;)D+2
j  JCudaWrapper.algebra.Matrix.get(II)D+17
j  JCudaWrapper.algebra.Matrix.toString()Ljava/lang/String;+46
j  java.lang.String.valueOf(Ljava/lang/Object;)Ljava/lang/String;+11 java.base@21.0.4
j  java.lang.StringBuilder.append(Ljava/lang/Object;)Ljava/lang/StringBuilder;+2 java.base@21.0.4
j  JCudaWrapper.algebra.MatricesStride.toString()Ljava/lang/String;+27
v  ~StubRoutines::call_stub 0x00007818d7c5fcc6
V  [libjvm.so+0x90841a]  JavaCalls::call_helper(JavaValue*, methodHandle const&, JavaCallArguments*, JavaThread*)+0x2da
V  [libjvm.so+0x9aade2]  jni_invoke_nonstatic(JNIEnv_*, JavaValue*, _jobject*, JNICallType, _jmethodID*, JNI_ArgumentPusher*, JavaThread*) [clone .constprop.1]+0x1c2
V  [libjvm.so+0x9ad618]  jni_CallObjectMethodA+0xa8
C  [libjdwp.so+0x200b6]  invoker_doInvoke+0xd36
C  [libjdwp.so+0x17269]  reportEvents.part.0+0xb9
C  [libjdwp.so+0x177c5]  event_callback+0x345
C  [libjdwp.so+0x1ae48]  cbBreakpoint+0xd8
V  [libjvm.so+0xb0ded4]  JvmtiExport::post_raw_breakpoint(JavaThread*, Method*, unsigned char*)+0x234
V  [libjvm.so+0x8fb41d]  InterpreterRuntime::_breakpoint(JavaThread*, Method*, unsigned char*)+0x1d
j  main.StructureTensorMatrix.cosOf(DLJCudaWrapper/algebra/VectorsStride;LJCudaWrapper/algebra/Matrix;)LJCudaWrapper/algebra/Vector;+26
j  main.StructureTensorMatrix.getRGB()[[[D+25
j  main.NeighborhoodPIG.orientationColored(Ljava/lang/String;)V+4
j  main.NeighborhoodPIG.main([Ljava/lang/String;)V+14
v  ~StubRoutines::call_stub 0x00007818d7c5fcc6
V  [libjvm.so+0x90841a]  JavaCalls::call_helper(JavaValue*, methodHandle const&, JavaCallArguments*, JavaThread*)+0x2da
V  [libjvm.so+0x9ae72d]  jni_invoke_static(JNIEnv_*, JavaValue*, _jobject*, JNICallType, _jmethodID*, JNI_ArgumentPusher*, JavaThread*) [clone .constprop.1]+0x35d
V  [libjvm.so+0x9b0c7f]  jni_CallStaticVoidMethod+0x12f
C  [libjli.so+0x55be]  JavaMain+0xfde
C  [libjli.so+0x844d]  ThreadJavaMain+0xd
C  [libc.so.6+0x9ca94]
Java frames: (J=compiled Java code, j=interpreted, Vv=VM code)
j  jcuda.driver.JCudaDriver.cuStreamSynchronizeNative(Ljcuda/driver/CUstream;)I+0
j  jcuda.driver.JCudaDriver.cuStreamSynchronize(Ljcuda/driver/CUstream;)I+1
j  JCudaWrapper.resourceManagement.Handle.getStream()Ljcuda/runtime/cudaStream_t;+11
j  JCudaWrapper.array.Array.get(LJCudaWrapper/resourceManagement/Handle;Ljcuda/Pointer;III)V+70
j  JCudaWrapper.array.DArray.get(LJCudaWrapper/resourceManagement/Handle;[DIII)V+22
j  JCudaWrapper.array.DArray.get(LJCudaWrapper/resourceManagement/Handle;II)[D+12
j  JCudaWrapper.array.DArray.get(LJCudaWrapper/resourceManagement/Handle;)[D+7
j  JCudaWrapper.array.DSingleton.getVal(LJCudaWrapper/resourceManagement/Handle;)D+2
j  JCudaWrapper.algebra.Matrix.get(II)D+17
j  JCudaWrapper.algebra.Matrix.toString()Ljava/lang/String;+46
j  java.lang.String.valueOf(Ljava/lang/Object;)Ljava/lang/String;+11 java.base@21.0.4
j  java.lang.StringBuilder.append(Ljava/lang/Object;)Ljava/lang/StringBuilder;+2 java.base@21.0.4
j  JCudaWrapper.algebra.MatricesStride.toString()Ljava/lang/String;+27
v  ~StubRoutines::call_stub 0x00007818d7c5fcc6
j  main.StructureTensorMatrix.cosOf(DLJCudaWrapper/algebra/VectorsStride;LJCudaWrapper/algebra/Matrix;)LJCudaWrapper/algebra/Vector;+26
j  main.StructureTensorMatrix.getRGB()[[[D+25
j  main.NeighborhoodPIG.orientationColored(Ljava/lang/String;)V+4
j  main.NeighborhoodPIG.main([Ljava/lang/String;)V+14
v  ~StubRoutines::call_stub 0x00007818d7c5fcc6

siginfo: si_signo: 11 (SIGSEGV), si_code: 1 (SEGV_MAPERR), si_addr: 0x0000781f69c24e6f

Registers:
RAX=0x00007818e8634100, RBX=0x00007818efdfdac8, RCX=0x0000000000000002, RDX=0x00007818ea7c7920
RSP=0x00007818efdfd9b0, RBP=0x00007818efdfda10, RSI=0x0000000000000000, RDI=0x00007818e8634100
R8 =0x00007818efdfda48, R9 =0x0000000000000000, R10=0x00007818ea7c7920, R11=0x0000781f69c24a87
R12=0x00007818efdfda48, R13=0x00007818e8634100, R14=0x00007818efdfdbd8, R15=0x00007818e801b940
RIP=0x00007818b604b06e, EFLAGS=0x0000000000010206, CSGSFS=0x002b000000000033, ERR=0x0000000000000004
  TRAPNO=0x000000000000000e


Register to memory mapping:

RAX=0x00007818e8634100 points into unknown readable memory: 0x00007818e8613e20 | 20 3e 61 e8 18 78 00 00
RBX=0x00007818efdfdac8 is pointing into the stack for thread: 0x00007818e801b940
RCX=0x0000000000000002 is an unknown value
RDX=0x00007818ea7c7920 points into unknown readable memory: 0x0000781f69c24a87 | 87 4a c2 69 1f 78 00 00
RSP=0x00007818efdfd9b0 is pointing into the stack for thread: 0x00007818e801b940
RBP=0x00007818efdfda10 is pointing into the stack for thread: 0x00007818e801b940
RSI=0x0 is null
RDI=0x00007818e8634100 points into unknown readable memory: 0x00007818e8613e20 | 20 3e 61 e8 18 78 00 00
R8 =0x00007818efdfda48 is pointing into the stack for thread: 0x00007818e801b940
R9 =0x0 is null
R10=0x00007818ea7c7920 points into unknown readable memory: 0x0000781f69c24a87 | 87 4a c2 69 1f 78 00 00
R11=0x0000781f69c24a87 is an unknown value
R12=0x00007818efdfda48 is pointing into the stack for thread: 0x00007818e801b940
R13=0x00007818e8634100 points into unknown readable memory: 0x00007818e8613e20 | 20 3e 61 e8 18 78 00 00
R14=0x00007818efdfdbd8 is pointing into the stack for thread: 0x00007818e801b940
R15=0x00007818e801b940 is a thread

Top of Stack: (sp=0x00007818efdfd9b0)
0x00007818efdfd9b0:   00007818e801b940 00007818efdfda38
0x00007818efdfd9c0:   00007818efdfda20 00007818f0da3f27
0x00007818efdfd9d0:   0000000000000000 000000063489a9c8
0x00007818efdfd9e0:   000000063489a928 00007818efdfdac8
0x00007818efdfd9f0:   0000000000000000 00007818efdfdac0
0x00007818efdfda00:   00007818efdfdbd8 00007818e801b940
0x00007818efdfda10:   00007818efdfda80 00007818b604b5f8
0x00007818efdfda20:   000078186040a381 0000000000000004
0x00007818efdfda30:   000078186040a888 0000000000000000
0x00007818efdfda40:   0000000634c055e8 0000000000000000
0x00007818efdfda50:   0000000000000000 00007818604df2e0
0x00007818efdfda60:   00007818ea7c7920 00007818604df2e0
0x00007818efdfda70:   00007818efdfdbd8 00007818e801b940
0x00007818efdfda80:   00007818efdfdb50 00007818b60f19c3
0x00007818efdfda90:   00007818efdfdbd8 000000000000002c
0x00007818efdfdaa0:   000003e7000018d2 0000000000000000
0x00007818efdfdab0:   0000000000000000 00007818e8634100
0x00007818efdfdac0:   0000000000000000 0000000000000000
0x00007818efdfdad0:   00007818efdfdb38 0000000000000000
0x00007818efdfdae0:   0000000000000000 000000063489a9f8
0x00007818efdfdaf0:   00007818efdfdaf0 0000781860455bba
0x00007818efdfdb00:   0000000000000005 0000781860458000
0x00007818efdfdb10:   0000000000000000 0000000634c7f3e0
0x00007818efdfdb20:   0000781860455bf8 0000000000000000
0x00007818efdfdb30:   00007818e801bcf8 0000781853a3604a
0x00007818efdfdb40:   00007818d7c6789c 0000000000000000
0x00007818efdfdb50:   00007818efdfdbb8 00007818d7c6eb6d
0x00007818efdfdb60:   000000063489a9f8 00007818efdfdb68
0x00007818efdfdb70:   00007818efdfdb70 0000000000000000
0x00007818efdfdb80:   0000000000000004 00007818604e3900
0x00007818efdfdb90:   0000000000000000 0000000634846610
0x00007818efdfdba0:   00007818604df2e0 0000000000000000 

Instructions: (pc=0x00007818b604b06e)
0x00007818b604af6e:   f6 c2 10 75 ba 83 e2 08 b8 8a 03 00 00 75 da 48
0x00007818b604af7e:   8b 59 08 4c 8d 63 08 4c 89 e7 e8 23 3a e9 ff 48
0x00007818b604af8e:   8b 5b 38 48 85 db 74 2d 66 2e 0f 1f 84 00 00 00
0x00007818b604af9e:   00 00 48 8b bb e8 03 00 00 48 85 ff 74 0b f6 43
0x00007818b604afae:   50 04 74 05 e8 c9 9a 29 00 48 8b 9b 58 01 00 00
0x00007818b604afbe:   48 85 db 75 dd 4c 89 e7 e8 15 35 e9 ff b8 8a 03
0x00007818b604afce:   00 00 eb 85 66 0f 1f 44 00 00 83 f8 02 ba 91 01
0x00007818b604afde:   00 00 b8 00 00 00 00 5b 0f 44 c2 41 5c 5d c3 0f
0x00007818b604afee:   1f 00 e8 8b 9a 29 00 b8 84 03 00 00 e9 58 ff ff
0x00007818b604affe:   ff 90 55 48 89 e5 41 57 41 56 41 55 49 89 fd 41
0x00007818b604b00e:   54 4d 89 c4 53 48 83 ec 38 49 c7 00 00 00 00 00
0x00007818b604b01e:   48 85 f6 0f 84 b9 00 00 00 44 8b 0e 41 ba 00 00
0x00007818b604b02e:   00 00 48 89 f3 45 85 c9 4c 0f 45 d6 48 83 fa 02
0x00007818b604b03e:   77 20 48 85 d2 74 5b 48 83 fa 02 0f 85 81 00 00
0x00007818b604b04e:   00 4d 85 d2 0f 84 a8 00 00 00 41 b8 90 01 00 00
0x00007818b604b05e:   eb 28 4c 8b 1a 4d 85 db 74 f0 49 39 5b 10 75 ea
0x00007818b604b06e:   49 83 bb e8 03 00 00 00 75 09 4d 85 ed 0f 85 57
0x00007818b604b07e:   01 00 00 4d 89 1c 24 45 31 c0 48 8d 65 d8 44 89
0x00007818b604b08e:   c0 5b 41 5c 41 5d 41 5e 41 5f 5d c3 66 0f 1f 44
0x00007818b604b09e:   00 00 83 f9 02 0f 84 27 02 00 00 83 f9 03 0f 84
0x00007818b604b0ae:   06 02 00 00 83 f9 01 0f 84 e5 01 00 00 0f b6 05
0x00007818b604b0be:   66 ac 91 01 c0 e8 03 83 e0 01 84 c0 0f 85 7f ff
0x00007818b604b0ce:   ff ff 4d 85 d2 0f 84 ef 00 00 00 4d 8b 5a 68 eb
0x00007818b604b0de:   84 90 48 83 fa 02 0f 86 6e ff ff ff 4c 8b 1a 4d
0x00007818b604b0ee:   85 db 0f 85 78 ff ff ff e9 5d ff ff ff 0f 1f 44
0x00007818b604b0fe:   00 00 4d 8b 5d 18 4d 85 db 74 0d 8b 43 38 41 39
0x00007818b604b10e:   45 20 0f 84 9f 00 00 00 4c 8d b3 a0 03 00 00 4c
0x00007818b604b11e:   89 55 a8 4d 8b 7d 10 4c 89 f7 e8 83 38 e9 ff 4c
0x00007818b604b12e:   8b 9b c8 03 00 00 45 31 c0 4c 89 fe 4c 89 c2 41
0x00007818b604b13e:   8b 3b 4c 89 5d b0 89 7d b8 e8 14 72 0d 00 4c 8b
0x00007818b604b14e:   5d b0 48 83 ec 08 8b 7d b8 45 31 c0 41 89 c1 4c
0x00007818b604b15e:   89 f9 49 8b 53 10 41 8b 73 0c 6a 00 e8 21 ee 2a 


Stack slot to memory mapping:

stack at sp + 0 slots: 0x00007818e801b940 is a thread
stack at sp + 1 slots: 0x00007818efdfda38 is pointing into the stack for thread: 0x00007818e801b940
stack at sp + 2 slots: 0x00007818efdfda20 is pointing into the stack for thread: 0x00007818e801b940
stack at sp + 3 slots: 0x00007818f0da3f27: <offset 0x0000000000fa3f27> in /usr/lib/jvm/java-21-openjdk-amd64/lib/server/libjvm.so at 0x00007818efe00000
stack at sp + 4 slots: 0x0 is null
stack at sp + 5 slots: 0x000000063489a9c8 is an oop: java.util.stream.MatchOps$2MatchSink 
{0x000000063489a9c8} - klass: 'java/util/stream/MatchOps$2MatchSink'
 - ---- fields (total size 3 words):
 - 'stop' 'Z' @12  false (0x00)
 - 'value' 'Z' @13  false (0x00)
 - final synthetic 'val$matchKind' 'Ljava/util/stream/MatchOps$MatchKind;' @16  a 'java/util/stream/MatchOps$MatchKind'{0x0000000634e50810} (0xc69ca102)
 - final synthetic 'val$predicate' 'Ljava/util/function/IntPredicate;' @20  a 'JCudaWrapper/array/Array$$Lambda+0x000078186c00b2f8'{0x000000063489a988} (0xc6913531)
stack at sp + 6 slots: 0x000000063489a928 is an oop: java.util.Spliterators$IntArraySpliterator 
{0x000000063489a928} - klass: 'java/util/Spliterators$IntArraySpliterator'
 - ---- fields (total size 5 words):
 - private 'index' 'I' @12  1 (0x00000001)
 - private 'estimatedSize' 'J' @16  -1 (0xffffffffffffffff)
 - private final 'fence' 'I' @24  1 (0x00000001)
 - private final 'characteristics' 'I' @28  17488 (0x00004450)
 - private final 'array' '[I' @32  [I{0x000000063489a910} (0xc6913522)
stack at sp + 7 slots: 0x00007818efdfdac8 is pointing into the stack for thread: 0x00007818e801b940


---------------  P R O C E S S  ---------------

Threads class SMR info:
_java_thread_list=0x0000781824078c60, length=15, elements={
0x00007818e801b940, 0x00007818e8139ff0, 0x00007818e813b680, 0x00007818e813d150,
0x00007818e813e7a0, 0x00007818e813fd50, 0x00007818e8141920, 0x00007818e8142ff0,
0x00007818e81620c0, 0x00007818e81ad7c0, 0x00007818e81c4e20, 0x000078181c001270,
0x00007818e81c60e0, 0x00007818e953f5c0, 0x00007818e9577be0
}

Java Threads: ( => current thread )
=>0x00007818e801b940 JavaThread "main"                              [_thread_in_native, id=4384, stack(0x00007818efd00000,0x00007818efe00000) (1024K)]
  0x00007818e8139ff0 JavaThread "Reference Handler"          daemon [_thread_blocked, id=4392, stack(0x00007818c82f8000,0x00007818c83f8000) (1024K)]
  0x00007818e813b680 JavaThread "Finalizer"                  daemon [_thread_blocked, id=4393, stack(0x00007818c81f8000,0x00007818c82f8000) (1024K)]
  0x00007818e813d150 JavaThread "Signal Dispatcher"          daemon [_thread_blocked, id=4394, stack(0x00007818c80f8000,0x00007818c81f8000) (1024K)]
  0x00007818e813e7a0 JavaThread "Service Thread"             daemon [_thread_blocked, id=4395, stack(0x00007818c1100000,0x00007818c1200000) (1024K)]
  0x00007818e813fd50 JavaThread "Monitor Deflation Thread"   daemon [_thread_blocked, id=4396, stack(0x00007818c1000000,0x00007818c1100000) (1024K)]
  0x00007818e8141920 JavaThread "C2 CompilerThread0"         daemon [_thread_blocked, id=4397, stack(0x00007818c0f00000,0x00007818c1000000) (1024K)]
  0x00007818e8142ff0 JavaThread "C1 CompilerThread0"         daemon [_thread_blocked, id=4398, stack(0x00007818c0e00000,0x00007818c0f00000) (1024K)]
  0x00007818e81620c0 JavaThread "Common-Cleaner"             daemon [_thread_blocked, id=4399, stack(0x00007818c0d00000,0x00007818c0e00000) (1024K)]
  0x00007818e81ad7c0 JavaThread "JDWP Transport Listener: dt_socket" daemon [_thread_blocked, id=4401, stack(0x00007818c0b00000,0x00007818c0c00000) (1024K)]
  0x00007818e81c4e20 JavaThread "JDWP Event Helper Thread"   daemon [_thread_blocked, id=4403, stack(0x00007818c0a00000,0x00007818c0b00000) (1024K)]
  0x000078181c001270 JavaThread "JDWP Command Reader"        daemon [_thread_in_native, id=4405, stack(0x00007818c0900000,0x00007818c0a00000) (1024K)]
  0x00007818e81c60e0 JavaThread "Notification Thread"        daemon [_thread_blocked, id=4411, stack(0x00007818c0800000,0x00007818c0900000) (1024K)]
  0x00007818e953f5c0 JavaThread "pool-1-thread-1"            daemon [_thread_blocked, id=4419, stack(0x00007818c0700000,0x00007818c0800000) (1024K)]
  0x00007818e9577be0 JavaThread "Java2D Disposer"            daemon [_thread_blocked, id=4420, stack(0x00007818b5d00000,0x00007818b5e00000) (1024K)]
Total: 15

Other Threads:
  0x00007818e812cca0 VMThread "VM Thread"                           [id=4391, stack(0x00007818c83f9000,0x00007818c84f9000) (1024K)]
  0x00007818e8112450 WatcherThread "VM Periodic Task Thread"        [id=4390, stack(0x00007818c84fa000,0x00007818c85fa000) (1024K)]
  0x00007818e8046600 WorkerThread "GC Thread#0"                     [id=4385, stack(0x00007818ee965000,0x00007818eea65000) (1024K)]
  0x00007818e8057100 ConcurrentGCThread "G1 Main Marker"            [id=4386, stack(0x00007818ec900000,0x00007818eca00000) (1024K)]
  0x00007818e80580b0 WorkerThread "G1 Conc#0"                       [id=4387, stack(0x00007818ec7ff000,0x00007818ec8ff000) (1024K)]
  0x00007818e80ffcc0 ConcurrentGCThread "G1 Refine#0"               [id=4388, stack(0x00007818c86fc000,0x00007818c87fc000) (1024K)]
  0x00007818e8100c80 ConcurrentGCThread "G1 Service"                [id=4389, stack(0x00007818c85fb000,0x00007818c86fb000) (1024K)]
Total: 7

Threads with active compile tasks:
Total: 0

VM state: not at safepoint (normal execution)

VM Mutex/Monitor currently owned by a thread: None

Heap address: 0x0000000616800000, size: 7832 MB, Compressed Oops mode: Zero based, Oop shift amount: 3

CDS archive(s) mapped at: [0x000078186b000000-0x000078186bcae000-0x000078186bcae000), size 13295616, SharedBaseAddress: 0x000078186b000000, ArchiveRelocationMode: 1.
Compressed class space mapped at: 0x000078186c000000-0x00007818ac000000, reserved size: 1073741824
Narrow klass base: 0x000078186b000000, Narrow klass shift: 0, Narrow klass range: 0x100000000

GC Precious Log:
 CardTable entry size: 512
 Card Set container configuration: InlinePtr #cards 4 size 8 Array Of Cards #cards 32 size 80 Howl #buckets 8 coarsen threshold 7372 Howl Bitmap #cards 1024 size 144 coarsen threshold 921 Card regions per heap region 1 cards per card region 8192
 CPUs: 16 total, 16 available
 Memory: 31322M
 Large Page Support: Disabled
 NUMA Support: Disabled
 Compressed Oops: Enabled (Zero based)
 Heap Region Size: 4M
 Heap Min Capacity: 8M
 Heap Initial Capacity: 492M
 Heap Max Capacity: 7832M
 Pre-touch: Disabled
 Parallel Workers: 13
 Concurrent Workers: 3
 Concurrent Refinement Workers: 13
 Periodic GC: Disabled

Heap:
 garbage-first heap   total 507904K, used 9246K [0x0000000616800000, 0x0000000800000000)
  region size 4096K, 3 young (12288K), 0 survivors (0K)
 Metaspace       used 3404K, committed 3584K, reserved 1114112K
  class space    used 289K, committed 384K, reserved 1048576K

Heap Regions: E=young(eden), S=young(survivor), O=old, HS=humongous(starts), HC=humongous(continues), CS=collection set, F=free, TAMS=top-at-mark-start, PB=parsable bottom
|   0|0x0000000616800000, 0x0000000616800000, 0x0000000616c00000|  0%| F|  |TAMS 0x0000000616800000| PB 0x0000000616800000| Untracked 
|   1|0x0000000616c00000, 0x0000000616c00000, 0x0000000617000000|  0%| F|  |TAMS 0x0000000616c00000| PB 0x0000000616c00000| Untracked 
|   2|0x0000000617000000, 0x0000000617000000, 0x0000000617400000|  0%| F|  |TAMS 0x0000000617000000| PB 0x0000000617000000| Untracked 
|   3|0x0000000617400000, 0x0000000617400000, 0x0000000617800000|  0%| F|  |TAMS 0x0000000617400000| PB 0x0000000617400000| Untracked 
|   4|0x0000000617800000, 0x0000000617800000, 0x0000000617c00000|  0%| F|  |TAMS 0x0000000617800000| PB 0x0000000617800000| Untracked 
|   5|0x0000000617c00000, 0x0000000617c00000, 0x0000000618000000|  0%| F|  |TAMS 0x0000000617c00000| PB 0x0000000617c00000| Untracked 
|   6|0x0000000618000000, 0x0000000618000000, 0x0000000618400000|  0%| F|  |TAMS 0x0000000618000000| PB 0x0000000618000000| Untracked 
|   7|0x0000000618400000, 0x0000000618400000, 0x0000000618800000|  0%| F|  |TAMS 0x0000000618400000| PB 0x0000000618400000| Untracked 
|   8|0x0000000618800000, 0x0000000618800000, 0x0000000618c00000|  0%| F|  |TAMS 0x0000000618800000| PB 0x0000000618800000| Untracked 
|   9|0x0000000618c00000, 0x0000000618c00000, 0x0000000619000000|  0%| F|  |TAMS 0x0000000618c00000| PB 0x0000000618c00000| Untracked 
|  10|0x0000000619000000, 0x0000000619000000, 0x0000000619400000|  0%| F|  |TAMS 0x0000000619000000| PB 0x0000000619000000| Untracked 
|  11|0x0000000619400000, 0x0000000619400000, 0x0000000619800000|  0%| F|  |TAMS 0x0000000619400000| PB 0x0000000619400000| Untracked 
|  12|0x0000000619800000, 0x0000000619800000, 0x0000000619c00000|  0%| F|  |TAMS 0x0000000619800000| PB 0x0000000619800000| Untracked 
|  13|0x0000000619c00000, 0x0000000619c00000, 0x000000061a000000|  0%| F|  |TAMS 0x0000000619c00000| PB 0x0000000619c00000| Untracked 
|  14|0x000000061a000000, 0x000000061a000000, 0x000000061a400000|  0%| F|  |TAMS 0x000000061a000000| PB 0x000000061a000000| Untracked 
|  15|0x000000061a400000, 0x000000061a400000, 0x000000061a800000|  0%| F|  |TAMS 0x000000061a400000| PB 0x000000061a400000| Untracked 
|  16|0x000000061a800000, 0x000000061a800000, 0x000000061ac00000|  0%| F|  |TAMS 0x000000061a800000| PB 0x000000061a800000| Untracked 
|  17|0x000000061ac00000, 0x000000061ac00000, 0x000000061b000000|  0%| F|  |TAMS 0x000000061ac00000| PB 0x000000061ac00000| Untracked 
|  18|0x000000061b000000, 0x000000061b000000, 0x000000061b400000|  0%| F|  |TAMS 0x000000061b000000| PB 0x000000061b000000| Untracked 
|  19|0x000000061b400000, 0x000000061b400000, 0x000000061b800000|  0%| F|  |TAMS 0x000000061b400000| PB 0x000000061b400000| Untracked 
|  20|0x000000061b800000, 0x000000061b800000, 0x000000061bc00000|  0%| F|  |TAMS 0x000000061b800000| PB 0x000000061b800000| Untracked 
|  21|0x000000061bc00000, 0x000000061bc00000, 0x000000061c000000|  0%| F|  |TAMS 0x000000061bc00000| PB 0x000000061bc00000| Untracked 
|  22|0x000000061c000000, 0x000000061c000000, 0x000000061c400000|  0%| F|  |TAMS 0x000000061c000000| PB 0x000000061c000000| Untracked 
|  23|0x000000061c400000, 0x000000061c400000, 0x000000061c800000|  0%| F|  |TAMS 0x000000061c400000| PB 0x000000061c400000| Untracked 
|  24|0x000000061c800000, 0x000000061c800000, 0x000000061cc00000|  0%| F|  |TAMS 0x000000061c800000| PB 0x000000061c800000| Untracked 
|  25|0x000000061cc00000, 0x000000061cc00000, 0x000000061d000000|  0%| F|  |TAMS 0x000000061cc00000| PB 0x000000061cc00000| Untracked 
|  26|0x000000061d000000, 0x000000061d000000, 0x000000061d400000|  0%| F|  |TAMS 0x000000061d000000| PB 0x000000061d000000| Untracked 
|  27|0x000000061d400000, 0x000000061d400000, 0x000000061d800000|  0%| F|  |TAMS 0x000000061d400000| PB 0x000000061d400000| Untracked 
|  28|0x000000061d800000, 0x000000061d800000, 0x000000061dc00000|  0%| F|  |TAMS 0x000000061d800000| PB 0x000000061d800000| Untracked 
|  29|0x000000061dc00000, 0x000000061dc00000, 0x000000061e000000|  0%| F|  |TAMS 0x000000061dc00000| PB 0x000000061dc00000| Untracked 
|  30|0x000000061e000000, 0x000000061e000000, 0x000000061e400000|  0%| F|  |TAMS 0x000000061e000000| PB 0x000000061e000000| Untracked 
|  31|0x000000061e400000, 0x000000061e400000, 0x000000061e800000|  0%| F|  |TAMS 0x000000061e400000| PB 0x000000061e400000| Untracked 
|  32|0x000000061e800000, 0x000000061e800000, 0x000000061ec00000|  0%| F|  |TAMS 0x000000061e800000| PB 0x000000061e800000| Untracked 
|  33|0x000000061ec00000, 0x000000061ec00000, 0x000000061f000000|  0%| F|  |TAMS 0x000000061ec00000| PB 0x000000061ec00000| Untracked 
|  34|0x000000061f000000, 0x000000061f000000, 0x000000061f400000|  0%| F|  |TAMS 0x000000061f000000| PB 0x000000061f000000| Untracked 
|  35|0x000000061f400000, 0x000000061f400000, 0x000000061f800000|  0%| F|  |TAMS 0x000000061f400000| PB 0x000000061f400000| Untracked 
|  36|0x000000061f800000, 0x000000061f800000, 0x000000061fc00000|  0%| F|  |TAMS 0x000000061f800000| PB 0x000000061f800000| Untracked 
|  37|0x000000061fc00000, 0x000000061fc00000, 0x0000000620000000|  0%| F|  |TAMS 0x000000061fc00000| PB 0x000000061fc00000| Untracked 
|  38|0x0000000620000000, 0x0000000620000000, 0x0000000620400000|  0%| F|  |TAMS 0x0000000620000000| PB 0x0000000620000000| Untracked 
|  39|0x0000000620400000, 0x0000000620400000, 0x0000000620800000|  0%| F|  |TAMS 0x0000000620400000| PB 0x0000000620400000| Untracked 
|  40|0x0000000620800000, 0x0000000620800000, 0x0000000620c00000|  0%| F|  |TAMS 0x0000000620800000| PB 0x0000000620800000| Untracked 
|  41|0x0000000620c00000, 0x0000000620c00000, 0x0000000621000000|  0%| F|  |TAMS 0x0000000620c00000| PB 0x0000000620c00000| Untracked 
|  42|0x0000000621000000, 0x0000000621000000, 0x0000000621400000|  0%| F|  |TAMS 0x0000000621000000| PB 0x0000000621000000| Untracked 
|  43|0x0000000621400000, 0x0000000621400000, 0x0000000621800000|  0%| F|  |TAMS 0x0000000621400000| PB 0x0000000621400000| Untracked 
|  44|0x0000000621800000, 0x0000000621800000, 0x0000000621c00000|  0%| F|  |TAMS 0x0000000621800000| PB 0x0000000621800000| Untracked 
|  45|0x0000000621c00000, 0x0000000621c00000, 0x0000000622000000|  0%| F|  |TAMS 0x0000000621c00000| PB 0x0000000621c00000| Untracked 
|  46|0x0000000622000000, 0x0000000622000000, 0x0000000622400000|  0%| F|  |TAMS 0x0000000622000000| PB 0x0000000622000000| Untracked 
|  47|0x0000000622400000, 0x0000000622400000, 0x0000000622800000|  0%| F|  |TAMS 0x0000000622400000| PB 0x0000000622400000| Untracked 
|  48|0x0000000622800000, 0x0000000622800000, 0x0000000622c00000|  0%| F|  |TAMS 0x0000000622800000| PB 0x0000000622800000| Untracked 
|  49|0x0000000622c00000, 0x0000000622c00000, 0x0000000623000000|  0%| F|  |TAMS 0x0000000622c00000| PB 0x0000000622c00000| Untracked 
|  50|0x0000000623000000, 0x0000000623000000, 0x0000000623400000|  0%| F|  |TAMS 0x0000000623000000| PB 0x0000000623000000| Untracked 
|  51|0x0000000623400000, 0x0000000623400000, 0x0000000623800000|  0%| F|  |TAMS 0x0000000623400000| PB 0x0000000623400000| Untracked 
|  52|0x0000000623800000, 0x0000000623800000, 0x0000000623c00000|  0%| F|  |TAMS 0x0000000623800000| PB 0x0000000623800000| Untracked 
|  53|0x0000000623c00000, 0x0000000623c00000, 0x0000000624000000|  0%| F|  |TAMS 0x0000000623c00000| PB 0x0000000623c00000| Untracked 
|  54|0x0000000624000000, 0x0000000624000000, 0x0000000624400000|  0%| F|  |TAMS 0x0000000624000000| PB 0x0000000624000000| Untracked 
|  55|0x0000000624400000, 0x0000000624400000, 0x0000000624800000|  0%| F|  |TAMS 0x0000000624400000| PB 0x0000000624400000| Untracked 
|  56|0x0000000624800000, 0x0000000624800000, 0x0000000624c00000|  0%| F|  |TAMS 0x0000000624800000| PB 0x0000000624800000| Untracked 
|  57|0x0000000624c00000, 0x0000000624c00000, 0x0000000625000000|  0%| F|  |TAMS 0x0000000624c00000| PB 0x0000000624c00000| Untracked 
|  58|0x0000000625000000, 0x0000000625000000, 0x0000000625400000|  0%| F|  |TAMS 0x0000000625000000| PB 0x0000000625000000| Untracked 
|  59|0x0000000625400000, 0x0000000625400000, 0x0000000625800000|  0%| F|  |TAMS 0x0000000625400000| PB 0x0000000625400000| Untracked 
|  60|0x0000000625800000, 0x0000000625800000, 0x0000000625c00000|  0%| F|  |TAMS 0x0000000625800000| PB 0x0000000625800000| Untracked 
|  61|0x0000000625c00000, 0x0000000625c00000, 0x0000000626000000|  0%| F|  |TAMS 0x0000000625c00000| PB 0x0000000625c00000| Untracked 
|  62|0x0000000626000000, 0x0000000626000000, 0x0000000626400000|  0%| F|  |TAMS 0x0000000626000000| PB 0x0000000626000000| Untracked 
|  63|0x0000000626400000, 0x0000000626400000, 0x0000000626800000|  0%| F|  |TAMS 0x0000000626400000| PB 0x0000000626400000| Untracked 
|  64|0x0000000626800000, 0x0000000626800000, 0x0000000626c00000|  0%| F|  |TAMS 0x0000000626800000| PB 0x0000000626800000| Untracked 
|  65|0x0000000626c00000, 0x0000000626c00000, 0x0000000627000000|  0%| F|  |TAMS 0x0000000626c00000| PB 0x0000000626c00000| Untracked 
|  66|0x0000000627000000, 0x0000000627000000, 0x0000000627400000|  0%| F|  |TAMS 0x0000000627000000| PB 0x0000000627000000| Untracked 
|  67|0x0000000627400000, 0x0000000627400000, 0x0000000627800000|  0%| F|  |TAMS 0x0000000627400000| PB 0x0000000627400000| Untracked 
|  68|0x0000000627800000, 0x0000000627800000, 0x0000000627c00000|  0%| F|  |TAMS 0x0000000627800000| PB 0x0000000627800000| Untracked 
|  69|0x0000000627c00000, 0x0000000627c00000, 0x0000000628000000|  0%| F|  |TAMS 0x0000000627c00000| PB 0x0000000627c00000| Untracked 
|  70|0x0000000628000000, 0x0000000628000000, 0x0000000628400000|  0%| F|  |TAMS 0x0000000628000000| PB 0x0000000628000000| Untracked 
|  71|0x0000000628400000, 0x0000000628400000, 0x0000000628800000|  0%| F|  |TAMS 0x0000000628400000| PB 0x0000000628400000| Untracked 
|  72|0x0000000628800000, 0x0000000628800000, 0x0000000628c00000|  0%| F|  |TAMS 0x0000000628800000| PB 0x0000000628800000| Untracked 
|  73|0x0000000628c00000, 0x0000000628c00000, 0x0000000629000000|  0%| F|  |TAMS 0x0000000628c00000| PB 0x0000000628c00000| Untracked 
|  74|0x0000000629000000, 0x0000000629000000, 0x0000000629400000|  0%| F|  |TAMS 0x0000000629000000| PB 0x0000000629000000| Untracked 
|  75|0x0000000629400000, 0x0000000629400000, 0x0000000629800000|  0%| F|  |TAMS 0x0000000629400000| PB 0x0000000629400000| Untracked 
|  76|0x0000000629800000, 0x0000000629800000, 0x0000000629c00000|  0%| F|  |TAMS 0x0000000629800000| PB 0x0000000629800000| Untracked 
|  77|0x0000000629c00000, 0x0000000629c00000, 0x000000062a000000|  0%| F|  |TAMS 0x0000000629c00000| PB 0x0000000629c00000| Untracked 
|  78|0x000000062a000000, 0x000000062a000000, 0x000000062a400000|  0%| F|  |TAMS 0x000000062a000000| PB 0x000000062a000000| Untracked 
|  79|0x000000062a400000, 0x000000062a400000, 0x000000062a800000|  0%| F|  |TAMS 0x000000062a400000| PB 0x000000062a400000| Untracked 
|  80|0x000000062a800000, 0x000000062a800000, 0x000000062ac00000|  0%| F|  |TAMS 0x000000062a800000| PB 0x000000062a800000| Untracked 
|  81|0x000000062ac00000, 0x000000062ac00000, 0x000000062b000000|  0%| F|  |TAMS 0x000000062ac00000| PB 0x000000062ac00000| Untracked 
|  82|0x000000062b000000, 0x000000062b000000, 0x000000062b400000|  0%| F|  |TAMS 0x000000062b000000| PB 0x000000062b000000| Untracked 
|  83|0x000000062b400000, 0x000000062b400000, 0x000000062b800000|  0%| F|  |TAMS 0x000000062b400000| PB 0x000000062b400000| Untracked 
|  84|0x000000062b800000, 0x000000062b800000, 0x000000062bc00000|  0%| F|  |TAMS 0x000000062b800000| PB 0x000000062b800000| Untracked 
|  85|0x000000062bc00000, 0x000000062bc00000, 0x000000062c000000|  0%| F|  |TAMS 0x000000062bc00000| PB 0x000000062bc00000| Untracked 
|  86|0x000000062c000000, 0x000000062c000000, 0x000000062c400000|  0%| F|  |TAMS 0x000000062c000000| PB 0x000000062c000000| Untracked 
|  87|0x000000062c400000, 0x000000062c400000, 0x000000062c800000|  0%| F|  |TAMS 0x000000062c400000| PB 0x000000062c400000| Untracked 
|  88|0x000000062c800000, 0x000000062c800000, 0x000000062cc00000|  0%| F|  |TAMS 0x000000062c800000| PB 0x000000062c800000| Untracked 
|  89|0x000000062cc00000, 0x000000062cc00000, 0x000000062d000000|  0%| F|  |TAMS 0x000000062cc00000| PB 0x000000062cc00000| Untracked 
|  90|0x000000062d000000, 0x000000062d000000, 0x000000062d400000|  0%| F|  |TAMS 0x000000062d000000| PB 0x000000062d000000| Untracked 
|  91|0x000000062d400000, 0x000000062d400000, 0x000000062d800000|  0%| F|  |TAMS 0x000000062d400000| PB 0x000000062d400000| Untracked 
|  92|0x000000062d800000, 0x000000062d800000, 0x000000062dc00000|  0%| F|  |TAMS 0x000000062d800000| PB 0x000000062d800000| Untracked 
|  93|0x000000062dc00000, 0x000000062dc00000, 0x000000062e000000|  0%| F|  |TAMS 0x000000062dc00000| PB 0x000000062dc00000| Untracked 
|  94|0x000000062e000000, 0x000000062e000000, 0x000000062e400000|  0%| F|  |TAMS 0x000000062e000000| PB 0x000000062e000000| Untracked 
|  95|0x000000062e400000, 0x000000062e400000, 0x000000062e800000|  0%| F|  |TAMS 0x000000062e400000| PB 0x000000062e400000| Untracked 
|  96|0x000000062e800000, 0x000000062e800000, 0x000000062ec00000|  0%| F|  |TAMS 0x000000062e800000| PB 0x000000062e800000| Untracked 
|  97|0x000000062ec00000, 0x000000062ec00000, 0x000000062f000000|  0%| F|  |TAMS 0x000000062ec00000| PB 0x000000062ec00000| Untracked 
|  98|0x000000062f000000, 0x000000062f000000, 0x000000062f400000|  0%| F|  |TAMS 0x000000062f000000| PB 0x000000062f000000| Untracked 
|  99|0x000000062f400000, 0x000000062f400000, 0x000000062f800000|  0%| F|  |TAMS 0x000000062f400000| PB 0x000000062f400000| Untracked 
| 100|0x000000062f800000, 0x000000062f800000, 0x000000062fc00000|  0%| F|  |TAMS 0x000000062f800000| PB 0x000000062f800000| Untracked 
| 101|0x000000062fc00000, 0x000000062fc00000, 0x0000000630000000|  0%| F|  |TAMS 0x000000062fc00000| PB 0x000000062fc00000| Untracked 
| 102|0x0000000630000000, 0x0000000630000000, 0x0000000630400000|  0%| F|  |TAMS 0x0000000630000000| PB 0x0000000630000000| Untracked 
| 103|0x0000000630400000, 0x0000000630400000, 0x0000000630800000|  0%| F|  |TAMS 0x0000000630400000| PB 0x0000000630400000| Untracked 
| 104|0x0000000630800000, 0x0000000630800000, 0x0000000630c00000|  0%| F|  |TAMS 0x0000000630800000| PB 0x0000000630800000| Untracked 
| 105|0x0000000630c00000, 0x0000000630c00000, 0x0000000631000000|  0%| F|  |TAMS 0x0000000630c00000| PB 0x0000000630c00000| Untracked 
| 106|0x0000000631000000, 0x0000000631000000, 0x0000000631400000|  0%| F|  |TAMS 0x0000000631000000| PB 0x0000000631000000| Untracked 
| 107|0x0000000631400000, 0x0000000631400000, 0x0000000631800000|  0%| F|  |TAMS 0x0000000631400000| PB 0x0000000631400000| Untracked 
| 108|0x0000000631800000, 0x0000000631800000, 0x0000000631c00000|  0%| F|  |TAMS 0x0000000631800000| PB 0x0000000631800000| Untracked 
| 109|0x0000000631c00000, 0x0000000631c00000, 0x0000000632000000|  0%| F|  |TAMS 0x0000000631c00000| PB 0x0000000631c00000| Untracked 
| 110|0x0000000632000000, 0x0000000632000000, 0x0000000632400000|  0%| F|  |TAMS 0x0000000632000000| PB 0x0000000632000000| Untracked 
| 111|0x0000000632400000, 0x0000000632400000, 0x0000000632800000|  0%| F|  |TAMS 0x0000000632400000| PB 0x0000000632400000| Untracked 
| 112|0x0000000632800000, 0x0000000632800000, 0x0000000632c00000|  0%| F|  |TAMS 0x0000000632800000| PB 0x0000000632800000| Untracked 
| 113|0x0000000632c00000, 0x0000000632c00000, 0x0000000633000000|  0%| F|  |TAMS 0x0000000632c00000| PB 0x0000000632c00000| Untracked 
| 114|0x0000000633000000, 0x0000000633000000, 0x0000000633400000|  0%| F|  |TAMS 0x0000000633000000| PB 0x0000000633000000| Untracked 
| 115|0x0000000633400000, 0x0000000633400000, 0x0000000633800000|  0%| F|  |TAMS 0x0000000633400000| PB 0x0000000633400000| Untracked 
| 116|0x0000000633800000, 0x0000000633800000, 0x0000000633c00000|  0%| F|  |TAMS 0x0000000633800000| PB 0x0000000633800000| Untracked 
| 117|0x0000000633c00000, 0x0000000633c00000, 0x0000000634000000|  0%| F|  |TAMS 0x0000000633c00000| PB 0x0000000633c00000| Untracked 
| 118|0x0000000634000000, 0x0000000634000000, 0x0000000634400000|  0%| F|  |TAMS 0x0000000634000000| PB 0x0000000634000000| Untracked 
| 119|0x0000000634400000, 0x0000000634400000, 0x0000000634800000|  0%| F|  |TAMS 0x0000000634400000| PB 0x0000000634400000| Untracked 
| 120|0x0000000634800000, 0x00000006348f6498, 0x0000000634c00000| 24%| E|  |TAMS 0x0000000634800000| PB 0x0000000634800000| Complete 
| 121|0x0000000634c00000, 0x0000000635000000, 0x0000000635000000|100%| E|CS|TAMS 0x0000000634c00000| PB 0x0000000634c00000| Complete 
| 122|0x0000000635000000, 0x0000000635400000, 0x0000000635400000|100%| E|CS|TAMS 0x0000000635000000| PB 0x0000000635000000| Complete 
|1957|0x00000007ffc00000, 0x00000007ffd079d8, 0x0000000800000000| 25%| O|  |TAMS 0x00000007ffc00000| PB 0x00000007ffc00000| Untracked 

Card table byte_map: [0x00007818eca00000,0x00007818ed94c000] _byte_map_base: 0x00007818e994c000

Marking Bits: (CMBitMap*) 0x00007818e8047130
 Bits: [0x00007818c8c00000, 0x00007818d0660000)

Polling page: 0x00007818f1739000

Metaspace:

Usage:
  Non-class:      3.04 MB used.
      Class:    289.88 KB used.
       Both:      3.32 MB used.

Virtual space:
  Non-class space:       64.00 MB reserved,       3.12 MB (  5%) committed,  1 nodes.
      Class space:        1.00 GB reserved,     384.00 KB ( <1%) committed,  1 nodes.
             Both:        1.06 GB reserved,       3.50 MB ( <1%) committed. 

Chunk freelists:
   Non-Class:  11.00 MB
       Class:  15.61 MB
        Both:  26.61 MB

MaxMetaspaceSize: unlimited
CompressedClassSpaceSize: 1.00 GB
Initial GC threshold: 21.00 MB
Current GC threshold: 21.00 MB
CDS: on
 - commit_granule_bytes: 65536.
 - commit_granule_words: 8192.
 - virtual_space_node_default_size: 8388608.
 - enlarge_chunks_in_place: 1.
 - use_allocation_guard: 0.


Internal statistics:

num_allocs_failed_limit: 0.
num_arena_births: 104.
num_arena_deaths: 0.
num_vsnodes_births: 2.
num_vsnodes_deaths: 0.
num_space_committed: 56.
num_space_uncommitted: 0.
num_chunks_returned_to_freelist: 0.
num_chunks_taken_from_freelist: 180.
num_chunk_merges: 0.
num_chunk_splits: 108.
num_chunks_enlarged: 49.
num_inconsistent_stats: 0.

CodeHeap 'non-profiled nmethods': size=119168Kb used=202Kb max_used=202Kb free=118965Kb
 bounds [0x00007818d83a0000, 0x00007818d8610000, 0x00007818df800000]
CodeHeap 'profiled nmethods': size=119164Kb used=1020Kb max_used=1020Kb free=118143Kb
 bounds [0x00007818d0800000, 0x00007818d0a70000, 0x00007818d7c5f000]
CodeHeap 'non-nmethods': size=7428Kb used=1568Kb max_used=2694Kb free=5859Kb
 bounds [0x00007818d7c5f000, 0x00007818d7f0f000, 0x00007818d83a0000]
 total_blobs=1297 nmethods=693 adapters=510
 compilation: enabled
              stopped_count=0, restarted_count=0
 full_count=0

Compilation events (20 events):
Event: 0.367 Thread 0x00007818e8142ff0 nmethod 682 0x00007818d08f8b90 code [0x00007818d08f8d40, 0x00007818d08f8fb0]
Event: 0.368 Thread 0x000078183007dbd0  683       1       jdk.internal.loader.URLClassPath$Loader::getBaseURL (5 bytes)
Event: 0.368 Thread 0x000078183007dbd0 nmethod 683 0x00007818d83d1b90 code [0x00007818d83d1d20, 0x00007818d83d1de8]
Event: 0.368 Thread 0x00007818240779d0 nmethod 674 0x00007818d08f9110 code [0x00007818d08f9560, 0x00007818d08fbc10]
Event: 0.369 Thread 0x00007818e8142ff0  684       3       java.util.jar.JarFile::maybeInstantiateVerifier (42 bytes)
Event: 0.369 Thread 0x000078183007dbd0  685       1       java.net.URLStreamHandler::getDefaultPort (2 bytes)
Event: 0.369 Thread 0x000078183007dbd0 nmethod 685 0x00007818d83d1e90 code [0x00007818d83d2020, 0x00007818d83d20e0]
Event: 0.369 Thread 0x00007818e8142ff0 nmethod 684 0x00007818d08fce10 code [0x00007818d08fcfe0, 0x00007818d08fd350]
Event: 0.369 Thread 0x00007818240779d0  686       3       jdk.internal.ref.CleanerFactory::cleaner (4 bytes)
Event: 0.369 Thread 0x00007818240779d0 nmethod 686 0x00007818d08fd490 code [0x00007818d08fd620, 0x00007818d08fd710]
Event: 0.372 Thread 0x00007818240779d0  688       3       java.lang.String::indexOf (64 bytes)
Event: 0.372 Thread 0x000078183007dbd0  689       3       java.lang.StringLatin1::indexOf (25 bytes)
Event: 0.372 Thread 0x000078183007dbd0 nmethod 689 0x00007818d08fd790 code [0x00007818d08fd940, 0x00007818d08fdb50]
Event: 0.372 Thread 0x00007818240779d0 nmethod 688 0x00007818d08fdc10 code [0x00007818d08fde20, 0x00007818d08fe308]
Event: 0.374 Thread 0x00007818240779d0  691       3       JCudaWrapper.array.Array::checkUpperBound (51 bytes)
Event: 0.374 Thread 0x000078183007dbd0  690       3       JCudaWrapper.array.Array::checkAgainstLength (10 bytes)
Event: 0.375 Thread 0x000078183007dbd0 nmethod 690 0x00007818d08fe490 code [0x00007818d08fe620, 0x00007818d08fe7f8]
Event: 0.375 Thread 0x00007818240779d0 nmethod 691 0x00007818d08fe890 code [0x00007818d08fea60, 0x00007818d08fedc8]
Event: 17.555 Thread 0x00007818e8141920  692       4       java.util.stream.Sink::begin (1 bytes)
Event: 17.555 Thread 0x00007818e8141920 nmethod 692 0x00007818d83d2710 code [0x00007818d83d2880, 0x00007818d83d2908]

GC Heap History (0 events):
No events

Dll operation events (11 events):
Event: 0.002 Loaded shared library /usr/lib/jvm/java-21-openjdk-amd64/lib/libjava.so
Event: 0.023 Loaded shared library /usr/lib/jvm/java-21-openjdk-amd64/lib/libjsvml.so
Event: 0.025 Loaded shared library /usr/lib/jvm/java-21-openjdk-amd64/lib/libnio.so
Event: 0.091 Loaded shared library /usr/lib/jvm/java-21-openjdk-amd64/lib/libzip.so
Event: 0.120 Loaded shared library /usr/lib/jvm/java-21-openjdk-amd64/lib/libjimage.so
Event: 0.157 Loaded shared library /tmp/libJCublas2-12.0.0-linux-x86_64.so
Event: 0.261 Loaded shared library /tmp/libJCudaRuntime-12.0.0-linux-x86_64.so
Event: 0.279 Loaded shared library /usr/lib/jvm/java-21-openjdk-amd64/lib/libawt.so
Event: 0.282 Loaded shared library /usr/lib/jvm/java-21-openjdk-amd64/lib/libawt_xawt.so
Event: 0.313 Loaded shared library /usr/lib/jvm/java-21-openjdk-amd64/lib/libjavajpeg.so
Event: 0.363 Loaded shared library /tmp/libJCudaDriver-12.0.0-linux-x86_64.so

Deoptimization events (20 events):
Event: 0.273 Thread 0x00007818e801b940 DEOPT PACKING pc=0x00007818d83b1060 sp=0x00007818efdfcda0
Event: 0.273 Thread 0x00007818e801b940 DEOPT UNPACKING pc=0x00007818d7cb2f99 sp=0x00007818efdfcd68 mode 2
Event: 0.281 Thread 0x00007818e801b940 Uncommon trap: trap_request=0xffffff45 fr.pc=0x00007818d83b2aec relative=0x00000000000001cc
Event: 0.281 Thread 0x00007818e801b940 Uncommon trap: reason=unstable_if action=reinterpret pc=0x00007818d83b2aec method=jdk.internal.util.ArraysSupport.vectorizedHashCode(Ljava/lang/Object;IIII)I @ 2 c2
Event: 0.281 Thread 0x00007818e801b940 DEOPT PACKING pc=0x00007818d83b2aec sp=0x00007818efdfa820
Event: 0.281 Thread 0x00007818e801b940 DEOPT UNPACKING pc=0x00007818d7cb2f99 sp=0x00007818efdfa810 mode 2
Event: 0.362 Thread 0x00007818e801b940 DEOPT PACKING pc=0x00007818d0815159 sp=0x00007818efdfd2f0
Event: 0.362 Thread 0x00007818e801b940 DEOPT UNPACKING pc=0x00007818d7cb372f sp=0x00007818efdfc730 mode 0
Event: 0.370 Thread 0x00007818e801b940 Uncommon trap: trap_request=0xffffffc6 fr.pc=0x00007818d83b0358 relative=0x0000000000000e18
Event: 0.370 Thread 0x00007818e801b940 Uncommon trap: reason=bimorphic_or_optimized_type_check action=maybe_recompile pc=0x00007818d83b0358 method=java.util.HashMap.putVal(ILjava/lang/Object;Ljava/lang/Object;ZZ)Ljava/lang/Object; @ 56 c2
Event: 0.370 Thread 0x00007818e801b940 DEOPT PACKING pc=0x00007818d83b0358 sp=0x00007818efdfe4e0
Event: 0.370 Thread 0x00007818e801b940 DEOPT UNPACKING pc=0x00007818d7cb2f99 sp=0x00007818efdfe488 mode 2
Event: 0.373 Thread 0x00007818e801b940 Uncommon trap: trap_request=0xffffffc6 fr.pc=0x00007818d83b0358 relative=0x0000000000000e18
Event: 0.373 Thread 0x00007818e801b940 Uncommon trap: reason=bimorphic_or_optimized_type_check action=maybe_recompile pc=0x00007818d83b0358 method=java.util.HashMap.putVal(ILjava/lang/Object;Ljava/lang/Object;ZZ)Ljava/lang/Object; @ 56 c2
Event: 0.373 Thread 0x00007818e801b940 DEOPT PACKING pc=0x00007818d83b0358 sp=0x00007818efdfe260
Event: 0.373 Thread 0x00007818e801b940 DEOPT UNPACKING pc=0x00007818d7cb2f99 sp=0x00007818efdfe208 mode 2
Event: 0.374 Thread 0x00007818e801b940 Uncommon trap: trap_request=0xffffffc6 fr.pc=0x00007818d83b0358 relative=0x0000000000000e18
Event: 0.374 Thread 0x00007818e801b940 Uncommon trap: reason=bimorphic_or_optimized_type_check action=maybe_recompile pc=0x00007818d83b0358 method=java.util.HashMap.putVal(ILjava/lang/Object;Ljava/lang/Object;ZZ)Ljava/lang/Object; @ 56 c2
Event: 0.374 Thread 0x00007818e801b940 DEOPT PACKING pc=0x00007818d83b0358 sp=0x00007818efdfe440
Event: 0.374 Thread 0x00007818e801b940 DEOPT UNPACKING pc=0x00007818d7cb2f99 sp=0x00007818efdfe3e8 mode 2

Classes loaded (20 events):
Event: 0.324 Loading class java/util/stream/MatchOps$MatchKind
Event: 0.324 Loading class java/util/stream/MatchOps$MatchKind done
Event: 0.324 Loading class java/util/stream/MatchOps
Event: 0.324 Loading class java/util/stream/MatchOps done
Event: 0.324 Loading class java/util/stream/MatchOps$MatchOp
Event: 0.324 Loading class java/util/stream/MatchOps$MatchOp done
Event: 0.324 Loading class java/util/stream/MatchOps$BooleanTerminalSink
Event: 0.324 Loading class java/util/stream/MatchOps$BooleanTerminalSink done
Event: 0.324 Loading class java/util/stream/MatchOps$2MatchSink
Event: 0.324 Loading class java/util/stream/MatchOps$2MatchSink done
Event: 0.325 Loading class java/util/stream/MatchOps$1MatchSink
Event: 0.325 Loading class java/util/stream/MatchOps$1MatchSink done
Event: 0.325 Loading class java/nio/HeapDoubleBuffer
Event: 0.325 Loading class java/nio/HeapDoubleBuffer done
Event: 0.346 Loading class java/awt/Dimension
Event: 0.346 Loading class java/awt/geom/Dimension2D
Event: 0.346 Loading class java/awt/geom/Dimension2D done
Event: 0.346 Loading class java/awt/Dimension done
Event: 0.370 Loading class java/nio/HeapIntBuffer
Event: 0.370 Loading class java/nio/HeapIntBuffer done

Classes unloaded (0 events):
No events

Classes redefined (0 events):
No events

Internal exceptions (13 events):
Event: 0.048 Thread 0x00007818e801b940 Exception <a 'sun/nio/fs/UnixException'{0x0000000635070ea8}> (0x0000000635070ea8) 
thrown [./src/hotspot/share/prims/jni.cpp, line 520]
Event: 0.048 Thread 0x00007818e801b940 Exception <a 'sun/nio/fs/UnixException'{0x00000006350715e8}> (0x00000006350715e8) 
thrown [./src/hotspot/share/prims/jni.cpp, line 520]
Event: 0.048 Thread 0x00007818e801b940 Exception <a 'sun/nio/fs/UnixException'{0x0000000635071e18}> (0x0000000635071e18) 
thrown [./src/hotspot/share/prims/jni.cpp, line 520]
Event: 0.048 Thread 0x00007818e801b940 Exception <a 'sun/nio/fs/UnixException'{0x0000000635072410}> (0x0000000635072410) 
thrown [./src/hotspot/share/prims/jni.cpp, line 520]
Event: 0.048 Thread 0x00007818e801b940 Exception <a 'sun/nio/fs/UnixException'{0x00000006350729e0}> (0x00000006350729e0) 
thrown [./src/hotspot/share/prims/jni.cpp, line 520]
Event: 0.048 Thread 0x00007818e801b940 Exception <a 'sun/nio/fs/UnixException'{0x0000000635072fc0}> (0x0000000635072fc0) 
thrown [./src/hotspot/share/prims/jni.cpp, line 520]
Event: 0.048 Thread 0x00007818e801b940 Exception <a 'sun/nio/fs/UnixException'{0x0000000635073810}> (0x0000000635073810) 
thrown [./src/hotspot/share/prims/jni.cpp, line 520]
Event: 0.268 Thread 0x00007818e801b940 Exception <a 'java/lang/NoSuchMethodError'{0x0000000634cd2998}: 'void java.lang.invoke.DirectMethodHandle$Holder.invokeStatic(java.lang.Object, java.lang.Object)'> (0x0000000634cd2998) 
thrown [./src/hotspot/share/interpreter/linkResolver.cpp, line 772]
Event: 0.273 Thread 0x00007818e801b940 Implicit null exception at 0x00007818d83b0ee3 to 0x00007818d83b1050
Event: 0.277 Thread 0x00007818e801b940 Exception <a 'java/lang/ClassNotFoundException'{0x0000000634ce7080}: sun/awt/resources/spi/awtProvider> (0x0000000634ce7080) 
thrown [./src/hotspot/share/classfile/systemDictionary.cpp, line 312]
Event: 0.290 Thread 0x00007818e801b940 Exception <a 'java/io/FileNotFoundException'{0x0000000634db5010}> (0x0000000634db5010) 
thrown [./src/hotspot/share/prims/jni.cpp, line 520]
Event: 0.328 Thread 0x00007818e801b940 Exception <a 'java/lang/NoSuchMethodError'{0x0000000634f61828}: 'java.lang.Object java.lang.invoke.DirectMethodHandle$Holder.invokeStatic(java.lang.Object, java.lang.Object, int)'> (0x0000000634f61828) 
thrown [./src/hotspot/share/interpreter/linkResolver.cpp, line 772]
Event: 0.352 Thread 0x00007818e801b940 Exception <a 'java/lang/NoSuchMethodError'{0x0000000634fce1d0}: 'java.lang.Object java.lang.invoke.DirectMethodHandle$Holder.newInvokeSpecial(java.lang.Object, java.lang.Object, int)'> (0x0000000634fce1d0) 
thrown [./src/hotspot/share/interpreter/linkResolver.cpp, line 772]

ZGC Phase Switch (0 events):
No events

VM Operations (20 events):
Event: 0.343 Executing VM operation: ChangeBreakpoints
Event: 0.343 Executing VM operation: ChangeBreakpoints done
Event: 0.344 Executing VM operation: ChangeBreakpoints
Event: 0.344 Executing VM operation: ChangeBreakpoints done
Event: 0.371 Executing VM operation: HandshakeAllThreads (Deoptimize)
Event: 0.371 Executing VM operation: HandshakeAllThreads (Deoptimize) done
Event: 1.371 Executing VM operation: Cleanup
Event: 1.371 Executing VM operation: Cleanup done
Event: 7.921 Executing VM operation: ChangeBreakpoints
Event: 7.921 Executing VM operation: ChangeBreakpoints done
Event: 17.518 Executing VM operation: get/set locals
Event: 17.519 Executing VM operation: get/set locals done
Event: 17.547 Executing VM operation: get/set locals
Event: 17.547 Executing VM operation: get/set locals done
Event: 20.206 Executing VM operation: get/set locals
Event: 20.206 Executing VM operation: get/set locals done
Event: 22.914 Executing VM operation: get/set locals
Event: 22.914 Executing VM operation: get/set locals done
Event: 22.916 Executing VM operation: get/set locals
Event: 22.916 Executing VM operation: get/set locals done

Memory protections (18 events):
Event: 0.002 Protecting memory [0x00007818efd00000,0x00007818efd04000] with protection modes 0
Event: 0.022 Protecting memory [0x00007818c82f8000,0x00007818c82fc000] with protection modes 0
Event: 0.022 Protecting memory [0x00007818c81f8000,0x00007818c81fc000] with protection modes 0
Event: 0.022 Protecting memory [0x00007818c80f8000,0x00007818c80fc000] with protection modes 0
Event: 0.022 Protecting memory [0x00007818c1100000,0x00007818c1104000] with protection modes 0
Event: 0.022 Protecting memory [0x00007818c1000000,0x00007818c1004000] with protection modes 0
Event: 0.023 Protecting memory [0x00007818c0f00000,0x00007818c0f04000] with protection modes 0
Event: 0.023 Protecting memory [0x00007818c0e00000,0x00007818c0e04000] with protection modes 0
Event: 0.038 Protecting memory [0x00007818c0d00000,0x00007818c0d04000] with protection modes 0
Event: 0.043 Protecting memory [0x00007818c0c00000,0x00007818c0c04000] with protection modes 0
Event: 0.064 Protecting memory [0x00007818c0b00000,0x00007818c0b04000] with protection modes 0
Event: 0.064 Protecting memory [0x00007818c0a00000,0x00007818c0a04000] with protection modes 0
Event: 0.064 Protecting memory [0x00007818c0900000,0x00007818c0904000] with protection modes 0
Event: 0.086 Protecting memory [0x00007818c0800000,0x00007818c0804000] with protection modes 0
Event: 0.097 Protecting memory [0x00007818c0700000,0x00007818c0704000] with protection modes 0
Event: 0.269 Protecting memory [0x00007818c0700000,0x00007818c0704000] with protection modes 0
Event: 0.311 Protecting memory [0x00007818b5d00000,0x00007818b5d04000] with protection modes 0
Event: 0.349 Protecting memory [0x00007818b5300000,0x00007818b5304000] with protection modes 0

Nmethod flushes (0 events):
No events

Events (20 events):
Event: 0.022 Thread 0x00007818e801b940 Thread added: 0x00007818e8139ff0
Event: 0.022 Thread 0x00007818e801b940 Thread added: 0x00007818e813b680
Event: 0.022 Thread 0x00007818e801b940 Thread added: 0x00007818e813d150
Event: 0.022 Thread 0x00007818e801b940 Thread added: 0x00007818e813e7a0
Event: 0.022 Thread 0x00007818e801b940 Thread added: 0x00007818e813fd50
Event: 0.022 Thread 0x00007818e801b940 Thread added: 0x00007818e8141920
Event: 0.023 Thread 0x00007818e801b940 Thread added: 0x00007818e8142ff0
Event: 0.038 Thread 0x00007818e801b940 Thread added: 0x00007818e81620c0
Event: 0.043 Thread 0x00007818e8142ff0 Thread added: 0x000078183007dbd0
Event: 0.064 Thread 0x00007818e801b940 Thread added: 0x00007818e81ad7c0
Event: 0.064 Thread 0x00007818e801b940 Thread added: 0x00007818e81c4e20
Event: 0.064 Thread 0x00007818e81ad7c0 Thread added: 0x000078181c001270
Event: 0.085 Thread 0x00007818e801b940 Thread added: 0x00007818e81c60e0
Event: 0.097 Thread 0x00007818e8142ff0 Thread added: 0x00007818300d1aa0
Event: 0.258 Thread 0x00007818300d1aa0 Thread exited: 0x00007818300d1aa0
Event: 0.269 Thread 0x00007818e801b940 Thread added: 0x00007818e953f5c0
Event: 0.311 Thread 0x00007818e801b940 Thread added: 0x00007818e9577be0
Event: 0.349 Thread 0x000078183007dbd0 Thread added: 0x00007818240779d0
Event: 5.375 Thread 0x00007818240779d0 Thread exited: 0x00007818240779d0
Event: 10.375 Thread 0x000078183007dbd0 Thread exited: 0x000078183007dbd0


Dynamic libraries:
200000000-200200000 ---p 00000000 00:00 0 
200200000-200400000 rw-s 00000000 00:05 1107                             /dev/nvidia0
200400000-203400000 rw-s 00000000 00:05 1106                             /dev/nvidiactl
203400000-204400000 ---p 00000000 00:00 0 
204400000-204600000 rw-s 00000000 00:05 1106                             /dev/nvidiactl
204600000-204800000 rw-s 00000000 00:05 1106                             /dev/nvidiactl
204800000-204a00000 rw-s 00000000 00:05 1106                             /dev/nvidiactl
204a00000-204c00000 rw-s 204a00000 00:05 1108                            /dev/nvidia-uvm
204c00000-204e00000 rw-s 00000000 00:05 1106                             /dev/nvidiactl
204e00000-205000000 ---p 00000000 00:00 0 
205000000-205200000 rw-s 00000000 00:05 1106                             /dev/nvidiactl
205200000-300200000 ---p 00000000 00:00 0 
616800000-635400000 rw-p 00000000 00:00 0 
635400000-7ffc00000 ---p 00000000 00:00 0 
7ffc00000-7ffd08000 rw-p 00ced000 103:02 17172987                        /usr/lib/jvm/java-21-openjdk-amd64/lib/server/classes.jsa
7ffd08000-800000000 rw-p 00000000 00:00 0 
10000000000-10004000000 ---p 00000000 00:00 0 
621489abe000-621489abf000 r--p 00000000 103:02 17172834                  /usr/lib/jvm/java-21-openjdk-amd64/bin/java
621489abf000-621489ac0000 r-xp 00001000 103:02 17172834                  /usr/lib/jvm/java-21-openjdk-amd64/bin/java
621489ac0000-621489ac1000 r--p 00002000 103:02 17172834                  /usr/lib/jvm/java-21-openjdk-amd64/bin/java
621489ac1000-621489ac2000 r--p 00002000 103:02 17172834                  /usr/lib/jvm/java-21-openjdk-amd64/bin/java
621489ac2000-621489ac3000 rw-p 00003000 103:02 17172834                  /usr/lib/jvm/java-21-openjdk-amd64/bin/java
62148a9e7000-62148aa2f000 rw-p 00000000 00:00 0                          [heap]
781798000000-781798021000 rw-p 00000000 00:00 0 
781798021000-78179c000000 ---p 00000000 00:00 0 
7817a0000000-7817a0021000 rw-p 00000000 00:00 0 
7817a0021000-7817a4000000 ---p 00000000 00:00 0 
7817a6000000-7817ae000000 ---p 00000000 00:00 0 
7817b0000000-7817b2000000 ---p 00000000 00:00 0 
7817b4000000-7817b4400000 ---p 00000000 00:00 0 
7817b4400000-7817b4600000 rw-s 00000000 00:05 1106                       /dev/nvidiactl
7817b4600000-7817b4800000 rw-s 00000000 00:01 5163                       /dev/zero (deleted)
7817b4800000-7817b4a00000 rw-s 00000000 00:01 5164                       /dev/zero (deleted)
7817b4a00000-7817b5000000 ---p 00000000 00:00 0 
7817b5000000-7817b5200000 rw-s 00000000 00:05 1106                       /dev/nvidiactl
7817b5200000-7817b5400000 ---p 00000000 00:00 0 
7817b5400000-7817b5600000 rw-s 00000000 00:01 5166                       /dev/zero (deleted)
7817b5600000-7817b5b33000 rw-s 00000000 00:05 1106                       /dev/nvidiactl
7817b5b33000-7817b6000000 ---p 00000000 00:00 0 
7817b8000000-7817b8021000 rw-p 00000000 00:00 0 
7817b8021000-7817bc000000 ---p 00000000 00:00 0 
7817c0000000-7817d0000000 ---p 00000000 00:00 0 
7817d2000000-7817d8000000 ---p 00000000 00:00 0 
7817d8000000-7817d8021000 rw-p 00000000 00:00 0 
7817d8021000-7817dc000000 ---p 00000000 00:00 0 
7817dc200000-7817f9463000 r-xp 00000000 103:02 16524125                  /usr/lib/x86_64-linux-gnu/libcublasLt.so.12.0.2.224
7817f9463000-7817f9663000 ---p 1d263000 103:02 16524125                  /usr/lib/x86_64-linux-gnu/libcublasLt.so.12.0.2.224
7817f9663000-7817f9893000 r--p 1d263000 103:02 16524125                  /usr/lib/x86_64-linux-gnu/libcublasLt.so.12.0.2.224
7817f9893000-7817fa827000 rw-p 1d493000 103:02 16524125                  /usr/lib/x86_64-linux-gnu/libcublasLt.so.12.0.2.224
7817fa827000-7817fd00f000 rw-p 00000000 00:00 0 
7817fd400000-781803a67000 r-xp 00000000 103:02 16524127                  /usr/lib/x86_64-linux-gnu/libcublas.so.12.0.2.224
781803a67000-781803c67000 ---p 06667000 103:02 16524127                  /usr/lib/x86_64-linux-gnu/libcublas.so.12.0.2.224
781803c67000-781803c6e000 r--p 06667000 103:02 16524127                  /usr/lib/x86_64-linux-gnu/libcublas.so.12.0.2.224
781803c6e000-781803c75000 rw-p 0666e000 103:02 16524127                  /usr/lib/x86_64-linux-gnu/libcublas.so.12.0.2.224
781803c75000-781803c7d000 rw-p 00000000 00:00 0 
781804000000-78180403f000 rw-p 00000000 00:00 0 
78180403f000-781808000000 ---p 00000000 00:00 0 
78180c000000-78180c021000 rw-p 00000000 00:00 0 
78180c021000-781810000000 ---p 00000000 00:00 0 
781810000000-781810021000 rw-p 00000000 00:00 0 
781810021000-781814000000 ---p 00000000 00:00 0 
781818000000-781818021000 rw-p 00000000 00:00 0 
781818021000-78181c000000 ---p 00000000 00:00 0 
78181c000000-78181c02a000 rw-p 00000000 00:00 0 
78181c02a000-781820000000 ---p 00000000 00:00 0 
781824000000-78182407c000 rw-p 00000000 00:00 0 
78182407c000-781828000000 ---p 00000000 00:00 0 
781828000000-781828021000 rw-p 00000000 00:00 0 
781828021000-78182c000000 ---p 00000000 00:00 0 
781830000000-78183011e000 rw-p 00000000 00:00 0 
78183011e000-781834000000 ---p 00000000 00:00 0 
781834000000-781834131000 rw-p 00000000 00:00 0 
781834131000-781838000000 ---p 00000000 00:00 0 
78183c000000-78183c021000 rw-p 00000000 00:00 0 
78183c021000-781840000000 ---p 00000000 00:00 0 
781840000000-781840021000 rw-p 00000000 00:00 0 
781840021000-781844000000 ---p 00000000 00:00 0 
781848000000-781848021000 rw-p 00000000 00:00 0 
781848021000-78184c000000 ---p 00000000 00:00 0 
78184c000000-78184c021000 rw-p 00000000 00:00 0 
78184c021000-781850000000 ---p 00000000 00:00 0 
781853600000-7818538dc000 rw-p 00000000 00:00 0 
781853a00000-781853ae4000 r-xp 00000000 103:02 18219052                  /tmp/libJCudaDriver-12.0.0-linux-x86_64.so
781853ae4000-781853ce4000 ---p 000e4000 103:02 18219052                  /tmp/libJCudaDriver-12.0.0-linux-x86_64.so
781853ce4000-781853ce9000 r--p 000e4000 103:02 18219052                  /tmp/libJCudaDriver-12.0.0-linux-x86_64.so
781853ce9000-781853ceb000 rw-p 000e9000 103:02 18219052                  /tmp/libJCudaDriver-12.0.0-linux-x86_64.so
781853ceb000-781853ced000 rw-p 00000000 00:00 0 
781854000000-781854021000 rw-p 00000000 00:00 0 
781854021000-781858000000 ---p 00000000 00:00 0 
781858000000-781858021000 rw-p 00000000 00:00 0 
781858021000-78185c000000 ---p 00000000 00:00 0 
78185c400000-78185f17c000 r-xp 00000000 103:02 16526206                  /usr/lib/x86_64-linux-gnu/libnvrtc.so.12.0.140
78185f17c000-78185f37c000 ---p 02d7c000 103:02 16526206                  /usr/lib/x86_64-linux-gnu/libnvrtc.so.12.0.140
78185f37c000-78185fa4f000 r--p 02d7c000 103:02 16526206                  /usr/lib/x86_64-linux-gnu/libnvrtc.so.12.0.140
78185fa4f000-78185fb1b000 rw-p 0344f000 103:02 16526206                  /usr/lib/x86_64-linux-gnu/libnvrtc.so.12.0.140
78185fb1b000-78185fc1c000 rw-p 00000000 00:00 0 
781860000000-781860220000 rw-p 00000000 00:00 0 
781860220000-781860400000 ---p 00000000 00:00 0 
781860400000-781860500000 rw-p 00000000 00:00 0 
781860500000-781864000000 ---p 00000000 00:00 0 
781864000000-781864021000 rw-p 00000000 00:00 0 
781864021000-781868000000 ---p 00000000 00:00 0 
781868400000-7818684c7000 r-xp 00000000 103:02 18219051                  /tmp/libJCudaRuntime-12.0.0-linux-x86_64.so
7818684c7000-7818686c7000 ---p 000c7000 103:02 18219051                  /tmp/libJCudaRuntime-12.0.0-linux-x86_64.so
7818686c7000-7818686cc000 r--p 000c7000 103:02 18219051                  /tmp/libJCudaRuntime-12.0.0-linux-x86_64.so
7818686cc000-7818686cd000 rw-p 000cc000 103:02 18219051                  /tmp/libJCudaRuntime-12.0.0-linux-x86_64.so
7818686cd000-7818686cf000 rw-p 00000000 00:00 0 
781868a00000-781868a01000 ---p 00000000 00:00 0 
781868a01000-781869201000 rw-p 00000000 00:00 0 
781869400000-781869401000 rw-s 00000000 00:05 1106                       /dev/nvidiactl
781869401000-781869402000 rw-s 00000000 00:05 1106                       /dev/nvidiactl
781869402000-781869403000 rw-s 00000000 00:05 1106                       /dev/nvidiactl
781869403000-781869404000 rw-s 00000000 00:05 1106                       /dev/nvidiactl
781869404000-781869405000 rw-s 00000000 00:05 1106                       /dev/nvidiactl
781869405000-781869406000 rw-s 00000000 00:05 1106                       /dev/nvidiactl
781869406000-781869407000 rw-s 00000000 00:05 1106                       /dev/nvidiactl
781869407000-781869408000 rw-s 00000000 00:05 1106                       /dev/nvidiactl
781869408000-781869409000 rw-s 00000000 00:05 1106                       /dev/nvidiactl
781869409000-78186940a000 rw-s 00000000 00:05 1106                       /dev/nvidiactl
78186940a000-78186940b000 rw-s 00000000 00:05 1106                       /dev/nvidiactl
78186940b000-78186940c000 rw-s 00000000 00:05 1106                       /dev/nvidiactl
78186940c000-78186940d000 rw-s 00000000 00:05 1106                       /dev/nvidiactl
78186940d000-78186940e000 rw-s 00000000 00:05 1106                       /dev/nvidiactl
78186940e000-78186940f000 rw-s 00000000 00:05 1106                       /dev/nvidiactl
78186940f000-781869410000 rw-s 00000000 00:05 1106                       /dev/nvidiactl
781869410000-78186a421000 ---p 00000000 00:00 0 
78186a600000-78186a601000 ---p 00000000 00:00 0 
78186a601000-78186ae01000 rw-p 00000000 00:00 0 
78186b000000-78186bcae000 rw-p 00001000 103:02 17172987                  /usr/lib/jvm/java-21-openjdk-amd64/lib/server/classes.jsa
78186bcae000-78186c000000 ---p 00000000 00:00 0 
78186c000000-78186c030000 rw-p 00000000 00:00 0 
78186c030000-78186c040000 ---p 00000000 00:00 0 
78186c040000-78186c070000 rw-p 00000000 00:00 0 
78186c070000-7818ac000000 ---p 00000000 00:00 0 
7818ac000000-7818ac021000 rw-p 00000000 00:00 0 
7818ac021000-7818b0000000 ---p 00000000 00:00 0 
7818b0000000-7818b0021000 rw-p 00000000 00:00 0 
7818b0021000-7818b4000000 ---p 00000000 00:00 0 
7818b4200000-7818b5221000 ---p 00000000 00:00 0 
7818b5300000-7818b5304000 ---p 00000000 00:00 0 
7818b5304000-7818b5400000 rw-p 00000000 00:00 0 
7818b5400000-7818b5401000 ---p 00000000 00:00 0 
7818b5401000-7818b5c01000 rw-p 00000000 00:00 0 
7818b5c7d000-7818b5c81000 r--p 00000000 103:02 16530777                  /usr/lib/x86_64-linux-gnu/libjpeg.so.8.2.2
7818b5c81000-7818b5cce000 r-xp 00004000 103:02 16530777                  /usr/lib/x86_64-linux-gnu/libjpeg.so.8.2.2
7818b5cce000-7818b5cfe000 r--p 00051000 103:02 16530777                  /usr/lib/x86_64-linux-gnu/libjpeg.so.8.2.2
7818b5cfe000-7818b5cff000 r--p 00081000 103:02 16530777                  /usr/lib/x86_64-linux-gnu/libjpeg.so.8.2.2
7818b5cff000-7818b5d00000 rw-p 00082000 103:02 16530777                  /usr/lib/x86_64-linux-gnu/libjpeg.so.8.2.2
7818b5d00000-7818b5d04000 ---p 00000000 00:00 0 
7818b5d04000-7818b5e00000 rw-p 00000000 00:00 0 
7818b5e00000-7818b5ede000 r--p 00000000 103:02 16552573                  /usr/lib/x86_64-linux-gnu/libcuda.so.550.107.02
7818b5ede000-7818b63b3000 r-xp 000de000 103:02 16552573                  /usr/lib/x86_64-linux-gnu/libcuda.so.550.107.02
7818b63b3000-7818b784e000 r--p 005b3000 103:02 16552573                  /usr/lib/x86_64-linux-gnu/libcuda.so.550.107.02
7818b784e000-7818b784f000 ---p 01a4e000 103:02 16552573                  /usr/lib/x86_64-linux-gnu/libcuda.so.550.107.02
7818b784f000-7818b7867000 r--p 01a4e000 103:02 16552573                  /usr/lib/x86_64-linux-gnu/libcuda.so.550.107.02
7818b7867000-7818b7962000 rw-p 01a66000 103:02 16552573                  /usr/lib/x86_64-linux-gnu/libcuda.so.550.107.02
7818b7962000-7818b79cb000 rw-p 00000000 00:00 0 
7818b79d7000-7818b79e2000 r--p 00000000 103:02 16531187                  /usr/lib/x86_64-linux-gnu/libxcb.so.1.1.0
7818b79e2000-7818b79f5000 r-xp 0000b000 103:02 16531187                  /usr/lib/x86_64-linux-gnu/libxcb.so.1.1.0
7818b79f5000-7818b79fe000 r--p 0001e000 103:02 16531187                  /usr/lib/x86_64-linux-gnu/libxcb.so.1.1.0
7818b79fe000-7818b79ff000 r--p 00026000 103:02 16531187                  /usr/lib/x86_64-linux-gnu/libxcb.so.1.1.0
7818b79ff000-7818b7a00000 rw-p 00027000 103:02 16531187                  /usr/lib/x86_64-linux-gnu/libxcb.so.1.1.0
7818b7a00000-7818b7b38000 r-xp 00000000 103:02 18219047                  /tmp/libJCublas2-12.0.0-linux-x86_64.so
7818b7b38000-7818b7d38000 ---p 00138000 103:02 18219047                  /tmp/libJCublas2-12.0.0-linux-x86_64.so
7818b7d38000-7818b7d3d000 r--p 00138000 103:02 18219047                  /tmp/libJCublas2-12.0.0-linux-x86_64.so
7818b7d3d000-7818b7d3f000 rw-p 0013d000 103:02 18219047                  /tmp/libJCublas2-12.0.0-linux-x86_64.so
7818b7d3f000-7818b7d41000 rw-p 00000000 00:00 0 
7818b7d56000-7818b7d6f000 r--p 00000000 103:02 16530316                  /usr/lib/x86_64-linux-gnu/libX11.so.6.4.0
7818b7d6f000-7818b7dff000 r-xp 00019000 103:02 16530316                  /usr/lib/x86_64-linux-gnu/libX11.so.6.4.0
7818b7dff000-7818b7e8e000 r--p 000a9000 103:02 16530316                  /usr/lib/x86_64-linux-gnu/libX11.so.6.4.0
7818b7e8e000-7818b7e8f000 r--p 00138000 103:02 16530316                  /usr/lib/x86_64-linux-gnu/libX11.so.6.4.0
7818b7e8f000-7818b7e93000 rw-p 00139000 103:02 16530316                  /usr/lib/x86_64-linux-gnu/libX11.so.6.4.0
7818b7e93000-7818b7ea5000 r--p 00000000 103:02 17173114                  /usr/lib/jvm/java-21-openjdk-amd64/lib/libawt_xawt.so
7818b7ea5000-7818b7eec000 r-xp 00012000 103:02 17173114                  /usr/lib/jvm/java-21-openjdk-amd64/lib/libawt_xawt.so
7818b7eec000-7818b7f04000 r--p 00059000 103:02 17173114                  /usr/lib/jvm/java-21-openjdk-amd64/lib/libawt_xawt.so
7818b7f04000-7818b7f09000 r--p 00070000 103:02 17173114                  /usr/lib/jvm/java-21-openjdk-amd64/lib/libawt_xawt.so
7818b7f09000-7818b7f0b000 rw-p 00075000 103:02 17173114                  /usr/lib/jvm/java-21-openjdk-amd64/lib/libawt_xawt.so
7818b7f0b000-7818b7f0d000 rw-p 00000000 00:00 0 
7818b7f0d000-7818b7f2b000 r--p 00000000 103:02 17172951                  /usr/lib/jvm/java-21-openjdk-amd64/lib/libawt.so
7818b7f2b000-7818b7fc2000 r-xp 0001e000 103:02 17172951                  /usr/lib/jvm/java-21-openjdk-amd64/lib/libawt.so
7818b7fc2000-7818b7fcf000 r--p 000b5000 103:02 17172951                  /usr/lib/jvm/java-21-openjdk-amd64/lib/libawt.so
7818b7fcf000-7818b7fd0000 r--p 000c1000 103:02 17172951                  /usr/lib/jvm/java-21-openjdk-amd64/lib/libawt.so
7818b7fd0000-7818b7fdb000 rw-p 000c2000 103:02 17172951                  /usr/lib/jvm/java-21-openjdk-amd64/lib/libawt.so
7818b7fdb000-7818b8021000 rw-p 00000000 00:00 0 
7818b8021000-7818bc000000 ---p 00000000 00:00 0 
7818bc000000-7818bc021000 rw-p 00000000 00:00 0 
7818bc021000-7818c0000000 ---p 00000000 00:00 0 
7818c000a000-7818c014c000 rw-p 00000000 00:00 0 
7818c014c000-7818c034c000 rw-s 00000000 00:01 5165                       /dev/zero (deleted)
7818c034c000-7818c065a000 rw-p 00000000 00:00 0 
7818c067f000-7818c0700000 rw-p 00000000 00:00 0 
7818c0700000-7818c0704000 ---p 00000000 00:00 0 
7818c0704000-7818c0800000 rw-p 00000000 00:00 0 
7818c0800000-7818c0804000 ---p 00000000 00:00 0 
7818c0804000-7818c0900000 rw-p 00000000 00:00 0 
7818c0900000-7818c0904000 ---p 00000000 00:00 0 
7818c0904000-7818c0a00000 rw-p 00000000 00:00 0 
7818c0a00000-7818c0a04000 ---p 00000000 00:00 0 
7818c0a04000-7818c0b00000 rw-p 00000000 00:00 0 
7818c0b00000-7818c0b04000 ---p 00000000 00:00 0 
7818c0b04000-7818c0c00000 rw-p 00000000 00:00 0 
7818c0c00000-7818c0c04000 ---p 00000000 00:00 0 
7818c0c04000-7818c0d00000 rw-p 00000000 00:00 0 
7818c0d00000-7818c0d04000 ---p 00000000 00:00 0 
7818c0d04000-7818c0e00000 rw-p 00000000 00:00 0 
7818c0e00000-7818c0e04000 ---p 00000000 00:00 0 
7818c0e04000-7818c0f00000 rw-p 00000000 00:00 0 
7818c0f00000-7818c0f04000 ---p 00000000 00:00 0 
7818c0f04000-7818c1000000 rw-p 00000000 00:00 0 
7818c1000000-7818c1004000 ---p 00000000 00:00 0 
7818c1004000-7818c1100000 rw-p 00000000 00:00 0 
7818c1100000-7818c1104000 ---p 00000000 00:00 0 
7818c1104000-7818c1200000 rw-p 00000000 00:00 0 
7818c1200000-7818c1fec000 r--p 00000000 103:02 16521112                  /usr/lib/locale/locale-archive
7818c2000000-7818c4021000 rw-p 00000000 00:00 0 
7818c4021000-7818c8000000 ---p 00000000 00:00 0 
7818c8005000-7818c8007000 r--p 00000000 103:02 16530828                  /usr/lib/x86_64-linux-gnu/libmd.so.0.1.0
7818c8007000-7818c8010000 r-xp 00002000 103:02 16530828                  /usr/lib/x86_64-linux-gnu/libmd.so.0.1.0
7818c8010000-7818c8012000 r--p 0000b000 103:02 16530828                  /usr/lib/x86_64-linux-gnu/libmd.so.0.1.0
7818c8012000-7818c8013000 r--p 0000c000 103:02 16530828                  /usr/lib/x86_64-linux-gnu/libmd.so.0.1.0
7818c8013000-7818c8014000 rw-p 0000d000 103:02 16530828                  /usr/lib/x86_64-linux-gnu/libmd.so.0.1.0
7818c8014000-7818c80f8000 rw-p 00000000 00:00 0 
7818c80f8000-7818c80fc000 ---p 00000000 00:00 0 
7818c80fc000-7818c81f8000 rw-p 00000000 00:00 0 
7818c81f8000-7818c81fc000 ---p 00000000 00:00 0 
7818c81fc000-7818c82f8000 rw-p 00000000 00:00 0 
7818c82f8000-7818c82fc000 ---p 00000000 00:00 0 
7818c82fc000-7818c83f8000 rw-p 00000000 00:00 0 
7818c83f8000-7818c83f9000 ---p 00000000 00:00 0 
7818c83f9000-7818c84f9000 rw-p 00000000 00:00 0 
7818c84f9000-7818c84fa000 ---p 00000000 00:00 0 
7818c84fa000-7818c85fa000 rw-p 00000000 00:00 0 
7818c85fa000-7818c85fb000 ---p 00000000 00:00 0 
7818c85fb000-7818c86fb000 rw-p 00000000 00:00 0 
7818c86fb000-7818c86fc000 ---p 00000000 00:00 0 
7818c86fc000-7818c87fc000 rw-p 00000000 00:00 0 
7818c87fc000-7818c93b0000 rw-p 00000000 00:00 0 
7818c93b0000-7818d0650000 ---p 00000000 00:00 0 
7818d0650000-7818d0660000 rw-p 00000000 00:00 0 
7818d0660000-7818d0664000 r--p 00000000 103:02 16530470                  /usr/lib/x86_64-linux-gnu/libbsd.so.0.12.1
7818d0664000-7818d0670000 r-xp 00004000 103:02 16530470                  /usr/lib/x86_64-linux-gnu/libbsd.so.0.12.1
7818d0670000-7818d0673000 r--p 00010000 103:02 16530470                  /usr/lib/x86_64-linux-gnu/libbsd.so.0.12.1
7818d0673000-7818d0674000 r--p 00012000 103:02 16530470                  /usr/lib/x86_64-linux-gnu/libbsd.so.0.12.1
7818d0674000-7818d0675000 rw-p 00013000 103:02 16530470                  /usr/lib/x86_64-linux-gnu/libbsd.so.0.12.1
7818d0675000-7818d0676000 rw-p 00000000 00:00 0 
7818d0676000-7818d0678000 r--p 00000000 103:02 16530323                  /usr/lib/x86_64-linux-gnu/libXdmcp.so.6.0.0
7818d0678000-7818d067a000 r-xp 00002000 103:02 16530323                  /usr/lib/x86_64-linux-gnu/libXdmcp.so.6.0.0
7818d067a000-7818d067c000 r--p 00004000 103:02 16530323                  /usr/lib/x86_64-linux-gnu/libXdmcp.so.6.0.0
7818d067c000-7818d067d000 r--p 00005000 103:02 16530323                  /usr/lib/x86_64-linux-gnu/libXdmcp.so.6.0.0
7818d067d000-7818d067e000 rw-p 00006000 103:02 16530323                  /usr/lib/x86_64-linux-gnu/libXdmcp.so.6.0.0
7818d067e000-7818d0800000 rw-p 00000000 00:00 0 
7818d0800000-7818d0a70000 rwxp 00000000 00:00 0 
7818d0a70000-7818d7c5f000 ---p 00000000 00:00 0 
7818d7c5f000-7818d7f0f000 rwxp 00000000 00:00 0 
7818d7f0f000-7818d83a0000 ---p 00000000 00:00 0 
7818d83a0000-7818d8610000 rwxp 00000000 00:00 0 
7818d8610000-7818df800000 ---p 00000000 00:00 0 
7818df800000-7818e7e02000 r--s 00000000 103:02 17172984                  /usr/lib/jvm/java-21-openjdk-amd64/lib/modules
7818e7e07000-7818e7e0a000 r--p 00000000 103:02 16530328                  /usr/lib/x86_64-linux-gnu/libXi.so.6.1.0
7818e7e0a000-7818e7e16000 r-xp 00003000 103:02 16530328                  /usr/lib/x86_64-linux-gnu/libXi.so.6.1.0
7818e7e16000-7818e7e18000 r--p 0000f000 103:02 16530328                  /usr/lib/x86_64-linux-gnu/libXi.so.6.1.0
7818e7e18000-7818e7e19000 r--p 00011000 103:02 16530328                  /usr/lib/x86_64-linux-gnu/libXi.so.6.1.0
7818e7e19000-7818e7e1a000 rw-p 00012000 103:02 16530328                  /usr/lib/x86_64-linux-gnu/libXi.so.6.1.0
7818e7e1a000-7818e7e1e000 r--p 00000000 103:02 16530324                  /usr/lib/x86_64-linux-gnu/libXext.so.6.4.0
7818e7e1e000-7818e7e29000 r-xp 00004000 103:02 16530324                  /usr/lib/x86_64-linux-gnu/libXext.so.6.4.0
7818e7e29000-7818e7e2c000 r--p 0000f000 103:02 16530324                  /usr/lib/x86_64-linux-gnu/libXext.so.6.4.0
7818e7e2c000-7818e7e2d000 r--p 00011000 103:02 16530324                  /usr/lib/x86_64-linux-gnu/libXext.so.6.4.0
7818e7e2d000-7818e7e2e000 rw-p 00012000 103:02 16530324                  /usr/lib/x86_64-linux-gnu/libXext.so.6.4.0
7818e7e2e000-7818e7e33000 r--p 00000000 103:02 17172968                  /usr/lib/jvm/java-21-openjdk-amd64/lib/libjsvml.so
7818e7e33000-7818e7e74000 r-xp 00005000 103:02 17172968                  /usr/lib/jvm/java-21-openjdk-amd64/lib/libjsvml.so
7818e7e74000-7818e7efd000 r--p 00046000 103:02 17172968                  /usr/lib/jvm/java-21-openjdk-amd64/lib/libjsvml.so
7818e7efd000-7818e7efe000 r--p 000ce000 103:02 17172968                  /usr/lib/jvm/java-21-openjdk-amd64/lib/libjsvml.so
7818e7efe000-7818e7eff000 rw-p 000cf000 103:02 17172968                  /usr/lib/jvm/java-21-openjdk-amd64/lib/libjsvml.so
7818e7eff000-7818eabf7000 rw-p 00000000 00:00 0 
7818eabf7000-7818ec000000 ---p 00000000 00:00 0 
7818ec003000-7818ec004000 r--p 00000000 103:02 16530318                  /usr/lib/x86_64-linux-gnu/libXau.so.6.0.0
7818ec004000-7818ec006000 r-xp 00001000 103:02 16530318                  /usr/lib/x86_64-linux-gnu/libXau.so.6.0.0
7818ec006000-7818ec007000 r--p 00003000 103:02 16530318                  /usr/lib/x86_64-linux-gnu/libXau.so.6.0.0
7818ec007000-7818ec008000 r--p 00003000 103:02 16530318                  /usr/lib/x86_64-linux-gnu/libXau.so.6.0.0
7818ec008000-7818ec009000 rw-p 00004000 103:02 16530318                  /usr/lib/x86_64-linux-gnu/libXau.so.6.0.0
7818ec009000-7818ec00b000 r--p 00000000 103:02 16530337                  /usr/lib/x86_64-linux-gnu/libXtst.so.6.1.0
7818ec00b000-7818ec00e000 r-xp 00002000 103:02 16530337                  /usr/lib/x86_64-linux-gnu/libXtst.so.6.1.0
7818ec00e000-7818ec00f000 r--p 00005000 103:02 16530337                  /usr/lib/x86_64-linux-gnu/libXtst.so.6.1.0
7818ec00f000-7818ec010000 r--p 00005000 103:02 16530337                  /usr/lib/x86_64-linux-gnu/libXtst.so.6.1.0
7818ec010000-7818ec011000 rw-p 00006000 103:02 16530337                  /usr/lib/x86_64-linux-gnu/libXtst.so.6.1.0
7818ec019000-7818ec01b000 r--p 00000000 103:02 17172962                  /usr/lib/jvm/java-21-openjdk-amd64/lib/libjavajpeg.so
7818ec01b000-7818ec022000 r-xp 00002000 103:02 17172962                  /usr/lib/jvm/java-21-openjdk-amd64/lib/libjavajpeg.so
7818ec022000-7818ec023000 r--p 00009000 103:02 17172962                  /usr/lib/jvm/java-21-openjdk-amd64/lib/libjavajpeg.so
7818ec023000-7818ec024000 r--p 0000a000 103:02 17172962                  /usr/lib/jvm/java-21-openjdk-amd64/lib/libjavajpeg.so
7818ec024000-7818ec025000 rw-p 0000b000 103:02 17172962                  /usr/lib/jvm/java-21-openjdk-amd64/lib/libjavajpeg.so
7818ec025000-7818ec066000 rw-p 00000000 00:00 0 
7818ec066000-7818ec076000 -w-s 00000000 00:05 1107                       /dev/nvidia0
7818ec076000-7818ec7fe000 rw-p 00000000 00:00 0 
7818ec7fe000-7818ec7ff000 ---p 00000000 00:00 0 
7818ec7ff000-7818ec8ff000 rw-p 00000000 00:00 0 
7818ec8ff000-7818ec900000 ---p 00000000 00:00 0 
7818ec900000-7818eca00000 rw-p 00000000 00:00 0 
7818eca00000-7818ecaf6000 rw-p 00000000 00:00 0 
7818ecaf6000-7818ed94a000 ---p 00000000 00:00 0 
7818ed94a000-7818ed94c000 rw-p 00000000 00:00 0 
7818ed94d000-7818ed94f000 r--p 00000000 103:02 16530334                  /usr/lib/x86_64-linux-gnu/libXrender.so.1.3.0
7818ed94f000-7818ed956000 r-xp 00002000 103:02 16530334                  /usr/lib/x86_64-linux-gnu/libXrender.so.1.3.0
7818ed956000-7818ed957000 r--p 00009000 103:02 16530334                  /usr/lib/x86_64-linux-gnu/libXrender.so.1.3.0
7818ed957000-7818ed958000 r--p 00009000 103:02 16530334                  /usr/lib/x86_64-linux-gnu/libXrender.so.1.3.0
7818ed958000-7818ed959000 rw-p 0000a000 103:02 16530334                  /usr/lib/x86_64-linux-gnu/libXrender.so.1.3.0
7818ed959000-7818ed95b000 r--p 00000000 103:02 17172983                  /usr/lib/jvm/java-21-openjdk-amd64/lib/libzip.so
7818ed95b000-7818ed960000 r-xp 00002000 103:02 17172983                  /usr/lib/jvm/java-21-openjdk-amd64/lib/libzip.so
7818ed960000-7818ed962000 r--p 00007000 103:02 17172983                  /usr/lib/jvm/java-21-openjdk-amd64/lib/libzip.so
7818ed962000-7818ed963000 r--p 00008000 103:02 17172983                  /usr/lib/jvm/java-21-openjdk-amd64/lib/libzip.so
7818ed963000-7818ed964000 rw-p 00009000 103:02 17172983                  /usr/lib/jvm/java-21-openjdk-amd64/lib/libzip.so
7818ed964000-7818edaf6000 rw-p 00000000 00:00 0 
7818edaf6000-7818ee94a000 ---p 00000000 00:00 0 
7818ee94a000-7818ee94c000 rw-p 00000000 00:00 0 
7818ee950000-7818ee951000 r--p 00000000 103:02 16530540                  /usr/lib/x86_64-linux-gnu/libdl.so.2
7818ee951000-7818ee952000 r-xp 00001000 103:02 16530540                  /usr/lib/x86_64-linux-gnu/libdl.so.2
7818ee952000-7818ee953000 r--p 00002000 103:02 16530540                  /usr/lib/x86_64-linux-gnu/libdl.so.2
7818ee953000-7818ee954000 r--p 00002000 103:02 16530540                  /usr/lib/x86_64-linux-gnu/libdl.so.2
7818ee954000-7818ee955000 rw-p 00003000 103:02 16530540                  /usr/lib/x86_64-linux-gnu/libdl.so.2
7818ee955000-7818ee958000 r--p 00000000 103:02 17172975                  /usr/lib/jvm/java-21-openjdk-amd64/lib/libnet.so
7818ee958000-7818ee960000 r-xp 00003000 103:02 17172975                  /usr/lib/jvm/java-21-openjdk-amd64/lib/libnet.so
7818ee960000-7818ee962000 r--p 0000b000 103:02 17172975                  /usr/lib/jvm/java-21-openjdk-amd64/lib/libnet.so
7818ee962000-7818ee963000 r--p 0000c000 103:02 17172975                  /usr/lib/jvm/java-21-openjdk-amd64/lib/libnet.so
7818ee963000-7818ee964000 rw-p 0000d000 103:02 17172975                  /usr/lib/jvm/java-21-openjdk-amd64/lib/libnet.so
7818ee964000-7818ee965000 ---p 00000000 00:00 0 
7818ee965000-7818eea65000 rw-p 00000000 00:00 0 
7818eea65000-7818ef833000 rw-p 00000000 00:00 0 
7818ef833000-7818ef917000 ---p 00000000 00:00 0 
7818ef917000-7818ef91c000 rw-p 00000000 00:00 0 
7818ef91c000-7818efa00000 ---p 00000000 00:00 0 
7818efa00000-7818efa9d000 r--p 00000000 103:02 16543594                  /usr/lib/x86_64-linux-gnu/libstdc++.so.6.0.33
7818efa9d000-7818efbe5000 r-xp 0009d000 103:02 16543594                  /usr/lib/x86_64-linux-gnu/libstdc++.so.6.0.33
7818efbe5000-7818efc6c000 r--p 001e5000 103:02 16543594                  /usr/lib/x86_64-linux-gnu/libstdc++.so.6.0.33
7818efc6c000-7818efc77000 r--p 0026b000 103:02 16543594                  /usr/lib/x86_64-linux-gnu/libstdc++.so.6.0.33
7818efc77000-7818efc7a000 rw-p 00276000 103:02 16543594                  /usr/lib/x86_64-linux-gnu/libstdc++.so.6.0.33
7818efc7a000-7818efc7e000 rw-p 00000000 00:00 0 
7818efc7f000-7818efc80000 r--p 00000000 103:02 16531006                  /usr/lib/x86_64-linux-gnu/librt.so.1
7818efc80000-7818efc81000 r-xp 00001000 103:02 16531006                  /usr/lib/x86_64-linux-gnu/librt.so.1
7818efc81000-7818efc82000 r--p 00002000 103:02 16531006                  /usr/lib/x86_64-linux-gnu/librt.so.1
7818efc82000-7818efc83000 r--p 00002000 103:02 16531006                  /usr/lib/x86_64-linux-gnu/librt.so.1
7818efc83000-7818efc84000 rw-p 00003000 103:02 16531006                  /usr/lib/x86_64-linux-gnu/librt.so.1
7818efc84000-7818efd00000 rw-p 00000000 00:00 0 
7818efd00000-7818efd04000 ---p 00000000 00:00 0 
7818efd04000-7818efe00000 rw-p 00000000 00:00 0 
7818efe00000-7818f0096000 r--p 00000000 103:02 17172990                  /usr/lib/jvm/java-21-openjdk-amd64/lib/server/libjvm.so
7818f0096000-7818f0efe000 r-xp 00296000 103:02 17172990                  /usr/lib/jvm/java-21-openjdk-amd64/lib/server/libjvm.so
7818f0efe000-7818f11d1000 r--p 010fe000 103:02 17172990                  /usr/lib/jvm/java-21-openjdk-amd64/lib/server/libjvm.so
7818f11d1000-7818f12a1000 r--p 013d0000 103:02 17172990                  /usr/lib/jvm/java-21-openjdk-amd64/lib/server/libjvm.so
7818f12a1000-7818f12d1000 rw-p 014a0000 103:02 17172990                  /usr/lib/jvm/java-21-openjdk-amd64/lib/server/libjvm.so
7818f12d1000-7818f1337000 rw-p 00000000 00:00 0 
7818f1337000-7818f1338000 r--p 00000000 103:02 17172953                  /usr/lib/jvm/java-21-openjdk-amd64/lib/libdt_socket.so
7818f1338000-7818f133b000 r-xp 00001000 103:02 17172953                  /usr/lib/jvm/java-21-openjdk-amd64/lib/libdt_socket.so
7818f133b000-7818f133c000 r--p 00004000 103:02 17172953                  /usr/lib/jvm/java-21-openjdk-amd64/lib/libdt_socket.so
7818f133c000-7818f133d000 r--p 00005000 103:02 17172953                  /usr/lib/jvm/java-21-openjdk-amd64/lib/libdt_socket.so
7818f133d000-7818f133e000 rw-p 00006000 103:02 17172953                  /usr/lib/jvm/java-21-openjdk-amd64/lib/libdt_socket.so
7818f133e000-7818f1345000 r--s 00000000 103:02 16532226                  /usr/lib/x86_64-linux-gnu/gconv/gconv-modules.cache
7818f1345000-7818f134c000 r--p 00000000 103:02 17172976                  /usr/lib/jvm/java-21-openjdk-amd64/lib/libnio.so
7818f134c000-7818f1355000 r-xp 00007000 103:02 17172976                  /usr/lib/jvm/java-21-openjdk-amd64/lib/libnio.so
7818f1355000-7818f1359000 r--p 00010000 103:02 17172976                  /usr/lib/jvm/java-21-openjdk-amd64/lib/libnio.so
7818f1359000-7818f135a000 r--p 00014000 103:02 17172976                  /usr/lib/jvm/java-21-openjdk-amd64/lib/libnio.so
7818f135a000-7818f135b000 rw-p 00015000 103:02 17172976                  /usr/lib/jvm/java-21-openjdk-amd64/lib/libnio.so
7818f135b000-7818f1361000 rw-p 00000000 00:00 0 
7818f1361000-7818f136a000 ---p 00000000 00:00 0 
7818f136a000-7818f1377000 r--p 00000000 103:02 17172961                  /usr/lib/jvm/java-21-openjdk-amd64/lib/libjava.so
7818f1377000-7818f1386000 r-xp 0000d000 103:02 17172961                  /usr/lib/jvm/java-21-openjdk-amd64/lib/libjava.so
7818f1386000-7818f138b000 r--p 0001c000 103:02 17172961                  /usr/lib/jvm/java-21-openjdk-amd64/lib/libjava.so
7818f138b000-7818f138c000 r--p 00021000 103:02 17172961                  /usr/lib/jvm/java-21-openjdk-amd64/lib/libjava.so
7818f138c000-7818f138d000 rw-p 00022000 103:02 17172961                  /usr/lib/jvm/java-21-openjdk-amd64/lib/libjava.so
7818f138d000-7818f138e000 rw-p 00000000 00:00 0 
7818f138e000-7818f1391000 r--p 00000000 103:02 17172963                  /usr/lib/jvm/java-21-openjdk-amd64/lib/libjdwp.so
7818f1391000-7818f13c0000 r-xp 00003000 103:02 17172963                  /usr/lib/jvm/java-21-openjdk-amd64/lib/libjdwp.so
7818f13c0000-7818f13cf000 r--p 00032000 103:02 17172963                  /usr/lib/jvm/java-21-openjdk-amd64/lib/libjdwp.so
7818f13cf000-7818f13d0000 r--p 00040000 103:02 17172963                  /usr/lib/jvm/java-21-openjdk-amd64/lib/libjdwp.so
7818f13d0000-7818f13d1000 rw-p 00041000 103:02 17172963                  /usr/lib/jvm/java-21-openjdk-amd64/lib/libjdwp.so
7818f13d1000-7818f13d2000 rw-p 00000000 00:00 0 
7818f13d2000-7818f13d6000 r--p 00000000 103:02 16528598                  /usr/lib/x86_64-linux-gnu/libgcc_s.so.1
7818f13d6000-7818f13fa000 r-xp 00004000 103:02 16528598                  /usr/lib/x86_64-linux-gnu/libgcc_s.so.1
7818f13fa000-7818f13fe000 r--p 00028000 103:02 16528598                  /usr/lib/x86_64-linux-gnu/libgcc_s.so.1
7818f13fe000-7818f13ff000 r--p 0002b000 103:02 16528598                  /usr/lib/x86_64-linux-gnu/libgcc_s.so.1
7818f13ff000-7818f1400000 rw-p 0002c000 103:02 16528598                  /usr/lib/x86_64-linux-gnu/libgcc_s.so.1
7818f1400000-7818f1428000 r--p 00000000 103:02 16530474                  /usr/lib/x86_64-linux-gnu/libc.so.6
7818f1428000-7818f15b0000 r-xp 00028000 103:02 16530474                  /usr/lib/x86_64-linux-gnu/libc.so.6
7818f15b0000-7818f15ff000 r--p 001b0000 103:02 16530474                  /usr/lib/x86_64-linux-gnu/libc.so.6
7818f15ff000-7818f1603000 r--p 001fe000 103:02 16530474                  /usr/lib/x86_64-linux-gnu/libc.so.6
7818f1603000-7818f1605000 rw-p 00202000 103:02 16530474                  /usr/lib/x86_64-linux-gnu/libc.so.6
7818f1605000-7818f1612000 rw-p 00000000 00:00 0 
7818f1613000-7818f1614000 r--p 00000000 103:02 16530978                  /usr/lib/x86_64-linux-gnu/libpthread.so.0
7818f1614000-7818f1615000 r-xp 00001000 103:02 16530978                  /usr/lib/x86_64-linux-gnu/libpthread.so.0
7818f1615000-7818f1616000 r--p 00002000 103:02 16530978                  /usr/lib/x86_64-linux-gnu/libpthread.so.0
7818f1616000-7818f1617000 r--p 00002000 103:02 16530978                  /usr/lib/x86_64-linux-gnu/libpthread.so.0
7818f1617000-7818f1618000 rw-p 00003000 103:02 16530978                  /usr/lib/x86_64-linux-gnu/libpthread.so.0
7818f1618000-7818f1628000 r--p 00000000 103:02 16530817                  /usr/lib/x86_64-linux-gnu/libm.so.6
7818f1628000-7818f16a7000 r-xp 00010000 103:02 16530817                  /usr/lib/x86_64-linux-gnu/libm.so.6
7818f16a7000-7818f16ff000 r--p 0008f000 103:02 16530817                  /usr/lib/x86_64-linux-gnu/libm.so.6
7818f16ff000-7818f1700000 r--p 000e7000 103:02 16530817                  /usr/lib/x86_64-linux-gnu/libm.so.6
7818f1700000-7818f1701000 rw-p 000e8000 103:02 16530817                  /usr/lib/x86_64-linux-gnu/libm.so.6
7818f1701000-7818f1703000 rw-p 00000000 00:00 0 
7818f1703000-7818f1705000 r--p 00000000 103:02 17172965                  /usr/lib/jvm/java-21-openjdk-amd64/lib/libjli.so
7818f1705000-7818f170f000 r-xp 00002000 103:02 17172965                  /usr/lib/jvm/java-21-openjdk-amd64/lib/libjli.so
7818f170f000-7818f1712000 r--p 0000c000 103:02 17172965                  /usr/lib/jvm/java-21-openjdk-amd64/lib/libjli.so
7818f1712000-7818f1713000 r--p 0000f000 103:02 17172965                  /usr/lib/jvm/java-21-openjdk-amd64/lib/libjli.so
7818f1713000-7818f1714000 rw-p 00010000 103:02 17172965                  /usr/lib/jvm/java-21-openjdk-amd64/lib/libjli.so
7818f1714000-7818f1716000 r--p 00000000 103:02 16531205                  /usr/lib/x86_64-linux-gnu/libz.so.1.3
7818f1716000-7818f1728000 r-xp 00002000 103:02 16531205                  /usr/lib/x86_64-linux-gnu/libz.so.1.3
7818f1728000-7818f172e000 r--p 00014000 103:02 16531205                  /usr/lib/x86_64-linux-gnu/libz.so.1.3
7818f172e000-7818f172f000 r--p 0001a000 103:02 16531205                  /usr/lib/x86_64-linux-gnu/libz.so.1.3
7818f172f000-7818f1730000 rw-p 0001b000 103:02 16531205                  /usr/lib/x86_64-linux-gnu/libz.so.1.3
7818f1731000-7818f1739000 rw-s 00000000 103:02 18219056                  /tmp/hsperfdata_dov/4380
7818f1739000-7818f173a000 ---p 00000000 00:00 0 
7818f173a000-7818f173b000 r--p 00000000 00:00 0 
7818f173b000-7818f173c000 ---p 00000000 00:00 0 
7818f173c000-7818f173e000 r--p 00000000 103:02 17172964                  /usr/lib/jvm/java-21-openjdk-amd64/lib/libjimage.so
7818f173e000-7818f1741000 r-xp 00002000 103:02 17172964                  /usr/lib/jvm/java-21-openjdk-amd64/lib/libjimage.so
7818f1741000-7818f1742000 r--p 00005000 103:02 17172964                  /usr/lib/jvm/java-21-openjdk-amd64/lib/libjimage.so
7818f1742000-7818f1743000 r--p 00006000 103:02 17172964                  /usr/lib/jvm/java-21-openjdk-amd64/lib/libjimage.so
7818f1743000-7818f1744000 rw-p 00007000 103:02 17172964                  /usr/lib/jvm/java-21-openjdk-amd64/lib/libjimage.so
7818f1744000-7818f1746000 rw-p 00000000 00:00 0 
7818f1746000-7818f1747000 r--p 00000000 103:02 16530286                  /usr/lib/x86_64-linux-gnu/ld-linux-x86-64.so.2
7818f1747000-7818f1772000 r-xp 00001000 103:02 16530286                  /usr/lib/x86_64-linux-gnu/ld-linux-x86-64.so.2
7818f1772000-7818f177c000 r--p 0002c000 103:02 16530286                  /usr/lib/x86_64-linux-gnu/ld-linux-x86-64.so.2
7818f177c000-7818f177e000 r--p 00036000 103:02 16530286                  /usr/lib/x86_64-linux-gnu/ld-linux-x86-64.so.2
7818f177e000-7818f1780000 rw-p 00038000 103:02 16530286                  /usr/lib/x86_64-linux-gnu/ld-linux-x86-64.so.2
7ffd79445000-7ffd79466000 rw-p 00000000 00:00 0                          [stack]
7ffd79543000-7ffd79547000 r--p 00000000 00:00 0                          [vvar]
7ffd79547000-7ffd79549000 r-xp 00000000 00:00 0                          [vdso]
ffffffffff600000-ffffffffff601000 --xp 00000000 00:00 0                  [vsyscall]
Total number of mappings: 425


VM Arguments:
jvm_args: -Dfile.encoding=UTF-8 -agentlib:jdwp=transport=dt_socket,address=localhost:58049 --module-path=/home/dov/projects/NeighborhoodPIG/build/classes 
java_command: main.NeighborhoodPIG
java_class_path (initial): /home/dov/projects/Libraries/commons-math3/commons-math3-3.6.1-javadoc.jar:/home/dov/projects/Libraries/commons-math3/commons-math3-3.6.1-sources.jar:/home/dov/projects/Libraries/commons-math3/commons-math3-3.6.1-test-sources.jar:/home/dov/projects/Libraries/commons-math3/commons-math3-3.6.1-tests.jar:/home/dov/projects/Libraries/commons-math3/commons-math3-3.6.1-tools.jar:/home/dov/projects/Libraries/commons-math3/commons-math3-3.6.1.jar:/home/dov/projects/JCudaWrapper/jcuda12/jcublas-12.0.0.jar:/home/dov/projects/JCudaWrapper/jcuda12/jcublas-natives-12.0.0-linux-x86_64.jar:/home/dov/projects/JCudaWrapper/jcuda12/jcuda-12.0.0.jar:/home/dov/projects/JCudaWrapper/jcuda12/jcuda-natives-12.0.0-linux-x86_64.jar:/home/dov/projects/JCudaWrapper/jcuda12/jcudnn-12.0.0.jar:/home/dov/projects/JCudaWrapper/jcuda12/jcudnn-natives-12.0.0-linux-x86_64.jar:/home/dov/projects/JCudaWrapper/jcuda12/jcufft-12.0.0.jar:/home/dov/projects/JCudaWrapper/jcuda12/jcufft-natives-12.0.0-linux-x86_64.jar:/home/dov/projects/JCudaWrapper/jcuda12/jcurand-12.0.0.jar:/home/dov/projects/JCudaWrapper/jcuda12/jcurand-natives-12.0.0-linux-x86_64.jar:/home/dov/projects/JCudaWrapper/jcuda12/jcusolver-12.0.0.jar:/home/dov/projects/JCudaWrapper/jcuda12/jcusolver-natives-12.0.0-linux-x86_64.jar:/home/dov/projects/JCudaWrapper/jcuda12/jcusparse-12.0.0.jar:/home/dov/projects/JCudaWrapper/jcuda12/jcusparse-natives-12.0.0-linux-x86_64.jar:/home/dov/projects/NeighborhoodPIG/build/classes
Launcher Type: SUN_STANDARD

[Global flags]
     intx CICompilerCount                          = 12                                        {product} {ergonomic}
     uint ConcGCThreads                            = 3                                         {product} {ergonomic}
     uint G1ConcRefinementThreads                  = 13                                        {product} {ergonomic}
   size_t G1HeapRegionSize                         = 4194304                                   {product} {ergonomic}
    uintx GCDrainStackTargetSize                   = 64                                        {product} {ergonomic}
   size_t InitialHeapSize                          = 515899392                                 {product} {ergonomic}
   size_t MarkStackSize                            = 4194304                                   {product} {ergonomic}
   size_t MaxHeapSize                              = 8212447232                                {product} {ergonomic}
   size_t MaxNewSize                               = 4924112896                                {product} {ergonomic}
   size_t MinHeapDeltaBytes                        = 4194304                                   {product} {ergonomic}
   size_t MinHeapSize                              = 8388608                                   {product} {ergonomic}
    uintx NonNMethodCodeHeapSize                   = 7602480                                {pd product} {ergonomic}
    uintx NonProfiledCodeHeapSize                  = 122027880                              {pd product} {ergonomic}
    uintx ProfiledCodeHeapSize                     = 122027880                              {pd product} {ergonomic}
    uintx ReservedCodeCacheSize                    = 251658240                              {pd product} {ergonomic}
     bool SegmentedCodeCache                       = true                                      {product} {ergonomic}
   size_t SoftMaxHeapSize                          = 8212447232                             {manageable} {ergonomic}
     bool UseCompressedOops                        = true                           {product lp64_product} {ergonomic}
     bool UseG1GC                                  = true                                      {product} {ergonomic}

Logging:
Log output configuration:
 #0: stdout all=warning uptime,level,tags foldmultilines=false
 #1: stderr all=off uptime,level,tags foldmultilines=false

Environment Variables:
PATH=/usr/local/sbin:/usr/local/bin:/usr/sbin:/usr/bin:/sbin:/bin:/usr/games:/usr/local/games:/snap/bin:/snap/bin
USERNAME=dov
SHELL=/bin/bash
DISPLAY=:1
LANG=en_US.UTF-8

Active Locale:
LC_ALL=en_US.UTF-8
LC_COLLATE=en_US.UTF-8
LC_CTYPE=en_US.UTF-8
LC_MESSAGES=en_US.UTF-8
LC_MONETARY=en_US.UTF-8
LC_NUMERIC=en_US.UTF-8
LC_TIME=en_US.UTF-8

Signal Handlers:
   SIGSEGV: crash_handler in libjvm.so, mask=11100100010111111101111111111110, flags=SA_RESTART|SA_SIGINFO, unblocked
    SIGBUS: crash_handler in libjvm.so, mask=11100100010111111101111111111110, flags=SA_RESTART|SA_SIGINFO, unblocked
    SIGFPE: crash_handler in libjvm.so, mask=11100100010111111101111111111110, flags=SA_RESTART|SA_SIGINFO, unblocked
   SIGPIPE: javaSignalHandler in libjvm.so, mask=11100100010111111101111111111110, flags=SA_RESTART|SA_SIGINFO, blocked
   SIGXFSZ: javaSignalHandler in libjvm.so, mask=11100100010111111101111111111110, flags=SA_RESTART|SA_SIGINFO, blocked
    SIGILL: crash_handler in libjvm.so, mask=11100100010111111101111111111110, flags=SA_RESTART|SA_SIGINFO, unblocked
   SIGUSR2: SR_handler in libjvm.so, mask=00000000000000000000000000000000, flags=SA_RESTART|SA_SIGINFO, blocked
    SIGHUP: UserHandler in libjvm.so, mask=11100100010111111101111111111110, flags=SA_RESTART|SA_SIGINFO, blocked
    SIGINT: SIG_IGN, mask=00000000000000000000000000000000, flags=none, blocked
   SIGTERM: UserHandler in libjvm.so, mask=11100100010111111101111111111110, flags=SA_RESTART|SA_SIGINFO, blocked
   SIGQUIT: UserHandler in libjvm.so, mask=11100100010111111101111111111110, flags=SA_RESTART|SA_SIGINFO, blocked
   SIGTRAP: crash_handler in libjvm.so, mask=11100100010111111101111111111110, flags=SA_RESTART|SA_SIGINFO, unblocked


Periodic native trim disabled

---------------  S Y S T E M  ---------------

OS:
DISTRIB_ID=Ubuntu
DISTRIB_RELEASE=24.04
DISTRIB_CODENAME=noble
DISTRIB_DESCRIPTION="Ubuntu 24.04.1 LTS"
uname: Linux 6.8.0-47-generic #47-Ubuntu SMP PREEMPT_DYNAMIC Fri Sep 27 21:40:26 UTC 2024 x86_64
OS uptime: 0 days 0:03 hours
libc: glibc 2.39 NPTL 2.39 
rlimit (soft/hard): STACK 8192k/infinity , CORE 0k/infinity , NPROC 125013/125013 , NOFILE 1048576/1048576 , AS infinity/infinity , CPU infinity/infinity , DATA infinity/infinity , FSIZE infinity/infinity , MEMLOCK 4009332k/4009332k
load average: 0.76 0.81 0.36

/proc/meminfo:
MemTotal:       32074676 kB
MemFree:        27743468 kB
MemAvailable:   28936272 kB
Buffers:           88248 kB
Cached:          1449416 kB
SwapCached:            0 kB
Active:          2575112 kB
Inactive:         701452 kB
Active(anon):    1752676 kB
Inactive(anon):        0 kB
Active(file):     822436 kB
Inactive(file):   701452 kB
Unevictable:          16 kB
Mlocked:              16 kB
SwapTotal:       8388604 kB
SwapFree:        8388604 kB
Zswap:                 0 kB
Zswapped:              0 kB
Dirty:               168 kB
Writeback:             0 kB
AnonPages:       1739176 kB
Mapped:           570688 kB
Shmem:             13740 kB
KReclaimable:      67764 kB
Slab:             301840 kB
SReclaimable:      67764 kB
SUnreclaim:       234076 kB
KernelStack:       14576 kB
PageTables:        23372 kB
SecPageTables:         0 kB
NFS_Unstable:          0 kB
Bounce:                0 kB
WritebackTmp:          0 kB
CommitLimit:    24425940 kB
Committed_AS:    6671800 kB
VmallocTotal:   34359738367 kB
VmallocUsed:      156204 kB
VmallocChunk:          0 kB
Percpu:            17216 kB
HardwareCorrupted:     0 kB
AnonHugePages:         0 kB
ShmemHugePages:        0 kB
ShmemPmdMapped:        0 kB
FileHugePages:         0 kB
FilePmdMapped:         0 kB
Unaccepted:            0 kB
HugePages_Total:       0
HugePages_Free:        0
HugePages_Rsvd:        0
HugePages_Surp:        0
Hugepagesize:       2048 kB
Hugetlb:               0 kB
DirectMap4k:      809448 kB
DirectMap2M:    10977280 kB
DirectMap1G:    22020096 kB

/sys/kernel/mm/transparent_hugepage/enabled: always [madvise] never
/sys/kernel/mm/transparent_hugepage/hpage_pmd_size: 2097152
/sys/kernel/mm/transparent_hugepage/defrag (defrag/compaction efforts parameter): always defer defer+madvise [madvise] never

Process Memory:
Virtual Size: 17159660K (peak: 17219272K)
Resident Set Size: 274376K (peak: 274376K) (anon: 110472K, file: 155712K, shmem: 8192K)
Swapped out: 0K
C-Heap outstanding allocations: 83771K, retained: 5388K
glibc malloc tunables: (default)

/proc/sys/kernel/threads-max (system-wide limit on the number of threads): 250026
/proc/sys/vm/max_map_count (maximum number of memory map areas a process may have): 1048576
/proc/sys/vm/swappiness (control to define how aggressively the kernel swaps out anonymous memory): 60
/proc/sys/kernel/pid_max (system-wide limit on number of process identifiers): 4194304

container (cgroup) information:
container_type: cgroupv2
cpu_cpuset_cpus: not supported
cpu_memory_nodes: not supported
active_processor_count: 16
cpu_quota: not supported
cpu_period: not supported
cpu_shares: not supported
memory_limit_in_bytes: unlimited
memory_and_swap_limit_in_bytes: unlimited
memory_soft_limit_in_bytes: unlimited
memory_usage_in_bytes: 1518096 k
memory_max_usage_in_bytes: not supported
memory_swap_current_in_bytes: unlimited
memory_swap_max_limit_in_bytes: unlimited
maximum number of tasks: 37503
current number of tasks: 104

Steal ticks since vm start: 0
Steal ticks percentage since vm start:  0.000

CPU: total 16 (initial active 16) (16 cores per cpu, 2 threads per core) family 25 model 68 stepping 1 microcode 0xa404101, cx8, cmov, fxsr, ht, mmx, 3dnowpref, sse, sse2, sse3, ssse3, sse4a, sse4.1, sse4.2, popcnt, lzcnt, tsc, tscinvbit, avx, avx2, aes, clmul, bmi1, bmi2, adx, sha, fma, vzeroupper, clflush, clflushopt, rdtscp, rdpid, f16c, pku, ospke, cet_ss
CPU Model and flags from /proc/cpuinfo:
model name	: AMD Ryzen 9 6900HS with Radeon Graphics
flags		: fpu vme de pse tsc msr pae mce cx8 apic sep mtrr pge mca cmov pat pse36 clflush mmx fxsr sse sse2 ht syscall nx mmxext fxsr_opt pdpe1gb rdtscp lm constant_tsc rep_good nopl nonstop_tsc cpuid extd_apicid aperfmperf rapl pni pclmulqdq monitor ssse3 fma cx16 sse4_1 sse4_2 x2apic movbe popcnt aes xsave avx f16c rdrand lahf_lm cmp_legacy svm extapic cr8_legacy abm sse4a misalignsse 3dnowprefetch osvw ibs skinit wdt tce topoext perfctr_core perfctr_nb bpext perfctr_llc mwaitx cpb cat_l3 cdp_l3 hw_pstate ssbd mba ibrs ibpb stibp vmmcall fsgsbase bmi1 avx2 smep bmi2 invpcid cqm rdt_a rdseed adx smap clflushopt clwb sha_ni xsaveopt xsavec xgetbv1 xsaves cqm_llc cqm_occup_llc cqm_mbm_total cqm_mbm_local user_shstk clzero irperf xsaveerptr rdpru wbnoinvd cppc arat npt lbrv svm_lock nrip_save tsc_scale vmcb_clean flushbyasid decodeassists pausefilter pfthreshold avic v_vmsave_vmload vgif v_spec_ctrl umip pku ospke vaes vpclmulqdq rdpid overflow_recov succor smca debug_swap

Online cpus: 0-15
Offline cpus: 
BIOS frequency limitation: <Not Available>
Frequency switch latency (ns): 0
Available cpu frequencies: <Not Available>
Current governor: powersave
Core performance/turbo boost: <Not Available>

Memory: 4k page, physical 32074676k(28936272k free), swap 8388604k(8388604k free)
Page Sizes: 4k

vm_info: OpenJDK 64-Bit Server VM (21.0.4+7-Ubuntu-1ubuntu224.04) for linux-amd64 JRE (21.0.4+7-Ubuntu-1ubuntu224.04), built on 2024-07-23T01:34:52Z by "buildd" with gcc 13.2.0

END.
