#
# A fatal error has been detected by the Java Runtime Environment:
#
#  SIGSEGV (0xb) at pc=0x000073271a64b06e, pid=39113, tid=39117
#
# JRE version: OpenJDK Runtime Environment (21.0.4+7) (build 21.0.4+7-Ubuntu-1ubuntu224.04)
# Java VM: OpenJDK 64-Bit Server VM (21.0.4+7-Ubuntu-1ubuntu224.04, mixed mode, sharing, tiered, compressed oops, compressed class ptrs, g1 gc, linux-amd64)
# Problematic frame:
# C  [libcuda.so.1+0x24b06e]
#
# Core dump will be written. Default location: Core dumps may be processed with "/usr/share/apport/apport -p%p -s%s -c%c -d%d -P%P -u%u -g%g -- %E" (or dumping to /home/dov/projects/NeighborhoodPIG/core.39113)
#
# If you would like to submit a bug report, please visit:
#   https://bugs.launchpad.net/ubuntu/+source/openjdk-21
# The crash happened outside the Java Virtual Machine in native code.
# See problematic frame for where to report the bug.
#

---------------  S U M M A R Y ------------

Command Line: -Dfile.encoding=UTF-8 -agentlib:jdwp=transport=dt_socket,address=localhost:46129 --module-path=/home/dov/projects/NeighborhoodPIG/build/classes main.NeighborhoodPIG

Host: AMD Ryzen 9 6900HS with Radeon Graphics, 16 cores, 30G, Ubuntu 24.04.1 LTS
Time: Thu Oct 31 12:11:57 2024 IST elapsed time: 3.953511 seconds (0d 0h 0m 3s)

---------------  T H R E A D  ---------------

Current thread (0x000073275001b940):  JavaThread "main"             [_thread_in_native, id=39117, stack(0x0000732754f00000,0x0000732755000000) (1024K)]

Stack: [0x0000732754f00000,0x0000732755000000],  sp=0x0000732754ffe230,  free space=1016k
Native frames: (J=compiled Java code, j=interpreted, Vv=VM code, C=native code)
C  [libcuda.so.1+0x24b06e]
C  [libcuda.so.1+0x24b5f8]
C  [libcuda.so.1+0x2f19c3]
j  jcuda.driver.JCudaDriver.cuStreamSynchronizeNative(Ljcuda/driver/CUstream;)I+0
j  jcuda.driver.JCudaDriver.cuStreamSynchronize(Ljcuda/driver/CUstream;)I+1
j  JCudaWrapper.resourceManagement.Handle.getStream()Ljcuda/runtime/cudaStream_t;+11
j  JCudaWrapper.array.Array.get(LJCudaWrapper/resourceManagement/Handle;Ljcuda/Pointer;III)V+70
j  JCudaWrapper.array.DArray.getIncremented(LJCudaWrapper/resourceManagement/Handle;I)[D+38
j  JCudaWrapper.algebra.Vector.vecGet()[D+12
j  JCudaWrapper.algebra.Matrix.lambda$get$1(I)[D+5
j  JCudaWrapper.algebra.Matrix$$Lambda+0x00007326d0020bc0.apply(I)Ljava/lang/Object;+5
j  java.util.Arrays.setAll([Ljava/lang/Object;Ljava/util/function/IntFunction;)V+17 java.base@21.0.4
j  JCudaWrapper.algebra.Matrix.get()[[D+15
j  main.StructureTensorMatrix.getRGB()[[[D+42
j  main.NeighborhoodPIG.orientationColored(Ljava/lang/String;)V+4
j  main.NeighborhoodPIG.main([Ljava/lang/String;)V+14
v  ~StubRoutines::call_stub 0x000073273fc5fcc6
V  [libjvm.so+0x90841a]  JavaCalls::call_helper(JavaValue*, methodHandle const&, JavaCallArguments*, JavaThread*)+0x2da
V  [libjvm.so+0x9ae72d]  jni_invoke_static(JNIEnv_*, JavaValue*, _jobject*, JNICallType, _jmethodID*, JNI_ArgumentPusher*, JavaThread*) [clone .constprop.1]+0x35d
V  [libjvm.so+0x9b0c7f]  jni_CallStaticVoidMethod+0x12f
C  [libjli.so+0x55be]  JavaMain+0xfde
C  [libjli.so+0x844d]  ThreadJavaMain+0xd
C  [libc.so.6+0x9ca94]
Java frames: (J=compiled Java code, j=interpreted, Vv=VM code)
j  jcuda.driver.JCudaDriver.cuStreamSynchronizeNative(Ljcuda/driver/CUstream;)I+0
j  jcuda.driver.JCudaDriver.cuStreamSynchronize(Ljcuda/driver/CUstream;)I+1
j  JCudaWrapper.resourceManagement.Handle.getStream()Ljcuda/runtime/cudaStream_t;+11
j  JCudaWrapper.array.Array.get(LJCudaWrapper/resourceManagement/Handle;Ljcuda/Pointer;III)V+70
j  JCudaWrapper.array.DArray.getIncremented(LJCudaWrapper/resourceManagement/Handle;I)[D+38
j  JCudaWrapper.algebra.Vector.vecGet()[D+12
j  JCudaWrapper.algebra.Matrix.lambda$get$1(I)[D+5
j  JCudaWrapper.algebra.Matrix$$Lambda+0x00007326d0020bc0.apply(I)Ljava/lang/Object;+5
j  java.util.Arrays.setAll([Ljava/lang/Object;Ljava/util/function/IntFunction;)V+17 java.base@21.0.4
j  JCudaWrapper.algebra.Matrix.get()[[D+15
j  main.StructureTensorMatrix.getRGB()[[[D+42
j  main.NeighborhoodPIG.orientationColored(Ljava/lang/String;)V+4
j  main.NeighborhoodPIG.main([Ljava/lang/String;)V+14
v  ~StubRoutines::call_stub 0x000073273fc5fcc6

siginfo: si_signo: 11 (SIGSEGV), si_code: 1 (SEGV_MAPERR), si_addr: 0x00007320623e8618

Registers:
RAX=0x000073275062c160, RBX=0x0000732754ffe348, RCX=0x0000000000000002, RDX=0x00007327527c0a40
RSP=0x0000732754ffe230, RBP=0x0000732754ffe290, RSI=0x0000000000000000, RDI=0x000073275062c160
R8 =0x0000732754ffe2c8, R9 =0x0000000000000000, R10=0x00007327527c0a40, R11=0x00007320623e8230
R12=0x0000732754ffe2c8, R13=0x000073275062c160, R14=0x0000732754ffe458, R15=0x000073275001b940
RIP=0x000073271a64b06e, EFLAGS=0x0000000000010206, CSGSFS=0x002b000000000033, ERR=0x0000000000000004
  TRAPNO=0x000000000000000e


Register to memory mapping:

RAX=0x000073275062c160 points into unknown readable memory: 0x000073275060be80 | 80 be 60 50 27 73 00 00
RBX=0x0000732754ffe348 is pointing into the stack for thread: 0x000073275001b940
RCX=0x0000000000000002 is an unknown value
RDX=0x00007327527c0a40 points into unknown readable memory: 0x00007320623e8230 | 30 82 3e 62 20 73 00 00
RSP=0x0000732754ffe230 is pointing into the stack for thread: 0x000073275001b940
RBP=0x0000732754ffe290 is pointing into the stack for thread: 0x000073275001b940
RSI=0x0 is null
RDI=0x000073275062c160 points into unknown readable memory: 0x000073275060be80 | 80 be 60 50 27 73 00 00
R8 =0x0000732754ffe2c8 is pointing into the stack for thread: 0x000073275001b940
R9 =0x0 is null
R10=0x00007327527c0a40 points into unknown readable memory: 0x00007320623e8230 | 30 82 3e 62 20 73 00 00
R11=0x00007320623e8230 is an unknown value
R12=0x0000732754ffe2c8 is pointing into the stack for thread: 0x000073275001b940
R13=0x000073275062c160 points into unknown readable memory: 0x000073275060be80 | 80 be 60 50 27 73 00 00
R14=0x0000732754ffe458 is pointing into the stack for thread: 0x000073275001b940
R15=0x000073275001b940 is a thread

Top of Stack: (sp=0x0000732754ffe230)
0x0000732754ffe230:   000073275001c5a8 00000000000000d8
0x0000732754ffe240:   0000732754ffeab0 000073275001b940
0x0000732754ffe250:   0000732754ffe2f0 0000732754ffe340
0x0000732754ffe260:   0000000000000000 0000732754ffe348
0x0000732754ffe270:   0000000000000000 0000732754ffe340
0x0000732754ffe280:   0000732754ffe458 000073275001b940
0x0000732754ffe290:   0000732754ffe300 000073271a64b5f8
0x0000732754ffe2a0:   000073275001c5a8 00000000000000d8
0x0000732754ffe2b0:   0000732754ffeab0 000073275001b940
0x0000732754ffe2c0:   0000732754ffe360 0000000000000000
0x0000732754ffe2d0:   0000000000000000 00007326c44df1e8
0x0000732754ffe2e0:   00007327527c0a40 00007326c44df1e8
0x0000732754ffe2f0:   0000732754ffe458 000073275001b940
0x0000732754ffe300:   0000732754ffe3d0 000073271a6f19c3
0x0000732754ffe310:   0000732754ffe458 0000000000000001
0x0000732754ffe320:   000003e700000002 0000000000000000
0x0000732754ffe330:   0000000000000000 000073275062c160
0x0000732754ffe340:   0000000000000000 0000000000000000
0x0000732754ffe350:   000073273fc66a90 0000000000000000
0x0000732754ffe360:   0000730000000000 0000732754ffe438
0x0000732754ffe370:   0000732754ffe3f0 000073273fc6d2f1
0x0000732754ffe380:   0000732754ffe3f0 000073273fc6e738
0x0000732754ffe390:   000073273fc66a90 0000000000000000
0x0000732754ffe3a0:   0000730000000000 0000732754ffe438
0x0000732754ffe3b0:   000073275001bcf8 00007326cce3604a
0x0000732754ffe3c0:   00007326c44df1e8 0000000000000000
0x0000732754ffe3d0:   0000732754ffe438 000073273fc6eb6d
0x0000732754ffe3e0:   0000732754ffe460 000073273fc6e738
0x0000732754ffe3f0:   0000732754ffe3f0 00007326c44df1e8
0x0000732754ffe400:   0000000000000004 00007326c44e3ab0
0x0000732754ffe410:   0000000000000000 0000000634fcb330
0x0000732754ffe420:   00007326c44df1e8 0000000000000000 

Instructions: (pc=0x000073271a64b06e)
0x000073271a64af6e:   f6 c2 10 75 ba 83 e2 08 b8 8a 03 00 00 75 da 48
0x000073271a64af7e:   8b 59 08 4c 8d 63 08 4c 89 e7 e8 23 3a e9 ff 48
0x000073271a64af8e:   8b 5b 38 48 85 db 74 2d 66 2e 0f 1f 84 00 00 00
0x000073271a64af9e:   00 00 48 8b bb e8 03 00 00 48 85 ff 74 0b f6 43
0x000073271a64afae:   50 04 74 05 e8 c9 9a 29 00 48 8b 9b 58 01 00 00
0x000073271a64afbe:   48 85 db 75 dd 4c 89 e7 e8 15 35 e9 ff b8 8a 03
0x000073271a64afce:   00 00 eb 85 66 0f 1f 44 00 00 83 f8 02 ba 91 01
0x000073271a64afde:   00 00 b8 00 00 00 00 5b 0f 44 c2 41 5c 5d c3 0f
0x000073271a64afee:   1f 00 e8 8b 9a 29 00 b8 84 03 00 00 e9 58 ff ff
0x000073271a64affe:   ff 90 55 48 89 e5 41 57 41 56 41 55 49 89 fd 41
0x000073271a64b00e:   54 4d 89 c4 53 48 83 ec 38 49 c7 00 00 00 00 00
0x000073271a64b01e:   48 85 f6 0f 84 b9 00 00 00 44 8b 0e 41 ba 00 00
0x000073271a64b02e:   00 00 48 89 f3 45 85 c9 4c 0f 45 d6 48 83 fa 02
0x000073271a64b03e:   77 20 48 85 d2 74 5b 48 83 fa 02 0f 85 81 00 00
0x000073271a64b04e:   00 4d 85 d2 0f 84 a8 00 00 00 41 b8 90 01 00 00
0x000073271a64b05e:   eb 28 4c 8b 1a 4d 85 db 74 f0 49 39 5b 10 75 ea
0x000073271a64b06e:   49 83 bb e8 03 00 00 00 75 09 4d 85 ed 0f 85 57
0x000073271a64b07e:   01 00 00 4d 89 1c 24 45 31 c0 48 8d 65 d8 44 89
0x000073271a64b08e:   c0 5b 41 5c 41 5d 41 5e 41 5f 5d c3 66 0f 1f 44
0x000073271a64b09e:   00 00 83 f9 02 0f 84 27 02 00 00 83 f9 03 0f 84
0x000073271a64b0ae:   06 02 00 00 83 f9 01 0f 84 e5 01 00 00 0f b6 05
0x000073271a64b0be:   66 ac 91 01 c0 e8 03 83 e0 01 84 c0 0f 85 7f ff
0x000073271a64b0ce:   ff ff 4d 85 d2 0f 84 ef 00 00 00 4d 8b 5a 68 eb
0x000073271a64b0de:   84 90 48 83 fa 02 0f 86 6e ff ff ff 4c 8b 1a 4d
0x000073271a64b0ee:   85 db 0f 85 78 ff ff ff e9 5d ff ff ff 0f 1f 44
0x000073271a64b0fe:   00 00 4d 8b 5d 18 4d 85 db 74 0d 8b 43 38 41 39
0x000073271a64b10e:   45 20 0f 84 9f 00 00 00 4c 8d b3 a0 03 00 00 4c
0x000073271a64b11e:   89 55 a8 4d 8b 7d 10 4c 89 f7 e8 83 38 e9 ff 4c
0x000073271a64b12e:   8b 9b c8 03 00 00 45 31 c0 4c 89 fe 4c 89 c2 41
0x000073271a64b13e:   8b 3b 4c 89 5d b0 89 7d b8 e8 14 72 0d 00 4c 8b
0x000073271a64b14e:   5d b0 48 83 ec 08 8b 7d b8 45 31 c0 41 89 c1 4c
0x000073271a64b15e:   89 f9 49 8b 53 10 41 8b 73 0c 6a 00 e8 21 ee 2a 


Stack slot to memory mapping:

stack at sp + 0 slots: 0x000073275001c5a8 points into unknown readable memory: 0x0000000000000045 | 45 00 00 00 00 00 00 00
stack at sp + 1 slots: 0x00000000000000d8 is an unknown value
stack at sp + 2 slots: 0x0000732754ffeab0 is pointing into the stack for thread: 0x000073275001b940
stack at sp + 3 slots: 0x000073275001b940 is a thread
stack at sp + 4 slots: 0x0000732754ffe2f0 is pointing into the stack for thread: 0x000073275001b940
stack at sp + 5 slots: 0x0000732754ffe340 is pointing into the stack for thread: 0x000073275001b940
stack at sp + 6 slots: 0x0 is null
stack at sp + 7 slots: 0x0000732754ffe348 is pointing into the stack for thread: 0x000073275001b940


---------------  P R O C E S S  ---------------

Threads class SMR info:
_java_thread_list=0x0000732751570890, length=16, elements={
0x000073275001b940, 0x000073275013a1f0, 0x000073275013b680, 0x000073275013d150,
0x000073275013e7a0, 0x000073275013fd50, 0x0000732750141920, 0x0000732750142ff0,
0x00007327501620c0, 0x0000732694056a40, 0x00007327501a5690, 0x00007327501bce00,
0x0000732680001110, 0x00007327501be0c0, 0x0000732751537840, 0x000073275156ff60
}

Java Threads: ( => current thread )
=>0x000073275001b940 JavaThread "main"                              [_thread_in_native, id=39117, stack(0x0000732754f00000,0x0000732755000000) (1024K)]
  0x000073275013a1f0 JavaThread "Reference Handler"          daemon [_thread_blocked, id=39125, stack(0x0000732726900000,0x0000732726a00000) (1024K)]
  0x000073275013b680 JavaThread "Finalizer"                  daemon [_thread_blocked, id=39126, stack(0x0000732726800000,0x0000732726900000) (1024K)]
  0x000073275013d150 JavaThread "Signal Dispatcher"          daemon [_thread_blocked, id=39127, stack(0x0000732726700000,0x0000732726800000) (1024K)]
  0x000073275013e7a0 JavaThread "Service Thread"             daemon [_thread_blocked, id=39128, stack(0x0000732726600000,0x0000732726700000) (1024K)]
  0x000073275013fd50 JavaThread "Monitor Deflation Thread"   daemon [_thread_blocked, id=39129, stack(0x0000732726500000,0x0000732726600000) (1024K)]
  0x0000732750141920 JavaThread "C2 CompilerThread0"         daemon [_thread_blocked, id=39130, stack(0x0000732726400000,0x0000732726500000) (1024K)]
  0x0000732750142ff0 JavaThread "C1 CompilerThread0"         daemon [_thread_blocked, id=39131, stack(0x0000732726300000,0x0000732726400000) (1024K)]
  0x00007327501620c0 JavaThread "Common-Cleaner"             daemon [_thread_blocked, id=39133, stack(0x0000732726200000,0x0000732726300000) (1024K)]
  0x0000732694056a40 JavaThread "C1 CompilerThread1"         daemon [_thread_blocked, id=39134, stack(0x0000732726100000,0x0000732726200000) (1024K)]
  0x00007327501a5690 JavaThread "JDWP Transport Listener: dt_socket" daemon [_thread_blocked, id=39135, stack(0x0000732726000000,0x0000732726100000) (1024K)]
  0x00007327501bce00 JavaThread "JDWP Event Helper Thread"   daemon [_thread_blocked, id=39138, stack(0x0000732725f00000,0x0000732726000000) (1024K)]
  0x0000732680001110 JavaThread "JDWP Command Reader"        daemon [_thread_in_native, id=39139, stack(0x0000732725e00000,0x0000732725f00000) (1024K)]
  0x00007327501be0c0 JavaThread "Notification Thread"        daemon [_thread_blocked, id=39141, stack(0x0000732725d00000,0x0000732725e00000) (1024K)]
  0x0000732751537840 JavaThread "pool-1-thread-1"            daemon [_thread_blocked, id=39150, stack(0x0000732725c00000,0x0000732725d00000) (1024K)]
  0x000073275156ff60 JavaThread "Java2D Disposer"            daemon [_thread_blocked, id=39151, stack(0x0000732725b00000,0x0000732725c00000) (1024K)]
Total: 16

Other Threads:
  0x000073275012cca0 VMThread "VM Thread"                           [id=39124, stack(0x00007327277f9000,0x00007327278f9000) (1024K)]
  0x0000732750112450 WatcherThread "VM Periodic Task Thread"        [id=39123, stack(0x00007327278fa000,0x00007327279fa000) (1024K)]
  0x0000732750046600 WorkerThread "GC Thread#0"                     [id=39118, stack(0x000073274fe44000,0x000073274ff44000) (1024K)]
  0x0000732750057100 ConcurrentGCThread "G1 Main Marker"            [id=39119, stack(0x0000732736700000,0x0000732736800000) (1024K)]
  0x00007327500580b0 WorkerThread "G1 Conc#0"                       [id=39120, stack(0x000073272eb00000,0x000073272ec00000) (1024K)]
  0x00007327500ffcc0 ConcurrentGCThread "G1 Refine#0"               [id=39121, stack(0x0000732727afc000,0x0000732727bfc000) (1024K)]
  0x0000732750100c80 ConcurrentGCThread "G1 Service"                [id=39122, stack(0x00007327279fb000,0x0000732727afb000) (1024K)]
Total: 7

Threads with active compile tasks:
Total: 0

VM state: not at safepoint (normal execution)

VM Mutex/Monitor currently owned by a thread: None

Heap address: 0x0000000616800000, size: 7832 MB, Compressed Oops mode: Zero based, Oop shift amount: 3

CDS archive(s) mapped at: [0x00007326cf000000-0x00007326cfcae000-0x00007326cfcae000), size 13295616, SharedBaseAddress: 0x00007326cf000000, ArchiveRelocationMode: 1.
Compressed class space mapped at: 0x00007326d0000000-0x0000732710000000, reserved size: 1073741824
Narrow klass base: 0x00007326cf000000, Narrow klass shift: 0, Narrow klass range: 0x100000000

GC Precious Log:
 CardTable entry size: 512
 Card Set container configuration: InlinePtr #cards 4 size 8 Array Of Cards #cards 32 size 80 Howl #buckets 8 coarsen threshold 7372 Howl Bitmap #cards 1024 size 144 coarsen threshold 921 Card regions per heap region 1 cards per card region 8192
 CPUs: 16 total, 16 available
 Memory: 31322M
 Large Page Support: Disabled
 NUMA Support: Disabled
 Compressed Oops: Enabled (Zero based)
 Heap Region Size: 4M
 Heap Min Capacity: 8M
 Heap Initial Capacity: 492M
 Heap Max Capacity: 7832M
 Pre-touch: Disabled
 Parallel Workers: 13
 Concurrent Workers: 3
 Concurrent Refinement Workers: 13
 Periodic GC: Disabled

Heap:
 garbage-first heap   total 507904K, used 9246K [0x0000000616800000, 0x0000000800000000)
  region size 4096K, 3 young (12288K), 0 survivors (0K)
 Metaspace       used 3405K, committed 3584K, reserved 1114112K
  class space    used 290K, committed 384K, reserved 1048576K

Heap Regions: E=young(eden), S=young(survivor), O=old, HS=humongous(starts), HC=humongous(continues), CS=collection set, F=free, TAMS=top-at-mark-start, PB=parsable bottom
|   0|0x0000000616800000, 0x0000000616800000, 0x0000000616c00000|  0%| F|  |TAMS 0x0000000616800000| PB 0x0000000616800000| Untracked 
|   1|0x0000000616c00000, 0x0000000616c00000, 0x0000000617000000|  0%| F|  |TAMS 0x0000000616c00000| PB 0x0000000616c00000| Untracked 
|   2|0x0000000617000000, 0x0000000617000000, 0x0000000617400000|  0%| F|  |TAMS 0x0000000617000000| PB 0x0000000617000000| Untracked 
|   3|0x0000000617400000, 0x0000000617400000, 0x0000000617800000|  0%| F|  |TAMS 0x0000000617400000| PB 0x0000000617400000| Untracked 
|   4|0x0000000617800000, 0x0000000617800000, 0x0000000617c00000|  0%| F|  |TAMS 0x0000000617800000| PB 0x0000000617800000| Untracked 
|   5|0x0000000617c00000, 0x0000000617c00000, 0x0000000618000000|  0%| F|  |TAMS 0x0000000617c00000| PB 0x0000000617c00000| Untracked 
|   6|0x0000000618000000, 0x0000000618000000, 0x0000000618400000|  0%| F|  |TAMS 0x0000000618000000| PB 0x0000000618000000| Untracked 
|   7|0x0000000618400000, 0x0000000618400000, 0x0000000618800000|  0%| F|  |TAMS 0x0000000618400000| PB 0x0000000618400000| Untracked 
|   8|0x0000000618800000, 0x0000000618800000, 0x0000000618c00000|  0%| F|  |TAMS 0x0000000618800000| PB 0x0000000618800000| Untracked 
|   9|0x0000000618c00000, 0x0000000618c00000, 0x0000000619000000|  0%| F|  |TAMS 0x0000000618c00000| PB 0x0000000618c00000| Untracked 
|  10|0x0000000619000000, 0x0000000619000000, 0x0000000619400000|  0%| F|  |TAMS 0x0000000619000000| PB 0x0000000619000000| Untracked 
|  11|0x0000000619400000, 0x0000000619400000, 0x0000000619800000|  0%| F|  |TAMS 0x0000000619400000| PB 0x0000000619400000| Untracked 
|  12|0x0000000619800000, 0x0000000619800000, 0x0000000619c00000|  0%| F|  |TAMS 0x0000000619800000| PB 0x0000000619800000| Untracked 
|  13|0x0000000619c00000, 0x0000000619c00000, 0x000000061a000000|  0%| F|  |TAMS 0x0000000619c00000| PB 0x0000000619c00000| Untracked 
|  14|0x000000061a000000, 0x000000061a000000, 0x000000061a400000|  0%| F|  |TAMS 0x000000061a000000| PB 0x000000061a000000| Untracked 
|  15|0x000000061a400000, 0x000000061a400000, 0x000000061a800000|  0%| F|  |TAMS 0x000000061a400000| PB 0x000000061a400000| Untracked 
|  16|0x000000061a800000, 0x000000061a800000, 0x000000061ac00000|  0%| F|  |TAMS 0x000000061a800000| PB 0x000000061a800000| Untracked 
|  17|0x000000061ac00000, 0x000000061ac00000, 0x000000061b000000|  0%| F|  |TAMS 0x000000061ac00000| PB 0x000000061ac00000| Untracked 
|  18|0x000000061b000000, 0x000000061b000000, 0x000000061b400000|  0%| F|  |TAMS 0x000000061b000000| PB 0x000000061b000000| Untracked 
|  19|0x000000061b400000, 0x000000061b400000, 0x000000061b800000|  0%| F|  |TAMS 0x000000061b400000| PB 0x000000061b400000| Untracked 
|  20|0x000000061b800000, 0x000000061b800000, 0x000000061bc00000|  0%| F|  |TAMS 0x000000061b800000| PB 0x000000061b800000| Untracked 
|  21|0x000000061bc00000, 0x000000061bc00000, 0x000000061c000000|  0%| F|  |TAMS 0x000000061bc00000| PB 0x000000061bc00000| Untracked 
|  22|0x000000061c000000, 0x000000061c000000, 0x000000061c400000|  0%| F|  |TAMS 0x000000061c000000| PB 0x000000061c000000| Untracked 
|  23|0x000000061c400000, 0x000000061c400000, 0x000000061c800000|  0%| F|  |TAMS 0x000000061c400000| PB 0x000000061c400000| Untracked 
|  24|0x000000061c800000, 0x000000061c800000, 0x000000061cc00000|  0%| F|  |TAMS 0x000000061c800000| PB 0x000000061c800000| Untracked 
|  25|0x000000061cc00000, 0x000000061cc00000, 0x000000061d000000|  0%| F|  |TAMS 0x000000061cc00000| PB 0x000000061cc00000| Untracked 
|  26|0x000000061d000000, 0x000000061d000000, 0x000000061d400000|  0%| F|  |TAMS 0x000000061d000000| PB 0x000000061d000000| Untracked 
|  27|0x000000061d400000, 0x000000061d400000, 0x000000061d800000|  0%| F|  |TAMS 0x000000061d400000| PB 0x000000061d400000| Untracked 
|  28|0x000000061d800000, 0x000000061d800000, 0x000000061dc00000|  0%| F|  |TAMS 0x000000061d800000| PB 0x000000061d800000| Untracked 
|  29|0x000000061dc00000, 0x000000061dc00000, 0x000000061e000000|  0%| F|  |TAMS 0x000000061dc00000| PB 0x000000061dc00000| Untracked 
|  30|0x000000061e000000, 0x000000061e000000, 0x000000061e400000|  0%| F|  |TAMS 0x000000061e000000| PB 0x000000061e000000| Untracked 
|  31|0x000000061e400000, 0x000000061e400000, 0x000000061e800000|  0%| F|  |TAMS 0x000000061e400000| PB 0x000000061e400000| Untracked 
|  32|0x000000061e800000, 0x000000061e800000, 0x000000061ec00000|  0%| F|  |TAMS 0x000000061e800000| PB 0x000000061e800000| Untracked 
|  33|0x000000061ec00000, 0x000000061ec00000, 0x000000061f000000|  0%| F|  |TAMS 0x000000061ec00000| PB 0x000000061ec00000| Untracked 
|  34|0x000000061f000000, 0x000000061f000000, 0x000000061f400000|  0%| F|  |TAMS 0x000000061f000000| PB 0x000000061f000000| Untracked 
|  35|0x000000061f400000, 0x000000061f400000, 0x000000061f800000|  0%| F|  |TAMS 0x000000061f400000| PB 0x000000061f400000| Untracked 
|  36|0x000000061f800000, 0x000000061f800000, 0x000000061fc00000|  0%| F|  |TAMS 0x000000061f800000| PB 0x000000061f800000| Untracked 
|  37|0x000000061fc00000, 0x000000061fc00000, 0x0000000620000000|  0%| F|  |TAMS 0x000000061fc00000| PB 0x000000061fc00000| Untracked 
|  38|0x0000000620000000, 0x0000000620000000, 0x0000000620400000|  0%| F|  |TAMS 0x0000000620000000| PB 0x0000000620000000| Untracked 
|  39|0x0000000620400000, 0x0000000620400000, 0x0000000620800000|  0%| F|  |TAMS 0x0000000620400000| PB 0x0000000620400000| Untracked 
|  40|0x0000000620800000, 0x0000000620800000, 0x0000000620c00000|  0%| F|  |TAMS 0x0000000620800000| PB 0x0000000620800000| Untracked 
|  41|0x0000000620c00000, 0x0000000620c00000, 0x0000000621000000|  0%| F|  |TAMS 0x0000000620c00000| PB 0x0000000620c00000| Untracked 
|  42|0x0000000621000000, 0x0000000621000000, 0x0000000621400000|  0%| F|  |TAMS 0x0000000621000000| PB 0x0000000621000000| Untracked 
|  43|0x0000000621400000, 0x0000000621400000, 0x0000000621800000|  0%| F|  |TAMS 0x0000000621400000| PB 0x0000000621400000| Untracked 
|  44|0x0000000621800000, 0x0000000621800000, 0x0000000621c00000|  0%| F|  |TAMS 0x0000000621800000| PB 0x0000000621800000| Untracked 
|  45|0x0000000621c00000, 0x0000000621c00000, 0x0000000622000000|  0%| F|  |TAMS 0x0000000621c00000| PB 0x0000000621c00000| Untracked 
|  46|0x0000000622000000, 0x0000000622000000, 0x0000000622400000|  0%| F|  |TAMS 0x0000000622000000| PB 0x0000000622000000| Untracked 
|  47|0x0000000622400000, 0x0000000622400000, 0x0000000622800000|  0%| F|  |TAMS 0x0000000622400000| PB 0x0000000622400000| Untracked 
|  48|0x0000000622800000, 0x0000000622800000, 0x0000000622c00000|  0%| F|  |TAMS 0x0000000622800000| PB 0x0000000622800000| Untracked 
|  49|0x0000000622c00000, 0x0000000622c00000, 0x0000000623000000|  0%| F|  |TAMS 0x0000000622c00000| PB 0x0000000622c00000| Untracked 
|  50|0x0000000623000000, 0x0000000623000000, 0x0000000623400000|  0%| F|  |TAMS 0x0000000623000000| PB 0x0000000623000000| Untracked 
|  51|0x0000000623400000, 0x0000000623400000, 0x0000000623800000|  0%| F|  |TAMS 0x0000000623400000| PB 0x0000000623400000| Untracked 
|  52|0x0000000623800000, 0x0000000623800000, 0x0000000623c00000|  0%| F|  |TAMS 0x0000000623800000| PB 0x0000000623800000| Untracked 
|  53|0x0000000623c00000, 0x0000000623c00000, 0x0000000624000000|  0%| F|  |TAMS 0x0000000623c00000| PB 0x0000000623c00000| Untracked 
|  54|0x0000000624000000, 0x0000000624000000, 0x0000000624400000|  0%| F|  |TAMS 0x0000000624000000| PB 0x0000000624000000| Untracked 
|  55|0x0000000624400000, 0x0000000624400000, 0x0000000624800000|  0%| F|  |TAMS 0x0000000624400000| PB 0x0000000624400000| Untracked 
|  56|0x0000000624800000, 0x0000000624800000, 0x0000000624c00000|  0%| F|  |TAMS 0x0000000624800000| PB 0x0000000624800000| Untracked 
|  57|0x0000000624c00000, 0x0000000624c00000, 0x0000000625000000|  0%| F|  |TAMS 0x0000000624c00000| PB 0x0000000624c00000| Untracked 
|  58|0x0000000625000000, 0x0000000625000000, 0x0000000625400000|  0%| F|  |TAMS 0x0000000625000000| PB 0x0000000625000000| Untracked 
|  59|0x0000000625400000, 0x0000000625400000, 0x0000000625800000|  0%| F|  |TAMS 0x0000000625400000| PB 0x0000000625400000| Untracked 
|  60|0x0000000625800000, 0x0000000625800000, 0x0000000625c00000|  0%| F|  |TAMS 0x0000000625800000| PB 0x0000000625800000| Untracked 
|  61|0x0000000625c00000, 0x0000000625c00000, 0x0000000626000000|  0%| F|  |TAMS 0x0000000625c00000| PB 0x0000000625c00000| Untracked 
|  62|0x0000000626000000, 0x0000000626000000, 0x0000000626400000|  0%| F|  |TAMS 0x0000000626000000| PB 0x0000000626000000| Untracked 
|  63|0x0000000626400000, 0x0000000626400000, 0x0000000626800000|  0%| F|  |TAMS 0x0000000626400000| PB 0x0000000626400000| Untracked 
|  64|0x0000000626800000, 0x0000000626800000, 0x0000000626c00000|  0%| F|  |TAMS 0x0000000626800000| PB 0x0000000626800000| Untracked 
|  65|0x0000000626c00000, 0x0000000626c00000, 0x0000000627000000|  0%| F|  |TAMS 0x0000000626c00000| PB 0x0000000626c00000| Untracked 
|  66|0x0000000627000000, 0x0000000627000000, 0x0000000627400000|  0%| F|  |TAMS 0x0000000627000000| PB 0x0000000627000000| Untracked 
|  67|0x0000000627400000, 0x0000000627400000, 0x0000000627800000|  0%| F|  |TAMS 0x0000000627400000| PB 0x0000000627400000| Untracked 
|  68|0x0000000627800000, 0x0000000627800000, 0x0000000627c00000|  0%| F|  |TAMS 0x0000000627800000| PB 0x0000000627800000| Untracked 
|  69|0x0000000627c00000, 0x0000000627c00000, 0x0000000628000000|  0%| F|  |TAMS 0x0000000627c00000| PB 0x0000000627c00000| Untracked 
|  70|0x0000000628000000, 0x0000000628000000, 0x0000000628400000|  0%| F|  |TAMS 0x0000000628000000| PB 0x0000000628000000| Untracked 
|  71|0x0000000628400000, 0x0000000628400000, 0x0000000628800000|  0%| F|  |TAMS 0x0000000628400000| PB 0x0000000628400000| Untracked 
|  72|0x0000000628800000, 0x0000000628800000, 0x0000000628c00000|  0%| F|  |TAMS 0x0000000628800000| PB 0x0000000628800000| Untracked 
|  73|0x0000000628c00000, 0x0000000628c00000, 0x0000000629000000|  0%| F|  |TAMS 0x0000000628c00000| PB 0x0000000628c00000| Untracked 
|  74|0x0000000629000000, 0x0000000629000000, 0x0000000629400000|  0%| F|  |TAMS 0x0000000629000000| PB 0x0000000629000000| Untracked 
|  75|0x0000000629400000, 0x0000000629400000, 0x0000000629800000|  0%| F|  |TAMS 0x0000000629400000| PB 0x0000000629400000| Untracked 
|  76|0x0000000629800000, 0x0000000629800000, 0x0000000629c00000|  0%| F|  |TAMS 0x0000000629800000| PB 0x0000000629800000| Untracked 
|  77|0x0000000629c00000, 0x0000000629c00000, 0x000000062a000000|  0%| F|  |TAMS 0x0000000629c00000| PB 0x0000000629c00000| Untracked 
|  78|0x000000062a000000, 0x000000062a000000, 0x000000062a400000|  0%| F|  |TAMS 0x000000062a000000| PB 0x000000062a000000| Untracked 
|  79|0x000000062a400000, 0x000000062a400000, 0x000000062a800000|  0%| F|  |TAMS 0x000000062a400000| PB 0x000000062a400000| Untracked 
|  80|0x000000062a800000, 0x000000062a800000, 0x000000062ac00000|  0%| F|  |TAMS 0x000000062a800000| PB 0x000000062a800000| Untracked 
|  81|0x000000062ac00000, 0x000000062ac00000, 0x000000062b000000|  0%| F|  |TAMS 0x000000062ac00000| PB 0x000000062ac00000| Untracked 
|  82|0x000000062b000000, 0x000000062b000000, 0x000000062b400000|  0%| F|  |TAMS 0x000000062b000000| PB 0x000000062b000000| Untracked 
|  83|0x000000062b400000, 0x000000062b400000, 0x000000062b800000|  0%| F|  |TAMS 0x000000062b400000| PB 0x000000062b400000| Untracked 
|  84|0x000000062b800000, 0x000000062b800000, 0x000000062bc00000|  0%| F|  |TAMS 0x000000062b800000| PB 0x000000062b800000| Untracked 
|  85|0x000000062bc00000, 0x000000062bc00000, 0x000000062c000000|  0%| F|  |TAMS 0x000000062bc00000| PB 0x000000062bc00000| Untracked 
|  86|0x000000062c000000, 0x000000062c000000, 0x000000062c400000|  0%| F|  |TAMS 0x000000062c000000| PB 0x000000062c000000| Untracked 
|  87|0x000000062c400000, 0x000000062c400000, 0x000000062c800000|  0%| F|  |TAMS 0x000000062c400000| PB 0x000000062c400000| Untracked 
|  88|0x000000062c800000, 0x000000062c800000, 0x000000062cc00000|  0%| F|  |TAMS 0x000000062c800000| PB 0x000000062c800000| Untracked 
|  89|0x000000062cc00000, 0x000000062cc00000, 0x000000062d000000|  0%| F|  |TAMS 0x000000062cc00000| PB 0x000000062cc00000| Untracked 
|  90|0x000000062d000000, 0x000000062d000000, 0x000000062d400000|  0%| F|  |TAMS 0x000000062d000000| PB 0x000000062d000000| Untracked 
|  91|0x000000062d400000, 0x000000062d400000, 0x000000062d800000|  0%| F|  |TAMS 0x000000062d400000| PB 0x000000062d400000| Untracked 
|  92|0x000000062d800000, 0x000000062d800000, 0x000000062dc00000|  0%| F|  |TAMS 0x000000062d800000| PB 0x000000062d800000| Untracked 
|  93|0x000000062dc00000, 0x000000062dc00000, 0x000000062e000000|  0%| F|  |TAMS 0x000000062dc00000| PB 0x000000062dc00000| Untracked 
|  94|0x000000062e000000, 0x000000062e000000, 0x000000062e400000|  0%| F|  |TAMS 0x000000062e000000| PB 0x000000062e000000| Untracked 
|  95|0x000000062e400000, 0x000000062e400000, 0x000000062e800000|  0%| F|  |TAMS 0x000000062e400000| PB 0x000000062e400000| Untracked 
|  96|0x000000062e800000, 0x000000062e800000, 0x000000062ec00000|  0%| F|  |TAMS 0x000000062e800000| PB 0x000000062e800000| Untracked 
|  97|0x000000062ec00000, 0x000000062ec00000, 0x000000062f000000|  0%| F|  |TAMS 0x000000062ec00000| PB 0x000000062ec00000| Untracked 
|  98|0x000000062f000000, 0x000000062f000000, 0x000000062f400000|  0%| F|  |TAMS 0x000000062f000000| PB 0x000000062f000000| Untracked 
|  99|0x000000062f400000, 0x000000062f400000, 0x000000062f800000|  0%| F|  |TAMS 0x000000062f400000| PB 0x000000062f400000| Untracked 
| 100|0x000000062f800000, 0x000000062f800000, 0x000000062fc00000|  0%| F|  |TAMS 0x000000062f800000| PB 0x000000062f800000| Untracked 
| 101|0x000000062fc00000, 0x000000062fc00000, 0x0000000630000000|  0%| F|  |TAMS 0x000000062fc00000| PB 0x000000062fc00000| Untracked 
| 102|0x0000000630000000, 0x0000000630000000, 0x0000000630400000|  0%| F|  |TAMS 0x0000000630000000| PB 0x0000000630000000| Untracked 
| 103|0x0000000630400000, 0x0000000630400000, 0x0000000630800000|  0%| F|  |TAMS 0x0000000630400000| PB 0x0000000630400000| Untracked 
| 104|0x0000000630800000, 0x0000000630800000, 0x0000000630c00000|  0%| F|  |TAMS 0x0000000630800000| PB 0x0000000630800000| Untracked 
| 105|0x0000000630c00000, 0x0000000630c00000, 0x0000000631000000|  0%| F|  |TAMS 0x0000000630c00000| PB 0x0000000630c00000| Untracked 
| 106|0x0000000631000000, 0x0000000631000000, 0x0000000631400000|  0%| F|  |TAMS 0x0000000631000000| PB 0x0000000631000000| Untracked 
| 107|0x0000000631400000, 0x0000000631400000, 0x0000000631800000|  0%| F|  |TAMS 0x0000000631400000| PB 0x0000000631400000| Untracked 
| 108|0x0000000631800000, 0x0000000631800000, 0x0000000631c00000|  0%| F|  |TAMS 0x0000000631800000| PB 0x0000000631800000| Untracked 
| 109|0x0000000631c00000, 0x0000000631c00000, 0x0000000632000000|  0%| F|  |TAMS 0x0000000631c00000| PB 0x0000000631c00000| Untracked 
| 110|0x0000000632000000, 0x0000000632000000, 0x0000000632400000|  0%| F|  |TAMS 0x0000000632000000| PB 0x0000000632000000| Untracked 
| 111|0x0000000632400000, 0x0000000632400000, 0x0000000632800000|  0%| F|  |TAMS 0x0000000632400000| PB 0x0000000632400000| Untracked 
| 112|0x0000000632800000, 0x0000000632800000, 0x0000000632c00000|  0%| F|  |TAMS 0x0000000632800000| PB 0x0000000632800000| Untracked 
| 113|0x0000000632c00000, 0x0000000632c00000, 0x0000000633000000|  0%| F|  |TAMS 0x0000000632c00000| PB 0x0000000632c00000| Untracked 
| 114|0x0000000633000000, 0x0000000633000000, 0x0000000633400000|  0%| F|  |TAMS 0x0000000633000000| PB 0x0000000633000000| Untracked 
| 115|0x0000000633400000, 0x0000000633400000, 0x0000000633800000|  0%| F|  |TAMS 0x0000000633400000| PB 0x0000000633400000| Untracked 
| 116|0x0000000633800000, 0x0000000633800000, 0x0000000633c00000|  0%| F|  |TAMS 0x0000000633800000| PB 0x0000000633800000| Untracked 
| 117|0x0000000633c00000, 0x0000000633c00000, 0x0000000634000000|  0%| F|  |TAMS 0x0000000633c00000| PB 0x0000000633c00000| Untracked 
| 118|0x0000000634000000, 0x0000000634000000, 0x0000000634400000|  0%| F|  |TAMS 0x0000000634000000| PB 0x0000000634000000| Untracked 
| 119|0x0000000634400000, 0x0000000634400000, 0x0000000634800000|  0%| F|  |TAMS 0x0000000634400000| PB 0x0000000634400000| Untracked 
| 120|0x0000000634800000, 0x000000063487b660, 0x0000000634c00000| 12%| E|  |TAMS 0x0000000634800000| PB 0x0000000634800000| Complete 
| 121|0x0000000634c00000, 0x0000000635000000, 0x0000000635000000|100%| E|CS|TAMS 0x0000000634c00000| PB 0x0000000634c00000| Complete 
| 122|0x0000000635000000, 0x0000000635400000, 0x0000000635400000|100%| E|CS|TAMS 0x0000000635000000| PB 0x0000000635000000| Complete 
|1957|0x00000007ffc00000, 0x00000007ffd079d8, 0x0000000800000000| 25%| O|  |TAMS 0x00000007ffc00000| PB 0x00000007ffc00000| Untracked 

Card table byte_map: [0x0000732736800000,0x000073273774c000] _byte_map_base: 0x000073273374c000

Marking Bits: (CMBitMap*) 0x0000732750047130
 Bits: [0x000073272ec00000, 0x0000732736660000)

Polling page: 0x0000732756cd1000

Metaspace:

Usage:
  Non-class:      3.04 MB used.
      Class:    290.41 KB used.
       Both:      3.33 MB used.

Virtual space:
  Non-class space:       64.00 MB reserved,       3.12 MB (  5%) committed,  1 nodes.
      Class space:        1.00 GB reserved,     384.00 KB ( <1%) committed,  1 nodes.
             Both:        1.06 GB reserved,       3.50 MB ( <1%) committed. 

Chunk freelists:
   Non-Class:  11.00 MB
       Class:  15.61 MB
        Both:  26.61 MB

MaxMetaspaceSize: unlimited
CompressedClassSpaceSize: 1.00 GB
Initial GC threshold: 21.00 MB
Current GC threshold: 21.00 MB
CDS: on
 - commit_granule_bytes: 65536.
 - commit_granule_words: 8192.
 - virtual_space_node_default_size: 8388608.
 - enlarge_chunks_in_place: 1.
 - use_allocation_guard: 0.


Internal statistics:

num_allocs_failed_limit: 0.
num_arena_births: 104.
num_arena_deaths: 0.
num_vsnodes_births: 2.
num_vsnodes_deaths: 0.
num_space_committed: 56.
num_space_uncommitted: 0.
num_chunks_returned_to_freelist: 0.
num_chunks_taken_from_freelist: 180.
num_chunk_merges: 0.
num_chunk_splits: 108.
num_chunks_enlarged: 49.
num_inconsistent_stats: 0.

CodeHeap 'non-profiled nmethods': size=119168Kb used=204Kb max_used=204Kb free=118963Kb
 bounds [0x00007327403a0000, 0x0000732740610000, 0x0000732747800000]
CodeHeap 'profiled nmethods': size=119164Kb used=1032Kb max_used=1032Kb free=118131Kb
 bounds [0x0000732738800000, 0x0000732738a70000, 0x000073273fc5f000]
CodeHeap 'non-nmethods': size=7428Kb used=2132Kb max_used=2140Kb free=5296Kb
 bounds [0x000073273fc5f000, 0x000073273fecf000, 0x00007327403a0000]
 total_blobs=1303 nmethods=699 adapters=509
 compilation: enabled
              stopped_count=0, restarted_count=0
 full_count=0

Compilation events (20 events):
Event: 0.357 Thread 0x0000732750142ff0 nmethod 684 0x00007327388fb910 code [0x00007327388fbd60, 0x00007327388fe410]
Event: 0.357 Thread 0x0000732750142ff0  690       3       jdk.internal.loader.BuiltinClassLoader::loadClassOrNull (7 bytes)
Event: 0.358 Thread 0x0000732750142ff0 nmethod 690 0x00007327388ff610 code [0x00007327388ff7a0, 0x00007327388ff980]
Event: 0.358 Thread 0x0000732750142ff0  691       3       java.util.zip.Inflater::ensureOpen (47 bytes)
Event: 0.358 Thread 0x0000732750142ff0 nmethod 691 0x00007327388ffa10 code [0x00007327388ffbc0, 0x00007327388ffe30]
Event: 0.358 Thread 0x0000732750142ff0  692       1       jdk.internal.loader.URLClassPath$Loader::getBaseURL (5 bytes)
Event: 0.358 Thread 0x0000732694056a40 nmethod 689 0x00007327388fff90 code [0x00007327389001a0, 0x00007327389007f8]
Event: 0.358 Thread 0x0000732750142ff0 nmethod 692 0x00007327403d2210 code [0x00007327403d23a0, 0x00007327403d2468]
Event: 0.359 Thread 0x0000732694056a40  693       3       java.util.jar.JarFile::maybeInstantiateVerifier (42 bytes)
Event: 0.359 Thread 0x0000732750142ff0  694       1       java.net.URLStreamHandler::getDefaultPort (2 bytes)
Event: 0.359 Thread 0x0000732750142ff0 nmethod 694 0x00007327403d2510 code [0x00007327403d26a0, 0x00007327403d2760]
Event: 0.359 Thread 0x0000732750142ff0  695       3       jdk.internal.ref.CleanerFactory::cleaner (4 bytes)
Event: 0.359 Thread 0x0000732694056a40 nmethod 693 0x0000732738900a90 code [0x0000732738900c60, 0x0000732738900fd0]
Event: 0.359 Thread 0x0000732750142ff0 nmethod 695 0x0000732738901110 code [0x00007327389012a0, 0x0000732738901390]
Event: 0.361 Thread 0x0000732750141920  696       4       java.lang.invoke.MethodType::parameterCount (6 bytes)
Event: 0.361 Thread 0x0000732750141920 nmethod 696 0x00007327403d2d90 code [0x00007327403d2f00, 0x00007327403d2fa8]
Event: 0.362 Thread 0x0000732750142ff0  698       3       java.lang.String::indexOf (64 bytes)
Event: 0.362 Thread 0x0000732694056a40  699       3       java.lang.StringLatin1::indexOf (25 bytes)
Event: 0.362 Thread 0x0000732694056a40 nmethod 699 0x0000732738901410 code [0x00007327389015c0, 0x00007327389017d0]
Event: 0.362 Thread 0x0000732750142ff0 nmethod 698 0x0000732738901890 code [0x0000732738901aa0, 0x0000732738901f88]

GC Heap History (0 events):
No events

Dll operation events (11 events):
Event: 0.002 Loaded shared library /usr/lib/jvm/java-21-openjdk-amd64/lib/libjava.so
Event: 0.024 Loaded shared library /usr/lib/jvm/java-21-openjdk-amd64/lib/libjsvml.so
Event: 0.026 Loaded shared library /usr/lib/jvm/java-21-openjdk-amd64/lib/libnio.so
Event: 0.073 Loaded shared library /usr/lib/jvm/java-21-openjdk-amd64/lib/libzip.so
Event: 0.098 Loaded shared library /usr/lib/jvm/java-21-openjdk-amd64/lib/libjimage.so
Event: 0.138 Loaded shared library /tmp/libJCublas2-12.0.0-linux-x86_64.so
Event: 0.249 Loaded shared library /tmp/libJCudaRuntime-12.0.0-linux-x86_64.so
Event: 0.265 Loaded shared library /usr/lib/jvm/java-21-openjdk-amd64/lib/libawt.so
Event: 0.268 Loaded shared library /usr/lib/jvm/java-21-openjdk-amd64/lib/libawt_xawt.so
Event: 0.296 Loaded shared library /usr/lib/jvm/java-21-openjdk-amd64/lib/libjavajpeg.so
Event: 0.352 Loaded shared library /tmp/libJCudaDriver-12.0.0-linux-x86_64.so

Deoptimization events (20 events):
Event: 0.260 Thread 0x000073275001b940 DEOPT PACKING pc=0x00007327403b1060 sp=0x0000732754ffcda0
Event: 0.260 Thread 0x000073275001b940 DEOPT UNPACKING pc=0x000073273fcb2f99 sp=0x0000732754ffcd68 mode 2
Event: 0.266 Thread 0x000073275001b940 Uncommon trap: trap_request=0xffffff45 fr.pc=0x00007327403b3aec relative=0x00000000000001cc
Event: 0.266 Thread 0x000073275001b940 Uncommon trap: reason=unstable_if action=reinterpret pc=0x00007327403b3aec method=jdk.internal.util.ArraysSupport.vectorizedHashCode(Ljava/lang/Object;IIII)I @ 2 c2
Event: 0.266 Thread 0x000073275001b940 DEOPT PACKING pc=0x00007327403b3aec sp=0x0000732754ffa820
Event: 0.266 Thread 0x000073275001b940 DEOPT UNPACKING pc=0x000073273fcb2f99 sp=0x0000732754ffa810 mode 2
Event: 0.351 Thread 0x000073275001b940 DEOPT PACKING pc=0x0000732738815f59 sp=0x0000732754ffd2f0
Event: 0.351 Thread 0x000073275001b940 DEOPT UNPACKING pc=0x000073273fcb372f sp=0x0000732754ffc730 mode 0
Event: 0.360 Thread 0x000073275001b940 Uncommon trap: trap_request=0xffffffc6 fr.pc=0x00007327403affd8 relative=0x0000000000000e18
Event: 0.360 Thread 0x000073275001b940 Uncommon trap: reason=bimorphic_or_optimized_type_check action=maybe_recompile pc=0x00007327403affd8 method=java.util.HashMap.putVal(ILjava/lang/Object;Ljava/lang/Object;ZZ)Ljava/lang/Object; @ 56 c2
Event: 0.360 Thread 0x000073275001b940 DEOPT PACKING pc=0x00007327403affd8 sp=0x0000732754ffe4e0
Event: 0.360 Thread 0x000073275001b940 DEOPT UNPACKING pc=0x000073273fcb2f99 sp=0x0000732754ffe488 mode 2
Event: 0.363 Thread 0x000073275001b940 Uncommon trap: trap_request=0xffffffc6 fr.pc=0x00007327403affd8 relative=0x0000000000000e18
Event: 0.363 Thread 0x000073275001b940 Uncommon trap: reason=bimorphic_or_optimized_type_check action=maybe_recompile pc=0x00007327403affd8 method=java.util.HashMap.putVal(ILjava/lang/Object;Ljava/lang/Object;ZZ)Ljava/lang/Object; @ 56 c2
Event: 0.363 Thread 0x000073275001b940 DEOPT PACKING pc=0x00007327403affd8 sp=0x0000732754ffe260
Event: 0.363 Thread 0x000073275001b940 DEOPT UNPACKING pc=0x000073273fcb2f99 sp=0x0000732754ffe208 mode 2
Event: 0.364 Thread 0x000073275001b940 Uncommon trap: trap_request=0xffffffc6 fr.pc=0x00007327403affd8 relative=0x0000000000000e18
Event: 0.364 Thread 0x000073275001b940 Uncommon trap: reason=bimorphic_or_optimized_type_check action=maybe_recompile pc=0x00007327403affd8 method=java.util.HashMap.putVal(ILjava/lang/Object;Ljava/lang/Object;ZZ)Ljava/lang/Object; @ 56 c2
Event: 0.364 Thread 0x000073275001b940 DEOPT PACKING pc=0x00007327403affd8 sp=0x0000732754ffe440
Event: 0.365 Thread 0x000073275001b940 DEOPT UNPACKING pc=0x000073273fcb2f99 sp=0x0000732754ffe3e8 mode 2

Classes loaded (20 events):
Event: 0.305 Loading class java/util/stream/MatchOps$MatchKind
Event: 0.305 Loading class java/util/stream/MatchOps$MatchKind done
Event: 0.305 Loading class java/util/stream/MatchOps
Event: 0.305 Loading class java/util/stream/MatchOps done
Event: 0.305 Loading class java/util/stream/MatchOps$MatchOp
Event: 0.305 Loading class java/util/stream/MatchOps$MatchOp done
Event: 0.305 Loading class java/util/stream/MatchOps$BooleanTerminalSink
Event: 0.305 Loading class java/util/stream/MatchOps$BooleanTerminalSink done
Event: 0.305 Loading class java/util/stream/MatchOps$2MatchSink
Event: 0.305 Loading class java/util/stream/MatchOps$2MatchSink done
Event: 0.306 Loading class java/util/stream/MatchOps$1MatchSink
Event: 0.306 Loading class java/util/stream/MatchOps$1MatchSink done
Event: 0.307 Loading class java/nio/HeapDoubleBuffer
Event: 0.307 Loading class java/nio/HeapDoubleBuffer done
Event: 0.330 Loading class java/awt/Dimension
Event: 0.330 Loading class java/awt/geom/Dimension2D
Event: 0.331 Loading class java/awt/geom/Dimension2D done
Event: 0.331 Loading class java/awt/Dimension done
Event: 0.361 Loading class java/nio/HeapIntBuffer
Event: 0.361 Loading class java/nio/HeapIntBuffer done

Classes unloaded (0 events):
No events

Classes redefined (0 events):
No events

Internal exceptions (13 events):
Event: 0.048 Thread 0x000073275001b940 Exception <a 'sun/nio/fs/UnixException'{0x0000000635070ea8}> (0x0000000635070ea8) 
thrown [./src/hotspot/share/prims/jni.cpp, line 520]
Event: 0.048 Thread 0x000073275001b940 Exception <a 'sun/nio/fs/UnixException'{0x00000006350715e8}> (0x00000006350715e8) 
thrown [./src/hotspot/share/prims/jni.cpp, line 520]
Event: 0.048 Thread 0x000073275001b940 Exception <a 'sun/nio/fs/UnixException'{0x0000000635071e18}> (0x0000000635071e18) 
thrown [./src/hotspot/share/prims/jni.cpp, line 520]
Event: 0.048 Thread 0x000073275001b940 Exception <a 'sun/nio/fs/UnixException'{0x0000000635072410}> (0x0000000635072410) 
thrown [./src/hotspot/share/prims/jni.cpp, line 520]
Event: 0.048 Thread 0x000073275001b940 Exception <a 'sun/nio/fs/UnixException'{0x00000006350729e0}> (0x00000006350729e0) 
thrown [./src/hotspot/share/prims/jni.cpp, line 520]
Event: 0.048 Thread 0x000073275001b940 Exception <a 'sun/nio/fs/UnixException'{0x0000000635072fc0}> (0x0000000635072fc0) 
thrown [./src/hotspot/share/prims/jni.cpp, line 520]
Event: 0.048 Thread 0x000073275001b940 Exception <a 'sun/nio/fs/UnixException'{0x0000000635073810}> (0x0000000635073810) 
thrown [./src/hotspot/share/prims/jni.cpp, line 520]
Event: 0.255 Thread 0x000073275001b940 Exception <a 'java/lang/NoSuchMethodError'{0x0000000634cd2998}: 'void java.lang.invoke.DirectMethodHandle$Holder.invokeStatic(java.lang.Object, java.lang.Object)'> (0x0000000634cd2998) 
thrown [./src/hotspot/share/interpreter/linkResolver.cpp, line 772]
Event: 0.260 Thread 0x000073275001b940 Implicit null exception at 0x00007327403b0ee3 to 0x00007327403b1050
Event: 0.263 Thread 0x000073275001b940 Exception <a 'java/lang/ClassNotFoundException'{0x0000000634ce7080}: sun/awt/resources/spi/awtProvider> (0x0000000634ce7080) 
thrown [./src/hotspot/share/classfile/systemDictionary.cpp, line 312]
Event: 0.275 Thread 0x000073275001b940 Exception <a 'java/io/FileNotFoundException'{0x0000000634db5010}> (0x0000000634db5010) 
thrown [./src/hotspot/share/prims/jni.cpp, line 520]
Event: 0.310 Thread 0x000073275001b940 Exception <a 'java/lang/NoSuchMethodError'{0x0000000634ee6a00}: 'java.lang.Object java.lang.invoke.DirectMethodHandle$Holder.invokeStatic(java.lang.Object, java.lang.Object, int)'> (0x0000000634ee6a00) 
thrown [./src/hotspot/share/interpreter/linkResolver.cpp, line 772]
Event: 0.339 Thread 0x000073275001b940 Exception <a 'java/lang/NoSuchMethodError'{0x0000000634f533a8}: 'java.lang.Object java.lang.invoke.DirectMethodHandle$Holder.newInvokeSpecial(java.lang.Object, java.lang.Object, int)'> (0x0000000634f533a8) 
thrown [./src/hotspot/share/interpreter/linkResolver.cpp, line 772]

ZGC Phase Switch (0 events):
No events

VM Operations (20 events):
Event: 0.049 Executing VM operation: HandshakeAllThreads (Deoptimize)
Event: 0.049 Executing VM operation: HandshakeAllThreads (Deoptimize) done
Event: 0.084 Executing VM operation: ChangeBreakpoints
Event: 0.084 Executing VM operation: ChangeBreakpoints done
Event: 0.084 Executing VM operation: ChangeBreakpoints
Event: 0.084 Executing VM operation: ChangeBreakpoints done
Event: 0.258 Executing VM operation: HandshakeAllThreads (Deoptimize)
Event: 0.258 Executing VM operation: HandshakeAllThreads (Deoptimize) done
Event: 0.261 Executing VM operation: HandshakeAllThreads (Deoptimize)
Event: 0.261 Executing VM operation: HandshakeAllThreads (Deoptimize) done
Event: 0.282 Executing VM operation: ChangeBreakpoints
Event: 0.282 Executing VM operation: ChangeBreakpoints done
Event: 0.282 Executing VM operation: ChangeBreakpoints
Event: 0.282 Executing VM operation: ChangeBreakpoints done
Event: 1.282 Executing VM operation: Cleanup
Event: 1.282 Executing VM operation: Cleanup done
Event: 3.948 Executing VM operation: ChangeSingleStep
Event: 3.949 Executing VM operation: ChangeSingleStep done
Event: 3.950 Executing VM operation: ChangeSingleStep
Event: 3.950 Executing VM operation: ChangeSingleStep done

Memory protections (18 events):
Event: 0.002 Protecting memory [0x0000732754f00000,0x0000732754f04000] with protection modes 0
Event: 0.023 Protecting memory [0x0000732726900000,0x0000732726904000] with protection modes 0
Event: 0.023 Protecting memory [0x0000732726800000,0x0000732726804000] with protection modes 0
Event: 0.023 Protecting memory [0x0000732726700000,0x0000732726704000] with protection modes 0
Event: 0.023 Protecting memory [0x0000732726600000,0x0000732726604000] with protection modes 0
Event: 0.023 Protecting memory [0x0000732726500000,0x0000732726504000] with protection modes 0
Event: 0.023 Protecting memory [0x0000732726400000,0x0000732726404000] with protection modes 0
Event: 0.024 Protecting memory [0x0000732726300000,0x0000732726304000] with protection modes 0
Event: 0.039 Protecting memory [0x0000732726200000,0x0000732726204000] with protection modes 0
Event: 0.045 Protecting memory [0x0000732726100000,0x0000732726104000] with protection modes 0
Event: 0.059 Protecting memory [0x0000732726000000,0x0000732726004000] with protection modes 0
Event: 0.059 Protecting memory [0x0000732725f00000,0x0000732725f04000] with protection modes 0
Event: 0.059 Protecting memory [0x0000732725e00000,0x0000732725e04000] with protection modes 0
Event: 0.069 Protecting memory [0x0000732725d00000,0x0000732725d04000] with protection modes 0
Event: 0.078 Protecting memory [0x0000732725c00000,0x0000732725c04000] with protection modes 0
Event: 0.078 Protecting memory [0x0000732725b00000,0x0000732725b04000] with protection modes 0
Event: 0.256 Protecting memory [0x0000732725c00000,0x0000732725c04000] with protection modes 0
Event: 0.294 Protecting memory [0x0000732725b00000,0x0000732725b04000] with protection modes 0

Nmethod flushes (0 events):
No events

Events (20 events):
Event: 0.016 Thread 0x000073275001b940 Thread added: 0x000073275001b940
Event: 0.023 Thread 0x000073275001b940 Thread added: 0x000073275013a1f0
Event: 0.023 Thread 0x000073275001b940 Thread added: 0x000073275013b680
Event: 0.023 Thread 0x000073275001b940 Thread added: 0x000073275013d150
Event: 0.023 Thread 0x000073275001b940 Thread added: 0x000073275013e7a0
Event: 0.023 Thread 0x000073275001b940 Thread added: 0x000073275013fd50
Event: 0.023 Thread 0x000073275001b940 Thread added: 0x0000732750141920
Event: 0.024 Thread 0x000073275001b940 Thread added: 0x0000732750142ff0
Event: 0.039 Thread 0x000073275001b940 Thread added: 0x00007327501620c0
Event: 0.045 Thread 0x0000732750142ff0 Thread added: 0x0000732694056a40
Event: 0.059 Thread 0x000073275001b940 Thread added: 0x00007327501a5690
Event: 0.059 Thread 0x000073275001b940 Thread added: 0x00007327501bce00
Event: 0.059 Thread 0x00007327501a5690 Thread added: 0x0000732680001110
Event: 0.069 Thread 0x000073275001b940 Thread added: 0x00007327501be0c0
Event: 0.078 Thread 0x0000732750141920 Thread added: 0x0000732698127500
Event: 0.078 Thread 0x0000732750141920 Thread added: 0x00007326981485f0
Event: 0.246 Thread 0x00007326981485f0 Thread exited: 0x00007326981485f0
Event: 0.246 Thread 0x0000732698127500 Thread exited: 0x0000732698127500
Event: 0.256 Thread 0x000073275001b940 Thread added: 0x0000732751537840
Event: 0.294 Thread 0x000073275001b940 Thread added: 0x000073275156ff60


Dynamic libraries:
200000000-200200000 ---p 00000000 00:00 0 
200200000-200400000 rw-s 00000000 00:05 1111                             /dev/nvidia0
200400000-203400000 rw-s 00000000 00:05 1110                             /dev/nvidiactl
203400000-204400000 ---p 00000000 00:00 0 
204400000-204600000 rw-s 00000000 00:05 1110                             /dev/nvidiactl
204600000-204800000 rw-s 00000000 00:05 1110                             /dev/nvidiactl
204800000-204a00000 rw-s 00000000 00:05 1110                             /dev/nvidiactl
204a00000-204c00000 rw-s 204a00000 00:05 1112                            /dev/nvidia-uvm
204c00000-204e00000 rw-s 00000000 00:05 1110                             /dev/nvidiactl
204e00000-205000000 ---p 00000000 00:00 0 
205000000-205200000 rw-s 00000000 00:05 1110                             /dev/nvidiactl
205200000-300200000 ---p 00000000 00:00 0 
616800000-635400000 rw-p 00000000 00:00 0 
635400000-7ffc00000 ---p 00000000 00:00 0 
7ffc00000-7ffd08000 rw-p 00ced000 103:02 17172987                        /usr/lib/jvm/java-21-openjdk-amd64/lib/server/classes.jsa
7ffd08000-800000000 rw-p 00000000 00:00 0 
10000000000-10004000000 ---p 00000000 00:00 0 
60b73516f000-60b735170000 r--p 00000000 103:02 17172834                  /usr/lib/jvm/java-21-openjdk-amd64/bin/java
60b735170000-60b735171000 r-xp 00001000 103:02 17172834                  /usr/lib/jvm/java-21-openjdk-amd64/bin/java
60b735171000-60b735172000 r--p 00002000 103:02 17172834                  /usr/lib/jvm/java-21-openjdk-amd64/bin/java
60b735172000-60b735173000 r--p 00002000 103:02 17172834                  /usr/lib/jvm/java-21-openjdk-amd64/bin/java
60b735173000-60b735174000 rw-p 00003000 103:02 17172834                  /usr/lib/jvm/java-21-openjdk-amd64/bin/java
60b73573d000-60b735785000 rw-p 00000000 00:00 0                          [heap]
732606000000-73260e000000 ---p 00000000 00:00 0 
732610000000-732612000000 ---p 00000000 00:00 0 
732614000000-732614400000 ---p 00000000 00:00 0 
732614400000-732614600000 rw-s 00000000 00:05 1110                       /dev/nvidiactl
732614600000-732614800000 rw-s 00000000 00:01 1463                       /dev/zero (deleted)
732614800000-732614a00000 rw-s 00000000 00:01 1464                       /dev/zero (deleted)
732614a00000-732615000000 ---p 00000000 00:00 0 
732615000000-732615200000 rw-s 00000000 00:05 1110                       /dev/nvidiactl
732615200000-732615400000 ---p 00000000 00:00 0 
732615400000-732615600000 rw-s 00000000 00:01 1466                       /dev/zero (deleted)
732615600000-732615b33000 rw-s 00000000 00:05 1110                       /dev/nvidiactl
732615b33000-732616000000 ---p 00000000 00:00 0 
732618000000-732618021000 rw-p 00000000 00:00 0 
732618021000-73261c000000 ---p 00000000 00:00 0 
732620000000-732630000000 ---p 00000000 00:00 0 
732632000000-732638000000 ---p 00000000 00:00 0 
732638000000-732638021000 rw-p 00000000 00:00 0 
732638021000-73263c000000 ---p 00000000 00:00 0 
73263c200000-732659463000 r-xp 00000000 103:02 16524125                  /usr/lib/x86_64-linux-gnu/libcublasLt.so.12.0.2.224
732659463000-732659663000 ---p 1d263000 103:02 16524125                  /usr/lib/x86_64-linux-gnu/libcublasLt.so.12.0.2.224
732659663000-732659893000 r--p 1d263000 103:02 16524125                  /usr/lib/x86_64-linux-gnu/libcublasLt.so.12.0.2.224
732659893000-73265a827000 rw-p 1d493000 103:02 16524125                  /usr/lib/x86_64-linux-gnu/libcublasLt.so.12.0.2.224
73265a827000-73265d00f000 rw-p 00000000 00:00 0 
73265d400000-732663a67000 r-xp 00000000 103:02 16524127                  /usr/lib/x86_64-linux-gnu/libcublas.so.12.0.2.224
732663a67000-732663c67000 ---p 06667000 103:02 16524127                  /usr/lib/x86_64-linux-gnu/libcublas.so.12.0.2.224
732663c67000-732663c6e000 r--p 06667000 103:02 16524127                  /usr/lib/x86_64-linux-gnu/libcublas.so.12.0.2.224
732663c6e000-732663c75000 rw-p 0666e000 103:02 16524127                  /usr/lib/x86_64-linux-gnu/libcublas.so.12.0.2.224
732663c75000-732663c7d000 rw-p 00000000 00:00 0 
732664000000-73266403d000 rw-p 00000000 00:00 0 
73266403d000-732668000000 ---p 00000000 00:00 0 
732668000000-732668021000 rw-p 00000000 00:00 0 
732668021000-73266c000000 ---p 00000000 00:00 0 
732670000000-732670021000 rw-p 00000000 00:00 0 
732670021000-732674000000 ---p 00000000 00:00 0 
732674000000-732674021000 rw-p 00000000 00:00 0 
732674021000-732678000000 ---p 00000000 00:00 0 
73267c000000-73267c021000 rw-p 00000000 00:00 0 
73267c021000-732680000000 ---p 00000000 00:00 0 
732680000000-73268002a000 rw-p 00000000 00:00 0 
73268002a000-732684000000 ---p 00000000 00:00 0 
732688000000-7326880b0000 rw-p 00000000 00:00 0 
7326880b0000-73268c000000 ---p 00000000 00:00 0 
73268c000000-73268c021000 rw-p 00000000 00:00 0 
73268c021000-732690000000 ---p 00000000 00:00 0 
732694000000-7326940c7000 rw-p 00000000 00:00 0 
7326940c7000-732698000000 ---p 00000000 00:00 0 
732698000000-732698179000 rw-p 00000000 00:00 0 
732698179000-73269c000000 ---p 00000000 00:00 0 
7326a0000000-7326a0021000 rw-p 00000000 00:00 0 
7326a0021000-7326a4000000 ---p 00000000 00:00 0 
7326a4000000-7326a4021000 rw-p 00000000 00:00 0 
7326a4021000-7326a8000000 ---p 00000000 00:00 0 
7326ac000000-7326ac021000 rw-p 00000000 00:00 0 
7326ac021000-7326b0000000 ---p 00000000 00:00 0 
7326b0000000-7326b0021000 rw-p 00000000 00:00 0 
7326b0021000-7326b4000000 ---p 00000000 00:00 0 
7326b8000000-7326b8021000 rw-p 00000000 00:00 0 
7326b8021000-7326bc000000 ---p 00000000 00:00 0 
7326bc000000-7326bc021000 rw-p 00000000 00:00 0 
7326bc021000-7326c0000000 ---p 00000000 00:00 0 
7326c0400000-7326c317c000 r-xp 00000000 103:02 16526206                  /usr/lib/x86_64-linux-gnu/libnvrtc.so.12.0.140
7326c317c000-7326c337c000 ---p 02d7c000 103:02 16526206                  /usr/lib/x86_64-linux-gnu/libnvrtc.so.12.0.140
7326c337c000-7326c3a4f000 r--p 02d7c000 103:02 16526206                  /usr/lib/x86_64-linux-gnu/libnvrtc.so.12.0.140
7326c3a4f000-7326c3b1b000 rw-p 0344f000 103:02 16526206                  /usr/lib/x86_64-linux-gnu/libnvrtc.so.12.0.140
7326c3b1b000-7326c3c1c000 rw-p 00000000 00:00 0 
7326c4000000-7326c4220000 rw-p 00000000 00:00 0 
7326c4220000-7326c4400000 ---p 00000000 00:00 0 
7326c4400000-7326c4500000 rw-p 00000000 00:00 0 
7326c4500000-7326c8000000 ---p 00000000 00:00 0 
7326c8000000-7326c8021000 rw-p 00000000 00:00 0 
7326c8021000-7326cc000000 ---p 00000000 00:00 0 
7326cca00000-7326cccdc000 rw-p 00000000 00:00 0 
7326cce00000-7326ccee4000 r-xp 00000000 103:02 18219091                  /tmp/libJCudaDriver-12.0.0-linux-x86_64.so
7326ccee4000-7326cd0e4000 ---p 000e4000 103:02 18219091                  /tmp/libJCudaDriver-12.0.0-linux-x86_64.so
7326cd0e4000-7326cd0e9000 r--p 000e4000 103:02 18219091                  /tmp/libJCudaDriver-12.0.0-linux-x86_64.so
7326cd0e9000-7326cd0eb000 rw-p 000e9000 103:02 18219091                  /tmp/libJCudaDriver-12.0.0-linux-x86_64.so
7326cd0eb000-7326cd0ed000 rw-p 00000000 00:00 0 
7326cd400000-7326cd401000 ---p 00000000 00:00 0 
7326cd401000-7326cdc01000 rw-p 00000000 00:00 0 
7326cde00000-7326cde01000 rw-s 00000000 00:05 1110                       /dev/nvidiactl
7326cde01000-7326cde02000 rw-s 00000000 00:05 1110                       /dev/nvidiactl
7326cde02000-7326cde03000 rw-s 00000000 00:05 1110                       /dev/nvidiactl
7326cde03000-7326cde04000 rw-s 00000000 00:05 1110                       /dev/nvidiactl
7326cde04000-7326cde05000 rw-s 00000000 00:05 1110                       /dev/nvidiactl
7326cde05000-7326cde06000 rw-s 00000000 00:05 1110                       /dev/nvidiactl
7326cde06000-7326cde07000 rw-s 00000000 00:05 1110                       /dev/nvidiactl
7326cde07000-7326cde08000 rw-s 00000000 00:05 1110                       /dev/nvidiactl
7326cde08000-7326cde09000 rw-s 00000000 00:05 1110                       /dev/nvidiactl
7326cde09000-7326cde0a000 rw-s 00000000 00:05 1110                       /dev/nvidiactl
7326cde0a000-7326cde0b000 rw-s 00000000 00:05 1110                       /dev/nvidiactl
7326cde0b000-7326cde0c000 rw-s 00000000 00:05 1110                       /dev/nvidiactl
7326cde0c000-7326cde0d000 rw-s 00000000 00:05 1110                       /dev/nvidiactl
7326cde0d000-7326cde0e000 rw-s 00000000 00:05 1110                       /dev/nvidiactl
7326cde0e000-7326cde0f000 rw-s 00000000 00:05 1110                       /dev/nvidiactl
7326cde0f000-7326cde10000 rw-s 00000000 00:05 1110                       /dev/nvidiactl
7326cde10000-7326cee21000 ---p 00000000 00:00 0 
7326cf000000-7326cfcae000 rw-p 00001000 103:02 17172987                  /usr/lib/jvm/java-21-openjdk-amd64/lib/server/classes.jsa
7326cfcae000-7326d0000000 ---p 00000000 00:00 0 
7326d0000000-7326d0030000 rw-p 00000000 00:00 0 
7326d0030000-7326d0040000 ---p 00000000 00:00 0 
7326d0040000-7326d0070000 rw-p 00000000 00:00 0 
7326d0070000-732710000000 ---p 00000000 00:00 0 
732710000000-732710021000 rw-p 00000000 00:00 0 
732710021000-732714000000 ---p 00000000 00:00 0 
732714000000-732714021000 rw-p 00000000 00:00 0 
732714021000-732718000000 ---p 00000000 00:00 0 
732718200000-7327182c7000 r-xp 00000000 103:02 18219090                  /tmp/libJCudaRuntime-12.0.0-linux-x86_64.so
7327182c7000-7327184c7000 ---p 000c7000 103:02 18219090                  /tmp/libJCudaRuntime-12.0.0-linux-x86_64.so
7327184c7000-7327184cc000 r--p 000c7000 103:02 18219090                  /tmp/libJCudaRuntime-12.0.0-linux-x86_64.so
7327184cc000-7327184cd000 rw-p 000cc000 103:02 18219090                  /tmp/libJCudaRuntime-12.0.0-linux-x86_64.so
7327184cd000-7327184cf000 rw-p 00000000 00:00 0 
732718800000-732718801000 ---p 00000000 00:00 0 
732718801000-732719001000 rw-p 00000000 00:00 0 
732719200000-73271a221000 ---p 00000000 00:00 0 
73271a400000-73271a4de000 r--p 00000000 103:02 16552573                  /usr/lib/x86_64-linux-gnu/libcuda.so.550.107.02
73271a4de000-73271a9b3000 r-xp 000de000 103:02 16552573                  /usr/lib/x86_64-linux-gnu/libcuda.so.550.107.02
73271a9b3000-73271be4e000 r--p 005b3000 103:02 16552573                  /usr/lib/x86_64-linux-gnu/libcuda.so.550.107.02
73271be4e000-73271be4f000 ---p 01a4e000 103:02 16552573                  /usr/lib/x86_64-linux-gnu/libcuda.so.550.107.02
73271be4f000-73271be67000 r--p 01a4e000 103:02 16552573                  /usr/lib/x86_64-linux-gnu/libcuda.so.550.107.02
73271be67000-73271bf62000 rw-p 01a66000 103:02 16552573                  /usr/lib/x86_64-linux-gnu/libcuda.so.550.107.02
73271bf62000-73271bfcb000 rw-p 00000000 00:00 0 
73271c000000-73271c021000 rw-p 00000000 00:00 0 
73271c021000-732720000000 ---p 00000000 00:00 0 
732720000000-732720021000 rw-p 00000000 00:00 0 
732720021000-732724000000 ---p 00000000 00:00 0 
7327244c3000-7327244dc000 r--p 00000000 103:02 16530316                  /usr/lib/x86_64-linux-gnu/libX11.so.6.4.0
7327244dc000-73272456c000 r-xp 00019000 103:02 16530316                  /usr/lib/x86_64-linux-gnu/libX11.so.6.4.0
73272456c000-7327245fb000 r--p 000a9000 103:02 16530316                  /usr/lib/x86_64-linux-gnu/libX11.so.6.4.0
7327245fb000-7327245fc000 r--p 00138000 103:02 16530316                  /usr/lib/x86_64-linux-gnu/libX11.so.6.4.0
7327245fc000-732724600000 rw-p 00139000 103:02 16530316                  /usr/lib/x86_64-linux-gnu/libX11.so.6.4.0
732724600000-73272485a000 rw-p 00000000 00:00 0 
73272490d000-73272492b000 r--p 00000000 103:02 17172951                  /usr/lib/jvm/java-21-openjdk-amd64/lib/libawt.so
73272492b000-7327249c2000 r-xp 0001e000 103:02 17172951                  /usr/lib/jvm/java-21-openjdk-amd64/lib/libawt.so
7327249c2000-7327249cf000 r--p 000b5000 103:02 17172951                  /usr/lib/jvm/java-21-openjdk-amd64/lib/libawt.so
7327249cf000-7327249d0000 r--p 000c1000 103:02 17172951                  /usr/lib/jvm/java-21-openjdk-amd64/lib/libawt.so
7327249d0000-7327249db000 rw-p 000c2000 103:02 17172951                  /usr/lib/jvm/java-21-openjdk-amd64/lib/libawt.so
7327249db000-732724a00000 rw-p 00000000 00:00 0 
732724a00000-732724a01000 ---p 00000000 00:00 0 
732724a01000-732725201000 rw-p 00000000 00:00 0 
73272523b000-73272523f000 r--p 00000000 103:02 16530777                  /usr/lib/x86_64-linux-gnu/libjpeg.so.8.2.2
73272523f000-73272528c000 r-xp 00004000 103:02 16530777                  /usr/lib/x86_64-linux-gnu/libjpeg.so.8.2.2
73272528c000-7327252bc000 r--p 00051000 103:02 16530777                  /usr/lib/x86_64-linux-gnu/libjpeg.so.8.2.2
7327252bc000-7327252bd000 r--p 00081000 103:02 16530777                  /usr/lib/x86_64-linux-gnu/libjpeg.so.8.2.2
7327252bd000-7327252be000 rw-p 00082000 103:02 16530777                  /usr/lib/x86_64-linux-gnu/libjpeg.so.8.2.2
7327252be000-732725400000 rw-p 00000000 00:00 0 
732725400000-732725538000 r-xp 00000000 103:02 18219089                  /tmp/libJCublas2-12.0.0-linux-x86_64.so
732725538000-732725738000 ---p 00138000 103:02 18219089                  /tmp/libJCublas2-12.0.0-linux-x86_64.so
732725738000-73272573d000 r--p 00138000 103:02 18219089                  /tmp/libJCublas2-12.0.0-linux-x86_64.so
73272573d000-73272573f000 rw-p 0013d000 103:02 18219089                  /tmp/libJCublas2-12.0.0-linux-x86_64.so
73272573f000-732725741000 rw-p 00000000 00:00 0 
732725784000-732725796000 r--p 00000000 103:02 17173114                  /usr/lib/jvm/java-21-openjdk-amd64/lib/libawt_xawt.so
732725796000-7327257dd000 r-xp 00012000 103:02 17173114                  /usr/lib/jvm/java-21-openjdk-amd64/lib/libawt_xawt.so
7327257dd000-7327257f5000 r--p 00059000 103:02 17173114                  /usr/lib/jvm/java-21-openjdk-amd64/lib/libawt_xawt.so
7327257f5000-7327257fa000 r--p 00070000 103:02 17173114                  /usr/lib/jvm/java-21-openjdk-amd64/lib/libawt_xawt.so
7327257fa000-7327257fc000 rw-p 00075000 103:02 17173114                  /usr/lib/jvm/java-21-openjdk-amd64/lib/libawt_xawt.so
7327257fc000-7327257fe000 rw-p 00000000 00:00 0 
7327257fe000-7327259fe000 rw-s 00000000 00:01 1465                       /dev/zero (deleted)
7327259fe000-732725b00000 rw-p 00000000 00:00 0 
732725b00000-732725b04000 ---p 00000000 00:00 0 
732725b04000-732725c00000 rw-p 00000000 00:00 0 
732725c00000-732725c04000 ---p 00000000 00:00 0 
732725c04000-732725d00000 rw-p 00000000 00:00 0 
732725d00000-732725d04000 ---p 00000000 00:00 0 
732725d04000-732725e00000 rw-p 00000000 00:00 0 
732725e00000-732725e04000 ---p 00000000 00:00 0 
732725e04000-732725f00000 rw-p 00000000 00:00 0 
732725f00000-732725f04000 ---p 00000000 00:00 0 
732725f04000-732726000000 rw-p 00000000 00:00 0 
732726000000-732726004000 ---p 00000000 00:00 0 
732726004000-732726100000 rw-p 00000000 00:00 0 
732726100000-732726104000 ---p 00000000 00:00 0 
732726104000-732726200000 rw-p 00000000 00:00 0 
732726200000-732726204000 ---p 00000000 00:00 0 
732726204000-732726300000 rw-p 00000000 00:00 0 
732726300000-732726304000 ---p 00000000 00:00 0 
732726304000-732726400000 rw-p 00000000 00:00 0 
732726400000-732726404000 ---p 00000000 00:00 0 
732726404000-732726500000 rw-p 00000000 00:00 0 
732726500000-732726504000 ---p 00000000 00:00 0 
732726504000-732726600000 rw-p 00000000 00:00 0 
732726600000-732726604000 ---p 00000000 00:00 0 
732726604000-732726700000 rw-p 00000000 00:00 0 
732726700000-732726704000 ---p 00000000 00:00 0 
732726704000-732726800000 rw-p 00000000 00:00 0 
732726800000-732726804000 ---p 00000000 00:00 0 
732726804000-732726900000 rw-p 00000000 00:00 0 
732726900000-732726904000 ---p 00000000 00:00 0 
732726904000-732726a00000 rw-p 00000000 00:00 0 
732726a00000-7327277ec000 r--p 00000000 103:02 16521112                  /usr/lib/locale/locale-archive
7327277f8000-7327277f9000 ---p 00000000 00:00 0 
7327277f9000-7327278f9000 rw-p 00000000 00:00 0 
7327278f9000-7327278fa000 ---p 00000000 00:00 0 
7327278fa000-7327279fa000 rw-p 00000000 00:00 0 
7327279fa000-7327279fb000 ---p 00000000 00:00 0 
7327279fb000-732727afb000 rw-p 00000000 00:00 0 
732727afb000-732727afc000 ---p 00000000 00:00 0 
732727afc000-732727bfc000 rw-p 00000000 00:00 0 
732727bfc000-732728021000 rw-p 00000000 00:00 0 
732728021000-73272c000000 ---p 00000000 00:00 0 
73272c047000-73272c049000 r--p 00000000 103:02 16530828                  /usr/lib/x86_64-linux-gnu/libmd.so.0.1.0
73272c049000-73272c052000 r-xp 00002000 103:02 16530828                  /usr/lib/x86_64-linux-gnu/libmd.so.0.1.0
73272c052000-73272c054000 r--p 0000b000 103:02 16530828                  /usr/lib/x86_64-linux-gnu/libmd.so.0.1.0
73272c054000-73272c055000 r--p 0000c000 103:02 16530828                  /usr/lib/x86_64-linux-gnu/libmd.so.0.1.0
73272c055000-73272c056000 rw-p 0000d000 103:02 16530828                  /usr/lib/x86_64-linux-gnu/libmd.so.0.1.0
73272c056000-73272ea00000 rw-p 00000000 00:00 0 
73272ea05000-73272ea10000 r--p 00000000 103:02 16531187                  /usr/lib/x86_64-linux-gnu/libxcb.so.1.1.0
73272ea10000-73272ea23000 r-xp 0000b000 103:02 16531187                  /usr/lib/x86_64-linux-gnu/libxcb.so.1.1.0
73272ea23000-73272ea2c000 r--p 0001e000 103:02 16531187                  /usr/lib/x86_64-linux-gnu/libxcb.so.1.1.0
73272ea2c000-73272ea2d000 r--p 00026000 103:02 16531187                  /usr/lib/x86_64-linux-gnu/libxcb.so.1.1.0
73272ea2d000-73272ea2e000 rw-p 00027000 103:02 16531187                  /usr/lib/x86_64-linux-gnu/libxcb.so.1.1.0
73272ea2e000-73272ea33000 r--p 00000000 103:02 17172968                  /usr/lib/jvm/java-21-openjdk-amd64/lib/libjsvml.so
73272ea33000-73272ea74000 r-xp 00005000 103:02 17172968                  /usr/lib/jvm/java-21-openjdk-amd64/lib/libjsvml.so
73272ea74000-73272eafd000 r--p 00046000 103:02 17172968                  /usr/lib/jvm/java-21-openjdk-amd64/lib/libjsvml.so
73272eafd000-73272eafe000 r--p 000ce000 103:02 17172968                  /usr/lib/jvm/java-21-openjdk-amd64/lib/libjsvml.so
73272eafe000-73272eaff000 rw-p 000cf000 103:02 17172968                  /usr/lib/jvm/java-21-openjdk-amd64/lib/libjsvml.so
73272eaff000-73272eb00000 ---p 00000000 00:00 0 
73272eb00000-73272ec00000 rw-p 00000000 00:00 0 
73272ec00000-73272f3b0000 rw-p 00000000 00:00 0 
73272f3b0000-732736650000 ---p 00000000 00:00 0 
732736650000-732736660000 rw-p 00000000 00:00 0 
732736660000-732736664000 r--p 00000000 103:02 16530470                  /usr/lib/x86_64-linux-gnu/libbsd.so.0.12.1
732736664000-732736670000 r-xp 00004000 103:02 16530470                  /usr/lib/x86_64-linux-gnu/libbsd.so.0.12.1
732736670000-732736673000 r--p 00010000 103:02 16530470                  /usr/lib/x86_64-linux-gnu/libbsd.so.0.12.1
732736673000-732736674000 r--p 00012000 103:02 16530470                  /usr/lib/x86_64-linux-gnu/libbsd.so.0.12.1
732736674000-732736675000 rw-p 00013000 103:02 16530470                  /usr/lib/x86_64-linux-gnu/libbsd.so.0.12.1
732736675000-732736676000 rw-p 00000000 00:00 0 
732736676000-732736678000 r--p 00000000 103:02 16530323                  /usr/lib/x86_64-linux-gnu/libXdmcp.so.6.0.0
732736678000-73273667a000 r-xp 00002000 103:02 16530323                  /usr/lib/x86_64-linux-gnu/libXdmcp.so.6.0.0
73273667a000-73273667c000 r--p 00004000 103:02 16530323                  /usr/lib/x86_64-linux-gnu/libXdmcp.so.6.0.0
73273667c000-73273667d000 r--p 00005000 103:02 16530323                  /usr/lib/x86_64-linux-gnu/libXdmcp.so.6.0.0
73273667d000-73273667e000 rw-p 00006000 103:02 16530323                  /usr/lib/x86_64-linux-gnu/libXdmcp.so.6.0.0
73273667e000-7327366ff000 rw-p 00000000 00:00 0 
7327366ff000-732736700000 ---p 00000000 00:00 0 
732736700000-732736800000 rw-p 00000000 00:00 0 
732736800000-7327368f6000 rw-p 00000000 00:00 0 
7327368f6000-73273774a000 ---p 00000000 00:00 0 
73273774a000-73273774c000 rw-p 00000000 00:00 0 
73273774c000-7327378f6000 rw-p 00000000 00:00 0 
7327378f6000-73273874a000 ---p 00000000 00:00 0 
73273874a000-73273874c000 rw-p 00000000 00:00 0 
73273874f000-732738752000 r--p 00000000 103:02 16530328                  /usr/lib/x86_64-linux-gnu/libXi.so.6.1.0
732738752000-73273875e000 r-xp 00003000 103:02 16530328                  /usr/lib/x86_64-linux-gnu/libXi.so.6.1.0
73273875e000-732738760000 r--p 0000f000 103:02 16530328                  /usr/lib/x86_64-linux-gnu/libXi.so.6.1.0
732738760000-732738761000 r--p 00011000 103:02 16530328                  /usr/lib/x86_64-linux-gnu/libXi.so.6.1.0
732738761000-732738762000 rw-p 00012000 103:02 16530328                  /usr/lib/x86_64-linux-gnu/libXi.so.6.1.0
732738762000-732738800000 rw-p 00000000 00:00 0 
732738800000-732738a70000 rwxp 00000000 00:00 0 
732738a70000-73273fc5f000 ---p 00000000 00:00 0 
73273fc5f000-73273fecf000 rwxp 00000000 00:00 0 
73273fecf000-7327403a0000 ---p 00000000 00:00 0 
7327403a0000-732740610000 rwxp 00000000 00:00 0 
732740610000-732747800000 ---p 00000000 00:00 0 
732747800000-73274fe02000 r--s 00000000 103:02 17172984                  /usr/lib/jvm/java-21-openjdk-amd64/lib/modules
73274fe02000-73274fe43000 rw-p 00000000 00:00 0 
73274fe43000-73274fe44000 ---p 00000000 00:00 0 
73274fe44000-73274ff44000 rw-p 00000000 00:00 0 
73274ff44000-732752bfe000 rw-p 00000000 00:00 0 
732752bfe000-732754000000 ---p 00000000 00:00 0 
732754001000-732754003000 r--p 00000000 103:02 16530334                  /usr/lib/x86_64-linux-gnu/libXrender.so.1.3.0
732754003000-73275400a000 r-xp 00002000 103:02 16530334                  /usr/lib/x86_64-linux-gnu/libXrender.so.1.3.0
73275400a000-73275400b000 r--p 00009000 103:02 16530334                  /usr/lib/x86_64-linux-gnu/libXrender.so.1.3.0
73275400b000-73275400c000 r--p 00009000 103:02 16530334                  /usr/lib/x86_64-linux-gnu/libXrender.so.1.3.0
73275400c000-73275400d000 rw-p 0000a000 103:02 16530334                  /usr/lib/x86_64-linux-gnu/libXrender.so.1.3.0
73275400d000-732754011000 r--p 00000000 103:02 16530324                  /usr/lib/x86_64-linux-gnu/libXext.so.6.4.0
732754011000-73275401c000 r-xp 00004000 103:02 16530324                  /usr/lib/x86_64-linux-gnu/libXext.so.6.4.0
73275401c000-73275401f000 r--p 0000f000 103:02 16530324                  /usr/lib/x86_64-linux-gnu/libXext.so.6.4.0
73275401f000-732754020000 r--p 00011000 103:02 16530324                  /usr/lib/x86_64-linux-gnu/libXext.so.6.4.0
732754020000-732754021000 rw-p 00012000 103:02 16530324                  /usr/lib/x86_64-linux-gnu/libXext.so.6.4.0
732754021000-732754d33000 rw-p 00000000 00:00 0 
732754d33000-732754e17000 ---p 00000000 00:00 0 
732754e17000-732754e1c000 rw-p 00000000 00:00 0 
732754e1c000-732754f00000 ---p 00000000 00:00 0 
732754f00000-732754f04000 ---p 00000000 00:00 0 
732754f04000-732755000000 rw-p 00000000 00:00 0 
732755000000-73275509d000 r--p 00000000 103:02 16543594                  /usr/lib/x86_64-linux-gnu/libstdc++.so.6.0.33
73275509d000-7327551e5000 r-xp 0009d000 103:02 16543594                  /usr/lib/x86_64-linux-gnu/libstdc++.so.6.0.33
7327551e5000-73275526c000 r--p 001e5000 103:02 16543594                  /usr/lib/x86_64-linux-gnu/libstdc++.so.6.0.33
73275526c000-732755277000 r--p 0026b000 103:02 16543594                  /usr/lib/x86_64-linux-gnu/libstdc++.so.6.0.33
732755277000-73275527a000 rw-p 00276000 103:02 16543594                  /usr/lib/x86_64-linux-gnu/libstdc++.so.6.0.33
73275527a000-73275527e000 rw-p 00000000 00:00 0 
732755281000-732755282000 r--p 00000000 103:02 16530318                  /usr/lib/x86_64-linux-gnu/libXau.so.6.0.0
732755282000-732755284000 r-xp 00001000 103:02 16530318                  /usr/lib/x86_64-linux-gnu/libXau.so.6.0.0
732755284000-732755285000 r--p 00003000 103:02 16530318                  /usr/lib/x86_64-linux-gnu/libXau.so.6.0.0
732755285000-732755286000 r--p 00003000 103:02 16530318                  /usr/lib/x86_64-linux-gnu/libXau.so.6.0.0
732755286000-732755287000 rw-p 00004000 103:02 16530318                  /usr/lib/x86_64-linux-gnu/libXau.so.6.0.0
73275528f000-732755291000 r--p 00000000 103:02 17172962                  /usr/lib/jvm/java-21-openjdk-amd64/lib/libjavajpeg.so
732755291000-732755298000 r-xp 00002000 103:02 17172962                  /usr/lib/jvm/java-21-openjdk-amd64/lib/libjavajpeg.so
732755298000-732755299000 r--p 00009000 103:02 17172962                  /usr/lib/jvm/java-21-openjdk-amd64/lib/libjavajpeg.so
732755299000-73275529a000 r--p 0000a000 103:02 17172962                  /usr/lib/jvm/java-21-openjdk-amd64/lib/libjavajpeg.so
73275529a000-73275529b000 rw-p 0000b000 103:02 17172962                  /usr/lib/jvm/java-21-openjdk-amd64/lib/libjavajpeg.so
73275529b000-7327552ab000 -w-s 00000000 00:05 1111                       /dev/nvidia0
7327552ab000-7327552b2000 r--s 00000000 103:02 16532226                  /usr/lib/x86_64-linux-gnu/gconv/gconv-modules.cache
7327552b2000-7327552b4000 r--p 00000000 103:02 16530337                  /usr/lib/x86_64-linux-gnu/libXtst.so.6.1.0
7327552b4000-7327552b7000 r-xp 00002000 103:02 16530337                  /usr/lib/x86_64-linux-gnu/libXtst.so.6.1.0
7327552b7000-7327552b8000 r--p 00005000 103:02 16530337                  /usr/lib/x86_64-linux-gnu/libXtst.so.6.1.0
7327552b8000-7327552b9000 r--p 00005000 103:02 16530337                  /usr/lib/x86_64-linux-gnu/libXtst.so.6.1.0
7327552b9000-7327552ba000 rw-p 00006000 103:02 16530337                  /usr/lib/x86_64-linux-gnu/libXtst.so.6.1.0
7327552ba000-7327552bb000 r--p 00000000 103:02 16530540                  /usr/lib/x86_64-linux-gnu/libdl.so.2
7327552bb000-7327552bc000 r-xp 00001000 103:02 16530540                  /usr/lib/x86_64-linux-gnu/libdl.so.2
7327552bc000-7327552bd000 r--p 00002000 103:02 16530540                  /usr/lib/x86_64-linux-gnu/libdl.so.2
7327552bd000-7327552be000 r--p 00002000 103:02 16530540                  /usr/lib/x86_64-linux-gnu/libdl.so.2
7327552be000-7327552bf000 rw-p 00003000 103:02 16530540                  /usr/lib/x86_64-linux-gnu/libdl.so.2
7327552bf000-7327552c0000 r--p 00000000 103:02 16531006                  /usr/lib/x86_64-linux-gnu/librt.so.1
7327552c0000-7327552c1000 r-xp 00001000 103:02 16531006                  /usr/lib/x86_64-linux-gnu/librt.so.1
7327552c1000-7327552c2000 r--p 00002000 103:02 16531006                  /usr/lib/x86_64-linux-gnu/librt.so.1
7327552c2000-7327552c3000 r--p 00002000 103:02 16531006                  /usr/lib/x86_64-linux-gnu/librt.so.1
7327552c3000-7327552c4000 rw-p 00003000 103:02 16531006                  /usr/lib/x86_64-linux-gnu/librt.so.1
7327552c4000-7327552c6000 r--p 00000000 103:02 17172983                  /usr/lib/jvm/java-21-openjdk-amd64/lib/libzip.so
7327552c6000-7327552cb000 r-xp 00002000 103:02 17172983                  /usr/lib/jvm/java-21-openjdk-amd64/lib/libzip.so
7327552cb000-7327552cd000 r--p 00007000 103:02 17172983                  /usr/lib/jvm/java-21-openjdk-amd64/lib/libzip.so
7327552cd000-7327552ce000 r--p 00008000 103:02 17172983                  /usr/lib/jvm/java-21-openjdk-amd64/lib/libzip.so
7327552ce000-7327552cf000 rw-p 00009000 103:02 17172983                  /usr/lib/jvm/java-21-openjdk-amd64/lib/libzip.so
7327552cf000-7327552d0000 r--p 00000000 103:02 17172953                  /usr/lib/jvm/java-21-openjdk-amd64/lib/libdt_socket.so
7327552d0000-7327552d3000 r-xp 00001000 103:02 17172953                  /usr/lib/jvm/java-21-openjdk-amd64/lib/libdt_socket.so
7327552d3000-7327552d4000 r--p 00004000 103:02 17172953                  /usr/lib/jvm/java-21-openjdk-amd64/lib/libdt_socket.so
7327552d4000-7327552d5000 r--p 00005000 103:02 17172953                  /usr/lib/jvm/java-21-openjdk-amd64/lib/libdt_socket.so
7327552d5000-7327552d6000 rw-p 00006000 103:02 17172953                  /usr/lib/jvm/java-21-openjdk-amd64/lib/libdt_socket.so
7327552d6000-732755317000 rw-p 00000000 00:00 0 
732755317000-732755327000 r--p 00000000 103:02 16530817                  /usr/lib/x86_64-linux-gnu/libm.so.6
732755327000-7327553a6000 r-xp 00010000 103:02 16530817                  /usr/lib/x86_64-linux-gnu/libm.so.6
7327553a6000-7327553fe000 r--p 0008f000 103:02 16530817                  /usr/lib/x86_64-linux-gnu/libm.so.6
7327553fe000-7327553ff000 r--p 000e7000 103:02 16530817                  /usr/lib/x86_64-linux-gnu/libm.so.6
7327553ff000-732755400000 rw-p 000e8000 103:02 16530817                  /usr/lib/x86_64-linux-gnu/libm.so.6
732755400000-732755696000 r--p 00000000 103:02 17172990                  /usr/lib/jvm/java-21-openjdk-amd64/lib/server/libjvm.so
732755696000-7327564fe000 r-xp 00296000 103:02 17172990                  /usr/lib/jvm/java-21-openjdk-amd64/lib/server/libjvm.so
7327564fe000-7327567d1000 r--p 010fe000 103:02 17172990                  /usr/lib/jvm/java-21-openjdk-amd64/lib/server/libjvm.so
7327567d1000-7327568a1000 r--p 013d0000 103:02 17172990                  /usr/lib/jvm/java-21-openjdk-amd64/lib/server/libjvm.so
7327568a1000-7327568d1000 rw-p 014a0000 103:02 17172990                  /usr/lib/jvm/java-21-openjdk-amd64/lib/server/libjvm.so
7327568d1000-732756937000 rw-p 00000000 00:00 0 
73275693b000-73275693e000 r--p 00000000 103:02 17172975                  /usr/lib/jvm/java-21-openjdk-amd64/lib/libnet.so
73275693e000-732756946000 r-xp 00003000 103:02 17172975                  /usr/lib/jvm/java-21-openjdk-amd64/lib/libnet.so
732756946000-732756948000 r--p 0000b000 103:02 17172975                  /usr/lib/jvm/java-21-openjdk-amd64/lib/libnet.so
732756948000-732756949000 r--p 0000c000 103:02 17172975                  /usr/lib/jvm/java-21-openjdk-amd64/lib/libnet.so
732756949000-73275694a000 rw-p 0000d000 103:02 17172975                  /usr/lib/jvm/java-21-openjdk-amd64/lib/libnet.so
73275694a000-732756951000 r--p 00000000 103:02 17172976                  /usr/lib/jvm/java-21-openjdk-amd64/lib/libnio.so
732756951000-73275695a000 r-xp 00007000 103:02 17172976                  /usr/lib/jvm/java-21-openjdk-amd64/lib/libnio.so
73275695a000-73275695e000 r--p 00010000 103:02 17172976                  /usr/lib/jvm/java-21-openjdk-amd64/lib/libnio.so
73275695e000-73275695f000 r--p 00014000 103:02 17172976                  /usr/lib/jvm/java-21-openjdk-amd64/lib/libnio.so
73275695f000-732756960000 rw-p 00015000 103:02 17172976                  /usr/lib/jvm/java-21-openjdk-amd64/lib/libnio.so
732756960000-7327569dc000 rw-p 00000000 00:00 0 
7327569dc000-7327569e9000 r--p 00000000 103:02 17172961                  /usr/lib/jvm/java-21-openjdk-amd64/lib/libjava.so
7327569e9000-7327569f8000 r-xp 0000d000 103:02 17172961                  /usr/lib/jvm/java-21-openjdk-amd64/lib/libjava.so
7327569f8000-7327569fd000 r--p 0001c000 103:02 17172961                  /usr/lib/jvm/java-21-openjdk-amd64/lib/libjava.so
7327569fd000-7327569fe000 r--p 00021000 103:02 17172961                  /usr/lib/jvm/java-21-openjdk-amd64/lib/libjava.so
7327569fe000-7327569ff000 rw-p 00022000 103:02 17172961                  /usr/lib/jvm/java-21-openjdk-amd64/lib/libjava.so
7327569ff000-732756a00000 rw-p 00000000 00:00 0 
732756a00000-732756a28000 r--p 00000000 103:02 16530474                  /usr/lib/x86_64-linux-gnu/libc.so.6
732756a28000-732756bb0000 r-xp 00028000 103:02 16530474                  /usr/lib/x86_64-linux-gnu/libc.so.6
732756bb0000-732756bff000 r--p 001b0000 103:02 16530474                  /usr/lib/x86_64-linux-gnu/libc.so.6
732756bff000-732756c03000 r--p 001fe000 103:02 16530474                  /usr/lib/x86_64-linux-gnu/libc.so.6
732756c03000-732756c05000 rw-p 00202000 103:02 16530474                  /usr/lib/x86_64-linux-gnu/libc.so.6
732756c05000-732756c12000 rw-p 00000000 00:00 0 
732756c13000-732756c14000 r--p 00000000 103:02 16530978                  /usr/lib/x86_64-linux-gnu/libpthread.so.0
732756c14000-732756c15000 r-xp 00001000 103:02 16530978                  /usr/lib/x86_64-linux-gnu/libpthread.so.0
732756c15000-732756c16000 r--p 00002000 103:02 16530978                  /usr/lib/x86_64-linux-gnu/libpthread.so.0
732756c16000-732756c17000 r--p 00002000 103:02 16530978                  /usr/lib/x86_64-linux-gnu/libpthread.so.0
732756c17000-732756c18000 rw-p 00003000 103:02 16530978                  /usr/lib/x86_64-linux-gnu/libpthread.so.0
732756c18000-732756c1d000 rw-p 00000000 00:00 0 
732756c1d000-732756c27000 ---p 00000000 00:00 0 
732756c27000-732756c2a000 r--p 00000000 103:02 17172963                  /usr/lib/jvm/java-21-openjdk-amd64/lib/libjdwp.so
732756c2a000-732756c59000 r-xp 00003000 103:02 17172963                  /usr/lib/jvm/java-21-openjdk-amd64/lib/libjdwp.so
732756c59000-732756c68000 r--p 00032000 103:02 17172963                  /usr/lib/jvm/java-21-openjdk-amd64/lib/libjdwp.so
732756c68000-732756c69000 r--p 00040000 103:02 17172963                  /usr/lib/jvm/java-21-openjdk-amd64/lib/libjdwp.so
732756c69000-732756c6a000 rw-p 00041000 103:02 17172963                  /usr/lib/jvm/java-21-openjdk-amd64/lib/libjdwp.so
732756c6a000-732756c6b000 rw-p 00000000 00:00 0 
732756c6b000-732756c6f000 r--p 00000000 103:02 16528598                  /usr/lib/x86_64-linux-gnu/libgcc_s.so.1
732756c6f000-732756c93000 r-xp 00004000 103:02 16528598                  /usr/lib/x86_64-linux-gnu/libgcc_s.so.1
732756c93000-732756c97000 r--p 00028000 103:02 16528598                  /usr/lib/x86_64-linux-gnu/libgcc_s.so.1
732756c97000-732756c98000 r--p 0002b000 103:02 16528598                  /usr/lib/x86_64-linux-gnu/libgcc_s.so.1
732756c98000-732756c99000 rw-p 0002c000 103:02 16528598                  /usr/lib/x86_64-linux-gnu/libgcc_s.so.1
732756c99000-732756c9b000 rw-p 00000000 00:00 0 
732756c9b000-732756c9d000 r--p 00000000 103:02 17172965                  /usr/lib/jvm/java-21-openjdk-amd64/lib/libjli.so
732756c9d000-732756ca7000 r-xp 00002000 103:02 17172965                  /usr/lib/jvm/java-21-openjdk-amd64/lib/libjli.so
732756ca7000-732756caa000 r--p 0000c000 103:02 17172965                  /usr/lib/jvm/java-21-openjdk-amd64/lib/libjli.so
732756caa000-732756cab000 r--p 0000f000 103:02 17172965                  /usr/lib/jvm/java-21-openjdk-amd64/lib/libjli.so
732756cab000-732756cac000 rw-p 00010000 103:02 17172965                  /usr/lib/jvm/java-21-openjdk-amd64/lib/libjli.so
732756cac000-732756cae000 r--p 00000000 103:02 16531205                  /usr/lib/x86_64-linux-gnu/libz.so.1.3
732756cae000-732756cc0000 r-xp 00002000 103:02 16531205                  /usr/lib/x86_64-linux-gnu/libz.so.1.3
732756cc0000-732756cc6000 r--p 00014000 103:02 16531205                  /usr/lib/x86_64-linux-gnu/libz.so.1.3
732756cc6000-732756cc7000 r--p 0001a000 103:02 16531205                  /usr/lib/x86_64-linux-gnu/libz.so.1.3
732756cc7000-732756cc8000 rw-p 0001b000 103:02 16531205                  /usr/lib/x86_64-linux-gnu/libz.so.1.3
732756cc9000-732756cd1000 rw-s 00000000 103:02 18219087                  /tmp/hsperfdata_dov/39113
732756cd1000-732756cd2000 ---p 00000000 00:00 0 
732756cd2000-732756cd3000 r--p 00000000 00:00 0 
732756cd3000-732756cd4000 ---p 00000000 00:00 0 
732756cd4000-732756cd6000 r--p 00000000 103:02 17172964                  /usr/lib/jvm/java-21-openjdk-amd64/lib/libjimage.so
732756cd6000-732756cd9000 r-xp 00002000 103:02 17172964                  /usr/lib/jvm/java-21-openjdk-amd64/lib/libjimage.so
732756cd9000-732756cda000 r--p 00005000 103:02 17172964                  /usr/lib/jvm/java-21-openjdk-amd64/lib/libjimage.so
732756cda000-732756cdb000 r--p 00006000 103:02 17172964                  /usr/lib/jvm/java-21-openjdk-amd64/lib/libjimage.so
732756cdb000-732756cdc000 rw-p 00007000 103:02 17172964                  /usr/lib/jvm/java-21-openjdk-amd64/lib/libjimage.so
732756cdc000-732756cde000 rw-p 00000000 00:00 0 
732756cde000-732756cdf000 r--p 00000000 103:02 16530286                  /usr/lib/x86_64-linux-gnu/ld-linux-x86-64.so.2
732756cdf000-732756d0a000 r-xp 00001000 103:02 16530286                  /usr/lib/x86_64-linux-gnu/ld-linux-x86-64.so.2
732756d0a000-732756d14000 r--p 0002c000 103:02 16530286                  /usr/lib/x86_64-linux-gnu/ld-linux-x86-64.so.2
732756d14000-732756d16000 r--p 00036000 103:02 16530286                  /usr/lib/x86_64-linux-gnu/ld-linux-x86-64.so.2
732756d16000-732756d18000 rw-p 00038000 103:02 16530286                  /usr/lib/x86_64-linux-gnu/ld-linux-x86-64.so.2
7ffdebde1000-7ffdebe02000 rw-p 00000000 00:00 0                          [stack]
7ffdebf74000-7ffdebf78000 r--p 00000000 00:00 0                          [vvar]
7ffdebf78000-7ffdebf7a000 r-xp 00000000 00:00 0                          [vdso]
ffffffffff600000-ffffffffff601000 --xp 00000000 00:00 0                  [vsyscall]
Total number of mappings: 423


VM Arguments:
jvm_args: -Dfile.encoding=UTF-8 -agentlib:jdwp=transport=dt_socket,address=localhost:46129 --module-path=/home/dov/projects/NeighborhoodPIG/build/classes 
java_command: main.NeighborhoodPIG
java_class_path (initial): /home/dov/projects/Libraries/commons-math3/commons-math3-3.6.1-javadoc.jar:/home/dov/projects/Libraries/commons-math3/commons-math3-3.6.1-sources.jar:/home/dov/projects/Libraries/commons-math3/commons-math3-3.6.1-test-sources.jar:/home/dov/projects/Libraries/commons-math3/commons-math3-3.6.1-tests.jar:/home/dov/projects/Libraries/commons-math3/commons-math3-3.6.1-tools.jar:/home/dov/projects/Libraries/commons-math3/commons-math3-3.6.1.jar:/home/dov/projects/JCudaWrapper/jcuda12/jcublas-12.0.0.jar:/home/dov/projects/JCudaWrapper/jcuda12/jcublas-natives-12.0.0-linux-x86_64.jar:/home/dov/projects/JCudaWrapper/jcuda12/jcuda-12.0.0.jar:/home/dov/projects/JCudaWrapper/jcuda12/jcuda-natives-12.0.0-linux-x86_64.jar:/home/dov/projects/JCudaWrapper/jcuda12/jcudnn-12.0.0.jar:/home/dov/projects/JCudaWrapper/jcuda12/jcudnn-natives-12.0.0-linux-x86_64.jar:/home/dov/projects/JCudaWrapper/jcuda12/jcufft-12.0.0.jar:/home/dov/projects/JCudaWrapper/jcuda12/jcufft-natives-12.0.0-linux-x86_64.jar:/home/dov/projects/JCudaWrapper/jcuda12/jcurand-12.0.0.jar:/home/dov/projects/JCudaWrapper/jcuda12/jcurand-natives-12.0.0-linux-x86_64.jar:/home/dov/projects/JCudaWrapper/jcuda12/jcusolver-12.0.0.jar:/home/dov/projects/JCudaWrapper/jcuda12/jcusolver-natives-12.0.0-linux-x86_64.jar:/home/dov/projects/JCudaWrapper/jcuda12/jcusparse-12.0.0.jar:/home/dov/projects/JCudaWrapper/jcuda12/jcusparse-natives-12.0.0-linux-x86_64.jar:/home/dov/projects/NeighborhoodPIG/build/classes
Launcher Type: SUN_STANDARD

[Global flags]
     intx CICompilerCount                          = 12                                        {product} {ergonomic}
     uint ConcGCThreads                            = 3                                         {product} {ergonomic}
     uint G1ConcRefinementThreads                  = 13                                        {product} {ergonomic}
   size_t G1HeapRegionSize                         = 4194304                                   {product} {ergonomic}
    uintx GCDrainStackTargetSize                   = 64                                        {product} {ergonomic}
   size_t InitialHeapSize                          = 515899392                                 {product} {ergonomic}
   size_t MarkStackSize                            = 4194304                                   {product} {ergonomic}
   size_t MaxHeapSize                              = 8212447232                                {product} {ergonomic}
   size_t MaxNewSize                               = 4924112896                                {product} {ergonomic}
   size_t MinHeapDeltaBytes                        = 4194304                                   {product} {ergonomic}
   size_t MinHeapSize                              = 8388608                                   {product} {ergonomic}
    uintx NonNMethodCodeHeapSize                   = 7602480                                {pd product} {ergonomic}
    uintx NonProfiledCodeHeapSize                  = 122027880                              {pd product} {ergonomic}
    uintx ProfiledCodeHeapSize                     = 122027880                              {pd product} {ergonomic}
    uintx ReservedCodeCacheSize                    = 251658240                              {pd product} {ergonomic}
     bool SegmentedCodeCache                       = true                                      {product} {ergonomic}
   size_t SoftMaxHeapSize                          = 8212447232                             {manageable} {ergonomic}
     bool UseCompressedOops                        = true                           {product lp64_product} {ergonomic}
     bool UseG1GC                                  = true                                      {product} {ergonomic}

Logging:
Log output configuration:
 #0: stdout all=warning uptime,level,tags foldmultilines=false
 #1: stderr all=off uptime,level,tags foldmultilines=false

Environment Variables:
PATH=/usr/local/sbin:/usr/local/bin:/usr/sbin:/usr/bin:/sbin:/bin:/usr/games:/usr/local/games:/snap/bin:/snap/bin
USERNAME=dov
SHELL=/bin/bash
DISPLAY=:1
LANG=en_US.UTF-8

Active Locale:
LC_ALL=en_US.UTF-8
LC_COLLATE=en_US.UTF-8
LC_CTYPE=en_US.UTF-8
LC_MESSAGES=en_US.UTF-8
LC_MONETARY=en_US.UTF-8
LC_NUMERIC=en_US.UTF-8
LC_TIME=en_US.UTF-8

Signal Handlers:
   SIGSEGV: crash_handler in libjvm.so, mask=11100100010111111101111111111110, flags=SA_RESTART|SA_SIGINFO, unblocked
    SIGBUS: crash_handler in libjvm.so, mask=11100100010111111101111111111110, flags=SA_RESTART|SA_SIGINFO, unblocked
    SIGFPE: crash_handler in libjvm.so, mask=11100100010111111101111111111110, flags=SA_RESTART|SA_SIGINFO, unblocked
   SIGPIPE: javaSignalHandler in libjvm.so, mask=11100100010111111101111111111110, flags=SA_RESTART|SA_SIGINFO, blocked
   SIGXFSZ: javaSignalHandler in libjvm.so, mask=11100100010111111101111111111110, flags=SA_RESTART|SA_SIGINFO, blocked
    SIGILL: crash_handler in libjvm.so, mask=11100100010111111101111111111110, flags=SA_RESTART|SA_SIGINFO, unblocked
   SIGUSR2: SR_handler in libjvm.so, mask=00000000000000000000000000000000, flags=SA_RESTART|SA_SIGINFO, blocked
    SIGHUP: UserHandler in libjvm.so, mask=11100100010111111101111111111110, flags=SA_RESTART|SA_SIGINFO, blocked
    SIGINT: SIG_IGN, mask=00000000000000000000000000000000, flags=none, blocked
   SIGTERM: UserHandler in libjvm.so, mask=11100100010111111101111111111110, flags=SA_RESTART|SA_SIGINFO, blocked
   SIGQUIT: UserHandler in libjvm.so, mask=11100100010111111101111111111110, flags=SA_RESTART|SA_SIGINFO, blocked
   SIGTRAP: crash_handler in libjvm.so, mask=11100100010111111101111111111110, flags=SA_RESTART|SA_SIGINFO, unblocked


Periodic native trim disabled

---------------  S Y S T E M  ---------------

OS:
DISTRIB_ID=Ubuntu
DISTRIB_RELEASE=24.04
DISTRIB_CODENAME=noble
DISTRIB_DESCRIPTION="Ubuntu 24.04.1 LTS"
uname: Linux 6.8.0-47-generic #47-Ubuntu SMP PREEMPT_DYNAMIC Fri Sep 27 21:40:26 UTC 2024 x86_64
OS uptime: 0 days 23:46 hours
libc: glibc 2.39 NPTL 2.39 
rlimit (soft/hard): STACK 8192k/infinity , CORE 0k/infinity , NPROC 125013/125013 , NOFILE 1048576/1048576 , AS infinity/infinity , CPU infinity/infinity , DATA infinity/infinity , FSIZE infinity/infinity , MEMLOCK 4009332k/4009332k
load average: 2.01 0.56 0.32

/proc/meminfo:
MemTotal:       32074672 kB
MemFree:        20065548 kB
MemAvailable:   25181188 kB
Buffers:          590536 kB
Cached:          4858524 kB
SwapCached:            0 kB
Active:          6758496 kB
Inactive:        3379780 kB
Active(anon):    4766152 kB
Inactive(anon):        0 kB
Active(file):    1992344 kB
Inactive(file):  3379780 kB
Unevictable:          32 kB
Mlocked:              32 kB
SwapTotal:       8388604 kB
SwapFree:        8388604 kB
Zswap:                 0 kB
Zswapped:              0 kB
Dirty:                96 kB
Writeback:             0 kB
AnonPages:       4689308 kB
Mapped:           891860 kB
Shmem:             76936 kB
KReclaimable:     207996 kB
Slab:             507564 kB
SReclaimable:     207996 kB
SUnreclaim:       299568 kB
KernelStack:       20416 kB
PageTables:        52868 kB
SecPageTables:         0 kB
NFS_Unstable:          0 kB
Bounce:                0 kB
WritebackTmp:          0 kB
CommitLimit:    24425940 kB
Committed_AS:   21898608 kB
VmallocTotal:   34359738367 kB
VmallocUsed:      163252 kB
VmallocChunk:          0 kB
Percpu:            23360 kB
HardwareCorrupted:     0 kB
AnonHugePages:         0 kB
ShmemHugePages:        0 kB
ShmemPmdMapped:        0 kB
FileHugePages:         0 kB
FilePmdMapped:         0 kB
Unaccepted:            0 kB
HugePages_Total:       0
HugePages_Free:        0
HugePages_Rsvd:        0
HugePages_Surp:        0
Hugepagesize:       2048 kB
Hugetlb:               0 kB
DirectMap4k:     1726952 kB
DirectMap2M:    16351232 kB
DirectMap1G:    15728640 kB

/sys/kernel/mm/transparent_hugepage/enabled: always [madvise] never
/sys/kernel/mm/transparent_hugepage/hpage_pmd_size: 2097152
/sys/kernel/mm/transparent_hugepage/defrag (defrag/compaction efforts parameter): always defer defer+madvise [madvise] never

Process Memory:
Virtual Size: 17093100K (peak: 17113160K)
Resident Set Size: 276152K (peak: 276152K) (anon: 110984K, file: 156976K, shmem: 8192K)
Swapped out: 0K
C-Heap outstanding allocations: 86185K, retained: 3010K
glibc malloc tunables: (default)

/proc/sys/kernel/threads-max (system-wide limit on the number of threads): 250026
/proc/sys/vm/max_map_count (maximum number of memory map areas a process may have): 1048576
/proc/sys/vm/swappiness (control to define how aggressively the kernel swaps out anonymous memory): 60
/proc/sys/kernel/pid_max (system-wide limit on number of process identifiers): 4194304

container (cgroup) information:
container_type: cgroupv2
cpu_cpuset_cpus: not supported
cpu_memory_nodes: not supported
active_processor_count: 16
cpu_quota: not supported
cpu_period: not supported
cpu_shares: not supported
memory_limit_in_bytes: unlimited
memory_and_swap_limit_in_bytes: unlimited
memory_soft_limit_in_bytes: unlimited
memory_usage_in_bytes: 3044976 k
memory_max_usage_in_bytes: not supported
memory_swap_current_in_bytes: unlimited
memory_swap_max_limit_in_bytes: unlimited
maximum number of tasks: 37503
current number of tasks: 103

Steal ticks since vm start: 0
Steal ticks percentage since vm start:  0.000

CPU: total 16 (initial active 16) (16 cores per cpu, 2 threads per core) family 25 model 68 stepping 1 microcode 0xa404101, cx8, cmov, fxsr, ht, mmx, 3dnowpref, sse, sse2, sse3, ssse3, sse4a, sse4.1, sse4.2, popcnt, lzcnt, tsc, tscinvbit, avx, avx2, aes, clmul, bmi1, bmi2, adx, sha, fma, vzeroupper, clflush, clflushopt, rdtscp, rdpid, f16c, pku, ospke, cet_ss
CPU Model and flags from /proc/cpuinfo:
model name	: AMD Ryzen 9 6900HS with Radeon Graphics
flags		: fpu vme de pse tsc msr pae mce cx8 apic sep mtrr pge mca cmov pat pse36 clflush mmx fxsr sse sse2 ht syscall nx mmxext fxsr_opt pdpe1gb rdtscp lm constant_tsc rep_good nopl nonstop_tsc cpuid extd_apicid aperfmperf rapl pni pclmulqdq monitor ssse3 fma cx16 sse4_1 sse4_2 x2apic movbe popcnt aes xsave avx f16c rdrand lahf_lm cmp_legacy svm extapic cr8_legacy abm sse4a misalignsse 3dnowprefetch osvw ibs skinit wdt tce topoext perfctr_core perfctr_nb bpext perfctr_llc mwaitx cpb cat_l3 cdp_l3 hw_pstate ssbd mba ibrs ibpb stibp vmmcall fsgsbase bmi1 avx2 smep bmi2 invpcid cqm rdt_a rdseed adx smap clflushopt clwb sha_ni xsaveopt xsavec xgetbv1 xsaves cqm_llc cqm_occup_llc cqm_mbm_total cqm_mbm_local user_shstk clzero irperf xsaveerptr rdpru wbnoinvd cppc arat npt lbrv svm_lock nrip_save tsc_scale vmcb_clean flushbyasid decodeassists pausefilter pfthreshold avic v_vmsave_vmload vgif v_spec_ctrl umip pku ospke vaes vpclmulqdq rdpid overflow_recov succor smca debug_swap

Online cpus: 0-15
Offline cpus: 
BIOS frequency limitation: <Not Available>
Frequency switch latency (ns): 0
Available cpu frequencies: <Not Available>
Current governor: powersave
Core performance/turbo boost: <Not Available>

Memory: 4k page, physical 32074672k(25181188k free), swap 8388604k(8388604k free)
Page Sizes: 4k

vm_info: OpenJDK 64-Bit Server VM (21.0.4+7-Ubuntu-1ubuntu224.04) for linux-amd64 JRE (21.0.4+7-Ubuntu-1ubuntu224.04), built on 2024-07-23T01:34:52Z by "buildd" with gcc 13.2.0

END.
