#
# A fatal error has been detected by the Java Runtime Environment:
#
#  SIGSEGV (0xb) at pc=0x00007e887e68bf34, pid=490241, tid=490246
#
# JRE version: OpenJDK Runtime Environment (21.0.5+11) (build 21.0.5+11-Ubuntu-1ubuntu124.04)
# Java VM: OpenJDK 64-Bit Server VM (21.0.5+11-Ubuntu-1ubuntu124.04, mixed mode, sharing, tiered, compressed oops, compressed class ptrs, g1 gc, linux-amd64)
# Problematic frame:
# C  [libcuda.so.1+0x28bf34]
#
# No core dump will be written. Core dumps have been disabled. To enable core dumping, try "ulimit -c unlimited" before starting Java again
#
# If you would like to submit a bug report, please visit:
#   https://bugs.launchpad.net/ubuntu/+source/openjdk-21
# The crash happened outside the Java Virtual Machine in native code.
# See problematic frame for where to report the bug.
#

---------------  S U M M A R Y ------------

Command Line: -Dfile.encoding=UTF-8 -agentlib:jdwp=transport=dt_socket,address=localhost:48797 fijiPlugin.FijiPlugin

Host: AMD Ryzen 9 6900HS with Radeon Graphics, 16 cores, 30G, Ubuntu 24.04.1 LTS
Time: Mon Feb 17 13:43:57 2025 IST elapsed time: 9140.795436 seconds (0d 2h 32m 20s)

---------------  T H R E A D  ---------------

Current thread (0x00007e88b401b880):  JavaThread "main"             [_thread_in_native, id=490246, stack(0x00007e88b9300000,0x00007e88b9400000) (1024K)]

Stack: [0x00007e88b9300000,0x00007e88b9400000],  sp=0x00007e88b93fe370,  free space=1016k
Native frames: (J=compiled Java code, j=interpreted, Vv=VM code, C=native code)
C  [libcuda.so.1+0x28bf34]
Java frames: (J=compiled Java code, j=interpreted, Vv=VM code)
j  jcuda.driver.JCudaDriver.cuModuleGetFunctionNative(Ljcuda/driver/CUfunction;Ljcuda/driver/CUmodule;Ljava/lang/String;)I+0
j  jcuda.driver.JCudaDriver.cuModuleGetFunction(Ljcuda/driver/CUfunction;Ljcuda/driver/CUmodule;Ljava/lang/String;)I+3
j  JCudaWrapper.array.Kernel.<init>(Ljava/lang/String;)V+243
j  JCudaWrapper.array.Kernel.run(Ljava/lang/String;LJCudaWrapper/resourceManagement/Handle;ILJCudaWrapper/array/Array;[Ljcuda/Pointer;)V+5
j  fijiPlugin.NeighborhoodProductSums.set(LJCudaWrapper/array/DStrideArray3d;LJCudaWrapper/array/DStrideArray3d;LJCudaWrapper/array/DArray1d;)V+94
j  fijiPlugin.StructureTensorMatrix.<init>(LJCudaWrapper/resourceManagement/Handle;LfijiPlugin/Gradient;ID)V+58
j  fijiPlugin.NeighborhoodPIG.<init>(LJCudaWrapper/resourceManagement/Handle;LJCudaWrapper/array/DStrideArray3d;[Ljava/lang/String;ID)V+45
j  fijiPlugin.NeighborhoodPIG.get(LJCudaWrapper/resourceManagement/Handle;Ljava/lang/String;IID)LfijiPlugin/NeighborhoodPIG;+54
j  fijiPlugin.FijiPlugin.main([Ljava/lang/String;)V+26
v  ~StubRoutines::call_stub 0x00007e88a3c5fcc6

siginfo: si_signo: 11 (SIGSEGV), si_code: 1 (SEGV_MAPERR), si_addr: 0x0000000000000003

Registers:
RAX=0x0000000000abc123, RBX=0x0000000000000003, RCX=0x00007e88bb005780, RDX=0x00007e88b4668840
RSP=0x00007e88b93fe370, RBP=0x00007e88b93fe450, RSI=0x0000000000000001, RDI=0x0000000000000030
R8 =0x0000000000000013, R9 =0x00007e88b401b880, R10=0x00007e88bad3aa40, R11=0x0000000000000000
R12=0x0000000000000003, R13=0x00007e88b93fe460, R14=0x00007e88b5746070, R15=0x00007e88b401b880
RIP=0x00007e887e68bf34, EFLAGS=0x0000000000010206, CSGSFS=0x002b000000000033, ERR=0x0000000000000004
  TRAPNO=0x000000000000000e


Register to memory mapping:

RAX=0x0000000000abc123 is an unknown value
RBX=0x0000000000000003 is an unknown value
RCX=0x00007e88bb005780: __pthread_keys+0x0000000000000000 in /lib/x86_64-linux-gnu/libc.so.6 at 0x00007e88bae00000
RDX=0x00007e88b4668840 points into unknown readable memory: 0x00007e88b464d130 | 30 d1 64 b4 88 7e 00 00
RSP=0x00007e88b93fe370 is pointing into the stack for thread: 0x00007e88b401b880
RBP=0x00007e88b93fe450 is pointing into the stack for thread: 0x00007e88b401b880
RSI=0x0000000000000001 is an unknown value
RDI=0x0000000000000030 is an unknown value
R8 =0x0000000000000013 is an unknown value
R9 =0x00007e88b401b880 is a thread
R10=0x00007e88bad3aa40: <offset 0x000000000153aa40> in /usr/lib/jvm/java-21-openjdk-amd64/lib/server/libjvm.so at 0x00007e88b9800000
R11=0x0 is null
R12=0x0000000000000003 is an unknown value
R13=0x00007e88b93fe460 is pointing into the stack for thread: 0x00007e88b401b880
R14=0x00007e88b5746070 points into unknown readable memory: 0x7250454245646461 | 61 64 64 45 42 45 50 72
R15=0x00007e88b401b880 is a thread

Top of Stack: (sp=0x00007e88b93fe370)
0x00007e88b93fe370:   00007e88000003e7 0000000000000000
0x00007e88b93fe380:   0000000000000000 00007e88b401b880
0x00007e88b93fe390:   0000000000000013 0000000000000000
0x00007e88b93fe3a0:   00000006345c1a40 00007e88bacbe890
0x00007e88b93fe3b0:   00007e88b4668840 00007e88ba1c4f28
0x00007e88b93fe3c0:   00007e88b93fe528 00007e88b5746070
0x00007e88b93fe3d0:   00007e88b401b880 0000000000000000
0x00007e88b93fe3e0:   00007e88b401bc38 0000000000000014
0x00007e88b93fe3f0:   0000000000000000 00007e88b401bc38
0x00007e88b93fe400:   00007e88b5746070 00007e88b412e0d0
0x00007e88b93fe410:   0000000000000003 00007e88b401b880
0x00007e88b93fe420:   0000000000000013 00007e88b401bc38
0x00007e88b93fe430:   00007e88b93fe528 00007e88b93fe538
0x00007e88b93fe440:   0000000000000003 00007e88b401b880
0x00007e88b93fe450:   00007e88b5746070 00007e887c229117
0x00007e88b93fe460:   0000000000000000 f2eeccf1d6f49200
0x00007e88b93fe470:   00007e88284bfc40 00007e88b93fe508
0x00007e88b93fe480:   0000000000000000 00007e88284bfc40
0x00007e88b93fe490:   00007e88b93fe538 00007e88a3c6eb6d
0x00007e88b93fe4a0:   00000006345c1a18 0000000000000000
0x00007e88b93fe4b0:   00000006345c1a18 00000006345bd1d8
0x00007e88b93fe4c0:   00007e88b93fe4c0 0000000000000000
0x00007e88b93fe4d0:   0000000000000006 00007e88284d8000
0x00007e88b93fe4e0:   0000000000000000 000000063446fb60
0x00007e88b93fe4f0:   00007e88284bfc40 0000000000000000
0x00007e88b93fe500:   00007e88b93fe528 00007e88b93fe588
0x00007e88b93fe510:   00007e88a3c67bf8 000000063446fb60
0x00007e88b93fe520:   00007e88a3c6aeb5 00000006345bc9a0
0x00007e88b93fe530:   00000006345bc9e0 00000006345c1a28
0x00007e88b93fe540:   00007e88b93fe540 00007e88284bfb7b
0x00007e88b93fe550:   0000000000000004 00007e88284d8000
0x00007e88b93fe560:   0000000000000000 000000063446fb60 

Instructions: (pc=0x00007e887e68bf34)
0x00007e887e68be34:   fe ff ff 66 0f 1f 84 00 00 00 00 00 b8 04 00 00
0x00007e887e68be44:   00 e9 4d fd ff ff 66 0f 1f 44 00 00 b8 c9 00 00
0x00007e887e68be54:   00 e9 3d fd ff ff 66 0f 1f 44 00 00 55 48 89 e5
0x00007e887e68be64:   41 57 41 56 49 89 d6 41 55 49 89 fd 41 54 53 48
0x00007e887e68be74:   89 f3 48 81 ec b8 00 00 00 8b 05 19 7a 8d 01 c7
0x00007e887e68be84:   85 20 ff ff ff e7 03 00 00 48 c7 85 30 ff ff ff
0x00007e887e68be94:   00 00 00 00 48 c7 85 28 ff ff ff 00 00 00 00 85
0x00007e887e68bea4:   c0 74 14 48 8d bd 30 ff ff ff e8 9d b3 fc ff 85
0x00007e887e68beb4:   c0 0f 84 a5 00 00 00 8b 05 9b fa 8d 01 41 bc 03
0x00007e887e68bec4:   00 00 00 48 c7 85 60 ff ff ff 00 00 00 00 85 c0
0x00007e887e68bed4:   74 71 41 bc 04 00 00 00 83 f8 02 74 66 8b 05 59
0x00007e887e68bee4:   fa 8d 01 8d 78 ff e8 d1 29 e5 ff 48 85 c0 0f 84
0x00007e887e68bef4:   48 02 00 00 48 89 85 60 ff ff ff 48 83 f8 ff 74
0x00007e887e68bf04:   0c 80 78 24 00 41 bc 20 03 00 00 75 36 8b 05 b9
0x00007e887e68bf14:   89 8d 01 3d 00 ba 1c 32 0f 84 ce 02 00 00 41 bc
0x00007e887e68bf24:   03 00 00 00 3d 23 c1 ab 00 75 18 48 85 db 74 0d
0x00007e887e68bf34:   44 8b 23 41 83 fc 01 0f 84 67 01 00 00 41 bc 90
0x00007e887e68bf44:   01 00 00 48 81 c4 b8 00 00 00 44 89 e0 5b 41 5c
0x00007e887e68bf54:   41 5d 41 5e 41 5f 5d c3 0f 1f 40 00 48 8b bd 30
0x00007e887e68bf64:   ff ff ff 48 8d b5 28 ff ff ff e8 ed b6 25 00 85
0x00007e887e68bf74:   c0 0f 85 40 ff ff ff 48 8b 85 28 ff ff ff 66 49
0x00007e887e68bf84:   0f 6e c5 31 d2 66 48 0f 6e cb 66 0f 6c c1 4c 89
0x00007e887e68bf94:   b5 50 ff ff ff 48 c7 85 38 ff ff ff 00 00 00 00
0x00007e887e68bfa4:   c7 85 24 ff ff ff 00 00 00 00 c7 85 60 ff ff ff
0x00007e887e68bfb4:   68 00 00 00 48 89 45 a0 0f 29 85 40 ff ff ff 48
0x00007e887e68bfc4:   85 c0 74 03 8b 50 38 48 8d 85 38 ff ff ff 48 8d
0x00007e887e68bfd4:   0d 21 6f 5c 01 48 89 95 68 ff ff ff be 17 00 00
0x00007e887e68bfe4:   00 66 48 0f 6e c0 bf 06 00 00 00 48 8d 85 20 ff
0x00007e887e68bff4:   ff ff 48 c7 85 70 ff ff ff 00 00 00 00 66 48 0f
0x00007e887e68c004:   6e d0 48 8d 85 40 ff ff ff 4c 8d a5 60 ff ff ff
0x00007e887e68c014:   48 c7 45 a8 00 00 00 00 66 0f 6c c2 66 48 0f 6e
0x00007e887e68c024:   d8 48 8b 05 8c 71 5c 01 4c 89 e2 0f 29 45 80 66 


Stack slot to memory mapping:

stack at sp + 0 slots: 0x00007e88000003e7 is an unknown value
stack at sp + 1 slots: 0x0 is null
stack at sp + 2 slots: 0x0 is null
stack at sp + 3 slots: 0x00007e88b401b880 is a thread
stack at sp + 4 slots: 0x0000000000000013 is an unknown value
stack at sp + 5 slots: 0x0 is null
stack at sp + 6 slots: 0x00000006345c1a40 is an oop: [B 
{0x00000006345c1a40} - klass: {type array byte}
 - length: 19
stack at sp + 7 slots: 0x00007e88bacbe890: <offset 0x00000000014be890> in /usr/lib/jvm/java-21-openjdk-amd64/lib/server/libjvm.so at 0x00007e88b9800000


---------------  P R O C E S S  ---------------

Threads class SMR info:
_java_thread_list=0x00007e87e4003a60, length=12, elements={
0x00007e88b401b880, 0x00007e88b4135ed0, 0x00007e88b4137560, 0x00007e88b4138d00,
0x00007e88b413a340, 0x00007e88b413b8e0, 0x00007e88b413d4a0, 0x00007e88b413eb60,
0x00007e88b415df10, 0x00007e88b415f210, 0x00007e88b41642c0, 0x00007e88b564ae20
}

Java Threads: ( => current thread )
=>0x00007e88b401b880 JavaThread "main"                              [_thread_in_native, id=490246, stack(0x00007e88b9300000,0x00007e88b9400000) (1024K)]
  0x00007e88b4135ed0 JavaThread "Reference Handler"          daemon [_thread_blocked, id=490255, stack(0x00007e888ad00000,0x00007e888ae00000) (1024K)]
  0x00007e88b4137560 JavaThread "Finalizer"                  daemon [_thread_blocked, id=490256, stack(0x00007e888ac00000,0x00007e888ad00000) (1024K)]
  0x00007e88b4138d00 JavaThread "Signal Dispatcher"          daemon [_thread_blocked, id=490257, stack(0x00007e888ab00000,0x00007e888ac00000) (1024K)]
  0x00007e88b413a340 JavaThread "Service Thread"             daemon [_thread_blocked, id=490258, stack(0x00007e888aa00000,0x00007e888ab00000) (1024K)]
  0x00007e88b413b8e0 JavaThread "Monitor Deflation Thread"   daemon [_thread_blocked, id=490259, stack(0x00007e888a900000,0x00007e888aa00000) (1024K)]
  0x00007e88b413d4a0 JavaThread "C2 CompilerThread0"         daemon [_thread_blocked, id=490261, stack(0x00007e888a800000,0x00007e888a900000) (1024K)]
  0x00007e88b413eb60 JavaThread "C1 CompilerThread0"         daemon [_thread_blocked, id=490262, stack(0x00007e888a700000,0x00007e888a800000) (1024K)]
  0x00007e88b415df10 JavaThread "JDWP Event Helper Thread"   daemon [_thread_blocked, id=490265, stack(0x00007e888a500000,0x00007e888a600000) (1024K)]
  0x00007e88b415f210 JavaThread "Notification Thread"        daemon [_thread_blocked, id=490274, stack(0x00007e888a300000,0x00007e888a400000) (1024K)]
  0x00007e88b41642c0 JavaThread "Common-Cleaner"             daemon [_thread_blocked, id=490275, stack(0x00007e888a200000,0x00007e888a300000) (1024K)]
  0x00007e88b564ae20 JavaThread "Java2D Disposer"            daemon [_thread_blocked, id=490287, stack(0x00007e888a000000,0x00007e888a100000) (1024K)]
Total: 12

Other Threads:
  0x00007e88b412cba0 VMThread "VM Thread"                           [id=490254, stack(0x00007e888bbfd000,0x00007e888bcfd000) (1024K)]
  0x00007e88b411ade0 WatcherThread "VM Periodic Task Thread"        [id=490252, stack(0x00007e888bcfe000,0x00007e888bdfe000) (1024K)]
  0x00007e88b40468b0 WorkerThread "GC Thread#0"                     [id=490247, stack(0x00007e88b8265000,0x00007e88b8365000) (1024K)]
  0x00007e88b40573b0 ConcurrentGCThread "G1 Main Marker"            [id=490248, stack(0x00007e88b8164000,0x00007e88b8264000) (1024K)]
  0x00007e88b4058360 WorkerThread "G1 Conc#0"                       [id=490249, stack(0x00007e88b8063000,0x00007e88b8163000) (1024K)]
  0x00007e88b40fff70 ConcurrentGCThread "G1 Refine#0"               [id=490250, stack(0x00007e888bf00000,0x00007e888c000000) (1024K)]
  0x00007e88b4100f30 ConcurrentGCThread "G1 Service"                [id=490251, stack(0x00007e888bdff000,0x00007e888beff000) (1024K)]
Total: 7

Threads with active compile tasks:
Total: 0

VM state: not at safepoint (normal execution)

VM Mutex/Monitor currently owned by a thread: None

Heap address: 0x0000000616800000, size: 7832 MB, Compressed Oops mode: Zero based, Oop shift amount: 3

CDS archive(s) mapped at: [0x00007e8833000000-0x00007e8833c97000-0x00007e8833c97000), size 13201408, SharedBaseAddress: 0x00007e8833000000, ArchiveRelocationMode: 1.
Compressed class space mapped at: 0x00007e8834000000-0x00007e8874000000, reserved size: 1073741824
Narrow klass base: 0x00007e8833000000, Narrow klass shift: 0, Narrow klass range: 0x100000000

GC Precious Log:
 CardTable entry size: 512
 Card Set container configuration: InlinePtr #cards 4 size 8 Array Of Cards #cards 32 size 80 Howl #buckets 8 coarsen threshold 7372 Howl Bitmap #cards 1024 size 144 coarsen threshold 921 Card regions per heap region 1 cards per card region 8192
 CPUs: 16 total, 16 available
 Memory: 31322M
 Large Page Support: Disabled
 NUMA Support: Disabled
 Compressed Oops: Enabled (Zero based)
 Heap Region Size: 4M
 Heap Min Capacity: 8M
 Heap Initial Capacity: 492M
 Heap Max Capacity: 7832M
 Pre-touch: Disabled
 Parallel Workers: 13
 Concurrent Workers: 3
 Concurrent Refinement Workers: 13
 Periodic GC: Disabled

Heap:
 garbage-first heap   total 507904K, used 13361K [0x0000000616800000, 0x0000000800000000)
  region size 4096K, 4 young (16384K), 0 survivors (0K)
 Metaspace       used 3705K, committed 3840K, reserved 1114112K
  class space    used 310K, committed 384K, reserved 1048576K

Heap Regions: E=young(eden), S=young(survivor), O=old, HS=humongous(starts), HC=humongous(continues), CS=collection set, F=free, TAMS=top-at-mark-start, PB=parsable bottom
|   0|0x0000000616800000, 0x0000000616800000, 0x0000000616c00000|  0%| F|  |TAMS 0x0000000616800000| PB 0x0000000616800000| Untracked 
|   1|0x0000000616c00000, 0x0000000616c00000, 0x0000000617000000|  0%| F|  |TAMS 0x0000000616c00000| PB 0x0000000616c00000| Untracked 
|   2|0x0000000617000000, 0x0000000617000000, 0x0000000617400000|  0%| F|  |TAMS 0x0000000617000000| PB 0x0000000617000000| Untracked 
|   3|0x0000000617400000, 0x0000000617400000, 0x0000000617800000|  0%| F|  |TAMS 0x0000000617400000| PB 0x0000000617400000| Untracked 
|   4|0x0000000617800000, 0x0000000617800000, 0x0000000617c00000|  0%| F|  |TAMS 0x0000000617800000| PB 0x0000000617800000| Untracked 
|   5|0x0000000617c00000, 0x0000000617c00000, 0x0000000618000000|  0%| F|  |TAMS 0x0000000617c00000| PB 0x0000000617c00000| Untracked 
|   6|0x0000000618000000, 0x0000000618000000, 0x0000000618400000|  0%| F|  |TAMS 0x0000000618000000| PB 0x0000000618000000| Untracked 
|   7|0x0000000618400000, 0x0000000618400000, 0x0000000618800000|  0%| F|  |TAMS 0x0000000618400000| PB 0x0000000618400000| Untracked 
|   8|0x0000000618800000, 0x0000000618800000, 0x0000000618c00000|  0%| F|  |TAMS 0x0000000618800000| PB 0x0000000618800000| Untracked 
|   9|0x0000000618c00000, 0x0000000618c00000, 0x0000000619000000|  0%| F|  |TAMS 0x0000000618c00000| PB 0x0000000618c00000| Untracked 
|  10|0x0000000619000000, 0x0000000619000000, 0x0000000619400000|  0%| F|  |TAMS 0x0000000619000000| PB 0x0000000619000000| Untracked 
|  11|0x0000000619400000, 0x0000000619400000, 0x0000000619800000|  0%| F|  |TAMS 0x0000000619400000| PB 0x0000000619400000| Untracked 
|  12|0x0000000619800000, 0x0000000619800000, 0x0000000619c00000|  0%| F|  |TAMS 0x0000000619800000| PB 0x0000000619800000| Untracked 
|  13|0x0000000619c00000, 0x0000000619c00000, 0x000000061a000000|  0%| F|  |TAMS 0x0000000619c00000| PB 0x0000000619c00000| Untracked 
|  14|0x000000061a000000, 0x000000061a000000, 0x000000061a400000|  0%| F|  |TAMS 0x000000061a000000| PB 0x000000061a000000| Untracked 
|  15|0x000000061a400000, 0x000000061a400000, 0x000000061a800000|  0%| F|  |TAMS 0x000000061a400000| PB 0x000000061a400000| Untracked 
|  16|0x000000061a800000, 0x000000061a800000, 0x000000061ac00000|  0%| F|  |TAMS 0x000000061a800000| PB 0x000000061a800000| Untracked 
|  17|0x000000061ac00000, 0x000000061ac00000, 0x000000061b000000|  0%| F|  |TAMS 0x000000061ac00000| PB 0x000000061ac00000| Untracked 
|  18|0x000000061b000000, 0x000000061b000000, 0x000000061b400000|  0%| F|  |TAMS 0x000000061b000000| PB 0x000000061b000000| Untracked 
|  19|0x000000061b400000, 0x000000061b400000, 0x000000061b800000|  0%| F|  |TAMS 0x000000061b400000| PB 0x000000061b400000| Untracked 
|  20|0x000000061b800000, 0x000000061b800000, 0x000000061bc00000|  0%| F|  |TAMS 0x000000061b800000| PB 0x000000061b800000| Untracked 
|  21|0x000000061bc00000, 0x000000061bc00000, 0x000000061c000000|  0%| F|  |TAMS 0x000000061bc00000| PB 0x000000061bc00000| Untracked 
|  22|0x000000061c000000, 0x000000061c000000, 0x000000061c400000|  0%| F|  |TAMS 0x000000061c000000| PB 0x000000061c000000| Untracked 
|  23|0x000000061c400000, 0x000000061c400000, 0x000000061c800000|  0%| F|  |TAMS 0x000000061c400000| PB 0x000000061c400000| Untracked 
|  24|0x000000061c800000, 0x000000061c800000, 0x000000061cc00000|  0%| F|  |TAMS 0x000000061c800000| PB 0x000000061c800000| Untracked 
|  25|0x000000061cc00000, 0x000000061cc00000, 0x000000061d000000|  0%| F|  |TAMS 0x000000061cc00000| PB 0x000000061cc00000| Untracked 
|  26|0x000000061d000000, 0x000000061d000000, 0x000000061d400000|  0%| F|  |TAMS 0x000000061d000000| PB 0x000000061d000000| Untracked 
|  27|0x000000061d400000, 0x000000061d400000, 0x000000061d800000|  0%| F|  |TAMS 0x000000061d400000| PB 0x000000061d400000| Untracked 
|  28|0x000000061d800000, 0x000000061d800000, 0x000000061dc00000|  0%| F|  |TAMS 0x000000061d800000| PB 0x000000061d800000| Untracked 
|  29|0x000000061dc00000, 0x000000061dc00000, 0x000000061e000000|  0%| F|  |TAMS 0x000000061dc00000| PB 0x000000061dc00000| Untracked 
|  30|0x000000061e000000, 0x000000061e000000, 0x000000061e400000|  0%| F|  |TAMS 0x000000061e000000| PB 0x000000061e000000| Untracked 
|  31|0x000000061e400000, 0x000000061e400000, 0x000000061e800000|  0%| F|  |TAMS 0x000000061e400000| PB 0x000000061e400000| Untracked 
|  32|0x000000061e800000, 0x000000061e800000, 0x000000061ec00000|  0%| F|  |TAMS 0x000000061e800000| PB 0x000000061e800000| Untracked 
|  33|0x000000061ec00000, 0x000000061ec00000, 0x000000061f000000|  0%| F|  |TAMS 0x000000061ec00000| PB 0x000000061ec00000| Untracked 
|  34|0x000000061f000000, 0x000000061f000000, 0x000000061f400000|  0%| F|  |TAMS 0x000000061f000000| PB 0x000000061f000000| Untracked 
|  35|0x000000061f400000, 0x000000061f400000, 0x000000061f800000|  0%| F|  |TAMS 0x000000061f400000| PB 0x000000061f400000| Untracked 
|  36|0x000000061f800000, 0x000000061f800000, 0x000000061fc00000|  0%| F|  |TAMS 0x000000061f800000| PB 0x000000061f800000| Untracked 
|  37|0x000000061fc00000, 0x000000061fc00000, 0x0000000620000000|  0%| F|  |TAMS 0x000000061fc00000| PB 0x000000061fc00000| Untracked 
|  38|0x0000000620000000, 0x0000000620000000, 0x0000000620400000|  0%| F|  |TAMS 0x0000000620000000| PB 0x0000000620000000| Untracked 
|  39|0x0000000620400000, 0x0000000620400000, 0x0000000620800000|  0%| F|  |TAMS 0x0000000620400000| PB 0x0000000620400000| Untracked 
|  40|0x0000000620800000, 0x0000000620800000, 0x0000000620c00000|  0%| F|  |TAMS 0x0000000620800000| PB 0x0000000620800000| Untracked 
|  41|0x0000000620c00000, 0x0000000620c00000, 0x0000000621000000|  0%| F|  |TAMS 0x0000000620c00000| PB 0x0000000620c00000| Untracked 
|  42|0x0000000621000000, 0x0000000621000000, 0x0000000621400000|  0%| F|  |TAMS 0x0000000621000000| PB 0x0000000621000000| Untracked 
|  43|0x0000000621400000, 0x0000000621400000, 0x0000000621800000|  0%| F|  |TAMS 0x0000000621400000| PB 0x0000000621400000| Untracked 
|  44|0x0000000621800000, 0x0000000621800000, 0x0000000621c00000|  0%| F|  |TAMS 0x0000000621800000| PB 0x0000000621800000| Untracked 
|  45|0x0000000621c00000, 0x0000000621c00000, 0x0000000622000000|  0%| F|  |TAMS 0x0000000621c00000| PB 0x0000000621c00000| Untracked 
|  46|0x0000000622000000, 0x0000000622000000, 0x0000000622400000|  0%| F|  |TAMS 0x0000000622000000| PB 0x0000000622000000| Untracked 
|  47|0x0000000622400000, 0x0000000622400000, 0x0000000622800000|  0%| F|  |TAMS 0x0000000622400000| PB 0x0000000622400000| Untracked 
|  48|0x0000000622800000, 0x0000000622800000, 0x0000000622c00000|  0%| F|  |TAMS 0x0000000622800000| PB 0x0000000622800000| Untracked 
|  49|0x0000000622c00000, 0x0000000622c00000, 0x0000000623000000|  0%| F|  |TAMS 0x0000000622c00000| PB 0x0000000622c00000| Untracked 
|  50|0x0000000623000000, 0x0000000623000000, 0x0000000623400000|  0%| F|  |TAMS 0x0000000623000000| PB 0x0000000623000000| Untracked 
|  51|0x0000000623400000, 0x0000000623400000, 0x0000000623800000|  0%| F|  |TAMS 0x0000000623400000| PB 0x0000000623400000| Untracked 
|  52|0x0000000623800000, 0x0000000623800000, 0x0000000623c00000|  0%| F|  |TAMS 0x0000000623800000| PB 0x0000000623800000| Untracked 
|  53|0x0000000623c00000, 0x0000000623c00000, 0x0000000624000000|  0%| F|  |TAMS 0x0000000623c00000| PB 0x0000000623c00000| Untracked 
|  54|0x0000000624000000, 0x0000000624000000, 0x0000000624400000|  0%| F|  |TAMS 0x0000000624000000| PB 0x0000000624000000| Untracked 
|  55|0x0000000624400000, 0x0000000624400000, 0x0000000624800000|  0%| F|  |TAMS 0x0000000624400000| PB 0x0000000624400000| Untracked 
|  56|0x0000000624800000, 0x0000000624800000, 0x0000000624c00000|  0%| F|  |TAMS 0x0000000624800000| PB 0x0000000624800000| Untracked 
|  57|0x0000000624c00000, 0x0000000624c00000, 0x0000000625000000|  0%| F|  |TAMS 0x0000000624c00000| PB 0x0000000624c00000| Untracked 
|  58|0x0000000625000000, 0x0000000625000000, 0x0000000625400000|  0%| F|  |TAMS 0x0000000625000000| PB 0x0000000625000000| Untracked 
|  59|0x0000000625400000, 0x0000000625400000, 0x0000000625800000|  0%| F|  |TAMS 0x0000000625400000| PB 0x0000000625400000| Untracked 
|  60|0x0000000625800000, 0x0000000625800000, 0x0000000625c00000|  0%| F|  |TAMS 0x0000000625800000| PB 0x0000000625800000| Untracked 
|  61|0x0000000625c00000, 0x0000000625c00000, 0x0000000626000000|  0%| F|  |TAMS 0x0000000625c00000| PB 0x0000000625c00000| Untracked 
|  62|0x0000000626000000, 0x0000000626000000, 0x0000000626400000|  0%| F|  |TAMS 0x0000000626000000| PB 0x0000000626000000| Untracked 
|  63|0x0000000626400000, 0x0000000626400000, 0x0000000626800000|  0%| F|  |TAMS 0x0000000626400000| PB 0x0000000626400000| Untracked 
|  64|0x0000000626800000, 0x0000000626800000, 0x0000000626c00000|  0%| F|  |TAMS 0x0000000626800000| PB 0x0000000626800000| Untracked 
|  65|0x0000000626c00000, 0x0000000626c00000, 0x0000000627000000|  0%| F|  |TAMS 0x0000000626c00000| PB 0x0000000626c00000| Untracked 
|  66|0x0000000627000000, 0x0000000627000000, 0x0000000627400000|  0%| F|  |TAMS 0x0000000627000000| PB 0x0000000627000000| Untracked 
|  67|0x0000000627400000, 0x0000000627400000, 0x0000000627800000|  0%| F|  |TAMS 0x0000000627400000| PB 0x0000000627400000| Untracked 
|  68|0x0000000627800000, 0x0000000627800000, 0x0000000627c00000|  0%| F|  |TAMS 0x0000000627800000| PB 0x0000000627800000| Untracked 
|  69|0x0000000627c00000, 0x0000000627c00000, 0x0000000628000000|  0%| F|  |TAMS 0x0000000627c00000| PB 0x0000000627c00000| Untracked 
|  70|0x0000000628000000, 0x0000000628000000, 0x0000000628400000|  0%| F|  |TAMS 0x0000000628000000| PB 0x0000000628000000| Untracked 
|  71|0x0000000628400000, 0x0000000628400000, 0x0000000628800000|  0%| F|  |TAMS 0x0000000628400000| PB 0x0000000628400000| Untracked 
|  72|0x0000000628800000, 0x0000000628800000, 0x0000000628c00000|  0%| F|  |TAMS 0x0000000628800000| PB 0x0000000628800000| Untracked 
|  73|0x0000000628c00000, 0x0000000628c00000, 0x0000000629000000|  0%| F|  |TAMS 0x0000000628c00000| PB 0x0000000628c00000| Untracked 
|  74|0x0000000629000000, 0x0000000629000000, 0x0000000629400000|  0%| F|  |TAMS 0x0000000629000000| PB 0x0000000629000000| Untracked 
|  75|0x0000000629400000, 0x0000000629400000, 0x0000000629800000|  0%| F|  |TAMS 0x0000000629400000| PB 0x0000000629400000| Untracked 
|  76|0x0000000629800000, 0x0000000629800000, 0x0000000629c00000|  0%| F|  |TAMS 0x0000000629800000| PB 0x0000000629800000| Untracked 
|  77|0x0000000629c00000, 0x0000000629c00000, 0x000000062a000000|  0%| F|  |TAMS 0x0000000629c00000| PB 0x0000000629c00000| Untracked 
|  78|0x000000062a000000, 0x000000062a000000, 0x000000062a400000|  0%| F|  |TAMS 0x000000062a000000| PB 0x000000062a000000| Untracked 
|  79|0x000000062a400000, 0x000000062a400000, 0x000000062a800000|  0%| F|  |TAMS 0x000000062a400000| PB 0x000000062a400000| Untracked 
|  80|0x000000062a800000, 0x000000062a800000, 0x000000062ac00000|  0%| F|  |TAMS 0x000000062a800000| PB 0x000000062a800000| Untracked 
|  81|0x000000062ac00000, 0x000000062ac00000, 0x000000062b000000|  0%| F|  |TAMS 0x000000062ac00000| PB 0x000000062ac00000| Untracked 
|  82|0x000000062b000000, 0x000000062b000000, 0x000000062b400000|  0%| F|  |TAMS 0x000000062b000000| PB 0x000000062b000000| Untracked 
|  83|0x000000062b400000, 0x000000062b400000, 0x000000062b800000|  0%| F|  |TAMS 0x000000062b400000| PB 0x000000062b400000| Untracked 
|  84|0x000000062b800000, 0x000000062b800000, 0x000000062bc00000|  0%| F|  |TAMS 0x000000062b800000| PB 0x000000062b800000| Untracked 
|  85|0x000000062bc00000, 0x000000062bc00000, 0x000000062c000000|  0%| F|  |TAMS 0x000000062bc00000| PB 0x000000062bc00000| Untracked 
|  86|0x000000062c000000, 0x000000062c000000, 0x000000062c400000|  0%| F|  |TAMS 0x000000062c000000| PB 0x000000062c000000| Untracked 
|  87|0x000000062c400000, 0x000000062c400000, 0x000000062c800000|  0%| F|  |TAMS 0x000000062c400000| PB 0x000000062c400000| Untracked 
|  88|0x000000062c800000, 0x000000062c800000, 0x000000062cc00000|  0%| F|  |TAMS 0x000000062c800000| PB 0x000000062c800000| Untracked 
|  89|0x000000062cc00000, 0x000000062cc00000, 0x000000062d000000|  0%| F|  |TAMS 0x000000062cc00000| PB 0x000000062cc00000| Untracked 
|  90|0x000000062d000000, 0x000000062d000000, 0x000000062d400000|  0%| F|  |TAMS 0x000000062d000000| PB 0x000000062d000000| Untracked 
|  91|0x000000062d400000, 0x000000062d400000, 0x000000062d800000|  0%| F|  |TAMS 0x000000062d400000| PB 0x000000062d400000| Untracked 
|  92|0x000000062d800000, 0x000000062d800000, 0x000000062dc00000|  0%| F|  |TAMS 0x000000062d800000| PB 0x000000062d800000| Untracked 
|  93|0x000000062dc00000, 0x000000062dc00000, 0x000000062e000000|  0%| F|  |TAMS 0x000000062dc00000| PB 0x000000062dc00000| Untracked 
|  94|0x000000062e000000, 0x000000062e000000, 0x000000062e400000|  0%| F|  |TAMS 0x000000062e000000| PB 0x000000062e000000| Untracked 
|  95|0x000000062e400000, 0x000000062e400000, 0x000000062e800000|  0%| F|  |TAMS 0x000000062e400000| PB 0x000000062e400000| Untracked 
|  96|0x000000062e800000, 0x000000062e800000, 0x000000062ec00000|  0%| F|  |TAMS 0x000000062e800000| PB 0x000000062e800000| Untracked 
|  97|0x000000062ec00000, 0x000000062ec00000, 0x000000062f000000|  0%| F|  |TAMS 0x000000062ec00000| PB 0x000000062ec00000| Untracked 
|  98|0x000000062f000000, 0x000000062f000000, 0x000000062f400000|  0%| F|  |TAMS 0x000000062f000000| PB 0x000000062f000000| Untracked 
|  99|0x000000062f400000, 0x000000062f400000, 0x000000062f800000|  0%| F|  |TAMS 0x000000062f400000| PB 0x000000062f400000| Untracked 
| 100|0x000000062f800000, 0x000000062f800000, 0x000000062fc00000|  0%| F|  |TAMS 0x000000062f800000| PB 0x000000062f800000| Untracked 
| 101|0x000000062fc00000, 0x000000062fc00000, 0x0000000630000000|  0%| F|  |TAMS 0x000000062fc00000| PB 0x000000062fc00000| Untracked 
| 102|0x0000000630000000, 0x0000000630000000, 0x0000000630400000|  0%| F|  |TAMS 0x0000000630000000| PB 0x0000000630000000| Untracked 
| 103|0x0000000630400000, 0x0000000630400000, 0x0000000630800000|  0%| F|  |TAMS 0x0000000630400000| PB 0x0000000630400000| Untracked 
| 104|0x0000000630800000, 0x0000000630800000, 0x0000000630c00000|  0%| F|  |TAMS 0x0000000630800000| PB 0x0000000630800000| Untracked 
| 105|0x0000000630c00000, 0x0000000630c00000, 0x0000000631000000|  0%| F|  |TAMS 0x0000000630c00000| PB 0x0000000630c00000| Untracked 
| 106|0x0000000631000000, 0x0000000631000000, 0x0000000631400000|  0%| F|  |TAMS 0x0000000631000000| PB 0x0000000631000000| Untracked 
| 107|0x0000000631400000, 0x0000000631400000, 0x0000000631800000|  0%| F|  |TAMS 0x0000000631400000| PB 0x0000000631400000| Untracked 
| 108|0x0000000631800000, 0x0000000631800000, 0x0000000631c00000|  0%| F|  |TAMS 0x0000000631800000| PB 0x0000000631800000| Untracked 
| 109|0x0000000631c00000, 0x0000000631c00000, 0x0000000632000000|  0%| F|  |TAMS 0x0000000631c00000| PB 0x0000000631c00000| Untracked 
| 110|0x0000000632000000, 0x0000000632000000, 0x0000000632400000|  0%| F|  |TAMS 0x0000000632000000| PB 0x0000000632000000| Untracked 
| 111|0x0000000632400000, 0x0000000632400000, 0x0000000632800000|  0%| F|  |TAMS 0x0000000632400000| PB 0x0000000632400000| Untracked 
| 112|0x0000000632800000, 0x0000000632800000, 0x0000000632c00000|  0%| F|  |TAMS 0x0000000632800000| PB 0x0000000632800000| Untracked 
| 113|0x0000000632c00000, 0x0000000632c00000, 0x0000000633000000|  0%| F|  |TAMS 0x0000000632c00000| PB 0x0000000632c00000| Untracked 
| 114|0x0000000633000000, 0x0000000633000000, 0x0000000633400000|  0%| F|  |TAMS 0x0000000633000000| PB 0x0000000633000000| Untracked 
| 115|0x0000000633400000, 0x0000000633400000, 0x0000000633800000|  0%| F|  |TAMS 0x0000000633400000| PB 0x0000000633400000| Untracked 
| 116|0x0000000633800000, 0x0000000633800000, 0x0000000633c00000|  0%| F|  |TAMS 0x0000000633800000| PB 0x0000000633800000| Untracked 
| 117|0x0000000633c00000, 0x0000000633c00000, 0x0000000634000000|  0%| F|  |TAMS 0x0000000633c00000| PB 0x0000000633c00000| Untracked 
| 118|0x0000000634000000, 0x0000000634000000, 0x0000000634400000|  0%| F|  |TAMS 0x0000000634000000| PB 0x0000000634000000| Untracked 
| 119|0x0000000634400000, 0x00000006345ec598, 0x0000000634800000| 48%| E|  |TAMS 0x0000000634400000| PB 0x0000000634400000| Complete 
| 120|0x0000000634800000, 0x0000000634c00000, 0x0000000634c00000|100%| E|CS|TAMS 0x0000000634800000| PB 0x0000000634800000| Complete 
| 121|0x0000000634c00000, 0x0000000635000000, 0x0000000635000000|100%| E|CS|TAMS 0x0000000634c00000| PB 0x0000000634c00000| Complete 
| 122|0x0000000635000000, 0x0000000635400000, 0x0000000635400000|100%| E|CS|TAMS 0x0000000635000000| PB 0x0000000635000000| Complete 
|1957|0x00000007ffc00000, 0x00000007ffd0c710, 0x0000000800000000| 26%| O|  |TAMS 0x00000007ffc00000| PB 0x00000007ffc00000| Untracked 

Card table byte_map: [0x00007e889a800000,0x00007e889b74c000] _byte_map_base: 0x00007e889774c000

Marking Bits: (CMBitMap*) 0x00007e88b40473e0
 Bits: [0x00007e8892c00000, 0x00007e889a660000)

Polling page: 0x00007e88bb0b0000

Metaspace:

Usage:
  Non-class:      3.32 MB used.
      Class:    310.35 KB used.
       Both:      3.62 MB used.

Virtual space:
  Non-class space:       64.00 MB reserved,       3.38 MB (  5%) committed,  1 nodes.
      Class space:        1.00 GB reserved,     384.00 KB ( <1%) committed,  1 nodes.
             Both:        1.06 GB reserved,       3.75 MB ( <1%) committed. 

Chunk freelists:
   Non-Class:  11.06 MB
       Class:  15.64 MB
        Both:  26.70 MB

MaxMetaspaceSize: unlimited
CompressedClassSpaceSize: 1.00 GB
Initial GC threshold: 21.00 MB
Current GC threshold: 21.00 MB
CDS: on
 - commit_granule_bytes: 65536.
 - commit_granule_words: 8192.
 - virtual_space_node_default_size: 8388608.
 - enlarge_chunks_in_place: 1.
 - use_allocation_guard: 0.


Internal statistics:

num_allocs_failed_limit: 0.
num_arena_births: 76.
num_arena_deaths: 0.
num_vsnodes_births: 2.
num_vsnodes_deaths: 0.
num_space_committed: 60.
num_space_uncommitted: 0.
num_chunks_returned_to_freelist: 0.
num_chunks_taken_from_freelist: 135.
num_chunk_merges: 0.
num_chunk_splits: 84.
num_chunks_enlarged: 44.
num_inconsistent_stats: 0.

CodeHeap 'non-profiled nmethods': size=119168Kb used=182Kb max_used=182Kb free=118986Kb
 bounds [0x00007e88a43a0000, 0x00007e88a4610000, 0x00007e88ab800000]
CodeHeap 'profiled nmethods': size=119164Kb used=782Kb max_used=782Kb free=118381Kb
 bounds [0x00007e889c800000, 0x00007e889ca70000, 0x00007e88a3c5f000]
CodeHeap 'non-nmethods': size=7428Kb used=1560Kb max_used=2569Kb free=5867Kb
 bounds [0x00007e88a3c5f000, 0x00007e88a3eef000, 0x00007e88a43a0000]
 total_blobs=1148 nmethods=549 adapters=505
 compilation: enabled
              stopped_count=0, restarted_count=0
 full_count=0

Compilation events (20 events):
Event: 9140.758 Thread 0x00007e88b413eb60  539       3       java.lang.StringConcatHelper::initialCoder (14 bytes)
Event: 9140.758 Thread 0x00007e88b413eb60 nmethod 539 0x00007e889c8bef10 code [0x00007e889c8bf0a0, 0x00007e889c8bf1a8]
Event: 9140.758 Thread 0x00007e88b413eb60  538       1       java.net.URLStreamHandler::getDefaultPort (2 bytes)
Event: 9140.758 Thread 0x00007e88b413eb60 nmethod 538 0x00007e88a43cd090 code [0x00007e88a43cd220, 0x00007e88a43cd2e0]
Event: 9140.758 Thread 0x00007e88b413eb60  541       3       java.lang.ref.PhantomReference::<init> (7 bytes)
Event: 9140.758 Thread 0x00007e88b413eb60 nmethod 541 0x00007e889c8bf210 code [0x00007e889c8bf3c0, 0x00007e889c8bf698]
Event: 9140.758 Thread 0x00007e88b413eb60  540       3       jdk.internal.loader.BuiltinClassLoader::hasClassPath (13 bytes)
Event: 9140.758 Thread 0x00007e88b413eb60 nmethod 540 0x00007e889c8bf790 code [0x00007e889c8bf920, 0x00007e889c8bfa80]
Event: 9140.759 Thread 0x00007e88b413d4a0 nmethod 534 0x00007e88a43cd390 code [0x00007e88a43cd520, 0x00007e88a43cd6f0]
Event: 9140.794 Thread 0x00007e88b413eb60  542       3       jdk.internal.jimage.ImageReader::requireOpen (18 bytes)
Event: 9140.794 Thread 0x00007e88b413eb60 nmethod 542 0x00007e889c8bfb10 code [0x00007e889c8bfcc0, 0x00007e889c8bfe90]
Event: 9140.794 Thread 0x00007e88b413eb60  543       3       jdk.internal.jimage.BasicImageReader::getLocationIndex (52 bytes)
Event: 9140.795 Thread 0x00007e88b413eb60 nmethod 543 0x00007e889c8bff90 code [0x00007e889c8c0180, 0x00007e889c8c0638]
Event: 9140.795 Thread 0x00007e88b413eb60  549       3       java.lang.Integer::rotateLeft (9 bytes)
Event: 9140.795 Thread 0x00007e88b413eb60 nmethod 549 0x00007e889c8c0890 code [0x00007e889c8c0a20, 0x00007e889c8c0b18]
Event: 9140.795 Thread 0x00007e88b413eb60  544       3       jdk.internal.jimage.ImageStringsReader::hashCode (8 bytes)
Event: 9140.795 Thread 0x00007e88b413eb60 nmethod 544 0x00007e889c8c0b90 code [0x00007e889c8c0d40, 0x00007e889c8c0f08]
Event: 9140.795 Thread 0x00007e88b413eb60  545       3       jdk.internal.module.SystemModuleFinders$SystemModuleReader::find (59 bytes)
Event: 9140.795 Thread 0x00007e88b413eb60 nmethod 545 0x00007e889c8c1010 code [0x00007e889c8c12c0, 0x00007e889c8c1e48]
Event: 9140.795 Thread 0x00007e88b413eb60  546       3       jdk.internal.module.SystemModuleFinders$SystemModuleReader::containsImageLocation (42 bytes)

GC Heap History (0 events):
No events

Dll operation events (11 events):
Event: 0.004 Loaded shared library /usr/lib/jvm/java-21-openjdk-amd64/lib/libjava.so
Event: 0.054 Loaded shared library /usr/lib/jvm/java-21-openjdk-amd64/lib/libjsvml.so
Event: 0.213 Loaded shared library /usr/lib/jvm/java-21-openjdk-amd64/lib/libnio.so
Event: 0.229 Loaded shared library /usr/lib/jvm/java-21-openjdk-amd64/lib/libzip.so
Event: 0.313 Loaded shared library /usr/lib/jvm/java-21-openjdk-amd64/lib/libjimage.so
Event: 0.404 Loaded shared library /tmp/libJCublas2-12.0.0-linux-x86_64.so
Event: 1.759 Loaded shared library /tmp/libJCudaRuntime-12.0.0-linux-x86_64.so
Event: 1.794 Loaded shared library /usr/lib/jvm/java-21-openjdk-amd64/lib/libawt.so
Event: 1.800 Loaded shared library /usr/lib/jvm/java-21-openjdk-amd64/lib/libawt_xawt.so
Event: 83.074 Loaded shared library /usr/lib/jvm/java-21-openjdk-amd64/lib/libnet.so
Event: 83.084 Loaded shared library /tmp/libJCudaDriver-12.0.0-linux-x86_64.so

Deoptimization events (20 events):
Event: 0.238 Thread 0x00007e88b401b880 DEOPT PACKING pc=0x00007e889c802e4d sp=0x00007e88b93fcfc0
Event: 0.238 Thread 0x00007e88b401b880 DEOPT UNPACKING pc=0x00007e88a3cb372f sp=0x00007e88b93fc450 mode 0
Event: 0.238 Thread 0x00007e88b401b880 DEOPT PACKING pc=0x00007e889c802e4d sp=0x00007e88b93fcfc0
Event: 0.238 Thread 0x00007e88b401b880 DEOPT UNPACKING pc=0x00007e88a3cb372f sp=0x00007e88b93fc450 mode 0
Event: 0.238 Thread 0x00007e88b401b880 DEOPT PACKING pc=0x00007e889c802e4d sp=0x00007e88b93fcfc0
Event: 0.238 Thread 0x00007e88b401b880 DEOPT UNPACKING pc=0x00007e88a3cb372f sp=0x00007e88b93fc450 mode 0
Event: 0.238 Thread 0x00007e88b401b880 DEOPT PACKING pc=0x00007e889c802e4d sp=0x00007e88b93fcfc0
Event: 0.238 Thread 0x00007e88b401b880 DEOPT UNPACKING pc=0x00007e88a3cb372f sp=0x00007e88b93fc450 mode 0
Event: 0.240 Thread 0x00007e88b401b880 DEOPT PACKING pc=0x00007e889c802e4d sp=0x00007e88b93fcfc0
Event: 0.240 Thread 0x00007e88b401b880 DEOPT UNPACKING pc=0x00007e88a3cb372f sp=0x00007e88b93fc450 mode 0
Event: 0.240 Thread 0x00007e88b401b880 DEOPT PACKING pc=0x00007e889c802e4d sp=0x00007e88b93fcfc0
Event: 0.240 Thread 0x00007e88b401b880 DEOPT UNPACKING pc=0x00007e88a3cb372f sp=0x00007e88b93fc450 mode 0
Event: 0.240 Thread 0x00007e88b401b880 DEOPT PACKING pc=0x00007e889c802e4d sp=0x00007e88b93fcfc0
Event: 0.240 Thread 0x00007e88b401b880 DEOPT UNPACKING pc=0x00007e88a3cb372f sp=0x00007e88b93fc450 mode 0
Event: 0.240 Thread 0x00007e88b401b880 DEOPT PACKING pc=0x00007e889c802e4d sp=0x00007e88b93fcfc0
Event: 0.240 Thread 0x00007e88b401b880 DEOPT UNPACKING pc=0x00007e88a3cb372f sp=0x00007e88b93fc450 mode 0
Event: 1.797 Thread 0x00007e88b401b880 Uncommon trap: trap_request=0xffffff45 fr.pc=0x00007e88a43a376c relative=0x00000000000001cc
Event: 1.797 Thread 0x00007e88b401b880 Uncommon trap: reason=unstable_if action=reinterpret pc=0x00007e88a43a376c method=jdk.internal.util.ArraysSupport.vectorizedHashCode(Ljava/lang/Object;IIII)I @ 2 c2
Event: 1.797 Thread 0x00007e88b401b880 DEOPT PACKING pc=0x00007e88a43a376c sp=0x00007e88b93fa780
Event: 1.797 Thread 0x00007e88b401b880 DEOPT UNPACKING pc=0x00007e88a3cb2f99 sp=0x00007e88b93fa770 mode 2

Classes loaded (20 events):
Event: 83.075 Loading class java/nio/channels/spi/AbstractSelectableChannel
Event: 83.076 Loading class java/nio/channels/SelectableChannel
Event: 83.076 Loading class java/nio/channels/SelectableChannel done
Event: 83.076 Loading class java/nio/channels/spi/AbstractSelectableChannel done
Event: 83.076 Loading class java/nio/channels/SocketChannel done
Event: 83.076 Loading class sun/nio/ch/SocketChannelImpl done
Event: 83.076 Loading class sun/nio/ch/ChannelOutputStream
Event: 83.076 Loading class sun/nio/ch/ChannelOutputStream done
Event: 83.076 Loading class sun/nio/ch/NativeThread
Event: 83.076 Loading class sun/nio/ch/NativeThread done
Event: 83.076 Loading class sun/nio/ch/Util
Event: 83.076 Loading class sun/nio/ch/Util done
Event: 83.076 Loading class sun/nio/ch/Util$1
Event: 83.076 Loading class sun/nio/ch/Util$1 done
Event: 83.076 Loading class sun/nio/ch/Util$BufferCache
Event: 83.076 Loading class sun/nio/ch/Util$BufferCache done
Event: 83.077 Loading class java/nio/DirectByteBuffer$Deallocator
Event: 83.077 Loading class java/nio/DirectByteBuffer$Deallocator done
Event: 83.077 Loading class sun/nio/ch/IOStatus
Event: 83.077 Loading class sun/nio/ch/IOStatus done

Classes unloaded (0 events):
No events

Classes redefined (0 events):
No events

Internal exceptions (2 events):
Event: 1.790 Thread 0x00007e88b401b880 Exception <a 'java/lang/ClassNotFoundException'{0x0000000634c23328}: sun/awt/resources/spi/awtProvider> (0x0000000634c23328) 
thrown [./src/hotspot/share/classfile/systemDictionary.cpp, line 312]
Event: 1.813 Thread 0x00007e88b401b880 Exception <a 'java/io/FileNotFoundException'{0x0000000634c76e78}> (0x0000000634c76e78) 
thrown [./src/hotspot/share/prims/jni.cpp, line 520]

ZGC Phase Switch (0 events):
No events

VM Operations (20 events):
Event: 2058.827 Executing VM operation: get/set locals
Event: 2058.827 Executing VM operation: get/set locals done
Event: 2058.831 Executing VM operation: get/set locals
Event: 2058.831 Executing VM operation: get/set locals done
Event: 2827.187 Executing VM operation: get/set locals
Event: 2827.187 Executing VM operation: get/set locals done
Event: 3379.458 Executing VM operation: get/set locals
Event: 3379.458 Executing VM operation: get/set locals done
Event: 9140.755 Executing VM operation: ChangeBreakpoints
Event: 9140.755 Executing VM operation: ChangeBreakpoints done
Event: 9140.755 Executing VM operation: ChangeBreakpoints
Event: 9140.755 Executing VM operation: ChangeBreakpoints done
Event: 9140.755 Executing VM operation: ChangeBreakpoints
Event: 9140.755 Executing VM operation: ChangeBreakpoints done
Event: 9140.755 Executing VM operation: ChangeBreakpoints
Event: 9140.755 Executing VM operation: ChangeBreakpoints done
Event: 9140.755 Executing VM operation: ChangeBreakpoints
Event: 9140.755 Executing VM operation: ChangeBreakpoints done
Event: 9140.755 Executing VM operation: ChangeBreakpoints
Event: 9140.755 Executing VM operation: ChangeBreakpoints done

Memory protections (17 events):
Event: 0.004 Protecting memory [0x00007e88b9300000,0x00007e88b9304000] with protection modes 0
Event: 0.050 Protecting memory [0x00007e888ad00000,0x00007e888ad04000] with protection modes 0
Event: 0.051 Protecting memory [0x00007e888ac00000,0x00007e888ac04000] with protection modes 0
Event: 0.051 Protecting memory [0x00007e888ab00000,0x00007e888ab04000] with protection modes 0
Event: 0.051 Protecting memory [0x00007e888aa00000,0x00007e888aa04000] with protection modes 0
Event: 0.052 Protecting memory [0x00007e888a900000,0x00007e888a904000] with protection modes 0
Event: 0.052 Protecting memory [0x00007e888a800000,0x00007e888a804000] with protection modes 0
Event: 0.052 Protecting memory [0x00007e888a700000,0x00007e888a704000] with protection modes 0
Event: 0.064 Protecting memory [0x00007e888a600000,0x00007e888a604000] with protection modes 0
Event: 0.064 Protecting memory [0x00007e888a500000,0x00007e888a504000] with protection modes 0
Event: 0.064 Protecting memory [0x00007e888a400000,0x00007e888a404000] with protection modes 0
Event: 0.206 Protecting memory [0x00007e888a300000,0x00007e888a304000] with protection modes 0
Event: 0.209 Protecting memory [0x00007e888a200000,0x00007e888a204000] with protection modes 0
Event: 0.220 Protecting memory [0x00007e888a100000,0x00007e888a104000] with protection modes 0
Event: 0.221 Protecting memory [0x00007e888a000000,0x00007e888a004000] with protection modes 0
Event: 0.243 Protecting memory [0x00007e8889f00000,0x00007e8889f04000] with protection modes 0
Event: 1.846 Protecting memory [0x00007e888a000000,0x00007e888a004000] with protection modes 0

Nmethod flushes (0 events):
No events

Events (20 events):
Event: 0.051 Thread 0x00007e88b401b880 Thread added: 0x00007e88b4137560
Event: 0.051 Thread 0x00007e88b401b880 Thread added: 0x00007e88b4138d00
Event: 0.051 Thread 0x00007e88b401b880 Thread added: 0x00007e88b413a340
Event: 0.052 Thread 0x00007e88b401b880 Thread added: 0x00007e88b413b8e0
Event: 0.052 Thread 0x00007e88b401b880 Thread added: 0x00007e88b413d4a0
Event: 0.052 Thread 0x00007e88b401b880 Thread added: 0x00007e88b413eb60
Event: 0.064 Thread 0x00007e88b401b880 Thread added: 0x00007e88b415c010
Event: 0.064 Thread 0x00007e88b401b880 Thread added: 0x00007e88b415df10
Event: 0.064 Thread 0x00007e88b415c010 Thread added: 0x00007e87f0001110
Event: 0.206 Thread 0x00007e88b401b880 Thread added: 0x00007e88b415f210
Event: 0.209 Thread 0x00007e88b401b880 Thread added: 0x00007e88b41642c0
Event: 0.220 Thread 0x00007e88b413eb60 Thread added: 0x00007e87f802b840
Event: 0.221 Thread 0x00007e88b413eb60 Thread added: 0x00007e87f802cb40
Event: 0.243 Thread 0x00007e87f802cb40 Thread added: 0x00007e87cc031e40
Event: 0.405 Thread 0x00007e87cc031e40 Thread exited: 0x00007e87cc031e40
Event: 1.755 Thread 0x00007e87f802cb40 Thread exited: 0x00007e87f802cb40
Event: 1.846 Thread 0x00007e88b401b880 Thread added: 0x00007e88b564ae20
Event: 6.862 Thread 0x00007e87f802b840 Thread exited: 0x00007e87f802b840
Event: 9140.755 Thread 0x00007e87f0001110 Thread exited: 0x00007e87f0001110
Event: 9140.756 Thread 0x00007e88b415c010 Thread exited: 0x00007e88b415c010


Dynamic libraries:
200000000-200200000 ---p 00000000 00:00 0 
200200000-200400000 rw-s 00000000 00:05 1126                             /dev/nvidia0
200400000-203400000 rw-s 00000000 00:05 1125                             /dev/nvidiactl
203400000-204400000 ---p 00000000 00:00 0 
204400000-204600000 rw-s 00000000 00:05 1125                             /dev/nvidiactl
204600000-204800000 rw-s 00000000 00:05 1125                             /dev/nvidiactl
204800000-204a00000 rw-s 00000000 00:05 1125                             /dev/nvidiactl
204a00000-204c00000 rw-s 204a00000 00:05 1127                            /dev/nvidia-uvm
204c00000-204e00000 rw-s 00000000 00:05 1125                             /dev/nvidiactl
204e00000-205000000 ---p 00000000 00:00 0 
205000000-205200000 rw-s 00000000 00:05 1125                             /dev/nvidiactl
205200000-300200000 ---p 00000000 00:00 0 
616800000-635400000 rw-p 00000000 00:00 0 
635400000-7ffc00000 ---p 00000000 00:00 0 
7ffc00000-7ffd0d000 rw-p 00cd6000 103:02 17173446                        /usr/lib/jvm/java-21-openjdk-amd64/lib/server/classes.jsa
7ffd0d000-800000000 rw-p 00000000 00:00 0 
10000000000-10004000000 ---p 00000000 00:00 0 
5d2f57522000-5d2f57523000 r--p 00000000 103:02 17173371                  /usr/lib/jvm/java-21-openjdk-amd64/bin/java
5d2f57523000-5d2f57524000 r-xp 00001000 103:02 17173371                  /usr/lib/jvm/java-21-openjdk-amd64/bin/java
5d2f57524000-5d2f57525000 r--p 00002000 103:02 17173371                  /usr/lib/jvm/java-21-openjdk-amd64/bin/java
5d2f57525000-5d2f57526000 r--p 00002000 103:02 17173371                  /usr/lib/jvm/java-21-openjdk-amd64/bin/java
5d2f57526000-5d2f57527000 rw-p 00003000 103:02 17173371                  /usr/lib/jvm/java-21-openjdk-amd64/bin/java
5d2f80bb2000-5d2f80bf9000 rw-p 00000000 00:00 0                          [heap]
7e876e000000-7e8776000000 ---p 00000000 00:00 0 
7e8778000000-7e877a000000 ---p 00000000 00:00 0 
7e877c000000-7e877c400000 ---p 00000000 00:00 0 
7e877c400000-7e877c600000 rw-s 00000000 00:05 1125                       /dev/nvidiactl
7e877c600000-7e877c800000 rw-s 00000000 00:01 41401                      /dev/zero (deleted)
7e877c800000-7e877ca00000 rw-s 00000000 00:01 41402                      /dev/zero (deleted)
7e877ca00000-7e877d000000 ---p 00000000 00:00 0 
7e877d000000-7e877d200000 rw-s 00000000 00:05 1125                       /dev/nvidiactl
7e877d200000-7e877d400000 ---p 00000000 00:00 0 
7e877d400000-7e877d600000 rw-s 00000000 00:01 39801                      /dev/zero (deleted)
7e877d600000-7e877db33000 rw-s 00000000 00:05 1125                       /dev/nvidiactl
7e877db33000-7e877e000000 ---p 00000000 00:00 0 
7e8780000000-7e8790000000 ---p 00000000 00:00 0 
7e8794000000-7e8794021000 rw-p 00000000 00:00 0 
7e8794021000-7e8798000000 ---p 00000000 00:00 0 
7e8799800000-7e879f800000 ---p 00000000 00:00 0 
7e879f800000-7e87b9068000 r-xp 00000000 103:02 17325507                  /usr/local/cuda-12.6/targets/x86_64-linux/lib/libcublasLt.so.12.6.3.3
7e87b9068000-7e87b9268000 ---p 19868000 103:02 17325507                  /usr/local/cuda-12.6/targets/x86_64-linux/lib/libcublasLt.so.12.6.3.3
7e87b9268000-7e87b94a6000 r--p 19868000 103:02 17325507                  /usr/local/cuda-12.6/targets/x86_64-linux/lib/libcublasLt.so.12.6.3.3
7e87b94a6000-7e87bce5a000 rw-p 19aa6000 103:02 17325507                  /usr/local/cuda-12.6/targets/x86_64-linux/lib/libcublasLt.so.12.6.3.3
7e87bce5a000-7e87c102b000 rw-p 00000000 00:00 0 
7e87c1400000-7e87c7b28000 r-xp 00000000 103:02 17325506                  /usr/local/cuda-12.6/targets/x86_64-linux/lib/libcublas.so.12.6.3.3
7e87c7b28000-7e87c7d28000 ---p 06728000 103:02 17325506                  /usr/local/cuda-12.6/targets/x86_64-linux/lib/libcublas.so.12.6.3.3
7e87c7d28000-7e87c7d34000 r--p 06728000 103:02 17325506                  /usr/local/cuda-12.6/targets/x86_64-linux/lib/libcublas.so.12.6.3.3
7e87c7d34000-7e87c7d3b000 rw-p 06734000 103:02 17325506                  /usr/local/cuda-12.6/targets/x86_64-linux/lib/libcublas.so.12.6.3.3
7e87c7d3b000-7e87c7d47000 rw-p 00000000 00:00 0 
7e87c8000000-7e87c808e000 rw-p 00000000 00:00 0 
7e87c808e000-7e87cc000000 ---p 00000000 00:00 0 
7e87cc000000-7e87cc04f000 rw-p 00000000 00:00 0 
7e87cc04f000-7e87d0000000 ---p 00000000 00:00 0 
7e87d4000000-7e87d405c000 rw-p 00000000 00:00 0 
7e87d405c000-7e87d8000000 ---p 00000000 00:00 0 
7e87d8000000-7e87d8021000 rw-p 00000000 00:00 0 
7e87d8021000-7e87dc000000 ---p 00000000 00:00 0 
7e87e0000000-7e87e0021000 rw-p 00000000 00:00 0 
7e87e0021000-7e87e4000000 ---p 00000000 00:00 0 
7e87e4000000-7e87e4021000 rw-p 00000000 00:00 0 
7e87e4021000-7e87e8000000 ---p 00000000 00:00 0 
7e87ec000000-7e87ec021000 rw-p 00000000 00:00 0 
7e87ec021000-7e87f0000000 ---p 00000000 00:00 0 
7e87f0000000-7e87f0026000 rw-p 00000000 00:00 0 
7e87f0026000-7e87f4000000 ---p 00000000 00:00 0 
7e87f8000000-7e87f80aa000 rw-p 00000000 00:00 0 
7e87f80aa000-7e87fc000000 ---p 00000000 00:00 0 
7e87fc000000-7e87fc141000 rw-p 00000000 00:00 0 
7e87fc141000-7e8800000000 ---p 00000000 00:00 0 
7e8804000000-7e8804021000 rw-p 00000000 00:00 0 
7e8804021000-7e8808000000 ---p 00000000 00:00 0 
7e8808000000-7e8808021000 rw-p 00000000 00:00 0 
7e8808021000-7e880c000000 ---p 00000000 00:00 0 
7e8810000000-7e8810021000 rw-p 00000000 00:00 0 
7e8810021000-7e8814000000 ---p 00000000 00:00 0 
7e8814000000-7e8814021000 rw-p 00000000 00:00 0 
7e8814021000-7e8818000000 ---p 00000000 00:00 0 
7e881c000000-7e881c021000 rw-p 00000000 00:00 0 
7e881c021000-7e8820000000 ---p 00000000 00:00 0 
7e8820000000-7e8820021000 rw-p 00000000 00:00 0 
7e8820021000-7e8824000000 ---p 00000000 00:00 0 
7e8828000000-7e8828270000 rw-p 00000000 00:00 0 
7e8828270000-7e8828400000 ---p 00000000 00:00 0 
7e8828400000-7e88284f0000 rw-p 00000000 00:00 0 
7e88284f0000-7e882c000000 ---p 00000000 00:00 0 
7e882c000000-7e882c021000 rw-p 00000000 00:00 0 
7e882c021000-7e8830000000 ---p 00000000 00:00 0 
7e8831400000-7e8831401000 ---p 00000000 00:00 0 
7e8831401000-7e8831c01000 rw-p 00000000 00:00 0 
7e8831e00000-7e8831e01000 rw-s 00000000 00:05 1125                       /dev/nvidiactl
7e8831e01000-7e8831e02000 rw-s 00000000 00:05 1125                       /dev/nvidiactl
7e8831e02000-7e8831e03000 rw-s 00000000 00:05 1125                       /dev/nvidiactl
7e8831e03000-7e8831e04000 rw-s 00000000 00:05 1125                       /dev/nvidiactl
7e8831e04000-7e8831e05000 rw-s 00000000 00:05 1125                       /dev/nvidiactl
7e8831e05000-7e8831e06000 rw-s 00000000 00:05 1125                       /dev/nvidiactl
7e8831e06000-7e8831e07000 rw-s 00000000 00:05 1125                       /dev/nvidiactl
7e8831e07000-7e8831e08000 rw-s 00000000 00:05 1125                       /dev/nvidiactl
7e8831e08000-7e8831e09000 rw-s 00000000 00:05 1125                       /dev/nvidiactl
7e8831e09000-7e8831e0a000 rw-s 00000000 00:05 1125                       /dev/nvidiactl
7e8831e0a000-7e8831e0b000 rw-s 00000000 00:05 1125                       /dev/nvidiactl
7e8831e0b000-7e8831e0c000 rw-s 00000000 00:05 1125                       /dev/nvidiactl
7e8831e0c000-7e8831e0d000 rw-s 00000000 00:05 1125                       /dev/nvidiactl
7e8831e0d000-7e8831e0e000 rw-s 00000000 00:05 1125                       /dev/nvidiactl
7e8831e0e000-7e8831e0f000 rw-s 00000000 00:05 1125                       /dev/nvidiactl
7e8831e0f000-7e8831e10000 rw-s 00000000 00:05 1125                       /dev/nvidiactl
7e8831e10000-7e8832e21000 ---p 00000000 00:00 0 
7e8833000000-7e8833c97000 rw-p 00001000 103:02 17173446                  /usr/lib/jvm/java-21-openjdk-amd64/lib/server/classes.jsa
7e8833c97000-7e8834000000 ---p 00000000 00:00 0 
7e8834000000-7e8834020000 rw-p 00000000 00:00 0 
7e8834020000-7e8834040000 ---p 00000000 00:00 0 
7e8834040000-7e8834080000 rw-p 00000000 00:00 0 
7e8834080000-7e8874000000 ---p 00000000 00:00 0 
7e8874000000-7e8874021000 rw-p 00000000 00:00 0 
7e8874021000-7e8878000000 ---p 00000000 00:00 0 
7e8878000000-7e8878021000 rw-p 00000000 00:00 0 
7e8878021000-7e887c000000 ---p 00000000 00:00 0 
7e887c200000-7e887c2e4000 r-xp 00000000 103:02 18222560                  /tmp/libJCudaDriver-12.0.0-linux-x86_64.so
7e887c2e4000-7e887c4e4000 ---p 000e4000 103:02 18222560                  /tmp/libJCudaDriver-12.0.0-linux-x86_64.so
7e887c4e4000-7e887c4e9000 r--p 000e4000 103:02 18222560                  /tmp/libJCudaDriver-12.0.0-linux-x86_64.so
7e887c4e9000-7e887c4eb000 rw-p 000e9000 103:02 18222560                  /tmp/libJCudaDriver-12.0.0-linux-x86_64.so
7e887c4eb000-7e887c4ed000 rw-p 00000000 00:00 0 
7e887c800000-7e887c801000 ---p 00000000 00:00 0 
7e887c801000-7e887d001000 rw-p 00000000 00:00 0 
7e887d200000-7e887e221000 ---p 00000000 00:00 0 
7e887e400000-7e887e4de000 r--p 00000000 103:02 16527986                  /usr/lib/x86_64-linux-gnu/libcuda.so.550.120
7e887e4de000-7e887e9b3000 r-xp 000de000 103:02 16527986                  /usr/lib/x86_64-linux-gnu/libcuda.so.550.120
7e887e9b3000-7e887fe4f000 r--p 005b3000 103:02 16527986                  /usr/lib/x86_64-linux-gnu/libcuda.so.550.120
7e887fe4f000-7e887fe50000 ---p 01a4f000 103:02 16527986                  /usr/lib/x86_64-linux-gnu/libcuda.so.550.120
7e887fe50000-7e887fe68000 r--p 01a4f000 103:02 16527986                  /usr/lib/x86_64-linux-gnu/libcuda.so.550.120
7e887fe68000-7e887ff63000 rw-p 01a67000 103:02 16527986                  /usr/lib/x86_64-linux-gnu/libcuda.so.550.120
7e887ff63000-7e887ffcc000 rw-p 00000000 00:00 0 
7e8880000000-7e8880021000 rw-p 00000000 00:00 0 
7e8880021000-7e8884000000 ---p 00000000 00:00 0 
7e8884000000-7e8884021000 rw-p 00000000 00:00 0 
7e8884021000-7e8888000000 ---p 00000000 00:00 0 
7e8888400000-7e88884c7000 r-xp 00000000 103:02 18222559                  /tmp/libJCudaRuntime-12.0.0-linux-x86_64.so
7e88884c7000-7e88886c7000 ---p 000c7000 103:02 18222559                  /tmp/libJCudaRuntime-12.0.0-linux-x86_64.so
7e88886c7000-7e88886cc000 r--p 000c7000 103:02 18222559                  /tmp/libJCudaRuntime-12.0.0-linux-x86_64.so
7e88886cc000-7e88886cd000 rw-p 000cc000 103:02 18222559                  /tmp/libJCudaRuntime-12.0.0-linux-x86_64.so
7e88886cd000-7e88886cf000 rw-p 00000000 00:00 0 
7e88888c3000-7e88888dc000 r--p 00000000 103:02 16530316                  /usr/lib/x86_64-linux-gnu/libX11.so.6.4.0
7e88888dc000-7e888896c000 r-xp 00019000 103:02 16530316                  /usr/lib/x86_64-linux-gnu/libX11.so.6.4.0
7e888896c000-7e88889fb000 r--p 000a9000 103:02 16530316                  /usr/lib/x86_64-linux-gnu/libX11.so.6.4.0
7e88889fb000-7e88889fc000 r--p 00138000 103:02 16530316                  /usr/lib/x86_64-linux-gnu/libX11.so.6.4.0
7e88889fc000-7e8888a00000 rw-p 00139000 103:02 16530316                  /usr/lib/x86_64-linux-gnu/libX11.so.6.4.0
7e8888a00000-7e8888c5a000 rw-p 00000000 00:00 0 
7e8888d0d000-7e8888d2b000 r--p 00000000 103:02 17173412                  /usr/lib/jvm/java-21-openjdk-amd64/lib/libawt.so
7e8888d2b000-7e8888dc2000 r-xp 0001e000 103:02 17173412                  /usr/lib/jvm/java-21-openjdk-amd64/lib/libawt.so
7e8888dc2000-7e8888dcf000 r--p 000b5000 103:02 17173412                  /usr/lib/jvm/java-21-openjdk-amd64/lib/libawt.so
7e8888dcf000-7e8888dd0000 r--p 000c1000 103:02 17173412                  /usr/lib/jvm/java-21-openjdk-amd64/lib/libawt.so
7e8888dd0000-7e8888ddb000 rw-p 000c2000 103:02 17173412                  /usr/lib/jvm/java-21-openjdk-amd64/lib/libawt.so
7e8888ddb000-7e8888e00000 rw-p 00000000 00:00 0 
7e8888e00000-7e8888e01000 ---p 00000000 00:00 0 
7e8888e01000-7e8889601000 rw-p 00000000 00:00 0 
7e88896a8000-7e88896ac000 r--p 00000000 103:02 16530470                  /usr/lib/x86_64-linux-gnu/libbsd.so.0.12.1
7e88896ac000-7e88896b8000 r-xp 00004000 103:02 16530470                  /usr/lib/x86_64-linux-gnu/libbsd.so.0.12.1
7e88896b8000-7e88896bb000 r--p 00010000 103:02 16530470                  /usr/lib/x86_64-linux-gnu/libbsd.so.0.12.1
7e88896bb000-7e88896bc000 r--p 00012000 103:02 16530470                  /usr/lib/x86_64-linux-gnu/libbsd.so.0.12.1
7e88896bc000-7e88896bd000 rw-p 00013000 103:02 16530470                  /usr/lib/x86_64-linux-gnu/libbsd.so.0.12.1
7e88896bd000-7e8889800000 rw-p 00000000 00:00 0 
7e8889800000-7e8889938000 r-xp 00000000 103:02 18222558                  /tmp/libJCublas2-12.0.0-linux-x86_64.so
7e8889938000-7e8889b38000 ---p 00138000 103:02 18222558                  /tmp/libJCublas2-12.0.0-linux-x86_64.so
7e8889b38000-7e8889b3d000 r--p 00138000 103:02 18222558                  /tmp/libJCublas2-12.0.0-linux-x86_64.so
7e8889b3d000-7e8889b3f000 rw-p 0013d000 103:02 18222558                  /tmp/libJCublas2-12.0.0-linux-x86_64.so
7e8889b3f000-7e8889b41000 rw-p 00000000 00:00 0 
7e8889b53000-7e8889b5e000 r--p 00000000 103:02 16531187                  /usr/lib/x86_64-linux-gnu/libxcb.so.1.1.0
7e8889b5e000-7e8889b71000 r-xp 0000b000 103:02 16531187                  /usr/lib/x86_64-linux-gnu/libxcb.so.1.1.0
7e8889b71000-7e8889b7a000 r--p 0001e000 103:02 16531187                  /usr/lib/x86_64-linux-gnu/libxcb.so.1.1.0
7e8889b7a000-7e8889b7b000 r--p 00026000 103:02 16531187                  /usr/lib/x86_64-linux-gnu/libxcb.so.1.1.0
7e8889b7b000-7e8889b7c000 rw-p 00027000 103:02 16531187                  /usr/lib/x86_64-linux-gnu/libxcb.so.1.1.0
7e8889b7c000-7e8889b7f000 r--p 00000000 103:02 16530328                  /usr/lib/x86_64-linux-gnu/libXi.so.6.1.0
7e8889b7f000-7e8889b8b000 r-xp 00003000 103:02 16530328                  /usr/lib/x86_64-linux-gnu/libXi.so.6.1.0
7e8889b8b000-7e8889b8d000 r--p 0000f000 103:02 16530328                  /usr/lib/x86_64-linux-gnu/libXi.so.6.1.0
7e8889b8d000-7e8889b8e000 r--p 00011000 103:02 16530328                  /usr/lib/x86_64-linux-gnu/libXi.so.6.1.0
7e8889b8e000-7e8889b8f000 rw-p 00012000 103:02 16530328                  /usr/lib/x86_64-linux-gnu/libXi.so.6.1.0
7e8889b8f000-7e8889ba1000 r--p 00000000 103:02 17173342                  /usr/lib/jvm/java-21-openjdk-amd64/lib/libawt_xawt.so
7e8889ba1000-7e8889be8000 r-xp 00012000 103:02 17173342                  /usr/lib/jvm/java-21-openjdk-amd64/lib/libawt_xawt.so
7e8889be8000-7e8889c00000 r--p 00059000 103:02 17173342                  /usr/lib/jvm/java-21-openjdk-amd64/lib/libawt_xawt.so
7e8889c00000-7e8889c05000 r--p 00071000 103:02 17173342                  /usr/lib/jvm/java-21-openjdk-amd64/lib/libawt_xawt.so
7e8889c05000-7e8889c07000 rw-p 00076000 103:02 17173342                  /usr/lib/jvm/java-21-openjdk-amd64/lib/libawt_xawt.so
7e8889c07000-7e8889c09000 rw-p 00000000 00:00 0 
7e8889c09000-7e8889e09000 rw-s 00000000 00:01 41403                      /dev/zero (deleted)
7e8889e09000-7e8889f00000 rw-p 00000000 00:00 0 
7e8889f00000-7e8889f04000 ---p 00000000 00:00 0 
7e8889f04000-7e888a000000 rw-p 00000000 00:00 0 
7e888a000000-7e888a004000 ---p 00000000 00:00 0 
7e888a004000-7e888a100000 rw-p 00000000 00:00 0 
7e888a100000-7e888a104000 ---p 00000000 00:00 0 
7e888a104000-7e888a200000 rw-p 00000000 00:00 0 
7e888a200000-7e888a204000 ---p 00000000 00:00 0 
7e888a204000-7e888a300000 rw-p 00000000 00:00 0 
7e888a300000-7e888a304000 ---p 00000000 00:00 0 
7e888a304000-7e888a400000 rw-p 00000000 00:00 0 
7e888a400000-7e888a404000 ---p 00000000 00:00 0 
7e888a404000-7e888a500000 rw-p 00000000 00:00 0 
7e888a500000-7e888a504000 ---p 00000000 00:00 0 
7e888a504000-7e888a600000 rw-p 00000000 00:00 0 
7e888a600000-7e888a604000 ---p 00000000 00:00 0 
7e888a604000-7e888a700000 rw-p 00000000 00:00 0 
7e888a700000-7e888a704000 ---p 00000000 00:00 0 
7e888a704000-7e888a800000 rw-p 00000000 00:00 0 
7e888a800000-7e888a804000 ---p 00000000 00:00 0 
7e888a804000-7e888a900000 rw-p 00000000 00:00 0 
7e888a900000-7e888a904000 ---p 00000000 00:00 0 
7e888a904000-7e888aa00000 rw-p 00000000 00:00 0 
7e888aa00000-7e888aa04000 ---p 00000000 00:00 0 
7e888aa04000-7e888ab00000 rw-p 00000000 00:00 0 
7e888ab00000-7e888ab04000 ---p 00000000 00:00 0 
7e888ab04000-7e888ac00000 rw-p 00000000 00:00 0 
7e888ac00000-7e888ac04000 ---p 00000000 00:00 0 
7e888ac04000-7e888ad00000 rw-p 00000000 00:00 0 
7e888ad00000-7e888ad04000 ---p 00000000 00:00 0 
7e888ad04000-7e888ae00000 rw-p 00000000 00:00 0 
7e888ae00000-7e888bbec000 r--p 00000000 103:02 16521112                  /usr/lib/locale/locale-archive
7e888bbed000-7e888bbef000 r--p 00000000 103:02 16530828                  /usr/lib/x86_64-linux-gnu/libmd.so.0.1.0
7e888bbef000-7e888bbf8000 r-xp 00002000 103:02 16530828                  /usr/lib/x86_64-linux-gnu/libmd.so.0.1.0
7e888bbf8000-7e888bbfa000 r--p 0000b000 103:02 16530828                  /usr/lib/x86_64-linux-gnu/libmd.so.0.1.0
7e888bbfa000-7e888bbfb000 r--p 0000c000 103:02 16530828                  /usr/lib/x86_64-linux-gnu/libmd.so.0.1.0
7e888bbfb000-7e888bbfc000 rw-p 0000d000 103:02 16530828                  /usr/lib/x86_64-linux-gnu/libmd.so.0.1.0
7e888bbfc000-7e888bbfd000 ---p 00000000 00:00 0 
7e888bbfd000-7e888bcfd000 rw-p 00000000 00:00 0 
7e888bcfd000-7e888bcfe000 ---p 00000000 00:00 0 
7e888bcfe000-7e888bdfe000 rw-p 00000000 00:00 0 
7e888bdfe000-7e888bdff000 ---p 00000000 00:00 0 
7e888bdff000-7e888beff000 rw-p 00000000 00:00 0 
7e888beff000-7e888bf00000 ---p 00000000 00:00 0 
7e888bf00000-7e888c000000 rw-p 00000000 00:00 0 
7e888c000000-7e888c021000 rw-p 00000000 00:00 0 
7e888c021000-7e8890000000 ---p 00000000 00:00 0 
7e8890002000-7e8890024000 rw-p 00000000 00:00 0 
7e8890024000-7e8890029000 r--p 00000000 103:02 17173429                  /usr/lib/jvm/java-21-openjdk-amd64/lib/libjsvml.so
7e8890029000-7e889006a000 r-xp 00005000 103:02 17173429                  /usr/lib/jvm/java-21-openjdk-amd64/lib/libjsvml.so
7e889006a000-7e88900f3000 r--p 00046000 103:02 17173429                  /usr/lib/jvm/java-21-openjdk-amd64/lib/libjsvml.so
7e88900f3000-7e88900f4000 r--p 000ce000 103:02 17173429                  /usr/lib/jvm/java-21-openjdk-amd64/lib/libjsvml.so
7e88900f4000-7e88900f5000 rw-p 000cf000 103:02 17173429                  /usr/lib/jvm/java-21-openjdk-amd64/lib/libjsvml.so
7e88900f5000-7e88933b0000 rw-p 00000000 00:00 0 
7e88933b0000-7e889a650000 ---p 00000000 00:00 0 
7e889a650000-7e889a660000 rw-p 00000000 00:00 0 
7e889a66a000-7e889a66e000 r--p 00000000 103:02 16530324                  /usr/lib/x86_64-linux-gnu/libXext.so.6.4.0
7e889a66e000-7e889a679000 r-xp 00004000 103:02 16530324                  /usr/lib/x86_64-linux-gnu/libXext.so.6.4.0
7e889a679000-7e889a67c000 r--p 0000f000 103:02 16530324                  /usr/lib/x86_64-linux-gnu/libXext.so.6.4.0
7e889a67c000-7e889a67d000 r--p 00011000 103:02 16530324                  /usr/lib/x86_64-linux-gnu/libXext.so.6.4.0
7e889a67d000-7e889a67e000 rw-p 00012000 103:02 16530324                  /usr/lib/x86_64-linux-gnu/libXext.so.6.4.0
7e889a67e000-7e889a8f6000 rw-p 00000000 00:00 0 
7e889a8f6000-7e889b74a000 ---p 00000000 00:00 0 
7e889b74a000-7e889b74c000 rw-p 00000000 00:00 0 
7e889b755000-7e889b757000 r--p 00000000 103:02 16530323                  /usr/lib/x86_64-linux-gnu/libXdmcp.so.6.0.0
7e889b757000-7e889b759000 r-xp 00002000 103:02 16530323                  /usr/lib/x86_64-linux-gnu/libXdmcp.so.6.0.0
7e889b759000-7e889b75b000 r--p 00004000 103:02 16530323                  /usr/lib/x86_64-linux-gnu/libXdmcp.so.6.0.0
7e889b75b000-7e889b75c000 r--p 00005000 103:02 16530323                  /usr/lib/x86_64-linux-gnu/libXdmcp.so.6.0.0
7e889b75c000-7e889b75d000 rw-p 00006000 103:02 16530323                  /usr/lib/x86_64-linux-gnu/libXdmcp.so.6.0.0
7e889b75d000-7e889b8f6000 rw-p 00000000 00:00 0 
7e889b8f6000-7e889c74a000 ---p 00000000 00:00 0 
7e889c74a000-7e889c74c000 rw-p 00000000 00:00 0 
7e889c74d000-7e889c74e000 r--p 00000000 103:02 16530318                  /usr/lib/x86_64-linux-gnu/libXau.so.6.0.0
7e889c74e000-7e889c750000 r-xp 00001000 103:02 16530318                  /usr/lib/x86_64-linux-gnu/libXau.so.6.0.0
7e889c750000-7e889c751000 r--p 00003000 103:02 16530318                  /usr/lib/x86_64-linux-gnu/libXau.so.6.0.0
7e889c751000-7e889c752000 r--p 00003000 103:02 16530318                  /usr/lib/x86_64-linux-gnu/libXau.so.6.0.0
7e889c752000-7e889c753000 rw-p 00004000 103:02 16530318                  /usr/lib/x86_64-linux-gnu/libXau.so.6.0.0
7e889c753000-7e889c755000 r--p 00000000 103:02 16530334                  /usr/lib/x86_64-linux-gnu/libXrender.so.1.3.0
7e889c755000-7e889c75c000 r-xp 00002000 103:02 16530334                  /usr/lib/x86_64-linux-gnu/libXrender.so.1.3.0
7e889c75c000-7e889c75d000 r--p 00009000 103:02 16530334                  /usr/lib/x86_64-linux-gnu/libXrender.so.1.3.0
7e889c75d000-7e889c75e000 r--p 00009000 103:02 16530334                  /usr/lib/x86_64-linux-gnu/libXrender.so.1.3.0
7e889c75e000-7e889c75f000 rw-p 0000a000 103:02 16530334                  /usr/lib/x86_64-linux-gnu/libXrender.so.1.3.0
7e889c75f000-7e889c800000 rw-p 00000000 00:00 0 
7e889c800000-7e889ca70000 rwxp 00000000 00:00 0 
7e889ca70000-7e88a3c5f000 ---p 00000000 00:00 0 
7e88a3c5f000-7e88a3eef000 rwxp 00000000 00:00 0 
7e88a3eef000-7e88a43a0000 ---p 00000000 00:00 0 
7e88a43a0000-7e88a4610000 rwxp 00000000 00:00 0 
7e88a4610000-7e88ab800000 ---p 00000000 00:00 0 
7e88ab800000-7e88b3e0c000 r--s 00000000 103:02 17173445                  /usr/lib/jvm/java-21-openjdk-amd64/lib/modules
7e88b3e0f000-7e88b3e11000 r--p 00000000 103:02 16530337                  /usr/lib/x86_64-linux-gnu/libXtst.so.6.1.0
7e88b3e11000-7e88b3e14000 r-xp 00002000 103:02 16530337                  /usr/lib/x86_64-linux-gnu/libXtst.so.6.1.0
7e88b3e14000-7e88b3e15000 r--p 00005000 103:02 16530337                  /usr/lib/x86_64-linux-gnu/libXtst.so.6.1.0
7e88b3e15000-7e88b3e16000 r--p 00005000 103:02 16530337                  /usr/lib/x86_64-linux-gnu/libXtst.so.6.1.0
7e88b3e16000-7e88b3e17000 rw-p 00006000 103:02 16530337                  /usr/lib/x86_64-linux-gnu/libXtst.so.6.1.0
7e88b3e2d000-7e88b3e6e000 rw-p 00000000 00:00 0 
7e88b3e6e000-7e88b3e7e000 -w-s 00000000 00:05 1126                       /dev/nvidia0
7e88b3e7e000-7e88b5784000 rw-p 00000000 00:00 0 
7e88b5784000-7e88b8000000 ---p 00000000 00:00 0 
7e88b8002000-7e88b8003000 r--p 00000000 103:02 16530540                  /usr/lib/x86_64-linux-gnu/libdl.so.2
7e88b8003000-7e88b8004000 r-xp 00001000 103:02 16530540                  /usr/lib/x86_64-linux-gnu/libdl.so.2
7e88b8004000-7e88b8005000 r--p 00002000 103:02 16530540                  /usr/lib/x86_64-linux-gnu/libdl.so.2
7e88b8005000-7e88b8006000 r--p 00002000 103:02 16530540                  /usr/lib/x86_64-linux-gnu/libdl.so.2
7e88b8006000-7e88b8007000 rw-p 00003000 103:02 16530540                  /usr/lib/x86_64-linux-gnu/libdl.so.2
7e88b8007000-7e88b8062000 rw-p 00000000 00:00 0 
7e88b8062000-7e88b8063000 ---p 00000000 00:00 0 
7e88b8063000-7e88b8163000 rw-p 00000000 00:00 0 
7e88b8163000-7e88b8164000 ---p 00000000 00:00 0 
7e88b8164000-7e88b8264000 rw-p 00000000 00:00 0 
7e88b8264000-7e88b8265000 ---p 00000000 00:00 0 
7e88b8265000-7e88b8365000 rw-p 00000000 00:00 0 
7e88b8365000-7e88b9133000 rw-p 00000000 00:00 0 
7e88b9133000-7e88b9217000 ---p 00000000 00:00 0 
7e88b9217000-7e88b921c000 rw-p 00000000 00:00 0 
7e88b921c000-7e88b9300000 ---p 00000000 00:00 0 
7e88b9300000-7e88b9304000 ---p 00000000 00:00 0 
7e88b9304000-7e88b9400000 rw-p 00000000 00:00 0 
7e88b9400000-7e88b949d000 r--p 00000000 103:02 16543594                  /usr/lib/x86_64-linux-gnu/libstdc++.so.6.0.33
7e88b949d000-7e88b95e5000 r-xp 0009d000 103:02 16543594                  /usr/lib/x86_64-linux-gnu/libstdc++.so.6.0.33
7e88b95e5000-7e88b966c000 r--p 001e5000 103:02 16543594                  /usr/lib/x86_64-linux-gnu/libstdc++.so.6.0.33
7e88b966c000-7e88b9677000 r--p 0026b000 103:02 16543594                  /usr/lib/x86_64-linux-gnu/libstdc++.so.6.0.33
7e88b9677000-7e88b967a000 rw-p 00276000 103:02 16543594                  /usr/lib/x86_64-linux-gnu/libstdc++.so.6.0.33
7e88b967a000-7e88b967e000 rw-p 00000000 00:00 0 
7e88b967f000-7e88b9680000 r--p 00000000 103:02 16531006                  /usr/lib/x86_64-linux-gnu/librt.so.1
7e88b9680000-7e88b9681000 r-xp 00001000 103:02 16531006                  /usr/lib/x86_64-linux-gnu/librt.so.1
7e88b9681000-7e88b9682000 r--p 00002000 103:02 16531006                  /usr/lib/x86_64-linux-gnu/librt.so.1
7e88b9682000-7e88b9683000 r--p 00002000 103:02 16531006                  /usr/lib/x86_64-linux-gnu/librt.so.1
7e88b9683000-7e88b9684000 rw-p 00003000 103:02 16531006                  /usr/lib/x86_64-linux-gnu/librt.so.1
7e88b9684000-7e88b9685000 r--p 00000000 103:02 16530978                  /usr/lib/x86_64-linux-gnu/libpthread.so.0
7e88b9685000-7e88b9686000 r-xp 00001000 103:02 16530978                  /usr/lib/x86_64-linux-gnu/libpthread.so.0
7e88b9686000-7e88b9687000 r--p 00002000 103:02 16530978                  /usr/lib/x86_64-linux-gnu/libpthread.so.0
7e88b9687000-7e88b9688000 r--p 00002000 103:02 16530978                  /usr/lib/x86_64-linux-gnu/libpthread.so.0
7e88b9688000-7e88b9689000 rw-p 00003000 103:02 16530978                  /usr/lib/x86_64-linux-gnu/libpthread.so.0
7e88b9689000-7e88b968c000 r--p 00000000 103:02 17173436                  /usr/lib/jvm/java-21-openjdk-amd64/lib/libnet.so
7e88b968c000-7e88b9694000 r-xp 00003000 103:02 17173436                  /usr/lib/jvm/java-21-openjdk-amd64/lib/libnet.so
7e88b9694000-7e88b9696000 r--p 0000b000 103:02 17173436                  /usr/lib/jvm/java-21-openjdk-amd64/lib/libnet.so
7e88b9696000-7e88b9697000 r--p 0000c000 103:02 17173436                  /usr/lib/jvm/java-21-openjdk-amd64/lib/libnet.so
7e88b9697000-7e88b9698000 rw-p 0000d000 103:02 17173436                  /usr/lib/jvm/java-21-openjdk-amd64/lib/libnet.so
7e88b9698000-7e88b9717000 rw-p 00000000 00:00 0 
7e88b9717000-7e88b9727000 r--p 00000000 103:02 16530817                  /usr/lib/x86_64-linux-gnu/libm.so.6
7e88b9727000-7e88b97a6000 r-xp 00010000 103:02 16530817                  /usr/lib/x86_64-linux-gnu/libm.so.6
7e88b97a6000-7e88b97fe000 r--p 0008f000 103:02 16530817                  /usr/lib/x86_64-linux-gnu/libm.so.6
7e88b97fe000-7e88b97ff000 r--p 000e7000 103:02 16530817                  /usr/lib/x86_64-linux-gnu/libm.so.6
7e88b97ff000-7e88b9800000 rw-p 000e8000 103:02 16530817                  /usr/lib/x86_64-linux-gnu/libm.so.6
7e88b9800000-7e88b9aa1000 r--p 00000000 103:02 17173449                  /usr/lib/jvm/java-21-openjdk-amd64/lib/server/libjvm.so
7e88b9aa1000-7e88ba911000 r-xp 002a1000 103:02 17173449                  /usr/lib/jvm/java-21-openjdk-amd64/lib/server/libjvm.so
7e88ba911000-7e88babe5000 r--p 01111000 103:02 17173449                  /usr/lib/jvm/java-21-openjdk-amd64/lib/server/libjvm.so
7e88babe5000-7e88bacb8000 r--p 013e4000 103:02 17173449                  /usr/lib/jvm/java-21-openjdk-amd64/lib/server/libjvm.so
7e88bacb8000-7e88bace8000 rw-p 014b7000 103:02 17173449                  /usr/lib/jvm/java-21-openjdk-amd64/lib/server/libjvm.so
7e88bace8000-7e88bad4e000 rw-p 00000000 00:00 0 
7e88bad4f000-7e88bad51000 r--p 00000000 103:02 17173444                  /usr/lib/jvm/java-21-openjdk-amd64/lib/libzip.so
7e88bad51000-7e88bad56000 r-xp 00002000 103:02 17173444                  /usr/lib/jvm/java-21-openjdk-amd64/lib/libzip.so
7e88bad56000-7e88bad58000 r--p 00007000 103:02 17173444                  /usr/lib/jvm/java-21-openjdk-amd64/lib/libzip.so
7e88bad58000-7e88bad59000 r--p 00008000 103:02 17173444                  /usr/lib/jvm/java-21-openjdk-amd64/lib/libzip.so
7e88bad59000-7e88bad5a000 rw-p 00009000 103:02 17173444                  /usr/lib/jvm/java-21-openjdk-amd64/lib/libzip.so
7e88bad5a000-7e88bad61000 r--p 00000000 103:02 17173437                  /usr/lib/jvm/java-21-openjdk-amd64/lib/libnio.so
7e88bad61000-7e88bad6a000 r-xp 00007000 103:02 17173437                  /usr/lib/jvm/java-21-openjdk-amd64/lib/libnio.so
7e88bad6a000-7e88bad6e000 r--p 00010000 103:02 17173437                  /usr/lib/jvm/java-21-openjdk-amd64/lib/libnio.so
7e88bad6e000-7e88bad6f000 r--p 00014000 103:02 17173437                  /usr/lib/jvm/java-21-openjdk-amd64/lib/libnio.so
7e88bad6f000-7e88bad70000 rw-p 00015000 103:02 17173437                  /usr/lib/jvm/java-21-openjdk-amd64/lib/libnio.so
7e88bad70000-7e88bad71000 r--p 00000000 103:02 17173414                  /usr/lib/jvm/java-21-openjdk-amd64/lib/libdt_socket.so
7e88bad71000-7e88bad74000 r-xp 00001000 103:02 17173414                  /usr/lib/jvm/java-21-openjdk-amd64/lib/libdt_socket.so
7e88bad74000-7e88bad75000 r--p 00004000 103:02 17173414                  /usr/lib/jvm/java-21-openjdk-amd64/lib/libdt_socket.so
7e88bad75000-7e88bad76000 r--p 00005000 103:02 17173414                  /usr/lib/jvm/java-21-openjdk-amd64/lib/libdt_socket.so
7e88bad76000-7e88bad77000 rw-p 00006000 103:02 17173414                  /usr/lib/jvm/java-21-openjdk-amd64/lib/libdt_socket.so
7e88bad77000-7e88bad7e000 r--s 00000000 103:02 16532226                  /usr/lib/x86_64-linux-gnu/gconv/gconv-modules.cache
7e88bad7e000-7e88badbc000 rw-p 00000000 00:00 0 
7e88badbc000-7e88badbf000 r--p 00000000 103:02 17173424                  /usr/lib/jvm/java-21-openjdk-amd64/lib/libjdwp.so
7e88badbf000-7e88badee000 r-xp 00003000 103:02 17173424                  /usr/lib/jvm/java-21-openjdk-amd64/lib/libjdwp.so
7e88badee000-7e88badfd000 r--p 00032000 103:02 17173424                  /usr/lib/jvm/java-21-openjdk-amd64/lib/libjdwp.so
7e88badfd000-7e88badfe000 r--p 00040000 103:02 17173424                  /usr/lib/jvm/java-21-openjdk-amd64/lib/libjdwp.so
7e88badfe000-7e88badff000 rw-p 00041000 103:02 17173424                  /usr/lib/jvm/java-21-openjdk-amd64/lib/libjdwp.so
7e88badff000-7e88bae00000 rw-p 00000000 00:00 0 
7e88bae00000-7e88bae28000 r--p 00000000 103:02 16530474                  /usr/lib/x86_64-linux-gnu/libc.so.6
7e88bae28000-7e88bafb0000 r-xp 00028000 103:02 16530474                  /usr/lib/x86_64-linux-gnu/libc.so.6
7e88bafb0000-7e88bafff000 r--p 001b0000 103:02 16530474                  /usr/lib/x86_64-linux-gnu/libc.so.6
7e88bafff000-7e88bb003000 r--p 001fe000 103:02 16530474                  /usr/lib/x86_64-linux-gnu/libc.so.6
7e88bb003000-7e88bb005000 rw-p 00202000 103:02 16530474                  /usr/lib/x86_64-linux-gnu/libc.so.6
7e88bb005000-7e88bb012000 rw-p 00000000 00:00 0 
7e88bb015000-7e88bb01b000 rw-p 00000000 00:00 0 
7e88bb01b000-7e88bb024000 ---p 00000000 00:00 0 
7e88bb024000-7e88bb031000 r--p 00000000 103:02 17173422                  /usr/lib/jvm/java-21-openjdk-amd64/lib/libjava.so
7e88bb031000-7e88bb040000 r-xp 0000d000 103:02 17173422                  /usr/lib/jvm/java-21-openjdk-amd64/lib/libjava.so
7e88bb040000-7e88bb045000 r--p 0001c000 103:02 17173422                  /usr/lib/jvm/java-21-openjdk-amd64/lib/libjava.so
7e88bb045000-7e88bb046000 r--p 00021000 103:02 17173422                  /usr/lib/jvm/java-21-openjdk-amd64/lib/libjava.so
7e88bb046000-7e88bb047000 rw-p 00022000 103:02 17173422                  /usr/lib/jvm/java-21-openjdk-amd64/lib/libjava.so
7e88bb047000-7e88bb048000 rw-p 00000000 00:00 0 
7e88bb048000-7e88bb04c000 r--p 00000000 103:02 16528598                  /usr/lib/x86_64-linux-gnu/libgcc_s.so.1
7e88bb04c000-7e88bb070000 r-xp 00004000 103:02 16528598                  /usr/lib/x86_64-linux-gnu/libgcc_s.so.1
7e88bb070000-7e88bb074000 r--p 00028000 103:02 16528598                  /usr/lib/x86_64-linux-gnu/libgcc_s.so.1
7e88bb074000-7e88bb075000 r--p 0002b000 103:02 16528598                  /usr/lib/x86_64-linux-gnu/libgcc_s.so.1
7e88bb075000-7e88bb076000 rw-p 0002c000 103:02 16528598                  /usr/lib/x86_64-linux-gnu/libgcc_s.so.1
7e88bb076000-7e88bb078000 rw-p 00000000 00:00 0 
7e88bb078000-7e88bb07a000 r--p 00000000 103:02 17173426                  /usr/lib/jvm/java-21-openjdk-amd64/lib/libjli.so
7e88bb07a000-7e88bb084000 r-xp 00002000 103:02 17173426                  /usr/lib/jvm/java-21-openjdk-amd64/lib/libjli.so
7e88bb084000-7e88bb087000 r--p 0000c000 103:02 17173426                  /usr/lib/jvm/java-21-openjdk-amd64/lib/libjli.so
7e88bb087000-7e88bb088000 r--p 0000f000 103:02 17173426                  /usr/lib/jvm/java-21-openjdk-amd64/lib/libjli.so
7e88bb088000-7e88bb089000 rw-p 00010000 103:02 17173426                  /usr/lib/jvm/java-21-openjdk-amd64/lib/libjli.so
7e88bb089000-7e88bb08b000 r--p 00000000 103:02 16531205                  /usr/lib/x86_64-linux-gnu/libz.so.1.3
7e88bb08b000-7e88bb09d000 r-xp 00002000 103:02 16531205                  /usr/lib/x86_64-linux-gnu/libz.so.1.3
7e88bb09d000-7e88bb0a3000 r--p 00014000 103:02 16531205                  /usr/lib/x86_64-linux-gnu/libz.so.1.3
7e88bb0a3000-7e88bb0a4000 r--p 0001a000 103:02 16531205                  /usr/lib/x86_64-linux-gnu/libz.so.1.3
7e88bb0a4000-7e88bb0a5000 rw-p 0001b000 103:02 16531205                  /usr/lib/x86_64-linux-gnu/libz.so.1.3
7e88bb0a8000-7e88bb0b0000 rw-s 00000000 103:02 18222650                  /tmp/hsperfdata_dov/490241
7e88bb0b0000-7e88bb0b1000 ---p 00000000 00:00 0 
7e88bb0b1000-7e88bb0b2000 r--p 00000000 00:00 0 
7e88bb0b2000-7e88bb0b3000 ---p 00000000 00:00 0 
7e88bb0b3000-7e88bb0b5000 r--p 00000000 103:02 17173425                  /usr/lib/jvm/java-21-openjdk-amd64/lib/libjimage.so
7e88bb0b5000-7e88bb0b8000 r-xp 00002000 103:02 17173425                  /usr/lib/jvm/java-21-openjdk-amd64/lib/libjimage.so
7e88bb0b8000-7e88bb0b9000 r--p 00005000 103:02 17173425                  /usr/lib/jvm/java-21-openjdk-amd64/lib/libjimage.so
7e88bb0b9000-7e88bb0ba000 r--p 00006000 103:02 17173425                  /usr/lib/jvm/java-21-openjdk-amd64/lib/libjimage.so
7e88bb0ba000-7e88bb0bb000 rw-p 00007000 103:02 17173425                  /usr/lib/jvm/java-21-openjdk-amd64/lib/libjimage.so
7e88bb0bb000-7e88bb0bd000 rw-p 00000000 00:00 0 
7e88bb0bd000-7e88bb0be000 r--p 00000000 103:02 16530286                  /usr/lib/x86_64-linux-gnu/ld-linux-x86-64.so.2
7e88bb0be000-7e88bb0e9000 r-xp 00001000 103:02 16530286                  /usr/lib/x86_64-linux-gnu/ld-linux-x86-64.so.2
7e88bb0e9000-7e88bb0f3000 r--p 0002c000 103:02 16530286                  /usr/lib/x86_64-linux-gnu/ld-linux-x86-64.so.2
7e88bb0f3000-7e88bb0f5000 r--p 00036000 103:02 16530286                  /usr/lib/x86_64-linux-gnu/ld-linux-x86-64.so.2
7e88bb0f5000-7e88bb0f7000 rw-p 00038000 103:02 16530286                  /usr/lib/x86_64-linux-gnu/ld-linux-x86-64.so.2
7fff35e62000-7fff35e83000 rw-p 00000000 00:00 0                          [stack]
7fff35fc3000-7fff35fc7000 r--p 00000000 00:00 0                          [vvar]
7fff35fc7000-7fff35fc9000 r-xp 00000000 00:00 0                          [vdso]
ffffffffff600000-ffffffffff601000 --xp 00000000 00:00 0                  [vsyscall]
Total number of mappings: 404


VM Arguments:
jvm_args: -Dfile.encoding=UTF-8 -agentlib:jdwp=transport=dt_socket,address=localhost:48797 
java_command: fijiPlugin.FijiPlugin
java_class_path (initial): /home/dov/projects/Libraries/commons-math3/commons-math3-3.6.1-javadoc.jar:/home/dov/projects/Libraries/commons-math3/commons-math3-3.6.1-sources.jar:/home/dov/projects/Libraries/commons-math3/commons-math3-3.6.1-test-sources.jar:/home/dov/projects/Libraries/commons-math3/commons-math3-3.6.1-tests.jar:/home/dov/projects/Libraries/commons-math3/commons-math3-3.6.1-tools.jar:/home/dov/projects/Libraries/commons-math3/commons-math3-3.6.1.jar:/home/dov/projects/JCudaWrapper/jcuda12/jcublas-12.0.0.jar:/home/dov/projects/JCudaWrapper/jcuda12/jcublas-natives-12.0.0-linux-x86_64.jar:/home/dov/projects/JCudaWrapper/jcuda12/jcuda-12.0.0.jar:/home/dov/projects/JCudaWrapper/jcuda12/jcuda-natives-12.0.0-linux-x86_64.jar:/home/dov/projects/JCudaWrapper/jcuda12/jcudnn-12.0.0.jar:/home/dov/projects/JCudaWrapper/jcuda12/jcudnn-natives-12.0.0-linux-x86_64.jar:/home/dov/projects/JCudaWrapper/jcuda12/jcufft-12.0.0.jar:/home/dov/projects/JCudaWrapper/jcuda12/jcufft-natives-12.0.0-linux-x86_64.jar:/home/dov/projects/JCudaWrapper/jcuda12/jcurand-12.0.0.jar:/home/dov/projects/JCudaWrapper/jcuda12/jcurand-natives-12.0.0-linux-x86_64.jar:/home/dov/projects/JCudaWrapper/jcuda12/jcusolver-12.0.0.jar:/home/dov/projects/JCudaWrapper/jcuda12/jcusolver-natives-12.0.0-linux-x86_64.jar:/home/dov/projects/JCudaWrapper/jcuda12/jcusparse-12.0.0.jar:/home/dov/projects/JCudaWrapper/jcuda12/jcusparse-natives-12.0.0-linux-x86_64.jar:/home/dov/projects/Libraries/ij.jar:/home/dov/projects/NeighborhoodPIG/build/classes
Launcher Type: SUN_STANDARD

[Global flags]
     intx CICompilerCount                          = 12                                        {product} {ergonomic}
     uint ConcGCThreads                            = 3                                         {product} {ergonomic}
     uint G1ConcRefinementThreads                  = 13                                        {product} {ergonomic}
   size_t G1HeapRegionSize                         = 4194304                                   {product} {ergonomic}
    uintx GCDrainStackTargetSize                   = 64                                        {product} {ergonomic}
   size_t InitialHeapSize                          = 515899392                                 {product} {ergonomic}
   size_t MarkStackSize                            = 4194304                                   {product} {ergonomic}
   size_t MaxHeapSize                              = 8212447232                                {product} {ergonomic}
   size_t MaxNewSize                               = 4924112896                                {product} {ergonomic}
   size_t MinHeapDeltaBytes                        = 4194304                                   {product} {ergonomic}
   size_t MinHeapSize                              = 8388608                                   {product} {ergonomic}
    uintx NonNMethodCodeHeapSize                   = 7602480                                {pd product} {ergonomic}
    uintx NonProfiledCodeHeapSize                  = 122027880                              {pd product} {ergonomic}
    uintx ProfiledCodeHeapSize                     = 122027880                              {pd product} {ergonomic}
    uintx ReservedCodeCacheSize                    = 251658240                              {pd product} {ergonomic}
     bool SegmentedCodeCache                       = true                                      {product} {ergonomic}
   size_t SoftMaxHeapSize                          = 8212447232                             {manageable} {ergonomic}
     bool UseCompressedOops                        = true                           {product lp64_product} {ergonomic}
     bool UseG1GC                                  = true                                      {product} {ergonomic}

Logging:
Log output configuration:
 #0: stdout all=warning uptime,level,tags foldmultilines=false
 #1: stderr all=off uptime,level,tags foldmultilines=false

Environment Variables:
PATH=/usr/local/sbin:/usr/local/bin:/usr/sbin:/usr/bin:/sbin:/bin:/usr/games:/usr/local/games:/snap/bin:/snap/bin
USERNAME=dov
SHELL=/bin/bash
DISPLAY=:1
LANG=en_US.UTF-8

Active Locale:
LC_ALL=en_US.UTF-8
LC_COLLATE=en_US.UTF-8
LC_CTYPE=en_US.UTF-8
LC_MESSAGES=en_US.UTF-8
LC_MONETARY=en_US.UTF-8
LC_NUMERIC=en_US.UTF-8
LC_TIME=en_US.UTF-8

Signal Handlers:
   SIGSEGV: crash_handler in libjvm.so, mask=11100100010111111101111111111110, flags=SA_RESTART|SA_SIGINFO, unblocked
    SIGBUS: crash_handler in libjvm.so, mask=11100100010111111101111111111110, flags=SA_RESTART|SA_SIGINFO, unblocked
    SIGFPE: crash_handler in libjvm.so, mask=11100100010111111101111111111110, flags=SA_RESTART|SA_SIGINFO, unblocked
   SIGPIPE: javaSignalHandler in libjvm.so, mask=11100100010111111101111111111110, flags=SA_RESTART|SA_SIGINFO, blocked
   SIGXFSZ: javaSignalHandler in libjvm.so, mask=11100100010111111101111111111110, flags=SA_RESTART|SA_SIGINFO, blocked
    SIGILL: crash_handler in libjvm.so, mask=11100100010111111101111111111110, flags=SA_RESTART|SA_SIGINFO, unblocked
   SIGUSR2: SR_handler in libjvm.so, mask=00000000000000000000000000000000, flags=SA_RESTART|SA_SIGINFO, blocked
    SIGHUP: UserHandler in libjvm.so, mask=11100100010111111101111111111110, flags=SA_RESTART|SA_SIGINFO, blocked
    SIGINT: SIG_IGN, mask=00000000000000000000000000000000, flags=none, blocked
   SIGTERM: UserHandler in libjvm.so, mask=11100100010111111101111111111110, flags=SA_RESTART|SA_SIGINFO, blocked
   SIGQUIT: UserHandler in libjvm.so, mask=11100100010111111101111111111110, flags=SA_RESTART|SA_SIGINFO, blocked
   SIGTRAP: crash_handler in libjvm.so, mask=11100100010111111101111111111110, flags=SA_RESTART|SA_SIGINFO, unblocked


Periodic native trim disabled

---------------  S Y S T E M  ---------------

OS:
DISTRIB_ID=Ubuntu
DISTRIB_RELEASE=24.04
DISTRIB_CODENAME=noble
DISTRIB_DESCRIPTION="Ubuntu 24.04.1 LTS"
uname: Linux 6.8.0-51-generic #52-Ubuntu SMP PREEMPT_DYNAMIC Thu Dec  5 13:09:44 UTC 2024 x86_64
OS uptime: 14 days 21:58 hours
libc: glibc 2.39 NPTL 2.39 
rlimit (soft/hard): STACK 8192k/infinity , CORE 0k/infinity , NPROC 125013/125013 , NOFILE 1048576/1048576 , AS infinity/infinity , CPU infinity/infinity , DATA infinity/infinity , FSIZE infinity/infinity , MEMLOCK 4009328k/4009328k
load average: 0.53 0.18 0.16

/proc/meminfo:
MemTotal:       32074648 kB
MemFree:        18649296 kB
MemAvailable:   28440316 kB
Buffers:         1188552 kB
Cached:          8555516 kB
SwapCached:            0 kB
Active:          2004496 kB
Inactive:        7946720 kB
Active(anon):     218624 kB
Inactive(anon):        0 kB
Active(file):    1785872 kB
Inactive(file):  7946720 kB
Unevictable:           0 kB
Mlocked:               0 kB
SwapTotal:       8388604 kB
SwapFree:        8388604 kB
Zswap:                 0 kB
Zswapped:              0 kB
Dirty:              6328 kB
Writeback:           296 kB
AnonPages:        203880 kB
Mapped:           296044 kB
Shmem:             12204 kB
KReclaimable:     522896 kB
Slab:             858792 kB
SReclaimable:     522896 kB
SUnreclaim:       335896 kB
KernelStack:        7328 kB
PageTables:         5140 kB
SecPageTables:         0 kB
NFS_Unstable:          0 kB
Bounce:                0 kB
WritebackTmp:          0 kB
CommitLimit:    24425928 kB
Committed_AS:    1326492 kB
VmallocTotal:   34359738367 kB
VmallocUsed:      156780 kB
VmallocChunk:          0 kB
Percpu:            64832 kB
HardwareCorrupted:     0 kB
AnonHugePages:         0 kB
ShmemHugePages:        0 kB
ShmemPmdMapped:        0 kB
FileHugePages:         0 kB
FilePmdMapped:         0 kB
Unaccepted:            0 kB
HugePages_Total:       0
HugePages_Free:        0
HugePages_Rsvd:        0
HugePages_Surp:        0
Hugepagesize:       2048 kB
Hugetlb:               0 kB
DirectMap4k:     3406312 kB
DirectMap2M:    24109056 kB
DirectMap1G:     6291456 kB

/sys/kernel/mm/transparent_hugepage/enabled: always [madvise] never
/sys/kernel/mm/transparent_hugepage/hpage_pmd_size: 2097152
/sys/kernel/mm/transparent_hugepage/defrag (defrag/compaction efforts parameter): always defer defer+madvise [madvise] never

Process Memory:
Virtual Size: 16981104K (peak: 17174776K)
Resident Set Size: 302504K (peak: 302504K) (anon: 132688K, file: 161624K, shmem: 8192K)
Swapped out: 0K
C-Heap outstanding allocations: 65238K, retained: 4409K
glibc malloc tunables: (default)

/proc/sys/kernel/threads-max (system-wide limit on the number of threads): 250026
/proc/sys/vm/max_map_count (maximum number of memory map areas a process may have): 1048576
/proc/sys/vm/swappiness (control to define how aggressively the kernel swaps out anonymous memory): 60
/proc/sys/kernel/pid_max (system-wide limit on number of process identifiers): 4194304

container (cgroup) information:
container_type: cgroupv2
cpu_cpuset_cpus: not supported
cpu_memory_nodes: not supported
active_processor_count: 16
cpu_quota: not supported
cpu_period: not supported
cpu_shares: not supported
memory_limit_in_bytes: unlimited
memory_and_swap_limit_in_bytes: unlimited
memory_soft_limit_in_bytes: unlimited
memory_usage_in_bytes: 384964 k
memory_max_usage_in_bytes: not supported
memory_swap_current_in_bytes: unlimited
memory_swap_max_limit_in_bytes: unlimited
maximum number of tasks: 37503
current number of tasks: 24

Steal ticks since vm start: 0
Steal ticks percentage since vm start:  0.000

CPU: total 16 (initial active 16) (16 cores per cpu, 2 threads per core) family 25 model 68 stepping 1 microcode 0xa404101, cx8, cmov, fxsr, ht, mmx, 3dnowpref, sse, sse2, sse3, ssse3, sse4a, sse4.1, sse4.2, popcnt, lzcnt, tsc, tscinvbit, avx, avx2, aes, clmul, bmi1, bmi2, adx, sha, fma, vzeroupper, clflush, clflushopt, rdtscp, rdpid, f16c, pku, ospke, cet_ss
CPU Model and flags from /proc/cpuinfo:
model name	: AMD Ryzen 9 6900HS with Radeon Graphics
flags		: fpu vme de pse tsc msr pae mce cx8 apic sep mtrr pge mca cmov pat pse36 clflush mmx fxsr sse sse2 ht syscall nx mmxext fxsr_opt pdpe1gb rdtscp lm constant_tsc rep_good nopl nonstop_tsc cpuid extd_apicid aperfmperf rapl pni pclmulqdq monitor ssse3 fma cx16 sse4_1 sse4_2 x2apic movbe popcnt aes xsave avx f16c rdrand lahf_lm cmp_legacy svm extapic cr8_legacy abm sse4a misalignsse 3dnowprefetch osvw ibs skinit wdt tce topoext perfctr_core perfctr_nb bpext perfctr_llc mwaitx cpb cat_l3 cdp_l3 hw_pstate ssbd mba ibrs ibpb stibp vmmcall fsgsbase bmi1 avx2 smep bmi2 invpcid cqm rdt_a rdseed adx smap clflushopt clwb sha_ni xsaveopt xsavec xgetbv1 xsaves cqm_llc cqm_occup_llc cqm_mbm_total cqm_mbm_local user_shstk clzero irperf xsaveerptr rdpru wbnoinvd cppc arat npt lbrv svm_lock nrip_save tsc_scale vmcb_clean flushbyasid decodeassists pausefilter pfthreshold avic v_vmsave_vmload vgif v_spec_ctrl umip pku ospke vaes vpclmulqdq rdpid overflow_recov succor smca debug_swap

Online cpus: 0-15
Offline cpus: 
BIOS frequency limitation: <Not Available>
Frequency switch latency (ns): 0
Available cpu frequencies: <Not Available>
Current governor: powersave
Core performance/turbo boost: <Not Available>

Memory: 4k page, physical 32074648k(28440316k free), swap 8388604k(8388604k free)
Page Sizes: 4k

vm_info: OpenJDK 64-Bit Server VM (21.0.5+11-Ubuntu-1ubuntu124.04) for linux-amd64 JRE (21.0.5+11-Ubuntu-1ubuntu124.04), built on 2024-10-22T07:47:02Z by "buildd" with gcc 13.2.0

END.
