#
# A fatal error has been detected by the Java Runtime Environment:
#
#  SIGSEGV (0xb) at pc=0x00007554adc4b06e, pid=6667, tid=6671
#
# JRE version: OpenJDK Runtime Environment (21.0.4+7) (build 21.0.4+7-Ubuntu-1ubuntu224.04)
# Java VM: OpenJDK 64-Bit Server VM (21.0.4+7-Ubuntu-1ubuntu224.04, mixed mode, sharing, tiered, compressed oops, compressed class ptrs, g1 gc, linux-amd64)
# Problematic frame:
# C  [libcuda.so.1+0x24b06e]
#
# Core dump will be written. Default location: Core dumps may be processed with "/usr/share/apport/apport -p%p -s%s -c%c -d%d -P%P -u%u -g%g -- %E" (or dumping to /home/dov/projects/NeighborhoodPIG/core.6667)
#
# If you would like to submit a bug report, please visit:
#   https://bugs.launchpad.net/ubuntu/+source/openjdk-21
# The crash happened outside the Java Virtual Machine in native code.
# See problematic frame for where to report the bug.
#

---------------  S U M M A R Y ------------

Command Line: -Dfile.encoding=UTF-8 --module-path=/home/dov/projects/NeighborhoodPIG/build/classes main.NeighborhoodPIG

Host: AMD Ryzen 9 6900HS with Radeon Graphics, 16 cores, 30G, Ubuntu 24.04.1 LTS
Time: Tue Oct 29 12:03:04 2024 IST elapsed time: 0.377087 seconds (0d 0h 0m 0s)

---------------  T H R E A D  ---------------

Current thread (0x00007554e001a060):  JavaThread "main"             [_thread_in_native, id=6671, stack(0x00007554e7700000,0x00007554e7800000) (1024K)]

Stack: [0x00007554e7700000,0x00007554e7800000],  sp=0x00007554e77fe3e0,  free space=1016k
Native frames: (J=compiled Java code, j=interpreted, Vv=VM code, C=native code)
C  [libcuda.so.1+0x24b06e]
C  [libcuda.so.1+0x24b5f8]
C  [libcuda.so.1+0x2f19c3]
Java frames: (J=compiled Java code, j=interpreted, Vv=VM code)
j  jcuda.runtime.JCuda.cudaStreamSynchronizeNative(Ljcuda/runtime/cudaStream_t;)I+0
j  jcuda.runtime.JCuda.cudaStreamSynchronize(Ljcuda/runtime/cudaStream_t;)I+1
j  JCudaWrapper.resourceManagement.Handle.synch()V+4
j  main.Gradient.computeBoundaryGradients(LJCudaWrapper/algebra/Matrix;LJCudaWrapper/algebra/Matrix;LJCudaWrapper/algebra/Matrix;II)V+30
j  main.Gradient.<init>(LJCudaWrapper/algebra/Matrix;LJCudaWrapper/resourceManagement/Handle;)V+58
j  main.NeighborhoodPIG.<init>(Ljava/lang/String;I)V+26
j  main.NeighborhoodPIG.main([Ljava/lang/String;)V+7
v  ~StubRoutines::call_stub 0x00007554cfc5fcc6

siginfo: si_signo: 11 (SIGSEGV), si_code: 1 (SEGV_MAPERR), si_addr: 0x000001005c00046c

Registers:
RAX=0x00007554e06790d0, RBX=0x00007554e77fe4f8, RCX=0x0000000000000002, RDX=0x00007554e0516520
RSP=0x00007554e77fe3e0, RBP=0x00007554e77fe440, RSI=0x0000000000000000, RDI=0x00007554e06790d0
R8 =0x00007554e77fe478, R9 =0x0000000000000000, R10=0x00007554e0516520, R11=0x000001005c000084
R12=0x00007554e77fe478, R13=0x00007554e06790d0, R14=0x00007554e77fe708, R15=0x00007554e001a060
RIP=0x00007554adc4b06e, EFLAGS=0x0000000000010206, CSGSFS=0x002b000000000033, ERR=0x0000000000000004
  TRAPNO=0x000000000000000e


Register to memory mapping:

RAX=0x00007554e06790d0 points into unknown readable memory: 0x00007554e0657470 | 70 74 65 e0 54 75 00 00
RBX=0x00007554e77fe4f8 is pointing into the stack for thread: 0x00007554e001a060
RCX=0x0000000000000002 is an unknown value
RDX=0x00007554e0516520 points into unknown readable memory: 0x000001005c000084 | 84 00 00 5c 00 01 00 00
RSP=0x00007554e77fe3e0 is pointing into the stack for thread: 0x00007554e001a060
RBP=0x00007554e77fe440 is pointing into the stack for thread: 0x00007554e001a060
RSI=0x0 is null
RDI=0x00007554e06790d0 points into unknown readable memory: 0x00007554e0657470 | 70 74 65 e0 54 75 00 00
R8 =0x00007554e77fe478 is pointing into the stack for thread: 0x00007554e001a060
R9 =0x0 is null
R10=0x00007554e0516520 points into unknown readable memory: 0x000001005c000084 | 84 00 00 5c 00 01 00 00
R11=0x000001005c000084 is an unknown value
R12=0x00007554e77fe478 is pointing into the stack for thread: 0x00007554e001a060
R13=0x00007554e06790d0 points into unknown readable memory: 0x00007554e0657470 | 70 74 65 e0 54 75 00 00
R14=0x00007554e77fe708 is pointing into the stack for thread: 0x00007554e001a060
R15=0x00007554e001a060 is a thread

Top of Stack: (sp=0x00007554e77fe3e0)
0x00007554e77fe3e0:   0000000000000000 0000000000000010
0x00007554e77fe3f0:   0000000000000000 0000000635004d40
0x00007554e77fe400:   00007554e77fe400 000075546388a960
0x00007554e77fe410:   0000000000000003 00007554e77fe4f8
0x00007554e77fe420:   0000000000000000 00007554e77fe4f0
0x00007554e77fe430:   00007554e77fe708 00007554e001a060
0x00007554e77fe440:   00007554e77fe4b0 00007554adc4b5f8
0x00007554e77fe450:   00007554e77fe550 00007554e837467b
0x00007554e77fe460:   0000000635004d40 00007554e77fe468
0x00007554e77fe470:   000075546388c416 0000000000000000
0x00007554e77fe480:   00007554e77fe4c0 0000000000000000
0x00007554e77fe490:   00007554e0516520 0000755458485b78
0x00007554e77fe4a0:   00007554e77fe708 00007554e001a060
0x00007554e77fe4b0:   00007554e77fe580 00007554adcf19c3
0x00007554e77fe4c0:   00007554e77fe510 00007554adb79a02
0x00007554e77fe4d0:   000003e7350092f0 0000000000000000
0x00007554e77fe4e0:   0000000000000000 00007554e06790d0
0x00007554e77fe4f0:   0000000000000000 0000000000000000
0x00007554e77fe500:   0000000000000001 00007554e77fe708
0x00007554e77fe510:   00007554e77fe578 000075544ba550b6
0x00007554e77fe520:   00007554e77fe580 00007554e77fe5e0
0x00007554e77fe530:   00007554e001ac60 00007554e157f8e0
0x00007554e77fe540:   00007554e77fe5c0 00007554e1557af0
0x00007554e77fe550:   00007554e0516520 0000000000000000
0x00007554e77fe560:   0000755458485b78 000075544ba4a8af
0x00007554e77fe570:   00007554e77fe5c0 0000000000000000
0x00007554e77fe580:   00007554e0516520 000075544ba26dc0
0x00007554e77fe590:   00007554584c88f8 000075544ba90759
0x00007554e77fe5a0:   00007554e001ac60 00007554e1557af0
0x00007554e77fe5b0:   00007554e0516520 000075544ba83ec8
0x00007554e77fe5c0:   00007554e77fe708 0000000000000006
0x00007554e77fe5d0:   0000000000000002 0000000000000001 

Instructions: (pc=0x00007554adc4b06e)
0x00007554adc4af6e:   f6 c2 10 75 ba 83 e2 08 b8 8a 03 00 00 75 da 48
0x00007554adc4af7e:   8b 59 08 4c 8d 63 08 4c 89 e7 e8 23 3a e9 ff 48
0x00007554adc4af8e:   8b 5b 38 48 85 db 74 2d 66 2e 0f 1f 84 00 00 00
0x00007554adc4af9e:   00 00 48 8b bb e8 03 00 00 48 85 ff 74 0b f6 43
0x00007554adc4afae:   50 04 74 05 e8 c9 9a 29 00 48 8b 9b 58 01 00 00
0x00007554adc4afbe:   48 85 db 75 dd 4c 89 e7 e8 15 35 e9 ff b8 8a 03
0x00007554adc4afce:   00 00 eb 85 66 0f 1f 44 00 00 83 f8 02 ba 91 01
0x00007554adc4afde:   00 00 b8 00 00 00 00 5b 0f 44 c2 41 5c 5d c3 0f
0x00007554adc4afee:   1f 00 e8 8b 9a 29 00 b8 84 03 00 00 e9 58 ff ff
0x00007554adc4affe:   ff 90 55 48 89 e5 41 57 41 56 41 55 49 89 fd 41
0x00007554adc4b00e:   54 4d 89 c4 53 48 83 ec 38 49 c7 00 00 00 00 00
0x00007554adc4b01e:   48 85 f6 0f 84 b9 00 00 00 44 8b 0e 41 ba 00 00
0x00007554adc4b02e:   00 00 48 89 f3 45 85 c9 4c 0f 45 d6 48 83 fa 02
0x00007554adc4b03e:   77 20 48 85 d2 74 5b 48 83 fa 02 0f 85 81 00 00
0x00007554adc4b04e:   00 4d 85 d2 0f 84 a8 00 00 00 41 b8 90 01 00 00
0x00007554adc4b05e:   eb 28 4c 8b 1a 4d 85 db 74 f0 49 39 5b 10 75 ea
0x00007554adc4b06e:   49 83 bb e8 03 00 00 00 75 09 4d 85 ed 0f 85 57
0x00007554adc4b07e:   01 00 00 4d 89 1c 24 45 31 c0 48 8d 65 d8 44 89
0x00007554adc4b08e:   c0 5b 41 5c 41 5d 41 5e 41 5f 5d c3 66 0f 1f 44
0x00007554adc4b09e:   00 00 83 f9 02 0f 84 27 02 00 00 83 f9 03 0f 84
0x00007554adc4b0ae:   06 02 00 00 83 f9 01 0f 84 e5 01 00 00 0f b6 05
0x00007554adc4b0be:   66 ac 91 01 c0 e8 03 83 e0 01 84 c0 0f 85 7f ff
0x00007554adc4b0ce:   ff ff 4d 85 d2 0f 84 ef 00 00 00 4d 8b 5a 68 eb
0x00007554adc4b0de:   84 90 48 83 fa 02 0f 86 6e ff ff ff 4c 8b 1a 4d
0x00007554adc4b0ee:   85 db 0f 85 78 ff ff ff e9 5d ff ff ff 0f 1f 44
0x00007554adc4b0fe:   00 00 4d 8b 5d 18 4d 85 db 74 0d 8b 43 38 41 39
0x00007554adc4b10e:   45 20 0f 84 9f 00 00 00 4c 8d b3 a0 03 00 00 4c
0x00007554adc4b11e:   89 55 a8 4d 8b 7d 10 4c 89 f7 e8 83 38 e9 ff 4c
0x00007554adc4b12e:   8b 9b c8 03 00 00 45 31 c0 4c 89 fe 4c 89 c2 41
0x00007554adc4b13e:   8b 3b 4c 89 5d b0 89 7d b8 e8 14 72 0d 00 4c 8b
0x00007554adc4b14e:   5d b0 48 83 ec 08 8b 7d b8 45 31 c0 41 89 c1 4c
0x00007554adc4b15e:   89 f9 49 8b 53 10 41 8b 73 0c 6a 00 e8 21 ee 2a 


Stack slot to memory mapping:

stack at sp + 0 slots: 0x0 is null
stack at sp + 1 slots: 0x0000000000000010 is an unknown value
stack at sp + 2 slots: 0x0 is null
stack at sp + 3 slots: 0x0000000635004d40 is an oop: java.util.concurrent.locks.ReentrantLock$NonfairSync 
{0x0000000635004d40} - klass: 'java/util/concurrent/locks/ReentrantLock$NonfairSync'
 - ---- fields (total size 4 words):
 - private transient 'exclusiveOwnerThread' 'Ljava/lang/Thread;' @12  null (0x00000000)
 - private volatile 'state' 'I' @16  0 (0x00000000)
 - private volatile transient 'head' 'Ljava/util/concurrent/locks/AbstractQueuedSynchronizer$Node;' @20  null (0x00000000)
 - private volatile transient 'tail' 'Ljava/util/concurrent/locks/AbstractQueuedSynchronizer$Node;' @24  null (0x00000000)
stack at sp + 4 slots: 0x00007554e77fe400 is pointing into the stack for thread: 0x00007554e001a060
stack at sp + 5 slots: 0x000075546388a960 is pointing into metadata
stack at sp + 6 slots: 0x0000000000000003 is an unknown value
stack at sp + 7 slots: 0x00007554e77fe4f8 is pointing into the stack for thread: 0x00007554e001a060


---------------  P R O C E S S  ---------------

Threads class SMR info:
_java_thread_list=0x00007554e1580620, length=14, elements={
0x00007554e001a060, 0x00007554e0138d50, 0x00007554e013a3e0, 0x00007554e013beb0,
0x00007554e013d500, 0x00007554e013eab0, 0x00007554e0140680, 0x00007554e0141d50,
0x00007554e0160f60, 0x000075542806fb60, 0x0000755428070f90, 0x00007554e019cf10,
0x00007554e02aa2b0, 0x00007554e1580fa0
}

Java Threads: ( => current thread )
=>0x00007554e001a060 JavaThread "main"                              [_thread_in_native, id=6671, stack(0x00007554e7700000,0x00007554e7800000) (1024K)]
  0x00007554e0138d50 JavaThread "Reference Handler"          daemon [_thread_blocked, id=6679, stack(0x00007554b9bfd000,0x00007554b9cfd000) (1024K)]
  0x00007554e013a3e0 JavaThread "Finalizer"                  daemon [_thread_blocked, id=6680, stack(0x00007554b8d00000,0x00007554b8e00000) (1024K)]
  0x00007554e013beb0 JavaThread "Signal Dispatcher"          daemon [_thread_blocked, id=6681, stack(0x00007554b8c00000,0x00007554b8d00000) (1024K)]
  0x00007554e013d500 JavaThread "Service Thread"             daemon [_thread_blocked, id=6682, stack(0x00007554b8b00000,0x00007554b8c00000) (1024K)]
  0x00007554e013eab0 JavaThread "Monitor Deflation Thread"   daemon [_thread_blocked, id=6683, stack(0x00007554b8a00000,0x00007554b8b00000) (1024K)]
  0x00007554e0140680 JavaThread "C2 CompilerThread0"         daemon [_thread_blocked, id=6684, stack(0x00007554b8900000,0x00007554b8a00000) (1024K)]
  0x00007554e0141d50 JavaThread "C1 CompilerThread0"         daemon [_thread_blocked, id=6685, stack(0x00007554b8800000,0x00007554b8900000) (1024K)]
  0x00007554e0160f60 JavaThread "Common-Cleaner"             daemon [_thread_blocked, id=6686, stack(0x00007554b8700000,0x00007554b8800000) (1024K)]
  0x000075542806fb60 JavaThread "C1 CompilerThread1"         daemon [_thread_blocked, id=6687, stack(0x00007554b8600000,0x00007554b8700000) (1024K)]
  0x0000755428070f90 JavaThread "C1 CompilerThread2"         daemon [_thread_blocked, id=6688, stack(0x00007554b8500000,0x00007554b8600000) (1024K)]
  0x00007554e019cf10 JavaThread "Notification Thread"        daemon [_thread_blocked, id=6689, stack(0x00007554b8400000,0x00007554b8500000) (1024K)]
  0x00007554e02aa2b0 JavaThread "Java2D Disposer"            daemon [_thread_blocked, id=6692, stack(0x00007554aff00000,0x00007554b0000000) (1024K)]
  0x00007554e1580fa0 JavaThread "pool-1-thread-1"            daemon [_thread_blocked, id=6699, stack(0x00007554b8300000,0x00007554b8400000) (1024K)]
Total: 14

Other Threads:
  0x00007554e012ba00 VMThread "VM Thread"                           [id=6678, stack(0x00007554b9cfe000,0x00007554b9dfe000) (1024K)]
  0x00007554e0111250 WatcherThread "VM Periodic Task Thread"        [id=6677, stack(0x00007554b9dff000,0x00007554b9eff000) (1024K)]
  0x00007554e0045400 WorkerThread "GC Thread#0"                     [id=6672, stack(0x00007554e6421000,0x00007554e6521000) (1024K)]
  0x00007554e0055f00 ConcurrentGCThread "G1 Main Marker"            [id=6673, stack(0x00007554e4300000,0x00007554e4400000) (1024K)]
  0x00007554e0056eb0 WorkerThread "G1 Conc#0"                       [id=6674, stack(0x00007554e41ff000,0x00007554e42ff000) (1024K)]
  0x00007554e00feac0 ConcurrentGCThread "G1 Refine#0"               [id=6675, stack(0x00007554c00f6000,0x00007554c01f6000) (1024K)]
  0x00007554e00ffa80 ConcurrentGCThread "G1 Service"                [id=6676, stack(0x00007554b9f00000,0x00007554ba000000) (1024K)]
Total: 7

Threads with active compile tasks:
Total: 0

VM state: not at safepoint (normal execution)

VM Mutex/Monitor currently owned by a thread: None

Heap address: 0x0000000616800000, size: 7832 MB, Compressed Oops mode: Zero based, Oop shift amount: 3

CDS archive(s) mapped at: [0x0000755463000000-0x0000755463cae000-0x0000755463cae000), size 13295616, SharedBaseAddress: 0x0000755463000000, ArchiveRelocationMode: 1.
Compressed class space mapped at: 0x0000755464000000-0x00007554a4000000, reserved size: 1073741824
Narrow klass base: 0x0000755463000000, Narrow klass shift: 0, Narrow klass range: 0x100000000

GC Precious Log:
 CardTable entry size: 512
 Card Set container configuration: InlinePtr #cards 4 size 8 Array Of Cards #cards 32 size 80 Howl #buckets 8 coarsen threshold 7372 Howl Bitmap #cards 1024 size 144 coarsen threshold 921 Card regions per heap region 1 cards per card region 8192
 CPUs: 16 total, 16 available
 Memory: 31322M
 Large Page Support: Disabled
 NUMA Support: Disabled
 Compressed Oops: Enabled (Zero based)
 Heap Region Size: 4M
 Heap Min Capacity: 8M
 Heap Initial Capacity: 492M
 Heap Max Capacity: 7832M
 Pre-touch: Disabled
 Parallel Workers: 13
 Concurrent Workers: 3
 Concurrent Refinement Workers: 13
 Periodic GC: Disabled

Heap:
 garbage-first heap   total 507904K, used 37918K [0x0000000616800000, 0x0000000800000000)
  region size 4096K, 4 young (16384K), 0 survivors (0K)
 Metaspace       used 4498K, committed 4608K, reserved 1114112K
  class space    used 395K, committed 448K, reserved 1048576K

Heap Regions: E=young(eden), S=young(survivor), O=old, HS=humongous(starts), HC=humongous(continues), CS=collection set, F=free, TAMS=top-at-mark-start, PB=parsable bottom
|   0|0x0000000616800000, 0x0000000616c00000, 0x0000000616c00000|100%|HS|  |TAMS 0x0000000616800000| PB 0x0000000616800000| Complete 
|   1|0x0000000616c00000, 0x0000000617000000, 0x0000000617000000|100%|HC|  |TAMS 0x0000000616c00000| PB 0x0000000616c00000| Complete 
|   2|0x0000000617000000, 0x0000000617400000, 0x0000000617400000|100%|HS|  |TAMS 0x0000000617000000| PB 0x0000000617000000| Complete 
|   3|0x0000000617400000, 0x0000000617800000, 0x0000000617800000|100%|HC|  |TAMS 0x0000000617400000| PB 0x0000000617400000| Complete 
|   4|0x0000000617800000, 0x0000000617c00000, 0x0000000617c00000|100%|HC|  |TAMS 0x0000000617800000| PB 0x0000000617800000| Complete 
|   5|0x0000000617c00000, 0x0000000618000000, 0x0000000618000000|100%|HC|  |TAMS 0x0000000617c00000| PB 0x0000000617c00000| Complete 
|   6|0x0000000618000000, 0x0000000618000000, 0x0000000618400000|  0%| F|  |TAMS 0x0000000618000000| PB 0x0000000618000000| Untracked 
|   7|0x0000000618400000, 0x0000000618400000, 0x0000000618800000|  0%| F|  |TAMS 0x0000000618400000| PB 0x0000000618400000| Untracked 
|   8|0x0000000618800000, 0x0000000618800000, 0x0000000618c00000|  0%| F|  |TAMS 0x0000000618800000| PB 0x0000000618800000| Untracked 
|   9|0x0000000618c00000, 0x0000000618c00000, 0x0000000619000000|  0%| F|  |TAMS 0x0000000618c00000| PB 0x0000000618c00000| Untracked 
|  10|0x0000000619000000, 0x0000000619000000, 0x0000000619400000|  0%| F|  |TAMS 0x0000000619000000| PB 0x0000000619000000| Untracked 
|  11|0x0000000619400000, 0x0000000619400000, 0x0000000619800000|  0%| F|  |TAMS 0x0000000619400000| PB 0x0000000619400000| Untracked 
|  12|0x0000000619800000, 0x0000000619800000, 0x0000000619c00000|  0%| F|  |TAMS 0x0000000619800000| PB 0x0000000619800000| Untracked 
|  13|0x0000000619c00000, 0x0000000619c00000, 0x000000061a000000|  0%| F|  |TAMS 0x0000000619c00000| PB 0x0000000619c00000| Untracked 
|  14|0x000000061a000000, 0x000000061a000000, 0x000000061a400000|  0%| F|  |TAMS 0x000000061a000000| PB 0x000000061a000000| Untracked 
|  15|0x000000061a400000, 0x000000061a400000, 0x000000061a800000|  0%| F|  |TAMS 0x000000061a400000| PB 0x000000061a400000| Untracked 
|  16|0x000000061a800000, 0x000000061a800000, 0x000000061ac00000|  0%| F|  |TAMS 0x000000061a800000| PB 0x000000061a800000| Untracked 
|  17|0x000000061ac00000, 0x000000061ac00000, 0x000000061b000000|  0%| F|  |TAMS 0x000000061ac00000| PB 0x000000061ac00000| Untracked 
|  18|0x000000061b000000, 0x000000061b000000, 0x000000061b400000|  0%| F|  |TAMS 0x000000061b000000| PB 0x000000061b000000| Untracked 
|  19|0x000000061b400000, 0x000000061b400000, 0x000000061b800000|  0%| F|  |TAMS 0x000000061b400000| PB 0x000000061b400000| Untracked 
|  20|0x000000061b800000, 0x000000061b800000, 0x000000061bc00000|  0%| F|  |TAMS 0x000000061b800000| PB 0x000000061b800000| Untracked 
|  21|0x000000061bc00000, 0x000000061bc00000, 0x000000061c000000|  0%| F|  |TAMS 0x000000061bc00000| PB 0x000000061bc00000| Untracked 
|  22|0x000000061c000000, 0x000000061c000000, 0x000000061c400000|  0%| F|  |TAMS 0x000000061c000000| PB 0x000000061c000000| Untracked 
|  23|0x000000061c400000, 0x000000061c400000, 0x000000061c800000|  0%| F|  |TAMS 0x000000061c400000| PB 0x000000061c400000| Untracked 
|  24|0x000000061c800000, 0x000000061c800000, 0x000000061cc00000|  0%| F|  |TAMS 0x000000061c800000| PB 0x000000061c800000| Untracked 
|  25|0x000000061cc00000, 0x000000061cc00000, 0x000000061d000000|  0%| F|  |TAMS 0x000000061cc00000| PB 0x000000061cc00000| Untracked 
|  26|0x000000061d000000, 0x000000061d000000, 0x000000061d400000|  0%| F|  |TAMS 0x000000061d000000| PB 0x000000061d000000| Untracked 
|  27|0x000000061d400000, 0x000000061d400000, 0x000000061d800000|  0%| F|  |TAMS 0x000000061d400000| PB 0x000000061d400000| Untracked 
|  28|0x000000061d800000, 0x000000061d800000, 0x000000061dc00000|  0%| F|  |TAMS 0x000000061d800000| PB 0x000000061d800000| Untracked 
|  29|0x000000061dc00000, 0x000000061dc00000, 0x000000061e000000|  0%| F|  |TAMS 0x000000061dc00000| PB 0x000000061dc00000| Untracked 
|  30|0x000000061e000000, 0x000000061e000000, 0x000000061e400000|  0%| F|  |TAMS 0x000000061e000000| PB 0x000000061e000000| Untracked 
|  31|0x000000061e400000, 0x000000061e400000, 0x000000061e800000|  0%| F|  |TAMS 0x000000061e400000| PB 0x000000061e400000| Untracked 
|  32|0x000000061e800000, 0x000000061e800000, 0x000000061ec00000|  0%| F|  |TAMS 0x000000061e800000| PB 0x000000061e800000| Untracked 
|  33|0x000000061ec00000, 0x000000061ec00000, 0x000000061f000000|  0%| F|  |TAMS 0x000000061ec00000| PB 0x000000061ec00000| Untracked 
|  34|0x000000061f000000, 0x000000061f000000, 0x000000061f400000|  0%| F|  |TAMS 0x000000061f000000| PB 0x000000061f000000| Untracked 
|  35|0x000000061f400000, 0x000000061f400000, 0x000000061f800000|  0%| F|  |TAMS 0x000000061f400000| PB 0x000000061f400000| Untracked 
|  36|0x000000061f800000, 0x000000061f800000, 0x000000061fc00000|  0%| F|  |TAMS 0x000000061f800000| PB 0x000000061f800000| Untracked 
|  37|0x000000061fc00000, 0x000000061fc00000, 0x0000000620000000|  0%| F|  |TAMS 0x000000061fc00000| PB 0x000000061fc00000| Untracked 
|  38|0x0000000620000000, 0x0000000620000000, 0x0000000620400000|  0%| F|  |TAMS 0x0000000620000000| PB 0x0000000620000000| Untracked 
|  39|0x0000000620400000, 0x0000000620400000, 0x0000000620800000|  0%| F|  |TAMS 0x0000000620400000| PB 0x0000000620400000| Untracked 
|  40|0x0000000620800000, 0x0000000620800000, 0x0000000620c00000|  0%| F|  |TAMS 0x0000000620800000| PB 0x0000000620800000| Untracked 
|  41|0x0000000620c00000, 0x0000000620c00000, 0x0000000621000000|  0%| F|  |TAMS 0x0000000620c00000| PB 0x0000000620c00000| Untracked 
|  42|0x0000000621000000, 0x0000000621000000, 0x0000000621400000|  0%| F|  |TAMS 0x0000000621000000| PB 0x0000000621000000| Untracked 
|  43|0x0000000621400000, 0x0000000621400000, 0x0000000621800000|  0%| F|  |TAMS 0x0000000621400000| PB 0x0000000621400000| Untracked 
|  44|0x0000000621800000, 0x0000000621800000, 0x0000000621c00000|  0%| F|  |TAMS 0x0000000621800000| PB 0x0000000621800000| Untracked 
|  45|0x0000000621c00000, 0x0000000621c00000, 0x0000000622000000|  0%| F|  |TAMS 0x0000000621c00000| PB 0x0000000621c00000| Untracked 
|  46|0x0000000622000000, 0x0000000622000000, 0x0000000622400000|  0%| F|  |TAMS 0x0000000622000000| PB 0x0000000622000000| Untracked 
|  47|0x0000000622400000, 0x0000000622400000, 0x0000000622800000|  0%| F|  |TAMS 0x0000000622400000| PB 0x0000000622400000| Untracked 
|  48|0x0000000622800000, 0x0000000622800000, 0x0000000622c00000|  0%| F|  |TAMS 0x0000000622800000| PB 0x0000000622800000| Untracked 
|  49|0x0000000622c00000, 0x0000000622c00000, 0x0000000623000000|  0%| F|  |TAMS 0x0000000622c00000| PB 0x0000000622c00000| Untracked 
|  50|0x0000000623000000, 0x0000000623000000, 0x0000000623400000|  0%| F|  |TAMS 0x0000000623000000| PB 0x0000000623000000| Untracked 
|  51|0x0000000623400000, 0x0000000623400000, 0x0000000623800000|  0%| F|  |TAMS 0x0000000623400000| PB 0x0000000623400000| Untracked 
|  52|0x0000000623800000, 0x0000000623800000, 0x0000000623c00000|  0%| F|  |TAMS 0x0000000623800000| PB 0x0000000623800000| Untracked 
|  53|0x0000000623c00000, 0x0000000623c00000, 0x0000000624000000|  0%| F|  |TAMS 0x0000000623c00000| PB 0x0000000623c00000| Untracked 
|  54|0x0000000624000000, 0x0000000624000000, 0x0000000624400000|  0%| F|  |TAMS 0x0000000624000000| PB 0x0000000624000000| Untracked 
|  55|0x0000000624400000, 0x0000000624400000, 0x0000000624800000|  0%| F|  |TAMS 0x0000000624400000| PB 0x0000000624400000| Untracked 
|  56|0x0000000624800000, 0x0000000624800000, 0x0000000624c00000|  0%| F|  |TAMS 0x0000000624800000| PB 0x0000000624800000| Untracked 
|  57|0x0000000624c00000, 0x0000000624c00000, 0x0000000625000000|  0%| F|  |TAMS 0x0000000624c00000| PB 0x0000000624c00000| Untracked 
|  58|0x0000000625000000, 0x0000000625000000, 0x0000000625400000|  0%| F|  |TAMS 0x0000000625000000| PB 0x0000000625000000| Untracked 
|  59|0x0000000625400000, 0x0000000625400000, 0x0000000625800000|  0%| F|  |TAMS 0x0000000625400000| PB 0x0000000625400000| Untracked 
|  60|0x0000000625800000, 0x0000000625800000, 0x0000000625c00000|  0%| F|  |TAMS 0x0000000625800000| PB 0x0000000625800000| Untracked 
|  61|0x0000000625c00000, 0x0000000625c00000, 0x0000000626000000|  0%| F|  |TAMS 0x0000000625c00000| PB 0x0000000625c00000| Untracked 
|  62|0x0000000626000000, 0x0000000626000000, 0x0000000626400000|  0%| F|  |TAMS 0x0000000626000000| PB 0x0000000626000000| Untracked 
|  63|0x0000000626400000, 0x0000000626400000, 0x0000000626800000|  0%| F|  |TAMS 0x0000000626400000| PB 0x0000000626400000| Untracked 
|  64|0x0000000626800000, 0x0000000626800000, 0x0000000626c00000|  0%| F|  |TAMS 0x0000000626800000| PB 0x0000000626800000| Untracked 
|  65|0x0000000626c00000, 0x0000000626c00000, 0x0000000627000000|  0%| F|  |TAMS 0x0000000626c00000| PB 0x0000000626c00000| Untracked 
|  66|0x0000000627000000, 0x0000000627000000, 0x0000000627400000|  0%| F|  |TAMS 0x0000000627000000| PB 0x0000000627000000| Untracked 
|  67|0x0000000627400000, 0x0000000627400000, 0x0000000627800000|  0%| F|  |TAMS 0x0000000627400000| PB 0x0000000627400000| Untracked 
|  68|0x0000000627800000, 0x0000000627800000, 0x0000000627c00000|  0%| F|  |TAMS 0x0000000627800000| PB 0x0000000627800000| Untracked 
|  69|0x0000000627c00000, 0x0000000627c00000, 0x0000000628000000|  0%| F|  |TAMS 0x0000000627c00000| PB 0x0000000627c00000| Untracked 
|  70|0x0000000628000000, 0x0000000628000000, 0x0000000628400000|  0%| F|  |TAMS 0x0000000628000000| PB 0x0000000628000000| Untracked 
|  71|0x0000000628400000, 0x0000000628400000, 0x0000000628800000|  0%| F|  |TAMS 0x0000000628400000| PB 0x0000000628400000| Untracked 
|  72|0x0000000628800000, 0x0000000628800000, 0x0000000628c00000|  0%| F|  |TAMS 0x0000000628800000| PB 0x0000000628800000| Untracked 
|  73|0x0000000628c00000, 0x0000000628c00000, 0x0000000629000000|  0%| F|  |TAMS 0x0000000628c00000| PB 0x0000000628c00000| Untracked 
|  74|0x0000000629000000, 0x0000000629000000, 0x0000000629400000|  0%| F|  |TAMS 0x0000000629000000| PB 0x0000000629000000| Untracked 
|  75|0x0000000629400000, 0x0000000629400000, 0x0000000629800000|  0%| F|  |TAMS 0x0000000629400000| PB 0x0000000629400000| Untracked 
|  76|0x0000000629800000, 0x0000000629800000, 0x0000000629c00000|  0%| F|  |TAMS 0x0000000629800000| PB 0x0000000629800000| Untracked 
|  77|0x0000000629c00000, 0x0000000629c00000, 0x000000062a000000|  0%| F|  |TAMS 0x0000000629c00000| PB 0x0000000629c00000| Untracked 
|  78|0x000000062a000000, 0x000000062a000000, 0x000000062a400000|  0%| F|  |TAMS 0x000000062a000000| PB 0x000000062a000000| Untracked 
|  79|0x000000062a400000, 0x000000062a400000, 0x000000062a800000|  0%| F|  |TAMS 0x000000062a400000| PB 0x000000062a400000| Untracked 
|  80|0x000000062a800000, 0x000000062a800000, 0x000000062ac00000|  0%| F|  |TAMS 0x000000062a800000| PB 0x000000062a800000| Untracked 
|  81|0x000000062ac00000, 0x000000062ac00000, 0x000000062b000000|  0%| F|  |TAMS 0x000000062ac00000| PB 0x000000062ac00000| Untracked 
|  82|0x000000062b000000, 0x000000062b000000, 0x000000062b400000|  0%| F|  |TAMS 0x000000062b000000| PB 0x000000062b000000| Untracked 
|  83|0x000000062b400000, 0x000000062b400000, 0x000000062b800000|  0%| F|  |TAMS 0x000000062b400000| PB 0x000000062b400000| Untracked 
|  84|0x000000062b800000, 0x000000062b800000, 0x000000062bc00000|  0%| F|  |TAMS 0x000000062b800000| PB 0x000000062b800000| Untracked 
|  85|0x000000062bc00000, 0x000000062bc00000, 0x000000062c000000|  0%| F|  |TAMS 0x000000062bc00000| PB 0x000000062bc00000| Untracked 
|  86|0x000000062c000000, 0x000000062c000000, 0x000000062c400000|  0%| F|  |TAMS 0x000000062c000000| PB 0x000000062c000000| Untracked 
|  87|0x000000062c400000, 0x000000062c400000, 0x000000062c800000|  0%| F|  |TAMS 0x000000062c400000| PB 0x000000062c400000| Untracked 
|  88|0x000000062c800000, 0x000000062c800000, 0x000000062cc00000|  0%| F|  |TAMS 0x000000062c800000| PB 0x000000062c800000| Untracked 
|  89|0x000000062cc00000, 0x000000062cc00000, 0x000000062d000000|  0%| F|  |TAMS 0x000000062cc00000| PB 0x000000062cc00000| Untracked 
|  90|0x000000062d000000, 0x000000062d000000, 0x000000062d400000|  0%| F|  |TAMS 0x000000062d000000| PB 0x000000062d000000| Untracked 
|  91|0x000000062d400000, 0x000000062d400000, 0x000000062d800000|  0%| F|  |TAMS 0x000000062d400000| PB 0x000000062d400000| Untracked 
|  92|0x000000062d800000, 0x000000062d800000, 0x000000062dc00000|  0%| F|  |TAMS 0x000000062d800000| PB 0x000000062d800000| Untracked 
|  93|0x000000062dc00000, 0x000000062dc00000, 0x000000062e000000|  0%| F|  |TAMS 0x000000062dc00000| PB 0x000000062dc00000| Untracked 
|  94|0x000000062e000000, 0x000000062e000000, 0x000000062e400000|  0%| F|  |TAMS 0x000000062e000000| PB 0x000000062e000000| Untracked 
|  95|0x000000062e400000, 0x000000062e400000, 0x000000062e800000|  0%| F|  |TAMS 0x000000062e400000| PB 0x000000062e400000| Untracked 
|  96|0x000000062e800000, 0x000000062e800000, 0x000000062ec00000|  0%| F|  |TAMS 0x000000062e800000| PB 0x000000062e800000| Untracked 
|  97|0x000000062ec00000, 0x000000062ec00000, 0x000000062f000000|  0%| F|  |TAMS 0x000000062ec00000| PB 0x000000062ec00000| Untracked 
|  98|0x000000062f000000, 0x000000062f000000, 0x000000062f400000|  0%| F|  |TAMS 0x000000062f000000| PB 0x000000062f000000| Untracked 
|  99|0x000000062f400000, 0x000000062f400000, 0x000000062f800000|  0%| F|  |TAMS 0x000000062f400000| PB 0x000000062f400000| Untracked 
| 100|0x000000062f800000, 0x000000062f800000, 0x000000062fc00000|  0%| F|  |TAMS 0x000000062f800000| PB 0x000000062f800000| Untracked 
| 101|0x000000062fc00000, 0x000000062fc00000, 0x0000000630000000|  0%| F|  |TAMS 0x000000062fc00000| PB 0x000000062fc00000| Untracked 
| 102|0x0000000630000000, 0x0000000630000000, 0x0000000630400000|  0%| F|  |TAMS 0x0000000630000000| PB 0x0000000630000000| Untracked 
| 103|0x0000000630400000, 0x0000000630400000, 0x0000000630800000|  0%| F|  |TAMS 0x0000000630400000| PB 0x0000000630400000| Untracked 
| 104|0x0000000630800000, 0x0000000630800000, 0x0000000630c00000|  0%| F|  |TAMS 0x0000000630800000| PB 0x0000000630800000| Untracked 
| 105|0x0000000630c00000, 0x0000000630c00000, 0x0000000631000000|  0%| F|  |TAMS 0x0000000630c00000| PB 0x0000000630c00000| Untracked 
| 106|0x0000000631000000, 0x0000000631000000, 0x0000000631400000|  0%| F|  |TAMS 0x0000000631000000| PB 0x0000000631000000| Untracked 
| 107|0x0000000631400000, 0x0000000631400000, 0x0000000631800000|  0%| F|  |TAMS 0x0000000631400000| PB 0x0000000631400000| Untracked 
| 108|0x0000000631800000, 0x0000000631800000, 0x0000000631c00000|  0%| F|  |TAMS 0x0000000631800000| PB 0x0000000631800000| Untracked 
| 109|0x0000000631c00000, 0x0000000631c00000, 0x0000000632000000|  0%| F|  |TAMS 0x0000000631c00000| PB 0x0000000631c00000| Untracked 
| 110|0x0000000632000000, 0x0000000632000000, 0x0000000632400000|  0%| F|  |TAMS 0x0000000632000000| PB 0x0000000632000000| Untracked 
| 111|0x0000000632400000, 0x0000000632400000, 0x0000000632800000|  0%| F|  |TAMS 0x0000000632400000| PB 0x0000000632400000| Untracked 
| 112|0x0000000632800000, 0x0000000632800000, 0x0000000632c00000|  0%| F|  |TAMS 0x0000000632800000| PB 0x0000000632800000| Untracked 
| 113|0x0000000632c00000, 0x0000000632c00000, 0x0000000633000000|  0%| F|  |TAMS 0x0000000632c00000| PB 0x0000000632c00000| Untracked 
| 114|0x0000000633000000, 0x0000000633000000, 0x0000000633400000|  0%| F|  |TAMS 0x0000000633000000| PB 0x0000000633000000| Untracked 
| 115|0x0000000633400000, 0x0000000633400000, 0x0000000633800000|  0%| F|  |TAMS 0x0000000633400000| PB 0x0000000633400000| Untracked 
| 116|0x0000000633800000, 0x0000000633800000, 0x0000000633c00000|  0%| F|  |TAMS 0x0000000633800000| PB 0x0000000633800000| Untracked 
| 117|0x0000000633c00000, 0x0000000633c00000, 0x0000000634000000|  0%| F|  |TAMS 0x0000000633c00000| PB 0x0000000633c00000| Untracked 
| 118|0x0000000634000000, 0x0000000634000000, 0x0000000634400000|  0%| F|  |TAMS 0x0000000634000000| PB 0x0000000634000000| Untracked 
| 119|0x0000000634400000, 0x000000063466fd50, 0x0000000634800000| 60%| E|  |TAMS 0x0000000634400000| PB 0x0000000634400000| Complete 
| 120|0x0000000634800000, 0x0000000634c00000, 0x0000000634c00000|100%| E|CS|TAMS 0x0000000634800000| PB 0x0000000634800000| Complete 
| 121|0x0000000634c00000, 0x0000000635000000, 0x0000000635000000|100%| E|CS|TAMS 0x0000000634c00000| PB 0x0000000634c00000| Complete 
| 122|0x0000000635000000, 0x0000000635400000, 0x0000000635400000|100%| E|CS|TAMS 0x0000000635000000| PB 0x0000000635000000| Complete 
|1957|0x00000007ffc00000, 0x00000007ffd079d8, 0x0000000800000000| 25%| O|  |TAMS 0x00000007ffc00000| PB 0x00000007ffc00000| Untracked 

Card table byte_map: [0x00007554e4400000,0x00007554e534c000] _byte_map_base: 0x00007554e134c000

Marking Bits: (CMBitMap*) 0x00007554e0045f30
 Bits: [0x00007554c0c00000, 0x00007554c8660000)

Polling page: 0x00007554e921a000

Metaspace:

Usage:
  Non-class:      4.01 MB used.
      Class:    395.71 KB used.
       Both:      4.39 MB used.

Virtual space:
  Non-class space:       64.00 MB reserved,       4.06 MB (  6%) committed,  1 nodes.
      Class space:        1.00 GB reserved,     448.00 KB ( <1%) committed,  1 nodes.
             Both:        1.06 GB reserved,       4.50 MB ( <1%) committed. 

Chunk freelists:
   Non-Class:  11.20 MB
       Class:  15.52 MB
        Both:  26.72 MB

MaxMetaspaceSize: unlimited
CompressedClassSpaceSize: 1.00 GB
Initial GC threshold: 21.00 MB
Current GC threshold: 21.00 MB
CDS: on
 - commit_granule_bytes: 65536.
 - commit_granule_words: 8192.
 - virtual_space_node_default_size: 8388608.
 - enlarge_chunks_in_place: 1.
 - use_allocation_guard: 0.


Internal statistics:

num_allocs_failed_limit: 0.
num_arena_births: 98.
num_arena_deaths: 0.
num_vsnodes_births: 2.
num_vsnodes_deaths: 0.
num_space_committed: 72.
num_space_uncommitted: 0.
num_chunks_returned_to_freelist: 0.
num_chunks_taken_from_freelist: 159.
num_chunk_merges: 0.
num_chunk_splits: 99.
num_chunks_enlarged: 45.
num_inconsistent_stats: 0.

CodeHeap 'non-profiled nmethods': size=119168Kb used=214Kb max_used=214Kb free=118953Kb
 bounds [0x00007554d03a0000, 0x00007554d0610000, 0x00007554d7800000]
CodeHeap 'profiled nmethods': size=119164Kb used=934Kb max_used=934Kb free=118229Kb
 bounds [0x00007554c8800000, 0x00007554c8a70000, 0x00007554cfc5f000]
CodeHeap 'non-nmethods': size=7428Kb used=2758Kb max_used=2773Kb free=4670Kb
 bounds [0x00007554cfc5f000, 0x00007554cff1f000, 0x00007554d03a0000]
 total_blobs=1352 nmethods=650 adapters=606
 compilation: enabled
              stopped_count=0, restarted_count=0
 full_count=0

Compilation events (20 events):
Event: 0.367 Thread 0x00007554e0140680  635       4       java.util.regex.Matcher::search (154 bytes)
Event: 0.369 Thread 0x000075542806fb60  641       3       java.io.InputStream::<init> (5 bytes)
Event: 0.369 Thread 0x000075542806fb60 nmethod 641 0x00007554c88e6b90 code [0x00007554c88e6d20, 0x00007554c88e6e80]
Event: 0.369 Thread 0x00007554e0141d50  642       3       sun.net.www.ParseUtil::firstEncodeIndex (86 bytes)
Event: 0.369 Thread 0x000075542806fb60  643       3       sun.net.util.IPAddressUtil::earlyURLParsing (12 bytes)
Event: 0.369 Thread 0x000075542806fb60 nmethod 643 0x00007554c88e6f10 code [0x00007554c88e70a0, 0x00007554c88e71a8]
Event: 0.370 Thread 0x00007554e0141d50 nmethod 642 0x00007554c88e7210 code [0x00007554c88e7440, 0x00007554c88e7de0]
Event: 0.371 Thread 0x000075542806fb60  645       3       jdk.internal.org.objectweb.asm.Handler::getExceptionTableSize (10 bytes)
Event: 0.371 Thread 0x00007554e0141d50  644       1       jdk.internal.org.objectweb.asm.MethodWriter::hasAsmInstructions (5 bytes)
Event: 0.371 Thread 0x0000755428070f90  646       3       java.lang.invoke.MethodHandles$Lookup::isClassAccessible (53 bytes)
Event: 0.371 Thread 0x00007554e0141d50 nmethod 644 0x00007554d03d3a10 code [0x00007554d03d3ba0, 0x00007554d03d3c68]
Event: 0.371 Thread 0x00007554e0141d50  647       1       java.lang.invoke.MethodType::rtype (5 bytes)
Event: 0.371 Thread 0x00007554e0141d50 nmethod 647 0x00007554d03d3d10 code [0x00007554d03d3ea0, 0x00007554d03d3f68]
Event: 0.371 Thread 0x000075542806fb60 nmethod 645 0x00007554c88e8190 code [0x00007554c88e8320, 0x00007554c88e8518]
Event: 0.371 Thread 0x00007554e0141d50  648       3       jdk.internal.org.objectweb.asm.AnnotationWriter::putAnnotations (67 bytes)
Event: 0.371 Thread 0x0000755428070f90 nmethod 646 0x00007554c88e8610 code [0x00007554c88e8820, 0x00007554c88e8de0]
Event: 0.372 Thread 0x00007554e0141d50 nmethod 648 0x00007554c88e9010 code [0x00007554c88e9220, 0x00007554c88e9610]
Event: 0.376 Thread 0x00007554e0140680 nmethod 635 0x00007554d03d4310 code [0x00007554d03d4500, 0x00007554d03d4c58]
Event: 0.376 Thread 0x00007554e0140680  640       4       java.lang.StringUTF16::getChar (60 bytes)
Event: 0.377 Thread 0x00007554e0140680 nmethod 640 0x00007554d03d5590 code [0x00007554d03d5700, 0x00007554d03d57e8]

GC Heap History (0 events):
No events

Dll operation events (12 events):
Event: 0.001 Loaded shared library /usr/lib/jvm/java-21-openjdk-amd64/lib/libjava.so
Event: 0.022 Loaded shared library /usr/lib/jvm/java-21-openjdk-amd64/lib/libjsvml.so
Event: 0.023 Loaded shared library /usr/lib/jvm/java-21-openjdk-amd64/lib/libnio.so
Event: 0.058 Loaded shared library /usr/lib/jvm/java-21-openjdk-amd64/lib/libzip.so
Event: 0.073 Loaded shared library /usr/lib/jvm/java-21-openjdk-amd64/lib/libjimage.so
Event: 0.083 Loaded shared library /usr/lib/jvm/java-21-openjdk-amd64/lib/libawt.so
Event: 0.087 Loaded shared library /usr/lib/jvm/java-21-openjdk-amd64/lib/libawt_xawt.so
Event: 0.116 Loaded shared library /usr/lib/jvm/java-21-openjdk-amd64/lib/libjavajpeg.so
Event: 0.157 Loaded shared library /usr/lib/jvm/java-21-openjdk-amd64/lib/libfontmanager.so
Event: 0.238 Loaded shared library /tmp/libJCublas2-12.0.0-linux-x86_64.so
Event: 0.346 Loaded shared library /tmp/libJCudaRuntime-12.0.0-linux-x86_64.so
Event: 0.353 Loaded shared library /usr/lib/jvm/java-21-openjdk-amd64/lib/libverify.so

Deoptimization events (20 events):
Event: 0.143 Thread 0x00007554e001a060 DEOPT PACKING pc=0x00007554c88a73a8 sp=0x00007554e77fdad0
Event: 0.143 Thread 0x00007554e001a060 DEOPT UNPACKING pc=0x00007554cfcb372f sp=0x00007554e77fcfc8 mode 0
Event: 0.143 Thread 0x00007554e001a060 DEOPT PACKING pc=0x00007554c88a73a8 sp=0x00007554e77fdad0
Event: 0.143 Thread 0x00007554e001a060 DEOPT UNPACKING pc=0x00007554cfcb372f sp=0x00007554e77fcfc8 mode 0
Event: 0.143 Thread 0x00007554e001a060 DEOPT PACKING pc=0x00007554c88a73a8 sp=0x00007554e77fdad0
Event: 0.143 Thread 0x00007554e001a060 DEOPT UNPACKING pc=0x00007554cfcb372f sp=0x00007554e77fcfc8 mode 0
Event: 0.144 Thread 0x00007554e001a060 DEOPT PACKING pc=0x00007554c88a73a8 sp=0x00007554e77fdad0
Event: 0.144 Thread 0x00007554e001a060 DEOPT UNPACKING pc=0x00007554cfcb372f sp=0x00007554e77fcfc8 mode 0
Event: 0.144 Thread 0x00007554e001a060 DEOPT PACKING pc=0x00007554c88a73a8 sp=0x00007554e77fdad0
Event: 0.144 Thread 0x00007554e001a060 DEOPT UNPACKING pc=0x00007554cfcb372f sp=0x00007554e77fcfc8 mode 0
Event: 0.192 Thread 0x00007554e001a060 DEOPT PACKING pc=0x00007554c88c557e sp=0x00007554e77fe780
Event: 0.192 Thread 0x00007554e001a060 DEOPT UNPACKING pc=0x00007554cfcb372f sp=0x00007554e77fdcd0 mode 0
Event: 0.194 Thread 0x00007554e001a060 Uncommon trap: trap_request=0xffffff45 fr.pc=0x00007554d03cdcfc relative=0x000000000000061c
Event: 0.194 Thread 0x00007554e001a060 Uncommon trap: reason=unstable_if action=reinterpret pc=0x00007554d03cdcfc method=java.util.Arrays.setAll([DLjava/util/function/IntToDoubleFunction;)V @ 10 c2
Event: 0.194 Thread 0x00007554e001a060 DEOPT PACKING pc=0x00007554d03cdcfc sp=0x00007554e77fe800
Event: 0.194 Thread 0x00007554e001a060 DEOPT UNPACKING pc=0x00007554cfcb2f99 sp=0x00007554e77fe7d0 mode 2
Event: 0.367 Thread 0x00007554e001a060 Uncommon trap: trap_request=0xffffff45 fr.pc=0x00007554d03cf76c relative=0x000000000000006c
Event: 0.367 Thread 0x00007554e001a060 Uncommon trap: reason=unstable_if action=reinterpret pc=0x00007554d03cf76c method=java.lang.String.isLatin1()Z @ 10 c2
Event: 0.367 Thread 0x00007554e001a060 DEOPT PACKING pc=0x00007554d03cf76c sp=0x00007554e77fdc10
Event: 0.367 Thread 0x00007554e001a060 DEOPT UNPACKING pc=0x00007554cfcb2f99 sp=0x00007554e77fdbc0 mode 2

Classes loaded (20 events):
Event: 0.369 Loading class java/lang/ArrayIndexOutOfBoundsException
Event: 0.369 Loading class java/lang/IndexOutOfBoundsException
Event: 0.369 Loading class java/lang/IndexOutOfBoundsException done
Event: 0.369 Loading class java/lang/ArrayIndexOutOfBoundsException done
Event: 0.370 Loading class java/util/Spliterators$IntArraySpliterator
Event: 0.370 Loading class java/util/Spliterators$IntArraySpliterator done
Event: 0.370 Loading class java/util/stream/MatchOps$MatchKind
Event: 0.370 Loading class java/util/stream/MatchOps$MatchKind done
Event: 0.370 Loading class java/util/stream/MatchOps
Event: 0.370 Loading class java/util/stream/MatchOps done
Event: 0.370 Loading class java/util/stream/MatchOps$MatchOp
Event: 0.370 Loading class java/util/stream/MatchOps$MatchOp done
Event: 0.370 Loading class java/util/stream/MatchOps$BooleanTerminalSink
Event: 0.370 Loading class java/util/stream/MatchOps$BooleanTerminalSink done
Event: 0.370 Loading class java/util/stream/MatchOps$2MatchSink
Event: 0.370 Loading class java/util/stream/MatchOps$2MatchSink done
Event: 0.371 Loading class java/util/stream/MatchOps$1MatchSink
Event: 0.371 Loading class java/util/stream/MatchOps$1MatchSink done
Event: 0.372 Loading class java/nio/HeapDoubleBuffer
Event: 0.372 Loading class java/nio/HeapDoubleBuffer done

Classes unloaded (0 events):
No events

Classes redefined (0 events):
No events

Internal exceptions (11 events):
Event: 0.044 Thread 0x00007554e001a060 Exception <a 'sun/nio/fs/UnixException'{0x0000000635070ea8}> (0x0000000635070ea8) 
thrown [./src/hotspot/share/prims/jni.cpp, line 520]
Event: 0.045 Thread 0x00007554e001a060 Exception <a 'sun/nio/fs/UnixException'{0x00000006350715e8}> (0x00000006350715e8) 
thrown [./src/hotspot/share/prims/jni.cpp, line 520]
Event: 0.045 Thread 0x00007554e001a060 Exception <a 'sun/nio/fs/UnixException'{0x0000000635071e18}> (0x0000000635071e18) 
thrown [./src/hotspot/share/prims/jni.cpp, line 520]
Event: 0.045 Thread 0x00007554e001a060 Exception <a 'sun/nio/fs/UnixException'{0x0000000635072410}> (0x0000000635072410) 
thrown [./src/hotspot/share/prims/jni.cpp, line 520]
Event: 0.045 Thread 0x00007554e001a060 Exception <a 'sun/nio/fs/UnixException'{0x00000006350729e0}> (0x00000006350729e0) 
thrown [./src/hotspot/share/prims/jni.cpp, line 520]
Event: 0.045 Thread 0x00007554e001a060 Exception <a 'sun/nio/fs/UnixException'{0x0000000635072fc0}> (0x0000000635072fc0) 
thrown [./src/hotspot/share/prims/jni.cpp, line 520]
Event: 0.045 Thread 0x00007554e001a060 Exception <a 'sun/nio/fs/UnixException'{0x0000000635073810}> (0x0000000635073810) 
thrown [./src/hotspot/share/prims/jni.cpp, line 520]
Event: 0.077 Thread 0x00007554e001a060 Exception <a 'java/lang/ClassNotFoundException'{0x00000006353b50b0}: sun/awt/resources/spi/awtProvider> (0x00000006353b50b0) 
thrown [./src/hotspot/share/classfile/systemDictionary.cpp, line 312]
Event: 0.081 Thread 0x00007554e001a060 Implicit null exception at 0x00007554d03b2263 to 0x00007554d03b23c4
Event: 0.096 Thread 0x00007554e001a060 Exception <a 'java/io/FileNotFoundException'{0x0000000634c12a80}> (0x0000000634c12a80) 
thrown [./src/hotspot/share/prims/jni.cpp, line 520]
Event: 0.351 Thread 0x00007554e001a060 Exception <a 'java/lang/NoSuchMethodError'{0x00000006344d9078}: 'void java.lang.invoke.DirectMethodHandle$Holder.invokeStatic(java.lang.Object, java.lang.Object)'> (0x00000006344d9078) 
thrown [./src/hotspot/share/interpreter/linkResolver.cpp, line 772]

ZGC Phase Switch (0 events):
No events

VM Operations (6 events):
Event: 0.046 Executing VM operation: HandshakeAllThreads (Deoptimize)
Event: 0.046 Executing VM operation: HandshakeAllThreads (Deoptimize) done
Event: 0.071 Executing VM operation: HandshakeAllThreads (Deoptimize)
Event: 0.071 Executing VM operation: HandshakeAllThreads (Deoptimize) done
Event: 0.365 Executing VM operation: HandshakeAllThreads (Deoptimize)
Event: 0.365 Executing VM operation: HandshakeAllThreads (Deoptimize) done

Memory protections (16 events):
Event: 0.001 Protecting memory [0x00007554e7700000,0x00007554e7704000] with protection modes 0
Event: 0.020 Protecting memory [0x00007554b9bfd000,0x00007554b9c01000] with protection modes 0
Event: 0.020 Protecting memory [0x00007554b8d00000,0x00007554b8d04000] with protection modes 0
Event: 0.020 Protecting memory [0x00007554b8c00000,0x00007554b8c04000] with protection modes 0
Event: 0.021 Protecting memory [0x00007554b8b00000,0x00007554b8b04000] with protection modes 0
Event: 0.021 Protecting memory [0x00007554b8a00000,0x00007554b8a04000] with protection modes 0
Event: 0.021 Protecting memory [0x00007554b8900000,0x00007554b8904000] with protection modes 0
Event: 0.021 Protecting memory [0x00007554b8800000,0x00007554b8804000] with protection modes 0
Event: 0.036 Protecting memory [0x00007554b8700000,0x00007554b8704000] with protection modes 0
Event: 0.047 Protecting memory [0x00007554b8600000,0x00007554b8604000] with protection modes 0
Event: 0.048 Protecting memory [0x00007554b8500000,0x00007554b8504000] with protection modes 0
Event: 0.054 Protecting memory [0x00007554b8400000,0x00007554b8404000] with protection modes 0
Event: 0.056 Protecting memory [0x00007554b8300000,0x00007554b8304000] with protection modes 0
Event: 0.063 Protecting memory [0x00007554b8200000,0x00007554b8204000] with protection modes 0
Event: 0.114 Protecting memory [0x00007554aff00000,0x00007554aff04000] with protection modes 0
Event: 0.352 Protecting memory [0x00007554b8300000,0x00007554b8304000] with protection modes 0

Nmethod flushes (0 events):
No events

Events (18 events):
Event: 0.014 Thread 0x00007554e001a060 Thread added: 0x00007554e001a060
Event: 0.020 Thread 0x00007554e001a060 Thread added: 0x00007554e0138d50
Event: 0.020 Thread 0x00007554e001a060 Thread added: 0x00007554e013a3e0
Event: 0.020 Thread 0x00007554e001a060 Thread added: 0x00007554e013beb0
Event: 0.021 Thread 0x00007554e001a060 Thread added: 0x00007554e013d500
Event: 0.021 Thread 0x00007554e001a060 Thread added: 0x00007554e013eab0
Event: 0.021 Thread 0x00007554e001a060 Thread added: 0x00007554e0140680
Event: 0.021 Thread 0x00007554e001a060 Thread added: 0x00007554e0141d50
Event: 0.036 Thread 0x00007554e001a060 Thread added: 0x00007554e0160f60
Event: 0.047 Thread 0x00007554e0141d50 Thread added: 0x000075542806fb60
Event: 0.048 Thread 0x00007554e0141d50 Thread added: 0x0000755428070f90
Event: 0.054 Thread 0x00007554e001a060 Thread added: 0x00007554e019cf10
Event: 0.056 Thread 0x00007554e0141d50 Thread added: 0x000075542808a9c0
Event: 0.063 Thread 0x000075542808a9c0 Thread added: 0x000075540802ce80
Event: 0.114 Thread 0x00007554e001a060 Thread added: 0x00007554e02aa2b0
Event: 0.239 Thread 0x000075540802ce80 Thread exited: 0x000075540802ce80
Event: 0.345 Thread 0x000075542808a9c0 Thread exited: 0x000075542808a9c0
Event: 0.352 Thread 0x00007554e001a060 Thread added: 0x00007554e1580fa0


Dynamic libraries:
200000000-200200000 ---p 00000000 00:00 0 
200200000-200400000 rw-s 00000000 00:05 1116                             /dev/nvidia0
200400000-203400000 rw-s 00000000 00:05 1115                             /dev/nvidiactl
203400000-204400000 ---p 00000000 00:00 0 
204400000-204600000 rw-s 00000000 00:05 1115                             /dev/nvidiactl
204600000-204800000 rw-s 00000000 00:05 1115                             /dev/nvidiactl
204800000-204a00000 rw-s 00000000 00:05 1115                             /dev/nvidiactl
204a00000-204c00000 rw-s 204a00000 00:05 1117                            /dev/nvidia-uvm
204c00000-204e00000 rw-s 00000000 00:05 1115                             /dev/nvidiactl
204e00000-205000000 ---p 00000000 00:00 0 
205000000-205200000 rw-s 00000000 00:05 1115                             /dev/nvidiactl
205200000-300200000 ---p 00000000 00:00 0 
616800000-635400000 rw-p 00000000 00:00 0 
635400000-7ffc00000 ---p 00000000 00:00 0 
7ffc00000-7ffd08000 rw-p 00ced000 103:02 17172987                        /usr/lib/jvm/java-21-openjdk-amd64/lib/server/classes.jsa
7ffd08000-800000000 rw-p 00000000 00:00 0 
10000000000-10004000000 ---p 00000000 00:00 0 
6443edb0a000-6443edb0b000 r--p 00000000 103:02 17172834                  /usr/lib/jvm/java-21-openjdk-amd64/bin/java
6443edb0b000-6443edb0c000 r-xp 00001000 103:02 17172834                  /usr/lib/jvm/java-21-openjdk-amd64/bin/java
6443edb0c000-6443edb0d000 r--p 00002000 103:02 17172834                  /usr/lib/jvm/java-21-openjdk-amd64/bin/java
6443edb0d000-6443edb0e000 r--p 00002000 103:02 17172834                  /usr/lib/jvm/java-21-openjdk-amd64/bin/java
6443edb0e000-6443edb0f000 rw-p 00003000 103:02 17172834                  /usr/lib/jvm/java-21-openjdk-amd64/bin/java
6443ef5a2000-6443ef5e9000 rw-p 00000000 00:00 0                          [heap]
75539a000000-75539c000000 ---p 00000000 00:00 0 
75539e000000-7553a0000000 ---p 00000000 00:00 0 
7553a2000000-7553aa000000 ---p 00000000 00:00 0 
7553ac000000-7553ae000000 ---p 00000000 00:00 0 
7553b0000000-7553c0000000 ---p 00000000 00:00 0 
7553c4000000-7553c4400000 ---p 00000000 00:00 0 
7553c4400000-7553c4600000 rw-s 00000000 00:05 1115                       /dev/nvidiactl
7553c4600000-7553c4800000 rw-s 00000000 00:01 11312                      /dev/zero (deleted)
7553c4800000-7553c4a00000 rw-s 00000000 00:01 11313                      /dev/zero (deleted)
7553c4a00000-7553c5000000 ---p 00000000 00:00 0 
7553c5000000-7553c5200000 rw-s 00000000 00:05 1115                       /dev/nvidiactl
7553c5200000-7553c5400000 ---p 00000000 00:00 0 
7553c5400000-7553c5600000 rw-s 00000000 00:01 11315                      /dev/zero (deleted)
7553c5600000-7553c5b33000 rw-s 00000000 00:05 1115                       /dev/nvidiactl
7553c5b33000-7553c6000000 ---p 00000000 00:00 0 
7553c8000000-7553c8021000 rw-p 00000000 00:00 0 
7553c8021000-7553cc000000 ---p 00000000 00:00 0 
7553ce200000-7553d4200000 ---p 00000000 00:00 0 
7553d4200000-7553f1463000 r-xp 00000000 103:02 16524125                  /usr/lib/x86_64-linux-gnu/libcublasLt.so.12.0.2.224
7553f1463000-7553f1663000 ---p 1d263000 103:02 16524125                  /usr/lib/x86_64-linux-gnu/libcublasLt.so.12.0.2.224
7553f1663000-7553f1893000 r--p 1d263000 103:02 16524125                  /usr/lib/x86_64-linux-gnu/libcublasLt.so.12.0.2.224
7553f1893000-7553f2827000 rw-p 1d493000 103:02 16524125                  /usr/lib/x86_64-linux-gnu/libcublasLt.so.12.0.2.224
7553f2827000-7553f500f000 rw-p 00000000 00:00 0 
7553f5400000-7553fba67000 r-xp 00000000 103:02 16524127                  /usr/lib/x86_64-linux-gnu/libcublas.so.12.0.2.224
7553fba67000-7553fbc67000 ---p 06667000 103:02 16524127                  /usr/lib/x86_64-linux-gnu/libcublas.so.12.0.2.224
7553fbc67000-7553fbc6e000 r--p 06667000 103:02 16524127                  /usr/lib/x86_64-linux-gnu/libcublas.so.12.0.2.224
7553fbc6e000-7553fbc75000 rw-p 0666e000 103:02 16524127                  /usr/lib/x86_64-linux-gnu/libcublas.so.12.0.2.224
7553fbc75000-7553fbc7d000 rw-p 00000000 00:00 0 
7553fc000000-7553fc021000 rw-p 00000000 00:00 0 
7553fc021000-755400000000 ---p 00000000 00:00 0 
755404000000-75540402e000 rw-p 00000000 00:00 0 
75540402e000-755408000000 ---p 00000000 00:00 0 
755408000000-755408096000 rw-p 00000000 00:00 0 
755408096000-75540c000000 ---p 00000000 00:00 0 
755410000000-755410021000 rw-p 00000000 00:00 0 
755410021000-755414000000 ---p 00000000 00:00 0 
755414000000-755414093000 rw-p 00000000 00:00 0 
755414093000-755418000000 ---p 00000000 00:00 0 
75541c000000-75541c093000 rw-p 00000000 00:00 0 
75541c093000-755420000000 ---p 00000000 00:00 0 
755420000000-755420021000 rw-p 00000000 00:00 0 
755420021000-755424000000 ---p 00000000 00:00 0 
755428000000-7554280c4000 rw-p 00000000 00:00 0 
7554280c4000-75542c000000 ---p 00000000 00:00 0 
75542c000000-75542c112000 rw-p 00000000 00:00 0 
75542c112000-755430000000 ---p 00000000 00:00 0 
755434000000-755434021000 rw-p 00000000 00:00 0 
755434021000-755438000000 ---p 00000000 00:00 0 
755438000000-755438021000 rw-p 00000000 00:00 0 
755438021000-75543c000000 ---p 00000000 00:00 0 
755440000000-755440021000 rw-p 00000000 00:00 0 
755440021000-755444000000 ---p 00000000 00:00 0 
755444000000-755444021000 rw-p 00000000 00:00 0 
755444021000-755448000000 ---p 00000000 00:00 0 
75544ba00000-75544bac7000 r-xp 00000000 103:02 18219111                  /tmp/libJCudaRuntime-12.0.0-linux-x86_64.so
75544bac7000-75544bcc7000 ---p 000c7000 103:02 18219111                  /tmp/libJCudaRuntime-12.0.0-linux-x86_64.so
75544bcc7000-75544bccc000 r--p 000c7000 103:02 18219111                  /tmp/libJCudaRuntime-12.0.0-linux-x86_64.so
75544bccc000-75544bccd000 rw-p 000cc000 103:02 18219111                  /tmp/libJCudaRuntime-12.0.0-linux-x86_64.so
75544bccd000-75544bccf000 rw-p 00000000 00:00 0 
75544c000000-75544c021000 rw-p 00000000 00:00 0 
75544c021000-755450000000 ---p 00000000 00:00 0 
755450000000-755450021000 rw-p 00000000 00:00 0 
755450021000-755454000000 ---p 00000000 00:00 0 
755454400000-75545717c000 r-xp 00000000 103:02 16526206                  /usr/lib/x86_64-linux-gnu/libnvrtc.so.12.0.140
75545717c000-75545737c000 ---p 02d7c000 103:02 16526206                  /usr/lib/x86_64-linux-gnu/libnvrtc.so.12.0.140
75545737c000-755457a4f000 r--p 02d7c000 103:02 16526206                  /usr/lib/x86_64-linux-gnu/libnvrtc.so.12.0.140
755457a4f000-755457b1b000 rw-p 0344f000 103:02 16526206                  /usr/lib/x86_64-linux-gnu/libnvrtc.so.12.0.140
755457b1b000-755457c1c000 rw-p 00000000 00:00 0 
755458000000-755458340000 rw-p 00000000 00:00 0 
755458340000-755458400000 ---p 00000000 00:00 0 
755458400000-7554584d0000 rw-p 00000000 00:00 0 
7554584d0000-75545c000000 ---p 00000000 00:00 0 
75545c000000-75545c021000 rw-p 00000000 00:00 0 
75545c021000-755460000000 ---p 00000000 00:00 0 
755460200000-755460201000 ---p 00000000 00:00 0 
755460201000-755460a01000 rw-p 00000000 00:00 0 
755460c00000-755460c01000 rw-s 00000000 00:05 1115                       /dev/nvidiactl
755460c01000-755460c02000 rw-s 00000000 00:05 1115                       /dev/nvidiactl
755460c02000-755460c03000 rw-s 00000000 00:05 1115                       /dev/nvidiactl
755460c03000-755460c04000 rw-s 00000000 00:05 1115                       /dev/nvidiactl
755460c04000-755460c05000 rw-s 00000000 00:05 1115                       /dev/nvidiactl
755460c05000-755460c06000 rw-s 00000000 00:05 1115                       /dev/nvidiactl
755460c06000-755460c07000 rw-s 00000000 00:05 1115                       /dev/nvidiactl
755460c07000-755460c08000 rw-s 00000000 00:05 1115                       /dev/nvidiactl
755460c08000-755460c09000 rw-s 00000000 00:05 1115                       /dev/nvidiactl
755460c09000-755460c0a000 rw-s 00000000 00:05 1115                       /dev/nvidiactl
755460c0a000-755460c0b000 rw-s 00000000 00:05 1115                       /dev/nvidiactl
755460c0b000-755460c0c000 rw-s 00000000 00:05 1115                       /dev/nvidiactl
755460c0c000-755460c0d000 rw-s 00000000 00:05 1115                       /dev/nvidiactl
755460c0d000-755460c0e000 rw-s 00000000 00:05 1115                       /dev/nvidiactl
755460c0e000-755460c0f000 rw-s 00000000 00:05 1115                       /dev/nvidiactl
755460c0f000-755460c10000 rw-s 00000000 00:05 1115                       /dev/nvidiactl
755460c10000-755461c21000 ---p 00000000 00:00 0 
755461e00000-755462e21000 ---p 00000000 00:00 0 
755463000000-755463cae000 rw-p 00001000 103:02 17172987                  /usr/lib/jvm/java-21-openjdk-amd64/lib/server/classes.jsa
755463cae000-755464000000 ---p 00000000 00:00 0 
755464000000-755464010000 rw-p 00000000 00:00 0 
755464010000-755464030000 rw-p 00000000 00:00 0 
755464030000-755464040000 ---p 00000000 00:00 0 
755464040000-755464080000 rw-p 00000000 00:00 0 
755464080000-7554a4000000 ---p 00000000 00:00 0 
7554a4000000-7554a4021000 rw-p 00000000 00:00 0 
7554a4021000-7554a8000000 ---p 00000000 00:00 0 
7554a8000000-7554a8021000 rw-p 00000000 00:00 0 
7554a8021000-7554ac000000 ---p 00000000 00:00 0 
7554ac000000-7554ac200000 rw-s 00000000 00:01 11314                      /dev/zero (deleted)
7554ac200000-7554ac201000 ---p 00000000 00:00 0 
7554ac201000-7554aca01000 rw-p 00000000 00:00 0 
7554acc00000-7554ace5a000 rw-p 00000000 00:00 0 
7554ad000000-7554ad001000 ---p 00000000 00:00 0 
7554ad001000-7554ad801000 rw-p 00000000 00:00 0 
7554ad87b000-7554ada00000 rw-p 00000000 00:00 0 
7554ada00000-7554adade000 r--p 00000000 103:02 16552573                  /usr/lib/x86_64-linux-gnu/libcuda.so.550.107.02
7554adade000-7554adfb3000 r-xp 000de000 103:02 16552573                  /usr/lib/x86_64-linux-gnu/libcuda.so.550.107.02
7554adfb3000-7554af44e000 r--p 005b3000 103:02 16552573                  /usr/lib/x86_64-linux-gnu/libcuda.so.550.107.02
7554af44e000-7554af44f000 ---p 01a4e000 103:02 16552573                  /usr/lib/x86_64-linux-gnu/libcuda.so.550.107.02
7554af44f000-7554af467000 r--p 01a4e000 103:02 16552573                  /usr/lib/x86_64-linux-gnu/libcuda.so.550.107.02
7554af467000-7554af562000 rw-p 01a66000 103:02 16552573                  /usr/lib/x86_64-linux-gnu/libcuda.so.550.107.02
7554af562000-7554af5cb000 rw-p 00000000 00:00 0 
7554af600000-7554af738000 r-xp 00000000 103:02 18219110                  /tmp/libJCublas2-12.0.0-linux-x86_64.so
7554af738000-7554af938000 ---p 00138000 103:02 18219110                  /tmp/libJCublas2-12.0.0-linux-x86_64.so
7554af938000-7554af93d000 r--p 00138000 103:02 18219110                  /tmp/libJCublas2-12.0.0-linux-x86_64.so
7554af93d000-7554af93f000 rw-p 0013d000 103:02 18219110                  /tmp/libJCublas2-12.0.0-linux-x86_64.so
7554af93f000-7554af941000 rw-p 00000000 00:00 0 
7554af946000-7554afbde000 rw-p 00000000 00:00 0 
7554afbde000-7554afbfc000 r--p 00000000 103:02 16530649                  /usr/lib/x86_64-linux-gnu/libglib-2.0.so.0.8000.0
7554afbfc000-7554afc9c000 r-xp 0001e000 103:02 16530649                  /usr/lib/x86_64-linux-gnu/libglib-2.0.so.0.8000.0
7554afc9c000-7554afd24000 r--p 000be000 103:02 16530649                  /usr/lib/x86_64-linux-gnu/libglib-2.0.so.0.8000.0
7554afd24000-7554afd25000 r--p 00146000 103:02 16530649                  /usr/lib/x86_64-linux-gnu/libglib-2.0.so.0.8000.0
7554afd25000-7554afd26000 rw-p 00147000 103:02 16530649                  /usr/lib/x86_64-linux-gnu/libglib-2.0.so.0.8000.0
7554afd26000-7554afd27000 rw-p 00000000 00:00 0 
7554afd27000-7554afd34000 r--p 00000000 103:02 16530615                  /usr/lib/x86_64-linux-gnu/libfreetype.so.6.20.1
7554afd34000-7554afdc5000 r-xp 0000d000 103:02 16530615                  /usr/lib/x86_64-linux-gnu/libfreetype.so.6.20.1
7554afdc5000-7554afdeb000 r--p 0009e000 103:02 16530615                  /usr/lib/x86_64-linux-gnu/libfreetype.so.6.20.1
7554afdeb000-7554afdf2000 r--p 000c4000 103:02 16530615                  /usr/lib/x86_64-linux-gnu/libfreetype.so.6.20.1
7554afdf2000-7554afdf3000 rw-p 000cb000 103:02 16530615                  /usr/lib/x86_64-linux-gnu/libfreetype.so.6.20.1
7554afdf3000-7554afdfe000 r--p 00000000 103:02 16530725                  /usr/lib/x86_64-linux-gnu/libharfbuzz.so.0.60830.0
7554afdfe000-7554afecc000 r-xp 0000b000 103:02 16530725                  /usr/lib/x86_64-linux-gnu/libharfbuzz.so.0.60830.0
7554afecc000-7554afefe000 r--p 000d9000 103:02 16530725                  /usr/lib/x86_64-linux-gnu/libharfbuzz.so.0.60830.0
7554afefe000-7554afeff000 r--p 0010b000 103:02 16530725                  /usr/lib/x86_64-linux-gnu/libharfbuzz.so.0.60830.0
7554afeff000-7554aff00000 rw-p 0010c000 103:02 16530725                  /usr/lib/x86_64-linux-gnu/libharfbuzz.so.0.60830.0
7554aff00000-7554aff04000 ---p 00000000 00:00 0 
7554aff04000-7554b0000000 rw-p 00000000 00:00 0 
7554b0000000-7554b0021000 rw-p 00000000 00:00 0 
7554b0021000-7554b4000000 ---p 00000000 00:00 0 
7554b4000000-7554b4021000 rw-p 00000000 00:00 0 
7554b4021000-7554b8000000 ---p 00000000 00:00 0 
7554b8006000-7554b8007000 r--p 00000000 103:02 16530467                  /usr/lib/x86_64-linux-gnu/libbrotlicommon.so.1.1.0
7554b8007000-7554b8008000 r-xp 00001000 103:02 16530467                  /usr/lib/x86_64-linux-gnu/libbrotlicommon.so.1.1.0
7554b8008000-7554b8027000 r--p 00002000 103:02 16530467                  /usr/lib/x86_64-linux-gnu/libbrotlicommon.so.1.1.0
7554b8027000-7554b8028000 r--p 00021000 103:02 16530467                  /usr/lib/x86_64-linux-gnu/libbrotlicommon.so.1.1.0
7554b8028000-7554b8029000 rw-p 00022000 103:02 16530467                  /usr/lib/x86_64-linux-gnu/libbrotlicommon.so.1.1.0
7554b8029000-7554b802b000 r--p 00000000 103:02 16530942                  /usr/lib/x86_64-linux-gnu/libpcre2-8.so.0.11.2
7554b802b000-7554b8099000 r-xp 00002000 103:02 16530942                  /usr/lib/x86_64-linux-gnu/libpcre2-8.so.0.11.2
7554b8099000-7554b80c1000 r--p 00070000 103:02 16530942                  /usr/lib/x86_64-linux-gnu/libpcre2-8.so.0.11.2
7554b80c1000-7554b80c2000 r--p 00097000 103:02 16530942                  /usr/lib/x86_64-linux-gnu/libpcre2-8.so.0.11.2
7554b80c2000-7554b80c3000 rw-p 00098000 103:02 16530942                  /usr/lib/x86_64-linux-gnu/libpcre2-8.so.0.11.2
7554b80c3000-7554b80dc000 r--p 00000000 103:02 16530316                  /usr/lib/x86_64-linux-gnu/libX11.so.6.4.0
7554b80dc000-7554b816c000 r-xp 00019000 103:02 16530316                  /usr/lib/x86_64-linux-gnu/libX11.so.6.4.0
7554b816c000-7554b81fb000 r--p 000a9000 103:02 16530316                  /usr/lib/x86_64-linux-gnu/libX11.so.6.4.0
7554b81fb000-7554b81fc000 r--p 00138000 103:02 16530316                  /usr/lib/x86_64-linux-gnu/libX11.so.6.4.0
7554b81fc000-7554b8200000 rw-p 00139000 103:02 16530316                  /usr/lib/x86_64-linux-gnu/libX11.so.6.4.0
7554b8200000-7554b8204000 ---p 00000000 00:00 0 
7554b8204000-7554b8300000 rw-p 00000000 00:00 0 
7554b8300000-7554b8304000 ---p 00000000 00:00 0 
7554b8304000-7554b8400000 rw-p 00000000 00:00 0 
7554b8400000-7554b8404000 ---p 00000000 00:00 0 
7554b8404000-7554b8500000 rw-p 00000000 00:00 0 
7554b8500000-7554b8504000 ---p 00000000 00:00 0 
7554b8504000-7554b8600000 rw-p 00000000 00:00 0 
7554b8600000-7554b8604000 ---p 00000000 00:00 0 
7554b8604000-7554b8700000 rw-p 00000000 00:00 0 
7554b8700000-7554b8704000 ---p 00000000 00:00 0 
7554b8704000-7554b8800000 rw-p 00000000 00:00 0 
7554b8800000-7554b8804000 ---p 00000000 00:00 0 
7554b8804000-7554b8900000 rw-p 00000000 00:00 0 
7554b8900000-7554b8904000 ---p 00000000 00:00 0 
7554b8904000-7554b8a00000 rw-p 00000000 00:00 0 
7554b8a00000-7554b8a04000 ---p 00000000 00:00 0 
7554b8a04000-7554b8b00000 rw-p 00000000 00:00 0 
7554b8b00000-7554b8b04000 ---p 00000000 00:00 0 
7554b8b04000-7554b8c00000 rw-p 00000000 00:00 0 
7554b8c00000-7554b8c04000 ---p 00000000 00:00 0 
7554b8c04000-7554b8d00000 rw-p 00000000 00:00 0 
7554b8d00000-7554b8d04000 ---p 00000000 00:00 0 
7554b8d04000-7554b8e00000 rw-p 00000000 00:00 0 
7554b8e00000-7554b9bec000 r--p 00000000 103:02 16521112                  /usr/lib/locale/locale-archive
7554b9bfd000-7554b9c01000 ---p 00000000 00:00 0 
7554b9c01000-7554b9cfd000 rw-p 00000000 00:00 0 
7554b9cfd000-7554b9cfe000 ---p 00000000 00:00 0 
7554b9cfe000-7554b9dfe000 rw-p 00000000 00:00 0 
7554b9dfe000-7554b9dff000 ---p 00000000 00:00 0 
7554b9dff000-7554b9eff000 rw-p 00000000 00:00 0 
7554b9eff000-7554b9f00000 ---p 00000000 00:00 0 
7554b9f00000-7554ba000000 rw-p 00000000 00:00 0 
7554ba000000-7554bc021000 rw-p 00000000 00:00 0 
7554bc021000-7554c0000000 ---p 00000000 00:00 0 
7554c0014000-7554c0019000 r--p 00000000 103:02 16530960                  /usr/lib/x86_64-linux-gnu/libpng16.so.16.43.0
7554c0019000-7554c0041000 r-xp 00005000 103:02 16530960                  /usr/lib/x86_64-linux-gnu/libpng16.so.16.43.0
7554c0041000-7554c004a000 r--p 0002d000 103:02 16530960                  /usr/lib/x86_64-linux-gnu/libpng16.so.16.43.0
7554c004a000-7554c004b000 r--p 00035000 103:02 16530960                  /usr/lib/x86_64-linux-gnu/libpng16.so.16.43.0
7554c004b000-7554c004c000 rw-p 00036000 103:02 16530960                  /usr/lib/x86_64-linux-gnu/libpng16.so.16.43.0
7554c004c000-7554c004f000 r--p 00000000 103:02 16530678                  /usr/lib/x86_64-linux-gnu/libgraphite2.so.3.2.1
7554c004f000-7554c006c000 r-xp 00003000 103:02 16530678                  /usr/lib/x86_64-linux-gnu/libgraphite2.so.3.2.1
7554c006c000-7554c006f000 r--p 00020000 103:02 16530678                  /usr/lib/x86_64-linux-gnu/libgraphite2.so.3.2.1
7554c006f000-7554c0071000 r--p 00022000 103:02 16530678                  /usr/lib/x86_64-linux-gnu/libgraphite2.so.3.2.1
7554c0071000-7554c0072000 rw-p 00024000 103:02 16530678                  /usr/lib/x86_64-linux-gnu/libgraphite2.so.3.2.1
7554c0072000-7554c0076000 r--p 00000000 103:02 16530777                  /usr/lib/x86_64-linux-gnu/libjpeg.so.8.2.2
7554c0076000-7554c00c3000 r-xp 00004000 103:02 16530777                  /usr/lib/x86_64-linux-gnu/libjpeg.so.8.2.2
7554c00c3000-7554c00f3000 r--p 00051000 103:02 16530777                  /usr/lib/x86_64-linux-gnu/libjpeg.so.8.2.2
7554c00f3000-7554c00f4000 r--p 00081000 103:02 16530777                  /usr/lib/x86_64-linux-gnu/libjpeg.so.8.2.2
7554c00f4000-7554c00f5000 rw-p 00082000 103:02 16530777                  /usr/lib/x86_64-linux-gnu/libjpeg.so.8.2.2
7554c00f5000-7554c00f6000 ---p 00000000 00:00 0 
7554c00f6000-7554c01f6000 rw-p 00000000 00:00 0 
7554c01f6000-7554c13b0000 rw-p 00000000 00:00 0 
7554c13b0000-7554c8650000 ---p 00000000 00:00 0 
7554c8650000-7554c8660000 rw-p 00000000 00:00 0 
7554c8667000-7554c866b000 r--p 00000000 103:02 17172982                  /usr/lib/jvm/java-21-openjdk-amd64/lib/libverify.so
7554c866b000-7554c8672000 r-xp 00004000 103:02 17172982                  /usr/lib/jvm/java-21-openjdk-amd64/lib/libverify.so
7554c8672000-7554c8674000 r--p 0000b000 103:02 17172982                  /usr/lib/jvm/java-21-openjdk-amd64/lib/libverify.so
7554c8674000-7554c8676000 r--p 0000c000 103:02 17172982                  /usr/lib/jvm/java-21-openjdk-amd64/lib/libverify.so
7554c8676000-7554c8677000 rw-p 0000e000 103:02 17172982                  /usr/lib/jvm/java-21-openjdk-amd64/lib/libverify.so
7554c8677000-7554c8678000 r--p 00000000 103:02 16530468                  /usr/lib/x86_64-linux-gnu/libbrotlidec.so.1.1.0
7554c8678000-7554c8680000 r-xp 00001000 103:02 16530468                  /usr/lib/x86_64-linux-gnu/libbrotlidec.so.1.1.0
7554c8680000-7554c8683000 r--p 00009000 103:02 16530468                  /usr/lib/x86_64-linux-gnu/libbrotlidec.so.1.1.0
7554c8683000-7554c8684000 r--p 0000b000 103:02 16530468                  /usr/lib/x86_64-linux-gnu/libbrotlidec.so.1.1.0
7554c8684000-7554c8685000 rw-p 0000c000 103:02 16530468                  /usr/lib/x86_64-linux-gnu/libbrotlidec.so.1.1.0
7554c8685000-7554c8697000 r--p 00000000 103:02 17173114                  /usr/lib/jvm/java-21-openjdk-amd64/lib/libawt_xawt.so
7554c8697000-7554c86de000 r-xp 00012000 103:02 17173114                  /usr/lib/jvm/java-21-openjdk-amd64/lib/libawt_xawt.so
7554c86de000-7554c86f6000 r--p 00059000 103:02 17173114                  /usr/lib/jvm/java-21-openjdk-amd64/lib/libawt_xawt.so
7554c86f6000-7554c86fb000 r--p 00070000 103:02 17173114                  /usr/lib/jvm/java-21-openjdk-amd64/lib/libawt_xawt.so
7554c86fb000-7554c86fd000 rw-p 00075000 103:02 17173114                  /usr/lib/jvm/java-21-openjdk-amd64/lib/libawt_xawt.so
7554c86fd000-7554c8800000 rw-p 00000000 00:00 0 
7554c8800000-7554c8a70000 rwxp 00000000 00:00 0 
7554c8a70000-7554cfc5f000 ---p 00000000 00:00 0 
7554cfc5f000-7554cff1f000 rwxp 00000000 00:00 0 
7554cff1f000-7554d03a0000 ---p 00000000 00:00 0 
7554d03a0000-7554d0610000 rwxp 00000000 00:00 0 
7554d0610000-7554d7800000 ---p 00000000 00:00 0 
7554d7800000-7554dfe02000 r--s 00000000 103:02 17172984                  /usr/lib/jvm/java-21-openjdk-amd64/lib/modules
7554dfe05000-7554dfe0c000 r--s 00000000 103:02 16532226                  /usr/lib/x86_64-linux-gnu/gconv/gconv-modules.cache
7554dfe0c000-7554dfe2a000 r--p 00000000 103:02 17172951                  /usr/lib/jvm/java-21-openjdk-amd64/lib/libawt.so
7554dfe2a000-7554dfec1000 r-xp 0001e000 103:02 17172951                  /usr/lib/jvm/java-21-openjdk-amd64/lib/libawt.so
7554dfec1000-7554dfece000 r--p 000b5000 103:02 17172951                  /usr/lib/jvm/java-21-openjdk-amd64/lib/libawt.so
7554dfece000-7554dfecf000 r--p 000c1000 103:02 17172951                  /usr/lib/jvm/java-21-openjdk-amd64/lib/libawt.so
7554dfecf000-7554dfeda000 rw-p 000c2000 103:02 17172951                  /usr/lib/jvm/java-21-openjdk-amd64/lib/libawt.so
7554dfeda000-7554e15bc000 rw-p 00000000 00:00 0 
7554e15bc000-7554e4000000 ---p 00000000 00:00 0 
7554e4004000-7554e4006000 r--p 00000000 103:02 16530473                  /usr/lib/x86_64-linux-gnu/libbz2.so.1.0.4
7554e4006000-7554e4014000 r-xp 00002000 103:02 16530473                  /usr/lib/x86_64-linux-gnu/libbz2.so.1.0.4
7554e4014000-7554e4016000 r--p 00010000 103:02 16530473                  /usr/lib/x86_64-linux-gnu/libbz2.so.1.0.4
7554e4016000-7554e4017000 r--p 00011000 103:02 16530473                  /usr/lib/x86_64-linux-gnu/libbz2.so.1.0.4
7554e4017000-7554e4018000 rw-p 00012000 103:02 16530473                  /usr/lib/x86_64-linux-gnu/libbz2.so.1.0.4
7554e401c000-7554e402c000 -w-s 00000000 00:05 1116                       /dev/nvidia0
7554e402c000-7554e4031000 r--p 00000000 103:02 17172968                  /usr/lib/jvm/java-21-openjdk-amd64/lib/libjsvml.so
7554e4031000-7554e4072000 r-xp 00005000 103:02 17172968                  /usr/lib/jvm/java-21-openjdk-amd64/lib/libjsvml.so
7554e4072000-7554e40fb000 r--p 00046000 103:02 17172968                  /usr/lib/jvm/java-21-openjdk-amd64/lib/libjsvml.so
7554e40fb000-7554e40fc000 r--p 000ce000 103:02 17172968                  /usr/lib/jvm/java-21-openjdk-amd64/lib/libjsvml.so
7554e40fc000-7554e40fd000 rw-p 000cf000 103:02 17172968                  /usr/lib/jvm/java-21-openjdk-amd64/lib/libjsvml.so
7554e40fd000-7554e41fe000 rw-p 00000000 00:00 0 
7554e41fe000-7554e41ff000 ---p 00000000 00:00 0 
7554e41ff000-7554e42ff000 rw-p 00000000 00:00 0 
7554e42ff000-7554e4300000 ---p 00000000 00:00 0 
7554e4300000-7554e4400000 rw-p 00000000 00:00 0 
7554e4400000-7554e44f6000 rw-p 00000000 00:00 0 
7554e44f6000-7554e534a000 ---p 00000000 00:00 0 
7554e534a000-7554e534c000 rw-p 00000000 00:00 0 
7554e534f000-7554e5350000 r--p 00000000 103:02 16530540                  /usr/lib/x86_64-linux-gnu/libdl.so.2
7554e5350000-7554e5351000 r-xp 00001000 103:02 16530540                  /usr/lib/x86_64-linux-gnu/libdl.so.2
7554e5351000-7554e5352000 r--p 00002000 103:02 16530540                  /usr/lib/x86_64-linux-gnu/libdl.so.2
7554e5352000-7554e5353000 r--p 00002000 103:02 16530540                  /usr/lib/x86_64-linux-gnu/libdl.so.2
7554e5353000-7554e5354000 rw-p 00003000 103:02 16530540                  /usr/lib/x86_64-linux-gnu/libdl.so.2
7554e5354000-7554e5355000 r--p 00000000 103:02 16531006                  /usr/lib/x86_64-linux-gnu/librt.so.1
7554e5355000-7554e5356000 r-xp 00001000 103:02 16531006                  /usr/lib/x86_64-linux-gnu/librt.so.1
7554e5356000-7554e5357000 r--p 00002000 103:02 16531006                  /usr/lib/x86_64-linux-gnu/librt.so.1
7554e5357000-7554e5358000 r--p 00002000 103:02 16531006                  /usr/lib/x86_64-linux-gnu/librt.so.1
7554e5358000-7554e5359000 rw-p 00003000 103:02 16531006                  /usr/lib/x86_64-linux-gnu/librt.so.1
7554e5359000-7554e535c000 r--p 00000000 103:02 17172955                  /usr/lib/jvm/java-21-openjdk-amd64/lib/libfontmanager.so
7554e535c000-7554e5365000 r-xp 00003000 103:02 17172955                  /usr/lib/jvm/java-21-openjdk-amd64/lib/libfontmanager.so
7554e5365000-7554e5367000 r--p 0000c000 103:02 17172955                  /usr/lib/jvm/java-21-openjdk-amd64/lib/libfontmanager.so
7554e5367000-7554e5368000 r--p 0000d000 103:02 17172955                  /usr/lib/jvm/java-21-openjdk-amd64/lib/libfontmanager.so
7554e5368000-7554e5369000 rw-p 0000e000 103:02 17172955                  /usr/lib/jvm/java-21-openjdk-amd64/lib/libfontmanager.so
7554e5369000-7554e536d000 r--p 00000000 103:02 16530470                  /usr/lib/x86_64-linux-gnu/libbsd.so.0.12.1
7554e536d000-7554e5379000 r-xp 00004000 103:02 16530470                  /usr/lib/x86_64-linux-gnu/libbsd.so.0.12.1
7554e5379000-7554e537c000 r--p 00010000 103:02 16530470                  /usr/lib/x86_64-linux-gnu/libbsd.so.0.12.1
7554e537c000-7554e537d000 r--p 00012000 103:02 16530470                  /usr/lib/x86_64-linux-gnu/libbsd.so.0.12.1
7554e537d000-7554e537e000 rw-p 00013000 103:02 16530470                  /usr/lib/x86_64-linux-gnu/libbsd.so.0.12.1
7554e537e000-7554e54f6000 rw-p 00000000 00:00 0 
7554e54f6000-7554e634a000 ---p 00000000 00:00 0 
7554e634a000-7554e634c000 rw-p 00000000 00:00 0 
7554e634d000-7554e634e000 r--p 00000000 103:02 16530978                  /usr/lib/x86_64-linux-gnu/libpthread.so.0
7554e634e000-7554e634f000 r-xp 00001000 103:02 16530978                  /usr/lib/x86_64-linux-gnu/libpthread.so.0
7554e634f000-7554e6350000 r--p 00002000 103:02 16530978                  /usr/lib/x86_64-linux-gnu/libpthread.so.0
7554e6350000-7554e6351000 r--p 00002000 103:02 16530978                  /usr/lib/x86_64-linux-gnu/libpthread.so.0
7554e6351000-7554e6352000 rw-p 00003000 103:02 16530978                  /usr/lib/x86_64-linux-gnu/libpthread.so.0
7554e6352000-7554e6354000 r--p 00000000 103:02 16530828                  /usr/lib/x86_64-linux-gnu/libmd.so.0.1.0
7554e6354000-7554e635d000 r-xp 00002000 103:02 16530828                  /usr/lib/x86_64-linux-gnu/libmd.so.0.1.0
7554e635d000-7554e635f000 r--p 0000b000 103:02 16530828                  /usr/lib/x86_64-linux-gnu/libmd.so.0.1.0
7554e635f000-7554e6360000 r--p 0000c000 103:02 16530828                  /usr/lib/x86_64-linux-gnu/libmd.so.0.1.0
7554e6360000-7554e6361000 rw-p 0000d000 103:02 16530828                  /usr/lib/x86_64-linux-gnu/libmd.so.0.1.0
7554e6361000-7554e6363000 r--p 00000000 103:02 16530323                  /usr/lib/x86_64-linux-gnu/libXdmcp.so.6.0.0
7554e6363000-7554e6365000 r-xp 00002000 103:02 16530323                  /usr/lib/x86_64-linux-gnu/libXdmcp.so.6.0.0
7554e6365000-7554e6367000 r--p 00004000 103:02 16530323                  /usr/lib/x86_64-linux-gnu/libXdmcp.so.6.0.0
7554e6367000-7554e6368000 r--p 00005000 103:02 16530323                  /usr/lib/x86_64-linux-gnu/libXdmcp.so.6.0.0
7554e6368000-7554e6369000 rw-p 00006000 103:02 16530323                  /usr/lib/x86_64-linux-gnu/libXdmcp.so.6.0.0
7554e6369000-7554e6374000 r--p 00000000 103:02 16531187                  /usr/lib/x86_64-linux-gnu/libxcb.so.1.1.0
7554e6374000-7554e6387000 r-xp 0000b000 103:02 16531187                  /usr/lib/x86_64-linux-gnu/libxcb.so.1.1.0
7554e6387000-7554e6390000 r--p 0001e000 103:02 16531187                  /usr/lib/x86_64-linux-gnu/libxcb.so.1.1.0
7554e6390000-7554e6391000 r--p 00026000 103:02 16531187                  /usr/lib/x86_64-linux-gnu/libxcb.so.1.1.0
7554e6391000-7554e6392000 rw-p 00027000 103:02 16531187                  /usr/lib/x86_64-linux-gnu/libxcb.so.1.1.0
7554e6392000-7554e6395000 r--p 00000000 103:02 16530328                  /usr/lib/x86_64-linux-gnu/libXi.so.6.1.0
7554e6395000-7554e63a1000 r-xp 00003000 103:02 16530328                  /usr/lib/x86_64-linux-gnu/libXi.so.6.1.0
7554e63a1000-7554e63a3000 r--p 0000f000 103:02 16530328                  /usr/lib/x86_64-linux-gnu/libXi.so.6.1.0
7554e63a3000-7554e63a4000 r--p 00011000 103:02 16530328                  /usr/lib/x86_64-linux-gnu/libXi.so.6.1.0
7554e63a4000-7554e63a5000 rw-p 00012000 103:02 16530328                  /usr/lib/x86_64-linux-gnu/libXi.so.6.1.0
7554e63a5000-7554e63a7000 r--p 00000000 103:02 16530334                  /usr/lib/x86_64-linux-gnu/libXrender.so.1.3.0
7554e63a7000-7554e63ae000 r-xp 00002000 103:02 16530334                  /usr/lib/x86_64-linux-gnu/libXrender.so.1.3.0
7554e63ae000-7554e63af000 r--p 00009000 103:02 16530334                  /usr/lib/x86_64-linux-gnu/libXrender.so.1.3.0
7554e63af000-7554e63b0000 r--p 00009000 103:02 16530334                  /usr/lib/x86_64-linux-gnu/libXrender.so.1.3.0
7554e63b0000-7554e63b1000 rw-p 0000a000 103:02 16530334                  /usr/lib/x86_64-linux-gnu/libXrender.so.1.3.0
7554e63b1000-7554e63b5000 r--p 00000000 103:02 16530324                  /usr/lib/x86_64-linux-gnu/libXext.so.6.4.0
7554e63b5000-7554e63c0000 r-xp 00004000 103:02 16530324                  /usr/lib/x86_64-linux-gnu/libXext.so.6.4.0
7554e63c0000-7554e63c3000 r--p 0000f000 103:02 16530324                  /usr/lib/x86_64-linux-gnu/libXext.so.6.4.0
7554e63c3000-7554e63c4000 r--p 00011000 103:02 16530324                  /usr/lib/x86_64-linux-gnu/libXext.so.6.4.0
7554e63c4000-7554e63c5000 rw-p 00012000 103:02 16530324                  /usr/lib/x86_64-linux-gnu/libXext.so.6.4.0
7554e63c5000-7554e6420000 rw-p 00000000 00:00 0 
7554e6420000-7554e6421000 ---p 00000000 00:00 0 
7554e6421000-7554e6521000 rw-p 00000000 00:00 0 
7554e6521000-7554e7233000 rw-p 00000000 00:00 0 
7554e7233000-7554e7317000 ---p 00000000 00:00 0 
7554e7317000-7554e731c000 rw-p 00000000 00:00 0 
7554e731c000-7554e7400000 ---p 00000000 00:00 0 
7554e7400000-7554e749d000 r--p 00000000 103:02 16543594                  /usr/lib/x86_64-linux-gnu/libstdc++.so.6.0.33
7554e749d000-7554e75e5000 r-xp 0009d000 103:02 16543594                  /usr/lib/x86_64-linux-gnu/libstdc++.so.6.0.33
7554e75e5000-7554e766c000 r--p 001e5000 103:02 16543594                  /usr/lib/x86_64-linux-gnu/libstdc++.so.6.0.33
7554e766c000-7554e7677000 r--p 0026b000 103:02 16543594                  /usr/lib/x86_64-linux-gnu/libstdc++.so.6.0.33
7554e7677000-7554e767a000 rw-p 00276000 103:02 16543594                  /usr/lib/x86_64-linux-gnu/libstdc++.so.6.0.33
7554e767a000-7554e767e000 rw-p 00000000 00:00 0 
7554e7680000-7554e7681000 r--p 00000000 103:02 16530318                  /usr/lib/x86_64-linux-gnu/libXau.so.6.0.0
7554e7681000-7554e7683000 r-xp 00001000 103:02 16530318                  /usr/lib/x86_64-linux-gnu/libXau.so.6.0.0
7554e7683000-7554e7684000 r--p 00003000 103:02 16530318                  /usr/lib/x86_64-linux-gnu/libXau.so.6.0.0
7554e7684000-7554e7685000 r--p 00003000 103:02 16530318                  /usr/lib/x86_64-linux-gnu/libXau.so.6.0.0
7554e7685000-7554e7686000 rw-p 00004000 103:02 16530318                  /usr/lib/x86_64-linux-gnu/libXau.so.6.0.0
7554e7689000-7554e768a000 r--p 00000000 103:02 16530329                  /usr/lib/x86_64-linux-gnu/libXinerama.so.1.0.0
7554e768a000-7554e768b000 r-xp 00001000 103:02 16530329                  /usr/lib/x86_64-linux-gnu/libXinerama.so.1.0.0
7554e768b000-7554e768c000 r--p 00002000 103:02 16530329                  /usr/lib/x86_64-linux-gnu/libXinerama.so.1.0.0
7554e768c000-7554e768d000 r--p 00002000 103:02 16530329                  /usr/lib/x86_64-linux-gnu/libXinerama.so.1.0.0
7554e768d000-7554e768e000 rw-p 00003000 103:02 16530329                  /usr/lib/x86_64-linux-gnu/libXinerama.so.1.0.0
7554e768e000-7554e7690000 r--p 00000000 103:02 17172962                  /usr/lib/jvm/java-21-openjdk-amd64/lib/libjavajpeg.so
7554e7690000-7554e7697000 r-xp 00002000 103:02 17172962                  /usr/lib/jvm/java-21-openjdk-amd64/lib/libjavajpeg.so
7554e7697000-7554e7698000 r--p 00009000 103:02 17172962                  /usr/lib/jvm/java-21-openjdk-amd64/lib/libjavajpeg.so
7554e7698000-7554e7699000 r--p 0000a000 103:02 17172962                  /usr/lib/jvm/java-21-openjdk-amd64/lib/libjavajpeg.so
7554e7699000-7554e769a000 rw-p 0000b000 103:02 17172962                  /usr/lib/jvm/java-21-openjdk-amd64/lib/libjavajpeg.so
7554e769a000-7554e769d000 r--p 00000000 103:02 17172975                  /usr/lib/jvm/java-21-openjdk-amd64/lib/libnet.so
7554e769d000-7554e76a5000 r-xp 00003000 103:02 17172975                  /usr/lib/jvm/java-21-openjdk-amd64/lib/libnet.so
7554e76a5000-7554e76a7000 r--p 0000b000 103:02 17172975                  /usr/lib/jvm/java-21-openjdk-amd64/lib/libnet.so
7554e76a7000-7554e76a8000 r--p 0000c000 103:02 17172975                  /usr/lib/jvm/java-21-openjdk-amd64/lib/libnet.so
7554e76a8000-7554e76a9000 rw-p 0000d000 103:02 17172975                  /usr/lib/jvm/java-21-openjdk-amd64/lib/libnet.so
7554e76a9000-7554e76b0000 r--p 00000000 103:02 17172976                  /usr/lib/jvm/java-21-openjdk-amd64/lib/libnio.so
7554e76b0000-7554e76b9000 r-xp 00007000 103:02 17172976                  /usr/lib/jvm/java-21-openjdk-amd64/lib/libnio.so
7554e76b9000-7554e76bd000 r--p 00010000 103:02 17172976                  /usr/lib/jvm/java-21-openjdk-amd64/lib/libnio.so
7554e76bd000-7554e76be000 r--p 00014000 103:02 17172976                  /usr/lib/jvm/java-21-openjdk-amd64/lib/libnio.so
7554e76be000-7554e76bf000 rw-p 00015000 103:02 17172976                  /usr/lib/jvm/java-21-openjdk-amd64/lib/libnio.so
7554e76bf000-7554e7700000 rw-p 00000000 00:00 0 
7554e7700000-7554e7704000 ---p 00000000 00:00 0 
7554e7704000-7554e7800000 rw-p 00000000 00:00 0 
7554e7800000-7554e7a96000 r--p 00000000 103:02 17172990                  /usr/lib/jvm/java-21-openjdk-amd64/lib/server/libjvm.so
7554e7a96000-7554e88fe000 r-xp 00296000 103:02 17172990                  /usr/lib/jvm/java-21-openjdk-amd64/lib/server/libjvm.so
7554e88fe000-7554e8bd1000 r--p 010fe000 103:02 17172990                  /usr/lib/jvm/java-21-openjdk-amd64/lib/server/libjvm.so
7554e8bd1000-7554e8ca1000 r--p 013d0000 103:02 17172990                  /usr/lib/jvm/java-21-openjdk-amd64/lib/server/libjvm.so
7554e8ca1000-7554e8cd1000 rw-p 014a0000 103:02 17172990                  /usr/lib/jvm/java-21-openjdk-amd64/lib/server/libjvm.so
7554e8cd1000-7554e8d37000 rw-p 00000000 00:00 0 
7554e8d39000-7554e8d3b000 r--p 00000000 103:02 17172983                  /usr/lib/jvm/java-21-openjdk-amd64/lib/libzip.so
7554e8d3b000-7554e8d40000 r-xp 00002000 103:02 17172983                  /usr/lib/jvm/java-21-openjdk-amd64/lib/libzip.so
7554e8d40000-7554e8d42000 r--p 00007000 103:02 17172983                  /usr/lib/jvm/java-21-openjdk-amd64/lib/libzip.so
7554e8d42000-7554e8d43000 r--p 00008000 103:02 17172983                  /usr/lib/jvm/java-21-openjdk-amd64/lib/libzip.so
7554e8d43000-7554e8d44000 rw-p 00009000 103:02 17172983                  /usr/lib/jvm/java-21-openjdk-amd64/lib/libzip.so
7554e8d44000-7554e8e00000 rw-p 00000000 00:00 0 
7554e8e00000-7554e8e28000 r--p 00000000 103:02 16530474                  /usr/lib/x86_64-linux-gnu/libc.so.6
7554e8e28000-7554e8fb0000 r-xp 00028000 103:02 16530474                  /usr/lib/x86_64-linux-gnu/libc.so.6
7554e8fb0000-7554e8fff000 r--p 001b0000 103:02 16530474                  /usr/lib/x86_64-linux-gnu/libc.so.6
7554e8fff000-7554e9003000 r--p 001fe000 103:02 16530474                  /usr/lib/x86_64-linux-gnu/libc.so.6
7554e9003000-7554e9005000 rw-p 00202000 103:02 16530474                  /usr/lib/x86_64-linux-gnu/libc.so.6
7554e9005000-7554e9012000 rw-p 00000000 00:00 0 
7554e9014000-7554e9016000 r--p 00000000 103:02 16530337                  /usr/lib/x86_64-linux-gnu/libXtst.so.6.1.0
7554e9016000-7554e9019000 r-xp 00002000 103:02 16530337                  /usr/lib/x86_64-linux-gnu/libXtst.so.6.1.0
7554e9019000-7554e901a000 r--p 00005000 103:02 16530337                  /usr/lib/x86_64-linux-gnu/libXtst.so.6.1.0
7554e901a000-7554e901b000 r--p 00005000 103:02 16530337                  /usr/lib/x86_64-linux-gnu/libXtst.so.6.1.0
7554e901b000-7554e901c000 rw-p 00006000 103:02 16530337                  /usr/lib/x86_64-linux-gnu/libXtst.so.6.1.0
7554e901c000-7554e909e000 rw-p 00000000 00:00 0 
7554e909e000-7554e90a7000 ---p 00000000 00:00 0 
7554e90a7000-7554e90b4000 r--p 00000000 103:02 17172961                  /usr/lib/jvm/java-21-openjdk-amd64/lib/libjava.so
7554e90b4000-7554e90c3000 r-xp 0000d000 103:02 17172961                  /usr/lib/jvm/java-21-openjdk-amd64/lib/libjava.so
7554e90c3000-7554e90c8000 r--p 0001c000 103:02 17172961                  /usr/lib/jvm/java-21-openjdk-amd64/lib/libjava.so
7554e90c8000-7554e90c9000 r--p 00021000 103:02 17172961                  /usr/lib/jvm/java-21-openjdk-amd64/lib/libjava.so
7554e90c9000-7554e90ca000 rw-p 00022000 103:02 17172961                  /usr/lib/jvm/java-21-openjdk-amd64/lib/libjava.so
7554e90ca000-7554e90cb000 rw-p 00000000 00:00 0 
7554e90cb000-7554e90cf000 r--p 00000000 103:02 16528598                  /usr/lib/x86_64-linux-gnu/libgcc_s.so.1
7554e90cf000-7554e90f3000 r-xp 00004000 103:02 16528598                  /usr/lib/x86_64-linux-gnu/libgcc_s.so.1
7554e90f3000-7554e90f7000 r--p 00028000 103:02 16528598                  /usr/lib/x86_64-linux-gnu/libgcc_s.so.1
7554e90f7000-7554e90f8000 r--p 0002b000 103:02 16528598                  /usr/lib/x86_64-linux-gnu/libgcc_s.so.1
7554e90f8000-7554e90f9000 rw-p 0002c000 103:02 16528598                  /usr/lib/x86_64-linux-gnu/libgcc_s.so.1
7554e90f9000-7554e9109000 r--p 00000000 103:02 16530817                  /usr/lib/x86_64-linux-gnu/libm.so.6
7554e9109000-7554e9188000 r-xp 00010000 103:02 16530817                  /usr/lib/x86_64-linux-gnu/libm.so.6
7554e9188000-7554e91e0000 r--p 0008f000 103:02 16530817                  /usr/lib/x86_64-linux-gnu/libm.so.6
7554e91e0000-7554e91e1000 r--p 000e7000 103:02 16530817                  /usr/lib/x86_64-linux-gnu/libm.so.6
7554e91e1000-7554e91e2000 rw-p 000e8000 103:02 16530817                  /usr/lib/x86_64-linux-gnu/libm.so.6
7554e91e2000-7554e91e4000 rw-p 00000000 00:00 0 
7554e91e4000-7554e91e6000 r--p 00000000 103:02 17172965                  /usr/lib/jvm/java-21-openjdk-amd64/lib/libjli.so
7554e91e6000-7554e91f0000 r-xp 00002000 103:02 17172965                  /usr/lib/jvm/java-21-openjdk-amd64/lib/libjli.so
7554e91f0000-7554e91f3000 r--p 0000c000 103:02 17172965                  /usr/lib/jvm/java-21-openjdk-amd64/lib/libjli.so
7554e91f3000-7554e91f4000 r--p 0000f000 103:02 17172965                  /usr/lib/jvm/java-21-openjdk-amd64/lib/libjli.so
7554e91f4000-7554e91f5000 rw-p 00010000 103:02 17172965                  /usr/lib/jvm/java-21-openjdk-amd64/lib/libjli.so
7554e91f5000-7554e91f7000 r--p 00000000 103:02 16531205                  /usr/lib/x86_64-linux-gnu/libz.so.1.3
7554e91f7000-7554e9209000 r-xp 00002000 103:02 16531205                  /usr/lib/x86_64-linux-gnu/libz.so.1.3
7554e9209000-7554e920f000 r--p 00014000 103:02 16531205                  /usr/lib/x86_64-linux-gnu/libz.so.1.3
7554e920f000-7554e9210000 r--p 0001a000 103:02 16531205                  /usr/lib/x86_64-linux-gnu/libz.so.1.3
7554e9210000-7554e9211000 rw-p 0001b000 103:02 16531205                  /usr/lib/x86_64-linux-gnu/libz.so.1.3
7554e9212000-7554e921a000 rw-s 00000000 103:02 18219148                  /tmp/hsperfdata_dov/6667
7554e921a000-7554e921b000 ---p 00000000 00:00 0 
7554e921b000-7554e921c000 r--p 00000000 00:00 0 
7554e921c000-7554e921d000 ---p 00000000 00:00 0 
7554e921d000-7554e921f000 r--p 00000000 103:02 17172964                  /usr/lib/jvm/java-21-openjdk-amd64/lib/libjimage.so
7554e921f000-7554e9222000 r-xp 00002000 103:02 17172964                  /usr/lib/jvm/java-21-openjdk-amd64/lib/libjimage.so
7554e9222000-7554e9223000 r--p 00005000 103:02 17172964                  /usr/lib/jvm/java-21-openjdk-amd64/lib/libjimage.so
7554e9223000-7554e9224000 r--p 00006000 103:02 17172964                  /usr/lib/jvm/java-21-openjdk-amd64/lib/libjimage.so
7554e9224000-7554e9225000 rw-p 00007000 103:02 17172964                  /usr/lib/jvm/java-21-openjdk-amd64/lib/libjimage.so
7554e9225000-7554e9227000 rw-p 00000000 00:00 0 
7554e9227000-7554e9228000 r--p 00000000 103:02 16530286                  /usr/lib/x86_64-linux-gnu/ld-linux-x86-64.so.2
7554e9228000-7554e9253000 r-xp 00001000 103:02 16530286                  /usr/lib/x86_64-linux-gnu/ld-linux-x86-64.so.2
7554e9253000-7554e925d000 r--p 0002c000 103:02 16530286                  /usr/lib/x86_64-linux-gnu/ld-linux-x86-64.so.2
7554e925d000-7554e925f000 r--p 00036000 103:02 16530286                  /usr/lib/x86_64-linux-gnu/ld-linux-x86-64.so.2
7554e925f000-7554e9261000 rw-p 00038000 103:02 16530286                  /usr/lib/x86_64-linux-gnu/ld-linux-x86-64.so.2
7ffd725f8000-7ffd72619000 rw-p 00000000 00:00 0                          [stack]
7ffd7264f000-7ffd72653000 r--p 00000000 00:00 0                          [vvar]
7ffd72653000-7ffd72655000 r-xp 00000000 00:00 0                          [vdso]
ffffffffff600000-ffffffffff601000 --xp 00000000 00:00 0                  [vsyscall]
Total number of mappings: 460


VM Arguments:
jvm_args: -Dfile.encoding=UTF-8 --module-path=/home/dov/projects/NeighborhoodPIG/build/classes 
java_command: main.NeighborhoodPIG
java_class_path (initial): /home/dov/projects/Libraries/commons-math3/commons-math3-3.6.1-javadoc.jar:/home/dov/projects/Libraries/commons-math3/commons-math3-3.6.1-sources.jar:/home/dov/projects/Libraries/commons-math3/commons-math3-3.6.1-test-sources.jar:/home/dov/projects/Libraries/commons-math3/commons-math3-3.6.1-tests.jar:/home/dov/projects/Libraries/commons-math3/commons-math3-3.6.1-tools.jar:/home/dov/projects/Libraries/commons-math3/commons-math3-3.6.1.jar:/home/dov/projects/JCudaWrapper/jcuda12/jcublas-12.0.0.jar:/home/dov/projects/JCudaWrapper/jcuda12/jcublas-natives-12.0.0-linux-x86_64.jar:/home/dov/projects/JCudaWrapper/jcuda12/jcuda-12.0.0.jar:/home/dov/projects/JCudaWrapper/jcuda12/jcuda-natives-12.0.0-linux-x86_64.jar:/home/dov/projects/JCudaWrapper/jcuda12/jcudnn-12.0.0.jar:/home/dov/projects/JCudaWrapper/jcuda12/jcudnn-natives-12.0.0-linux-x86_64.jar:/home/dov/projects/JCudaWrapper/jcuda12/jcufft-12.0.0.jar:/home/dov/projects/JCudaWrapper/jcuda12/jcufft-natives-12.0.0-linux-x86_64.jar:/home/dov/projects/JCudaWrapper/jcuda12/jcurand-12.0.0.jar:/home/dov/projects/JCudaWrapper/jcuda12/jcurand-natives-12.0.0-linux-x86_64.jar:/home/dov/projects/JCudaWrapper/jcuda12/jcusolver-12.0.0.jar:/home/dov/projects/JCudaWrapper/jcuda12/jcusolver-natives-12.0.0-linux-x86_64.jar:/home/dov/projects/JCudaWrapper/jcuda12/jcusparse-12.0.0.jar:/home/dov/projects/JCudaWrapper/jcuda12/jcusparse-natives-12.0.0-linux-x86_64.jar:/home/dov/projects/NeighborhoodPIG/build/classes
Launcher Type: SUN_STANDARD

[Global flags]
     intx CICompilerCount                          = 12                                        {product} {ergonomic}
     uint ConcGCThreads                            = 3                                         {product} {ergonomic}
     uint G1ConcRefinementThreads                  = 13                                        {product} {ergonomic}
   size_t G1HeapRegionSize                         = 4194304                                   {product} {ergonomic}
    uintx GCDrainStackTargetSize                   = 64                                        {product} {ergonomic}
   size_t InitialHeapSize                          = 515899392                                 {product} {ergonomic}
   size_t MarkStackSize                            = 4194304                                   {product} {ergonomic}
   size_t MaxHeapSize                              = 8212447232                                {product} {ergonomic}
   size_t MaxNewSize                               = 4924112896                                {product} {ergonomic}
   size_t MinHeapDeltaBytes                        = 4194304                                   {product} {ergonomic}
   size_t MinHeapSize                              = 8388608                                   {product} {ergonomic}
    uintx NonNMethodCodeHeapSize                   = 7602480                                {pd product} {ergonomic}
    uintx NonProfiledCodeHeapSize                  = 122027880                              {pd product} {ergonomic}
    uintx ProfiledCodeHeapSize                     = 122027880                              {pd product} {ergonomic}
    uintx ReservedCodeCacheSize                    = 251658240                              {pd product} {ergonomic}
     bool SegmentedCodeCache                       = true                                      {product} {ergonomic}
   size_t SoftMaxHeapSize                          = 8212447232                             {manageable} {ergonomic}
     bool UseCompressedOops                        = true                           {product lp64_product} {ergonomic}
     bool UseG1GC                                  = true                                      {product} {ergonomic}

Logging:
Log output configuration:
 #0: stdout all=warning uptime,level,tags foldmultilines=false
 #1: stderr all=off uptime,level,tags foldmultilines=false

Environment Variables:
PATH=/usr/local/sbin:/usr/local/bin:/usr/sbin:/usr/bin:/sbin:/bin:/usr/games:/usr/local/games:/snap/bin:/snap/bin
USERNAME=dov
SHELL=/bin/bash
DISPLAY=:1
LANG=en_US.UTF-8

Active Locale:
LC_ALL=en_US.UTF-8
LC_COLLATE=en_US.UTF-8
LC_CTYPE=en_US.UTF-8
LC_MESSAGES=en_US.UTF-8
LC_MONETARY=en_US.UTF-8
LC_NUMERIC=en_US.UTF-8
LC_TIME=en_US.UTF-8

Signal Handlers:
   SIGSEGV: crash_handler in libjvm.so, mask=11100100010111111101111111111110, flags=SA_RESTART|SA_SIGINFO, unblocked
    SIGBUS: crash_handler in libjvm.so, mask=11100100010111111101111111111110, flags=SA_RESTART|SA_SIGINFO, unblocked
    SIGFPE: crash_handler in libjvm.so, mask=11100100010111111101111111111110, flags=SA_RESTART|SA_SIGINFO, unblocked
   SIGPIPE: javaSignalHandler in libjvm.so, mask=11100100010111111101111111111110, flags=SA_RESTART|SA_SIGINFO, blocked
   SIGXFSZ: javaSignalHandler in libjvm.so, mask=11100100010111111101111111111110, flags=SA_RESTART|SA_SIGINFO, blocked
    SIGILL: crash_handler in libjvm.so, mask=11100100010111111101111111111110, flags=SA_RESTART|SA_SIGINFO, unblocked
   SIGUSR2: SR_handler in libjvm.so, mask=00000000000000000000000000000000, flags=SA_RESTART|SA_SIGINFO, blocked
    SIGHUP: UserHandler in libjvm.so, mask=11100100010111111101111111111110, flags=SA_RESTART|SA_SIGINFO, blocked
    SIGINT: SIG_IGN, mask=00000000000000000000000000000000, flags=none, blocked
   SIGTERM: UserHandler in libjvm.so, mask=11100100010111111101111111111110, flags=SA_RESTART|SA_SIGINFO, blocked
   SIGQUIT: UserHandler in libjvm.so, mask=11100100010111111101111111111110, flags=SA_RESTART|SA_SIGINFO, blocked
   SIGTRAP: crash_handler in libjvm.so, mask=11100100010111111101111111111110, flags=SA_RESTART|SA_SIGINFO, unblocked


Periodic native trim disabled

---------------  S Y S T E M  ---------------

OS:
DISTRIB_ID=Ubuntu
DISTRIB_RELEASE=24.04
DISTRIB_CODENAME=noble
DISTRIB_DESCRIPTION="Ubuntu 24.04.1 LTS"
uname: Linux 6.8.0-47-generic #47-Ubuntu SMP PREEMPT_DYNAMIC Fri Sep 27 21:40:26 UTC 2024 x86_64
OS uptime: 0 days 0:22 hours
libc: glibc 2.39 NPTL 2.39 
rlimit (soft/hard): STACK 8192k/infinity , CORE 0k/infinity , NPROC 125013/125013 , NOFILE 1048576/1048576 , AS infinity/infinity , CPU infinity/infinity , DATA infinity/infinity , FSIZE infinity/infinity , MEMLOCK 4009332k/4009332k
load average: 0.31 0.70 0.72

/proc/meminfo:
MemTotal:       32074660 kB
MemFree:        25262960 kB
MemAvailable:   27033364 kB
Buffers:           99884 kB
Cached:          2079056 kB
SwapCached:            0 kB
Active:          4612472 kB
Inactive:         924368 kB
Active(anon):    3446424 kB
Inactive(anon):        0 kB
Active(file):    1166048 kB
Inactive(file):   924368 kB
Unevictable:          32 kB
Mlocked:              32 kB
SwapTotal:       8388604 kB
SwapFree:        8388604 kB
Zswap:                 0 kB
Zswapped:              0 kB
Dirty:               232 kB
Writeback:             0 kB
AnonPages:       3358448 kB
Mapped:           845488 kB
Shmem:             88524 kB
KReclaimable:      89908 kB
Slab:             356180 kB
SReclaimable:      89908 kB
SUnreclaim:       266272 kB
KernelStack:       21380 kB
PageTables:        50604 kB
SecPageTables:         0 kB
NFS_Unstable:          0 kB
Bounce:                0 kB
WritebackTmp:          0 kB
CommitLimit:    24425932 kB
Committed_AS:   24251384 kB
VmallocTotal:   34359738367 kB
VmallocUsed:      163328 kB
VmallocChunk:          0 kB
Percpu:            17408 kB
HardwareCorrupted:     0 kB
AnonHugePages:         0 kB
ShmemHugePages:        0 kB
ShmemPmdMapped:        0 kB
FileHugePages:         0 kB
FilePmdMapped:         0 kB
Unaccepted:            0 kB
HugePages_Total:       0
HugePages_Free:        0
HugePages_Rsvd:        0
HugePages_Surp:        0
Hugepagesize:       2048 kB
Hugetlb:               0 kB
DirectMap4k:     1096168 kB
DirectMap2M:    13836288 kB
DirectMap1G:    18874368 kB

/sys/kernel/mm/transparent_hugepage/enabled: always [madvise] never
/sys/kernel/mm/transparent_hugepage/hpage_pmd_size: 2097152
/sys/kernel/mm/transparent_hugepage/defrag (defrag/compaction efforts parameter): always defer defer+madvise [madvise] never

Process Memory:
Virtual Size: 17027864K (peak: 17057672K)
Resident Set Size: 284388K (peak: 284388K) (anon: 124452K, file: 151744K, shmem: 8192K)
Swapped out: 0K
C-Heap outstanding allocations: 64681K, retained: 3254K
glibc malloc tunables: (default)

/proc/sys/kernel/threads-max (system-wide limit on the number of threads): 250026
/proc/sys/vm/max_map_count (maximum number of memory map areas a process may have): 1048576
/proc/sys/vm/swappiness (control to define how aggressively the kernel swaps out anonymous memory): 60
/proc/sys/kernel/pid_max (system-wide limit on number of process identifiers): 4194304

container (cgroup) information:
container_type: cgroupv2
cpu_cpuset_cpus: not supported
cpu_memory_nodes: not supported
active_processor_count: 16
cpu_quota: not supported
cpu_period: not supported
cpu_shares: not supported
memory_limit_in_bytes: unlimited
memory_and_swap_limit_in_bytes: unlimited
memory_soft_limit_in_bytes: unlimited
memory_usage_in_bytes: 1772780 k
memory_max_usage_in_bytes: not supported
memory_swap_current_in_bytes: unlimited
memory_swap_max_limit_in_bytes: unlimited
maximum number of tasks: 37503
current number of tasks: 93

Steal ticks since vm start: 0
Steal ticks percentage since vm start:  0.000

CPU: total 16 (initial active 16) (16 cores per cpu, 2 threads per core) family 25 model 68 stepping 1 microcode 0xa404101, cx8, cmov, fxsr, ht, mmx, 3dnowpref, sse, sse2, sse3, ssse3, sse4a, sse4.1, sse4.2, popcnt, lzcnt, tsc, tscinvbit, avx, avx2, aes, clmul, bmi1, bmi2, adx, sha, fma, vzeroupper, clflush, clflushopt, rdtscp, rdpid, f16c, pku, ospke, cet_ss
CPU Model and flags from /proc/cpuinfo:
model name	: AMD Ryzen 9 6900HS with Radeon Graphics
flags		: fpu vme de pse tsc msr pae mce cx8 apic sep mtrr pge mca cmov pat pse36 clflush mmx fxsr sse sse2 ht syscall nx mmxext fxsr_opt pdpe1gb rdtscp lm constant_tsc rep_good nopl nonstop_tsc cpuid extd_apicid aperfmperf rapl pni pclmulqdq monitor ssse3 fma cx16 sse4_1 sse4_2 x2apic movbe popcnt aes xsave avx f16c rdrand lahf_lm cmp_legacy svm extapic cr8_legacy abm sse4a misalignsse 3dnowprefetch osvw ibs skinit wdt tce topoext perfctr_core perfctr_nb bpext perfctr_llc mwaitx cpb cat_l3 cdp_l3 hw_pstate ssbd mba ibrs ibpb stibp vmmcall fsgsbase bmi1 avx2 smep bmi2 invpcid cqm rdt_a rdseed adx smap clflushopt clwb sha_ni xsaveopt xsavec xgetbv1 xsaves cqm_llc cqm_occup_llc cqm_mbm_total cqm_mbm_local user_shstk clzero irperf xsaveerptr rdpru wbnoinvd cppc arat npt lbrv svm_lock nrip_save tsc_scale vmcb_clean flushbyasid decodeassists pausefilter pfthreshold avic v_vmsave_vmload vgif v_spec_ctrl umip pku ospke vaes vpclmulqdq rdpid overflow_recov succor smca debug_swap

Online cpus: 0-15
Offline cpus: 
BIOS frequency limitation: <Not Available>
Frequency switch latency (ns): 0
Available cpu frequencies: <Not Available>
Current governor: powersave
Core performance/turbo boost: <Not Available>

Memory: 4k page, physical 32074660k(27033364k free), swap 8388604k(8388604k free)
Page Sizes: 4k

vm_info: OpenJDK 64-Bit Server VM (21.0.4+7-Ubuntu-1ubuntu224.04) for linux-amd64 JRE (21.0.4+7-Ubuntu-1ubuntu224.04), built on 2024-07-23T01:34:52Z by "buildd" with gcc 13.2.0

END.
