#
# A fatal error has been detected by the Java Runtime Environment:
#
#  SIGSEGV (0xb) at pc=0x000071091a64b06e, pid=5368, tid=5372
#
# JRE version: OpenJDK Runtime Environment (21.0.4+7) (build 21.0.4+7-Ubuntu-1ubuntu224.04)
# Java VM: OpenJDK 64-Bit Server VM (21.0.4+7-Ubuntu-1ubuntu224.04, mixed mode, sharing, tiered, compressed oops, compressed class ptrs, g1 gc, linux-amd64)
# Problematic frame:
# C  [libcuda.so.1+0x24b06e]
#
# Core dump will be written. Default location: Core dumps may be processed with "/usr/share/apport/apport -p%p -s%s -c%c -d%d -P%P -u%u -g%g -- %E" (or dumping to /home/dov/projects/NeighborhoodPIG/core.5368)
#
# If you would like to submit a bug report, please visit:
#   https://bugs.launchpad.net/ubuntu/+source/openjdk-21
# The crash happened outside the Java Virtual Machine in native code.
# See problematic frame for where to report the bug.
#

---------------  S U M M A R Y ------------

Command Line: -Dfile.encoding=UTF-8 -agentlib:jdwp=transport=dt_socket,address=localhost:41109 --module-path=/home/dov/projects/NeighborhoodPIG/build/classes main.NeighborhoodPIG

Host: AMD Ryzen 9 6900HS with Radeon Graphics, 16 cores, 30G, Ubuntu 24.04.1 LTS
Time: Sun Nov  3 07:35:36 2024 IST elapsed time: 64.514316 seconds (0d 0h 1m 4s)

---------------  T H R E A D  ---------------

Current thread (0x000071095001b940):  JavaThread "main"             [_thread_in_native, id=5372, stack(0x0000710954900000,0x0000710954a00000) (1024K)]

Stack: [0x0000710954900000,0x0000710954a00000],  sp=0x00007109549fda40,  free space=1014k
Native frames: (J=compiled Java code, j=interpreted, Vv=VM code, C=native code)
C  [libcuda.so.1+0x24b06e]
C  [libcuda.so.1+0x24b5f8]
C  [libcuda.so.1+0x2f19c3]
j  jcuda.driver.JCudaDriver.cuStreamSynchronizeNative(Ljcuda/driver/CUstream;)I+0
j  jcuda.driver.JCudaDriver.cuStreamSynchronize(Ljcuda/driver/CUstream;)I+1
j  JCudaWrapper.resourceManagement.Handle.getStream()Ljcuda/runtime/cudaStream_t;+11
j  JCudaWrapper.array.Array.get(LJCudaWrapper/resourceManagement/Handle;Ljcuda/Pointer;III)V+70
j  JCudaWrapper.array.DArray.get(LJCudaWrapper/resourceManagement/Handle;[DIII)V+22
j  JCudaWrapper.array.DArray.get(LJCudaWrapper/resourceManagement/Handle;II)[D+12
j  JCudaWrapper.array.DArray.get(LJCudaWrapper/resourceManagement/Handle;)[D+7
j  JCudaWrapper.array.DSingleton.getVal(LJCudaWrapper/resourceManagement/Handle;)D+2
j  JCudaWrapper.algebra.Matrix.get(II)D+17
j  JCudaWrapper.algebra.Matrix.toString()Ljava/lang/String;+46
j  java.lang.String.valueOf(Ljava/lang/Object;)Ljava/lang/String;+11 java.base@21.0.4
j  java.lang.StringBuilder.append(Ljava/lang/Object;)Ljava/lang/StringBuilder;+2 java.base@21.0.4
j  JCudaWrapper.algebra.MatricesStride.toString()Ljava/lang/String;+27
v  ~StubRoutines::call_stub 0x000071093fc5fcc6
V  [libjvm.so+0x90841a]  JavaCalls::call_helper(JavaValue*, methodHandle const&, JavaCallArguments*, JavaThread*)+0x2da
V  [libjvm.so+0x9aade2]  jni_invoke_nonstatic(JNIEnv_*, JavaValue*, _jobject*, JNICallType, _jmethodID*, JNI_ArgumentPusher*, JavaThread*) [clone .constprop.1]+0x1c2
V  [libjvm.so+0x9ad618]  jni_CallObjectMethodA+0xa8
C  [libjdwp.so+0x200b6]  invoker_doInvoke+0xd36
C  [libjdwp.so+0x17269]  reportEvents.part.0+0xb9
C  [libjdwp.so+0x177c5]  event_callback+0x345
C  [libjdwp.so+0x1ae48]  cbBreakpoint+0xd8
V  [libjvm.so+0xb0ded4]  JvmtiExport::post_raw_breakpoint(JavaThread*, Method*, unsigned char*)+0x234
V  [libjvm.so+0x8fb41d]  InterpreterRuntime::_breakpoint(JavaThread*, Method*, unsigned char*)+0x1d
j  main.StructureTensorMatrix.getRGB()[[[D+18
j  main.NeighborhoodPIG.orientationColored(Ljava/lang/String;)V+4
j  main.NeighborhoodPIG.main([Ljava/lang/String;)V+14
v  ~StubRoutines::call_stub 0x000071093fc5fcc6
V  [libjvm.so+0x90841a]  JavaCalls::call_helper(JavaValue*, methodHandle const&, JavaCallArguments*, JavaThread*)+0x2da
V  [libjvm.so+0x9ae72d]  jni_invoke_static(JNIEnv_*, JavaValue*, _jobject*, JNICallType, _jmethodID*, JNI_ArgumentPusher*, JavaThread*) [clone .constprop.1]+0x35d
V  [libjvm.so+0x9b0c7f]  jni_CallStaticVoidMethod+0x12f
C  [libjli.so+0x55be]  JavaMain+0xfde
C  [libjli.so+0x844d]  ThreadJavaMain+0xd
C  [libc.so.6+0x9ca94]
Java frames: (J=compiled Java code, j=interpreted, Vv=VM code)
j  jcuda.driver.JCudaDriver.cuStreamSynchronizeNative(Ljcuda/driver/CUstream;)I+0
j  jcuda.driver.JCudaDriver.cuStreamSynchronize(Ljcuda/driver/CUstream;)I+1
j  JCudaWrapper.resourceManagement.Handle.getStream()Ljcuda/runtime/cudaStream_t;+11
j  JCudaWrapper.array.Array.get(LJCudaWrapper/resourceManagement/Handle;Ljcuda/Pointer;III)V+70
j  JCudaWrapper.array.DArray.get(LJCudaWrapper/resourceManagement/Handle;[DIII)V+22
j  JCudaWrapper.array.DArray.get(LJCudaWrapper/resourceManagement/Handle;II)[D+12
j  JCudaWrapper.array.DArray.get(LJCudaWrapper/resourceManagement/Handle;)[D+7
j  JCudaWrapper.array.DSingleton.getVal(LJCudaWrapper/resourceManagement/Handle;)D+2
j  JCudaWrapper.algebra.Matrix.get(II)D+17
j  JCudaWrapper.algebra.Matrix.toString()Ljava/lang/String;+46
j  java.lang.String.valueOf(Ljava/lang/Object;)Ljava/lang/String;+11 java.base@21.0.4
j  java.lang.StringBuilder.append(Ljava/lang/Object;)Ljava/lang/StringBuilder;+2 java.base@21.0.4
j  JCudaWrapper.algebra.MatricesStride.toString()Ljava/lang/String;+27
v  ~StubRoutines::call_stub 0x000071093fc5fcc6
j  main.StructureTensorMatrix.getRGB()[[[D+18
j  main.NeighborhoodPIG.orientationColored(Ljava/lang/String;)V+4
j  main.NeighborhoodPIG.main([Ljava/lang/String;)V+14
v  ~StubRoutines::call_stub 0x000071093fc5fcc6

siginfo: si_signo: 11 (SIGSEGV), si_code: 1 (SEGV_MAPERR), si_addr: 0x0000710e40db48b8

Registers:
RAX=0x0000710950643c70, RBX=0x00007109549fdb58, RCX=0x0000000000000002, RDX=0x00007109527e0820
RSP=0x00007109549fda40, RBP=0x00007109549fdaa0, RSI=0x0000000000000000, RDI=0x0000710950643c70
R8 =0x00007109549fdad8, R9 =0x0000000000000000, R10=0x00007109527e0820, R11=0x0000710e40db44d0
R12=0x00007109549fdad8, R13=0x0000710950643c70, R14=0x00007109549fdc68, R15=0x000071095001b940
RIP=0x000071091a64b06e, EFLAGS=0x0000000000010202, CSGSFS=0x002b000000000033, ERR=0x0000000000000004
  TRAPNO=0x000000000000000e


Register to memory mapping:

RAX=0x0000710950643c70 points into unknown readable memory: 0x000071095064ad70 | 70 ad 64 50 09 71 00 00
RBX=0x00007109549fdb58 is pointing into the stack for thread: 0x000071095001b940
RCX=0x0000000000000002 is an unknown value
RDX=0x00007109527e0820 points into unknown readable memory: 0x0000710950f6b050 | 50 b0 f6 50 09 71 00 00
RSP=0x00007109549fda40 is pointing into the stack for thread: 0x000071095001b940
RBP=0x00007109549fdaa0 is pointing into the stack for thread: 0x000071095001b940
RSI=0x0 is null
RDI=0x0000710950643c70 points into unknown readable memory: 0x000071095064ad70 | 70 ad 64 50 09 71 00 00
R8 =0x00007109549fdad8 is pointing into the stack for thread: 0x000071095001b940
R9 =0x0 is null
R10=0x00007109527e0820 points into unknown readable memory: 0x0000710950f6b050 | 50 b0 f6 50 09 71 00 00
R11=0x0000710e40db44d0 is an unknown value
R12=0x00007109549fdad8 is pointing into the stack for thread: 0x000071095001b940
R13=0x0000710950643c70 points into unknown readable memory: 0x000071095064ad70 | 70 ad 64 50 09 71 00 00
R14=0x00007109549fdc68 is pointing into the stack for thread: 0x000071095001b940
R15=0x000071095001b940 is a thread

Top of Stack: (sp=0x00007109549fda40)
0x00007109549fda40:   000071095001b940 00007109549fdac8
0x00007109549fda50:   00007109549fdab0 00007109559a3f27
0x00007109549fda60:   0000000000000000 00000006348977f8
0x00007109549fda70:   0000000634897758 00007109549fdb58
0x00007109549fda80:   0000000000000000 00007109549fdb50
0x00007109549fda90:   00007109549fdc68 000071095001b940
0x00007109549fdaa0:   00007109549fdb10 000071091a64b5f8
0x00007109549fdab0:   00007108c440a351 0000000000000004
0x00007109549fdac0:   00007108c440a858 0000000000000000
0x00007109549fdad0:   0000000634c055e8 0000000000000000
0x00007109549fdae0:   0000000000000000 00007108c44e06d0
0x00007109549fdaf0:   00007109527e0820 00007108c44e06d0
0x00007109549fdb00:   00007109549fdc68 000071095001b940
0x00007109549fdb10:   00007109549fdbe0 000071091a6f19c3
0x00007109549fdb20:   00007109549fdc68 000000000000002c
0x00007109549fdb30:   000003e7000018d2 0000000000000000
0x00007109549fdb40:   0000000000000000 0000710950643c70
0x00007109549fdb50:   0000000000000000 0000000000000000
0x00007109549fdb60:   00007109549fdbc8 0000000000000000
0x00007109549fdb70:   0000000000000000 0000000634897828
0x00007109549fdb80:   00007109549fdb80 00007108c4455b72
0x00007109549fdb90:   0000000000000005 00007108c4458000
0x00007109549fdba0:   0000000000000000 0000000634c7f3e0
0x00007109549fdbb0:   00007108c4455bb0 0000000000000000
0x00007109549fdbc0:   000071095001bcf8 00007108cc83604a
0x00007109549fdbd0:   000071093fc6789c 0000000000000000
0x00007109549fdbe0:   00007109549fdc48 000071093fc6eb6d
0x00007109549fdbf0:   0000000634897828 00007109549fdbf8
0x00007109549fdc00:   00007109549fdc00 0000000000000000
0x00007109549fdc10:   0000000000000004 00007108c44e42f0
0x00007109549fdc20:   0000000000000000 0000000634849510
0x00007109549fdc30:   00007108c44e06d0 0000000000000000 

Instructions: (pc=0x000071091a64b06e)
0x000071091a64af6e:   f6 c2 10 75 ba 83 e2 08 b8 8a 03 00 00 75 da 48
0x000071091a64af7e:   8b 59 08 4c 8d 63 08 4c 89 e7 e8 23 3a e9 ff 48
0x000071091a64af8e:   8b 5b 38 48 85 db 74 2d 66 2e 0f 1f 84 00 00 00
0x000071091a64af9e:   00 00 48 8b bb e8 03 00 00 48 85 ff 74 0b f6 43
0x000071091a64afae:   50 04 74 05 e8 c9 9a 29 00 48 8b 9b 58 01 00 00
0x000071091a64afbe:   48 85 db 75 dd 4c 89 e7 e8 15 35 e9 ff b8 8a 03
0x000071091a64afce:   00 00 eb 85 66 0f 1f 44 00 00 83 f8 02 ba 91 01
0x000071091a64afde:   00 00 b8 00 00 00 00 5b 0f 44 c2 41 5c 5d c3 0f
0x000071091a64afee:   1f 00 e8 8b 9a 29 00 b8 84 03 00 00 e9 58 ff ff
0x000071091a64affe:   ff 90 55 48 89 e5 41 57 41 56 41 55 49 89 fd 41
0x000071091a64b00e:   54 4d 89 c4 53 48 83 ec 38 49 c7 00 00 00 00 00
0x000071091a64b01e:   48 85 f6 0f 84 b9 00 00 00 44 8b 0e 41 ba 00 00
0x000071091a64b02e:   00 00 48 89 f3 45 85 c9 4c 0f 45 d6 48 83 fa 02
0x000071091a64b03e:   77 20 48 85 d2 74 5b 48 83 fa 02 0f 85 81 00 00
0x000071091a64b04e:   00 4d 85 d2 0f 84 a8 00 00 00 41 b8 90 01 00 00
0x000071091a64b05e:   eb 28 4c 8b 1a 4d 85 db 74 f0 49 39 5b 10 75 ea
0x000071091a64b06e:   49 83 bb e8 03 00 00 00 75 09 4d 85 ed 0f 85 57
0x000071091a64b07e:   01 00 00 4d 89 1c 24 45 31 c0 48 8d 65 d8 44 89
0x000071091a64b08e:   c0 5b 41 5c 41 5d 41 5e 41 5f 5d c3 66 0f 1f 44
0x000071091a64b09e:   00 00 83 f9 02 0f 84 27 02 00 00 83 f9 03 0f 84
0x000071091a64b0ae:   06 02 00 00 83 f9 01 0f 84 e5 01 00 00 0f b6 05
0x000071091a64b0be:   66 ac 91 01 c0 e8 03 83 e0 01 84 c0 0f 85 7f ff
0x000071091a64b0ce:   ff ff 4d 85 d2 0f 84 ef 00 00 00 4d 8b 5a 68 eb
0x000071091a64b0de:   84 90 48 83 fa 02 0f 86 6e ff ff ff 4c 8b 1a 4d
0x000071091a64b0ee:   85 db 0f 85 78 ff ff ff e9 5d ff ff ff 0f 1f 44
0x000071091a64b0fe:   00 00 4d 8b 5d 18 4d 85 db 74 0d 8b 43 38 41 39
0x000071091a64b10e:   45 20 0f 84 9f 00 00 00 4c 8d b3 a0 03 00 00 4c
0x000071091a64b11e:   89 55 a8 4d 8b 7d 10 4c 89 f7 e8 83 38 e9 ff 4c
0x000071091a64b12e:   8b 9b c8 03 00 00 45 31 c0 4c 89 fe 4c 89 c2 41
0x000071091a64b13e:   8b 3b 4c 89 5d b0 89 7d b8 e8 14 72 0d 00 4c 8b
0x000071091a64b14e:   5d b0 48 83 ec 08 8b 7d b8 45 31 c0 41 89 c1 4c
0x000071091a64b15e:   89 f9 49 8b 53 10 41 8b 73 0c 6a 00 e8 21 ee 2a 


Stack slot to memory mapping:

stack at sp + 0 slots: 0x000071095001b940 is a thread
stack at sp + 1 slots: 0x00007109549fdac8 is pointing into the stack for thread: 0x000071095001b940
stack at sp + 2 slots: 0x00007109549fdab0 is pointing into the stack for thread: 0x000071095001b940
stack at sp + 3 slots: 0x00007109559a3f27: <offset 0x0000000000fa3f27> in /usr/lib/jvm/java-21-openjdk-amd64/lib/server/libjvm.so at 0x0000710954a00000
stack at sp + 4 slots: 0x0 is null
stack at sp + 5 slots: 0x00000006348977f8 is an oop: java.util.stream.MatchOps$2MatchSink 
{0x00000006348977f8} - klass: 'java/util/stream/MatchOps$2MatchSink'
 - ---- fields (total size 3 words):
 - 'stop' 'Z' @12  false (0x00)
 - 'value' 'Z' @13  false (0x00)
 - final synthetic 'val$matchKind' 'Ljava/util/stream/MatchOps$MatchKind;' @16  a 'java/util/stream/MatchOps$MatchKind'{0x0000000634e50810} (0xc69ca102)
 - final synthetic 'val$predicate' 'Ljava/util/function/IntPredicate;' @20  a 'JCudaWrapper/array/Array$$Lambda+0x00007108d000b2f8'{0x00000006348977b8} (0xc6912ef7)
stack at sp + 6 slots: 0x0000000634897758 is an oop: java.util.Spliterators$IntArraySpliterator 
{0x0000000634897758} - klass: 'java/util/Spliterators$IntArraySpliterator'
 - ---- fields (total size 5 words):
 - private 'index' 'I' @12  1 (0x00000001)
 - private 'estimatedSize' 'J' @16  -1 (0xffffffffffffffff)
 - private final 'fence' 'I' @24  1 (0x00000001)
 - private final 'characteristics' 'I' @28  17488 (0x00004450)
 - private final 'array' '[I' @32  [I{0x0000000634897740} (0xc6912ee8)
stack at sp + 7 slots: 0x00007109549fdb58 is pointing into the stack for thread: 0x000071095001b940


---------------  P R O C E S S  ---------------

Threads class SMR info:
_java_thread_list=0x00007108880405b0, length=15, elements={
0x000071095001b940, 0x000071095013a1f0, 0x000071095013b680, 0x000071095013d150,
0x000071095013e7a0, 0x000071095013fd50, 0x0000710950141920, 0x000071095014afe0,
0x000071095016a110, 0x00007109501bd4b0, 0x00007109501d4c20, 0x0000710880001110,
0x00007109501d5ee0, 0x000071095154f5e0, 0x000071095158fe10
}

Java Threads: ( => current thread )
=>0x000071095001b940 JavaThread "main"                              [_thread_in_native, id=5372, stack(0x0000710954900000,0x0000710954a00000) (1024K)]
  0x000071095013a1f0 JavaThread "Reference Handler"          daemon [_thread_blocked, id=5380, stack(0x000071092cfed000,0x000071092d0ed000) (1024K)]
  0x000071095013b680 JavaThread "Finalizer"                  daemon [_thread_blocked, id=5381, stack(0x000071092c100000,0x000071092c200000) (1024K)]
  0x000071095013d150 JavaThread "Signal Dispatcher"          daemon [_thread_blocked, id=5382, stack(0x000071092c000000,0x000071092c100000) (1024K)]
  0x000071095013e7a0 JavaThread "Service Thread"             daemon [_thread_blocked, id=5383, stack(0x0000710925f00000,0x0000710926000000) (1024K)]
  0x000071095013fd50 JavaThread "Monitor Deflation Thread"   daemon [_thread_blocked, id=5384, stack(0x0000710925e00000,0x0000710925f00000) (1024K)]
  0x0000710950141920 JavaThread "C2 CompilerThread0"         daemon [_thread_blocked, id=5385, stack(0x0000710925d00000,0x0000710925e00000) (1024K)]
  0x000071095014afe0 JavaThread "C1 CompilerThread0"         daemon [_thread_blocked, id=5386, stack(0x0000710925c00000,0x0000710925d00000) (1024K)]
  0x000071095016a110 JavaThread "Common-Cleaner"             daemon [_thread_blocked, id=5387, stack(0x0000710925a2f000,0x0000710925b2f000) (1024K)]
  0x00007109501bd4b0 JavaThread "JDWP Transport Listener: dt_socket" daemon [_thread_blocked, id=5389, stack(0x000071092582f000,0x000071092592f000) (1024K)]
  0x00007109501d4c20 JavaThread "JDWP Event Helper Thread"   daemon [_thread_blocked, id=5392, stack(0x000071092572f000,0x000071092582f000) (1024K)]
  0x0000710880001110 JavaThread "JDWP Command Reader"        daemon [_thread_in_native, id=5393, stack(0x000071092562f000,0x000071092572f000) (1024K)]
  0x00007109501d5ee0 JavaThread "Notification Thread"        daemon [_thread_blocked, id=5395, stack(0x000071092552f000,0x000071092562f000) (1024K)]
  0x000071095154f5e0 JavaThread "pool-1-thread-1"            daemon [_thread_blocked, id=5403, stack(0x000071092542f000,0x000071092552f000) (1024K)]
  0x000071095158fe10 JavaThread "Java2D Disposer"            daemon [_thread_blocked, id=5404, stack(0x000071091a300000,0x000071091a400000) (1024K)]
Total: 15

Other Threads:
  0x000071095012cca0 VMThread "VM Thread"                           [id=5379, stack(0x000071092d0ee000,0x000071092d1ee000) (1024K)]
  0x0000710950112450 WatcherThread "VM Periodic Task Thread"        [id=5378, stack(0x000071092d1ef000,0x000071092d2ef000) (1024K)]
  0x0000710950046600 WorkerThread "GC Thread#0"                     [id=5373, stack(0x0000710935f00000,0x0000710936000000) (1024K)]
  0x0000710950057100 ConcurrentGCThread "G1 Main Marker"            [id=5374, stack(0x000071092e300000,0x000071092e400000) (1024K)]
  0x00007109500580b0 WorkerThread "G1 Conc#0"                       [id=5375, stack(0x000071092e1ff000,0x000071092e2ff000) (1024K)]
  0x00007109500ffcc0 ConcurrentGCThread "G1 Refine#0"               [id=5376, stack(0x000071092d3f1000,0x000071092d4f1000) (1024K)]
  0x0000710950100c80 ConcurrentGCThread "G1 Service"                [id=5377, stack(0x000071092d2f0000,0x000071092d3f0000) (1024K)]
Total: 7

Threads with active compile tasks:
Total: 0

VM state: not at safepoint (normal execution)

VM Mutex/Monitor currently owned by a thread: None

Heap address: 0x0000000616800000, size: 7832 MB, Compressed Oops mode: Zero based, Oop shift amount: 3

CDS archive(s) mapped at: [0x00007108cf000000-0x00007108cfcae000-0x00007108cfcae000), size 13295616, SharedBaseAddress: 0x00007108cf000000, ArchiveRelocationMode: 1.
Compressed class space mapped at: 0x00007108d0000000-0x0000710910000000, reserved size: 1073741824
Narrow klass base: 0x00007108cf000000, Narrow klass shift: 0, Narrow klass range: 0x100000000

GC Precious Log:
 CardTable entry size: 512
 Card Set container configuration: InlinePtr #cards 4 size 8 Array Of Cards #cards 32 size 80 Howl #buckets 8 coarsen threshold 7372 Howl Bitmap #cards 1024 size 144 coarsen threshold 921 Card regions per heap region 1 cards per card region 8192
 CPUs: 16 total, 16 available
 Memory: 31322M
 Large Page Support: Disabled
 NUMA Support: Disabled
 Compressed Oops: Enabled (Zero based)
 Heap Region Size: 4M
 Heap Min Capacity: 8M
 Heap Initial Capacity: 492M
 Heap Max Capacity: 7832M
 Pre-touch: Disabled
 Parallel Workers: 13
 Concurrent Workers: 3
 Concurrent Refinement Workers: 13
 Periodic GC: Disabled

Heap:
 garbage-first heap   total 507904K, used 9246K [0x0000000616800000, 0x0000000800000000)
  region size 4096K, 3 young (12288K), 0 survivors (0K)
 Metaspace       used 3401K, committed 3584K, reserved 1114112K
  class space    used 289K, committed 384K, reserved 1048576K

Heap Regions: E=young(eden), S=young(survivor), O=old, HS=humongous(starts), HC=humongous(continues), CS=collection set, F=free, TAMS=top-at-mark-start, PB=parsable bottom
|   0|0x0000000616800000, 0x0000000616800000, 0x0000000616c00000|  0%| F|  |TAMS 0x0000000616800000| PB 0x0000000616800000| Untracked 
|   1|0x0000000616c00000, 0x0000000616c00000, 0x0000000617000000|  0%| F|  |TAMS 0x0000000616c00000| PB 0x0000000616c00000| Untracked 
|   2|0x0000000617000000, 0x0000000617000000, 0x0000000617400000|  0%| F|  |TAMS 0x0000000617000000| PB 0x0000000617000000| Untracked 
|   3|0x0000000617400000, 0x0000000617400000, 0x0000000617800000|  0%| F|  |TAMS 0x0000000617400000| PB 0x0000000617400000| Untracked 
|   4|0x0000000617800000, 0x0000000617800000, 0x0000000617c00000|  0%| F|  |TAMS 0x0000000617800000| PB 0x0000000617800000| Untracked 
|   5|0x0000000617c00000, 0x0000000617c00000, 0x0000000618000000|  0%| F|  |TAMS 0x0000000617c00000| PB 0x0000000617c00000| Untracked 
|   6|0x0000000618000000, 0x0000000618000000, 0x0000000618400000|  0%| F|  |TAMS 0x0000000618000000| PB 0x0000000618000000| Untracked 
|   7|0x0000000618400000, 0x0000000618400000, 0x0000000618800000|  0%| F|  |TAMS 0x0000000618400000| PB 0x0000000618400000| Untracked 
|   8|0x0000000618800000, 0x0000000618800000, 0x0000000618c00000|  0%| F|  |TAMS 0x0000000618800000| PB 0x0000000618800000| Untracked 
|   9|0x0000000618c00000, 0x0000000618c00000, 0x0000000619000000|  0%| F|  |TAMS 0x0000000618c00000| PB 0x0000000618c00000| Untracked 
|  10|0x0000000619000000, 0x0000000619000000, 0x0000000619400000|  0%| F|  |TAMS 0x0000000619000000| PB 0x0000000619000000| Untracked 
|  11|0x0000000619400000, 0x0000000619400000, 0x0000000619800000|  0%| F|  |TAMS 0x0000000619400000| PB 0x0000000619400000| Untracked 
|  12|0x0000000619800000, 0x0000000619800000, 0x0000000619c00000|  0%| F|  |TAMS 0x0000000619800000| PB 0x0000000619800000| Untracked 
|  13|0x0000000619c00000, 0x0000000619c00000, 0x000000061a000000|  0%| F|  |TAMS 0x0000000619c00000| PB 0x0000000619c00000| Untracked 
|  14|0x000000061a000000, 0x000000061a000000, 0x000000061a400000|  0%| F|  |TAMS 0x000000061a000000| PB 0x000000061a000000| Untracked 
|  15|0x000000061a400000, 0x000000061a400000, 0x000000061a800000|  0%| F|  |TAMS 0x000000061a400000| PB 0x000000061a400000| Untracked 
|  16|0x000000061a800000, 0x000000061a800000, 0x000000061ac00000|  0%| F|  |TAMS 0x000000061a800000| PB 0x000000061a800000| Untracked 
|  17|0x000000061ac00000, 0x000000061ac00000, 0x000000061b000000|  0%| F|  |TAMS 0x000000061ac00000| PB 0x000000061ac00000| Untracked 
|  18|0x000000061b000000, 0x000000061b000000, 0x000000061b400000|  0%| F|  |TAMS 0x000000061b000000| PB 0x000000061b000000| Untracked 
|  19|0x000000061b400000, 0x000000061b400000, 0x000000061b800000|  0%| F|  |TAMS 0x000000061b400000| PB 0x000000061b400000| Untracked 
|  20|0x000000061b800000, 0x000000061b800000, 0x000000061bc00000|  0%| F|  |TAMS 0x000000061b800000| PB 0x000000061b800000| Untracked 
|  21|0x000000061bc00000, 0x000000061bc00000, 0x000000061c000000|  0%| F|  |TAMS 0x000000061bc00000| PB 0x000000061bc00000| Untracked 
|  22|0x000000061c000000, 0x000000061c000000, 0x000000061c400000|  0%| F|  |TAMS 0x000000061c000000| PB 0x000000061c000000| Untracked 
|  23|0x000000061c400000, 0x000000061c400000, 0x000000061c800000|  0%| F|  |TAMS 0x000000061c400000| PB 0x000000061c400000| Untracked 
|  24|0x000000061c800000, 0x000000061c800000, 0x000000061cc00000|  0%| F|  |TAMS 0x000000061c800000| PB 0x000000061c800000| Untracked 
|  25|0x000000061cc00000, 0x000000061cc00000, 0x000000061d000000|  0%| F|  |TAMS 0x000000061cc00000| PB 0x000000061cc00000| Untracked 
|  26|0x000000061d000000, 0x000000061d000000, 0x000000061d400000|  0%| F|  |TAMS 0x000000061d000000| PB 0x000000061d000000| Untracked 
|  27|0x000000061d400000, 0x000000061d400000, 0x000000061d800000|  0%| F|  |TAMS 0x000000061d400000| PB 0x000000061d400000| Untracked 
|  28|0x000000061d800000, 0x000000061d800000, 0x000000061dc00000|  0%| F|  |TAMS 0x000000061d800000| PB 0x000000061d800000| Untracked 
|  29|0x000000061dc00000, 0x000000061dc00000, 0x000000061e000000|  0%| F|  |TAMS 0x000000061dc00000| PB 0x000000061dc00000| Untracked 
|  30|0x000000061e000000, 0x000000061e000000, 0x000000061e400000|  0%| F|  |TAMS 0x000000061e000000| PB 0x000000061e000000| Untracked 
|  31|0x000000061e400000, 0x000000061e400000, 0x000000061e800000|  0%| F|  |TAMS 0x000000061e400000| PB 0x000000061e400000| Untracked 
|  32|0x000000061e800000, 0x000000061e800000, 0x000000061ec00000|  0%| F|  |TAMS 0x000000061e800000| PB 0x000000061e800000| Untracked 
|  33|0x000000061ec00000, 0x000000061ec00000, 0x000000061f000000|  0%| F|  |TAMS 0x000000061ec00000| PB 0x000000061ec00000| Untracked 
|  34|0x000000061f000000, 0x000000061f000000, 0x000000061f400000|  0%| F|  |TAMS 0x000000061f000000| PB 0x000000061f000000| Untracked 
|  35|0x000000061f400000, 0x000000061f400000, 0x000000061f800000|  0%| F|  |TAMS 0x000000061f400000| PB 0x000000061f400000| Untracked 
|  36|0x000000061f800000, 0x000000061f800000, 0x000000061fc00000|  0%| F|  |TAMS 0x000000061f800000| PB 0x000000061f800000| Untracked 
|  37|0x000000061fc00000, 0x000000061fc00000, 0x0000000620000000|  0%| F|  |TAMS 0x000000061fc00000| PB 0x000000061fc00000| Untracked 
|  38|0x0000000620000000, 0x0000000620000000, 0x0000000620400000|  0%| F|  |TAMS 0x0000000620000000| PB 0x0000000620000000| Untracked 
|  39|0x0000000620400000, 0x0000000620400000, 0x0000000620800000|  0%| F|  |TAMS 0x0000000620400000| PB 0x0000000620400000| Untracked 
|  40|0x0000000620800000, 0x0000000620800000, 0x0000000620c00000|  0%| F|  |TAMS 0x0000000620800000| PB 0x0000000620800000| Untracked 
|  41|0x0000000620c00000, 0x0000000620c00000, 0x0000000621000000|  0%| F|  |TAMS 0x0000000620c00000| PB 0x0000000620c00000| Untracked 
|  42|0x0000000621000000, 0x0000000621000000, 0x0000000621400000|  0%| F|  |TAMS 0x0000000621000000| PB 0x0000000621000000| Untracked 
|  43|0x0000000621400000, 0x0000000621400000, 0x0000000621800000|  0%| F|  |TAMS 0x0000000621400000| PB 0x0000000621400000| Untracked 
|  44|0x0000000621800000, 0x0000000621800000, 0x0000000621c00000|  0%| F|  |TAMS 0x0000000621800000| PB 0x0000000621800000| Untracked 
|  45|0x0000000621c00000, 0x0000000621c00000, 0x0000000622000000|  0%| F|  |TAMS 0x0000000621c00000| PB 0x0000000621c00000| Untracked 
|  46|0x0000000622000000, 0x0000000622000000, 0x0000000622400000|  0%| F|  |TAMS 0x0000000622000000| PB 0x0000000622000000| Untracked 
|  47|0x0000000622400000, 0x0000000622400000, 0x0000000622800000|  0%| F|  |TAMS 0x0000000622400000| PB 0x0000000622400000| Untracked 
|  48|0x0000000622800000, 0x0000000622800000, 0x0000000622c00000|  0%| F|  |TAMS 0x0000000622800000| PB 0x0000000622800000| Untracked 
|  49|0x0000000622c00000, 0x0000000622c00000, 0x0000000623000000|  0%| F|  |TAMS 0x0000000622c00000| PB 0x0000000622c00000| Untracked 
|  50|0x0000000623000000, 0x0000000623000000, 0x0000000623400000|  0%| F|  |TAMS 0x0000000623000000| PB 0x0000000623000000| Untracked 
|  51|0x0000000623400000, 0x0000000623400000, 0x0000000623800000|  0%| F|  |TAMS 0x0000000623400000| PB 0x0000000623400000| Untracked 
|  52|0x0000000623800000, 0x0000000623800000, 0x0000000623c00000|  0%| F|  |TAMS 0x0000000623800000| PB 0x0000000623800000| Untracked 
|  53|0x0000000623c00000, 0x0000000623c00000, 0x0000000624000000|  0%| F|  |TAMS 0x0000000623c00000| PB 0x0000000623c00000| Untracked 
|  54|0x0000000624000000, 0x0000000624000000, 0x0000000624400000|  0%| F|  |TAMS 0x0000000624000000| PB 0x0000000624000000| Untracked 
|  55|0x0000000624400000, 0x0000000624400000, 0x0000000624800000|  0%| F|  |TAMS 0x0000000624400000| PB 0x0000000624400000| Untracked 
|  56|0x0000000624800000, 0x0000000624800000, 0x0000000624c00000|  0%| F|  |TAMS 0x0000000624800000| PB 0x0000000624800000| Untracked 
|  57|0x0000000624c00000, 0x0000000624c00000, 0x0000000625000000|  0%| F|  |TAMS 0x0000000624c00000| PB 0x0000000624c00000| Untracked 
|  58|0x0000000625000000, 0x0000000625000000, 0x0000000625400000|  0%| F|  |TAMS 0x0000000625000000| PB 0x0000000625000000| Untracked 
|  59|0x0000000625400000, 0x0000000625400000, 0x0000000625800000|  0%| F|  |TAMS 0x0000000625400000| PB 0x0000000625400000| Untracked 
|  60|0x0000000625800000, 0x0000000625800000, 0x0000000625c00000|  0%| F|  |TAMS 0x0000000625800000| PB 0x0000000625800000| Untracked 
|  61|0x0000000625c00000, 0x0000000625c00000, 0x0000000626000000|  0%| F|  |TAMS 0x0000000625c00000| PB 0x0000000625c00000| Untracked 
|  62|0x0000000626000000, 0x0000000626000000, 0x0000000626400000|  0%| F|  |TAMS 0x0000000626000000| PB 0x0000000626000000| Untracked 
|  63|0x0000000626400000, 0x0000000626400000, 0x0000000626800000|  0%| F|  |TAMS 0x0000000626400000| PB 0x0000000626400000| Untracked 
|  64|0x0000000626800000, 0x0000000626800000, 0x0000000626c00000|  0%| F|  |TAMS 0x0000000626800000| PB 0x0000000626800000| Untracked 
|  65|0x0000000626c00000, 0x0000000626c00000, 0x0000000627000000|  0%| F|  |TAMS 0x0000000626c00000| PB 0x0000000626c00000| Untracked 
|  66|0x0000000627000000, 0x0000000627000000, 0x0000000627400000|  0%| F|  |TAMS 0x0000000627000000| PB 0x0000000627000000| Untracked 
|  67|0x0000000627400000, 0x0000000627400000, 0x0000000627800000|  0%| F|  |TAMS 0x0000000627400000| PB 0x0000000627400000| Untracked 
|  68|0x0000000627800000, 0x0000000627800000, 0x0000000627c00000|  0%| F|  |TAMS 0x0000000627800000| PB 0x0000000627800000| Untracked 
|  69|0x0000000627c00000, 0x0000000627c00000, 0x0000000628000000|  0%| F|  |TAMS 0x0000000627c00000| PB 0x0000000627c00000| Untracked 
|  70|0x0000000628000000, 0x0000000628000000, 0x0000000628400000|  0%| F|  |TAMS 0x0000000628000000| PB 0x0000000628000000| Untracked 
|  71|0x0000000628400000, 0x0000000628400000, 0x0000000628800000|  0%| F|  |TAMS 0x0000000628400000| PB 0x0000000628400000| Untracked 
|  72|0x0000000628800000, 0x0000000628800000, 0x0000000628c00000|  0%| F|  |TAMS 0x0000000628800000| PB 0x0000000628800000| Untracked 
|  73|0x0000000628c00000, 0x0000000628c00000, 0x0000000629000000|  0%| F|  |TAMS 0x0000000628c00000| PB 0x0000000628c00000| Untracked 
|  74|0x0000000629000000, 0x0000000629000000, 0x0000000629400000|  0%| F|  |TAMS 0x0000000629000000| PB 0x0000000629000000| Untracked 
|  75|0x0000000629400000, 0x0000000629400000, 0x0000000629800000|  0%| F|  |TAMS 0x0000000629400000| PB 0x0000000629400000| Untracked 
|  76|0x0000000629800000, 0x0000000629800000, 0x0000000629c00000|  0%| F|  |TAMS 0x0000000629800000| PB 0x0000000629800000| Untracked 
|  77|0x0000000629c00000, 0x0000000629c00000, 0x000000062a000000|  0%| F|  |TAMS 0x0000000629c00000| PB 0x0000000629c00000| Untracked 
|  78|0x000000062a000000, 0x000000062a000000, 0x000000062a400000|  0%| F|  |TAMS 0x000000062a000000| PB 0x000000062a000000| Untracked 
|  79|0x000000062a400000, 0x000000062a400000, 0x000000062a800000|  0%| F|  |TAMS 0x000000062a400000| PB 0x000000062a400000| Untracked 
|  80|0x000000062a800000, 0x000000062a800000, 0x000000062ac00000|  0%| F|  |TAMS 0x000000062a800000| PB 0x000000062a800000| Untracked 
|  81|0x000000062ac00000, 0x000000062ac00000, 0x000000062b000000|  0%| F|  |TAMS 0x000000062ac00000| PB 0x000000062ac00000| Untracked 
|  82|0x000000062b000000, 0x000000062b000000, 0x000000062b400000|  0%| F|  |TAMS 0x000000062b000000| PB 0x000000062b000000| Untracked 
|  83|0x000000062b400000, 0x000000062b400000, 0x000000062b800000|  0%| F|  |TAMS 0x000000062b400000| PB 0x000000062b400000| Untracked 
|  84|0x000000062b800000, 0x000000062b800000, 0x000000062bc00000|  0%| F|  |TAMS 0x000000062b800000| PB 0x000000062b800000| Untracked 
|  85|0x000000062bc00000, 0x000000062bc00000, 0x000000062c000000|  0%| F|  |TAMS 0x000000062bc00000| PB 0x000000062bc00000| Untracked 
|  86|0x000000062c000000, 0x000000062c000000, 0x000000062c400000|  0%| F|  |TAMS 0x000000062c000000| PB 0x000000062c000000| Untracked 
|  87|0x000000062c400000, 0x000000062c400000, 0x000000062c800000|  0%| F|  |TAMS 0x000000062c400000| PB 0x000000062c400000| Untracked 
|  88|0x000000062c800000, 0x000000062c800000, 0x000000062cc00000|  0%| F|  |TAMS 0x000000062c800000| PB 0x000000062c800000| Untracked 
|  89|0x000000062cc00000, 0x000000062cc00000, 0x000000062d000000|  0%| F|  |TAMS 0x000000062cc00000| PB 0x000000062cc00000| Untracked 
|  90|0x000000062d000000, 0x000000062d000000, 0x000000062d400000|  0%| F|  |TAMS 0x000000062d000000| PB 0x000000062d000000| Untracked 
|  91|0x000000062d400000, 0x000000062d400000, 0x000000062d800000|  0%| F|  |TAMS 0x000000062d400000| PB 0x000000062d400000| Untracked 
|  92|0x000000062d800000, 0x000000062d800000, 0x000000062dc00000|  0%| F|  |TAMS 0x000000062d800000| PB 0x000000062d800000| Untracked 
|  93|0x000000062dc00000, 0x000000062dc00000, 0x000000062e000000|  0%| F|  |TAMS 0x000000062dc00000| PB 0x000000062dc00000| Untracked 
|  94|0x000000062e000000, 0x000000062e000000, 0x000000062e400000|  0%| F|  |TAMS 0x000000062e000000| PB 0x000000062e000000| Untracked 
|  95|0x000000062e400000, 0x000000062e400000, 0x000000062e800000|  0%| F|  |TAMS 0x000000062e400000| PB 0x000000062e400000| Untracked 
|  96|0x000000062e800000, 0x000000062e800000, 0x000000062ec00000|  0%| F|  |TAMS 0x000000062e800000| PB 0x000000062e800000| Untracked 
|  97|0x000000062ec00000, 0x000000062ec00000, 0x000000062f000000|  0%| F|  |TAMS 0x000000062ec00000| PB 0x000000062ec00000| Untracked 
|  98|0x000000062f000000, 0x000000062f000000, 0x000000062f400000|  0%| F|  |TAMS 0x000000062f000000| PB 0x000000062f000000| Untracked 
|  99|0x000000062f400000, 0x000000062f400000, 0x000000062f800000|  0%| F|  |TAMS 0x000000062f400000| PB 0x000000062f400000| Untracked 
| 100|0x000000062f800000, 0x000000062f800000, 0x000000062fc00000|  0%| F|  |TAMS 0x000000062f800000| PB 0x000000062f800000| Untracked 
| 101|0x000000062fc00000, 0x000000062fc00000, 0x0000000630000000|  0%| F|  |TAMS 0x000000062fc00000| PB 0x000000062fc00000| Untracked 
| 102|0x0000000630000000, 0x0000000630000000, 0x0000000630400000|  0%| F|  |TAMS 0x0000000630000000| PB 0x0000000630000000| Untracked 
| 103|0x0000000630400000, 0x0000000630400000, 0x0000000630800000|  0%| F|  |TAMS 0x0000000630400000| PB 0x0000000630400000| Untracked 
| 104|0x0000000630800000, 0x0000000630800000, 0x0000000630c00000|  0%| F|  |TAMS 0x0000000630800000| PB 0x0000000630800000| Untracked 
| 105|0x0000000630c00000, 0x0000000630c00000, 0x0000000631000000|  0%| F|  |TAMS 0x0000000630c00000| PB 0x0000000630c00000| Untracked 
| 106|0x0000000631000000, 0x0000000631000000, 0x0000000631400000|  0%| F|  |TAMS 0x0000000631000000| PB 0x0000000631000000| Untracked 
| 107|0x0000000631400000, 0x0000000631400000, 0x0000000631800000|  0%| F|  |TAMS 0x0000000631400000| PB 0x0000000631400000| Untracked 
| 108|0x0000000631800000, 0x0000000631800000, 0x0000000631c00000|  0%| F|  |TAMS 0x0000000631800000| PB 0x0000000631800000| Untracked 
| 109|0x0000000631c00000, 0x0000000631c00000, 0x0000000632000000|  0%| F|  |TAMS 0x0000000631c00000| PB 0x0000000631c00000| Untracked 
| 110|0x0000000632000000, 0x0000000632000000, 0x0000000632400000|  0%| F|  |TAMS 0x0000000632000000| PB 0x0000000632000000| Untracked 
| 111|0x0000000632400000, 0x0000000632400000, 0x0000000632800000|  0%| F|  |TAMS 0x0000000632400000| PB 0x0000000632400000| Untracked 
| 112|0x0000000632800000, 0x0000000632800000, 0x0000000632c00000|  0%| F|  |TAMS 0x0000000632800000| PB 0x0000000632800000| Untracked 
| 113|0x0000000632c00000, 0x0000000632c00000, 0x0000000633000000|  0%| F|  |TAMS 0x0000000632c00000| PB 0x0000000632c00000| Untracked 
| 114|0x0000000633000000, 0x0000000633000000, 0x0000000633400000|  0%| F|  |TAMS 0x0000000633000000| PB 0x0000000633000000| Untracked 
| 115|0x0000000633400000, 0x0000000633400000, 0x0000000633800000|  0%| F|  |TAMS 0x0000000633400000| PB 0x0000000633400000| Untracked 
| 116|0x0000000633800000, 0x0000000633800000, 0x0000000633c00000|  0%| F|  |TAMS 0x0000000633800000| PB 0x0000000633800000| Untracked 
| 117|0x0000000633c00000, 0x0000000633c00000, 0x0000000634000000|  0%| F|  |TAMS 0x0000000633c00000| PB 0x0000000633c00000| Untracked 
| 118|0x0000000634000000, 0x0000000634000000, 0x0000000634400000|  0%| F|  |TAMS 0x0000000634000000| PB 0x0000000634000000| Untracked 
| 119|0x0000000634400000, 0x0000000634400000, 0x0000000634800000|  0%| F|  |TAMS 0x0000000634400000| PB 0x0000000634400000| Untracked 
| 120|0x0000000634800000, 0x00000006348f6648, 0x0000000634c00000| 24%| E|  |TAMS 0x0000000634800000| PB 0x0000000634800000| Complete 
| 121|0x0000000634c00000, 0x0000000635000000, 0x0000000635000000|100%| E|CS|TAMS 0x0000000634c00000| PB 0x0000000634c00000| Complete 
| 122|0x0000000635000000, 0x0000000635400000, 0x0000000635400000|100%| E|CS|TAMS 0x0000000635000000| PB 0x0000000635000000| Complete 
|1957|0x00000007ffc00000, 0x00000007ffd079d8, 0x0000000800000000| 25%| O|  |TAMS 0x00000007ffc00000| PB 0x00000007ffc00000| Untracked 

Card table byte_map: [0x0000710936000000,0x0000710936f4c000] _byte_map_base: 0x0000710932f4c000

Marking Bits: (CMBitMap*) 0x0000710950047130
 Bits: [0x000071092e400000, 0x0000710935e60000)

Polling page: 0x00007109563c1000

Metaspace:

Usage:
  Non-class:      3.04 MB used.
      Class:    289.82 KB used.
       Both:      3.32 MB used.

Virtual space:
  Non-class space:       64.00 MB reserved,       3.12 MB (  5%) committed,  1 nodes.
      Class space:        1.00 GB reserved,     384.00 KB ( <1%) committed,  1 nodes.
             Both:        1.06 GB reserved,       3.50 MB ( <1%) committed. 

Chunk freelists:
   Non-Class:  11.00 MB
       Class:  15.61 MB
        Both:  26.61 MB

MaxMetaspaceSize: unlimited
CompressedClassSpaceSize: 1.00 GB
Initial GC threshold: 21.00 MB
Current GC threshold: 21.00 MB
CDS: on
 - commit_granule_bytes: 65536.
 - commit_granule_words: 8192.
 - virtual_space_node_default_size: 8388608.
 - enlarge_chunks_in_place: 1.
 - use_allocation_guard: 0.


Internal statistics:

num_allocs_failed_limit: 0.
num_arena_births: 104.
num_arena_deaths: 0.
num_vsnodes_births: 2.
num_vsnodes_deaths: 0.
num_space_committed: 56.
num_space_uncommitted: 0.
num_chunks_returned_to_freelist: 0.
num_chunks_taken_from_freelist: 180.
num_chunk_merges: 0.
num_chunk_splits: 108.
num_chunks_enlarged: 49.
num_inconsistent_stats: 0.

CodeHeap 'non-profiled nmethods': size=119168Kb used=201Kb max_used=201Kb free=118966Kb
 bounds [0x00007109403a0000, 0x0000710940610000, 0x0000710947800000]
CodeHeap 'profiled nmethods': size=119164Kb used=1034Kb max_used=1034Kb free=118129Kb
 bounds [0x0000710938800000, 0x0000710938a70000, 0x000071093fc5f000]
CodeHeap 'non-nmethods': size=7428Kb used=1567Kb max_used=2702Kb free=5860Kb
 bounds [0x000071093fc5f000, 0x000071093ff0f000, 0x00007109403a0000]
 total_blobs=1298 nmethods=696 adapters=508
 compilation: enabled
              stopped_count=0, restarted_count=0
 full_count=0

Compilation events (20 events):
Event: 0.391 Thread 0x000071095014afe0 nmethod 686 0x00007109388fc790 code [0x00007109388fc940, 0x00007109388fcbb0]
Event: 0.392 Thread 0x000071089406eb90 nmethod 678 0x00007109388fcd10 code [0x00007109388fd160, 0x00007109388ff810]
Event: 0.392 Thread 0x000071089406eb90  687       1       jdk.internal.loader.URLClassPath$Loader::getBaseURL (5 bytes)
Event: 0.392 Thread 0x000071089406eb90 nmethod 687 0x00007109403d1810 code [0x00007109403d19a0, 0x00007109403d1a68]
Event: 0.393 Thread 0x000071088803e770  688       3       java.util.jar.JarFile::maybeInstantiateVerifier (42 bytes)
Event: 0.393 Thread 0x000071088803e770 nmethod 688 0x0000710938900a10 code [0x0000710938900be0, 0x0000710938900f50]
Event: 0.393 Thread 0x000071089406eb90  689       1       java.net.URLStreamHandler::getDefaultPort (2 bytes)
Event: 0.393 Thread 0x000071089406eb90 nmethod 689 0x00007109403d1b10 code [0x00007109403d1ca0, 0x00007109403d1d60]
Event: 0.393 Thread 0x000071095014afe0  690       3       jdk.internal.ref.CleanerFactory::cleaner (4 bytes)
Event: 0.393 Thread 0x000071095014afe0 nmethod 690 0x0000710938901090 code [0x0000710938901220, 0x0000710938901310]
Event: 0.394 Thread 0x0000710950141920  691       4       java.lang.invoke.MethodType::parameterCount (6 bytes)
Event: 0.394 Thread 0x0000710950141920 nmethod 691 0x00007109403d1e10 code [0x00007109403d1f80, 0x00007109403d2028]
Event: 0.396 Thread 0x000071088803e770  693       3       java.lang.String::indexOf (64 bytes)
Event: 0.396 Thread 0x000071095014afe0  694       3       java.lang.StringLatin1::indexOf (25 bytes)
Event: 0.397 Thread 0x000071095014afe0 nmethod 694 0x0000710938901390 code [0x0000710938901540, 0x0000710938901750]
Event: 0.397 Thread 0x000071088803e770 nmethod 693 0x0000710938901810 code [0x0000710938901a20, 0x0000710938901f08]
Event: 0.399 Thread 0x000071089406eb90  696       3       JCudaWrapper.array.Array::checkUpperBound (51 bytes)
Event: 0.399 Thread 0x000071095014afe0  695       3       JCudaWrapper.array.Array::checkAgainstLength (10 bytes)
Event: 0.399 Thread 0x000071095014afe0 nmethod 695 0x0000710938902090 code [0x0000710938902220, 0x00007109389023f8]
Event: 0.399 Thread 0x000071089406eb90 nmethod 696 0x0000710938902490 code [0x0000710938902660, 0x00007109389029c8]

GC Heap History (0 events):
No events

Dll operation events (11 events):
Event: 0.002 Loaded shared library /usr/lib/jvm/java-21-openjdk-amd64/lib/libjava.so
Event: 0.030 Loaded shared library /usr/lib/jvm/java-21-openjdk-amd64/lib/libjsvml.so
Event: 0.033 Loaded shared library /usr/lib/jvm/java-21-openjdk-amd64/lib/libnio.so
Event: 0.105 Loaded shared library /usr/lib/jvm/java-21-openjdk-amd64/lib/libzip.so
Event: 0.136 Loaded shared library /usr/lib/jvm/java-21-openjdk-amd64/lib/libjimage.so
Event: 0.173 Loaded shared library /tmp/libJCublas2-12.0.0-linux-x86_64.so
Event: 0.281 Loaded shared library /tmp/libJCudaRuntime-12.0.0-linux-x86_64.so
Event: 0.298 Loaded shared library /usr/lib/jvm/java-21-openjdk-amd64/lib/libawt.so
Event: 0.301 Loaded shared library /usr/lib/jvm/java-21-openjdk-amd64/lib/libawt_xawt.so
Event: 0.333 Loaded shared library /usr/lib/jvm/java-21-openjdk-amd64/lib/libjavajpeg.so
Event: 0.387 Loaded shared library /tmp/libJCudaDriver-12.0.0-linux-x86_64.so

Deoptimization events (20 events):
Event: 0.293 Thread 0x000071095001b940 DEOPT PACKING pc=0x00007109403ac3e0 sp=0x00007109549fcda0
Event: 0.293 Thread 0x000071095001b940 DEOPT UNPACKING pc=0x000071093fcb2f99 sp=0x00007109549fcd68 mode 2
Event: 0.300 Thread 0x000071095001b940 Uncommon trap: trap_request=0xffffff45 fr.pc=0x00007109403b2bec relative=0x00000000000001cc
Event: 0.300 Thread 0x000071095001b940 Uncommon trap: reason=unstable_if action=reinterpret pc=0x00007109403b2bec method=jdk.internal.util.ArraysSupport.vectorizedHashCode(Ljava/lang/Object;IIII)I @ 2 c2
Event: 0.300 Thread 0x000071095001b940 DEOPT PACKING pc=0x00007109403b2bec sp=0x00007109549fa820
Event: 0.300 Thread 0x000071095001b940 DEOPT UNPACKING pc=0x000071093fcb2f99 sp=0x00007109549fa810 mode 2
Event: 0.386 Thread 0x000071095001b940 DEOPT PACKING pc=0x0000710938815859 sp=0x00007109549fd610
Event: 0.386 Thread 0x000071095001b940 DEOPT UNPACKING pc=0x000071093fcb372f sp=0x00007109549fca50 mode 0
Event: 0.394 Thread 0x000071095001b940 Uncommon trap: trap_request=0xffffffc6 fr.pc=0x00007109403b01d8 relative=0x0000000000000d18
Event: 0.394 Thread 0x000071095001b940 Uncommon trap: reason=bimorphic_or_optimized_type_check action=maybe_recompile pc=0x00007109403b01d8 method=java.util.HashMap.putVal(ILjava/lang/Object;Ljava/lang/Object;ZZ)Ljava/lang/Object; @ 56 c2
Event: 0.394 Thread 0x000071095001b940 DEOPT PACKING pc=0x00007109403b01d8 sp=0x00007109549fe4e0
Event: 0.394 Thread 0x000071095001b940 DEOPT UNPACKING pc=0x000071093fcb2f99 sp=0x00007109549fe488 mode 2
Event: 0.397 Thread 0x000071095001b940 Uncommon trap: trap_request=0xffffffc6 fr.pc=0x00007109403b01d8 relative=0x0000000000000d18
Event: 0.397 Thread 0x000071095001b940 Uncommon trap: reason=bimorphic_or_optimized_type_check action=maybe_recompile pc=0x00007109403b01d8 method=java.util.HashMap.putVal(ILjava/lang/Object;Ljava/lang/Object;ZZ)Ljava/lang/Object; @ 56 c2
Event: 0.397 Thread 0x000071095001b940 DEOPT PACKING pc=0x00007109403b01d8 sp=0x00007109549fe260
Event: 0.397 Thread 0x000071095001b940 DEOPT UNPACKING pc=0x000071093fcb2f99 sp=0x00007109549fe208 mode 2
Event: 0.398 Thread 0x000071095001b940 Uncommon trap: trap_request=0xffffffc6 fr.pc=0x00007109403b01d8 relative=0x0000000000000d18
Event: 0.398 Thread 0x000071095001b940 Uncommon trap: reason=bimorphic_or_optimized_type_check action=maybe_recompile pc=0x00007109403b01d8 method=java.util.HashMap.putVal(ILjava/lang/Object;Ljava/lang/Object;ZZ)Ljava/lang/Object; @ 56 c2
Event: 0.398 Thread 0x000071095001b940 DEOPT PACKING pc=0x00007109403b01d8 sp=0x00007109549fe440
Event: 0.398 Thread 0x000071095001b940 DEOPT UNPACKING pc=0x000071093fcb2f99 sp=0x00007109549fe3e8 mode 2

Classes loaded (20 events):
Event: 0.343 Loading class java/util/stream/MatchOps$MatchKind
Event: 0.343 Loading class java/util/stream/MatchOps$MatchKind done
Event: 0.343 Loading class java/util/stream/MatchOps
Event: 0.343 Loading class java/util/stream/MatchOps done
Event: 0.343 Loading class java/util/stream/MatchOps$MatchOp
Event: 0.343 Loading class java/util/stream/MatchOps$MatchOp done
Event: 0.343 Loading class java/util/stream/MatchOps$BooleanTerminalSink
Event: 0.343 Loading class java/util/stream/MatchOps$BooleanTerminalSink done
Event: 0.343 Loading class java/util/stream/MatchOps$2MatchSink
Event: 0.343 Loading class java/util/stream/MatchOps$2MatchSink done
Event: 0.344 Loading class java/util/stream/MatchOps$1MatchSink
Event: 0.344 Loading class java/util/stream/MatchOps$1MatchSink done
Event: 0.344 Loading class java/nio/HeapDoubleBuffer
Event: 0.344 Loading class java/nio/HeapDoubleBuffer done
Event: 0.369 Loading class java/awt/Dimension
Event: 0.369 Loading class java/awt/geom/Dimension2D
Event: 0.369 Loading class java/awt/geom/Dimension2D done
Event: 0.369 Loading class java/awt/Dimension done
Event: 0.395 Loading class java/nio/HeapIntBuffer
Event: 0.395 Loading class java/nio/HeapIntBuffer done

Classes unloaded (0 events):
No events

Classes redefined (0 events):
No events

Internal exceptions (13 events):
Event: 0.065 Thread 0x000071095001b940 Exception <a 'sun/nio/fs/UnixException'{0x0000000635070ea8}> (0x0000000635070ea8) 
thrown [./src/hotspot/share/prims/jni.cpp, line 520]
Event: 0.065 Thread 0x000071095001b940 Exception <a 'sun/nio/fs/UnixException'{0x00000006350715e8}> (0x00000006350715e8) 
thrown [./src/hotspot/share/prims/jni.cpp, line 520]
Event: 0.065 Thread 0x000071095001b940 Exception <a 'sun/nio/fs/UnixException'{0x0000000635071e18}> (0x0000000635071e18) 
thrown [./src/hotspot/share/prims/jni.cpp, line 520]
Event: 0.065 Thread 0x000071095001b940 Exception <a 'sun/nio/fs/UnixException'{0x0000000635072410}> (0x0000000635072410) 
thrown [./src/hotspot/share/prims/jni.cpp, line 520]
Event: 0.065 Thread 0x000071095001b940 Exception <a 'sun/nio/fs/UnixException'{0x00000006350729e0}> (0x00000006350729e0) 
thrown [./src/hotspot/share/prims/jni.cpp, line 520]
Event: 0.065 Thread 0x000071095001b940 Exception <a 'sun/nio/fs/UnixException'{0x0000000635072fc0}> (0x0000000635072fc0) 
thrown [./src/hotspot/share/prims/jni.cpp, line 520]
Event: 0.066 Thread 0x000071095001b940 Exception <a 'sun/nio/fs/UnixException'{0x0000000635073810}> (0x0000000635073810) 
thrown [./src/hotspot/share/prims/jni.cpp, line 520]
Event: 0.287 Thread 0x000071095001b940 Exception <a 'java/lang/NoSuchMethodError'{0x0000000634cd2998}: 'void java.lang.invoke.DirectMethodHandle$Holder.invokeStatic(java.lang.Object, java.lang.Object)'> (0x0000000634cd2998) 
thrown [./src/hotspot/share/interpreter/linkResolver.cpp, line 772]
Event: 0.293 Thread 0x000071095001b940 Implicit null exception at 0x00007109403ac263 to 0x00007109403ac3d0
Event: 0.296 Thread 0x000071095001b940 Exception <a 'java/lang/ClassNotFoundException'{0x0000000634ce7080}: sun/awt/resources/spi/awtProvider> (0x0000000634ce7080) 
thrown [./src/hotspot/share/classfile/systemDictionary.cpp, line 312]
Event: 0.309 Thread 0x000071095001b940 Exception <a 'java/io/FileNotFoundException'{0x0000000634db5040}> (0x0000000634db5040) 
thrown [./src/hotspot/share/prims/jni.cpp, line 520]
Event: 0.348 Thread 0x000071095001b940 Exception <a 'java/lang/NoSuchMethodError'{0x0000000634f61758}: 'java.lang.Object java.lang.invoke.DirectMethodHandle$Holder.invokeStatic(java.lang.Object, java.lang.Object, int)'> (0x0000000634f61758) 
thrown [./src/hotspot/share/interpreter/linkResolver.cpp, line 772]
Event: 0.375 Thread 0x000071095001b940 Exception <a 'java/lang/NoSuchMethodError'{0x0000000634fcf638}: 'java.lang.Object java.lang.invoke.DirectMethodHandle$Holder.newInvokeSpecial(java.lang.Object, java.lang.Object, int)'> (0x0000000634fcf638) 
thrown [./src/hotspot/share/interpreter/linkResolver.cpp, line 772]

ZGC Phase Switch (0 events):
No events

VM Operations (20 events):
Event: 0.317 Executing VM operation: ChangeBreakpoints
Event: 0.317 Executing VM operation: ChangeBreakpoints done
Event: 0.356 Executing VM operation: ChangeBreakpoints
Event: 0.356 Executing VM operation: ChangeBreakpoints done
Event: 0.367 Executing VM operation: ChangeBreakpoints
Event: 0.367 Executing VM operation: ChangeBreakpoints done
Event: 1.367 Executing VM operation: Cleanup
Event: 1.367 Executing VM operation: Cleanup done
Event: 2.192 Executing VM operation: get/set locals
Event: 2.192 Executing VM operation: get/set locals done
Event: 2.211 Executing VM operation: get/set locals
Event: 2.211 Executing VM operation: get/set locals done
Event: 2.216 Executing VM operation: get/set locals
Event: 2.216 Executing VM operation: get/set locals done
Event: 58.178 Executing VM operation: get/set locals
Event: 58.178 Executing VM operation: get/set locals done
Event: 60.077 Executing VM operation: HandshakeAllThreads (HandshakeForDeflation)
Event: 60.077 Executing VM operation: HandshakeAllThreads (HandshakeForDeflation) done
Event: 60.077 Executing VM operation: RendezvousGCThreads
Event: 60.077 Executing VM operation: RendezvousGCThreads done

Memory protections (18 events):
Event: 0.002 Protecting memory [0x0000710954900000,0x0000710954904000] with protection modes 0
Event: 0.028 Protecting memory [0x000071092cfed000,0x000071092cff1000] with protection modes 0
Event: 0.028 Protecting memory [0x000071092c100000,0x000071092c104000] with protection modes 0
Event: 0.029 Protecting memory [0x000071092c000000,0x000071092c004000] with protection modes 0
Event: 0.029 Protecting memory [0x0000710925f00000,0x0000710925f04000] with protection modes 0
Event: 0.029 Protecting memory [0x0000710925e00000,0x0000710925e04000] with protection modes 0
Event: 0.029 Protecting memory [0x0000710925d00000,0x0000710925d04000] with protection modes 0
Event: 0.029 Protecting memory [0x0000710925c00000,0x0000710925c04000] with protection modes 0
Event: 0.051 Protecting memory [0x0000710925a2f000,0x0000710925a33000] with protection modes 0
Event: 0.060 Protecting memory [0x000071092592f000,0x0000710925933000] with protection modes 0
Event: 0.083 Protecting memory [0x000071092582f000,0x0000710925833000] with protection modes 0
Event: 0.083 Protecting memory [0x000071092572f000,0x0000710925733000] with protection modes 0
Event: 0.083 Protecting memory [0x000071092562f000,0x0000710925633000] with protection modes 0
Event: 0.099 Protecting memory [0x000071092552f000,0x0000710925533000] with protection modes 0
Event: 0.112 Protecting memory [0x000071092542f000,0x0000710925433000] with protection modes 0
Event: 0.289 Protecting memory [0x000071092542f000,0x0000710925433000] with protection modes 0
Event: 0.331 Protecting memory [0x000071091a300000,0x000071091a304000] with protection modes 0
Event: 0.373 Protecting memory [0x0000710919f00000,0x0000710919f04000] with protection modes 0

Nmethod flushes (0 events):
No events

Events (20 events):
Event: 0.028 Thread 0x000071095001b940 Thread added: 0x000071095013a1f0
Event: 0.028 Thread 0x000071095001b940 Thread added: 0x000071095013b680
Event: 0.029 Thread 0x000071095001b940 Thread added: 0x000071095013d150
Event: 0.029 Thread 0x000071095001b940 Thread added: 0x000071095013e7a0
Event: 0.029 Thread 0x000071095001b940 Thread added: 0x000071095013fd50
Event: 0.029 Thread 0x000071095001b940 Thread added: 0x0000710950141920
Event: 0.029 Thread 0x000071095001b940 Thread added: 0x000071095014afe0
Event: 0.051 Thread 0x000071095001b940 Thread added: 0x000071095016a110
Event: 0.060 Thread 0x000071095014afe0 Thread added: 0x000071089406eb90
Event: 0.083 Thread 0x000071095001b940 Thread added: 0x00007109501bd4b0
Event: 0.083 Thread 0x000071095001b940 Thread added: 0x00007109501d4c20
Event: 0.083 Thread 0x00007109501bd4b0 Thread added: 0x0000710880001110
Event: 0.099 Thread 0x000071095001b940 Thread added: 0x00007109501d5ee0
Event: 0.112 Thread 0x000071089406eb90 Thread added: 0x0000710888034270
Event: 0.278 Thread 0x0000710888034270 Thread exited: 0x0000710888034270
Event: 0.289 Thread 0x000071095001b940 Thread added: 0x000071095154f5e0
Event: 0.331 Thread 0x000071095001b940 Thread added: 0x000071095158fe10
Event: 0.373 Thread 0x000071089406eb90 Thread added: 0x000071088803e770
Event: 5.399 Thread 0x000071088803e770 Thread exited: 0x000071088803e770
Event: 5.399 Thread 0x000071089406eb90 Thread exited: 0x000071089406eb90


Dynamic libraries:
200000000-200200000 ---p 00000000 00:00 0 
200200000-200400000 rw-s 00000000 00:05 1111                             /dev/nvidia0
200400000-203400000 rw-s 00000000 00:05 1110                             /dev/nvidiactl
203400000-204400000 ---p 00000000 00:00 0 
204400000-204600000 rw-s 00000000 00:05 1110                             /dev/nvidiactl
204600000-204800000 rw-s 00000000 00:05 1110                             /dev/nvidiactl
204800000-204a00000 rw-s 00000000 00:05 1110                             /dev/nvidiactl
204a00000-204c00000 rw-s 204a00000 00:05 1112                            /dev/nvidia-uvm
204c00000-204e00000 rw-s 00000000 00:05 1110                             /dev/nvidiactl
204e00000-205000000 ---p 00000000 00:00 0 
205000000-205200000 rw-s 00000000 00:05 1110                             /dev/nvidiactl
205200000-300200000 ---p 00000000 00:00 0 
616800000-635400000 rw-p 00000000 00:00 0 
635400000-7ffc00000 ---p 00000000 00:00 0 
7ffc00000-7ffd08000 rw-p 00ced000 103:02 17172987                        /usr/lib/jvm/java-21-openjdk-amd64/lib/server/classes.jsa
7ffd08000-800000000 rw-p 00000000 00:00 0 
10000000000-10004000000 ---p 00000000 00:00 0 
5d73fb106000-5d73fb107000 r--p 00000000 103:02 17172834                  /usr/lib/jvm/java-21-openjdk-amd64/bin/java
5d73fb107000-5d73fb108000 r-xp 00001000 103:02 17172834                  /usr/lib/jvm/java-21-openjdk-amd64/bin/java
5d73fb108000-5d73fb109000 r--p 00002000 103:02 17172834                  /usr/lib/jvm/java-21-openjdk-amd64/bin/java
5d73fb109000-5d73fb10a000 r--p 00002000 103:02 17172834                  /usr/lib/jvm/java-21-openjdk-amd64/bin/java
5d73fb10a000-5d73fb10b000 rw-p 00003000 103:02 17172834                  /usr/lib/jvm/java-21-openjdk-amd64/bin/java
5d73fb722000-5d73fb76a000 rw-p 00000000 00:00 0                          [heap]
7107fc000000-7107fc021000 rw-p 00000000 00:00 0 
7107fc021000-710800000000 ---p 00000000 00:00 0 
710804000000-710804021000 rw-p 00000000 00:00 0 
710804021000-710808000000 ---p 00000000 00:00 0 
71080a000000-710812000000 ---p 00000000 00:00 0 
710814000000-710816000000 ---p 00000000 00:00 0 
710818000000-710818021000 rw-p 00000000 00:00 0 
710818021000-71081c000000 ---p 00000000 00:00 0 
710820000000-710830000000 ---p 00000000 00:00 0 
710832000000-710832400000 ---p 00000000 00:00 0 
710832400000-710832600000 rw-s 00000000 00:05 1110                       /dev/nvidiactl
710832600000-710832800000 rw-s 00000000 00:01 2084                       /dev/zero (deleted)
710832800000-710832a00000 rw-s 00000000 00:01 2085                       /dev/zero (deleted)
710832a00000-710833000000 ---p 00000000 00:00 0 
710833000000-710833200000 rw-s 00000000 00:05 1110                       /dev/nvidiactl
710833200000-710833400000 ---p 00000000 00:00 0 
710833400000-710833600000 rw-s 00000000 00:01 2087                       /dev/zero (deleted)
710833600000-710833b33000 rw-s 00000000 00:05 1110                       /dev/nvidiactl
710833b33000-710834000000 ---p 00000000 00:00 0 
710836000000-71083c000000 ---p 00000000 00:00 0 
71083c000000-71083c021000 rw-p 00000000 00:00 0 
71083c021000-710840000000 ---p 00000000 00:00 0 
710840200000-71085d463000 r-xp 00000000 103:02 16524125                  /usr/lib/x86_64-linux-gnu/libcublasLt.so.12.0.2.224
71085d463000-71085d663000 ---p 1d263000 103:02 16524125                  /usr/lib/x86_64-linux-gnu/libcublasLt.so.12.0.2.224
71085d663000-71085d893000 r--p 1d263000 103:02 16524125                  /usr/lib/x86_64-linux-gnu/libcublasLt.so.12.0.2.224
71085d893000-71085e827000 rw-p 1d493000 103:02 16524125                  /usr/lib/x86_64-linux-gnu/libcublasLt.so.12.0.2.224
71085e827000-71086100f000 rw-p 00000000 00:00 0 
710861400000-710867a67000 r-xp 00000000 103:02 16524127                  /usr/lib/x86_64-linux-gnu/libcublas.so.12.0.2.224
710867a67000-710867c67000 ---p 06667000 103:02 16524127                  /usr/lib/x86_64-linux-gnu/libcublas.so.12.0.2.224
710867c67000-710867c6e000 r--p 06667000 103:02 16524127                  /usr/lib/x86_64-linux-gnu/libcublas.so.12.0.2.224
710867c6e000-710867c75000 rw-p 0666e000 103:02 16524127                  /usr/lib/x86_64-linux-gnu/libcublas.so.12.0.2.224
710867c75000-710867c7d000 rw-p 00000000 00:00 0 
710868000000-710868021000 rw-p 00000000 00:00 0 
710868021000-71086c000000 ---p 00000000 00:00 0 
710870000000-710870021000 rw-p 00000000 00:00 0 
710870021000-710874000000 ---p 00000000 00:00 0 
710874000000-710874021000 rw-p 00000000 00:00 0 
710874021000-710878000000 ---p 00000000 00:00 0 
71087c000000-71087c021000 rw-p 00000000 00:00 0 
71087c021000-710880000000 ---p 00000000 00:00 0 
710880000000-710880021000 rw-p 00000000 00:00 0 
710880021000-710884000000 ---p 00000000 00:00 0 
710888000000-710888099000 rw-p 00000000 00:00 0 
710888099000-71088c000000 ---p 00000000 00:00 0 
71088c000000-71088c021000 rw-p 00000000 00:00 0 
71088c021000-710890000000 ---p 00000000 00:00 0 
710894000000-710894145000 rw-p 00000000 00:00 0 
710894145000-710898000000 ---p 00000000 00:00 0 
710898000000-710898137000 rw-p 00000000 00:00 0 
710898137000-71089c000000 ---p 00000000 00:00 0 
7108a0000000-7108a0021000 rw-p 00000000 00:00 0 
7108a0021000-7108a4000000 ---p 00000000 00:00 0 
7108a4000000-7108a4021000 rw-p 00000000 00:00 0 
7108a4021000-7108a8000000 ---p 00000000 00:00 0 
7108ac000000-7108ac021000 rw-p 00000000 00:00 0 
7108ac021000-7108b0000000 ---p 00000000 00:00 0 
7108b0000000-7108b0021000 rw-p 00000000 00:00 0 
7108b0021000-7108b4000000 ---p 00000000 00:00 0 
7108b8000000-7108b8021000 rw-p 00000000 00:00 0 
7108b8021000-7108bc000000 ---p 00000000 00:00 0 
7108bc000000-7108bc021000 rw-p 00000000 00:00 0 
7108bc021000-7108c0000000 ---p 00000000 00:00 0 
7108c0400000-7108c317c000 r-xp 00000000 103:02 16526206                  /usr/lib/x86_64-linux-gnu/libnvrtc.so.12.0.140
7108c317c000-7108c337c000 ---p 02d7c000 103:02 16526206                  /usr/lib/x86_64-linux-gnu/libnvrtc.so.12.0.140
7108c337c000-7108c3a4f000 r--p 02d7c000 103:02 16526206                  /usr/lib/x86_64-linux-gnu/libnvrtc.so.12.0.140
7108c3a4f000-7108c3b1b000 rw-p 0344f000 103:02 16526206                  /usr/lib/x86_64-linux-gnu/libnvrtc.so.12.0.140
7108c3b1b000-7108c3c1c000 rw-p 00000000 00:00 0 
7108c4000000-7108c4220000 rw-p 00000000 00:00 0 
7108c4220000-7108c4400000 ---p 00000000 00:00 0 
7108c4400000-7108c4500000 rw-p 00000000 00:00 0 
7108c4500000-7108c8000000 ---p 00000000 00:00 0 
7108c8000000-7108c8021000 rw-p 00000000 00:00 0 
7108c8021000-7108cc000000 ---p 00000000 00:00 0 
7108cc400000-7108cc6dc000 rw-p 00000000 00:00 0 
7108cc800000-7108cc8e4000 r-xp 00000000 103:02 18219055                  /tmp/libJCudaDriver-12.0.0-linux-x86_64.so
7108cc8e4000-7108ccae4000 ---p 000e4000 103:02 18219055                  /tmp/libJCudaDriver-12.0.0-linux-x86_64.so
7108ccae4000-7108ccae9000 r--p 000e4000 103:02 18219055                  /tmp/libJCudaDriver-12.0.0-linux-x86_64.so
7108ccae9000-7108ccaeb000 rw-p 000e9000 103:02 18219055                  /tmp/libJCudaDriver-12.0.0-linux-x86_64.so
7108ccaeb000-7108ccaed000 rw-p 00000000 00:00 0 
7108cce00000-7108ccec7000 r-xp 00000000 103:02 18219052                  /tmp/libJCudaRuntime-12.0.0-linux-x86_64.so
7108ccec7000-7108cd0c7000 ---p 000c7000 103:02 18219052                  /tmp/libJCudaRuntime-12.0.0-linux-x86_64.so
7108cd0c7000-7108cd0cc000 r--p 000c7000 103:02 18219052                  /tmp/libJCudaRuntime-12.0.0-linux-x86_64.so
7108cd0cc000-7108cd0cd000 rw-p 000cc000 103:02 18219052                  /tmp/libJCudaRuntime-12.0.0-linux-x86_64.so
7108cd0cd000-7108cd0cf000 rw-p 00000000 00:00 0 
7108cd400000-7108cd401000 ---p 00000000 00:00 0 
7108cd401000-7108cdc01000 rw-p 00000000 00:00 0 
7108cde00000-7108cde01000 rw-s 00000000 00:05 1110                       /dev/nvidiactl
7108cde01000-7108cde02000 rw-s 00000000 00:05 1110                       /dev/nvidiactl
7108cde02000-7108cde03000 rw-s 00000000 00:05 1110                       /dev/nvidiactl
7108cde03000-7108cde04000 rw-s 00000000 00:05 1110                       /dev/nvidiactl
7108cde04000-7108cde05000 rw-s 00000000 00:05 1110                       /dev/nvidiactl
7108cde05000-7108cde06000 rw-s 00000000 00:05 1110                       /dev/nvidiactl
7108cde06000-7108cde07000 rw-s 00000000 00:05 1110                       /dev/nvidiactl
7108cde07000-7108cde08000 rw-s 00000000 00:05 1110                       /dev/nvidiactl
7108cde08000-7108cde09000 rw-s 00000000 00:05 1110                       /dev/nvidiactl
7108cde09000-7108cde0a000 rw-s 00000000 00:05 1110                       /dev/nvidiactl
7108cde0a000-7108cde0b000 rw-s 00000000 00:05 1110                       /dev/nvidiactl
7108cde0b000-7108cde0c000 rw-s 00000000 00:05 1110                       /dev/nvidiactl
7108cde0c000-7108cde0d000 rw-s 00000000 00:05 1110                       /dev/nvidiactl
7108cde0d000-7108cde0e000 rw-s 00000000 00:05 1110                       /dev/nvidiactl
7108cde0e000-7108cde0f000 rw-s 00000000 00:05 1110                       /dev/nvidiactl
7108cde0f000-7108cde10000 rw-s 00000000 00:05 1110                       /dev/nvidiactl
7108cde10000-7108cee21000 ---p 00000000 00:00 0 
7108cf000000-7108cfcae000 rw-p 00001000 103:02 17172987                  /usr/lib/jvm/java-21-openjdk-amd64/lib/server/classes.jsa
7108cfcae000-7108d0000000 ---p 00000000 00:00 0 
7108d0000000-7108d0030000 rw-p 00000000 00:00 0 
7108d0030000-7108d0040000 ---p 00000000 00:00 0 
7108d0040000-7108d0070000 rw-p 00000000 00:00 0 
7108d0070000-710910000000 ---p 00000000 00:00 0 
710910000000-710910021000 rw-p 00000000 00:00 0 
710910021000-710914000000 ---p 00000000 00:00 0 
710914000000-710914021000 rw-p 00000000 00:00 0 
710914021000-710918000000 ---p 00000000 00:00 0 
710918400000-710918401000 ---p 00000000 00:00 0 
710918401000-710918c01000 rw-p 00000000 00:00 0 
710918e00000-710919e21000 ---p 00000000 00:00 0 
710919f00000-710919f04000 ---p 00000000 00:00 0 
710919f04000-71091a000000 rw-p 00000000 00:00 0 
71091a000000-71091a25a000 rw-p 00000000 00:00 0 
71091a300000-71091a304000 ---p 00000000 00:00 0 
71091a304000-71091a400000 rw-p 00000000 00:00 0 
71091a400000-71091a4de000 r--p 00000000 103:02 16552573                  /usr/lib/x86_64-linux-gnu/libcuda.so.550.107.02
71091a4de000-71091a9b3000 r-xp 000de000 103:02 16552573                  /usr/lib/x86_64-linux-gnu/libcuda.so.550.107.02
71091a9b3000-71091be4e000 r--p 005b3000 103:02 16552573                  /usr/lib/x86_64-linux-gnu/libcuda.so.550.107.02
71091be4e000-71091be4f000 ---p 01a4e000 103:02 16552573                  /usr/lib/x86_64-linux-gnu/libcuda.so.550.107.02
71091be4f000-71091be67000 r--p 01a4e000 103:02 16552573                  /usr/lib/x86_64-linux-gnu/libcuda.so.550.107.02
71091be67000-71091bf62000 rw-p 01a66000 103:02 16552573                  /usr/lib/x86_64-linux-gnu/libcuda.so.550.107.02
71091bf62000-71091bfcb000 rw-p 00000000 00:00 0 
71091c000000-71091c021000 rw-p 00000000 00:00 0 
71091c021000-710920000000 ---p 00000000 00:00 0 
710920000000-710920021000 rw-p 00000000 00:00 0 
710920021000-710924000000 ---p 00000000 00:00 0 
710924040000-710924044000 r--p 00000000 103:02 16530777                  /usr/lib/x86_64-linux-gnu/libjpeg.so.8.2.2
710924044000-710924091000 r-xp 00004000 103:02 16530777                  /usr/lib/x86_64-linux-gnu/libjpeg.so.8.2.2
710924091000-7109240c1000 r--p 00051000 103:02 16530777                  /usr/lib/x86_64-linux-gnu/libjpeg.so.8.2.2
7109240c1000-7109240c2000 r--p 00081000 103:02 16530777                  /usr/lib/x86_64-linux-gnu/libjpeg.so.8.2.2
7109240c2000-7109240c3000 rw-p 00082000 103:02 16530777                  /usr/lib/x86_64-linux-gnu/libjpeg.so.8.2.2
7109240c3000-7109240dc000 r--p 00000000 103:02 16530316                  /usr/lib/x86_64-linux-gnu/libX11.so.6.4.0
7109240dc000-71092416c000 r-xp 00019000 103:02 16530316                  /usr/lib/x86_64-linux-gnu/libX11.so.6.4.0
71092416c000-7109241fb000 r--p 000a9000 103:02 16530316                  /usr/lib/x86_64-linux-gnu/libX11.so.6.4.0
7109241fb000-7109241fc000 r--p 00138000 103:02 16530316                  /usr/lib/x86_64-linux-gnu/libX11.so.6.4.0
7109241fc000-710924200000 rw-p 00139000 103:02 16530316                  /usr/lib/x86_64-linux-gnu/libX11.so.6.4.0
710924200000-710924400000 rw-s 00000000 00:01 2086                       /dev/zero (deleted)
710924400000-710924401000 ---p 00000000 00:00 0 
710924401000-710924c01000 rw-p 00000000 00:00 0 
710924c45000-710924c47000 r--p 00000000 103:02 16530828                  /usr/lib/x86_64-linux-gnu/libmd.so.0.1.0
710924c47000-710924c50000 r-xp 00002000 103:02 16530828                  /usr/lib/x86_64-linux-gnu/libmd.so.0.1.0
710924c50000-710924c52000 r--p 0000b000 103:02 16530828                  /usr/lib/x86_64-linux-gnu/libmd.so.0.1.0
710924c52000-710924c53000 r--p 0000c000 103:02 16530828                  /usr/lib/x86_64-linux-gnu/libmd.so.0.1.0
710924c53000-710924c54000 rw-p 0000d000 103:02 16530828                  /usr/lib/x86_64-linux-gnu/libmd.so.0.1.0
710924c54000-710924c58000 r--p 00000000 103:02 16530470                  /usr/lib/x86_64-linux-gnu/libbsd.so.0.12.1
710924c58000-710924c64000 r-xp 00004000 103:02 16530470                  /usr/lib/x86_64-linux-gnu/libbsd.so.0.12.1
710924c64000-710924c67000 r--p 00010000 103:02 16530470                  /usr/lib/x86_64-linux-gnu/libbsd.so.0.12.1
710924c67000-710924c68000 r--p 00012000 103:02 16530470                  /usr/lib/x86_64-linux-gnu/libbsd.so.0.12.1
710924c68000-710924c69000 rw-p 00013000 103:02 16530470                  /usr/lib/x86_64-linux-gnu/libbsd.so.0.12.1
710924c69000-710924c6a000 rw-p 00000000 00:00 0 
710924c6a000-710924c75000 r--p 00000000 103:02 16531187                  /usr/lib/x86_64-linux-gnu/libxcb.so.1.1.0
710924c75000-710924c88000 r-xp 0000b000 103:02 16531187                  /usr/lib/x86_64-linux-gnu/libxcb.so.1.1.0
710924c88000-710924c91000 r--p 0001e000 103:02 16531187                  /usr/lib/x86_64-linux-gnu/libxcb.so.1.1.0
710924c91000-710924c92000 r--p 00026000 103:02 16531187                  /usr/lib/x86_64-linux-gnu/libxcb.so.1.1.0
710924c92000-710924c93000 rw-p 00027000 103:02 16531187                  /usr/lib/x86_64-linux-gnu/libxcb.so.1.1.0
710924c93000-710924ca5000 r--p 00000000 103:02 17173114                  /usr/lib/jvm/java-21-openjdk-amd64/lib/libawt_xawt.so
710924ca5000-710924cec000 r-xp 00012000 103:02 17173114                  /usr/lib/jvm/java-21-openjdk-amd64/lib/libawt_xawt.so
710924cec000-710924d04000 r--p 00059000 103:02 17173114                  /usr/lib/jvm/java-21-openjdk-amd64/lib/libawt_xawt.so
710924d04000-710924d09000 r--p 00070000 103:02 17173114                  /usr/lib/jvm/java-21-openjdk-amd64/lib/libawt_xawt.so
710924d09000-710924d0b000 rw-p 00075000 103:02 17173114                  /usr/lib/jvm/java-21-openjdk-amd64/lib/libawt_xawt.so
710924d0b000-710924d0d000 rw-p 00000000 00:00 0 
710924d0d000-710924d2b000 r--p 00000000 103:02 17172951                  /usr/lib/jvm/java-21-openjdk-amd64/lib/libawt.so
710924d2b000-710924dc2000 r-xp 0001e000 103:02 17172951                  /usr/lib/jvm/java-21-openjdk-amd64/lib/libawt.so
710924dc2000-710924dcf000 r--p 000b5000 103:02 17172951                  /usr/lib/jvm/java-21-openjdk-amd64/lib/libawt.so
710924dcf000-710924dd0000 r--p 000c1000 103:02 17172951                  /usr/lib/jvm/java-21-openjdk-amd64/lib/libawt.so
710924dd0000-710924ddb000 rw-p 000c2000 103:02 17172951                  /usr/lib/jvm/java-21-openjdk-amd64/lib/libawt.so
710924ddb000-710924e00000 rw-p 00000000 00:00 0 
710924e00000-710924f38000 r-xp 00000000 103:02 18219051                  /tmp/libJCublas2-12.0.0-linux-x86_64.so
710924f38000-710925138000 ---p 00138000 103:02 18219051                  /tmp/libJCublas2-12.0.0-linux-x86_64.so
710925138000-71092513d000 r--p 00138000 103:02 18219051                  /tmp/libJCublas2-12.0.0-linux-x86_64.so
71092513d000-71092513f000 rw-p 0013d000 103:02 18219051                  /tmp/libJCublas2-12.0.0-linux-x86_64.so
71092513f000-710925141000 rw-p 00000000 00:00 0 
71092514a000-71092542f000 rw-p 00000000 00:00 0 
71092542f000-710925433000 ---p 00000000 00:00 0 
710925433000-71092552f000 rw-p 00000000 00:00 0 
71092552f000-710925533000 ---p 00000000 00:00 0 
710925533000-71092562f000 rw-p 00000000 00:00 0 
71092562f000-710925633000 ---p 00000000 00:00 0 
710925633000-71092572f000 rw-p 00000000 00:00 0 
71092572f000-710925733000 ---p 00000000 00:00 0 
710925733000-71092582f000 rw-p 00000000 00:00 0 
71092582f000-710925833000 ---p 00000000 00:00 0 
710925833000-71092592f000 rw-p 00000000 00:00 0 
71092592f000-710925933000 ---p 00000000 00:00 0 
710925933000-710925a2f000 rw-p 00000000 00:00 0 
710925a2f000-710925a33000 ---p 00000000 00:00 0 
710925a33000-710925b2f000 rw-p 00000000 00:00 0 
710925b2f000-710925b34000 r--p 00000000 103:02 17172968                  /usr/lib/jvm/java-21-openjdk-amd64/lib/libjsvml.so
710925b34000-710925b75000 r-xp 00005000 103:02 17172968                  /usr/lib/jvm/java-21-openjdk-amd64/lib/libjsvml.so
710925b75000-710925bfe000 r--p 00046000 103:02 17172968                  /usr/lib/jvm/java-21-openjdk-amd64/lib/libjsvml.so
710925bfe000-710925bff000 r--p 000ce000 103:02 17172968                  /usr/lib/jvm/java-21-openjdk-amd64/lib/libjsvml.so
710925bff000-710925c00000 rw-p 000cf000 103:02 17172968                  /usr/lib/jvm/java-21-openjdk-amd64/lib/libjsvml.so
710925c00000-710925c04000 ---p 00000000 00:00 0 
710925c04000-710925d00000 rw-p 00000000 00:00 0 
710925d00000-710925d04000 ---p 00000000 00:00 0 
710925d04000-710925e00000 rw-p 00000000 00:00 0 
710925e00000-710925e04000 ---p 00000000 00:00 0 
710925e04000-710925f00000 rw-p 00000000 00:00 0 
710925f00000-710925f04000 ---p 00000000 00:00 0 
710925f04000-710926000000 rw-p 00000000 00:00 0 
710926000000-710928021000 rw-p 00000000 00:00 0 
710928021000-71092c004000 ---p 00000000 00:00 0 
71092c004000-71092c100000 rw-p 00000000 00:00 0 
71092c100000-71092c104000 ---p 00000000 00:00 0 
71092c104000-71092c200000 rw-p 00000000 00:00 0 
71092c200000-71092cfec000 r--p 00000000 103:02 16521112                  /usr/lib/locale/locale-archive
71092cfed000-71092cff1000 ---p 00000000 00:00 0 
71092cff1000-71092d0ed000 rw-p 00000000 00:00 0 
71092d0ed000-71092d0ee000 ---p 00000000 00:00 0 
71092d0ee000-71092d1ee000 rw-p 00000000 00:00 0 
71092d1ee000-71092d1ef000 ---p 00000000 00:00 0 
71092d1ef000-71092d2ef000 rw-p 00000000 00:00 0 
71092d2ef000-71092d2f0000 ---p 00000000 00:00 0 
71092d2f0000-71092d3f0000 rw-p 00000000 00:00 0 
71092d3f0000-71092d3f1000 ---p 00000000 00:00 0 
71092d3f1000-71092d4f1000 rw-p 00000000 00:00 0 
71092d4f1000-71092e1fe000 rw-p 00000000 00:00 0 
71092e1fe000-71092e1ff000 ---p 00000000 00:00 0 
71092e1ff000-71092e2ff000 rw-p 00000000 00:00 0 
71092e2ff000-71092e300000 ---p 00000000 00:00 0 
71092e300000-71092e400000 rw-p 00000000 00:00 0 
71092e400000-71092ebb0000 rw-p 00000000 00:00 0 
71092ebb0000-710935e50000 ---p 00000000 00:00 0 
710935e50000-710935e60000 rw-p 00000000 00:00 0 
710935e63000-710935e65000 r--p 00000000 103:02 16530323                  /usr/lib/x86_64-linux-gnu/libXdmcp.so.6.0.0
710935e65000-710935e67000 r-xp 00002000 103:02 16530323                  /usr/lib/x86_64-linux-gnu/libXdmcp.so.6.0.0
710935e67000-710935e69000 r--p 00004000 103:02 16530323                  /usr/lib/x86_64-linux-gnu/libXdmcp.so.6.0.0
710935e69000-710935e6a000 r--p 00005000 103:02 16530323                  /usr/lib/x86_64-linux-gnu/libXdmcp.so.6.0.0
710935e6a000-710935e6b000 rw-p 00006000 103:02 16530323                  /usr/lib/x86_64-linux-gnu/libXdmcp.so.6.0.0
710935e6b000-710935e6e000 r--p 00000000 103:02 16530328                  /usr/lib/x86_64-linux-gnu/libXi.so.6.1.0
710935e6e000-710935e7a000 r-xp 00003000 103:02 16530328                  /usr/lib/x86_64-linux-gnu/libXi.so.6.1.0
710935e7a000-710935e7c000 r--p 0000f000 103:02 16530328                  /usr/lib/x86_64-linux-gnu/libXi.so.6.1.0
710935e7c000-710935e7d000 r--p 00011000 103:02 16530328                  /usr/lib/x86_64-linux-gnu/libXi.so.6.1.0
710935e7d000-710935e7e000 rw-p 00012000 103:02 16530328                  /usr/lib/x86_64-linux-gnu/libXi.so.6.1.0
710935e7e000-710935eff000 rw-p 00000000 00:00 0 
710935eff000-710935f00000 ---p 00000000 00:00 0 
710935f00000-710936000000 rw-p 00000000 00:00 0 
710936000000-7109360f6000 rw-p 00000000 00:00 0 
7109360f6000-710936f4a000 ---p 00000000 00:00 0 
710936f4a000-710936f4c000 rw-p 00000000 00:00 0 
710936f4c000-7109370f6000 rw-p 00000000 00:00 0 
7109370f6000-710937f4a000 ---p 00000000 00:00 0 
710937f4a000-710937f4c000 rw-p 00000000 00:00 0 
710937f4c000-710937f4d000 r--p 00000000 103:02 16530318                  /usr/lib/x86_64-linux-gnu/libXau.so.6.0.0
710937f4d000-710937f4f000 r-xp 00001000 103:02 16530318                  /usr/lib/x86_64-linux-gnu/libXau.so.6.0.0
710937f4f000-710937f50000 r--p 00003000 103:02 16530318                  /usr/lib/x86_64-linux-gnu/libXau.so.6.0.0
710937f50000-710937f51000 r--p 00003000 103:02 16530318                  /usr/lib/x86_64-linux-gnu/libXau.so.6.0.0
710937f51000-710937f52000 rw-p 00004000 103:02 16530318                  /usr/lib/x86_64-linux-gnu/libXau.so.6.0.0
710937f52000-710937f54000 r--p 00000000 103:02 16530337                  /usr/lib/x86_64-linux-gnu/libXtst.so.6.1.0
710937f54000-710937f57000 r-xp 00002000 103:02 16530337                  /usr/lib/x86_64-linux-gnu/libXtst.so.6.1.0
710937f57000-710937f58000 r--p 00005000 103:02 16530337                  /usr/lib/x86_64-linux-gnu/libXtst.so.6.1.0
710937f58000-710937f59000 r--p 00005000 103:02 16530337                  /usr/lib/x86_64-linux-gnu/libXtst.so.6.1.0
710937f59000-710937f5a000 rw-p 00006000 103:02 16530337                  /usr/lib/x86_64-linux-gnu/libXtst.so.6.1.0
710937f5a000-710938800000 rw-p 00000000 00:00 0 
710938800000-710938a70000 rwxp 00000000 00:00 0 
710938a70000-71093fc5f000 ---p 00000000 00:00 0 
71093fc5f000-71093ff0f000 rwxp 00000000 00:00 0 
71093ff0f000-7109403a0000 ---p 00000000 00:00 0 
7109403a0000-710940610000 rwxp 00000000 00:00 0 
710940610000-710947800000 ---p 00000000 00:00 0 
710947800000-71094fe02000 r--s 00000000 103:02 17172984                  /usr/lib/jvm/java-21-openjdk-amd64/lib/modules
71094fe02000-710952c02000 rw-p 00000000 00:00 0 
710952c02000-710954000000 ---p 00000000 00:00 0 
710954002000-710954006000 r--p 00000000 103:02 16530324                  /usr/lib/x86_64-linux-gnu/libXext.so.6.4.0
710954006000-710954011000 r-xp 00004000 103:02 16530324                  /usr/lib/x86_64-linux-gnu/libXext.so.6.4.0
710954011000-710954014000 r--p 0000f000 103:02 16530324                  /usr/lib/x86_64-linux-gnu/libXext.so.6.4.0
710954014000-710954015000 r--p 00011000 103:02 16530324                  /usr/lib/x86_64-linux-gnu/libXext.so.6.4.0
710954015000-710954016000 rw-p 00012000 103:02 16530324                  /usr/lib/x86_64-linux-gnu/libXext.so.6.4.0
71095401e000-710954020000 r--p 00000000 103:02 17172962                  /usr/lib/jvm/java-21-openjdk-amd64/lib/libjavajpeg.so
710954020000-710954027000 r-xp 00002000 103:02 17172962                  /usr/lib/jvm/java-21-openjdk-amd64/lib/libjavajpeg.so
710954027000-710954028000 r--p 00009000 103:02 17172962                  /usr/lib/jvm/java-21-openjdk-amd64/lib/libjavajpeg.so
710954028000-710954029000 r--p 0000a000 103:02 17172962                  /usr/lib/jvm/java-21-openjdk-amd64/lib/libjavajpeg.so
710954029000-71095402a000 rw-p 0000b000 103:02 17172962                  /usr/lib/jvm/java-21-openjdk-amd64/lib/libjavajpeg.so
71095402a000-710954433000 rw-p 00000000 00:00 0 
710954433000-710954517000 ---p 00000000 00:00 0 
710954517000-71095451c000 rw-p 00000000 00:00 0 
71095451c000-710954600000 ---p 00000000 00:00 0 
710954600000-71095469d000 r--p 00000000 103:02 16543594                  /usr/lib/x86_64-linux-gnu/libstdc++.so.6.0.33
71095469d000-7109547e5000 r-xp 0009d000 103:02 16543594                  /usr/lib/x86_64-linux-gnu/libstdc++.so.6.0.33
7109547e5000-71095486c000 r--p 001e5000 103:02 16543594                  /usr/lib/x86_64-linux-gnu/libstdc++.so.6.0.33
71095486c000-710954877000 r--p 0026b000 103:02 16543594                  /usr/lib/x86_64-linux-gnu/libstdc++.so.6.0.33
710954877000-71095487a000 rw-p 00276000 103:02 16543594                  /usr/lib/x86_64-linux-gnu/libstdc++.so.6.0.33
71095487a000-71095487e000 rw-p 00000000 00:00 0 
710954883000-710954885000 r--p 00000000 103:02 16530334                  /usr/lib/x86_64-linux-gnu/libXrender.so.1.3.0
710954885000-71095488c000 r-xp 00002000 103:02 16530334                  /usr/lib/x86_64-linux-gnu/libXrender.so.1.3.0
71095488c000-71095488d000 r--p 00009000 103:02 16530334                  /usr/lib/x86_64-linux-gnu/libXrender.so.1.3.0
71095488d000-71095488e000 r--p 00009000 103:02 16530334                  /usr/lib/x86_64-linux-gnu/libXrender.so.1.3.0
71095488e000-71095488f000 rw-p 0000a000 103:02 16530334                  /usr/lib/x86_64-linux-gnu/libXrender.so.1.3.0
71095488f000-710954890000 r--p 00000000 103:02 16530540                  /usr/lib/x86_64-linux-gnu/libdl.so.2
710954890000-710954891000 r-xp 00001000 103:02 16530540                  /usr/lib/x86_64-linux-gnu/libdl.so.2
710954891000-710954892000 r--p 00002000 103:02 16530540                  /usr/lib/x86_64-linux-gnu/libdl.so.2
710954892000-710954893000 r--p 00002000 103:02 16530540                  /usr/lib/x86_64-linux-gnu/libdl.so.2
710954893000-710954894000 rw-p 00003000 103:02 16530540                  /usr/lib/x86_64-linux-gnu/libdl.so.2
710954894000-710954895000 r--p 00000000 103:02 16531006                  /usr/lib/x86_64-linux-gnu/librt.so.1
710954895000-710954896000 r-xp 00001000 103:02 16531006                  /usr/lib/x86_64-linux-gnu/librt.so.1
710954896000-710954897000 r--p 00002000 103:02 16531006                  /usr/lib/x86_64-linux-gnu/librt.so.1
710954897000-710954898000 r--p 00002000 103:02 16531006                  /usr/lib/x86_64-linux-gnu/librt.so.1
710954898000-710954899000 rw-p 00003000 103:02 16531006                  /usr/lib/x86_64-linux-gnu/librt.so.1
71095489d000-7109548ad000 -w-s 00000000 00:05 1111                       /dev/nvidia0
7109548ad000-7109548af000 r--p 00000000 103:02 17172983                  /usr/lib/jvm/java-21-openjdk-amd64/lib/libzip.so
7109548af000-7109548b4000 r-xp 00002000 103:02 17172983                  /usr/lib/jvm/java-21-openjdk-amd64/lib/libzip.so
7109548b4000-7109548b6000 r--p 00007000 103:02 17172983                  /usr/lib/jvm/java-21-openjdk-amd64/lib/libzip.so
7109548b6000-7109548b7000 r--p 00008000 103:02 17172983                  /usr/lib/jvm/java-21-openjdk-amd64/lib/libzip.so
7109548b7000-7109548b8000 rw-p 00009000 103:02 17172983                  /usr/lib/jvm/java-21-openjdk-amd64/lib/libzip.so
7109548b8000-7109548b9000 r--p 00000000 103:02 17172953                  /usr/lib/jvm/java-21-openjdk-amd64/lib/libdt_socket.so
7109548b9000-7109548bc000 r-xp 00001000 103:02 17172953                  /usr/lib/jvm/java-21-openjdk-amd64/lib/libdt_socket.so
7109548bc000-7109548bd000 r--p 00004000 103:02 17172953                  /usr/lib/jvm/java-21-openjdk-amd64/lib/libdt_socket.so
7109548bd000-7109548be000 r--p 00005000 103:02 17172953                  /usr/lib/jvm/java-21-openjdk-amd64/lib/libdt_socket.so
7109548be000-7109548bf000 rw-p 00006000 103:02 17172953                  /usr/lib/jvm/java-21-openjdk-amd64/lib/libdt_socket.so
7109548bf000-710954900000 rw-p 00000000 00:00 0 
710954900000-710954904000 ---p 00000000 00:00 0 
710954904000-710954a00000 rw-p 00000000 00:00 0 
710954a00000-710954c96000 r--p 00000000 103:02 17172990                  /usr/lib/jvm/java-21-openjdk-amd64/lib/server/libjvm.so
710954c96000-710955afe000 r-xp 00296000 103:02 17172990                  /usr/lib/jvm/java-21-openjdk-amd64/lib/server/libjvm.so
710955afe000-710955dd1000 r--p 010fe000 103:02 17172990                  /usr/lib/jvm/java-21-openjdk-amd64/lib/server/libjvm.so
710955dd1000-710955ea1000 r--p 013d0000 103:02 17172990                  /usr/lib/jvm/java-21-openjdk-amd64/lib/server/libjvm.so
710955ea1000-710955ed1000 rw-p 014a0000 103:02 17172990                  /usr/lib/jvm/java-21-openjdk-amd64/lib/server/libjvm.so
710955ed1000-710955f37000 rw-p 00000000 00:00 0 
710955f3b000-710955f3e000 r--p 00000000 103:02 17172975                  /usr/lib/jvm/java-21-openjdk-amd64/lib/libnet.so
710955f3e000-710955f46000 r-xp 00003000 103:02 17172975                  /usr/lib/jvm/java-21-openjdk-amd64/lib/libnet.so
710955f46000-710955f48000 r--p 0000b000 103:02 17172975                  /usr/lib/jvm/java-21-openjdk-amd64/lib/libnet.so
710955f48000-710955f49000 r--p 0000c000 103:02 17172975                  /usr/lib/jvm/java-21-openjdk-amd64/lib/libnet.so
710955f49000-710955f4a000 rw-p 0000d000 103:02 17172975                  /usr/lib/jvm/java-21-openjdk-amd64/lib/libnet.so
710955f4a000-710955f51000 r--p 00000000 103:02 17172976                  /usr/lib/jvm/java-21-openjdk-amd64/lib/libnio.so
710955f51000-710955f5a000 r-xp 00007000 103:02 17172976                  /usr/lib/jvm/java-21-openjdk-amd64/lib/libnio.so
710955f5a000-710955f5e000 r--p 00010000 103:02 17172976                  /usr/lib/jvm/java-21-openjdk-amd64/lib/libnio.so
710955f5e000-710955f5f000 r--p 00014000 103:02 17172976                  /usr/lib/jvm/java-21-openjdk-amd64/lib/libnio.so
710955f5f000-710955f60000 rw-p 00015000 103:02 17172976                  /usr/lib/jvm/java-21-openjdk-amd64/lib/libnio.so
710955f60000-710955fdc000 rw-p 00000000 00:00 0 
710955fdc000-710955fe9000 r--p 00000000 103:02 17172961                  /usr/lib/jvm/java-21-openjdk-amd64/lib/libjava.so
710955fe9000-710955ff8000 r-xp 0000d000 103:02 17172961                  /usr/lib/jvm/java-21-openjdk-amd64/lib/libjava.so
710955ff8000-710955ffd000 r--p 0001c000 103:02 17172961                  /usr/lib/jvm/java-21-openjdk-amd64/lib/libjava.so
710955ffd000-710955ffe000 r--p 00021000 103:02 17172961                  /usr/lib/jvm/java-21-openjdk-amd64/lib/libjava.so
710955ffe000-710955fff000 rw-p 00022000 103:02 17172961                  /usr/lib/jvm/java-21-openjdk-amd64/lib/libjava.so
710955fff000-710956000000 rw-p 00000000 00:00 0 
710956000000-710956028000 r--p 00000000 103:02 16530474                  /usr/lib/x86_64-linux-gnu/libc.so.6
710956028000-7109561b0000 r-xp 00028000 103:02 16530474                  /usr/lib/x86_64-linux-gnu/libc.so.6
7109561b0000-7109561ff000 r--p 001b0000 103:02 16530474                  /usr/lib/x86_64-linux-gnu/libc.so.6
7109561ff000-710956203000 r--p 001fe000 103:02 16530474                  /usr/lib/x86_64-linux-gnu/libc.so.6
710956203000-710956205000 rw-p 00202000 103:02 16530474                  /usr/lib/x86_64-linux-gnu/libc.so.6
710956205000-710956212000 rw-p 00000000 00:00 0 
710956213000-710956214000 r--p 00000000 103:02 16530978                  /usr/lib/x86_64-linux-gnu/libpthread.so.0
710956214000-710956215000 r-xp 00001000 103:02 16530978                  /usr/lib/x86_64-linux-gnu/libpthread.so.0
710956215000-710956216000 r--p 00002000 103:02 16530978                  /usr/lib/x86_64-linux-gnu/libpthread.so.0
710956216000-710956217000 r--p 00002000 103:02 16530978                  /usr/lib/x86_64-linux-gnu/libpthread.so.0
710956217000-710956218000 rw-p 00003000 103:02 16530978                  /usr/lib/x86_64-linux-gnu/libpthread.so.0
710956218000-71095621f000 r--s 00000000 103:02 16532226                  /usr/lib/x86_64-linux-gnu/gconv/gconv-modules.cache
71095621f000-710956225000 rw-p 00000000 00:00 0 
710956225000-71095622e000 ---p 00000000 00:00 0 
71095622e000-710956231000 r--p 00000000 103:02 17172963                  /usr/lib/jvm/java-21-openjdk-amd64/lib/libjdwp.so
710956231000-710956260000 r-xp 00003000 103:02 17172963                  /usr/lib/jvm/java-21-openjdk-amd64/lib/libjdwp.so
710956260000-71095626f000 r--p 00032000 103:02 17172963                  /usr/lib/jvm/java-21-openjdk-amd64/lib/libjdwp.so
71095626f000-710956270000 r--p 00040000 103:02 17172963                  /usr/lib/jvm/java-21-openjdk-amd64/lib/libjdwp.so
710956270000-710956271000 rw-p 00041000 103:02 17172963                  /usr/lib/jvm/java-21-openjdk-amd64/lib/libjdwp.so
710956271000-710956272000 rw-p 00000000 00:00 0 
710956272000-710956276000 r--p 00000000 103:02 16528598                  /usr/lib/x86_64-linux-gnu/libgcc_s.so.1
710956276000-71095629a000 r-xp 00004000 103:02 16528598                  /usr/lib/x86_64-linux-gnu/libgcc_s.so.1
71095629a000-71095629e000 r--p 00028000 103:02 16528598                  /usr/lib/x86_64-linux-gnu/libgcc_s.so.1
71095629e000-71095629f000 r--p 0002b000 103:02 16528598                  /usr/lib/x86_64-linux-gnu/libgcc_s.so.1
71095629f000-7109562a0000 rw-p 0002c000 103:02 16528598                  /usr/lib/x86_64-linux-gnu/libgcc_s.so.1
7109562a0000-7109562b0000 r--p 00000000 103:02 16530817                  /usr/lib/x86_64-linux-gnu/libm.so.6
7109562b0000-71095632f000 r-xp 00010000 103:02 16530817                  /usr/lib/x86_64-linux-gnu/libm.so.6
71095632f000-710956387000 r--p 0008f000 103:02 16530817                  /usr/lib/x86_64-linux-gnu/libm.so.6
710956387000-710956388000 r--p 000e7000 103:02 16530817                  /usr/lib/x86_64-linux-gnu/libm.so.6
710956388000-710956389000 rw-p 000e8000 103:02 16530817                  /usr/lib/x86_64-linux-gnu/libm.so.6
710956389000-71095638b000 rw-p 00000000 00:00 0 
71095638b000-71095638d000 r--p 00000000 103:02 17172965                  /usr/lib/jvm/java-21-openjdk-amd64/lib/libjli.so
71095638d000-710956397000 r-xp 00002000 103:02 17172965                  /usr/lib/jvm/java-21-openjdk-amd64/lib/libjli.so
710956397000-71095639a000 r--p 0000c000 103:02 17172965                  /usr/lib/jvm/java-21-openjdk-amd64/lib/libjli.so
71095639a000-71095639b000 r--p 0000f000 103:02 17172965                  /usr/lib/jvm/java-21-openjdk-amd64/lib/libjli.so
71095639b000-71095639c000 rw-p 00010000 103:02 17172965                  /usr/lib/jvm/java-21-openjdk-amd64/lib/libjli.so
71095639c000-71095639e000 r--p 00000000 103:02 16531205                  /usr/lib/x86_64-linux-gnu/libz.so.1.3
71095639e000-7109563b0000 r-xp 00002000 103:02 16531205                  /usr/lib/x86_64-linux-gnu/libz.so.1.3
7109563b0000-7109563b6000 r--p 00014000 103:02 16531205                  /usr/lib/x86_64-linux-gnu/libz.so.1.3
7109563b6000-7109563b7000 r--p 0001a000 103:02 16531205                  /usr/lib/x86_64-linux-gnu/libz.so.1.3
7109563b7000-7109563b8000 rw-p 0001b000 103:02 16531205                  /usr/lib/x86_64-linux-gnu/libz.so.1.3
7109563b9000-7109563c1000 rw-s 00000000 103:02 18219025                  /tmp/hsperfdata_dov/5368
7109563c1000-7109563c2000 ---p 00000000 00:00 0 
7109563c2000-7109563c3000 r--p 00000000 00:00 0 
7109563c3000-7109563c4000 ---p 00000000 00:00 0 
7109563c4000-7109563c6000 r--p 00000000 103:02 17172964                  /usr/lib/jvm/java-21-openjdk-amd64/lib/libjimage.so
7109563c6000-7109563c9000 r-xp 00002000 103:02 17172964                  /usr/lib/jvm/java-21-openjdk-amd64/lib/libjimage.so
7109563c9000-7109563ca000 r--p 00005000 103:02 17172964                  /usr/lib/jvm/java-21-openjdk-amd64/lib/libjimage.so
7109563ca000-7109563cb000 r--p 00006000 103:02 17172964                  /usr/lib/jvm/java-21-openjdk-amd64/lib/libjimage.so
7109563cb000-7109563cc000 rw-p 00007000 103:02 17172964                  /usr/lib/jvm/java-21-openjdk-amd64/lib/libjimage.so
7109563cc000-7109563ce000 rw-p 00000000 00:00 0 
7109563ce000-7109563cf000 r--p 00000000 103:02 16530286                  /usr/lib/x86_64-linux-gnu/ld-linux-x86-64.so.2
7109563cf000-7109563fa000 r-xp 00001000 103:02 16530286                  /usr/lib/x86_64-linux-gnu/ld-linux-x86-64.so.2
7109563fa000-710956404000 r--p 0002c000 103:02 16530286                  /usr/lib/x86_64-linux-gnu/ld-linux-x86-64.so.2
710956404000-710956406000 r--p 00036000 103:02 16530286                  /usr/lib/x86_64-linux-gnu/ld-linux-x86-64.so.2
710956406000-710956408000 rw-p 00038000 103:02 16530286                  /usr/lib/x86_64-linux-gnu/ld-linux-x86-64.so.2
7ffc5e0bc000-7ffc5e0dd000 rw-p 00000000 00:00 0                          [stack]
7ffc5e166000-7ffc5e16a000 r--p 00000000 00:00 0                          [vvar]
7ffc5e16a000-7ffc5e16c000 r-xp 00000000 00:00 0                          [vdso]
ffffffffff600000-ffffffffff601000 --xp 00000000 00:00 0                  [vsyscall]
Total number of mappings: 424


VM Arguments:
jvm_args: -Dfile.encoding=UTF-8 -agentlib:jdwp=transport=dt_socket,address=localhost:41109 --module-path=/home/dov/projects/NeighborhoodPIG/build/classes 
java_command: main.NeighborhoodPIG
java_class_path (initial): /home/dov/projects/Libraries/commons-math3/commons-math3-3.6.1-javadoc.jar:/home/dov/projects/Libraries/commons-math3/commons-math3-3.6.1-sources.jar:/home/dov/projects/Libraries/commons-math3/commons-math3-3.6.1-test-sources.jar:/home/dov/projects/Libraries/commons-math3/commons-math3-3.6.1-tests.jar:/home/dov/projects/Libraries/commons-math3/commons-math3-3.6.1-tools.jar:/home/dov/projects/Libraries/commons-math3/commons-math3-3.6.1.jar:/home/dov/projects/JCudaWrapper/jcuda12/jcublas-12.0.0.jar:/home/dov/projects/JCudaWrapper/jcuda12/jcublas-natives-12.0.0-linux-x86_64.jar:/home/dov/projects/JCudaWrapper/jcuda12/jcuda-12.0.0.jar:/home/dov/projects/JCudaWrapper/jcuda12/jcuda-natives-12.0.0-linux-x86_64.jar:/home/dov/projects/JCudaWrapper/jcuda12/jcudnn-12.0.0.jar:/home/dov/projects/JCudaWrapper/jcuda12/jcudnn-natives-12.0.0-linux-x86_64.jar:/home/dov/projects/JCudaWrapper/jcuda12/jcufft-12.0.0.jar:/home/dov/projects/JCudaWrapper/jcuda12/jcufft-natives-12.0.0-linux-x86_64.jar:/home/dov/projects/JCudaWrapper/jcuda12/jcurand-12.0.0.jar:/home/dov/projects/JCudaWrapper/jcuda12/jcurand-natives-12.0.0-linux-x86_64.jar:/home/dov/projects/JCudaWrapper/jcuda12/jcusolver-12.0.0.jar:/home/dov/projects/JCudaWrapper/jcuda12/jcusolver-natives-12.0.0-linux-x86_64.jar:/home/dov/projects/JCudaWrapper/jcuda12/jcusparse-12.0.0.jar:/home/dov/projects/JCudaWrapper/jcuda12/jcusparse-natives-12.0.0-linux-x86_64.jar:/home/dov/projects/NeighborhoodPIG/build/classes
Launcher Type: SUN_STANDARD

[Global flags]
     intx CICompilerCount                          = 12                                        {product} {ergonomic}
     uint ConcGCThreads                            = 3                                         {product} {ergonomic}
     uint G1ConcRefinementThreads                  = 13                                        {product} {ergonomic}
   size_t G1HeapRegionSize                         = 4194304                                   {product} {ergonomic}
    uintx GCDrainStackTargetSize                   = 64                                        {product} {ergonomic}
   size_t InitialHeapSize                          = 515899392                                 {product} {ergonomic}
   size_t MarkStackSize                            = 4194304                                   {product} {ergonomic}
   size_t MaxHeapSize                              = 8212447232                                {product} {ergonomic}
   size_t MaxNewSize                               = 4924112896                                {product} {ergonomic}
   size_t MinHeapDeltaBytes                        = 4194304                                   {product} {ergonomic}
   size_t MinHeapSize                              = 8388608                                   {product} {ergonomic}
    uintx NonNMethodCodeHeapSize                   = 7602480                                {pd product} {ergonomic}
    uintx NonProfiledCodeHeapSize                  = 122027880                              {pd product} {ergonomic}
    uintx ProfiledCodeHeapSize                     = 122027880                              {pd product} {ergonomic}
    uintx ReservedCodeCacheSize                    = 251658240                              {pd product} {ergonomic}
     bool SegmentedCodeCache                       = true                                      {product} {ergonomic}
   size_t SoftMaxHeapSize                          = 8212447232                             {manageable} {ergonomic}
     bool UseCompressedOops                        = true                           {product lp64_product} {ergonomic}
     bool UseG1GC                                  = true                                      {product} {ergonomic}

Logging:
Log output configuration:
 #0: stdout all=warning uptime,level,tags foldmultilines=false
 #1: stderr all=off uptime,level,tags foldmultilines=false

Environment Variables:
PATH=/usr/local/sbin:/usr/local/bin:/usr/sbin:/usr/bin:/sbin:/bin:/usr/games:/usr/local/games:/snap/bin:/snap/bin
USERNAME=dov
SHELL=/bin/bash
DISPLAY=:1
LANG=en_US.UTF-8

Active Locale:
LC_ALL=en_US.UTF-8
LC_COLLATE=en_US.UTF-8
LC_CTYPE=en_US.UTF-8
LC_MESSAGES=en_US.UTF-8
LC_MONETARY=en_US.UTF-8
LC_NUMERIC=en_US.UTF-8
LC_TIME=en_US.UTF-8

Signal Handlers:
   SIGSEGV: crash_handler in libjvm.so, mask=11100100010111111101111111111110, flags=SA_RESTART|SA_SIGINFO, unblocked
    SIGBUS: crash_handler in libjvm.so, mask=11100100010111111101111111111110, flags=SA_RESTART|SA_SIGINFO, unblocked
    SIGFPE: crash_handler in libjvm.so, mask=11100100010111111101111111111110, flags=SA_RESTART|SA_SIGINFO, unblocked
   SIGPIPE: javaSignalHandler in libjvm.so, mask=11100100010111111101111111111110, flags=SA_RESTART|SA_SIGINFO, blocked
   SIGXFSZ: javaSignalHandler in libjvm.so, mask=11100100010111111101111111111110, flags=SA_RESTART|SA_SIGINFO, blocked
    SIGILL: crash_handler in libjvm.so, mask=11100100010111111101111111111110, flags=SA_RESTART|SA_SIGINFO, unblocked
   SIGUSR2: SR_handler in libjvm.so, mask=00000000000000000000000000000000, flags=SA_RESTART|SA_SIGINFO, blocked
    SIGHUP: UserHandler in libjvm.so, mask=11100100010111111101111111111110, flags=SA_RESTART|SA_SIGINFO, blocked
    SIGINT: SIG_IGN, mask=00000000000000000000000000000000, flags=none, blocked
   SIGTERM: UserHandler in libjvm.so, mask=11100100010111111101111111111110, flags=SA_RESTART|SA_SIGINFO, blocked
   SIGQUIT: UserHandler in libjvm.so, mask=11100100010111111101111111111110, flags=SA_RESTART|SA_SIGINFO, blocked
   SIGTRAP: crash_handler in libjvm.so, mask=11100100010111111101111111111110, flags=SA_RESTART|SA_SIGINFO, unblocked


Periodic native trim disabled

---------------  S Y S T E M  ---------------

OS:
DISTRIB_ID=Ubuntu
DISTRIB_RELEASE=24.04
DISTRIB_CODENAME=noble
DISTRIB_DESCRIPTION="Ubuntu 24.04.1 LTS"
uname: Linux 6.8.0-47-generic #47-Ubuntu SMP PREEMPT_DYNAMIC Fri Sep 27 21:40:26 UTC 2024 x86_64
OS uptime: 0 days 0:12 hours
libc: glibc 2.39 NPTL 2.39 
rlimit (soft/hard): STACK 8192k/infinity , CORE 0k/infinity , NPROC 125013/125013 , NOFILE 1048576/1048576 , AS infinity/infinity , CPU infinity/infinity , DATA infinity/infinity , FSIZE infinity/infinity , MEMLOCK 4009332k/4009332k
load average: 0.94 1.88 1.17

/proc/meminfo:
MemTotal:       32074676 kB
MemFree:        25838068 kB
MemAvailable:   28547192 kB
Buffers:           98700 kB
Cached:          2953380 kB
SwapCached:            0 kB
Active:          3693988 kB
Inactive:        1446688 kB
Active(anon):    2116172 kB
Inactive(anon):        0 kB
Active(file):    1577816 kB
Inactive(file):  1446688 kB
Unevictable:          16 kB
Mlocked:              16 kB
SwapTotal:       8388604 kB
SwapFree:        8388604 kB
Zswap:                 0 kB
Zswapped:              0 kB
Dirty:               200 kB
Writeback:             0 kB
AnonPages:       2088800 kB
Mapped:           582164 kB
Shmem:             27540 kB
KReclaimable:      98788 kB
Slab:             337284 kB
SReclaimable:      98788 kB
SUnreclaim:       238496 kB
KernelStack:       13872 kB
PageTables:        24960 kB
SecPageTables:         0 kB
NFS_Unstable:          0 kB
Bounce:                0 kB
WritebackTmp:          0 kB
CommitLimit:    24425940 kB
Committed_AS:    7391448 kB
VmallocTotal:   34359738367 kB
VmallocUsed:      155524 kB
VmallocChunk:          0 kB
Percpu:            17536 kB
HardwareCorrupted:     0 kB
AnonHugePages:         0 kB
ShmemHugePages:        0 kB
ShmemPmdMapped:        0 kB
FileHugePages:         0 kB
FilePmdMapped:         0 kB
Unaccepted:            0 kB
HugePages_Total:       0
HugePages_Free:        0
HugePages_Rsvd:        0
HugePages_Surp:        0
Hugepagesize:       2048 kB
Hugetlb:               0 kB
DirectMap4k:     1040872 kB
DirectMap2M:    11794432 kB
DirectMap1G:    20971520 kB

/sys/kernel/mm/transparent_hugepage/enabled: always [madvise] never
/sys/kernel/mm/transparent_hugepage/hpage_pmd_size: 2097152
/sys/kernel/mm/transparent_hugepage/defrag (defrag/compaction efforts parameter): always defer defer+madvise [madvise] never

Process Memory:
Virtual Size: 17159660K (peak: 17219272K)
Resident Set Size: 275452K (peak: 275452K) (anon: 110204K, file: 157056K, shmem: 8192K)
Swapped out: 0K
C-Heap outstanding allocations: 83623K, retained: 5700K
glibc malloc tunables: (default)

/proc/sys/kernel/threads-max (system-wide limit on the number of threads): 250026
/proc/sys/vm/max_map_count (maximum number of memory map areas a process may have): 1048576
/proc/sys/vm/swappiness (control to define how aggressively the kernel swaps out anonymous memory): 60
/proc/sys/kernel/pid_max (system-wide limit on number of process identifiers): 4194304

container (cgroup) information:
container_type: cgroupv2
cpu_cpuset_cpus: not supported
cpu_memory_nodes: not supported
active_processor_count: 16
cpu_quota: not supported
cpu_period: not supported
cpu_shares: not supported
memory_limit_in_bytes: unlimited
memory_and_swap_limit_in_bytes: unlimited
memory_soft_limit_in_bytes: unlimited
memory_usage_in_bytes: 2604192 k
memory_max_usage_in_bytes: not supported
memory_swap_current_in_bytes: unlimited
memory_swap_max_limit_in_bytes: unlimited
maximum number of tasks: 37503
current number of tasks: 96

Steal ticks since vm start: 0
Steal ticks percentage since vm start:  0.000

CPU: total 16 (initial active 16) (16 cores per cpu, 2 threads per core) family 25 model 68 stepping 1 microcode 0xa404101, cx8, cmov, fxsr, ht, mmx, 3dnowpref, sse, sse2, sse3, ssse3, sse4a, sse4.1, sse4.2, popcnt, lzcnt, tsc, tscinvbit, avx, avx2, aes, clmul, bmi1, bmi2, adx, sha, fma, vzeroupper, clflush, clflushopt, rdtscp, rdpid, f16c, pku, ospke, cet_ss
CPU Model and flags from /proc/cpuinfo:
model name	: AMD Ryzen 9 6900HS with Radeon Graphics
flags		: fpu vme de pse tsc msr pae mce cx8 apic sep mtrr pge mca cmov pat pse36 clflush mmx fxsr sse sse2 ht syscall nx mmxext fxsr_opt pdpe1gb rdtscp lm constant_tsc rep_good nopl nonstop_tsc cpuid extd_apicid aperfmperf rapl pni pclmulqdq monitor ssse3 fma cx16 sse4_1 sse4_2 x2apic movbe popcnt aes xsave avx f16c rdrand lahf_lm cmp_legacy svm extapic cr8_legacy abm sse4a misalignsse 3dnowprefetch osvw ibs skinit wdt tce topoext perfctr_core perfctr_nb bpext perfctr_llc mwaitx cpb cat_l3 cdp_l3 hw_pstate ssbd mba ibrs ibpb stibp vmmcall fsgsbase bmi1 avx2 smep bmi2 invpcid cqm rdt_a rdseed adx smap clflushopt clwb sha_ni xsaveopt xsavec xgetbv1 xsaves cqm_llc cqm_occup_llc cqm_mbm_total cqm_mbm_local user_shstk clzero irperf xsaveerptr rdpru wbnoinvd cppc arat npt lbrv svm_lock nrip_save tsc_scale vmcb_clean flushbyasid decodeassists pausefilter pfthreshold avic v_vmsave_vmload vgif v_spec_ctrl umip pku ospke vaes vpclmulqdq rdpid overflow_recov succor smca debug_swap

Online cpus: 0-15
Offline cpus: 
BIOS frequency limitation: <Not Available>
Frequency switch latency (ns): 0
Available cpu frequencies: <Not Available>
Current governor: powersave
Core performance/turbo boost: <Not Available>

Memory: 4k page, physical 32074676k(28547192k free), swap 8388604k(8388604k free)
Page Sizes: 4k

vm_info: OpenJDK 64-Bit Server VM (21.0.4+7-Ubuntu-1ubuntu224.04) for linux-amd64 JRE (21.0.4+7-Ubuntu-1ubuntu224.04), built on 2024-07-23T01:34:52Z by "buildd" with gcc 13.2.0

END.
