#
# A fatal error has been detected by the Java Runtime Environment:
#
#  SIGSEGV (0xb) at pc=0x000079a061a4b06e, pid=4504, tid=4509
#
# JRE version: OpenJDK Runtime Environment (21.0.4+7) (build 21.0.4+7-Ubuntu-1ubuntu224.04)
# Java VM: OpenJDK 64-Bit Server VM (21.0.4+7-Ubuntu-1ubuntu224.04, mixed mode, sharing, tiered, compressed oops, compressed class ptrs, g1 gc, linux-amd64)
# Problematic frame:
# C  [libcuda.so.1+0x24b06e]
#
# Core dump will be written. Default location: Core dumps may be processed with "/usr/share/apport/apport -p%p -s%s -c%c -d%d -P%P -u%u -g%g -- %E" (or dumping to /home/dov/projects/NeighborhoodPIG/core.4504)
#
# If you would like to submit a bug report, please visit:
#   https://bugs.launchpad.net/ubuntu/+source/openjdk-21
# The crash happened outside the Java Virtual Machine in native code.
# See problematic frame for where to report the bug.
#

---------------  S U M M A R Y ------------

Command Line: -Dfile.encoding=UTF-8 --module-path=/home/dov/projects/NeighborhoodPIG/build/classes main.NeighborhoodPIG

Host: AMD Ryzen 9 6900HS with Radeon Graphics, 16 cores, 30G, Ubuntu 24.04.1 LTS
Time: Sun Nov  3 07:30:04 2024 IST elapsed time: 0.533317 seconds (0d 0h 0m 0s)

---------------  T H R E A D  ---------------

Current thread (0x000079a08c01a060):  JavaThread "main"             [_thread_in_native, id=4509, stack(0x000079a092d00000,0x000079a092e00000) (1024K)]

Stack: [0x000079a092d00000,0x000079a092e00000],  sp=0x000079a092dfe330,  free space=1016k
Native frames: (J=compiled Java code, j=interpreted, Vv=VM code, C=native code)
C  [libcuda.so.1+0x24b06e]
C  [libcuda.so.1+0x24b5f8]
C  [libcuda.so.1+0x2f19c3]
j  jcuda.driver.JCudaDriver.cuStreamSynchronizeNative(Ljcuda/driver/CUstream;)I+0
j  jcuda.driver.JCudaDriver.cuStreamSynchronize(Ljcuda/driver/CUstream;)I+1
j  JCudaWrapper.resourceManagement.Handle.get()Ljcuda/jcublas/cublasHandle;+11
j  JCudaWrapper.array.DStrideArray.multMatMatStridedBatched(LJCudaWrapper/resourceManagement/Handle;ZZIIIDLJCudaWrapper/array/DStrideArray;ILJCudaWrapper/array/DStrideArray;IDI)V+70
j  JCudaWrapper.algebra.Vector.addBatchVecVecMult(DLJCudaWrapper/algebra/VectorsStride;LJCudaWrapper/algebra/VectorsStride;D)V+53
j  JCudaWrapper.algebra.VectorsStride.norms(LJCudaWrapper/array/DArray;)LJCudaWrapper/algebra/Vector;+19
j  JCudaWrapper.algebra.VectorsStride.setVectorMagnitudes(DLJCudaWrapper/array/DArray;)LJCudaWrapper/algebra/VectorsStride;+13
j  main.StructureTensorMatrix.getRGB()[[[D+33
j  main.NeighborhoodPIG.orientationColored(Ljava/lang/String;)V+4
j  main.NeighborhoodPIG.main([Ljava/lang/String;)V+14
v  ~StubRoutines::call_stub 0x000079a07bc5fcc6
V  [libjvm.so+0x90841a]  JavaCalls::call_helper(JavaValue*, methodHandle const&, JavaCallArguments*, JavaThread*)+0x2da
V  [libjvm.so+0x9ae72d]  jni_invoke_static(JNIEnv_*, JavaValue*, _jobject*, JNICallType, _jmethodID*, JNI_ArgumentPusher*, JavaThread*) [clone .constprop.1]+0x35d
V  [libjvm.so+0x9b0c7f]  jni_CallStaticVoidMethod+0x12f
C  [libjli.so+0x55be]  JavaMain+0xfde
C  [libjli.so+0x844d]  ThreadJavaMain+0xd
C  [libc.so.6+0x9ca94]
Java frames: (J=compiled Java code, j=interpreted, Vv=VM code)
j  jcuda.driver.JCudaDriver.cuStreamSynchronizeNative(Ljcuda/driver/CUstream;)I+0
j  jcuda.driver.JCudaDriver.cuStreamSynchronize(Ljcuda/driver/CUstream;)I+1
j  JCudaWrapper.resourceManagement.Handle.get()Ljcuda/jcublas/cublasHandle;+11
j  JCudaWrapper.array.DStrideArray.multMatMatStridedBatched(LJCudaWrapper/resourceManagement/Handle;ZZIIIDLJCudaWrapper/array/DStrideArray;ILJCudaWrapper/array/DStrideArray;IDI)V+70
j  JCudaWrapper.algebra.Vector.addBatchVecVecMult(DLJCudaWrapper/algebra/VectorsStride;LJCudaWrapper/algebra/VectorsStride;D)V+53
j  JCudaWrapper.algebra.VectorsStride.norms(LJCudaWrapper/array/DArray;)LJCudaWrapper/algebra/Vector;+19
j  JCudaWrapper.algebra.VectorsStride.setVectorMagnitudes(DLJCudaWrapper/array/DArray;)LJCudaWrapper/algebra/VectorsStride;+13
j  main.StructureTensorMatrix.getRGB()[[[D+33
j  main.NeighborhoodPIG.orientationColored(Ljava/lang/String;)V+4
j  main.NeighborhoodPIG.main([Ljava/lang/String;)V+14
v  ~StubRoutines::call_stub 0x000079a07bc5fcc6

siginfo: si_signo: 11 (SIGSEGV), si_code: 1 (SEGV_MAPERR), si_addr: 0x000079a7163ee748

Registers:
RAX=0x000079a08c5f2130, RBX=0x000079a092dfe448, RCX=0x0000000000000002, RDX=0x000079a08e7a02a0
RSP=0x000079a092dfe330, RBP=0x000079a092dfe390, RSI=0x0000000000000000, RDI=0x000079a08c5f2130
R8 =0x000079a092dfe3c8, R9 =0x0000000000000000, R10=0x000079a08e7a02a0, R11=0x000079a7163ee360
R12=0x000079a092dfe3c8, R13=0x000079a08c5f2130, R14=0x000079a092dfe558, R15=0x000079a08c01a060
RIP=0x000079a061a4b06e, EFLAGS=0x0000000000010206, CSGSFS=0x002b000000000033, ERR=0x0000000000000004
  TRAPNO=0x000000000000000e


Register to memory mapping:

RAX=0x000079a08c5f2130 points into unknown readable memory: 0x000079a08c5edb00 | 00 db 5e 8c a0 79 00 00
RBX=0x000079a092dfe448 is pointing into the stack for thread: 0x000079a08c01a060
RCX=0x0000000000000002 is an unknown value
RDX=0x000079a08e7a02a0 points into unknown readable memory: 0x000079a08c34c620 | 20 c6 34 8c a0 79 00 00
RSP=0x000079a092dfe330 is pointing into the stack for thread: 0x000079a08c01a060
RBP=0x000079a092dfe390 is pointing into the stack for thread: 0x000079a08c01a060
RSI=0x0 is null
RDI=0x000079a08c5f2130 points into unknown readable memory: 0x000079a08c5edb00 | 00 db 5e 8c a0 79 00 00
R8 =0x000079a092dfe3c8 is pointing into the stack for thread: 0x000079a08c01a060
R9 =0x0 is null
R10=0x000079a08e7a02a0 points into unknown readable memory: 0x000079a08c34c620 | 20 c6 34 8c a0 79 00 00
R11=0x000079a7163ee360 is an unknown value
R12=0x000079a092dfe3c8 is pointing into the stack for thread: 0x000079a08c01a060
R13=0x000079a08c5f2130 points into unknown readable memory: 0x000079a08c5edb00 | 00 db 5e 8c a0 79 00 00
R14=0x000079a092dfe558 is pointing into the stack for thread: 0x000079a08c01a060
R15=0x000079a08c01a060 is a thread

Top of Stack: (sp=0x000079a092dfe330)
0x000079a092dfe330:   0000000634fc1380 0000000634fc1308
0x000079a092dfe340:   0000000634fc12e0 0000000000000000
0x000079a092dfe350:   000079a092dfe490 000079a08c01a060
0x000079a092dfe360:   000079a092dfe668 000079a092dfe448
0x000079a092dfe370:   0000000000000000 000079a092dfe440
0x000079a092dfe380:   000079a092dfe558 000079a08c01a060
0x000079a092dfe390:   000079a092dfe400 000079a061a4b5f8
0x000079a092dfe3a0:   000079a0941e4a58 0000000634fc1380
0x000079a092dfe3b0:   0000000634fc12e0 0000000634fc1308
0x000079a092dfe3c0:   000079a000011c00 0000000000000000
0x000079a092dfe3d0:   000079a092dfe668 000079a0004df2e0
0x000079a092dfe3e0:   000079a08e7a02a0 000079a0004df2e0
0x000079a092dfe3f0:   000079a092dfe558 000079a08c01a060
0x000079a092dfe400:   000079a092dfe4d0 000079a061af19c3
0x000079a092dfe410:   000079a092dfe558 000000000000002c
0x000079a092dfe420:   000003e700000003 0000000000000000
0x000079a092dfe430:   0000000000000000 000079a08c5f2130
0x000079a092dfe440:   0000000000000000 0000000000000000
0x000079a092dfe450:   0000000634fc1350 000079a08c01a060
0x000079a092dfe460:   000079a092dfe4f8 0000000000000000
0x000079a092dfe470:   000079a08c01a060 0000000634fc1308
0x000079a092dfe480:   000079a001000020 000079a093da3f27
0x000079a092dfe490:   000079a0941e4a58 0000000000000000
0x000079a092dfe4a0:   0000000634fc1308 0000000634fc12e0
0x000079a092dfe4b0:   000079a08c01a418 0000799fff03604a
0x000079a092dfe4c0:   000079a092dfe668 0000000000000000
0x000079a092dfe4d0:   000079a092dfe538 000079a07bc6b9c0
0x000079a092dfe4e0:   0000000000000001 000079a08c01a060
0x000079a092dfe4f0:   000079a092dfe4f0 0000000000000000
0x000079a092dfe500:   0000000000000004 000079a0004e2ef8
0x000079a092dfe510:   0000000000000000 0000000634f56e60
0x000079a092dfe520:   000079a0004df2e0 0000000000000000 

Instructions: (pc=0x000079a061a4b06e)
0x000079a061a4af6e:   f6 c2 10 75 ba 83 e2 08 b8 8a 03 00 00 75 da 48
0x000079a061a4af7e:   8b 59 08 4c 8d 63 08 4c 89 e7 e8 23 3a e9 ff 48
0x000079a061a4af8e:   8b 5b 38 48 85 db 74 2d 66 2e 0f 1f 84 00 00 00
0x000079a061a4af9e:   00 00 48 8b bb e8 03 00 00 48 85 ff 74 0b f6 43
0x000079a061a4afae:   50 04 74 05 e8 c9 9a 29 00 48 8b 9b 58 01 00 00
0x000079a061a4afbe:   48 85 db 75 dd 4c 89 e7 e8 15 35 e9 ff b8 8a 03
0x000079a061a4afce:   00 00 eb 85 66 0f 1f 44 00 00 83 f8 02 ba 91 01
0x000079a061a4afde:   00 00 b8 00 00 00 00 5b 0f 44 c2 41 5c 5d c3 0f
0x000079a061a4afee:   1f 00 e8 8b 9a 29 00 b8 84 03 00 00 e9 58 ff ff
0x000079a061a4affe:   ff 90 55 48 89 e5 41 57 41 56 41 55 49 89 fd 41
0x000079a061a4b00e:   54 4d 89 c4 53 48 83 ec 38 49 c7 00 00 00 00 00
0x000079a061a4b01e:   48 85 f6 0f 84 b9 00 00 00 44 8b 0e 41 ba 00 00
0x000079a061a4b02e:   00 00 48 89 f3 45 85 c9 4c 0f 45 d6 48 83 fa 02
0x000079a061a4b03e:   77 20 48 85 d2 74 5b 48 83 fa 02 0f 85 81 00 00
0x000079a061a4b04e:   00 4d 85 d2 0f 84 a8 00 00 00 41 b8 90 01 00 00
0x000079a061a4b05e:   eb 28 4c 8b 1a 4d 85 db 74 f0 49 39 5b 10 75 ea
0x000079a061a4b06e:   49 83 bb e8 03 00 00 00 75 09 4d 85 ed 0f 85 57
0x000079a061a4b07e:   01 00 00 4d 89 1c 24 45 31 c0 48 8d 65 d8 44 89
0x000079a061a4b08e:   c0 5b 41 5c 41 5d 41 5e 41 5f 5d c3 66 0f 1f 44
0x000079a061a4b09e:   00 00 83 f9 02 0f 84 27 02 00 00 83 f9 03 0f 84
0x000079a061a4b0ae:   06 02 00 00 83 f9 01 0f 84 e5 01 00 00 0f b6 05
0x000079a061a4b0be:   66 ac 91 01 c0 e8 03 83 e0 01 84 c0 0f 85 7f ff
0x000079a061a4b0ce:   ff ff 4d 85 d2 0f 84 ef 00 00 00 4d 8b 5a 68 eb
0x000079a061a4b0de:   84 90 48 83 fa 02 0f 86 6e ff ff ff 4c 8b 1a 4d
0x000079a061a4b0ee:   85 db 0f 85 78 ff ff ff e9 5d ff ff ff 0f 1f 44
0x000079a061a4b0fe:   00 00 4d 8b 5d 18 4d 85 db 74 0d 8b 43 38 41 39
0x000079a061a4b10e:   45 20 0f 84 9f 00 00 00 4c 8d b3 a0 03 00 00 4c
0x000079a061a4b11e:   89 55 a8 4d 8b 7d 10 4c 89 f7 e8 83 38 e9 ff 4c
0x000079a061a4b12e:   8b 9b c8 03 00 00 45 31 c0 4c 89 fe 4c 89 c2 41
0x000079a061a4b13e:   8b 3b 4c 89 5d b0 89 7d b8 e8 14 72 0d 00 4c 8b
0x000079a061a4b14e:   5d b0 48 83 ec 08 8b 7d b8 45 31 c0 41 89 c1 4c
0x000079a061a4b15e:   89 f9 49 8b 53 10 41 8b 73 0c 6a 00 e8 21 ee 2a 


Stack slot to memory mapping:

stack at sp + 0 slots: 0x0000000634fc1380 is an oop: java.util.stream.MatchOps$2MatchSink 
{0x0000000634fc1380} - klass: 'java/util/stream/MatchOps$2MatchSink'
 - ---- fields (total size 3 words):
 - 'stop' 'Z' @12  false (0x00)
 - 'value' 'Z' @13  false (0x00)
 - final synthetic 'val$matchKind' 'Ljava/util/stream/MatchOps$MatchKind;' @16  a 'java/util/stream/MatchOps$MatchKind'{0x0000000634dec838} (0xc69bd907)
 - final synthetic 'val$predicate' 'Ljava/util/function/IntPredicate;' @20  a 'JCudaWrapper/array/Array$$Lambda+0x000079a00c00b2f8'{0x0000000634fc1340} (0xc69f8268)
stack at sp + 1 slots: 0x0000000634fc1308 is an oop: java.util.stream.IntPipeline$Head 
{0x0000000634fc1308} - klass: 'java/util/stream/IntPipeline$Head'
 - ---- fields (total size 7 words):
 - protected final 'sourceOrOpFlags' 'I' @12  80 (0x00000050)
 - private 'depth' 'I' @16  0 (0x00000000)
 - private 'combinedFlags' 'I' @20  16777327 (0x0100006f)
 - private 'linkedOrConsumed' 'Z' @24  true (0x01)
 - private 'sourceAnyStateful' 'Z' @25  false (0x00)
 - private 'parallel' 'Z' @26  false (0x00)
 - private final 'sourceStage' 'Ljava/util/stream/AbstractPipeline;' @28  a 'java/util/stream/IntPipeline$Head'{0x0000000634fc1308} (0xc69f8261)
 - private final 'previousStage' 'Ljava/util/stream/AbstractPipeline;' @32  null (0x00000000)
 - private 'nextStage' 'Ljava/util/stream/AbstractPipeline;' @36  null (0x00000000)
 - private 'sourceSpliterator' 'Ljava/util/Spliterator;' @40  null (0x00000000)
 - private 'sourceSupplier' 'Ljava/util/function/Supplier;' @44  null (0x00000000)
 - private 'sourceCloseAction' 'Ljava/lang/Runnable;' @48  null (0x00000000)
stack at sp + 2 slots: 0x0000000634fc12e0 is an oop: java.util.Spliterators$IntArraySpliterator 
{0x0000000634fc12e0} - klass: 'java/util/Spliterators$IntArraySpliterator'
 - ---- fields (total size 5 words):
 - private 'index' 'I' @12  4 (0x00000004)
 - private 'estimatedSize' 'J' @16  -1 (0xffffffffffffffff)
 - private final 'fence' 'I' @24  4 (0x00000004)
 - private final 'characteristics' 'I' @28  17488 (0x00004450)
 - private final 'array' '[I' @32  [I{0x0000000634fc12c0} (0xc69f8258)
stack at sp + 3 slots: 0x0 is null
stack at sp + 4 slots: 0x000079a092dfe490 is pointing into the stack for thread: 0x000079a08c01a060
stack at sp + 5 slots: 0x000079a08c01a060 is a thread
stack at sp + 6 slots: 0x000079a092dfe668 is pointing into the stack for thread: 0x000079a08c01a060
stack at sp + 7 slots: 0x000079a092dfe448 is pointing into the stack for thread: 0x000079a08c01a060


---------------  P R O C E S S  ---------------

Threads class SMR info:
_java_thread_list=0x0000799fd00d4630, length=15, elements={
0x000079a08c01a060, 0x000079a08c138f50, 0x000079a08c13a3e0, 0x000079a08c13beb0,
0x000079a08c13d500, 0x000079a08c13eab0, 0x000079a08c140680, 0x000079a08c141d50,
0x000079a08c160f10, 0x0000799fd006e170, 0x000079a08c19c850, 0x0000799fc403b290,
0x000079a08d524070, 0x000079a08d557090, 0x0000799fd00d3460
}

Java Threads: ( => current thread )
=>0x000079a08c01a060 JavaThread "main"                              [_thread_in_native, id=4509, stack(0x000079a092d00000,0x000079a092e00000) (1024K)]
  0x000079a08c138f50 JavaThread "Reference Handler"          daemon [_thread_blocked, id=4517, stack(0x000079a068500000,0x000079a068600000) (1024K)]
  0x000079a08c13a3e0 JavaThread "Finalizer"                  daemon [_thread_blocked, id=4518, stack(0x000079a068400000,0x000079a068500000) (1024K)]
  0x000079a08c13beb0 JavaThread "Signal Dispatcher"          daemon [_thread_blocked, id=4519, stack(0x000079a068300000,0x000079a068400000) (1024K)]
  0x000079a08c13d500 JavaThread "Service Thread"             daemon [_thread_blocked, id=4520, stack(0x000079a068200000,0x000079a068300000) (1024K)]
  0x000079a08c13eab0 JavaThread "Monitor Deflation Thread"   daemon [_thread_blocked, id=4521, stack(0x000079a068100000,0x000079a068200000) (1024K)]
  0x000079a08c140680 JavaThread "C2 CompilerThread0"         daemon [_thread_blocked, id=4522, stack(0x000079a068000000,0x000079a068100000) (1024K)]
  0x000079a08c141d50 JavaThread "C1 CompilerThread0"         daemon [_thread_blocked, id=4523, stack(0x000079a063f00000,0x000079a064000000) (1024K)]
  0x000079a08c160f10 JavaThread "Common-Cleaner"             daemon [_thread_blocked, id=4524, stack(0x000079a063e00000,0x000079a063f00000) (1024K)]
  0x0000799fd006e170 JavaThread "C1 CompilerThread1"         daemon [_thread_blocked, id=4525, stack(0x000079a063d00000,0x000079a063e00000) (1024K)]
  0x000079a08c19c850 JavaThread "Notification Thread"        daemon [_thread_blocked, id=4526, stack(0x000079a063c00000,0x000079a063d00000) (1024K)]
  0x0000799fc403b290 JavaThread "C2 CompilerThread1"         daemon [_thread_blocked, id=4527, stack(0x000079a063b00000,0x000079a063c00000) (1024K)]
  0x000079a08d524070 JavaThread "pool-1-thread-1"            daemon [_thread_blocked, id=4538, stack(0x000079a060d00000,0x000079a060e00000) (1024K)]
  0x000079a08d557090 JavaThread "Java2D Disposer"            daemon [_thread_blocked, id=4539, stack(0x000079a0606d0000,0x000079a0607d0000) (1024K)]
  0x0000799fd00d3460 JavaThread "C1 CompilerThread2"         daemon [_thread_blocked, id=4542, stack(0x000079a060300000,0x000079a060400000) (1024K)]
Total: 15

Other Threads:
  0x000079a08c12ba00 VMThread "VM Thread"                           [id=4516, stack(0x000079a0693f9000,0x000079a0694f9000) (1024K)]
  0x000079a08c111250 WatcherThread "VM Periodic Task Thread"        [id=4515, stack(0x000079a0694fa000,0x000079a0695fa000) (1024K)]
  0x000079a08c045400 WorkerThread "GC Thread#0"                     [id=4510, stack(0x000079a091a21000,0x000079a091b21000) (1024K)]
  0x000079a08c055f00 ConcurrentGCThread "G1 Main Marker"            [id=4511, stack(0x000079a090900000,0x000079a090a00000) (1024K)]
  0x000079a08c056eb0 WorkerThread "G1 Conc#0"                       [id=4512, stack(0x000079a0907ff000,0x000079a0908ff000) (1024K)]
  0x000079a08c0feac0 ConcurrentGCThread "G1 Refine#0"               [id=4513, stack(0x000079a0696fc000,0x000079a0697fc000) (1024K)]
  0x000079a08c0ffa80 ConcurrentGCThread "G1 Service"                [id=4514, stack(0x000079a0695fb000,0x000079a0696fb000) (1024K)]
Total: 7

Threads with active compile tasks:
Total: 0

VM state: not at safepoint (normal execution)

VM Mutex/Monitor currently owned by a thread: None

Heap address: 0x0000000616800000, size: 7832 MB, Compressed Oops mode: Zero based, Oop shift amount: 3

CDS archive(s) mapped at: [0x000079a00b000000-0x000079a00bcae000-0x000079a00bcae000), size 13295616, SharedBaseAddress: 0x000079a00b000000, ArchiveRelocationMode: 1.
Compressed class space mapped at: 0x000079a00c000000-0x000079a04c000000, reserved size: 1073741824
Narrow klass base: 0x000079a00b000000, Narrow klass shift: 0, Narrow klass range: 0x100000000

GC Precious Log:
 CardTable entry size: 512
 Card Set container configuration: InlinePtr #cards 4 size 8 Array Of Cards #cards 32 size 80 Howl #buckets 8 coarsen threshold 7372 Howl Bitmap #cards 1024 size 144 coarsen threshold 921 Card regions per heap region 1 cards per card region 8192
 CPUs: 16 total, 16 available
 Memory: 31322M
 Large Page Support: Disabled
 NUMA Support: Disabled
 Compressed Oops: Enabled (Zero based)
 Heap Region Size: 4M
 Heap Min Capacity: 8M
 Heap Initial Capacity: 492M
 Heap Max Capacity: 7832M
 Pre-touch: Disabled
 Parallel Workers: 13
 Concurrent Workers: 3
 Concurrent Refinement Workers: 13
 Periodic GC: Disabled

Heap:
 garbage-first heap   total 507904K, used 5150K [0x0000000616800000, 0x0000000800000000)
  region size 4096K, 2 young (8192K), 0 survivors (0K)
 Metaspace       used 3481K, committed 3712K, reserved 1114112K
  class space    used 299K, committed 448K, reserved 1048576K

Heap Regions: E=young(eden), S=young(survivor), O=old, HS=humongous(starts), HC=humongous(continues), CS=collection set, F=free, TAMS=top-at-mark-start, PB=parsable bottom
|   0|0x0000000616800000, 0x0000000616800000, 0x0000000616c00000|  0%| F|  |TAMS 0x0000000616800000| PB 0x0000000616800000| Untracked 
|   1|0x0000000616c00000, 0x0000000616c00000, 0x0000000617000000|  0%| F|  |TAMS 0x0000000616c00000| PB 0x0000000616c00000| Untracked 
|   2|0x0000000617000000, 0x0000000617000000, 0x0000000617400000|  0%| F|  |TAMS 0x0000000617000000| PB 0x0000000617000000| Untracked 
|   3|0x0000000617400000, 0x0000000617400000, 0x0000000617800000|  0%| F|  |TAMS 0x0000000617400000| PB 0x0000000617400000| Untracked 
|   4|0x0000000617800000, 0x0000000617800000, 0x0000000617c00000|  0%| F|  |TAMS 0x0000000617800000| PB 0x0000000617800000| Untracked 
|   5|0x0000000617c00000, 0x0000000617c00000, 0x0000000618000000|  0%| F|  |TAMS 0x0000000617c00000| PB 0x0000000617c00000| Untracked 
|   6|0x0000000618000000, 0x0000000618000000, 0x0000000618400000|  0%| F|  |TAMS 0x0000000618000000| PB 0x0000000618000000| Untracked 
|   7|0x0000000618400000, 0x0000000618400000, 0x0000000618800000|  0%| F|  |TAMS 0x0000000618400000| PB 0x0000000618400000| Untracked 
|   8|0x0000000618800000, 0x0000000618800000, 0x0000000618c00000|  0%| F|  |TAMS 0x0000000618800000| PB 0x0000000618800000| Untracked 
|   9|0x0000000618c00000, 0x0000000618c00000, 0x0000000619000000|  0%| F|  |TAMS 0x0000000618c00000| PB 0x0000000618c00000| Untracked 
|  10|0x0000000619000000, 0x0000000619000000, 0x0000000619400000|  0%| F|  |TAMS 0x0000000619000000| PB 0x0000000619000000| Untracked 
|  11|0x0000000619400000, 0x0000000619400000, 0x0000000619800000|  0%| F|  |TAMS 0x0000000619400000| PB 0x0000000619400000| Untracked 
|  12|0x0000000619800000, 0x0000000619800000, 0x0000000619c00000|  0%| F|  |TAMS 0x0000000619800000| PB 0x0000000619800000| Untracked 
|  13|0x0000000619c00000, 0x0000000619c00000, 0x000000061a000000|  0%| F|  |TAMS 0x0000000619c00000| PB 0x0000000619c00000| Untracked 
|  14|0x000000061a000000, 0x000000061a000000, 0x000000061a400000|  0%| F|  |TAMS 0x000000061a000000| PB 0x000000061a000000| Untracked 
|  15|0x000000061a400000, 0x000000061a400000, 0x000000061a800000|  0%| F|  |TAMS 0x000000061a400000| PB 0x000000061a400000| Untracked 
|  16|0x000000061a800000, 0x000000061a800000, 0x000000061ac00000|  0%| F|  |TAMS 0x000000061a800000| PB 0x000000061a800000| Untracked 
|  17|0x000000061ac00000, 0x000000061ac00000, 0x000000061b000000|  0%| F|  |TAMS 0x000000061ac00000| PB 0x000000061ac00000| Untracked 
|  18|0x000000061b000000, 0x000000061b000000, 0x000000061b400000|  0%| F|  |TAMS 0x000000061b000000| PB 0x000000061b000000| Untracked 
|  19|0x000000061b400000, 0x000000061b400000, 0x000000061b800000|  0%| F|  |TAMS 0x000000061b400000| PB 0x000000061b400000| Untracked 
|  20|0x000000061b800000, 0x000000061b800000, 0x000000061bc00000|  0%| F|  |TAMS 0x000000061b800000| PB 0x000000061b800000| Untracked 
|  21|0x000000061bc00000, 0x000000061bc00000, 0x000000061c000000|  0%| F|  |TAMS 0x000000061bc00000| PB 0x000000061bc00000| Untracked 
|  22|0x000000061c000000, 0x000000061c000000, 0x000000061c400000|  0%| F|  |TAMS 0x000000061c000000| PB 0x000000061c000000| Untracked 
|  23|0x000000061c400000, 0x000000061c400000, 0x000000061c800000|  0%| F|  |TAMS 0x000000061c400000| PB 0x000000061c400000| Untracked 
|  24|0x000000061c800000, 0x000000061c800000, 0x000000061cc00000|  0%| F|  |TAMS 0x000000061c800000| PB 0x000000061c800000| Untracked 
|  25|0x000000061cc00000, 0x000000061cc00000, 0x000000061d000000|  0%| F|  |TAMS 0x000000061cc00000| PB 0x000000061cc00000| Untracked 
|  26|0x000000061d000000, 0x000000061d000000, 0x000000061d400000|  0%| F|  |TAMS 0x000000061d000000| PB 0x000000061d000000| Untracked 
|  27|0x000000061d400000, 0x000000061d400000, 0x000000061d800000|  0%| F|  |TAMS 0x000000061d400000| PB 0x000000061d400000| Untracked 
|  28|0x000000061d800000, 0x000000061d800000, 0x000000061dc00000|  0%| F|  |TAMS 0x000000061d800000| PB 0x000000061d800000| Untracked 
|  29|0x000000061dc00000, 0x000000061dc00000, 0x000000061e000000|  0%| F|  |TAMS 0x000000061dc00000| PB 0x000000061dc00000| Untracked 
|  30|0x000000061e000000, 0x000000061e000000, 0x000000061e400000|  0%| F|  |TAMS 0x000000061e000000| PB 0x000000061e000000| Untracked 
|  31|0x000000061e400000, 0x000000061e400000, 0x000000061e800000|  0%| F|  |TAMS 0x000000061e400000| PB 0x000000061e400000| Untracked 
|  32|0x000000061e800000, 0x000000061e800000, 0x000000061ec00000|  0%| F|  |TAMS 0x000000061e800000| PB 0x000000061e800000| Untracked 
|  33|0x000000061ec00000, 0x000000061ec00000, 0x000000061f000000|  0%| F|  |TAMS 0x000000061ec00000| PB 0x000000061ec00000| Untracked 
|  34|0x000000061f000000, 0x000000061f000000, 0x000000061f400000|  0%| F|  |TAMS 0x000000061f000000| PB 0x000000061f000000| Untracked 
|  35|0x000000061f400000, 0x000000061f400000, 0x000000061f800000|  0%| F|  |TAMS 0x000000061f400000| PB 0x000000061f400000| Untracked 
|  36|0x000000061f800000, 0x000000061f800000, 0x000000061fc00000|  0%| F|  |TAMS 0x000000061f800000| PB 0x000000061f800000| Untracked 
|  37|0x000000061fc00000, 0x000000061fc00000, 0x0000000620000000|  0%| F|  |TAMS 0x000000061fc00000| PB 0x000000061fc00000| Untracked 
|  38|0x0000000620000000, 0x0000000620000000, 0x0000000620400000|  0%| F|  |TAMS 0x0000000620000000| PB 0x0000000620000000| Untracked 
|  39|0x0000000620400000, 0x0000000620400000, 0x0000000620800000|  0%| F|  |TAMS 0x0000000620400000| PB 0x0000000620400000| Untracked 
|  40|0x0000000620800000, 0x0000000620800000, 0x0000000620c00000|  0%| F|  |TAMS 0x0000000620800000| PB 0x0000000620800000| Untracked 
|  41|0x0000000620c00000, 0x0000000620c00000, 0x0000000621000000|  0%| F|  |TAMS 0x0000000620c00000| PB 0x0000000620c00000| Untracked 
|  42|0x0000000621000000, 0x0000000621000000, 0x0000000621400000|  0%| F|  |TAMS 0x0000000621000000| PB 0x0000000621000000| Untracked 
|  43|0x0000000621400000, 0x0000000621400000, 0x0000000621800000|  0%| F|  |TAMS 0x0000000621400000| PB 0x0000000621400000| Untracked 
|  44|0x0000000621800000, 0x0000000621800000, 0x0000000621c00000|  0%| F|  |TAMS 0x0000000621800000| PB 0x0000000621800000| Untracked 
|  45|0x0000000621c00000, 0x0000000621c00000, 0x0000000622000000|  0%| F|  |TAMS 0x0000000621c00000| PB 0x0000000621c00000| Untracked 
|  46|0x0000000622000000, 0x0000000622000000, 0x0000000622400000|  0%| F|  |TAMS 0x0000000622000000| PB 0x0000000622000000| Untracked 
|  47|0x0000000622400000, 0x0000000622400000, 0x0000000622800000|  0%| F|  |TAMS 0x0000000622400000| PB 0x0000000622400000| Untracked 
|  48|0x0000000622800000, 0x0000000622800000, 0x0000000622c00000|  0%| F|  |TAMS 0x0000000622800000| PB 0x0000000622800000| Untracked 
|  49|0x0000000622c00000, 0x0000000622c00000, 0x0000000623000000|  0%| F|  |TAMS 0x0000000622c00000| PB 0x0000000622c00000| Untracked 
|  50|0x0000000623000000, 0x0000000623000000, 0x0000000623400000|  0%| F|  |TAMS 0x0000000623000000| PB 0x0000000623000000| Untracked 
|  51|0x0000000623400000, 0x0000000623400000, 0x0000000623800000|  0%| F|  |TAMS 0x0000000623400000| PB 0x0000000623400000| Untracked 
|  52|0x0000000623800000, 0x0000000623800000, 0x0000000623c00000|  0%| F|  |TAMS 0x0000000623800000| PB 0x0000000623800000| Untracked 
|  53|0x0000000623c00000, 0x0000000623c00000, 0x0000000624000000|  0%| F|  |TAMS 0x0000000623c00000| PB 0x0000000623c00000| Untracked 
|  54|0x0000000624000000, 0x0000000624000000, 0x0000000624400000|  0%| F|  |TAMS 0x0000000624000000| PB 0x0000000624000000| Untracked 
|  55|0x0000000624400000, 0x0000000624400000, 0x0000000624800000|  0%| F|  |TAMS 0x0000000624400000| PB 0x0000000624400000| Untracked 
|  56|0x0000000624800000, 0x0000000624800000, 0x0000000624c00000|  0%| F|  |TAMS 0x0000000624800000| PB 0x0000000624800000| Untracked 
|  57|0x0000000624c00000, 0x0000000624c00000, 0x0000000625000000|  0%| F|  |TAMS 0x0000000624c00000| PB 0x0000000624c00000| Untracked 
|  58|0x0000000625000000, 0x0000000625000000, 0x0000000625400000|  0%| F|  |TAMS 0x0000000625000000| PB 0x0000000625000000| Untracked 
|  59|0x0000000625400000, 0x0000000625400000, 0x0000000625800000|  0%| F|  |TAMS 0x0000000625400000| PB 0x0000000625400000| Untracked 
|  60|0x0000000625800000, 0x0000000625800000, 0x0000000625c00000|  0%| F|  |TAMS 0x0000000625800000| PB 0x0000000625800000| Untracked 
|  61|0x0000000625c00000, 0x0000000625c00000, 0x0000000626000000|  0%| F|  |TAMS 0x0000000625c00000| PB 0x0000000625c00000| Untracked 
|  62|0x0000000626000000, 0x0000000626000000, 0x0000000626400000|  0%| F|  |TAMS 0x0000000626000000| PB 0x0000000626000000| Untracked 
|  63|0x0000000626400000, 0x0000000626400000, 0x0000000626800000|  0%| F|  |TAMS 0x0000000626400000| PB 0x0000000626400000| Untracked 
|  64|0x0000000626800000, 0x0000000626800000, 0x0000000626c00000|  0%| F|  |TAMS 0x0000000626800000| PB 0x0000000626800000| Untracked 
|  65|0x0000000626c00000, 0x0000000626c00000, 0x0000000627000000|  0%| F|  |TAMS 0x0000000626c00000| PB 0x0000000626c00000| Untracked 
|  66|0x0000000627000000, 0x0000000627000000, 0x0000000627400000|  0%| F|  |TAMS 0x0000000627000000| PB 0x0000000627000000| Untracked 
|  67|0x0000000627400000, 0x0000000627400000, 0x0000000627800000|  0%| F|  |TAMS 0x0000000627400000| PB 0x0000000627400000| Untracked 
|  68|0x0000000627800000, 0x0000000627800000, 0x0000000627c00000|  0%| F|  |TAMS 0x0000000627800000| PB 0x0000000627800000| Untracked 
|  69|0x0000000627c00000, 0x0000000627c00000, 0x0000000628000000|  0%| F|  |TAMS 0x0000000627c00000| PB 0x0000000627c00000| Untracked 
|  70|0x0000000628000000, 0x0000000628000000, 0x0000000628400000|  0%| F|  |TAMS 0x0000000628000000| PB 0x0000000628000000| Untracked 
|  71|0x0000000628400000, 0x0000000628400000, 0x0000000628800000|  0%| F|  |TAMS 0x0000000628400000| PB 0x0000000628400000| Untracked 
|  72|0x0000000628800000, 0x0000000628800000, 0x0000000628c00000|  0%| F|  |TAMS 0x0000000628800000| PB 0x0000000628800000| Untracked 
|  73|0x0000000628c00000, 0x0000000628c00000, 0x0000000629000000|  0%| F|  |TAMS 0x0000000628c00000| PB 0x0000000628c00000| Untracked 
|  74|0x0000000629000000, 0x0000000629000000, 0x0000000629400000|  0%| F|  |TAMS 0x0000000629000000| PB 0x0000000629000000| Untracked 
|  75|0x0000000629400000, 0x0000000629400000, 0x0000000629800000|  0%| F|  |TAMS 0x0000000629400000| PB 0x0000000629400000| Untracked 
|  76|0x0000000629800000, 0x0000000629800000, 0x0000000629c00000|  0%| F|  |TAMS 0x0000000629800000| PB 0x0000000629800000| Untracked 
|  77|0x0000000629c00000, 0x0000000629c00000, 0x000000062a000000|  0%| F|  |TAMS 0x0000000629c00000| PB 0x0000000629c00000| Untracked 
|  78|0x000000062a000000, 0x000000062a000000, 0x000000062a400000|  0%| F|  |TAMS 0x000000062a000000| PB 0x000000062a000000| Untracked 
|  79|0x000000062a400000, 0x000000062a400000, 0x000000062a800000|  0%| F|  |TAMS 0x000000062a400000| PB 0x000000062a400000| Untracked 
|  80|0x000000062a800000, 0x000000062a800000, 0x000000062ac00000|  0%| F|  |TAMS 0x000000062a800000| PB 0x000000062a800000| Untracked 
|  81|0x000000062ac00000, 0x000000062ac00000, 0x000000062b000000|  0%| F|  |TAMS 0x000000062ac00000| PB 0x000000062ac00000| Untracked 
|  82|0x000000062b000000, 0x000000062b000000, 0x000000062b400000|  0%| F|  |TAMS 0x000000062b000000| PB 0x000000062b000000| Untracked 
|  83|0x000000062b400000, 0x000000062b400000, 0x000000062b800000|  0%| F|  |TAMS 0x000000062b400000| PB 0x000000062b400000| Untracked 
|  84|0x000000062b800000, 0x000000062b800000, 0x000000062bc00000|  0%| F|  |TAMS 0x000000062b800000| PB 0x000000062b800000| Untracked 
|  85|0x000000062bc00000, 0x000000062bc00000, 0x000000062c000000|  0%| F|  |TAMS 0x000000062bc00000| PB 0x000000062bc00000| Untracked 
|  86|0x000000062c000000, 0x000000062c000000, 0x000000062c400000|  0%| F|  |TAMS 0x000000062c000000| PB 0x000000062c000000| Untracked 
|  87|0x000000062c400000, 0x000000062c400000, 0x000000062c800000|  0%| F|  |TAMS 0x000000062c400000| PB 0x000000062c400000| Untracked 
|  88|0x000000062c800000, 0x000000062c800000, 0x000000062cc00000|  0%| F|  |TAMS 0x000000062c800000| PB 0x000000062c800000| Untracked 
|  89|0x000000062cc00000, 0x000000062cc00000, 0x000000062d000000|  0%| F|  |TAMS 0x000000062cc00000| PB 0x000000062cc00000| Untracked 
|  90|0x000000062d000000, 0x000000062d000000, 0x000000062d400000|  0%| F|  |TAMS 0x000000062d000000| PB 0x000000062d000000| Untracked 
|  91|0x000000062d400000, 0x000000062d400000, 0x000000062d800000|  0%| F|  |TAMS 0x000000062d400000| PB 0x000000062d400000| Untracked 
|  92|0x000000062d800000, 0x000000062d800000, 0x000000062dc00000|  0%| F|  |TAMS 0x000000062d800000| PB 0x000000062d800000| Untracked 
|  93|0x000000062dc00000, 0x000000062dc00000, 0x000000062e000000|  0%| F|  |TAMS 0x000000062dc00000| PB 0x000000062dc00000| Untracked 
|  94|0x000000062e000000, 0x000000062e000000, 0x000000062e400000|  0%| F|  |TAMS 0x000000062e000000| PB 0x000000062e000000| Untracked 
|  95|0x000000062e400000, 0x000000062e400000, 0x000000062e800000|  0%| F|  |TAMS 0x000000062e400000| PB 0x000000062e400000| Untracked 
|  96|0x000000062e800000, 0x000000062e800000, 0x000000062ec00000|  0%| F|  |TAMS 0x000000062e800000| PB 0x000000062e800000| Untracked 
|  97|0x000000062ec00000, 0x000000062ec00000, 0x000000062f000000|  0%| F|  |TAMS 0x000000062ec00000| PB 0x000000062ec00000| Untracked 
|  98|0x000000062f000000, 0x000000062f000000, 0x000000062f400000|  0%| F|  |TAMS 0x000000062f000000| PB 0x000000062f000000| Untracked 
|  99|0x000000062f400000, 0x000000062f400000, 0x000000062f800000|  0%| F|  |TAMS 0x000000062f400000| PB 0x000000062f400000| Untracked 
| 100|0x000000062f800000, 0x000000062f800000, 0x000000062fc00000|  0%| F|  |TAMS 0x000000062f800000| PB 0x000000062f800000| Untracked 
| 101|0x000000062fc00000, 0x000000062fc00000, 0x0000000630000000|  0%| F|  |TAMS 0x000000062fc00000| PB 0x000000062fc00000| Untracked 
| 102|0x0000000630000000, 0x0000000630000000, 0x0000000630400000|  0%| F|  |TAMS 0x0000000630000000| PB 0x0000000630000000| Untracked 
| 103|0x0000000630400000, 0x0000000630400000, 0x0000000630800000|  0%| F|  |TAMS 0x0000000630400000| PB 0x0000000630400000| Untracked 
| 104|0x0000000630800000, 0x0000000630800000, 0x0000000630c00000|  0%| F|  |TAMS 0x0000000630800000| PB 0x0000000630800000| Untracked 
| 105|0x0000000630c00000, 0x0000000630c00000, 0x0000000631000000|  0%| F|  |TAMS 0x0000000630c00000| PB 0x0000000630c00000| Untracked 
| 106|0x0000000631000000, 0x0000000631000000, 0x0000000631400000|  0%| F|  |TAMS 0x0000000631000000| PB 0x0000000631000000| Untracked 
| 107|0x0000000631400000, 0x0000000631400000, 0x0000000631800000|  0%| F|  |TAMS 0x0000000631400000| PB 0x0000000631400000| Untracked 
| 108|0x0000000631800000, 0x0000000631800000, 0x0000000631c00000|  0%| F|  |TAMS 0x0000000631800000| PB 0x0000000631800000| Untracked 
| 109|0x0000000631c00000, 0x0000000631c00000, 0x0000000632000000|  0%| F|  |TAMS 0x0000000631c00000| PB 0x0000000631c00000| Untracked 
| 110|0x0000000632000000, 0x0000000632000000, 0x0000000632400000|  0%| F|  |TAMS 0x0000000632000000| PB 0x0000000632000000| Untracked 
| 111|0x0000000632400000, 0x0000000632400000, 0x0000000632800000|  0%| F|  |TAMS 0x0000000632400000| PB 0x0000000632400000| Untracked 
| 112|0x0000000632800000, 0x0000000632800000, 0x0000000632c00000|  0%| F|  |TAMS 0x0000000632800000| PB 0x0000000632800000| Untracked 
| 113|0x0000000632c00000, 0x0000000632c00000, 0x0000000633000000|  0%| F|  |TAMS 0x0000000632c00000| PB 0x0000000632c00000| Untracked 
| 114|0x0000000633000000, 0x0000000633000000, 0x0000000633400000|  0%| F|  |TAMS 0x0000000633000000| PB 0x0000000633000000| Untracked 
| 115|0x0000000633400000, 0x0000000633400000, 0x0000000633800000|  0%| F|  |TAMS 0x0000000633400000| PB 0x0000000633400000| Untracked 
| 116|0x0000000633800000, 0x0000000633800000, 0x0000000633c00000|  0%| F|  |TAMS 0x0000000633800000| PB 0x0000000633800000| Untracked 
| 117|0x0000000633c00000, 0x0000000633c00000, 0x0000000634000000|  0%| F|  |TAMS 0x0000000633c00000| PB 0x0000000633c00000| Untracked 
| 118|0x0000000634000000, 0x0000000634000000, 0x0000000634400000|  0%| F|  |TAMS 0x0000000634000000| PB 0x0000000634000000| Untracked 
| 119|0x0000000634400000, 0x0000000634400000, 0x0000000634800000|  0%| F|  |TAMS 0x0000000634400000| PB 0x0000000634400000| Untracked 
| 120|0x0000000634800000, 0x0000000634800000, 0x0000000634c00000|  0%| F|  |TAMS 0x0000000634800000| PB 0x0000000634800000| Untracked 
| 121|0x0000000634c00000, 0x0000000634ff9cd0, 0x0000000635000000| 99%| E|  |TAMS 0x0000000634c00000| PB 0x0000000634c00000| Complete 
| 122|0x0000000635000000, 0x0000000635400000, 0x0000000635400000|100%| E|CS|TAMS 0x0000000635000000| PB 0x0000000635000000| Complete 
|1957|0x00000007ffc00000, 0x00000007ffd079d8, 0x0000000800000000| 25%| O|  |TAMS 0x00000007ffc00000| PB 0x00000007ffc00000| Untracked 

Card table byte_map: [0x000079a073800000,0x000079a07474c000] _byte_map_base: 0x000079a07074c000

Marking Bits: (CMBitMap*) 0x000079a08c045f30
 Bits: [0x000079a06bc00000, 0x000079a073660000)

Polling page: 0x000079a0947ec000

Metaspace:

Usage:
  Non-class:      3.11 MB used.
      Class:    299.73 KB used.
       Both:      3.40 MB used.

Virtual space:
  Non-class space:       64.00 MB reserved,       3.19 MB (  5%) committed,  1 nodes.
      Class space:        1.00 GB reserved,     448.00 KB ( <1%) committed,  1 nodes.
             Both:        1.06 GB reserved,       3.62 MB ( <1%) committed. 

Chunk freelists:
   Non-Class:  11.00 MB
       Class:  15.61 MB
        Both:  26.61 MB

MaxMetaspaceSize: unlimited
CompressedClassSpaceSize: 1.00 GB
Initial GC threshold: 21.00 MB
Current GC threshold: 21.00 MB
CDS: on
 - commit_granule_bytes: 65536.
 - commit_granule_words: 8192.
 - virtual_space_node_default_size: 8388608.
 - enlarge_chunks_in_place: 1.
 - use_allocation_guard: 0.


Internal statistics:

num_allocs_failed_limit: 0.
num_arena_births: 104.
num_arena_deaths: 0.
num_vsnodes_births: 2.
num_vsnodes_deaths: 0.
num_space_committed: 58.
num_space_uncommitted: 0.
num_chunks_returned_to_freelist: 0.
num_chunks_taken_from_freelist: 182.
num_chunk_merges: 0.
num_chunk_splits: 108.
num_chunks_enlarged: 48.
num_inconsistent_stats: 0.

CodeHeap 'non-profiled nmethods': size=119168Kb used=207Kb max_used=207Kb free=118961Kb
 bounds [0x000079a07c3a0000, 0x000079a07c610000, 0x000079a083800000]
CodeHeap 'profiled nmethods': size=119164Kb used=1024Kb max_used=1024Kb free=118139Kb
 bounds [0x000079a074800000, 0x000079a074a70000, 0x000079a07bc5f000]
CodeHeap 'non-nmethods': size=7428Kb used=2641Kb max_used=2655Kb free=4786Kb
 bounds [0x000079a07bc5f000, 0x000079a07beff000, 0x000079a07c3a0000]
 total_blobs=1320 nmethods=716 adapters=508
 compilation: enabled
              stopped_count=0, restarted_count=0
 full_count=0

Compilation events (20 events):
Event: 0.515 Thread 0x0000799fd00d3460  707       3       jdk.internal.loader.BuiltinClassLoader::findLoadedModule (33 bytes)
Event: 0.515 Thread 0x0000799fd00d3460 nmethod 707 0x000079a0748f8d90 code [0x000079a0748f8fa0, 0x000079a0748f95c8]
Event: 0.515 Thread 0x0000799fd00d3460  708       3       jdk.internal.loader.BuiltinClassLoader::loadClassOrNull (7 bytes)
Event: 0.515 Thread 0x0000799fd00d3460 nmethod 708 0x000079a0748f9810 code [0x000079a0748f99a0, 0x000079a0748f9b68]
Event: 0.515 Thread 0x0000799fd00d3460  709       3       jdk.internal.ref.CleanerFactory::cleaner (4 bytes)
Event: 0.515 Thread 0x0000799fd006e170 nmethod 703 0x000079a0748f9c10 code [0x000079a0748f9ee0, 0x000079a0748fae20]
Event: 0.515 Thread 0x0000799fd006e170  710       1       jdk.internal.loader.URLClassPath$Loader::getBaseURL (5 bytes)
Event: 0.515 Thread 0x0000799fd00d3460 nmethod 709 0x000079a0748fb490 code [0x000079a0748fb620, 0x000079a0748fb710]
Event: 0.515 Thread 0x0000799fd006e170 nmethod 710 0x000079a07c3d2c90 code [0x000079a07c3d2e20, 0x000079a07c3d2ee8]
Event: 0.515 Thread 0x000079a08c141d50 nmethod 702 0x000079a0748fb790 code [0x000079a0748fbbc0, 0x000079a0748fdec8]
Event: 0.516 Thread 0x0000799fd006e170  711       1       java.net.URLStreamHandler::getDefaultPort (2 bytes)
Event: 0.516 Thread 0x0000799fd006e170 nmethod 711 0x000079a07c3d2f90 code [0x000079a07c3d3120, 0x000079a07c3d31e0]
Event: 0.517 Thread 0x000079a08c141d50  712       3       java.util.jar.JarFile::maybeInstantiateVerifier (42 bytes)
Event: 0.517 Thread 0x000079a08c141d50 nmethod 712 0x000079a0748fef10 code [0x000079a0748ff0e0, 0x000079a0748ff460]
Event: 0.530 Thread 0x0000799fc403b290  714       4       java.lang.StringLatin1::indexOfChar (33 bytes)
Event: 0.532 Thread 0x0000799fd006e170  716       3       JCudaWrapper.array.Array::checkUpperBound (51 bytes)
Event: 0.532 Thread 0x0000799fd00d3460  715       3       JCudaWrapper.array.Array::checkAgainstLength (10 bytes)
Event: 0.532 Thread 0x0000799fd00d3460 nmethod 715 0x000079a0748ff590 code [0x000079a0748ff720, 0x000079a0748ff8e0]
Event: 0.532 Thread 0x0000799fd006e170 nmethod 716 0x000079a0748ff990 code [0x000079a0748ffb60, 0x000079a0748ffea0]
Event: 0.532 Thread 0x0000799fc403b290 nmethod 714 0x000079a07c3d3810 code [0x000079a07c3d3980, 0x000079a07c3d3b00]

GC Heap History (0 events):
No events

Dll operation events (11 events):
Event: 0.001 Loaded shared library /usr/lib/jvm/java-21-openjdk-amd64/lib/libjava.so
Event: 0.026 Loaded shared library /usr/lib/jvm/java-21-openjdk-amd64/lib/libjsvml.so
Event: 0.029 Loaded shared library /usr/lib/jvm/java-21-openjdk-amd64/lib/libnio.so
Event: 0.072 Loaded shared library /usr/lib/jvm/java-21-openjdk-amd64/lib/libzip.so
Event: 0.098 Loaded shared library /usr/lib/jvm/java-21-openjdk-amd64/lib/libjimage.so
Event: 0.236 Loaded shared library /tmp/libJCublas2-12.0.0-linux-x86_64.so
Event: 0.386 Loaded shared library /tmp/libJCudaRuntime-12.0.0-linux-x86_64.so
Event: 0.402 Loaded shared library /usr/lib/jvm/java-21-openjdk-amd64/lib/libawt.so
Event: 0.405 Loaded shared library /usr/lib/jvm/java-21-openjdk-amd64/lib/libawt_xawt.so
Event: 0.430 Loaded shared library /usr/lib/jvm/java-21-openjdk-amd64/lib/libjavajpeg.so
Event: 0.511 Loaded shared library /tmp/libJCudaDriver-12.0.0-linux-x86_64.so

Deoptimization events (20 events):
Event: 0.404 Thread 0x000079a08c01a060 Uncommon trap: trap_request=0xffffff45 fr.pc=0x000079a07c3b3a2c relative=0x000000000000018c
Event: 0.404 Thread 0x000079a08c01a060 Uncommon trap: reason=unstable_if action=reinterpret pc=0x000079a07c3b3a2c method=jdk.internal.util.ArraysSupport.vectorizedHashCode(Ljava/lang/Object;IIII)I @ 2 c2
Event: 0.404 Thread 0x000079a08c01a060 DEOPT PACKING pc=0x000079a07c3b3a2c sp=0x000079a092dfa840
Event: 0.404 Thread 0x000079a08c01a060 DEOPT UNPACKING pc=0x000079a07bcb2f99 sp=0x000079a092dfa810 mode 2
Event: 0.500 Thread 0x000079a08c01a060 DEOPT PACKING pc=0x000079a074815d54 sp=0x000079a092dfce00
Event: 0.500 Thread 0x000079a08c01a060 DEOPT UNPACKING pc=0x000079a07bcb372f sp=0x000079a092dfc240 mode 0
Event: 0.520 Thread 0x000079a08c01a060 Uncommon trap: trap_request=0xffffffc6 fr.pc=0x000079a07c3b0450 relative=0x0000000000000a10
Event: 0.520 Thread 0x000079a08c01a060 Uncommon trap: reason=bimorphic_or_optimized_type_check action=maybe_recompile pc=0x000079a07c3b0450 method=java.util.HashMap.putVal(ILjava/lang/Object;Ljava/lang/Object;ZZ)Ljava/lang/Object; @ 56 c2
Event: 0.520 Thread 0x000079a08c01a060 DEOPT PACKING pc=0x000079a07c3b0450 sp=0x000079a092dfe500
Event: 0.520 Thread 0x000079a08c01a060 DEOPT UNPACKING pc=0x000079a07bcb2f99 sp=0x000079a092dfe488 mode 2
Event: 0.526 Thread 0x000079a08c01a060 Uncommon trap: trap_request=0xffffffc6 fr.pc=0x000079a07c3b0450 relative=0x0000000000000a10
Event: 0.526 Thread 0x000079a08c01a060 Uncommon trap: reason=bimorphic_or_optimized_type_check action=maybe_recompile pc=0x000079a07c3b0450 method=java.util.HashMap.putVal(ILjava/lang/Object;Ljava/lang/Object;ZZ)Ljava/lang/Object; @ 56 c2
Event: 0.526 Thread 0x000079a08c01a060 DEOPT PACKING pc=0x000079a07c3b0450 sp=0x000079a092dfe280
Event: 0.526 Thread 0x000079a08c01a060 DEOPT UNPACKING pc=0x000079a07bcb2f99 sp=0x000079a092dfe208 mode 2
Event: 0.530 Thread 0x000079a08c01a060 DEOPT PACKING pc=0x000079a074808955 sp=0x000079a092dfe290
Event: 0.530 Thread 0x000079a08c01a060 DEOPT UNPACKING pc=0x000079a07bcb372f sp=0x000079a092dfd718 mode 0
Event: 0.531 Thread 0x000079a08c01a060 Uncommon trap: trap_request=0xffffffc6 fr.pc=0x000079a07c3b0450 relative=0x0000000000000a10
Event: 0.531 Thread 0x000079a08c01a060 Uncommon trap: reason=bimorphic_or_optimized_type_check action=maybe_recompile pc=0x000079a07c3b0450 method=java.util.HashMap.putVal(ILjava/lang/Object;Ljava/lang/Object;ZZ)Ljava/lang/Object; @ 56 c2
Event: 0.531 Thread 0x000079a08c01a060 DEOPT PACKING pc=0x000079a07c3b0450 sp=0x000079a092dfe460
Event: 0.532 Thread 0x000079a08c01a060 DEOPT UNPACKING pc=0x000079a07bcb2f99 sp=0x000079a092dfe3e8 mode 2

Classes loaded (20 events):
Event: 0.444 Loading class java/util/stream/MatchOps$MatchOp
Event: 0.444 Loading class java/util/stream/MatchOps$MatchOp done
Event: 0.444 Loading class java/util/stream/MatchOps$BooleanTerminalSink
Event: 0.444 Loading class java/util/stream/MatchOps$BooleanTerminalSink done
Event: 0.444 Loading class java/util/stream/MatchOps$2MatchSink
Event: 0.444 Loading class java/util/stream/MatchOps$2MatchSink done
Event: 0.445 Loading class java/util/stream/MatchOps$1MatchSink
Event: 0.445 Loading class java/util/stream/MatchOps$1MatchSink done
Event: 0.445 Loading class java/nio/HeapDoubleBuffer
Event: 0.445 Loading class java/nio/HeapDoubleBuffer done
Event: 0.481 Loading class java/awt/Dimension
Event: 0.481 Loading class java/awt/geom/Dimension2D
Event: 0.481 Loading class java/awt/geom/Dimension2D done
Event: 0.481 Loading class java/awt/Dimension done
Event: 0.504 Loading class jdk/internal/foreign/MemorySessionImpl
Event: 0.505 Loading class java/lang/foreign/MemorySegment$Scope
Event: 0.505 Loading class java/lang/foreign/MemorySegment$Scope done
Event: 0.505 Loading class jdk/internal/foreign/MemorySessionImpl done
Event: 0.520 Loading class java/nio/HeapIntBuffer
Event: 0.521 Loading class java/nio/HeapIntBuffer done

Classes unloaded (0 events):
No events

Classes redefined (0 events):
No events

Internal exceptions (13 events):
Event: 0.056 Thread 0x000079a08c01a060 Exception <a 'sun/nio/fs/UnixException'{0x0000000635070ea8}> (0x0000000635070ea8) 
thrown [./src/hotspot/share/prims/jni.cpp, line 520]
Event: 0.057 Thread 0x000079a08c01a060 Exception <a 'sun/nio/fs/UnixException'{0x00000006350715e8}> (0x00000006350715e8) 
thrown [./src/hotspot/share/prims/jni.cpp, line 520]
Event: 0.057 Thread 0x000079a08c01a060 Exception <a 'sun/nio/fs/UnixException'{0x0000000635071e18}> (0x0000000635071e18) 
thrown [./src/hotspot/share/prims/jni.cpp, line 520]
Event: 0.057 Thread 0x000079a08c01a060 Exception <a 'sun/nio/fs/UnixException'{0x0000000635072410}> (0x0000000635072410) 
thrown [./src/hotspot/share/prims/jni.cpp, line 520]
Event: 0.058 Thread 0x000079a08c01a060 Exception <a 'sun/nio/fs/UnixException'{0x00000006350729e0}> (0x00000006350729e0) 
thrown [./src/hotspot/share/prims/jni.cpp, line 520]
Event: 0.058 Thread 0x000079a08c01a060 Exception <a 'sun/nio/fs/UnixException'{0x0000000635072fc0}> (0x0000000635072fc0) 
thrown [./src/hotspot/share/prims/jni.cpp, line 520]
Event: 0.058 Thread 0x000079a08c01a060 Exception <a 'sun/nio/fs/UnixException'{0x0000000635073810}> (0x0000000635073810) 
thrown [./src/hotspot/share/prims/jni.cpp, line 520]
Event: 0.104 Thread 0x000079a08c01a060 Implicit null exception at 0x000079a07c3b20e3 to 0x000079a07c3b2244
Event: 0.392 Thread 0x000079a08c01a060 Exception <a 'java/lang/NoSuchMethodError'{0x0000000634c6ec88}: 'void java.lang.invoke.DirectMethodHandle$Holder.invokeStatic(java.lang.Object, java.lang.Object)'> (0x0000000634c6ec88) 
thrown [./src/hotspot/share/interpreter/linkResolver.cpp, line 772]
Event: 0.400 Thread 0x000079a08c01a060 Exception <a 'java/lang/ClassNotFoundException'{0x0000000634c82e00}: sun/awt/resources/spi/awtProvider> (0x0000000634c82e00) 
thrown [./src/hotspot/share/classfile/systemDictionary.cpp, line 312]
Event: 0.412 Thread 0x000079a08c01a060 Exception <a 'java/io/FileNotFoundException'{0x0000000634d50d90}> (0x0000000634d50d90) 
thrown [./src/hotspot/share/prims/jni.cpp, line 520]
Event: 0.448 Thread 0x000079a08c01a060 Exception <a 'java/lang/NoSuchMethodError'{0x0000000634e82980}: 'java.lang.Object java.lang.invoke.DirectMethodHandle$Holder.invokeStatic(java.lang.Object, java.lang.Object, int)'> (0x0000000634e82980) 
thrown [./src/hotspot/share/interpreter/linkResolver.cpp, line 772]
Event: 0.492 Thread 0x000079a08c01a060 Exception <a 'java/lang/NoSuchMethodError'{0x0000000634ef0ab0}: 'java.lang.Object java.lang.invoke.DirectMethodHandle$Holder.newInvokeSpecial(java.lang.Object, java.lang.Object, int)'> (0x0000000634ef0ab0) 
thrown [./src/hotspot/share/interpreter/linkResolver.cpp, line 772]

ZGC Phase Switch (0 events):
No events

VM Operations (8 events):
Event: 0.060 Executing VM operation: HandshakeAllThreads (Deoptimize)
Event: 0.060 Executing VM operation: HandshakeAllThreads (Deoptimize) done
Event: 0.395 Executing VM operation: HandshakeAllThreads (Deoptimize)
Event: 0.395 Executing VM operation: HandshakeAllThreads (Deoptimize) done
Event: 0.398 Executing VM operation: HandshakeAllThreads (Deoptimize)
Event: 0.398 Executing VM operation: HandshakeAllThreads (Deoptimize) done
Event: 0.521 Executing VM operation: HandshakeAllThreads (Deoptimize)
Event: 0.521 Executing VM operation: HandshakeAllThreads (Deoptimize) done

Memory protections (15 events):
Event: 0.001 Protecting memory [0x000079a092d00000,0x000079a092d04000] with protection modes 0
Event: 0.025 Protecting memory [0x000079a068500000,0x000079a068504000] with protection modes 0
Event: 0.025 Protecting memory [0x000079a068400000,0x000079a068404000] with protection modes 0
Event: 0.025 Protecting memory [0x000079a068300000,0x000079a068304000] with protection modes 0
Event: 0.025 Protecting memory [0x000079a068200000,0x000079a068204000] with protection modes 0
Event: 0.026 Protecting memory [0x000079a068100000,0x000079a068104000] with protection modes 0
Event: 0.026 Protecting memory [0x000079a068000000,0x000079a068004000] with protection modes 0
Event: 0.026 Protecting memory [0x000079a063f00000,0x000079a063f04000] with protection modes 0
Event: 0.047 Protecting memory [0x000079a063e00000,0x000079a063e04000] with protection modes 0
Event: 0.052 Protecting memory [0x000079a063d00000,0x000079a063d04000] with protection modes 0
Event: 0.068 Protecting memory [0x000079a063c00000,0x000079a063c04000] with protection modes 0
Event: 0.070 Protecting memory [0x000079a063b00000,0x000079a063b04000] with protection modes 0
Event: 0.394 Protecting memory [0x000079a060d00000,0x000079a060d04000] with protection modes 0
Event: 0.427 Protecting memory [0x000079a0606d0000,0x000079a0606d4000] with protection modes 0
Event: 0.488 Protecting memory [0x000079a060300000,0x000079a060304000] with protection modes 0

Nmethod flushes (0 events):
No events

Events (15 events):
Event: 0.017 Thread 0x000079a08c01a060 Thread added: 0x000079a08c01a060
Event: 0.025 Thread 0x000079a08c01a060 Thread added: 0x000079a08c138f50
Event: 0.025 Thread 0x000079a08c01a060 Thread added: 0x000079a08c13a3e0
Event: 0.025 Thread 0x000079a08c01a060 Thread added: 0x000079a08c13beb0
Event: 0.025 Thread 0x000079a08c01a060 Thread added: 0x000079a08c13d500
Event: 0.025 Thread 0x000079a08c01a060 Thread added: 0x000079a08c13eab0
Event: 0.026 Thread 0x000079a08c01a060 Thread added: 0x000079a08c140680
Event: 0.026 Thread 0x000079a08c01a060 Thread added: 0x000079a08c141d50
Event: 0.047 Thread 0x000079a08c01a060 Thread added: 0x000079a08c160f10
Event: 0.052 Thread 0x000079a08c141d50 Thread added: 0x0000799fd006e170
Event: 0.068 Thread 0x000079a08c01a060 Thread added: 0x000079a08c19c850
Event: 0.070 Thread 0x0000799fd006e170 Thread added: 0x0000799fc403b290
Event: 0.394 Thread 0x000079a08c01a060 Thread added: 0x000079a08d524070
Event: 0.427 Thread 0x000079a08c01a060 Thread added: 0x000079a08d557090
Event: 0.488 Thread 0x000079a08c141d50 Thread added: 0x0000799fd00d3460


Dynamic libraries:
200000000-200200000 ---p 00000000 00:00 0 
200200000-200400000 rw-s 00000000 00:05 1111                             /dev/nvidia0
200400000-203400000 rw-s 00000000 00:05 1110                             /dev/nvidiactl
203400000-204400000 ---p 00000000 00:00 0 
204400000-204600000 rw-s 00000000 00:05 1110                             /dev/nvidiactl
204600000-204800000 rw-s 00000000 00:05 1110                             /dev/nvidiactl
204800000-204a00000 rw-s 00000000 00:05 1110                             /dev/nvidiactl
204a00000-204c00000 rw-s 204a00000 00:05 1112                            /dev/nvidia-uvm
204c00000-204e00000 rw-s 00000000 00:05 1110                             /dev/nvidiactl
204e00000-205000000 ---p 00000000 00:00 0 
205000000-205200000 rw-s 00000000 00:05 1110                             /dev/nvidiactl
205200000-300200000 ---p 00000000 00:00 0 
616800000-635400000 rw-p 00000000 00:00 0 
635400000-7ffc00000 ---p 00000000 00:00 0 
7ffc00000-7ffd08000 rw-p 00ced000 103:02 17172987                        /usr/lib/jvm/java-21-openjdk-amd64/lib/server/classes.jsa
7ffd08000-800000000 rw-p 00000000 00:00 0 
10000000000-10004000000 ---p 00000000 00:00 0 
59bcc1aa5000-59bcc1aa6000 r--p 00000000 103:02 17172834                  /usr/lib/jvm/java-21-openjdk-amd64/bin/java
59bcc1aa6000-59bcc1aa7000 r-xp 00001000 103:02 17172834                  /usr/lib/jvm/java-21-openjdk-amd64/bin/java
59bcc1aa7000-59bcc1aa8000 r--p 00002000 103:02 17172834                  /usr/lib/jvm/java-21-openjdk-amd64/bin/java
59bcc1aa8000-59bcc1aa9000 r--p 00002000 103:02 17172834                  /usr/lib/jvm/java-21-openjdk-amd64/bin/java
59bcc1aa9000-59bcc1aaa000 rw-p 00003000 103:02 17172834                  /usr/lib/jvm/java-21-openjdk-amd64/bin/java
59bcc2df2000-59bcc2e39000 rw-p 00000000 00:00 0                          [heap]
799f48000000-799f48021000 rw-p 00000000 00:00 0 
799f48021000-799f4c000000 ---p 00000000 00:00 0 
799f4c000000-799f4c021000 rw-p 00000000 00:00 0 
799f4c021000-799f50000000 ---p 00000000 00:00 0 
799f54000000-799f54021000 rw-p 00000000 00:00 0 
799f54021000-799f58000000 ---p 00000000 00:00 0 
799f5a000000-799f62000000 ---p 00000000 00:00 0 
799f64000000-799f66000000 ---p 00000000 00:00 0 
799f68000000-799f68021000 rw-p 00000000 00:00 0 
799f68021000-799f6c000000 ---p 00000000 00:00 0 
799f70000000-799f80000000 ---p 00000000 00:00 0 
799f82000000-799f82400000 ---p 00000000 00:00 0 
799f82400000-799f82600000 rw-s 00000000 00:05 1110                       /dev/nvidiactl
799f82600000-799f82800000 rw-s 00000000 00:01 8196                       /dev/zero (deleted)
799f82800000-799f82a00000 rw-s 00000000 00:01 8197                       /dev/zero (deleted)
799f82a00000-799f83000000 ---p 00000000 00:00 0 
799f83000000-799f83200000 rw-s 00000000 00:05 1110                       /dev/nvidiactl
799f83200000-799f83400000 ---p 00000000 00:00 0 
799f83400000-799f83600000 rw-s 00000000 00:01 8199                       /dev/zero (deleted)
799f83600000-799f83b33000 rw-s 00000000 00:05 1110                       /dev/nvidiactl
799f83b33000-799f84000000 ---p 00000000 00:00 0 
799f86000000-799f8c000000 ---p 00000000 00:00 0 
799f8c000000-799f8c021000 rw-p 00000000 00:00 0 
799f8c021000-799f90000000 ---p 00000000 00:00 0 
799f90200000-799fad463000 r-xp 00000000 103:02 16524125                  /usr/lib/x86_64-linux-gnu/libcublasLt.so.12.0.2.224
799fad463000-799fad663000 ---p 1d263000 103:02 16524125                  /usr/lib/x86_64-linux-gnu/libcublasLt.so.12.0.2.224
799fad663000-799fad893000 r--p 1d263000 103:02 16524125                  /usr/lib/x86_64-linux-gnu/libcublasLt.so.12.0.2.224
799fad893000-799fae827000 rw-p 1d493000 103:02 16524125                  /usr/lib/x86_64-linux-gnu/libcublasLt.so.12.0.2.224
799fae827000-799fb100f000 rw-p 00000000 00:00 0 
799fb1400000-799fb7a67000 r-xp 00000000 103:02 16524127                  /usr/lib/x86_64-linux-gnu/libcublas.so.12.0.2.224
799fb7a67000-799fb7c67000 ---p 06667000 103:02 16524127                  /usr/lib/x86_64-linux-gnu/libcublas.so.12.0.2.224
799fb7c67000-799fb7c6e000 r--p 06667000 103:02 16524127                  /usr/lib/x86_64-linux-gnu/libcublas.so.12.0.2.224
799fb7c6e000-799fb7c75000 rw-p 0666e000 103:02 16524127                  /usr/lib/x86_64-linux-gnu/libcublas.so.12.0.2.224
799fb7c75000-799fb7c7d000 rw-p 00000000 00:00 0 
799fb8000000-799fb8052000 rw-p 00000000 00:00 0 
799fb8052000-799fbc000000 ---p 00000000 00:00 0 
799fbc000000-799fbc021000 rw-p 00000000 00:00 0 
799fbc021000-799fc0000000 ---p 00000000 00:00 0 
799fc4000000-799fc40a8000 rw-p 00000000 00:00 0 
799fc40a8000-799fc8000000 ---p 00000000 00:00 0 
799fc8000000-799fc8021000 rw-p 00000000 00:00 0 
799fc8021000-799fcc000000 ---p 00000000 00:00 0 
799fd0000000-799fd00d7000 rw-p 00000000 00:00 0 
799fd00d7000-799fd4000000 ---p 00000000 00:00 0 
799fd4000000-799fd4165000 rw-p 00000000 00:00 0 
799fd4165000-799fd8000000 ---p 00000000 00:00 0 
799fdc000000-799fdc021000 rw-p 00000000 00:00 0 
799fdc021000-799fe0000000 ---p 00000000 00:00 0 
799fe0000000-799fe0021000 rw-p 00000000 00:00 0 
799fe0021000-799fe4000000 ---p 00000000 00:00 0 
799fe8000000-799fe8021000 rw-p 00000000 00:00 0 
799fe8021000-799fec000000 ---p 00000000 00:00 0 
799fec000000-799fec021000 rw-p 00000000 00:00 0 
799fec021000-799ff0000000 ---p 00000000 00:00 0 
799ff4000000-799ff4021000 rw-p 00000000 00:00 0 
799ff4021000-799ff8000000 ---p 00000000 00:00 0 
799ff8000000-799ff8021000 rw-p 00000000 00:00 0 
799ff8021000-799ffc000000 ---p 00000000 00:00 0 
799ffec00000-799ffeedc000 rw-p 00000000 00:00 0 
799fff000000-799fff0e4000 r-xp 00000000 103:02 18219055                  /tmp/libJCudaDriver-12.0.0-linux-x86_64.so
799fff0e4000-799fff2e4000 ---p 000e4000 103:02 18219055                  /tmp/libJCudaDriver-12.0.0-linux-x86_64.so
799fff2e4000-799fff2e9000 r--p 000e4000 103:02 18219055                  /tmp/libJCudaDriver-12.0.0-linux-x86_64.so
799fff2e9000-799fff2eb000 rw-p 000e9000 103:02 18219055                  /tmp/libJCudaDriver-12.0.0-linux-x86_64.so
799fff2eb000-799fff2ed000 rw-p 00000000 00:00 0 
799fff600000-799fff601000 ---p 00000000 00:00 0 
799fff601000-799fffe01000 rw-p 00000000 00:00 0 
79a000000000-79a000230000 rw-p 00000000 00:00 0 
79a000230000-79a000400000 ---p 00000000 00:00 0 
79a000400000-79a000500000 rw-p 00000000 00:00 0 
79a000500000-79a004000000 ---p 00000000 00:00 0 
79a004000000-79a004021000 rw-p 00000000 00:00 0 
79a004021000-79a008000000 ---p 00000000 00:00 0 
79a008200000-79a008201000 rw-s 00000000 00:05 1110                       /dev/nvidiactl
79a008201000-79a008202000 rw-s 00000000 00:05 1110                       /dev/nvidiactl
79a008202000-79a008203000 rw-s 00000000 00:05 1110                       /dev/nvidiactl
79a008203000-79a008204000 rw-s 00000000 00:05 1110                       /dev/nvidiactl
79a008204000-79a008205000 rw-s 00000000 00:05 1110                       /dev/nvidiactl
79a008205000-79a008206000 rw-s 00000000 00:05 1110                       /dev/nvidiactl
79a008206000-79a008207000 rw-s 00000000 00:05 1110                       /dev/nvidiactl
79a008207000-79a008208000 rw-s 00000000 00:05 1110                       /dev/nvidiactl
79a008208000-79a008209000 rw-s 00000000 00:05 1110                       /dev/nvidiactl
79a008209000-79a00820a000 rw-s 00000000 00:05 1110                       /dev/nvidiactl
79a00820a000-79a00820b000 rw-s 00000000 00:05 1110                       /dev/nvidiactl
79a00820b000-79a00820c000 rw-s 00000000 00:05 1110                       /dev/nvidiactl
79a00820c000-79a00820d000 rw-s 00000000 00:05 1110                       /dev/nvidiactl
79a00820d000-79a00820e000 rw-s 00000000 00:05 1110                       /dev/nvidiactl
79a00820e000-79a00820f000 rw-s 00000000 00:05 1110                       /dev/nvidiactl
79a00820f000-79a008210000 rw-s 00000000 00:05 1110                       /dev/nvidiactl
79a008210000-79a009221000 ---p 00000000 00:00 0 
79a009400000-79a009401000 ---p 00000000 00:00 0 
79a009401000-79a009c01000 rw-p 00000000 00:00 0 
79a009e00000-79a00ae21000 ---p 00000000 00:00 0 
79a00b000000-79a00bcae000 rw-p 00001000 103:02 17172987                  /usr/lib/jvm/java-21-openjdk-amd64/lib/server/classes.jsa
79a00bcae000-79a00c000000 ---p 00000000 00:00 0 
79a00c000000-79a00c030000 rw-p 00000000 00:00 0 
79a00c030000-79a00c040000 ---p 00000000 00:00 0 
79a00c040000-79a00c080000 rw-p 00000000 00:00 0 
79a00c080000-79a04c000000 ---p 00000000 00:00 0 
79a04c000000-79a04c021000 rw-p 00000000 00:00 0 
79a04c021000-79a050000000 ---p 00000000 00:00 0 
79a050000000-79a050021000 rw-p 00000000 00:00 0 
79a050021000-79a054000000 ---p 00000000 00:00 0 
79a054400000-79a05717c000 r-xp 00000000 103:02 16526206                  /usr/lib/x86_64-linux-gnu/libnvrtc.so.12.0.140
79a05717c000-79a05737c000 ---p 02d7c000 103:02 16526206                  /usr/lib/x86_64-linux-gnu/libnvrtc.so.12.0.140
79a05737c000-79a057a4f000 r--p 02d7c000 103:02 16526206                  /usr/lib/x86_64-linux-gnu/libnvrtc.so.12.0.140
79a057a4f000-79a057b1b000 rw-p 0344f000 103:02 16526206                  /usr/lib/x86_64-linux-gnu/libnvrtc.so.12.0.140
79a057b1b000-79a057c1c000 rw-p 00000000 00:00 0 
79a058000000-79a058021000 rw-p 00000000 00:00 0 
79a058021000-79a05c000000 ---p 00000000 00:00 0 
79a05c000000-79a05c021000 rw-p 00000000 00:00 0 
79a05c021000-79a060000000 ---p 00000000 00:00 0 
79a060300000-79a060304000 ---p 00000000 00:00 0 
79a060304000-79a060400000 rw-p 00000000 00:00 0 
79a060400000-79a0604c7000 r-xp 00000000 103:02 18219052                  /tmp/libJCudaRuntime-12.0.0-linux-x86_64.so
79a0604c7000-79a0606c7000 ---p 000c7000 103:02 18219052                  /tmp/libJCudaRuntime-12.0.0-linux-x86_64.so
79a0606c7000-79a0606cc000 r--p 000c7000 103:02 18219052                  /tmp/libJCudaRuntime-12.0.0-linux-x86_64.so
79a0606cc000-79a0606cd000 rw-p 000cc000 103:02 18219052                  /tmp/libJCudaRuntime-12.0.0-linux-x86_64.so
79a0606cd000-79a0606cf000 rw-p 00000000 00:00 0 
79a0606d0000-79a0606d4000 ---p 00000000 00:00 0 
79a0606d4000-79a0607d0000 rw-p 00000000 00:00 0 
79a0607d0000-79a0607e9000 r--p 00000000 103:02 16530316                  /usr/lib/x86_64-linux-gnu/libX11.so.6.4.0
79a0607e9000-79a060879000 r-xp 00019000 103:02 16530316                  /usr/lib/x86_64-linux-gnu/libX11.so.6.4.0
79a060879000-79a060908000 r--p 000a9000 103:02 16530316                  /usr/lib/x86_64-linux-gnu/libX11.so.6.4.0
79a060908000-79a060909000 r--p 00138000 103:02 16530316                  /usr/lib/x86_64-linux-gnu/libX11.so.6.4.0
79a060909000-79a06090d000 rw-p 00139000 103:02 16530316                  /usr/lib/x86_64-linux-gnu/libX11.so.6.4.0
79a06090d000-79a06092b000 r--p 00000000 103:02 17172951                  /usr/lib/jvm/java-21-openjdk-amd64/lib/libawt.so
79a06092b000-79a0609c2000 r-xp 0001e000 103:02 17172951                  /usr/lib/jvm/java-21-openjdk-amd64/lib/libawt.so
79a0609c2000-79a0609cf000 r--p 000b5000 103:02 17172951                  /usr/lib/jvm/java-21-openjdk-amd64/lib/libawt.so
79a0609cf000-79a0609d0000 r--p 000c1000 103:02 17172951                  /usr/lib/jvm/java-21-openjdk-amd64/lib/libawt.so
79a0609d0000-79a0609db000 rw-p 000c2000 103:02 17172951                  /usr/lib/jvm/java-21-openjdk-amd64/lib/libawt.so
79a0609db000-79a060c5a000 rw-p 00000000 00:00 0 
79a060d00000-79a060d04000 ---p 00000000 00:00 0 
79a060d04000-79a060e00000 rw-p 00000000 00:00 0 
79a060e00000-79a060e01000 ---p 00000000 00:00 0 
79a060e01000-79a061601000 rw-p 00000000 00:00 0 
79a06163b000-79a06163f000 r--p 00000000 103:02 16530777                  /usr/lib/x86_64-linux-gnu/libjpeg.so.8.2.2
79a06163f000-79a06168c000 r-xp 00004000 103:02 16530777                  /usr/lib/x86_64-linux-gnu/libjpeg.so.8.2.2
79a06168c000-79a0616bc000 r--p 00051000 103:02 16530777                  /usr/lib/x86_64-linux-gnu/libjpeg.so.8.2.2
79a0616bc000-79a0616bd000 r--p 00081000 103:02 16530777                  /usr/lib/x86_64-linux-gnu/libjpeg.so.8.2.2
79a0616bd000-79a0616be000 rw-p 00082000 103:02 16530777                  /usr/lib/x86_64-linux-gnu/libjpeg.so.8.2.2
79a0616be000-79a061800000 rw-p 00000000 00:00 0 
79a061800000-79a0618de000 r--p 00000000 103:02 16552573                  /usr/lib/x86_64-linux-gnu/libcuda.so.550.107.02
79a0618de000-79a061db3000 r-xp 000de000 103:02 16552573                  /usr/lib/x86_64-linux-gnu/libcuda.so.550.107.02
79a061db3000-79a06324e000 r--p 005b3000 103:02 16552573                  /usr/lib/x86_64-linux-gnu/libcuda.so.550.107.02
79a06324e000-79a06324f000 ---p 01a4e000 103:02 16552573                  /usr/lib/x86_64-linux-gnu/libcuda.so.550.107.02
79a06324f000-79a063267000 r--p 01a4e000 103:02 16552573                  /usr/lib/x86_64-linux-gnu/libcuda.so.550.107.02
79a063267000-79a063362000 rw-p 01a66000 103:02 16552573                  /usr/lib/x86_64-linux-gnu/libcuda.so.550.107.02
79a063362000-79a0633cb000 rw-p 00000000 00:00 0 
79a0633f1000-79a0633f3000 r--p 00000000 103:02 16530828                  /usr/lib/x86_64-linux-gnu/libmd.so.0.1.0
79a0633f3000-79a0633fc000 r-xp 00002000 103:02 16530828                  /usr/lib/x86_64-linux-gnu/libmd.so.0.1.0
79a0633fc000-79a0633fe000 r--p 0000b000 103:02 16530828                  /usr/lib/x86_64-linux-gnu/libmd.so.0.1.0
79a0633fe000-79a0633ff000 r--p 0000c000 103:02 16530828                  /usr/lib/x86_64-linux-gnu/libmd.so.0.1.0
79a0633ff000-79a063400000 rw-p 0000d000 103:02 16530828                  /usr/lib/x86_64-linux-gnu/libmd.so.0.1.0
79a063400000-79a063538000 r-xp 00000000 103:02 18219051                  /tmp/libJCublas2-12.0.0-linux-x86_64.so
79a063538000-79a063738000 ---p 00138000 103:02 18219051                  /tmp/libJCublas2-12.0.0-linux-x86_64.so
79a063738000-79a06373d000 r--p 00138000 103:02 18219051                  /tmp/libJCublas2-12.0.0-linux-x86_64.so
79a06373d000-79a06373f000 rw-p 0013d000 103:02 18219051                  /tmp/libJCublas2-12.0.0-linux-x86_64.so
79a06373f000-79a063741000 rw-p 00000000 00:00 0 
79a063745000-79a063749000 r--p 00000000 103:02 16530470                  /usr/lib/x86_64-linux-gnu/libbsd.so.0.12.1
79a063749000-79a063755000 r-xp 00004000 103:02 16530470                  /usr/lib/x86_64-linux-gnu/libbsd.so.0.12.1
79a063755000-79a063758000 r--p 00010000 103:02 16530470                  /usr/lib/x86_64-linux-gnu/libbsd.so.0.12.1
79a063758000-79a063759000 r--p 00012000 103:02 16530470                  /usr/lib/x86_64-linux-gnu/libbsd.so.0.12.1
79a063759000-79a06375a000 rw-p 00013000 103:02 16530470                  /usr/lib/x86_64-linux-gnu/libbsd.so.0.12.1
79a06375a000-79a06375b000 rw-p 00000000 00:00 0 
79a06375b000-79a063766000 r--p 00000000 103:02 16531187                  /usr/lib/x86_64-linux-gnu/libxcb.so.1.1.0
79a063766000-79a063779000 r-xp 0000b000 103:02 16531187                  /usr/lib/x86_64-linux-gnu/libxcb.so.1.1.0
79a063779000-79a063782000 r--p 0001e000 103:02 16531187                  /usr/lib/x86_64-linux-gnu/libxcb.so.1.1.0
79a063782000-79a063783000 r--p 00026000 103:02 16531187                  /usr/lib/x86_64-linux-gnu/libxcb.so.1.1.0
79a063783000-79a063784000 rw-p 00027000 103:02 16531187                  /usr/lib/x86_64-linux-gnu/libxcb.so.1.1.0
79a063784000-79a063796000 r--p 00000000 103:02 17173114                  /usr/lib/jvm/java-21-openjdk-amd64/lib/libawt_xawt.so
79a063796000-79a0637dd000 r-xp 00012000 103:02 17173114                  /usr/lib/jvm/java-21-openjdk-amd64/lib/libawt_xawt.so
79a0637dd000-79a0637f5000 r--p 00059000 103:02 17173114                  /usr/lib/jvm/java-21-openjdk-amd64/lib/libawt_xawt.so
79a0637f5000-79a0637fa000 r--p 00070000 103:02 17173114                  /usr/lib/jvm/java-21-openjdk-amd64/lib/libawt_xawt.so
79a0637fa000-79a0637fc000 rw-p 00075000 103:02 17173114                  /usr/lib/jvm/java-21-openjdk-amd64/lib/libawt_xawt.so
79a0637fc000-79a0637fe000 rw-p 00000000 00:00 0 
79a0637fe000-79a0639fe000 rw-s 00000000 00:01 8198                       /dev/zero (deleted)
79a0639fe000-79a063b00000 rw-p 00000000 00:00 0 
79a063b00000-79a063b04000 ---p 00000000 00:00 0 
79a063b04000-79a063c00000 rw-p 00000000 00:00 0 
79a063c00000-79a063c04000 ---p 00000000 00:00 0 
79a063c04000-79a063d00000 rw-p 00000000 00:00 0 
79a063d00000-79a063d04000 ---p 00000000 00:00 0 
79a063d04000-79a063e00000 rw-p 00000000 00:00 0 
79a063e00000-79a063e04000 ---p 00000000 00:00 0 
79a063e04000-79a063f00000 rw-p 00000000 00:00 0 
79a063f00000-79a063f04000 ---p 00000000 00:00 0 
79a063f04000-79a064000000 rw-p 00000000 00:00 0 
79a064000000-79a064021000 rw-p 00000000 00:00 0 
79a064021000-79a068004000 ---p 00000000 00:00 0 
79a068004000-79a068100000 rw-p 00000000 00:00 0 
79a068100000-79a068104000 ---p 00000000 00:00 0 
79a068104000-79a068200000 rw-p 00000000 00:00 0 
79a068200000-79a068204000 ---p 00000000 00:00 0 
79a068204000-79a068300000 rw-p 00000000 00:00 0 
79a068300000-79a068304000 ---p 00000000 00:00 0 
79a068304000-79a068400000 rw-p 00000000 00:00 0 
79a068400000-79a068404000 ---p 00000000 00:00 0 
79a068404000-79a068500000 rw-p 00000000 00:00 0 
79a068500000-79a068504000 ---p 00000000 00:00 0 
79a068504000-79a068600000 rw-p 00000000 00:00 0 
79a068600000-79a0693ec000 r--p 00000000 103:02 16521112                  /usr/lib/locale/locale-archive
79a0693f0000-79a0693f2000 r--p 00000000 103:02 16530323                  /usr/lib/x86_64-linux-gnu/libXdmcp.so.6.0.0
79a0693f2000-79a0693f4000 r-xp 00002000 103:02 16530323                  /usr/lib/x86_64-linux-gnu/libXdmcp.so.6.0.0
79a0693f4000-79a0693f6000 r--p 00004000 103:02 16530323                  /usr/lib/x86_64-linux-gnu/libXdmcp.so.6.0.0
79a0693f6000-79a0693f7000 r--p 00005000 103:02 16530323                  /usr/lib/x86_64-linux-gnu/libXdmcp.so.6.0.0
79a0693f7000-79a0693f8000 rw-p 00006000 103:02 16530323                  /usr/lib/x86_64-linux-gnu/libXdmcp.so.6.0.0
79a0693f8000-79a0693f9000 ---p 00000000 00:00 0 
79a0693f9000-79a0694f9000 rw-p 00000000 00:00 0 
79a0694f9000-79a0694fa000 ---p 00000000 00:00 0 
79a0694fa000-79a0695fa000 rw-p 00000000 00:00 0 
79a0695fa000-79a0695fb000 ---p 00000000 00:00 0 
79a0695fb000-79a0696fb000 rw-p 00000000 00:00 0 
79a0696fb000-79a0696fc000 ---p 00000000 00:00 0 
79a0696fc000-79a0697fc000 rw-p 00000000 00:00 0 
79a0697fc000-79a06c3b0000 rw-p 00000000 00:00 0 
79a06c3b0000-79a073650000 ---p 00000000 00:00 0 
79a073650000-79a073660000 rw-p 00000000 00:00 0 
79a073663000-79a073666000 r--p 00000000 103:02 16530328                  /usr/lib/x86_64-linux-gnu/libXi.so.6.1.0
79a073666000-79a073672000 r-xp 00003000 103:02 16530328                  /usr/lib/x86_64-linux-gnu/libXi.so.6.1.0
79a073672000-79a073674000 r--p 0000f000 103:02 16530328                  /usr/lib/x86_64-linux-gnu/libXi.so.6.1.0
79a073674000-79a073675000 r--p 00011000 103:02 16530328                  /usr/lib/x86_64-linux-gnu/libXi.so.6.1.0
79a073675000-79a073676000 rw-p 00012000 103:02 16530328                  /usr/lib/x86_64-linux-gnu/libXi.so.6.1.0
79a073676000-79a073678000 r--p 00000000 103:02 16530337                  /usr/lib/x86_64-linux-gnu/libXtst.so.6.1.0
79a073678000-79a07367b000 r-xp 00002000 103:02 16530337                  /usr/lib/x86_64-linux-gnu/libXtst.so.6.1.0
79a07367b000-79a07367c000 r--p 00005000 103:02 16530337                  /usr/lib/x86_64-linux-gnu/libXtst.so.6.1.0
79a07367c000-79a07367d000 r--p 00005000 103:02 16530337                  /usr/lib/x86_64-linux-gnu/libXtst.so.6.1.0
79a07367d000-79a07367e000 rw-p 00006000 103:02 16530337                  /usr/lib/x86_64-linux-gnu/libXtst.so.6.1.0
79a07367e000-79a0738f6000 rw-p 00000000 00:00 0 
79a0738f6000-79a07474a000 ---p 00000000 00:00 0 
79a07474a000-79a07474c000 rw-p 00000000 00:00 0 
79a074753000-79a074755000 r--p 00000000 103:02 16530334                  /usr/lib/x86_64-linux-gnu/libXrender.so.1.3.0
79a074755000-79a07475c000 r-xp 00002000 103:02 16530334                  /usr/lib/x86_64-linux-gnu/libXrender.so.1.3.0
79a07475c000-79a07475d000 r--p 00009000 103:02 16530334                  /usr/lib/x86_64-linux-gnu/libXrender.so.1.3.0
79a07475d000-79a07475e000 r--p 00009000 103:02 16530334                  /usr/lib/x86_64-linux-gnu/libXrender.so.1.3.0
79a07475e000-79a07475f000 rw-p 0000a000 103:02 16530334                  /usr/lib/x86_64-linux-gnu/libXrender.so.1.3.0
79a07475f000-79a074800000 rw-p 00000000 00:00 0 
79a074800000-79a074a70000 rwxp 00000000 00:00 0 
79a074a70000-79a07bc5f000 ---p 00000000 00:00 0 
79a07bc5f000-79a07beff000 rwxp 00000000 00:00 0 
79a07beff000-79a07c3a0000 ---p 00000000 00:00 0 
79a07c3a0000-79a07c610000 rwxp 00000000 00:00 0 
79a07c610000-79a083800000 ---p 00000000 00:00 0 
79a083800000-79a08be02000 r--s 00000000 103:02 17172984                  /usr/lib/jvm/java-21-openjdk-amd64/lib/modules
79a08be06000-79a08be0a000 r--p 00000000 103:02 16530324                  /usr/lib/x86_64-linux-gnu/libXext.so.6.4.0
79a08be0a000-79a08be15000 r-xp 00004000 103:02 16530324                  /usr/lib/x86_64-linux-gnu/libXext.so.6.4.0
79a08be15000-79a08be18000 r--p 0000f000 103:02 16530324                  /usr/lib/x86_64-linux-gnu/libXext.so.6.4.0
79a08be18000-79a08be19000 r--p 00011000 103:02 16530324                  /usr/lib/x86_64-linux-gnu/libXext.so.6.4.0
79a08be19000-79a08be1a000 rw-p 00012000 103:02 16530324                  /usr/lib/x86_64-linux-gnu/libXext.so.6.4.0
79a08be1b000-79a08be22000 r--s 00000000 103:02 16532226                  /usr/lib/x86_64-linux-gnu/gconv/gconv-modules.cache
79a08be22000-79a08be24000 r--p 00000000 103:02 17172962                  /usr/lib/jvm/java-21-openjdk-amd64/lib/libjavajpeg.so
79a08be24000-79a08be2b000 r-xp 00002000 103:02 17172962                  /usr/lib/jvm/java-21-openjdk-amd64/lib/libjavajpeg.so
79a08be2b000-79a08be2c000 r--p 00009000 103:02 17172962                  /usr/lib/jvm/java-21-openjdk-amd64/lib/libjavajpeg.so
79a08be2c000-79a08be2d000 r--p 0000a000 103:02 17172962                  /usr/lib/jvm/java-21-openjdk-amd64/lib/libjavajpeg.so
79a08be2d000-79a08be2e000 rw-p 0000b000 103:02 17172962                  /usr/lib/jvm/java-21-openjdk-amd64/lib/libjavajpeg.so
79a08be2e000-79a08be33000 r--p 00000000 103:02 17172968                  /usr/lib/jvm/java-21-openjdk-amd64/lib/libjsvml.so
79a08be33000-79a08be74000 r-xp 00005000 103:02 17172968                  /usr/lib/jvm/java-21-openjdk-amd64/lib/libjsvml.so
79a08be74000-79a08befd000 r--p 00046000 103:02 17172968                  /usr/lib/jvm/java-21-openjdk-amd64/lib/libjsvml.so
79a08befd000-79a08befe000 r--p 000ce000 103:02 17172968                  /usr/lib/jvm/java-21-openjdk-amd64/lib/libjsvml.so
79a08befe000-79a08beff000 rw-p 000cf000 103:02 17172968                  /usr/lib/jvm/java-21-openjdk-amd64/lib/libjsvml.so
79a08beff000-79a08ebcd000 rw-p 00000000 00:00 0 
79a08ebcd000-79a090000000 ---p 00000000 00:00 0 
79a090000000-79a0907fe000 rw-p 00000000 00:00 0 
79a0907fe000-79a0907ff000 ---p 00000000 00:00 0 
79a0907ff000-79a0908ff000 rw-p 00000000 00:00 0 
79a0908ff000-79a090900000 ---p 00000000 00:00 0 
79a090900000-79a090a00000 rw-p 00000000 00:00 0 
79a090a00000-79a090af6000 rw-p 00000000 00:00 0 
79a090af6000-79a09194a000 ---p 00000000 00:00 0 
79a09194a000-79a09194c000 rw-p 00000000 00:00 0 
79a09194c000-79a09194d000 r--p 00000000 103:02 16530318                  /usr/lib/x86_64-linux-gnu/libXau.so.6.0.0
79a09194d000-79a09194f000 r-xp 00001000 103:02 16530318                  /usr/lib/x86_64-linux-gnu/libXau.so.6.0.0
79a09194f000-79a091950000 r--p 00003000 103:02 16530318                  /usr/lib/x86_64-linux-gnu/libXau.so.6.0.0
79a091950000-79a091951000 r--p 00003000 103:02 16530318                  /usr/lib/x86_64-linux-gnu/libXau.so.6.0.0
79a091951000-79a091952000 rw-p 00004000 103:02 16530318                  /usr/lib/x86_64-linux-gnu/libXau.so.6.0.0
79a091952000-79a091993000 rw-p 00000000 00:00 0 
79a091993000-79a091994000 r--p 00000000 103:02 16530540                  /usr/lib/x86_64-linux-gnu/libdl.so.2
79a091994000-79a091995000 r-xp 00001000 103:02 16530540                  /usr/lib/x86_64-linux-gnu/libdl.so.2
79a091995000-79a091996000 r--p 00002000 103:02 16530540                  /usr/lib/x86_64-linux-gnu/libdl.so.2
79a091996000-79a091997000 r--p 00002000 103:02 16530540                  /usr/lib/x86_64-linux-gnu/libdl.so.2
79a091997000-79a091998000 rw-p 00003000 103:02 16530540                  /usr/lib/x86_64-linux-gnu/libdl.so.2
79a091998000-79a091999000 r--p 00000000 103:02 16531006                  /usr/lib/x86_64-linux-gnu/librt.so.1
79a091999000-79a09199a000 r-xp 00001000 103:02 16531006                  /usr/lib/x86_64-linux-gnu/librt.so.1
79a09199a000-79a09199b000 r--p 00002000 103:02 16531006                  /usr/lib/x86_64-linux-gnu/librt.so.1
79a09199b000-79a09199c000 r--p 00002000 103:02 16531006                  /usr/lib/x86_64-linux-gnu/librt.so.1
79a09199c000-79a09199d000 rw-p 00003000 103:02 16531006                  /usr/lib/x86_64-linux-gnu/librt.so.1
79a09199d000-79a09199e000 r--p 00000000 103:02 16530978                  /usr/lib/x86_64-linux-gnu/libpthread.so.0
79a09199e000-79a09199f000 r-xp 00001000 103:02 16530978                  /usr/lib/x86_64-linux-gnu/libpthread.so.0
79a09199f000-79a0919a0000 r--p 00002000 103:02 16530978                  /usr/lib/x86_64-linux-gnu/libpthread.so.0
79a0919a0000-79a0919a1000 r--p 00002000 103:02 16530978                  /usr/lib/x86_64-linux-gnu/libpthread.so.0
79a0919a1000-79a0919a2000 rw-p 00003000 103:02 16530978                  /usr/lib/x86_64-linux-gnu/libpthread.so.0
79a0919a6000-79a0919b6000 -w-s 00000000 00:05 1111                       /dev/nvidia0
79a0919b6000-79a0919b9000 r--p 00000000 103:02 17172975                  /usr/lib/jvm/java-21-openjdk-amd64/lib/libnet.so
79a0919b9000-79a0919c1000 r-xp 00003000 103:02 17172975                  /usr/lib/jvm/java-21-openjdk-amd64/lib/libnet.so
79a0919c1000-79a0919c3000 r--p 0000b000 103:02 17172975                  /usr/lib/jvm/java-21-openjdk-amd64/lib/libnet.so
79a0919c3000-79a0919c4000 r--p 0000c000 103:02 17172975                  /usr/lib/jvm/java-21-openjdk-amd64/lib/libnet.so
79a0919c4000-79a0919c5000 rw-p 0000d000 103:02 17172975                  /usr/lib/jvm/java-21-openjdk-amd64/lib/libnet.so
79a0919c5000-79a091a20000 rw-p 00000000 00:00 0 
79a091a20000-79a091a21000 ---p 00000000 00:00 0 
79a091a21000-79a091b21000 rw-p 00000000 00:00 0 
79a091b21000-79a092833000 rw-p 00000000 00:00 0 
79a092833000-79a092917000 ---p 00000000 00:00 0 
79a092917000-79a09291c000 rw-p 00000000 00:00 0 
79a09291c000-79a092a00000 ---p 00000000 00:00 0 
79a092a00000-79a092a9d000 r--p 00000000 103:02 16543594                  /usr/lib/x86_64-linux-gnu/libstdc++.so.6.0.33
79a092a9d000-79a092be5000 r-xp 0009d000 103:02 16543594                  /usr/lib/x86_64-linux-gnu/libstdc++.so.6.0.33
79a092be5000-79a092c6c000 r--p 001e5000 103:02 16543594                  /usr/lib/x86_64-linux-gnu/libstdc++.so.6.0.33
79a092c6c000-79a092c77000 r--p 0026b000 103:02 16543594                  /usr/lib/x86_64-linux-gnu/libstdc++.so.6.0.33
79a092c77000-79a092c7a000 rw-p 00276000 103:02 16543594                  /usr/lib/x86_64-linux-gnu/libstdc++.so.6.0.33
79a092c7a000-79a092c7e000 rw-p 00000000 00:00 0 
79a092c81000-79a092d00000 rw-p 00000000 00:00 0 
79a092d00000-79a092d04000 ---p 00000000 00:00 0 
79a092d04000-79a092e00000 rw-p 00000000 00:00 0 
79a092e00000-79a093096000 r--p 00000000 103:02 17172990                  /usr/lib/jvm/java-21-openjdk-amd64/lib/server/libjvm.so
79a093096000-79a093efe000 r-xp 00296000 103:02 17172990                  /usr/lib/jvm/java-21-openjdk-amd64/lib/server/libjvm.so
79a093efe000-79a0941d1000 r--p 010fe000 103:02 17172990                  /usr/lib/jvm/java-21-openjdk-amd64/lib/server/libjvm.so
79a0941d1000-79a0942a1000 r--p 013d0000 103:02 17172990                  /usr/lib/jvm/java-21-openjdk-amd64/lib/server/libjvm.so
79a0942a1000-79a0942d1000 rw-p 014a0000 103:02 17172990                  /usr/lib/jvm/java-21-openjdk-amd64/lib/server/libjvm.so
79a0942d1000-79a094337000 rw-p 00000000 00:00 0 
79a094339000-79a09433b000 r--p 00000000 103:02 17172983                  /usr/lib/jvm/java-21-openjdk-amd64/lib/libzip.so
79a09433b000-79a094340000 r-xp 00002000 103:02 17172983                  /usr/lib/jvm/java-21-openjdk-amd64/lib/libzip.so
79a094340000-79a094342000 r--p 00007000 103:02 17172983                  /usr/lib/jvm/java-21-openjdk-amd64/lib/libzip.so
79a094342000-79a094343000 r--p 00008000 103:02 17172983                  /usr/lib/jvm/java-21-openjdk-amd64/lib/libzip.so
79a094343000-79a094344000 rw-p 00009000 103:02 17172983                  /usr/lib/jvm/java-21-openjdk-amd64/lib/libzip.so
79a094344000-79a094400000 rw-p 00000000 00:00 0 
79a094400000-79a094428000 r--p 00000000 103:02 16530474                  /usr/lib/x86_64-linux-gnu/libc.so.6
79a094428000-79a0945b0000 r-xp 00028000 103:02 16530474                  /usr/lib/x86_64-linux-gnu/libc.so.6
79a0945b0000-79a0945ff000 r--p 001b0000 103:02 16530474                  /usr/lib/x86_64-linux-gnu/libc.so.6
79a0945ff000-79a094603000 r--p 001fe000 103:02 16530474                  /usr/lib/x86_64-linux-gnu/libc.so.6
79a094603000-79a094605000 rw-p 00202000 103:02 16530474                  /usr/lib/x86_64-linux-gnu/libc.so.6
79a094605000-79a094612000 rw-p 00000000 00:00 0 
79a094616000-79a09461d000 r--p 00000000 103:02 17172976                  /usr/lib/jvm/java-21-openjdk-amd64/lib/libnio.so
79a09461d000-79a094626000 r-xp 00007000 103:02 17172976                  /usr/lib/jvm/java-21-openjdk-amd64/lib/libnio.so
79a094626000-79a09462a000 r--p 00010000 103:02 17172976                  /usr/lib/jvm/java-21-openjdk-amd64/lib/libnio.so
79a09462a000-79a09462b000 r--p 00014000 103:02 17172976                  /usr/lib/jvm/java-21-openjdk-amd64/lib/libnio.so
79a09462b000-79a09462c000 rw-p 00015000 103:02 17172976                  /usr/lib/jvm/java-21-openjdk-amd64/lib/libnio.so
79a09462c000-79a094670000 rw-p 00000000 00:00 0 
79a094670000-79a094679000 ---p 00000000 00:00 0 
79a094679000-79a094686000 r--p 00000000 103:02 17172961                  /usr/lib/jvm/java-21-openjdk-amd64/lib/libjava.so
79a094686000-79a094695000 r-xp 0000d000 103:02 17172961                  /usr/lib/jvm/java-21-openjdk-amd64/lib/libjava.so
79a094695000-79a09469a000 r--p 0001c000 103:02 17172961                  /usr/lib/jvm/java-21-openjdk-amd64/lib/libjava.so
79a09469a000-79a09469b000 r--p 00021000 103:02 17172961                  /usr/lib/jvm/java-21-openjdk-amd64/lib/libjava.so
79a09469b000-79a09469c000 rw-p 00022000 103:02 17172961                  /usr/lib/jvm/java-21-openjdk-amd64/lib/libjava.so
79a09469c000-79a09469d000 rw-p 00000000 00:00 0 
79a09469d000-79a0946a1000 r--p 00000000 103:02 16528598                  /usr/lib/x86_64-linux-gnu/libgcc_s.so.1
79a0946a1000-79a0946c5000 r-xp 00004000 103:02 16528598                  /usr/lib/x86_64-linux-gnu/libgcc_s.so.1
79a0946c5000-79a0946c9000 r--p 00028000 103:02 16528598                  /usr/lib/x86_64-linux-gnu/libgcc_s.so.1
79a0946c9000-79a0946ca000 r--p 0002b000 103:02 16528598                  /usr/lib/x86_64-linux-gnu/libgcc_s.so.1
79a0946ca000-79a0946cb000 rw-p 0002c000 103:02 16528598                  /usr/lib/x86_64-linux-gnu/libgcc_s.so.1
79a0946cb000-79a0946db000 r--p 00000000 103:02 16530817                  /usr/lib/x86_64-linux-gnu/libm.so.6
79a0946db000-79a09475a000 r-xp 00010000 103:02 16530817                  /usr/lib/x86_64-linux-gnu/libm.so.6
79a09475a000-79a0947b2000 r--p 0008f000 103:02 16530817                  /usr/lib/x86_64-linux-gnu/libm.so.6
79a0947b2000-79a0947b3000 r--p 000e7000 103:02 16530817                  /usr/lib/x86_64-linux-gnu/libm.so.6
79a0947b3000-79a0947b4000 rw-p 000e8000 103:02 16530817                  /usr/lib/x86_64-linux-gnu/libm.so.6
79a0947b4000-79a0947b6000 rw-p 00000000 00:00 0 
79a0947b6000-79a0947b8000 r--p 00000000 103:02 17172965                  /usr/lib/jvm/java-21-openjdk-amd64/lib/libjli.so
79a0947b8000-79a0947c2000 r-xp 00002000 103:02 17172965                  /usr/lib/jvm/java-21-openjdk-amd64/lib/libjli.so
79a0947c2000-79a0947c5000 r--p 0000c000 103:02 17172965                  /usr/lib/jvm/java-21-openjdk-amd64/lib/libjli.so
79a0947c5000-79a0947c6000 r--p 0000f000 103:02 17172965                  /usr/lib/jvm/java-21-openjdk-amd64/lib/libjli.so
79a0947c6000-79a0947c7000 rw-p 00010000 103:02 17172965                  /usr/lib/jvm/java-21-openjdk-amd64/lib/libjli.so
79a0947c7000-79a0947c9000 r--p 00000000 103:02 16531205                  /usr/lib/x86_64-linux-gnu/libz.so.1.3
79a0947c9000-79a0947db000 r-xp 00002000 103:02 16531205                  /usr/lib/x86_64-linux-gnu/libz.so.1.3
79a0947db000-79a0947e1000 r--p 00014000 103:02 16531205                  /usr/lib/x86_64-linux-gnu/libz.so.1.3
79a0947e1000-79a0947e2000 r--p 0001a000 103:02 16531205                  /usr/lib/x86_64-linux-gnu/libz.so.1.3
79a0947e2000-79a0947e3000 rw-p 0001b000 103:02 16531205                  /usr/lib/x86_64-linux-gnu/libz.so.1.3
79a0947e4000-79a0947ec000 rw-s 00000000 103:02 18219037                  /tmp/hsperfdata_dov/4504
79a0947ec000-79a0947ed000 ---p 00000000 00:00 0 
79a0947ed000-79a0947ee000 r--p 00000000 00:00 0 
79a0947ee000-79a0947ef000 ---p 00000000 00:00 0 
79a0947ef000-79a0947f1000 r--p 00000000 103:02 17172964                  /usr/lib/jvm/java-21-openjdk-amd64/lib/libjimage.so
79a0947f1000-79a0947f4000 r-xp 00002000 103:02 17172964                  /usr/lib/jvm/java-21-openjdk-amd64/lib/libjimage.so
79a0947f4000-79a0947f5000 r--p 00005000 103:02 17172964                  /usr/lib/jvm/java-21-openjdk-amd64/lib/libjimage.so
79a0947f5000-79a0947f6000 r--p 00006000 103:02 17172964                  /usr/lib/jvm/java-21-openjdk-amd64/lib/libjimage.so
79a0947f6000-79a0947f7000 rw-p 00007000 103:02 17172964                  /usr/lib/jvm/java-21-openjdk-amd64/lib/libjimage.so
79a0947f7000-79a0947f9000 rw-p 00000000 00:00 0 
79a0947f9000-79a0947fa000 r--p 00000000 103:02 16530286                  /usr/lib/x86_64-linux-gnu/ld-linux-x86-64.so.2
79a0947fa000-79a094825000 r-xp 00001000 103:02 16530286                  /usr/lib/x86_64-linux-gnu/ld-linux-x86-64.so.2
79a094825000-79a09482f000 r--p 0002c000 103:02 16530286                  /usr/lib/x86_64-linux-gnu/ld-linux-x86-64.so.2
79a09482f000-79a094831000 r--p 00036000 103:02 16530286                  /usr/lib/x86_64-linux-gnu/ld-linux-x86-64.so.2
79a094831000-79a094833000 rw-p 00038000 103:02 16530286                  /usr/lib/x86_64-linux-gnu/ld-linux-x86-64.so.2
7fffb76a9000-7fffb76ca000 rw-p 00000000 00:00 0                          [stack]
7fffb77b6000-7fffb77ba000 r--p 00000000 00:00 0                          [vvar]
7fffb77ba000-7fffb77bc000 r-xp 00000000 00:00 0                          [vdso]
ffffffffff600000-ffffffffff601000 --xp 00000000 00:00 0                  [vsyscall]
Total number of mappings: 406


VM Arguments:
jvm_args: -Dfile.encoding=UTF-8 --module-path=/home/dov/projects/NeighborhoodPIG/build/classes 
java_command: main.NeighborhoodPIG
java_class_path (initial): /home/dov/projects/Libraries/commons-math3/commons-math3-3.6.1-javadoc.jar:/home/dov/projects/Libraries/commons-math3/commons-math3-3.6.1-sources.jar:/home/dov/projects/Libraries/commons-math3/commons-math3-3.6.1-test-sources.jar:/home/dov/projects/Libraries/commons-math3/commons-math3-3.6.1-tests.jar:/home/dov/projects/Libraries/commons-math3/commons-math3-3.6.1-tools.jar:/home/dov/projects/Libraries/commons-math3/commons-math3-3.6.1.jar:/home/dov/projects/JCudaWrapper/jcuda12/jcublas-12.0.0.jar:/home/dov/projects/JCudaWrapper/jcuda12/jcublas-natives-12.0.0-linux-x86_64.jar:/home/dov/projects/JCudaWrapper/jcuda12/jcuda-12.0.0.jar:/home/dov/projects/JCudaWrapper/jcuda12/jcuda-natives-12.0.0-linux-x86_64.jar:/home/dov/projects/JCudaWrapper/jcuda12/jcudnn-12.0.0.jar:/home/dov/projects/JCudaWrapper/jcuda12/jcudnn-natives-12.0.0-linux-x86_64.jar:/home/dov/projects/JCudaWrapper/jcuda12/jcufft-12.0.0.jar:/home/dov/projects/JCudaWrapper/jcuda12/jcufft-natives-12.0.0-linux-x86_64.jar:/home/dov/projects/JCudaWrapper/jcuda12/jcurand-12.0.0.jar:/home/dov/projects/JCudaWrapper/jcuda12/jcurand-natives-12.0.0-linux-x86_64.jar:/home/dov/projects/JCudaWrapper/jcuda12/jcusolver-12.0.0.jar:/home/dov/projects/JCudaWrapper/jcuda12/jcusolver-natives-12.0.0-linux-x86_64.jar:/home/dov/projects/JCudaWrapper/jcuda12/jcusparse-12.0.0.jar:/home/dov/projects/JCudaWrapper/jcuda12/jcusparse-natives-12.0.0-linux-x86_64.jar:/home/dov/projects/NeighborhoodPIG/build/classes
Launcher Type: SUN_STANDARD

[Global flags]
     intx CICompilerCount                          = 12                                        {product} {ergonomic}
     uint ConcGCThreads                            = 3                                         {product} {ergonomic}
     uint G1ConcRefinementThreads                  = 13                                        {product} {ergonomic}
   size_t G1HeapRegionSize                         = 4194304                                   {product} {ergonomic}
    uintx GCDrainStackTargetSize                   = 64                                        {product} {ergonomic}
   size_t InitialHeapSize                          = 515899392                                 {product} {ergonomic}
   size_t MarkStackSize                            = 4194304                                   {product} {ergonomic}
   size_t MaxHeapSize                              = 8212447232                                {product} {ergonomic}
   size_t MaxNewSize                               = 4924112896                                {product} {ergonomic}
   size_t MinHeapDeltaBytes                        = 4194304                                   {product} {ergonomic}
   size_t MinHeapSize                              = 8388608                                   {product} {ergonomic}
    uintx NonNMethodCodeHeapSize                   = 7602480                                {pd product} {ergonomic}
    uintx NonProfiledCodeHeapSize                  = 122027880                              {pd product} {ergonomic}
    uintx ProfiledCodeHeapSize                     = 122027880                              {pd product} {ergonomic}
    uintx ReservedCodeCacheSize                    = 251658240                              {pd product} {ergonomic}
     bool SegmentedCodeCache                       = true                                      {product} {ergonomic}
   size_t SoftMaxHeapSize                          = 8212447232                             {manageable} {ergonomic}
     bool UseCompressedOops                        = true                           {product lp64_product} {ergonomic}
     bool UseG1GC                                  = true                                      {product} {ergonomic}

Logging:
Log output configuration:
 #0: stdout all=warning uptime,level,tags foldmultilines=false
 #1: stderr all=off uptime,level,tags foldmultilines=false

Environment Variables:
PATH=/usr/local/sbin:/usr/local/bin:/usr/sbin:/usr/bin:/sbin:/bin:/usr/games:/usr/local/games:/snap/bin:/snap/bin
USERNAME=dov
SHELL=/bin/bash
DISPLAY=:1
LANG=en_US.UTF-8

Active Locale:
LC_ALL=en_US.UTF-8
LC_COLLATE=en_US.UTF-8
LC_CTYPE=en_US.UTF-8
LC_MESSAGES=en_US.UTF-8
LC_MONETARY=en_US.UTF-8
LC_NUMERIC=en_US.UTF-8
LC_TIME=en_US.UTF-8

Signal Handlers:
   SIGSEGV: crash_handler in libjvm.so, mask=11100100010111111101111111111110, flags=SA_RESTART|SA_SIGINFO, unblocked
    SIGBUS: crash_handler in libjvm.so, mask=11100100010111111101111111111110, flags=SA_RESTART|SA_SIGINFO, unblocked
    SIGFPE: crash_handler in libjvm.so, mask=11100100010111111101111111111110, flags=SA_RESTART|SA_SIGINFO, unblocked
   SIGPIPE: javaSignalHandler in libjvm.so, mask=11100100010111111101111111111110, flags=SA_RESTART|SA_SIGINFO, blocked
   SIGXFSZ: javaSignalHandler in libjvm.so, mask=11100100010111111101111111111110, flags=SA_RESTART|SA_SIGINFO, blocked
    SIGILL: crash_handler in libjvm.so, mask=11100100010111111101111111111110, flags=SA_RESTART|SA_SIGINFO, unblocked
   SIGUSR2: SR_handler in libjvm.so, mask=00000000000000000000000000000000, flags=SA_RESTART|SA_SIGINFO, blocked
    SIGHUP: UserHandler in libjvm.so, mask=11100100010111111101111111111110, flags=SA_RESTART|SA_SIGINFO, blocked
    SIGINT: SIG_IGN, mask=00000000000000000000000000000000, flags=none, blocked
   SIGTERM: UserHandler in libjvm.so, mask=11100100010111111101111111111110, flags=SA_RESTART|SA_SIGINFO, blocked
   SIGQUIT: UserHandler in libjvm.so, mask=11100100010111111101111111111110, flags=SA_RESTART|SA_SIGINFO, blocked
   SIGTRAP: crash_handler in libjvm.so, mask=11100100010111111101111111111110, flags=SA_RESTART|SA_SIGINFO, unblocked


Periodic native trim disabled

---------------  S Y S T E M  ---------------

OS:
DISTRIB_ID=Ubuntu
DISTRIB_RELEASE=24.04
DISTRIB_CODENAME=noble
DISTRIB_DESCRIPTION="Ubuntu 24.04.1 LTS"
uname: Linux 6.8.0-47-generic #47-Ubuntu SMP PREEMPT_DYNAMIC Fri Sep 27 21:40:26 UTC 2024 x86_64
OS uptime: 0 days 0:07 hours
libc: glibc 2.39 NPTL 2.39 
rlimit (soft/hard): STACK 8192k/infinity , CORE 0k/infinity , NPROC 125013/125013 , NOFILE 1048576/1048576 , AS infinity/infinity , CPU infinity/infinity , DATA infinity/infinity , FSIZE infinity/infinity , MEMLOCK 4009332k/4009332k
load average: 0.55 0.36 0.22

/proc/meminfo:
MemTotal:       32074676 kB
MemFree:        27577628 kB
MemAvailable:   28798936 kB
Buffers:           89184 kB
Cached:          1476672 kB
SwapCached:            0 kB
Active:          2627856 kB
Inactive:         727724 kB
Active(anon):    1803476 kB
Inactive(anon):        0 kB
Active(file):     824380 kB
Inactive(file):   727724 kB
Unevictable:          16 kB
Mlocked:              16 kB
SwapTotal:       8388604 kB
SwapFree:        8388604 kB
Zswap:                 0 kB
Zswapped:              0 kB
Dirty:              2524 kB
Writeback:             0 kB
AnonPages:       1790228 kB
Mapped:           567920 kB
Shmem:             13748 kB
KReclaimable:      67956 kB
Slab:             299644 kB
SReclaimable:      67956 kB
SUnreclaim:       231688 kB
KernelStack:       14560 kB
PageTables:        24960 kB
SecPageTables:         0 kB
NFS_Unstable:          0 kB
Bounce:                0 kB
WritebackTmp:          0 kB
CommitLimit:    24425940 kB
Committed_AS:    7084560 kB
VmallocTotal:   34359738367 kB
VmallocUsed:      156228 kB
VmallocChunk:          0 kB
Percpu:            17344 kB
HardwareCorrupted:     0 kB
AnonHugePages:         0 kB
ShmemHugePages:        0 kB
ShmemPmdMapped:        0 kB
FileHugePages:         0 kB
FilePmdMapped:         0 kB
Unaccepted:            0 kB
HugePages_Total:       0
HugePages_Free:        0
HugePages_Rsvd:        0
HugePages_Surp:        0
Hugepagesize:       2048 kB
Hugetlb:               0 kB
DirectMap4k:      850408 kB
DirectMap2M:    10936320 kB
DirectMap1G:    22020096 kB

/sys/kernel/mm/transparent_hugepage/enabled: always [madvise] never
/sys/kernel/mm/transparent_hugepage/hpage_pmd_size: 2097152
/sys/kernel/mm/transparent_hugepage/defrag (defrag/compaction efforts parameter): always defer defer+madvise [madvise] never

Process Memory:
Virtual Size: 17026236K (peak: 17026236K)
Resident Set Size: 273316K (peak: 273316K) (anon: 110440K, file: 154684K, shmem: 8192K)
Swapped out: 0K
C-Heap outstanding allocations: 85688K, retained: 3175K
glibc malloc tunables: (default)

/proc/sys/kernel/threads-max (system-wide limit on the number of threads): 250026
/proc/sys/vm/max_map_count (maximum number of memory map areas a process may have): 1048576
/proc/sys/vm/swappiness (control to define how aggressively the kernel swaps out anonymous memory): 60
/proc/sys/kernel/pid_max (system-wide limit on number of process identifiers): 4194304

container (cgroup) information:
container_type: cgroupv2
cpu_cpuset_cpus: not supported
cpu_memory_nodes: not supported
active_processor_count: 16
cpu_quota: not supported
cpu_period: not supported
cpu_shares: not supported
memory_limit_in_bytes: unlimited
memory_and_swap_limit_in_bytes: unlimited
memory_soft_limit_in_bytes: unlimited
memory_usage_in_bytes: 1533592 k
memory_max_usage_in_bytes: not supported
memory_swap_current_in_bytes: unlimited
memory_swap_max_limit_in_bytes: unlimited
maximum number of tasks: 37503
current number of tasks: 103

Steal ticks since vm start: 0
Steal ticks percentage since vm start:  0.000

CPU: total 16 (initial active 16) (16 cores per cpu, 2 threads per core) family 25 model 68 stepping 1 microcode 0xa404101, cx8, cmov, fxsr, ht, mmx, 3dnowpref, sse, sse2, sse3, ssse3, sse4a, sse4.1, sse4.2, popcnt, lzcnt, tsc, tscinvbit, avx, avx2, aes, clmul, bmi1, bmi2, adx, sha, fma, vzeroupper, clflush, clflushopt, rdtscp, rdpid, f16c, pku, ospke, cet_ss
CPU Model and flags from /proc/cpuinfo:
model name	: AMD Ryzen 9 6900HS with Radeon Graphics
flags		: fpu vme de pse tsc msr pae mce cx8 apic sep mtrr pge mca cmov pat pse36 clflush mmx fxsr sse sse2 ht syscall nx mmxext fxsr_opt pdpe1gb rdtscp lm constant_tsc rep_good nopl nonstop_tsc cpuid extd_apicid aperfmperf rapl pni pclmulqdq monitor ssse3 fma cx16 sse4_1 sse4_2 x2apic movbe popcnt aes xsave avx f16c rdrand lahf_lm cmp_legacy svm extapic cr8_legacy abm sse4a misalignsse 3dnowprefetch osvw ibs skinit wdt tce topoext perfctr_core perfctr_nb bpext perfctr_llc mwaitx cpb cat_l3 cdp_l3 hw_pstate ssbd mba ibrs ibpb stibp vmmcall fsgsbase bmi1 avx2 smep bmi2 invpcid cqm rdt_a rdseed adx smap clflushopt clwb sha_ni xsaveopt xsavec xgetbv1 xsaves cqm_llc cqm_occup_llc cqm_mbm_total cqm_mbm_local user_shstk clzero irperf xsaveerptr rdpru wbnoinvd cppc arat npt lbrv svm_lock nrip_save tsc_scale vmcb_clean flushbyasid decodeassists pausefilter pfthreshold avic v_vmsave_vmload vgif v_spec_ctrl umip pku ospke vaes vpclmulqdq rdpid overflow_recov succor smca debug_swap

Online cpus: 0-15
Offline cpus: 
BIOS frequency limitation: <Not Available>
Frequency switch latency (ns): 0
Available cpu frequencies: <Not Available>
Current governor: powersave
Core performance/turbo boost: <Not Available>

Memory: 4k page, physical 32074676k(28798936k free), swap 8388604k(8388604k free)
Page Sizes: 4k

vm_info: OpenJDK 64-Bit Server VM (21.0.4+7-Ubuntu-1ubuntu224.04) for linux-amd64 JRE (21.0.4+7-Ubuntu-1ubuntu224.04), built on 2024-07-23T01:34:52Z by "buildd" with gcc 13.2.0

END.
