#
# A fatal error has been detected by the Java Runtime Environment:
#
#  SIGSEGV (0xb) at pc=0x000075f95e64b06e, pid=6560, tid=6564
#
# JRE version: OpenJDK Runtime Environment (21.0.4+7) (build 21.0.4+7-Ubuntu-1ubuntu224.04)
# Java VM: OpenJDK 64-Bit Server VM (21.0.4+7-Ubuntu-1ubuntu224.04, mixed mode, sharing, tiered, compressed oops, compressed class ptrs, g1 gc, linux-amd64)
# Problematic frame:
# C  [libcuda.so.1+0x24b06e]
#
# Core dump will be written. Default location: Core dumps may be processed with "/usr/share/apport/apport -p%p -s%s -c%c -d%d -P%P -u%u -g%g -- %E" (or dumping to /home/dov/projects/NeighborhoodPIG/core.6560)
#
# If you would like to submit a bug report, please visit:
#   https://bugs.launchpad.net/ubuntu/+source/openjdk-21
# The crash happened outside the Java Virtual Machine in native code.
# See problematic frame for where to report the bug.
#

---------------  S U M M A R Y ------------

Command Line: -Dfile.encoding=UTF-8 --module-path=/home/dov/projects/NeighborhoodPIG/build/classes main.NeighborhoodPIG

Host: AMD Ryzen 9 6900HS with Radeon Graphics, 16 cores, 30G, Ubuntu 24.04.1 LTS
Time: Tue Oct 29 12:02:23 2024 IST elapsed time: 0.364786 seconds (0d 0h 0m 0s)

---------------  T H R E A D  ---------------

Current thread (0x000075f99401a090):  JavaThread "main"             [_thread_in_native, id=6564, stack(0x000075f998b00000,0x000075f998c00000) (1024K)]

Stack: [0x000075f998b00000,0x000075f998c00000],  sp=0x000075f998bfe3e0,  free space=1016k
Native frames: (J=compiled Java code, j=interpreted, Vv=VM code, C=native code)
C  [libcuda.so.1+0x24b06e]
C  [libcuda.so.1+0x24b5f8]
C  [libcuda.so.1+0x2f19c3]
Java frames: (J=compiled Java code, j=interpreted, Vv=VM code)
j  jcuda.runtime.JCuda.cudaStreamSynchronizeNative(Ljcuda/runtime/cudaStream_t;)I+0
j  jcuda.runtime.JCuda.cudaStreamSynchronize(Ljcuda/runtime/cudaStream_t;)I+1
j  JCudaWrapper.resourceManagement.Handle.synch()V+4
j  main.Gradient.computeBoundaryGradients(LJCudaWrapper/algebra/Matrix;LJCudaWrapper/algebra/Matrix;LJCudaWrapper/algebra/Matrix;II)V+22
j  main.Gradient.<init>(LJCudaWrapper/algebra/Matrix;LJCudaWrapper/resourceManagement/Handle;)V+58
j  main.NeighborhoodPIG.<init>(Ljava/lang/String;I)V+26
j  main.NeighborhoodPIG.main([Ljava/lang/String;)V+7
v  ~StubRoutines::call_stub 0x000075f983c5fcc6

siginfo: si_signo: 11 (SIGSEGV), si_code: 1 (SEGV_MAPERR), si_addr: 0x000001005c00046c

Registers:
RAX=0x000075f994679220, RBX=0x000075f998bfe4f8, RCX=0x0000000000000002, RDX=0x000075f99454f4e0
RSP=0x000075f998bfe3e0, RBP=0x000075f998bfe440, RSI=0x0000000000000000, RDI=0x000075f994679220
R8 =0x000075f998bfe478, R9 =0x0000000000000000, R10=0x000075f99454f4e0, R11=0x000001005c000084
R12=0x000075f998bfe478, R13=0x000075f994679220, R14=0x000075f998bfe708, R15=0x000075f99401a090
RIP=0x000075f95e64b06e, EFLAGS=0x0000000000010206, CSGSFS=0x002b000000000033, ERR=0x0000000000000004
  TRAPNO=0x000000000000000e


Register to memory mapping:

RAX=0x000075f994679220 points into unknown readable memory: 0x000075f9946575c0 | c0 75 65 94 f9 75 00 00
RBX=0x000075f998bfe4f8 is pointing into the stack for thread: 0x000075f99401a090
RCX=0x0000000000000002 is an unknown value
RDX=0x000075f99454f4e0 points into unknown readable memory: 0x000001005c000084 | 84 00 00 5c 00 01 00 00
RSP=0x000075f998bfe3e0 is pointing into the stack for thread: 0x000075f99401a090
RBP=0x000075f998bfe440 is pointing into the stack for thread: 0x000075f99401a090
RSI=0x0 is null
RDI=0x000075f994679220 points into unknown readable memory: 0x000075f9946575c0 | c0 75 65 94 f9 75 00 00
R8 =0x000075f998bfe478 is pointing into the stack for thread: 0x000075f99401a090
R9 =0x0 is null
R10=0x000075f99454f4e0 points into unknown readable memory: 0x000001005c000084 | 84 00 00 5c 00 01 00 00
R11=0x000001005c000084 is an unknown value
R12=0x000075f998bfe478 is pointing into the stack for thread: 0x000075f99401a090
R13=0x000075f994679220 points into unknown readable memory: 0x000075f9946575c0 | c0 75 65 94 f9 75 00 00
R14=0x000075f998bfe708 is pointing into the stack for thread: 0x000075f99401a090
R15=0x000075f99401a090 is a thread

Top of Stack: (sp=0x000075f998bfe3e0)
0x000075f998bfe3e0:   0000000000000000 000075f998bfe410
0x000075f998bfe3f0:   000075f998bfe460 000075f983c67180
0x000075f998bfe400:   000075f998bfe460 000075f983c67180
0x000075f998bfe410:   00000006344e0578 000075f998bfe4f8
0x000075f998bfe420:   0000000000000000 000075f998bfe4f0
0x000075f998bfe430:   000075f998bfe708 000075f99401a090
0x000075f998bfe440:   000075f998bfe4b0 000075f95e64b5f8
0x000075f998bfe450:   000075f998bfe550 000075f999b7467b
0x000075f998bfe460:   000075f998bfe4d0 000075f983c67180
0x000075f998bfe470:   00000006344e0578 0000000000000000
0x000075f998bfe480:   000075f998bfe4c0 0000000000000000
0x000075f998bfe490:   000075f99454f4e0 000075f908485b78
0x000075f998bfe4a0:   000075f998bfe708 000075f99401a090
0x000075f998bfe4b0:   000075f998bfe580 000075f95e6f19c3
0x000075f998bfe4c0:   000075f998bfe510 000075f95e579a02
0x000075f998bfe4d0:   000003e798bfe550 0000000000000000
0x000075f998bfe4e0:   0000000000000000 000075f994679220
0x000075f998bfe4f0:   0000000000000000 0000000000000000
0x000075f998bfe500:   0000000000000001 000075f998bfe708
0x000075f998bfe510:   000075f998bfe578 000075f910e550b6
0x000075f998bfe520:   000075f998bfe580 000075f998bfe5e0
0x000075f998bfe530:   000075f99401ac90 000075f99557f910
0x000075f998bfe540:   000075f998bfe5c0 000075f995557a50
0x000075f998bfe550:   000075f99454f4e0 0000000000000000
0x000075f998bfe560:   000075f908485b78 000075f910e4a8af
0x000075f998bfe570:   000075f998bfe5c0 0000000000000000
0x000075f998bfe580:   000075f99454f4e0 000075f910e26dc0
0x000075f998bfe590:   000075f9084c8930 000075f910e90759
0x000075f998bfe5a0:   000075f99401ac90 000075f995557a50
0x000075f998bfe5b0:   000075f99454f4e0 000075f910e83ec8
0x000075f998bfe5c0:   000075f998bfe708 0000000000000006
0x000075f998bfe5d0:   0000000000000002 0000000000000001 

Instructions: (pc=0x000075f95e64b06e)
0x000075f95e64af6e:   f6 c2 10 75 ba 83 e2 08 b8 8a 03 00 00 75 da 48
0x000075f95e64af7e:   8b 59 08 4c 8d 63 08 4c 89 e7 e8 23 3a e9 ff 48
0x000075f95e64af8e:   8b 5b 38 48 85 db 74 2d 66 2e 0f 1f 84 00 00 00
0x000075f95e64af9e:   00 00 48 8b bb e8 03 00 00 48 85 ff 74 0b f6 43
0x000075f95e64afae:   50 04 74 05 e8 c9 9a 29 00 48 8b 9b 58 01 00 00
0x000075f95e64afbe:   48 85 db 75 dd 4c 89 e7 e8 15 35 e9 ff b8 8a 03
0x000075f95e64afce:   00 00 eb 85 66 0f 1f 44 00 00 83 f8 02 ba 91 01
0x000075f95e64afde:   00 00 b8 00 00 00 00 5b 0f 44 c2 41 5c 5d c3 0f
0x000075f95e64afee:   1f 00 e8 8b 9a 29 00 b8 84 03 00 00 e9 58 ff ff
0x000075f95e64affe:   ff 90 55 48 89 e5 41 57 41 56 41 55 49 89 fd 41
0x000075f95e64b00e:   54 4d 89 c4 53 48 83 ec 38 49 c7 00 00 00 00 00
0x000075f95e64b01e:   48 85 f6 0f 84 b9 00 00 00 44 8b 0e 41 ba 00 00
0x000075f95e64b02e:   00 00 48 89 f3 45 85 c9 4c 0f 45 d6 48 83 fa 02
0x000075f95e64b03e:   77 20 48 85 d2 74 5b 48 83 fa 02 0f 85 81 00 00
0x000075f95e64b04e:   00 4d 85 d2 0f 84 a8 00 00 00 41 b8 90 01 00 00
0x000075f95e64b05e:   eb 28 4c 8b 1a 4d 85 db 74 f0 49 39 5b 10 75 ea
0x000075f95e64b06e:   49 83 bb e8 03 00 00 00 75 09 4d 85 ed 0f 85 57
0x000075f95e64b07e:   01 00 00 4d 89 1c 24 45 31 c0 48 8d 65 d8 44 89
0x000075f95e64b08e:   c0 5b 41 5c 41 5d 41 5e 41 5f 5d c3 66 0f 1f 44
0x000075f95e64b09e:   00 00 83 f9 02 0f 84 27 02 00 00 83 f9 03 0f 84
0x000075f95e64b0ae:   06 02 00 00 83 f9 01 0f 84 e5 01 00 00 0f b6 05
0x000075f95e64b0be:   66 ac 91 01 c0 e8 03 83 e0 01 84 c0 0f 85 7f ff
0x000075f95e64b0ce:   ff ff 4d 85 d2 0f 84 ef 00 00 00 4d 8b 5a 68 eb
0x000075f95e64b0de:   84 90 48 83 fa 02 0f 86 6e ff ff ff 4c 8b 1a 4d
0x000075f95e64b0ee:   85 db 0f 85 78 ff ff ff e9 5d ff ff ff 0f 1f 44
0x000075f95e64b0fe:   00 00 4d 8b 5d 18 4d 85 db 74 0d 8b 43 38 41 39
0x000075f95e64b10e:   45 20 0f 84 9f 00 00 00 4c 8d b3 a0 03 00 00 4c
0x000075f95e64b11e:   89 55 a8 4d 8b 7d 10 4c 89 f7 e8 83 38 e9 ff 4c
0x000075f95e64b12e:   8b 9b c8 03 00 00 45 31 c0 4c 89 fe 4c 89 c2 41
0x000075f95e64b13e:   8b 3b 4c 89 5d b0 89 7d b8 e8 14 72 0d 00 4c 8b
0x000075f95e64b14e:   5d b0 48 83 ec 08 8b 7d b8 45 31 c0 41 89 c1 4c
0x000075f95e64b15e:   89 f9 49 8b 53 10 41 8b 73 0c 6a 00 e8 21 ee 2a 


Stack slot to memory mapping:

stack at sp + 0 slots: 0x0 is null
stack at sp + 1 slots: 0x000075f998bfe410 is pointing into the stack for thread: 0x000075f99401a090
stack at sp + 2 slots: 0x000075f998bfe460 is pointing into the stack for thread: 0x000075f99401a090
stack at sp + 3 slots: 0x000075f983c67180 is at code_begin+1184 in an Interpreter codelet
return entry points  [0x000075f983c66ce0, 0x000075f983c67880]  2976 bytes
stack at sp + 4 slots: 0x000075f998bfe460 is pointing into the stack for thread: 0x000075f99401a090
stack at sp + 5 slots: 0x000075f983c67180 is at code_begin+1184 in an Interpreter codelet
return entry points  [0x000075f983c66ce0, 0x000075f983c67880]  2976 bytes
stack at sp + 6 slots: 0x00000006344e0578 is an oop: java.lang.ref.Cleaner 
{0x00000006344e0578} - klass: 'java/lang/ref/Cleaner'
 - ---- fields (total size 2 words):
 - final 'impl' 'Ljdk/internal/ref/CleanerImpl;' @12  a 'jdk/internal/ref/CleanerImpl'{0x00000006344e0588} (0xc689c0b1)
stack at sp + 7 slots: 0x000075f998bfe4f8 is pointing into the stack for thread: 0x000075f99401a090


---------------  P R O C E S S  ---------------

Threads class SMR info:
_java_thread_list=0x000075f995580650, length=14, elements={
0x000075f99401a090, 0x000075f994138d60, 0x000075f99413a3f0, 0x000075f99413bec0,
0x000075f99413d510, 0x000075f99413eac0, 0x000075f994140690, 0x000075f994141d60,
0x000075f994160f60, 0x000075f8d805ed30, 0x000075f8cc009dc0, 0x000075f9941a4e30,
0x000075f9942aa1e0, 0x000075f995580fd0
}

Java Threads: ( => current thread )
=>0x000075f99401a090 JavaThread "main"                              [_thread_in_native, id=6564, stack(0x000075f998b00000,0x000075f998c00000) (1024K)]
  0x000075f994138d60 JavaThread "Reference Handler"          daemon [_thread_blocked, id=6572, stack(0x000075f96a500000,0x000075f96a600000) (1024K)]
  0x000075f99413a3f0 JavaThread "Finalizer"                  daemon [_thread_blocked, id=6573, stack(0x000075f96a400000,0x000075f96a500000) (1024K)]
  0x000075f99413bec0 JavaThread "Signal Dispatcher"          daemon [_thread_blocked, id=6574, stack(0x000075f96a300000,0x000075f96a400000) (1024K)]
  0x000075f99413d510 JavaThread "Service Thread"             daemon [_thread_blocked, id=6575, stack(0x000075f96a200000,0x000075f96a300000) (1024K)]
  0x000075f99413eac0 JavaThread "Monitor Deflation Thread"   daemon [_thread_blocked, id=6576, stack(0x000075f96a100000,0x000075f96a200000) (1024K)]
  0x000075f994140690 JavaThread "C2 CompilerThread0"         daemon [_thread_blocked, id=6577, stack(0x000075f96a000000,0x000075f96a100000) (1024K)]
  0x000075f994141d60 JavaThread "C1 CompilerThread0"         daemon [_thread_blocked, id=6578, stack(0x000075f969f00000,0x000075f96a000000) (1024K)]
  0x000075f994160f60 JavaThread "Common-Cleaner"             daemon [_thread_blocked, id=6579, stack(0x000075f969e00000,0x000075f969f00000) (1024K)]
  0x000075f8d805ed30 JavaThread "C1 CompilerThread1"         daemon [_thread_blocked, id=6580, stack(0x000075f969d00000,0x000075f969e00000) (1024K)]
  0x000075f8cc009dc0 JavaThread "C1 CompilerThread2"         daemon [_thread_blocked, id=6581, stack(0x000075f969c00000,0x000075f969d00000) (1024K)]
  0x000075f9941a4e30 JavaThread "Notification Thread"        daemon [_thread_blocked, id=6582, stack(0x000075f969b00000,0x000075f969c00000) (1024K)]
  0x000075f9942aa1e0 JavaThread "Java2D Disposer"            daemon [_thread_blocked, id=6585, stack(0x000075f9696c3000,0x000075f9697c3000) (1024K)]
  0x000075f995580fd0 JavaThread "pool-1-thread-1"            daemon [_thread_blocked, id=6592, stack(0x000075f969900000,0x000075f969a00000) (1024K)]
Total: 14

Other Threads:
  0x000075f99412ba10 VMThread "VM Thread"                           [id=6571, stack(0x000075f96b3f5000,0x000075f96b4f5000) (1024K)]
  0x000075f994111280 WatcherThread "VM Periodic Task Thread"        [id=6570, stack(0x000075f96b4f6000,0x000075f96b5f6000) (1024K)]
  0x000075f994045430 WorkerThread "GC Thread#0"                     [id=6565, stack(0x000075f97c3fd000,0x000075f97c4fd000) (1024K)]
  0x000075f994055f30 ConcurrentGCThread "G1 Main Marker"            [id=6566, stack(0x000075f97a300000,0x000075f97a400000) (1024K)]
  0x000075f994056ee0 WorkerThread "G1 Conc#0"                       [id=6567, stack(0x000075f972700000,0x000075f972800000) (1024K)]
  0x000075f9940feaf0 ConcurrentGCThread "G1 Refine#0"               [id=6568, stack(0x000075f96b6f8000,0x000075f96b7f8000) (1024K)]
  0x000075f9940ffab0 ConcurrentGCThread "G1 Service"                [id=6569, stack(0x000075f96b5f7000,0x000075f96b6f7000) (1024K)]
Total: 7

Threads with active compile tasks:
Total: 0

VM state: not at safepoint (normal execution)

VM Mutex/Monitor currently owned by a thread: None

Heap address: 0x0000000616800000, size: 7832 MB, Compressed Oops mode: Zero based, Oop shift amount: 3

CDS archive(s) mapped at: [0x000075f913000000-0x000075f913cae000-0x000075f913cae000), size 13295616, SharedBaseAddress: 0x000075f913000000, ArchiveRelocationMode: 1.
Compressed class space mapped at: 0x000075f914000000-0x000075f954000000, reserved size: 1073741824
Narrow klass base: 0x000075f913000000, Narrow klass shift: 0, Narrow klass range: 0x100000000

GC Precious Log:
 CardTable entry size: 512
 Card Set container configuration: InlinePtr #cards 4 size 8 Array Of Cards #cards 32 size 80 Howl #buckets 8 coarsen threshold 7372 Howl Bitmap #cards 1024 size 144 coarsen threshold 921 Card regions per heap region 1 cards per card region 8192
 CPUs: 16 total, 16 available
 Memory: 31322M
 Large Page Support: Disabled
 NUMA Support: Disabled
 Compressed Oops: Enabled (Zero based)
 Heap Region Size: 4M
 Heap Min Capacity: 8M
 Heap Initial Capacity: 492M
 Heap Max Capacity: 7832M
 Pre-touch: Disabled
 Parallel Workers: 13
 Concurrent Workers: 3
 Concurrent Refinement Workers: 13
 Periodic GC: Disabled

Heap:
 garbage-first heap   total 507904K, used 37918K [0x0000000616800000, 0x0000000800000000)
  region size 4096K, 4 young (16384K), 0 survivors (0K)
 Metaspace       used 4493K, committed 4608K, reserved 1114112K
  class space    used 395K, committed 448K, reserved 1048576K

Heap Regions: E=young(eden), S=young(survivor), O=old, HS=humongous(starts), HC=humongous(continues), CS=collection set, F=free, TAMS=top-at-mark-start, PB=parsable bottom
|   0|0x0000000616800000, 0x0000000616c00000, 0x0000000616c00000|100%|HS|  |TAMS 0x0000000616800000| PB 0x0000000616800000| Complete 
|   1|0x0000000616c00000, 0x0000000617000000, 0x0000000617000000|100%|HC|  |TAMS 0x0000000616c00000| PB 0x0000000616c00000| Complete 
|   2|0x0000000617000000, 0x0000000617400000, 0x0000000617400000|100%|HS|  |TAMS 0x0000000617000000| PB 0x0000000617000000| Complete 
|   3|0x0000000617400000, 0x0000000617800000, 0x0000000617800000|100%|HC|  |TAMS 0x0000000617400000| PB 0x0000000617400000| Complete 
|   4|0x0000000617800000, 0x0000000617c00000, 0x0000000617c00000|100%|HC|  |TAMS 0x0000000617800000| PB 0x0000000617800000| Complete 
|   5|0x0000000617c00000, 0x0000000618000000, 0x0000000618000000|100%|HC|  |TAMS 0x0000000617c00000| PB 0x0000000617c00000| Complete 
|   6|0x0000000618000000, 0x0000000618000000, 0x0000000618400000|  0%| F|  |TAMS 0x0000000618000000| PB 0x0000000618000000| Untracked 
|   7|0x0000000618400000, 0x0000000618400000, 0x0000000618800000|  0%| F|  |TAMS 0x0000000618400000| PB 0x0000000618400000| Untracked 
|   8|0x0000000618800000, 0x0000000618800000, 0x0000000618c00000|  0%| F|  |TAMS 0x0000000618800000| PB 0x0000000618800000| Untracked 
|   9|0x0000000618c00000, 0x0000000618c00000, 0x0000000619000000|  0%| F|  |TAMS 0x0000000618c00000| PB 0x0000000618c00000| Untracked 
|  10|0x0000000619000000, 0x0000000619000000, 0x0000000619400000|  0%| F|  |TAMS 0x0000000619000000| PB 0x0000000619000000| Untracked 
|  11|0x0000000619400000, 0x0000000619400000, 0x0000000619800000|  0%| F|  |TAMS 0x0000000619400000| PB 0x0000000619400000| Untracked 
|  12|0x0000000619800000, 0x0000000619800000, 0x0000000619c00000|  0%| F|  |TAMS 0x0000000619800000| PB 0x0000000619800000| Untracked 
|  13|0x0000000619c00000, 0x0000000619c00000, 0x000000061a000000|  0%| F|  |TAMS 0x0000000619c00000| PB 0x0000000619c00000| Untracked 
|  14|0x000000061a000000, 0x000000061a000000, 0x000000061a400000|  0%| F|  |TAMS 0x000000061a000000| PB 0x000000061a000000| Untracked 
|  15|0x000000061a400000, 0x000000061a400000, 0x000000061a800000|  0%| F|  |TAMS 0x000000061a400000| PB 0x000000061a400000| Untracked 
|  16|0x000000061a800000, 0x000000061a800000, 0x000000061ac00000|  0%| F|  |TAMS 0x000000061a800000| PB 0x000000061a800000| Untracked 
|  17|0x000000061ac00000, 0x000000061ac00000, 0x000000061b000000|  0%| F|  |TAMS 0x000000061ac00000| PB 0x000000061ac00000| Untracked 
|  18|0x000000061b000000, 0x000000061b000000, 0x000000061b400000|  0%| F|  |TAMS 0x000000061b000000| PB 0x000000061b000000| Untracked 
|  19|0x000000061b400000, 0x000000061b400000, 0x000000061b800000|  0%| F|  |TAMS 0x000000061b400000| PB 0x000000061b400000| Untracked 
|  20|0x000000061b800000, 0x000000061b800000, 0x000000061bc00000|  0%| F|  |TAMS 0x000000061b800000| PB 0x000000061b800000| Untracked 
|  21|0x000000061bc00000, 0x000000061bc00000, 0x000000061c000000|  0%| F|  |TAMS 0x000000061bc00000| PB 0x000000061bc00000| Untracked 
|  22|0x000000061c000000, 0x000000061c000000, 0x000000061c400000|  0%| F|  |TAMS 0x000000061c000000| PB 0x000000061c000000| Untracked 
|  23|0x000000061c400000, 0x000000061c400000, 0x000000061c800000|  0%| F|  |TAMS 0x000000061c400000| PB 0x000000061c400000| Untracked 
|  24|0x000000061c800000, 0x000000061c800000, 0x000000061cc00000|  0%| F|  |TAMS 0x000000061c800000| PB 0x000000061c800000| Untracked 
|  25|0x000000061cc00000, 0x000000061cc00000, 0x000000061d000000|  0%| F|  |TAMS 0x000000061cc00000| PB 0x000000061cc00000| Untracked 
|  26|0x000000061d000000, 0x000000061d000000, 0x000000061d400000|  0%| F|  |TAMS 0x000000061d000000| PB 0x000000061d000000| Untracked 
|  27|0x000000061d400000, 0x000000061d400000, 0x000000061d800000|  0%| F|  |TAMS 0x000000061d400000| PB 0x000000061d400000| Untracked 
|  28|0x000000061d800000, 0x000000061d800000, 0x000000061dc00000|  0%| F|  |TAMS 0x000000061d800000| PB 0x000000061d800000| Untracked 
|  29|0x000000061dc00000, 0x000000061dc00000, 0x000000061e000000|  0%| F|  |TAMS 0x000000061dc00000| PB 0x000000061dc00000| Untracked 
|  30|0x000000061e000000, 0x000000061e000000, 0x000000061e400000|  0%| F|  |TAMS 0x000000061e000000| PB 0x000000061e000000| Untracked 
|  31|0x000000061e400000, 0x000000061e400000, 0x000000061e800000|  0%| F|  |TAMS 0x000000061e400000| PB 0x000000061e400000| Untracked 
|  32|0x000000061e800000, 0x000000061e800000, 0x000000061ec00000|  0%| F|  |TAMS 0x000000061e800000| PB 0x000000061e800000| Untracked 
|  33|0x000000061ec00000, 0x000000061ec00000, 0x000000061f000000|  0%| F|  |TAMS 0x000000061ec00000| PB 0x000000061ec00000| Untracked 
|  34|0x000000061f000000, 0x000000061f000000, 0x000000061f400000|  0%| F|  |TAMS 0x000000061f000000| PB 0x000000061f000000| Untracked 
|  35|0x000000061f400000, 0x000000061f400000, 0x000000061f800000|  0%| F|  |TAMS 0x000000061f400000| PB 0x000000061f400000| Untracked 
|  36|0x000000061f800000, 0x000000061f800000, 0x000000061fc00000|  0%| F|  |TAMS 0x000000061f800000| PB 0x000000061f800000| Untracked 
|  37|0x000000061fc00000, 0x000000061fc00000, 0x0000000620000000|  0%| F|  |TAMS 0x000000061fc00000| PB 0x000000061fc00000| Untracked 
|  38|0x0000000620000000, 0x0000000620000000, 0x0000000620400000|  0%| F|  |TAMS 0x0000000620000000| PB 0x0000000620000000| Untracked 
|  39|0x0000000620400000, 0x0000000620400000, 0x0000000620800000|  0%| F|  |TAMS 0x0000000620400000| PB 0x0000000620400000| Untracked 
|  40|0x0000000620800000, 0x0000000620800000, 0x0000000620c00000|  0%| F|  |TAMS 0x0000000620800000| PB 0x0000000620800000| Untracked 
|  41|0x0000000620c00000, 0x0000000620c00000, 0x0000000621000000|  0%| F|  |TAMS 0x0000000620c00000| PB 0x0000000620c00000| Untracked 
|  42|0x0000000621000000, 0x0000000621000000, 0x0000000621400000|  0%| F|  |TAMS 0x0000000621000000| PB 0x0000000621000000| Untracked 
|  43|0x0000000621400000, 0x0000000621400000, 0x0000000621800000|  0%| F|  |TAMS 0x0000000621400000| PB 0x0000000621400000| Untracked 
|  44|0x0000000621800000, 0x0000000621800000, 0x0000000621c00000|  0%| F|  |TAMS 0x0000000621800000| PB 0x0000000621800000| Untracked 
|  45|0x0000000621c00000, 0x0000000621c00000, 0x0000000622000000|  0%| F|  |TAMS 0x0000000621c00000| PB 0x0000000621c00000| Untracked 
|  46|0x0000000622000000, 0x0000000622000000, 0x0000000622400000|  0%| F|  |TAMS 0x0000000622000000| PB 0x0000000622000000| Untracked 
|  47|0x0000000622400000, 0x0000000622400000, 0x0000000622800000|  0%| F|  |TAMS 0x0000000622400000| PB 0x0000000622400000| Untracked 
|  48|0x0000000622800000, 0x0000000622800000, 0x0000000622c00000|  0%| F|  |TAMS 0x0000000622800000| PB 0x0000000622800000| Untracked 
|  49|0x0000000622c00000, 0x0000000622c00000, 0x0000000623000000|  0%| F|  |TAMS 0x0000000622c00000| PB 0x0000000622c00000| Untracked 
|  50|0x0000000623000000, 0x0000000623000000, 0x0000000623400000|  0%| F|  |TAMS 0x0000000623000000| PB 0x0000000623000000| Untracked 
|  51|0x0000000623400000, 0x0000000623400000, 0x0000000623800000|  0%| F|  |TAMS 0x0000000623400000| PB 0x0000000623400000| Untracked 
|  52|0x0000000623800000, 0x0000000623800000, 0x0000000623c00000|  0%| F|  |TAMS 0x0000000623800000| PB 0x0000000623800000| Untracked 
|  53|0x0000000623c00000, 0x0000000623c00000, 0x0000000624000000|  0%| F|  |TAMS 0x0000000623c00000| PB 0x0000000623c00000| Untracked 
|  54|0x0000000624000000, 0x0000000624000000, 0x0000000624400000|  0%| F|  |TAMS 0x0000000624000000| PB 0x0000000624000000| Untracked 
|  55|0x0000000624400000, 0x0000000624400000, 0x0000000624800000|  0%| F|  |TAMS 0x0000000624400000| PB 0x0000000624400000| Untracked 
|  56|0x0000000624800000, 0x0000000624800000, 0x0000000624c00000|  0%| F|  |TAMS 0x0000000624800000| PB 0x0000000624800000| Untracked 
|  57|0x0000000624c00000, 0x0000000624c00000, 0x0000000625000000|  0%| F|  |TAMS 0x0000000624c00000| PB 0x0000000624c00000| Untracked 
|  58|0x0000000625000000, 0x0000000625000000, 0x0000000625400000|  0%| F|  |TAMS 0x0000000625000000| PB 0x0000000625000000| Untracked 
|  59|0x0000000625400000, 0x0000000625400000, 0x0000000625800000|  0%| F|  |TAMS 0x0000000625400000| PB 0x0000000625400000| Untracked 
|  60|0x0000000625800000, 0x0000000625800000, 0x0000000625c00000|  0%| F|  |TAMS 0x0000000625800000| PB 0x0000000625800000| Untracked 
|  61|0x0000000625c00000, 0x0000000625c00000, 0x0000000626000000|  0%| F|  |TAMS 0x0000000625c00000| PB 0x0000000625c00000| Untracked 
|  62|0x0000000626000000, 0x0000000626000000, 0x0000000626400000|  0%| F|  |TAMS 0x0000000626000000| PB 0x0000000626000000| Untracked 
|  63|0x0000000626400000, 0x0000000626400000, 0x0000000626800000|  0%| F|  |TAMS 0x0000000626400000| PB 0x0000000626400000| Untracked 
|  64|0x0000000626800000, 0x0000000626800000, 0x0000000626c00000|  0%| F|  |TAMS 0x0000000626800000| PB 0x0000000626800000| Untracked 
|  65|0x0000000626c00000, 0x0000000626c00000, 0x0000000627000000|  0%| F|  |TAMS 0x0000000626c00000| PB 0x0000000626c00000| Untracked 
|  66|0x0000000627000000, 0x0000000627000000, 0x0000000627400000|  0%| F|  |TAMS 0x0000000627000000| PB 0x0000000627000000| Untracked 
|  67|0x0000000627400000, 0x0000000627400000, 0x0000000627800000|  0%| F|  |TAMS 0x0000000627400000| PB 0x0000000627400000| Untracked 
|  68|0x0000000627800000, 0x0000000627800000, 0x0000000627c00000|  0%| F|  |TAMS 0x0000000627800000| PB 0x0000000627800000| Untracked 
|  69|0x0000000627c00000, 0x0000000627c00000, 0x0000000628000000|  0%| F|  |TAMS 0x0000000627c00000| PB 0x0000000627c00000| Untracked 
|  70|0x0000000628000000, 0x0000000628000000, 0x0000000628400000|  0%| F|  |TAMS 0x0000000628000000| PB 0x0000000628000000| Untracked 
|  71|0x0000000628400000, 0x0000000628400000, 0x0000000628800000|  0%| F|  |TAMS 0x0000000628400000| PB 0x0000000628400000| Untracked 
|  72|0x0000000628800000, 0x0000000628800000, 0x0000000628c00000|  0%| F|  |TAMS 0x0000000628800000| PB 0x0000000628800000| Untracked 
|  73|0x0000000628c00000, 0x0000000628c00000, 0x0000000629000000|  0%| F|  |TAMS 0x0000000628c00000| PB 0x0000000628c00000| Untracked 
|  74|0x0000000629000000, 0x0000000629000000, 0x0000000629400000|  0%| F|  |TAMS 0x0000000629000000| PB 0x0000000629000000| Untracked 
|  75|0x0000000629400000, 0x0000000629400000, 0x0000000629800000|  0%| F|  |TAMS 0x0000000629400000| PB 0x0000000629400000| Untracked 
|  76|0x0000000629800000, 0x0000000629800000, 0x0000000629c00000|  0%| F|  |TAMS 0x0000000629800000| PB 0x0000000629800000| Untracked 
|  77|0x0000000629c00000, 0x0000000629c00000, 0x000000062a000000|  0%| F|  |TAMS 0x0000000629c00000| PB 0x0000000629c00000| Untracked 
|  78|0x000000062a000000, 0x000000062a000000, 0x000000062a400000|  0%| F|  |TAMS 0x000000062a000000| PB 0x000000062a000000| Untracked 
|  79|0x000000062a400000, 0x000000062a400000, 0x000000062a800000|  0%| F|  |TAMS 0x000000062a400000| PB 0x000000062a400000| Untracked 
|  80|0x000000062a800000, 0x000000062a800000, 0x000000062ac00000|  0%| F|  |TAMS 0x000000062a800000| PB 0x000000062a800000| Untracked 
|  81|0x000000062ac00000, 0x000000062ac00000, 0x000000062b000000|  0%| F|  |TAMS 0x000000062ac00000| PB 0x000000062ac00000| Untracked 
|  82|0x000000062b000000, 0x000000062b000000, 0x000000062b400000|  0%| F|  |TAMS 0x000000062b000000| PB 0x000000062b000000| Untracked 
|  83|0x000000062b400000, 0x000000062b400000, 0x000000062b800000|  0%| F|  |TAMS 0x000000062b400000| PB 0x000000062b400000| Untracked 
|  84|0x000000062b800000, 0x000000062b800000, 0x000000062bc00000|  0%| F|  |TAMS 0x000000062b800000| PB 0x000000062b800000| Untracked 
|  85|0x000000062bc00000, 0x000000062bc00000, 0x000000062c000000|  0%| F|  |TAMS 0x000000062bc00000| PB 0x000000062bc00000| Untracked 
|  86|0x000000062c000000, 0x000000062c000000, 0x000000062c400000|  0%| F|  |TAMS 0x000000062c000000| PB 0x000000062c000000| Untracked 
|  87|0x000000062c400000, 0x000000062c400000, 0x000000062c800000|  0%| F|  |TAMS 0x000000062c400000| PB 0x000000062c400000| Untracked 
|  88|0x000000062c800000, 0x000000062c800000, 0x000000062cc00000|  0%| F|  |TAMS 0x000000062c800000| PB 0x000000062c800000| Untracked 
|  89|0x000000062cc00000, 0x000000062cc00000, 0x000000062d000000|  0%| F|  |TAMS 0x000000062cc00000| PB 0x000000062cc00000| Untracked 
|  90|0x000000062d000000, 0x000000062d000000, 0x000000062d400000|  0%| F|  |TAMS 0x000000062d000000| PB 0x000000062d000000| Untracked 
|  91|0x000000062d400000, 0x000000062d400000, 0x000000062d800000|  0%| F|  |TAMS 0x000000062d400000| PB 0x000000062d400000| Untracked 
|  92|0x000000062d800000, 0x000000062d800000, 0x000000062dc00000|  0%| F|  |TAMS 0x000000062d800000| PB 0x000000062d800000| Untracked 
|  93|0x000000062dc00000, 0x000000062dc00000, 0x000000062e000000|  0%| F|  |TAMS 0x000000062dc00000| PB 0x000000062dc00000| Untracked 
|  94|0x000000062e000000, 0x000000062e000000, 0x000000062e400000|  0%| F|  |TAMS 0x000000062e000000| PB 0x000000062e000000| Untracked 
|  95|0x000000062e400000, 0x000000062e400000, 0x000000062e800000|  0%| F|  |TAMS 0x000000062e400000| PB 0x000000062e400000| Untracked 
|  96|0x000000062e800000, 0x000000062e800000, 0x000000062ec00000|  0%| F|  |TAMS 0x000000062e800000| PB 0x000000062e800000| Untracked 
|  97|0x000000062ec00000, 0x000000062ec00000, 0x000000062f000000|  0%| F|  |TAMS 0x000000062ec00000| PB 0x000000062ec00000| Untracked 
|  98|0x000000062f000000, 0x000000062f000000, 0x000000062f400000|  0%| F|  |TAMS 0x000000062f000000| PB 0x000000062f000000| Untracked 
|  99|0x000000062f400000, 0x000000062f400000, 0x000000062f800000|  0%| F|  |TAMS 0x000000062f400000| PB 0x000000062f400000| Untracked 
| 100|0x000000062f800000, 0x000000062f800000, 0x000000062fc00000|  0%| F|  |TAMS 0x000000062f800000| PB 0x000000062f800000| Untracked 
| 101|0x000000062fc00000, 0x000000062fc00000, 0x0000000630000000|  0%| F|  |TAMS 0x000000062fc00000| PB 0x000000062fc00000| Untracked 
| 102|0x0000000630000000, 0x0000000630000000, 0x0000000630400000|  0%| F|  |TAMS 0x0000000630000000| PB 0x0000000630000000| Untracked 
| 103|0x0000000630400000, 0x0000000630400000, 0x0000000630800000|  0%| F|  |TAMS 0x0000000630400000| PB 0x0000000630400000| Untracked 
| 104|0x0000000630800000, 0x0000000630800000, 0x0000000630c00000|  0%| F|  |TAMS 0x0000000630800000| PB 0x0000000630800000| Untracked 
| 105|0x0000000630c00000, 0x0000000630c00000, 0x0000000631000000|  0%| F|  |TAMS 0x0000000630c00000| PB 0x0000000630c00000| Untracked 
| 106|0x0000000631000000, 0x0000000631000000, 0x0000000631400000|  0%| F|  |TAMS 0x0000000631000000| PB 0x0000000631000000| Untracked 
| 107|0x0000000631400000, 0x0000000631400000, 0x0000000631800000|  0%| F|  |TAMS 0x0000000631400000| PB 0x0000000631400000| Untracked 
| 108|0x0000000631800000, 0x0000000631800000, 0x0000000631c00000|  0%| F|  |TAMS 0x0000000631800000| PB 0x0000000631800000| Untracked 
| 109|0x0000000631c00000, 0x0000000631c00000, 0x0000000632000000|  0%| F|  |TAMS 0x0000000631c00000| PB 0x0000000631c00000| Untracked 
| 110|0x0000000632000000, 0x0000000632000000, 0x0000000632400000|  0%| F|  |TAMS 0x0000000632000000| PB 0x0000000632000000| Untracked 
| 111|0x0000000632400000, 0x0000000632400000, 0x0000000632800000|  0%| F|  |TAMS 0x0000000632400000| PB 0x0000000632400000| Untracked 
| 112|0x0000000632800000, 0x0000000632800000, 0x0000000632c00000|  0%| F|  |TAMS 0x0000000632800000| PB 0x0000000632800000| Untracked 
| 113|0x0000000632c00000, 0x0000000632c00000, 0x0000000633000000|  0%| F|  |TAMS 0x0000000632c00000| PB 0x0000000632c00000| Untracked 
| 114|0x0000000633000000, 0x0000000633000000, 0x0000000633400000|  0%| F|  |TAMS 0x0000000633000000| PB 0x0000000633000000| Untracked 
| 115|0x0000000633400000, 0x0000000633400000, 0x0000000633800000|  0%| F|  |TAMS 0x0000000633400000| PB 0x0000000633400000| Untracked 
| 116|0x0000000633800000, 0x0000000633800000, 0x0000000633c00000|  0%| F|  |TAMS 0x0000000633800000| PB 0x0000000633800000| Untracked 
| 117|0x0000000633c00000, 0x0000000633c00000, 0x0000000634000000|  0%| F|  |TAMS 0x0000000633c00000| PB 0x0000000633c00000| Untracked 
| 118|0x0000000634000000, 0x0000000634000000, 0x0000000634400000|  0%| F|  |TAMS 0x0000000634000000| PB 0x0000000634000000| Untracked 
| 119|0x0000000634400000, 0x000000063466fd50, 0x0000000634800000| 60%| E|  |TAMS 0x0000000634400000| PB 0x0000000634400000| Complete 
| 120|0x0000000634800000, 0x0000000634c00000, 0x0000000634c00000|100%| E|CS|TAMS 0x0000000634800000| PB 0x0000000634800000| Complete 
| 121|0x0000000634c00000, 0x0000000635000000, 0x0000000635000000|100%| E|CS|TAMS 0x0000000634c00000| PB 0x0000000634c00000| Complete 
| 122|0x0000000635000000, 0x0000000635400000, 0x0000000635400000|100%| E|CS|TAMS 0x0000000635000000| PB 0x0000000635000000| Complete 
|1957|0x00000007ffc00000, 0x00000007ffd079d8, 0x0000000800000000| 25%| O|  |TAMS 0x00000007ffc00000| PB 0x00000007ffc00000| Untracked 

Card table byte_map: [0x000075f97a400000,0x000075f97b34c000] _byte_map_base: 0x000075f97734c000

Marking Bits: (CMBitMap*) 0x000075f994045f60
 Bits: [0x000075f972800000, 0x000075f97a260000)

Polling page: 0x000075f99a8fe000

Metaspace:

Usage:
  Non-class:      4.00 MB used.
      Class:    395.71 KB used.
       Both:      4.39 MB used.

Virtual space:
  Non-class space:       64.00 MB reserved,       4.06 MB (  6%) committed,  1 nodes.
      Class space:        1.00 GB reserved,     448.00 KB ( <1%) committed,  1 nodes.
             Both:        1.06 GB reserved,       4.50 MB ( <1%) committed. 

Chunk freelists:
   Non-Class:  11.20 MB
       Class:  15.52 MB
        Both:  26.72 MB

MaxMetaspaceSize: unlimited
CompressedClassSpaceSize: 1.00 GB
Initial GC threshold: 21.00 MB
Current GC threshold: 21.00 MB
CDS: on
 - commit_granule_bytes: 65536.
 - commit_granule_words: 8192.
 - virtual_space_node_default_size: 8388608.
 - enlarge_chunks_in_place: 1.
 - use_allocation_guard: 0.


Internal statistics:

num_allocs_failed_limit: 0.
num_arena_births: 98.
num_arena_deaths: 0.
num_vsnodes_births: 2.
num_vsnodes_deaths: 0.
num_space_committed: 72.
num_space_uncommitted: 0.
num_chunks_returned_to_freelist: 0.
num_chunks_taken_from_freelist: 159.
num_chunk_merges: 0.
num_chunk_splits: 99.
num_chunks_enlarged: 45.
num_inconsistent_stats: 0.

CodeHeap 'non-profiled nmethods': size=119168Kb used=216Kb max_used=216Kb free=118951Kb
 bounds [0x000075f9843a0000, 0x000075f984610000, 0x000075f98b800000]
CodeHeap 'profiled nmethods': size=119164Kb used=929Kb max_used=929Kb free=118234Kb
 bounds [0x000075f97c800000, 0x000075f97ca70000, 0x000075f983c5f000]
CodeHeap 'non-nmethods': size=7428Kb used=2757Kb max_used=2773Kb free=4670Kb
 bounds [0x000075f983c5f000, 0x000075f983f1f000, 0x000075f9843a0000]
 total_blobs=1351 nmethods=649 adapters=606
 compilation: enabled
              stopped_count=0, restarted_count=0
 full_count=0

Compilation events (20 events):
Event: 0.356 Thread 0x000075f994140690 nmethod 633 0x000075f9843d3d90 code [0x000075f9843d3f40, 0x000075f9843d4270]
Event: 0.356 Thread 0x000075f994140690  634       4       java.util.regex.Matcher::search (154 bytes)
Event: 0.356 Thread 0x000075f8cc009dc0  638       3       java.lang.StringUTF16::getChar (60 bytes)
Event: 0.357 Thread 0x000075f8cc009dc0 nmethod 638 0x000075f97c8e5610 code [0x000075f97c8e57a0, 0x000075f97c8e5908]
Event: 0.358 Thread 0x000075f994141d60  640       3       java.io.InputStream::<init> (5 bytes)
Event: 0.358 Thread 0x000075f994141d60 nmethod 640 0x000075f97c8e5a10 code [0x000075f97c8e5ba0, 0x000075f97c8e5d00]
Event: 0.358 Thread 0x000075f8cc009dc0  642       3       sun.net.www.ParseUtil::firstEncodeIndex (86 bytes)
Event: 0.358 Thread 0x000075f994141d60  643       3       sun.net.util.IPAddressUtil::earlyURLParsing (12 bytes)
Event: 0.358 Thread 0x000075f994141d60 nmethod 643 0x000075f97c8e5d90 code [0x000075f97c8e5f20, 0x000075f97c8e6028]
Event: 0.359 Thread 0x000075f8cc009dc0 nmethod 642 0x000075f97c8e6090 code [0x000075f97c8e62c0, 0x000075f97c8e6c60]
Event: 0.360 Thread 0x000075f994141d60  645       3       jdk.internal.org.objectweb.asm.Handler::getExceptionTableSize (10 bytes)
Event: 0.360 Thread 0x000075f8cc009dc0  644       1       jdk.internal.org.objectweb.asm.MethodWriter::hasAsmInstructions (5 bytes)
Event: 0.360 Thread 0x000075f8d805ed30  646       3       java.lang.invoke.MethodHandles$Lookup::isClassAccessible (53 bytes)
Event: 0.360 Thread 0x000075f8cc009dc0 nmethod 644 0x000075f9843d4510 code [0x000075f9843d46a0, 0x000075f9843d4768]
Event: 0.360 Thread 0x000075f8cc009dc0  647       1       java.lang.invoke.MethodType::rtype (5 bytes)
Event: 0.360 Thread 0x000075f8cc009dc0 nmethod 647 0x000075f9843d4810 code [0x000075f9843d49a0, 0x000075f9843d4a68]
Event: 0.360 Thread 0x000075f994141d60 nmethod 645 0x000075f97c8e7010 code [0x000075f97c8e71a0, 0x000075f97c8e7398]
Event: 0.360 Thread 0x000075f8cc009dc0  648       3       jdk.internal.org.objectweb.asm.AnnotationWriter::putAnnotations (67 bytes)
Event: 0.360 Thread 0x000075f8d805ed30 nmethod 646 0x000075f97c8e7490 code [0x000075f97c8e76a0, 0x000075f97c8e7c60]
Event: 0.361 Thread 0x000075f8cc009dc0 nmethod 648 0x000075f97c8e7e90 code [0x000075f97c8e80a0, 0x000075f97c8e8490]

GC Heap History (0 events):
No events

Dll operation events (12 events):
Event: 0.001 Loaded shared library /usr/lib/jvm/java-21-openjdk-amd64/lib/libjava.so
Event: 0.023 Loaded shared library /usr/lib/jvm/java-21-openjdk-amd64/lib/libjsvml.so
Event: 0.024 Loaded shared library /usr/lib/jvm/java-21-openjdk-amd64/lib/libnio.so
Event: 0.059 Loaded shared library /usr/lib/jvm/java-21-openjdk-amd64/lib/libzip.so
Event: 0.073 Loaded shared library /usr/lib/jvm/java-21-openjdk-amd64/lib/libjimage.so
Event: 0.083 Loaded shared library /usr/lib/jvm/java-21-openjdk-amd64/lib/libawt.so
Event: 0.086 Loaded shared library /usr/lib/jvm/java-21-openjdk-amd64/lib/libawt_xawt.so
Event: 0.110 Loaded shared library /usr/lib/jvm/java-21-openjdk-amd64/lib/libjavajpeg.so
Event: 0.151 Loaded shared library /usr/lib/jvm/java-21-openjdk-amd64/lib/libfontmanager.so
Event: 0.232 Loaded shared library /tmp/libJCublas2-12.0.0-linux-x86_64.so
Event: 0.335 Loaded shared library /tmp/libJCudaRuntime-12.0.0-linux-x86_64.so
Event: 0.342 Loaded shared library /usr/lib/jvm/java-21-openjdk-amd64/lib/libverify.so

Deoptimization events (20 events):
Event: 0.138 Thread 0x000075f99401a090 DEOPT PACKING pc=0x000075f97c8a6128 sp=0x000075f998bfdad0
Event: 0.138 Thread 0x000075f99401a090 DEOPT UNPACKING pc=0x000075f983cb372f sp=0x000075f998bfcfc8 mode 0
Event: 0.138 Thread 0x000075f99401a090 DEOPT PACKING pc=0x000075f97c8a6128 sp=0x000075f998bfdad0
Event: 0.138 Thread 0x000075f99401a090 DEOPT UNPACKING pc=0x000075f983cb372f sp=0x000075f998bfcfc8 mode 0
Event: 0.138 Thread 0x000075f99401a090 DEOPT PACKING pc=0x000075f97c8a6128 sp=0x000075f998bfdad0
Event: 0.138 Thread 0x000075f99401a090 DEOPT UNPACKING pc=0x000075f983cb372f sp=0x000075f998bfcfc8 mode 0
Event: 0.138 Thread 0x000075f99401a090 DEOPT PACKING pc=0x000075f97c8a6128 sp=0x000075f998bfdad0
Event: 0.138 Thread 0x000075f99401a090 DEOPT UNPACKING pc=0x000075f983cb372f sp=0x000075f998bfcfc8 mode 0
Event: 0.138 Thread 0x000075f99401a090 DEOPT PACKING pc=0x000075f97c8a6128 sp=0x000075f998bfdad0
Event: 0.138 Thread 0x000075f99401a090 DEOPT UNPACKING pc=0x000075f983cb372f sp=0x000075f998bfcfc8 mode 0
Event: 0.185 Thread 0x000075f99401a090 DEOPT PACKING pc=0x000075f97c8c43fe sp=0x000075f998bfe780
Event: 0.185 Thread 0x000075f99401a090 DEOPT UNPACKING pc=0x000075f983cb372f sp=0x000075f998bfdcd0 mode 0
Event: 0.188 Thread 0x000075f99401a090 Uncommon trap: trap_request=0xffffff45 fr.pc=0x000075f9843ceafc relative=0x000000000000061c
Event: 0.188 Thread 0x000075f99401a090 Uncommon trap: reason=unstable_if action=reinterpret pc=0x000075f9843ceafc method=java.util.Arrays.setAll([DLjava/util/function/IntToDoubleFunction;)V @ 10 c2
Event: 0.188 Thread 0x000075f99401a090 DEOPT PACKING pc=0x000075f9843ceafc sp=0x000075f998bfe800
Event: 0.188 Thread 0x000075f99401a090 DEOPT UNPACKING pc=0x000075f983cb2f99 sp=0x000075f998bfe7d0 mode 2
Event: 0.356 Thread 0x000075f99401a090 Uncommon trap: trap_request=0xffffff45 fr.pc=0x000075f9843b8eec relative=0x000000000000006c
Event: 0.356 Thread 0x000075f99401a090 Uncommon trap: reason=unstable_if action=reinterpret pc=0x000075f9843b8eec method=java.lang.String.isLatin1()Z @ 10 c2
Event: 0.356 Thread 0x000075f99401a090 DEOPT PACKING pc=0x000075f9843b8eec sp=0x000075f998bfdc10
Event: 0.356 Thread 0x000075f99401a090 DEOPT UNPACKING pc=0x000075f983cb2f99 sp=0x000075f998bfdbc0 mode 2

Classes loaded (20 events):
Event: 0.358 Loading class java/lang/ArrayIndexOutOfBoundsException
Event: 0.358 Loading class java/lang/IndexOutOfBoundsException
Event: 0.358 Loading class java/lang/IndexOutOfBoundsException done
Event: 0.358 Loading class java/lang/ArrayIndexOutOfBoundsException done
Event: 0.359 Loading class java/util/Spliterators$IntArraySpliterator
Event: 0.359 Loading class java/util/Spliterators$IntArraySpliterator done
Event: 0.359 Loading class java/util/stream/MatchOps$MatchKind
Event: 0.359 Loading class java/util/stream/MatchOps$MatchKind done
Event: 0.359 Loading class java/util/stream/MatchOps
Event: 0.359 Loading class java/util/stream/MatchOps done
Event: 0.359 Loading class java/util/stream/MatchOps$MatchOp
Event: 0.359 Loading class java/util/stream/MatchOps$MatchOp done
Event: 0.359 Loading class java/util/stream/MatchOps$BooleanTerminalSink
Event: 0.359 Loading class java/util/stream/MatchOps$BooleanTerminalSink done
Event: 0.359 Loading class java/util/stream/MatchOps$2MatchSink
Event: 0.359 Loading class java/util/stream/MatchOps$2MatchSink done
Event: 0.360 Loading class java/util/stream/MatchOps$1MatchSink
Event: 0.360 Loading class java/util/stream/MatchOps$1MatchSink done
Event: 0.361 Loading class java/nio/HeapDoubleBuffer
Event: 0.361 Loading class java/nio/HeapDoubleBuffer done

Classes unloaded (0 events):
No events

Classes redefined (0 events):
No events

Internal exceptions (11 events):
Event: 0.045 Thread 0x000075f99401a090 Exception <a 'sun/nio/fs/UnixException'{0x0000000635070ea8}> (0x0000000635070ea8) 
thrown [./src/hotspot/share/prims/jni.cpp, line 520]
Event: 0.045 Thread 0x000075f99401a090 Exception <a 'sun/nio/fs/UnixException'{0x00000006350715e8}> (0x00000006350715e8) 
thrown [./src/hotspot/share/prims/jni.cpp, line 520]
Event: 0.045 Thread 0x000075f99401a090 Exception <a 'sun/nio/fs/UnixException'{0x0000000635071e18}> (0x0000000635071e18) 
thrown [./src/hotspot/share/prims/jni.cpp, line 520]
Event: 0.045 Thread 0x000075f99401a090 Exception <a 'sun/nio/fs/UnixException'{0x0000000635072410}> (0x0000000635072410) 
thrown [./src/hotspot/share/prims/jni.cpp, line 520]
Event: 0.046 Thread 0x000075f99401a090 Exception <a 'sun/nio/fs/UnixException'{0x00000006350729e0}> (0x00000006350729e0) 
thrown [./src/hotspot/share/prims/jni.cpp, line 520]
Event: 0.046 Thread 0x000075f99401a090 Exception <a 'sun/nio/fs/UnixException'{0x0000000635072fc0}> (0x0000000635072fc0) 
thrown [./src/hotspot/share/prims/jni.cpp, line 520]
Event: 0.046 Thread 0x000075f99401a090 Exception <a 'sun/nio/fs/UnixException'{0x0000000635073810}> (0x0000000635073810) 
thrown [./src/hotspot/share/prims/jni.cpp, line 520]
Event: 0.077 Thread 0x000075f99401a090 Exception <a 'java/lang/ClassNotFoundException'{0x00000006353b4fc0}: sun/awt/resources/spi/awtProvider> (0x00000006353b4fc0) 
thrown [./src/hotspot/share/classfile/systemDictionary.cpp, line 312]
Event: 0.081 Thread 0x000075f99401a090 Implicit null exception at 0x000075f9843b1b63 to 0x000075f9843b1cc4
Event: 0.093 Thread 0x000075f99401a090 Exception <a 'java/io/FileNotFoundException'{0x0000000634c12858}> (0x0000000634c12858) 
thrown [./src/hotspot/share/prims/jni.cpp, line 520]
Event: 0.340 Thread 0x000075f99401a090 Exception <a 'java/lang/NoSuchMethodError'{0x00000006344d9078}: 'void java.lang.invoke.DirectMethodHandle$Holder.invokeStatic(java.lang.Object, java.lang.Object)'> (0x00000006344d9078) 
thrown [./src/hotspot/share/interpreter/linkResolver.cpp, line 772]

ZGC Phase Switch (0 events):
No events

VM Operations (6 events):
Event: 0.047 Executing VM operation: HandshakeAllThreads (Deoptimize)
Event: 0.047 Executing VM operation: HandshakeAllThreads (Deoptimize) done
Event: 0.071 Executing VM operation: HandshakeAllThreads (Deoptimize)
Event: 0.071 Executing VM operation: HandshakeAllThreads (Deoptimize) done
Event: 0.354 Executing VM operation: HandshakeAllThreads (Deoptimize)
Event: 0.354 Executing VM operation: HandshakeAllThreads (Deoptimize) done

Memory protections (16 events):
Event: 0.001 Protecting memory [0x000075f998b00000,0x000075f998b04000] with protection modes 0
Event: 0.021 Protecting memory [0x000075f96a500000,0x000075f96a504000] with protection modes 0
Event: 0.021 Protecting memory [0x000075f96a400000,0x000075f96a404000] with protection modes 0
Event: 0.022 Protecting memory [0x000075f96a300000,0x000075f96a304000] with protection modes 0
Event: 0.022 Protecting memory [0x000075f96a200000,0x000075f96a204000] with protection modes 0
Event: 0.022 Protecting memory [0x000075f96a100000,0x000075f96a104000] with protection modes 0
Event: 0.022 Protecting memory [0x000075f96a000000,0x000075f96a004000] with protection modes 0
Event: 0.022 Protecting memory [0x000075f969f00000,0x000075f969f04000] with protection modes 0
Event: 0.037 Protecting memory [0x000075f969e00000,0x000075f969e04000] with protection modes 0
Event: 0.043 Protecting memory [0x000075f969d00000,0x000075f969d04000] with protection modes 0
Event: 0.049 Protecting memory [0x000075f969c00000,0x000075f969c04000] with protection modes 0
Event: 0.055 Protecting memory [0x000075f969b00000,0x000075f969b04000] with protection modes 0
Event: 0.057 Protecting memory [0x000075f969a00000,0x000075f969a04000] with protection modes 0
Event: 0.064 Protecting memory [0x000075f969900000,0x000075f969904000] with protection modes 0
Event: 0.109 Protecting memory [0x000075f9696c3000,0x000075f9696c7000] with protection modes 0
Event: 0.342 Protecting memory [0x000075f969900000,0x000075f969904000] with protection modes 0

Nmethod flushes (0 events):
No events

Events (18 events):
Event: 0.015 Thread 0x000075f99401a090 Thread added: 0x000075f99401a090
Event: 0.021 Thread 0x000075f99401a090 Thread added: 0x000075f994138d60
Event: 0.021 Thread 0x000075f99401a090 Thread added: 0x000075f99413a3f0
Event: 0.022 Thread 0x000075f99401a090 Thread added: 0x000075f99413bec0
Event: 0.022 Thread 0x000075f99401a090 Thread added: 0x000075f99413d510
Event: 0.022 Thread 0x000075f99401a090 Thread added: 0x000075f99413eac0
Event: 0.022 Thread 0x000075f99401a090 Thread added: 0x000075f994140690
Event: 0.022 Thread 0x000075f99401a090 Thread added: 0x000075f994141d60
Event: 0.037 Thread 0x000075f99401a090 Thread added: 0x000075f994160f60
Event: 0.043 Thread 0x000075f994141d60 Thread added: 0x000075f8d805ed30
Event: 0.049 Thread 0x000075f8d805ed30 Thread added: 0x000075f8cc009dc0
Event: 0.055 Thread 0x000075f99401a090 Thread added: 0x000075f9941a4e30
Event: 0.057 Thread 0x000075f8d805ed30 Thread added: 0x000075f8cc043480
Event: 0.064 Thread 0x000075f8cc043480 Thread added: 0x000075f8b8034ab0
Event: 0.109 Thread 0x000075f99401a090 Thread added: 0x000075f9942aa1e0
Event: 0.334 Thread 0x000075f8b8034ab0 Thread exited: 0x000075f8b8034ab0
Event: 0.334 Thread 0x000075f8cc043480 Thread exited: 0x000075f8cc043480
Event: 0.342 Thread 0x000075f99401a090 Thread added: 0x000075f995580fd0


Dynamic libraries:
200000000-200200000 ---p 00000000 00:00 0 
200200000-200400000 rw-s 00000000 00:05 1116                             /dev/nvidia0
200400000-203400000 rw-s 00000000 00:05 1115                             /dev/nvidiactl
203400000-204400000 ---p 00000000 00:00 0 
204400000-204600000 rw-s 00000000 00:05 1115                             /dev/nvidiactl
204600000-204800000 rw-s 00000000 00:05 1115                             /dev/nvidiactl
204800000-204a00000 rw-s 00000000 00:05 1115                             /dev/nvidiactl
204a00000-204c00000 rw-s 204a00000 00:05 1117                            /dev/nvidia-uvm
204c00000-204e00000 rw-s 00000000 00:05 1115                             /dev/nvidiactl
204e00000-205000000 ---p 00000000 00:00 0 
205000000-205200000 rw-s 00000000 00:05 1115                             /dev/nvidiactl
205200000-300200000 ---p 00000000 00:00 0 
616800000-635400000 rw-p 00000000 00:00 0 
635400000-7ffc00000 ---p 00000000 00:00 0 
7ffc00000-7ffd08000 rw-p 00ced000 103:02 17172987                        /usr/lib/jvm/java-21-openjdk-amd64/lib/server/classes.jsa
7ffd08000-800000000 rw-p 00000000 00:00 0 
10000000000-10004000000 ---p 00000000 00:00 0 
5f29ca5a4000-5f29ca5a5000 r--p 00000000 103:02 17172834                  /usr/lib/jvm/java-21-openjdk-amd64/bin/java
5f29ca5a5000-5f29ca5a6000 r-xp 00001000 103:02 17172834                  /usr/lib/jvm/java-21-openjdk-amd64/bin/java
5f29ca5a6000-5f29ca5a7000 r--p 00002000 103:02 17172834                  /usr/lib/jvm/java-21-openjdk-amd64/bin/java
5f29ca5a7000-5f29ca5a8000 r--p 00002000 103:02 17172834                  /usr/lib/jvm/java-21-openjdk-amd64/bin/java
5f29ca5a8000-5f29ca5a9000 rw-p 00003000 103:02 17172834                  /usr/lib/jvm/java-21-openjdk-amd64/bin/java
5f29cb8a7000-5f29cb8ee000 rw-p 00000000 00:00 0                          [heap]
75f846000000-75f848000000 ---p 00000000 00:00 0 
75f84a000000-75f84c000000 ---p 00000000 00:00 0 
75f84e000000-75f856000000 ---p 00000000 00:00 0 
75f858000000-75f85a000000 ---p 00000000 00:00 0 
75f85c000000-75f85c400000 ---p 00000000 00:00 0 
75f85c400000-75f85c600000 rw-s 00000000 00:05 1115                       /dev/nvidiactl
75f85c600000-75f85c800000 rw-s 00000000 00:01 41                         /dev/zero (deleted)
75f85c800000-75f85ca00000 rw-s 00000000 00:01 42                         /dev/zero (deleted)
75f85ca00000-75f85d000000 ---p 00000000 00:00 0 
75f85d000000-75f85d200000 rw-s 00000000 00:05 1115                       /dev/nvidiactl
75f85d200000-75f85d400000 ---p 00000000 00:00 0 
75f85d400000-75f85d600000 rw-s 00000000 00:01 44                         /dev/zero (deleted)
75f85d600000-75f85db33000 rw-s 00000000 00:05 1115                       /dev/nvidiactl
75f85db33000-75f85e000000 ---p 00000000 00:00 0 
75f860000000-75f870000000 ---p 00000000 00:00 0 
75f874000000-75f874021000 rw-p 00000000 00:00 0 
75f874021000-75f878000000 ---p 00000000 00:00 0 
75f87a000000-75f880000000 ---p 00000000 00:00 0 
75f880000000-75f880021000 rw-p 00000000 00:00 0 
75f880021000-75f884000000 ---p 00000000 00:00 0 
75f884200000-75f8a1463000 r-xp 00000000 103:02 16524125                  /usr/lib/x86_64-linux-gnu/libcublasLt.so.12.0.2.224
75f8a1463000-75f8a1663000 ---p 1d263000 103:02 16524125                  /usr/lib/x86_64-linux-gnu/libcublasLt.so.12.0.2.224
75f8a1663000-75f8a1893000 r--p 1d263000 103:02 16524125                  /usr/lib/x86_64-linux-gnu/libcublasLt.so.12.0.2.224
75f8a1893000-75f8a2827000 rw-p 1d493000 103:02 16524125                  /usr/lib/x86_64-linux-gnu/libcublasLt.so.12.0.2.224
75f8a2827000-75f8a500f000 rw-p 00000000 00:00 0 
75f8a5400000-75f8aba67000 r-xp 00000000 103:02 16524127                  /usr/lib/x86_64-linux-gnu/libcublas.so.12.0.2.224
75f8aba67000-75f8abc67000 ---p 06667000 103:02 16524127                  /usr/lib/x86_64-linux-gnu/libcublas.so.12.0.2.224
75f8abc67000-75f8abc6e000 r--p 06667000 103:02 16524127                  /usr/lib/x86_64-linux-gnu/libcublas.so.12.0.2.224
75f8abc6e000-75f8abc75000 rw-p 0666e000 103:02 16524127                  /usr/lib/x86_64-linux-gnu/libcublas.so.12.0.2.224
75f8abc75000-75f8abc7d000 rw-p 00000000 00:00 0 
75f8ac000000-75f8ac021000 rw-p 00000000 00:00 0 
75f8ac021000-75f8b0000000 ---p 00000000 00:00 0 
75f8b4000000-75f8b4047000 rw-p 00000000 00:00 0 
75f8b4047000-75f8b8000000 ---p 00000000 00:00 0 
75f8b8000000-75f8b80a9000 rw-p 00000000 00:00 0 
75f8b80a9000-75f8bc000000 ---p 00000000 00:00 0 
75f8c0000000-75f8c0021000 rw-p 00000000 00:00 0 
75f8c0021000-75f8c4000000 ---p 00000000 00:00 0 
75f8c4000000-75f8c405b000 rw-p 00000000 00:00 0 
75f8c405b000-75f8c8000000 ---p 00000000 00:00 0 
75f8cc000000-75f8cc096000 rw-p 00000000 00:00 0 
75f8cc096000-75f8d0000000 ---p 00000000 00:00 0 
75f8d0000000-75f8d0021000 rw-p 00000000 00:00 0 
75f8d0021000-75f8d4000000 ---p 00000000 00:00 0 
75f8d8000000-75f8d80c8000 rw-p 00000000 00:00 0 
75f8d80c8000-75f8dc000000 ---p 00000000 00:00 0 
75f8dc000000-75f8dc15e000 rw-p 00000000 00:00 0 
75f8dc15e000-75f8e0000000 ---p 00000000 00:00 0 
75f8e4000000-75f8e4021000 rw-p 00000000 00:00 0 
75f8e4021000-75f8e8000000 ---p 00000000 00:00 0 
75f8e8000000-75f8e8021000 rw-p 00000000 00:00 0 
75f8e8021000-75f8ec000000 ---p 00000000 00:00 0 
75f8f0000000-75f8f0021000 rw-p 00000000 00:00 0 
75f8f0021000-75f8f4000000 ---p 00000000 00:00 0 
75f8f4000000-75f8f4021000 rw-p 00000000 00:00 0 
75f8f4021000-75f8f8000000 ---p 00000000 00:00 0 
75f8fc000000-75f8fc021000 rw-p 00000000 00:00 0 
75f8fc021000-75f900000000 ---p 00000000 00:00 0 
75f900000000-75f900021000 rw-p 00000000 00:00 0 
75f900021000-75f904000000 ---p 00000000 00:00 0 
75f904400000-75f90717c000 r-xp 00000000 103:02 16526206                  /usr/lib/x86_64-linux-gnu/libnvrtc.so.12.0.140
75f90717c000-75f90737c000 ---p 02d7c000 103:02 16526206                  /usr/lib/x86_64-linux-gnu/libnvrtc.so.12.0.140
75f90737c000-75f907a4f000 r--p 02d7c000 103:02 16526206                  /usr/lib/x86_64-linux-gnu/libnvrtc.so.12.0.140
75f907a4f000-75f907b1b000 rw-p 0344f000 103:02 16526206                  /usr/lib/x86_64-linux-gnu/libnvrtc.so.12.0.140
75f907b1b000-75f907c1c000 rw-p 00000000 00:00 0 
75f908000000-75f908340000 rw-p 00000000 00:00 0 
75f908340000-75f908400000 ---p 00000000 00:00 0 
75f908400000-75f9084d0000 rw-p 00000000 00:00 0 
75f9084d0000-75f90c000000 ---p 00000000 00:00 0 
75f90c000000-75f90c021000 rw-p 00000000 00:00 0 
75f90c021000-75f910000000 ---p 00000000 00:00 0 
75f910e00000-75f910ec7000 r-xp 00000000 103:02 18219111                  /tmp/libJCudaRuntime-12.0.0-linux-x86_64.so
75f910ec7000-75f9110c7000 ---p 000c7000 103:02 18219111                  /tmp/libJCudaRuntime-12.0.0-linux-x86_64.so
75f9110c7000-75f9110cc000 r--p 000c7000 103:02 18219111                  /tmp/libJCudaRuntime-12.0.0-linux-x86_64.so
75f9110cc000-75f9110cd000 rw-p 000cc000 103:02 18219111                  /tmp/libJCudaRuntime-12.0.0-linux-x86_64.so
75f9110cd000-75f9110cf000 rw-p 00000000 00:00 0 
75f911400000-75f911401000 ---p 00000000 00:00 0 
75f911401000-75f911c01000 rw-p 00000000 00:00 0 
75f911e00000-75f911e01000 rw-s 00000000 00:05 1115                       /dev/nvidiactl
75f911e01000-75f911e02000 rw-s 00000000 00:05 1115                       /dev/nvidiactl
75f911e02000-75f911e03000 rw-s 00000000 00:05 1115                       /dev/nvidiactl
75f911e03000-75f911e04000 rw-s 00000000 00:05 1115                       /dev/nvidiactl
75f911e04000-75f911e05000 rw-s 00000000 00:05 1115                       /dev/nvidiactl
75f911e05000-75f911e06000 rw-s 00000000 00:05 1115                       /dev/nvidiactl
75f911e06000-75f911e07000 rw-s 00000000 00:05 1115                       /dev/nvidiactl
75f911e07000-75f911e08000 rw-s 00000000 00:05 1115                       /dev/nvidiactl
75f911e08000-75f911e09000 rw-s 00000000 00:05 1115                       /dev/nvidiactl
75f911e09000-75f911e0a000 rw-s 00000000 00:05 1115                       /dev/nvidiactl
75f911e0a000-75f911e0b000 rw-s 00000000 00:05 1115                       /dev/nvidiactl
75f911e0b000-75f911e0c000 rw-s 00000000 00:05 1115                       /dev/nvidiactl
75f911e0c000-75f911e0d000 rw-s 00000000 00:05 1115                       /dev/nvidiactl
75f911e0d000-75f911e0e000 rw-s 00000000 00:05 1115                       /dev/nvidiactl
75f911e0e000-75f911e0f000 rw-s 00000000 00:05 1115                       /dev/nvidiactl
75f911e0f000-75f911e10000 rw-s 00000000 00:05 1115                       /dev/nvidiactl
75f911e10000-75f912e21000 ---p 00000000 00:00 0 
75f913000000-75f913cae000 rw-p 00001000 103:02 17172987                  /usr/lib/jvm/java-21-openjdk-amd64/lib/server/classes.jsa
75f913cae000-75f914000000 ---p 00000000 00:00 0 
75f914000000-75f914010000 rw-p 00000000 00:00 0 
75f914010000-75f914030000 rw-p 00000000 00:00 0 
75f914030000-75f914040000 ---p 00000000 00:00 0 
75f914040000-75f914080000 rw-p 00000000 00:00 0 
75f914080000-75f954000000 ---p 00000000 00:00 0 
75f954000000-75f954021000 rw-p 00000000 00:00 0 
75f954021000-75f958000000 ---p 00000000 00:00 0 
75f958000000-75f958021000 rw-p 00000000 00:00 0 
75f958021000-75f95c000000 ---p 00000000 00:00 0 
75f95c400000-75f95c401000 ---p 00000000 00:00 0 
75f95c401000-75f95cc01000 rw-p 00000000 00:00 0 
75f95ce00000-75f95de21000 ---p 00000000 00:00 0 
75f95e000000-75f95e25a000 rw-p 00000000 00:00 0 
75f95e400000-75f95e4de000 r--p 00000000 103:02 16552573                  /usr/lib/x86_64-linux-gnu/libcuda.so.550.107.02
75f95e4de000-75f95e9b3000 r-xp 000de000 103:02 16552573                  /usr/lib/x86_64-linux-gnu/libcuda.so.550.107.02
75f95e9b3000-75f95fe4e000 r--p 005b3000 103:02 16552573                  /usr/lib/x86_64-linux-gnu/libcuda.so.550.107.02
75f95fe4e000-75f95fe4f000 ---p 01a4e000 103:02 16552573                  /usr/lib/x86_64-linux-gnu/libcuda.so.550.107.02
75f95fe4f000-75f95fe67000 r--p 01a4e000 103:02 16552573                  /usr/lib/x86_64-linux-gnu/libcuda.so.550.107.02
75f95fe67000-75f95ff62000 rw-p 01a66000 103:02 16552573                  /usr/lib/x86_64-linux-gnu/libcuda.so.550.107.02
75f95ff62000-75f95ffcb000 rw-p 00000000 00:00 0 
75f960000000-75f960021000 rw-p 00000000 00:00 0 
75f960021000-75f964000000 ---p 00000000 00:00 0 
75f964000000-75f964021000 rw-p 00000000 00:00 0 
75f964021000-75f968000000 ---p 00000000 00:00 0 
75f968000000-75f968200000 rw-s 00000000 00:01 43                         /dev/zero (deleted)
75f968200000-75f968201000 ---p 00000000 00:00 0 
75f968201000-75f968a01000 rw-p 00000000 00:00 0 
75f968abe000-75f968c00000 rw-p 00000000 00:00 0 
75f968c00000-75f968d38000 r-xp 00000000 103:02 18219110                  /tmp/libJCublas2-12.0.0-linux-x86_64.so
75f968d38000-75f968f38000 ---p 00138000 103:02 18219110                  /tmp/libJCublas2-12.0.0-linux-x86_64.so
75f968f38000-75f968f3d000 r--p 00138000 103:02 18219110                  /tmp/libJCublas2-12.0.0-linux-x86_64.so
75f968f3d000-75f968f3f000 rw-p 0013d000 103:02 18219110                  /tmp/libJCublas2-12.0.0-linux-x86_64.so
75f968f3f000-75f968f41000 rw-p 00000000 00:00 0 
75f968ff4000-75f9692cf000 rw-p 00000000 00:00 0 
75f9692cf000-75f9692d1000 r--p 00000000 103:02 16530942                  /usr/lib/x86_64-linux-gnu/libpcre2-8.so.0.11.2
75f9692d1000-75f96933f000 r-xp 00002000 103:02 16530942                  /usr/lib/x86_64-linux-gnu/libpcre2-8.so.0.11.2
75f96933f000-75f969367000 r--p 00070000 103:02 16530942                  /usr/lib/x86_64-linux-gnu/libpcre2-8.so.0.11.2
75f969367000-75f969368000 r--p 00097000 103:02 16530942                  /usr/lib/x86_64-linux-gnu/libpcre2-8.so.0.11.2
75f969368000-75f969369000 rw-p 00098000 103:02 16530942                  /usr/lib/x86_64-linux-gnu/libpcre2-8.so.0.11.2
75f969369000-75f96936e000 r--p 00000000 103:02 16530960                  /usr/lib/x86_64-linux-gnu/libpng16.so.16.43.0
75f96936e000-75f969396000 r-xp 00005000 103:02 16530960                  /usr/lib/x86_64-linux-gnu/libpng16.so.16.43.0
75f969396000-75f96939f000 r--p 0002d000 103:02 16530960                  /usr/lib/x86_64-linux-gnu/libpng16.so.16.43.0
75f96939f000-75f9693a0000 r--p 00035000 103:02 16530960                  /usr/lib/x86_64-linux-gnu/libpng16.so.16.43.0
75f9693a0000-75f9693a1000 rw-p 00036000 103:02 16530960                  /usr/lib/x86_64-linux-gnu/libpng16.so.16.43.0
75f9693a1000-75f9693bf000 r--p 00000000 103:02 16530649                  /usr/lib/x86_64-linux-gnu/libglib-2.0.so.0.8000.0
75f9693bf000-75f96945f000 r-xp 0001e000 103:02 16530649                  /usr/lib/x86_64-linux-gnu/libglib-2.0.so.0.8000.0
75f96945f000-75f9694e7000 r--p 000be000 103:02 16530649                  /usr/lib/x86_64-linux-gnu/libglib-2.0.so.0.8000.0
75f9694e7000-75f9694e8000 r--p 00146000 103:02 16530649                  /usr/lib/x86_64-linux-gnu/libglib-2.0.so.0.8000.0
75f9694e8000-75f9694e9000 rw-p 00147000 103:02 16530649                  /usr/lib/x86_64-linux-gnu/libglib-2.0.so.0.8000.0
75f9694e9000-75f9694ea000 rw-p 00000000 00:00 0 
75f9694ea000-75f9694f7000 r--p 00000000 103:02 16530615                  /usr/lib/x86_64-linux-gnu/libfreetype.so.6.20.1
75f9694f7000-75f969588000 r-xp 0000d000 103:02 16530615                  /usr/lib/x86_64-linux-gnu/libfreetype.so.6.20.1
75f969588000-75f9695ae000 r--p 0009e000 103:02 16530615                  /usr/lib/x86_64-linux-gnu/libfreetype.so.6.20.1
75f9695ae000-75f9695b5000 r--p 000c4000 103:02 16530615                  /usr/lib/x86_64-linux-gnu/libfreetype.so.6.20.1
75f9695b5000-75f9695b6000 rw-p 000cb000 103:02 16530615                  /usr/lib/x86_64-linux-gnu/libfreetype.so.6.20.1
75f9695b6000-75f9695c1000 r--p 00000000 103:02 16530725                  /usr/lib/x86_64-linux-gnu/libharfbuzz.so.0.60830.0
75f9695c1000-75f96968f000 r-xp 0000b000 103:02 16530725                  /usr/lib/x86_64-linux-gnu/libharfbuzz.so.0.60830.0
75f96968f000-75f9696c1000 r--p 000d9000 103:02 16530725                  /usr/lib/x86_64-linux-gnu/libharfbuzz.so.0.60830.0
75f9696c1000-75f9696c2000 r--p 0010b000 103:02 16530725                  /usr/lib/x86_64-linux-gnu/libharfbuzz.so.0.60830.0
75f9696c2000-75f9696c3000 rw-p 0010c000 103:02 16530725                  /usr/lib/x86_64-linux-gnu/libharfbuzz.so.0.60830.0
75f9696c3000-75f9696c7000 ---p 00000000 00:00 0 
75f9696c7000-75f9697c3000 rw-p 00000000 00:00 0 
75f9697c3000-75f9697dc000 r--p 00000000 103:02 16530316                  /usr/lib/x86_64-linux-gnu/libX11.so.6.4.0
75f9697dc000-75f96986c000 r-xp 00019000 103:02 16530316                  /usr/lib/x86_64-linux-gnu/libX11.so.6.4.0
75f96986c000-75f9698fb000 r--p 000a9000 103:02 16530316                  /usr/lib/x86_64-linux-gnu/libX11.so.6.4.0
75f9698fb000-75f9698fc000 r--p 00138000 103:02 16530316                  /usr/lib/x86_64-linux-gnu/libX11.so.6.4.0
75f9698fc000-75f969900000 rw-p 00139000 103:02 16530316                  /usr/lib/x86_64-linux-gnu/libX11.so.6.4.0
75f969900000-75f969904000 ---p 00000000 00:00 0 
75f969904000-75f969a00000 rw-p 00000000 00:00 0 
75f969a00000-75f969a04000 ---p 00000000 00:00 0 
75f969a04000-75f969b00000 rw-p 00000000 00:00 0 
75f969b00000-75f969b04000 ---p 00000000 00:00 0 
75f969b04000-75f969c00000 rw-p 00000000 00:00 0 
75f969c00000-75f969c04000 ---p 00000000 00:00 0 
75f969c04000-75f969d00000 rw-p 00000000 00:00 0 
75f969d00000-75f969d04000 ---p 00000000 00:00 0 
75f969d04000-75f969e00000 rw-p 00000000 00:00 0 
75f969e00000-75f969e04000 ---p 00000000 00:00 0 
75f969e04000-75f969f00000 rw-p 00000000 00:00 0 
75f969f00000-75f969f04000 ---p 00000000 00:00 0 
75f969f04000-75f96a000000 rw-p 00000000 00:00 0 
75f96a000000-75f96a004000 ---p 00000000 00:00 0 
75f96a004000-75f96a100000 rw-p 00000000 00:00 0 
75f96a100000-75f96a104000 ---p 00000000 00:00 0 
75f96a104000-75f96a200000 rw-p 00000000 00:00 0 
75f96a200000-75f96a204000 ---p 00000000 00:00 0 
75f96a204000-75f96a300000 rw-p 00000000 00:00 0 
75f96a300000-75f96a304000 ---p 00000000 00:00 0 
75f96a304000-75f96a400000 rw-p 00000000 00:00 0 
75f96a400000-75f96a404000 ---p 00000000 00:00 0 
75f96a404000-75f96a500000 rw-p 00000000 00:00 0 
75f96a500000-75f96a504000 ---p 00000000 00:00 0 
75f96a504000-75f96a600000 rw-p 00000000 00:00 0 
75f96a600000-75f96b3ec000 r--p 00000000 103:02 16521112                  /usr/lib/locale/locale-archive
75f96b3f4000-75f96b3f5000 ---p 00000000 00:00 0 
75f96b3f5000-75f96b4f5000 rw-p 00000000 00:00 0 
75f96b4f5000-75f96b4f6000 ---p 00000000 00:00 0 
75f96b4f6000-75f96b5f6000 rw-p 00000000 00:00 0 
75f96b5f6000-75f96b5f7000 ---p 00000000 00:00 0 
75f96b5f7000-75f96b6f7000 rw-p 00000000 00:00 0 
75f96b6f7000-75f96b6f8000 ---p 00000000 00:00 0 
75f96b6f8000-75f96b7f8000 rw-p 00000000 00:00 0 
75f96b7f8000-75f96c021000 rw-p 00000000 00:00 0 
75f96c021000-75f970000000 ---p 00000000 00:00 0 
75f970008000-75f970026000 r--p 00000000 103:02 17172951                  /usr/lib/jvm/java-21-openjdk-amd64/lib/libawt.so
75f970026000-75f9700bd000 r-xp 0001e000 103:02 17172951                  /usr/lib/jvm/java-21-openjdk-amd64/lib/libawt.so
75f9700bd000-75f9700ca000 r--p 000b5000 103:02 17172951                  /usr/lib/jvm/java-21-openjdk-amd64/lib/libawt.so
75f9700ca000-75f9700cb000 r--p 000c1000 103:02 17172951                  /usr/lib/jvm/java-21-openjdk-amd64/lib/libawt.so
75f9700cb000-75f9700d6000 rw-p 000c2000 103:02 17172951                  /usr/lib/jvm/java-21-openjdk-amd64/lib/libawt.so
75f9700d6000-75f972600000 rw-p 00000000 00:00 0 
75f97260b000-75f97260c000 r--p 00000000 103:02 16530467                  /usr/lib/x86_64-linux-gnu/libbrotlicommon.so.1.1.0
75f97260c000-75f97260d000 r-xp 00001000 103:02 16530467                  /usr/lib/x86_64-linux-gnu/libbrotlicommon.so.1.1.0
75f97260d000-75f97262c000 r--p 00002000 103:02 16530467                  /usr/lib/x86_64-linux-gnu/libbrotlicommon.so.1.1.0
75f97262c000-75f97262d000 r--p 00021000 103:02 16530467                  /usr/lib/x86_64-linux-gnu/libbrotlicommon.so.1.1.0
75f97262d000-75f97262e000 rw-p 00022000 103:02 16530467                  /usr/lib/x86_64-linux-gnu/libbrotlicommon.so.1.1.0
75f97262e000-75f972633000 r--p 00000000 103:02 17172968                  /usr/lib/jvm/java-21-openjdk-amd64/lib/libjsvml.so
75f972633000-75f972674000 r-xp 00005000 103:02 17172968                  /usr/lib/jvm/java-21-openjdk-amd64/lib/libjsvml.so
75f972674000-75f9726fd000 r--p 00046000 103:02 17172968                  /usr/lib/jvm/java-21-openjdk-amd64/lib/libjsvml.so
75f9726fd000-75f9726fe000 r--p 000ce000 103:02 17172968                  /usr/lib/jvm/java-21-openjdk-amd64/lib/libjsvml.so
75f9726fe000-75f9726ff000 rw-p 000cf000 103:02 17172968                  /usr/lib/jvm/java-21-openjdk-amd64/lib/libjsvml.so
75f9726ff000-75f972700000 ---p 00000000 00:00 0 
75f972700000-75f972800000 rw-p 00000000 00:00 0 
75f972800000-75f972fb0000 rw-p 00000000 00:00 0 
75f972fb0000-75f97a250000 ---p 00000000 00:00 0 
75f97a250000-75f97a260000 rw-p 00000000 00:00 0 
75f97a275000-75f97a27c000 r--s 00000000 103:02 16532226                  /usr/lib/x86_64-linux-gnu/gconv/gconv-modules.cache
75f97a27c000-75f97a280000 r--p 00000000 103:02 16530777                  /usr/lib/x86_64-linux-gnu/libjpeg.so.8.2.2
75f97a280000-75f97a2cd000 r-xp 00004000 103:02 16530777                  /usr/lib/x86_64-linux-gnu/libjpeg.so.8.2.2
75f97a2cd000-75f97a2fd000 r--p 00051000 103:02 16530777                  /usr/lib/x86_64-linux-gnu/libjpeg.so.8.2.2
75f97a2fd000-75f97a2fe000 r--p 00081000 103:02 16530777                  /usr/lib/x86_64-linux-gnu/libjpeg.so.8.2.2
75f97a2fe000-75f97a2ff000 rw-p 00082000 103:02 16530777                  /usr/lib/x86_64-linux-gnu/libjpeg.so.8.2.2
75f97a2ff000-75f97a300000 ---p 00000000 00:00 0 
75f97a300000-75f97a400000 rw-p 00000000 00:00 0 
75f97a400000-75f97a4f6000 rw-p 00000000 00:00 0 
75f97a4f6000-75f97b34a000 ---p 00000000 00:00 0 
75f97b34a000-75f97b34c000 rw-p 00000000 00:00 0 
75f97b34c000-75f97b350000 r--p 00000000 103:02 17172982                  /usr/lib/jvm/java-21-openjdk-amd64/lib/libverify.so
75f97b350000-75f97b357000 r-xp 00004000 103:02 17172982                  /usr/lib/jvm/java-21-openjdk-amd64/lib/libverify.so
75f97b357000-75f97b359000 r--p 0000b000 103:02 17172982                  /usr/lib/jvm/java-21-openjdk-amd64/lib/libverify.so
75f97b359000-75f97b35b000 r--p 0000c000 103:02 17172982                  /usr/lib/jvm/java-21-openjdk-amd64/lib/libverify.so
75f97b35b000-75f97b35c000 rw-p 0000e000 103:02 17172982                  /usr/lib/jvm/java-21-openjdk-amd64/lib/libverify.so
75f97b35c000-75f97b35d000 r--p 00000000 103:02 16530468                  /usr/lib/x86_64-linux-gnu/libbrotlidec.so.1.1.0
75f97b35d000-75f97b365000 r-xp 00001000 103:02 16530468                  /usr/lib/x86_64-linux-gnu/libbrotlidec.so.1.1.0
75f97b365000-75f97b368000 r--p 00009000 103:02 16530468                  /usr/lib/x86_64-linux-gnu/libbrotlidec.so.1.1.0
75f97b368000-75f97b369000 r--p 0000b000 103:02 16530468                  /usr/lib/x86_64-linux-gnu/libbrotlidec.so.1.1.0
75f97b369000-75f97b36a000 rw-p 0000c000 103:02 16530468                  /usr/lib/x86_64-linux-gnu/libbrotlidec.so.1.1.0
75f97b36a000-75f97b36c000 r--p 00000000 103:02 16530473                  /usr/lib/x86_64-linux-gnu/libbz2.so.1.0.4
75f97b36c000-75f97b37a000 r-xp 00002000 103:02 16530473                  /usr/lib/x86_64-linux-gnu/libbz2.so.1.0.4
75f97b37a000-75f97b37c000 r--p 00010000 103:02 16530473                  /usr/lib/x86_64-linux-gnu/libbz2.so.1.0.4
75f97b37c000-75f97b37d000 r--p 00011000 103:02 16530473                  /usr/lib/x86_64-linux-gnu/libbz2.so.1.0.4
75f97b37d000-75f97b37e000 rw-p 00012000 103:02 16530473                  /usr/lib/x86_64-linux-gnu/libbz2.so.1.0.4
75f97b37e000-75f97b381000 r--p 00000000 103:02 16530678                  /usr/lib/x86_64-linux-gnu/libgraphite2.so.3.2.1
75f97b381000-75f97b39e000 r-xp 00003000 103:02 16530678                  /usr/lib/x86_64-linux-gnu/libgraphite2.so.3.2.1
75f97b39e000-75f97b3a1000 r--p 00020000 103:02 16530678                  /usr/lib/x86_64-linux-gnu/libgraphite2.so.3.2.1
75f97b3a1000-75f97b3a3000 r--p 00022000 103:02 16530678                  /usr/lib/x86_64-linux-gnu/libgraphite2.so.3.2.1
75f97b3a3000-75f97b3a4000 rw-p 00024000 103:02 16530678                  /usr/lib/x86_64-linux-gnu/libgraphite2.so.3.2.1
75f97b3a8000-75f97b3b8000 -w-s 00000000 00:05 1116                       /dev/nvidia0
75f97b3b8000-75f97b3bb000 r--p 00000000 103:02 17172955                  /usr/lib/jvm/java-21-openjdk-amd64/lib/libfontmanager.so
75f97b3bb000-75f97b3c4000 r-xp 00003000 103:02 17172955                  /usr/lib/jvm/java-21-openjdk-amd64/lib/libfontmanager.so
75f97b3c4000-75f97b3c6000 r--p 0000c000 103:02 17172955                  /usr/lib/jvm/java-21-openjdk-amd64/lib/libfontmanager.so
75f97b3c6000-75f97b3c7000 r--p 0000d000 103:02 17172955                  /usr/lib/jvm/java-21-openjdk-amd64/lib/libfontmanager.so
75f97b3c7000-75f97b3c8000 rw-p 0000e000 103:02 17172955                  /usr/lib/jvm/java-21-openjdk-amd64/lib/libfontmanager.so
75f97b3c8000-75f97b3ca000 r--p 00000000 103:02 16530828                  /usr/lib/x86_64-linux-gnu/libmd.so.0.1.0
75f97b3ca000-75f97b3d3000 r-xp 00002000 103:02 16530828                  /usr/lib/x86_64-linux-gnu/libmd.so.0.1.0
75f97b3d3000-75f97b3d5000 r--p 0000b000 103:02 16530828                  /usr/lib/x86_64-linux-gnu/libmd.so.0.1.0
75f97b3d5000-75f97b3d6000 r--p 0000c000 103:02 16530828                  /usr/lib/x86_64-linux-gnu/libmd.so.0.1.0
75f97b3d6000-75f97b3d7000 rw-p 0000d000 103:02 16530828                  /usr/lib/x86_64-linux-gnu/libmd.so.0.1.0
75f97b3d7000-75f97b3e2000 r--p 00000000 103:02 16531187                  /usr/lib/x86_64-linux-gnu/libxcb.so.1.1.0
75f97b3e2000-75f97b3f5000 r-xp 0000b000 103:02 16531187                  /usr/lib/x86_64-linux-gnu/libxcb.so.1.1.0
75f97b3f5000-75f97b3fe000 r--p 0001e000 103:02 16531187                  /usr/lib/x86_64-linux-gnu/libxcb.so.1.1.0
75f97b3fe000-75f97b3ff000 r--p 00026000 103:02 16531187                  /usr/lib/x86_64-linux-gnu/libxcb.so.1.1.0
75f97b3ff000-75f97b400000 rw-p 00027000 103:02 16531187                  /usr/lib/x86_64-linux-gnu/libxcb.so.1.1.0
75f97b400000-75f97b4f6000 rw-p 00000000 00:00 0 
75f97b4f6000-75f97c34a000 ---p 00000000 00:00 0 
75f97c34a000-75f97c34c000 rw-p 00000000 00:00 0 
75f97c34c000-75f97c34d000 r--p 00000000 103:02 16530540                  /usr/lib/x86_64-linux-gnu/libdl.so.2
75f97c34d000-75f97c34e000 r-xp 00001000 103:02 16530540                  /usr/lib/x86_64-linux-gnu/libdl.so.2
75f97c34e000-75f97c34f000 r--p 00002000 103:02 16530540                  /usr/lib/x86_64-linux-gnu/libdl.so.2
75f97c34f000-75f97c350000 r--p 00002000 103:02 16530540                  /usr/lib/x86_64-linux-gnu/libdl.so.2
75f97c350000-75f97c351000 rw-p 00003000 103:02 16530540                  /usr/lib/x86_64-linux-gnu/libdl.so.2
75f97c351000-75f97c355000 r--p 00000000 103:02 16530470                  /usr/lib/x86_64-linux-gnu/libbsd.so.0.12.1
75f97c355000-75f97c361000 r-xp 00004000 103:02 16530470                  /usr/lib/x86_64-linux-gnu/libbsd.so.0.12.1
75f97c361000-75f97c364000 r--p 00010000 103:02 16530470                  /usr/lib/x86_64-linux-gnu/libbsd.so.0.12.1
75f97c364000-75f97c365000 r--p 00012000 103:02 16530470                  /usr/lib/x86_64-linux-gnu/libbsd.so.0.12.1
75f97c365000-75f97c366000 rw-p 00013000 103:02 16530470                  /usr/lib/x86_64-linux-gnu/libbsd.so.0.12.1
75f97c366000-75f97c367000 rw-p 00000000 00:00 0 
75f97c367000-75f97c369000 r--p 00000000 103:02 16530323                  /usr/lib/x86_64-linux-gnu/libXdmcp.so.6.0.0
75f97c369000-75f97c36b000 r-xp 00002000 103:02 16530323                  /usr/lib/x86_64-linux-gnu/libXdmcp.so.6.0.0
75f97c36b000-75f97c36d000 r--p 00004000 103:02 16530323                  /usr/lib/x86_64-linux-gnu/libXdmcp.so.6.0.0
75f97c36d000-75f97c36e000 r--p 00005000 103:02 16530323                  /usr/lib/x86_64-linux-gnu/libXdmcp.so.6.0.0
75f97c36e000-75f97c36f000 rw-p 00006000 103:02 16530323                  /usr/lib/x86_64-linux-gnu/libXdmcp.so.6.0.0
75f97c36f000-75f97c372000 r--p 00000000 103:02 16530328                  /usr/lib/x86_64-linux-gnu/libXi.so.6.1.0
75f97c372000-75f97c37e000 r-xp 00003000 103:02 16530328                  /usr/lib/x86_64-linux-gnu/libXi.so.6.1.0
75f97c37e000-75f97c380000 r--p 0000f000 103:02 16530328                  /usr/lib/x86_64-linux-gnu/libXi.so.6.1.0
75f97c380000-75f97c381000 r--p 00011000 103:02 16530328                  /usr/lib/x86_64-linux-gnu/libXi.so.6.1.0
75f97c381000-75f97c382000 rw-p 00012000 103:02 16530328                  /usr/lib/x86_64-linux-gnu/libXi.so.6.1.0
75f97c382000-75f97c394000 r--p 00000000 103:02 17173114                  /usr/lib/jvm/java-21-openjdk-amd64/lib/libawt_xawt.so
75f97c394000-75f97c3db000 r-xp 00012000 103:02 17173114                  /usr/lib/jvm/java-21-openjdk-amd64/lib/libawt_xawt.so
75f97c3db000-75f97c3f3000 r--p 00059000 103:02 17173114                  /usr/lib/jvm/java-21-openjdk-amd64/lib/libawt_xawt.so
75f97c3f3000-75f97c3f8000 r--p 00070000 103:02 17173114                  /usr/lib/jvm/java-21-openjdk-amd64/lib/libawt_xawt.so
75f97c3f8000-75f97c3fa000 rw-p 00075000 103:02 17173114                  /usr/lib/jvm/java-21-openjdk-amd64/lib/libawt_xawt.so
75f97c3fa000-75f97c3fc000 rw-p 00000000 00:00 0 
75f97c3fc000-75f97c3fd000 ---p 00000000 00:00 0 
75f97c3fd000-75f97c4fd000 rw-p 00000000 00:00 0 
75f97c4fd000-75f97c800000 rw-p 00000000 00:00 0 
75f97c800000-75f97ca70000 rwxp 00000000 00:00 0 
75f97ca70000-75f983c5f000 ---p 00000000 00:00 0 
75f983c5f000-75f983f1f000 rwxp 00000000 00:00 0 
75f983f1f000-75f9843a0000 ---p 00000000 00:00 0 
75f9843a0000-75f984610000 rwxp 00000000 00:00 0 
75f984610000-75f98b800000 ---p 00000000 00:00 0 
75f98b800000-75f993e02000 r--s 00000000 103:02 17172984                  /usr/lib/jvm/java-21-openjdk-amd64/lib/modules
75f993e02000-75f993e03000 r--p 00000000 103:02 16531006                  /usr/lib/x86_64-linux-gnu/librt.so.1
75f993e03000-75f993e04000 r-xp 00001000 103:02 16531006                  /usr/lib/x86_64-linux-gnu/librt.so.1
75f993e04000-75f993e05000 r--p 00002000 103:02 16531006                  /usr/lib/x86_64-linux-gnu/librt.so.1
75f993e05000-75f993e06000 r--p 00002000 103:02 16531006                  /usr/lib/x86_64-linux-gnu/librt.so.1
75f993e06000-75f993e07000 rw-p 00003000 103:02 16531006                  /usr/lib/x86_64-linux-gnu/librt.so.1
75f993e07000-75f993e09000 r--p 00000000 103:02 16530337                  /usr/lib/x86_64-linux-gnu/libXtst.so.6.1.0
75f993e09000-75f993e0c000 r-xp 00002000 103:02 16530337                  /usr/lib/x86_64-linux-gnu/libXtst.so.6.1.0
75f993e0c000-75f993e0d000 r--p 00005000 103:02 16530337                  /usr/lib/x86_64-linux-gnu/libXtst.so.6.1.0
75f993e0d000-75f993e0e000 r--p 00005000 103:02 16530337                  /usr/lib/x86_64-linux-gnu/libXtst.so.6.1.0
75f993e0e000-75f993e0f000 rw-p 00006000 103:02 16530337                  /usr/lib/x86_64-linux-gnu/libXtst.so.6.1.0
75f993e0f000-75f993e13000 r--p 00000000 103:02 16530324                  /usr/lib/x86_64-linux-gnu/libXext.so.6.4.0
75f993e13000-75f993e1e000 r-xp 00004000 103:02 16530324                  /usr/lib/x86_64-linux-gnu/libXext.so.6.4.0
75f993e1e000-75f993e21000 r--p 0000f000 103:02 16530324                  /usr/lib/x86_64-linux-gnu/libXext.so.6.4.0
75f993e21000-75f993e22000 r--p 00011000 103:02 16530324                  /usr/lib/x86_64-linux-gnu/libXext.so.6.4.0
75f993e22000-75f993e23000 rw-p 00012000 103:02 16530324                  /usr/lib/x86_64-linux-gnu/libXext.so.6.4.0
75f993e23000-75f9955bc000 rw-p 00000000 00:00 0 
75f9955bc000-75f998000000 ---p 00000000 00:00 0 
75f998000000-75f998001000 r--p 00000000 103:02 16530978                  /usr/lib/x86_64-linux-gnu/libpthread.so.0
75f998001000-75f998002000 r-xp 00001000 103:02 16530978                  /usr/lib/x86_64-linux-gnu/libpthread.so.0
75f998002000-75f998003000 r--p 00002000 103:02 16530978                  /usr/lib/x86_64-linux-gnu/libpthread.so.0
75f998003000-75f998004000 r--p 00002000 103:02 16530978                  /usr/lib/x86_64-linux-gnu/libpthread.so.0
75f998004000-75f998005000 rw-p 00003000 103:02 16530978                  /usr/lib/x86_64-linux-gnu/libpthread.so.0
75f998005000-75f998007000 r--p 00000000 103:02 16530334                  /usr/lib/x86_64-linux-gnu/libXrender.so.1.3.0
75f998007000-75f99800e000 r-xp 00002000 103:02 16530334                  /usr/lib/x86_64-linux-gnu/libXrender.so.1.3.0
75f99800e000-75f99800f000 r--p 00009000 103:02 16530334                  /usr/lib/x86_64-linux-gnu/libXrender.so.1.3.0
75f99800f000-75f998010000 r--p 00009000 103:02 16530334                  /usr/lib/x86_64-linux-gnu/libXrender.so.1.3.0
75f998010000-75f998011000 rw-p 0000a000 103:02 16530334                  /usr/lib/x86_64-linux-gnu/libXrender.so.1.3.0
75f998014000-75f998015000 r--p 00000000 103:02 16530329                  /usr/lib/x86_64-linux-gnu/libXinerama.so.1.0.0
75f998015000-75f998016000 r-xp 00001000 103:02 16530329                  /usr/lib/x86_64-linux-gnu/libXinerama.so.1.0.0
75f998016000-75f998017000 r--p 00002000 103:02 16530329                  /usr/lib/x86_64-linux-gnu/libXinerama.so.1.0.0
75f998017000-75f998018000 r--p 00002000 103:02 16530329                  /usr/lib/x86_64-linux-gnu/libXinerama.so.1.0.0
75f998018000-75f998019000 rw-p 00003000 103:02 16530329                  /usr/lib/x86_64-linux-gnu/libXinerama.so.1.0.0
75f998019000-75f99801b000 r--p 00000000 103:02 17172962                  /usr/lib/jvm/java-21-openjdk-amd64/lib/libjavajpeg.so
75f99801b000-75f998022000 r-xp 00002000 103:02 17172962                  /usr/lib/jvm/java-21-openjdk-amd64/lib/libjavajpeg.so
75f998022000-75f998023000 r--p 00009000 103:02 17172962                  /usr/lib/jvm/java-21-openjdk-amd64/lib/libjavajpeg.so
75f998023000-75f998024000 r--p 0000a000 103:02 17172962                  /usr/lib/jvm/java-21-openjdk-amd64/lib/libjavajpeg.so
75f998024000-75f998025000 rw-p 0000b000 103:02 17172962                  /usr/lib/jvm/java-21-openjdk-amd64/lib/libjavajpeg.so
75f998025000-75f998933000 rw-p 00000000 00:00 0 
75f998933000-75f998a17000 ---p 00000000 00:00 0 
75f998a17000-75f998a1c000 rw-p 00000000 00:00 0 
75f998a1c000-75f998b00000 ---p 00000000 00:00 0 
75f998b00000-75f998b04000 ---p 00000000 00:00 0 
75f998b04000-75f998c00000 rw-p 00000000 00:00 0 
75f998c00000-75f998c9d000 r--p 00000000 103:02 16543594                  /usr/lib/x86_64-linux-gnu/libstdc++.so.6.0.33
75f998c9d000-75f998de5000 r-xp 0009d000 103:02 16543594                  /usr/lib/x86_64-linux-gnu/libstdc++.so.6.0.33
75f998de5000-75f998e6c000 r--p 001e5000 103:02 16543594                  /usr/lib/x86_64-linux-gnu/libstdc++.so.6.0.33
75f998e6c000-75f998e77000 r--p 0026b000 103:02 16543594                  /usr/lib/x86_64-linux-gnu/libstdc++.so.6.0.33
75f998e77000-75f998e7a000 rw-p 00276000 103:02 16543594                  /usr/lib/x86_64-linux-gnu/libstdc++.so.6.0.33
75f998e7a000-75f998e7e000 rw-p 00000000 00:00 0 
75f998e82000-75f998e89000 r--p 00000000 103:02 17172976                  /usr/lib/jvm/java-21-openjdk-amd64/lib/libnio.so
75f998e89000-75f998e92000 r-xp 00007000 103:02 17172976                  /usr/lib/jvm/java-21-openjdk-amd64/lib/libnio.so
75f998e92000-75f998e96000 r--p 00010000 103:02 17172976                  /usr/lib/jvm/java-21-openjdk-amd64/lib/libnio.so
75f998e96000-75f998e97000 r--p 00014000 103:02 17172976                  /usr/lib/jvm/java-21-openjdk-amd64/lib/libnio.so
75f998e97000-75f998e98000 rw-p 00015000 103:02 17172976                  /usr/lib/jvm/java-21-openjdk-amd64/lib/libnio.so
75f998e98000-75f998f17000 rw-p 00000000 00:00 0 
75f998f17000-75f998f27000 r--p 00000000 103:02 16530817                  /usr/lib/x86_64-linux-gnu/libm.so.6
75f998f27000-75f998fa6000 r-xp 00010000 103:02 16530817                  /usr/lib/x86_64-linux-gnu/libm.so.6
75f998fa6000-75f998ffe000 r--p 0008f000 103:02 16530817                  /usr/lib/x86_64-linux-gnu/libm.so.6
75f998ffe000-75f998fff000 r--p 000e7000 103:02 16530817                  /usr/lib/x86_64-linux-gnu/libm.so.6
75f998fff000-75f999000000 rw-p 000e8000 103:02 16530817                  /usr/lib/x86_64-linux-gnu/libm.so.6
75f999000000-75f999296000 r--p 00000000 103:02 17172990                  /usr/lib/jvm/java-21-openjdk-amd64/lib/server/libjvm.so
75f999296000-75f99a0fe000 r-xp 00296000 103:02 17172990                  /usr/lib/jvm/java-21-openjdk-amd64/lib/server/libjvm.so
75f99a0fe000-75f99a3d1000 r--p 010fe000 103:02 17172990                  /usr/lib/jvm/java-21-openjdk-amd64/lib/server/libjvm.so
75f99a3d1000-75f99a4a1000 r--p 013d0000 103:02 17172990                  /usr/lib/jvm/java-21-openjdk-amd64/lib/server/libjvm.so
75f99a4a1000-75f99a4d1000 rw-p 014a0000 103:02 17172990                  /usr/lib/jvm/java-21-openjdk-amd64/lib/server/libjvm.so
75f99a4d1000-75f99a537000 rw-p 00000000 00:00 0 
75f99a539000-75f99a53b000 r--p 00000000 103:02 17172983                  /usr/lib/jvm/java-21-openjdk-amd64/lib/libzip.so
75f99a53b000-75f99a540000 r-xp 00002000 103:02 17172983                  /usr/lib/jvm/java-21-openjdk-amd64/lib/libzip.so
75f99a540000-75f99a542000 r--p 00007000 103:02 17172983                  /usr/lib/jvm/java-21-openjdk-amd64/lib/libzip.so
75f99a542000-75f99a543000 r--p 00008000 103:02 17172983                  /usr/lib/jvm/java-21-openjdk-amd64/lib/libzip.so
75f99a543000-75f99a544000 rw-p 00009000 103:02 17172983                  /usr/lib/jvm/java-21-openjdk-amd64/lib/libzip.so
75f99a544000-75f99a600000 rw-p 00000000 00:00 0 
75f99a600000-75f99a628000 r--p 00000000 103:02 16530474                  /usr/lib/x86_64-linux-gnu/libc.so.6
75f99a628000-75f99a7b0000 r-xp 00028000 103:02 16530474                  /usr/lib/x86_64-linux-gnu/libc.so.6
75f99a7b0000-75f99a7ff000 r--p 001b0000 103:02 16530474                  /usr/lib/x86_64-linux-gnu/libc.so.6
75f99a7ff000-75f99a803000 r--p 001fe000 103:02 16530474                  /usr/lib/x86_64-linux-gnu/libc.so.6
75f99a803000-75f99a805000 rw-p 00202000 103:02 16530474                  /usr/lib/x86_64-linux-gnu/libc.so.6
75f99a805000-75f99a812000 rw-p 00000000 00:00 0 
75f99a812000-75f99a813000 r--p 00000000 103:02 16530318                  /usr/lib/x86_64-linux-gnu/libXau.so.6.0.0
75f99a813000-75f99a815000 r-xp 00001000 103:02 16530318                  /usr/lib/x86_64-linux-gnu/libXau.so.6.0.0
75f99a815000-75f99a816000 r--p 00003000 103:02 16530318                  /usr/lib/x86_64-linux-gnu/libXau.so.6.0.0
75f99a816000-75f99a817000 r--p 00003000 103:02 16530318                  /usr/lib/x86_64-linux-gnu/libXau.so.6.0.0
75f99a817000-75f99a818000 rw-p 00004000 103:02 16530318                  /usr/lib/x86_64-linux-gnu/libXau.so.6.0.0
75f99a818000-75f99a81b000 r--p 00000000 103:02 17172975                  /usr/lib/jvm/java-21-openjdk-amd64/lib/libnet.so
75f99a81b000-75f99a823000 r-xp 00003000 103:02 17172975                  /usr/lib/jvm/java-21-openjdk-amd64/lib/libnet.so
75f99a823000-75f99a825000 r--p 0000b000 103:02 17172975                  /usr/lib/jvm/java-21-openjdk-amd64/lib/libnet.so
75f99a825000-75f99a826000 r--p 0000c000 103:02 17172975                  /usr/lib/jvm/java-21-openjdk-amd64/lib/libnet.so
75f99a826000-75f99a827000 rw-p 0000d000 103:02 17172975                  /usr/lib/jvm/java-21-openjdk-amd64/lib/libnet.so
75f99a827000-75f99a86b000 rw-p 00000000 00:00 0 
75f99a86b000-75f99a874000 ---p 00000000 00:00 0 
75f99a874000-75f99a881000 r--p 00000000 103:02 17172961                  /usr/lib/jvm/java-21-openjdk-amd64/lib/libjava.so
75f99a881000-75f99a890000 r-xp 0000d000 103:02 17172961                  /usr/lib/jvm/java-21-openjdk-amd64/lib/libjava.so
75f99a890000-75f99a895000 r--p 0001c000 103:02 17172961                  /usr/lib/jvm/java-21-openjdk-amd64/lib/libjava.so
75f99a895000-75f99a896000 r--p 00021000 103:02 17172961                  /usr/lib/jvm/java-21-openjdk-amd64/lib/libjava.so
75f99a896000-75f99a897000 rw-p 00022000 103:02 17172961                  /usr/lib/jvm/java-21-openjdk-amd64/lib/libjava.so
75f99a897000-75f99a898000 rw-p 00000000 00:00 0 
75f99a898000-75f99a89c000 r--p 00000000 103:02 16528598                  /usr/lib/x86_64-linux-gnu/libgcc_s.so.1
75f99a89c000-75f99a8c0000 r-xp 00004000 103:02 16528598                  /usr/lib/x86_64-linux-gnu/libgcc_s.so.1
75f99a8c0000-75f99a8c4000 r--p 00028000 103:02 16528598                  /usr/lib/x86_64-linux-gnu/libgcc_s.so.1
75f99a8c4000-75f99a8c5000 r--p 0002b000 103:02 16528598                  /usr/lib/x86_64-linux-gnu/libgcc_s.so.1
75f99a8c5000-75f99a8c6000 rw-p 0002c000 103:02 16528598                  /usr/lib/x86_64-linux-gnu/libgcc_s.so.1
75f99a8c6000-75f99a8c8000 rw-p 00000000 00:00 0 
75f99a8c8000-75f99a8ca000 r--p 00000000 103:02 17172965                  /usr/lib/jvm/java-21-openjdk-amd64/lib/libjli.so
75f99a8ca000-75f99a8d4000 r-xp 00002000 103:02 17172965                  /usr/lib/jvm/java-21-openjdk-amd64/lib/libjli.so
75f99a8d4000-75f99a8d7000 r--p 0000c000 103:02 17172965                  /usr/lib/jvm/java-21-openjdk-amd64/lib/libjli.so
75f99a8d7000-75f99a8d8000 r--p 0000f000 103:02 17172965                  /usr/lib/jvm/java-21-openjdk-amd64/lib/libjli.so
75f99a8d8000-75f99a8d9000 rw-p 00010000 103:02 17172965                  /usr/lib/jvm/java-21-openjdk-amd64/lib/libjli.so
75f99a8d9000-75f99a8db000 r--p 00000000 103:02 16531205                  /usr/lib/x86_64-linux-gnu/libz.so.1.3
75f99a8db000-75f99a8ed000 r-xp 00002000 103:02 16531205                  /usr/lib/x86_64-linux-gnu/libz.so.1.3
75f99a8ed000-75f99a8f3000 r--p 00014000 103:02 16531205                  /usr/lib/x86_64-linux-gnu/libz.so.1.3
75f99a8f3000-75f99a8f4000 r--p 0001a000 103:02 16531205                  /usr/lib/x86_64-linux-gnu/libz.so.1.3
75f99a8f4000-75f99a8f5000 rw-p 0001b000 103:02 16531205                  /usr/lib/x86_64-linux-gnu/libz.so.1.3
75f99a8f6000-75f99a8fe000 rw-s 00000000 103:02 18219148                  /tmp/hsperfdata_dov/6560
75f99a8fe000-75f99a8ff000 ---p 00000000 00:00 0 
75f99a8ff000-75f99a900000 r--p 00000000 00:00 0 
75f99a900000-75f99a901000 ---p 00000000 00:00 0 
75f99a901000-75f99a903000 r--p 00000000 103:02 17172964                  /usr/lib/jvm/java-21-openjdk-amd64/lib/libjimage.so
75f99a903000-75f99a906000 r-xp 00002000 103:02 17172964                  /usr/lib/jvm/java-21-openjdk-amd64/lib/libjimage.so
75f99a906000-75f99a907000 r--p 00005000 103:02 17172964                  /usr/lib/jvm/java-21-openjdk-amd64/lib/libjimage.so
75f99a907000-75f99a908000 r--p 00006000 103:02 17172964                  /usr/lib/jvm/java-21-openjdk-amd64/lib/libjimage.so
75f99a908000-75f99a909000 rw-p 00007000 103:02 17172964                  /usr/lib/jvm/java-21-openjdk-amd64/lib/libjimage.so
75f99a909000-75f99a90b000 rw-p 00000000 00:00 0 
75f99a90b000-75f99a90c000 r--p 00000000 103:02 16530286                  /usr/lib/x86_64-linux-gnu/ld-linux-x86-64.so.2
75f99a90c000-75f99a937000 r-xp 00001000 103:02 16530286                  /usr/lib/x86_64-linux-gnu/ld-linux-x86-64.so.2
75f99a937000-75f99a941000 r--p 0002c000 103:02 16530286                  /usr/lib/x86_64-linux-gnu/ld-linux-x86-64.so.2
75f99a941000-75f99a943000 r--p 00036000 103:02 16530286                  /usr/lib/x86_64-linux-gnu/ld-linux-x86-64.so.2
75f99a943000-75f99a945000 rw-p 00038000 103:02 16530286                  /usr/lib/x86_64-linux-gnu/ld-linux-x86-64.so.2
7fff52f0a000-7fff52f2b000 rw-p 00000000 00:00 0                          [stack]
7fff52f9b000-7fff52f9f000 r--p 00000000 00:00 0                          [vvar]
7fff52f9f000-7fff52fa1000 r-xp 00000000 00:00 0                          [vdso]
ffffffffff600000-ffffffffff601000 --xp 00000000 00:00 0                  [vsyscall]
Total number of mappings: 463


VM Arguments:
jvm_args: -Dfile.encoding=UTF-8 --module-path=/home/dov/projects/NeighborhoodPIG/build/classes 
java_command: main.NeighborhoodPIG
java_class_path (initial): /home/dov/projects/Libraries/commons-math3/commons-math3-3.6.1-javadoc.jar:/home/dov/projects/Libraries/commons-math3/commons-math3-3.6.1-sources.jar:/home/dov/projects/Libraries/commons-math3/commons-math3-3.6.1-test-sources.jar:/home/dov/projects/Libraries/commons-math3/commons-math3-3.6.1-tests.jar:/home/dov/projects/Libraries/commons-math3/commons-math3-3.6.1-tools.jar:/home/dov/projects/Libraries/commons-math3/commons-math3-3.6.1.jar:/home/dov/projects/JCudaWrapper/jcuda12/jcublas-12.0.0.jar:/home/dov/projects/JCudaWrapper/jcuda12/jcublas-natives-12.0.0-linux-x86_64.jar:/home/dov/projects/JCudaWrapper/jcuda12/jcuda-12.0.0.jar:/home/dov/projects/JCudaWrapper/jcuda12/jcuda-natives-12.0.0-linux-x86_64.jar:/home/dov/projects/JCudaWrapper/jcuda12/jcudnn-12.0.0.jar:/home/dov/projects/JCudaWrapper/jcuda12/jcudnn-natives-12.0.0-linux-x86_64.jar:/home/dov/projects/JCudaWrapper/jcuda12/jcufft-12.0.0.jar:/home/dov/projects/JCudaWrapper/jcuda12/jcufft-natives-12.0.0-linux-x86_64.jar:/home/dov/projects/JCudaWrapper/jcuda12/jcurand-12.0.0.jar:/home/dov/projects/JCudaWrapper/jcuda12/jcurand-natives-12.0.0-linux-x86_64.jar:/home/dov/projects/JCudaWrapper/jcuda12/jcusolver-12.0.0.jar:/home/dov/projects/JCudaWrapper/jcuda12/jcusolver-natives-12.0.0-linux-x86_64.jar:/home/dov/projects/JCudaWrapper/jcuda12/jcusparse-12.0.0.jar:/home/dov/projects/JCudaWrapper/jcuda12/jcusparse-natives-12.0.0-linux-x86_64.jar:/home/dov/projects/NeighborhoodPIG/build/classes
Launcher Type: SUN_STANDARD

[Global flags]
     intx CICompilerCount                          = 12                                        {product} {ergonomic}
     uint ConcGCThreads                            = 3                                         {product} {ergonomic}
     uint G1ConcRefinementThreads                  = 13                                        {product} {ergonomic}
   size_t G1HeapRegionSize                         = 4194304                                   {product} {ergonomic}
    uintx GCDrainStackTargetSize                   = 64                                        {product} {ergonomic}
   size_t InitialHeapSize                          = 515899392                                 {product} {ergonomic}
   size_t MarkStackSize                            = 4194304                                   {product} {ergonomic}
   size_t MaxHeapSize                              = 8212447232                                {product} {ergonomic}
   size_t MaxNewSize                               = 4924112896                                {product} {ergonomic}
   size_t MinHeapDeltaBytes                        = 4194304                                   {product} {ergonomic}
   size_t MinHeapSize                              = 8388608                                   {product} {ergonomic}
    uintx NonNMethodCodeHeapSize                   = 7602480                                {pd product} {ergonomic}
    uintx NonProfiledCodeHeapSize                  = 122027880                              {pd product} {ergonomic}
    uintx ProfiledCodeHeapSize                     = 122027880                              {pd product} {ergonomic}
    uintx ReservedCodeCacheSize                    = 251658240                              {pd product} {ergonomic}
     bool SegmentedCodeCache                       = true                                      {product} {ergonomic}
   size_t SoftMaxHeapSize                          = 8212447232                             {manageable} {ergonomic}
     bool UseCompressedOops                        = true                           {product lp64_product} {ergonomic}
     bool UseG1GC                                  = true                                      {product} {ergonomic}

Logging:
Log output configuration:
 #0: stdout all=warning uptime,level,tags foldmultilines=false
 #1: stderr all=off uptime,level,tags foldmultilines=false

Environment Variables:
PATH=/usr/local/sbin:/usr/local/bin:/usr/sbin:/usr/bin:/sbin:/bin:/usr/games:/usr/local/games:/snap/bin:/snap/bin
USERNAME=dov
SHELL=/bin/bash
DISPLAY=:1
LANG=en_US.UTF-8

Active Locale:
LC_ALL=en_US.UTF-8
LC_COLLATE=en_US.UTF-8
LC_CTYPE=en_US.UTF-8
LC_MESSAGES=en_US.UTF-8
LC_MONETARY=en_US.UTF-8
LC_NUMERIC=en_US.UTF-8
LC_TIME=en_US.UTF-8

Signal Handlers:
   SIGSEGV: crash_handler in libjvm.so, mask=11100100010111111101111111111110, flags=SA_RESTART|SA_SIGINFO, unblocked
    SIGBUS: crash_handler in libjvm.so, mask=11100100010111111101111111111110, flags=SA_RESTART|SA_SIGINFO, unblocked
    SIGFPE: crash_handler in libjvm.so, mask=11100100010111111101111111111110, flags=SA_RESTART|SA_SIGINFO, unblocked
   SIGPIPE: javaSignalHandler in libjvm.so, mask=11100100010111111101111111111110, flags=SA_RESTART|SA_SIGINFO, blocked
   SIGXFSZ: javaSignalHandler in libjvm.so, mask=11100100010111111101111111111110, flags=SA_RESTART|SA_SIGINFO, blocked
    SIGILL: crash_handler in libjvm.so, mask=11100100010111111101111111111110, flags=SA_RESTART|SA_SIGINFO, unblocked
   SIGUSR2: SR_handler in libjvm.so, mask=00000000000000000000000000000000, flags=SA_RESTART|SA_SIGINFO, blocked
    SIGHUP: UserHandler in libjvm.so, mask=11100100010111111101111111111110, flags=SA_RESTART|SA_SIGINFO, blocked
    SIGINT: SIG_IGN, mask=00000000000000000000000000000000, flags=none, blocked
   SIGTERM: UserHandler in libjvm.so, mask=11100100010111111101111111111110, flags=SA_RESTART|SA_SIGINFO, blocked
   SIGQUIT: UserHandler in libjvm.so, mask=11100100010111111101111111111110, flags=SA_RESTART|SA_SIGINFO, blocked
   SIGTRAP: crash_handler in libjvm.so, mask=11100100010111111101111111111110, flags=SA_RESTART|SA_SIGINFO, unblocked


Periodic native trim disabled

---------------  S Y S T E M  ---------------

OS:
DISTRIB_ID=Ubuntu
DISTRIB_RELEASE=24.04
DISTRIB_CODENAME=noble
DISTRIB_DESCRIPTION="Ubuntu 24.04.1 LTS"
uname: Linux 6.8.0-47-generic #47-Ubuntu SMP PREEMPT_DYNAMIC Fri Sep 27 21:40:26 UTC 2024 x86_64
OS uptime: 0 days 0:21 hours
libc: glibc 2.39 NPTL 2.39 
rlimit (soft/hard): STACK 8192k/infinity , CORE 0k/infinity , NPROC 125013/125013 , NOFILE 1048576/1048576 , AS infinity/infinity , CPU infinity/infinity , DATA infinity/infinity , FSIZE infinity/infinity , MEMLOCK 4009332k/4009332k
load average: 0.41 0.77 0.75

/proc/meminfo:
MemTotal:       32074660 kB
MemFree:        25181280 kB
MemAvailable:   26950900 kB
Buffers:           99436 kB
Cached:          2078752 kB
SwapCached:            0 kB
Active:          4647444 kB
Inactive:         923616 kB
Active(anon):    3481396 kB
Inactive(anon):        0 kB
Active(file):    1166048 kB
Inactive(file):   923616 kB
Unevictable:          32 kB
Mlocked:              32 kB
SwapTotal:       8388604 kB
SwapFree:        8388604 kB
Zswap:                 0 kB
Zswapped:              0 kB
Dirty:             13620 kB
Writeback:             0 kB
AnonPages:       3392872 kB
Mapped:           845284 kB
Shmem:             88524 kB
KReclaimable:      89844 kB
Slab:             355884 kB
SReclaimable:      89844 kB
SUnreclaim:       266040 kB
KernelStack:       21248 kB
PageTables:        50556 kB
SecPageTables:         0 kB
NFS_Unstable:          0 kB
Bounce:                0 kB
WritebackTmp:          0 kB
CommitLimit:    24425932 kB
Committed_AS:   24137384 kB
VmallocTotal:   34359738367 kB
VmallocUsed:      163008 kB
VmallocChunk:          0 kB
Percpu:            17408 kB
HardwareCorrupted:     0 kB
AnonHugePages:         0 kB
ShmemHugePages:        0 kB
ShmemPmdMapped:        0 kB
FileHugePages:         0 kB
FilePmdMapped:         0 kB
Unaccepted:            0 kB
HugePages_Total:       0
HugePages_Free:        0
HugePages_Rsvd:        0
HugePages_Surp:        0
Hugepagesize:       2048 kB
Hugetlb:               0 kB
DirectMap4k:     1096168 kB
DirectMap2M:    13836288 kB
DirectMap1G:    18874368 kB

/sys/kernel/mm/transparent_hugepage/enabled: always [madvise] never
/sys/kernel/mm/transparent_hugepage/hpage_pmd_size: 2097152
/sys/kernel/mm/transparent_hugepage/defrag (defrag/compaction efforts parameter): always defer defer+madvise [madvise] never

Process Memory:
Virtual Size: 17093400K (peak: 17123208K)
Resident Set Size: 284788K (peak: 284788K) (anon: 125020K, file: 151576K, shmem: 8192K)
Swapped out: 0K
C-Heap outstanding allocations: 64758K, retained: 3337K
glibc malloc tunables: (default)

/proc/sys/kernel/threads-max (system-wide limit on the number of threads): 250026
/proc/sys/vm/max_map_count (maximum number of memory map areas a process may have): 1048576
/proc/sys/vm/swappiness (control to define how aggressively the kernel swaps out anonymous memory): 60
/proc/sys/kernel/pid_max (system-wide limit on number of process identifiers): 4194304

container (cgroup) information:
container_type: cgroupv2
cpu_cpuset_cpus: not supported
cpu_memory_nodes: not supported
active_processor_count: 16
cpu_quota: not supported
cpu_period: not supported
cpu_shares: not supported
memory_limit_in_bytes: unlimited
memory_and_swap_limit_in_bytes: unlimited
memory_soft_limit_in_bytes: unlimited
memory_usage_in_bytes: 1778060 k
memory_max_usage_in_bytes: not supported
memory_swap_current_in_bytes: unlimited
memory_swap_max_limit_in_bytes: unlimited
maximum number of tasks: 37503
current number of tasks: 93

Steal ticks since vm start: 0
Steal ticks percentage since vm start:  0.000

CPU: total 16 (initial active 16) (16 cores per cpu, 2 threads per core) family 25 model 68 stepping 1 microcode 0xa404101, cx8, cmov, fxsr, ht, mmx, 3dnowpref, sse, sse2, sse3, ssse3, sse4a, sse4.1, sse4.2, popcnt, lzcnt, tsc, tscinvbit, avx, avx2, aes, clmul, bmi1, bmi2, adx, sha, fma, vzeroupper, clflush, clflushopt, rdtscp, rdpid, f16c, pku, ospke, cet_ss
CPU Model and flags from /proc/cpuinfo:
model name	: AMD Ryzen 9 6900HS with Radeon Graphics
flags		: fpu vme de pse tsc msr pae mce cx8 apic sep mtrr pge mca cmov pat pse36 clflush mmx fxsr sse sse2 ht syscall nx mmxext fxsr_opt pdpe1gb rdtscp lm constant_tsc rep_good nopl nonstop_tsc cpuid extd_apicid aperfmperf rapl pni pclmulqdq monitor ssse3 fma cx16 sse4_1 sse4_2 x2apic movbe popcnt aes xsave avx f16c rdrand lahf_lm cmp_legacy svm extapic cr8_legacy abm sse4a misalignsse 3dnowprefetch osvw ibs skinit wdt tce topoext perfctr_core perfctr_nb bpext perfctr_llc mwaitx cpb cat_l3 cdp_l3 hw_pstate ssbd mba ibrs ibpb stibp vmmcall fsgsbase bmi1 avx2 smep bmi2 invpcid cqm rdt_a rdseed adx smap clflushopt clwb sha_ni xsaveopt xsavec xgetbv1 xsaves cqm_llc cqm_occup_llc cqm_mbm_total cqm_mbm_local user_shstk clzero irperf xsaveerptr rdpru wbnoinvd cppc arat npt lbrv svm_lock nrip_save tsc_scale vmcb_clean flushbyasid decodeassists pausefilter pfthreshold avic v_vmsave_vmload vgif v_spec_ctrl umip pku ospke vaes vpclmulqdq rdpid overflow_recov succor smca debug_swap

Online cpus: 0-15
Offline cpus: 
BIOS frequency limitation: <Not Available>
Frequency switch latency (ns): 0
Available cpu frequencies: <Not Available>
Current governor: powersave
Core performance/turbo boost: <Not Available>

Memory: 4k page, physical 32074660k(26950900k free), swap 8388604k(8388604k free)
Page Sizes: 4k

vm_info: OpenJDK 64-Bit Server VM (21.0.4+7-Ubuntu-1ubuntu224.04) for linux-amd64 JRE (21.0.4+7-Ubuntu-1ubuntu224.04), built on 2024-07-23T01:34:52Z by "buildd" with gcc 13.2.0

END.
