#
# A fatal error has been detected by the Java Runtime Environment:
#
#  SIGSEGV (0xb) at pc=0x00007cd91504b06e, pid=5589, tid=5593
#
# JRE version: OpenJDK Runtime Environment (21.0.4+7) (build 21.0.4+7-Ubuntu-1ubuntu224.04)
# Java VM: OpenJDK 64-Bit Server VM (21.0.4+7-Ubuntu-1ubuntu224.04, mixed mode, sharing, tiered, compressed oops, compressed class ptrs, g1 gc, linux-amd64)
# Problematic frame:
# C  [libcuda.so.1+0x24b06e]
#
# Core dump will be written. Default location: Core dumps may be processed with "/usr/share/apport/apport -p%p -s%s -c%c -d%d -P%P -u%u -g%g -- %E" (or dumping to /home/dov/projects/NeighborhoodPIG/core.5589)
#
# If you would like to submit a bug report, please visit:
#   https://bugs.launchpad.net/ubuntu/+source/openjdk-21
# The crash happened outside the Java Virtual Machine in native code.
# See problematic frame for where to report the bug.
#

---------------  S U M M A R Y ------------

Command Line: -Dfile.encoding=UTF-8 --module-path=/home/dov/projects/NeighborhoodPIG/build/classes main.NeighborhoodPIG

Host: AMD Ryzen 9 6900HS with Radeon Graphics, 16 cores, 30G, Ubuntu 24.04.1 LTS
Time: Tue Oct 29 11:50:20 2024 IST elapsed time: 0.372039 seconds (0d 0h 0m 0s)

---------------  T H R E A D  ---------------

Current thread (0x00007cd94001a060):  JavaThread "main"             [_thread_in_native, id=5593, stack(0x00007cd946900000,0x00007cd946a00000) (1024K)]

Stack: [0x00007cd946900000,0x00007cd946a00000],  sp=0x00007cd9469fdd00,  free space=1015k
Native frames: (J=compiled Java code, j=interpreted, Vv=VM code, C=native code)
C  [libcuda.so.1+0x24b06e]
C  [libcuda.so.1+0x24b5f8]
C  [libcuda.so.1+0x4be099]
C  [libcuda.so.1+0x142719]
C  [libcuda.so.1+0x2ec1d1]
Java frames: (J=compiled Java code, j=interpreted, Vv=VM code)
j  jcuda.runtime.JCuda.cudaMemcpyAsyncNative(Ljcuda/Pointer;Ljcuda/Pointer;JILjcuda/runtime/cudaStream_t;)I+0
j  jcuda.runtime.JCuda.cudaMemcpyAsync(Ljcuda/Pointer;Ljcuda/Pointer;JILjcuda/runtime/cudaStream_t;)I+7
j  JCudaWrapper.array.Array.get(LJCudaWrapper/resourceManagement/Handle;Ljcuda/Pointer;III)V+73
j  JCudaWrapper.array.DArray.get(LJCudaWrapper/resourceManagement/Handle;[DIII)V+22
j  JCudaWrapper.array.DArray.get(LJCudaWrapper/resourceManagement/Handle;II)[D+12
j  JCudaWrapper.array.DArray.get(LJCudaWrapper/resourceManagement/Handle;)[D+7
j  JCudaWrapper.array.DSingleton.getVal(LJCudaWrapper/resourceManagement/Handle;)D+2
j  JCudaWrapper.algebra.Matrix.getEntry(II)D+17
j  JCudaWrapper.algebra.Matrix.toString()Ljava/lang/String;+46
j  java.lang.String.valueOf(Ljava/lang/Object;)Ljava/lang/String;+11 java.base@21.0.4
j  main.NeighborhoodPIG.<init>(Ljava/lang/String;I)V+14
j  main.NeighborhoodPIG.main([Ljava/lang/String;)V+7
v  ~StubRoutines::call_stub 0x00007cd92fc5fcc6

siginfo: si_signo: 11 (SIGSEGV), si_code: 2 (SEGV_ACCERR), si_addr: 0x00000007cd9407a9

Registers:
RAX=0x00007cd94064f690, RBX=0x00007cd9469fdde8, RCX=0x0000000000000002, RDX=0x00007cd9403c1b50
RSP=0x00007cd9469fdd00, RBP=0x00007cd9469fdd60, RSI=0x0000000000000000, RDI=0x00007cd9406791b0
R8 =0x00007cd9469fdd98, R9 =0x0000000000000001, R10=0x00007cd9403c1b50, R11=0x00000007cd9403c1
R12=0x00007cd9469fdd98, R13=0x00007cd9406791b0, R14=0x0000000000000002, R15=0x0000000000000001
RIP=0x00007cd91504b06e, EFLAGS=0x0000000000010202, CSGSFS=0x002b000000000033, ERR=0x0000000000000004
  TRAPNO=0x000000000000000e


Register to memory mapping:

RAX=0x00007cd94064f690 points into unknown readable memory: 0x0000000100000000 | 00 00 00 00 01 00 00 00
RBX=0x00007cd9469fdde8 is pointing into the stack for thread: 0x00007cd94001a060
RCX=0x0000000000000002 is an unknown value
RDX=0x00007cd9403c1b50 points into unknown readable memory: 0x00007cd9403b3640 | 40 36 3b 40 d9 7c 00 00
RSP=0x00007cd9469fdd00 is pointing into the stack for thread: 0x00007cd94001a060
RBP=0x00007cd9469fdd60 is pointing into the stack for thread: 0x00007cd94001a060
RSI=0x0 is null
RDI=0x00007cd9406791b0 points into unknown readable memory: 0x00007cd940657550 | 50 75 65 40 d9 7c 00 00
R8 =0x00007cd9469fdd98 is pointing into the stack for thread: 0x00007cd94001a060
R9 =0x0000000000000001 is an unknown value
R10=0x00007cd9403c1b50 points into unknown readable memory: 0x00007cd9403b3640 | 40 36 3b 40 d9 7c 00 00
R11=0x00000007cd9403c1 is an unallocated location in the heap
R12=0x00007cd9469fdd98 is pointing into the stack for thread: 0x00007cd94001a060
R13=0x00007cd9406791b0 points into unknown readable memory: 0x00007cd940657550 | 50 75 65 40 d9 7c 00 00
R14=0x0000000000000002 is an unknown value
R15=0x0000000000000001 is an unknown value

Top of Stack: (sp=0x00007cd9469fdd00)
0x00007cd9469fdd00:   0000000000000000 0000000000000000
0x00007cd9469fdd10:   0000000000000000 0000000000000000
0x00007cd9469fdd20:   0000000000000000 0000000000000000
0x00007cd9469fdd30:   0000000000000000 00007cd9469fdde8
0x00007cd9469fdd40:   0000000000000001 00007cd9469fdf20
0x00007cd9469fdd50:   0000000000000002 0000000000000001
0x00007cd9469fdd60:   00007cd9469fddd0 00007cd91504b5f8
0x00007cd9469fdd70:   0000000000000000 0000000000000000
0x00007cd9469fdd80:   0000000000000000 0000000000000000
0x00007cd9469fdd90:   0000000000000000 0000000000000000
0x00007cd9469fdda0:   0000000000000000 00007cd9469fdf10
0x00007cd9469fddb0:   00007cd9403c1b50 00007cd9469fde38
0x00007cd9469fddc0:   0000000000000002 0000000000000001
0x00007cd9469fddd0:   00007cd9469fde20 00007cd9152be099
0x00007cd9469fdde0:   00007cd9406791b0 0000000000000000
0x00007cd9469fddf0:   0000000000000000 0000000000000008
0x00007cd9469fde00:   00007cd7f6000000 0000000634629378
0x00007cd9469fde10:   00007cd9469fdf10 00007cd9403c1b50
0x00007cd9469fde20:   00007cd9469fe130 00007cd914f42719
0x00007cd9469fde30:   0000000000000000 0000000000000000
0x00007cd9469fde40:   0000000000000000 0000000000000000
0x00007cd9469fde50:   0000000000000000 0000000000000000
0x00007cd9469fde60:   0000000000000000 0000000000000000
0x00007cd9469fde70:   00007cd9469fde70 00007cd8b430dbe8
0x00007cd9469fde80:   0000000000000002 00007cd8b433cb20
0x00007cd9469fde90:   0000000000000000 0000000634489d78
0x00007cd9469fdea0:   00007cd8b430dc28 0000000000000000
0x00007cd9469fdeb0:   00007cd9469fdec8 00007cd9469fdf18
0x00007cd9469fdec0:   00007cd92fc672f2 0000000634629468
0x00007cd9469fded0:   00007cd9469fded0 00007cd8b430ed99
0x00007cd9469fdee0:   0000000000000002 00007cd8b433cb20
0x00007cd9469fdef0:   0000000000000000 0000000634489d78 

Instructions: (pc=0x00007cd91504b06e)
0x00007cd91504af6e:   f6 c2 10 75 ba 83 e2 08 b8 8a 03 00 00 75 da 48
0x00007cd91504af7e:   8b 59 08 4c 8d 63 08 4c 89 e7 e8 23 3a e9 ff 48
0x00007cd91504af8e:   8b 5b 38 48 85 db 74 2d 66 2e 0f 1f 84 00 00 00
0x00007cd91504af9e:   00 00 48 8b bb e8 03 00 00 48 85 ff 74 0b f6 43
0x00007cd91504afae:   50 04 74 05 e8 c9 9a 29 00 48 8b 9b 58 01 00 00
0x00007cd91504afbe:   48 85 db 75 dd 4c 89 e7 e8 15 35 e9 ff b8 8a 03
0x00007cd91504afce:   00 00 eb 85 66 0f 1f 44 00 00 83 f8 02 ba 91 01
0x00007cd91504afde:   00 00 b8 00 00 00 00 5b 0f 44 c2 41 5c 5d c3 0f
0x00007cd91504afee:   1f 00 e8 8b 9a 29 00 b8 84 03 00 00 e9 58 ff ff
0x00007cd91504affe:   ff 90 55 48 89 e5 41 57 41 56 41 55 49 89 fd 41
0x00007cd91504b00e:   54 4d 89 c4 53 48 83 ec 38 49 c7 00 00 00 00 00
0x00007cd91504b01e:   48 85 f6 0f 84 b9 00 00 00 44 8b 0e 41 ba 00 00
0x00007cd91504b02e:   00 00 48 89 f3 45 85 c9 4c 0f 45 d6 48 83 fa 02
0x00007cd91504b03e:   77 20 48 85 d2 74 5b 48 83 fa 02 0f 85 81 00 00
0x00007cd91504b04e:   00 4d 85 d2 0f 84 a8 00 00 00 41 b8 90 01 00 00
0x00007cd91504b05e:   eb 28 4c 8b 1a 4d 85 db 74 f0 49 39 5b 10 75 ea
0x00007cd91504b06e:   49 83 bb e8 03 00 00 00 75 09 4d 85 ed 0f 85 57
0x00007cd91504b07e:   01 00 00 4d 89 1c 24 45 31 c0 48 8d 65 d8 44 89
0x00007cd91504b08e:   c0 5b 41 5c 41 5d 41 5e 41 5f 5d c3 66 0f 1f 44
0x00007cd91504b09e:   00 00 83 f9 02 0f 84 27 02 00 00 83 f9 03 0f 84
0x00007cd91504b0ae:   06 02 00 00 83 f9 01 0f 84 e5 01 00 00 0f b6 05
0x00007cd91504b0be:   66 ac 91 01 c0 e8 03 83 e0 01 84 c0 0f 85 7f ff
0x00007cd91504b0ce:   ff ff 4d 85 d2 0f 84 ef 00 00 00 4d 8b 5a 68 eb
0x00007cd91504b0de:   84 90 48 83 fa 02 0f 86 6e ff ff ff 4c 8b 1a 4d
0x00007cd91504b0ee:   85 db 0f 85 78 ff ff ff e9 5d ff ff ff 0f 1f 44
0x00007cd91504b0fe:   00 00 4d 8b 5d 18 4d 85 db 74 0d 8b 43 38 41 39
0x00007cd91504b10e:   45 20 0f 84 9f 00 00 00 4c 8d b3 a0 03 00 00 4c
0x00007cd91504b11e:   89 55 a8 4d 8b 7d 10 4c 89 f7 e8 83 38 e9 ff 4c
0x00007cd91504b12e:   8b 9b c8 03 00 00 45 31 c0 4c 89 fe 4c 89 c2 41
0x00007cd91504b13e:   8b 3b 4c 89 5d b0 89 7d b8 e8 14 72 0d 00 4c 8b
0x00007cd91504b14e:   5d b0 48 83 ec 08 8b 7d b8 45 31 c0 41 89 c1 4c
0x00007cd91504b15e:   89 f9 49 8b 53 10 41 8b 73 0c 6a 00 e8 21 ee 2a 


Stack slot to memory mapping:

stack at sp + 0 slots: 0x0 is null
stack at sp + 1 slots: 0x0 is null
stack at sp + 2 slots: 0x0 is null
stack at sp + 3 slots: 0x0 is null
stack at sp + 4 slots: 0x0 is null
stack at sp + 5 slots: 0x0 is null
stack at sp + 6 slots: 0x0 is null
stack at sp + 7 slots: 0x00007cd9469fdde8 is pointing into the stack for thread: 0x00007cd94001a060


---------------  P R O C E S S  ---------------

Threads class SMR info:
_java_thread_list=0x00007cd941580af0, length=14, elements={
0x00007cd94001a060, 0x00007cd940138d50, 0x00007cd94013a3e0, 0x00007cd94013beb0,
0x00007cd94013d500, 0x00007cd94013eab0, 0x00007cd940140680, 0x00007cd940141d50,
0x00007cd940160ea0, 0x00007cd884066700, 0x00007cd884067e70, 0x00007cd94019c920,
0x00007cd9402a9e70, 0x00007cd941581470
}

Java Threads: ( => current thread )
=>0x00007cd94001a060 JavaThread "main"                              [_thread_in_native, id=5593, stack(0x00007cd946900000,0x00007cd946a00000) (1024K)]
  0x00007cd940138d50 JavaThread "Reference Handler"          daemon [_thread_blocked, id=5601, stack(0x00007cd91d1f7000,0x00007cd91d2f7000) (1024K)]
  0x00007cd94013a3e0 JavaThread "Finalizer"                  daemon [_thread_blocked, id=5602, stack(0x00007cd91c300000,0x00007cd91c400000) (1024K)]
  0x00007cd94013beb0 JavaThread "Signal Dispatcher"          daemon [_thread_blocked, id=5603, stack(0x00007cd91c200000,0x00007cd91c300000) (1024K)]
  0x00007cd94013d500 JavaThread "Service Thread"             daemon [_thread_blocked, id=5604, stack(0x00007cd91c100000,0x00007cd91c200000) (1024K)]
  0x00007cd94013eab0 JavaThread "Monitor Deflation Thread"   daemon [_thread_blocked, id=5605, stack(0x00007cd91c000000,0x00007cd91c100000) (1024K)]
  0x00007cd940140680 JavaThread "C2 CompilerThread0"         daemon [_thread_blocked, id=5606, stack(0x00007cd917f00000,0x00007cd918000000) (1024K)]
  0x00007cd940141d50 JavaThread "C1 CompilerThread0"         daemon [_thread_blocked, id=5607, stack(0x00007cd917e00000,0x00007cd917f00000) (1024K)]
  0x00007cd940160ea0 JavaThread "Common-Cleaner"             daemon [_thread_blocked, id=5608, stack(0x00007cd917d00000,0x00007cd917e00000) (1024K)]
  0x00007cd884066700 JavaThread "C1 CompilerThread1"         daemon [_thread_blocked, id=5609, stack(0x00007cd917c00000,0x00007cd917d00000) (1024K)]
  0x00007cd884067e70 JavaThread "C1 CompilerThread2"         daemon [_thread_blocked, id=5610, stack(0x00007cd917b00000,0x00007cd917c00000) (1024K)]
  0x00007cd94019c920 JavaThread "Notification Thread"        daemon [_thread_blocked, id=5611, stack(0x00007cd917a00000,0x00007cd917b00000) (1024K)]
  0x00007cd9402a9e70 JavaThread "Java2D Disposer"            daemon [_thread_blocked, id=5614, stack(0x00007cd9174d0000,0x00007cd9175d0000) (1024K)]
  0x00007cd941581470 JavaThread "pool-1-thread-1"            daemon [_thread_blocked, id=5621, stack(0x00007cd917900000,0x00007cd917a00000) (1024K)]
Total: 14

Other Threads:
  0x00007cd94012ba00 VMThread "VM Thread"                           [id=5600, stack(0x00007cd91d2f8000,0x00007cd91d3f8000) (1024K)]
  0x00007cd940111250 WatcherThread "VM Periodic Task Thread"        [id=5599, stack(0x00007cd91d3f9000,0x00007cd91d4f9000) (1024K)]
  0x00007cd940045400 WorkerThread "GC Thread#0"                     [id=5594, stack(0x00007cd944900000,0x00007cd944a00000) (1024K)]
  0x00007cd940055f00 ConcurrentGCThread "G1 Main Marker"            [id=5595, stack(0x00007cd9447ff000,0x00007cd9448ff000) (1024K)]
  0x00007cd940056eb0 WorkerThread "G1 Conc#0"                       [id=5596, stack(0x00007cd9446fe000,0x00007cd9447fe000) (1024K)]
  0x00007cd9400feac0 ConcurrentGCThread "G1 Refine#0"               [id=5597, stack(0x00007cd91d5fb000,0x00007cd91d6fb000) (1024K)]
  0x00007cd9400ffa80 ConcurrentGCThread "G1 Service"                [id=5598, stack(0x00007cd91d4fa000,0x00007cd91d5fa000) (1024K)]
Total: 7

Threads with active compile tasks:
Total: 0

VM state: not at safepoint (normal execution)

VM Mutex/Monitor currently owned by a thread: None

Heap address: 0x0000000616800000, size: 7832 MB, Compressed Oops mode: Zero based, Oop shift amount: 3

CDS archive(s) mapped at: [0x00007cd8bf000000-0x00007cd8bfcae000-0x00007cd8bfcae000), size 13295616, SharedBaseAddress: 0x00007cd8bf000000, ArchiveRelocationMode: 1.
Compressed class space mapped at: 0x00007cd8c0000000-0x00007cd900000000, reserved size: 1073741824
Narrow klass base: 0x00007cd8bf000000, Narrow klass shift: 0, Narrow klass range: 0x100000000

GC Precious Log:
 CardTable entry size: 512
 Card Set container configuration: InlinePtr #cards 4 size 8 Array Of Cards #cards 32 size 80 Howl #buckets 8 coarsen threshold 7372 Howl Bitmap #cards 1024 size 144 coarsen threshold 921 Card regions per heap region 1 cards per card region 8192
 CPUs: 16 total, 16 available
 Memory: 31322M
 Large Page Support: Disabled
 NUMA Support: Disabled
 Compressed Oops: Enabled (Zero based)
 Heap Region Size: 4M
 Heap Min Capacity: 8M
 Heap Initial Capacity: 492M
 Heap Max Capacity: 7832M
 Pre-touch: Disabled
 Parallel Workers: 13
 Concurrent Workers: 3
 Concurrent Refinement Workers: 13
 Periodic GC: Disabled

Heap:
 garbage-first heap   total 507904K, used 37918K [0x0000000616800000, 0x0000000800000000)
  region size 4096K, 4 young (16384K), 0 survivors (0K)
 Metaspace       used 4496K, committed 4608K, reserved 1114112K
  class space    used 395K, committed 448K, reserved 1048576K

Heap Regions: E=young(eden), S=young(survivor), O=old, HS=humongous(starts), HC=humongous(continues), CS=collection set, F=free, TAMS=top-at-mark-start, PB=parsable bottom
|   0|0x0000000616800000, 0x0000000616c00000, 0x0000000616c00000|100%|HS|  |TAMS 0x0000000616800000| PB 0x0000000616800000| Complete 
|   1|0x0000000616c00000, 0x0000000617000000, 0x0000000617000000|100%|HC|  |TAMS 0x0000000616c00000| PB 0x0000000616c00000| Complete 
|   2|0x0000000617000000, 0x0000000617400000, 0x0000000617400000|100%|HS|  |TAMS 0x0000000617000000| PB 0x0000000617000000| Complete 
|   3|0x0000000617400000, 0x0000000617800000, 0x0000000617800000|100%|HC|  |TAMS 0x0000000617400000| PB 0x0000000617400000| Complete 
|   4|0x0000000617800000, 0x0000000617c00000, 0x0000000617c00000|100%|HC|  |TAMS 0x0000000617800000| PB 0x0000000617800000| Complete 
|   5|0x0000000617c00000, 0x0000000618000000, 0x0000000618000000|100%|HC|  |TAMS 0x0000000617c00000| PB 0x0000000617c00000| Complete 
|   6|0x0000000618000000, 0x0000000618000000, 0x0000000618400000|  0%| F|  |TAMS 0x0000000618000000| PB 0x0000000618000000| Untracked 
|   7|0x0000000618400000, 0x0000000618400000, 0x0000000618800000|  0%| F|  |TAMS 0x0000000618400000| PB 0x0000000618400000| Untracked 
|   8|0x0000000618800000, 0x0000000618800000, 0x0000000618c00000|  0%| F|  |TAMS 0x0000000618800000| PB 0x0000000618800000| Untracked 
|   9|0x0000000618c00000, 0x0000000618c00000, 0x0000000619000000|  0%| F|  |TAMS 0x0000000618c00000| PB 0x0000000618c00000| Untracked 
|  10|0x0000000619000000, 0x0000000619000000, 0x0000000619400000|  0%| F|  |TAMS 0x0000000619000000| PB 0x0000000619000000| Untracked 
|  11|0x0000000619400000, 0x0000000619400000, 0x0000000619800000|  0%| F|  |TAMS 0x0000000619400000| PB 0x0000000619400000| Untracked 
|  12|0x0000000619800000, 0x0000000619800000, 0x0000000619c00000|  0%| F|  |TAMS 0x0000000619800000| PB 0x0000000619800000| Untracked 
|  13|0x0000000619c00000, 0x0000000619c00000, 0x000000061a000000|  0%| F|  |TAMS 0x0000000619c00000| PB 0x0000000619c00000| Untracked 
|  14|0x000000061a000000, 0x000000061a000000, 0x000000061a400000|  0%| F|  |TAMS 0x000000061a000000| PB 0x000000061a000000| Untracked 
|  15|0x000000061a400000, 0x000000061a400000, 0x000000061a800000|  0%| F|  |TAMS 0x000000061a400000| PB 0x000000061a400000| Untracked 
|  16|0x000000061a800000, 0x000000061a800000, 0x000000061ac00000|  0%| F|  |TAMS 0x000000061a800000| PB 0x000000061a800000| Untracked 
|  17|0x000000061ac00000, 0x000000061ac00000, 0x000000061b000000|  0%| F|  |TAMS 0x000000061ac00000| PB 0x000000061ac00000| Untracked 
|  18|0x000000061b000000, 0x000000061b000000, 0x000000061b400000|  0%| F|  |TAMS 0x000000061b000000| PB 0x000000061b000000| Untracked 
|  19|0x000000061b400000, 0x000000061b400000, 0x000000061b800000|  0%| F|  |TAMS 0x000000061b400000| PB 0x000000061b400000| Untracked 
|  20|0x000000061b800000, 0x000000061b800000, 0x000000061bc00000|  0%| F|  |TAMS 0x000000061b800000| PB 0x000000061b800000| Untracked 
|  21|0x000000061bc00000, 0x000000061bc00000, 0x000000061c000000|  0%| F|  |TAMS 0x000000061bc00000| PB 0x000000061bc00000| Untracked 
|  22|0x000000061c000000, 0x000000061c000000, 0x000000061c400000|  0%| F|  |TAMS 0x000000061c000000| PB 0x000000061c000000| Untracked 
|  23|0x000000061c400000, 0x000000061c400000, 0x000000061c800000|  0%| F|  |TAMS 0x000000061c400000| PB 0x000000061c400000| Untracked 
|  24|0x000000061c800000, 0x000000061c800000, 0x000000061cc00000|  0%| F|  |TAMS 0x000000061c800000| PB 0x000000061c800000| Untracked 
|  25|0x000000061cc00000, 0x000000061cc00000, 0x000000061d000000|  0%| F|  |TAMS 0x000000061cc00000| PB 0x000000061cc00000| Untracked 
|  26|0x000000061d000000, 0x000000061d000000, 0x000000061d400000|  0%| F|  |TAMS 0x000000061d000000| PB 0x000000061d000000| Untracked 
|  27|0x000000061d400000, 0x000000061d400000, 0x000000061d800000|  0%| F|  |TAMS 0x000000061d400000| PB 0x000000061d400000| Untracked 
|  28|0x000000061d800000, 0x000000061d800000, 0x000000061dc00000|  0%| F|  |TAMS 0x000000061d800000| PB 0x000000061d800000| Untracked 
|  29|0x000000061dc00000, 0x000000061dc00000, 0x000000061e000000|  0%| F|  |TAMS 0x000000061dc00000| PB 0x000000061dc00000| Untracked 
|  30|0x000000061e000000, 0x000000061e000000, 0x000000061e400000|  0%| F|  |TAMS 0x000000061e000000| PB 0x000000061e000000| Untracked 
|  31|0x000000061e400000, 0x000000061e400000, 0x000000061e800000|  0%| F|  |TAMS 0x000000061e400000| PB 0x000000061e400000| Untracked 
|  32|0x000000061e800000, 0x000000061e800000, 0x000000061ec00000|  0%| F|  |TAMS 0x000000061e800000| PB 0x000000061e800000| Untracked 
|  33|0x000000061ec00000, 0x000000061ec00000, 0x000000061f000000|  0%| F|  |TAMS 0x000000061ec00000| PB 0x000000061ec00000| Untracked 
|  34|0x000000061f000000, 0x000000061f000000, 0x000000061f400000|  0%| F|  |TAMS 0x000000061f000000| PB 0x000000061f000000| Untracked 
|  35|0x000000061f400000, 0x000000061f400000, 0x000000061f800000|  0%| F|  |TAMS 0x000000061f400000| PB 0x000000061f400000| Untracked 
|  36|0x000000061f800000, 0x000000061f800000, 0x000000061fc00000|  0%| F|  |TAMS 0x000000061f800000| PB 0x000000061f800000| Untracked 
|  37|0x000000061fc00000, 0x000000061fc00000, 0x0000000620000000|  0%| F|  |TAMS 0x000000061fc00000| PB 0x000000061fc00000| Untracked 
|  38|0x0000000620000000, 0x0000000620000000, 0x0000000620400000|  0%| F|  |TAMS 0x0000000620000000| PB 0x0000000620000000| Untracked 
|  39|0x0000000620400000, 0x0000000620400000, 0x0000000620800000|  0%| F|  |TAMS 0x0000000620400000| PB 0x0000000620400000| Untracked 
|  40|0x0000000620800000, 0x0000000620800000, 0x0000000620c00000|  0%| F|  |TAMS 0x0000000620800000| PB 0x0000000620800000| Untracked 
|  41|0x0000000620c00000, 0x0000000620c00000, 0x0000000621000000|  0%| F|  |TAMS 0x0000000620c00000| PB 0x0000000620c00000| Untracked 
|  42|0x0000000621000000, 0x0000000621000000, 0x0000000621400000|  0%| F|  |TAMS 0x0000000621000000| PB 0x0000000621000000| Untracked 
|  43|0x0000000621400000, 0x0000000621400000, 0x0000000621800000|  0%| F|  |TAMS 0x0000000621400000| PB 0x0000000621400000| Untracked 
|  44|0x0000000621800000, 0x0000000621800000, 0x0000000621c00000|  0%| F|  |TAMS 0x0000000621800000| PB 0x0000000621800000| Untracked 
|  45|0x0000000621c00000, 0x0000000621c00000, 0x0000000622000000|  0%| F|  |TAMS 0x0000000621c00000| PB 0x0000000621c00000| Untracked 
|  46|0x0000000622000000, 0x0000000622000000, 0x0000000622400000|  0%| F|  |TAMS 0x0000000622000000| PB 0x0000000622000000| Untracked 
|  47|0x0000000622400000, 0x0000000622400000, 0x0000000622800000|  0%| F|  |TAMS 0x0000000622400000| PB 0x0000000622400000| Untracked 
|  48|0x0000000622800000, 0x0000000622800000, 0x0000000622c00000|  0%| F|  |TAMS 0x0000000622800000| PB 0x0000000622800000| Untracked 
|  49|0x0000000622c00000, 0x0000000622c00000, 0x0000000623000000|  0%| F|  |TAMS 0x0000000622c00000| PB 0x0000000622c00000| Untracked 
|  50|0x0000000623000000, 0x0000000623000000, 0x0000000623400000|  0%| F|  |TAMS 0x0000000623000000| PB 0x0000000623000000| Untracked 
|  51|0x0000000623400000, 0x0000000623400000, 0x0000000623800000|  0%| F|  |TAMS 0x0000000623400000| PB 0x0000000623400000| Untracked 
|  52|0x0000000623800000, 0x0000000623800000, 0x0000000623c00000|  0%| F|  |TAMS 0x0000000623800000| PB 0x0000000623800000| Untracked 
|  53|0x0000000623c00000, 0x0000000623c00000, 0x0000000624000000|  0%| F|  |TAMS 0x0000000623c00000| PB 0x0000000623c00000| Untracked 
|  54|0x0000000624000000, 0x0000000624000000, 0x0000000624400000|  0%| F|  |TAMS 0x0000000624000000| PB 0x0000000624000000| Untracked 
|  55|0x0000000624400000, 0x0000000624400000, 0x0000000624800000|  0%| F|  |TAMS 0x0000000624400000| PB 0x0000000624400000| Untracked 
|  56|0x0000000624800000, 0x0000000624800000, 0x0000000624c00000|  0%| F|  |TAMS 0x0000000624800000| PB 0x0000000624800000| Untracked 
|  57|0x0000000624c00000, 0x0000000624c00000, 0x0000000625000000|  0%| F|  |TAMS 0x0000000624c00000| PB 0x0000000624c00000| Untracked 
|  58|0x0000000625000000, 0x0000000625000000, 0x0000000625400000|  0%| F|  |TAMS 0x0000000625000000| PB 0x0000000625000000| Untracked 
|  59|0x0000000625400000, 0x0000000625400000, 0x0000000625800000|  0%| F|  |TAMS 0x0000000625400000| PB 0x0000000625400000| Untracked 
|  60|0x0000000625800000, 0x0000000625800000, 0x0000000625c00000|  0%| F|  |TAMS 0x0000000625800000| PB 0x0000000625800000| Untracked 
|  61|0x0000000625c00000, 0x0000000625c00000, 0x0000000626000000|  0%| F|  |TAMS 0x0000000625c00000| PB 0x0000000625c00000| Untracked 
|  62|0x0000000626000000, 0x0000000626000000, 0x0000000626400000|  0%| F|  |TAMS 0x0000000626000000| PB 0x0000000626000000| Untracked 
|  63|0x0000000626400000, 0x0000000626400000, 0x0000000626800000|  0%| F|  |TAMS 0x0000000626400000| PB 0x0000000626400000| Untracked 
|  64|0x0000000626800000, 0x0000000626800000, 0x0000000626c00000|  0%| F|  |TAMS 0x0000000626800000| PB 0x0000000626800000| Untracked 
|  65|0x0000000626c00000, 0x0000000626c00000, 0x0000000627000000|  0%| F|  |TAMS 0x0000000626c00000| PB 0x0000000626c00000| Untracked 
|  66|0x0000000627000000, 0x0000000627000000, 0x0000000627400000|  0%| F|  |TAMS 0x0000000627000000| PB 0x0000000627000000| Untracked 
|  67|0x0000000627400000, 0x0000000627400000, 0x0000000627800000|  0%| F|  |TAMS 0x0000000627400000| PB 0x0000000627400000| Untracked 
|  68|0x0000000627800000, 0x0000000627800000, 0x0000000627c00000|  0%| F|  |TAMS 0x0000000627800000| PB 0x0000000627800000| Untracked 
|  69|0x0000000627c00000, 0x0000000627c00000, 0x0000000628000000|  0%| F|  |TAMS 0x0000000627c00000| PB 0x0000000627c00000| Untracked 
|  70|0x0000000628000000, 0x0000000628000000, 0x0000000628400000|  0%| F|  |TAMS 0x0000000628000000| PB 0x0000000628000000| Untracked 
|  71|0x0000000628400000, 0x0000000628400000, 0x0000000628800000|  0%| F|  |TAMS 0x0000000628400000| PB 0x0000000628400000| Untracked 
|  72|0x0000000628800000, 0x0000000628800000, 0x0000000628c00000|  0%| F|  |TAMS 0x0000000628800000| PB 0x0000000628800000| Untracked 
|  73|0x0000000628c00000, 0x0000000628c00000, 0x0000000629000000|  0%| F|  |TAMS 0x0000000628c00000| PB 0x0000000628c00000| Untracked 
|  74|0x0000000629000000, 0x0000000629000000, 0x0000000629400000|  0%| F|  |TAMS 0x0000000629000000| PB 0x0000000629000000| Untracked 
|  75|0x0000000629400000, 0x0000000629400000, 0x0000000629800000|  0%| F|  |TAMS 0x0000000629400000| PB 0x0000000629400000| Untracked 
|  76|0x0000000629800000, 0x0000000629800000, 0x0000000629c00000|  0%| F|  |TAMS 0x0000000629800000| PB 0x0000000629800000| Untracked 
|  77|0x0000000629c00000, 0x0000000629c00000, 0x000000062a000000|  0%| F|  |TAMS 0x0000000629c00000| PB 0x0000000629c00000| Untracked 
|  78|0x000000062a000000, 0x000000062a000000, 0x000000062a400000|  0%| F|  |TAMS 0x000000062a000000| PB 0x000000062a000000| Untracked 
|  79|0x000000062a400000, 0x000000062a400000, 0x000000062a800000|  0%| F|  |TAMS 0x000000062a400000| PB 0x000000062a400000| Untracked 
|  80|0x000000062a800000, 0x000000062a800000, 0x000000062ac00000|  0%| F|  |TAMS 0x000000062a800000| PB 0x000000062a800000| Untracked 
|  81|0x000000062ac00000, 0x000000062ac00000, 0x000000062b000000|  0%| F|  |TAMS 0x000000062ac00000| PB 0x000000062ac00000| Untracked 
|  82|0x000000062b000000, 0x000000062b000000, 0x000000062b400000|  0%| F|  |TAMS 0x000000062b000000| PB 0x000000062b000000| Untracked 
|  83|0x000000062b400000, 0x000000062b400000, 0x000000062b800000|  0%| F|  |TAMS 0x000000062b400000| PB 0x000000062b400000| Untracked 
|  84|0x000000062b800000, 0x000000062b800000, 0x000000062bc00000|  0%| F|  |TAMS 0x000000062b800000| PB 0x000000062b800000| Untracked 
|  85|0x000000062bc00000, 0x000000062bc00000, 0x000000062c000000|  0%| F|  |TAMS 0x000000062bc00000| PB 0x000000062bc00000| Untracked 
|  86|0x000000062c000000, 0x000000062c000000, 0x000000062c400000|  0%| F|  |TAMS 0x000000062c000000| PB 0x000000062c000000| Untracked 
|  87|0x000000062c400000, 0x000000062c400000, 0x000000062c800000|  0%| F|  |TAMS 0x000000062c400000| PB 0x000000062c400000| Untracked 
|  88|0x000000062c800000, 0x000000062c800000, 0x000000062cc00000|  0%| F|  |TAMS 0x000000062c800000| PB 0x000000062c800000| Untracked 
|  89|0x000000062cc00000, 0x000000062cc00000, 0x000000062d000000|  0%| F|  |TAMS 0x000000062cc00000| PB 0x000000062cc00000| Untracked 
|  90|0x000000062d000000, 0x000000062d000000, 0x000000062d400000|  0%| F|  |TAMS 0x000000062d000000| PB 0x000000062d000000| Untracked 
|  91|0x000000062d400000, 0x000000062d400000, 0x000000062d800000|  0%| F|  |TAMS 0x000000062d400000| PB 0x000000062d400000| Untracked 
|  92|0x000000062d800000, 0x000000062d800000, 0x000000062dc00000|  0%| F|  |TAMS 0x000000062d800000| PB 0x000000062d800000| Untracked 
|  93|0x000000062dc00000, 0x000000062dc00000, 0x000000062e000000|  0%| F|  |TAMS 0x000000062dc00000| PB 0x000000062dc00000| Untracked 
|  94|0x000000062e000000, 0x000000062e000000, 0x000000062e400000|  0%| F|  |TAMS 0x000000062e000000| PB 0x000000062e000000| Untracked 
|  95|0x000000062e400000, 0x000000062e400000, 0x000000062e800000|  0%| F|  |TAMS 0x000000062e400000| PB 0x000000062e400000| Untracked 
|  96|0x000000062e800000, 0x000000062e800000, 0x000000062ec00000|  0%| F|  |TAMS 0x000000062e800000| PB 0x000000062e800000| Untracked 
|  97|0x000000062ec00000, 0x000000062ec00000, 0x000000062f000000|  0%| F|  |TAMS 0x000000062ec00000| PB 0x000000062ec00000| Untracked 
|  98|0x000000062f000000, 0x000000062f000000, 0x000000062f400000|  0%| F|  |TAMS 0x000000062f000000| PB 0x000000062f000000| Untracked 
|  99|0x000000062f400000, 0x000000062f400000, 0x000000062f800000|  0%| F|  |TAMS 0x000000062f400000| PB 0x000000062f400000| Untracked 
| 100|0x000000062f800000, 0x000000062f800000, 0x000000062fc00000|  0%| F|  |TAMS 0x000000062f800000| PB 0x000000062f800000| Untracked 
| 101|0x000000062fc00000, 0x000000062fc00000, 0x0000000630000000|  0%| F|  |TAMS 0x000000062fc00000| PB 0x000000062fc00000| Untracked 
| 102|0x0000000630000000, 0x0000000630000000, 0x0000000630400000|  0%| F|  |TAMS 0x0000000630000000| PB 0x0000000630000000| Untracked 
| 103|0x0000000630400000, 0x0000000630400000, 0x0000000630800000|  0%| F|  |TAMS 0x0000000630400000| PB 0x0000000630400000| Untracked 
| 104|0x0000000630800000, 0x0000000630800000, 0x0000000630c00000|  0%| F|  |TAMS 0x0000000630800000| PB 0x0000000630800000| Untracked 
| 105|0x0000000630c00000, 0x0000000630c00000, 0x0000000631000000|  0%| F|  |TAMS 0x0000000630c00000| PB 0x0000000630c00000| Untracked 
| 106|0x0000000631000000, 0x0000000631000000, 0x0000000631400000|  0%| F|  |TAMS 0x0000000631000000| PB 0x0000000631000000| Untracked 
| 107|0x0000000631400000, 0x0000000631400000, 0x0000000631800000|  0%| F|  |TAMS 0x0000000631400000| PB 0x0000000631400000| Untracked 
| 108|0x0000000631800000, 0x0000000631800000, 0x0000000631c00000|  0%| F|  |TAMS 0x0000000631800000| PB 0x0000000631800000| Untracked 
| 109|0x0000000631c00000, 0x0000000631c00000, 0x0000000632000000|  0%| F|  |TAMS 0x0000000631c00000| PB 0x0000000631c00000| Untracked 
| 110|0x0000000632000000, 0x0000000632000000, 0x0000000632400000|  0%| F|  |TAMS 0x0000000632000000| PB 0x0000000632000000| Untracked 
| 111|0x0000000632400000, 0x0000000632400000, 0x0000000632800000|  0%| F|  |TAMS 0x0000000632400000| PB 0x0000000632400000| Untracked 
| 112|0x0000000632800000, 0x0000000632800000, 0x0000000632c00000|  0%| F|  |TAMS 0x0000000632800000| PB 0x0000000632800000| Untracked 
| 113|0x0000000632c00000, 0x0000000632c00000, 0x0000000633000000|  0%| F|  |TAMS 0x0000000632c00000| PB 0x0000000632c00000| Untracked 
| 114|0x0000000633000000, 0x0000000633000000, 0x0000000633400000|  0%| F|  |TAMS 0x0000000633000000| PB 0x0000000633000000| Untracked 
| 115|0x0000000633400000, 0x0000000633400000, 0x0000000633800000|  0%| F|  |TAMS 0x0000000633400000| PB 0x0000000633400000| Untracked 
| 116|0x0000000633800000, 0x0000000633800000, 0x0000000633c00000|  0%| F|  |TAMS 0x0000000633800000| PB 0x0000000633800000| Untracked 
| 117|0x0000000633c00000, 0x0000000633c00000, 0x0000000634000000|  0%| F|  |TAMS 0x0000000633c00000| PB 0x0000000633c00000| Untracked 
| 118|0x0000000634000000, 0x0000000634000000, 0x0000000634400000|  0%| F|  |TAMS 0x0000000634000000| PB 0x0000000634000000| Untracked 
| 119|0x0000000634400000, 0x00000006346723a0, 0x0000000634800000| 61%| E|  |TAMS 0x0000000634400000| PB 0x0000000634400000| Complete 
| 120|0x0000000634800000, 0x0000000634c00000, 0x0000000634c00000|100%| E|CS|TAMS 0x0000000634800000| PB 0x0000000634800000| Complete 
| 121|0x0000000634c00000, 0x0000000635000000, 0x0000000635000000|100%| E|CS|TAMS 0x0000000634c00000| PB 0x0000000634c00000| Complete 
| 122|0x0000000635000000, 0x0000000635400000, 0x0000000635400000|100%| E|CS|TAMS 0x0000000635000000| PB 0x0000000635000000| Complete 
|1957|0x00000007ffc00000, 0x00000007ffd079d8, 0x0000000800000000| 25%| O|  |TAMS 0x00000007ffc00000| PB 0x00000007ffc00000| Untracked 

Card table byte_map: [0x00007cd927800000,0x00007cd92874c000] _byte_map_base: 0x00007cd92474c000

Marking Bits: (CMBitMap*) 0x00007cd940045f30
 Bits: [0x00007cd91fc00000, 0x00007cd927660000)

Polling page: 0x00007cd9486d4000

Metaspace:

Usage:
  Non-class:      4.00 MB used.
      Class:    395.78 KB used.
       Both:      4.39 MB used.

Virtual space:
  Non-class space:       64.00 MB reserved,       4.06 MB (  6%) committed,  1 nodes.
      Class space:        1.00 GB reserved,     448.00 KB ( <1%) committed,  1 nodes.
             Both:        1.06 GB reserved,       4.50 MB ( <1%) committed. 

Chunk freelists:
   Non-Class:  11.20 MB
       Class:  15.51 MB
        Both:  26.71 MB

MaxMetaspaceSize: unlimited
CompressedClassSpaceSize: 1.00 GB
Initial GC threshold: 21.00 MB
Current GC threshold: 21.00 MB
CDS: on
 - commit_granule_bytes: 65536.
 - commit_granule_words: 8192.
 - virtual_space_node_default_size: 8388608.
 - enlarge_chunks_in_place: 1.
 - use_allocation_guard: 0.


Internal statistics:

num_allocs_failed_limit: 0.
num_arena_births: 100.
num_arena_deaths: 0.
num_vsnodes_births: 2.
num_vsnodes_deaths: 0.
num_space_committed: 72.
num_space_uncommitted: 0.
num_chunks_returned_to_freelist: 0.
num_chunks_taken_from_freelist: 161.
num_chunk_merges: 0.
num_chunk_splits: 99.
num_chunks_enlarged: 47.
num_inconsistent_stats: 0.

CodeHeap 'non-profiled nmethods': size=119168Kb used=215Kb max_used=215Kb free=118952Kb
 bounds [0x00007cd9303a0000, 0x00007cd930610000, 0x00007cd937800000]
CodeHeap 'profiled nmethods': size=119164Kb used=946Kb max_used=946Kb free=118218Kb
 bounds [0x00007cd928800000, 0x00007cd928a70000, 0x00007cd92fc5f000]
CodeHeap 'non-nmethods': size=7428Kb used=2757Kb max_used=2772Kb free=4671Kb
 bounds [0x00007cd92fc5f000, 0x00007cd92ff1f000, 0x00007cd9303a0000]
 total_blobs=1362 nmethods=660 adapters=606
 compilation: enabled
              stopped_count=0, restarted_count=0
 full_count=0

Compilation events (20 events):
Event: 0.365 Thread 0x00007cd940140680 nmethod 644 0x00007cd9303d3910 code [0x00007cd9303d3ac0, 0x00007cd9303d3df0]
Event: 0.365 Thread 0x00007cd940140680  645       4       java.util.regex.Matcher::search (154 bytes)
Event: 0.365 Thread 0x00007cd940141d50  649       3       java.lang.StringUTF16::getChar (60 bytes)
Event: 0.365 Thread 0x00007cd940141d50 nmethod 649 0x00007cd9288e9710 code [0x00007cd9288e98a0, 0x00007cd9288e9a08]
Event: 0.367 Thread 0x00007cd940141d50  652       3       java.io.InputStream::<init> (5 bytes)
Event: 0.367 Thread 0x00007cd940141d50 nmethod 652 0x00007cd9288e9b10 code [0x00007cd9288e9ca0, 0x00007cd9288e9e00]
Event: 0.367 Thread 0x00007cd940141d50  653       3       sun.net.www.ParseUtil::firstEncodeIndex (86 bytes)
Event: 0.367 Thread 0x00007cd884066700  654       3       sun.net.util.IPAddressUtil::earlyURLParsing (12 bytes)
Event: 0.367 Thread 0x00007cd884066700 nmethod 654 0x00007cd9288e9e90 code [0x00007cd9288ea020, 0x00007cd9288ea128]
Event: 0.367 Thread 0x00007cd940141d50 nmethod 653 0x00007cd9288ea190 code [0x00007cd9288ea3c0, 0x00007cd9288ead60]
Event: 0.369 Thread 0x00007cd940141d50  656       3       jdk.internal.org.objectweb.asm.Handler::getExceptionTableSize (10 bytes)
Event: 0.369 Thread 0x00007cd884067e70  655       1       jdk.internal.org.objectweb.asm.MethodWriter::hasAsmInstructions (5 bytes)
Event: 0.369 Thread 0x00007cd940141d50 nmethod 656 0x00007cd9288eb110 code [0x00007cd9288eb2a0, 0x00007cd9288eb498]
Event: 0.369 Thread 0x00007cd884067e70 nmethod 655 0x00007cd9303d4090 code [0x00007cd9303d4220, 0x00007cd9303d42e8]
Event: 0.369 Thread 0x00007cd940141d50  657       3       java.lang.invoke.MethodHandles$Lookup::isClassAccessible (53 bytes)
Event: 0.369 Thread 0x00007cd884066700  658       3       jdk.internal.org.objectweb.asm.AnnotationWriter::putAnnotations (67 bytes)
Event: 0.369 Thread 0x00007cd884067e70  659       1       java.lang.invoke.MethodType::rtype (5 bytes)
Event: 0.369 Thread 0x00007cd884067e70 nmethod 659 0x00007cd9303d4390 code [0x00007cd9303d4520, 0x00007cd9303d45e8]
Event: 0.369 Thread 0x00007cd940141d50 nmethod 657 0x00007cd9288eb590 code [0x00007cd9288eb7a0, 0x00007cd9288ebd60]
Event: 0.370 Thread 0x00007cd884066700 nmethod 658 0x00007cd9288ebf90 code [0x00007cd9288ec1a0, 0x00007cd9288ec590]

GC Heap History (0 events):
No events

Dll operation events (12 events):
Event: 0.001 Loaded shared library /usr/lib/jvm/java-21-openjdk-amd64/lib/libjava.so
Event: 0.023 Loaded shared library /usr/lib/jvm/java-21-openjdk-amd64/lib/libjsvml.so
Event: 0.024 Loaded shared library /usr/lib/jvm/java-21-openjdk-amd64/lib/libnio.so
Event: 0.059 Loaded shared library /usr/lib/jvm/java-21-openjdk-amd64/lib/libzip.so
Event: 0.074 Loaded shared library /usr/lib/jvm/java-21-openjdk-amd64/lib/libjimage.so
Event: 0.084 Loaded shared library /usr/lib/jvm/java-21-openjdk-amd64/lib/libawt.so
Event: 0.087 Loaded shared library /usr/lib/jvm/java-21-openjdk-amd64/lib/libawt_xawt.so
Event: 0.113 Loaded shared library /usr/lib/jvm/java-21-openjdk-amd64/lib/libjavajpeg.so
Event: 0.156 Loaded shared library /usr/lib/jvm/java-21-openjdk-amd64/lib/libfontmanager.so
Event: 0.239 Loaded shared library /tmp/libJCublas2-12.0.0-linux-x86_64.so
Event: 0.344 Loaded shared library /tmp/libJCudaRuntime-12.0.0-linux-x86_64.so
Event: 0.351 Loaded shared library /usr/lib/jvm/java-21-openjdk-amd64/lib/libverify.so

Deoptimization events (20 events):
Event: 0.142 Thread 0x00007cd94001a060 DEOPT PACKING pc=0x00007cd9288a6328 sp=0x00007cd9469fdac0
Event: 0.142 Thread 0x00007cd94001a060 DEOPT UNPACKING pc=0x00007cd92fcb372f sp=0x00007cd9469fcfb8 mode 0
Event: 0.142 Thread 0x00007cd94001a060 DEOPT PACKING pc=0x00007cd9288a6328 sp=0x00007cd9469fdac0
Event: 0.142 Thread 0x00007cd94001a060 DEOPT UNPACKING pc=0x00007cd92fcb372f sp=0x00007cd9469fcfb8 mode 0
Event: 0.142 Thread 0x00007cd94001a060 DEOPT PACKING pc=0x00007cd9288a6328 sp=0x00007cd9469fdac0
Event: 0.142 Thread 0x00007cd94001a060 DEOPT UNPACKING pc=0x00007cd92fcb372f sp=0x00007cd9469fcfb8 mode 0
Event: 0.142 Thread 0x00007cd94001a060 DEOPT PACKING pc=0x00007cd9288a6328 sp=0x00007cd9469fdac0
Event: 0.142 Thread 0x00007cd94001a060 DEOPT UNPACKING pc=0x00007cd92fcb372f sp=0x00007cd9469fcfb8 mode 0
Event: 0.142 Thread 0x00007cd94001a060 DEOPT PACKING pc=0x00007cd9288a6328 sp=0x00007cd9469fdac0
Event: 0.142 Thread 0x00007cd94001a060 DEOPT UNPACKING pc=0x00007cd92fcb372f sp=0x00007cd9469fcfb8 mode 0
Event: 0.142 Thread 0x00007cd94001a060 DEOPT PACKING pc=0x00007cd9288a6328 sp=0x00007cd9469fdac0
Event: 0.142 Thread 0x00007cd94001a060 DEOPT UNPACKING pc=0x00007cd92fcb372f sp=0x00007cd9469fcfb8 mode 0
Event: 0.142 Thread 0x00007cd94001a060 DEOPT PACKING pc=0x00007cd9288a6328 sp=0x00007cd9469fdac0
Event: 0.142 Thread 0x00007cd94001a060 DEOPT UNPACKING pc=0x00007cd92fcb372f sp=0x00007cd9469fcfb8 mode 0
Event: 0.190 Thread 0x00007cd94001a060 DEOPT PACKING pc=0x00007cd9288c5671 sp=0x00007cd9469fe770
Event: 0.190 Thread 0x00007cd94001a060 DEOPT UNPACKING pc=0x00007cd92fcb372f sp=0x00007cd9469fdcc0 mode 0
Event: 0.192 Thread 0x00007cd94001a060 Uncommon trap: trap_request=0xffffff45 fr.pc=0x00007cd9303ce078 relative=0x0000000000000618
Event: 0.192 Thread 0x00007cd94001a060 Uncommon trap: reason=unstable_if action=reinterpret pc=0x00007cd9303ce078 method=java.util.Arrays.setAll([DLjava/util/function/IntToDoubleFunction;)V @ 10 c2
Event: 0.192 Thread 0x00007cd94001a060 DEOPT PACKING pc=0x00007cd9303ce078 sp=0x00007cd9469fe7f0
Event: 0.192 Thread 0x00007cd94001a060 DEOPT UNPACKING pc=0x00007cd92fcb2f99 sp=0x00007cd9469fe7c0 mode 2

Classes loaded (20 events):
Event: 0.367 Loading class java/lang/ArrayIndexOutOfBoundsException
Event: 0.367 Loading class java/lang/IndexOutOfBoundsException
Event: 0.367 Loading class java/lang/IndexOutOfBoundsException done
Event: 0.367 Loading class java/lang/ArrayIndexOutOfBoundsException done
Event: 0.368 Loading class java/util/Spliterators$IntArraySpliterator
Event: 0.368 Loading class java/util/Spliterators$IntArraySpliterator done
Event: 0.368 Loading class java/util/stream/MatchOps$MatchKind
Event: 0.368 Loading class java/util/stream/MatchOps$MatchKind done
Event: 0.368 Loading class java/util/stream/MatchOps
Event: 0.368 Loading class java/util/stream/MatchOps done
Event: 0.368 Loading class java/util/stream/MatchOps$MatchOp
Event: 0.368 Loading class java/util/stream/MatchOps$MatchOp done
Event: 0.368 Loading class java/util/stream/MatchOps$BooleanTerminalSink
Event: 0.368 Loading class java/util/stream/MatchOps$BooleanTerminalSink done
Event: 0.368 Loading class java/util/stream/MatchOps$2MatchSink
Event: 0.368 Loading class java/util/stream/MatchOps$2MatchSink done
Event: 0.369 Loading class java/util/stream/MatchOps$1MatchSink
Event: 0.369 Loading class java/util/stream/MatchOps$1MatchSink done
Event: 0.370 Loading class java/nio/HeapDoubleBuffer
Event: 0.370 Loading class java/nio/HeapDoubleBuffer done

Classes unloaded (0 events):
No events

Classes redefined (0 events):
No events

Internal exceptions (12 events):
Event: 0.045 Thread 0x00007cd94001a060 Exception <a 'sun/nio/fs/UnixException'{0x0000000635070ea8}> (0x0000000635070ea8) 
thrown [./src/hotspot/share/prims/jni.cpp, line 520]
Event: 0.046 Thread 0x00007cd94001a060 Exception <a 'sun/nio/fs/UnixException'{0x00000006350715e8}> (0x00000006350715e8) 
thrown [./src/hotspot/share/prims/jni.cpp, line 520]
Event: 0.046 Thread 0x00007cd94001a060 Exception <a 'sun/nio/fs/UnixException'{0x0000000635071e18}> (0x0000000635071e18) 
thrown [./src/hotspot/share/prims/jni.cpp, line 520]
Event: 0.046 Thread 0x00007cd94001a060 Exception <a 'sun/nio/fs/UnixException'{0x0000000635072410}> (0x0000000635072410) 
thrown [./src/hotspot/share/prims/jni.cpp, line 520]
Event: 0.046 Thread 0x00007cd94001a060 Exception <a 'sun/nio/fs/UnixException'{0x00000006350729e0}> (0x00000006350729e0) 
thrown [./src/hotspot/share/prims/jni.cpp, line 520]
Event: 0.046 Thread 0x00007cd94001a060 Exception <a 'sun/nio/fs/UnixException'{0x0000000635072fc0}> (0x0000000635072fc0) 
thrown [./src/hotspot/share/prims/jni.cpp, line 520]
Event: 0.046 Thread 0x00007cd94001a060 Exception <a 'sun/nio/fs/UnixException'{0x0000000635073810}> (0x0000000635073810) 
thrown [./src/hotspot/share/prims/jni.cpp, line 520]
Event: 0.078 Thread 0x00007cd94001a060 Exception <a 'java/lang/ClassNotFoundException'{0x00000006353b4fb0}: sun/awt/resources/spi/awtProvider> (0x00000006353b4fb0) 
thrown [./src/hotspot/share/classfile/systemDictionary.cpp, line 312]
Event: 0.082 Thread 0x00007cd94001a060 Implicit null exception at 0x00007cd9303b20e3 to 0x00007cd9303b2244
Event: 0.094 Thread 0x00007cd94001a060 Exception <a 'java/io/FileNotFoundException'{0x0000000634c12858}> (0x0000000634c12858) 
thrown [./src/hotspot/share/prims/jni.cpp, line 520]
Event: 0.179 Thread 0x00007cd94001a060 Exception <a 'java/lang/NoSuchMethodError'{0x000000063440eba8}: 'java.lang.Object java.lang.invoke.DirectMethodHandle$Holder.newInvokeSpecial(java.lang.Object, java.lang.Object, int)'> (0x000000063440eba8) 
thrown [./src/hotspot/share/interpreter/linkResolver.cpp, line 772]
Event: 0.350 Thread 0x00007cd94001a060 Exception <a 'java/lang/NoSuchMethodError'{0x00000006344dd268}: 'void java.lang.invoke.DirectMethodHandle$Holder.invokeStatic(java.lang.Object, java.lang.Object)'> (0x00000006344dd268) 
thrown [./src/hotspot/share/interpreter/linkResolver.cpp, line 772]

ZGC Phase Switch (0 events):
No events

VM Operations (6 events):
Event: 0.047 Executing VM operation: HandshakeAllThreads (Deoptimize)
Event: 0.047 Executing VM operation: HandshakeAllThreads (Deoptimize) done
Event: 0.072 Executing VM operation: HandshakeAllThreads (Deoptimize)
Event: 0.072 Executing VM operation: HandshakeAllThreads (Deoptimize) done
Event: 0.363 Executing VM operation: HandshakeAllThreads (Deoptimize)
Event: 0.363 Executing VM operation: HandshakeAllThreads (Deoptimize) done

Memory protections (16 events):
Event: 0.001 Protecting memory [0x00007cd946900000,0x00007cd946904000] with protection modes 0
Event: 0.021 Protecting memory [0x00007cd91d1f7000,0x00007cd91d1fb000] with protection modes 0
Event: 0.021 Protecting memory [0x00007cd91c300000,0x00007cd91c304000] with protection modes 0
Event: 0.021 Protecting memory [0x00007cd91c200000,0x00007cd91c204000] with protection modes 0
Event: 0.022 Protecting memory [0x00007cd91c100000,0x00007cd91c104000] with protection modes 0
Event: 0.022 Protecting memory [0x00007cd91c000000,0x00007cd91c004000] with protection modes 0
Event: 0.022 Protecting memory [0x00007cd917f00000,0x00007cd917f04000] with protection modes 0
Event: 0.022 Protecting memory [0x00007cd917e00000,0x00007cd917e04000] with protection modes 0
Event: 0.037 Protecting memory [0x00007cd917d00000,0x00007cd917d04000] with protection modes 0
Event: 0.043 Protecting memory [0x00007cd917c00000,0x00007cd917c04000] with protection modes 0
Event: 0.044 Protecting memory [0x00007cd917b00000,0x00007cd917b04000] with protection modes 0
Event: 0.055 Protecting memory [0x00007cd917a00000,0x00007cd917a04000] with protection modes 0
Event: 0.057 Protecting memory [0x00007cd917900000,0x00007cd917904000] with protection modes 0
Event: 0.064 Protecting memory [0x00007cd917800000,0x00007cd917804000] with protection modes 0
Event: 0.111 Protecting memory [0x00007cd9174d0000,0x00007cd9174d4000] with protection modes 0
Event: 0.351 Protecting memory [0x00007cd917900000,0x00007cd917904000] with protection modes 0

Nmethod flushes (0 events):
No events

Events (18 events):
Event: 0.015 Thread 0x00007cd94001a060 Thread added: 0x00007cd94001a060
Event: 0.021 Thread 0x00007cd94001a060 Thread added: 0x00007cd940138d50
Event: 0.021 Thread 0x00007cd94001a060 Thread added: 0x00007cd94013a3e0
Event: 0.021 Thread 0x00007cd94001a060 Thread added: 0x00007cd94013beb0
Event: 0.021 Thread 0x00007cd94001a060 Thread added: 0x00007cd94013d500
Event: 0.022 Thread 0x00007cd94001a060 Thread added: 0x00007cd94013eab0
Event: 0.022 Thread 0x00007cd94001a060 Thread added: 0x00007cd940140680
Event: 0.022 Thread 0x00007cd94001a060 Thread added: 0x00007cd940141d50
Event: 0.037 Thread 0x00007cd94001a060 Thread added: 0x00007cd940160ea0
Event: 0.043 Thread 0x00007cd940141d50 Thread added: 0x00007cd884066700
Event: 0.044 Thread 0x00007cd940141d50 Thread added: 0x00007cd884067e70
Event: 0.055 Thread 0x00007cd94001a060 Thread added: 0x00007cd94019c920
Event: 0.057 Thread 0x00007cd884066700 Thread added: 0x00007cd87802a530
Event: 0.064 Thread 0x00007cd87802a530 Thread added: 0x00007cd864032590
Event: 0.111 Thread 0x00007cd94001a060 Thread added: 0x00007cd9402a9e70
Event: 0.343 Thread 0x00007cd864032590 Thread exited: 0x00007cd864032590
Event: 0.345 Thread 0x00007cd87802a530 Thread exited: 0x00007cd87802a530
Event: 0.351 Thread 0x00007cd94001a060 Thread added: 0x00007cd941581470


Dynamic libraries:
200000000-200200000 ---p 00000000 00:00 0 
200200000-200400000 rw-s 00000000 00:05 1116                             /dev/nvidia0
200400000-203400000 rw-s 00000000 00:05 1115                             /dev/nvidiactl
203400000-204400000 ---p 00000000 00:00 0 
204400000-204600000 rw-s 00000000 00:05 1115                             /dev/nvidiactl
204600000-204800000 rw-s 00000000 00:05 1115                             /dev/nvidiactl
204800000-204a00000 rw-s 00000000 00:05 1115                             /dev/nvidiactl
204a00000-204c00000 rw-s 204a00000 00:05 1117                            /dev/nvidia-uvm
204c00000-204e00000 rw-s 00000000 00:05 1115                             /dev/nvidiactl
204e00000-205000000 ---p 00000000 00:00 0 
205000000-205200000 rw-s 00000000 00:05 1115                             /dev/nvidiactl
205200000-300200000 ---p 00000000 00:00 0 
616800000-635400000 rw-p 00000000 00:00 0 
635400000-7ffc00000 ---p 00000000 00:00 0 
7ffc00000-7ffd08000 rw-p 00ced000 103:02 17172987                        /usr/lib/jvm/java-21-openjdk-amd64/lib/server/classes.jsa
7ffd08000-800000000 rw-p 00000000 00:00 0 
10000000000-10004000000 ---p 00000000 00:00 0 
5fa3c8e29000-5fa3c8e2a000 r--p 00000000 103:02 17172834                  /usr/lib/jvm/java-21-openjdk-amd64/bin/java
5fa3c8e2a000-5fa3c8e2b000 r-xp 00001000 103:02 17172834                  /usr/lib/jvm/java-21-openjdk-amd64/bin/java
5fa3c8e2b000-5fa3c8e2c000 r--p 00002000 103:02 17172834                  /usr/lib/jvm/java-21-openjdk-amd64/bin/java
5fa3c8e2c000-5fa3c8e2d000 r--p 00002000 103:02 17172834                  /usr/lib/jvm/java-21-openjdk-amd64/bin/java
5fa3c8e2d000-5fa3c8e2e000 rw-p 00003000 103:02 17172834                  /usr/lib/jvm/java-21-openjdk-amd64/bin/java
5fa3ca12f000-5fa3ca176000 rw-p 00000000 00:00 0                          [heap]
7cd7f6000000-7cd7f8000000 ---p 00000000 00:00 0 
7cd7fa000000-7cd802000000 ---p 00000000 00:00 0 
7cd804000000-7cd806000000 ---p 00000000 00:00 0 
7cd808000000-7cd808021000 rw-p 00000000 00:00 0 
7cd808021000-7cd80c000000 ---p 00000000 00:00 0 
7cd810000000-7cd820000000 ---p 00000000 00:00 0 
7cd822000000-7cd822400000 ---p 00000000 00:00 0 
7cd822400000-7cd822600000 rw-s 00000000 00:05 1115                       /dev/nvidiactl
7cd822600000-7cd822800000 rw-s 00000000 00:01 14359                      /dev/zero (deleted)
7cd822800000-7cd822a00000 rw-s 00000000 00:01 14360                      /dev/zero (deleted)
7cd822a00000-7cd823000000 ---p 00000000 00:00 0 
7cd823000000-7cd823200000 rw-s 00000000 00:05 1115                       /dev/nvidiactl
7cd823200000-7cd823400000 ---p 00000000 00:00 0 
7cd823400000-7cd823600000 rw-s 00000000 00:01 14362                      /dev/zero (deleted)
7cd823600000-7cd823b33000 rw-s 00000000 00:05 1115                       /dev/nvidiactl
7cd823b33000-7cd824000000 ---p 00000000 00:00 0 
7cd826000000-7cd82c000000 ---p 00000000 00:00 0 
7cd82c000000-7cd82c021000 rw-p 00000000 00:00 0 
7cd82c021000-7cd830000000 ---p 00000000 00:00 0 
7cd830200000-7cd84d463000 r-xp 00000000 103:02 16524125                  /usr/lib/x86_64-linux-gnu/libcublasLt.so.12.0.2.224
7cd84d463000-7cd84d663000 ---p 1d263000 103:02 16524125                  /usr/lib/x86_64-linux-gnu/libcublasLt.so.12.0.2.224
7cd84d663000-7cd84d893000 r--p 1d263000 103:02 16524125                  /usr/lib/x86_64-linux-gnu/libcublasLt.so.12.0.2.224
7cd84d893000-7cd84e827000 rw-p 1d493000 103:02 16524125                  /usr/lib/x86_64-linux-gnu/libcublasLt.so.12.0.2.224
7cd84e827000-7cd85100f000 rw-p 00000000 00:00 0 
7cd851400000-7cd857a67000 r-xp 00000000 103:02 16524127                  /usr/lib/x86_64-linux-gnu/libcublas.so.12.0.2.224
7cd857a67000-7cd857c67000 ---p 06667000 103:02 16524127                  /usr/lib/x86_64-linux-gnu/libcublas.so.12.0.2.224
7cd857c67000-7cd857c6e000 r--p 06667000 103:02 16524127                  /usr/lib/x86_64-linux-gnu/libcublas.so.12.0.2.224
7cd857c6e000-7cd857c75000 rw-p 0666e000 103:02 16524127                  /usr/lib/x86_64-linux-gnu/libcublas.so.12.0.2.224
7cd857c75000-7cd857c7d000 rw-p 00000000 00:00 0 
7cd858000000-7cd858021000 rw-p 00000000 00:00 0 
7cd858021000-7cd85c000000 ---p 00000000 00:00 0 
7cd860000000-7cd860072000 rw-p 00000000 00:00 0 
7cd860072000-7cd864000000 ---p 00000000 00:00 0 
7cd864000000-7cd864077000 rw-p 00000000 00:00 0 
7cd864077000-7cd868000000 ---p 00000000 00:00 0 
7cd86c000000-7cd86c021000 rw-p 00000000 00:00 0 
7cd86c021000-7cd870000000 ---p 00000000 00:00 0 
7cd870000000-7cd870079000 rw-p 00000000 00:00 0 
7cd870079000-7cd874000000 ---p 00000000 00:00 0 
7cd878000000-7cd87805d000 rw-p 00000000 00:00 0 
7cd87805d000-7cd87c000000 ---p 00000000 00:00 0 
7cd87c000000-7cd87c021000 rw-p 00000000 00:00 0 
7cd87c021000-7cd880000000 ---p 00000000 00:00 0 
7cd884000000-7cd8840fd000 rw-p 00000000 00:00 0 
7cd8840fd000-7cd888000000 ---p 00000000 00:00 0 
7cd888000000-7cd888138000 rw-p 00000000 00:00 0 
7cd888138000-7cd88c000000 ---p 00000000 00:00 0 
7cd890000000-7cd890021000 rw-p 00000000 00:00 0 
7cd890021000-7cd894000000 ---p 00000000 00:00 0 
7cd894000000-7cd894021000 rw-p 00000000 00:00 0 
7cd894021000-7cd898000000 ---p 00000000 00:00 0 
7cd89c000000-7cd89c021000 rw-p 00000000 00:00 0 
7cd89c021000-7cd8a0000000 ---p 00000000 00:00 0 
7cd8a0000000-7cd8a0021000 rw-p 00000000 00:00 0 
7cd8a0021000-7cd8a4000000 ---p 00000000 00:00 0 
7cd8a8000000-7cd8a8021000 rw-p 00000000 00:00 0 
7cd8a8021000-7cd8ac000000 ---p 00000000 00:00 0 
7cd8ac000000-7cd8ac021000 rw-p 00000000 00:00 0 
7cd8ac021000-7cd8b0000000 ---p 00000000 00:00 0 
7cd8b2800000-7cd8b28c7000 r-xp 00000000 103:02 18219111                  /tmp/libJCudaRuntime-12.0.0-linux-x86_64.so
7cd8b28c7000-7cd8b2ac7000 ---p 000c7000 103:02 18219111                  /tmp/libJCudaRuntime-12.0.0-linux-x86_64.so
7cd8b2ac7000-7cd8b2acc000 r--p 000c7000 103:02 18219111                  /tmp/libJCudaRuntime-12.0.0-linux-x86_64.so
7cd8b2acc000-7cd8b2acd000 rw-p 000cc000 103:02 18219111                  /tmp/libJCudaRuntime-12.0.0-linux-x86_64.so
7cd8b2acd000-7cd8b2acf000 rw-p 00000000 00:00 0 
7cd8b2e00000-7cd8b2e01000 rw-s 00000000 00:05 1115                       /dev/nvidiactl
7cd8b2e01000-7cd8b2e02000 rw-s 00000000 00:05 1115                       /dev/nvidiactl
7cd8b2e02000-7cd8b2e03000 rw-s 00000000 00:05 1115                       /dev/nvidiactl
7cd8b2e03000-7cd8b2e04000 rw-s 00000000 00:05 1115                       /dev/nvidiactl
7cd8b2e04000-7cd8b2e05000 rw-s 00000000 00:05 1115                       /dev/nvidiactl
7cd8b2e05000-7cd8b2e06000 rw-s 00000000 00:05 1115                       /dev/nvidiactl
7cd8b2e06000-7cd8b2e07000 rw-s 00000000 00:05 1115                       /dev/nvidiactl
7cd8b2e07000-7cd8b2e08000 rw-s 00000000 00:05 1115                       /dev/nvidiactl
7cd8b2e08000-7cd8b2e09000 rw-s 00000000 00:05 1115                       /dev/nvidiactl
7cd8b2e09000-7cd8b2e0a000 rw-s 00000000 00:05 1115                       /dev/nvidiactl
7cd8b2e0a000-7cd8b2e0b000 rw-s 00000000 00:05 1115                       /dev/nvidiactl
7cd8b2e0b000-7cd8b2e0c000 rw-s 00000000 00:05 1115                       /dev/nvidiactl
7cd8b2e0c000-7cd8b2e0d000 rw-s 00000000 00:05 1115                       /dev/nvidiactl
7cd8b2e0d000-7cd8b2e0e000 rw-s 00000000 00:05 1115                       /dev/nvidiactl
7cd8b2e0e000-7cd8b2e0f000 rw-s 00000000 00:05 1115                       /dev/nvidiactl
7cd8b2e0f000-7cd8b2e10000 rw-s 00000000 00:05 1115                       /dev/nvidiactl
7cd8b2e10000-7cd8b3e21000 ---p 00000000 00:00 0 
7cd8b4000000-7cd8b4340000 rw-p 00000000 00:00 0 
7cd8b4340000-7cd8b4400000 ---p 00000000 00:00 0 
7cd8b4400000-7cd8b44d0000 rw-p 00000000 00:00 0 
7cd8b44d0000-7cd8b8000000 ---p 00000000 00:00 0 
7cd8b8000000-7cd8b8021000 rw-p 00000000 00:00 0 
7cd8b8021000-7cd8bc000000 ---p 00000000 00:00 0 
7cd8bc600000-7cd8bc601000 ---p 00000000 00:00 0 
7cd8bc601000-7cd8bce01000 rw-p 00000000 00:00 0 
7cd8bd000000-7cd8bd001000 ---p 00000000 00:00 0 
7cd8bd001000-7cd8bd801000 rw-p 00000000 00:00 0 
7cd8bda00000-7cd8bea21000 ---p 00000000 00:00 0 
7cd8bec00000-7cd8bee5a000 rw-p 00000000 00:00 0 
7cd8bf000000-7cd8bfcae000 rw-p 00001000 103:02 17172987                  /usr/lib/jvm/java-21-openjdk-amd64/lib/server/classes.jsa
7cd8bfcae000-7cd8c0000000 ---p 00000000 00:00 0 
7cd8c0000000-7cd8c0010000 rw-p 00000000 00:00 0 
7cd8c0010000-7cd8c0030000 rw-p 00000000 00:00 0 
7cd8c0030000-7cd8c0040000 ---p 00000000 00:00 0 
7cd8c0040000-7cd8c0080000 rw-p 00000000 00:00 0 
7cd8c0080000-7cd900000000 ---p 00000000 00:00 0 
7cd900000000-7cd900021000 rw-p 00000000 00:00 0 
7cd900021000-7cd904000000 ---p 00000000 00:00 0 
7cd904000000-7cd904021000 rw-p 00000000 00:00 0 
7cd904021000-7cd908000000 ---p 00000000 00:00 0 
7cd908400000-7cd90b17c000 r-xp 00000000 103:02 16526206                  /usr/lib/x86_64-linux-gnu/libnvrtc.so.12.0.140
7cd90b17c000-7cd90b37c000 ---p 02d7c000 103:02 16526206                  /usr/lib/x86_64-linux-gnu/libnvrtc.so.12.0.140
7cd90b37c000-7cd90ba4f000 r--p 02d7c000 103:02 16526206                  /usr/lib/x86_64-linux-gnu/libnvrtc.so.12.0.140
7cd90ba4f000-7cd90bb1b000 rw-p 0344f000 103:02 16526206                  /usr/lib/x86_64-linux-gnu/libnvrtc.so.12.0.140
7cd90bb1b000-7cd90bc1c000 rw-p 00000000 00:00 0 
7cd90c000000-7cd90c021000 rw-p 00000000 00:00 0 
7cd90c021000-7cd910000000 ---p 00000000 00:00 0 
7cd910000000-7cd910021000 rw-p 00000000 00:00 0 
7cd910021000-7cd914000000 ---p 00000000 00:00 0 
7cd914200000-7cd914400000 rw-s 00000000 00:01 14361                      /dev/zero (deleted)
7cd914400000-7cd914401000 ---p 00000000 00:00 0 
7cd914401000-7cd914c01000 rw-p 00000000 00:00 0 
7cd914cbe000-7cd914e00000 rw-p 00000000 00:00 0 
7cd914e00000-7cd914ede000 r--p 00000000 103:02 16552573                  /usr/lib/x86_64-linux-gnu/libcuda.so.550.107.02
7cd914ede000-7cd9153b3000 r-xp 000de000 103:02 16552573                  /usr/lib/x86_64-linux-gnu/libcuda.so.550.107.02
7cd9153b3000-7cd91684e000 r--p 005b3000 103:02 16552573                  /usr/lib/x86_64-linux-gnu/libcuda.so.550.107.02
7cd91684e000-7cd91684f000 ---p 01a4e000 103:02 16552573                  /usr/lib/x86_64-linux-gnu/libcuda.so.550.107.02
7cd91684f000-7cd916867000 r--p 01a4e000 103:02 16552573                  /usr/lib/x86_64-linux-gnu/libcuda.so.550.107.02
7cd916867000-7cd916962000 rw-p 01a66000 103:02 16552573                  /usr/lib/x86_64-linux-gnu/libcuda.so.550.107.02
7cd916962000-7cd9169cb000 rw-p 00000000 00:00 0 
7cd916a00000-7cd916b38000 r-xp 00000000 103:02 18219110                  /tmp/libJCublas2-12.0.0-linux-x86_64.so
7cd916b38000-7cd916d38000 ---p 00138000 103:02 18219110                  /tmp/libJCublas2-12.0.0-linux-x86_64.so
7cd916d38000-7cd916d3d000 r--p 00138000 103:02 18219110                  /tmp/libJCublas2-12.0.0-linux-x86_64.so
7cd916d3d000-7cd916d3f000 rw-p 0013d000 103:02 18219110                  /tmp/libJCublas2-12.0.0-linux-x86_64.so
7cd916d3f000-7cd916d41000 rw-p 00000000 00:00 0 
7cd916dde000-7cd9170b9000 rw-p 00000000 00:00 0 
7cd9170b9000-7cd9170ba000 r--p 00000000 103:02 16530467                  /usr/lib/x86_64-linux-gnu/libbrotlicommon.so.1.1.0
7cd9170ba000-7cd9170bb000 r-xp 00001000 103:02 16530467                  /usr/lib/x86_64-linux-gnu/libbrotlicommon.so.1.1.0
7cd9170bb000-7cd9170da000 r--p 00002000 103:02 16530467                  /usr/lib/x86_64-linux-gnu/libbrotlicommon.so.1.1.0
7cd9170da000-7cd9170db000 r--p 00021000 103:02 16530467                  /usr/lib/x86_64-linux-gnu/libbrotlicommon.so.1.1.0
7cd9170db000-7cd9170dc000 rw-p 00022000 103:02 16530467                  /usr/lib/x86_64-linux-gnu/libbrotlicommon.so.1.1.0
7cd9170dc000-7cd9170de000 r--p 00000000 103:02 16530942                  /usr/lib/x86_64-linux-gnu/libpcre2-8.so.0.11.2
7cd9170de000-7cd91714c000 r-xp 00002000 103:02 16530942                  /usr/lib/x86_64-linux-gnu/libpcre2-8.so.0.11.2
7cd91714c000-7cd917174000 r--p 00070000 103:02 16530942                  /usr/lib/x86_64-linux-gnu/libpcre2-8.so.0.11.2
7cd917174000-7cd917175000 r--p 00097000 103:02 16530942                  /usr/lib/x86_64-linux-gnu/libpcre2-8.so.0.11.2
7cd917175000-7cd917176000 rw-p 00098000 103:02 16530942                  /usr/lib/x86_64-linux-gnu/libpcre2-8.so.0.11.2
7cd917176000-7cd91717b000 r--p 00000000 103:02 16530960                  /usr/lib/x86_64-linux-gnu/libpng16.so.16.43.0
7cd91717b000-7cd9171a3000 r-xp 00005000 103:02 16530960                  /usr/lib/x86_64-linux-gnu/libpng16.so.16.43.0
7cd9171a3000-7cd9171ac000 r--p 0002d000 103:02 16530960                  /usr/lib/x86_64-linux-gnu/libpng16.so.16.43.0
7cd9171ac000-7cd9171ad000 r--p 00035000 103:02 16530960                  /usr/lib/x86_64-linux-gnu/libpng16.so.16.43.0
7cd9171ad000-7cd9171ae000 rw-p 00036000 103:02 16530960                  /usr/lib/x86_64-linux-gnu/libpng16.so.16.43.0
7cd9171ae000-7cd9171cc000 r--p 00000000 103:02 16530649                  /usr/lib/x86_64-linux-gnu/libglib-2.0.so.0.8000.0
7cd9171cc000-7cd91726c000 r-xp 0001e000 103:02 16530649                  /usr/lib/x86_64-linux-gnu/libglib-2.0.so.0.8000.0
7cd91726c000-7cd9172f4000 r--p 000be000 103:02 16530649                  /usr/lib/x86_64-linux-gnu/libglib-2.0.so.0.8000.0
7cd9172f4000-7cd9172f5000 r--p 00146000 103:02 16530649                  /usr/lib/x86_64-linux-gnu/libglib-2.0.so.0.8000.0
7cd9172f5000-7cd9172f6000 rw-p 00147000 103:02 16530649                  /usr/lib/x86_64-linux-gnu/libglib-2.0.so.0.8000.0
7cd9172f6000-7cd9172f7000 rw-p 00000000 00:00 0 
7cd9172f7000-7cd917304000 r--p 00000000 103:02 16530615                  /usr/lib/x86_64-linux-gnu/libfreetype.so.6.20.1
7cd917304000-7cd917395000 r-xp 0000d000 103:02 16530615                  /usr/lib/x86_64-linux-gnu/libfreetype.so.6.20.1
7cd917395000-7cd9173bb000 r--p 0009e000 103:02 16530615                  /usr/lib/x86_64-linux-gnu/libfreetype.so.6.20.1
7cd9173bb000-7cd9173c2000 r--p 000c4000 103:02 16530615                  /usr/lib/x86_64-linux-gnu/libfreetype.so.6.20.1
7cd9173c2000-7cd9173c3000 rw-p 000cb000 103:02 16530615                  /usr/lib/x86_64-linux-gnu/libfreetype.so.6.20.1
7cd9173c3000-7cd9173ce000 r--p 00000000 103:02 16530725                  /usr/lib/x86_64-linux-gnu/libharfbuzz.so.0.60830.0
7cd9173ce000-7cd91749c000 r-xp 0000b000 103:02 16530725                  /usr/lib/x86_64-linux-gnu/libharfbuzz.so.0.60830.0
7cd91749c000-7cd9174ce000 r--p 000d9000 103:02 16530725                  /usr/lib/x86_64-linux-gnu/libharfbuzz.so.0.60830.0
7cd9174ce000-7cd9174cf000 r--p 0010b000 103:02 16530725                  /usr/lib/x86_64-linux-gnu/libharfbuzz.so.0.60830.0
7cd9174cf000-7cd9174d0000 rw-p 0010c000 103:02 16530725                  /usr/lib/x86_64-linux-gnu/libharfbuzz.so.0.60830.0
7cd9174d0000-7cd9174d4000 ---p 00000000 00:00 0 
7cd9174d4000-7cd9175d0000 rw-p 00000000 00:00 0 
7cd9175d0000-7cd9175e9000 r--p 00000000 103:02 16530316                  /usr/lib/x86_64-linux-gnu/libX11.so.6.4.0
7cd9175e9000-7cd917679000 r-xp 00019000 103:02 16530316                  /usr/lib/x86_64-linux-gnu/libX11.so.6.4.0
7cd917679000-7cd917708000 r--p 000a9000 103:02 16530316                  /usr/lib/x86_64-linux-gnu/libX11.so.6.4.0
7cd917708000-7cd917709000 r--p 00138000 103:02 16530316                  /usr/lib/x86_64-linux-gnu/libX11.so.6.4.0
7cd917709000-7cd91770d000 rw-p 00139000 103:02 16530316                  /usr/lib/x86_64-linux-gnu/libX11.so.6.4.0
7cd91770d000-7cd91772b000 r--p 00000000 103:02 17172951                  /usr/lib/jvm/java-21-openjdk-amd64/lib/libawt.so
7cd91772b000-7cd9177c2000 r-xp 0001e000 103:02 17172951                  /usr/lib/jvm/java-21-openjdk-amd64/lib/libawt.so
7cd9177c2000-7cd9177cf000 r--p 000b5000 103:02 17172951                  /usr/lib/jvm/java-21-openjdk-amd64/lib/libawt.so
7cd9177cf000-7cd9177d0000 r--p 000c1000 103:02 17172951                  /usr/lib/jvm/java-21-openjdk-amd64/lib/libawt.so
7cd9177d0000-7cd9177db000 rw-p 000c2000 103:02 17172951                  /usr/lib/jvm/java-21-openjdk-amd64/lib/libawt.so
7cd9177db000-7cd917800000 rw-p 00000000 00:00 0 
7cd917800000-7cd917804000 ---p 00000000 00:00 0 
7cd917804000-7cd917900000 rw-p 00000000 00:00 0 
7cd917900000-7cd917904000 ---p 00000000 00:00 0 
7cd917904000-7cd917a00000 rw-p 00000000 00:00 0 
7cd917a00000-7cd917a04000 ---p 00000000 00:00 0 
7cd917a04000-7cd917b00000 rw-p 00000000 00:00 0 
7cd917b00000-7cd917b04000 ---p 00000000 00:00 0 
7cd917b04000-7cd917c00000 rw-p 00000000 00:00 0 
7cd917c00000-7cd917c04000 ---p 00000000 00:00 0 
7cd917c04000-7cd917d00000 rw-p 00000000 00:00 0 
7cd917d00000-7cd917d04000 ---p 00000000 00:00 0 
7cd917d04000-7cd917e00000 rw-p 00000000 00:00 0 
7cd917e00000-7cd917e04000 ---p 00000000 00:00 0 
7cd917e04000-7cd917f00000 rw-p 00000000 00:00 0 
7cd917f00000-7cd917f04000 ---p 00000000 00:00 0 
7cd917f04000-7cd918000000 rw-p 00000000 00:00 0 
7cd918000000-7cd918021000 rw-p 00000000 00:00 0 
7cd918021000-7cd91c004000 ---p 00000000 00:00 0 
7cd91c004000-7cd91c100000 rw-p 00000000 00:00 0 
7cd91c100000-7cd91c104000 ---p 00000000 00:00 0 
7cd91c104000-7cd91c200000 rw-p 00000000 00:00 0 
7cd91c200000-7cd91c204000 ---p 00000000 00:00 0 
7cd91c204000-7cd91c300000 rw-p 00000000 00:00 0 
7cd91c300000-7cd91c304000 ---p 00000000 00:00 0 
7cd91c304000-7cd91c400000 rw-p 00000000 00:00 0 
7cd91c400000-7cd91d1ec000 r--p 00000000 103:02 16521112                  /usr/lib/locale/locale-archive
7cd91d1f7000-7cd91d1fb000 ---p 00000000 00:00 0 
7cd91d1fb000-7cd91d2f7000 rw-p 00000000 00:00 0 
7cd91d2f7000-7cd91d2f8000 ---p 00000000 00:00 0 
7cd91d2f8000-7cd91d3f8000 rw-p 00000000 00:00 0 
7cd91d3f8000-7cd91d3f9000 ---p 00000000 00:00 0 
7cd91d3f9000-7cd91d4f9000 rw-p 00000000 00:00 0 
7cd91d4f9000-7cd91d4fa000 ---p 00000000 00:00 0 
7cd91d4fa000-7cd91d5fa000 rw-p 00000000 00:00 0 
7cd91d5fa000-7cd91d5fb000 ---p 00000000 00:00 0 
7cd91d5fb000-7cd91d6fb000 rw-p 00000000 00:00 0 
7cd91d6fb000-7cd9203b0000 rw-p 00000000 00:00 0 
7cd9203b0000-7cd927650000 ---p 00000000 00:00 0 
7cd927650000-7cd927660000 rw-p 00000000 00:00 0 
7cd927665000-7cd92766c000 r--s 00000000 103:02 16532226                  /usr/lib/x86_64-linux-gnu/gconv/gconv-modules.cache
7cd92766c000-7cd927670000 r--p 00000000 103:02 17172982                  /usr/lib/jvm/java-21-openjdk-amd64/lib/libverify.so
7cd927670000-7cd927677000 r-xp 00004000 103:02 17172982                  /usr/lib/jvm/java-21-openjdk-amd64/lib/libverify.so
7cd927677000-7cd927679000 r--p 0000b000 103:02 17172982                  /usr/lib/jvm/java-21-openjdk-amd64/lib/libverify.so
7cd927679000-7cd92767b000 r--p 0000c000 103:02 17172982                  /usr/lib/jvm/java-21-openjdk-amd64/lib/libverify.so
7cd92767b000-7cd92767c000 rw-p 0000e000 103:02 17172982                  /usr/lib/jvm/java-21-openjdk-amd64/lib/libverify.so
7cd92767c000-7cd927680000 r--p 00000000 103:02 16530777                  /usr/lib/x86_64-linux-gnu/libjpeg.so.8.2.2
7cd927680000-7cd9276cd000 r-xp 00004000 103:02 16530777                  /usr/lib/x86_64-linux-gnu/libjpeg.so.8.2.2
7cd9276cd000-7cd9276fd000 r--p 00051000 103:02 16530777                  /usr/lib/x86_64-linux-gnu/libjpeg.so.8.2.2
7cd9276fd000-7cd9276fe000 r--p 00081000 103:02 16530777                  /usr/lib/x86_64-linux-gnu/libjpeg.so.8.2.2
7cd9276fe000-7cd9276ff000 rw-p 00082000 103:02 16530777                  /usr/lib/x86_64-linux-gnu/libjpeg.so.8.2.2
7cd9276ff000-7cd9278f6000 rw-p 00000000 00:00 0 
7cd9278f6000-7cd92874a000 ---p 00000000 00:00 0 
7cd92874a000-7cd92874c000 rw-p 00000000 00:00 0 
7cd928751000-7cd928752000 r--p 00000000 103:02 16530540                  /usr/lib/x86_64-linux-gnu/libdl.so.2
7cd928752000-7cd928753000 r-xp 00001000 103:02 16530540                  /usr/lib/x86_64-linux-gnu/libdl.so.2
7cd928753000-7cd928754000 r--p 00002000 103:02 16530540                  /usr/lib/x86_64-linux-gnu/libdl.so.2
7cd928754000-7cd928755000 r--p 00002000 103:02 16530540                  /usr/lib/x86_64-linux-gnu/libdl.so.2
7cd928755000-7cd928756000 rw-p 00003000 103:02 16530540                  /usr/lib/x86_64-linux-gnu/libdl.so.2
7cd928756000-7cd928757000 r--p 00000000 103:02 16531006                  /usr/lib/x86_64-linux-gnu/librt.so.1
7cd928757000-7cd928758000 r-xp 00001000 103:02 16531006                  /usr/lib/x86_64-linux-gnu/librt.so.1
7cd928758000-7cd928759000 r--p 00002000 103:02 16531006                  /usr/lib/x86_64-linux-gnu/librt.so.1
7cd928759000-7cd92875a000 r--p 00002000 103:02 16531006                  /usr/lib/x86_64-linux-gnu/librt.so.1
7cd92875a000-7cd92875b000 rw-p 00003000 103:02 16531006                  /usr/lib/x86_64-linux-gnu/librt.so.1
7cd92875b000-7cd92875c000 r--p 00000000 103:02 16530978                  /usr/lib/x86_64-linux-gnu/libpthread.so.0
7cd92875c000-7cd92875d000 r-xp 00001000 103:02 16530978                  /usr/lib/x86_64-linux-gnu/libpthread.so.0
7cd92875d000-7cd92875e000 r--p 00002000 103:02 16530978                  /usr/lib/x86_64-linux-gnu/libpthread.so.0
7cd92875e000-7cd92875f000 r--p 00002000 103:02 16530978                  /usr/lib/x86_64-linux-gnu/libpthread.so.0
7cd92875f000-7cd928760000 rw-p 00003000 103:02 16530978                  /usr/lib/x86_64-linux-gnu/libpthread.so.0
7cd928760000-7cd928763000 r--p 00000000 103:02 16530678                  /usr/lib/x86_64-linux-gnu/libgraphite2.so.3.2.1
7cd928763000-7cd928780000 r-xp 00003000 103:02 16530678                  /usr/lib/x86_64-linux-gnu/libgraphite2.so.3.2.1
7cd928780000-7cd928783000 r--p 00020000 103:02 16530678                  /usr/lib/x86_64-linux-gnu/libgraphite2.so.3.2.1
7cd928783000-7cd928785000 r--p 00022000 103:02 16530678                  /usr/lib/x86_64-linux-gnu/libgraphite2.so.3.2.1
7cd928785000-7cd928786000 rw-p 00024000 103:02 16530678                  /usr/lib/x86_64-linux-gnu/libgraphite2.so.3.2.1
7cd928786000-7cd928798000 r--p 00000000 103:02 17173114                  /usr/lib/jvm/java-21-openjdk-amd64/lib/libawt_xawt.so
7cd928798000-7cd9287df000 r-xp 00012000 103:02 17173114                  /usr/lib/jvm/java-21-openjdk-amd64/lib/libawt_xawt.so
7cd9287df000-7cd9287f7000 r--p 00059000 103:02 17173114                  /usr/lib/jvm/java-21-openjdk-amd64/lib/libawt_xawt.so
7cd9287f7000-7cd9287fc000 r--p 00070000 103:02 17173114                  /usr/lib/jvm/java-21-openjdk-amd64/lib/libawt_xawt.so
7cd9287fc000-7cd9287fe000 rw-p 00075000 103:02 17173114                  /usr/lib/jvm/java-21-openjdk-amd64/lib/libawt_xawt.so
7cd9287fe000-7cd928800000 rw-p 00000000 00:00 0 
7cd928800000-7cd928a70000 rwxp 00000000 00:00 0 
7cd928a70000-7cd92fc5f000 ---p 00000000 00:00 0 
7cd92fc5f000-7cd92ff1f000 rwxp 00000000 00:00 0 
7cd92ff1f000-7cd9303a0000 ---p 00000000 00:00 0 
7cd9303a0000-7cd930610000 rwxp 00000000 00:00 0 
7cd930610000-7cd937800000 ---p 00000000 00:00 0 
7cd937800000-7cd93fe02000 r--s 00000000 103:02 17172984                  /usr/lib/jvm/java-21-openjdk-amd64/lib/modules
7cd93fe06000-7cd93fe08000 r--p 00000000 103:02 16530473                  /usr/lib/x86_64-linux-gnu/libbz2.so.1.0.4
7cd93fe08000-7cd93fe16000 r-xp 00002000 103:02 16530473                  /usr/lib/x86_64-linux-gnu/libbz2.so.1.0.4
7cd93fe16000-7cd93fe18000 r--p 00010000 103:02 16530473                  /usr/lib/x86_64-linux-gnu/libbz2.so.1.0.4
7cd93fe18000-7cd93fe19000 r--p 00011000 103:02 16530473                  /usr/lib/x86_64-linux-gnu/libbz2.so.1.0.4
7cd93fe19000-7cd93fe1a000 rw-p 00012000 103:02 16530473                  /usr/lib/x86_64-linux-gnu/libbz2.so.1.0.4
7cd93fe1e000-7cd93fe2e000 -w-s 00000000 00:05 1116                       /dev/nvidia0
7cd93fe2e000-7cd93fe33000 r--p 00000000 103:02 17172968                  /usr/lib/jvm/java-21-openjdk-amd64/lib/libjsvml.so
7cd93fe33000-7cd93fe74000 r-xp 00005000 103:02 17172968                  /usr/lib/jvm/java-21-openjdk-amd64/lib/libjsvml.so
7cd93fe74000-7cd93fefd000 r--p 00046000 103:02 17172968                  /usr/lib/jvm/java-21-openjdk-amd64/lib/libjsvml.so
7cd93fefd000-7cd93fefe000 r--p 000ce000 103:02 17172968                  /usr/lib/jvm/java-21-openjdk-amd64/lib/libjsvml.so
7cd93fefe000-7cd93feff000 rw-p 000cf000 103:02 17172968                  /usr/lib/jvm/java-21-openjdk-amd64/lib/libjsvml.so
7cd93feff000-7cd9415b5000 rw-p 00000000 00:00 0 
7cd9415b5000-7cd944000000 ---p 00000000 00:00 0 
7cd944002000-7cd944003000 r--p 00000000 103:02 16530468                  /usr/lib/x86_64-linux-gnu/libbrotlidec.so.1.1.0
7cd944003000-7cd94400b000 r-xp 00001000 103:02 16530468                  /usr/lib/x86_64-linux-gnu/libbrotlidec.so.1.1.0
7cd94400b000-7cd94400e000 r--p 00009000 103:02 16530468                  /usr/lib/x86_64-linux-gnu/libbrotlidec.so.1.1.0
7cd94400e000-7cd94400f000 r--p 0000b000 103:02 16530468                  /usr/lib/x86_64-linux-gnu/libbrotlidec.so.1.1.0
7cd94400f000-7cd944010000 rw-p 0000c000 103:02 16530468                  /usr/lib/x86_64-linux-gnu/libbrotlidec.so.1.1.0
7cd944010000-7cd944013000 r--p 00000000 103:02 17172955                  /usr/lib/jvm/java-21-openjdk-amd64/lib/libfontmanager.so
7cd944013000-7cd94401c000 r-xp 00003000 103:02 17172955                  /usr/lib/jvm/java-21-openjdk-amd64/lib/libfontmanager.so
7cd94401c000-7cd94401e000 r--p 0000c000 103:02 17172955                  /usr/lib/jvm/java-21-openjdk-amd64/lib/libfontmanager.so
7cd94401e000-7cd94401f000 r--p 0000d000 103:02 17172955                  /usr/lib/jvm/java-21-openjdk-amd64/lib/libfontmanager.so
7cd94401f000-7cd944020000 rw-p 0000e000 103:02 17172955                  /usr/lib/jvm/java-21-openjdk-amd64/lib/libfontmanager.so
7cd944020000-7cd944022000 r--p 00000000 103:02 16530828                  /usr/lib/x86_64-linux-gnu/libmd.so.0.1.0
7cd944022000-7cd94402b000 r-xp 00002000 103:02 16530828                  /usr/lib/x86_64-linux-gnu/libmd.so.0.1.0
7cd94402b000-7cd94402d000 r--p 0000b000 103:02 16530828                  /usr/lib/x86_64-linux-gnu/libmd.so.0.1.0
7cd94402d000-7cd94402e000 r--p 0000c000 103:02 16530828                  /usr/lib/x86_64-linux-gnu/libmd.so.0.1.0
7cd94402e000-7cd94402f000 rw-p 0000d000 103:02 16530828                  /usr/lib/x86_64-linux-gnu/libmd.so.0.1.0
7cd94402f000-7cd944033000 r--p 00000000 103:02 16530470                  /usr/lib/x86_64-linux-gnu/libbsd.so.0.12.1
7cd944033000-7cd94403f000 r-xp 00004000 103:02 16530470                  /usr/lib/x86_64-linux-gnu/libbsd.so.0.12.1
7cd94403f000-7cd944042000 r--p 00010000 103:02 16530470                  /usr/lib/x86_64-linux-gnu/libbsd.so.0.12.1
7cd944042000-7cd944043000 r--p 00012000 103:02 16530470                  /usr/lib/x86_64-linux-gnu/libbsd.so.0.12.1
7cd944043000-7cd944044000 rw-p 00013000 103:02 16530470                  /usr/lib/x86_64-linux-gnu/libbsd.so.0.12.1
7cd944044000-7cd944045000 rw-p 00000000 00:00 0 
7cd944045000-7cd944047000 r--p 00000000 103:02 16530323                  /usr/lib/x86_64-linux-gnu/libXdmcp.so.6.0.0
7cd944047000-7cd944049000 r-xp 00002000 103:02 16530323                  /usr/lib/x86_64-linux-gnu/libXdmcp.so.6.0.0
7cd944049000-7cd94404b000 r--p 00004000 103:02 16530323                  /usr/lib/x86_64-linux-gnu/libXdmcp.so.6.0.0
7cd94404b000-7cd94404c000 r--p 00005000 103:02 16530323                  /usr/lib/x86_64-linux-gnu/libXdmcp.so.6.0.0
7cd94404c000-7cd94404d000 rw-p 00006000 103:02 16530323                  /usr/lib/x86_64-linux-gnu/libXdmcp.so.6.0.0
7cd94404d000-7cd944058000 r--p 00000000 103:02 16531187                  /usr/lib/x86_64-linux-gnu/libxcb.so.1.1.0
7cd944058000-7cd94406b000 r-xp 0000b000 103:02 16531187                  /usr/lib/x86_64-linux-gnu/libxcb.so.1.1.0
7cd94406b000-7cd944074000 r--p 0001e000 103:02 16531187                  /usr/lib/x86_64-linux-gnu/libxcb.so.1.1.0
7cd944074000-7cd944075000 r--p 00026000 103:02 16531187                  /usr/lib/x86_64-linux-gnu/libxcb.so.1.1.0
7cd944075000-7cd944076000 rw-p 00027000 103:02 16531187                  /usr/lib/x86_64-linux-gnu/libxcb.so.1.1.0
7cd944076000-7cd9446fd000 rw-p 00000000 00:00 0 
7cd9446fd000-7cd9446fe000 ---p 00000000 00:00 0 
7cd9446fe000-7cd9447fe000 rw-p 00000000 00:00 0 
7cd9447fe000-7cd9447ff000 ---p 00000000 00:00 0 
7cd9447ff000-7cd9448ff000 rw-p 00000000 00:00 0 
7cd9448ff000-7cd944900000 ---p 00000000 00:00 0 
7cd944900000-7cd944a00000 rw-p 00000000 00:00 0 
7cd944a00000-7cd944af6000 rw-p 00000000 00:00 0 
7cd944af6000-7cd94594a000 ---p 00000000 00:00 0 
7cd94594a000-7cd94594c000 rw-p 00000000 00:00 0 
7cd94594c000-7cd94594d000 r--p 00000000 103:02 16530318                  /usr/lib/x86_64-linux-gnu/libXau.so.6.0.0
7cd94594d000-7cd94594f000 r-xp 00001000 103:02 16530318                  /usr/lib/x86_64-linux-gnu/libXau.so.6.0.0
7cd94594f000-7cd945950000 r--p 00003000 103:02 16530318                  /usr/lib/x86_64-linux-gnu/libXau.so.6.0.0
7cd945950000-7cd945951000 r--p 00003000 103:02 16530318                  /usr/lib/x86_64-linux-gnu/libXau.so.6.0.0
7cd945951000-7cd945952000 rw-p 00004000 103:02 16530318                  /usr/lib/x86_64-linux-gnu/libXau.so.6.0.0
7cd945952000-7cd945955000 r--p 00000000 103:02 16530328                  /usr/lib/x86_64-linux-gnu/libXi.so.6.1.0
7cd945955000-7cd945961000 r-xp 00003000 103:02 16530328                  /usr/lib/x86_64-linux-gnu/libXi.so.6.1.0
7cd945961000-7cd945963000 r--p 0000f000 103:02 16530328                  /usr/lib/x86_64-linux-gnu/libXi.so.6.1.0
7cd945963000-7cd945964000 r--p 00011000 103:02 16530328                  /usr/lib/x86_64-linux-gnu/libXi.so.6.1.0
7cd945964000-7cd945965000 rw-p 00012000 103:02 16530328                  /usr/lib/x86_64-linux-gnu/libXi.so.6.1.0
7cd945965000-7cd946733000 rw-p 00000000 00:00 0 
7cd946733000-7cd946817000 ---p 00000000 00:00 0 
7cd946817000-7cd94681c000 rw-p 00000000 00:00 0 
7cd94681c000-7cd946900000 ---p 00000000 00:00 0 
7cd946900000-7cd946904000 ---p 00000000 00:00 0 
7cd946904000-7cd946a00000 rw-p 00000000 00:00 0 
7cd946a00000-7cd946a9d000 r--p 00000000 103:02 16543594                  /usr/lib/x86_64-linux-gnu/libstdc++.so.6.0.33
7cd946a9d000-7cd946be5000 r-xp 0009d000 103:02 16543594                  /usr/lib/x86_64-linux-gnu/libstdc++.so.6.0.33
7cd946be5000-7cd946c6c000 r--p 001e5000 103:02 16543594                  /usr/lib/x86_64-linux-gnu/libstdc++.so.6.0.33
7cd946c6c000-7cd946c77000 r--p 0026b000 103:02 16543594                  /usr/lib/x86_64-linux-gnu/libstdc++.so.6.0.33
7cd946c77000-7cd946c7a000 rw-p 00276000 103:02 16543594                  /usr/lib/x86_64-linux-gnu/libstdc++.so.6.0.33
7cd946c7a000-7cd946c7e000 rw-p 00000000 00:00 0 
7cd946c80000-7cd946c82000 r--p 00000000 103:02 16530337                  /usr/lib/x86_64-linux-gnu/libXtst.so.6.1.0
7cd946c82000-7cd946c85000 r-xp 00002000 103:02 16530337                  /usr/lib/x86_64-linux-gnu/libXtst.so.6.1.0
7cd946c85000-7cd946c86000 r--p 00005000 103:02 16530337                  /usr/lib/x86_64-linux-gnu/libXtst.so.6.1.0
7cd946c86000-7cd946c87000 r--p 00005000 103:02 16530337                  /usr/lib/x86_64-linux-gnu/libXtst.so.6.1.0
7cd946c87000-7cd946c88000 rw-p 00006000 103:02 16530337                  /usr/lib/x86_64-linux-gnu/libXtst.so.6.1.0
7cd946c88000-7cd946c8a000 r--p 00000000 103:02 16530334                  /usr/lib/x86_64-linux-gnu/libXrender.so.1.3.0
7cd946c8a000-7cd946c91000 r-xp 00002000 103:02 16530334                  /usr/lib/x86_64-linux-gnu/libXrender.so.1.3.0
7cd946c91000-7cd946c92000 r--p 00009000 103:02 16530334                  /usr/lib/x86_64-linux-gnu/libXrender.so.1.3.0
7cd946c92000-7cd946c93000 r--p 00009000 103:02 16530334                  /usr/lib/x86_64-linux-gnu/libXrender.so.1.3.0
7cd946c93000-7cd946c94000 rw-p 0000a000 103:02 16530334                  /usr/lib/x86_64-linux-gnu/libXrender.so.1.3.0
7cd946c94000-7cd946c98000 r--p 00000000 103:02 16530324                  /usr/lib/x86_64-linux-gnu/libXext.so.6.4.0
7cd946c98000-7cd946ca3000 r-xp 00004000 103:02 16530324                  /usr/lib/x86_64-linux-gnu/libXext.so.6.4.0
7cd946ca3000-7cd946ca6000 r--p 0000f000 103:02 16530324                  /usr/lib/x86_64-linux-gnu/libXext.so.6.4.0
7cd946ca6000-7cd946ca7000 r--p 00011000 103:02 16530324                  /usr/lib/x86_64-linux-gnu/libXext.so.6.4.0
7cd946ca7000-7cd946ca8000 rw-p 00012000 103:02 16530324                  /usr/lib/x86_64-linux-gnu/libXext.so.6.4.0
7cd946cab000-7cd946cac000 r--p 00000000 103:02 16530329                  /usr/lib/x86_64-linux-gnu/libXinerama.so.1.0.0
7cd946cac000-7cd946cad000 r-xp 00001000 103:02 16530329                  /usr/lib/x86_64-linux-gnu/libXinerama.so.1.0.0
7cd946cad000-7cd946cae000 r--p 00002000 103:02 16530329                  /usr/lib/x86_64-linux-gnu/libXinerama.so.1.0.0
7cd946cae000-7cd946caf000 r--p 00002000 103:02 16530329                  /usr/lib/x86_64-linux-gnu/libXinerama.so.1.0.0
7cd946caf000-7cd946cb0000 rw-p 00003000 103:02 16530329                  /usr/lib/x86_64-linux-gnu/libXinerama.so.1.0.0
7cd946cb0000-7cd946cb2000 r--p 00000000 103:02 17172962                  /usr/lib/jvm/java-21-openjdk-amd64/lib/libjavajpeg.so
7cd946cb2000-7cd946cb9000 r-xp 00002000 103:02 17172962                  /usr/lib/jvm/java-21-openjdk-amd64/lib/libjavajpeg.so
7cd946cb9000-7cd946cba000 r--p 00009000 103:02 17172962                  /usr/lib/jvm/java-21-openjdk-amd64/lib/libjavajpeg.so
7cd946cba000-7cd946cbb000 r--p 0000a000 103:02 17172962                  /usr/lib/jvm/java-21-openjdk-amd64/lib/libjavajpeg.so
7cd946cbb000-7cd946cbc000 rw-p 0000b000 103:02 17172962                  /usr/lib/jvm/java-21-openjdk-amd64/lib/libjavajpeg.so
7cd946cbc000-7cd946d17000 rw-p 00000000 00:00 0 
7cd946d17000-7cd946d27000 r--p 00000000 103:02 16530817                  /usr/lib/x86_64-linux-gnu/libm.so.6
7cd946d27000-7cd946da6000 r-xp 00010000 103:02 16530817                  /usr/lib/x86_64-linux-gnu/libm.so.6
7cd946da6000-7cd946dfe000 r--p 0008f000 103:02 16530817                  /usr/lib/x86_64-linux-gnu/libm.so.6
7cd946dfe000-7cd946dff000 r--p 000e7000 103:02 16530817                  /usr/lib/x86_64-linux-gnu/libm.so.6
7cd946dff000-7cd946e00000 rw-p 000e8000 103:02 16530817                  /usr/lib/x86_64-linux-gnu/libm.so.6
7cd946e00000-7cd947096000 r--p 00000000 103:02 17172990                  /usr/lib/jvm/java-21-openjdk-amd64/lib/server/libjvm.so
7cd947096000-7cd947efe000 r-xp 00296000 103:02 17172990                  /usr/lib/jvm/java-21-openjdk-amd64/lib/server/libjvm.so
7cd947efe000-7cd9481d1000 r--p 010fe000 103:02 17172990                  /usr/lib/jvm/java-21-openjdk-amd64/lib/server/libjvm.so
7cd9481d1000-7cd9482a1000 r--p 013d0000 103:02 17172990                  /usr/lib/jvm/java-21-openjdk-amd64/lib/server/libjvm.so
7cd9482a1000-7cd9482d1000 rw-p 014a0000 103:02 17172990                  /usr/lib/jvm/java-21-openjdk-amd64/lib/server/libjvm.so
7cd9482d1000-7cd948337000 rw-p 00000000 00:00 0 
7cd948338000-7cd94833a000 r--p 00000000 103:02 17172983                  /usr/lib/jvm/java-21-openjdk-amd64/lib/libzip.so
7cd94833a000-7cd94833f000 r-xp 00002000 103:02 17172983                  /usr/lib/jvm/java-21-openjdk-amd64/lib/libzip.so
7cd94833f000-7cd948341000 r--p 00007000 103:02 17172983                  /usr/lib/jvm/java-21-openjdk-amd64/lib/libzip.so
7cd948341000-7cd948342000 r--p 00008000 103:02 17172983                  /usr/lib/jvm/java-21-openjdk-amd64/lib/libzip.so
7cd948342000-7cd948343000 rw-p 00009000 103:02 17172983                  /usr/lib/jvm/java-21-openjdk-amd64/lib/libzip.so
7cd948343000-7cd948400000 rw-p 00000000 00:00 0 
7cd948400000-7cd948428000 r--p 00000000 103:02 16530474                  /usr/lib/x86_64-linux-gnu/libc.so.6
7cd948428000-7cd9485b0000 r-xp 00028000 103:02 16530474                  /usr/lib/x86_64-linux-gnu/libc.so.6
7cd9485b0000-7cd9485ff000 r--p 001b0000 103:02 16530474                  /usr/lib/x86_64-linux-gnu/libc.so.6
7cd9485ff000-7cd948603000 r--p 001fe000 103:02 16530474                  /usr/lib/x86_64-linux-gnu/libc.so.6
7cd948603000-7cd948605000 rw-p 00202000 103:02 16530474                  /usr/lib/x86_64-linux-gnu/libc.so.6
7cd948605000-7cd948612000 rw-p 00000000 00:00 0 
7cd948616000-7cd948619000 r--p 00000000 103:02 17172975                  /usr/lib/jvm/java-21-openjdk-amd64/lib/libnet.so
7cd948619000-7cd948621000 r-xp 00003000 103:02 17172975                  /usr/lib/jvm/java-21-openjdk-amd64/lib/libnet.so
7cd948621000-7cd948623000 r--p 0000b000 103:02 17172975                  /usr/lib/jvm/java-21-openjdk-amd64/lib/libnet.so
7cd948623000-7cd948624000 r--p 0000c000 103:02 17172975                  /usr/lib/jvm/java-21-openjdk-amd64/lib/libnet.so
7cd948624000-7cd948625000 rw-p 0000d000 103:02 17172975                  /usr/lib/jvm/java-21-openjdk-amd64/lib/libnet.so
7cd948625000-7cd94862c000 r--p 00000000 103:02 17172976                  /usr/lib/jvm/java-21-openjdk-amd64/lib/libnio.so
7cd94862c000-7cd948635000 r-xp 00007000 103:02 17172976                  /usr/lib/jvm/java-21-openjdk-amd64/lib/libnio.so
7cd948635000-7cd948639000 r--p 00010000 103:02 17172976                  /usr/lib/jvm/java-21-openjdk-amd64/lib/libnio.so
7cd948639000-7cd94863a000 r--p 00014000 103:02 17172976                  /usr/lib/jvm/java-21-openjdk-amd64/lib/libnio.so
7cd94863a000-7cd94863b000 rw-p 00015000 103:02 17172976                  /usr/lib/jvm/java-21-openjdk-amd64/lib/libnio.so
7cd94863b000-7cd948641000 rw-p 00000000 00:00 0 
7cd948641000-7cd94864a000 ---p 00000000 00:00 0 
7cd94864a000-7cd948657000 r--p 00000000 103:02 17172961                  /usr/lib/jvm/java-21-openjdk-amd64/lib/libjava.so
7cd948657000-7cd948666000 r-xp 0000d000 103:02 17172961                  /usr/lib/jvm/java-21-openjdk-amd64/lib/libjava.so
7cd948666000-7cd94866b000 r--p 0001c000 103:02 17172961                  /usr/lib/jvm/java-21-openjdk-amd64/lib/libjava.so
7cd94866b000-7cd94866c000 r--p 00021000 103:02 17172961                  /usr/lib/jvm/java-21-openjdk-amd64/lib/libjava.so
7cd94866c000-7cd94866d000 rw-p 00022000 103:02 17172961                  /usr/lib/jvm/java-21-openjdk-amd64/lib/libjava.so
7cd94866d000-7cd94866e000 rw-p 00000000 00:00 0 
7cd94866e000-7cd948672000 r--p 00000000 103:02 16528598                  /usr/lib/x86_64-linux-gnu/libgcc_s.so.1
7cd948672000-7cd948696000 r-xp 00004000 103:02 16528598                  /usr/lib/x86_64-linux-gnu/libgcc_s.so.1
7cd948696000-7cd94869a000 r--p 00028000 103:02 16528598                  /usr/lib/x86_64-linux-gnu/libgcc_s.so.1
7cd94869a000-7cd94869b000 r--p 0002b000 103:02 16528598                  /usr/lib/x86_64-linux-gnu/libgcc_s.so.1
7cd94869b000-7cd94869c000 rw-p 0002c000 103:02 16528598                  /usr/lib/x86_64-linux-gnu/libgcc_s.so.1
7cd94869c000-7cd94869e000 rw-p 00000000 00:00 0 
7cd94869e000-7cd9486a0000 r--p 00000000 103:02 17172965                  /usr/lib/jvm/java-21-openjdk-amd64/lib/libjli.so
7cd9486a0000-7cd9486aa000 r-xp 00002000 103:02 17172965                  /usr/lib/jvm/java-21-openjdk-amd64/lib/libjli.so
7cd9486aa000-7cd9486ad000 r--p 0000c000 103:02 17172965                  /usr/lib/jvm/java-21-openjdk-amd64/lib/libjli.so
7cd9486ad000-7cd9486ae000 r--p 0000f000 103:02 17172965                  /usr/lib/jvm/java-21-openjdk-amd64/lib/libjli.so
7cd9486ae000-7cd9486af000 rw-p 00010000 103:02 17172965                  /usr/lib/jvm/java-21-openjdk-amd64/lib/libjli.so
7cd9486af000-7cd9486b1000 r--p 00000000 103:02 16531205                  /usr/lib/x86_64-linux-gnu/libz.so.1.3
7cd9486b1000-7cd9486c3000 r-xp 00002000 103:02 16531205                  /usr/lib/x86_64-linux-gnu/libz.so.1.3
7cd9486c3000-7cd9486c9000 r--p 00014000 103:02 16531205                  /usr/lib/x86_64-linux-gnu/libz.so.1.3
7cd9486c9000-7cd9486ca000 r--p 0001a000 103:02 16531205                  /usr/lib/x86_64-linux-gnu/libz.so.1.3
7cd9486ca000-7cd9486cb000 rw-p 0001b000 103:02 16531205                  /usr/lib/x86_64-linux-gnu/libz.so.1.3
7cd9486cc000-7cd9486d4000 rw-s 00000000 103:02 18219107                  /tmp/hsperfdata_dov/5589
7cd9486d4000-7cd9486d5000 ---p 00000000 00:00 0 
7cd9486d5000-7cd9486d6000 r--p 00000000 00:00 0 
7cd9486d6000-7cd9486d7000 ---p 00000000 00:00 0 
7cd9486d7000-7cd9486d9000 r--p 00000000 103:02 17172964                  /usr/lib/jvm/java-21-openjdk-amd64/lib/libjimage.so
7cd9486d9000-7cd9486dc000 r-xp 00002000 103:02 17172964                  /usr/lib/jvm/java-21-openjdk-amd64/lib/libjimage.so
7cd9486dc000-7cd9486dd000 r--p 00005000 103:02 17172964                  /usr/lib/jvm/java-21-openjdk-amd64/lib/libjimage.so
7cd9486dd000-7cd9486de000 r--p 00006000 103:02 17172964                  /usr/lib/jvm/java-21-openjdk-amd64/lib/libjimage.so
7cd9486de000-7cd9486df000 rw-p 00007000 103:02 17172964                  /usr/lib/jvm/java-21-openjdk-amd64/lib/libjimage.so
7cd9486df000-7cd9486e1000 rw-p 00000000 00:00 0 
7cd9486e1000-7cd9486e2000 r--p 00000000 103:02 16530286                  /usr/lib/x86_64-linux-gnu/ld-linux-x86-64.so.2
7cd9486e2000-7cd94870d000 r-xp 00001000 103:02 16530286                  /usr/lib/x86_64-linux-gnu/ld-linux-x86-64.so.2
7cd94870d000-7cd948717000 r--p 0002c000 103:02 16530286                  /usr/lib/x86_64-linux-gnu/ld-linux-x86-64.so.2
7cd948717000-7cd948719000 r--p 00036000 103:02 16530286                  /usr/lib/x86_64-linux-gnu/ld-linux-x86-64.so.2
7cd948719000-7cd94871b000 rw-p 00038000 103:02 16530286                  /usr/lib/x86_64-linux-gnu/ld-linux-x86-64.so.2
7fff537ee000-7fff5380f000 rw-p 00000000 00:00 0                          [stack]
7fff538bb000-7fff538bf000 r--p 00000000 00:00 0                          [vvar]
7fff538bf000-7fff538c1000 r-xp 00000000 00:00 0                          [vdso]
ffffffffff600000-ffffffffff601000 --xp 00000000 00:00 0                  [vsyscall]
Total number of mappings: 461


VM Arguments:
jvm_args: -Dfile.encoding=UTF-8 --module-path=/home/dov/projects/NeighborhoodPIG/build/classes 
java_command: main.NeighborhoodPIG
java_class_path (initial): /home/dov/projects/Libraries/commons-math3/commons-math3-3.6.1-javadoc.jar:/home/dov/projects/Libraries/commons-math3/commons-math3-3.6.1-sources.jar:/home/dov/projects/Libraries/commons-math3/commons-math3-3.6.1-test-sources.jar:/home/dov/projects/Libraries/commons-math3/commons-math3-3.6.1-tests.jar:/home/dov/projects/Libraries/commons-math3/commons-math3-3.6.1-tools.jar:/home/dov/projects/Libraries/commons-math3/commons-math3-3.6.1.jar:/home/dov/projects/JCudaWrapper/jcuda12/jcublas-12.0.0.jar:/home/dov/projects/JCudaWrapper/jcuda12/jcublas-natives-12.0.0-linux-x86_64.jar:/home/dov/projects/JCudaWrapper/jcuda12/jcuda-12.0.0.jar:/home/dov/projects/JCudaWrapper/jcuda12/jcuda-natives-12.0.0-linux-x86_64.jar:/home/dov/projects/JCudaWrapper/jcuda12/jcudnn-12.0.0.jar:/home/dov/projects/JCudaWrapper/jcuda12/jcudnn-natives-12.0.0-linux-x86_64.jar:/home/dov/projects/JCudaWrapper/jcuda12/jcufft-12.0.0.jar:/home/dov/projects/JCudaWrapper/jcuda12/jcufft-natives-12.0.0-linux-x86_64.jar:/home/dov/projects/JCudaWrapper/jcuda12/jcurand-12.0.0.jar:/home/dov/projects/JCudaWrapper/jcuda12/jcurand-natives-12.0.0-linux-x86_64.jar:/home/dov/projects/JCudaWrapper/jcuda12/jcusolver-12.0.0.jar:/home/dov/projects/JCudaWrapper/jcuda12/jcusolver-natives-12.0.0-linux-x86_64.jar:/home/dov/projects/JCudaWrapper/jcuda12/jcusparse-12.0.0.jar:/home/dov/projects/JCudaWrapper/jcuda12/jcusparse-natives-12.0.0-linux-x86_64.jar:/home/dov/projects/NeighborhoodPIG/build/classes
Launcher Type: SUN_STANDARD

[Global flags]
     intx CICompilerCount                          = 12                                        {product} {ergonomic}
     uint ConcGCThreads                            = 3                                         {product} {ergonomic}
     uint G1ConcRefinementThreads                  = 13                                        {product} {ergonomic}
   size_t G1HeapRegionSize                         = 4194304                                   {product} {ergonomic}
    uintx GCDrainStackTargetSize                   = 64                                        {product} {ergonomic}
   size_t InitialHeapSize                          = 515899392                                 {product} {ergonomic}
   size_t MarkStackSize                            = 4194304                                   {product} {ergonomic}
   size_t MaxHeapSize                              = 8212447232                                {product} {ergonomic}
   size_t MaxNewSize                               = 4924112896                                {product} {ergonomic}
   size_t MinHeapDeltaBytes                        = 4194304                                   {product} {ergonomic}
   size_t MinHeapSize                              = 8388608                                   {product} {ergonomic}
    uintx NonNMethodCodeHeapSize                   = 7602480                                {pd product} {ergonomic}
    uintx NonProfiledCodeHeapSize                  = 122027880                              {pd product} {ergonomic}
    uintx ProfiledCodeHeapSize                     = 122027880                              {pd product} {ergonomic}
    uintx ReservedCodeCacheSize                    = 251658240                              {pd product} {ergonomic}
     bool SegmentedCodeCache                       = true                                      {product} {ergonomic}
   size_t SoftMaxHeapSize                          = 8212447232                             {manageable} {ergonomic}
     bool UseCompressedOops                        = true                           {product lp64_product} {ergonomic}
     bool UseG1GC                                  = true                                      {product} {ergonomic}

Logging:
Log output configuration:
 #0: stdout all=warning uptime,level,tags foldmultilines=false
 #1: stderr all=off uptime,level,tags foldmultilines=false

Environment Variables:
PATH=/usr/local/sbin:/usr/local/bin:/usr/sbin:/usr/bin:/sbin:/bin:/usr/games:/usr/local/games:/snap/bin:/snap/bin
USERNAME=dov
SHELL=/bin/bash
DISPLAY=:1
LANG=en_US.UTF-8

Active Locale:
LC_ALL=en_US.UTF-8
LC_COLLATE=en_US.UTF-8
LC_CTYPE=en_US.UTF-8
LC_MESSAGES=en_US.UTF-8
LC_MONETARY=en_US.UTF-8
LC_NUMERIC=en_US.UTF-8
LC_TIME=en_US.UTF-8

Signal Handlers:
   SIGSEGV: crash_handler in libjvm.so, mask=11100100010111111101111111111110, flags=SA_RESTART|SA_SIGINFO, unblocked
    SIGBUS: crash_handler in libjvm.so, mask=11100100010111111101111111111110, flags=SA_RESTART|SA_SIGINFO, unblocked
    SIGFPE: crash_handler in libjvm.so, mask=11100100010111111101111111111110, flags=SA_RESTART|SA_SIGINFO, unblocked
   SIGPIPE: javaSignalHandler in libjvm.so, mask=11100100010111111101111111111110, flags=SA_RESTART|SA_SIGINFO, blocked
   SIGXFSZ: javaSignalHandler in libjvm.so, mask=11100100010111111101111111111110, flags=SA_RESTART|SA_SIGINFO, blocked
    SIGILL: crash_handler in libjvm.so, mask=11100100010111111101111111111110, flags=SA_RESTART|SA_SIGINFO, unblocked
   SIGUSR2: SR_handler in libjvm.so, mask=00000000000000000000000000000000, flags=SA_RESTART|SA_SIGINFO, blocked
    SIGHUP: UserHandler in libjvm.so, mask=11100100010111111101111111111110, flags=SA_RESTART|SA_SIGINFO, blocked
    SIGINT: SIG_IGN, mask=00000000000000000000000000000000, flags=none, blocked
   SIGTERM: UserHandler in libjvm.so, mask=11100100010111111101111111111110, flags=SA_RESTART|SA_SIGINFO, blocked
   SIGQUIT: UserHandler in libjvm.so, mask=11100100010111111101111111111110, flags=SA_RESTART|SA_SIGINFO, blocked
   SIGTRAP: crash_handler in libjvm.so, mask=11100100010111111101111111111110, flags=SA_RESTART|SA_SIGINFO, unblocked


Periodic native trim disabled

---------------  S Y S T E M  ---------------

OS:
DISTRIB_ID=Ubuntu
DISTRIB_RELEASE=24.04
DISTRIB_CODENAME=noble
DISTRIB_DESCRIPTION="Ubuntu 24.04.1 LTS"
uname: Linux 6.8.0-47-generic #47-Ubuntu SMP PREEMPT_DYNAMIC Fri Sep 27 21:40:26 UTC 2024 x86_64
OS uptime: 0 days 0:09 hours
libc: glibc 2.39 NPTL 2.39 
rlimit (soft/hard): STACK 8192k/infinity , CORE 0k/infinity , NPROC 125013/125013 , NOFILE 1048576/1048576 , AS infinity/infinity , CPU infinity/infinity , DATA infinity/infinity , FSIZE infinity/infinity , MEMLOCK 4009332k/4009332k
load average: 0.78 0.83 0.54

/proc/meminfo:
MemTotal:       32074660 kB
MemFree:        25591552 kB
MemAvailable:   27330092 kB
Buffers:           94616 kB
Cached:          2040436 kB
SwapCached:            0 kB
Active:          4329912 kB
Inactive:         905640 kB
Active(anon):    3175468 kB
Inactive(anon):        0 kB
Active(file):    1154444 kB
Inactive(file):   905640 kB
Unevictable:          32 kB
Mlocked:              32 kB
SwapTotal:       8388604 kB
SwapFree:        8388604 kB
Zswap:                 0 kB
Zswapped:              0 kB
Dirty:               400 kB
Writeback:             0 kB
AnonPages:       3100708 kB
Mapped:           837428 kB
Shmem:             74968 kB
KReclaimable:      86848 kB
Slab:             348156 kB
SReclaimable:      86848 kB
SUnreclaim:       261308 kB
KernelStack:       20608 kB
PageTables:        47336 kB
SecPageTables:         0 kB
NFS_Unstable:          0 kB
Bounce:                0 kB
WritebackTmp:          0 kB
CommitLimit:    24425932 kB
Committed_AS:   21762356 kB
VmallocTotal:   34359738367 kB
VmallocUsed:      162512 kB
VmallocChunk:          0 kB
Percpu:            17408 kB
HardwareCorrupted:     0 kB
AnonHugePages:         0 kB
ShmemHugePages:        0 kB
ShmemPmdMapped:        0 kB
FileHugePages:         0 kB
FilePmdMapped:         0 kB
Unaccepted:            0 kB
HugePages_Total:       0
HugePages_Free:        0
HugePages_Rsvd:        0
HugePages_Surp:        0
Hugepagesize:       2048 kB
Hugetlb:               0 kB
DirectMap4k:     1085928 kB
DirectMap2M:    13846528 kB
DirectMap1G:    18874368 kB

/sys/kernel/mm/transparent_hugepage/enabled: always [madvise] never
/sys/kernel/mm/transparent_hugepage/hpage_pmd_size: 2097152
/sys/kernel/mm/transparent_hugepage/defrag (defrag/compaction efforts parameter): always defer defer+madvise [madvise] never

Process Memory:
Virtual Size: 17060632K (peak: 17090440K)
Resident Set Size: 284824K (peak: 284824K) (anon: 125144K, file: 151488K, shmem: 8192K)
Swapped out: 0K
C-Heap outstanding allocations: 64554K, retained: 3685K
glibc malloc tunables: (default)

/proc/sys/kernel/threads-max (system-wide limit on the number of threads): 250026
/proc/sys/vm/max_map_count (maximum number of memory map areas a process may have): 1048576
/proc/sys/vm/swappiness (control to define how aggressively the kernel swaps out anonymous memory): 60
/proc/sys/kernel/pid_max (system-wide limit on number of process identifiers): 4194304

container (cgroup) information:
container_type: cgroupv2
cpu_cpuset_cpus: not supported
cpu_memory_nodes: not supported
active_processor_count: 16
cpu_quota: not supported
cpu_period: not supported
cpu_shares: not supported
memory_limit_in_bytes: unlimited
memory_and_swap_limit_in_bytes: unlimited
memory_soft_limit_in_bytes: unlimited
memory_usage_in_bytes: 1637796 k
memory_max_usage_in_bytes: not supported
memory_swap_current_in_bytes: unlimited
memory_swap_max_limit_in_bytes: unlimited
maximum number of tasks: 37503
current number of tasks: 94

Steal ticks since vm start: 0
Steal ticks percentage since vm start:  0.000

CPU: total 16 (initial active 16) (16 cores per cpu, 2 threads per core) family 25 model 68 stepping 1 microcode 0xa404101, cx8, cmov, fxsr, ht, mmx, 3dnowpref, sse, sse2, sse3, ssse3, sse4a, sse4.1, sse4.2, popcnt, lzcnt, tsc, tscinvbit, avx, avx2, aes, clmul, bmi1, bmi2, adx, sha, fma, vzeroupper, clflush, clflushopt, rdtscp, rdpid, f16c, pku, ospke, cet_ss
CPU Model and flags from /proc/cpuinfo:
model name	: AMD Ryzen 9 6900HS with Radeon Graphics
flags		: fpu vme de pse tsc msr pae mce cx8 apic sep mtrr pge mca cmov pat pse36 clflush mmx fxsr sse sse2 ht syscall nx mmxext fxsr_opt pdpe1gb rdtscp lm constant_tsc rep_good nopl nonstop_tsc cpuid extd_apicid aperfmperf rapl pni pclmulqdq monitor ssse3 fma cx16 sse4_1 sse4_2 x2apic movbe popcnt aes xsave avx f16c rdrand lahf_lm cmp_legacy svm extapic cr8_legacy abm sse4a misalignsse 3dnowprefetch osvw ibs skinit wdt tce topoext perfctr_core perfctr_nb bpext perfctr_llc mwaitx cpb cat_l3 cdp_l3 hw_pstate ssbd mba ibrs ibpb stibp vmmcall fsgsbase bmi1 avx2 smep bmi2 invpcid cqm rdt_a rdseed adx smap clflushopt clwb sha_ni xsaveopt xsavec xgetbv1 xsaves cqm_llc cqm_occup_llc cqm_mbm_total cqm_mbm_local user_shstk clzero irperf xsaveerptr rdpru wbnoinvd cppc arat npt lbrv svm_lock nrip_save tsc_scale vmcb_clean flushbyasid decodeassists pausefilter pfthreshold avic v_vmsave_vmload vgif v_spec_ctrl umip pku ospke vaes vpclmulqdq rdpid overflow_recov succor smca debug_swap

Online cpus: 0-15
Offline cpus: 
BIOS frequency limitation: <Not Available>
Frequency switch latency (ns): 0
Available cpu frequencies: <Not Available>
Current governor: powersave
Core performance/turbo boost: <Not Available>

Memory: 4k page, physical 32074660k(27330092k free), swap 8388604k(8388604k free)
Page Sizes: 4k

vm_info: OpenJDK 64-Bit Server VM (21.0.4+7-Ubuntu-1ubuntu224.04) for linux-amd64 JRE (21.0.4+7-Ubuntu-1ubuntu224.04), built on 2024-07-23T01:34:52Z by "buildd" with gcc 13.2.0

END.
