#
# A fatal error has been detected by the Java Runtime Environment:
#
#  SIGSEGV (0xb) at pc=0x0000771dbe64b06e, pid=4153, tid=4157
#
# JRE version: OpenJDK Runtime Environment (21.0.4+7) (build 21.0.4+7-Ubuntu-1ubuntu224.04)
# Java VM: OpenJDK 64-Bit Server VM (21.0.4+7-Ubuntu-1ubuntu224.04, mixed mode, sharing, tiered, compressed oops, compressed class ptrs, g1 gc, linux-amd64)
# Problematic frame:
# C  [libcuda.so.1+0x24b06e]
#
# Core dump will be written. Default location: Core dumps may be processed with "/usr/share/apport/apport -p%p -s%s -c%c -d%d -P%P -u%u -g%g -- %E" (or dumping to /home/dov/projects/NeighborhoodPIG/core.4153)
#
# If you would like to submit a bug report, please visit:
#   https://bugs.launchpad.net/ubuntu/+source/openjdk-21
# The crash happened outside the Java Virtual Machine in native code.
# See problematic frame for where to report the bug.
#

---------------  S U M M A R Y ------------

Command Line: -Dfile.encoding=UTF-8 -agentlib:jdwp=transport=dt_socket,address=localhost:37575 --module-path=/home/dov/projects/NeighborhoodPIG/build/classes main.NeighborhoodPIG

Host: AMD Ryzen 9 6900HS with Radeon Graphics, 16 cores, 30G, Ubuntu 24.04.1 LTS
Time: Fri Nov  1 15:21:11 2024 IST elapsed time: 5.471814 seconds (0d 0h 0m 5s)

---------------  T H R E A D  ---------------

Current thread (0x0000771df001b940):  JavaThread "main"             [_thread_in_native, id=4157, stack(0x0000771df7b00000,0x0000771df7c00000) (1024K)]

Stack: [0x0000771df7b00000,0x0000771df7c00000],  sp=0x0000771df7bfe330,  free space=1016k
Native frames: (J=compiled Java code, j=interpreted, Vv=VM code, C=native code)
C  [libcuda.so.1+0x24b06e]
C  [libcuda.so.1+0x24b5f8]
C  [libcuda.so.1+0x2f19c3]
j  jcuda.driver.JCudaDriver.cuStreamSynchronizeNative(Ljcuda/driver/CUstream;)I+0
j  jcuda.driver.JCudaDriver.cuStreamSynchronize(Ljcuda/driver/CUstream;)I+1
j  JCudaWrapper.resourceManagement.Handle.get()Ljcuda/jcublas/cublasHandle;+11
j  JCudaWrapper.array.DStrideArray.multMatMatStridedBatched(LJCudaWrapper/resourceManagement/Handle;ZZIIIDLJCudaWrapper/array/DStrideArray;ILJCudaWrapper/array/DStrideArray;IDI)V+70
j  JCudaWrapper.algebra.Vector.addBatchVecVecMult(DLJCudaWrapper/algebra/VectorsStride;LJCudaWrapper/algebra/VectorsStride;D)V+53
j  JCudaWrapper.algebra.VectorsStride.norms(LJCudaWrapper/array/DArray;)LJCudaWrapper/algebra/Vector;+19
j  JCudaWrapper.algebra.VectorsStride.setVectorMagnitudes(DLJCudaWrapper/array/DArray;)LJCudaWrapper/algebra/VectorsStride;+13
j  main.StructureTensorMatrix.getRGB()[[[D+33
j  main.NeighborhoodPIG.orientationColored(Ljava/lang/String;)V+4
j  main.NeighborhoodPIG.main([Ljava/lang/String;)V+14
v  ~StubRoutines::call_stub 0x0000771ddfc5fcc6
V  [libjvm.so+0x90841a]  JavaCalls::call_helper(JavaValue*, methodHandle const&, JavaCallArguments*, JavaThread*)+0x2da
V  [libjvm.so+0x9ae72d]  jni_invoke_static(JNIEnv_*, JavaValue*, _jobject*, JNICallType, _jmethodID*, JNI_ArgumentPusher*, JavaThread*) [clone .constprop.1]+0x35d
V  [libjvm.so+0x9b0c7f]  jni_CallStaticVoidMethod+0x12f
C  [libjli.so+0x55be]  JavaMain+0xfde
C  [libjli.so+0x844d]  ThreadJavaMain+0xd
C  [libc.so.6+0x9ca94]
Java frames: (J=compiled Java code, j=interpreted, Vv=VM code)
j  jcuda.driver.JCudaDriver.cuStreamSynchronizeNative(Ljcuda/driver/CUstream;)I+0
j  jcuda.driver.JCudaDriver.cuStreamSynchronize(Ljcuda/driver/CUstream;)I+1
j  JCudaWrapper.resourceManagement.Handle.get()Ljcuda/jcublas/cublasHandle;+11
j  JCudaWrapper.array.DStrideArray.multMatMatStridedBatched(LJCudaWrapper/resourceManagement/Handle;ZZIIIDLJCudaWrapper/array/DStrideArray;ILJCudaWrapper/array/DStrideArray;IDI)V+70
j  JCudaWrapper.algebra.Vector.addBatchVecVecMult(DLJCudaWrapper/algebra/VectorsStride;LJCudaWrapper/algebra/VectorsStride;D)V+53
j  JCudaWrapper.algebra.VectorsStride.norms(LJCudaWrapper/array/DArray;)LJCudaWrapper/algebra/Vector;+19
j  JCudaWrapper.algebra.VectorsStride.setVectorMagnitudes(DLJCudaWrapper/array/DArray;)LJCudaWrapper/algebra/VectorsStride;+13
j  main.StructureTensorMatrix.getRGB()[[[D+33
j  main.NeighborhoodPIG.orientationColored(Ljava/lang/String;)V+4
j  main.NeighborhoodPIG.main([Ljava/lang/String;)V+14
v  ~StubRoutines::call_stub 0x0000771ddfc5fcc6

siginfo: si_signo: 11 (SIGSEGV), si_code: 1 (SEGV_MAPERR), si_addr: 0x0000771a8196176f

Registers:
RAX=0x0000771df063c210, RBX=0x0000771df7bfe448, RCX=0x0000000000000002, RDX=0x0000771df27c7d80
RSP=0x0000771df7bfe330, RBP=0x0000771df7bfe390, RSI=0x0000000000000000, RDI=0x0000771df063c210
R8 =0x0000771df7bfe3c8, R9 =0x0000000000000000, R10=0x0000771df27c7d80, R11=0x0000771a81961387
R12=0x0000771df7bfe3c8, R13=0x0000771df063c210, R14=0x0000771df7bfe558, R15=0x0000771df001b940
RIP=0x0000771dbe64b06e, EFLAGS=0x0000000000010206, CSGSFS=0x002b000000000033, ERR=0x0000000000000004
  TRAPNO=0x000000000000000e


Register to memory mapping:

RAX=0x0000771df063c210 points into unknown readable memory: 0x0000771df061bf30 | 30 bf 61 f0 1d 77 00 00
RBX=0x0000771df7bfe448 is pointing into the stack for thread: 0x0000771df001b940
RCX=0x0000000000000002 is an unknown value
RDX=0x0000771df27c7d80 points into unknown readable memory: 0x0000771df0371a10 | 10 1a 37 f0 1d 77 00 00
RSP=0x0000771df7bfe330 is pointing into the stack for thread: 0x0000771df001b940
RBP=0x0000771df7bfe390 is pointing into the stack for thread: 0x0000771df001b940
RSI=0x0 is null
RDI=0x0000771df063c210 points into unknown readable memory: 0x0000771df061bf30 | 30 bf 61 f0 1d 77 00 00
R8 =0x0000771df7bfe3c8 is pointing into the stack for thread: 0x0000771df001b940
R9 =0x0 is null
R10=0x0000771df27c7d80 points into unknown readable memory: 0x0000771df0371a10 | 10 1a 37 f0 1d 77 00 00
R11=0x0000771a81961387 is an unknown value
R12=0x0000771df7bfe3c8 is pointing into the stack for thread: 0x0000771df001b940
R13=0x0000771df063c210 points into unknown readable memory: 0x0000771df061bf30 | 30 bf 61 f0 1d 77 00 00
R14=0x0000771df7bfe558 is pointing into the stack for thread: 0x0000771df001b940
R15=0x0000771df001b940 is a thread

Top of Stack: (sp=0x0000771df7bfe330)
0x0000771df7bfe330:   0000771df001c5a8 00000000000000d8
0x0000771df7bfe340:   0000771df7bfeab0 0000771df001b940
0x0000771df7bfe350:   0000771df001b940 0000771df001c480
0x0000771df7bfe360:   0000771df001c4c0 0000771df7bfe448
0x0000771df7bfe370:   0000000000000000 0000771df7bfe440
0x0000771df7bfe380:   0000771df7bfe558 0000771df001b940
0x0000771df7bfe390:   0000771df7bfe400 0000771dbe64b5f8
0x0000771df7bfe3a0:   0000771df001c5a8 00000000000000d8
0x0000771df7bfe3b0:   0000771df7bfeab0 0000771df001b940
0x0000771df7bfe3c0:   0000771df001b940 0000000000000000
0x0000771df7bfe3d0:   0000000000000000 0000771d684df2e0
0x0000771df7bfe3e0:   0000771df27c7d80 0000771d684df2e0
0x0000771df7bfe3f0:   0000771df7bfe558 0000771df001b940
0x0000771df7bfe400:   0000771df7bfe4d0 0000771dbe6f19c3
0x0000771df7bfe410:   0000771df7bfe558 0000000000000001
0x0000771df7bfe420:   000003e700000002 0000000000000000
0x0000771df7bfe430:   0000000000000000 0000771df063c210
0x0000771df7bfe440:   0000000000000000 0000000000000000
0x0000771df7bfe450:   0000771ddfc66a90 0000000000000000
0x0000771df7bfe460:   0000770000000000 0000771df7bfe538
0x0000771df7bfe470:   0000771df7bfe4f0 0000771ddfc6d2f1
0x0000771df7bfe480:   0000771df7bfe4f0 0000771ddfc6e738
0x0000771df7bfe490:   0000771ddfc66a90 0000000000000000
0x0000771df7bfe4a0:   0000770000000000 0000771df7bfe538
0x0000771df7bfe4b0:   0000771df001bcf8 0000771d5ba3604a
0x0000771df7bfe4c0:   0000771d684df2e0 0000000000000000
0x0000771df7bfe4d0:   0000771df7bfe538 0000771ddfc6eb6d
0x0000771df7bfe4e0:   0000771df7bfe560 0000771ddfc6e738
0x0000771df7bfe4f0:   0000771df7bfe4f0 0000771d684df2e0
0x0000771df7bfe500:   0000000000000004 0000771d684e3900
0x0000771df7bfe510:   0000000000000000 00000006348437b0
0x0000771df7bfe520:   0000771d684df2e0 0000000000000000 

Instructions: (pc=0x0000771dbe64b06e)
0x0000771dbe64af6e:   f6 c2 10 75 ba 83 e2 08 b8 8a 03 00 00 75 da 48
0x0000771dbe64af7e:   8b 59 08 4c 8d 63 08 4c 89 e7 e8 23 3a e9 ff 48
0x0000771dbe64af8e:   8b 5b 38 48 85 db 74 2d 66 2e 0f 1f 84 00 00 00
0x0000771dbe64af9e:   00 00 48 8b bb e8 03 00 00 48 85 ff 74 0b f6 43
0x0000771dbe64afae:   50 04 74 05 e8 c9 9a 29 00 48 8b 9b 58 01 00 00
0x0000771dbe64afbe:   48 85 db 75 dd 4c 89 e7 e8 15 35 e9 ff b8 8a 03
0x0000771dbe64afce:   00 00 eb 85 66 0f 1f 44 00 00 83 f8 02 ba 91 01
0x0000771dbe64afde:   00 00 b8 00 00 00 00 5b 0f 44 c2 41 5c 5d c3 0f
0x0000771dbe64afee:   1f 00 e8 8b 9a 29 00 b8 84 03 00 00 e9 58 ff ff
0x0000771dbe64affe:   ff 90 55 48 89 e5 41 57 41 56 41 55 49 89 fd 41
0x0000771dbe64b00e:   54 4d 89 c4 53 48 83 ec 38 49 c7 00 00 00 00 00
0x0000771dbe64b01e:   48 85 f6 0f 84 b9 00 00 00 44 8b 0e 41 ba 00 00
0x0000771dbe64b02e:   00 00 48 89 f3 45 85 c9 4c 0f 45 d6 48 83 fa 02
0x0000771dbe64b03e:   77 20 48 85 d2 74 5b 48 83 fa 02 0f 85 81 00 00
0x0000771dbe64b04e:   00 4d 85 d2 0f 84 a8 00 00 00 41 b8 90 01 00 00
0x0000771dbe64b05e:   eb 28 4c 8b 1a 4d 85 db 74 f0 49 39 5b 10 75 ea
0x0000771dbe64b06e:   49 83 bb e8 03 00 00 00 75 09 4d 85 ed 0f 85 57
0x0000771dbe64b07e:   01 00 00 4d 89 1c 24 45 31 c0 48 8d 65 d8 44 89
0x0000771dbe64b08e:   c0 5b 41 5c 41 5d 41 5e 41 5f 5d c3 66 0f 1f 44
0x0000771dbe64b09e:   00 00 83 f9 02 0f 84 27 02 00 00 83 f9 03 0f 84
0x0000771dbe64b0ae:   06 02 00 00 83 f9 01 0f 84 e5 01 00 00 0f b6 05
0x0000771dbe64b0be:   66 ac 91 01 c0 e8 03 83 e0 01 84 c0 0f 85 7f ff
0x0000771dbe64b0ce:   ff ff 4d 85 d2 0f 84 ef 00 00 00 4d 8b 5a 68 eb
0x0000771dbe64b0de:   84 90 48 83 fa 02 0f 86 6e ff ff ff 4c 8b 1a 4d
0x0000771dbe64b0ee:   85 db 0f 85 78 ff ff ff e9 5d ff ff ff 0f 1f 44
0x0000771dbe64b0fe:   00 00 4d 8b 5d 18 4d 85 db 74 0d 8b 43 38 41 39
0x0000771dbe64b10e:   45 20 0f 84 9f 00 00 00 4c 8d b3 a0 03 00 00 4c
0x0000771dbe64b11e:   89 55 a8 4d 8b 7d 10 4c 89 f7 e8 83 38 e9 ff 4c
0x0000771dbe64b12e:   8b 9b c8 03 00 00 45 31 c0 4c 89 fe 4c 89 c2 41
0x0000771dbe64b13e:   8b 3b 4c 89 5d b0 89 7d b8 e8 14 72 0d 00 4c 8b
0x0000771dbe64b14e:   5d b0 48 83 ec 08 8b 7d b8 45 31 c0 41 89 c1 4c
0x0000771dbe64b15e:   89 f9 49 8b 53 10 41 8b 73 0c 6a 00 e8 21 ee 2a 


Stack slot to memory mapping:

stack at sp + 0 slots: 0x0000771df001c5a8 points into unknown readable memory: 0x0000000000000045 | 45 00 00 00 00 00 00 00
stack at sp + 1 slots: 0x00000000000000d8 is an unknown value
stack at sp + 2 slots: 0x0000771df7bfeab0 is pointing into the stack for thread: 0x0000771df001b940
stack at sp + 3 slots: 0x0000771df001b940 is a thread
stack at sp + 4 slots: 0x0000771df001b940 is a thread
stack at sp + 5 slots: 0x0000771df001c480 points into unknown readable memory: 0x0000771df0000002 | 02 00 00 f0 1d 77 00 00
stack at sp + 6 slots: 0x0000771df001c4c0 points into unknown readable memory: 0x0000000000000000 | 00 00 00 00 00 00 00 00
stack at sp + 7 slots: 0x0000771df7bfe448 is pointing into the stack for thread: 0x0000771df001b940


---------------  P R O C E S S  ---------------

Threads class SMR info:
_java_thread_list=0x0000771df1578c60, length=16, elements={
0x0000771df001b940, 0x0000771df013a1d0, 0x0000771df013b660, 0x0000771df013d130,
0x0000771df013e780, 0x0000771df013fd30, 0x0000771df0141900, 0x0000771df014afc0,
0x0000771df016a110, 0x0000771d38077480, 0x0000771df01b54e0, 0x0000771df01ccc50,
0x0000771d24001110, 0x0000771df01cdf10, 0x0000771df1547600, 0x0000771df1577f90
}

Java Threads: ( => current thread )
=>0x0000771df001b940 JavaThread "main"                              [_thread_in_native, id=4157, stack(0x0000771df7b00000,0x0000771df7c00000) (1024K)]
  0x0000771df013a1d0 JavaThread "Reference Handler"          daemon [_thread_blocked, id=4165, stack(0x0000771dd03f9000,0x0000771dd04f9000) (1024K)]
  0x0000771df013b660 JavaThread "Finalizer"                  daemon [_thread_blocked, id=4166, stack(0x0000771dd02f9000,0x0000771dd03f9000) (1024K)]
  0x0000771df013d130 JavaThread "Signal Dispatcher"          daemon [_thread_blocked, id=4167, stack(0x0000771dd01f9000,0x0000771dd02f9000) (1024K)]
  0x0000771df013e780 JavaThread "Service Thread"             daemon [_thread_blocked, id=4168, stack(0x0000771dd00f9000,0x0000771dd01f9000) (1024K)]
  0x0000771df013fd30 JavaThread "Monitor Deflation Thread"   daemon [_thread_blocked, id=4169, stack(0x0000771dc9100000,0x0000771dc9200000) (1024K)]
  0x0000771df0141900 JavaThread "C2 CompilerThread0"         daemon [_thread_blocked, id=4170, stack(0x0000771dc9000000,0x0000771dc9100000) (1024K)]
  0x0000771df014afc0 JavaThread "C1 CompilerThread0"         daemon [_thread_blocked, id=4171, stack(0x0000771dc8f00000,0x0000771dc9000000) (1024K)]
  0x0000771df016a110 JavaThread "Common-Cleaner"             daemon [_thread_blocked, id=4172, stack(0x0000771dc8e00000,0x0000771dc8f00000) (1024K)]
  0x0000771d38077480 JavaThread "C1 CompilerThread1"         daemon [_thread_blocked, id=4173, stack(0x0000771dc8d00000,0x0000771dc8e00000) (1024K)]
  0x0000771df01b54e0 JavaThread "JDWP Transport Listener: dt_socket" daemon [_thread_blocked, id=4177, stack(0x0000771dc8c00000,0x0000771dc8d00000) (1024K)]
  0x0000771df01ccc50 JavaThread "JDWP Event Helper Thread"   daemon [_thread_blocked, id=4178, stack(0x0000771dc8b00000,0x0000771dc8c00000) (1024K)]
  0x0000771d24001110 JavaThread "JDWP Command Reader"        daemon [_thread_in_native, id=4179, stack(0x0000771dc8a00000,0x0000771dc8b00000) (1024K)]
  0x0000771df01cdf10 JavaThread "Notification Thread"        daemon [_thread_blocked, id=4183, stack(0x0000771dc8900000,0x0000771dc8a00000) (1024K)]
  0x0000771df1547600 JavaThread "pool-1-thread-1"            daemon [_thread_blocked, id=4193, stack(0x0000771dc8800000,0x0000771dc8900000) (1024K)]
  0x0000771df1577f90 JavaThread "Java2D Disposer"            daemon [_thread_blocked, id=4194, stack(0x0000771dbe20d000,0x0000771dbe30d000) (1024K)]
Total: 16

Other Threads:
  0x0000771df012cc80 VMThread "VM Thread"                           [id=4164, stack(0x0000771dd04fa000,0x0000771dd05fa000) (1024K)]
  0x0000771df0112450 WatcherThread "VM Periodic Task Thread"        [id=4163, stack(0x0000771dd05fb000,0x0000771dd06fb000) (1024K)]
  0x0000771df0046600 WorkerThread "GC Thread#0"                     [id=4158, stack(0x0000771df4b00000,0x0000771df4c00000) (1024K)]
  0x0000771df0057100 ConcurrentGCThread "G1 Main Marker"            [id=4159, stack(0x0000771df49ff000,0x0000771df4aff000) (1024K)]
  0x0000771df00580b0 WorkerThread "G1 Conc#0"                       [id=4160, stack(0x0000771df48fe000,0x0000771df49fe000) (1024K)]
  0x0000771df00ffcc0 ConcurrentGCThread "G1 Refine#0"               [id=4161, stack(0x0000771dd07fd000,0x0000771dd08fd000) (1024K)]
  0x0000771df0100c80 ConcurrentGCThread "G1 Service"                [id=4162, stack(0x0000771dd06fc000,0x0000771dd07fc000) (1024K)]
Total: 7

Threads with active compile tasks:
Total: 0

VM state: not at safepoint (normal execution)

VM Mutex/Monitor currently owned by a thread: None

Heap address: 0x0000000616800000, size: 7832 MB, Compressed Oops mode: Zero based, Oop shift amount: 3

CDS archive(s) mapped at: [0x0000771d73000000-0x0000771d73cae000-0x0000771d73cae000), size 13295616, SharedBaseAddress: 0x0000771d73000000, ArchiveRelocationMode: 1.
Compressed class space mapped at: 0x0000771d74000000-0x0000771db4000000, reserved size: 1073741824
Narrow klass base: 0x0000771d73000000, Narrow klass shift: 0, Narrow klass range: 0x100000000

GC Precious Log:
 CardTable entry size: 512
 Card Set container configuration: InlinePtr #cards 4 size 8 Array Of Cards #cards 32 size 80 Howl #buckets 8 coarsen threshold 7372 Howl Bitmap #cards 1024 size 144 coarsen threshold 921 Card regions per heap region 1 cards per card region 8192
 CPUs: 16 total, 16 available
 Memory: 31322M
 Large Page Support: Disabled
 NUMA Support: Disabled
 Compressed Oops: Enabled (Zero based)
 Heap Region Size: 4M
 Heap Min Capacity: 8M
 Heap Initial Capacity: 492M
 Heap Max Capacity: 7832M
 Pre-touch: Disabled
 Parallel Workers: 13
 Concurrent Workers: 3
 Concurrent Refinement Workers: 13
 Periodic GC: Disabled

Heap:
 garbage-first heap   total 507904K, used 9246K [0x0000000616800000, 0x0000000800000000)
  region size 4096K, 3 young (12288K), 0 survivors (0K)
 Metaspace       used 3411K, committed 3584K, reserved 1114112K
  class space    used 289K, committed 384K, reserved 1048576K

Heap Regions: E=young(eden), S=young(survivor), O=old, HS=humongous(starts), HC=humongous(continues), CS=collection set, F=free, TAMS=top-at-mark-start, PB=parsable bottom
|   0|0x0000000616800000, 0x0000000616800000, 0x0000000616c00000|  0%| F|  |TAMS 0x0000000616800000| PB 0x0000000616800000| Untracked 
|   1|0x0000000616c00000, 0x0000000616c00000, 0x0000000617000000|  0%| F|  |TAMS 0x0000000616c00000| PB 0x0000000616c00000| Untracked 
|   2|0x0000000617000000, 0x0000000617000000, 0x0000000617400000|  0%| F|  |TAMS 0x0000000617000000| PB 0x0000000617000000| Untracked 
|   3|0x0000000617400000, 0x0000000617400000, 0x0000000617800000|  0%| F|  |TAMS 0x0000000617400000| PB 0x0000000617400000| Untracked 
|   4|0x0000000617800000, 0x0000000617800000, 0x0000000617c00000|  0%| F|  |TAMS 0x0000000617800000| PB 0x0000000617800000| Untracked 
|   5|0x0000000617c00000, 0x0000000617c00000, 0x0000000618000000|  0%| F|  |TAMS 0x0000000617c00000| PB 0x0000000617c00000| Untracked 
|   6|0x0000000618000000, 0x0000000618000000, 0x0000000618400000|  0%| F|  |TAMS 0x0000000618000000| PB 0x0000000618000000| Untracked 
|   7|0x0000000618400000, 0x0000000618400000, 0x0000000618800000|  0%| F|  |TAMS 0x0000000618400000| PB 0x0000000618400000| Untracked 
|   8|0x0000000618800000, 0x0000000618800000, 0x0000000618c00000|  0%| F|  |TAMS 0x0000000618800000| PB 0x0000000618800000| Untracked 
|   9|0x0000000618c00000, 0x0000000618c00000, 0x0000000619000000|  0%| F|  |TAMS 0x0000000618c00000| PB 0x0000000618c00000| Untracked 
|  10|0x0000000619000000, 0x0000000619000000, 0x0000000619400000|  0%| F|  |TAMS 0x0000000619000000| PB 0x0000000619000000| Untracked 
|  11|0x0000000619400000, 0x0000000619400000, 0x0000000619800000|  0%| F|  |TAMS 0x0000000619400000| PB 0x0000000619400000| Untracked 
|  12|0x0000000619800000, 0x0000000619800000, 0x0000000619c00000|  0%| F|  |TAMS 0x0000000619800000| PB 0x0000000619800000| Untracked 
|  13|0x0000000619c00000, 0x0000000619c00000, 0x000000061a000000|  0%| F|  |TAMS 0x0000000619c00000| PB 0x0000000619c00000| Untracked 
|  14|0x000000061a000000, 0x000000061a000000, 0x000000061a400000|  0%| F|  |TAMS 0x000000061a000000| PB 0x000000061a000000| Untracked 
|  15|0x000000061a400000, 0x000000061a400000, 0x000000061a800000|  0%| F|  |TAMS 0x000000061a400000| PB 0x000000061a400000| Untracked 
|  16|0x000000061a800000, 0x000000061a800000, 0x000000061ac00000|  0%| F|  |TAMS 0x000000061a800000| PB 0x000000061a800000| Untracked 
|  17|0x000000061ac00000, 0x000000061ac00000, 0x000000061b000000|  0%| F|  |TAMS 0x000000061ac00000| PB 0x000000061ac00000| Untracked 
|  18|0x000000061b000000, 0x000000061b000000, 0x000000061b400000|  0%| F|  |TAMS 0x000000061b000000| PB 0x000000061b000000| Untracked 
|  19|0x000000061b400000, 0x000000061b400000, 0x000000061b800000|  0%| F|  |TAMS 0x000000061b400000| PB 0x000000061b400000| Untracked 
|  20|0x000000061b800000, 0x000000061b800000, 0x000000061bc00000|  0%| F|  |TAMS 0x000000061b800000| PB 0x000000061b800000| Untracked 
|  21|0x000000061bc00000, 0x000000061bc00000, 0x000000061c000000|  0%| F|  |TAMS 0x000000061bc00000| PB 0x000000061bc00000| Untracked 
|  22|0x000000061c000000, 0x000000061c000000, 0x000000061c400000|  0%| F|  |TAMS 0x000000061c000000| PB 0x000000061c000000| Untracked 
|  23|0x000000061c400000, 0x000000061c400000, 0x000000061c800000|  0%| F|  |TAMS 0x000000061c400000| PB 0x000000061c400000| Untracked 
|  24|0x000000061c800000, 0x000000061c800000, 0x000000061cc00000|  0%| F|  |TAMS 0x000000061c800000| PB 0x000000061c800000| Untracked 
|  25|0x000000061cc00000, 0x000000061cc00000, 0x000000061d000000|  0%| F|  |TAMS 0x000000061cc00000| PB 0x000000061cc00000| Untracked 
|  26|0x000000061d000000, 0x000000061d000000, 0x000000061d400000|  0%| F|  |TAMS 0x000000061d000000| PB 0x000000061d000000| Untracked 
|  27|0x000000061d400000, 0x000000061d400000, 0x000000061d800000|  0%| F|  |TAMS 0x000000061d400000| PB 0x000000061d400000| Untracked 
|  28|0x000000061d800000, 0x000000061d800000, 0x000000061dc00000|  0%| F|  |TAMS 0x000000061d800000| PB 0x000000061d800000| Untracked 
|  29|0x000000061dc00000, 0x000000061dc00000, 0x000000061e000000|  0%| F|  |TAMS 0x000000061dc00000| PB 0x000000061dc00000| Untracked 
|  30|0x000000061e000000, 0x000000061e000000, 0x000000061e400000|  0%| F|  |TAMS 0x000000061e000000| PB 0x000000061e000000| Untracked 
|  31|0x000000061e400000, 0x000000061e400000, 0x000000061e800000|  0%| F|  |TAMS 0x000000061e400000| PB 0x000000061e400000| Untracked 
|  32|0x000000061e800000, 0x000000061e800000, 0x000000061ec00000|  0%| F|  |TAMS 0x000000061e800000| PB 0x000000061e800000| Untracked 
|  33|0x000000061ec00000, 0x000000061ec00000, 0x000000061f000000|  0%| F|  |TAMS 0x000000061ec00000| PB 0x000000061ec00000| Untracked 
|  34|0x000000061f000000, 0x000000061f000000, 0x000000061f400000|  0%| F|  |TAMS 0x000000061f000000| PB 0x000000061f000000| Untracked 
|  35|0x000000061f400000, 0x000000061f400000, 0x000000061f800000|  0%| F|  |TAMS 0x000000061f400000| PB 0x000000061f400000| Untracked 
|  36|0x000000061f800000, 0x000000061f800000, 0x000000061fc00000|  0%| F|  |TAMS 0x000000061f800000| PB 0x000000061f800000| Untracked 
|  37|0x000000061fc00000, 0x000000061fc00000, 0x0000000620000000|  0%| F|  |TAMS 0x000000061fc00000| PB 0x000000061fc00000| Untracked 
|  38|0x0000000620000000, 0x0000000620000000, 0x0000000620400000|  0%| F|  |TAMS 0x0000000620000000| PB 0x0000000620000000| Untracked 
|  39|0x0000000620400000, 0x0000000620400000, 0x0000000620800000|  0%| F|  |TAMS 0x0000000620400000| PB 0x0000000620400000| Untracked 
|  40|0x0000000620800000, 0x0000000620800000, 0x0000000620c00000|  0%| F|  |TAMS 0x0000000620800000| PB 0x0000000620800000| Untracked 
|  41|0x0000000620c00000, 0x0000000620c00000, 0x0000000621000000|  0%| F|  |TAMS 0x0000000620c00000| PB 0x0000000620c00000| Untracked 
|  42|0x0000000621000000, 0x0000000621000000, 0x0000000621400000|  0%| F|  |TAMS 0x0000000621000000| PB 0x0000000621000000| Untracked 
|  43|0x0000000621400000, 0x0000000621400000, 0x0000000621800000|  0%| F|  |TAMS 0x0000000621400000| PB 0x0000000621400000| Untracked 
|  44|0x0000000621800000, 0x0000000621800000, 0x0000000621c00000|  0%| F|  |TAMS 0x0000000621800000| PB 0x0000000621800000| Untracked 
|  45|0x0000000621c00000, 0x0000000621c00000, 0x0000000622000000|  0%| F|  |TAMS 0x0000000621c00000| PB 0x0000000621c00000| Untracked 
|  46|0x0000000622000000, 0x0000000622000000, 0x0000000622400000|  0%| F|  |TAMS 0x0000000622000000| PB 0x0000000622000000| Untracked 
|  47|0x0000000622400000, 0x0000000622400000, 0x0000000622800000|  0%| F|  |TAMS 0x0000000622400000| PB 0x0000000622400000| Untracked 
|  48|0x0000000622800000, 0x0000000622800000, 0x0000000622c00000|  0%| F|  |TAMS 0x0000000622800000| PB 0x0000000622800000| Untracked 
|  49|0x0000000622c00000, 0x0000000622c00000, 0x0000000623000000|  0%| F|  |TAMS 0x0000000622c00000| PB 0x0000000622c00000| Untracked 
|  50|0x0000000623000000, 0x0000000623000000, 0x0000000623400000|  0%| F|  |TAMS 0x0000000623000000| PB 0x0000000623000000| Untracked 
|  51|0x0000000623400000, 0x0000000623400000, 0x0000000623800000|  0%| F|  |TAMS 0x0000000623400000| PB 0x0000000623400000| Untracked 
|  52|0x0000000623800000, 0x0000000623800000, 0x0000000623c00000|  0%| F|  |TAMS 0x0000000623800000| PB 0x0000000623800000| Untracked 
|  53|0x0000000623c00000, 0x0000000623c00000, 0x0000000624000000|  0%| F|  |TAMS 0x0000000623c00000| PB 0x0000000623c00000| Untracked 
|  54|0x0000000624000000, 0x0000000624000000, 0x0000000624400000|  0%| F|  |TAMS 0x0000000624000000| PB 0x0000000624000000| Untracked 
|  55|0x0000000624400000, 0x0000000624400000, 0x0000000624800000|  0%| F|  |TAMS 0x0000000624400000| PB 0x0000000624400000| Untracked 
|  56|0x0000000624800000, 0x0000000624800000, 0x0000000624c00000|  0%| F|  |TAMS 0x0000000624800000| PB 0x0000000624800000| Untracked 
|  57|0x0000000624c00000, 0x0000000624c00000, 0x0000000625000000|  0%| F|  |TAMS 0x0000000624c00000| PB 0x0000000624c00000| Untracked 
|  58|0x0000000625000000, 0x0000000625000000, 0x0000000625400000|  0%| F|  |TAMS 0x0000000625000000| PB 0x0000000625000000| Untracked 
|  59|0x0000000625400000, 0x0000000625400000, 0x0000000625800000|  0%| F|  |TAMS 0x0000000625400000| PB 0x0000000625400000| Untracked 
|  60|0x0000000625800000, 0x0000000625800000, 0x0000000625c00000|  0%| F|  |TAMS 0x0000000625800000| PB 0x0000000625800000| Untracked 
|  61|0x0000000625c00000, 0x0000000625c00000, 0x0000000626000000|  0%| F|  |TAMS 0x0000000625c00000| PB 0x0000000625c00000| Untracked 
|  62|0x0000000626000000, 0x0000000626000000, 0x0000000626400000|  0%| F|  |TAMS 0x0000000626000000| PB 0x0000000626000000| Untracked 
|  63|0x0000000626400000, 0x0000000626400000, 0x0000000626800000|  0%| F|  |TAMS 0x0000000626400000| PB 0x0000000626400000| Untracked 
|  64|0x0000000626800000, 0x0000000626800000, 0x0000000626c00000|  0%| F|  |TAMS 0x0000000626800000| PB 0x0000000626800000| Untracked 
|  65|0x0000000626c00000, 0x0000000626c00000, 0x0000000627000000|  0%| F|  |TAMS 0x0000000626c00000| PB 0x0000000626c00000| Untracked 
|  66|0x0000000627000000, 0x0000000627000000, 0x0000000627400000|  0%| F|  |TAMS 0x0000000627000000| PB 0x0000000627000000| Untracked 
|  67|0x0000000627400000, 0x0000000627400000, 0x0000000627800000|  0%| F|  |TAMS 0x0000000627400000| PB 0x0000000627400000| Untracked 
|  68|0x0000000627800000, 0x0000000627800000, 0x0000000627c00000|  0%| F|  |TAMS 0x0000000627800000| PB 0x0000000627800000| Untracked 
|  69|0x0000000627c00000, 0x0000000627c00000, 0x0000000628000000|  0%| F|  |TAMS 0x0000000627c00000| PB 0x0000000627c00000| Untracked 
|  70|0x0000000628000000, 0x0000000628000000, 0x0000000628400000|  0%| F|  |TAMS 0x0000000628000000| PB 0x0000000628000000| Untracked 
|  71|0x0000000628400000, 0x0000000628400000, 0x0000000628800000|  0%| F|  |TAMS 0x0000000628400000| PB 0x0000000628400000| Untracked 
|  72|0x0000000628800000, 0x0000000628800000, 0x0000000628c00000|  0%| F|  |TAMS 0x0000000628800000| PB 0x0000000628800000| Untracked 
|  73|0x0000000628c00000, 0x0000000628c00000, 0x0000000629000000|  0%| F|  |TAMS 0x0000000628c00000| PB 0x0000000628c00000| Untracked 
|  74|0x0000000629000000, 0x0000000629000000, 0x0000000629400000|  0%| F|  |TAMS 0x0000000629000000| PB 0x0000000629000000| Untracked 
|  75|0x0000000629400000, 0x0000000629400000, 0x0000000629800000|  0%| F|  |TAMS 0x0000000629400000| PB 0x0000000629400000| Untracked 
|  76|0x0000000629800000, 0x0000000629800000, 0x0000000629c00000|  0%| F|  |TAMS 0x0000000629800000| PB 0x0000000629800000| Untracked 
|  77|0x0000000629c00000, 0x0000000629c00000, 0x000000062a000000|  0%| F|  |TAMS 0x0000000629c00000| PB 0x0000000629c00000| Untracked 
|  78|0x000000062a000000, 0x000000062a000000, 0x000000062a400000|  0%| F|  |TAMS 0x000000062a000000| PB 0x000000062a000000| Untracked 
|  79|0x000000062a400000, 0x000000062a400000, 0x000000062a800000|  0%| F|  |TAMS 0x000000062a400000| PB 0x000000062a400000| Untracked 
|  80|0x000000062a800000, 0x000000062a800000, 0x000000062ac00000|  0%| F|  |TAMS 0x000000062a800000| PB 0x000000062a800000| Untracked 
|  81|0x000000062ac00000, 0x000000062ac00000, 0x000000062b000000|  0%| F|  |TAMS 0x000000062ac00000| PB 0x000000062ac00000| Untracked 
|  82|0x000000062b000000, 0x000000062b000000, 0x000000062b400000|  0%| F|  |TAMS 0x000000062b000000| PB 0x000000062b000000| Untracked 
|  83|0x000000062b400000, 0x000000062b400000, 0x000000062b800000|  0%| F|  |TAMS 0x000000062b400000| PB 0x000000062b400000| Untracked 
|  84|0x000000062b800000, 0x000000062b800000, 0x000000062bc00000|  0%| F|  |TAMS 0x000000062b800000| PB 0x000000062b800000| Untracked 
|  85|0x000000062bc00000, 0x000000062bc00000, 0x000000062c000000|  0%| F|  |TAMS 0x000000062bc00000| PB 0x000000062bc00000| Untracked 
|  86|0x000000062c000000, 0x000000062c000000, 0x000000062c400000|  0%| F|  |TAMS 0x000000062c000000| PB 0x000000062c000000| Untracked 
|  87|0x000000062c400000, 0x000000062c400000, 0x000000062c800000|  0%| F|  |TAMS 0x000000062c400000| PB 0x000000062c400000| Untracked 
|  88|0x000000062c800000, 0x000000062c800000, 0x000000062cc00000|  0%| F|  |TAMS 0x000000062c800000| PB 0x000000062c800000| Untracked 
|  89|0x000000062cc00000, 0x000000062cc00000, 0x000000062d000000|  0%| F|  |TAMS 0x000000062cc00000| PB 0x000000062cc00000| Untracked 
|  90|0x000000062d000000, 0x000000062d000000, 0x000000062d400000|  0%| F|  |TAMS 0x000000062d000000| PB 0x000000062d000000| Untracked 
|  91|0x000000062d400000, 0x000000062d400000, 0x000000062d800000|  0%| F|  |TAMS 0x000000062d400000| PB 0x000000062d400000| Untracked 
|  92|0x000000062d800000, 0x000000062d800000, 0x000000062dc00000|  0%| F|  |TAMS 0x000000062d800000| PB 0x000000062d800000| Untracked 
|  93|0x000000062dc00000, 0x000000062dc00000, 0x000000062e000000|  0%| F|  |TAMS 0x000000062dc00000| PB 0x000000062dc00000| Untracked 
|  94|0x000000062e000000, 0x000000062e000000, 0x000000062e400000|  0%| F|  |TAMS 0x000000062e000000| PB 0x000000062e000000| Untracked 
|  95|0x000000062e400000, 0x000000062e400000, 0x000000062e800000|  0%| F|  |TAMS 0x000000062e400000| PB 0x000000062e400000| Untracked 
|  96|0x000000062e800000, 0x000000062e800000, 0x000000062ec00000|  0%| F|  |TAMS 0x000000062e800000| PB 0x000000062e800000| Untracked 
|  97|0x000000062ec00000, 0x000000062ec00000, 0x000000062f000000|  0%| F|  |TAMS 0x000000062ec00000| PB 0x000000062ec00000| Untracked 
|  98|0x000000062f000000, 0x000000062f000000, 0x000000062f400000|  0%| F|  |TAMS 0x000000062f000000| PB 0x000000062f000000| Untracked 
|  99|0x000000062f400000, 0x000000062f400000, 0x000000062f800000|  0%| F|  |TAMS 0x000000062f400000| PB 0x000000062f400000| Untracked 
| 100|0x000000062f800000, 0x000000062f800000, 0x000000062fc00000|  0%| F|  |TAMS 0x000000062f800000| PB 0x000000062f800000| Untracked 
| 101|0x000000062fc00000, 0x000000062fc00000, 0x0000000630000000|  0%| F|  |TAMS 0x000000062fc00000| PB 0x000000062fc00000| Untracked 
| 102|0x0000000630000000, 0x0000000630000000, 0x0000000630400000|  0%| F|  |TAMS 0x0000000630000000| PB 0x0000000630000000| Untracked 
| 103|0x0000000630400000, 0x0000000630400000, 0x0000000630800000|  0%| F|  |TAMS 0x0000000630400000| PB 0x0000000630400000| Untracked 
| 104|0x0000000630800000, 0x0000000630800000, 0x0000000630c00000|  0%| F|  |TAMS 0x0000000630800000| PB 0x0000000630800000| Untracked 
| 105|0x0000000630c00000, 0x0000000630c00000, 0x0000000631000000|  0%| F|  |TAMS 0x0000000630c00000| PB 0x0000000630c00000| Untracked 
| 106|0x0000000631000000, 0x0000000631000000, 0x0000000631400000|  0%| F|  |TAMS 0x0000000631000000| PB 0x0000000631000000| Untracked 
| 107|0x0000000631400000, 0x0000000631400000, 0x0000000631800000|  0%| F|  |TAMS 0x0000000631400000| PB 0x0000000631400000| Untracked 
| 108|0x0000000631800000, 0x0000000631800000, 0x0000000631c00000|  0%| F|  |TAMS 0x0000000631800000| PB 0x0000000631800000| Untracked 
| 109|0x0000000631c00000, 0x0000000631c00000, 0x0000000632000000|  0%| F|  |TAMS 0x0000000631c00000| PB 0x0000000631c00000| Untracked 
| 110|0x0000000632000000, 0x0000000632000000, 0x0000000632400000|  0%| F|  |TAMS 0x0000000632000000| PB 0x0000000632000000| Untracked 
| 111|0x0000000632400000, 0x0000000632400000, 0x0000000632800000|  0%| F|  |TAMS 0x0000000632400000| PB 0x0000000632400000| Untracked 
| 112|0x0000000632800000, 0x0000000632800000, 0x0000000632c00000|  0%| F|  |TAMS 0x0000000632800000| PB 0x0000000632800000| Untracked 
| 113|0x0000000632c00000, 0x0000000632c00000, 0x0000000633000000|  0%| F|  |TAMS 0x0000000632c00000| PB 0x0000000632c00000| Untracked 
| 114|0x0000000633000000, 0x0000000633000000, 0x0000000633400000|  0%| F|  |TAMS 0x0000000633000000| PB 0x0000000633000000| Untracked 
| 115|0x0000000633400000, 0x0000000633400000, 0x0000000633800000|  0%| F|  |TAMS 0x0000000633400000| PB 0x0000000633400000| Untracked 
| 116|0x0000000633800000, 0x0000000633800000, 0x0000000633c00000|  0%| F|  |TAMS 0x0000000633800000| PB 0x0000000633800000| Untracked 
| 117|0x0000000633c00000, 0x0000000633c00000, 0x0000000634000000|  0%| F|  |TAMS 0x0000000633c00000| PB 0x0000000633c00000| Untracked 
| 118|0x0000000634000000, 0x0000000634000000, 0x0000000634400000|  0%| F|  |TAMS 0x0000000634000000| PB 0x0000000634000000| Untracked 
| 119|0x0000000634400000, 0x0000000634400000, 0x0000000634800000|  0%| F|  |TAMS 0x0000000634400000| PB 0x0000000634400000| Untracked 
| 120|0x0000000634800000, 0x00000006348f6470, 0x0000000634c00000| 24%| E|  |TAMS 0x0000000634800000| PB 0x0000000634800000| Complete 
| 121|0x0000000634c00000, 0x0000000635000000, 0x0000000635000000|100%| E|CS|TAMS 0x0000000634c00000| PB 0x0000000634c00000| Complete 
| 122|0x0000000635000000, 0x0000000635400000, 0x0000000635400000|100%| E|CS|TAMS 0x0000000635000000| PB 0x0000000635000000| Complete 
|1957|0x00000007ffc00000, 0x00000007ffd079d8, 0x0000000800000000| 25%| O|  |TAMS 0x00000007ffc00000| PB 0x00000007ffc00000| Untracked 

Card table byte_map: [0x0000771df4c00000,0x0000771df5b4c000] _byte_map_base: 0x0000771df1b4c000

Marking Bits: (CMBitMap*) 0x0000771df0047130
 Bits: [0x0000771dd0c00000, 0x0000771dd8660000)

Polling page: 0x0000771df9918000

Metaspace:

Usage:
  Non-class:      3.05 MB used.
      Class:    289.82 KB used.
       Both:      3.33 MB used.

Virtual space:
  Non-class space:       64.00 MB reserved,       3.12 MB (  5%) committed,  1 nodes.
      Class space:        1.00 GB reserved,     384.00 KB ( <1%) committed,  1 nodes.
             Both:        1.06 GB reserved,       3.50 MB ( <1%) committed. 

Chunk freelists:
   Non-Class:  11.00 MB
       Class:  15.61 MB
        Both:  26.61 MB

MaxMetaspaceSize: unlimited
CompressedClassSpaceSize: 1.00 GB
Initial GC threshold: 21.00 MB
Current GC threshold: 21.00 MB
CDS: on
 - commit_granule_bytes: 65536.
 - commit_granule_words: 8192.
 - virtual_space_node_default_size: 8388608.
 - enlarge_chunks_in_place: 1.
 - use_allocation_guard: 0.


Internal statistics:

num_allocs_failed_limit: 0.
num_arena_births: 104.
num_arena_deaths: 0.
num_vsnodes_births: 2.
num_vsnodes_deaths: 0.
num_space_committed: 56.
num_space_uncommitted: 0.
num_chunks_returned_to_freelist: 0.
num_chunks_taken_from_freelist: 180.
num_chunk_merges: 0.
num_chunk_splits: 108.
num_chunks_enlarged: 49.
num_inconsistent_stats: 0.

CodeHeap 'non-profiled nmethods': size=119168Kb used=202Kb max_used=202Kb free=118965Kb
 bounds [0x0000771de03a0000, 0x0000771de0610000, 0x0000771de7800000]
CodeHeap 'profiled nmethods': size=119164Kb used=1067Kb max_used=1067Kb free=118096Kb
 bounds [0x0000771dd8800000, 0x0000771dd8a70000, 0x0000771ddfc5f000]
CodeHeap 'non-nmethods': size=7428Kb used=2130Kb max_used=2139Kb free=5297Kb
 bounds [0x0000771ddfc5f000, 0x0000771ddfecf000, 0x0000771de03a0000]
 total_blobs=1310 nmethods=707 adapters=508
 compilation: enabled
              stopped_count=0, restarted_count=0
 full_count=0

Compilation events (20 events):
Event: 0.994 Thread 0x0000771d38077480 nmethod 696 0x0000771dd8907c90 code [0x0000771dd8907e20, 0x0000771dd8908000]
Event: 0.994 Thread 0x0000771df014afc0 nmethod 695 0x0000771dd8908090 code [0x0000771dd89082a0, 0x0000771dd89088f8]
Event: 0.995 Thread 0x0000771df014afc0  698       1       jdk.internal.loader.URLClassPath$Loader::getBaseURL (5 bytes)
Event: 0.995 Thread 0x0000771df014afc0 nmethod 698 0x0000771de03d1b10 code [0x0000771de03d1ca0, 0x0000771de03d1d68]
Event: 0.997 Thread 0x0000771df014afc0  699       3       java.util.jar.JarFile::maybeInstantiateVerifier (42 bytes)
Event: 0.998 Thread 0x0000771df014afc0 nmethod 699 0x0000771dd8908b90 code [0x0000771dd8908d60, 0x0000771dd89090d0]
Event: 0.998 Thread 0x0000771d38077480  700       1       java.net.URLStreamHandler::getDefaultPort (2 bytes)
Event: 0.998 Thread 0x0000771d38077480 nmethod 700 0x0000771de03d1e10 code [0x0000771de03d1fa0, 0x0000771de03d2060]
Event: 0.998 Thread 0x0000771df014afc0  701       3       jdk.internal.ref.CleanerFactory::cleaner (4 bytes)
Event: 0.998 Thread 0x0000771df014afc0 nmethod 701 0x0000771dd8909210 code [0x0000771dd89093a0, 0x0000771dd8909490]
Event: 1.002 Thread 0x0000771df0141900  702       4       java.lang.invoke.MethodType::parameterCount (6 bytes)
Event: 1.003 Thread 0x0000771df0141900 nmethod 702 0x0000771de03d2110 code [0x0000771de03d2280, 0x0000771de03d2328]
Event: 1.006 Thread 0x0000771df014afc0  704       3       java.lang.String::indexOf (64 bytes)
Event: 1.006 Thread 0x0000771d38077480  705       3       java.lang.StringLatin1::indexOf (25 bytes)
Event: 1.007 Thread 0x0000771d38077480 nmethod 705 0x0000771dd8909510 code [0x0000771dd89096c0, 0x0000771dd89098d0]
Event: 1.007 Thread 0x0000771df014afc0 nmethod 704 0x0000771dd8909990 code [0x0000771dd8909ba0, 0x0000771dd890a088]
Event: 1.013 Thread 0x0000771df014afc0  707       3       JCudaWrapper.array.Array::checkUpperBound (51 bytes)
Event: 1.013 Thread 0x0000771d38077480  706       3       JCudaWrapper.array.Array::checkAgainstLength (10 bytes)
Event: 1.014 Thread 0x0000771d38077480 nmethod 706 0x0000771dd890a210 code [0x0000771dd890a3a0, 0x0000771dd890a578]
Event: 1.014 Thread 0x0000771df014afc0 nmethod 707 0x0000771dd890a610 code [0x0000771dd890a7e0, 0x0000771dd890ab48]

GC Heap History (0 events):
No events

Dll operation events (11 events):
Event: 0.004 Loaded shared library /usr/lib/jvm/java-21-openjdk-amd64/lib/libjava.so
Event: 0.036 Loaded shared library /usr/lib/jvm/java-21-openjdk-amd64/lib/libjsvml.so
Event: 0.039 Loaded shared library /usr/lib/jvm/java-21-openjdk-amd64/lib/libnio.so
Event: 0.443 Loaded shared library /usr/lib/jvm/java-21-openjdk-amd64/lib/libzip.so
Event: 0.520 Loaded shared library /usr/lib/jvm/java-21-openjdk-amd64/lib/libjimage.so
Event: 0.602 Loaded shared library /tmp/libJCublas2-12.0.0-linux-x86_64.so
Event: 0.793 Loaded shared library /tmp/libJCudaRuntime-12.0.0-linux-x86_64.so
Event: 0.822 Loaded shared library /usr/lib/jvm/java-21-openjdk-amd64/lib/libawt.so
Event: 0.827 Loaded shared library /usr/lib/jvm/java-21-openjdk-amd64/lib/libawt_xawt.so
Event: 0.887 Loaded shared library /usr/lib/jvm/java-21-openjdk-amd64/lib/libjavajpeg.so
Event: 0.984 Loaded shared library /tmp/libJCudaDriver-12.0.0-linux-x86_64.so

Deoptimization events (20 events):
Event: 0.813 Thread 0x0000771df001b940 DEOPT PACKING pc=0x0000771de03b1060 sp=0x0000771df7bfcda0
Event: 0.813 Thread 0x0000771df001b940 DEOPT UNPACKING pc=0x0000771ddfcb2f99 sp=0x0000771df7bfcd68 mode 2
Event: 0.824 Thread 0x0000771df001b940 Uncommon trap: trap_request=0xffffff45 fr.pc=0x0000771de03b2aec relative=0x00000000000001cc
Event: 0.824 Thread 0x0000771df001b940 Uncommon trap: reason=unstable_if action=reinterpret pc=0x0000771de03b2aec method=jdk.internal.util.ArraysSupport.vectorizedHashCode(Ljava/lang/Object;IIII)I @ 2 c2
Event: 0.825 Thread 0x0000771df001b940 DEOPT PACKING pc=0x0000771de03b2aec sp=0x0000771df7bfa820
Event: 0.825 Thread 0x0000771df001b940 DEOPT UNPACKING pc=0x0000771ddfcb2f99 sp=0x0000771df7bfa810 mode 2
Event: 0.983 Thread 0x0000771df001b940 DEOPT PACKING pc=0x0000771dd8816d59 sp=0x0000771df7bfd610
Event: 0.983 Thread 0x0000771df001b940 DEOPT UNPACKING pc=0x0000771ddfcb372f sp=0x0000771df7bfca50 mode 0
Event: 1.001 Thread 0x0000771df001b940 Uncommon trap: trap_request=0xffffffc6 fr.pc=0x0000771de03b0358 relative=0x0000000000000e18
Event: 1.001 Thread 0x0000771df001b940 Uncommon trap: reason=bimorphic_or_optimized_type_check action=maybe_recompile pc=0x0000771de03b0358 method=java.util.HashMap.putVal(ILjava/lang/Object;Ljava/lang/Object;ZZ)Ljava/lang/Object; @ 56 c2
Event: 1.001 Thread 0x0000771df001b940 DEOPT PACKING pc=0x0000771de03b0358 sp=0x0000771df7bfe4e0
Event: 1.001 Thread 0x0000771df001b940 DEOPT UNPACKING pc=0x0000771ddfcb2f99 sp=0x0000771df7bfe488 mode 2
Event: 1.009 Thread 0x0000771df001b940 Uncommon trap: trap_request=0xffffffc6 fr.pc=0x0000771de03b0358 relative=0x0000000000000e18
Event: 1.009 Thread 0x0000771df001b940 Uncommon trap: reason=bimorphic_or_optimized_type_check action=maybe_recompile pc=0x0000771de03b0358 method=java.util.HashMap.putVal(ILjava/lang/Object;Ljava/lang/Object;ZZ)Ljava/lang/Object; @ 56 c2
Event: 1.009 Thread 0x0000771df001b940 DEOPT PACKING pc=0x0000771de03b0358 sp=0x0000771df7bfe260
Event: 1.009 Thread 0x0000771df001b940 DEOPT UNPACKING pc=0x0000771ddfcb2f99 sp=0x0000771df7bfe208 mode 2
Event: 1.013 Thread 0x0000771df001b940 Uncommon trap: trap_request=0xffffffc6 fr.pc=0x0000771de03b0358 relative=0x0000000000000e18
Event: 1.013 Thread 0x0000771df001b940 Uncommon trap: reason=bimorphic_or_optimized_type_check action=maybe_recompile pc=0x0000771de03b0358 method=java.util.HashMap.putVal(ILjava/lang/Object;Ljava/lang/Object;ZZ)Ljava/lang/Object; @ 56 c2
Event: 1.013 Thread 0x0000771df001b940 DEOPT PACKING pc=0x0000771de03b0358 sp=0x0000771df7bfe440
Event: 1.013 Thread 0x0000771df001b940 DEOPT UNPACKING pc=0x0000771ddfcb2f99 sp=0x0000771df7bfe3e8 mode 2

Classes loaded (20 events):
Event: 0.909 Loading class java/util/stream/MatchOps$MatchKind
Event: 0.909 Loading class java/util/stream/MatchOps$MatchKind done
Event: 0.909 Loading class java/util/stream/MatchOps
Event: 0.909 Loading class java/util/stream/MatchOps done
Event: 0.909 Loading class java/util/stream/MatchOps$MatchOp
Event: 0.909 Loading class java/util/stream/MatchOps$MatchOp done
Event: 0.909 Loading class java/util/stream/MatchOps$BooleanTerminalSink
Event: 0.909 Loading class java/util/stream/MatchOps$BooleanTerminalSink done
Event: 0.910 Loading class java/util/stream/MatchOps$2MatchSink
Event: 0.910 Loading class java/util/stream/MatchOps$2MatchSink done
Event: 0.911 Loading class java/util/stream/MatchOps$1MatchSink
Event: 0.911 Loading class java/util/stream/MatchOps$1MatchSink done
Event: 0.912 Loading class java/nio/HeapDoubleBuffer
Event: 0.912 Loading class java/nio/HeapDoubleBuffer done
Event: 0.947 Loading class java/awt/Dimension
Event: 0.947 Loading class java/awt/geom/Dimension2D
Event: 0.947 Loading class java/awt/geom/Dimension2D done
Event: 0.947 Loading class java/awt/Dimension done
Event: 1.001 Loading class java/nio/HeapIntBuffer
Event: 1.001 Loading class java/nio/HeapIntBuffer done

Classes unloaded (0 events):
No events

Classes redefined (0 events):
No events

Internal exceptions (13 events):
Event: 0.082 Thread 0x0000771df001b940 Exception <a 'sun/nio/fs/UnixException'{0x0000000635070ea8}> (0x0000000635070ea8) 
thrown [./src/hotspot/share/prims/jni.cpp, line 520]
Event: 0.083 Thread 0x0000771df001b940 Exception <a 'sun/nio/fs/UnixException'{0x00000006350715e8}> (0x00000006350715e8) 
thrown [./src/hotspot/share/prims/jni.cpp, line 520]
Event: 0.083 Thread 0x0000771df001b940 Exception <a 'sun/nio/fs/UnixException'{0x0000000635071e18}> (0x0000000635071e18) 
thrown [./src/hotspot/share/prims/jni.cpp, line 520]
Event: 0.083 Thread 0x0000771df001b940 Exception <a 'sun/nio/fs/UnixException'{0x0000000635072410}> (0x0000000635072410) 
thrown [./src/hotspot/share/prims/jni.cpp, line 520]
Event: 0.083 Thread 0x0000771df001b940 Exception <a 'sun/nio/fs/UnixException'{0x00000006350729e0}> (0x00000006350729e0) 
thrown [./src/hotspot/share/prims/jni.cpp, line 520]
Event: 0.083 Thread 0x0000771df001b940 Exception <a 'sun/nio/fs/UnixException'{0x0000000635072fc0}> (0x0000000635072fc0) 
thrown [./src/hotspot/share/prims/jni.cpp, line 520]
Event: 0.083 Thread 0x0000771df001b940 Exception <a 'sun/nio/fs/UnixException'{0x0000000635073810}> (0x0000000635073810) 
thrown [./src/hotspot/share/prims/jni.cpp, line 520]
Event: 0.804 Thread 0x0000771df001b940 Exception <a 'java/lang/NoSuchMethodError'{0x0000000634cd2998}: 'void java.lang.invoke.DirectMethodHandle$Holder.invokeStatic(java.lang.Object, java.lang.Object)'> (0x0000000634cd2998) 
thrown [./src/hotspot/share/interpreter/linkResolver.cpp, line 772]
Event: 0.813 Thread 0x0000771df001b940 Implicit null exception at 0x0000771de03b0ee3 to 0x0000771de03b1050
Event: 0.818 Thread 0x0000771df001b940 Exception <a 'java/lang/ClassNotFoundException'{0x0000000634ce7080}: sun/awt/resources/spi/awtProvider> (0x0000000634ce7080) 
thrown [./src/hotspot/share/classfile/systemDictionary.cpp, line 312]
Event: 0.840 Thread 0x0000771df001b940 Exception <a 'java/io/FileNotFoundException'{0x0000000634db5010}> (0x0000000634db5010) 
thrown [./src/hotspot/share/prims/jni.cpp, line 520]
Event: 0.920 Thread 0x0000771df001b940 Exception <a 'java/lang/NoSuchMethodError'{0x0000000634e67a58}: 'java.lang.Object java.lang.invoke.DirectMethodHandle$Holder.invokeStatic(java.lang.Object, java.lang.Object, int)'> (0x0000000634e67a58) 
thrown [./src/hotspot/share/interpreter/linkResolver.cpp, line 772]
Event: 0.959 Thread 0x0000771df001b940 Exception <a 'java/lang/NoSuchMethodError'{0x0000000634fcb368}: 'java.lang.Object java.lang.invoke.DirectMethodHandle$Holder.newInvokeSpecial(java.lang.Object, java.lang.Object, int)'> (0x0000000634fcb368) 
thrown [./src/hotspot/share/interpreter/linkResolver.cpp, line 772]

ZGC Phase Switch (0 events):
No events

VM Operations (20 events):
Event: 0.481 Executing VM operation: ChangeBreakpoints
Event: 0.481 Executing VM operation: ChangeBreakpoints done
Event: 0.482 Executing VM operation: ChangeBreakpoints
Event: 0.482 Executing VM operation: ChangeBreakpoints done
Event: 0.809 Executing VM operation: HandshakeAllThreads (Deoptimize)
Event: 0.809 Executing VM operation: HandshakeAllThreads (Deoptimize) done
Event: 0.814 Executing VM operation: HandshakeAllThreads (Deoptimize)
Event: 0.814 Executing VM operation: HandshakeAllThreads (Deoptimize) done
Event: 0.856 Executing VM operation: ChangeBreakpoints
Event: 0.857 Executing VM operation: ChangeBreakpoints done
Event: 0.857 Executing VM operation: ChangeBreakpoints
Event: 0.857 Executing VM operation: ChangeBreakpoints done
Event: 1.001 Executing VM operation: HandshakeAllThreads (Deoptimize)
Event: 1.002 Executing VM operation: HandshakeAllThreads (Deoptimize) done
Event: 2.002 Executing VM operation: Cleanup
Event: 2.002 Executing VM operation: Cleanup done
Event: 5.461 Executing VM operation: ChangeSingleStep
Event: 5.461 Executing VM operation: ChangeSingleStep done
Event: 5.470 Executing VM operation: ChangeSingleStep
Event: 5.470 Executing VM operation: ChangeSingleStep done

Memory protections (17 events):
Event: 0.004 Protecting memory [0x0000771df7b00000,0x0000771df7b04000] with protection modes 0
Event: 0.034 Protecting memory [0x0000771dd03f9000,0x0000771dd03fd000] with protection modes 0
Event: 0.034 Protecting memory [0x0000771dd02f9000,0x0000771dd02fd000] with protection modes 0
Event: 0.035 Protecting memory [0x0000771dd01f9000,0x0000771dd01fd000] with protection modes 0
Event: 0.035 Protecting memory [0x0000771dd00f9000,0x0000771dd00fd000] with protection modes 0
Event: 0.035 Protecting memory [0x0000771dc9100000,0x0000771dc9104000] with protection modes 0
Event: 0.035 Protecting memory [0x0000771dc9000000,0x0000771dc9004000] with protection modes 0
Event: 0.036 Protecting memory [0x0000771dc8f00000,0x0000771dc8f04000] with protection modes 0
Event: 0.062 Protecting memory [0x0000771dc8e00000,0x0000771dc8e04000] with protection modes 0
Event: 0.078 Protecting memory [0x0000771dc8d00000,0x0000771dc8d04000] with protection modes 0
Event: 0.272 Protecting memory [0x0000771dc8c00000,0x0000771dc8c04000] with protection modes 0
Event: 0.272 Protecting memory [0x0000771dc8b00000,0x0000771dc8b04000] with protection modes 0
Event: 0.272 Protecting memory [0x0000771dc8a00000,0x0000771dc8a04000] with protection modes 0
Event: 0.433 Protecting memory [0x0000771dc8900000,0x0000771dc8904000] with protection modes 0
Event: 0.454 Protecting memory [0x0000771dc8800000,0x0000771dc8804000] with protection modes 0
Event: 0.806 Protecting memory [0x0000771dc8800000,0x0000771dc8804000] with protection modes 0
Event: 0.883 Protecting memory [0x0000771dbe20d000,0x0000771dbe211000] with protection modes 0

Nmethod flushes (0 events):
No events

Events (18 events):
Event: 0.024 Thread 0x0000771df001b940 Thread added: 0x0000771df001b940
Event: 0.034 Thread 0x0000771df001b940 Thread added: 0x0000771df013a1d0
Event: 0.034 Thread 0x0000771df001b940 Thread added: 0x0000771df013b660
Event: 0.035 Thread 0x0000771df001b940 Thread added: 0x0000771df013d130
Event: 0.035 Thread 0x0000771df001b940 Thread added: 0x0000771df013e780
Event: 0.035 Thread 0x0000771df001b940 Thread added: 0x0000771df013fd30
Event: 0.035 Thread 0x0000771df001b940 Thread added: 0x0000771df0141900
Event: 0.036 Thread 0x0000771df001b940 Thread added: 0x0000771df014afc0
Event: 0.062 Thread 0x0000771df001b940 Thread added: 0x0000771df016a110
Event: 0.078 Thread 0x0000771df014afc0 Thread added: 0x0000771d38077480
Event: 0.272 Thread 0x0000771df001b940 Thread added: 0x0000771df01b54e0
Event: 0.272 Thread 0x0000771df001b940 Thread added: 0x0000771df01ccc50
Event: 0.272 Thread 0x0000771df01b54e0 Thread added: 0x0000771d24001110
Event: 0.433 Thread 0x0000771df001b940 Thread added: 0x0000771df01cdf10
Event: 0.454 Thread 0x0000771df0141900 Thread added: 0x0000771d3c0d7230
Event: 0.603 Thread 0x0000771d3c0d7230 Thread exited: 0x0000771d3c0d7230
Event: 0.806 Thread 0x0000771df001b940 Thread added: 0x0000771df1547600
Event: 0.883 Thread 0x0000771df001b940 Thread added: 0x0000771df1577f90


Dynamic libraries:
200000000-200200000 ---p 00000000 00:00 0 
200200000-200400000 rw-s 00000000 00:05 1070                             /dev/nvidia0
200400000-203400000 rw-s 00000000 00:05 1069                             /dev/nvidiactl
203400000-204400000 ---p 00000000 00:00 0 
204400000-204600000 rw-s 00000000 00:05 1069                             /dev/nvidiactl
204600000-204800000 rw-s 00000000 00:05 1069                             /dev/nvidiactl
204800000-204a00000 rw-s 00000000 00:05 1069                             /dev/nvidiactl
204a00000-204c00000 rw-s 204a00000 00:05 1071                            /dev/nvidia-uvm
204c00000-204e00000 rw-s 00000000 00:05 1069                             /dev/nvidiactl
204e00000-205000000 ---p 00000000 00:00 0 
205000000-205200000 rw-s 00000000 00:05 1069                             /dev/nvidiactl
205200000-300200000 ---p 00000000 00:00 0 
616800000-635400000 rw-p 00000000 00:00 0 
635400000-7ffc00000 ---p 00000000 00:00 0 
7ffc00000-7ffd08000 rw-p 00ced000 103:02 17172987                        /usr/lib/jvm/java-21-openjdk-amd64/lib/server/classes.jsa
7ffd08000-800000000 rw-p 00000000 00:00 0 
10000000000-10004000000 ---p 00000000 00:00 0 
5e5aa4e31000-5e5aa4e32000 r--p 00000000 103:02 17172834                  /usr/lib/jvm/java-21-openjdk-amd64/bin/java
5e5aa4e32000-5e5aa4e33000 r-xp 00001000 103:02 17172834                  /usr/lib/jvm/java-21-openjdk-amd64/bin/java
5e5aa4e33000-5e5aa4e34000 r--p 00002000 103:02 17172834                  /usr/lib/jvm/java-21-openjdk-amd64/bin/java
5e5aa4e34000-5e5aa4e35000 r--p 00002000 103:02 17172834                  /usr/lib/jvm/java-21-openjdk-amd64/bin/java
5e5aa4e35000-5e5aa4e36000 rw-p 00003000 103:02 17172834                  /usr/lib/jvm/java-21-openjdk-amd64/bin/java
5e5aa4e8c000-5e5aa4ed4000 rw-p 00000000 00:00 0                          [heap]
771ca4000000-771ca4021000 rw-p 00000000 00:00 0 
771ca4021000-771ca8000000 ---p 00000000 00:00 0 
771cac000000-771cac021000 rw-p 00000000 00:00 0 
771cac021000-771cb0000000 ---p 00000000 00:00 0 
771cb2000000-771cba000000 ---p 00000000 00:00 0 
771cbc000000-771cbe000000 ---p 00000000 00:00 0 
771cc0000000-771cd0000000 ---p 00000000 00:00 0 
771cd4000000-771cd4400000 ---p 00000000 00:00 0 
771cd4400000-771cd4600000 rw-s 00000000 00:05 1069                       /dev/nvidiactl
771cd4600000-771cd4800000 rw-s 00000000 00:01 12301                      /dev/zero (deleted)
771cd4800000-771cd4a00000 rw-s 00000000 00:01 12302                      /dev/zero (deleted)
771cd4a00000-771cd5000000 ---p 00000000 00:00 0 
771cd5000000-771cd5200000 rw-s 00000000 00:05 1069                       /dev/nvidiactl
771cd5200000-771cd5400000 ---p 00000000 00:00 0 
771cd5400000-771cd5600000 rw-s 00000000 00:01 12304                      /dev/zero (deleted)
771cd5600000-771cd5b33000 rw-s 00000000 00:05 1069                       /dev/nvidiactl
771cd5b33000-771cd6000000 ---p 00000000 00:00 0 
771cd8000000-771cd8021000 rw-p 00000000 00:00 0 
771cd8021000-771cdc000000 ---p 00000000 00:00 0 
771cde200000-771ce4200000 ---p 00000000 00:00 0 
771ce4200000-771d01463000 r-xp 00000000 103:02 16524125                  /usr/lib/x86_64-linux-gnu/libcublasLt.so.12.0.2.224
771d01463000-771d01663000 ---p 1d263000 103:02 16524125                  /usr/lib/x86_64-linux-gnu/libcublasLt.so.12.0.2.224
771d01663000-771d01893000 r--p 1d263000 103:02 16524125                  /usr/lib/x86_64-linux-gnu/libcublasLt.so.12.0.2.224
771d01893000-771d02827000 rw-p 1d493000 103:02 16524125                  /usr/lib/x86_64-linux-gnu/libcublasLt.so.12.0.2.224
771d02827000-771d0500f000 rw-p 00000000 00:00 0 
771d05400000-771d0ba67000 r-xp 00000000 103:02 16524127                  /usr/lib/x86_64-linux-gnu/libcublas.so.12.0.2.224
771d0ba67000-771d0bc67000 ---p 06667000 103:02 16524127                  /usr/lib/x86_64-linux-gnu/libcublas.so.12.0.2.224
771d0bc67000-771d0bc6e000 r--p 06667000 103:02 16524127                  /usr/lib/x86_64-linux-gnu/libcublas.so.12.0.2.224
771d0bc6e000-771d0bc75000 rw-p 0666e000 103:02 16524127                  /usr/lib/x86_64-linux-gnu/libcublas.so.12.0.2.224
771d0bc75000-771d0bc7d000 rw-p 00000000 00:00 0 
771d0c000000-771d0c03f000 rw-p 00000000 00:00 0 
771d0c03f000-771d10000000 ---p 00000000 00:00 0 
771d14000000-771d14021000 rw-p 00000000 00:00 0 
771d14021000-771d18000000 ---p 00000000 00:00 0 
771d18000000-771d18021000 rw-p 00000000 00:00 0 
771d18021000-771d1c000000 ---p 00000000 00:00 0 
771d20000000-771d20021000 rw-p 00000000 00:00 0 
771d20021000-771d24000000 ---p 00000000 00:00 0 
771d24000000-771d24021000 rw-p 00000000 00:00 0 
771d24021000-771d28000000 ---p 00000000 00:00 0 
771d2c000000-771d2c088000 rw-p 00000000 00:00 0 
771d2c088000-771d30000000 ---p 00000000 00:00 0 
771d30000000-771d30021000 rw-p 00000000 00:00 0 
771d30021000-771d34000000 ---p 00000000 00:00 0 
771d38000000-771d38142000 rw-p 00000000 00:00 0 
771d38142000-771d3c000000 ---p 00000000 00:00 0 
771d3c000000-771d3c139000 rw-p 00000000 00:00 0 
771d3c139000-771d40000000 ---p 00000000 00:00 0 
771d44000000-771d44021000 rw-p 00000000 00:00 0 
771d44021000-771d48000000 ---p 00000000 00:00 0 
771d48000000-771d48021000 rw-p 00000000 00:00 0 
771d48021000-771d4c000000 ---p 00000000 00:00 0 
771d50000000-771d50021000 rw-p 00000000 00:00 0 
771d50021000-771d54000000 ---p 00000000 00:00 0 
771d54000000-771d54021000 rw-p 00000000 00:00 0 
771d54021000-771d58000000 ---p 00000000 00:00 0 
771d5b600000-771d5b8dc000 rw-p 00000000 00:00 0 
771d5ba00000-771d5bae4000 r-xp 00000000 103:02 18219064                  /tmp/libJCudaDriver-12.0.0-linux-x86_64.so
771d5bae4000-771d5bce4000 ---p 000e4000 103:02 18219064                  /tmp/libJCudaDriver-12.0.0-linux-x86_64.so
771d5bce4000-771d5bce9000 r--p 000e4000 103:02 18219064                  /tmp/libJCudaDriver-12.0.0-linux-x86_64.so
771d5bce9000-771d5bceb000 rw-p 000e9000 103:02 18219064                  /tmp/libJCudaDriver-12.0.0-linux-x86_64.so
771d5bceb000-771d5bced000 rw-p 00000000 00:00 0 
771d5c000000-771d5c021000 rw-p 00000000 00:00 0 
771d5c021000-771d60000000 ---p 00000000 00:00 0 
771d60000000-771d60021000 rw-p 00000000 00:00 0 
771d60021000-771d64000000 ---p 00000000 00:00 0 
771d64400000-771d6717c000 r-xp 00000000 103:02 16526206                  /usr/lib/x86_64-linux-gnu/libnvrtc.so.12.0.140
771d6717c000-771d6737c000 ---p 02d7c000 103:02 16526206                  /usr/lib/x86_64-linux-gnu/libnvrtc.so.12.0.140
771d6737c000-771d67a4f000 r--p 02d7c000 103:02 16526206                  /usr/lib/x86_64-linux-gnu/libnvrtc.so.12.0.140
771d67a4f000-771d67b1b000 rw-p 0344f000 103:02 16526206                  /usr/lib/x86_64-linux-gnu/libnvrtc.so.12.0.140
771d67b1b000-771d67c1c000 rw-p 00000000 00:00 0 
771d68000000-771d68220000 rw-p 00000000 00:00 0 
771d68220000-771d68400000 ---p 00000000 00:00 0 
771d68400000-771d68500000 rw-p 00000000 00:00 0 
771d68500000-771d6c000000 ---p 00000000 00:00 0 
771d6c000000-771d6c021000 rw-p 00000000 00:00 0 
771d6c021000-771d70000000 ---p 00000000 00:00 0 
771d70400000-771d704c7000 r-xp 00000000 103:02 18219063                  /tmp/libJCudaRuntime-12.0.0-linux-x86_64.so
771d704c7000-771d706c7000 ---p 000c7000 103:02 18219063                  /tmp/libJCudaRuntime-12.0.0-linux-x86_64.so
771d706c7000-771d706cc000 r--p 000c7000 103:02 18219063                  /tmp/libJCudaRuntime-12.0.0-linux-x86_64.so
771d706cc000-771d706cd000 rw-p 000cc000 103:02 18219063                  /tmp/libJCudaRuntime-12.0.0-linux-x86_64.so
771d706cd000-771d706cf000 rw-p 00000000 00:00 0 
771d70a00000-771d70a01000 ---p 00000000 00:00 0 
771d70a01000-771d71201000 rw-p 00000000 00:00 0 
771d71400000-771d71401000 rw-s 00000000 00:05 1069                       /dev/nvidiactl
771d71401000-771d71402000 rw-s 00000000 00:05 1069                       /dev/nvidiactl
771d71402000-771d71403000 rw-s 00000000 00:05 1069                       /dev/nvidiactl
771d71403000-771d71404000 rw-s 00000000 00:05 1069                       /dev/nvidiactl
771d71404000-771d71405000 rw-s 00000000 00:05 1069                       /dev/nvidiactl
771d71405000-771d71406000 rw-s 00000000 00:05 1069                       /dev/nvidiactl
771d71406000-771d71407000 rw-s 00000000 00:05 1069                       /dev/nvidiactl
771d71407000-771d71408000 rw-s 00000000 00:05 1069                       /dev/nvidiactl
771d71408000-771d71409000 rw-s 00000000 00:05 1069                       /dev/nvidiactl
771d71409000-771d7140a000 rw-s 00000000 00:05 1069                       /dev/nvidiactl
771d7140a000-771d7140b000 rw-s 00000000 00:05 1069                       /dev/nvidiactl
771d7140b000-771d7140c000 rw-s 00000000 00:05 1069                       /dev/nvidiactl
771d7140c000-771d7140d000 rw-s 00000000 00:05 1069                       /dev/nvidiactl
771d7140d000-771d7140e000 rw-s 00000000 00:05 1069                       /dev/nvidiactl
771d7140e000-771d7140f000 rw-s 00000000 00:05 1069                       /dev/nvidiactl
771d7140f000-771d71410000 rw-s 00000000 00:05 1069                       /dev/nvidiactl
771d71410000-771d72421000 ---p 00000000 00:00 0 
771d72600000-771d72601000 ---p 00000000 00:00 0 
771d72601000-771d72e01000 rw-p 00000000 00:00 0 
771d73000000-771d73cae000 rw-p 00001000 103:02 17172987                  /usr/lib/jvm/java-21-openjdk-amd64/lib/server/classes.jsa
771d73cae000-771d74000000 ---p 00000000 00:00 0 
771d74000000-771d74030000 rw-p 00000000 00:00 0 
771d74030000-771d74040000 ---p 00000000 00:00 0 
771d74040000-771d74070000 rw-p 00000000 00:00 0 
771d74070000-771db4000000 ---p 00000000 00:00 0 
771db4000000-771db4021000 rw-p 00000000 00:00 0 
771db4021000-771db8000000 ---p 00000000 00:00 0 
771db8000000-771db8021000 rw-p 00000000 00:00 0 
771db8021000-771dbc000000 ---p 00000000 00:00 0 
771dbc400000-771dbd421000 ---p 00000000 00:00 0 
771dbd57d000-771dbd581000 r--p 00000000 103:02 16530777                  /usr/lib/x86_64-linux-gnu/libjpeg.so.8.2.2
771dbd581000-771dbd5ce000 r-xp 00004000 103:02 16530777                  /usr/lib/x86_64-linux-gnu/libjpeg.so.8.2.2
771dbd5ce000-771dbd5fe000 r--p 00051000 103:02 16530777                  /usr/lib/x86_64-linux-gnu/libjpeg.so.8.2.2
771dbd5fe000-771dbd5ff000 r--p 00081000 103:02 16530777                  /usr/lib/x86_64-linux-gnu/libjpeg.so.8.2.2
771dbd5ff000-771dbd600000 rw-p 00082000 103:02 16530777                  /usr/lib/x86_64-linux-gnu/libjpeg.so.8.2.2
771dbd600000-771dbd85a000 rw-p 00000000 00:00 0 
771dbd8c3000-771dbd8dc000 r--p 00000000 103:02 16530316                  /usr/lib/x86_64-linux-gnu/libX11.so.6.4.0
771dbd8dc000-771dbd96c000 r-xp 00019000 103:02 16530316                  /usr/lib/x86_64-linux-gnu/libX11.so.6.4.0
771dbd96c000-771dbd9fb000 r--p 000a9000 103:02 16530316                  /usr/lib/x86_64-linux-gnu/libX11.so.6.4.0
771dbd9fb000-771dbd9fc000 r--p 00138000 103:02 16530316                  /usr/lib/x86_64-linux-gnu/libX11.so.6.4.0
771dbd9fc000-771dbda00000 rw-p 00139000 103:02 16530316                  /usr/lib/x86_64-linux-gnu/libX11.so.6.4.0
771dbda00000-771dbda01000 ---p 00000000 00:00 0 
771dbda01000-771dbe201000 rw-p 00000000 00:00 0 
771dbe20d000-771dbe211000 ---p 00000000 00:00 0 
771dbe211000-771dbe30d000 rw-p 00000000 00:00 0 
771dbe30d000-771dbe32b000 r--p 00000000 103:02 17172951                  /usr/lib/jvm/java-21-openjdk-amd64/lib/libawt.so
771dbe32b000-771dbe3c2000 r-xp 0001e000 103:02 17172951                  /usr/lib/jvm/java-21-openjdk-amd64/lib/libawt.so
771dbe3c2000-771dbe3cf000 r--p 000b5000 103:02 17172951                  /usr/lib/jvm/java-21-openjdk-amd64/lib/libawt.so
771dbe3cf000-771dbe3d0000 r--p 000c1000 103:02 17172951                  /usr/lib/jvm/java-21-openjdk-amd64/lib/libawt.so
771dbe3d0000-771dbe3db000 rw-p 000c2000 103:02 17172951                  /usr/lib/jvm/java-21-openjdk-amd64/lib/libawt.so
771dbe3db000-771dbe400000 rw-p 00000000 00:00 0 
771dbe400000-771dbe4de000 r--p 00000000 103:02 16552573                  /usr/lib/x86_64-linux-gnu/libcuda.so.550.107.02
771dbe4de000-771dbe9b3000 r-xp 000de000 103:02 16552573                  /usr/lib/x86_64-linux-gnu/libcuda.so.550.107.02
771dbe9b3000-771dbfe4e000 r--p 005b3000 103:02 16552573                  /usr/lib/x86_64-linux-gnu/libcuda.so.550.107.02
771dbfe4e000-771dbfe4f000 ---p 01a4e000 103:02 16552573                  /usr/lib/x86_64-linux-gnu/libcuda.so.550.107.02
771dbfe4f000-771dbfe67000 r--p 01a4e000 103:02 16552573                  /usr/lib/x86_64-linux-gnu/libcuda.so.550.107.02
771dbfe67000-771dbff62000 rw-p 01a66000 103:02 16552573                  /usr/lib/x86_64-linux-gnu/libcuda.so.550.107.02
771dbff62000-771dbffcb000 rw-p 00000000 00:00 0 
771dc0000000-771dc0021000 rw-p 00000000 00:00 0 
771dc0021000-771dc4000000 ---p 00000000 00:00 0 
771dc4000000-771dc4021000 rw-p 00000000 00:00 0 
771dc4021000-771dc8000000 ---p 00000000 00:00 0 
771dc8044000-771dc8056000 r--p 00000000 103:02 17173114                  /usr/lib/jvm/java-21-openjdk-amd64/lib/libawt_xawt.so
771dc8056000-771dc809d000 r-xp 00012000 103:02 17173114                  /usr/lib/jvm/java-21-openjdk-amd64/lib/libawt_xawt.so
771dc809d000-771dc80b5000 r--p 00059000 103:02 17173114                  /usr/lib/jvm/java-21-openjdk-amd64/lib/libawt_xawt.so
771dc80b5000-771dc80ba000 r--p 00070000 103:02 17173114                  /usr/lib/jvm/java-21-openjdk-amd64/lib/libawt_xawt.so
771dc80ba000-771dc80bc000 rw-p 00075000 103:02 17173114                  /usr/lib/jvm/java-21-openjdk-amd64/lib/libawt_xawt.so
771dc80bc000-771dc8200000 rw-p 00000000 00:00 0 
771dc8200000-771dc8338000 r-xp 00000000 103:02 18219061                  /tmp/libJCublas2-12.0.0-linux-x86_64.so
771dc8338000-771dc8538000 ---p 00138000 103:02 18219061                  /tmp/libJCublas2-12.0.0-linux-x86_64.so
771dc8538000-771dc853d000 r--p 00138000 103:02 18219061                  /tmp/libJCublas2-12.0.0-linux-x86_64.so
771dc853d000-771dc853f000 rw-p 0013d000 103:02 18219061                  /tmp/libJCublas2-12.0.0-linux-x86_64.so
771dc853f000-771dc8541000 rw-p 00000000 00:00 0 
771dc857f000-771dc877f000 rw-s 00000000 00:01 12303                      /dev/zero (deleted)
771dc877f000-771dc8800000 rw-p 00000000 00:00 0 
771dc8800000-771dc8804000 ---p 00000000 00:00 0 
771dc8804000-771dc8900000 rw-p 00000000 00:00 0 
771dc8900000-771dc8904000 ---p 00000000 00:00 0 
771dc8904000-771dc8a00000 rw-p 00000000 00:00 0 
771dc8a00000-771dc8a04000 ---p 00000000 00:00 0 
771dc8a04000-771dc8b00000 rw-p 00000000 00:00 0 
771dc8b00000-771dc8b04000 ---p 00000000 00:00 0 
771dc8b04000-771dc8c00000 rw-p 00000000 00:00 0 
771dc8c00000-771dc8c04000 ---p 00000000 00:00 0 
771dc8c04000-771dc8d00000 rw-p 00000000 00:00 0 
771dc8d00000-771dc8d04000 ---p 00000000 00:00 0 
771dc8d04000-771dc8e00000 rw-p 00000000 00:00 0 
771dc8e00000-771dc8e04000 ---p 00000000 00:00 0 
771dc8e04000-771dc8f00000 rw-p 00000000 00:00 0 
771dc8f00000-771dc8f04000 ---p 00000000 00:00 0 
771dc8f04000-771dc9000000 rw-p 00000000 00:00 0 
771dc9000000-771dc9004000 ---p 00000000 00:00 0 
771dc9004000-771dc9100000 rw-p 00000000 00:00 0 
771dc9100000-771dc9104000 ---p 00000000 00:00 0 
771dc9104000-771dc9200000 rw-p 00000000 00:00 0 
771dc9200000-771dc9fec000 r--p 00000000 103:02 16521112                  /usr/lib/locale/locale-archive
771dc9ff1000-771dc9ff3000 r--p 00000000 103:02 16530828                  /usr/lib/x86_64-linux-gnu/libmd.so.0.1.0
771dc9ff3000-771dc9ffc000 r-xp 00002000 103:02 16530828                  /usr/lib/x86_64-linux-gnu/libmd.so.0.1.0
771dc9ffc000-771dc9ffe000 r--p 0000b000 103:02 16530828                  /usr/lib/x86_64-linux-gnu/libmd.so.0.1.0
771dc9ffe000-771dc9fff000 r--p 0000c000 103:02 16530828                  /usr/lib/x86_64-linux-gnu/libmd.so.0.1.0
771dc9fff000-771dca000000 rw-p 0000d000 103:02 16530828                  /usr/lib/x86_64-linux-gnu/libmd.so.0.1.0
771dca000000-771dcc021000 rw-p 00000000 00:00 0 
771dcc021000-771dd0000000 ---p 00000000 00:00 0 
771dd000c000-771dd0017000 r--p 00000000 103:02 16531187                  /usr/lib/x86_64-linux-gnu/libxcb.so.1.1.0
771dd0017000-771dd002a000 r-xp 0000b000 103:02 16531187                  /usr/lib/x86_64-linux-gnu/libxcb.so.1.1.0
771dd002a000-771dd0033000 r--p 0001e000 103:02 16531187                  /usr/lib/x86_64-linux-gnu/libxcb.so.1.1.0
771dd0033000-771dd0034000 r--p 00026000 103:02 16531187                  /usr/lib/x86_64-linux-gnu/libxcb.so.1.1.0
771dd0034000-771dd0035000 rw-p 00027000 103:02 16531187                  /usr/lib/x86_64-linux-gnu/libxcb.so.1.1.0
771dd0035000-771dd00f9000 rw-p 00000000 00:00 0 
771dd00f9000-771dd00fd000 ---p 00000000 00:00 0 
771dd00fd000-771dd01f9000 rw-p 00000000 00:00 0 
771dd01f9000-771dd01fd000 ---p 00000000 00:00 0 
771dd01fd000-771dd02f9000 rw-p 00000000 00:00 0 
771dd02f9000-771dd02fd000 ---p 00000000 00:00 0 
771dd02fd000-771dd03f9000 rw-p 00000000 00:00 0 
771dd03f9000-771dd03fd000 ---p 00000000 00:00 0 
771dd03fd000-771dd04f9000 rw-p 00000000 00:00 0 
771dd04f9000-771dd04fa000 ---p 00000000 00:00 0 
771dd04fa000-771dd05fa000 rw-p 00000000 00:00 0 
771dd05fa000-771dd05fb000 ---p 00000000 00:00 0 
771dd05fb000-771dd06fb000 rw-p 00000000 00:00 0 
771dd06fb000-771dd06fc000 ---p 00000000 00:00 0 
771dd06fc000-771dd07fc000 rw-p 00000000 00:00 0 
771dd07fc000-771dd07fd000 ---p 00000000 00:00 0 
771dd07fd000-771dd08fd000 rw-p 00000000 00:00 0 
771dd08fd000-771dd13b0000 rw-p 00000000 00:00 0 
771dd13b0000-771dd8650000 ---p 00000000 00:00 0 
771dd8650000-771dd8660000 rw-p 00000000 00:00 0 
771dd8668000-771dd866c000 r--p 00000000 103:02 16530470                  /usr/lib/x86_64-linux-gnu/libbsd.so.0.12.1
771dd866c000-771dd8678000 r-xp 00004000 103:02 16530470                  /usr/lib/x86_64-linux-gnu/libbsd.so.0.12.1
771dd8678000-771dd867b000 r--p 00010000 103:02 16530470                  /usr/lib/x86_64-linux-gnu/libbsd.so.0.12.1
771dd867b000-771dd867c000 r--p 00012000 103:02 16530470                  /usr/lib/x86_64-linux-gnu/libbsd.so.0.12.1
771dd867c000-771dd867d000 rw-p 00013000 103:02 16530470                  /usr/lib/x86_64-linux-gnu/libbsd.so.0.12.1
771dd867d000-771dd8800000 rw-p 00000000 00:00 0 
771dd8800000-771dd8a70000 rwxp 00000000 00:00 0 
771dd8a70000-771ddfc5f000 ---p 00000000 00:00 0 
771ddfc5f000-771ddfecf000 rwxp 00000000 00:00 0 
771ddfecf000-771de03a0000 ---p 00000000 00:00 0 
771de03a0000-771de0610000 rwxp 00000000 00:00 0 
771de0610000-771de7800000 ---p 00000000 00:00 0 
771de7800000-771defe02000 r--s 00000000 103:02 17172984                  /usr/lib/jvm/java-21-openjdk-amd64/lib/modules
771defe02000-771defe04000 r--p 00000000 103:02 16530323                  /usr/lib/x86_64-linux-gnu/libXdmcp.so.6.0.0
771defe04000-771defe06000 r-xp 00002000 103:02 16530323                  /usr/lib/x86_64-linux-gnu/libXdmcp.so.6.0.0
771defe06000-771defe08000 r--p 00004000 103:02 16530323                  /usr/lib/x86_64-linux-gnu/libXdmcp.so.6.0.0
771defe08000-771defe09000 r--p 00005000 103:02 16530323                  /usr/lib/x86_64-linux-gnu/libXdmcp.so.6.0.0
771defe09000-771defe0a000 rw-p 00006000 103:02 16530323                  /usr/lib/x86_64-linux-gnu/libXdmcp.so.6.0.0
771defe0a000-771defe0d000 r--p 00000000 103:02 16530328                  /usr/lib/x86_64-linux-gnu/libXi.so.6.1.0
771defe0d000-771defe19000 r-xp 00003000 103:02 16530328                  /usr/lib/x86_64-linux-gnu/libXi.so.6.1.0
771defe19000-771defe1b000 r--p 0000f000 103:02 16530328                  /usr/lib/x86_64-linux-gnu/libXi.so.6.1.0
771defe1b000-771defe1c000 r--p 00011000 103:02 16530328                  /usr/lib/x86_64-linux-gnu/libXi.so.6.1.0
771defe1c000-771defe1d000 rw-p 00012000 103:02 16530328                  /usr/lib/x86_64-linux-gnu/libXi.so.6.1.0
771defe1d000-771df2bea000 rw-p 00000000 00:00 0 
771df2bea000-771df4000000 ---p 00000000 00:00 0 
771df4002000-771df4003000 r--p 00000000 103:02 16530318                  /usr/lib/x86_64-linux-gnu/libXau.so.6.0.0
771df4003000-771df4005000 r-xp 00001000 103:02 16530318                  /usr/lib/x86_64-linux-gnu/libXau.so.6.0.0
771df4005000-771df4006000 r--p 00003000 103:02 16530318                  /usr/lib/x86_64-linux-gnu/libXau.so.6.0.0
771df4006000-771df4007000 r--p 00003000 103:02 16530318                  /usr/lib/x86_64-linux-gnu/libXau.so.6.0.0
771df4007000-771df4008000 rw-p 00004000 103:02 16530318                  /usr/lib/x86_64-linux-gnu/libXau.so.6.0.0
771df4008000-771df400a000 r--p 00000000 103:02 16530337                  /usr/lib/x86_64-linux-gnu/libXtst.so.6.1.0
771df400a000-771df400d000 r-xp 00002000 103:02 16530337                  /usr/lib/x86_64-linux-gnu/libXtst.so.6.1.0
771df400d000-771df400e000 r--p 00005000 103:02 16530337                  /usr/lib/x86_64-linux-gnu/libXtst.so.6.1.0
771df400e000-771df400f000 r--p 00005000 103:02 16530337                  /usr/lib/x86_64-linux-gnu/libXtst.so.6.1.0
771df400f000-771df4010000 rw-p 00006000 103:02 16530337                  /usr/lib/x86_64-linux-gnu/libXtst.so.6.1.0
771df4010000-771df4014000 r--p 00000000 103:02 16530324                  /usr/lib/x86_64-linux-gnu/libXext.so.6.4.0
771df4014000-771df401f000 r-xp 00004000 103:02 16530324                  /usr/lib/x86_64-linux-gnu/libXext.so.6.4.0
771df401f000-771df4022000 r--p 0000f000 103:02 16530324                  /usr/lib/x86_64-linux-gnu/libXext.so.6.4.0
771df4022000-771df4023000 r--p 00011000 103:02 16530324                  /usr/lib/x86_64-linux-gnu/libXext.so.6.4.0
771df4023000-771df4024000 rw-p 00012000 103:02 16530324                  /usr/lib/x86_64-linux-gnu/libXext.so.6.4.0
771df4024000-771df4029000 r--p 00000000 103:02 17172968                  /usr/lib/jvm/java-21-openjdk-amd64/lib/libjsvml.so
771df4029000-771df406a000 r-xp 00005000 103:02 17172968                  /usr/lib/jvm/java-21-openjdk-amd64/lib/libjsvml.so
771df406a000-771df40f3000 r--p 00046000 103:02 17172968                  /usr/lib/jvm/java-21-openjdk-amd64/lib/libjsvml.so
771df40f3000-771df40f4000 r--p 000ce000 103:02 17172968                  /usr/lib/jvm/java-21-openjdk-amd64/lib/libjsvml.so
771df40f4000-771df40f5000 rw-p 000cf000 103:02 17172968                  /usr/lib/jvm/java-21-openjdk-amd64/lib/libjsvml.so
771df40f5000-771df48fd000 rw-p 00000000 00:00 0 
771df48fd000-771df48fe000 ---p 00000000 00:00 0 
771df48fe000-771df49fe000 rw-p 00000000 00:00 0 
771df49fe000-771df49ff000 ---p 00000000 00:00 0 
771df49ff000-771df4aff000 rw-p 00000000 00:00 0 
771df4aff000-771df4b00000 ---p 00000000 00:00 0 
771df4b00000-771df4c00000 rw-p 00000000 00:00 0 
771df4c00000-771df4cf6000 rw-p 00000000 00:00 0 
771df4cf6000-771df5b4a000 ---p 00000000 00:00 0 
771df5b4a000-771df5b4c000 rw-p 00000000 00:00 0 
771df5b4c000-771df5cf6000 rw-p 00000000 00:00 0 
771df5cf6000-771df6b4a000 ---p 00000000 00:00 0 
771df6b4a000-771df6b4c000 rw-p 00000000 00:00 0 
771df6b59000-771df6b5b000 r--p 00000000 103:02 17172962                  /usr/lib/jvm/java-21-openjdk-amd64/lib/libjavajpeg.so
771df6b5b000-771df6b62000 r-xp 00002000 103:02 17172962                  /usr/lib/jvm/java-21-openjdk-amd64/lib/libjavajpeg.so
771df6b62000-771df6b63000 r--p 00009000 103:02 17172962                  /usr/lib/jvm/java-21-openjdk-amd64/lib/libjavajpeg.so
771df6b63000-771df6b64000 r--p 0000a000 103:02 17172962                  /usr/lib/jvm/java-21-openjdk-amd64/lib/libjavajpeg.so
771df6b64000-771df6b65000 rw-p 0000b000 103:02 17172962                  /usr/lib/jvm/java-21-openjdk-amd64/lib/libjavajpeg.so
771df6b65000-771df7933000 rw-p 00000000 00:00 0 
771df7933000-771df7a17000 ---p 00000000 00:00 0 
771df7a17000-771df7a1c000 rw-p 00000000 00:00 0 
771df7a1c000-771df7b00000 ---p 00000000 00:00 0 
771df7b00000-771df7b04000 ---p 00000000 00:00 0 
771df7b04000-771df7c00000 rw-p 00000000 00:00 0 
771df7c00000-771df7c9d000 r--p 00000000 103:02 16543594                  /usr/lib/x86_64-linux-gnu/libstdc++.so.6.0.33
771df7c9d000-771df7de5000 r-xp 0009d000 103:02 16543594                  /usr/lib/x86_64-linux-gnu/libstdc++.so.6.0.33
771df7de5000-771df7e6c000 r--p 001e5000 103:02 16543594                  /usr/lib/x86_64-linux-gnu/libstdc++.so.6.0.33
771df7e6c000-771df7e77000 r--p 0026b000 103:02 16543594                  /usr/lib/x86_64-linux-gnu/libstdc++.so.6.0.33
771df7e77000-771df7e7a000 rw-p 00276000 103:02 16543594                  /usr/lib/x86_64-linux-gnu/libstdc++.so.6.0.33
771df7e7a000-771df7e7e000 rw-p 00000000 00:00 0 
771df7e80000-771df7e82000 r--p 00000000 103:02 16530334                  /usr/lib/x86_64-linux-gnu/libXrender.so.1.3.0
771df7e82000-771df7e89000 r-xp 00002000 103:02 16530334                  /usr/lib/x86_64-linux-gnu/libXrender.so.1.3.0
771df7e89000-771df7e8a000 r--p 00009000 103:02 16530334                  /usr/lib/x86_64-linux-gnu/libXrender.so.1.3.0
771df7e8a000-771df7e8b000 r--p 00009000 103:02 16530334                  /usr/lib/x86_64-linux-gnu/libXrender.so.1.3.0
771df7e8b000-771df7e8c000 rw-p 0000a000 103:02 16530334                  /usr/lib/x86_64-linux-gnu/libXrender.so.1.3.0
771df7e8c000-771df7e8d000 r--p 00000000 103:02 16530540                  /usr/lib/x86_64-linux-gnu/libdl.so.2
771df7e8d000-771df7e8e000 r-xp 00001000 103:02 16530540                  /usr/lib/x86_64-linux-gnu/libdl.so.2
771df7e8e000-771df7e8f000 r--p 00002000 103:02 16530540                  /usr/lib/x86_64-linux-gnu/libdl.so.2
771df7e8f000-771df7e90000 r--p 00002000 103:02 16530540                  /usr/lib/x86_64-linux-gnu/libdl.so.2
771df7e90000-771df7e91000 rw-p 00003000 103:02 16530540                  /usr/lib/x86_64-linux-gnu/libdl.so.2
771df7e91000-771df7e92000 r--p 00000000 103:02 16531006                  /usr/lib/x86_64-linux-gnu/librt.so.1
771df7e92000-771df7e93000 r-xp 00001000 103:02 16531006                  /usr/lib/x86_64-linux-gnu/librt.so.1
771df7e93000-771df7e94000 r--p 00002000 103:02 16531006                  /usr/lib/x86_64-linux-gnu/librt.so.1
771df7e94000-771df7e95000 r--p 00002000 103:02 16531006                  /usr/lib/x86_64-linux-gnu/librt.so.1
771df7e95000-771df7e96000 rw-p 00003000 103:02 16531006                  /usr/lib/x86_64-linux-gnu/librt.so.1
771df7e9a000-771df7eaa000 -w-s 00000000 00:05 1070                       /dev/nvidia0
771df7eaa000-771df7eac000 r--p 00000000 103:02 17172983                  /usr/lib/jvm/java-21-openjdk-amd64/lib/libzip.so
771df7eac000-771df7eb1000 r-xp 00002000 103:02 17172983                  /usr/lib/jvm/java-21-openjdk-amd64/lib/libzip.so
771df7eb1000-771df7eb3000 r--p 00007000 103:02 17172983                  /usr/lib/jvm/java-21-openjdk-amd64/lib/libzip.so
771df7eb3000-771df7eb4000 r--p 00008000 103:02 17172983                  /usr/lib/jvm/java-21-openjdk-amd64/lib/libzip.so
771df7eb4000-771df7eb5000 rw-p 00009000 103:02 17172983                  /usr/lib/jvm/java-21-openjdk-amd64/lib/libzip.so
771df7eb5000-771df7eb6000 r--p 00000000 103:02 17172953                  /usr/lib/jvm/java-21-openjdk-amd64/lib/libdt_socket.so
771df7eb6000-771df7eb9000 r-xp 00001000 103:02 17172953                  /usr/lib/jvm/java-21-openjdk-amd64/lib/libdt_socket.so
771df7eb9000-771df7eba000 r--p 00004000 103:02 17172953                  /usr/lib/jvm/java-21-openjdk-amd64/lib/libdt_socket.so
771df7eba000-771df7ebb000 r--p 00005000 103:02 17172953                  /usr/lib/jvm/java-21-openjdk-amd64/lib/libdt_socket.so
771df7ebb000-771df7ebc000 rw-p 00006000 103:02 17172953                  /usr/lib/jvm/java-21-openjdk-amd64/lib/libdt_socket.so
771df7ebc000-771df7f17000 rw-p 00000000 00:00 0 
771df7f17000-771df7f27000 r--p 00000000 103:02 16530817                  /usr/lib/x86_64-linux-gnu/libm.so.6
771df7f27000-771df7fa6000 r-xp 00010000 103:02 16530817                  /usr/lib/x86_64-linux-gnu/libm.so.6
771df7fa6000-771df7ffe000 r--p 0008f000 103:02 16530817                  /usr/lib/x86_64-linux-gnu/libm.so.6
771df7ffe000-771df7fff000 r--p 000e7000 103:02 16530817                  /usr/lib/x86_64-linux-gnu/libm.so.6
771df7fff000-771df8000000 rw-p 000e8000 103:02 16530817                  /usr/lib/x86_64-linux-gnu/libm.so.6
771df8000000-771df8296000 r--p 00000000 103:02 17172990                  /usr/lib/jvm/java-21-openjdk-amd64/lib/server/libjvm.so
771df8296000-771df90fe000 r-xp 00296000 103:02 17172990                  /usr/lib/jvm/java-21-openjdk-amd64/lib/server/libjvm.so
771df90fe000-771df93d1000 r--p 010fe000 103:02 17172990                  /usr/lib/jvm/java-21-openjdk-amd64/lib/server/libjvm.so
771df93d1000-771df94a1000 r--p 013d0000 103:02 17172990                  /usr/lib/jvm/java-21-openjdk-amd64/lib/server/libjvm.so
771df94a1000-771df94d1000 rw-p 014a0000 103:02 17172990                  /usr/lib/jvm/java-21-openjdk-amd64/lib/server/libjvm.so
771df94d1000-771df9537000 rw-p 00000000 00:00 0 
771df9537000-771df9538000 r--p 00000000 103:02 16530978                  /usr/lib/x86_64-linux-gnu/libpthread.so.0
771df9538000-771df9539000 r-xp 00001000 103:02 16530978                  /usr/lib/x86_64-linux-gnu/libpthread.so.0
771df9539000-771df953a000 r--p 00002000 103:02 16530978                  /usr/lib/x86_64-linux-gnu/libpthread.so.0
771df953a000-771df953b000 r--p 00002000 103:02 16530978                  /usr/lib/x86_64-linux-gnu/libpthread.so.0
771df953b000-771df953c000 rw-p 00003000 103:02 16530978                  /usr/lib/x86_64-linux-gnu/libpthread.so.0
771df953c000-771df9543000 r--s 00000000 103:02 16532226                  /usr/lib/x86_64-linux-gnu/gconv/gconv-modules.cache
771df9543000-771df9600000 rw-p 00000000 00:00 0 
771df9600000-771df9628000 r--p 00000000 103:02 16530474                  /usr/lib/x86_64-linux-gnu/libc.so.6
771df9628000-771df97b0000 r-xp 00028000 103:02 16530474                  /usr/lib/x86_64-linux-gnu/libc.so.6
771df97b0000-771df97ff000 r--p 001b0000 103:02 16530474                  /usr/lib/x86_64-linux-gnu/libc.so.6
771df97ff000-771df9803000 r--p 001fe000 103:02 16530474                  /usr/lib/x86_64-linux-gnu/libc.so.6
771df9803000-771df9805000 rw-p 00202000 103:02 16530474                  /usr/lib/x86_64-linux-gnu/libc.so.6
771df9805000-771df9812000 rw-p 00000000 00:00 0 
771df9816000-771df9819000 r--p 00000000 103:02 17172975                  /usr/lib/jvm/java-21-openjdk-amd64/lib/libnet.so
771df9819000-771df9821000 r-xp 00003000 103:02 17172975                  /usr/lib/jvm/java-21-openjdk-amd64/lib/libnet.so
771df9821000-771df9823000 r--p 0000b000 103:02 17172975                  /usr/lib/jvm/java-21-openjdk-amd64/lib/libnet.so
771df9823000-771df9824000 r--p 0000c000 103:02 17172975                  /usr/lib/jvm/java-21-openjdk-amd64/lib/libnet.so
771df9824000-771df9825000 rw-p 0000d000 103:02 17172975                  /usr/lib/jvm/java-21-openjdk-amd64/lib/libnet.so
771df9825000-771df982c000 r--p 00000000 103:02 17172976                  /usr/lib/jvm/java-21-openjdk-amd64/lib/libnio.so
771df982c000-771df9835000 r-xp 00007000 103:02 17172976                  /usr/lib/jvm/java-21-openjdk-amd64/lib/libnio.so
771df9835000-771df9839000 r--p 00010000 103:02 17172976                  /usr/lib/jvm/java-21-openjdk-amd64/lib/libnio.so
771df9839000-771df983a000 r--p 00014000 103:02 17172976                  /usr/lib/jvm/java-21-openjdk-amd64/lib/libnio.so
771df983a000-771df983b000 rw-p 00015000 103:02 17172976                  /usr/lib/jvm/java-21-openjdk-amd64/lib/libnio.so
771df983b000-771df9840000 rw-p 00000000 00:00 0 
771df9840000-771df984a000 ---p 00000000 00:00 0 
771df984a000-771df9857000 r--p 00000000 103:02 17172961                  /usr/lib/jvm/java-21-openjdk-amd64/lib/libjava.so
771df9857000-771df9866000 r-xp 0000d000 103:02 17172961                  /usr/lib/jvm/java-21-openjdk-amd64/lib/libjava.so
771df9866000-771df986b000 r--p 0001c000 103:02 17172961                  /usr/lib/jvm/java-21-openjdk-amd64/lib/libjava.so
771df986b000-771df986c000 r--p 00021000 103:02 17172961                  /usr/lib/jvm/java-21-openjdk-amd64/lib/libjava.so
771df986c000-771df986d000 rw-p 00022000 103:02 17172961                  /usr/lib/jvm/java-21-openjdk-amd64/lib/libjava.so
771df986d000-771df986e000 rw-p 00000000 00:00 0 
771df986e000-771df9871000 r--p 00000000 103:02 17172963                  /usr/lib/jvm/java-21-openjdk-amd64/lib/libjdwp.so
771df9871000-771df98a0000 r-xp 00003000 103:02 17172963                  /usr/lib/jvm/java-21-openjdk-amd64/lib/libjdwp.so
771df98a0000-771df98af000 r--p 00032000 103:02 17172963                  /usr/lib/jvm/java-21-openjdk-amd64/lib/libjdwp.so
771df98af000-771df98b0000 r--p 00040000 103:02 17172963                  /usr/lib/jvm/java-21-openjdk-amd64/lib/libjdwp.so
771df98b0000-771df98b1000 rw-p 00041000 103:02 17172963                  /usr/lib/jvm/java-21-openjdk-amd64/lib/libjdwp.so
771df98b1000-771df98b2000 rw-p 00000000 00:00 0 
771df98b2000-771df98b6000 r--p 00000000 103:02 16528598                  /usr/lib/x86_64-linux-gnu/libgcc_s.so.1
771df98b6000-771df98da000 r-xp 00004000 103:02 16528598                  /usr/lib/x86_64-linux-gnu/libgcc_s.so.1
771df98da000-771df98de000 r--p 00028000 103:02 16528598                  /usr/lib/x86_64-linux-gnu/libgcc_s.so.1
771df98de000-771df98df000 r--p 0002b000 103:02 16528598                  /usr/lib/x86_64-linux-gnu/libgcc_s.so.1
771df98df000-771df98e0000 rw-p 0002c000 103:02 16528598                  /usr/lib/x86_64-linux-gnu/libgcc_s.so.1
771df98e0000-771df98e2000 rw-p 00000000 00:00 0 
771df98e2000-771df98e4000 r--p 00000000 103:02 17172965                  /usr/lib/jvm/java-21-openjdk-amd64/lib/libjli.so
771df98e4000-771df98ee000 r-xp 00002000 103:02 17172965                  /usr/lib/jvm/java-21-openjdk-amd64/lib/libjli.so
771df98ee000-771df98f1000 r--p 0000c000 103:02 17172965                  /usr/lib/jvm/java-21-openjdk-amd64/lib/libjli.so
771df98f1000-771df98f2000 r--p 0000f000 103:02 17172965                  /usr/lib/jvm/java-21-openjdk-amd64/lib/libjli.so
771df98f2000-771df98f3000 rw-p 00010000 103:02 17172965                  /usr/lib/jvm/java-21-openjdk-amd64/lib/libjli.so
771df98f3000-771df98f5000 r--p 00000000 103:02 16531205                  /usr/lib/x86_64-linux-gnu/libz.so.1.3
771df98f5000-771df9907000 r-xp 00002000 103:02 16531205                  /usr/lib/x86_64-linux-gnu/libz.so.1.3
771df9907000-771df990d000 r--p 00014000 103:02 16531205                  /usr/lib/x86_64-linux-gnu/libz.so.1.3
771df990d000-771df990e000 r--p 0001a000 103:02 16531205                  /usr/lib/x86_64-linux-gnu/libz.so.1.3
771df990e000-771df990f000 rw-p 0001b000 103:02 16531205                  /usr/lib/x86_64-linux-gnu/libz.so.1.3
771df9910000-771df9918000 rw-s 00000000 103:02 18219051                  /tmp/hsperfdata_dov/4153
771df9918000-771df9919000 ---p 00000000 00:00 0 
771df9919000-771df991a000 r--p 00000000 00:00 0 
771df991a000-771df991b000 ---p 00000000 00:00 0 
771df991b000-771df991d000 r--p 00000000 103:02 17172964                  /usr/lib/jvm/java-21-openjdk-amd64/lib/libjimage.so
771df991d000-771df9920000 r-xp 00002000 103:02 17172964                  /usr/lib/jvm/java-21-openjdk-amd64/lib/libjimage.so
771df9920000-771df9921000 r--p 00005000 103:02 17172964                  /usr/lib/jvm/java-21-openjdk-amd64/lib/libjimage.so
771df9921000-771df9922000 r--p 00006000 103:02 17172964                  /usr/lib/jvm/java-21-openjdk-amd64/lib/libjimage.so
771df9922000-771df9923000 rw-p 00007000 103:02 17172964                  /usr/lib/jvm/java-21-openjdk-amd64/lib/libjimage.so
771df9923000-771df9925000 rw-p 00000000 00:00 0 
771df9925000-771df9926000 r--p 00000000 103:02 16530286                  /usr/lib/x86_64-linux-gnu/ld-linux-x86-64.so.2
771df9926000-771df9951000 r-xp 00001000 103:02 16530286                  /usr/lib/x86_64-linux-gnu/ld-linux-x86-64.so.2
771df9951000-771df995b000 r--p 0002c000 103:02 16530286                  /usr/lib/x86_64-linux-gnu/ld-linux-x86-64.so.2
771df995b000-771df995d000 r--p 00036000 103:02 16530286                  /usr/lib/x86_64-linux-gnu/ld-linux-x86-64.so.2
771df995d000-771df995f000 rw-p 00038000 103:02 16530286                  /usr/lib/x86_64-linux-gnu/ld-linux-x86-64.so.2
7ffc16586000-7ffc165a7000 rw-p 00000000 00:00 0                          [stack]
7ffc165ab000-7ffc165af000 r--p 00000000 00:00 0                          [vvar]
7ffc165af000-7ffc165b1000 r-xp 00000000 00:00 0                          [vdso]
ffffffffff600000-ffffffffff601000 --xp 00000000 00:00 0                  [vsyscall]
Total number of mappings: 420


VM Arguments:
jvm_args: -Dfile.encoding=UTF-8 -agentlib:jdwp=transport=dt_socket,address=localhost:37575 --module-path=/home/dov/projects/NeighborhoodPIG/build/classes 
java_command: main.NeighborhoodPIG
java_class_path (initial): /home/dov/projects/Libraries/commons-math3/commons-math3-3.6.1-javadoc.jar:/home/dov/projects/Libraries/commons-math3/commons-math3-3.6.1-sources.jar:/home/dov/projects/Libraries/commons-math3/commons-math3-3.6.1-test-sources.jar:/home/dov/projects/Libraries/commons-math3/commons-math3-3.6.1-tests.jar:/home/dov/projects/Libraries/commons-math3/commons-math3-3.6.1-tools.jar:/home/dov/projects/Libraries/commons-math3/commons-math3-3.6.1.jar:/home/dov/projects/JCudaWrapper/jcuda12/jcublas-12.0.0.jar:/home/dov/projects/JCudaWrapper/jcuda12/jcublas-natives-12.0.0-linux-x86_64.jar:/home/dov/projects/JCudaWrapper/jcuda12/jcuda-12.0.0.jar:/home/dov/projects/JCudaWrapper/jcuda12/jcuda-natives-12.0.0-linux-x86_64.jar:/home/dov/projects/JCudaWrapper/jcuda12/jcudnn-12.0.0.jar:/home/dov/projects/JCudaWrapper/jcuda12/jcudnn-natives-12.0.0-linux-x86_64.jar:/home/dov/projects/JCudaWrapper/jcuda12/jcufft-12.0.0.jar:/home/dov/projects/JCudaWrapper/jcuda12/jcufft-natives-12.0.0-linux-x86_64.jar:/home/dov/projects/JCudaWrapper/jcuda12/jcurand-12.0.0.jar:/home/dov/projects/JCudaWrapper/jcuda12/jcurand-natives-12.0.0-linux-x86_64.jar:/home/dov/projects/JCudaWrapper/jcuda12/jcusolver-12.0.0.jar:/home/dov/projects/JCudaWrapper/jcuda12/jcusolver-natives-12.0.0-linux-x86_64.jar:/home/dov/projects/JCudaWrapper/jcuda12/jcusparse-12.0.0.jar:/home/dov/projects/JCudaWrapper/jcuda12/jcusparse-natives-12.0.0-linux-x86_64.jar:/home/dov/projects/NeighborhoodPIG/build/classes
Launcher Type: SUN_STANDARD

[Global flags]
     intx CICompilerCount                          = 12                                        {product} {ergonomic}
     uint ConcGCThreads                            = 3                                         {product} {ergonomic}
     uint G1ConcRefinementThreads                  = 13                                        {product} {ergonomic}
   size_t G1HeapRegionSize                         = 4194304                                   {product} {ergonomic}
    uintx GCDrainStackTargetSize                   = 64                                        {product} {ergonomic}
   size_t InitialHeapSize                          = 515899392                                 {product} {ergonomic}
   size_t MarkStackSize                            = 4194304                                   {product} {ergonomic}
   size_t MaxHeapSize                              = 8212447232                                {product} {ergonomic}
   size_t MaxNewSize                               = 4924112896                                {product} {ergonomic}
   size_t MinHeapDeltaBytes                        = 4194304                                   {product} {ergonomic}
   size_t MinHeapSize                              = 8388608                                   {product} {ergonomic}
    uintx NonNMethodCodeHeapSize                   = 7602480                                {pd product} {ergonomic}
    uintx NonProfiledCodeHeapSize                  = 122027880                              {pd product} {ergonomic}
    uintx ProfiledCodeHeapSize                     = 122027880                              {pd product} {ergonomic}
    uintx ReservedCodeCacheSize                    = 251658240                              {pd product} {ergonomic}
     bool SegmentedCodeCache                       = true                                      {product} {ergonomic}
   size_t SoftMaxHeapSize                          = 8212447232                             {manageable} {ergonomic}
     bool UseCompressedOops                        = true                           {product lp64_product} {ergonomic}
     bool UseG1GC                                  = true                                      {product} {ergonomic}

Logging:
Log output configuration:
 #0: stdout all=warning uptime,level,tags foldmultilines=false
 #1: stderr all=off uptime,level,tags foldmultilines=false

Environment Variables:
PATH=/usr/local/sbin:/usr/local/bin:/usr/sbin:/usr/bin:/sbin:/bin:/usr/games:/usr/local/games:/snap/bin:/snap/bin
USERNAME=dov
SHELL=/bin/bash
DISPLAY=:1
LANG=en_US.UTF-8

Active Locale:
LC_ALL=en_US.UTF-8
LC_COLLATE=en_US.UTF-8
LC_CTYPE=en_US.UTF-8
LC_MESSAGES=en_US.UTF-8
LC_MONETARY=en_US.UTF-8
LC_NUMERIC=en_US.UTF-8
LC_TIME=en_US.UTF-8

Signal Handlers:
   SIGSEGV: crash_handler in libjvm.so, mask=11100100010111111101111111111110, flags=SA_RESTART|SA_SIGINFO, unblocked
    SIGBUS: crash_handler in libjvm.so, mask=11100100010111111101111111111110, flags=SA_RESTART|SA_SIGINFO, unblocked
    SIGFPE: crash_handler in libjvm.so, mask=11100100010111111101111111111110, flags=SA_RESTART|SA_SIGINFO, unblocked
   SIGPIPE: javaSignalHandler in libjvm.so, mask=11100100010111111101111111111110, flags=SA_RESTART|SA_SIGINFO, blocked
   SIGXFSZ: javaSignalHandler in libjvm.so, mask=11100100010111111101111111111110, flags=SA_RESTART|SA_SIGINFO, blocked
    SIGILL: crash_handler in libjvm.so, mask=11100100010111111101111111111110, flags=SA_RESTART|SA_SIGINFO, unblocked
   SIGUSR2: SR_handler in libjvm.so, mask=00000000000000000000000000000000, flags=SA_RESTART|SA_SIGINFO, blocked
    SIGHUP: UserHandler in libjvm.so, mask=11100100010111111101111111111110, flags=SA_RESTART|SA_SIGINFO, blocked
    SIGINT: SIG_IGN, mask=00000000000000000000000000000000, flags=none, blocked
   SIGTERM: UserHandler in libjvm.so, mask=11100100010111111101111111111110, flags=SA_RESTART|SA_SIGINFO, blocked
   SIGQUIT: UserHandler in libjvm.so, mask=11100100010111111101111111111110, flags=SA_RESTART|SA_SIGINFO, blocked
   SIGTRAP: crash_handler in libjvm.so, mask=11100100010111111101111111111110, flags=SA_RESTART|SA_SIGINFO, unblocked


Periodic native trim disabled

---------------  S Y S T E M  ---------------

OS:
DISTRIB_ID=Ubuntu
DISTRIB_RELEASE=24.04
DISTRIB_CODENAME=noble
DISTRIB_DESCRIPTION="Ubuntu 24.04.1 LTS"
uname: Linux 6.8.0-47-generic #47-Ubuntu SMP PREEMPT_DYNAMIC Fri Sep 27 21:40:26 UTC 2024 x86_64
OS uptime: 0 days 0:03 hours
libc: glibc 2.39 NPTL 2.39 
rlimit (soft/hard): STACK 8192k/infinity , CORE 0k/infinity , NPROC 125013/125013 , NOFILE 1048576/1048576 , AS infinity/infinity , CPU infinity/infinity , DATA infinity/infinity , FSIZE infinity/infinity , MEMLOCK 4009332k/4009332k
load average: 1.14 0.44 0.17

/proc/meminfo:
MemTotal:       32074672 kB
MemFree:        27607548 kB
MemAvailable:   28788612 kB
Buffers:           92232 kB
Cached:          1433236 kB
SwapCached:            0 kB
Active:          2825760 kB
Inactive:         747652 kB
Active(anon):    2061588 kB
Inactive(anon):        0 kB
Active(file):     764172 kB
Inactive(file):   747652 kB
Unevictable:          16 kB
Mlocked:              16 kB
SwapTotal:       8388604 kB
SwapFree:        8388604 kB
Zswap:                 0 kB
Zswapped:              0 kB
Dirty:             18808 kB
Writeback:             0 kB
AnonPages:       2048096 kB
Mapped:           567376 kB
Shmem:             13612 kB
KReclaimable:      68028 kB
Slab:             299628 kB
SReclaimable:      68028 kB
SUnreclaim:       231600 kB
KernelStack:       14704 kB
PageTables:        23824 kB
SecPageTables:         0 kB
NFS_Unstable:          0 kB
Bounce:                0 kB
WritebackTmp:          0 kB
CommitLimit:    24425940 kB
Committed_AS:    6970564 kB
VmallocTotal:   34359738367 kB
VmallocUsed:      156428 kB
VmallocChunk:          0 kB
Percpu:            17152 kB
HardwareCorrupted:     0 kB
AnonHugePages:         0 kB
ShmemHugePages:        0 kB
ShmemPmdMapped:        0 kB
FileHugePages:         0 kB
FilePmdMapped:         0 kB
Unaccepted:            0 kB
HugePages_Total:       0
HugePages_Free:        0
HugePages_Rsvd:        0
HugePages_Surp:        0
Hugepagesize:       2048 kB
Hugetlb:               0 kB
DirectMap4k:      733672 kB
DirectMap2M:    10004480 kB
DirectMap1G:    23068672 kB

/sys/kernel/mm/transparent_hugepage/enabled: always [madvise] never
/sys/kernel/mm/transparent_hugepage/hpage_pmd_size: 2097152
/sys/kernel/mm/transparent_hugepage/defrag (defrag/compaction efforts parameter): always defer defer+madvise [madvise] never

Process Memory:
Virtual Size: 17093100K (peak: 17152140K)
Resident Set Size: 274520K (peak: 274520K) (anon: 110500K, file: 155828K, shmem: 8192K)
Swapped out: 0K
C-Heap outstanding allocations: 83577K, retained: 5566K
glibc malloc tunables: (default)

/proc/sys/kernel/threads-max (system-wide limit on the number of threads): 250026
/proc/sys/vm/max_map_count (maximum number of memory map areas a process may have): 1048576
/proc/sys/vm/swappiness (control to define how aggressively the kernel swaps out anonymous memory): 60
/proc/sys/kernel/pid_max (system-wide limit on number of process identifiers): 4194304

container (cgroup) information:
container_type: cgroupv2
cpu_cpuset_cpus: not supported
cpu_memory_nodes: not supported
active_processor_count: 16
cpu_quota: not supported
cpu_period: not supported
cpu_shares: not supported
memory_limit_in_bytes: unlimited
memory_and_swap_limit_in_bytes: unlimited
memory_soft_limit_in_bytes: unlimited
memory_usage_in_bytes: 1894280 k
memory_max_usage_in_bytes: not supported
memory_swap_current_in_bytes: unlimited
memory_swap_max_limit_in_bytes: unlimited
maximum number of tasks: 37503
current number of tasks: 111

Steal ticks since vm start: 0
Steal ticks percentage since vm start:  0.000

CPU: total 16 (initial active 16) (16 cores per cpu, 2 threads per core) family 25 model 68 stepping 1 microcode 0xa404101, cx8, cmov, fxsr, ht, mmx, 3dnowpref, sse, sse2, sse3, ssse3, sse4a, sse4.1, sse4.2, popcnt, lzcnt, tsc, tscinvbit, avx, avx2, aes, clmul, bmi1, bmi2, adx, sha, fma, vzeroupper, clflush, clflushopt, rdtscp, rdpid, f16c, pku, ospke, cet_ss
CPU Model and flags from /proc/cpuinfo:
model name	: AMD Ryzen 9 6900HS with Radeon Graphics
flags		: fpu vme de pse tsc msr pae mce cx8 apic sep mtrr pge mca cmov pat pse36 clflush mmx fxsr sse sse2 ht syscall nx mmxext fxsr_opt pdpe1gb rdtscp lm constant_tsc rep_good nopl nonstop_tsc cpuid extd_apicid aperfmperf rapl pni pclmulqdq monitor ssse3 fma cx16 sse4_1 sse4_2 x2apic movbe popcnt aes xsave avx f16c rdrand lahf_lm cmp_legacy svm extapic cr8_legacy abm sse4a misalignsse 3dnowprefetch osvw ibs skinit wdt tce topoext perfctr_core perfctr_nb bpext perfctr_llc mwaitx cpb cat_l3 cdp_l3 hw_pstate ssbd mba ibrs ibpb stibp vmmcall fsgsbase bmi1 avx2 smep bmi2 invpcid cqm rdt_a rdseed adx smap clflushopt clwb sha_ni xsaveopt xsavec xgetbv1 xsaves cqm_llc cqm_occup_llc cqm_mbm_total cqm_mbm_local user_shstk clzero irperf xsaveerptr rdpru wbnoinvd cppc arat npt lbrv svm_lock nrip_save tsc_scale vmcb_clean flushbyasid decodeassists pausefilter pfthreshold avic v_vmsave_vmload vgif v_spec_ctrl umip pku ospke vaes vpclmulqdq rdpid overflow_recov succor smca debug_swap

Online cpus: 0-15
Offline cpus: 
BIOS frequency limitation: <Not Available>
Frequency switch latency (ns): 0
Available cpu frequencies: <Not Available>
Current governor: powersave
Core performance/turbo boost: <Not Available>

Memory: 4k page, physical 32074672k(28788612k free), swap 8388604k(8388604k free)
Page Sizes: 4k

vm_info: OpenJDK 64-Bit Server VM (21.0.4+7-Ubuntu-1ubuntu224.04) for linux-amd64 JRE (21.0.4+7-Ubuntu-1ubuntu224.04), built on 2024-07-23T01:34:52Z by "buildd" with gcc 13.2.0

END.
