#
# A fatal error has been detected by the Java Runtime Environment:
#
#  SIGSEGV (0xb) at pc=0x00007c37f664b06e, pid=4296, tid=4300
#
# JRE version: OpenJDK Runtime Environment (21.0.4+7) (build 21.0.4+7-Ubuntu-1ubuntu224.04)
# Java VM: OpenJDK 64-Bit Server VM (21.0.4+7-Ubuntu-1ubuntu224.04, mixed mode, sharing, tiered, compressed oops, compressed class ptrs, g1 gc, linux-amd64)
# Problematic frame:
# C  [libcuda.so.1+0x24b06e]
#
# Core dump will be written. Default location: Core dumps may be processed with "/usr/share/apport/apport -p%p -s%s -c%c -d%d -P%P -u%u -g%g -- %E" (or dumping to /home/dov/projects/NeighborhoodPIG/core.4296)
#
# If you would like to submit a bug report, please visit:
#   https://bugs.launchpad.net/ubuntu/+source/openjdk-21
# The crash happened outside the Java Virtual Machine in native code.
# See problematic frame for where to report the bug.
#

---------------  S U M M A R Y ------------

Command Line: -Dfile.encoding=UTF-8 -agentlib:jdwp=transport=dt_socket,address=localhost:35293 --module-path=/home/dov/projects/NeighborhoodPIG/build/classes main.NeighborhoodPIG

Host: AMD Ryzen 9 6900HS with Radeon Graphics, 16 cores, 30G, Ubuntu 24.04.1 LTS
Time: Thu Oct 31 12:16:18 2024 IST elapsed time: 56.157595 seconds (0d 0h 0m 56s)

---------------  T H R E A D  ---------------

Current thread (0x00007c382c01b940):  JavaThread "main"             [_thread_in_native, id=4300, stack(0x00007c3831700000,0x00007c3831800000) (1024K)]

Stack: [0x00007c3831700000,0x00007c3831800000],  sp=0x00007c38317fe280,  free space=1016k
Native frames: (J=compiled Java code, j=interpreted, Vv=VM code, C=native code)
C  [libcuda.so.1+0x24b06e]
C  [libcuda.so.1+0x24b5f8]
C  [libcuda.so.1+0x2f19c3]
j  jcuda.driver.JCudaDriver.cuStreamSynchronizeNative(Ljcuda/driver/CUstream;)I+0
j  jcuda.driver.JCudaDriver.cuStreamSynchronize(Ljcuda/driver/CUstream;)I+1
j  JCudaWrapper.resourceManagement.Handle.get()Ljcuda/jcublas/cublasHandle;+11
j  JCudaWrapper.array.DStrideArray.multMatMatStridedBatched(LJCudaWrapper/resourceManagement/Handle;ZZIIIDLJCudaWrapper/array/DStrideArray;ILJCudaWrapper/array/DStrideArray;IDI)V+70
j  JCudaWrapper.algebra.VectorsStride.addVecMatMult(ZLJCudaWrapper/algebra/VectorsStride;LJCudaWrapper/algebra/MatricesStride;DD)V+54
j  JCudaWrapper.algebra.VectorsStride.addMatVecMult(ZLJCudaWrapper/algebra/MatricesStride;LJCudaWrapper/algebra/VectorsStride;DD)V+16
j  JCudaWrapper.algebra.VectorsStride.setMatVecMult(LJCudaWrapper/algebra/MatricesStride;LJCudaWrapper/algebra/VectorsStride;)V+6
j  main.StructureTensorMatrix.cosOf(DLJCudaWrapper/algebra/VectorsStride;LJCudaWrapper/algebra/Matrix;)LJCudaWrapper/algebra/Vector;+41
j  main.StructureTensorMatrix.getRGB()[[[D+90
j  main.NeighborhoodPIG.orientationColored(Ljava/lang/String;)V+4
j  main.NeighborhoodPIG.main([Ljava/lang/String;)V+14
v  ~StubRoutines::call_stub 0x00007c381bc5fcc6
V  [libjvm.so+0x90841a]  JavaCalls::call_helper(JavaValue*, methodHandle const&, JavaCallArguments*, JavaThread*)+0x2da
V  [libjvm.so+0x9ae72d]  jni_invoke_static(JNIEnv_*, JavaValue*, _jobject*, JNICallType, _jmethodID*, JNI_ArgumentPusher*, JavaThread*) [clone .constprop.1]+0x35d
V  [libjvm.so+0x9b0c7f]  jni_CallStaticVoidMethod+0x12f
C  [libjli.so+0x55be]  JavaMain+0xfde
C  [libjli.so+0x844d]  ThreadJavaMain+0xd
C  [libc.so.6+0x9ca94]
Java frames: (J=compiled Java code, j=interpreted, Vv=VM code)
j  jcuda.driver.JCudaDriver.cuStreamSynchronizeNative(Ljcuda/driver/CUstream;)I+0
j  jcuda.driver.JCudaDriver.cuStreamSynchronize(Ljcuda/driver/CUstream;)I+1
j  JCudaWrapper.resourceManagement.Handle.get()Ljcuda/jcublas/cublasHandle;+11
j  JCudaWrapper.array.DStrideArray.multMatMatStridedBatched(LJCudaWrapper/resourceManagement/Handle;ZZIIIDLJCudaWrapper/array/DStrideArray;ILJCudaWrapper/array/DStrideArray;IDI)V+70
j  JCudaWrapper.algebra.VectorsStride.addVecMatMult(ZLJCudaWrapper/algebra/VectorsStride;LJCudaWrapper/algebra/MatricesStride;DD)V+54
j  JCudaWrapper.algebra.VectorsStride.addMatVecMult(ZLJCudaWrapper/algebra/MatricesStride;LJCudaWrapper/algebra/VectorsStride;DD)V+16
j  JCudaWrapper.algebra.VectorsStride.setMatVecMult(LJCudaWrapper/algebra/MatricesStride;LJCudaWrapper/algebra/VectorsStride;)V+6
j  main.StructureTensorMatrix.cosOf(DLJCudaWrapper/algebra/VectorsStride;LJCudaWrapper/algebra/Matrix;)LJCudaWrapper/algebra/Vector;+41
j  main.StructureTensorMatrix.getRGB()[[[D+90
j  main.NeighborhoodPIG.orientationColored(Ljava/lang/String;)V+4
j  main.NeighborhoodPIG.main([Ljava/lang/String;)V+14
v  ~StubRoutines::call_stub 0x00007c381bc5fcc6

siginfo: si_signo: 11 (SIGSEGV), si_code: 1 (SEGV_MAPERR), si_addr: 0x00007c3fefd3a787

Registers:
RAX=0x00007c382c6348c0, RBX=0x00007c38317fe398, RCX=0x0000000000000002, RDX=0x00007c382e7bff40
RSP=0x00007c38317fe280, RBP=0x00007c38317fe2e0, RSI=0x0000000000000000, RDI=0x00007c382c6348c0
R8 =0x00007c38317fe318, R9 =0x0000000000000000, R10=0x00007c382e7bff40, R11=0x00007c3fefd3a39f
R12=0x00007c38317fe318, R13=0x00007c382c6348c0, R14=0x00007c38317fe4a8, R15=0x00007c382c01b940
RIP=0x00007c37f664b06e, EFLAGS=0x0000000000010206, CSGSFS=0x002b000000000033, ERR=0x0000000000000004
  TRAPNO=0x000000000000000e


Register to memory mapping:

RAX=0x00007c382c6348c0 points into unknown readable memory: 0x00007c382c6145e0 | e0 45 61 2c 38 7c 00 00
RBX=0x00007c38317fe398 is pointing into the stack for thread: 0x00007c382c01b940
RCX=0x0000000000000002 is an unknown value
RDX=0x00007c382e7bff40 points into unknown readable memory: 0x00007c3fefd3a39f | 9f a3 d3 ef 3f 7c 00 00
RSP=0x00007c38317fe280 is pointing into the stack for thread: 0x00007c382c01b940
RBP=0x00007c38317fe2e0 is pointing into the stack for thread: 0x00007c382c01b940
RSI=0x0 is null
RDI=0x00007c382c6348c0 points into unknown readable memory: 0x00007c382c6145e0 | e0 45 61 2c 38 7c 00 00
R8 =0x00007c38317fe318 is pointing into the stack for thread: 0x00007c382c01b940
R9 =0x0 is null
R10=0x00007c382e7bff40 points into unknown readable memory: 0x00007c3fefd3a39f | 9f a3 d3 ef 3f 7c 00 00
R11=0x00007c3fefd3a39f is an unknown value
R12=0x00007c38317fe318 is pointing into the stack for thread: 0x00007c382c01b940
R13=0x00007c382c6348c0 points into unknown readable memory: 0x00007c382c6145e0 | e0 45 61 2c 38 7c 00 00
R14=0x00007c38317fe4a8 is pointing into the stack for thread: 0x00007c382c01b940
R15=0x00007c382c01b940 is a thread

Top of Stack: (sp=0x00007c38317fe280)
0x00007c38317fe280:   00007c382c01c5a8 00000000000000d8
0x00007c38317fe290:   00007c38317feab0 00007c382c01b940
0x00007c38317fe2a0:   00007c382c01b940 00007c382c01c480
0x00007c38317fe2b0:   00007c382c01c4c0 00007c38317fe398
0x00007c38317fe2c0:   0000000000000000 00007c38317fe390
0x00007c38317fe2d0:   00007c38317fe4a8 00007c382c01b940
0x00007c38317fe2e0:   00007c38317fe350 00007c37f664b5f8
0x00007c38317fe2f0:   00007c382c01c5a8 00000000000000d8
0x00007c38317fe300:   00007c38317feab0 00007c382c01b940
0x00007c38317fe310:   00007c382c01b940 0000000000000000
0x00007c38317fe320:   0000000000000000 00007c37a04df230
0x00007c38317fe330:   00007c382e7bff40 00007c37a04df230
0x00007c38317fe340:   00007c38317fe4a8 00007c382c01b940
0x00007c38317fe350:   00007c38317fe420 00007c37f66f19c3
0x00007c38317fe360:   00007c38317fe4a8 0000000000000001
0x00007c38317fe370:   000003e700000002 0000000000000000
0x00007c38317fe380:   0000000000000000 00007c382c6348c0
0x00007c38317fe390:   0000000000000000 0000000000000000
0x00007c38317fe3a0:   00007c381bc66a90 0000000000000000
0x00007c38317fe3b0:   00007c0000000000 00007c38317fe488
0x00007c38317fe3c0:   00007c38317fe440 00007c381bc6d2f1
0x00007c38317fe3d0:   00007c38317fe440 00007c381bc6e738
0x00007c38317fe3e0:   00007c381bc66a90 0000000000000000
0x00007c38317fe3f0:   00007c0000000000 00007c38317fe488
0x00007c38317fe400:   00007c382c01bcf8 00007c37a983604a
0x00007c38317fe410:   00007c37a04df230 0000000000000000
0x00007c38317fe420:   00007c38317fe488 00007c381bc6eb6d
0x00007c38317fe430:   00007c38317fe4b0 00007c381bc6e738
0x00007c38317fe440:   00007c38317fe440 00007c37a04df230
0x00007c38317fe450:   0000000000000004 00007c37a04e3af0
0x00007c38317fe460:   0000000000000000 0000000634fcb330
0x00007c38317fe470:   00007c37a04df230 0000000000000000 

Instructions: (pc=0x00007c37f664b06e)
0x00007c37f664af6e:   f6 c2 10 75 ba 83 e2 08 b8 8a 03 00 00 75 da 48
0x00007c37f664af7e:   8b 59 08 4c 8d 63 08 4c 89 e7 e8 23 3a e9 ff 48
0x00007c37f664af8e:   8b 5b 38 48 85 db 74 2d 66 2e 0f 1f 84 00 00 00
0x00007c37f664af9e:   00 00 48 8b bb e8 03 00 00 48 85 ff 74 0b f6 43
0x00007c37f664afae:   50 04 74 05 e8 c9 9a 29 00 48 8b 9b 58 01 00 00
0x00007c37f664afbe:   48 85 db 75 dd 4c 89 e7 e8 15 35 e9 ff b8 8a 03
0x00007c37f664afce:   00 00 eb 85 66 0f 1f 44 00 00 83 f8 02 ba 91 01
0x00007c37f664afde:   00 00 b8 00 00 00 00 5b 0f 44 c2 41 5c 5d c3 0f
0x00007c37f664afee:   1f 00 e8 8b 9a 29 00 b8 84 03 00 00 e9 58 ff ff
0x00007c37f664affe:   ff 90 55 48 89 e5 41 57 41 56 41 55 49 89 fd 41
0x00007c37f664b00e:   54 4d 89 c4 53 48 83 ec 38 49 c7 00 00 00 00 00
0x00007c37f664b01e:   48 85 f6 0f 84 b9 00 00 00 44 8b 0e 41 ba 00 00
0x00007c37f664b02e:   00 00 48 89 f3 45 85 c9 4c 0f 45 d6 48 83 fa 02
0x00007c37f664b03e:   77 20 48 85 d2 74 5b 48 83 fa 02 0f 85 81 00 00
0x00007c37f664b04e:   00 4d 85 d2 0f 84 a8 00 00 00 41 b8 90 01 00 00
0x00007c37f664b05e:   eb 28 4c 8b 1a 4d 85 db 74 f0 49 39 5b 10 75 ea
0x00007c37f664b06e:   49 83 bb e8 03 00 00 00 75 09 4d 85 ed 0f 85 57
0x00007c37f664b07e:   01 00 00 4d 89 1c 24 45 31 c0 48 8d 65 d8 44 89
0x00007c37f664b08e:   c0 5b 41 5c 41 5d 41 5e 41 5f 5d c3 66 0f 1f 44
0x00007c37f664b09e:   00 00 83 f9 02 0f 84 27 02 00 00 83 f9 03 0f 84
0x00007c37f664b0ae:   06 02 00 00 83 f9 01 0f 84 e5 01 00 00 0f b6 05
0x00007c37f664b0be:   66 ac 91 01 c0 e8 03 83 e0 01 84 c0 0f 85 7f ff
0x00007c37f664b0ce:   ff ff 4d 85 d2 0f 84 ef 00 00 00 4d 8b 5a 68 eb
0x00007c37f664b0de:   84 90 48 83 fa 02 0f 86 6e ff ff ff 4c 8b 1a 4d
0x00007c37f664b0ee:   85 db 0f 85 78 ff ff ff e9 5d ff ff ff 0f 1f 44
0x00007c37f664b0fe:   00 00 4d 8b 5d 18 4d 85 db 74 0d 8b 43 38 41 39
0x00007c37f664b10e:   45 20 0f 84 9f 00 00 00 4c 8d b3 a0 03 00 00 4c
0x00007c37f664b11e:   89 55 a8 4d 8b 7d 10 4c 89 f7 e8 83 38 e9 ff 4c
0x00007c37f664b12e:   8b 9b c8 03 00 00 45 31 c0 4c 89 fe 4c 89 c2 41
0x00007c37f664b13e:   8b 3b 4c 89 5d b0 89 7d b8 e8 14 72 0d 00 4c 8b
0x00007c37f664b14e:   5d b0 48 83 ec 08 8b 7d b8 45 31 c0 41 89 c1 4c
0x00007c37f664b15e:   89 f9 49 8b 53 10 41 8b 73 0c 6a 00 e8 21 ee 2a 


Stack slot to memory mapping:

stack at sp + 0 slots: 0x00007c382c01c5a8 points into unknown readable memory: 0x0000000000000045 | 45 00 00 00 00 00 00 00
stack at sp + 1 slots: 0x00000000000000d8 is an unknown value
stack at sp + 2 slots: 0x00007c38317feab0 is pointing into the stack for thread: 0x00007c382c01b940
stack at sp + 3 slots: 0x00007c382c01b940 is a thread
stack at sp + 4 slots: 0x00007c382c01b940 is a thread
stack at sp + 5 slots: 0x00007c382c01c480 points into unknown readable memory: 0x00007c382c000002 | 02 00 00 2c 38 7c 00 00
stack at sp + 6 slots: 0x00007c382c01c4c0 points into unknown readable memory: 0x0000000000000000 | 00 00 00 00 00 00 00 00
stack at sp + 7 slots: 0x00007c38317fe398 is pointing into the stack for thread: 0x00007c382c01b940


---------------  P R O C E S S  ---------------

Threads class SMR info:
_java_thread_list=0x00007c376401a260, length=15, elements={
0x00007c382c01b940, 0x00007c382c13a1f0, 0x00007c382c13b680, 0x00007c382c13d150,
0x00007c382c13e7a0, 0x00007c382c13fd50, 0x00007c382c141920, 0x00007c382c142ff0,
0x00007c382c1620f0, 0x00007c382c1ade90, 0x00007c382c1c5590, 0x00007c3750001110,
0x00007c382c1c6860, 0x00007c382d53fb80, 0x00007c382d570300
}

Java Threads: ( => current thread )
=>0x00007c382c01b940 JavaThread "main"                              [_thread_in_native, id=4300, stack(0x00007c3831700000,0x00007c3831800000) (1024K)]
  0x00007c382c13a1f0 JavaThread "Reference Handler"          daemon [_thread_blocked, id=4308, stack(0x00007c3803bfd000,0x00007c3803cfd000) (1024K)]
  0x00007c382c13b680 JavaThread "Finalizer"                  daemon [_thread_blocked, id=4309, stack(0x00007c3802d00000,0x00007c3802e00000) (1024K)]
  0x00007c382c13d150 JavaThread "Signal Dispatcher"          daemon [_thread_blocked, id=4310, stack(0x00007c3802c00000,0x00007c3802d00000) (1024K)]
  0x00007c382c13e7a0 JavaThread "Service Thread"             daemon [_thread_blocked, id=4311, stack(0x00007c3802b00000,0x00007c3802c00000) (1024K)]
  0x00007c382c13fd50 JavaThread "Monitor Deflation Thread"   daemon [_thread_blocked, id=4312, stack(0x00007c3802a00000,0x00007c3802b00000) (1024K)]
  0x00007c382c141920 JavaThread "C2 CompilerThread0"         daemon [_thread_blocked, id=4313, stack(0x00007c3802900000,0x00007c3802a00000) (1024K)]
  0x00007c382c142ff0 JavaThread "C1 CompilerThread0"         daemon [_thread_blocked, id=4314, stack(0x00007c3802800000,0x00007c3802900000) (1024K)]
  0x00007c382c1620f0 JavaThread "Common-Cleaner"             daemon [_thread_blocked, id=4315, stack(0x00007c3802700000,0x00007c3802800000) (1024K)]
  0x00007c382c1ade90 JavaThread "JDWP Transport Listener: dt_socket" daemon [_thread_blocked, id=4319, stack(0x00007c3802300000,0x00007c3802400000) (1024K)]
  0x00007c382c1c5590 JavaThread "JDWP Event Helper Thread"   daemon [_thread_blocked, id=4321, stack(0x00007c3802200000,0x00007c3802300000) (1024K)]
  0x00007c3750001110 JavaThread "JDWP Command Reader"        daemon [_thread_in_native, id=4323, stack(0x00007c3802100000,0x00007c3802200000) (1024K)]
  0x00007c382c1c6860 JavaThread "Notification Thread"        daemon [_thread_blocked, id=4327, stack(0x00007c3802000000,0x00007c3802100000) (1024K)]
  0x00007c382d53fb80 JavaThread "pool-1-thread-1"            daemon [_thread_blocked, id=4334, stack(0x00007c3802400000,0x00007c3802500000) (1024K)]
  0x00007c382d570300 JavaThread "Java2D Disposer"            daemon [_thread_blocked, id=4335, stack(0x00007c3800b00000,0x00007c3800c00000) (1024K)]
Total: 15

Other Threads:
  0x00007c382c12cca0 VMThread "VM Thread"                           [id=4307, stack(0x00007c3803cfe000,0x00007c3803dfe000) (1024K)]
  0x00007c382c112450 WatcherThread "VM Periodic Task Thread"        [id=4306, stack(0x00007c3803dff000,0x00007c3803eff000) (1024K)]
  0x00007c382c046600 WorkerThread "GC Thread#0"                     [id=4301, stack(0x00007c3830365000,0x00007c3830465000) (1024K)]
  0x00007c382c057100 ConcurrentGCThread "G1 Main Marker"            [id=4302, stack(0x00007c3830264000,0x00007c3830364000) (1024K)]
  0x00007c382c0580b0 WorkerThread "G1 Conc#0"                       [id=4303, stack(0x00007c3830163000,0x00007c3830263000) (1024K)]
  0x00007c382c0ffcc0 ConcurrentGCThread "G1 Refine#0"               [id=4304, stack(0x00007c38080f6000,0x00007c38081f6000) (1024K)]
  0x00007c382c100c80 ConcurrentGCThread "G1 Service"                [id=4305, stack(0x00007c3803f00000,0x00007c3804000000) (1024K)]
Total: 7

Threads with active compile tasks:
Total: 0

VM state: not at safepoint (normal execution)

VM Mutex/Monitor currently owned by a thread: None

Heap address: 0x0000000616800000, size: 7832 MB, Compressed Oops mode: Zero based, Oop shift amount: 3

CDS archive(s) mapped at: [0x00007c37ab000000-0x00007c37abcae000-0x00007c37abcae000), size 13295616, SharedBaseAddress: 0x00007c37ab000000, ArchiveRelocationMode: 1.
Compressed class space mapped at: 0x00007c37ac000000-0x00007c37ec000000, reserved size: 1073741824
Narrow klass base: 0x00007c37ab000000, Narrow klass shift: 0, Narrow klass range: 0x100000000

GC Precious Log:
 CardTable entry size: 512
 Card Set container configuration: InlinePtr #cards 4 size 8 Array Of Cards #cards 32 size 80 Howl #buckets 8 coarsen threshold 7372 Howl Bitmap #cards 1024 size 144 coarsen threshold 921 Card regions per heap region 1 cards per card region 8192
 CPUs: 16 total, 16 available
 Memory: 31322M
 Large Page Support: Disabled
 NUMA Support: Disabled
 Compressed Oops: Enabled (Zero based)
 Heap Region Size: 4M
 Heap Min Capacity: 8M
 Heap Initial Capacity: 492M
 Heap Max Capacity: 7832M
 Pre-touch: Disabled
 Parallel Workers: 13
 Concurrent Workers: 3
 Concurrent Refinement Workers: 13
 Periodic GC: Disabled

Heap:
 garbage-first heap   total 507904K, used 9246K [0x0000000616800000, 0x0000000800000000)
  region size 4096K, 3 young (12288K), 0 survivors (0K)
 Metaspace       used 3416K, committed 3584K, reserved 1114112K
  class space    used 290K, committed 384K, reserved 1048576K

Heap Regions: E=young(eden), S=young(survivor), O=old, HS=humongous(starts), HC=humongous(continues), CS=collection set, F=free, TAMS=top-at-mark-start, PB=parsable bottom
|   0|0x0000000616800000, 0x0000000616800000, 0x0000000616c00000|  0%| F|  |TAMS 0x0000000616800000| PB 0x0000000616800000| Untracked 
|   1|0x0000000616c00000, 0x0000000616c00000, 0x0000000617000000|  0%| F|  |TAMS 0x0000000616c00000| PB 0x0000000616c00000| Untracked 
|   2|0x0000000617000000, 0x0000000617000000, 0x0000000617400000|  0%| F|  |TAMS 0x0000000617000000| PB 0x0000000617000000| Untracked 
|   3|0x0000000617400000, 0x0000000617400000, 0x0000000617800000|  0%| F|  |TAMS 0x0000000617400000| PB 0x0000000617400000| Untracked 
|   4|0x0000000617800000, 0x0000000617800000, 0x0000000617c00000|  0%| F|  |TAMS 0x0000000617800000| PB 0x0000000617800000| Untracked 
|   5|0x0000000617c00000, 0x0000000617c00000, 0x0000000618000000|  0%| F|  |TAMS 0x0000000617c00000| PB 0x0000000617c00000| Untracked 
|   6|0x0000000618000000, 0x0000000618000000, 0x0000000618400000|  0%| F|  |TAMS 0x0000000618000000| PB 0x0000000618000000| Untracked 
|   7|0x0000000618400000, 0x0000000618400000, 0x0000000618800000|  0%| F|  |TAMS 0x0000000618400000| PB 0x0000000618400000| Untracked 
|   8|0x0000000618800000, 0x0000000618800000, 0x0000000618c00000|  0%| F|  |TAMS 0x0000000618800000| PB 0x0000000618800000| Untracked 
|   9|0x0000000618c00000, 0x0000000618c00000, 0x0000000619000000|  0%| F|  |TAMS 0x0000000618c00000| PB 0x0000000618c00000| Untracked 
|  10|0x0000000619000000, 0x0000000619000000, 0x0000000619400000|  0%| F|  |TAMS 0x0000000619000000| PB 0x0000000619000000| Untracked 
|  11|0x0000000619400000, 0x0000000619400000, 0x0000000619800000|  0%| F|  |TAMS 0x0000000619400000| PB 0x0000000619400000| Untracked 
|  12|0x0000000619800000, 0x0000000619800000, 0x0000000619c00000|  0%| F|  |TAMS 0x0000000619800000| PB 0x0000000619800000| Untracked 
|  13|0x0000000619c00000, 0x0000000619c00000, 0x000000061a000000|  0%| F|  |TAMS 0x0000000619c00000| PB 0x0000000619c00000| Untracked 
|  14|0x000000061a000000, 0x000000061a000000, 0x000000061a400000|  0%| F|  |TAMS 0x000000061a000000| PB 0x000000061a000000| Untracked 
|  15|0x000000061a400000, 0x000000061a400000, 0x000000061a800000|  0%| F|  |TAMS 0x000000061a400000| PB 0x000000061a400000| Untracked 
|  16|0x000000061a800000, 0x000000061a800000, 0x000000061ac00000|  0%| F|  |TAMS 0x000000061a800000| PB 0x000000061a800000| Untracked 
|  17|0x000000061ac00000, 0x000000061ac00000, 0x000000061b000000|  0%| F|  |TAMS 0x000000061ac00000| PB 0x000000061ac00000| Untracked 
|  18|0x000000061b000000, 0x000000061b000000, 0x000000061b400000|  0%| F|  |TAMS 0x000000061b000000| PB 0x000000061b000000| Untracked 
|  19|0x000000061b400000, 0x000000061b400000, 0x000000061b800000|  0%| F|  |TAMS 0x000000061b400000| PB 0x000000061b400000| Untracked 
|  20|0x000000061b800000, 0x000000061b800000, 0x000000061bc00000|  0%| F|  |TAMS 0x000000061b800000| PB 0x000000061b800000| Untracked 
|  21|0x000000061bc00000, 0x000000061bc00000, 0x000000061c000000|  0%| F|  |TAMS 0x000000061bc00000| PB 0x000000061bc00000| Untracked 
|  22|0x000000061c000000, 0x000000061c000000, 0x000000061c400000|  0%| F|  |TAMS 0x000000061c000000| PB 0x000000061c000000| Untracked 
|  23|0x000000061c400000, 0x000000061c400000, 0x000000061c800000|  0%| F|  |TAMS 0x000000061c400000| PB 0x000000061c400000| Untracked 
|  24|0x000000061c800000, 0x000000061c800000, 0x000000061cc00000|  0%| F|  |TAMS 0x000000061c800000| PB 0x000000061c800000| Untracked 
|  25|0x000000061cc00000, 0x000000061cc00000, 0x000000061d000000|  0%| F|  |TAMS 0x000000061cc00000| PB 0x000000061cc00000| Untracked 
|  26|0x000000061d000000, 0x000000061d000000, 0x000000061d400000|  0%| F|  |TAMS 0x000000061d000000| PB 0x000000061d000000| Untracked 
|  27|0x000000061d400000, 0x000000061d400000, 0x000000061d800000|  0%| F|  |TAMS 0x000000061d400000| PB 0x000000061d400000| Untracked 
|  28|0x000000061d800000, 0x000000061d800000, 0x000000061dc00000|  0%| F|  |TAMS 0x000000061d800000| PB 0x000000061d800000| Untracked 
|  29|0x000000061dc00000, 0x000000061dc00000, 0x000000061e000000|  0%| F|  |TAMS 0x000000061dc00000| PB 0x000000061dc00000| Untracked 
|  30|0x000000061e000000, 0x000000061e000000, 0x000000061e400000|  0%| F|  |TAMS 0x000000061e000000| PB 0x000000061e000000| Untracked 
|  31|0x000000061e400000, 0x000000061e400000, 0x000000061e800000|  0%| F|  |TAMS 0x000000061e400000| PB 0x000000061e400000| Untracked 
|  32|0x000000061e800000, 0x000000061e800000, 0x000000061ec00000|  0%| F|  |TAMS 0x000000061e800000| PB 0x000000061e800000| Untracked 
|  33|0x000000061ec00000, 0x000000061ec00000, 0x000000061f000000|  0%| F|  |TAMS 0x000000061ec00000| PB 0x000000061ec00000| Untracked 
|  34|0x000000061f000000, 0x000000061f000000, 0x000000061f400000|  0%| F|  |TAMS 0x000000061f000000| PB 0x000000061f000000| Untracked 
|  35|0x000000061f400000, 0x000000061f400000, 0x000000061f800000|  0%| F|  |TAMS 0x000000061f400000| PB 0x000000061f400000| Untracked 
|  36|0x000000061f800000, 0x000000061f800000, 0x000000061fc00000|  0%| F|  |TAMS 0x000000061f800000| PB 0x000000061f800000| Untracked 
|  37|0x000000061fc00000, 0x000000061fc00000, 0x0000000620000000|  0%| F|  |TAMS 0x000000061fc00000| PB 0x000000061fc00000| Untracked 
|  38|0x0000000620000000, 0x0000000620000000, 0x0000000620400000|  0%| F|  |TAMS 0x0000000620000000| PB 0x0000000620000000| Untracked 
|  39|0x0000000620400000, 0x0000000620400000, 0x0000000620800000|  0%| F|  |TAMS 0x0000000620400000| PB 0x0000000620400000| Untracked 
|  40|0x0000000620800000, 0x0000000620800000, 0x0000000620c00000|  0%| F|  |TAMS 0x0000000620800000| PB 0x0000000620800000| Untracked 
|  41|0x0000000620c00000, 0x0000000620c00000, 0x0000000621000000|  0%| F|  |TAMS 0x0000000620c00000| PB 0x0000000620c00000| Untracked 
|  42|0x0000000621000000, 0x0000000621000000, 0x0000000621400000|  0%| F|  |TAMS 0x0000000621000000| PB 0x0000000621000000| Untracked 
|  43|0x0000000621400000, 0x0000000621400000, 0x0000000621800000|  0%| F|  |TAMS 0x0000000621400000| PB 0x0000000621400000| Untracked 
|  44|0x0000000621800000, 0x0000000621800000, 0x0000000621c00000|  0%| F|  |TAMS 0x0000000621800000| PB 0x0000000621800000| Untracked 
|  45|0x0000000621c00000, 0x0000000621c00000, 0x0000000622000000|  0%| F|  |TAMS 0x0000000621c00000| PB 0x0000000621c00000| Untracked 
|  46|0x0000000622000000, 0x0000000622000000, 0x0000000622400000|  0%| F|  |TAMS 0x0000000622000000| PB 0x0000000622000000| Untracked 
|  47|0x0000000622400000, 0x0000000622400000, 0x0000000622800000|  0%| F|  |TAMS 0x0000000622400000| PB 0x0000000622400000| Untracked 
|  48|0x0000000622800000, 0x0000000622800000, 0x0000000622c00000|  0%| F|  |TAMS 0x0000000622800000| PB 0x0000000622800000| Untracked 
|  49|0x0000000622c00000, 0x0000000622c00000, 0x0000000623000000|  0%| F|  |TAMS 0x0000000622c00000| PB 0x0000000622c00000| Untracked 
|  50|0x0000000623000000, 0x0000000623000000, 0x0000000623400000|  0%| F|  |TAMS 0x0000000623000000| PB 0x0000000623000000| Untracked 
|  51|0x0000000623400000, 0x0000000623400000, 0x0000000623800000|  0%| F|  |TAMS 0x0000000623400000| PB 0x0000000623400000| Untracked 
|  52|0x0000000623800000, 0x0000000623800000, 0x0000000623c00000|  0%| F|  |TAMS 0x0000000623800000| PB 0x0000000623800000| Untracked 
|  53|0x0000000623c00000, 0x0000000623c00000, 0x0000000624000000|  0%| F|  |TAMS 0x0000000623c00000| PB 0x0000000623c00000| Untracked 
|  54|0x0000000624000000, 0x0000000624000000, 0x0000000624400000|  0%| F|  |TAMS 0x0000000624000000| PB 0x0000000624000000| Untracked 
|  55|0x0000000624400000, 0x0000000624400000, 0x0000000624800000|  0%| F|  |TAMS 0x0000000624400000| PB 0x0000000624400000| Untracked 
|  56|0x0000000624800000, 0x0000000624800000, 0x0000000624c00000|  0%| F|  |TAMS 0x0000000624800000| PB 0x0000000624800000| Untracked 
|  57|0x0000000624c00000, 0x0000000624c00000, 0x0000000625000000|  0%| F|  |TAMS 0x0000000624c00000| PB 0x0000000624c00000| Untracked 
|  58|0x0000000625000000, 0x0000000625000000, 0x0000000625400000|  0%| F|  |TAMS 0x0000000625000000| PB 0x0000000625000000| Untracked 
|  59|0x0000000625400000, 0x0000000625400000, 0x0000000625800000|  0%| F|  |TAMS 0x0000000625400000| PB 0x0000000625400000| Untracked 
|  60|0x0000000625800000, 0x0000000625800000, 0x0000000625c00000|  0%| F|  |TAMS 0x0000000625800000| PB 0x0000000625800000| Untracked 
|  61|0x0000000625c00000, 0x0000000625c00000, 0x0000000626000000|  0%| F|  |TAMS 0x0000000625c00000| PB 0x0000000625c00000| Untracked 
|  62|0x0000000626000000, 0x0000000626000000, 0x0000000626400000|  0%| F|  |TAMS 0x0000000626000000| PB 0x0000000626000000| Untracked 
|  63|0x0000000626400000, 0x0000000626400000, 0x0000000626800000|  0%| F|  |TAMS 0x0000000626400000| PB 0x0000000626400000| Untracked 
|  64|0x0000000626800000, 0x0000000626800000, 0x0000000626c00000|  0%| F|  |TAMS 0x0000000626800000| PB 0x0000000626800000| Untracked 
|  65|0x0000000626c00000, 0x0000000626c00000, 0x0000000627000000|  0%| F|  |TAMS 0x0000000626c00000| PB 0x0000000626c00000| Untracked 
|  66|0x0000000627000000, 0x0000000627000000, 0x0000000627400000|  0%| F|  |TAMS 0x0000000627000000| PB 0x0000000627000000| Untracked 
|  67|0x0000000627400000, 0x0000000627400000, 0x0000000627800000|  0%| F|  |TAMS 0x0000000627400000| PB 0x0000000627400000| Untracked 
|  68|0x0000000627800000, 0x0000000627800000, 0x0000000627c00000|  0%| F|  |TAMS 0x0000000627800000| PB 0x0000000627800000| Untracked 
|  69|0x0000000627c00000, 0x0000000627c00000, 0x0000000628000000|  0%| F|  |TAMS 0x0000000627c00000| PB 0x0000000627c00000| Untracked 
|  70|0x0000000628000000, 0x0000000628000000, 0x0000000628400000|  0%| F|  |TAMS 0x0000000628000000| PB 0x0000000628000000| Untracked 
|  71|0x0000000628400000, 0x0000000628400000, 0x0000000628800000|  0%| F|  |TAMS 0x0000000628400000| PB 0x0000000628400000| Untracked 
|  72|0x0000000628800000, 0x0000000628800000, 0x0000000628c00000|  0%| F|  |TAMS 0x0000000628800000| PB 0x0000000628800000| Untracked 
|  73|0x0000000628c00000, 0x0000000628c00000, 0x0000000629000000|  0%| F|  |TAMS 0x0000000628c00000| PB 0x0000000628c00000| Untracked 
|  74|0x0000000629000000, 0x0000000629000000, 0x0000000629400000|  0%| F|  |TAMS 0x0000000629000000| PB 0x0000000629000000| Untracked 
|  75|0x0000000629400000, 0x0000000629400000, 0x0000000629800000|  0%| F|  |TAMS 0x0000000629400000| PB 0x0000000629400000| Untracked 
|  76|0x0000000629800000, 0x0000000629800000, 0x0000000629c00000|  0%| F|  |TAMS 0x0000000629800000| PB 0x0000000629800000| Untracked 
|  77|0x0000000629c00000, 0x0000000629c00000, 0x000000062a000000|  0%| F|  |TAMS 0x0000000629c00000| PB 0x0000000629c00000| Untracked 
|  78|0x000000062a000000, 0x000000062a000000, 0x000000062a400000|  0%| F|  |TAMS 0x000000062a000000| PB 0x000000062a000000| Untracked 
|  79|0x000000062a400000, 0x000000062a400000, 0x000000062a800000|  0%| F|  |TAMS 0x000000062a400000| PB 0x000000062a400000| Untracked 
|  80|0x000000062a800000, 0x000000062a800000, 0x000000062ac00000|  0%| F|  |TAMS 0x000000062a800000| PB 0x000000062a800000| Untracked 
|  81|0x000000062ac00000, 0x000000062ac00000, 0x000000062b000000|  0%| F|  |TAMS 0x000000062ac00000| PB 0x000000062ac00000| Untracked 
|  82|0x000000062b000000, 0x000000062b000000, 0x000000062b400000|  0%| F|  |TAMS 0x000000062b000000| PB 0x000000062b000000| Untracked 
|  83|0x000000062b400000, 0x000000062b400000, 0x000000062b800000|  0%| F|  |TAMS 0x000000062b400000| PB 0x000000062b400000| Untracked 
|  84|0x000000062b800000, 0x000000062b800000, 0x000000062bc00000|  0%| F|  |TAMS 0x000000062b800000| PB 0x000000062b800000| Untracked 
|  85|0x000000062bc00000, 0x000000062bc00000, 0x000000062c000000|  0%| F|  |TAMS 0x000000062bc00000| PB 0x000000062bc00000| Untracked 
|  86|0x000000062c000000, 0x000000062c000000, 0x000000062c400000|  0%| F|  |TAMS 0x000000062c000000| PB 0x000000062c000000| Untracked 
|  87|0x000000062c400000, 0x000000062c400000, 0x000000062c800000|  0%| F|  |TAMS 0x000000062c400000| PB 0x000000062c400000| Untracked 
|  88|0x000000062c800000, 0x000000062c800000, 0x000000062cc00000|  0%| F|  |TAMS 0x000000062c800000| PB 0x000000062c800000| Untracked 
|  89|0x000000062cc00000, 0x000000062cc00000, 0x000000062d000000|  0%| F|  |TAMS 0x000000062cc00000| PB 0x000000062cc00000| Untracked 
|  90|0x000000062d000000, 0x000000062d000000, 0x000000062d400000|  0%| F|  |TAMS 0x000000062d000000| PB 0x000000062d000000| Untracked 
|  91|0x000000062d400000, 0x000000062d400000, 0x000000062d800000|  0%| F|  |TAMS 0x000000062d400000| PB 0x000000062d400000| Untracked 
|  92|0x000000062d800000, 0x000000062d800000, 0x000000062dc00000|  0%| F|  |TAMS 0x000000062d800000| PB 0x000000062d800000| Untracked 
|  93|0x000000062dc00000, 0x000000062dc00000, 0x000000062e000000|  0%| F|  |TAMS 0x000000062dc00000| PB 0x000000062dc00000| Untracked 
|  94|0x000000062e000000, 0x000000062e000000, 0x000000062e400000|  0%| F|  |TAMS 0x000000062e000000| PB 0x000000062e000000| Untracked 
|  95|0x000000062e400000, 0x000000062e400000, 0x000000062e800000|  0%| F|  |TAMS 0x000000062e400000| PB 0x000000062e400000| Untracked 
|  96|0x000000062e800000, 0x000000062e800000, 0x000000062ec00000|  0%| F|  |TAMS 0x000000062e800000| PB 0x000000062e800000| Untracked 
|  97|0x000000062ec00000, 0x000000062ec00000, 0x000000062f000000|  0%| F|  |TAMS 0x000000062ec00000| PB 0x000000062ec00000| Untracked 
|  98|0x000000062f000000, 0x000000062f000000, 0x000000062f400000|  0%| F|  |TAMS 0x000000062f000000| PB 0x000000062f000000| Untracked 
|  99|0x000000062f400000, 0x000000062f400000, 0x000000062f800000|  0%| F|  |TAMS 0x000000062f400000| PB 0x000000062f400000| Untracked 
| 100|0x000000062f800000, 0x000000062f800000, 0x000000062fc00000|  0%| F|  |TAMS 0x000000062f800000| PB 0x000000062f800000| Untracked 
| 101|0x000000062fc00000, 0x000000062fc00000, 0x0000000630000000|  0%| F|  |TAMS 0x000000062fc00000| PB 0x000000062fc00000| Untracked 
| 102|0x0000000630000000, 0x0000000630000000, 0x0000000630400000|  0%| F|  |TAMS 0x0000000630000000| PB 0x0000000630000000| Untracked 
| 103|0x0000000630400000, 0x0000000630400000, 0x0000000630800000|  0%| F|  |TAMS 0x0000000630400000| PB 0x0000000630400000| Untracked 
| 104|0x0000000630800000, 0x0000000630800000, 0x0000000630c00000|  0%| F|  |TAMS 0x0000000630800000| PB 0x0000000630800000| Untracked 
| 105|0x0000000630c00000, 0x0000000630c00000, 0x0000000631000000|  0%| F|  |TAMS 0x0000000630c00000| PB 0x0000000630c00000| Untracked 
| 106|0x0000000631000000, 0x0000000631000000, 0x0000000631400000|  0%| F|  |TAMS 0x0000000631000000| PB 0x0000000631000000| Untracked 
| 107|0x0000000631400000, 0x0000000631400000, 0x0000000631800000|  0%| F|  |TAMS 0x0000000631400000| PB 0x0000000631400000| Untracked 
| 108|0x0000000631800000, 0x0000000631800000, 0x0000000631c00000|  0%| F|  |TAMS 0x0000000631800000| PB 0x0000000631800000| Untracked 
| 109|0x0000000631c00000, 0x0000000631c00000, 0x0000000632000000|  0%| F|  |TAMS 0x0000000631c00000| PB 0x0000000631c00000| Untracked 
| 110|0x0000000632000000, 0x0000000632000000, 0x0000000632400000|  0%| F|  |TAMS 0x0000000632000000| PB 0x0000000632000000| Untracked 
| 111|0x0000000632400000, 0x0000000632400000, 0x0000000632800000|  0%| F|  |TAMS 0x0000000632400000| PB 0x0000000632400000| Untracked 
| 112|0x0000000632800000, 0x0000000632800000, 0x0000000632c00000|  0%| F|  |TAMS 0x0000000632800000| PB 0x0000000632800000| Untracked 
| 113|0x0000000632c00000, 0x0000000632c00000, 0x0000000633000000|  0%| F|  |TAMS 0x0000000632c00000| PB 0x0000000632c00000| Untracked 
| 114|0x0000000633000000, 0x0000000633000000, 0x0000000633400000|  0%| F|  |TAMS 0x0000000633000000| PB 0x0000000633000000| Untracked 
| 115|0x0000000633400000, 0x0000000633400000, 0x0000000633800000|  0%| F|  |TAMS 0x0000000633400000| PB 0x0000000633400000| Untracked 
| 116|0x0000000633800000, 0x0000000633800000, 0x0000000633c00000|  0%| F|  |TAMS 0x0000000633800000| PB 0x0000000633800000| Untracked 
| 117|0x0000000633c00000, 0x0000000633c00000, 0x0000000634000000|  0%| F|  |TAMS 0x0000000633c00000| PB 0x0000000633c00000| Untracked 
| 118|0x0000000634000000, 0x0000000634000000, 0x0000000634400000|  0%| F|  |TAMS 0x0000000634000000| PB 0x0000000634000000| Untracked 
| 119|0x0000000634400000, 0x0000000634400000, 0x0000000634800000|  0%| F|  |TAMS 0x0000000634400000| PB 0x0000000634400000| Untracked 
| 120|0x0000000634800000, 0x000000063487b660, 0x0000000634c00000| 12%| E|  |TAMS 0x0000000634800000| PB 0x0000000634800000| Complete 
| 121|0x0000000634c00000, 0x0000000635000000, 0x0000000635000000|100%| E|CS|TAMS 0x0000000634c00000| PB 0x0000000634c00000| Complete 
| 122|0x0000000635000000, 0x0000000635400000, 0x0000000635400000|100%| E|CS|TAMS 0x0000000635000000| PB 0x0000000635000000| Complete 
|1957|0x00000007ffc00000, 0x00000007ffd079d8, 0x0000000800000000| 25%| O|  |TAMS 0x00000007ffc00000| PB 0x00000007ffc00000| Untracked 

Card table byte_map: [0x00007c3812800000,0x00007c381374c000] _byte_map_base: 0x00007c380f74c000

Marking Bits: (CMBitMap*) 0x00007c382c047130
 Bits: [0x00007c380ac00000, 0x00007c3812660000)

Polling page: 0x00007c3833168000

Metaspace:

Usage:
  Non-class:      3.05 MB used.
      Class:    290.41 KB used.
       Both:      3.34 MB used.

Virtual space:
  Non-class space:       64.00 MB reserved,       3.12 MB (  5%) committed,  1 nodes.
      Class space:        1.00 GB reserved,     384.00 KB ( <1%) committed,  1 nodes.
             Both:        1.06 GB reserved,       3.50 MB ( <1%) committed. 

Chunk freelists:
   Non-Class:  11.00 MB
       Class:  15.61 MB
        Both:  26.61 MB

MaxMetaspaceSize: unlimited
CompressedClassSpaceSize: 1.00 GB
Initial GC threshold: 21.00 MB
Current GC threshold: 21.00 MB
CDS: on
 - commit_granule_bytes: 65536.
 - commit_granule_words: 8192.
 - virtual_space_node_default_size: 8388608.
 - enlarge_chunks_in_place: 1.
 - use_allocation_guard: 0.


Internal statistics:

num_allocs_failed_limit: 0.
num_arena_births: 104.
num_arena_deaths: 0.
num_vsnodes_births: 2.
num_vsnodes_deaths: 0.
num_space_committed: 56.
num_space_uncommitted: 0.
num_chunks_returned_to_freelist: 0.
num_chunks_taken_from_freelist: 180.
num_chunk_merges: 0.
num_chunk_splits: 108.
num_chunks_enlarged: 49.
num_inconsistent_stats: 0.

CodeHeap 'non-profiled nmethods': size=119168Kb used=203Kb max_used=203Kb free=118965Kb
 bounds [0x00007c381c3a0000, 0x00007c381c610000, 0x00007c3823800000]
CodeHeap 'profiled nmethods': size=119164Kb used=1063Kb max_used=1063Kb free=118100Kb
 bounds [0x00007c3814800000, 0x00007c3814a70000, 0x00007c381bc5f000]
CodeHeap 'non-nmethods': size=7428Kb used=1568Kb max_used=2703Kb free=5859Kb
 bounds [0x00007c381bc5f000, 0x00007c381bf0f000, 0x00007c381c3a0000]
 total_blobs=1308 nmethods=705 adapters=509
 compilation: enabled
              stopped_count=0, restarted_count=0
 full_count=0

Compilation events (20 events):
Event: 0.377 Thread 0x00007c3770080050 nmethod 694 0x00007c3814903790 code [0x00007c38149039a0, 0x00007c3814903ff8]
Event: 0.377 Thread 0x00007c3770080050  695       3       jdk.internal.loader.BuiltinClassLoader::loadClassOrNull (7 bytes)
Event: 0.377 Thread 0x00007c37640193c0  697       3       java.util.zip.Inflater::ensureOpen (47 bytes)
Event: 0.377 Thread 0x00007c3770080050 nmethod 695 0x00007c3814904290 code [0x00007c3814904420, 0x00007c3814904600]
Event: 0.377 Thread 0x00007c37640193c0 nmethod 697 0x00007c3814904690 code [0x00007c3814904840, 0x00007c3814904ab0]
Event: 0.377 Thread 0x00007c3770080050  698       1       jdk.internal.loader.URLClassPath$Loader::getBaseURL (5 bytes)
Event: 0.377 Thread 0x00007c3770080050 nmethod 698 0x00007c381c3d1d90 code [0x00007c381c3d1f20, 0x00007c381c3d1fe8]
Event: 0.378 Thread 0x00007c382c142ff0 nmethod 689 0x00007c3814904c10 code [0x00007c3814905060, 0x00007c3814907710]
Event: 0.379 Thread 0x00007c382c142ff0  699       3       java.util.jar.JarFile::maybeInstantiateVerifier (42 bytes)
Event: 0.379 Thread 0x00007c3770080050  700       1       java.net.URLStreamHandler::getDefaultPort (2 bytes)
Event: 0.379 Thread 0x00007c3770080050 nmethod 700 0x00007c381c3d2090 code [0x00007c381c3d2220, 0x00007c381c3d22e0]
Event: 0.379 Thread 0x00007c3770080050  701       3       jdk.internal.ref.CleanerFactory::cleaner (4 bytes)
Event: 0.379 Thread 0x00007c382c142ff0 nmethod 699 0x00007c3814908910 code [0x00007c3814908ae0, 0x00007c3814908e50]
Event: 0.379 Thread 0x00007c3770080050 nmethod 701 0x00007c3814908f90 code [0x00007c3814909120, 0x00007c3814909210]
Event: 0.380 Thread 0x00007c382c141920  702       4       java.lang.invoke.MethodType::parameterCount (6 bytes)
Event: 0.380 Thread 0x00007c382c141920 nmethod 702 0x00007c381c3d2390 code [0x00007c381c3d2500, 0x00007c381c3d25a8]
Event: 0.382 Thread 0x00007c3770080050  704       3       java.lang.String::indexOf (64 bytes)
Event: 0.382 Thread 0x00007c382c142ff0  705       3       java.lang.StringLatin1::indexOf (25 bytes)
Event: 0.382 Thread 0x00007c382c142ff0 nmethod 705 0x00007c3814909290 code [0x00007c3814909440, 0x00007c3814909650]
Event: 0.382 Thread 0x00007c3770080050 nmethod 704 0x00007c3814909710 code [0x00007c3814909920, 0x00007c3814909e08]

GC Heap History (0 events):
No events

Dll operation events (11 events):
Event: 0.002 Loaded shared library /usr/lib/jvm/java-21-openjdk-amd64/lib/libjava.so
Event: 0.028 Loaded shared library /usr/lib/jvm/java-21-openjdk-amd64/lib/libjsvml.so
Event: 0.030 Loaded shared library /usr/lib/jvm/java-21-openjdk-amd64/lib/libnio.so
Event: 0.099 Loaded shared library /usr/lib/jvm/java-21-openjdk-amd64/lib/libzip.so
Event: 0.128 Loaded shared library /usr/lib/jvm/java-21-openjdk-amd64/lib/libjimage.so
Event: 0.166 Loaded shared library /tmp/libJCublas2-12.0.0-linux-x86_64.so
Event: 0.271 Loaded shared library /tmp/libJCudaRuntime-12.0.0-linux-x86_64.so
Event: 0.289 Loaded shared library /usr/lib/jvm/java-21-openjdk-amd64/lib/libawt.so
Event: 0.292 Loaded shared library /usr/lib/jvm/java-21-openjdk-amd64/lib/libawt_xawt.so
Event: 0.323 Loaded shared library /usr/lib/jvm/java-21-openjdk-amd64/lib/libjavajpeg.so
Event: 0.373 Loaded shared library /tmp/libJCudaDriver-12.0.0-linux-x86_64.so

Deoptimization events (20 events):
Event: 0.283 Thread 0x00007c382c01b940 DEOPT PACKING pc=0x00007c381c3af660 sp=0x00007c38317fcda0
Event: 0.283 Thread 0x00007c382c01b940 DEOPT UNPACKING pc=0x00007c381bcb2f99 sp=0x00007c38317fcd68 mode 2
Event: 0.290 Thread 0x00007c382c01b940 Uncommon trap: trap_request=0xffffff45 fr.pc=0x00007c381c3b29ec relative=0x00000000000001cc
Event: 0.290 Thread 0x00007c382c01b940 Uncommon trap: reason=unstable_if action=reinterpret pc=0x00007c381c3b29ec method=jdk.internal.util.ArraysSupport.vectorizedHashCode(Ljava/lang/Object;IIII)I @ 2 c2
Event: 0.290 Thread 0x00007c382c01b940 DEOPT PACKING pc=0x00007c381c3b29ec sp=0x00007c38317fa820
Event: 0.290 Thread 0x00007c382c01b940 DEOPT UNPACKING pc=0x00007c381bcb2f99 sp=0x00007c38317fa810 mode 2
Event: 0.372 Thread 0x00007c382c01b940 DEOPT PACKING pc=0x00007c3814817459 sp=0x00007c38317fd2f0
Event: 0.372 Thread 0x00007c382c01b940 DEOPT UNPACKING pc=0x00007c381bcb372f sp=0x00007c38317fc730 mode 0
Event: 0.380 Thread 0x00007c382c01b940 Uncommon trap: trap_request=0xffffffc6 fr.pc=0x00007c381c3b06ec relative=0x0000000000000d2c
Event: 0.380 Thread 0x00007c382c01b940 Uncommon trap: reason=bimorphic_or_optimized_type_check action=maybe_recompile pc=0x00007c381c3b06ec method=java.util.HashMap.putVal(ILjava/lang/Object;Ljava/lang/Object;ZZ)Ljava/lang/Object; @ 56 c2
Event: 0.380 Thread 0x00007c382c01b940 DEOPT PACKING pc=0x00007c381c3b06ec sp=0x00007c38317fe4f0
Event: 0.380 Thread 0x00007c382c01b940 DEOPT UNPACKING pc=0x00007c381bcb2f99 sp=0x00007c38317fe488 mode 2
Event: 0.383 Thread 0x00007c382c01b940 Uncommon trap: trap_request=0xffffffc6 fr.pc=0x00007c381c3b06ec relative=0x0000000000000d2c
Event: 0.383 Thread 0x00007c382c01b940 Uncommon trap: reason=bimorphic_or_optimized_type_check action=maybe_recompile pc=0x00007c381c3b06ec method=java.util.HashMap.putVal(ILjava/lang/Object;Ljava/lang/Object;ZZ)Ljava/lang/Object; @ 56 c2
Event: 0.383 Thread 0x00007c382c01b940 DEOPT PACKING pc=0x00007c381c3b06ec sp=0x00007c38317fe270
Event: 0.383 Thread 0x00007c382c01b940 DEOPT UNPACKING pc=0x00007c381bcb2f99 sp=0x00007c38317fe208 mode 2
Event: 0.384 Thread 0x00007c382c01b940 Uncommon trap: trap_request=0xffffffc6 fr.pc=0x00007c381c3b06ec relative=0x0000000000000d2c
Event: 0.384 Thread 0x00007c382c01b940 Uncommon trap: reason=bimorphic_or_optimized_type_check action=maybe_recompile pc=0x00007c381c3b06ec method=java.util.HashMap.putVal(ILjava/lang/Object;Ljava/lang/Object;ZZ)Ljava/lang/Object; @ 56 c2
Event: 0.384 Thread 0x00007c382c01b940 DEOPT PACKING pc=0x00007c381c3b06ec sp=0x00007c38317fe450
Event: 0.385 Thread 0x00007c382c01b940 DEOPT UNPACKING pc=0x00007c381bcb2f99 sp=0x00007c38317fe3e8 mode 2

Classes loaded (20 events):
Event: 0.333 Loading class java/util/stream/MatchOps$MatchKind
Event: 0.333 Loading class java/util/stream/MatchOps$MatchKind done
Event: 0.333 Loading class java/util/stream/MatchOps
Event: 0.333 Loading class java/util/stream/MatchOps done
Event: 0.333 Loading class java/util/stream/MatchOps$MatchOp
Event: 0.333 Loading class java/util/stream/MatchOps$MatchOp done
Event: 0.333 Loading class java/util/stream/MatchOps$BooleanTerminalSink
Event: 0.333 Loading class java/util/stream/MatchOps$BooleanTerminalSink done
Event: 0.334 Loading class java/util/stream/MatchOps$2MatchSink
Event: 0.334 Loading class java/util/stream/MatchOps$2MatchSink done
Event: 0.334 Loading class java/util/stream/MatchOps$1MatchSink
Event: 0.334 Loading class java/util/stream/MatchOps$1MatchSink done
Event: 0.335 Loading class java/nio/HeapDoubleBuffer
Event: 0.335 Loading class java/nio/HeapDoubleBuffer done
Event: 0.355 Loading class java/awt/Dimension
Event: 0.355 Loading class java/awt/geom/Dimension2D
Event: 0.355 Loading class java/awt/geom/Dimension2D done
Event: 0.355 Loading class java/awt/Dimension done
Event: 0.380 Loading class java/nio/HeapIntBuffer
Event: 0.380 Loading class java/nio/HeapIntBuffer done

Classes unloaded (0 events):
No events

Classes redefined (0 events):
No events

Internal exceptions (13 events):
Event: 0.061 Thread 0x00007c382c01b940 Exception <a 'sun/nio/fs/UnixException'{0x0000000635070ea8}> (0x0000000635070ea8) 
thrown [./src/hotspot/share/prims/jni.cpp, line 520]
Event: 0.061 Thread 0x00007c382c01b940 Exception <a 'sun/nio/fs/UnixException'{0x00000006350715e8}> (0x00000006350715e8) 
thrown [./src/hotspot/share/prims/jni.cpp, line 520]
Event: 0.061 Thread 0x00007c382c01b940 Exception <a 'sun/nio/fs/UnixException'{0x0000000635071e18}> (0x0000000635071e18) 
thrown [./src/hotspot/share/prims/jni.cpp, line 520]
Event: 0.061 Thread 0x00007c382c01b940 Exception <a 'sun/nio/fs/UnixException'{0x0000000635072410}> (0x0000000635072410) 
thrown [./src/hotspot/share/prims/jni.cpp, line 520]
Event: 0.061 Thread 0x00007c382c01b940 Exception <a 'sun/nio/fs/UnixException'{0x00000006350729e0}> (0x00000006350729e0) 
thrown [./src/hotspot/share/prims/jni.cpp, line 520]
Event: 0.061 Thread 0x00007c382c01b940 Exception <a 'sun/nio/fs/UnixException'{0x0000000635072fc0}> (0x0000000635072fc0) 
thrown [./src/hotspot/share/prims/jni.cpp, line 520]
Event: 0.061 Thread 0x00007c382c01b940 Exception <a 'sun/nio/fs/UnixException'{0x0000000635073810}> (0x0000000635073810) 
thrown [./src/hotspot/share/prims/jni.cpp, line 520]
Event: 0.278 Thread 0x00007c382c01b940 Exception <a 'java/lang/NoSuchMethodError'{0x0000000634cd2998}: 'void java.lang.invoke.DirectMethodHandle$Holder.invokeStatic(java.lang.Object, java.lang.Object)'> (0x0000000634cd2998) 
thrown [./src/hotspot/share/interpreter/linkResolver.cpp, line 772]
Event: 0.283 Thread 0x00007c382c01b940 Implicit null exception at 0x00007c381c3af4e3 to 0x00007c381c3af650
Event: 0.286 Thread 0x00007c382c01b940 Exception <a 'java/lang/ClassNotFoundException'{0x0000000634ce7080}: sun/awt/resources/spi/awtProvider> (0x0000000634ce7080) 
thrown [./src/hotspot/share/classfile/systemDictionary.cpp, line 312]
Event: 0.300 Thread 0x00007c382c01b940 Exception <a 'java/io/FileNotFoundException'{0x0000000634db5010}> (0x0000000634db5010) 
thrown [./src/hotspot/share/prims/jni.cpp, line 520]
Event: 0.338 Thread 0x00007c382c01b940 Exception <a 'java/lang/NoSuchMethodError'{0x0000000634ee6a00}: 'java.lang.Object java.lang.invoke.DirectMethodHandle$Holder.invokeStatic(java.lang.Object, java.lang.Object, int)'> (0x0000000634ee6a00) 
thrown [./src/hotspot/share/interpreter/linkResolver.cpp, line 772]
Event: 0.361 Thread 0x00007c382c01b940 Exception <a 'java/lang/NoSuchMethodError'{0x0000000634f533a8}: 'java.lang.Object java.lang.invoke.DirectMethodHandle$Holder.newInvokeSpecial(java.lang.Object, java.lang.Object, int)'> (0x0000000634f533a8) 
thrown [./src/hotspot/share/interpreter/linkResolver.cpp, line 772]

ZGC Phase Switch (0 events):
No events

VM Operations (20 events):
Event: 55.620 Executing VM operation: ChangeSingleStep
Event: 55.620 Executing VM operation: ChangeSingleStep done
Event: 55.622 Executing VM operation: ChangeSingleStep
Event: 55.622 Executing VM operation: ChangeSingleStep done
Event: 55.622 Executing VM operation: ChangeSingleStep
Event: 55.622 Executing VM operation: ChangeSingleStep done
Event: 55.622 Executing VM operation: ChangeSingleStep
Event: 55.622 Executing VM operation: ChangeSingleStep done
Event: 55.622 Executing VM operation: ChangeSingleStep
Event: 55.622 Executing VM operation: ChangeSingleStep done
Event: 55.622 Executing VM operation: ChangeSingleStep
Event: 55.622 Executing VM operation: ChangeSingleStep done
Event: 55.622 Executing VM operation: ChangeSingleStep
Event: 55.622 Executing VM operation: ChangeSingleStep done
Event: 55.622 Executing VM operation: ChangeSingleStep
Event: 55.622 Executing VM operation: ChangeSingleStep done
Event: 56.155 Executing VM operation: ChangeSingleStep
Event: 56.155 Executing VM operation: ChangeSingleStep done
Event: 56.157 Executing VM operation: ChangeSingleStep
Event: 56.157 Executing VM operation: ChangeSingleStep done

Memory protections (18 events):
Event: 0.002 Protecting memory [0x00007c3831700000,0x00007c3831704000] with protection modes 0
Event: 0.027 Protecting memory [0x00007c3803bfd000,0x00007c3803c01000] with protection modes 0
Event: 0.027 Protecting memory [0x00007c3802d00000,0x00007c3802d04000] with protection modes 0
Event: 0.027 Protecting memory [0x00007c3802c00000,0x00007c3802c04000] with protection modes 0
Event: 0.027 Protecting memory [0x00007c3802b00000,0x00007c3802b04000] with protection modes 0
Event: 0.027 Protecting memory [0x00007c3802a00000,0x00007c3802a04000] with protection modes 0
Event: 0.027 Protecting memory [0x00007c3802900000,0x00007c3802904000] with protection modes 0
Event: 0.028 Protecting memory [0x00007c3802800000,0x00007c3802804000] with protection modes 0
Event: 0.049 Protecting memory [0x00007c3802700000,0x00007c3802704000] with protection modes 0
Event: 0.064 Protecting memory [0x00007c3802600000,0x00007c3802604000] with protection modes 0
Event: 0.065 Protecting memory [0x00007c3802500000,0x00007c3802504000] with protection modes 0
Event: 0.069 Protecting memory [0x00007c3802400000,0x00007c3802404000] with protection modes 0
Event: 0.074 Protecting memory [0x00007c3802300000,0x00007c3802304000] with protection modes 0
Event: 0.074 Protecting memory [0x00007c3802200000,0x00007c3802204000] with protection modes 0
Event: 0.074 Protecting memory [0x00007c3802100000,0x00007c3802104000] with protection modes 0
Event: 0.094 Protecting memory [0x00007c3802000000,0x00007c3802004000] with protection modes 0
Event: 0.279 Protecting memory [0x00007c3802400000,0x00007c3802404000] with protection modes 0
Event: 0.320 Protecting memory [0x00007c3800b00000,0x00007c3800b04000] with protection modes 0

Nmethod flushes (0 events):
No events

Events (20 events):
Event: 0.027 Thread 0x00007c382c01b940 Thread added: 0x00007c382c13a1f0
Event: 0.027 Thread 0x00007c382c01b940 Thread added: 0x00007c382c13b680
Event: 0.027 Thread 0x00007c382c01b940 Thread added: 0x00007c382c13d150
Event: 0.027 Thread 0x00007c382c01b940 Thread added: 0x00007c382c13e7a0
Event: 0.027 Thread 0x00007c382c01b940 Thread added: 0x00007c382c13fd50
Event: 0.027 Thread 0x00007c382c01b940 Thread added: 0x00007c382c141920
Event: 0.027 Thread 0x00007c382c01b940 Thread added: 0x00007c382c142ff0
Event: 0.049 Thread 0x00007c382c01b940 Thread added: 0x00007c382c1620f0
Event: 0.064 Thread 0x00007c382c142ff0 Thread added: 0x00007c3770080050
Event: 0.065 Thread 0x00007c3770080050 Thread added: 0x00007c37640193c0
Event: 0.069 Thread 0x00007c382c141920 Thread added: 0x00007c3774070730
Event: 0.074 Thread 0x00007c382c01b940 Thread added: 0x00007c382c1ade90
Event: 0.074 Thread 0x00007c382c01b940 Thread added: 0x00007c382c1c5590
Event: 0.074 Thread 0x00007c382c1ade90 Thread added: 0x00007c3750001110
Event: 0.094 Thread 0x00007c382c01b940 Thread added: 0x00007c382c1c6860
Event: 0.268 Thread 0x00007c3774070730 Thread exited: 0x00007c3774070730
Event: 0.279 Thread 0x00007c382c01b940 Thread added: 0x00007c382d53fb80
Event: 0.320 Thread 0x00007c382c01b940 Thread added: 0x00007c382d570300
Event: 5.382 Thread 0x00007c37640193c0 Thread exited: 0x00007c37640193c0
Event: 5.382 Thread 0x00007c3770080050 Thread exited: 0x00007c3770080050


Dynamic libraries:
200000000-200200000 ---p 00000000 00:00 0 
200200000-200400000 rw-s 00000000 00:05 1107                             /dev/nvidia0
200400000-203400000 rw-s 00000000 00:05 1106                             /dev/nvidiactl
203400000-204400000 ---p 00000000 00:00 0 
204400000-204600000 rw-s 00000000 00:05 1106                             /dev/nvidiactl
204600000-204800000 rw-s 00000000 00:05 1106                             /dev/nvidiactl
204800000-204a00000 rw-s 00000000 00:05 1106                             /dev/nvidiactl
204a00000-204c00000 rw-s 204a00000 00:05 1108                            /dev/nvidia-uvm
204c00000-204e00000 rw-s 00000000 00:05 1106                             /dev/nvidiactl
204e00000-205000000 ---p 00000000 00:00 0 
205000000-205200000 rw-s 00000000 00:05 1106                             /dev/nvidiactl
205200000-300200000 ---p 00000000 00:00 0 
616800000-635400000 rw-p 00000000 00:00 0 
635400000-7ffc00000 ---p 00000000 00:00 0 
7ffc00000-7ffd08000 rw-p 00ced000 103:02 17172987                        /usr/lib/jvm/java-21-openjdk-amd64/lib/server/classes.jsa
7ffd08000-800000000 rw-p 00000000 00:00 0 
10000000000-10004000000 ---p 00000000 00:00 0 
585072426000-585072427000 r--p 00000000 103:02 17172834                  /usr/lib/jvm/java-21-openjdk-amd64/bin/java
585072427000-585072428000 r-xp 00001000 103:02 17172834                  /usr/lib/jvm/java-21-openjdk-amd64/bin/java
585072428000-585072429000 r--p 00002000 103:02 17172834                  /usr/lib/jvm/java-21-openjdk-amd64/bin/java
585072429000-58507242a000 r--p 00002000 103:02 17172834                  /usr/lib/jvm/java-21-openjdk-amd64/bin/java
58507242a000-58507242b000 rw-p 00003000 103:02 17172834                  /usr/lib/jvm/java-21-openjdk-amd64/bin/java
58507246a000-5850724b2000 rw-p 00000000 00:00 0                          [heap]
7c36dc000000-7c36dc021000 rw-p 00000000 00:00 0 
7c36dc021000-7c36e0000000 ---p 00000000 00:00 0 
7c36e2000000-7c36ea000000 ---p 00000000 00:00 0 
7c36ec000000-7c36ee000000 ---p 00000000 00:00 0 
7c36f0000000-7c3700000000 ---p 00000000 00:00 0 
7c3704000000-7c3704400000 ---p 00000000 00:00 0 
7c3704400000-7c3704600000 rw-s 00000000 00:05 1106                       /dev/nvidiactl
7c3704600000-7c3704800000 rw-s 00000000 00:01 3091                       /dev/zero (deleted)
7c3704800000-7c3704a00000 rw-s 00000000 00:01 3092                       /dev/zero (deleted)
7c3704a00000-7c3705000000 ---p 00000000 00:00 0 
7c3705000000-7c3705200000 rw-s 00000000 00:05 1106                       /dev/nvidiactl
7c3705200000-7c3705400000 ---p 00000000 00:00 0 
7c3705400000-7c3705600000 rw-s 00000000 00:01 3094                       /dev/zero (deleted)
7c3705600000-7c3705b33000 rw-s 00000000 00:05 1106                       /dev/nvidiactl
7c3705b33000-7c3706000000 ---p 00000000 00:00 0 
7c3708000000-7c3708021000 rw-p 00000000 00:00 0 
7c3708021000-7c370c000000 ---p 00000000 00:00 0 
7c370e000000-7c3714000000 ---p 00000000 00:00 0 
7c3714000000-7c3714021000 rw-p 00000000 00:00 0 
7c3714021000-7c3718000000 ---p 00000000 00:00 0 
7c3718200000-7c3735463000 r-xp 00000000 103:02 16524125                  /usr/lib/x86_64-linux-gnu/libcublasLt.so.12.0.2.224
7c3735463000-7c3735663000 ---p 1d263000 103:02 16524125                  /usr/lib/x86_64-linux-gnu/libcublasLt.so.12.0.2.224
7c3735663000-7c3735893000 r--p 1d263000 103:02 16524125                  /usr/lib/x86_64-linux-gnu/libcublasLt.so.12.0.2.224
7c3735893000-7c3736827000 rw-p 1d493000 103:02 16524125                  /usr/lib/x86_64-linux-gnu/libcublasLt.so.12.0.2.224
7c3736827000-7c373900f000 rw-p 00000000 00:00 0 
7c3739400000-7c373fa67000 r-xp 00000000 103:02 16524127                  /usr/lib/x86_64-linux-gnu/libcublas.so.12.0.2.224
7c373fa67000-7c373fc67000 ---p 06667000 103:02 16524127                  /usr/lib/x86_64-linux-gnu/libcublas.so.12.0.2.224
7c373fc67000-7c373fc6e000 r--p 06667000 103:02 16524127                  /usr/lib/x86_64-linux-gnu/libcublas.so.12.0.2.224
7c373fc6e000-7c373fc75000 rw-p 0666e000 103:02 16524127                  /usr/lib/x86_64-linux-gnu/libcublas.so.12.0.2.224
7c373fc75000-7c373fc7d000 rw-p 00000000 00:00 0 
7c3740000000-7c3740021000 rw-p 00000000 00:00 0 
7c3740021000-7c3744000000 ---p 00000000 00:00 0 
7c3744000000-7c3744021000 rw-p 00000000 00:00 0 
7c3744021000-7c3748000000 ---p 00000000 00:00 0 
7c374c000000-7c374c021000 rw-p 00000000 00:00 0 
7c374c021000-7c3750000000 ---p 00000000 00:00 0 
7c3750000000-7c3750021000 rw-p 00000000 00:00 0 
7c3750021000-7c3754000000 ---p 00000000 00:00 0 
7c3758000000-7c375805a000 rw-p 00000000 00:00 0 
7c375805a000-7c375c000000 ---p 00000000 00:00 0 
7c375c000000-7c375c0b6000 rw-p 00000000 00:00 0 
7c375c0b6000-7c3760000000 ---p 00000000 00:00 0 
7c3764000000-7c376408e000 rw-p 00000000 00:00 0 
7c376408e000-7c3768000000 ---p 00000000 00:00 0 
7c3768000000-7c3768021000 rw-p 00000000 00:00 0 
7c3768021000-7c376c000000 ---p 00000000 00:00 0 
7c3770000000-7c37700ec000 rw-p 00000000 00:00 0 
7c37700ec000-7c3774000000 ---p 00000000 00:00 0 
7c3774000000-7c37740f2000 rw-p 00000000 00:00 0 
7c37740f2000-7c3778000000 ---p 00000000 00:00 0 
7c377c000000-7c377c021000 rw-p 00000000 00:00 0 
7c377c021000-7c3780000000 ---p 00000000 00:00 0 
7c3780000000-7c3780021000 rw-p 00000000 00:00 0 
7c3780021000-7c3784000000 ---p 00000000 00:00 0 
7c3788000000-7c3788021000 rw-p 00000000 00:00 0 
7c3788021000-7c378c000000 ---p 00000000 00:00 0 
7c378c000000-7c378c021000 rw-p 00000000 00:00 0 
7c378c021000-7c3790000000 ---p 00000000 00:00 0 
7c3794000000-7c3794021000 rw-p 00000000 00:00 0 
7c3794021000-7c3798000000 ---p 00000000 00:00 0 
7c3798000000-7c3798021000 rw-p 00000000 00:00 0 
7c3798021000-7c379c000000 ---p 00000000 00:00 0 
7c379c400000-7c379f17c000 r-xp 00000000 103:02 16526206                  /usr/lib/x86_64-linux-gnu/libnvrtc.so.12.0.140
7c379f17c000-7c379f37c000 ---p 02d7c000 103:02 16526206                  /usr/lib/x86_64-linux-gnu/libnvrtc.so.12.0.140
7c379f37c000-7c379fa4f000 r--p 02d7c000 103:02 16526206                  /usr/lib/x86_64-linux-gnu/libnvrtc.so.12.0.140
7c379fa4f000-7c379fb1b000 rw-p 0344f000 103:02 16526206                  /usr/lib/x86_64-linux-gnu/libnvrtc.so.12.0.140
7c379fb1b000-7c379fc1c000 rw-p 00000000 00:00 0 
7c37a0000000-7c37a0220000 rw-p 00000000 00:00 0 
7c37a0220000-7c37a0400000 ---p 00000000 00:00 0 
7c37a0400000-7c37a0500000 rw-p 00000000 00:00 0 
7c37a0500000-7c37a4000000 ---p 00000000 00:00 0 
7c37a4000000-7c37a4021000 rw-p 00000000 00:00 0 
7c37a4021000-7c37a8000000 ---p 00000000 00:00 0 
7c37a9400000-7c37a96dc000 rw-p 00000000 00:00 0 
7c37a9800000-7c37a98e4000 r-xp 00000000 103:02 18219052                  /tmp/libJCudaDriver-12.0.0-linux-x86_64.so
7c37a98e4000-7c37a9ae4000 ---p 000e4000 103:02 18219052                  /tmp/libJCudaDriver-12.0.0-linux-x86_64.so
7c37a9ae4000-7c37a9ae9000 r--p 000e4000 103:02 18219052                  /tmp/libJCudaDriver-12.0.0-linux-x86_64.so
7c37a9ae9000-7c37a9aeb000 rw-p 000e9000 103:02 18219052                  /tmp/libJCudaDriver-12.0.0-linux-x86_64.so
7c37a9aeb000-7c37a9aed000 rw-p 00000000 00:00 0 
7c37a9e00000-7c37a9e01000 rw-s 00000000 00:05 1106                       /dev/nvidiactl
7c37a9e01000-7c37a9e02000 rw-s 00000000 00:05 1106                       /dev/nvidiactl
7c37a9e02000-7c37a9e03000 rw-s 00000000 00:05 1106                       /dev/nvidiactl
7c37a9e03000-7c37a9e04000 rw-s 00000000 00:05 1106                       /dev/nvidiactl
7c37a9e04000-7c37a9e05000 rw-s 00000000 00:05 1106                       /dev/nvidiactl
7c37a9e05000-7c37a9e06000 rw-s 00000000 00:05 1106                       /dev/nvidiactl
7c37a9e06000-7c37a9e07000 rw-s 00000000 00:05 1106                       /dev/nvidiactl
7c37a9e07000-7c37a9e08000 rw-s 00000000 00:05 1106                       /dev/nvidiactl
7c37a9e08000-7c37a9e09000 rw-s 00000000 00:05 1106                       /dev/nvidiactl
7c37a9e09000-7c37a9e0a000 rw-s 00000000 00:05 1106                       /dev/nvidiactl
7c37a9e0a000-7c37a9e0b000 rw-s 00000000 00:05 1106                       /dev/nvidiactl
7c37a9e0b000-7c37a9e0c000 rw-s 00000000 00:05 1106                       /dev/nvidiactl
7c37a9e0c000-7c37a9e0d000 rw-s 00000000 00:05 1106                       /dev/nvidiactl
7c37a9e0d000-7c37a9e0e000 rw-s 00000000 00:05 1106                       /dev/nvidiactl
7c37a9e0e000-7c37a9e0f000 rw-s 00000000 00:05 1106                       /dev/nvidiactl
7c37a9e0f000-7c37a9e10000 rw-s 00000000 00:05 1106                       /dev/nvidiactl
7c37a9e10000-7c37aae21000 ---p 00000000 00:00 0 
7c37ab000000-7c37abcae000 rw-p 00001000 103:02 17172987                  /usr/lib/jvm/java-21-openjdk-amd64/lib/server/classes.jsa
7c37abcae000-7c37ac000000 ---p 00000000 00:00 0 
7c37ac000000-7c37ac030000 rw-p 00000000 00:00 0 
7c37ac030000-7c37ac040000 ---p 00000000 00:00 0 
7c37ac040000-7c37ac070000 rw-p 00000000 00:00 0 
7c37ac070000-7c37ec000000 ---p 00000000 00:00 0 
7c37ec000000-7c37ec021000 rw-p 00000000 00:00 0 
7c37ec021000-7c37f0000000 ---p 00000000 00:00 0 
7c37f0000000-7c37f0021000 rw-p 00000000 00:00 0 
7c37f0021000-7c37f4000000 ---p 00000000 00:00 0 
7c37f4200000-7c37f42c7000 r-xp 00000000 103:02 18219051                  /tmp/libJCudaRuntime-12.0.0-linux-x86_64.so
7c37f42c7000-7c37f44c7000 ---p 000c7000 103:02 18219051                  /tmp/libJCudaRuntime-12.0.0-linux-x86_64.so
7c37f44c7000-7c37f44cc000 r--p 000c7000 103:02 18219051                  /tmp/libJCudaRuntime-12.0.0-linux-x86_64.so
7c37f44cc000-7c37f44cd000 rw-p 000cc000 103:02 18219051                  /tmp/libJCudaRuntime-12.0.0-linux-x86_64.so
7c37f44cd000-7c37f44cf000 rw-p 00000000 00:00 0 
7c37f4800000-7c37f4801000 ---p 00000000 00:00 0 
7c37f4801000-7c37f5001000 rw-p 00000000 00:00 0 
7c37f5200000-7c37f6221000 ---p 00000000 00:00 0 
7c37f6400000-7c37f64de000 r--p 00000000 103:02 16552573                  /usr/lib/x86_64-linux-gnu/libcuda.so.550.107.02
7c37f64de000-7c37f69b3000 r-xp 000de000 103:02 16552573                  /usr/lib/x86_64-linux-gnu/libcuda.so.550.107.02
7c37f69b3000-7c37f7e4e000 r--p 005b3000 103:02 16552573                  /usr/lib/x86_64-linux-gnu/libcuda.so.550.107.02
7c37f7e4e000-7c37f7e4f000 ---p 01a4e000 103:02 16552573                  /usr/lib/x86_64-linux-gnu/libcuda.so.550.107.02
7c37f7e4f000-7c37f7e67000 r--p 01a4e000 103:02 16552573                  /usr/lib/x86_64-linux-gnu/libcuda.so.550.107.02
7c37f7e67000-7c37f7f62000 rw-p 01a66000 103:02 16552573                  /usr/lib/x86_64-linux-gnu/libcuda.so.550.107.02
7c37f7f62000-7c37f7fcb000 rw-p 00000000 00:00 0 
7c37f8000000-7c37f8021000 rw-p 00000000 00:00 0 
7c37f8021000-7c37fc000000 ---p 00000000 00:00 0 
7c37fc000000-7c37fc021000 rw-p 00000000 00:00 0 
7c37fc021000-7c3800000000 ---p 00000000 00:00 0 
7c3800000000-7c3800200000 rw-s 00000000 00:01 3093                       /dev/zero (deleted)
7c3800200000-7c3800201000 ---p 00000000 00:00 0 
7c3800201000-7c3800a01000 rw-p 00000000 00:00 0 
7c3800b00000-7c3800b04000 ---p 00000000 00:00 0 
7c3800b04000-7c3800c00000 rw-p 00000000 00:00 0 
7c3800c00000-7c3800e5a000 rw-p 00000000 00:00 0 
7c3800ec3000-7c3800edc000 r--p 00000000 103:02 16530316                  /usr/lib/x86_64-linux-gnu/libX11.so.6.4.0
7c3800edc000-7c3800f6c000 r-xp 00019000 103:02 16530316                  /usr/lib/x86_64-linux-gnu/libX11.so.6.4.0
7c3800f6c000-7c3800ffb000 r--p 000a9000 103:02 16530316                  /usr/lib/x86_64-linux-gnu/libX11.so.6.4.0
7c3800ffb000-7c3800ffc000 r--p 00138000 103:02 16530316                  /usr/lib/x86_64-linux-gnu/libX11.so.6.4.0
7c3800ffc000-7c3801000000 rw-p 00139000 103:02 16530316                  /usr/lib/x86_64-linux-gnu/libX11.so.6.4.0
7c3801000000-7c3801001000 ---p 00000000 00:00 0 
7c3801001000-7c3801801000 rw-p 00000000 00:00 0 
7c380184d000-7c3801851000 r--p 00000000 103:02 16530777                  /usr/lib/x86_64-linux-gnu/libjpeg.so.8.2.2
7c3801851000-7c380189e000 r-xp 00004000 103:02 16530777                  /usr/lib/x86_64-linux-gnu/libjpeg.so.8.2.2
7c380189e000-7c38018ce000 r--p 00051000 103:02 16530777                  /usr/lib/x86_64-linux-gnu/libjpeg.so.8.2.2
7c38018ce000-7c38018cf000 r--p 00081000 103:02 16530777                  /usr/lib/x86_64-linux-gnu/libjpeg.so.8.2.2
7c38018cf000-7c38018d0000 rw-p 00082000 103:02 16530777                  /usr/lib/x86_64-linux-gnu/libjpeg.so.8.2.2
7c38018e4000-7c38018ef000 r--p 00000000 103:02 16531187                  /usr/lib/x86_64-linux-gnu/libxcb.so.1.1.0
7c38018ef000-7c3801902000 r-xp 0000b000 103:02 16531187                  /usr/lib/x86_64-linux-gnu/libxcb.so.1.1.0
7c3801902000-7c380190b000 r--p 0001e000 103:02 16531187                  /usr/lib/x86_64-linux-gnu/libxcb.so.1.1.0
7c380190b000-7c380190c000 r--p 00026000 103:02 16531187                  /usr/lib/x86_64-linux-gnu/libxcb.so.1.1.0
7c380190c000-7c380190d000 rw-p 00027000 103:02 16531187                  /usr/lib/x86_64-linux-gnu/libxcb.so.1.1.0
7c380190d000-7c380192b000 r--p 00000000 103:02 17172951                  /usr/lib/jvm/java-21-openjdk-amd64/lib/libawt.so
7c380192b000-7c38019c2000 r-xp 0001e000 103:02 17172951                  /usr/lib/jvm/java-21-openjdk-amd64/lib/libawt.so
7c38019c2000-7c38019cf000 r--p 000b5000 103:02 17172951                  /usr/lib/jvm/java-21-openjdk-amd64/lib/libawt.so
7c38019cf000-7c38019d0000 r--p 000c1000 103:02 17172951                  /usr/lib/jvm/java-21-openjdk-amd64/lib/libawt.so
7c38019d0000-7c38019db000 rw-p 000c2000 103:02 17172951                  /usr/lib/jvm/java-21-openjdk-amd64/lib/libawt.so
7c38019db000-7c3801a00000 rw-p 00000000 00:00 0 
7c3801a00000-7c3801b38000 r-xp 00000000 103:02 18219047                  /tmp/libJCublas2-12.0.0-linux-x86_64.so
7c3801b38000-7c3801d38000 ---p 00138000 103:02 18219047                  /tmp/libJCublas2-12.0.0-linux-x86_64.so
7c3801d38000-7c3801d3d000 r--p 00138000 103:02 18219047                  /tmp/libJCublas2-12.0.0-linux-x86_64.so
7c3801d3d000-7c3801d3f000 rw-p 0013d000 103:02 18219047                  /tmp/libJCublas2-12.0.0-linux-x86_64.so
7c3801d3f000-7c3801d41000 rw-p 00000000 00:00 0 
7c3801d42000-7c3801d54000 r--p 00000000 103:02 17173114                  /usr/lib/jvm/java-21-openjdk-amd64/lib/libawt_xawt.so
7c3801d54000-7c3801d9b000 r-xp 00012000 103:02 17173114                  /usr/lib/jvm/java-21-openjdk-amd64/lib/libawt_xawt.so
7c3801d9b000-7c3801db3000 r--p 00059000 103:02 17173114                  /usr/lib/jvm/java-21-openjdk-amd64/lib/libawt_xawt.so
7c3801db3000-7c3801db8000 r--p 00070000 103:02 17173114                  /usr/lib/jvm/java-21-openjdk-amd64/lib/libawt_xawt.so
7c3801db8000-7c3801dba000 rw-p 00075000 103:02 17173114                  /usr/lib/jvm/java-21-openjdk-amd64/lib/libawt_xawt.so
7c3801dba000-7c3802000000 rw-p 00000000 00:00 0 
7c3802000000-7c3802004000 ---p 00000000 00:00 0 
7c3802004000-7c3802100000 rw-p 00000000 00:00 0 
7c3802100000-7c3802104000 ---p 00000000 00:00 0 
7c3802104000-7c3802200000 rw-p 00000000 00:00 0 
7c3802200000-7c3802204000 ---p 00000000 00:00 0 
7c3802204000-7c3802300000 rw-p 00000000 00:00 0 
7c3802300000-7c3802304000 ---p 00000000 00:00 0 
7c3802304000-7c3802400000 rw-p 00000000 00:00 0 
7c3802400000-7c3802404000 ---p 00000000 00:00 0 
7c3802404000-7c3802500000 rw-p 00000000 00:00 0 
7c3802500000-7c3802504000 ---p 00000000 00:00 0 
7c3802504000-7c3802600000 rw-p 00000000 00:00 0 
7c3802600000-7c3802604000 ---p 00000000 00:00 0 
7c3802604000-7c3802700000 rw-p 00000000 00:00 0 
7c3802700000-7c3802704000 ---p 00000000 00:00 0 
7c3802704000-7c3802800000 rw-p 00000000 00:00 0 
7c3802800000-7c3802804000 ---p 00000000 00:00 0 
7c3802804000-7c3802900000 rw-p 00000000 00:00 0 
7c3802900000-7c3802904000 ---p 00000000 00:00 0 
7c3802904000-7c3802a00000 rw-p 00000000 00:00 0 
7c3802a00000-7c3802a04000 ---p 00000000 00:00 0 
7c3802a04000-7c3802b00000 rw-p 00000000 00:00 0 
7c3802b00000-7c3802b04000 ---p 00000000 00:00 0 
7c3802b04000-7c3802c00000 rw-p 00000000 00:00 0 
7c3802c00000-7c3802c04000 ---p 00000000 00:00 0 
7c3802c04000-7c3802d00000 rw-p 00000000 00:00 0 
7c3802d00000-7c3802d04000 ---p 00000000 00:00 0 
7c3802d04000-7c3802e00000 rw-p 00000000 00:00 0 
7c3802e00000-7c3803bec000 r--p 00000000 103:02 16521112                  /usr/lib/locale/locale-archive
7c3803bee000-7c3803bf0000 r--p 00000000 103:02 16530828                  /usr/lib/x86_64-linux-gnu/libmd.so.0.1.0
7c3803bf0000-7c3803bf9000 r-xp 00002000 103:02 16530828                  /usr/lib/x86_64-linux-gnu/libmd.so.0.1.0
7c3803bf9000-7c3803bfb000 r--p 0000b000 103:02 16530828                  /usr/lib/x86_64-linux-gnu/libmd.so.0.1.0
7c3803bfb000-7c3803bfc000 r--p 0000c000 103:02 16530828                  /usr/lib/x86_64-linux-gnu/libmd.so.0.1.0
7c3803bfc000-7c3803bfd000 rw-p 0000d000 103:02 16530828                  /usr/lib/x86_64-linux-gnu/libmd.so.0.1.0
7c3803bfd000-7c3803c01000 ---p 00000000 00:00 0 
7c3803c01000-7c3803cfd000 rw-p 00000000 00:00 0 
7c3803cfd000-7c3803cfe000 ---p 00000000 00:00 0 
7c3803cfe000-7c3803dfe000 rw-p 00000000 00:00 0 
7c3803dfe000-7c3803dff000 ---p 00000000 00:00 0 
7c3803dff000-7c3803eff000 rw-p 00000000 00:00 0 
7c3803eff000-7c3803f00000 ---p 00000000 00:00 0 
7c3803f00000-7c3804000000 rw-p 00000000 00:00 0 
7c3804000000-7c3804021000 rw-p 00000000 00:00 0 
7c3804021000-7c3808000000 ---p 00000000 00:00 0 
7c380800e000-7c3808012000 r--p 00000000 103:02 16530470                  /usr/lib/x86_64-linux-gnu/libbsd.so.0.12.1
7c3808012000-7c380801e000 r-xp 00004000 103:02 16530470                  /usr/lib/x86_64-linux-gnu/libbsd.so.0.12.1
7c380801e000-7c3808021000 r--p 00010000 103:02 16530470                  /usr/lib/x86_64-linux-gnu/libbsd.so.0.12.1
7c3808021000-7c3808022000 r--p 00012000 103:02 16530470                  /usr/lib/x86_64-linux-gnu/libbsd.so.0.12.1
7c3808022000-7c3808023000 rw-p 00013000 103:02 16530470                  /usr/lib/x86_64-linux-gnu/libbsd.so.0.12.1
7c3808023000-7c3808024000 rw-p 00000000 00:00 0 
7c3808024000-7c3808029000 r--p 00000000 103:02 17172968                  /usr/lib/jvm/java-21-openjdk-amd64/lib/libjsvml.so
7c3808029000-7c380806a000 r-xp 00005000 103:02 17172968                  /usr/lib/jvm/java-21-openjdk-amd64/lib/libjsvml.so
7c380806a000-7c38080f3000 r--p 00046000 103:02 17172968                  /usr/lib/jvm/java-21-openjdk-amd64/lib/libjsvml.so
7c38080f3000-7c38080f4000 r--p 000ce000 103:02 17172968                  /usr/lib/jvm/java-21-openjdk-amd64/lib/libjsvml.so
7c38080f4000-7c38080f5000 rw-p 000cf000 103:02 17172968                  /usr/lib/jvm/java-21-openjdk-amd64/lib/libjsvml.so
7c38080f5000-7c38080f6000 ---p 00000000 00:00 0 
7c38080f6000-7c38081f6000 rw-p 00000000 00:00 0 
7c38081f6000-7c380b3b0000 rw-p 00000000 00:00 0 
7c380b3b0000-7c3812650000 ---p 00000000 00:00 0 
7c3812650000-7c3812660000 rw-p 00000000 00:00 0 
7c381266b000-7c381266e000 r--p 00000000 103:02 16530328                  /usr/lib/x86_64-linux-gnu/libXi.so.6.1.0
7c381266e000-7c381267a000 r-xp 00003000 103:02 16530328                  /usr/lib/x86_64-linux-gnu/libXi.so.6.1.0
7c381267a000-7c381267c000 r--p 0000f000 103:02 16530328                  /usr/lib/x86_64-linux-gnu/libXi.so.6.1.0
7c381267c000-7c381267d000 r--p 00011000 103:02 16530328                  /usr/lib/x86_64-linux-gnu/libXi.so.6.1.0
7c381267d000-7c381267e000 rw-p 00012000 103:02 16530328                  /usr/lib/x86_64-linux-gnu/libXi.so.6.1.0
7c381267e000-7c38128f6000 rw-p 00000000 00:00 0 
7c38128f6000-7c381374a000 ---p 00000000 00:00 0 
7c381374a000-7c381374c000 rw-p 00000000 00:00 0 
7c381374c000-7c381374e000 r--p 00000000 103:02 16530323                  /usr/lib/x86_64-linux-gnu/libXdmcp.so.6.0.0
7c381374e000-7c3813750000 r-xp 00002000 103:02 16530323                  /usr/lib/x86_64-linux-gnu/libXdmcp.so.6.0.0
7c3813750000-7c3813752000 r--p 00004000 103:02 16530323                  /usr/lib/x86_64-linux-gnu/libXdmcp.so.6.0.0
7c3813752000-7c3813753000 r--p 00005000 103:02 16530323                  /usr/lib/x86_64-linux-gnu/libXdmcp.so.6.0.0
7c3813753000-7c3813754000 rw-p 00006000 103:02 16530323                  /usr/lib/x86_64-linux-gnu/libXdmcp.so.6.0.0
7c3813754000-7c3813758000 r--p 00000000 103:02 16530324                  /usr/lib/x86_64-linux-gnu/libXext.so.6.4.0
7c3813758000-7c3813763000 r-xp 00004000 103:02 16530324                  /usr/lib/x86_64-linux-gnu/libXext.so.6.4.0
7c3813763000-7c3813766000 r--p 0000f000 103:02 16530324                  /usr/lib/x86_64-linux-gnu/libXext.so.6.4.0
7c3813766000-7c3813767000 r--p 00011000 103:02 16530324                  /usr/lib/x86_64-linux-gnu/libXext.so.6.4.0
7c3813767000-7c3813768000 rw-p 00012000 103:02 16530324                  /usr/lib/x86_64-linux-gnu/libXext.so.6.4.0
7c3813770000-7c3813772000 r--p 00000000 103:02 17172962                  /usr/lib/jvm/java-21-openjdk-amd64/lib/libjavajpeg.so
7c3813772000-7c3813779000 r-xp 00002000 103:02 17172962                  /usr/lib/jvm/java-21-openjdk-amd64/lib/libjavajpeg.so
7c3813779000-7c381377a000 r--p 00009000 103:02 17172962                  /usr/lib/jvm/java-21-openjdk-amd64/lib/libjavajpeg.so
7c381377a000-7c381377b000 r--p 0000a000 103:02 17172962                  /usr/lib/jvm/java-21-openjdk-amd64/lib/libjavajpeg.so
7c381377b000-7c381377c000 rw-p 0000b000 103:02 17172962                  /usr/lib/jvm/java-21-openjdk-amd64/lib/libjavajpeg.so
7c381377c000-7c38138f6000 rw-p 00000000 00:00 0 
7c38138f6000-7c381474a000 ---p 00000000 00:00 0 
7c381474a000-7c381474c000 rw-p 00000000 00:00 0 
7c381474d000-7c381474e000 r--p 00000000 103:02 16530318                  /usr/lib/x86_64-linux-gnu/libXau.so.6.0.0
7c381474e000-7c3814750000 r-xp 00001000 103:02 16530318                  /usr/lib/x86_64-linux-gnu/libXau.so.6.0.0
7c3814750000-7c3814751000 r--p 00003000 103:02 16530318                  /usr/lib/x86_64-linux-gnu/libXau.so.6.0.0
7c3814751000-7c3814752000 r--p 00003000 103:02 16530318                  /usr/lib/x86_64-linux-gnu/libXau.so.6.0.0
7c3814752000-7c3814753000 rw-p 00004000 103:02 16530318                  /usr/lib/x86_64-linux-gnu/libXau.so.6.0.0
7c3814753000-7c3814755000 r--p 00000000 103:02 16530334                  /usr/lib/x86_64-linux-gnu/libXrender.so.1.3.0
7c3814755000-7c381475c000 r-xp 00002000 103:02 16530334                  /usr/lib/x86_64-linux-gnu/libXrender.so.1.3.0
7c381475c000-7c381475d000 r--p 00009000 103:02 16530334                  /usr/lib/x86_64-linux-gnu/libXrender.so.1.3.0
7c381475d000-7c381475e000 r--p 00009000 103:02 16530334                  /usr/lib/x86_64-linux-gnu/libXrender.so.1.3.0
7c381475e000-7c381475f000 rw-p 0000a000 103:02 16530334                  /usr/lib/x86_64-linux-gnu/libXrender.so.1.3.0
7c381475f000-7c3814800000 rw-p 00000000 00:00 0 
7c3814800000-7c3814a70000 rwxp 00000000 00:00 0 
7c3814a70000-7c381bc5f000 ---p 00000000 00:00 0 
7c381bc5f000-7c381bf0f000 rwxp 00000000 00:00 0 
7c381bf0f000-7c381c3a0000 ---p 00000000 00:00 0 
7c381c3a0000-7c381c610000 rwxp 00000000 00:00 0 
7c381c610000-7c3823800000 ---p 00000000 00:00 0 
7c3823800000-7c382be02000 r--s 00000000 103:02 17172984                  /usr/lib/jvm/java-21-openjdk-amd64/lib/modules
7c382be02000-7c382be04000 r--p 00000000 103:02 16530337                  /usr/lib/x86_64-linux-gnu/libXtst.so.6.1.0
7c382be04000-7c382be07000 r-xp 00002000 103:02 16530337                  /usr/lib/x86_64-linux-gnu/libXtst.so.6.1.0
7c382be07000-7c382be08000 r--p 00005000 103:02 16530337                  /usr/lib/x86_64-linux-gnu/libXtst.so.6.1.0
7c382be08000-7c382be09000 r--p 00005000 103:02 16530337                  /usr/lib/x86_64-linux-gnu/libXtst.so.6.1.0
7c382be09000-7c382be0a000 rw-p 00006000 103:02 16530337                  /usr/lib/x86_64-linux-gnu/libXtst.so.6.1.0
7c382be0a000-7c382be3d000 rw-p 00000000 00:00 0 
7c382be3d000-7c382be3e000 r--p 00000000 103:02 16530540                  /usr/lib/x86_64-linux-gnu/libdl.so.2
7c382be3e000-7c382be3f000 r-xp 00001000 103:02 16530540                  /usr/lib/x86_64-linux-gnu/libdl.so.2
7c382be3f000-7c382be40000 r--p 00002000 103:02 16530540                  /usr/lib/x86_64-linux-gnu/libdl.so.2
7c382be40000-7c382be41000 r--p 00002000 103:02 16530540                  /usr/lib/x86_64-linux-gnu/libdl.so.2
7c382be41000-7c382be42000 rw-p 00003000 103:02 16530540                  /usr/lib/x86_64-linux-gnu/libdl.so.2
7c382be46000-7c382be56000 -w-s 00000000 00:05 1107                       /dev/nvidia0
7c382be56000-7c382be58000 r--p 00000000 103:02 17172983                  /usr/lib/jvm/java-21-openjdk-amd64/lib/libzip.so
7c382be58000-7c382be5d000 r-xp 00002000 103:02 17172983                  /usr/lib/jvm/java-21-openjdk-amd64/lib/libzip.so
7c382be5d000-7c382be5f000 r--p 00007000 103:02 17172983                  /usr/lib/jvm/java-21-openjdk-amd64/lib/libzip.so
7c382be5f000-7c382be60000 r--p 00008000 103:02 17172983                  /usr/lib/jvm/java-21-openjdk-amd64/lib/libzip.so
7c382be60000-7c382be61000 rw-p 00009000 103:02 17172983                  /usr/lib/jvm/java-21-openjdk-amd64/lib/libzip.so
7c382be61000-7c382be62000 r--p 00000000 103:02 17172953                  /usr/lib/jvm/java-21-openjdk-amd64/lib/libdt_socket.so
7c382be62000-7c382be65000 r-xp 00001000 103:02 17172953                  /usr/lib/jvm/java-21-openjdk-amd64/lib/libdt_socket.so
7c382be65000-7c382be66000 r--p 00004000 103:02 17172953                  /usr/lib/jvm/java-21-openjdk-amd64/lib/libdt_socket.so
7c382be66000-7c382be67000 r--p 00005000 103:02 17172953                  /usr/lib/jvm/java-21-openjdk-amd64/lib/libdt_socket.so
7c382be67000-7c382be68000 rw-p 00006000 103:02 17172953                  /usr/lib/jvm/java-21-openjdk-amd64/lib/libdt_socket.so
7c382be68000-7c382be6f000 r--p 00000000 103:02 17172976                  /usr/lib/jvm/java-21-openjdk-amd64/lib/libnio.so
7c382be6f000-7c382be78000 r-xp 00007000 103:02 17172976                  /usr/lib/jvm/java-21-openjdk-amd64/lib/libnio.so
7c382be78000-7c382be7c000 r--p 00010000 103:02 17172976                  /usr/lib/jvm/java-21-openjdk-amd64/lib/libnio.so
7c382be7c000-7c382be7d000 r--p 00014000 103:02 17172976                  /usr/lib/jvm/java-21-openjdk-amd64/lib/libnio.so
7c382be7d000-7c382be7e000 rw-p 00015000 103:02 17172976                  /usr/lib/jvm/java-21-openjdk-amd64/lib/libnio.so
7c382be7e000-7c382ebea000 rw-p 00000000 00:00 0 
7c382ebea000-7c3830000000 ---p 00000000 00:00 0 
7c3830001000-7c3830002000 r--p 00000000 103:02 16531006                  /usr/lib/x86_64-linux-gnu/librt.so.1
7c3830002000-7c3830003000 r-xp 00001000 103:02 16531006                  /usr/lib/x86_64-linux-gnu/librt.so.1
7c3830003000-7c3830004000 r--p 00002000 103:02 16531006                  /usr/lib/x86_64-linux-gnu/librt.so.1
7c3830004000-7c3830005000 r--p 00002000 103:02 16531006                  /usr/lib/x86_64-linux-gnu/librt.so.1
7c3830005000-7c3830006000 rw-p 00003000 103:02 16531006                  /usr/lib/x86_64-linux-gnu/librt.so.1
7c3830006000-7c3830162000 rw-p 00000000 00:00 0 
7c3830162000-7c3830163000 ---p 00000000 00:00 0 
7c3830163000-7c3830263000 rw-p 00000000 00:00 0 
7c3830263000-7c3830264000 ---p 00000000 00:00 0 
7c3830264000-7c3830364000 rw-p 00000000 00:00 0 
7c3830364000-7c3830365000 ---p 00000000 00:00 0 
7c3830365000-7c3830465000 rw-p 00000000 00:00 0 
7c3830465000-7c3831233000 rw-p 00000000 00:00 0 
7c3831233000-7c3831317000 ---p 00000000 00:00 0 
7c3831317000-7c383131c000 rw-p 00000000 00:00 0 
7c383131c000-7c3831400000 ---p 00000000 00:00 0 
7c3831400000-7c383149d000 r--p 00000000 103:02 16543594                  /usr/lib/x86_64-linux-gnu/libstdc++.so.6.0.33
7c383149d000-7c38315e5000 r-xp 0009d000 103:02 16543594                  /usr/lib/x86_64-linux-gnu/libstdc++.so.6.0.33
7c38315e5000-7c383166c000 r--p 001e5000 103:02 16543594                  /usr/lib/x86_64-linux-gnu/libstdc++.so.6.0.33
7c383166c000-7c3831677000 r--p 0026b000 103:02 16543594                  /usr/lib/x86_64-linux-gnu/libstdc++.so.6.0.33
7c3831677000-7c383167a000 rw-p 00276000 103:02 16543594                  /usr/lib/x86_64-linux-gnu/libstdc++.so.6.0.33
7c383167a000-7c383167e000 rw-p 00000000 00:00 0 
7c3831681000-7c3831700000 rw-p 00000000 00:00 0 
7c3831700000-7c3831704000 ---p 00000000 00:00 0 
7c3831704000-7c3831800000 rw-p 00000000 00:00 0 
7c3831800000-7c3831a96000 r--p 00000000 103:02 17172990                  /usr/lib/jvm/java-21-openjdk-amd64/lib/server/libjvm.so
7c3831a96000-7c38328fe000 r-xp 00296000 103:02 17172990                  /usr/lib/jvm/java-21-openjdk-amd64/lib/server/libjvm.so
7c38328fe000-7c3832bd1000 r--p 010fe000 103:02 17172990                  /usr/lib/jvm/java-21-openjdk-amd64/lib/server/libjvm.so
7c3832bd1000-7c3832ca1000 r--p 013d0000 103:02 17172990                  /usr/lib/jvm/java-21-openjdk-amd64/lib/server/libjvm.so
7c3832ca1000-7c3832cd1000 rw-p 014a0000 103:02 17172990                  /usr/lib/jvm/java-21-openjdk-amd64/lib/server/libjvm.so
7c3832cd1000-7c3832d37000 rw-p 00000000 00:00 0 
7c3832d37000-7c3832d38000 r--p 00000000 103:02 16530978                  /usr/lib/x86_64-linux-gnu/libpthread.so.0
7c3832d38000-7c3832d39000 r-xp 00001000 103:02 16530978                  /usr/lib/x86_64-linux-gnu/libpthread.so.0
7c3832d39000-7c3832d3a000 r--p 00002000 103:02 16530978                  /usr/lib/x86_64-linux-gnu/libpthread.so.0
7c3832d3a000-7c3832d3b000 r--p 00002000 103:02 16530978                  /usr/lib/x86_64-linux-gnu/libpthread.so.0
7c3832d3b000-7c3832d3c000 rw-p 00003000 103:02 16530978                  /usr/lib/x86_64-linux-gnu/libpthread.so.0
7c3832d3c000-7c3832d3f000 r--p 00000000 103:02 17172975                  /usr/lib/jvm/java-21-openjdk-amd64/lib/libnet.so
7c3832d3f000-7c3832d47000 r-xp 00003000 103:02 17172975                  /usr/lib/jvm/java-21-openjdk-amd64/lib/libnet.so
7c3832d47000-7c3832d49000 r--p 0000b000 103:02 17172975                  /usr/lib/jvm/java-21-openjdk-amd64/lib/libnet.so
7c3832d49000-7c3832d4a000 r--p 0000c000 103:02 17172975                  /usr/lib/jvm/java-21-openjdk-amd64/lib/libnet.so
7c3832d4a000-7c3832d4b000 rw-p 0000d000 103:02 17172975                  /usr/lib/jvm/java-21-openjdk-amd64/lib/libnet.so
7c3832d4b000-7c3832d8f000 rw-p 00000000 00:00 0 
7c3832d8f000-7c3832d98000 ---p 00000000 00:00 0 
7c3832d98000-7c3832da5000 r--p 00000000 103:02 17172961                  /usr/lib/jvm/java-21-openjdk-amd64/lib/libjava.so
7c3832da5000-7c3832db4000 r-xp 0000d000 103:02 17172961                  /usr/lib/jvm/java-21-openjdk-amd64/lib/libjava.so
7c3832db4000-7c3832db9000 r--p 0001c000 103:02 17172961                  /usr/lib/jvm/java-21-openjdk-amd64/lib/libjava.so
7c3832db9000-7c3832dba000 r--p 00021000 103:02 17172961                  /usr/lib/jvm/java-21-openjdk-amd64/lib/libjava.so
7c3832dba000-7c3832dbb000 rw-p 00022000 103:02 17172961                  /usr/lib/jvm/java-21-openjdk-amd64/lib/libjava.so
7c3832dbb000-7c3832dbc000 rw-p 00000000 00:00 0 
7c3832dbc000-7c3832dbf000 r--p 00000000 103:02 17172963                  /usr/lib/jvm/java-21-openjdk-amd64/lib/libjdwp.so
7c3832dbf000-7c3832dee000 r-xp 00003000 103:02 17172963                  /usr/lib/jvm/java-21-openjdk-amd64/lib/libjdwp.so
7c3832dee000-7c3832dfd000 r--p 00032000 103:02 17172963                  /usr/lib/jvm/java-21-openjdk-amd64/lib/libjdwp.so
7c3832dfd000-7c3832dfe000 r--p 00040000 103:02 17172963                  /usr/lib/jvm/java-21-openjdk-amd64/lib/libjdwp.so
7c3832dfe000-7c3832dff000 rw-p 00041000 103:02 17172963                  /usr/lib/jvm/java-21-openjdk-amd64/lib/libjdwp.so
7c3832dff000-7c3832e00000 rw-p 00000000 00:00 0 
7c3832e00000-7c3832e28000 r--p 00000000 103:02 16530474                  /usr/lib/x86_64-linux-gnu/libc.so.6
7c3832e28000-7c3832fb0000 r-xp 00028000 103:02 16530474                  /usr/lib/x86_64-linux-gnu/libc.so.6
7c3832fb0000-7c3832fff000 r--p 001b0000 103:02 16530474                  /usr/lib/x86_64-linux-gnu/libc.so.6
7c3832fff000-7c3833003000 r--p 001fe000 103:02 16530474                  /usr/lib/x86_64-linux-gnu/libc.so.6
7c3833003000-7c3833005000 rw-p 00202000 103:02 16530474                  /usr/lib/x86_64-linux-gnu/libc.so.6
7c3833005000-7c3833012000 rw-p 00000000 00:00 0 
7c3833012000-7c3833019000 r--s 00000000 103:02 16532226                  /usr/lib/x86_64-linux-gnu/gconv/gconv-modules.cache
7c3833019000-7c383301d000 r--p 00000000 103:02 16528598                  /usr/lib/x86_64-linux-gnu/libgcc_s.so.1
7c383301d000-7c3833041000 r-xp 00004000 103:02 16528598                  /usr/lib/x86_64-linux-gnu/libgcc_s.so.1
7c3833041000-7c3833045000 r--p 00028000 103:02 16528598                  /usr/lib/x86_64-linux-gnu/libgcc_s.so.1
7c3833045000-7c3833046000 r--p 0002b000 103:02 16528598                  /usr/lib/x86_64-linux-gnu/libgcc_s.so.1
7c3833046000-7c3833047000 rw-p 0002c000 103:02 16528598                  /usr/lib/x86_64-linux-gnu/libgcc_s.so.1
7c3833047000-7c3833057000 r--p 00000000 103:02 16530817                  /usr/lib/x86_64-linux-gnu/libm.so.6
7c3833057000-7c38330d6000 r-xp 00010000 103:02 16530817                  /usr/lib/x86_64-linux-gnu/libm.so.6
7c38330d6000-7c383312e000 r--p 0008f000 103:02 16530817                  /usr/lib/x86_64-linux-gnu/libm.so.6
7c383312e000-7c383312f000 r--p 000e7000 103:02 16530817                  /usr/lib/x86_64-linux-gnu/libm.so.6
7c383312f000-7c3833130000 rw-p 000e8000 103:02 16530817                  /usr/lib/x86_64-linux-gnu/libm.so.6
7c3833130000-7c3833132000 rw-p 00000000 00:00 0 
7c3833132000-7c3833134000 r--p 00000000 103:02 17172965                  /usr/lib/jvm/java-21-openjdk-amd64/lib/libjli.so
7c3833134000-7c383313e000 r-xp 00002000 103:02 17172965                  /usr/lib/jvm/java-21-openjdk-amd64/lib/libjli.so
7c383313e000-7c3833141000 r--p 0000c000 103:02 17172965                  /usr/lib/jvm/java-21-openjdk-amd64/lib/libjli.so
7c3833141000-7c3833142000 r--p 0000f000 103:02 17172965                  /usr/lib/jvm/java-21-openjdk-amd64/lib/libjli.so
7c3833142000-7c3833143000 rw-p 00010000 103:02 17172965                  /usr/lib/jvm/java-21-openjdk-amd64/lib/libjli.so
7c3833143000-7c3833145000 r--p 00000000 103:02 16531205                  /usr/lib/x86_64-linux-gnu/libz.so.1.3
7c3833145000-7c3833157000 r-xp 00002000 103:02 16531205                  /usr/lib/x86_64-linux-gnu/libz.so.1.3
7c3833157000-7c383315d000 r--p 00014000 103:02 16531205                  /usr/lib/x86_64-linux-gnu/libz.so.1.3
7c383315d000-7c383315e000 r--p 0001a000 103:02 16531205                  /usr/lib/x86_64-linux-gnu/libz.so.1.3
7c383315e000-7c383315f000 rw-p 0001b000 103:02 16531205                  /usr/lib/x86_64-linux-gnu/libz.so.1.3
7c3833160000-7c3833168000 rw-s 00000000 103:02 18219055                  /tmp/hsperfdata_dov/4296
7c3833168000-7c3833169000 ---p 00000000 00:00 0 
7c3833169000-7c383316a000 r--p 00000000 00:00 0 
7c383316a000-7c383316b000 ---p 00000000 00:00 0 
7c383316b000-7c383316d000 r--p 00000000 103:02 17172964                  /usr/lib/jvm/java-21-openjdk-amd64/lib/libjimage.so
7c383316d000-7c3833170000 r-xp 00002000 103:02 17172964                  /usr/lib/jvm/java-21-openjdk-amd64/lib/libjimage.so
7c3833170000-7c3833171000 r--p 00005000 103:02 17172964                  /usr/lib/jvm/java-21-openjdk-amd64/lib/libjimage.so
7c3833171000-7c3833172000 r--p 00006000 103:02 17172964                  /usr/lib/jvm/java-21-openjdk-amd64/lib/libjimage.so
7c3833172000-7c3833173000 rw-p 00007000 103:02 17172964                  /usr/lib/jvm/java-21-openjdk-amd64/lib/libjimage.so
7c3833173000-7c3833175000 rw-p 00000000 00:00 0 
7c3833175000-7c3833176000 r--p 00000000 103:02 16530286                  /usr/lib/x86_64-linux-gnu/ld-linux-x86-64.so.2
7c3833176000-7c38331a1000 r-xp 00001000 103:02 16530286                  /usr/lib/x86_64-linux-gnu/ld-linux-x86-64.so.2
7c38331a1000-7c38331ab000 r--p 0002c000 103:02 16530286                  /usr/lib/x86_64-linux-gnu/ld-linux-x86-64.so.2
7c38331ab000-7c38331ad000 r--p 00036000 103:02 16530286                  /usr/lib/x86_64-linux-gnu/ld-linux-x86-64.so.2
7c38331ad000-7c38331af000 rw-p 00038000 103:02 16530286                  /usr/lib/x86_64-linux-gnu/ld-linux-x86-64.so.2
7ffd59172000-7ffd59193000 rw-p 00000000 00:00 0                          [stack]
7ffd591f2000-7ffd591f6000 r--p 00000000 00:00 0                          [vvar]
7ffd591f6000-7ffd591f8000 r-xp 00000000 00:00 0                          [vdso]
ffffffffff600000-ffffffffff601000 --xp 00000000 00:00 0                  [vsyscall]
Total number of mappings: 423


VM Arguments:
jvm_args: -Dfile.encoding=UTF-8 -agentlib:jdwp=transport=dt_socket,address=localhost:35293 --module-path=/home/dov/projects/NeighborhoodPIG/build/classes 
java_command: main.NeighborhoodPIG
java_class_path (initial): /home/dov/projects/Libraries/commons-math3/commons-math3-3.6.1-javadoc.jar:/home/dov/projects/Libraries/commons-math3/commons-math3-3.6.1-sources.jar:/home/dov/projects/Libraries/commons-math3/commons-math3-3.6.1-test-sources.jar:/home/dov/projects/Libraries/commons-math3/commons-math3-3.6.1-tests.jar:/home/dov/projects/Libraries/commons-math3/commons-math3-3.6.1-tools.jar:/home/dov/projects/Libraries/commons-math3/commons-math3-3.6.1.jar:/home/dov/projects/JCudaWrapper/jcuda12/jcublas-12.0.0.jar:/home/dov/projects/JCudaWrapper/jcuda12/jcublas-natives-12.0.0-linux-x86_64.jar:/home/dov/projects/JCudaWrapper/jcuda12/jcuda-12.0.0.jar:/home/dov/projects/JCudaWrapper/jcuda12/jcuda-natives-12.0.0-linux-x86_64.jar:/home/dov/projects/JCudaWrapper/jcuda12/jcudnn-12.0.0.jar:/home/dov/projects/JCudaWrapper/jcuda12/jcudnn-natives-12.0.0-linux-x86_64.jar:/home/dov/projects/JCudaWrapper/jcuda12/jcufft-12.0.0.jar:/home/dov/projects/JCudaWrapper/jcuda12/jcufft-natives-12.0.0-linux-x86_64.jar:/home/dov/projects/JCudaWrapper/jcuda12/jcurand-12.0.0.jar:/home/dov/projects/JCudaWrapper/jcuda12/jcurand-natives-12.0.0-linux-x86_64.jar:/home/dov/projects/JCudaWrapper/jcuda12/jcusolver-12.0.0.jar:/home/dov/projects/JCudaWrapper/jcuda12/jcusolver-natives-12.0.0-linux-x86_64.jar:/home/dov/projects/JCudaWrapper/jcuda12/jcusparse-12.0.0.jar:/home/dov/projects/JCudaWrapper/jcuda12/jcusparse-natives-12.0.0-linux-x86_64.jar:/home/dov/projects/NeighborhoodPIG/build/classes
Launcher Type: SUN_STANDARD

[Global flags]
     intx CICompilerCount                          = 12                                        {product} {ergonomic}
     uint ConcGCThreads                            = 3                                         {product} {ergonomic}
     uint G1ConcRefinementThreads                  = 13                                        {product} {ergonomic}
   size_t G1HeapRegionSize                         = 4194304                                   {product} {ergonomic}
    uintx GCDrainStackTargetSize                   = 64                                        {product} {ergonomic}
   size_t InitialHeapSize                          = 515899392                                 {product} {ergonomic}
   size_t MarkStackSize                            = 4194304                                   {product} {ergonomic}
   size_t MaxHeapSize                              = 8212447232                                {product} {ergonomic}
   size_t MaxNewSize                               = 4924112896                                {product} {ergonomic}
   size_t MinHeapDeltaBytes                        = 4194304                                   {product} {ergonomic}
   size_t MinHeapSize                              = 8388608                                   {product} {ergonomic}
    uintx NonNMethodCodeHeapSize                   = 7602480                                {pd product} {ergonomic}
    uintx NonProfiledCodeHeapSize                  = 122027880                              {pd product} {ergonomic}
    uintx ProfiledCodeHeapSize                     = 122027880                              {pd product} {ergonomic}
    uintx ReservedCodeCacheSize                    = 251658240                              {pd product} {ergonomic}
     bool SegmentedCodeCache                       = true                                      {product} {ergonomic}
   size_t SoftMaxHeapSize                          = 8212447232                             {manageable} {ergonomic}
     bool UseCompressedOops                        = true                           {product lp64_product} {ergonomic}
     bool UseG1GC                                  = true                                      {product} {ergonomic}

Logging:
Log output configuration:
 #0: stdout all=warning uptime,level,tags foldmultilines=false
 #1: stderr all=off uptime,level,tags foldmultilines=false

Environment Variables:
PATH=/usr/local/sbin:/usr/local/bin:/usr/sbin:/usr/bin:/sbin:/bin:/usr/games:/usr/local/games:/snap/bin:/snap/bin
USERNAME=dov
SHELL=/bin/bash
DISPLAY=:1
LANG=en_US.UTF-8

Active Locale:
LC_ALL=en_US.UTF-8
LC_COLLATE=en_US.UTF-8
LC_CTYPE=en_US.UTF-8
LC_MESSAGES=en_US.UTF-8
LC_MONETARY=en_US.UTF-8
LC_NUMERIC=en_US.UTF-8
LC_TIME=en_US.UTF-8

Signal Handlers:
   SIGSEGV: crash_handler in libjvm.so, mask=11100100010111111101111111111110, flags=SA_RESTART|SA_SIGINFO, unblocked
    SIGBUS: crash_handler in libjvm.so, mask=11100100010111111101111111111110, flags=SA_RESTART|SA_SIGINFO, unblocked
    SIGFPE: crash_handler in libjvm.so, mask=11100100010111111101111111111110, flags=SA_RESTART|SA_SIGINFO, unblocked
   SIGPIPE: javaSignalHandler in libjvm.so, mask=11100100010111111101111111111110, flags=SA_RESTART|SA_SIGINFO, blocked
   SIGXFSZ: javaSignalHandler in libjvm.so, mask=11100100010111111101111111111110, flags=SA_RESTART|SA_SIGINFO, blocked
    SIGILL: crash_handler in libjvm.so, mask=11100100010111111101111111111110, flags=SA_RESTART|SA_SIGINFO, unblocked
   SIGUSR2: SR_handler in libjvm.so, mask=00000000000000000000000000000000, flags=SA_RESTART|SA_SIGINFO, blocked
    SIGHUP: UserHandler in libjvm.so, mask=11100100010111111101111111111110, flags=SA_RESTART|SA_SIGINFO, blocked
    SIGINT: SIG_IGN, mask=00000000000000000000000000000000, flags=none, blocked
   SIGTERM: UserHandler in libjvm.so, mask=11100100010111111101111111111110, flags=SA_RESTART|SA_SIGINFO, blocked
   SIGQUIT: UserHandler in libjvm.so, mask=11100100010111111101111111111110, flags=SA_RESTART|SA_SIGINFO, blocked
   SIGTRAP: crash_handler in libjvm.so, mask=11100100010111111101111111111110, flags=SA_RESTART|SA_SIGINFO, unblocked


Periodic native trim disabled

---------------  S Y S T E M  ---------------

OS:
DISTRIB_ID=Ubuntu
DISTRIB_RELEASE=24.04
DISTRIB_CODENAME=noble
DISTRIB_DESCRIPTION="Ubuntu 24.04.1 LTS"
uname: Linux 6.8.0-47-generic #47-Ubuntu SMP PREEMPT_DYNAMIC Fri Sep 27 21:40:26 UTC 2024 x86_64
OS uptime: 0 days 0:03 hours
libc: glibc 2.39 NPTL 2.39 
rlimit (soft/hard): STACK 8192k/infinity , CORE 0k/infinity , NPROC 125013/125013 , NOFILE 1048576/1048576 , AS infinity/infinity , CPU infinity/infinity , DATA infinity/infinity , FSIZE infinity/infinity , MEMLOCK 4009332k/4009332k
load average: 1.14 0.88 0.36

/proc/meminfo:
MemTotal:       32074676 kB
MemFree:        27751928 kB
MemAvailable:   28944104 kB
Buffers:           88208 kB
Cached:          1448836 kB
SwapCached:            0 kB
Active:          2558576 kB
Inactive:         700840 kB
Active(anon):    1736140 kB
Inactive(anon):        0 kB
Active(file):     822436 kB
Inactive(file):   700840 kB
Unevictable:          16 kB
Mlocked:              16 kB
SwapTotal:       8388604 kB
SwapFree:        8388604 kB
Zswap:                 0 kB
Zswapped:              0 kB
Dirty:               116 kB
Writeback:             0 kB
AnonPages:       1722584 kB
Mapped:           570688 kB
Shmem:             13740 kB
KReclaimable:      67736 kB
Slab:             301828 kB
SReclaimable:      67736 kB
SUnreclaim:       234092 kB
KernelStack:       14640 kB
PageTables:        23320 kB
SecPageTables:         0 kB
NFS_Unstable:          0 kB
Bounce:                0 kB
WritebackTmp:          0 kB
CommitLimit:    24425940 kB
Committed_AS:    6644192 kB
VmallocTotal:   34359738367 kB
VmallocUsed:      156188 kB
VmallocChunk:          0 kB
Percpu:            17216 kB
HardwareCorrupted:     0 kB
AnonHugePages:         0 kB
ShmemHugePages:        0 kB
ShmemPmdMapped:        0 kB
FileHugePages:         0 kB
FilePmdMapped:         0 kB
Unaccepted:            0 kB
HugePages_Total:       0
HugePages_Free:        0
HugePages_Rsvd:        0
HugePages_Surp:        0
Hugepagesize:       2048 kB
Hugetlb:               0 kB
DirectMap4k:      805352 kB
DirectMap2M:    10981376 kB
DirectMap1G:    22020096 kB

/sys/kernel/mm/transparent_hugepage/enabled: always [madvise] never
/sys/kernel/mm/transparent_hugepage/hpage_pmd_size: 2097152
/sys/kernel/mm/transparent_hugepage/defrag (defrag/compaction efforts parameter): always defer defer+madvise [madvise] never

Process Memory:
Virtual Size: 17159660K (peak: 17218700K)
Resident Set Size: 274460K (peak: 274460K) (anon: 110628K, file: 155640K, shmem: 8192K)
Swapped out: 0K
C-Heap outstanding allocations: 83671K, retained: 5716K
glibc malloc tunables: (default)

/proc/sys/kernel/threads-max (system-wide limit on the number of threads): 250026
/proc/sys/vm/max_map_count (maximum number of memory map areas a process may have): 1048576
/proc/sys/vm/swappiness (control to define how aggressively the kernel swaps out anonymous memory): 60
/proc/sys/kernel/pid_max (system-wide limit on number of process identifiers): 4194304

container (cgroup) information:
container_type: cgroupv2
cpu_cpuset_cpus: not supported
cpu_memory_nodes: not supported
active_processor_count: 16
cpu_quota: not supported
cpu_period: not supported
cpu_shares: not supported
memory_limit_in_bytes: unlimited
memory_and_swap_limit_in_bytes: unlimited
memory_soft_limit_in_bytes: unlimited
memory_usage_in_bytes: 1501200 k
memory_max_usage_in_bytes: not supported
memory_swap_current_in_bytes: unlimited
memory_swap_max_limit_in_bytes: unlimited
maximum number of tasks: 37503
current number of tasks: 107

Steal ticks since vm start: 0
Steal ticks percentage since vm start:  0.000

CPU: total 16 (initial active 16) (16 cores per cpu, 2 threads per core) family 25 model 68 stepping 1 microcode 0xa404101, cx8, cmov, fxsr, ht, mmx, 3dnowpref, sse, sse2, sse3, ssse3, sse4a, sse4.1, sse4.2, popcnt, lzcnt, tsc, tscinvbit, avx, avx2, aes, clmul, bmi1, bmi2, adx, sha, fma, vzeroupper, clflush, clflushopt, rdtscp, rdpid, f16c, pku, ospke, cet_ss
CPU Model and flags from /proc/cpuinfo:
model name	: AMD Ryzen 9 6900HS with Radeon Graphics
flags		: fpu vme de pse tsc msr pae mce cx8 apic sep mtrr pge mca cmov pat pse36 clflush mmx fxsr sse sse2 ht syscall nx mmxext fxsr_opt pdpe1gb rdtscp lm constant_tsc rep_good nopl nonstop_tsc cpuid extd_apicid aperfmperf rapl pni pclmulqdq monitor ssse3 fma cx16 sse4_1 sse4_2 x2apic movbe popcnt aes xsave avx f16c rdrand lahf_lm cmp_legacy svm extapic cr8_legacy abm sse4a misalignsse 3dnowprefetch osvw ibs skinit wdt tce topoext perfctr_core perfctr_nb bpext perfctr_llc mwaitx cpb cat_l3 cdp_l3 hw_pstate ssbd mba ibrs ibpb stibp vmmcall fsgsbase bmi1 avx2 smep bmi2 invpcid cqm rdt_a rdseed adx smap clflushopt clwb sha_ni xsaveopt xsavec xgetbv1 xsaves cqm_llc cqm_occup_llc cqm_mbm_total cqm_mbm_local user_shstk clzero irperf xsaveerptr rdpru wbnoinvd cppc arat npt lbrv svm_lock nrip_save tsc_scale vmcb_clean flushbyasid decodeassists pausefilter pfthreshold avic v_vmsave_vmload vgif v_spec_ctrl umip pku ospke vaes vpclmulqdq rdpid overflow_recov succor smca debug_swap

Online cpus: 0-15
Offline cpus: 
BIOS frequency limitation: <Not Available>
Frequency switch latency (ns): 0
Available cpu frequencies: <Not Available>
Current governor: powersave
Core performance/turbo boost: <Not Available>

Memory: 4k page, physical 32074676k(28944104k free), swap 8388604k(8388604k free)
Page Sizes: 4k

vm_info: OpenJDK 64-Bit Server VM (21.0.4+7-Ubuntu-1ubuntu224.04) for linux-amd64 JRE (21.0.4+7-Ubuntu-1ubuntu224.04), built on 2024-07-23T01:34:52Z by "buildd" with gcc 13.2.0

END.
