#
# A fatal error has been detected by the Java Runtime Environment:
#
#  SIGSEGV (0xb) at pc=0x0000700caa6327ba, pid=48987, tid=48991
#
# JRE version: OpenJDK Runtime Environment (21.0.5+11) (build 21.0.5+11-Ubuntu-1ubuntu124.04)
# Java VM: OpenJDK 64-Bit Server VM (21.0.5+11-Ubuntu-1ubuntu124.04, mixed mode, sharing, tiered, compressed oops, compressed class ptrs, g1 gc, linux-amd64)
# Problematic frame:
# C  [libcuda.so.1+0x2327ba]
#
# Core dump will be written. Default location: Core dumps may be processed with "/usr/share/apport/apport -p%p -s%s -c%c -d%d -P%P -u%u -g%g -- %E" (or dumping to /home/dov/projects/NeighborhoodPIG/core.48987)
#
# If you would like to submit a bug report, please visit:
#   https://bugs.launchpad.net/ubuntu/+source/openjdk-21
# The crash happened outside the Java Virtual Machine in native code.
# See problematic frame for where to report the bug.
#

---------------  S U M M A R Y ------------

Command Line: -Dfile.encoding=UTF-8 --module-path=/home/dov/projects/NeighborhoodPIG/build/classes JCudaWrapper.array.DArray

Host: AMD Ryzen 9 6900HS with Radeon Graphics, 16 cores, 30G, Ubuntu 24.04.1 LTS
Time: Wed Nov 27 13:09:06 2024 IST elapsed time: 0.451279 seconds (0d 0h 0m 0s)

---------------  T H R E A D  ---------------

Current thread (0x0000700cdc01a0f0):  JavaThread "main"             [_thread_in_native, id=48991, stack(0x0000700ce4300000,0x0000700ce4400000) (1024K)]

Stack: [0x0000700ce4300000,0x0000700ce4400000],  sp=0x0000700ce43fdf40,  free space=1015k
Native frames: (J=compiled Java code, j=interpreted, Vv=VM code, C=native code)
C  [libcuda.so.1+0x2327ba]
C  [libcuda.so.1+0x4e22e7]
C  [libcuda.so.1+0x141496]
C  [libcuda.so.1+0x1419b0]
C  [libcuda.so.1+0x142707]
C  [libcuda.so.1+0x2ec0e1]
Java frames: (J=compiled Java code, j=interpreted, Vv=VM code)
J 530  jcuda.runtime.JCuda.cudaMemcpyAsyncNative(Ljcuda/Pointer;Ljcuda/Pointer;JILjcuda/runtime/cudaStream_t;)I (0 bytes) @ 0x0000700ccc3c6f3c [0x0000700ccc3c6ea0+0x000000000000009c]
J 726 c2 jcuda.runtime.JCuda.cudaMemcpyAsync(Ljcuda/Pointer;Ljcuda/Pointer;JILjcuda/runtime/cudaStream_t;)I (14 bytes) @ 0x0000700ccc3ed5c0 [0x0000700ccc3ed5a0+0x0000000000000020]
j  JCudaWrapper.array.DArray.main([Ljava/lang/String;)V+73
v  ~StubRoutines::call_stub 0x0000700ccbc5fcc6

siginfo: si_signo: 11 (SIGSEGV), si_code: 1 (SEGV_MAPERR), si_addr: 0x00000000001fffe0

Registers:
RAX=0x0000000000000001, RBX=0x0000700ce43fe578, RCX=0x0000000000000001, RDX=0x0000000000000005
RSP=0x0000700ce43fdf40, RBP=0x0000700ce43fdf60, RSI=0x00000000001fff90, RDI=0x0000700cdd6726c0
R8 =0x0000000000000002, R9 =0x0000000000000000, R10=0x0000000000000000, R11=0x0000000000000246
R12=0x0000700ce43fe3e8, R13=0x0000700ce43fe578, R14=0x0000700ce43fe3e8, R15=0x0000000000000001
RIP=0x0000700caa6327ba, EFLAGS=0x0000000000010202, CSGSFS=0x002b000000000033, ERR=0x0000000000000004
  TRAPNO=0x000000000000000e


Register to memory mapping:

RAX=0x0000000000000001 is an unknown value
RBX=0x0000700ce43fe578 is pointing into the stack for thread: 0x0000700cdc01a0f0
RCX=0x0000000000000001 is an unknown value
RDX=0x0000000000000005 is an unknown value
RSP=0x0000700ce43fdf40 is pointing into the stack for thread: 0x0000700cdc01a0f0
RBP=0x0000700ce43fdf60 is pointing into the stack for thread: 0x0000700cdc01a0f0
RSI=0x00000000001fff90 is an unknown value
RDI=0x0000700cdd6726c0 points into unknown readable memory: 0x0000700cdd641260 | 60 12 64 dd 0c 70 00 00
R8 =0x0000000000000002 is an unknown value
R9 =0x0 is null
R10=0x0 is null
R11=0x0000000000000246 is an unknown value
R12=0x0000700ce43fe3e8 is pointing into the stack for thread: 0x0000700cdc01a0f0
R13=0x0000700ce43fe578 is pointing into the stack for thread: 0x0000700cdc01a0f0
R14=0x0000700ce43fe3e8 is pointing into the stack for thread: 0x0000700cdc01a0f0
R15=0x0000000000000001 is an unknown value

Top of Stack: (sp=0x0000700ce43fdf40)
0x0000700ce43fdf40:   0000700cdc827880 0000000000000000
0x0000700ce43fdf50:   0000700cdc6474a0 0000700cdc827880
0x0000700ce43fdf60:   0000700ce43fe190 0000700caa8e22e7
0x0000700ce43fdf70:   0000700bf8e1e240 0000000000000000
0x0000700ce43fdf80:   0000000000000000 0000700ce43fe020
0x0000700ce43fdf90:   0000700c00000000 0000000000000000
0x0000700ce43fdfa0:   000000023d206900 0000700cdc827880
0x0000700ce43fdfb0:   0000000000000000 0000000520202020
0x0000700ce43fdfc0:   0000700bf8e1e220 0000700bf8e1e240
0x0000700ce43fdfd0:   0000000000000001 0000000000000000
0x0000700ce43fdfe0:   0000000000000000 0000000000000000
0x0000700ce43fdff0:   0000000000000000 0000700cdc827880
0x0000700ce43fe000:   0000000000000000 0000700ce43fe398
0x0000700ce43fe010:   0000000000000101 0000700cdc827880
0x0000700ce43fe020:   0000000000000001 0000000000000000
0x0000700ce43fe030:   0000000000000000 0000000000000000
0x0000700ce43fe040:   0000000000000000 0000700cdc827880
0x0000700ce43fe050:   0000000000000000 0000700ce43fe3e8
0x0000700ce43fe060:   0000000000000101 0000700cdc827880
0x0000700ce43fe070:   0000700cdc7ba590 0000000000000003
0x0000700ce43fe080:   0000000000000000 0000000000000018
0x0000700ce43fe090:   0000700c6000a6a8 000000000007ae28
0x0000700ce43fe0a0:   00000000ffffffff 0000700cdc01a0f0
0x0000700ce43fe0b0:   0000700ce43fe140 0000700ce43fe1d8
0x0000700ce43fe0c0:   0000700ce43fe0f0 0000700ccc3eda10
0x0000700ce43fe0d0:   0000700ce43fe338 0000700ce48aa0b0
0x0000700ce43fe0e0:   0000700ce43fe1c0 0000700ce50b7f70
0x0000700ce43fe0f0:   0000000000000000 0000700ccc3edb88
0x0000700ce43fe100:   0000700ccc3edb88 0000700ccc3eda10
0x0000700ce43fe110:   0000700ccc3edc5f 0000700ccc3e0039
0x0000700ce43fe120:   0000700cdc6474b8 bd6e00590ecdb700
0x0000700ce43fe130:   0000700ce43fe180 0000700cdc6474a0 

Instructions: (pc=0x0000700caa6327ba)
0x0000700caa6326ba:   00 02 00 00 00 48 83 c4 08 31 c0 5b 41 5c 41 5d
0x0000700caa6326ca:   5d c3 0f 1f 40 00 48 8b 42 48 0f b6 80 09 01 00
0x0000700caa6326da:   00 83 e0 7e 3c 1e 0f 94 c0 e9 ff fe ff ff 0f 1f
0x0000700caa6326ea:   84 00 00 00 00 00 4d 8b ad 68 01 00 00 e9 56 ff
0x0000700caa6326fa:   ff ff 0f 1f 40 00 48 89 df e8 78 fc ff ff 89 83
0x0000700caa63270a:   a4 00 00 00 83 f8 ff 0f 85 10 ff ff ff eb 9c 31
0x0000700caa63271a:   c0 e9 a8 fe ff ff 31 c0 48 83 3e 00 0f 84 14 01
0x0000700caa63272a:   00 00 55 48 89 e5 41 54 53 48 89 f3 48 83 ec 10
0x0000700caa63273a:   48 83 7e 08 00 0f 84 e8 00 00 00 48 83 7e 10 00
0x0000700caa63274a:   0f 84 dd 00 00 00 8b 07 49 89 fc 89 c1 83 f8 02
0x0000700caa63275a:   0f 84 98 00 00 00 85 c0 0f 84 18 02 00 00 83 f8
0x0000700caa63276a:   01 0f 85 9f 01 00 00 48 8b 77 20 48 85 f6 0f 84
0x0000700caa63277a:   ca 00 00 00 48 83 be 10 02 00 00 00 0f 85 c7 02
0x0000700caa63278a:   00 00 48 8b 76 48 48 8b b6 88 02 00 00 48 8b 76
0x0000700caa63279a:   08 85 c0 0f 85 05 02 00 00 49 8b 7c 24 18 48 85
0x0000700caa6327aa:   f6 0f 95 c0 48 85 ff 0f 95 c1 21 c8 84 c0 74 12
0x0000700caa6327ba:   48 8b 76 50 89 55 ec e8 7a d7 15 00 8b 55 ec 48
0x0000700caa6327ca:   89 c7 48 85 ff 74 70 48 8b 47 48 48 8b 80 08 01
0x0000700caa6327da:   00 00 48 c1 e8 28 83 e0 0e 3c 02 75 05 f6 c2 04
0x0000700caa6327ea:   74 3c 41 8b 0c 24 eb 58 66 0f 1f 44 00 00 48 8b
0x0000700caa6327fa:   47 60 48 85 c0 0f 84 73 01 00 00 48 8b 40 40 48
0x0000700caa63280a:   8b 8f 90 00 00 00 8b 00 48 0f a3 c1 0f 82 5c 01
0x0000700caa63281a:   00 00 83 e2 04 0f 85 53 01 00 00 0f 1f 00 b8 01
0x0000700caa63282a:   00 00 00 48 83 c4 10 5b 41 5c 5d c3 66 2e 0f 1f
0x0000700caa63283a:   84 00 00 00 00 00 c3 41 8b 04 24 0f 1f 00 89 c1
0x0000700caa63284a:   83 f9 01 0f 84 6d 01 00 00 0f 87 b7 00 00 00 49
0x0000700caa63285a:   8b 4c 24 08 49 8b 84 24 b0 00 00 00 8b 51 70 48
0x0000700caa63286a:   39 d0 73 ba 48 8b 33 48 8d 3c 30 48 39 fa 72 ae
0x0000700caa63287a:   44 0f b6 41 18 8b 79 10 41 8d 90 6f ff ff ff 83
0x0000700caa63288a:   fa 0d 0f 87 ba 01 00 00 8b 51 6c 48 09 f0 83 ea
0x0000700caa63289a:   01 48 85 c2 75 88 8b b1 98 00 00 00 31 d2 8d 44
0x0000700caa6328aa:   37 ff f7 f6 49 8b 94 24 b8 00 00 00 85 ff 0f 84 


Stack slot to memory mapping:

stack at sp + 0 slots: 0x0000700cdc827880 points into unknown readable memory: 0x0000000000000001 | 01 00 00 00 00 00 00 00
stack at sp + 1 slots: 0x0 is null
stack at sp + 2 slots: 0x0000700cdc6474a0 points into unknown readable memory: 0x0000000100000000 | 00 00 00 00 01 00 00 00
stack at sp + 3 slots: 0x0000700cdc827880 points into unknown readable memory: 0x0000000000000001 | 01 00 00 00 00 00 00 00
stack at sp + 4 slots: 0x0000700ce43fe190 is pointing into the stack for thread: 0x0000700cdc01a0f0
stack at sp + 5 slots: 0x0000700caa8e22e7: <offset 0x00000000004e22e7> in /lib/x86_64-linux-gnu/libcuda.so.1 at 0x0000700caa400000
stack at sp + 6 slots: 0x0000700bf8e1e240: <offset 0x000000002161e240> in /usr/local/cuda/lib64/libcublasLt.so.12 at 0x0000700bd7800000
stack at sp + 7 slots: 0x0 is null


Compiled method (n/a) 460  530     n 0       jcuda.runtime.JCuda::cudaMemcpyAsyncNative (native)
 total in heap  [0x0000700ccc3c6d10,0x0000700ccc3c70d0] = 960
 relocation     [0x0000700ccc3c6e68,0x0000700ccc3c6ea0] = 56
 main code      [0x0000700ccc3c6ea0,0x0000700ccc3c70c8] = 552
 oops           [0x0000700ccc3c70c8,0x0000700ccc3c70d0] = 8

[Constant Pool (empty)]

[MachCode]
[Entry Point]
  # {method} {0x0000700c5446f5e8} 'cudaMemcpyAsyncNative' '(Ljcuda/Pointer;Ljcuda/Pointer;JILjcuda/runtime/cudaStream_t;)I' in 'jcuda/runtime/JCuda'
  # parm0:    rsi:rsi   = 'jcuda/Pointer'
  # parm1:    rdx:rdx   = 'jcuda/Pointer'
  # parm2:    rcx:rcx   = long
  # parm3:    r8        = int
  # parm4:    r9:r9     = 'jcuda/runtime/cudaStream_t'
  #           [sp+0x60]  (sp of caller)
  0x0000700ccc3c6ea0: 448b 5608 | 49bb 0000 | 005f 0c70 | 0000 4d03 | d349 3bc2 | 0f84 0600 

  0x0000700ccc3c6eb8: ;   {runtime_call ic_miss_stub}
  0x0000700ccc3c6eb8: 0000 e9c1 | 618e ff90 
[Verified Entry Point]
  0x0000700ccc3c6ec0: 8984 2400 | c0fe ff55 | 488b ec48 | 83ec 5090 | 4181 7f20 | 0100 0000 

  0x0000700ccc3c6ed8: ;   {runtime_call StubRoutines (final stubs)}
  0x0000700ccc3c6ed8: 7405 e8c1 | c58c ff4c | 894c 2428 | 4983 f900 | 488d 4424 | 2848 0f44 | 4424 2848 | 8904 244d 
  0x0000700ccc3c6ef8: 8bc8 4c8b | c148 8954 | 2410 4883 | fa00 488d | 4c24 1048 | 0f44 4c24 | 1048 8974 | 2408 4883 
  0x0000700ccc3c6f18: fe00 488d | 5424 0848 | 0f44 5424 

  0x0000700ccc3c6f24: ;   {oop(a 'java/lang/Class'{0x000000063382f4d0} = 'jcuda/runtime/JCuda')}
  0x0000700ccc3c6f24: 0849 bed0 | f482 3306 | 0000 004c | 8974 2438 | 4c8d 7424 | 3849 8bf6 

  0x0000700ccc3c6f3c: ;   {internal_word}
  0x0000700ccc3c6f3c: c5f8 7749 | ba3c 6f3c | cc0c 7000 | 004d 8997 | a003 0000 | 4989 a798 

  0x0000700ccc3c6f54: ;   {external_word}
  0x0000700ccc3c6f54: 0300 0080 | 3d2f 7153 | 1900 0f84 | 3c00 0000 | 5652 5141 

  0x0000700ccc3c6f68: ;   {metadata({method} {0x0000700c5446f5e8} 'cudaMemcpyAsyncNative' '(Ljcuda/Pointer;Ljcuda/Pointer;JILjcuda/runtime/cudaStream_t;)I' in 'jcuda/runtime/JCuda')}
  0x0000700ccc3c6f68: 5041 5148 | bee8 f546 | 540c 7000 | 0049 8bff | 40f6 c40f | 0f84 1200 | 0000 4883 

  0x0000700ccc3c6f84: ;   {runtime_call SharedRuntime::dtrace_method_entry(JavaThread*, Method*)}
  0x0000700ccc3c6f84: ec08 e805 | 31df 1848 | 83c4 08e9 | 0500 0000 

  0x0000700ccc3c6f94: ;   {runtime_call SharedRuntime::dtrace_method_entry(JavaThread*, Method*)}
  0x0000700ccc3c6f94: e8f7 30df | 1841 5941 | 5859 5a5e | 498d bfb8 | 0300 0041 | c787 4404 | 0000 0400 

  0x0000700ccc3c6fb0: ;   {runtime_call Java_jcuda_runtime_JCuda_cudaMemcpyAsyncNative}
  0x0000700ccc3c6fb0: 0000 e859 | 8de5 dbc5 | f877 41c7 | 8744 0400 | 0005 0000 | 00f0 8344 | 24c0 0049 | 3baf 4804 
  0x0000700ccc3c6fd0: 0000 0f87 | 0e00 0000 | 4183 bf40 | 0400 0000 | 0f84 2400 | 0000 c5f8 | 7748 8945 | f849 8bff 
  0x0000700ccc3c6ff0: 4c8b e448 | 83ec 0048 

  0x0000700ccc3c6ff8: ;   {runtime_call JavaThread::check_special_condition_for_native_trans(JavaThread*)}
  0x0000700ccc3c6ff8: 83e4 f0e8 | 50d4 9518 | 498b e44d | 33e4 488b | 45f8 41c7 | 8744 0400 | 0008 0000 | 0041 83bf 
  0x0000700ccc3c7018: c004 0000 | 020f 847f 

  0x0000700ccc3c7020: ;   {external_word}
  0x0000700ccc3c7020: 0000 0080 | 3d63 7053 | 1900 0f84 | 3600 0000 | 4889 45f8 

  0x0000700ccc3c7034: ;   {metadata({method} {0x0000700c5446f5e8} 'cudaMemcpyAsyncNative' '(Ljcuda/Pointer;Ljcuda/Pointer;JILjcuda/runtime/cudaStream_t;)I' in 'jcuda/runtime/JCuda')}
  0x0000700ccc3c7034: 48be e8f5 | 4654 0c70 | 0000 498b | ff40 f6c4 | 0f0f 8412 | 0000 0048 

  0x0000700ccc3c704c: ;   {runtime_call SharedRuntime::dtrace_method_exit(JavaThread*, Method*)}
  0x0000700ccc3c704c: 83ec 08e8 | 2c31 df18 | 4883 c408 | e905 0000 

  0x0000700ccc3c705c: ;   {runtime_call SharedRuntime::dtrace_method_exit(JavaThread*, Method*)}
  0x0000700ccc3c705c: 00e8 1e31 | df18 488b | 45f8 49c7 | 8798 0300 | 0000 0000 | 0049 c787 | a003 0000 | 0000 0000 
  0x0000700ccc3c707c: c5f8 7749 | 8b8f 2804 | 0000 c781 | 0001 0000 | 0000 0000 | c949 837f | 0800 0f85 | 0100 0000 
  0x0000700ccc3c709c: ;   {runtime_call StubRoutines (initial stubs)}
  0x0000700ccc3c709c: c3e9 5e8b | 89ff c5f8 | 7748 8945 | f84c 8be4 | 4883 ec00 | 4883 e4f0 

  0x0000700ccc3c70b4: ;   {runtime_call SharedRuntime::reguard_yellow_pages()}
  0x0000700ccc3c70b4: e837 40df | 1849 8be4 | 4d33 e448 | 8b45 f8e9 | 5bff ffff 
[/MachCode]


Compiled method (c2) 471  726       4       jcuda.runtime.JCuda::cudaMemcpyAsync (14 bytes)
 total in heap  [0x0000700ccc3ed410,0x0000700ccc3ed700] = 752
 relocation     [0x0000700ccc3ed568,0x0000700ccc3ed590] = 40
 main code      [0x0000700ccc3ed5a0,0x0000700ccc3ed638] = 152
 stub code      [0x0000700ccc3ed638,0x0000700ccc3ed660] = 40
 oops           [0x0000700ccc3ed660,0x0000700ccc3ed668] = 8
 metadata       [0x0000700ccc3ed668,0x0000700ccc3ed678] = 16
 scopes data    [0x0000700ccc3ed678,0x0000700ccc3ed6a0] = 40
 scopes pcs     [0x0000700ccc3ed6a0,0x0000700ccc3ed6e0] = 64
 dependencies   [0x0000700ccc3ed6e0,0x0000700ccc3ed6e8] = 8
 handler table  [0x0000700ccc3ed6e8,0x0000700ccc3ed700] = 24

[Constant Pool (empty)]

[MachCode]
[Verified Entry Point]
  # {method} {0x0000700c5446f558} 'cudaMemcpyAsync' '(Ljcuda/Pointer;Ljcuda/Pointer;JILjcuda/runtime/cudaStream_t;)I' in 'jcuda/runtime/JCuda'
  # parm0:    rsi:rsi   = 'jcuda/Pointer'
  # parm1:    rdx:rdx   = 'jcuda/Pointer'
  # parm2:    rcx:rcx   = long
  # parm3:    r8        = int
  # parm4:    r9:r9     = 'jcuda/runtime/cudaStream_t'
  #           [sp+0x30]  (sp of caller)
  0x0000700ccc3ed5a0: 8984 2400 | c0fe ff55 | 4883 ec20 | 4181 7f20 | 0100 0000 | 0f85 7100 

  0x0000700ccc3ed5b8: ;   {static_call}
  0x0000700ccc3ed5b8: 0000 90e8 

  0x0000700ccc3ed5bc: ; ImmutableOopMap {}
                      ;*invokestatic cudaMemcpyAsyncNative {reexecute=0 rethrow=0 return_oop=0}
                      ; - jcuda.runtime.JCuda::cudaMemcpyAsync@7 (line 5696)
  0x0000700ccc3ed5bc: 0099 fdff 

  0x0000700ccc3ed5c0: ;   {other}
  0x0000700ccc3ed5c0: 0f1f 8400 | b001 0000 

  0x0000700ccc3ed5c8: ;   {oop(a 'java/lang/Class'{0x000000063382f4d0} = 'jcuda/runtime/JCuda')}
  0x0000700ccc3ed5c8: 49ba d0f4 | 8233 0600 | 0000 410f | b6aa 7d01 | 0000 85ed | 7513 4883 

  0x0000700ccc3ed5e0: ;   {poll_return}
  0x0000700ccc3ed5e0: c420 5d49 | 3ba7 4804 | 0000 0f87 | 2500 0000 | c3be 45ff | ffff 8904 

  0x0000700ccc3ed5f8: ;   {runtime_call UncommonTrapBlob}
  0x0000700ccc3ed5f8: 2466 90e8 

  0x0000700ccc3ed5fc: ; ImmutableOopMap {}
                      ;*ifeq {reexecute=1 rethrow=0 return_oop=0}
                      ; - (reexecute) jcuda.runtime.JCuda::checkResult@3 (line 514)
                      ; - jcuda.runtime.JCuda::cudaMemcpyAsync@10 (line 5696)
  0x0000700ccc3ed5fc: 0059 8cff 

  0x0000700ccc3ed600: ;   {other}
  0x0000700ccc3ed600: 0f1f 8400 | f001 0001 | 488b f048 | 83c4 205d 

  0x0000700ccc3ed610: ;   {runtime_call _rethrow_Java}
  0x0000700ccc3ed610: e96b 4799 

  0x0000700ccc3ed614: ;   {internal_word}
  0x0000700ccc3ed614: ff49 bae3 | d53e cc0c | 7000 004d | 8997 6004 

  0x0000700ccc3ed624: ;   {runtime_call SafepointBlob}
  0x0000700ccc3ed624: 0000 e9d5 

  0x0000700ccc3ed628: ;   {runtime_call StubRoutines (final stubs)}
  0x0000700ccc3ed628: 698c ffe8 | 705e 8aff | e985 ffff | fff4 f4f4 
[Stub Code]
  0x0000700ccc3ed638: ;   {no_reloc}
  0x0000700ccc3ed638: 48bb 0000 | 0000 0000 

  0x0000700ccc3ed640: ;   {runtime_call nmethod}
  0x0000700ccc3ed640: 0000 e9fb 

  0x0000700ccc3ed644: ;   {runtime_call ExceptionBlob}
  0x0000700ccc3ed644: ffff ffe9 | 34c1 98ff 
[Deopt Handler Code]
  0x0000700ccc3ed64c: e800 0000 | 0048 832c 

  0x0000700ccc3ed654: ;   {runtime_call DeoptimizationBlob}
  0x0000700ccc3ed654: 2405 e945 | 5c8c fff4 | f4f4 f4f4 
[/MachCode]


---------------  P R O C E S S  ---------------

Threads class SMR info:
_java_thread_list=0x0000700c281b85d0, length=18, elements={
0x0000700cdc01a0f0, 0x0000700cdc12cca0, 0x0000700cdc12e210, 0x0000700cdc12f9b0,
0x0000700cdc130ff0, 0x0000700cdc132590, 0x0000700cdc134150, 0x0000700cdc135810,
0x0000700cdc149340, 0x0000700c2406edc0, 0x0000700c24070060, 0x0000700cdc17f7c0,
0x0000700cdd670290, 0x0000700c180806d0, 0x0000700c280b3cc0, 0x0000700c280b4f60,
0x0000700b90049f40, 0x0000700c2817b4f0
}

Java Threads: ( => current thread )
=>0x0000700cdc01a0f0 JavaThread "main"                              [_thread_in_native, id=48991, stack(0x0000700ce4300000,0x0000700ce4400000) (1024K)]
  0x0000700cdc12cca0 JavaThread "Reference Handler"          daemon [_thread_blocked, id=48999, stack(0x0000700cbc8fe000,0x0000700cbc9fe000) (1024K)]
  0x0000700cdc12e210 JavaThread "Finalizer"                  daemon [_thread_blocked, id=49000, stack(0x0000700cbc7fe000,0x0000700cbc8fe000) (1024K)]
  0x0000700cdc12f9b0 JavaThread "Signal Dispatcher"          daemon [_thread_blocked, id=49001, stack(0x0000700cbc6fe000,0x0000700cbc7fe000) (1024K)]
  0x0000700cdc130ff0 JavaThread "Service Thread"             daemon [_thread_blocked, id=49002, stack(0x0000700cbc5fe000,0x0000700cbc6fe000) (1024K)]
  0x0000700cdc132590 JavaThread "Monitor Deflation Thread"   daemon [_thread_blocked, id=49003, stack(0x0000700cbc4fe000,0x0000700cbc5fe000) (1024K)]
  0x0000700cdc134150 JavaThread "C2 CompilerThread0"         daemon [_thread_blocked, id=49004, stack(0x0000700cbc3fe000,0x0000700cbc4fe000) (1024K)]
  0x0000700cdc135810 JavaThread "C1 CompilerThread0"         daemon [_thread_blocked, id=49005, stack(0x0000700cbc2fe000,0x0000700cbc3fe000) (1024K)]
  0x0000700cdc149340 JavaThread "Common-Cleaner"             daemon [_thread_blocked, id=49006, stack(0x0000700cbc1fe000,0x0000700cbc2fe000) (1024K)]
  0x0000700c2406edc0 JavaThread "C1 CompilerThread1"         daemon [_thread_blocked, id=49007, stack(0x0000700cbc0fe000,0x0000700cbc1fe000) (1024K)]
  0x0000700c24070060 JavaThread "C1 CompilerThread2"         daemon [_thread_blocked, id=49008, stack(0x0000700cb5100000,0x0000700cb5200000) (1024K)]
  0x0000700cdc17f7c0 JavaThread "Notification Thread"        daemon [_thread_blocked, id=49009, stack(0x0000700cb5000000,0x0000700cb5100000) (1024K)]
  0x0000700cdd670290 JavaThread "pool-1-thread-1"            daemon [_thread_blocked, id=49015, stack(0x0000700cb4f00000,0x0000700cb5000000) (1024K)]
  0x0000700c180806d0 JavaThread "C1 CompilerThread3"         daemon [_thread_blocked, id=49016, stack(0x0000700cb4e00000,0x0000700cb4f00000) (1024K)]
  0x0000700c280b3cc0 JavaThread "C2 CompilerThread1"         daemon [_thread_in_native, id=49017, stack(0x0000700cb4700000,0x0000700cb4800000) (1024K)]
  0x0000700c280b4f60 JavaThread "C2 CompilerThread2"         daemon [_thread_blocked, id=49018, stack(0x0000700cb4100000,0x0000700cb4200000) (1024K)]
  0x0000700b90049f40 JavaThread "C2 CompilerThread3"         daemon [_thread_blocked, id=49019, stack(0x0000700cb4000000,0x0000700cb4100000) (1024K)]
  0x0000700c2817b4f0 JavaThread "C2 CompilerThread4"         daemon [_thread_blocked, id=49020, stack(0x0000700caa300000,0x0000700caa400000) (1024K)]
Total: 18

Other Threads:
  0x0000700cdc1238a0 VMThread "VM Thread"                           [id=48998, stack(0x0000700cbc9ff000,0x0000700cbcaff000) (1024K)]
  0x0000700cdc1112b0 WatcherThread "VM Periodic Task Thread"        [id=48997, stack(0x0000700cbcb00000,0x0000700cbcc00000) (1024K)]
  0x0000700cdc045460 WorkerThread "GC Thread#0"                     [id=48992, stack(0x0000700ce2f65000,0x0000700ce3065000) (1024K)]
  0x0000700c4c008d60 WorkerThread "GC Thread#1"                     [id=49021, stack(0x0000700ca9900000,0x0000700ca9a00000) (1024K)]
  0x0000700c4c009790 WorkerThread "GC Thread#2"                     [id=49022, stack(0x0000700ca8700000,0x0000700ca8800000) (1024K)]
  0x0000700c4c00a1e0 WorkerThread "GC Thread#3"                     [id=49023, stack(0x0000700ca85ff000,0x0000700ca86ff000) (1024K)]
  0x0000700c4c00ad30 WorkerThread "GC Thread#4"                     [id=49024, stack(0x0000700ca84fe000,0x0000700ca85fe000) (1024K)]
  0x0000700c4c00b880 WorkerThread "GC Thread#5"                     [id=49025, stack(0x0000700ca8100000,0x0000700ca8200000) (1024K)]
  0x0000700c4c00c400 WorkerThread "GC Thread#6"                     [id=49026, stack(0x0000700c5ef00000,0x0000700c5f000000) (1024K)]
  0x0000700c4c00cf80 WorkerThread "GC Thread#7"                     [id=49027, stack(0x0000700c5e500000,0x0000700c5e600000) (1024K)]
  0x0000700c4c00db00 WorkerThread "GC Thread#8"                     [id=49028, stack(0x0000700c5d300000,0x0000700c5d400000) (1024K)]
  0x0000700c4c00e6a0 WorkerThread "GC Thread#9"                     [id=49029, stack(0x0000700c5c900000,0x0000700c5ca00000) (1024K)]
  0x0000700c4c00f240 WorkerThread "GC Thread#10"                    [id=49030, stack(0x0000700c5c7ff000,0x0000700c5c8ff000) (1024K)]
  0x0000700cdc055f60 ConcurrentGCThread "G1 Main Marker"            [id=48993, stack(0x0000700ce0f00000,0x0000700ce1000000) (1024K)]
  0x0000700cdc056f10 WorkerThread "G1 Conc#0"                       [id=48994, stack(0x0000700ce0dff000,0x0000700ce0eff000) (1024K)]
  0x0000700cdc0feb20 ConcurrentGCThread "G1 Refine#0"               [id=48995, stack(0x0000700cdbf00000,0x0000700cdc000000) (1024K)]
  0x0000700cdc0ffae0 ConcurrentGCThread "G1 Service"                [id=48996, stack(0x0000700cc4700000,0x0000700cc4800000) (1024K)]
Total: 17

Threads with active compile tasks:
C2 CompilerThread1  477  723       4       JCudaWrapper.array.DArray::subArray (29 bytes)
Total: 1

VM state: not at safepoint (normal execution)

VM Mutex/Monitor currently owned by a thread: None

Heap address: 0x0000000616800000, size: 7832 MB, Compressed Oops mode: Zero based, Oop shift amount: 3

CDS archive(s) mapped at: [0x0000700c5f000000-0x0000700c5fc97000-0x0000700c5fc97000), size 13201408, SharedBaseAddress: 0x0000700c5f000000, ArchiveRelocationMode: 1.
Compressed class space mapped at: 0x0000700c60000000-0x0000700ca0000000, reserved size: 1073741824
Narrow klass base: 0x0000700c5f000000, Narrow klass shift: 0, Narrow klass range: 0x100000000

GC Precious Log:
 CardTable entry size: 512
 Card Set container configuration: InlinePtr #cards 4 size 8 Array Of Cards #cards 32 size 80 Howl #buckets 8 coarsen threshold 7372 Howl Bitmap #cards 1024 size 144 coarsen threshold 921 Card regions per heap region 1 cards per card region 8192
 CPUs: 16 total, 16 available
 Memory: 31322M
 Large Page Support: Disabled
 NUMA Support: Disabled
 Compressed Oops: Enabled (Zero based)
 Heap Region Size: 4M
 Heap Min Capacity: 8M
 Heap Initial Capacity: 492M
 Heap Max Capacity: 7832M
 Pre-touch: Disabled
 Parallel Workers: 13
 Concurrent Workers: 3
 Concurrent Refinement Workers: 13
 Periodic GC: Disabled

Heap:
 garbage-first heap   total 507904K, used 4980K [0x0000000616800000, 0x0000000800000000)
  region size 4096K, 2 young (8192K), 1 survivors (4096K)
 Metaspace       used 1537K, committed 1600K, reserved 1114112K
  class space    used 91K, committed 128K, reserved 1048576K

Heap Regions: E=young(eden), S=young(survivor), O=old, HS=humongous(starts), HC=humongous(continues), CS=collection set, F=free, TAMS=top-at-mark-start, PB=parsable bottom
|   0|0x0000000616800000, 0x0000000616800000, 0x0000000616c00000|  0%| F|  |TAMS 0x0000000616800000| PB 0x0000000616800000| Untracked 
|   1|0x0000000616c00000, 0x0000000616c00000, 0x0000000617000000|  0%| F|  |TAMS 0x0000000616c00000| PB 0x0000000616c00000| Untracked 
|   2|0x0000000617000000, 0x0000000617000000, 0x0000000617400000|  0%| F|  |TAMS 0x0000000617000000| PB 0x0000000617000000| Untracked 
|   3|0x0000000617400000, 0x0000000617400000, 0x0000000617800000|  0%| F|  |TAMS 0x0000000617400000| PB 0x0000000617400000| Untracked 
|   4|0x0000000617800000, 0x0000000617800000, 0x0000000617c00000|  0%| F|  |TAMS 0x0000000617800000| PB 0x0000000617800000| Untracked 
|   5|0x0000000617c00000, 0x0000000617c00000, 0x0000000618000000|  0%| F|  |TAMS 0x0000000617c00000| PB 0x0000000617c00000| Untracked 
|   6|0x0000000618000000, 0x0000000618000000, 0x0000000618400000|  0%| F|  |TAMS 0x0000000618000000| PB 0x0000000618000000| Untracked 
|   7|0x0000000618400000, 0x0000000618400000, 0x0000000618800000|  0%| F|  |TAMS 0x0000000618400000| PB 0x0000000618400000| Untracked 
|   8|0x0000000618800000, 0x0000000618800000, 0x0000000618c00000|  0%| F|  |TAMS 0x0000000618800000| PB 0x0000000618800000| Untracked 
|   9|0x0000000618c00000, 0x0000000618c00000, 0x0000000619000000|  0%| F|  |TAMS 0x0000000618c00000| PB 0x0000000618c00000| Untracked 
|  10|0x0000000619000000, 0x0000000619000000, 0x0000000619400000|  0%| F|  |TAMS 0x0000000619000000| PB 0x0000000619000000| Untracked 
|  11|0x0000000619400000, 0x0000000619400000, 0x0000000619800000|  0%| F|  |TAMS 0x0000000619400000| PB 0x0000000619400000| Untracked 
|  12|0x0000000619800000, 0x0000000619800000, 0x0000000619c00000|  0%| F|  |TAMS 0x0000000619800000| PB 0x0000000619800000| Untracked 
|  13|0x0000000619c00000, 0x0000000619c00000, 0x000000061a000000|  0%| F|  |TAMS 0x0000000619c00000| PB 0x0000000619c00000| Untracked 
|  14|0x000000061a000000, 0x000000061a000000, 0x000000061a400000|  0%| F|  |TAMS 0x000000061a000000| PB 0x000000061a000000| Untracked 
|  15|0x000000061a400000, 0x000000061a400000, 0x000000061a800000|  0%| F|  |TAMS 0x000000061a400000| PB 0x000000061a400000| Untracked 
|  16|0x000000061a800000, 0x000000061a800000, 0x000000061ac00000|  0%| F|  |TAMS 0x000000061a800000| PB 0x000000061a800000| Untracked 
|  17|0x000000061ac00000, 0x000000061ac00000, 0x000000061b000000|  0%| F|  |TAMS 0x000000061ac00000| PB 0x000000061ac00000| Untracked 
|  18|0x000000061b000000, 0x000000061b000000, 0x000000061b400000|  0%| F|  |TAMS 0x000000061b000000| PB 0x000000061b000000| Untracked 
|  19|0x000000061b400000, 0x000000061b400000, 0x000000061b800000|  0%| F|  |TAMS 0x000000061b400000| PB 0x000000061b400000| Untracked 
|  20|0x000000061b800000, 0x000000061b800000, 0x000000061bc00000|  0%| F|  |TAMS 0x000000061b800000| PB 0x000000061b800000| Untracked 
|  21|0x000000061bc00000, 0x000000061bc00000, 0x000000061c000000|  0%| F|  |TAMS 0x000000061bc00000| PB 0x000000061bc00000| Untracked 
|  22|0x000000061c000000, 0x000000061c000000, 0x000000061c400000|  0%| F|  |TAMS 0x000000061c000000| PB 0x000000061c000000| Untracked 
|  23|0x000000061c400000, 0x000000061c400000, 0x000000061c800000|  0%| F|  |TAMS 0x000000061c400000| PB 0x000000061c400000| Untracked 
|  24|0x000000061c800000, 0x000000061c800000, 0x000000061cc00000|  0%| F|  |TAMS 0x000000061c800000| PB 0x000000061c800000| Untracked 
|  25|0x000000061cc00000, 0x000000061cc00000, 0x000000061d000000|  0%| F|  |TAMS 0x000000061cc00000| PB 0x000000061cc00000| Untracked 
|  26|0x000000061d000000, 0x000000061d000000, 0x000000061d400000|  0%| F|  |TAMS 0x000000061d000000| PB 0x000000061d000000| Untracked 
|  27|0x000000061d400000, 0x000000061d400000, 0x000000061d800000|  0%| F|  |TAMS 0x000000061d400000| PB 0x000000061d400000| Untracked 
|  28|0x000000061d800000, 0x000000061d800000, 0x000000061dc00000|  0%| F|  |TAMS 0x000000061d800000| PB 0x000000061d800000| Untracked 
|  29|0x000000061dc00000, 0x000000061dc00000, 0x000000061e000000|  0%| F|  |TAMS 0x000000061dc00000| PB 0x000000061dc00000| Untracked 
|  30|0x000000061e000000, 0x000000061e000000, 0x000000061e400000|  0%| F|  |TAMS 0x000000061e000000| PB 0x000000061e000000| Untracked 
|  31|0x000000061e400000, 0x000000061e400000, 0x000000061e800000|  0%| F|  |TAMS 0x000000061e400000| PB 0x000000061e400000| Untracked 
|  32|0x000000061e800000, 0x000000061e800000, 0x000000061ec00000|  0%| F|  |TAMS 0x000000061e800000| PB 0x000000061e800000| Untracked 
|  33|0x000000061ec00000, 0x000000061ec00000, 0x000000061f000000|  0%| F|  |TAMS 0x000000061ec00000| PB 0x000000061ec00000| Untracked 
|  34|0x000000061f000000, 0x000000061f000000, 0x000000061f400000|  0%| F|  |TAMS 0x000000061f000000| PB 0x000000061f000000| Untracked 
|  35|0x000000061f400000, 0x000000061f400000, 0x000000061f800000|  0%| F|  |TAMS 0x000000061f400000| PB 0x000000061f400000| Untracked 
|  36|0x000000061f800000, 0x000000061f800000, 0x000000061fc00000|  0%| F|  |TAMS 0x000000061f800000| PB 0x000000061f800000| Untracked 
|  37|0x000000061fc00000, 0x000000061fc00000, 0x0000000620000000|  0%| F|  |TAMS 0x000000061fc00000| PB 0x000000061fc00000| Untracked 
|  38|0x0000000620000000, 0x0000000620000000, 0x0000000620400000|  0%| F|  |TAMS 0x0000000620000000| PB 0x0000000620000000| Untracked 
|  39|0x0000000620400000, 0x0000000620400000, 0x0000000620800000|  0%| F|  |TAMS 0x0000000620400000| PB 0x0000000620400000| Untracked 
|  40|0x0000000620800000, 0x0000000620800000, 0x0000000620c00000|  0%| F|  |TAMS 0x0000000620800000| PB 0x0000000620800000| Untracked 
|  41|0x0000000620c00000, 0x0000000620c00000, 0x0000000621000000|  0%| F|  |TAMS 0x0000000620c00000| PB 0x0000000620c00000| Untracked 
|  42|0x0000000621000000, 0x0000000621000000, 0x0000000621400000|  0%| F|  |TAMS 0x0000000621000000| PB 0x0000000621000000| Untracked 
|  43|0x0000000621400000, 0x0000000621400000, 0x0000000621800000|  0%| F|  |TAMS 0x0000000621400000| PB 0x0000000621400000| Untracked 
|  44|0x0000000621800000, 0x0000000621800000, 0x0000000621c00000|  0%| F|  |TAMS 0x0000000621800000| PB 0x0000000621800000| Untracked 
|  45|0x0000000621c00000, 0x0000000621c00000, 0x0000000622000000|  0%| F|  |TAMS 0x0000000621c00000| PB 0x0000000621c00000| Untracked 
|  46|0x0000000622000000, 0x0000000622000000, 0x0000000622400000|  0%| F|  |TAMS 0x0000000622000000| PB 0x0000000622000000| Untracked 
|  47|0x0000000622400000, 0x0000000622400000, 0x0000000622800000|  0%| F|  |TAMS 0x0000000622400000| PB 0x0000000622400000| Untracked 
|  48|0x0000000622800000, 0x0000000622800000, 0x0000000622c00000|  0%| F|  |TAMS 0x0000000622800000| PB 0x0000000622800000| Untracked 
|  49|0x0000000622c00000, 0x0000000622c00000, 0x0000000623000000|  0%| F|  |TAMS 0x0000000622c00000| PB 0x0000000622c00000| Untracked 
|  50|0x0000000623000000, 0x0000000623000000, 0x0000000623400000|  0%| F|  |TAMS 0x0000000623000000| PB 0x0000000623000000| Untracked 
|  51|0x0000000623400000, 0x0000000623400000, 0x0000000623800000|  0%| F|  |TAMS 0x0000000623400000| PB 0x0000000623400000| Untracked 
|  52|0x0000000623800000, 0x0000000623800000, 0x0000000623c00000|  0%| F|  |TAMS 0x0000000623800000| PB 0x0000000623800000| Untracked 
|  53|0x0000000623c00000, 0x0000000623c00000, 0x0000000624000000|  0%| F|  |TAMS 0x0000000623c00000| PB 0x0000000623c00000| Untracked 
|  54|0x0000000624000000, 0x0000000624000000, 0x0000000624400000|  0%| F|  |TAMS 0x0000000624000000| PB 0x0000000624000000| Untracked 
|  55|0x0000000624400000, 0x0000000624400000, 0x0000000624800000|  0%| F|  |TAMS 0x0000000624400000| PB 0x0000000624400000| Untracked 
|  56|0x0000000624800000, 0x0000000624800000, 0x0000000624c00000|  0%| F|  |TAMS 0x0000000624800000| PB 0x0000000624800000| Untracked 
|  57|0x0000000624c00000, 0x0000000624c00000, 0x0000000625000000|  0%| F|  |TAMS 0x0000000624c00000| PB 0x0000000624c00000| Untracked 
|  58|0x0000000625000000, 0x0000000625000000, 0x0000000625400000|  0%| F|  |TAMS 0x0000000625000000| PB 0x0000000625000000| Untracked 
|  59|0x0000000625400000, 0x0000000625400000, 0x0000000625800000|  0%| F|  |TAMS 0x0000000625400000| PB 0x0000000625400000| Untracked 
|  60|0x0000000625800000, 0x0000000625800000, 0x0000000625c00000|  0%| F|  |TAMS 0x0000000625800000| PB 0x0000000625800000| Untracked 
|  61|0x0000000625c00000, 0x0000000625c00000, 0x0000000626000000|  0%| F|  |TAMS 0x0000000625c00000| PB 0x0000000625c00000| Untracked 
|  62|0x0000000626000000, 0x0000000626000000, 0x0000000626400000|  0%| F|  |TAMS 0x0000000626000000| PB 0x0000000626000000| Untracked 
|  63|0x0000000626400000, 0x0000000626400000, 0x0000000626800000|  0%| F|  |TAMS 0x0000000626400000| PB 0x0000000626400000| Untracked 
|  64|0x0000000626800000, 0x0000000626800000, 0x0000000626c00000|  0%| F|  |TAMS 0x0000000626800000| PB 0x0000000626800000| Untracked 
|  65|0x0000000626c00000, 0x0000000626c00000, 0x0000000627000000|  0%| F|  |TAMS 0x0000000626c00000| PB 0x0000000626c00000| Untracked 
|  66|0x0000000627000000, 0x0000000627000000, 0x0000000627400000|  0%| F|  |TAMS 0x0000000627000000| PB 0x0000000627000000| Untracked 
|  67|0x0000000627400000, 0x0000000627400000, 0x0000000627800000|  0%| F|  |TAMS 0x0000000627400000| PB 0x0000000627400000| Untracked 
|  68|0x0000000627800000, 0x0000000627800000, 0x0000000627c00000|  0%| F|  |TAMS 0x0000000627800000| PB 0x0000000627800000| Untracked 
|  69|0x0000000627c00000, 0x0000000627c00000, 0x0000000628000000|  0%| F|  |TAMS 0x0000000627c00000| PB 0x0000000627c00000| Untracked 
|  70|0x0000000628000000, 0x0000000628000000, 0x0000000628400000|  0%| F|  |TAMS 0x0000000628000000| PB 0x0000000628000000| Untracked 
|  71|0x0000000628400000, 0x0000000628400000, 0x0000000628800000|  0%| F|  |TAMS 0x0000000628400000| PB 0x0000000628400000| Untracked 
|  72|0x0000000628800000, 0x0000000628800000, 0x0000000628c00000|  0%| F|  |TAMS 0x0000000628800000| PB 0x0000000628800000| Untracked 
|  73|0x0000000628c00000, 0x0000000628c00000, 0x0000000629000000|  0%| F|  |TAMS 0x0000000628c00000| PB 0x0000000628c00000| Untracked 
|  74|0x0000000629000000, 0x0000000629000000, 0x0000000629400000|  0%| F|  |TAMS 0x0000000629000000| PB 0x0000000629000000| Untracked 
|  75|0x0000000629400000, 0x0000000629400000, 0x0000000629800000|  0%| F|  |TAMS 0x0000000629400000| PB 0x0000000629400000| Untracked 
|  76|0x0000000629800000, 0x0000000629800000, 0x0000000629c00000|  0%| F|  |TAMS 0x0000000629800000| PB 0x0000000629800000| Untracked 
|  77|0x0000000629c00000, 0x0000000629c00000, 0x000000062a000000|  0%| F|  |TAMS 0x0000000629c00000| PB 0x0000000629c00000| Untracked 
|  78|0x000000062a000000, 0x000000062a000000, 0x000000062a400000|  0%| F|  |TAMS 0x000000062a000000| PB 0x000000062a000000| Untracked 
|  79|0x000000062a400000, 0x000000062a400000, 0x000000062a800000|  0%| F|  |TAMS 0x000000062a400000| PB 0x000000062a400000| Untracked 
|  80|0x000000062a800000, 0x000000062a800000, 0x000000062ac00000|  0%| F|  |TAMS 0x000000062a800000| PB 0x000000062a800000| Untracked 
|  81|0x000000062ac00000, 0x000000062ac00000, 0x000000062b000000|  0%| F|  |TAMS 0x000000062ac00000| PB 0x000000062ac00000| Untracked 
|  82|0x000000062b000000, 0x000000062b000000, 0x000000062b400000|  0%| F|  |TAMS 0x000000062b000000| PB 0x000000062b000000| Untracked 
|  83|0x000000062b400000, 0x000000062b400000, 0x000000062b800000|  0%| F|  |TAMS 0x000000062b400000| PB 0x000000062b400000| Untracked 
|  84|0x000000062b800000, 0x000000062b800000, 0x000000062bc00000|  0%| F|  |TAMS 0x000000062b800000| PB 0x000000062b800000| Untracked 
|  85|0x000000062bc00000, 0x000000062bc00000, 0x000000062c000000|  0%| F|  |TAMS 0x000000062bc00000| PB 0x000000062bc00000| Untracked 
|  86|0x000000062c000000, 0x000000062c000000, 0x000000062c400000|  0%| F|  |TAMS 0x000000062c000000| PB 0x000000062c000000| Untracked 
|  87|0x000000062c400000, 0x000000062c400000, 0x000000062c800000|  0%| F|  |TAMS 0x000000062c400000| PB 0x000000062c400000| Untracked 
|  88|0x000000062c800000, 0x000000062c800000, 0x000000062cc00000|  0%| F|  |TAMS 0x000000062c800000| PB 0x000000062c800000| Untracked 
|  89|0x000000062cc00000, 0x000000062cc00000, 0x000000062d000000|  0%| F|  |TAMS 0x000000062cc00000| PB 0x000000062cc00000| Untracked 
|  90|0x000000062d000000, 0x000000062d000000, 0x000000062d400000|  0%| F|  |TAMS 0x000000062d000000| PB 0x000000062d000000| Untracked 
|  91|0x000000062d400000, 0x000000062d400000, 0x000000062d800000|  0%| F|  |TAMS 0x000000062d400000| PB 0x000000062d400000| Untracked 
|  92|0x000000062d800000, 0x000000062d800000, 0x000000062dc00000|  0%| F|  |TAMS 0x000000062d800000| PB 0x000000062d800000| Untracked 
|  93|0x000000062dc00000, 0x000000062dc00000, 0x000000062e000000|  0%| F|  |TAMS 0x000000062dc00000| PB 0x000000062dc00000| Untracked 
|  94|0x000000062e000000, 0x000000062e000000, 0x000000062e400000|  0%| F|  |TAMS 0x000000062e000000| PB 0x000000062e000000| Untracked 
|  95|0x000000062e400000, 0x000000062e400000, 0x000000062e800000|  0%| F|  |TAMS 0x000000062e400000| PB 0x000000062e400000| Untracked 
|  96|0x000000062e800000, 0x000000062e800000, 0x000000062ec00000|  0%| F|  |TAMS 0x000000062e800000| PB 0x000000062e800000| Untracked 
|  97|0x000000062ec00000, 0x000000062ec00000, 0x000000062f000000|  0%| F|  |TAMS 0x000000062ec00000| PB 0x000000062ec00000| Untracked 
|  98|0x000000062f000000, 0x000000062f000000, 0x000000062f400000|  0%| F|  |TAMS 0x000000062f000000| PB 0x000000062f000000| Untracked 
|  99|0x000000062f400000, 0x000000062f400000, 0x000000062f800000|  0%| F|  |TAMS 0x000000062f400000| PB 0x000000062f400000| Untracked 
| 100|0x000000062f800000, 0x000000062f800000, 0x000000062fc00000|  0%| F|  |TAMS 0x000000062f800000| PB 0x000000062f800000| Untracked 
| 101|0x000000062fc00000, 0x000000062fc00000, 0x0000000630000000|  0%| F|  |TAMS 0x000000062fc00000| PB 0x000000062fc00000| Untracked 
| 102|0x0000000630000000, 0x0000000630000000, 0x0000000630400000|  0%| F|  |TAMS 0x0000000630000000| PB 0x0000000630000000| Untracked 
| 103|0x0000000630400000, 0x0000000630400000, 0x0000000630800000|  0%| F|  |TAMS 0x0000000630400000| PB 0x0000000630400000| Untracked 
| 104|0x0000000630800000, 0x0000000630800000, 0x0000000630c00000|  0%| F|  |TAMS 0x0000000630800000| PB 0x0000000630800000| Untracked 
| 105|0x0000000630c00000, 0x0000000630c00000, 0x0000000631000000|  0%| F|  |TAMS 0x0000000630c00000| PB 0x0000000630c00000| Untracked 
| 106|0x0000000631000000, 0x0000000631000000, 0x0000000631400000|  0%| F|  |TAMS 0x0000000631000000| PB 0x0000000631000000| Untracked 
| 107|0x0000000631400000, 0x0000000631400000, 0x0000000631800000|  0%| F|  |TAMS 0x0000000631400000| PB 0x0000000631400000| Untracked 
| 108|0x0000000631800000, 0x0000000631800000, 0x0000000631c00000|  0%| F|  |TAMS 0x0000000631800000| PB 0x0000000631800000| Untracked 
| 109|0x0000000631c00000, 0x0000000631c00000, 0x0000000632000000|  0%| F|  |TAMS 0x0000000631c00000| PB 0x0000000631c00000| Untracked 
| 110|0x0000000632000000, 0x0000000632000000, 0x0000000632400000|  0%| F|  |TAMS 0x0000000632000000| PB 0x0000000632000000| Untracked 
| 111|0x0000000632400000, 0x0000000632400000, 0x0000000632800000|  0%| F|  |TAMS 0x0000000632400000| PB 0x0000000632400000| Untracked 
| 112|0x0000000632800000, 0x0000000632800000, 0x0000000632c00000|  0%| F|  |TAMS 0x0000000632800000| PB 0x0000000632800000| Untracked 
| 113|0x0000000632c00000, 0x0000000632c00000, 0x0000000633000000|  0%| F|  |TAMS 0x0000000632c00000| PB 0x0000000632c00000| Untracked 
| 114|0x0000000633000000, 0x0000000633000000, 0x0000000633400000|  0%| F|  |TAMS 0x0000000633000000| PB 0x0000000633000000| Untracked 
| 115|0x0000000633400000, 0x0000000633400000, 0x0000000633800000|  0%| F|  |TAMS 0x0000000633400000| PB 0x0000000633400000| Untracked 
| 116|0x0000000633800000, 0x0000000633bd0ca8, 0x0000000633c00000| 95%| S|CS|TAMS 0x0000000633800000| PB 0x0000000633800000| Complete 
| 117|0x0000000633c00000, 0x0000000633c00000, 0x0000000634000000|  0%| F|  |TAMS 0x0000000633c00000| PB 0x0000000633c00000| Untracked 
| 118|0x0000000634000000, 0x0000000634000000, 0x0000000634400000|  0%| F|  |TAMS 0x0000000634000000| PB 0x0000000634000000| Untracked 
| 119|0x0000000634400000, 0x0000000634400000, 0x0000000634800000|  0%| F|  |TAMS 0x0000000634400000| PB 0x0000000634400000| Untracked 
| 120|0x0000000634800000, 0x0000000634800000, 0x0000000634c00000|  0%| F|  |TAMS 0x0000000634800000| PB 0x0000000634800000| Untracked 
| 121|0x0000000634c00000, 0x0000000634c00000, 0x0000000635000000|  0%| F|  |TAMS 0x0000000634c00000| PB 0x0000000634c00000| Untracked 
| 122|0x0000000635000000, 0x0000000635114838, 0x0000000635400000| 27%| E|  |TAMS 0x0000000635000000| PB 0x0000000635000000| Complete 
|1957|0x00000007ffc00000, 0x00000007ffd0c710, 0x0000000800000000| 26%| O|  |TAMS 0x00000007ffc00000| PB 0x00000007ffc00000| Untracked 

Card table byte_map: [0x0000700ce1000000,0x0000700ce1f4c000] _byte_map_base: 0x0000700cddf4c000

Marking Bits: (CMBitMap*) 0x0000700cdc045f90
 Bits: [0x0000700cbcc00000, 0x0000700cc4660000)

Polling page: 0x0000700ce5dbc000

Metaspace:

Usage:
  Non-class:      1.41 MB used.
      Class:     91.03 KB used.
       Both:      1.50 MB used.

Virtual space:
  Non-class space:       64.00 MB reserved,       1.44 MB (  2%) committed,  1 nodes.
      Class space:        1.00 GB reserved,     128.00 KB ( <1%) committed,  1 nodes.
             Both:        1.06 GB reserved,       1.56 MB ( <1%) committed. 

Chunk freelists:
   Non-Class:  11.44 MB
       Class:  15.70 MB
        Both:  27.14 MB

MaxMetaspaceSize: unlimited
CompressedClassSpaceSize: 1.00 GB
Initial GC threshold: 21.00 MB
Current GC threshold: 21.00 MB
CDS: on
 - commit_granule_bytes: 65536.
 - commit_granule_words: 8192.
 - virtual_space_node_default_size: 8388608.
 - enlarge_chunks_in_place: 1.
 - use_allocation_guard: 0.


Internal statistics:

num_allocs_failed_limit: 0.
num_arena_births: 24.
num_arena_deaths: 0.
num_vsnodes_births: 2.
num_vsnodes_deaths: 0.
num_space_committed: 25.
num_space_uncommitted: 0.
num_chunks_returned_to_freelist: 0.
num_chunks_taken_from_freelist: 57.
num_chunk_merges: 0.
num_chunk_splits: 36.
num_chunks_enlarged: 27.
num_inconsistent_stats: 0.

CodeHeap 'non-profiled nmethods': size=119168Kb used=454Kb max_used=454Kb free=118713Kb
 bounds [0x0000700ccc3a0000, 0x0000700ccc610000, 0x0000700cd3800000]
CodeHeap 'profiled nmethods': size=119164Kb used=977Kb max_used=977Kb free=118186Kb
 bounds [0x0000700cc4800000, 0x0000700cc4a70000, 0x0000700ccbc5f000]
CodeHeap 'non-nmethods': size=7428Kb used=3125Kb max_used=3169Kb free=4302Kb
 bounds [0x0000700ccbc5f000, 0x0000700ccbf7f000, 0x0000700ccc3a0000]
 total_blobs=1321 nmethods=783 adapters=441
 compilation: enabled
              stopped_count=0, restarted_count=0
 full_count=0

Compilation events (20 events):
Event: 0.389 Thread 0x0000700b90049f40 nmethod 720 0x0000700ccc3f2110 code [0x0000700ccc3f22a0, 0x0000700ccc3f24b0]
Event: 0.389 Thread 0x0000700b90049f40  721       4       java.io.BufferedOutputStream::growIfNeeded (59 bytes)
Event: 0.390 Thread 0x0000700b90049f40 nmethod 721 0x0000700ccc3f2610 code [0x0000700ccc3f27a0, 0x0000700ccc3f2890]
Event: 0.390 Thread 0x0000700b90049f40  722       4       java.nio.ByteBuffer::clear (7 bytes)
Event: 0.390 Thread 0x0000700b90049f40 nmethod 722 0x0000700ccc3f2990 code [0x0000700ccc3f2b00, 0x0000700ccc3f2ba0]
Event: 0.393 Thread 0x0000700c280b4f60 nmethod 718 0x0000700ccc3f2c90 code [0x0000700ccc3f2f80, 0x0000700ccc3f41c0]
Event: 0.410 Thread 0x0000700c2817b4f0 nmethod 715 0x0000700ccc3f4e90 code [0x0000700ccc3f53e0, 0x0000700ccc3f90f0]
Event: 0.418 Thread 0x0000700cdc134150 nmethod 714 0x0000700ccc3fb890 code [0x0000700ccc3fbde0, 0x0000700ccc3ff908]
Event: 0.450 Thread 0x0000700cdc135810  729       3       java.util.concurrent.locks.AbstractQueuedSynchronizer::signalNext (34 bytes)
Event: 0.450 Thread 0x0000700c24070060  730       3       java.util.concurrent.locks.ReentrantLock$Sync::isHeldExclusively (16 bytes)
Event: 0.450 Thread 0x0000700c2406edc0  731       3       java.lang.ref.Reference::enqueueFromPending (19 bytes)
Event: 0.450 Thread 0x0000700c180806d0  732   !   3       java.lang.ref.ReferenceQueue::enqueue (32 bytes)
Event: 0.450 Thread 0x0000700c24070060 nmethod 730 0x0000700cc48e2510 code [0x0000700cc48e26a0, 0x0000700cc48e2830]
Event: 0.450 Thread 0x0000700c2406edc0 nmethod 731 0x0000700cc48e2890 code [0x0000700cc48e2a40, 0x0000700cc48e2c58]
Event: 0.450 Thread 0x0000700cdc135810 nmethod 729 0x0000700cc48e2d10 code [0x0000700cc48e2f00, 0x0000700cc48e3388]
Event: 0.450 Thread 0x0000700c24070060  733       3       java.lang.ref.ReferenceQueue::enqueue0 (98 bytes)
Event: 0.450 Thread 0x0000700cdc135810  734       3       java.lang.ref.ReferenceQueue::signal (10 bytes)
Event: 0.450 Thread 0x0000700c2406edc0  735       3       java.util.concurrent.locks.AbstractQueuedSynchronizer$ConditionObject::signalAll (34 bytes)
Event: 0.451 Thread 0x0000700cdc134150  737       4       java.util.concurrent.locks.ReentrantLock::lock (8 bytes)
Event: 0.451 Thread 0x0000700c280b4f60  738       4       java.util.concurrent.locks.ReentrantLock::unlock (10 bytes)

GC Heap History (2 events):
Event: 0.444 GC heap before
{Heap before GC invocations=0 (full 0):
 garbage-first heap   total 507904K, used 25649K [0x0000000616800000, 0x0000000800000000)
  region size 4096K, 6 young (24576K), 0 survivors (0K)
 Metaspace       used 1503K, committed 1600K, reserved 1114112K
  class space    used 91K, committed 128K, reserved 1048576K
}
Event: 0.450 GC heap after
{Heap after GC invocations=1 (full 0):
 garbage-first heap   total 507904K, used 4980K [0x0000000616800000, 0x0000000800000000)
  region size 4096K, 1 young (4096K), 1 survivors (4096K)
 Metaspace       used 1503K, committed 1600K, reserved 1114112K
  class space    used 91K, committed 128K, reserved 1048576K
}

Dll operation events (7 events):
Event: 0.002 Loaded shared library /usr/lib/jvm/java-21-openjdk-amd64/lib/libjava.so
Event: 0.023 Loaded shared library /usr/lib/jvm/java-21-openjdk-amd64/lib/libjsvml.so
Event: 0.024 Loaded shared library /usr/lib/jvm/java-21-openjdk-amd64/lib/libnio.so
Event: 0.059 Loaded shared library /usr/lib/jvm/java-21-openjdk-amd64/lib/libzip.so
Event: 0.085 Loaded shared library /usr/lib/jvm/java-21-openjdk-amd64/lib/libjimage.so
Event: 0.138 Loaded shared library /tmp/libJCublas2-12.0.0-linux-x86_64.so
Event: 0.226 Loaded shared library /tmp/libJCudaRuntime-12.0.0-linux-x86_64.so

Deoptimization events (20 events):
Event: 0.063 Thread 0x0000700cdc01a0f0 DEOPT UNPACKING pc=0x0000700ccbcb372f sp=0x0000700ce43fc480 mode 0
Event: 0.063 Thread 0x0000700cdc01a0f0 DEOPT PACKING pc=0x0000700cc483754d sp=0x0000700ce43fcff0
Event: 0.063 Thread 0x0000700cdc01a0f0 DEOPT UNPACKING pc=0x0000700ccbcb372f sp=0x0000700ce43fc480 mode 0
Event: 0.063 Thread 0x0000700cdc01a0f0 DEOPT PACKING pc=0x0000700cc483754d sp=0x0000700ce43fcff0
Event: 0.063 Thread 0x0000700cdc01a0f0 DEOPT UNPACKING pc=0x0000700ccbcb372f sp=0x0000700ce43fc480 mode 0
Event: 0.063 Thread 0x0000700cdc01a0f0 DEOPT PACKING pc=0x0000700cc483754d sp=0x0000700ce43fcff0
Event: 0.063 Thread 0x0000700cdc01a0f0 DEOPT UNPACKING pc=0x0000700ccbcb372f sp=0x0000700ce43fc480 mode 0
Event: 0.063 Thread 0x0000700cdc01a0f0 DEOPT PACKING pc=0x0000700cc483754d sp=0x0000700ce43fcff0
Event: 0.063 Thread 0x0000700cdc01a0f0 DEOPT UNPACKING pc=0x0000700ccbcb372f sp=0x0000700ce43fc480 mode 0
Event: 0.064 Thread 0x0000700cdc01a0f0 DEOPT PACKING pc=0x0000700cc483754d sp=0x0000700ce43fcff0
Event: 0.064 Thread 0x0000700cdc01a0f0 DEOPT UNPACKING pc=0x0000700ccbcb372f sp=0x0000700ce43fc480 mode 0
Event: 0.065 Thread 0x0000700cdc01a0f0 DEOPT PACKING pc=0x0000700cc483754d sp=0x0000700ce43fcff0
Event: 0.065 Thread 0x0000700cdc01a0f0 DEOPT UNPACKING pc=0x0000700ccbcb372f sp=0x0000700ce43fc480 mode 0
Event: 0.450 Thread 0x0000700cdc12cca0 Uncommon trap: trap_request=0xffffff45 fr.pc=0x0000700ccc3c8bc0 relative=0x0000000000000040
Event: 0.450 Thread 0x0000700cdc12cca0 Uncommon trap: reason=unstable_if action=reinterpret pc=0x0000700ccc3c8bc0 method=java.util.concurrent.locks.AbstractQueuedSynchronizer.signalNext(Ljava/util/concurrent/locks/AbstractQueuedSynchronizer$Node;)V @ 1 c2
Event: 0.450 Thread 0x0000700cdc12cca0 DEOPT PACKING pc=0x0000700ccc3c8bc0 sp=0x0000700cbc9fc7f0
Event: 0.450 Thread 0x0000700cdc12cca0 DEOPT UNPACKING pc=0x0000700ccbcb2f99 sp=0x0000700cbc9fc7a0 mode 2
Event: 0.451 Thread 0x0000700cdd670290 Uncommon trap: trap_request=0xffffff45 fr.pc=0x0000700ccc3c892c relative=0x000000000000018c
Event: 0.451 Thread 0x0000700cdd670290 Uncommon trap: reason=unstable_if action=reinterpret pc=0x0000700ccc3c892c method=java.util.concurrent.locks.ReentrantLock$NonfairSync.initialTryLock()Z @ 25 c2
Event: 0.451 Thread 0x0000700cdd670290 DEOPT PACKING pc=0x0000700ccc3c892c sp=0x0000700cb4ffe7f0

Classes loaded (20 events):
Event: 0.234 Loading class java/util/function/IntPredicate
Event: 0.234 Loading class java/util/function/IntPredicate done
Event: 0.235 Loading class java/util/stream/MatchOps$MatchKind
Event: 0.235 Loading class java/util/stream/MatchOps$MatchKind done
Event: 0.235 Loading class java/util/stream/MatchOps
Event: 0.235 Loading class java/util/stream/MatchOps done
Event: 0.235 Loading class java/util/stream/MatchOps$MatchOp
Event: 0.235 Loading class java/util/stream/MatchOps$MatchOp done
Event: 0.235 Loading class java/util/stream/MatchOps$BooleanTerminalSink
Event: 0.235 Loading class java/util/stream/MatchOps$BooleanTerminalSink done
Event: 0.236 Loading class java/util/stream/MatchOps$2MatchSink
Event: 0.236 Loading class java/util/stream/Sink$OfInt
Event: 0.236 Loading class java/util/stream/Sink$OfInt done
Event: 0.236 Loading class java/util/stream/MatchOps$2MatchSink done
Event: 0.237 Loading class java/util/stream/MatchOps$1MatchSink
Event: 0.237 Loading class java/util/stream/MatchOps$1MatchSink done
Event: 0.241 Loading class java/nio/HeapDoubleBuffer
Event: 0.242 Loading class java/nio/HeapDoubleBuffer done
Event: 0.297 Loading class java/lang/foreign/MemorySegment
Event: 0.297 Loading class java/lang/foreign/MemorySegment done

Classes unloaded (0 events):
No events

Classes redefined (0 events):
No events

Internal exceptions (8 events):
Event: 0.045 Thread 0x0000700cdc01a0f0 Exception <a 'sun/nio/fs/UnixException'{0x0000000635073bc0}> (0x0000000635073bc0) 
thrown [./src/hotspot/share/prims/jni.cpp, line 520]
Event: 0.045 Thread 0x0000700cdc01a0f0 Exception <a 'sun/nio/fs/UnixException'{0x0000000635074330}> (0x0000000635074330) 
thrown [./src/hotspot/share/prims/jni.cpp, line 520]
Event: 0.045 Thread 0x0000700cdc01a0f0 Exception <a 'sun/nio/fs/UnixException'{0x0000000635074b60}> (0x0000000635074b60) 
thrown [./src/hotspot/share/prims/jni.cpp, line 520]
Event: 0.045 Thread 0x0000700cdc01a0f0 Exception <a 'sun/nio/fs/UnixException'{0x0000000635075158}> (0x0000000635075158) 
thrown [./src/hotspot/share/prims/jni.cpp, line 520]
Event: 0.045 Thread 0x0000700cdc01a0f0 Exception <a 'sun/nio/fs/UnixException'{0x0000000635075728}> (0x0000000635075728) 
thrown [./src/hotspot/share/prims/jni.cpp, line 520]
Event: 0.046 Thread 0x0000700cdc01a0f0 Exception <a 'sun/nio/fs/UnixException'{0x0000000635075d08}> (0x0000000635075d08) 
thrown [./src/hotspot/share/prims/jni.cpp, line 520]
Event: 0.046 Thread 0x0000700cdc01a0f0 Exception <a 'sun/nio/fs/UnixException'{0x0000000635076558}> (0x0000000635076558) 
thrown [./src/hotspot/share/prims/jni.cpp, line 520]
Event: 0.232 Thread 0x0000700cdc01a0f0 Exception <a 'java/lang/NoSuchMethodError'{0x0000000634cf3c70}: 'void java.lang.invoke.DirectMethodHandle$Holder.invokeStatic(java.lang.Object, java.lang.Object)'> (0x0000000634cf3c70) 
thrown [./src/hotspot/share/interpreter/linkResolver.cpp, line 772]

ZGC Phase Switch (0 events):
No events

VM Operations (4 events):
Event: 0.047 Executing VM operation: HandshakeAllThreads (Deoptimize)
Event: 0.047 Executing VM operation: HandshakeAllThreads (Deoptimize) done
Event: 0.444 Executing VM operation: G1CollectForAllocation (G1 Evacuation Pause)
Event: 0.450 Executing VM operation: G1CollectForAllocation (G1 Evacuation Pause) done

Memory protections (20 events):
Event: 0.002 Protecting memory [0x0000700ce4300000,0x0000700ce4304000] with protection modes 0
Event: 0.021 Protecting memory [0x0000700cbc8fe000,0x0000700cbc902000] with protection modes 0
Event: 0.021 Protecting memory [0x0000700cbc7fe000,0x0000700cbc802000] with protection modes 0
Event: 0.021 Protecting memory [0x0000700cbc6fe000,0x0000700cbc702000] with protection modes 0
Event: 0.022 Protecting memory [0x0000700cbc5fe000,0x0000700cbc602000] with protection modes 0
Event: 0.022 Protecting memory [0x0000700cbc4fe000,0x0000700cbc502000] with protection modes 0
Event: 0.022 Protecting memory [0x0000700cbc3fe000,0x0000700cbc402000] with protection modes 0
Event: 0.022 Protecting memory [0x0000700cbc2fe000,0x0000700cbc302000] with protection modes 0
Event: 0.037 Protecting memory [0x0000700cbc1fe000,0x0000700cbc202000] with protection modes 0
Event: 0.043 Protecting memory [0x0000700cbc0fe000,0x0000700cbc102000] with protection modes 0
Event: 0.044 Protecting memory [0x0000700cb5100000,0x0000700cb5104000] with protection modes 0
Event: 0.055 Protecting memory [0x0000700cb5000000,0x0000700cb5004000] with protection modes 0
Event: 0.058 Protecting memory [0x0000700cb4f00000,0x0000700cb4f04000] with protection modes 0
Event: 0.064 Protecting memory [0x0000700cb4e00000,0x0000700cb4e04000] with protection modes 0
Event: 0.233 Protecting memory [0x0000700cb4f00000,0x0000700cb4f04000] with protection modes 0
Event: 0.260 Protecting memory [0x0000700cb4e00000,0x0000700cb4e04000] with protection modes 0
Event: 0.278 Protecting memory [0x0000700cb4700000,0x0000700cb4704000] with protection modes 0
Event: 0.278 Protecting memory [0x0000700cb4100000,0x0000700cb4104000] with protection modes 0
Event: 0.286 Protecting memory [0x0000700cb4000000,0x0000700cb4004000] with protection modes 0
Event: 0.358 Protecting memory [0x0000700caa300000,0x0000700caa304000] with protection modes 0

Nmethod flushes (0 events):
No events

Events (20 events):
Event: 0.021 Thread 0x0000700cdc01a0f0 Thread added: 0x0000700cdc12e210
Event: 0.021 Thread 0x0000700cdc01a0f0 Thread added: 0x0000700cdc12f9b0
Event: 0.022 Thread 0x0000700cdc01a0f0 Thread added: 0x0000700cdc130ff0
Event: 0.022 Thread 0x0000700cdc01a0f0 Thread added: 0x0000700cdc132590
Event: 0.022 Thread 0x0000700cdc01a0f0 Thread added: 0x0000700cdc134150
Event: 0.022 Thread 0x0000700cdc01a0f0 Thread added: 0x0000700cdc135810
Event: 0.037 Thread 0x0000700cdc01a0f0 Thread added: 0x0000700cdc149340
Event: 0.043 Thread 0x0000700cdc135810 Thread added: 0x0000700c2406edc0
Event: 0.044 Thread 0x0000700cdc135810 Thread added: 0x0000700c24070060
Event: 0.055 Thread 0x0000700cdc01a0f0 Thread added: 0x0000700cdc17f7c0
Event: 0.057 Thread 0x0000700cdc135810 Thread added: 0x0000700c2409aba0
Event: 0.064 Thread 0x0000700c2409aba0 Thread added: 0x0000700c0402cea0
Event: 0.226 Thread 0x0000700c0402cea0 Thread exited: 0x0000700c0402cea0
Event: 0.227 Thread 0x0000700c2409aba0 Thread exited: 0x0000700c2409aba0
Event: 0.233 Thread 0x0000700cdc01a0f0 Thread added: 0x0000700cdd670290
Event: 0.260 Thread 0x0000700c2406edc0 Thread added: 0x0000700c180806d0
Event: 0.278 Thread 0x0000700cdc134150 Thread added: 0x0000700c280b3cc0
Event: 0.278 Thread 0x0000700cdc134150 Thread added: 0x0000700c280b4f60
Event: 0.286 Thread 0x0000700c280b4f60 Thread added: 0x0000700b90049f40
Event: 0.358 Thread 0x0000700cdc134150 Thread added: 0x0000700c2817b4f0


Dynamic libraries:
200000000-200200000 ---p 00000000 00:00 0 
200200000-200400000 rw-s 00000000 00:05 1108                             /dev/nvidia0
200400000-203400000 rw-s 00000000 00:05 1107                             /dev/nvidiactl
203400000-204400000 ---p 00000000 00:00 0 
204400000-204600000 rw-s 00000000 00:05 1107                             /dev/nvidiactl
204600000-204800000 rw-s 00000000 00:05 1107                             /dev/nvidiactl
204800000-204a00000 rw-s 00000000 00:05 1107                             /dev/nvidiactl
204a00000-204c00000 rw-s 204a00000 00:05 1109                            /dev/nvidia-uvm
204c00000-204e00000 rw-s 00000000 00:05 1107                             /dev/nvidiactl
204e00000-205000000 ---p 00000000 00:00 0 
205000000-205200000 rw-s 00000000 00:05 1107                             /dev/nvidiactl
205200000-300200000 ---p 00000000 00:00 0 
616800000-635400000 rw-p 00000000 00:00 0 
635400000-7ffc00000 ---p 00000000 00:00 0 
7ffc00000-7ffd0d000 rw-p 00cd6000 103:02 17173446                        /usr/lib/jvm/java-21-openjdk-amd64/lib/server/classes.jsa
7ffd0d000-800000000 rw-p 00000000 00:00 0 
10000000000-10004000000 ---p 00000000 00:00 0 
5ab2eca7d000-5ab2eca7e000 r--p 00000000 103:02 17173371                  /usr/lib/jvm/java-21-openjdk-amd64/bin/java
5ab2eca7e000-5ab2eca7f000 r-xp 00001000 103:02 17173371                  /usr/lib/jvm/java-21-openjdk-amd64/bin/java
5ab2eca7f000-5ab2eca80000 r--p 00002000 103:02 17173371                  /usr/lib/jvm/java-21-openjdk-amd64/bin/java
5ab2eca80000-5ab2eca81000 r--p 00002000 103:02 17173371                  /usr/lib/jvm/java-21-openjdk-amd64/bin/java
5ab2eca81000-5ab2eca82000 rw-p 00003000 103:02 17173371                  /usr/lib/jvm/java-21-openjdk-amd64/bin/java
5ab2ee883000-5ab2ee8ca000 rw-p 00000000 00:00 0                          [heap]
700b48000000-700b48021000 rw-p 00000000 00:00 0 
700b48021000-700b4c000000 ---p 00000000 00:00 0 
700b50000000-700b50021000 rw-p 00000000 00:00 0 
700b50021000-700b54000000 ---p 00000000 00:00 0 
700b54000000-700b54021000 rw-p 00000000 00:00 0 
700b54021000-700b58000000 ---p 00000000 00:00 0 
700b5c000000-700b5c021000 rw-p 00000000 00:00 0 
700b5c021000-700b60000000 ---p 00000000 00:00 0 
700b60000000-700b60021000 rw-p 00000000 00:00 0 
700b60021000-700b64000000 ---p 00000000 00:00 0 
700b68000000-700b68021000 rw-p 00000000 00:00 0 
700b68021000-700b6c000000 ---p 00000000 00:00 0 
700b6c000000-700b6c021000 rw-p 00000000 00:00 0 
700b6c021000-700b70000000 ---p 00000000 00:00 0 
700b74000000-700b74021000 rw-p 00000000 00:00 0 
700b74021000-700b78000000 ---p 00000000 00:00 0 
700b78000000-700b78021000 rw-p 00000000 00:00 0 
700b78021000-700b7c000000 ---p 00000000 00:00 0 
700b80000000-700b80021000 rw-p 00000000 00:00 0 
700b80021000-700b84000000 ---p 00000000 00:00 0 
700b84000000-700b84619000 rw-p 00000000 00:00 0 
700b84619000-700b88000000 ---p 00000000 00:00 0 
700b8c000000-700b8c442000 rw-p 00000000 00:00 0 
700b8c442000-700b90000000 ---p 00000000 00:00 0 
700b90000000-700b904b7000 rw-p 00000000 00:00 0 
700b904b7000-700b94000000 ---p 00000000 00:00 0 
700b98000000-700b988a7000 rw-p 00000000 00:00 0 
700b988a7000-700b9c000000 ---p 00000000 00:00 0 
700b9e000000-700ba6000000 ---p 00000000 00:00 0 
700ba8000000-700baa000000 ---p 00000000 00:00 0 
700bac000000-700bac400000 ---p 00000000 00:00 0 
700bac400000-700bac600000 rw-s 00000000 00:05 1107                       /dev/nvidiactl
700bac600000-700bac800000 rw-s 00000000 00:01 3375                       /dev/zero (deleted)
700bac800000-700baca00000 rw-s 00000000 00:01 3376                       /dev/zero (deleted)
700baca00000-700bad000000 ---p 00000000 00:00 0 
700bad000000-700bad200000 rw-s 00000000 00:05 1107                       /dev/nvidiactl
700bad200000-700bad400000 ---p 00000000 00:00 0 
700bad400000-700bad600000 rw-s 00000000 00:01 3378                       /dev/zero (deleted)
700bad600000-700badb33000 rw-s 00000000 00:05 1107                       /dev/nvidiactl
700badb33000-700bae000000 ---p 00000000 00:00 0 
700bb0000000-700bc0000000 ---p 00000000 00:00 0 
700bc4000000-700bc4021000 rw-p 00000000 00:00 0 
700bc4021000-700bc8000000 ---p 00000000 00:00 0 
700bca000000-700bd0000000 ---p 00000000 00:00 0 
700bd0000000-700bd0021000 rw-p 00000000 00:00 0 
700bd0021000-700bd4000000 ---p 00000000 00:00 0 
700bd7800000-700bf1068000 r-xp 00000000 103:02 17325507                  /usr/local/cuda-12.6/targets/x86_64-linux/lib/libcublasLt.so.12.6.3.3
700bf1068000-700bf1268000 ---p 19868000 103:02 17325507                  /usr/local/cuda-12.6/targets/x86_64-linux/lib/libcublasLt.so.12.6.3.3
700bf1268000-700bf14a6000 r--p 19868000 103:02 17325507                  /usr/local/cuda-12.6/targets/x86_64-linux/lib/libcublasLt.so.12.6.3.3
700bf14a6000-700bf4e5a000 rw-p 19aa6000 103:02 17325507                  /usr/local/cuda-12.6/targets/x86_64-linux/lib/libcublasLt.so.12.6.3.3
700bf4e5a000-700bf902b000 rw-p 00000000 00:00 0 
700bf9400000-700bffb28000 r-xp 00000000 103:02 17325506                  /usr/local/cuda-12.6/targets/x86_64-linux/lib/libcublas.so.12.6.3.3
700bffb28000-700bffd28000 ---p 06728000 103:02 17325506                  /usr/local/cuda-12.6/targets/x86_64-linux/lib/libcublas.so.12.6.3.3
700bffd28000-700bffd34000 r--p 06728000 103:02 17325506                  /usr/local/cuda-12.6/targets/x86_64-linux/lib/libcublas.so.12.6.3.3
700bffd34000-700bffd3b000 rw-p 06734000 103:02 17325506                  /usr/local/cuda-12.6/targets/x86_64-linux/lib/libcublas.so.12.6.3.3
700bffd3b000-700bffd47000 rw-p 00000000 00:00 0 
700c00000000-700c00021000 rw-p 00000000 00:00 0 
700c00021000-700c04000000 ---p 00000000 00:00 0 
700c04000000-700c0406c000 rw-p 00000000 00:00 0 
700c0406c000-700c08000000 ---p 00000000 00:00 0 
700c0c000000-700c0c021000 rw-p 00000000 00:00 0 
700c0c021000-700c10000000 ---p 00000000 00:00 0 
700c10000000-700c10069000 rw-p 00000000 00:00 0 
700c10069000-700c14000000 ---p 00000000 00:00 0 
700c18000000-700c18084000 rw-p 00000000 00:00 0 
700c18084000-700c1c000000 ---p 00000000 00:00 0 
700c1c000000-700c1c021000 rw-p 00000000 00:00 0 
700c1c021000-700c20000000 ---p 00000000 00:00 0 
700c24000000-700c240d3000 rw-p 00000000 00:00 0 
700c240d3000-700c28000000 ---p 00000000 00:00 0 
700c28000000-700c288c0000 rw-p 00000000 00:00 0 
700c288c0000-700c2c000000 ---p 00000000 00:00 0 
700c30000000-700c30021000 rw-p 00000000 00:00 0 
700c30021000-700c34000000 ---p 00000000 00:00 0 
700c34000000-700c34021000 rw-p 00000000 00:00 0 
700c34021000-700c38000000 ---p 00000000 00:00 0 
700c3c000000-700c3c021000 rw-p 00000000 00:00 0 
700c3c021000-700c40000000 ---p 00000000 00:00 0 
700c40000000-700c40021000 rw-p 00000000 00:00 0 
700c40021000-700c44000000 ---p 00000000 00:00 0 
700c48000000-700c48021000 rw-p 00000000 00:00 0 
700c48021000-700c4c000000 ---p 00000000 00:00 0 
700c4c000000-700c4c021000 rw-p 00000000 00:00 0 
700c4c021000-700c50000000 ---p 00000000 00:00 0 
700c54000000-700c540e0000 rw-p 00000000 00:00 0 
700c540e0000-700c54400000 ---p 00000000 00:00 0 
700c54400000-700c54490000 rw-p 00000000 00:00 0 
700c54490000-700c58000000 ---p 00000000 00:00 0 
700c58000000-700c58021000 rw-p 00000000 00:00 0 
700c58021000-700c5c000000 ---p 00000000 00:00 0 
700c5c400000-700c5c6dd000 rw-p 00000000 00:00 0 
700c5c7fe000-700c5c7ff000 ---p 00000000 00:00 0 
700c5c7ff000-700c5c8ff000 rw-p 00000000 00:00 0 
700c5c8ff000-700c5c900000 ---p 00000000 00:00 0 
700c5c900000-700c5ca00000 rw-p 00000000 00:00 0 
700c5ca00000-700c5ca01000 ---p 00000000 00:00 0 
700c5ca01000-700c5d201000 rw-p 00000000 00:00 0 
700c5d2ff000-700c5d300000 ---p 00000000 00:00 0 
700c5d300000-700c5d400000 rw-p 00000000 00:00 0 
700c5d400000-700c5d401000 rw-s 00000000 00:05 1107                       /dev/nvidiactl
700c5d401000-700c5d402000 rw-s 00000000 00:05 1107                       /dev/nvidiactl
700c5d402000-700c5d403000 rw-s 00000000 00:05 1107                       /dev/nvidiactl
700c5d403000-700c5d404000 rw-s 00000000 00:05 1107                       /dev/nvidiactl
700c5d404000-700c5d405000 rw-s 00000000 00:05 1107                       /dev/nvidiactl
700c5d405000-700c5d406000 rw-s 00000000 00:05 1107                       /dev/nvidiactl
700c5d406000-700c5d407000 rw-s 00000000 00:05 1107                       /dev/nvidiactl
700c5d407000-700c5d408000 rw-s 00000000 00:05 1107                       /dev/nvidiactl
700c5d408000-700c5d409000 rw-s 00000000 00:05 1107                       /dev/nvidiactl
700c5d409000-700c5d40a000 rw-s 00000000 00:05 1107                       /dev/nvidiactl
700c5d40a000-700c5d40b000 rw-s 00000000 00:05 1107                       /dev/nvidiactl
700c5d40b000-700c5d40c000 rw-s 00000000 00:05 1107                       /dev/nvidiactl
700c5d40c000-700c5d40d000 rw-s 00000000 00:05 1107                       /dev/nvidiactl
700c5d40d000-700c5d40e000 rw-s 00000000 00:05 1107                       /dev/nvidiactl
700c5d40e000-700c5d40f000 rw-s 00000000 00:05 1107                       /dev/nvidiactl
700c5d40f000-700c5d410000 rw-s 00000000 00:05 1107                       /dev/nvidiactl
700c5d410000-700c5e421000 ---p 00000000 00:00 0 
700c5e4ff000-700c5e500000 ---p 00000000 00:00 0 
700c5e500000-700c5e600000 rw-p 00000000 00:00 0 
700c5e600000-700c5e601000 ---p 00000000 00:00 0 
700c5e601000-700c5ee01000 rw-p 00000000 00:00 0 
700c5eeff000-700c5ef00000 ---p 00000000 00:00 0 
700c5ef00000-700c5f000000 rw-p 00000000 00:00 0 
700c5f000000-700c5fc97000 rw-p 00001000 103:02 17173446                  /usr/lib/jvm/java-21-openjdk-amd64/lib/server/classes.jsa
700c5fc97000-700c60000000 ---p 00000000 00:00 0 
700c60000000-700c60010000 rw-p 00000000 00:00 0 
700c60010000-700c60040000 ---p 00000000 00:00 0 
700c60040000-700c60050000 rw-p 00000000 00:00 0 
700c60050000-700ca0000000 ---p 00000000 00:00 0 
700ca0000000-700ca0021000 rw-p 00000000 00:00 0 
700ca0021000-700ca4000000 ---p 00000000 00:00 0 
700ca4000000-700ca4021000 rw-p 00000000 00:00 0 
700ca4021000-700ca8000000 ---p 00000000 00:00 0 
700ca80ff000-700ca8100000 ---p 00000000 00:00 0 
700ca8100000-700ca8200000 rw-p 00000000 00:00 0 
700ca8200000-700ca82c7000 r-xp 00000000 103:02 18219053                  /tmp/libJCudaRuntime-12.0.0-linux-x86_64.so
700ca82c7000-700ca84c7000 ---p 000c7000 103:02 18219053                  /tmp/libJCudaRuntime-12.0.0-linux-x86_64.so
700ca84c7000-700ca84cc000 r--p 000c7000 103:02 18219053                  /tmp/libJCudaRuntime-12.0.0-linux-x86_64.so
700ca84cc000-700ca84cd000 rw-p 000cc000 103:02 18219053                  /tmp/libJCudaRuntime-12.0.0-linux-x86_64.so
700ca84cd000-700ca84cf000 rw-p 00000000 00:00 0 
700ca84fd000-700ca84fe000 ---p 00000000 00:00 0 
700ca84fe000-700ca85fe000 rw-p 00000000 00:00 0 
700ca85fe000-700ca85ff000 ---p 00000000 00:00 0 
700ca85ff000-700ca86ff000 rw-p 00000000 00:00 0 
700ca86ff000-700ca8700000 ---p 00000000 00:00 0 
700ca8700000-700ca8800000 rw-p 00000000 00:00 0 
700ca8800000-700ca9821000 ---p 00000000 00:00 0 
700ca98ff000-700ca9900000 ---p 00000000 00:00 0 
700ca9900000-700ca9a00000 rw-p 00000000 00:00 0 
700ca9a00000-700ca9a01000 ---p 00000000 00:00 0 
700ca9a01000-700caa201000 rw-p 00000000 00:00 0 
700caa300000-700caa304000 ---p 00000000 00:00 0 
700caa304000-700caa400000 rw-p 00000000 00:00 0 
700caa400000-700caa4de000 r--p 00000000 103:02 16527986                  /usr/lib/x86_64-linux-gnu/libcuda.so.550.120
700caa4de000-700caa9b3000 r-xp 000de000 103:02 16527986                  /usr/lib/x86_64-linux-gnu/libcuda.so.550.120
700caa9b3000-700cabe4f000 r--p 005b3000 103:02 16527986                  /usr/lib/x86_64-linux-gnu/libcuda.so.550.120
700cabe4f000-700cabe50000 ---p 01a4f000 103:02 16527986                  /usr/lib/x86_64-linux-gnu/libcuda.so.550.120
700cabe50000-700cabe68000 r--p 01a4f000 103:02 16527986                  /usr/lib/x86_64-linux-gnu/libcuda.so.550.120
700cabe68000-700cabf63000 rw-p 01a67000 103:02 16527986                  /usr/lib/x86_64-linux-gnu/libcuda.so.550.120
700cabf63000-700cabfcc000 rw-p 00000000 00:00 0 
700cac000000-700cac021000 rw-p 00000000 00:00 0 
700cac021000-700cb0000000 ---p 00000000 00:00 0 
700cb0000000-700cb0021000 rw-p 00000000 00:00 0 
700cb0021000-700cb4004000 ---p 00000000 00:00 0 
700cb4004000-700cb4100000 rw-p 00000000 00:00 0 
700cb4100000-700cb4104000 ---p 00000000 00:00 0 
700cb4104000-700cb4200000 rw-p 00000000 00:00 0 
700cb4200000-700cb4400000 rw-s 00000000 00:01 3377                       /dev/zero (deleted)
700cb4400000-700cb465a000 rw-p 00000000 00:00 0 
700cb4700000-700cb4704000 ---p 00000000 00:00 0 
700cb4704000-700cb4800000 rw-p 00000000 00:00 0 
700cb4800000-700cb4938000 r-xp 00000000 103:02 18219052                  /tmp/libJCublas2-12.0.0-linux-x86_64.so
700cb4938000-700cb4b38000 ---p 00138000 103:02 18219052                  /tmp/libJCublas2-12.0.0-linux-x86_64.so
700cb4b38000-700cb4b3d000 r--p 00138000 103:02 18219052                  /tmp/libJCublas2-12.0.0-linux-x86_64.so
700cb4b3d000-700cb4b3f000 rw-p 0013d000 103:02 18219052                  /tmp/libJCublas2-12.0.0-linux-x86_64.so
700cb4b3f000-700cb4b41000 rw-p 00000000 00:00 0 
700cb4bbc000-700cb4e00000 rw-p 00000000 00:00 0 
700cb4e00000-700cb4e04000 ---p 00000000 00:00 0 
700cb4e04000-700cb4f00000 rw-p 00000000 00:00 0 
700cb4f00000-700cb4f04000 ---p 00000000 00:00 0 
700cb4f04000-700cb5000000 rw-p 00000000 00:00 0 
700cb5000000-700cb5004000 ---p 00000000 00:00 0 
700cb5004000-700cb5100000 rw-p 00000000 00:00 0 
700cb5100000-700cb5104000 ---p 00000000 00:00 0 
700cb5104000-700cb5200000 rw-p 00000000 00:00 0 
700cb5200000-700cb5fec000 r--p 00000000 103:02 16521112                  /usr/lib/locale/locale-archive
700cb6000000-700cb8021000 rw-p 00000000 00:00 0 
700cb8021000-700cbc000000 ---p 00000000 00:00 0 
700cbc05d000-700cbc0fe000 rw-p 00000000 00:00 0 
700cbc0fe000-700cbc102000 ---p 00000000 00:00 0 
700cbc102000-700cbc1fe000 rw-p 00000000 00:00 0 
700cbc1fe000-700cbc202000 ---p 00000000 00:00 0 
700cbc202000-700cbc2fe000 rw-p 00000000 00:00 0 
700cbc2fe000-700cbc302000 ---p 00000000 00:00 0 
700cbc302000-700cbc3fe000 rw-p 00000000 00:00 0 
700cbc3fe000-700cbc402000 ---p 00000000 00:00 0 
700cbc402000-700cbc4fe000 rw-p 00000000 00:00 0 
700cbc4fe000-700cbc502000 ---p 00000000 00:00 0 
700cbc502000-700cbc5fe000 rw-p 00000000 00:00 0 
700cbc5fe000-700cbc602000 ---p 00000000 00:00 0 
700cbc602000-700cbc6fe000 rw-p 00000000 00:00 0 
700cbc6fe000-700cbc702000 ---p 00000000 00:00 0 
700cbc702000-700cbc7fe000 rw-p 00000000 00:00 0 
700cbc7fe000-700cbc802000 ---p 00000000 00:00 0 
700cbc802000-700cbc8fe000 rw-p 00000000 00:00 0 
700cbc8fe000-700cbc902000 ---p 00000000 00:00 0 
700cbc902000-700cbc9fe000 rw-p 00000000 00:00 0 
700cbc9fe000-700cbc9ff000 ---p 00000000 00:00 0 
700cbc9ff000-700cbcaff000 rw-p 00000000 00:00 0 
700cbcaff000-700cbcb00000 ---p 00000000 00:00 0 
700cbcb00000-700cbcc00000 rw-p 00000000 00:00 0 
700cbcc00000-700cbd3b0000 rw-p 00000000 00:00 0 
700cbd3b0000-700cc4650000 ---p 00000000 00:00 0 
700cc4650000-700cc4660000 rw-p 00000000 00:00 0 
700cc467e000-700cc46ff000 rw-p 00000000 00:00 0 
700cc46ff000-700cc4700000 ---p 00000000 00:00 0 
700cc4700000-700cc4800000 rw-p 00000000 00:00 0 
700cc4800000-700cc4a70000 rwxp 00000000 00:00 0 
700cc4a70000-700ccbc5f000 ---p 00000000 00:00 0 
700ccbc5f000-700ccbf7f000 rwxp 00000000 00:00 0 
700ccbf7f000-700ccc3a0000 ---p 00000000 00:00 0 
700ccc3a0000-700ccc610000 rwxp 00000000 00:00 0 
700ccc610000-700cd3800000 ---p 00000000 00:00 0 
700cd3800000-700cdbe0c000 r--s 00000000 103:02 17173445                  /usr/lib/jvm/java-21-openjdk-amd64/lib/modules
700cdbe2e000-700cdbe33000 r--p 00000000 103:02 17173429                  /usr/lib/jvm/java-21-openjdk-amd64/lib/libjsvml.so
700cdbe33000-700cdbe74000 r-xp 00005000 103:02 17173429                  /usr/lib/jvm/java-21-openjdk-amd64/lib/libjsvml.so
700cdbe74000-700cdbefd000 r--p 00046000 103:02 17173429                  /usr/lib/jvm/java-21-openjdk-amd64/lib/libjsvml.so
700cdbefd000-700cdbefe000 r--p 000ce000 103:02 17173429                  /usr/lib/jvm/java-21-openjdk-amd64/lib/libjsvml.so
700cdbefe000-700cdbeff000 rw-p 000cf000 103:02 17173429                  /usr/lib/jvm/java-21-openjdk-amd64/lib/libjsvml.so
700cdbeff000-700cdbf00000 ---p 00000000 00:00 0 
700cdbf00000-700cdc000000 rw-p 00000000 00:00 0 
700cdc000000-700cdd80a000 rw-p 00000000 00:00 0 
700cdd80a000-700ce0000000 ---p 00000000 00:00 0 
700ce003d000-700ce0dfe000 rw-p 00000000 00:00 0 
700ce0dfe000-700ce0dff000 ---p 00000000 00:00 0 
700ce0dff000-700ce0eff000 rw-p 00000000 00:00 0 
700ce0eff000-700ce0f00000 ---p 00000000 00:00 0 
700ce0f00000-700ce1000000 rw-p 00000000 00:00 0 
700ce1000000-700ce10f6000 rw-p 00000000 00:00 0 
700ce10f6000-700ce1f4a000 ---p 00000000 00:00 0 
700ce1f4a000-700ce1f4c000 rw-p 00000000 00:00 0 
700ce1f62000-700ce20f6000 rw-p 00000000 00:00 0 
700ce20f6000-700ce2f4a000 ---p 00000000 00:00 0 
700ce2f4a000-700ce2f4c000 rw-p 00000000 00:00 0 
700ce2f5d000-700ce2f64000 r--s 00000000 103:02 16532226                  /usr/lib/x86_64-linux-gnu/gconv/gconv-modules.cache
700ce2f64000-700ce2f65000 ---p 00000000 00:00 0 
700ce2f65000-700ce3065000 rw-p 00000000 00:00 0 
700ce3065000-700ce3e33000 rw-p 00000000 00:00 0 
700ce3e33000-700ce3f17000 ---p 00000000 00:00 0 
700ce3f17000-700ce3f1c000 rw-p 00000000 00:00 0 
700ce3f1c000-700ce4000000 ---p 00000000 00:00 0 
700ce4000000-700ce409d000 r--p 00000000 103:02 16543594                  /usr/lib/x86_64-linux-gnu/libstdc++.so.6.0.33
700ce409d000-700ce41e5000 r-xp 0009d000 103:02 16543594                  /usr/lib/x86_64-linux-gnu/libstdc++.so.6.0.33
700ce41e5000-700ce426c000 r--p 001e5000 103:02 16543594                  /usr/lib/x86_64-linux-gnu/libstdc++.so.6.0.33
700ce426c000-700ce4277000 r--p 0026b000 103:02 16543594                  /usr/lib/x86_64-linux-gnu/libstdc++.so.6.0.33
700ce4277000-700ce427a000 rw-p 00276000 103:02 16543594                  /usr/lib/x86_64-linux-gnu/libstdc++.so.6.0.33
700ce427a000-700ce427e000 rw-p 00000000 00:00 0 
700ce427e000-700ce4300000 rw-p 00000000 00:00 0 
700ce4300000-700ce4304000 ---p 00000000 00:00 0 
700ce4304000-700ce4400000 rw-p 00000000 00:00 0 
700ce4400000-700ce46a1000 r--p 00000000 103:02 17173449                  /usr/lib/jvm/java-21-openjdk-amd64/lib/server/libjvm.so
700ce46a1000-700ce5511000 r-xp 002a1000 103:02 17173449                  /usr/lib/jvm/java-21-openjdk-amd64/lib/server/libjvm.so
700ce5511000-700ce57e5000 r--p 01111000 103:02 17173449                  /usr/lib/jvm/java-21-openjdk-amd64/lib/server/libjvm.so
700ce57e5000-700ce58b8000 r--p 013e4000 103:02 17173449                  /usr/lib/jvm/java-21-openjdk-amd64/lib/server/libjvm.so
700ce58b8000-700ce58e8000 rw-p 014b7000 103:02 17173449                  /usr/lib/jvm/java-21-openjdk-amd64/lib/server/libjvm.so
700ce58e8000-700ce594e000 rw-p 00000000 00:00 0 
700ce5954000-700ce5955000 r--p 00000000 103:02 16530540                  /usr/lib/x86_64-linux-gnu/libdl.so.2
700ce5955000-700ce5956000 r-xp 00001000 103:02 16530540                  /usr/lib/x86_64-linux-gnu/libdl.so.2
700ce5956000-700ce5957000 r--p 00002000 103:02 16530540                  /usr/lib/x86_64-linux-gnu/libdl.so.2
700ce5957000-700ce5958000 r--p 00002000 103:02 16530540                  /usr/lib/x86_64-linux-gnu/libdl.so.2
700ce5958000-700ce5959000 rw-p 00003000 103:02 16530540                  /usr/lib/x86_64-linux-gnu/libdl.so.2
700ce5959000-700ce595a000 r--p 00000000 103:02 16531006                  /usr/lib/x86_64-linux-gnu/librt.so.1
700ce595a000-700ce595b000 r-xp 00001000 103:02 16531006                  /usr/lib/x86_64-linux-gnu/librt.so.1
700ce595b000-700ce595c000 r--p 00002000 103:02 16531006                  /usr/lib/x86_64-linux-gnu/librt.so.1
700ce595c000-700ce595d000 r--p 00002000 103:02 16531006                  /usr/lib/x86_64-linux-gnu/librt.so.1
700ce595d000-700ce595e000 rw-p 00003000 103:02 16531006                  /usr/lib/x86_64-linux-gnu/librt.so.1
700ce595e000-700ce595f000 r--p 00000000 103:02 16530978                  /usr/lib/x86_64-linux-gnu/libpthread.so.0
700ce595f000-700ce5960000 r-xp 00001000 103:02 16530978                  /usr/lib/x86_64-linux-gnu/libpthread.so.0
700ce5960000-700ce5961000 r--p 00002000 103:02 16530978                  /usr/lib/x86_64-linux-gnu/libpthread.so.0
700ce5961000-700ce5962000 r--p 00002000 103:02 16530978                  /usr/lib/x86_64-linux-gnu/libpthread.so.0
700ce5962000-700ce5963000 rw-p 00003000 103:02 16530978                  /usr/lib/x86_64-linux-gnu/libpthread.so.0
700ce5969000-700ce5979000 -w-s 00000000 00:05 1108                       /dev/nvidia0
700ce5979000-700ce597b000 r--p 00000000 103:02 17173444                  /usr/lib/jvm/java-21-openjdk-amd64/lib/libzip.so
700ce597b000-700ce5980000 r-xp 00002000 103:02 17173444                  /usr/lib/jvm/java-21-openjdk-amd64/lib/libzip.so
700ce5980000-700ce5982000 r--p 00007000 103:02 17173444                  /usr/lib/jvm/java-21-openjdk-amd64/lib/libzip.so
700ce5982000-700ce5983000 r--p 00008000 103:02 17173444                  /usr/lib/jvm/java-21-openjdk-amd64/lib/libzip.so
700ce5983000-700ce5984000 rw-p 00009000 103:02 17173444                  /usr/lib/jvm/java-21-openjdk-amd64/lib/libzip.so
700ce5984000-700ce5a00000 rw-p 00000000 00:00 0 
700ce5a00000-700ce5a28000 r--p 00000000 103:02 16530474                  /usr/lib/x86_64-linux-gnu/libc.so.6
700ce5a28000-700ce5bb0000 r-xp 00028000 103:02 16530474                  /usr/lib/x86_64-linux-gnu/libc.so.6
700ce5bb0000-700ce5bff000 r--p 001b0000 103:02 16530474                  /usr/lib/x86_64-linux-gnu/libc.so.6
700ce5bff000-700ce5c03000 r--p 001fe000 103:02 16530474                  /usr/lib/x86_64-linux-gnu/libc.so.6
700ce5c03000-700ce5c05000 rw-p 00202000 103:02 16530474                  /usr/lib/x86_64-linux-gnu/libc.so.6
700ce5c05000-700ce5c12000 rw-p 00000000 00:00 0 
700ce5c13000-700ce5c16000 r--p 00000000 103:02 17173436                  /usr/lib/jvm/java-21-openjdk-amd64/lib/libnet.so
700ce5c16000-700ce5c1e000 r-xp 00003000 103:02 17173436                  /usr/lib/jvm/java-21-openjdk-amd64/lib/libnet.so
700ce5c1e000-700ce5c20000 r--p 0000b000 103:02 17173436                  /usr/lib/jvm/java-21-openjdk-amd64/lib/libnet.so
700ce5c20000-700ce5c21000 r--p 0000c000 103:02 17173436                  /usr/lib/jvm/java-21-openjdk-amd64/lib/libnet.so
700ce5c21000-700ce5c22000 rw-p 0000d000 103:02 17173436                  /usr/lib/jvm/java-21-openjdk-amd64/lib/libnet.so
700ce5c22000-700ce5c29000 r--p 00000000 103:02 17173437                  /usr/lib/jvm/java-21-openjdk-amd64/lib/libnio.so
700ce5c29000-700ce5c32000 r-xp 00007000 103:02 17173437                  /usr/lib/jvm/java-21-openjdk-amd64/lib/libnio.so
700ce5c32000-700ce5c36000 r--p 00010000 103:02 17173437                  /usr/lib/jvm/java-21-openjdk-amd64/lib/libnio.so
700ce5c36000-700ce5c37000 r--p 00014000 103:02 17173437                  /usr/lib/jvm/java-21-openjdk-amd64/lib/libnio.so
700ce5c37000-700ce5c38000 rw-p 00015000 103:02 17173437                  /usr/lib/jvm/java-21-openjdk-amd64/lib/libnio.so
700ce5c38000-700ce5c3f000 rw-p 00000000 00:00 0 
700ce5c3f000-700ce5c47000 ---p 00000000 00:00 0 
700ce5c47000-700ce5c54000 r--p 00000000 103:02 17173422                  /usr/lib/jvm/java-21-openjdk-amd64/lib/libjava.so
700ce5c54000-700ce5c63000 r-xp 0000d000 103:02 17173422                  /usr/lib/jvm/java-21-openjdk-amd64/lib/libjava.so
700ce5c63000-700ce5c68000 r--p 0001c000 103:02 17173422                  /usr/lib/jvm/java-21-openjdk-amd64/lib/libjava.so
700ce5c68000-700ce5c69000 r--p 00021000 103:02 17173422                  /usr/lib/jvm/java-21-openjdk-amd64/lib/libjava.so
700ce5c69000-700ce5c6a000 rw-p 00022000 103:02 17173422                  /usr/lib/jvm/java-21-openjdk-amd64/lib/libjava.so
700ce5c6a000-700ce5c6b000 rw-p 00000000 00:00 0 
700ce5c6b000-700ce5c6f000 r--p 00000000 103:02 16528598                  /usr/lib/x86_64-linux-gnu/libgcc_s.so.1
700ce5c6f000-700ce5c93000 r-xp 00004000 103:02 16528598                  /usr/lib/x86_64-linux-gnu/libgcc_s.so.1
700ce5c93000-700ce5c97000 r--p 00028000 103:02 16528598                  /usr/lib/x86_64-linux-gnu/libgcc_s.so.1
700ce5c97000-700ce5c98000 r--p 0002b000 103:02 16528598                  /usr/lib/x86_64-linux-gnu/libgcc_s.so.1
700ce5c98000-700ce5c99000 rw-p 0002c000 103:02 16528598                  /usr/lib/x86_64-linux-gnu/libgcc_s.so.1
700ce5c99000-700ce5ca9000 r--p 00000000 103:02 16530817                  /usr/lib/x86_64-linux-gnu/libm.so.6
700ce5ca9000-700ce5d28000 r-xp 00010000 103:02 16530817                  /usr/lib/x86_64-linux-gnu/libm.so.6
700ce5d28000-700ce5d80000 r--p 0008f000 103:02 16530817                  /usr/lib/x86_64-linux-gnu/libm.so.6
700ce5d80000-700ce5d81000 r--p 000e7000 103:02 16530817                  /usr/lib/x86_64-linux-gnu/libm.so.6
700ce5d81000-700ce5d82000 rw-p 000e8000 103:02 16530817                  /usr/lib/x86_64-linux-gnu/libm.so.6
700ce5d82000-700ce5d84000 rw-p 00000000 00:00 0 
700ce5d84000-700ce5d86000 r--p 00000000 103:02 17173426                  /usr/lib/jvm/java-21-openjdk-amd64/lib/libjli.so
700ce5d86000-700ce5d90000 r-xp 00002000 103:02 17173426                  /usr/lib/jvm/java-21-openjdk-amd64/lib/libjli.so
700ce5d90000-700ce5d93000 r--p 0000c000 103:02 17173426                  /usr/lib/jvm/java-21-openjdk-amd64/lib/libjli.so
700ce5d93000-700ce5d94000 r--p 0000f000 103:02 17173426                  /usr/lib/jvm/java-21-openjdk-amd64/lib/libjli.so
700ce5d94000-700ce5d95000 rw-p 00010000 103:02 17173426                  /usr/lib/jvm/java-21-openjdk-amd64/lib/libjli.so
700ce5d95000-700ce5d97000 r--p 00000000 103:02 16531205                  /usr/lib/x86_64-linux-gnu/libz.so.1.3
700ce5d97000-700ce5da9000 r-xp 00002000 103:02 16531205                  /usr/lib/x86_64-linux-gnu/libz.so.1.3
700ce5da9000-700ce5daf000 r--p 00014000 103:02 16531205                  /usr/lib/x86_64-linux-gnu/libz.so.1.3
700ce5daf000-700ce5db0000 r--p 0001a000 103:02 16531205                  /usr/lib/x86_64-linux-gnu/libz.so.1.3
700ce5db0000-700ce5db1000 rw-p 0001b000 103:02 16531205                  /usr/lib/x86_64-linux-gnu/libz.so.1.3
700ce5db4000-700ce5dbc000 rw-s 00000000 103:02 18219064                  /tmp/hsperfdata_dov/48987
700ce5dbc000-700ce5dbd000 ---p 00000000 00:00 0 
700ce5dbd000-700ce5dbe000 r--p 00000000 00:00 0 
700ce5dbe000-700ce5dbf000 ---p 00000000 00:00 0 
700ce5dbf000-700ce5dc1000 r--p 00000000 103:02 17173425                  /usr/lib/jvm/java-21-openjdk-amd64/lib/libjimage.so
700ce5dc1000-700ce5dc4000 r-xp 00002000 103:02 17173425                  /usr/lib/jvm/java-21-openjdk-amd64/lib/libjimage.so
700ce5dc4000-700ce5dc5000 r--p 00005000 103:02 17173425                  /usr/lib/jvm/java-21-openjdk-amd64/lib/libjimage.so
700ce5dc5000-700ce5dc6000 r--p 00006000 103:02 17173425                  /usr/lib/jvm/java-21-openjdk-amd64/lib/libjimage.so
700ce5dc6000-700ce5dc7000 rw-p 00007000 103:02 17173425                  /usr/lib/jvm/java-21-openjdk-amd64/lib/libjimage.so
700ce5dc7000-700ce5dc9000 rw-p 00000000 00:00 0 
700ce5dc9000-700ce5dca000 r--p 00000000 103:02 16530286                  /usr/lib/x86_64-linux-gnu/ld-linux-x86-64.so.2
700ce5dca000-700ce5df5000 r-xp 00001000 103:02 16530286                  /usr/lib/x86_64-linux-gnu/ld-linux-x86-64.so.2
700ce5df5000-700ce5dff000 r--p 0002c000 103:02 16530286                  /usr/lib/x86_64-linux-gnu/ld-linux-x86-64.so.2
700ce5dff000-700ce5e01000 r--p 00036000 103:02 16530286                  /usr/lib/x86_64-linux-gnu/ld-linux-x86-64.so.2
700ce5e01000-700ce5e03000 rw-p 00038000 103:02 16530286                  /usr/lib/x86_64-linux-gnu/ld-linux-x86-64.so.2
7ffdd876f000-7ffdd8790000 rw-p 00000000 00:00 0                          [stack]
7ffdd87c8000-7ffdd87cc000 r--p 00000000 00:00 0                          [vvar]
7ffdd87cc000-7ffdd87ce000 r-xp 00000000 00:00 0                          [vdso]
ffffffffff600000-ffffffffff601000 --xp 00000000 00:00 0                  [vsyscall]
Total number of mappings: 374


VM Arguments:
jvm_args: -Dfile.encoding=UTF-8 --module-path=/home/dov/projects/NeighborhoodPIG/build/classes 
java_command: JCudaWrapper.array.DArray
java_class_path (initial): /home/dov/projects/Libraries/commons-math3/commons-math3-3.6.1-javadoc.jar:/home/dov/projects/Libraries/commons-math3/commons-math3-3.6.1-sources.jar:/home/dov/projects/Libraries/commons-math3/commons-math3-3.6.1-test-sources.jar:/home/dov/projects/Libraries/commons-math3/commons-math3-3.6.1-tests.jar:/home/dov/projects/Libraries/commons-math3/commons-math3-3.6.1-tools.jar:/home/dov/projects/Libraries/commons-math3/commons-math3-3.6.1.jar:/home/dov/projects/JCudaWrapper/jcuda12/jcublas-12.0.0.jar:/home/dov/projects/JCudaWrapper/jcuda12/jcublas-natives-12.0.0-linux-x86_64.jar:/home/dov/projects/JCudaWrapper/jcuda12/jcuda-12.0.0.jar:/home/dov/projects/JCudaWrapper/jcuda12/jcuda-natives-12.0.0-linux-x86_64.jar:/home/dov/projects/JCudaWrapper/jcuda12/jcudnn-12.0.0.jar:/home/dov/projects/JCudaWrapper/jcuda12/jcudnn-natives-12.0.0-linux-x86_64.jar:/home/dov/projects/JCudaWrapper/jcuda12/jcufft-12.0.0.jar:/home/dov/projects/JCudaWrapper/jcuda12/jcufft-natives-12.0.0-linux-x86_64.jar:/home/dov/projects/JCudaWrapper/jcuda12/jcurand-12.0.0.jar:/home/dov/projects/JCudaWrapper/jcuda12/jcurand-natives-12.0.0-linux-x86_64.jar:/home/dov/projects/JCudaWrapper/jcuda12/jcusolver-12.0.0.jar:/home/dov/projects/JCudaWrapper/jcuda12/jcusolver-natives-12.0.0-linux-x86_64.jar:/home/dov/projects/JCudaWrapper/jcuda12/jcusparse-12.0.0.jar:/home/dov/projects/JCudaWrapper/jcuda12/jcusparse-natives-12.0.0-linux-x86_64.jar:/home/dov/projects/NeighborhoodPIG/build/classes
Launcher Type: SUN_STANDARD

[Global flags]
     intx CICompilerCount                          = 12                                        {product} {ergonomic}
     uint ConcGCThreads                            = 3                                         {product} {ergonomic}
     uint G1ConcRefinementThreads                  = 13                                        {product} {ergonomic}
   size_t G1HeapRegionSize                         = 4194304                                   {product} {ergonomic}
    uintx GCDrainStackTargetSize                   = 64                                        {product} {ergonomic}
   size_t InitialHeapSize                          = 515899392                                 {product} {ergonomic}
   size_t MarkStackSize                            = 4194304                                   {product} {ergonomic}
   size_t MaxHeapSize                              = 8212447232                                {product} {ergonomic}
   size_t MaxNewSize                               = 4924112896                                {product} {ergonomic}
   size_t MinHeapDeltaBytes                        = 4194304                                   {product} {ergonomic}
   size_t MinHeapSize                              = 8388608                                   {product} {ergonomic}
    uintx NonNMethodCodeHeapSize                   = 7602480                                {pd product} {ergonomic}
    uintx NonProfiledCodeHeapSize                  = 122027880                              {pd product} {ergonomic}
    uintx ProfiledCodeHeapSize                     = 122027880                              {pd product} {ergonomic}
    uintx ReservedCodeCacheSize                    = 251658240                              {pd product} {ergonomic}
     bool SegmentedCodeCache                       = true                                      {product} {ergonomic}
   size_t SoftMaxHeapSize                          = 8212447232                             {manageable} {ergonomic}
     bool UseCompressedOops                        = true                           {product lp64_product} {ergonomic}
     bool UseG1GC                                  = true                                      {product} {ergonomic}

Logging:
Log output configuration:
 #0: stdout all=warning uptime,level,tags foldmultilines=false
 #1: stderr all=off uptime,level,tags foldmultilines=false

Environment Variables:
PATH=/usr/local/sbin:/usr/local/bin:/usr/sbin:/usr/bin:/sbin:/bin:/usr/games:/usr/local/games:/snap/bin:/snap/bin
USERNAME=dov
SHELL=/bin/bash
DISPLAY=:1
LANG=en_US.UTF-8

Active Locale:
LC_ALL=en_US.UTF-8
LC_COLLATE=en_US.UTF-8
LC_CTYPE=en_US.UTF-8
LC_MESSAGES=en_US.UTF-8
LC_MONETARY=en_US.UTF-8
LC_NUMERIC=en_US.UTF-8
LC_TIME=en_US.UTF-8

Signal Handlers:
   SIGSEGV: crash_handler in libjvm.so, mask=11100100010111111101111111111110, flags=SA_RESTART|SA_SIGINFO, unblocked
    SIGBUS: crash_handler in libjvm.so, mask=11100100010111111101111111111110, flags=SA_RESTART|SA_SIGINFO, unblocked
    SIGFPE: crash_handler in libjvm.so, mask=11100100010111111101111111111110, flags=SA_RESTART|SA_SIGINFO, unblocked
   SIGPIPE: javaSignalHandler in libjvm.so, mask=11100100010111111101111111111110, flags=SA_RESTART|SA_SIGINFO, blocked
   SIGXFSZ: javaSignalHandler in libjvm.so, mask=11100100010111111101111111111110, flags=SA_RESTART|SA_SIGINFO, blocked
    SIGILL: crash_handler in libjvm.so, mask=11100100010111111101111111111110, flags=SA_RESTART|SA_SIGINFO, unblocked
   SIGUSR2: SR_handler in libjvm.so, mask=00000000000000000000000000000000, flags=SA_RESTART|SA_SIGINFO, blocked
    SIGHUP: UserHandler in libjvm.so, mask=11100100010111111101111111111110, flags=SA_RESTART|SA_SIGINFO, blocked
    SIGINT: SIG_IGN, mask=00000000000000000000000000000000, flags=none, blocked
   SIGTERM: UserHandler in libjvm.so, mask=11100100010111111101111111111110, flags=SA_RESTART|SA_SIGINFO, blocked
   SIGQUIT: UserHandler in libjvm.so, mask=11100100010111111101111111111110, flags=SA_RESTART|SA_SIGINFO, blocked
   SIGTRAP: crash_handler in libjvm.so, mask=11100100010111111101111111111110, flags=SA_RESTART|SA_SIGINFO, unblocked


Periodic native trim disabled

---------------  S Y S T E M  ---------------

OS:
DISTRIB_ID=Ubuntu
DISTRIB_RELEASE=24.04
DISTRIB_CODENAME=noble
DISTRIB_DESCRIPTION="Ubuntu 24.04.1 LTS"
uname: Linux 6.8.0-49-generic #49-Ubuntu SMP PREEMPT_DYNAMIC Mon Nov  4 02:06:24 UTC 2024 x86_64
OS uptime: 0 days 22:29 hours
libc: glibc 2.39 NPTL 2.39 
rlimit (soft/hard): STACK 8192k/infinity , CORE 0k/infinity , NPROC 125013/125013 , NOFILE 1048576/1048576 , AS infinity/infinity , CPU infinity/infinity , DATA infinity/infinity , FSIZE infinity/infinity , MEMLOCK 4009332k/4009332k
load average: 0.30 0.52 0.37

/proc/meminfo:
MemTotal:       32074664 kB
MemFree:        19011004 kB
MemAvailable:   24054732 kB
Buffers:          605168 kB
Cached:          4857736 kB
SwapCached:            0 kB
Active:          7552356 kB
Inactive:        3434024 kB
Active(anon):    5692836 kB
Inactive(anon):        0 kB
Active(file):    1859520 kB
Inactive(file):  3434024 kB
Unevictable:          32 kB
Mlocked:              32 kB
SwapTotal:       8388604 kB
SwapFree:        8388604 kB
Zswap:                 0 kB
Zswapped:              0 kB
Dirty:               368 kB
Writeback:             0 kB
AnonPages:       5523808 kB
Mapped:          1114844 kB
Shmem:            169344 kB
KReclaimable:     214664 kB
Slab:             530760 kB
SReclaimable:     214664 kB
SUnreclaim:       316096 kB
KernelStack:       25580 kB
PageTables:        67728 kB
SecPageTables:         0 kB
NFS_Unstable:          0 kB
Bounce:                0 kB
WritebackTmp:          0 kB
CommitLimit:    24425936 kB
Committed_AS:   32271236 kB
VmallocTotal:   34359738367 kB
VmallocUsed:      168824 kB
VmallocChunk:          0 kB
Percpu:            22912 kB
HardwareCorrupted:     0 kB
AnonHugePages:         0 kB
ShmemHugePages:        0 kB
ShmemPmdMapped:        0 kB
FileHugePages:         0 kB
FilePmdMapped:         0 kB
Unaccepted:            0 kB
HugePages_Total:       0
HugePages_Free:        0
HugePages_Rsvd:        0
HugePages_Surp:        0
Hugepagesize:       2048 kB
Hugetlb:               0 kB
DirectMap4k:     1915368 kB
DirectMap2M:    17211392 kB
DirectMap1G:    14680064 kB

/sys/kernel/mm/transparent_hugepage/enabled: always [madvise] never
/sys/kernel/mm/transparent_hugepage/hpage_pmd_size: 2097152
/sys/kernel/mm/transparent_hugepage/defrag (defrag/compaction efforts parameter): always defer defer+madvise [madvise] never

Process Memory:
Virtual Size: 17838500K (peak: 17901076K)
Resident Set Size: 343596K (peak: 343596K) (anon: 175420K, file: 159984K, shmem: 8192K)
Swapped out: 0K
C-Heap outstanding allocations: 83375K, retained: 18500K
glibc malloc tunables: (default)

/proc/sys/kernel/threads-max (system-wide limit on the number of threads): 250026
/proc/sys/vm/max_map_count (maximum number of memory map areas a process may have): 1048576
/proc/sys/vm/swappiness (control to define how aggressively the kernel swaps out anonymous memory): 60
/proc/sys/kernel/pid_max (system-wide limit on number of process identifiers): 4194304

container (cgroup) information:
container_type: cgroupv2
cpu_cpuset_cpus: not supported
cpu_memory_nodes: not supported
active_processor_count: 16
cpu_quota: not supported
cpu_period: not supported
cpu_shares: not supported
memory_limit_in_bytes: unlimited
memory_and_swap_limit_in_bytes: unlimited
memory_soft_limit_in_bytes: unlimited
memory_usage_in_bytes: 3528464 k
memory_max_usage_in_bytes: not supported
memory_swap_current_in_bytes: unlimited
memory_swap_max_limit_in_bytes: unlimited
maximum number of tasks: 37503
current number of tasks: 180

Steal ticks since vm start: 0
Steal ticks percentage since vm start:  0.000

CPU: total 16 (initial active 16) (16 cores per cpu, 2 threads per core) family 25 model 68 stepping 1 microcode 0xa404101, cx8, cmov, fxsr, ht, mmx, 3dnowpref, sse, sse2, sse3, ssse3, sse4a, sse4.1, sse4.2, popcnt, lzcnt, tsc, tscinvbit, avx, avx2, aes, clmul, bmi1, bmi2, adx, sha, fma, vzeroupper, clflush, clflushopt, rdtscp, rdpid, f16c, pku, ospke, cet_ss
CPU Model and flags from /proc/cpuinfo:
model name	: AMD Ryzen 9 6900HS with Radeon Graphics
flags		: fpu vme de pse tsc msr pae mce cx8 apic sep mtrr pge mca cmov pat pse36 clflush mmx fxsr sse sse2 ht syscall nx mmxext fxsr_opt pdpe1gb rdtscp lm constant_tsc rep_good nopl nonstop_tsc cpuid extd_apicid aperfmperf rapl pni pclmulqdq monitor ssse3 fma cx16 sse4_1 sse4_2 x2apic movbe popcnt aes xsave avx f16c rdrand lahf_lm cmp_legacy svm extapic cr8_legacy abm sse4a misalignsse 3dnowprefetch osvw ibs skinit wdt tce topoext perfctr_core perfctr_nb bpext perfctr_llc mwaitx cpb cat_l3 cdp_l3 hw_pstate ssbd mba ibrs ibpb stibp vmmcall fsgsbase bmi1 avx2 smep bmi2 invpcid cqm rdt_a rdseed adx smap clflushopt clwb sha_ni xsaveopt xsavec xgetbv1 xsaves cqm_llc cqm_occup_llc cqm_mbm_total cqm_mbm_local user_shstk clzero irperf xsaveerptr rdpru wbnoinvd cppc arat npt lbrv svm_lock nrip_save tsc_scale vmcb_clean flushbyasid decodeassists pausefilter pfthreshold avic v_vmsave_vmload vgif v_spec_ctrl umip pku ospke vaes vpclmulqdq rdpid overflow_recov succor smca debug_swap

Online cpus: 0-15
Offline cpus: 
BIOS frequency limitation: <Not Available>
Frequency switch latency (ns): 0
Available cpu frequencies: <Not Available>
Current governor: powersave
Core performance/turbo boost: <Not Available>

Memory: 4k page, physical 32074664k(24054732k free), swap 8388604k(8388604k free)
Page Sizes: 4k

vm_info: OpenJDK 64-Bit Server VM (21.0.5+11-Ubuntu-1ubuntu124.04) for linux-amd64 JRE (21.0.5+11-Ubuntu-1ubuntu124.04), built on 2024-10-22T07:47:02Z by "buildd" with gcc 13.2.0

END.
