#
# A fatal error has been detected by the Java Runtime Environment:
#
#  SIGSEGV (0xb) at pc=0x0000706990a4b06e, pid=4238, tid=4242
#
# JRE version: OpenJDK Runtime Environment (21.0.4+7) (build 21.0.4+7-Ubuntu-1ubuntu224.04)
# Java VM: OpenJDK 64-Bit Server VM (21.0.4+7-Ubuntu-1ubuntu224.04, mixed mode, sharing, tiered, compressed oops, compressed class ptrs, g1 gc, linux-amd64)
# Problematic frame:
# C  [libcuda.so.1+0x24b06e]
#
# Core dump will be written. Default location: Core dumps may be processed with "/usr/share/apport/apport -p%p -s%s -c%c -d%d -P%P -u%u -g%g -- %E" (or dumping to /home/dov/projects/NeighborhoodPIG/core.4238)
#
# If you would like to submit a bug report, please visit:
#   https://bugs.launchpad.net/ubuntu/+source/openjdk-21
# The crash happened outside the Java Virtual Machine in native code.
# See problematic frame for where to report the bug.
#

---------------  S U M M A R Y ------------

Command Line: -Dfile.encoding=UTF-8 -agentlib:jdwp=transport=dt_socket,address=localhost:46663 --module-path=/home/dov/projects/NeighborhoodPIG/build/classes main.NeighborhoodPIG

Host: AMD Ryzen 9 6900HS with Radeon Graphics, 16 cores, 30G, Ubuntu 24.04.1 LTS
Time: Fri Nov  1 15:21:33 2024 IST elapsed time: 7.170730 seconds (0d 0h 0m 7s)

---------------  T H R E A D  ---------------

Current thread (0x00007069bc01b940):  JavaThread "main"             [_thread_in_native, id=4242, stack(0x00007069c1d00000,0x00007069c1e00000) (1024K)]

Stack: [0x00007069c1d00000,0x00007069c1e00000],  sp=0x00007069c1dfe330,  free space=1016k
Native frames: (J=compiled Java code, j=interpreted, Vv=VM code, C=native code)
C  [libcuda.so.1+0x24b06e]
C  [libcuda.so.1+0x24b5f8]
C  [libcuda.so.1+0x2f19c3]
j  jcuda.driver.JCudaDriver.cuStreamSynchronizeNative(Ljcuda/driver/CUstream;)I+0
j  jcuda.driver.JCudaDriver.cuStreamSynchronize(Ljcuda/driver/CUstream;)I+1
j  JCudaWrapper.resourceManagement.Handle.get()Ljcuda/jcublas/cublasHandle;+11
j  JCudaWrapper.array.DStrideArray.multMatMatStridedBatched(LJCudaWrapper/resourceManagement/Handle;ZZIIIDLJCudaWrapper/array/DStrideArray;ILJCudaWrapper/array/DStrideArray;IDI)V+70
j  JCudaWrapper.algebra.Vector.addBatchVecVecMult(DLJCudaWrapper/algebra/VectorsStride;LJCudaWrapper/algebra/VectorsStride;D)V+53
j  JCudaWrapper.algebra.VectorsStride.norms(LJCudaWrapper/array/DArray;)LJCudaWrapper/algebra/Vector;+19
j  JCudaWrapper.algebra.VectorsStride.setVectorMagnitudes(DLJCudaWrapper/array/DArray;)LJCudaWrapper/algebra/VectorsStride;+13
j  main.StructureTensorMatrix.getRGB()[[[D+33
j  main.NeighborhoodPIG.orientationColored(Ljava/lang/String;)V+4
j  main.NeighborhoodPIG.main([Ljava/lang/String;)V+14
v  ~StubRoutines::call_stub 0x00007069abc5fcc6
V  [libjvm.so+0x90841a]  JavaCalls::call_helper(JavaValue*, methodHandle const&, JavaCallArguments*, JavaThread*)+0x2da
V  [libjvm.so+0x9ae72d]  jni_invoke_static(JNIEnv_*, JavaValue*, _jobject*, JNICallType, _jmethodID*, JNI_ArgumentPusher*, JavaThread*) [clone .constprop.1]+0x35d
V  [libjvm.so+0x9b0c7f]  jni_CallStaticVoidMethod+0x12f
C  [libjli.so+0x55be]  JavaMain+0xfde
C  [libjli.so+0x844d]  ThreadJavaMain+0xd
C  [libc.so.6+0x9ca94]
Java frames: (J=compiled Java code, j=interpreted, Vv=VM code)
j  jcuda.driver.JCudaDriver.cuStreamSynchronizeNative(Ljcuda/driver/CUstream;)I+0
j  jcuda.driver.JCudaDriver.cuStreamSynchronize(Ljcuda/driver/CUstream;)I+1
j  JCudaWrapper.resourceManagement.Handle.get()Ljcuda/jcublas/cublasHandle;+11
j  JCudaWrapper.array.DStrideArray.multMatMatStridedBatched(LJCudaWrapper/resourceManagement/Handle;ZZIIIDLJCudaWrapper/array/DStrideArray;ILJCudaWrapper/array/DStrideArray;IDI)V+70
j  JCudaWrapper.algebra.Vector.addBatchVecVecMult(DLJCudaWrapper/algebra/VectorsStride;LJCudaWrapper/algebra/VectorsStride;D)V+53
j  JCudaWrapper.algebra.VectorsStride.norms(LJCudaWrapper/array/DArray;)LJCudaWrapper/algebra/Vector;+19
j  JCudaWrapper.algebra.VectorsStride.setVectorMagnitudes(DLJCudaWrapper/array/DArray;)LJCudaWrapper/algebra/VectorsStride;+13
j  main.StructureTensorMatrix.getRGB()[[[D+33
j  main.NeighborhoodPIG.orientationColored(Ljava/lang/String;)V+4
j  main.NeighborhoodPIG.main([Ljava/lang/String;)V+14
v  ~StubRoutines::call_stub 0x00007069abc5fcc6

siginfo: si_signo: 11 (SIGSEGV), si_code: 1 (SEGV_MAPERR), si_addr: 0x0000706ebaa341bf

Registers:
RAX=0x00007069bc62bbf0, RBX=0x00007069c1dfe448, RCX=0x0000000000000002, RDX=0x00007069be7b7140
RSP=0x00007069c1dfe330, RBP=0x00007069c1dfe390, RSI=0x0000000000000000, RDI=0x00007069bc62bbf0
R8 =0x00007069c1dfe3c8, R9 =0x0000000000000000, R10=0x00007069be7b7140, R11=0x0000706ebaa33dd7
R12=0x00007069c1dfe3c8, R13=0x00007069bc62bbf0, R14=0x00007069c1dfe558, R15=0x00007069bc01b940
RIP=0x0000706990a4b06e, EFLAGS=0x0000000000010206, CSGSFS=0x002b000000000033, ERR=0x0000000000000004
  TRAPNO=0x000000000000000e


Register to memory mapping:

RAX=0x00007069bc62bbf0 points into unknown readable memory: 0x00007069bc632cf0 | f0 2c 63 bc 69 70 00 00
RBX=0x00007069c1dfe448 is pointing into the stack for thread: 0x00007069bc01b940
RCX=0x0000000000000002 is an unknown value
RDX=0x00007069be7b7140 points into unknown readable memory: 0x00007069bc336da0 | a0 6d 33 bc 69 70 00 00
RSP=0x00007069c1dfe330 is pointing into the stack for thread: 0x00007069bc01b940
RBP=0x00007069c1dfe390 is pointing into the stack for thread: 0x00007069bc01b940
RSI=0x0 is null
RDI=0x00007069bc62bbf0 points into unknown readable memory: 0x00007069bc632cf0 | f0 2c 63 bc 69 70 00 00
R8 =0x00007069c1dfe3c8 is pointing into the stack for thread: 0x00007069bc01b940
R9 =0x0 is null
R10=0x00007069be7b7140 points into unknown readable memory: 0x00007069bc336da0 | a0 6d 33 bc 69 70 00 00
R11=0x0000706ebaa33dd7 is an unknown value
R12=0x00007069c1dfe3c8 is pointing into the stack for thread: 0x00007069bc01b940
R13=0x00007069bc62bbf0 points into unknown readable memory: 0x00007069bc632cf0 | f0 2c 63 bc 69 70 00 00
R14=0x00007069c1dfe558 is pointing into the stack for thread: 0x00007069bc01b940
R15=0x00007069bc01b940 is a thread

Top of Stack: (sp=0x00007069c1dfe330)
0x00007069c1dfe330:   00007069bc01c5a8 00000000000000d8
0x00007069c1dfe340:   00007069c1dfeab0 00007069bc01b940
0x00007069c1dfe350:   00007069bc01b940 00007069bc01c480
0x00007069c1dfe360:   00007069bc01c4c0 00007069c1dfe448
0x00007069c1dfe370:   0000000000000000 00007069c1dfe440
0x00007069c1dfe380:   00007069c1dfe558 00007069bc01b940
0x00007069c1dfe390:   00007069c1dfe400 0000706990a4b5f8
0x00007069c1dfe3a0:   00007069bc01c5a8 00000000000000d8
0x00007069c1dfe3b0:   00007069c1dfeab0 00007069bc01b940
0x00007069c1dfe3c0:   00007069bc01b940 0000000000000000
0x00007069c1dfe3d0:   0000000000000000 00007069304df2e0
0x00007069c1dfe3e0:   00007069be7b7140 00007069304df2e0
0x00007069c1dfe3f0:   00007069c1dfe558 00007069bc01b940
0x00007069c1dfe400:   00007069c1dfe4d0 0000706990af19c3
0x00007069c1dfe410:   00007069c1dfe558 0000000000000001
0x00007069c1dfe420:   000003e700000002 0000000000000000
0x00007069c1dfe430:   0000000000000000 00007069bc62bbf0
0x00007069c1dfe440:   0000000000000000 0000000000000000
0x00007069c1dfe450:   00007069abc66a90 0000000000000000
0x00007069c1dfe460:   0000700000000000 00007069c1dfe538
0x00007069c1dfe470:   00007069c1dfe4f0 00007069abc6d2f1
0x00007069c1dfe480:   00007069c1dfe4f0 00007069abc6e738
0x00007069c1dfe490:   00007069abc66a90 0000000000000000
0x00007069c1dfe4a0:   0000700000000000 00007069c1dfe538
0x00007069c1dfe4b0:   00007069bc01bcf8 000070692de3604a
0x00007069c1dfe4c0:   00007069304df2e0 0000000000000000
0x00007069c1dfe4d0:   00007069c1dfe538 00007069abc6eb6d
0x00007069c1dfe4e0:   00007069c1dfe560 00007069abc6e738
0x00007069c1dfe4f0:   00007069c1dfe4f0 00007069304df2e0
0x00007069c1dfe500:   0000000000000004 00007069304e3900
0x00007069c1dfe510:   0000000000000000 00000006348437b0
0x00007069c1dfe520:   00007069304df2e0 0000000000000000 

Instructions: (pc=0x0000706990a4b06e)
0x0000706990a4af6e:   f6 c2 10 75 ba 83 e2 08 b8 8a 03 00 00 75 da 48
0x0000706990a4af7e:   8b 59 08 4c 8d 63 08 4c 89 e7 e8 23 3a e9 ff 48
0x0000706990a4af8e:   8b 5b 38 48 85 db 74 2d 66 2e 0f 1f 84 00 00 00
0x0000706990a4af9e:   00 00 48 8b bb e8 03 00 00 48 85 ff 74 0b f6 43
0x0000706990a4afae:   50 04 74 05 e8 c9 9a 29 00 48 8b 9b 58 01 00 00
0x0000706990a4afbe:   48 85 db 75 dd 4c 89 e7 e8 15 35 e9 ff b8 8a 03
0x0000706990a4afce:   00 00 eb 85 66 0f 1f 44 00 00 83 f8 02 ba 91 01
0x0000706990a4afde:   00 00 b8 00 00 00 00 5b 0f 44 c2 41 5c 5d c3 0f
0x0000706990a4afee:   1f 00 e8 8b 9a 29 00 b8 84 03 00 00 e9 58 ff ff
0x0000706990a4affe:   ff 90 55 48 89 e5 41 57 41 56 41 55 49 89 fd 41
0x0000706990a4b00e:   54 4d 89 c4 53 48 83 ec 38 49 c7 00 00 00 00 00
0x0000706990a4b01e:   48 85 f6 0f 84 b9 00 00 00 44 8b 0e 41 ba 00 00
0x0000706990a4b02e:   00 00 48 89 f3 45 85 c9 4c 0f 45 d6 48 83 fa 02
0x0000706990a4b03e:   77 20 48 85 d2 74 5b 48 83 fa 02 0f 85 81 00 00
0x0000706990a4b04e:   00 4d 85 d2 0f 84 a8 00 00 00 41 b8 90 01 00 00
0x0000706990a4b05e:   eb 28 4c 8b 1a 4d 85 db 74 f0 49 39 5b 10 75 ea
0x0000706990a4b06e:   49 83 bb e8 03 00 00 00 75 09 4d 85 ed 0f 85 57
0x0000706990a4b07e:   01 00 00 4d 89 1c 24 45 31 c0 48 8d 65 d8 44 89
0x0000706990a4b08e:   c0 5b 41 5c 41 5d 41 5e 41 5f 5d c3 66 0f 1f 44
0x0000706990a4b09e:   00 00 83 f9 02 0f 84 27 02 00 00 83 f9 03 0f 84
0x0000706990a4b0ae:   06 02 00 00 83 f9 01 0f 84 e5 01 00 00 0f b6 05
0x0000706990a4b0be:   66 ac 91 01 c0 e8 03 83 e0 01 84 c0 0f 85 7f ff
0x0000706990a4b0ce:   ff ff 4d 85 d2 0f 84 ef 00 00 00 4d 8b 5a 68 eb
0x0000706990a4b0de:   84 90 48 83 fa 02 0f 86 6e ff ff ff 4c 8b 1a 4d
0x0000706990a4b0ee:   85 db 0f 85 78 ff ff ff e9 5d ff ff ff 0f 1f 44
0x0000706990a4b0fe:   00 00 4d 8b 5d 18 4d 85 db 74 0d 8b 43 38 41 39
0x0000706990a4b10e:   45 20 0f 84 9f 00 00 00 4c 8d b3 a0 03 00 00 4c
0x0000706990a4b11e:   89 55 a8 4d 8b 7d 10 4c 89 f7 e8 83 38 e9 ff 4c
0x0000706990a4b12e:   8b 9b c8 03 00 00 45 31 c0 4c 89 fe 4c 89 c2 41
0x0000706990a4b13e:   8b 3b 4c 89 5d b0 89 7d b8 e8 14 72 0d 00 4c 8b
0x0000706990a4b14e:   5d b0 48 83 ec 08 8b 7d b8 45 31 c0 41 89 c1 4c
0x0000706990a4b15e:   89 f9 49 8b 53 10 41 8b 73 0c 6a 00 e8 21 ee 2a 


Stack slot to memory mapping:

stack at sp + 0 slots: 0x00007069bc01c5a8 points into unknown readable memory: 0x0000000000000045 | 45 00 00 00 00 00 00 00
stack at sp + 1 slots: 0x00000000000000d8 is an unknown value
stack at sp + 2 slots: 0x00007069c1dfeab0 is pointing into the stack for thread: 0x00007069bc01b940
stack at sp + 3 slots: 0x00007069bc01b940 is a thread
stack at sp + 4 slots: 0x00007069bc01b940 is a thread
stack at sp + 5 slots: 0x00007069bc01c480 points into unknown readable memory: 0x00007069bc000002 | 02 00 00 bc 69 70 00 00
stack at sp + 6 slots: 0x00007069bc01c4c0 points into unknown readable memory: 0x0000000000000000 | 00 00 00 00 00 00 00 00
stack at sp + 7 slots: 0x00007069c1dfe448 is pointing into the stack for thread: 0x00007069bc01b940


---------------  P R O C E S S  ---------------

Threads class SMR info:
_java_thread_list=0x00007068f40337f0, length=15, elements={
0x00007069bc01b940, 0x00007069bc13a1f0, 0x00007069bc13b680, 0x00007069bc13d150,
0x00007069bc13e7a0, 0x00007069bc13fd50, 0x00007069bc141920, 0x00007069bc142ff0,
0x00007069bc162150, 0x00007069bc1a58e0, 0x00007069bc1bd050, 0x00007068e8001110,
0x00007069bc1be2a0, 0x00007069bd537140, 0x00007069bd567990
}

Java Threads: ( => current thread )
=>0x00007069bc01b940 JavaThread "main"                              [_thread_in_native, id=4242, stack(0x00007069c1d00000,0x00007069c1e00000) (1024K)]
  0x00007069bc13a1f0 JavaThread "Reference Handler"          daemon [_thread_blocked, id=4251, stack(0x00007069985fb000,0x00007069986fb000) (1024K)]
  0x00007069bc13b680 JavaThread "Finalizer"                  daemon [_thread_blocked, id=4252, stack(0x00007069984fb000,0x00007069985fb000) (1024K)]
  0x00007069bc13d150 JavaThread "Signal Dispatcher"          daemon [_thread_blocked, id=4253, stack(0x00007069983fb000,0x00007069984fb000) (1024K)]
  0x00007069bc13e7a0 JavaThread "Service Thread"             daemon [_thread_blocked, id=4254, stack(0x00007069982fb000,0x00007069983fb000) (1024K)]
  0x00007069bc13fd50 JavaThread "Monitor Deflation Thread"   daemon [_thread_blocked, id=4255, stack(0x00007069981fb000,0x00007069982fb000) (1024K)]
  0x00007069bc141920 JavaThread "C2 CompilerThread0"         daemon [_thread_blocked, id=4256, stack(0x00007069980fb000,0x00007069981fb000) (1024K)]
  0x00007069bc142ff0 JavaThread "C1 CompilerThread0"         daemon [_thread_blocked, id=4257, stack(0x0000706993100000,0x0000706993200000) (1024K)]
  0x00007069bc162150 JavaThread "Common-Cleaner"             daemon [_thread_blocked, id=4258, stack(0x0000706993000000,0x0000706993100000) (1024K)]
  0x00007069bc1a58e0 JavaThread "JDWP Transport Listener: dt_socket" daemon [_thread_blocked, id=4261, stack(0x0000706992d00000,0x0000706992e00000) (1024K)]
  0x00007069bc1bd050 JavaThread "JDWP Event Helper Thread"   daemon [_thread_blocked, id=4263, stack(0x0000706992c00000,0x0000706992d00000) (1024K)]
  0x00007068e8001110 JavaThread "JDWP Command Reader"        daemon [_thread_in_native, id=4265, stack(0x0000706992b00000,0x0000706992c00000) (1024K)]
  0x00007069bc1be2a0 JavaThread "Notification Thread"        daemon [_thread_blocked, id=4267, stack(0x0000706992a00000,0x0000706992b00000) (1024K)]
  0x00007069bd537140 JavaThread "pool-1-thread-1"            daemon [_thread_blocked, id=4274, stack(0x0000706992e00000,0x0000706992f00000) (1024K)]
  0x00007069bd567990 JavaThread "Java2D Disposer"            daemon [_thread_blocked, id=4275, stack(0x0000706987f00000,0x0000706988000000) (1024K)]
Total: 15

Other Threads:
  0x00007069bc12cca0 VMThread "VM Thread"                           [id=4250, stack(0x00007069986fc000,0x00007069987fc000) (1024K)]
  0x00007069bc112450 WatcherThread "VM Periodic Task Thread"        [id=4248, stack(0x00007069987fd000,0x00007069988fd000) (1024K)]
  0x00007069bc046600 WorkerThread "GC Thread#0"                     [id=4243, stack(0x00007069c0c65000,0x00007069c0d65000) (1024K)]
  0x00007069bc057100 ConcurrentGCThread "G1 Main Marker"            [id=4244, stack(0x00007069c0b64000,0x00007069c0c64000) (1024K)]
  0x00007069bc0580b0 WorkerThread "G1 Conc#0"                       [id=4245, stack(0x00007069c0a63000,0x00007069c0b63000) (1024K)]
  0x00007069bc0ffcc0 ConcurrentGCThread "G1 Refine#0"               [id=4246, stack(0x00007069989ff000,0x0000706998aff000) (1024K)]
  0x00007069bc100c80 ConcurrentGCThread "G1 Service"                [id=4247, stack(0x00007069988fe000,0x00007069989fe000) (1024K)]
Total: 7

Threads with active compile tasks:
Total: 0

VM state: not at safepoint (normal execution)

VM Mutex/Monitor currently owned by a thread: None

Heap address: 0x0000000616800000, size: 7832 MB, Compressed Oops mode: Zero based, Oop shift amount: 3

CDS archive(s) mapped at: [0x000070693b000000-0x000070693bcae000-0x000070693bcae000), size 13295616, SharedBaseAddress: 0x000070693b000000, ArchiveRelocationMode: 1.
Compressed class space mapped at: 0x000070693c000000-0x000070697c000000, reserved size: 1073741824
Narrow klass base: 0x000070693b000000, Narrow klass shift: 0, Narrow klass range: 0x100000000

GC Precious Log:
 CardTable entry size: 512
 Card Set container configuration: InlinePtr #cards 4 size 8 Array Of Cards #cards 32 size 80 Howl #buckets 8 coarsen threshold 7372 Howl Bitmap #cards 1024 size 144 coarsen threshold 921 Card regions per heap region 1 cards per card region 8192
 CPUs: 16 total, 16 available
 Memory: 31322M
 Large Page Support: Disabled
 NUMA Support: Disabled
 Compressed Oops: Enabled (Zero based)
 Heap Region Size: 4M
 Heap Min Capacity: 8M
 Heap Initial Capacity: 492M
 Heap Max Capacity: 7832M
 Pre-touch: Disabled
 Parallel Workers: 13
 Concurrent Workers: 3
 Concurrent Refinement Workers: 13
 Periodic GC: Disabled

Heap:
 garbage-first heap   total 507904K, used 9246K [0x0000000616800000, 0x0000000800000000)
  region size 4096K, 3 young (12288K), 0 survivors (0K)
 Metaspace       used 3411K, committed 3584K, reserved 1114112K
  class space    used 289K, committed 384K, reserved 1048576K

Heap Regions: E=young(eden), S=young(survivor), O=old, HS=humongous(starts), HC=humongous(continues), CS=collection set, F=free, TAMS=top-at-mark-start, PB=parsable bottom
|   0|0x0000000616800000, 0x0000000616800000, 0x0000000616c00000|  0%| F|  |TAMS 0x0000000616800000| PB 0x0000000616800000| Untracked 
|   1|0x0000000616c00000, 0x0000000616c00000, 0x0000000617000000|  0%| F|  |TAMS 0x0000000616c00000| PB 0x0000000616c00000| Untracked 
|   2|0x0000000617000000, 0x0000000617000000, 0x0000000617400000|  0%| F|  |TAMS 0x0000000617000000| PB 0x0000000617000000| Untracked 
|   3|0x0000000617400000, 0x0000000617400000, 0x0000000617800000|  0%| F|  |TAMS 0x0000000617400000| PB 0x0000000617400000| Untracked 
|   4|0x0000000617800000, 0x0000000617800000, 0x0000000617c00000|  0%| F|  |TAMS 0x0000000617800000| PB 0x0000000617800000| Untracked 
|   5|0x0000000617c00000, 0x0000000617c00000, 0x0000000618000000|  0%| F|  |TAMS 0x0000000617c00000| PB 0x0000000617c00000| Untracked 
|   6|0x0000000618000000, 0x0000000618000000, 0x0000000618400000|  0%| F|  |TAMS 0x0000000618000000| PB 0x0000000618000000| Untracked 
|   7|0x0000000618400000, 0x0000000618400000, 0x0000000618800000|  0%| F|  |TAMS 0x0000000618400000| PB 0x0000000618400000| Untracked 
|   8|0x0000000618800000, 0x0000000618800000, 0x0000000618c00000|  0%| F|  |TAMS 0x0000000618800000| PB 0x0000000618800000| Untracked 
|   9|0x0000000618c00000, 0x0000000618c00000, 0x0000000619000000|  0%| F|  |TAMS 0x0000000618c00000| PB 0x0000000618c00000| Untracked 
|  10|0x0000000619000000, 0x0000000619000000, 0x0000000619400000|  0%| F|  |TAMS 0x0000000619000000| PB 0x0000000619000000| Untracked 
|  11|0x0000000619400000, 0x0000000619400000, 0x0000000619800000|  0%| F|  |TAMS 0x0000000619400000| PB 0x0000000619400000| Untracked 
|  12|0x0000000619800000, 0x0000000619800000, 0x0000000619c00000|  0%| F|  |TAMS 0x0000000619800000| PB 0x0000000619800000| Untracked 
|  13|0x0000000619c00000, 0x0000000619c00000, 0x000000061a000000|  0%| F|  |TAMS 0x0000000619c00000| PB 0x0000000619c00000| Untracked 
|  14|0x000000061a000000, 0x000000061a000000, 0x000000061a400000|  0%| F|  |TAMS 0x000000061a000000| PB 0x000000061a000000| Untracked 
|  15|0x000000061a400000, 0x000000061a400000, 0x000000061a800000|  0%| F|  |TAMS 0x000000061a400000| PB 0x000000061a400000| Untracked 
|  16|0x000000061a800000, 0x000000061a800000, 0x000000061ac00000|  0%| F|  |TAMS 0x000000061a800000| PB 0x000000061a800000| Untracked 
|  17|0x000000061ac00000, 0x000000061ac00000, 0x000000061b000000|  0%| F|  |TAMS 0x000000061ac00000| PB 0x000000061ac00000| Untracked 
|  18|0x000000061b000000, 0x000000061b000000, 0x000000061b400000|  0%| F|  |TAMS 0x000000061b000000| PB 0x000000061b000000| Untracked 
|  19|0x000000061b400000, 0x000000061b400000, 0x000000061b800000|  0%| F|  |TAMS 0x000000061b400000| PB 0x000000061b400000| Untracked 
|  20|0x000000061b800000, 0x000000061b800000, 0x000000061bc00000|  0%| F|  |TAMS 0x000000061b800000| PB 0x000000061b800000| Untracked 
|  21|0x000000061bc00000, 0x000000061bc00000, 0x000000061c000000|  0%| F|  |TAMS 0x000000061bc00000| PB 0x000000061bc00000| Untracked 
|  22|0x000000061c000000, 0x000000061c000000, 0x000000061c400000|  0%| F|  |TAMS 0x000000061c000000| PB 0x000000061c000000| Untracked 
|  23|0x000000061c400000, 0x000000061c400000, 0x000000061c800000|  0%| F|  |TAMS 0x000000061c400000| PB 0x000000061c400000| Untracked 
|  24|0x000000061c800000, 0x000000061c800000, 0x000000061cc00000|  0%| F|  |TAMS 0x000000061c800000| PB 0x000000061c800000| Untracked 
|  25|0x000000061cc00000, 0x000000061cc00000, 0x000000061d000000|  0%| F|  |TAMS 0x000000061cc00000| PB 0x000000061cc00000| Untracked 
|  26|0x000000061d000000, 0x000000061d000000, 0x000000061d400000|  0%| F|  |TAMS 0x000000061d000000| PB 0x000000061d000000| Untracked 
|  27|0x000000061d400000, 0x000000061d400000, 0x000000061d800000|  0%| F|  |TAMS 0x000000061d400000| PB 0x000000061d400000| Untracked 
|  28|0x000000061d800000, 0x000000061d800000, 0x000000061dc00000|  0%| F|  |TAMS 0x000000061d800000| PB 0x000000061d800000| Untracked 
|  29|0x000000061dc00000, 0x000000061dc00000, 0x000000061e000000|  0%| F|  |TAMS 0x000000061dc00000| PB 0x000000061dc00000| Untracked 
|  30|0x000000061e000000, 0x000000061e000000, 0x000000061e400000|  0%| F|  |TAMS 0x000000061e000000| PB 0x000000061e000000| Untracked 
|  31|0x000000061e400000, 0x000000061e400000, 0x000000061e800000|  0%| F|  |TAMS 0x000000061e400000| PB 0x000000061e400000| Untracked 
|  32|0x000000061e800000, 0x000000061e800000, 0x000000061ec00000|  0%| F|  |TAMS 0x000000061e800000| PB 0x000000061e800000| Untracked 
|  33|0x000000061ec00000, 0x000000061ec00000, 0x000000061f000000|  0%| F|  |TAMS 0x000000061ec00000| PB 0x000000061ec00000| Untracked 
|  34|0x000000061f000000, 0x000000061f000000, 0x000000061f400000|  0%| F|  |TAMS 0x000000061f000000| PB 0x000000061f000000| Untracked 
|  35|0x000000061f400000, 0x000000061f400000, 0x000000061f800000|  0%| F|  |TAMS 0x000000061f400000| PB 0x000000061f400000| Untracked 
|  36|0x000000061f800000, 0x000000061f800000, 0x000000061fc00000|  0%| F|  |TAMS 0x000000061f800000| PB 0x000000061f800000| Untracked 
|  37|0x000000061fc00000, 0x000000061fc00000, 0x0000000620000000|  0%| F|  |TAMS 0x000000061fc00000| PB 0x000000061fc00000| Untracked 
|  38|0x0000000620000000, 0x0000000620000000, 0x0000000620400000|  0%| F|  |TAMS 0x0000000620000000| PB 0x0000000620000000| Untracked 
|  39|0x0000000620400000, 0x0000000620400000, 0x0000000620800000|  0%| F|  |TAMS 0x0000000620400000| PB 0x0000000620400000| Untracked 
|  40|0x0000000620800000, 0x0000000620800000, 0x0000000620c00000|  0%| F|  |TAMS 0x0000000620800000| PB 0x0000000620800000| Untracked 
|  41|0x0000000620c00000, 0x0000000620c00000, 0x0000000621000000|  0%| F|  |TAMS 0x0000000620c00000| PB 0x0000000620c00000| Untracked 
|  42|0x0000000621000000, 0x0000000621000000, 0x0000000621400000|  0%| F|  |TAMS 0x0000000621000000| PB 0x0000000621000000| Untracked 
|  43|0x0000000621400000, 0x0000000621400000, 0x0000000621800000|  0%| F|  |TAMS 0x0000000621400000| PB 0x0000000621400000| Untracked 
|  44|0x0000000621800000, 0x0000000621800000, 0x0000000621c00000|  0%| F|  |TAMS 0x0000000621800000| PB 0x0000000621800000| Untracked 
|  45|0x0000000621c00000, 0x0000000621c00000, 0x0000000622000000|  0%| F|  |TAMS 0x0000000621c00000| PB 0x0000000621c00000| Untracked 
|  46|0x0000000622000000, 0x0000000622000000, 0x0000000622400000|  0%| F|  |TAMS 0x0000000622000000| PB 0x0000000622000000| Untracked 
|  47|0x0000000622400000, 0x0000000622400000, 0x0000000622800000|  0%| F|  |TAMS 0x0000000622400000| PB 0x0000000622400000| Untracked 
|  48|0x0000000622800000, 0x0000000622800000, 0x0000000622c00000|  0%| F|  |TAMS 0x0000000622800000| PB 0x0000000622800000| Untracked 
|  49|0x0000000622c00000, 0x0000000622c00000, 0x0000000623000000|  0%| F|  |TAMS 0x0000000622c00000| PB 0x0000000622c00000| Untracked 
|  50|0x0000000623000000, 0x0000000623000000, 0x0000000623400000|  0%| F|  |TAMS 0x0000000623000000| PB 0x0000000623000000| Untracked 
|  51|0x0000000623400000, 0x0000000623400000, 0x0000000623800000|  0%| F|  |TAMS 0x0000000623400000| PB 0x0000000623400000| Untracked 
|  52|0x0000000623800000, 0x0000000623800000, 0x0000000623c00000|  0%| F|  |TAMS 0x0000000623800000| PB 0x0000000623800000| Untracked 
|  53|0x0000000623c00000, 0x0000000623c00000, 0x0000000624000000|  0%| F|  |TAMS 0x0000000623c00000| PB 0x0000000623c00000| Untracked 
|  54|0x0000000624000000, 0x0000000624000000, 0x0000000624400000|  0%| F|  |TAMS 0x0000000624000000| PB 0x0000000624000000| Untracked 
|  55|0x0000000624400000, 0x0000000624400000, 0x0000000624800000|  0%| F|  |TAMS 0x0000000624400000| PB 0x0000000624400000| Untracked 
|  56|0x0000000624800000, 0x0000000624800000, 0x0000000624c00000|  0%| F|  |TAMS 0x0000000624800000| PB 0x0000000624800000| Untracked 
|  57|0x0000000624c00000, 0x0000000624c00000, 0x0000000625000000|  0%| F|  |TAMS 0x0000000624c00000| PB 0x0000000624c00000| Untracked 
|  58|0x0000000625000000, 0x0000000625000000, 0x0000000625400000|  0%| F|  |TAMS 0x0000000625000000| PB 0x0000000625000000| Untracked 
|  59|0x0000000625400000, 0x0000000625400000, 0x0000000625800000|  0%| F|  |TAMS 0x0000000625400000| PB 0x0000000625400000| Untracked 
|  60|0x0000000625800000, 0x0000000625800000, 0x0000000625c00000|  0%| F|  |TAMS 0x0000000625800000| PB 0x0000000625800000| Untracked 
|  61|0x0000000625c00000, 0x0000000625c00000, 0x0000000626000000|  0%| F|  |TAMS 0x0000000625c00000| PB 0x0000000625c00000| Untracked 
|  62|0x0000000626000000, 0x0000000626000000, 0x0000000626400000|  0%| F|  |TAMS 0x0000000626000000| PB 0x0000000626000000| Untracked 
|  63|0x0000000626400000, 0x0000000626400000, 0x0000000626800000|  0%| F|  |TAMS 0x0000000626400000| PB 0x0000000626400000| Untracked 
|  64|0x0000000626800000, 0x0000000626800000, 0x0000000626c00000|  0%| F|  |TAMS 0x0000000626800000| PB 0x0000000626800000| Untracked 
|  65|0x0000000626c00000, 0x0000000626c00000, 0x0000000627000000|  0%| F|  |TAMS 0x0000000626c00000| PB 0x0000000626c00000| Untracked 
|  66|0x0000000627000000, 0x0000000627000000, 0x0000000627400000|  0%| F|  |TAMS 0x0000000627000000| PB 0x0000000627000000| Untracked 
|  67|0x0000000627400000, 0x0000000627400000, 0x0000000627800000|  0%| F|  |TAMS 0x0000000627400000| PB 0x0000000627400000| Untracked 
|  68|0x0000000627800000, 0x0000000627800000, 0x0000000627c00000|  0%| F|  |TAMS 0x0000000627800000| PB 0x0000000627800000| Untracked 
|  69|0x0000000627c00000, 0x0000000627c00000, 0x0000000628000000|  0%| F|  |TAMS 0x0000000627c00000| PB 0x0000000627c00000| Untracked 
|  70|0x0000000628000000, 0x0000000628000000, 0x0000000628400000|  0%| F|  |TAMS 0x0000000628000000| PB 0x0000000628000000| Untracked 
|  71|0x0000000628400000, 0x0000000628400000, 0x0000000628800000|  0%| F|  |TAMS 0x0000000628400000| PB 0x0000000628400000| Untracked 
|  72|0x0000000628800000, 0x0000000628800000, 0x0000000628c00000|  0%| F|  |TAMS 0x0000000628800000| PB 0x0000000628800000| Untracked 
|  73|0x0000000628c00000, 0x0000000628c00000, 0x0000000629000000|  0%| F|  |TAMS 0x0000000628c00000| PB 0x0000000628c00000| Untracked 
|  74|0x0000000629000000, 0x0000000629000000, 0x0000000629400000|  0%| F|  |TAMS 0x0000000629000000| PB 0x0000000629000000| Untracked 
|  75|0x0000000629400000, 0x0000000629400000, 0x0000000629800000|  0%| F|  |TAMS 0x0000000629400000| PB 0x0000000629400000| Untracked 
|  76|0x0000000629800000, 0x0000000629800000, 0x0000000629c00000|  0%| F|  |TAMS 0x0000000629800000| PB 0x0000000629800000| Untracked 
|  77|0x0000000629c00000, 0x0000000629c00000, 0x000000062a000000|  0%| F|  |TAMS 0x0000000629c00000| PB 0x0000000629c00000| Untracked 
|  78|0x000000062a000000, 0x000000062a000000, 0x000000062a400000|  0%| F|  |TAMS 0x000000062a000000| PB 0x000000062a000000| Untracked 
|  79|0x000000062a400000, 0x000000062a400000, 0x000000062a800000|  0%| F|  |TAMS 0x000000062a400000| PB 0x000000062a400000| Untracked 
|  80|0x000000062a800000, 0x000000062a800000, 0x000000062ac00000|  0%| F|  |TAMS 0x000000062a800000| PB 0x000000062a800000| Untracked 
|  81|0x000000062ac00000, 0x000000062ac00000, 0x000000062b000000|  0%| F|  |TAMS 0x000000062ac00000| PB 0x000000062ac00000| Untracked 
|  82|0x000000062b000000, 0x000000062b000000, 0x000000062b400000|  0%| F|  |TAMS 0x000000062b000000| PB 0x000000062b000000| Untracked 
|  83|0x000000062b400000, 0x000000062b400000, 0x000000062b800000|  0%| F|  |TAMS 0x000000062b400000| PB 0x000000062b400000| Untracked 
|  84|0x000000062b800000, 0x000000062b800000, 0x000000062bc00000|  0%| F|  |TAMS 0x000000062b800000| PB 0x000000062b800000| Untracked 
|  85|0x000000062bc00000, 0x000000062bc00000, 0x000000062c000000|  0%| F|  |TAMS 0x000000062bc00000| PB 0x000000062bc00000| Untracked 
|  86|0x000000062c000000, 0x000000062c000000, 0x000000062c400000|  0%| F|  |TAMS 0x000000062c000000| PB 0x000000062c000000| Untracked 
|  87|0x000000062c400000, 0x000000062c400000, 0x000000062c800000|  0%| F|  |TAMS 0x000000062c400000| PB 0x000000062c400000| Untracked 
|  88|0x000000062c800000, 0x000000062c800000, 0x000000062cc00000|  0%| F|  |TAMS 0x000000062c800000| PB 0x000000062c800000| Untracked 
|  89|0x000000062cc00000, 0x000000062cc00000, 0x000000062d000000|  0%| F|  |TAMS 0x000000062cc00000| PB 0x000000062cc00000| Untracked 
|  90|0x000000062d000000, 0x000000062d000000, 0x000000062d400000|  0%| F|  |TAMS 0x000000062d000000| PB 0x000000062d000000| Untracked 
|  91|0x000000062d400000, 0x000000062d400000, 0x000000062d800000|  0%| F|  |TAMS 0x000000062d400000| PB 0x000000062d400000| Untracked 
|  92|0x000000062d800000, 0x000000062d800000, 0x000000062dc00000|  0%| F|  |TAMS 0x000000062d800000| PB 0x000000062d800000| Untracked 
|  93|0x000000062dc00000, 0x000000062dc00000, 0x000000062e000000|  0%| F|  |TAMS 0x000000062dc00000| PB 0x000000062dc00000| Untracked 
|  94|0x000000062e000000, 0x000000062e000000, 0x000000062e400000|  0%| F|  |TAMS 0x000000062e000000| PB 0x000000062e000000| Untracked 
|  95|0x000000062e400000, 0x000000062e400000, 0x000000062e800000|  0%| F|  |TAMS 0x000000062e400000| PB 0x000000062e400000| Untracked 
|  96|0x000000062e800000, 0x000000062e800000, 0x000000062ec00000|  0%| F|  |TAMS 0x000000062e800000| PB 0x000000062e800000| Untracked 
|  97|0x000000062ec00000, 0x000000062ec00000, 0x000000062f000000|  0%| F|  |TAMS 0x000000062ec00000| PB 0x000000062ec00000| Untracked 
|  98|0x000000062f000000, 0x000000062f000000, 0x000000062f400000|  0%| F|  |TAMS 0x000000062f000000| PB 0x000000062f000000| Untracked 
|  99|0x000000062f400000, 0x000000062f400000, 0x000000062f800000|  0%| F|  |TAMS 0x000000062f400000| PB 0x000000062f400000| Untracked 
| 100|0x000000062f800000, 0x000000062f800000, 0x000000062fc00000|  0%| F|  |TAMS 0x000000062f800000| PB 0x000000062f800000| Untracked 
| 101|0x000000062fc00000, 0x000000062fc00000, 0x0000000630000000|  0%| F|  |TAMS 0x000000062fc00000| PB 0x000000062fc00000| Untracked 
| 102|0x0000000630000000, 0x0000000630000000, 0x0000000630400000|  0%| F|  |TAMS 0x0000000630000000| PB 0x0000000630000000| Untracked 
| 103|0x0000000630400000, 0x0000000630400000, 0x0000000630800000|  0%| F|  |TAMS 0x0000000630400000| PB 0x0000000630400000| Untracked 
| 104|0x0000000630800000, 0x0000000630800000, 0x0000000630c00000|  0%| F|  |TAMS 0x0000000630800000| PB 0x0000000630800000| Untracked 
| 105|0x0000000630c00000, 0x0000000630c00000, 0x0000000631000000|  0%| F|  |TAMS 0x0000000630c00000| PB 0x0000000630c00000| Untracked 
| 106|0x0000000631000000, 0x0000000631000000, 0x0000000631400000|  0%| F|  |TAMS 0x0000000631000000| PB 0x0000000631000000| Untracked 
| 107|0x0000000631400000, 0x0000000631400000, 0x0000000631800000|  0%| F|  |TAMS 0x0000000631400000| PB 0x0000000631400000| Untracked 
| 108|0x0000000631800000, 0x0000000631800000, 0x0000000631c00000|  0%| F|  |TAMS 0x0000000631800000| PB 0x0000000631800000| Untracked 
| 109|0x0000000631c00000, 0x0000000631c00000, 0x0000000632000000|  0%| F|  |TAMS 0x0000000631c00000| PB 0x0000000631c00000| Untracked 
| 110|0x0000000632000000, 0x0000000632000000, 0x0000000632400000|  0%| F|  |TAMS 0x0000000632000000| PB 0x0000000632000000| Untracked 
| 111|0x0000000632400000, 0x0000000632400000, 0x0000000632800000|  0%| F|  |TAMS 0x0000000632400000| PB 0x0000000632400000| Untracked 
| 112|0x0000000632800000, 0x0000000632800000, 0x0000000632c00000|  0%| F|  |TAMS 0x0000000632800000| PB 0x0000000632800000| Untracked 
| 113|0x0000000632c00000, 0x0000000632c00000, 0x0000000633000000|  0%| F|  |TAMS 0x0000000632c00000| PB 0x0000000632c00000| Untracked 
| 114|0x0000000633000000, 0x0000000633000000, 0x0000000633400000|  0%| F|  |TAMS 0x0000000633000000| PB 0x0000000633000000| Untracked 
| 115|0x0000000633400000, 0x0000000633400000, 0x0000000633800000|  0%| F|  |TAMS 0x0000000633400000| PB 0x0000000633400000| Untracked 
| 116|0x0000000633800000, 0x0000000633800000, 0x0000000633c00000|  0%| F|  |TAMS 0x0000000633800000| PB 0x0000000633800000| Untracked 
| 117|0x0000000633c00000, 0x0000000633c00000, 0x0000000634000000|  0%| F|  |TAMS 0x0000000633c00000| PB 0x0000000633c00000| Untracked 
| 118|0x0000000634000000, 0x0000000634000000, 0x0000000634400000|  0%| F|  |TAMS 0x0000000634000000| PB 0x0000000634000000| Untracked 
| 119|0x0000000634400000, 0x0000000634400000, 0x0000000634800000|  0%| F|  |TAMS 0x0000000634400000| PB 0x0000000634400000| Untracked 
| 120|0x0000000634800000, 0x00000006348f6470, 0x0000000634c00000| 24%| E|  |TAMS 0x0000000634800000| PB 0x0000000634800000| Complete 
| 121|0x0000000634c00000, 0x0000000635000000, 0x0000000635000000|100%| E|CS|TAMS 0x0000000634c00000| PB 0x0000000634c00000| Complete 
| 122|0x0000000635000000, 0x0000000635400000, 0x0000000635400000|100%| E|CS|TAMS 0x0000000635000000| PB 0x0000000635000000| Complete 
|1957|0x00000007ffc00000, 0x00000007ffd079d8, 0x0000000800000000| 25%| O|  |TAMS 0x00000007ffc00000| PB 0x00000007ffc00000| Untracked 

Card table byte_map: [0x00007069a2800000,0x00007069a374c000] _byte_map_base: 0x000070699f74c000

Marking Bits: (CMBitMap*) 0x00007069bc047130
 Bits: [0x000070699ac00000, 0x00007069a2660000)

Polling page: 0x00007069c3ab7000

Metaspace:

Usage:
  Non-class:      3.05 MB used.
      Class:    289.82 KB used.
       Both:      3.33 MB used.

Virtual space:
  Non-class space:       64.00 MB reserved,       3.12 MB (  5%) committed,  1 nodes.
      Class space:        1.00 GB reserved,     384.00 KB ( <1%) committed,  1 nodes.
             Both:        1.06 GB reserved,       3.50 MB ( <1%) committed. 

Chunk freelists:
   Non-Class:  11.00 MB
       Class:  15.61 MB
        Both:  26.61 MB

MaxMetaspaceSize: unlimited
CompressedClassSpaceSize: 1.00 GB
Initial GC threshold: 21.00 MB
Current GC threshold: 21.00 MB
CDS: on
 - commit_granule_bytes: 65536.
 - commit_granule_words: 8192.
 - virtual_space_node_default_size: 8388608.
 - enlarge_chunks_in_place: 1.
 - use_allocation_guard: 0.


Internal statistics:

num_allocs_failed_limit: 0.
num_arena_births: 104.
num_arena_deaths: 0.
num_vsnodes_births: 2.
num_vsnodes_deaths: 0.
num_space_committed: 56.
num_space_uncommitted: 0.
num_chunks_returned_to_freelist: 0.
num_chunks_taken_from_freelist: 180.
num_chunk_merges: 0.
num_chunk_splits: 108.
num_chunks_enlarged: 49.
num_inconsistent_stats: 0.

CodeHeap 'non-profiled nmethods': size=119168Kb used=203Kb max_used=203Kb free=118964Kb
 bounds [0x00007069ac3a0000, 0x00007069ac610000, 0x00007069b3800000]
CodeHeap 'profiled nmethods': size=119164Kb used=1062Kb max_used=1062Kb free=118102Kb
 bounds [0x00007069a4800000, 0x00007069a4a70000, 0x00007069abc5f000]
CodeHeap 'non-nmethods': size=7428Kb used=1568Kb max_used=2139Kb free=5859Kb
 bounds [0x00007069abc5f000, 0x00007069abecf000, 0x00007069ac3a0000]
 total_blobs=1306 nmethods=704 adapters=508
 compilation: enabled
              stopped_count=0, restarted_count=0
 full_count=0

Compilation events (20 events):
Event: 1.877 Thread 0x000070690007f3c0 nmethod 693 0x00007069a4906790 code [0x00007069a4906920, 0x00007069a4906b00]
Event: 1.877 Thread 0x00007069bc142ff0 nmethod 692 0x00007069a4906b90 code [0x00007069a4906da0, 0x00007069a49073f8]
Event: 1.878 Thread 0x00007069bc142ff0  695       1       jdk.internal.loader.URLClassPath$Loader::getBaseURL (5 bytes)
Event: 1.878 Thread 0x00007069bc142ff0 nmethod 695 0x00007069ac3d1f10 code [0x00007069ac3d20a0, 0x00007069ac3d2168]
Event: 1.879 Thread 0x00007069bc142ff0  696       3       java.util.jar.JarFile::maybeInstantiateVerifier (42 bytes)
Event: 1.880 Thread 0x00007069bc142ff0 nmethod 696 0x00007069a4907690 code [0x00007069a4907860, 0x00007069a4907bd0]
Event: 1.880 Thread 0x00007069bc142ff0  697       1       java.net.URLStreamHandler::getDefaultPort (2 bytes)
Event: 1.880 Thread 0x00007069bc142ff0 nmethod 697 0x00007069ac3d2210 code [0x00007069ac3d23a0, 0x00007069ac3d2460]
Event: 1.880 Thread 0x00007069bc142ff0  698       3       jdk.internal.ref.CleanerFactory::cleaner (4 bytes)
Event: 1.880 Thread 0x00007069bc142ff0 nmethod 698 0x00007069a4907d10 code [0x00007069a4907ea0, 0x00007069a4907f90]
Event: 1.882 Thread 0x00007069bc141920  699       4       java.lang.invoke.MethodType::parameterCount (6 bytes)
Event: 1.882 Thread 0x00007069bc141920 nmethod 699 0x00007069ac3d2510 code [0x00007069ac3d2680, 0x00007069ac3d2728]
Event: 1.886 Thread 0x00007069bc142ff0  701       3       java.lang.String::indexOf (64 bytes)
Event: 1.886 Thread 0x000070690007f3c0  702       3       java.lang.StringLatin1::indexOf (25 bytes)
Event: 1.886 Thread 0x000070690007f3c0 nmethod 702 0x00007069a4908010 code [0x00007069a49081c0, 0x00007069a49083d0]
Event: 1.886 Thread 0x00007069bc142ff0 nmethod 701 0x00007069a4908490 code [0x00007069a49086a0, 0x00007069a4908b88]
Event: 1.889 Thread 0x00007069bc142ff0  704       3       JCudaWrapper.array.Array::checkUpperBound (51 bytes)
Event: 1.889 Thread 0x000070690007f3c0  703       3       JCudaWrapper.array.Array::checkAgainstLength (10 bytes)
Event: 1.890 Thread 0x000070690007f3c0 nmethod 703 0x00007069a4908d10 code [0x00007069a4908ea0, 0x00007069a4909078]
Event: 1.890 Thread 0x00007069bc142ff0 nmethod 704 0x00007069a4909110 code [0x00007069a49092e0, 0x00007069a4909648]

GC Heap History (0 events):
No events

Dll operation events (11 events):
Event: 0.002 Loaded shared library /usr/lib/jvm/java-21-openjdk-amd64/lib/libjava.so
Event: 0.037 Loaded shared library /usr/lib/jvm/java-21-openjdk-amd64/lib/libjsvml.so
Event: 0.041 Loaded shared library /usr/lib/jvm/java-21-openjdk-amd64/lib/libnio.so
Event: 0.158 Loaded shared library /usr/lib/jvm/java-21-openjdk-amd64/lib/libzip.so
Event: 0.223 Loaded shared library /usr/lib/jvm/java-21-openjdk-amd64/lib/libjimage.so
Event: 0.287 Loaded shared library /tmp/libJCublas2-12.0.0-linux-x86_64.so
Event: 1.696 Loaded shared library /tmp/libJCudaRuntime-12.0.0-linux-x86_64.so
Event: 1.728 Loaded shared library /usr/lib/jvm/java-21-openjdk-amd64/lib/libawt.so
Event: 1.734 Loaded shared library /usr/lib/jvm/java-21-openjdk-amd64/lib/libawt_xawt.so
Event: 1.783 Loaded shared library /usr/lib/jvm/java-21-openjdk-amd64/lib/libjavajpeg.so
Event: 1.867 Loaded shared library /tmp/libJCudaDriver-12.0.0-linux-x86_64.so

Deoptimization events (20 events):
Event: 1.718 Thread 0x00007069bc01b940 DEOPT PACKING pc=0x00007069ac3afbe0 sp=0x00007069c1dfcda0
Event: 1.718 Thread 0x00007069bc01b940 DEOPT UNPACKING pc=0x00007069abcb2f99 sp=0x00007069c1dfcd68 mode 2
Event: 1.731 Thread 0x00007069bc01b940 Uncommon trap: trap_request=0xffffff45 fr.pc=0x00007069ac3b2f6c relative=0x00000000000001cc
Event: 1.731 Thread 0x00007069bc01b940 Uncommon trap: reason=unstable_if action=reinterpret pc=0x00007069ac3b2f6c method=jdk.internal.util.ArraysSupport.vectorizedHashCode(Ljava/lang/Object;IIII)I @ 2 c2
Event: 1.731 Thread 0x00007069bc01b940 DEOPT PACKING pc=0x00007069ac3b2f6c sp=0x00007069c1dfa820
Event: 1.731 Thread 0x00007069bc01b940 DEOPT UNPACKING pc=0x00007069abcb2f99 sp=0x00007069c1dfa810 mode 2
Event: 1.864 Thread 0x00007069bc01b940 DEOPT PACKING pc=0x00007069a48182d9 sp=0x00007069c1dfa090
Event: 1.864 Thread 0x00007069bc01b940 DEOPT UNPACKING pc=0x00007069abcb372f sp=0x00007069c1df94d0 mode 0
Event: 1.882 Thread 0x00007069bc01b940 Uncommon trap: trap_request=0xffffffc6 fr.pc=0x00007069ac3b0c6c relative=0x0000000000000d2c
Event: 1.882 Thread 0x00007069bc01b940 Uncommon trap: reason=bimorphic_or_optimized_type_check action=maybe_recompile pc=0x00007069ac3b0c6c method=java.util.HashMap.putVal(ILjava/lang/Object;Ljava/lang/Object;ZZ)Ljava/lang/Object; @ 56 c2
Event: 1.882 Thread 0x00007069bc01b940 DEOPT PACKING pc=0x00007069ac3b0c6c sp=0x00007069c1dfe4f0
Event: 1.882 Thread 0x00007069bc01b940 DEOPT UNPACKING pc=0x00007069abcb2f99 sp=0x00007069c1dfe488 mode 2
Event: 1.887 Thread 0x00007069bc01b940 Uncommon trap: trap_request=0xffffffc6 fr.pc=0x00007069ac3b0c6c relative=0x0000000000000d2c
Event: 1.887 Thread 0x00007069bc01b940 Uncommon trap: reason=bimorphic_or_optimized_type_check action=maybe_recompile pc=0x00007069ac3b0c6c method=java.util.HashMap.putVal(ILjava/lang/Object;Ljava/lang/Object;ZZ)Ljava/lang/Object; @ 56 c2
Event: 1.887 Thread 0x00007069bc01b940 DEOPT PACKING pc=0x00007069ac3b0c6c sp=0x00007069c1dfe270
Event: 1.887 Thread 0x00007069bc01b940 DEOPT UNPACKING pc=0x00007069abcb2f99 sp=0x00007069c1dfe208 mode 2
Event: 1.889 Thread 0x00007069bc01b940 Uncommon trap: trap_request=0xffffffc6 fr.pc=0x00007069ac3b0c6c relative=0x0000000000000d2c
Event: 1.889 Thread 0x00007069bc01b940 Uncommon trap: reason=bimorphic_or_optimized_type_check action=maybe_recompile pc=0x00007069ac3b0c6c method=java.util.HashMap.putVal(ILjava/lang/Object;Ljava/lang/Object;ZZ)Ljava/lang/Object; @ 56 c2
Event: 1.889 Thread 0x00007069bc01b940 DEOPT PACKING pc=0x00007069ac3b0c6c sp=0x00007069c1dfe450
Event: 1.889 Thread 0x00007069bc01b940 DEOPT UNPACKING pc=0x00007069abcb2f99 sp=0x00007069c1dfe3e8 mode 2

Classes loaded (20 events):
Event: 1.799 Loading class java/util/stream/MatchOps$MatchKind
Event: 1.799 Loading class java/util/stream/MatchOps$MatchKind done
Event: 1.799 Loading class java/util/stream/MatchOps
Event: 1.800 Loading class java/util/stream/MatchOps done
Event: 1.800 Loading class java/util/stream/MatchOps$MatchOp
Event: 1.800 Loading class java/util/stream/MatchOps$MatchOp done
Event: 1.800 Loading class java/util/stream/MatchOps$BooleanTerminalSink
Event: 1.800 Loading class java/util/stream/MatchOps$BooleanTerminalSink done
Event: 1.800 Loading class java/util/stream/MatchOps$2MatchSink
Event: 1.800 Loading class java/util/stream/MatchOps$2MatchSink done
Event: 1.801 Loading class java/util/stream/MatchOps$1MatchSink
Event: 1.801 Loading class java/util/stream/MatchOps$1MatchSink done
Event: 1.802 Loading class java/nio/HeapDoubleBuffer
Event: 1.802 Loading class java/nio/HeapDoubleBuffer done
Event: 1.838 Loading class java/awt/Dimension
Event: 1.838 Loading class java/awt/geom/Dimension2D
Event: 1.838 Loading class java/awt/geom/Dimension2D done
Event: 1.838 Loading class java/awt/Dimension done
Event: 1.882 Loading class java/nio/HeapIntBuffer
Event: 1.882 Loading class java/nio/HeapIntBuffer done

Classes unloaded (0 events):
No events

Classes redefined (0 events):
No events

Internal exceptions (13 events):
Event: 0.094 Thread 0x00007069bc01b940 Exception <a 'sun/nio/fs/UnixException'{0x0000000635070ea8}> (0x0000000635070ea8) 
thrown [./src/hotspot/share/prims/jni.cpp, line 520]
Event: 0.094 Thread 0x00007069bc01b940 Exception <a 'sun/nio/fs/UnixException'{0x00000006350715e8}> (0x00000006350715e8) 
thrown [./src/hotspot/share/prims/jni.cpp, line 520]
Event: 0.094 Thread 0x00007069bc01b940 Exception <a 'sun/nio/fs/UnixException'{0x0000000635071e18}> (0x0000000635071e18) 
thrown [./src/hotspot/share/prims/jni.cpp, line 520]
Event: 0.094 Thread 0x00007069bc01b940 Exception <a 'sun/nio/fs/UnixException'{0x0000000635072410}> (0x0000000635072410) 
thrown [./src/hotspot/share/prims/jni.cpp, line 520]
Event: 0.094 Thread 0x00007069bc01b940 Exception <a 'sun/nio/fs/UnixException'{0x00000006350729e0}> (0x00000006350729e0) 
thrown [./src/hotspot/share/prims/jni.cpp, line 520]
Event: 0.094 Thread 0x00007069bc01b940 Exception <a 'sun/nio/fs/UnixException'{0x0000000635072fc0}> (0x0000000635072fc0) 
thrown [./src/hotspot/share/prims/jni.cpp, line 520]
Event: 0.094 Thread 0x00007069bc01b940 Exception <a 'sun/nio/fs/UnixException'{0x0000000635073810}> (0x0000000635073810) 
thrown [./src/hotspot/share/prims/jni.cpp, line 520]
Event: 1.708 Thread 0x00007069bc01b940 Exception <a 'java/lang/NoSuchMethodError'{0x0000000634cd2998}: 'void java.lang.invoke.DirectMethodHandle$Holder.invokeStatic(java.lang.Object, java.lang.Object)'> (0x0000000634cd2998) 
thrown [./src/hotspot/share/interpreter/linkResolver.cpp, line 772]
Event: 1.718 Thread 0x00007069bc01b940 Implicit null exception at 0x00007069ac3afa63 to 0x00007069ac3afbd0
Event: 1.723 Thread 0x00007069bc01b940 Exception <a 'java/lang/ClassNotFoundException'{0x0000000634ce7080}: sun/awt/resources/spi/awtProvider> (0x0000000634ce7080) 
thrown [./src/hotspot/share/classfile/systemDictionary.cpp, line 312]
Event: 1.749 Thread 0x00007069bc01b940 Exception <a 'java/io/FileNotFoundException'{0x0000000634db5010}> (0x0000000634db5010) 
thrown [./src/hotspot/share/prims/jni.cpp, line 520]
Event: 1.808 Thread 0x00007069bc01b940 Exception <a 'java/lang/NoSuchMethodError'{0x0000000634e67a58}: 'java.lang.Object java.lang.invoke.DirectMethodHandle$Holder.invokeStatic(java.lang.Object, java.lang.Object, int)'> (0x0000000634e67a58) 
thrown [./src/hotspot/share/interpreter/linkResolver.cpp, line 772]
Event: 1.849 Thread 0x00007069bc01b940 Exception <a 'java/lang/NoSuchMethodError'{0x0000000634fcb368}: 'java.lang.Object java.lang.invoke.DirectMethodHandle$Holder.newInvokeSpecial(java.lang.Object, java.lang.Object, int)'> (0x0000000634fcb368) 
thrown [./src/hotspot/share/interpreter/linkResolver.cpp, line 772]

ZGC Phase Switch (0 events):
No events

VM Operations (20 events):
Event: 5.197 Executing VM operation: ChangeSingleStep
Event: 5.197 Executing VM operation: ChangeSingleStep done
Event: 5.200 Executing VM operation: ChangeSingleStep
Event: 5.200 Executing VM operation: ChangeSingleStep done
Event: 5.200 Executing VM operation: ChangeSingleStep
Event: 5.200 Executing VM operation: ChangeSingleStep done
Event: 5.200 Executing VM operation: ChangeSingleStep
Event: 5.200 Executing VM operation: ChangeSingleStep done
Event: 5.201 Executing VM operation: ChangeSingleStep
Event: 5.201 Executing VM operation: ChangeSingleStep done
Event: 5.201 Executing VM operation: ChangeSingleStep
Event: 5.201 Executing VM operation: ChangeSingleStep done
Event: 7.168 Executing VM operation: ChangeSingleStep
Event: 7.168 Executing VM operation: ChangeSingleStep done
Event: 7.170 Executing VM operation: ChangeSingleStep
Event: 7.170 Executing VM operation: ChangeSingleStep done
Event: 7.170 Executing VM operation: ChangeSingleStep
Event: 7.170 Executing VM operation: ChangeSingleStep done
Event: 7.170 Executing VM operation: ChangeSingleStep
Event: 7.170 Executing VM operation: ChangeSingleStep done

Memory protections (17 events):
Event: 0.002 Protecting memory [0x00007069c1d00000,0x00007069c1d04000] with protection modes 0
Event: 0.034 Protecting memory [0x00007069985fb000,0x00007069985ff000] with protection modes 0
Event: 0.034 Protecting memory [0x00007069984fb000,0x00007069984ff000] with protection modes 0
Event: 0.035 Protecting memory [0x00007069983fb000,0x00007069983ff000] with protection modes 0
Event: 0.035 Protecting memory [0x00007069982fb000,0x00007069982ff000] with protection modes 0
Event: 0.035 Protecting memory [0x00007069981fb000,0x00007069981ff000] with protection modes 0
Event: 0.035 Protecting memory [0x00007069980fb000,0x00007069980ff000] with protection modes 0
Event: 0.036 Protecting memory [0x0000706993100000,0x0000706993104000] with protection modes 0
Event: 0.077 Protecting memory [0x0000706993000000,0x0000706993004000] with protection modes 0
Event: 0.088 Protecting memory [0x0000706992f00000,0x0000706992f04000] with protection modes 0
Event: 0.109 Protecting memory [0x0000706992e00000,0x0000706992e04000] with protection modes 0
Event: 0.120 Protecting memory [0x0000706992d00000,0x0000706992d04000] with protection modes 0
Event: 0.121 Protecting memory [0x0000706992c00000,0x0000706992c04000] with protection modes 0
Event: 0.121 Protecting memory [0x0000706992b00000,0x0000706992b04000] with protection modes 0
Event: 0.149 Protecting memory [0x0000706992a00000,0x0000706992a04000] with protection modes 0
Event: 1.710 Protecting memory [0x0000706992e00000,0x0000706992e04000] with protection modes 0
Event: 1.780 Protecting memory [0x0000706987f00000,0x0000706987f04000] with protection modes 0

Nmethod flushes (0 events):
No events

Events (19 events):
Event: 0.022 Thread 0x00007069bc01b940 Thread added: 0x00007069bc01b940
Event: 0.034 Thread 0x00007069bc01b940 Thread added: 0x00007069bc13a1f0
Event: 0.034 Thread 0x00007069bc01b940 Thread added: 0x00007069bc13b680
Event: 0.035 Thread 0x00007069bc01b940 Thread added: 0x00007069bc13d150
Event: 0.035 Thread 0x00007069bc01b940 Thread added: 0x00007069bc13e7a0
Event: 0.035 Thread 0x00007069bc01b940 Thread added: 0x00007069bc13fd50
Event: 0.035 Thread 0x00007069bc01b940 Thread added: 0x00007069bc141920
Event: 0.036 Thread 0x00007069bc01b940 Thread added: 0x00007069bc142ff0
Event: 0.077 Thread 0x00007069bc01b940 Thread added: 0x00007069bc162150
Event: 0.088 Thread 0x00007069bc142ff0 Thread added: 0x000070690007f3c0
Event: 0.109 Thread 0x00007069bc141920 Thread added: 0x000070690406f770
Event: 0.120 Thread 0x00007069bc01b940 Thread added: 0x00007069bc1a58e0
Event: 0.120 Thread 0x00007069bc01b940 Thread added: 0x00007069bc1bd050
Event: 0.121 Thread 0x00007069bc1a58e0 Thread added: 0x00007068e8001110
Event: 0.149 Thread 0x00007069bc01b940 Thread added: 0x00007069bc1be2a0
Event: 1.690 Thread 0x000070690406f770 Thread exited: 0x000070690406f770
Event: 1.710 Thread 0x00007069bc01b940 Thread added: 0x00007069bd537140
Event: 1.780 Thread 0x00007069bc01b940 Thread added: 0x00007069bd567990
Event: 6.890 Thread 0x000070690007f3c0 Thread exited: 0x000070690007f3c0


Dynamic libraries:
200000000-200200000 ---p 00000000 00:00 0 
200200000-200400000 rw-s 00000000 00:05 1070                             /dev/nvidia0
200400000-203400000 rw-s 00000000 00:05 1069                             /dev/nvidiactl
203400000-204400000 ---p 00000000 00:00 0 
204400000-204600000 rw-s 00000000 00:05 1069                             /dev/nvidiactl
204600000-204800000 rw-s 00000000 00:05 1069                             /dev/nvidiactl
204800000-204a00000 rw-s 00000000 00:05 1069                             /dev/nvidiactl
204a00000-204c00000 rw-s 204a00000 00:05 1071                            /dev/nvidia-uvm
204c00000-204e00000 rw-s 00000000 00:05 1069                             /dev/nvidiactl
204e00000-205000000 ---p 00000000 00:00 0 
205000000-205200000 rw-s 00000000 00:05 1069                             /dev/nvidiactl
205200000-300200000 ---p 00000000 00:00 0 
616800000-635400000 rw-p 00000000 00:00 0 
635400000-7ffc00000 ---p 00000000 00:00 0 
7ffc00000-7ffd08000 rw-p 00ced000 103:02 17172987                        /usr/lib/jvm/java-21-openjdk-amd64/lib/server/classes.jsa
7ffd08000-800000000 rw-p 00000000 00:00 0 
10000000000-10004000000 ---p 00000000 00:00 0 
5ddd47c32000-5ddd47c33000 r--p 00000000 103:02 17172834                  /usr/lib/jvm/java-21-openjdk-amd64/bin/java
5ddd47c33000-5ddd47c34000 r-xp 00001000 103:02 17172834                  /usr/lib/jvm/java-21-openjdk-amd64/bin/java
5ddd47c34000-5ddd47c35000 r--p 00002000 103:02 17172834                  /usr/lib/jvm/java-21-openjdk-amd64/bin/java
5ddd47c35000-5ddd47c36000 r--p 00002000 103:02 17172834                  /usr/lib/jvm/java-21-openjdk-amd64/bin/java
5ddd47c36000-5ddd47c37000 rw-p 00003000 103:02 17172834                  /usr/lib/jvm/java-21-openjdk-amd64/bin/java
5ddd48975000-5ddd489bd000 rw-p 00000000 00:00 0                          [heap]
706870000000-706870021000 rw-p 00000000 00:00 0 
706870021000-706874000000 ---p 00000000 00:00 0 
706876000000-70687e000000 ---p 00000000 00:00 0 
706880000000-706882000000 ---p 00000000 00:00 0 
706884000000-706884400000 ---p 00000000 00:00 0 
706884400000-706884600000 rw-s 00000000 00:05 1069                       /dev/nvidiactl
706884600000-706884800000 rw-s 00000000 00:01 11288                      /dev/zero (deleted)
706884800000-706884a00000 rw-s 00000000 00:01 11289                      /dev/zero (deleted)
706884a00000-706885000000 ---p 00000000 00:00 0 
706885000000-706885200000 rw-s 00000000 00:05 1069                       /dev/nvidiactl
706885200000-706885400000 ---p 00000000 00:00 0 
706885400000-706885600000 rw-s 00000000 00:01 11291                      /dev/zero (deleted)
706885600000-706885b33000 rw-s 00000000 00:05 1069                       /dev/nvidiactl
706885b33000-706886000000 ---p 00000000 00:00 0 
706888000000-706888021000 rw-p 00000000 00:00 0 
706888021000-70688c000000 ---p 00000000 00:00 0 
706890000000-7068a0000000 ---p 00000000 00:00 0 
7068a2000000-7068a8000000 ---p 00000000 00:00 0 
7068a8000000-7068a8021000 rw-p 00000000 00:00 0 
7068a8021000-7068ac000000 ---p 00000000 00:00 0 
7068ac200000-7068c9463000 r-xp 00000000 103:02 16524125                  /usr/lib/x86_64-linux-gnu/libcublasLt.so.12.0.2.224
7068c9463000-7068c9663000 ---p 1d263000 103:02 16524125                  /usr/lib/x86_64-linux-gnu/libcublasLt.so.12.0.2.224
7068c9663000-7068c9893000 r--p 1d263000 103:02 16524125                  /usr/lib/x86_64-linux-gnu/libcublasLt.so.12.0.2.224
7068c9893000-7068ca827000 rw-p 1d493000 103:02 16524125                  /usr/lib/x86_64-linux-gnu/libcublasLt.so.12.0.2.224
7068ca827000-7068cd00f000 rw-p 00000000 00:00 0 
7068cd400000-7068d3a67000 r-xp 00000000 103:02 16524127                  /usr/lib/x86_64-linux-gnu/libcublas.so.12.0.2.224
7068d3a67000-7068d3c67000 ---p 06667000 103:02 16524127                  /usr/lib/x86_64-linux-gnu/libcublas.so.12.0.2.224
7068d3c67000-7068d3c6e000 r--p 06667000 103:02 16524127                  /usr/lib/x86_64-linux-gnu/libcublas.so.12.0.2.224
7068d3c6e000-7068d3c75000 rw-p 0666e000 103:02 16524127                  /usr/lib/x86_64-linux-gnu/libcublas.so.12.0.2.224
7068d3c75000-7068d3c7d000 rw-p 00000000 00:00 0 
7068d4000000-7068d4021000 rw-p 00000000 00:00 0 
7068d4021000-7068d8000000 ---p 00000000 00:00 0 
7068dc000000-7068dc021000 rw-p 00000000 00:00 0 
7068dc021000-7068e0000000 ---p 00000000 00:00 0 
7068e0000000-7068e0021000 rw-p 00000000 00:00 0 
7068e0021000-7068e4000000 ---p 00000000 00:00 0 
7068e8000000-7068e8021000 rw-p 00000000 00:00 0 
7068e8021000-7068ec000000 ---p 00000000 00:00 0 
7068ec000000-7068ec09d000 rw-p 00000000 00:00 0 
7068ec09d000-7068f0000000 ---p 00000000 00:00 0 
7068f4000000-7068f406a000 rw-p 00000000 00:00 0 
7068f406a000-7068f8000000 ---p 00000000 00:00 0 
7068f8000000-7068f8021000 rw-p 00000000 00:00 0 
7068f8021000-7068fc000000 ---p 00000000 00:00 0 
706900000000-706900108000 rw-p 00000000 00:00 0 
706900108000-706904000000 ---p 00000000 00:00 0 
706904000000-7069040f6000 rw-p 00000000 00:00 0 
7069040f6000-706908000000 ---p 00000000 00:00 0 
70690c000000-70690c021000 rw-p 00000000 00:00 0 
70690c021000-706910000000 ---p 00000000 00:00 0 
706910000000-706910021000 rw-p 00000000 00:00 0 
706910021000-706914000000 ---p 00000000 00:00 0 
706918000000-706918021000 rw-p 00000000 00:00 0 
706918021000-70691c000000 ---p 00000000 00:00 0 
70691c000000-70691c021000 rw-p 00000000 00:00 0 
70691c021000-706920000000 ---p 00000000 00:00 0 
706924000000-706924021000 rw-p 00000000 00:00 0 
706924021000-706928000000 ---p 00000000 00:00 0 
706928000000-706928021000 rw-p 00000000 00:00 0 
706928021000-70692c000000 ---p 00000000 00:00 0 
70692da00000-70692dcdc000 rw-p 00000000 00:00 0 
70692de00000-70692dee4000 r-xp 00000000 103:02 18219064                  /tmp/libJCudaDriver-12.0.0-linux-x86_64.so
70692dee4000-70692e0e4000 ---p 000e4000 103:02 18219064                  /tmp/libJCudaDriver-12.0.0-linux-x86_64.so
70692e0e4000-70692e0e9000 r--p 000e4000 103:02 18219064                  /tmp/libJCudaDriver-12.0.0-linux-x86_64.so
70692e0e9000-70692e0eb000 rw-p 000e9000 103:02 18219064                  /tmp/libJCudaDriver-12.0.0-linux-x86_64.so
70692e0eb000-70692e0ed000 rw-p 00000000 00:00 0 
70692e400000-70692e401000 ---p 00000000 00:00 0 
70692e401000-70692ec01000 rw-p 00000000 00:00 0 
70692ee00000-70692ee01000 rw-s 00000000 00:05 1069                       /dev/nvidiactl
70692ee01000-70692ee02000 rw-s 00000000 00:05 1069                       /dev/nvidiactl
70692ee02000-70692ee03000 rw-s 00000000 00:05 1069                       /dev/nvidiactl
70692ee03000-70692ee04000 rw-s 00000000 00:05 1069                       /dev/nvidiactl
70692ee04000-70692ee05000 rw-s 00000000 00:05 1069                       /dev/nvidiactl
70692ee05000-70692ee06000 rw-s 00000000 00:05 1069                       /dev/nvidiactl
70692ee06000-70692ee07000 rw-s 00000000 00:05 1069                       /dev/nvidiactl
70692ee07000-70692ee08000 rw-s 00000000 00:05 1069                       /dev/nvidiactl
70692ee08000-70692ee09000 rw-s 00000000 00:05 1069                       /dev/nvidiactl
70692ee09000-70692ee0a000 rw-s 00000000 00:05 1069                       /dev/nvidiactl
70692ee0a000-70692ee0b000 rw-s 00000000 00:05 1069                       /dev/nvidiactl
70692ee0b000-70692ee0c000 rw-s 00000000 00:05 1069                       /dev/nvidiactl
70692ee0c000-70692ee0d000 rw-s 00000000 00:05 1069                       /dev/nvidiactl
70692ee0d000-70692ee0e000 rw-s 00000000 00:05 1069                       /dev/nvidiactl
70692ee0e000-70692ee0f000 rw-s 00000000 00:05 1069                       /dev/nvidiactl
70692ee0f000-70692ee10000 rw-s 00000000 00:05 1069                       /dev/nvidiactl
70692ee10000-70692fe21000 ---p 00000000 00:00 0 
706930000000-706930220000 rw-p 00000000 00:00 0 
706930220000-706930400000 ---p 00000000 00:00 0 
706930400000-706930500000 rw-p 00000000 00:00 0 
706930500000-706934000000 ---p 00000000 00:00 0 
706934000000-706934021000 rw-p 00000000 00:00 0 
706934021000-706938000000 ---p 00000000 00:00 0 
706938400000-7069384c7000 r-xp 00000000 103:02 18219063                  /tmp/libJCudaRuntime-12.0.0-linux-x86_64.so
7069384c7000-7069386c7000 ---p 000c7000 103:02 18219063                  /tmp/libJCudaRuntime-12.0.0-linux-x86_64.so
7069386c7000-7069386cc000 r--p 000c7000 103:02 18219063                  /tmp/libJCudaRuntime-12.0.0-linux-x86_64.so
7069386cc000-7069386cd000 rw-p 000cc000 103:02 18219063                  /tmp/libJCudaRuntime-12.0.0-linux-x86_64.so
7069386cd000-7069386cf000 rw-p 00000000 00:00 0 
706938a00000-706938a01000 ---p 00000000 00:00 0 
706938a01000-706939201000 rw-p 00000000 00:00 0 
706939400000-70693a421000 ---p 00000000 00:00 0 
70693a600000-70693a601000 ---p 00000000 00:00 0 
70693a601000-70693ae01000 rw-p 00000000 00:00 0 
70693b000000-70693bcae000 rw-p 00001000 103:02 17172987                  /usr/lib/jvm/java-21-openjdk-amd64/lib/server/classes.jsa
70693bcae000-70693c000000 ---p 00000000 00:00 0 
70693c000000-70693c030000 rw-p 00000000 00:00 0 
70693c030000-70693c040000 ---p 00000000 00:00 0 
70693c040000-70693c070000 rw-p 00000000 00:00 0 
70693c070000-70697c000000 ---p 00000000 00:00 0 
70697c000000-70697c021000 rw-p 00000000 00:00 0 
70697c021000-706980000000 ---p 00000000 00:00 0 
706980000000-706980021000 rw-p 00000000 00:00 0 
706980021000-706984000000 ---p 00000000 00:00 0 
706984400000-70698717c000 r-xp 00000000 103:02 16526206                  /usr/lib/x86_64-linux-gnu/libnvrtc.so.12.0.140
70698717c000-70698737c000 ---p 02d7c000 103:02 16526206                  /usr/lib/x86_64-linux-gnu/libnvrtc.so.12.0.140
70698737c000-706987a4f000 r--p 02d7c000 103:02 16526206                  /usr/lib/x86_64-linux-gnu/libnvrtc.so.12.0.140
706987a4f000-706987b1b000 rw-p 0344f000 103:02 16526206                  /usr/lib/x86_64-linux-gnu/libnvrtc.so.12.0.140
706987b1b000-706987c1c000 rw-p 00000000 00:00 0 
706987f00000-706987f04000 ---p 00000000 00:00 0 
706987f04000-706988000000 rw-p 00000000 00:00 0 
706988000000-706988021000 rw-p 00000000 00:00 0 
706988021000-70698c000000 ---p 00000000 00:00 0 
70698c000000-70698c021000 rw-p 00000000 00:00 0 
70698c021000-706990000000 ---p 00000000 00:00 0 
7069900c3000-7069900dc000 r--p 00000000 103:02 16530316                  /usr/lib/x86_64-linux-gnu/libX11.so.6.4.0
7069900dc000-70699016c000 r-xp 00019000 103:02 16530316                  /usr/lib/x86_64-linux-gnu/libX11.so.6.4.0
70699016c000-7069901fb000 r--p 000a9000 103:02 16530316                  /usr/lib/x86_64-linux-gnu/libX11.so.6.4.0
7069901fb000-7069901fc000 r--p 00138000 103:02 16530316                  /usr/lib/x86_64-linux-gnu/libX11.so.6.4.0
7069901fc000-706990200000 rw-p 00139000 103:02 16530316                  /usr/lib/x86_64-linux-gnu/libX11.so.6.4.0
706990200000-706990400000 rw-s 00000000 00:01 11290                      /dev/zero (deleted)
706990400000-70699065a000 rw-p 00000000 00:00 0 
70699068a000-70699068e000 r--p 00000000 103:02 16530777                  /usr/lib/x86_64-linux-gnu/libjpeg.so.8.2.2
70699068e000-7069906db000 r-xp 00004000 103:02 16530777                  /usr/lib/x86_64-linux-gnu/libjpeg.so.8.2.2
7069906db000-70699070b000 r--p 00051000 103:02 16530777                  /usr/lib/x86_64-linux-gnu/libjpeg.so.8.2.2
70699070b000-70699070c000 r--p 00081000 103:02 16530777                  /usr/lib/x86_64-linux-gnu/libjpeg.so.8.2.2
70699070c000-70699070d000 rw-p 00082000 103:02 16530777                  /usr/lib/x86_64-linux-gnu/libjpeg.so.8.2.2
70699070d000-70699072b000 r--p 00000000 103:02 17172951                  /usr/lib/jvm/java-21-openjdk-amd64/lib/libawt.so
70699072b000-7069907c2000 r-xp 0001e000 103:02 17172951                  /usr/lib/jvm/java-21-openjdk-amd64/lib/libawt.so
7069907c2000-7069907cf000 r--p 000b5000 103:02 17172951                  /usr/lib/jvm/java-21-openjdk-amd64/lib/libawt.so
7069907cf000-7069907d0000 r--p 000c1000 103:02 17172951                  /usr/lib/jvm/java-21-openjdk-amd64/lib/libawt.so
7069907d0000-7069907db000 rw-p 000c2000 103:02 17172951                  /usr/lib/jvm/java-21-openjdk-amd64/lib/libawt.so
7069907db000-706990800000 rw-p 00000000 00:00 0 
706990800000-7069908de000 r--p 00000000 103:02 16552573                  /usr/lib/x86_64-linux-gnu/libcuda.so.550.107.02
7069908de000-706990db3000 r-xp 000de000 103:02 16552573                  /usr/lib/x86_64-linux-gnu/libcuda.so.550.107.02
706990db3000-70699224e000 r--p 005b3000 103:02 16552573                  /usr/lib/x86_64-linux-gnu/libcuda.so.550.107.02
70699224e000-70699224f000 ---p 01a4e000 103:02 16552573                  /usr/lib/x86_64-linux-gnu/libcuda.so.550.107.02
70699224f000-706992267000 r--p 01a4e000 103:02 16552573                  /usr/lib/x86_64-linux-gnu/libcuda.so.550.107.02
706992267000-706992362000 rw-p 01a66000 103:02 16552573                  /usr/lib/x86_64-linux-gnu/libcuda.so.550.107.02
706992362000-7069923cb000 rw-p 00000000 00:00 0 
706992400000-706992538000 r-xp 00000000 103:02 18219061                  /tmp/libJCublas2-12.0.0-linux-x86_64.so
706992538000-706992738000 ---p 00138000 103:02 18219061                  /tmp/libJCublas2-12.0.0-linux-x86_64.so
706992738000-70699273d000 r--p 00138000 103:02 18219061                  /tmp/libJCublas2-12.0.0-linux-x86_64.so
70699273d000-70699273f000 rw-p 0013d000 103:02 18219061                  /tmp/libJCublas2-12.0.0-linux-x86_64.so
70699273f000-706992741000 rw-p 00000000 00:00 0 
70699276a000-70699276e000 r--p 00000000 103:02 16530470                  /usr/lib/x86_64-linux-gnu/libbsd.so.0.12.1
70699276e000-70699277a000 r-xp 00004000 103:02 16530470                  /usr/lib/x86_64-linux-gnu/libbsd.so.0.12.1
70699277a000-70699277d000 r--p 00010000 103:02 16530470                  /usr/lib/x86_64-linux-gnu/libbsd.so.0.12.1
70699277d000-70699277e000 r--p 00012000 103:02 16530470                  /usr/lib/x86_64-linux-gnu/libbsd.so.0.12.1
70699277e000-70699277f000 rw-p 00013000 103:02 16530470                  /usr/lib/x86_64-linux-gnu/libbsd.so.0.12.1
70699277f000-706992780000 rw-p 00000000 00:00 0 
706992780000-706992792000 r--p 00000000 103:02 17173114                  /usr/lib/jvm/java-21-openjdk-amd64/lib/libawt_xawt.so
706992792000-7069927d9000 r-xp 00012000 103:02 17173114                  /usr/lib/jvm/java-21-openjdk-amd64/lib/libawt_xawt.so
7069927d9000-7069927f1000 r--p 00059000 103:02 17173114                  /usr/lib/jvm/java-21-openjdk-amd64/lib/libawt_xawt.so
7069927f1000-7069927f6000 r--p 00070000 103:02 17173114                  /usr/lib/jvm/java-21-openjdk-amd64/lib/libawt_xawt.so
7069927f6000-7069927f8000 rw-p 00075000 103:02 17173114                  /usr/lib/jvm/java-21-openjdk-amd64/lib/libawt_xawt.so
7069927f8000-706992a00000 rw-p 00000000 00:00 0 
706992a00000-706992a04000 ---p 00000000 00:00 0 
706992a04000-706992b00000 rw-p 00000000 00:00 0 
706992b00000-706992b04000 ---p 00000000 00:00 0 
706992b04000-706992c00000 rw-p 00000000 00:00 0 
706992c00000-706992c04000 ---p 00000000 00:00 0 
706992c04000-706992d00000 rw-p 00000000 00:00 0 
706992d00000-706992d04000 ---p 00000000 00:00 0 
706992d04000-706992e00000 rw-p 00000000 00:00 0 
706992e00000-706992e04000 ---p 00000000 00:00 0 
706992e04000-706992f00000 rw-p 00000000 00:00 0 
706992f00000-706992f04000 ---p 00000000 00:00 0 
706992f04000-706993000000 rw-p 00000000 00:00 0 
706993000000-706993004000 ---p 00000000 00:00 0 
706993004000-706993100000 rw-p 00000000 00:00 0 
706993100000-706993104000 ---p 00000000 00:00 0 
706993104000-706993200000 rw-p 00000000 00:00 0 
706993200000-706993fec000 r--p 00000000 103:02 16521112                  /usr/lib/locale/locale-archive
706994000000-706994021000 rw-p 00000000 00:00 0 
706994021000-706998000000 ---p 00000000 00:00 0 
706998001000-70699800c000 r--p 00000000 103:02 16531187                  /usr/lib/x86_64-linux-gnu/libxcb.so.1.1.0
70699800c000-70699801f000 r-xp 0000b000 103:02 16531187                  /usr/lib/x86_64-linux-gnu/libxcb.so.1.1.0
70699801f000-706998028000 r--p 0001e000 103:02 16531187                  /usr/lib/x86_64-linux-gnu/libxcb.so.1.1.0
706998028000-706998029000 r--p 00026000 103:02 16531187                  /usr/lib/x86_64-linux-gnu/libxcb.so.1.1.0
706998029000-70699802a000 rw-p 00027000 103:02 16531187                  /usr/lib/x86_64-linux-gnu/libxcb.so.1.1.0
70699802a000-70699802f000 r--p 00000000 103:02 17172968                  /usr/lib/jvm/java-21-openjdk-amd64/lib/libjsvml.so
70699802f000-706998070000 r-xp 00005000 103:02 17172968                  /usr/lib/jvm/java-21-openjdk-amd64/lib/libjsvml.so
706998070000-7069980f9000 r--p 00046000 103:02 17172968                  /usr/lib/jvm/java-21-openjdk-amd64/lib/libjsvml.so
7069980f9000-7069980fa000 r--p 000ce000 103:02 17172968                  /usr/lib/jvm/java-21-openjdk-amd64/lib/libjsvml.so
7069980fa000-7069980fb000 rw-p 000cf000 103:02 17172968                  /usr/lib/jvm/java-21-openjdk-amd64/lib/libjsvml.so
7069980fb000-7069980ff000 ---p 00000000 00:00 0 
7069980ff000-7069981fb000 rw-p 00000000 00:00 0 
7069981fb000-7069981ff000 ---p 00000000 00:00 0 
7069981ff000-7069982fb000 rw-p 00000000 00:00 0 
7069982fb000-7069982ff000 ---p 00000000 00:00 0 
7069982ff000-7069983fb000 rw-p 00000000 00:00 0 
7069983fb000-7069983ff000 ---p 00000000 00:00 0 
7069983ff000-7069984fb000 rw-p 00000000 00:00 0 
7069984fb000-7069984ff000 ---p 00000000 00:00 0 
7069984ff000-7069985fb000 rw-p 00000000 00:00 0 
7069985fb000-7069985ff000 ---p 00000000 00:00 0 
7069985ff000-7069986fb000 rw-p 00000000 00:00 0 
7069986fb000-7069986fc000 ---p 00000000 00:00 0 
7069986fc000-7069987fc000 rw-p 00000000 00:00 0 
7069987fc000-7069987fd000 ---p 00000000 00:00 0 
7069987fd000-7069988fd000 rw-p 00000000 00:00 0 
7069988fd000-7069988fe000 ---p 00000000 00:00 0 
7069988fe000-7069989fe000 rw-p 00000000 00:00 0 
7069989fe000-7069989ff000 ---p 00000000 00:00 0 
7069989ff000-706998aff000 rw-p 00000000 00:00 0 
706998aff000-70699b3b0000 rw-p 00000000 00:00 0 
70699b3b0000-7069a2650000 ---p 00000000 00:00 0 
7069a2650000-7069a2660000 rw-p 00000000 00:00 0 
7069a2661000-7069a2663000 r--p 00000000 103:02 16530828                  /usr/lib/x86_64-linux-gnu/libmd.so.0.1.0
7069a2663000-7069a266c000 r-xp 00002000 103:02 16530828                  /usr/lib/x86_64-linux-gnu/libmd.so.0.1.0
7069a266c000-7069a266e000 r--p 0000b000 103:02 16530828                  /usr/lib/x86_64-linux-gnu/libmd.so.0.1.0
7069a266e000-7069a266f000 r--p 0000c000 103:02 16530828                  /usr/lib/x86_64-linux-gnu/libmd.so.0.1.0
7069a266f000-7069a2670000 rw-p 0000d000 103:02 16530828                  /usr/lib/x86_64-linux-gnu/libmd.so.0.1.0
7069a2670000-7069a2672000 r--p 00000000 103:02 16530323                  /usr/lib/x86_64-linux-gnu/libXdmcp.so.6.0.0
7069a2672000-7069a2674000 r-xp 00002000 103:02 16530323                  /usr/lib/x86_64-linux-gnu/libXdmcp.so.6.0.0
7069a2674000-7069a2676000 r--p 00004000 103:02 16530323                  /usr/lib/x86_64-linux-gnu/libXdmcp.so.6.0.0
7069a2676000-7069a2677000 r--p 00005000 103:02 16530323                  /usr/lib/x86_64-linux-gnu/libXdmcp.so.6.0.0
7069a2677000-7069a2678000 rw-p 00006000 103:02 16530323                  /usr/lib/x86_64-linux-gnu/libXdmcp.so.6.0.0
7069a2678000-7069a2679000 r--p 00000000 103:02 16530318                  /usr/lib/x86_64-linux-gnu/libXau.so.6.0.0
7069a2679000-7069a267b000 r-xp 00001000 103:02 16530318                  /usr/lib/x86_64-linux-gnu/libXau.so.6.0.0
7069a267b000-7069a267c000 r--p 00003000 103:02 16530318                  /usr/lib/x86_64-linux-gnu/libXau.so.6.0.0
7069a267c000-7069a267d000 r--p 00003000 103:02 16530318                  /usr/lib/x86_64-linux-gnu/libXau.so.6.0.0
7069a267d000-7069a267e000 rw-p 00004000 103:02 16530318                  /usr/lib/x86_64-linux-gnu/libXau.so.6.0.0
7069a267e000-7069a28f6000 rw-p 00000000 00:00 0 
7069a28f6000-7069a374a000 ---p 00000000 00:00 0 
7069a374a000-7069a374c000 rw-p 00000000 00:00 0 
7069a374c000-7069a38f6000 rw-p 00000000 00:00 0 
7069a38f6000-7069a474a000 ---p 00000000 00:00 0 
7069a474a000-7069a474c000 rw-p 00000000 00:00 0 
7069a474c000-7069a474f000 r--p 00000000 103:02 16530328                  /usr/lib/x86_64-linux-gnu/libXi.so.6.1.0
7069a474f000-7069a475b000 r-xp 00003000 103:02 16530328                  /usr/lib/x86_64-linux-gnu/libXi.so.6.1.0
7069a475b000-7069a475d000 r--p 0000f000 103:02 16530328                  /usr/lib/x86_64-linux-gnu/libXi.so.6.1.0
7069a475d000-7069a475e000 r--p 00011000 103:02 16530328                  /usr/lib/x86_64-linux-gnu/libXi.so.6.1.0
7069a475e000-7069a475f000 rw-p 00012000 103:02 16530328                  /usr/lib/x86_64-linux-gnu/libXi.so.6.1.0
7069a475f000-7069a4800000 rw-p 00000000 00:00 0 
7069a4800000-7069a4a70000 rwxp 00000000 00:00 0 
7069a4a70000-7069abc5f000 ---p 00000000 00:00 0 
7069abc5f000-7069abecf000 rwxp 00000000 00:00 0 
7069abecf000-7069ac3a0000 ---p 00000000 00:00 0 
7069ac3a0000-7069ac610000 rwxp 00000000 00:00 0 
7069ac610000-7069b3800000 ---p 00000000 00:00 0 
7069b3800000-7069bbe02000 r--s 00000000 103:02 17172984                  /usr/lib/jvm/java-21-openjdk-amd64/lib/modules
7069bbe03000-7069bbe05000 r--p 00000000 103:02 16530334                  /usr/lib/x86_64-linux-gnu/libXrender.so.1.3.0
7069bbe05000-7069bbe0c000 r-xp 00002000 103:02 16530334                  /usr/lib/x86_64-linux-gnu/libXrender.so.1.3.0
7069bbe0c000-7069bbe0d000 r--p 00009000 103:02 16530334                  /usr/lib/x86_64-linux-gnu/libXrender.so.1.3.0
7069bbe0d000-7069bbe0e000 r--p 00009000 103:02 16530334                  /usr/lib/x86_64-linux-gnu/libXrender.so.1.3.0
7069bbe0e000-7069bbe0f000 rw-p 0000a000 103:02 16530334                  /usr/lib/x86_64-linux-gnu/libXrender.so.1.3.0
7069bbe0f000-7069bbe13000 r--p 00000000 103:02 16530324                  /usr/lib/x86_64-linux-gnu/libXext.so.6.4.0
7069bbe13000-7069bbe1e000 r-xp 00004000 103:02 16530324                  /usr/lib/x86_64-linux-gnu/libXext.so.6.4.0
7069bbe1e000-7069bbe21000 r--p 0000f000 103:02 16530324                  /usr/lib/x86_64-linux-gnu/libXext.so.6.4.0
7069bbe21000-7069bbe22000 r--p 00011000 103:02 16530324                  /usr/lib/x86_64-linux-gnu/libXext.so.6.4.0
7069bbe22000-7069bbe23000 rw-p 00012000 103:02 16530324                  /usr/lib/x86_64-linux-gnu/libXext.so.6.4.0
7069bbe23000-7069bebd9000 rw-p 00000000 00:00 0 
7069bebd9000-7069c0000000 ---p 00000000 00:00 0 
7069c000b000-7069c000d000 r--p 00000000 103:02 17172962                  /usr/lib/jvm/java-21-openjdk-amd64/lib/libjavajpeg.so
7069c000d000-7069c0014000 r-xp 00002000 103:02 17172962                  /usr/lib/jvm/java-21-openjdk-amd64/lib/libjavajpeg.so
7069c0014000-7069c0015000 r--p 00009000 103:02 17172962                  /usr/lib/jvm/java-21-openjdk-amd64/lib/libjavajpeg.so
7069c0015000-7069c0016000 r--p 0000a000 103:02 17172962                  /usr/lib/jvm/java-21-openjdk-amd64/lib/libjavajpeg.so
7069c0016000-7069c0017000 rw-p 0000b000 103:02 17172962                  /usr/lib/jvm/java-21-openjdk-amd64/lib/libjavajpeg.so
7069c0017000-7069c0a62000 rw-p 00000000 00:00 0 
7069c0a62000-7069c0a63000 ---p 00000000 00:00 0 
7069c0a63000-7069c0b63000 rw-p 00000000 00:00 0 
7069c0b63000-7069c0b64000 ---p 00000000 00:00 0 
7069c0b64000-7069c0c64000 rw-p 00000000 00:00 0 
7069c0c64000-7069c0c65000 ---p 00000000 00:00 0 
7069c0c65000-7069c0d65000 rw-p 00000000 00:00 0 
7069c0d65000-7069c1b33000 rw-p 00000000 00:00 0 
7069c1b33000-7069c1c17000 ---p 00000000 00:00 0 
7069c1c17000-7069c1c1c000 rw-p 00000000 00:00 0 
7069c1c1c000-7069c1d00000 ---p 00000000 00:00 0 
7069c1d00000-7069c1d04000 ---p 00000000 00:00 0 
7069c1d04000-7069c1e00000 rw-p 00000000 00:00 0 
7069c1e00000-7069c1e9d000 r--p 00000000 103:02 16543594                  /usr/lib/x86_64-linux-gnu/libstdc++.so.6.0.33
7069c1e9d000-7069c1fe5000 r-xp 0009d000 103:02 16543594                  /usr/lib/x86_64-linux-gnu/libstdc++.so.6.0.33
7069c1fe5000-7069c206c000 r--p 001e5000 103:02 16543594                  /usr/lib/x86_64-linux-gnu/libstdc++.so.6.0.33
7069c206c000-7069c2077000 r--p 0026b000 103:02 16543594                  /usr/lib/x86_64-linux-gnu/libstdc++.so.6.0.33
7069c2077000-7069c207a000 rw-p 00276000 103:02 16543594                  /usr/lib/x86_64-linux-gnu/libstdc++.so.6.0.33
7069c207a000-7069c207e000 rw-p 00000000 00:00 0 
7069c2080000-7069c2082000 r--p 00000000 103:02 16530337                  /usr/lib/x86_64-linux-gnu/libXtst.so.6.1.0
7069c2082000-7069c2085000 r-xp 00002000 103:02 16530337                  /usr/lib/x86_64-linux-gnu/libXtst.so.6.1.0
7069c2085000-7069c2086000 r--p 00005000 103:02 16530337                  /usr/lib/x86_64-linux-gnu/libXtst.so.6.1.0
7069c2086000-7069c2087000 r--p 00005000 103:02 16530337                  /usr/lib/x86_64-linux-gnu/libXtst.so.6.1.0
7069c2087000-7069c2088000 rw-p 00006000 103:02 16530337                  /usr/lib/x86_64-linux-gnu/libXtst.so.6.1.0
7069c2088000-7069c2089000 r--p 00000000 103:02 16530540                  /usr/lib/x86_64-linux-gnu/libdl.so.2
7069c2089000-7069c208a000 r-xp 00001000 103:02 16530540                  /usr/lib/x86_64-linux-gnu/libdl.so.2
7069c208a000-7069c208b000 r--p 00002000 103:02 16530540                  /usr/lib/x86_64-linux-gnu/libdl.so.2
7069c208b000-7069c208c000 r--p 00002000 103:02 16530540                  /usr/lib/x86_64-linux-gnu/libdl.so.2
7069c208c000-7069c208d000 rw-p 00003000 103:02 16530540                  /usr/lib/x86_64-linux-gnu/libdl.so.2
7069c208d000-7069c208e000 r--p 00000000 103:02 16531006                  /usr/lib/x86_64-linux-gnu/librt.so.1
7069c208e000-7069c208f000 r-xp 00001000 103:02 16531006                  /usr/lib/x86_64-linux-gnu/librt.so.1
7069c208f000-7069c2090000 r--p 00002000 103:02 16531006                  /usr/lib/x86_64-linux-gnu/librt.so.1
7069c2090000-7069c2091000 r--p 00002000 103:02 16531006                  /usr/lib/x86_64-linux-gnu/librt.so.1
7069c2091000-7069c2092000 rw-p 00003000 103:02 16531006                  /usr/lib/x86_64-linux-gnu/librt.so.1
7069c2096000-7069c20a6000 -w-s 00000000 00:05 1070                       /dev/nvidia0
7069c20a6000-7069c20a8000 r--p 00000000 103:02 17172983                  /usr/lib/jvm/java-21-openjdk-amd64/lib/libzip.so
7069c20a8000-7069c20ad000 r-xp 00002000 103:02 17172983                  /usr/lib/jvm/java-21-openjdk-amd64/lib/libzip.so
7069c20ad000-7069c20af000 r--p 00007000 103:02 17172983                  /usr/lib/jvm/java-21-openjdk-amd64/lib/libzip.so
7069c20af000-7069c20b0000 r--p 00008000 103:02 17172983                  /usr/lib/jvm/java-21-openjdk-amd64/lib/libzip.so
7069c20b0000-7069c20b1000 rw-p 00009000 103:02 17172983                  /usr/lib/jvm/java-21-openjdk-amd64/lib/libzip.so
7069c20b1000-7069c20b4000 r--p 00000000 103:02 17172975                  /usr/lib/jvm/java-21-openjdk-amd64/lib/libnet.so
7069c20b4000-7069c20bc000 r-xp 00003000 103:02 17172975                  /usr/lib/jvm/java-21-openjdk-amd64/lib/libnet.so
7069c20bc000-7069c20be000 r--p 0000b000 103:02 17172975                  /usr/lib/jvm/java-21-openjdk-amd64/lib/libnet.so
7069c20be000-7069c20bf000 r--p 0000c000 103:02 17172975                  /usr/lib/jvm/java-21-openjdk-amd64/lib/libnet.so
7069c20bf000-7069c20c0000 rw-p 0000d000 103:02 17172975                  /usr/lib/jvm/java-21-openjdk-amd64/lib/libnet.so
7069c20c0000-7069c20c7000 r--p 00000000 103:02 17172976                  /usr/lib/jvm/java-21-openjdk-amd64/lib/libnio.so
7069c20c7000-7069c20d0000 r-xp 00007000 103:02 17172976                  /usr/lib/jvm/java-21-openjdk-amd64/lib/libnio.so
7069c20d0000-7069c20d4000 r--p 00010000 103:02 17172976                  /usr/lib/jvm/java-21-openjdk-amd64/lib/libnio.so
7069c20d4000-7069c20d5000 r--p 00014000 103:02 17172976                  /usr/lib/jvm/java-21-openjdk-amd64/lib/libnio.so
7069c20d5000-7069c20d6000 rw-p 00015000 103:02 17172976                  /usr/lib/jvm/java-21-openjdk-amd64/lib/libnio.so
7069c20d6000-7069c2117000 rw-p 00000000 00:00 0 
7069c2117000-7069c2127000 r--p 00000000 103:02 16530817                  /usr/lib/x86_64-linux-gnu/libm.so.6
7069c2127000-7069c21a6000 r-xp 00010000 103:02 16530817                  /usr/lib/x86_64-linux-gnu/libm.so.6
7069c21a6000-7069c21fe000 r--p 0008f000 103:02 16530817                  /usr/lib/x86_64-linux-gnu/libm.so.6
7069c21fe000-7069c21ff000 r--p 000e7000 103:02 16530817                  /usr/lib/x86_64-linux-gnu/libm.so.6
7069c21ff000-7069c2200000 rw-p 000e8000 103:02 16530817                  /usr/lib/x86_64-linux-gnu/libm.so.6
7069c2200000-7069c2496000 r--p 00000000 103:02 17172990                  /usr/lib/jvm/java-21-openjdk-amd64/lib/server/libjvm.so
7069c2496000-7069c32fe000 r-xp 00296000 103:02 17172990                  /usr/lib/jvm/java-21-openjdk-amd64/lib/server/libjvm.so
7069c32fe000-7069c35d1000 r--p 010fe000 103:02 17172990                  /usr/lib/jvm/java-21-openjdk-amd64/lib/server/libjvm.so
7069c35d1000-7069c36a1000 r--p 013d0000 103:02 17172990                  /usr/lib/jvm/java-21-openjdk-amd64/lib/server/libjvm.so
7069c36a1000-7069c36d1000 rw-p 014a0000 103:02 17172990                  /usr/lib/jvm/java-21-openjdk-amd64/lib/server/libjvm.so
7069c36d1000-7069c3737000 rw-p 00000000 00:00 0 
7069c3739000-7069c373a000 r--p 00000000 103:02 17172953                  /usr/lib/jvm/java-21-openjdk-amd64/lib/libdt_socket.so
7069c373a000-7069c373d000 r-xp 00001000 103:02 17172953                  /usr/lib/jvm/java-21-openjdk-amd64/lib/libdt_socket.so
7069c373d000-7069c373e000 r--p 00004000 103:02 17172953                  /usr/lib/jvm/java-21-openjdk-amd64/lib/libdt_socket.so
7069c373e000-7069c373f000 r--p 00005000 103:02 17172953                  /usr/lib/jvm/java-21-openjdk-amd64/lib/libdt_socket.so
7069c373f000-7069c3740000 rw-p 00006000 103:02 17172953                  /usr/lib/jvm/java-21-openjdk-amd64/lib/libdt_socket.so
7069c3740000-7069c37bc000 rw-p 00000000 00:00 0 
7069c37bc000-7069c37bf000 r--p 00000000 103:02 17172963                  /usr/lib/jvm/java-21-openjdk-amd64/lib/libjdwp.so
7069c37bf000-7069c37ee000 r-xp 00003000 103:02 17172963                  /usr/lib/jvm/java-21-openjdk-amd64/lib/libjdwp.so
7069c37ee000-7069c37fd000 r--p 00032000 103:02 17172963                  /usr/lib/jvm/java-21-openjdk-amd64/lib/libjdwp.so
7069c37fd000-7069c37fe000 r--p 00040000 103:02 17172963                  /usr/lib/jvm/java-21-openjdk-amd64/lib/libjdwp.so
7069c37fe000-7069c37ff000 rw-p 00041000 103:02 17172963                  /usr/lib/jvm/java-21-openjdk-amd64/lib/libjdwp.so
7069c37ff000-7069c3800000 rw-p 00000000 00:00 0 
7069c3800000-7069c3828000 r--p 00000000 103:02 16530474                  /usr/lib/x86_64-linux-gnu/libc.so.6
7069c3828000-7069c39b0000 r-xp 00028000 103:02 16530474                  /usr/lib/x86_64-linux-gnu/libc.so.6
7069c39b0000-7069c39ff000 r--p 001b0000 103:02 16530474                  /usr/lib/x86_64-linux-gnu/libc.so.6
7069c39ff000-7069c3a03000 r--p 001fe000 103:02 16530474                  /usr/lib/x86_64-linux-gnu/libc.so.6
7069c3a03000-7069c3a05000 rw-p 00202000 103:02 16530474                  /usr/lib/x86_64-linux-gnu/libc.so.6
7069c3a05000-7069c3a12000 rw-p 00000000 00:00 0 
7069c3a12000-7069c3a13000 r--p 00000000 103:02 16530978                  /usr/lib/x86_64-linux-gnu/libpthread.so.0
7069c3a13000-7069c3a14000 r-xp 00001000 103:02 16530978                  /usr/lib/x86_64-linux-gnu/libpthread.so.0
7069c3a14000-7069c3a15000 r--p 00002000 103:02 16530978                  /usr/lib/x86_64-linux-gnu/libpthread.so.0
7069c3a15000-7069c3a16000 r--p 00002000 103:02 16530978                  /usr/lib/x86_64-linux-gnu/libpthread.so.0
7069c3a16000-7069c3a17000 rw-p 00003000 103:02 16530978                  /usr/lib/x86_64-linux-gnu/libpthread.so.0
7069c3a17000-7069c3a1e000 r--s 00000000 103:02 16532226                  /usr/lib/x86_64-linux-gnu/gconv/gconv-modules.cache
7069c3a1e000-7069c3a23000 rw-p 00000000 00:00 0 
7069c3a23000-7069c3a2d000 ---p 00000000 00:00 0 
7069c3a2d000-7069c3a3a000 r--p 00000000 103:02 17172961                  /usr/lib/jvm/java-21-openjdk-amd64/lib/libjava.so
7069c3a3a000-7069c3a49000 r-xp 0000d000 103:02 17172961                  /usr/lib/jvm/java-21-openjdk-amd64/lib/libjava.so
7069c3a49000-7069c3a4e000 r--p 0001c000 103:02 17172961                  /usr/lib/jvm/java-21-openjdk-amd64/lib/libjava.so
7069c3a4e000-7069c3a4f000 r--p 00021000 103:02 17172961                  /usr/lib/jvm/java-21-openjdk-amd64/lib/libjava.so
7069c3a4f000-7069c3a50000 rw-p 00022000 103:02 17172961                  /usr/lib/jvm/java-21-openjdk-amd64/lib/libjava.so
7069c3a50000-7069c3a51000 rw-p 00000000 00:00 0 
7069c3a51000-7069c3a55000 r--p 00000000 103:02 16528598                  /usr/lib/x86_64-linux-gnu/libgcc_s.so.1
7069c3a55000-7069c3a79000 r-xp 00004000 103:02 16528598                  /usr/lib/x86_64-linux-gnu/libgcc_s.so.1
7069c3a79000-7069c3a7d000 r--p 00028000 103:02 16528598                  /usr/lib/x86_64-linux-gnu/libgcc_s.so.1
7069c3a7d000-7069c3a7e000 r--p 0002b000 103:02 16528598                  /usr/lib/x86_64-linux-gnu/libgcc_s.so.1
7069c3a7e000-7069c3a7f000 rw-p 0002c000 103:02 16528598                  /usr/lib/x86_64-linux-gnu/libgcc_s.so.1
7069c3a7f000-7069c3a81000 rw-p 00000000 00:00 0 
7069c3a81000-7069c3a83000 r--p 00000000 103:02 17172965                  /usr/lib/jvm/java-21-openjdk-amd64/lib/libjli.so
7069c3a83000-7069c3a8d000 r-xp 00002000 103:02 17172965                  /usr/lib/jvm/java-21-openjdk-amd64/lib/libjli.so
7069c3a8d000-7069c3a90000 r--p 0000c000 103:02 17172965                  /usr/lib/jvm/java-21-openjdk-amd64/lib/libjli.so
7069c3a90000-7069c3a91000 r--p 0000f000 103:02 17172965                  /usr/lib/jvm/java-21-openjdk-amd64/lib/libjli.so
7069c3a91000-7069c3a92000 rw-p 00010000 103:02 17172965                  /usr/lib/jvm/java-21-openjdk-amd64/lib/libjli.so
7069c3a92000-7069c3a94000 r--p 00000000 103:02 16531205                  /usr/lib/x86_64-linux-gnu/libz.so.1.3
7069c3a94000-7069c3aa6000 r-xp 00002000 103:02 16531205                  /usr/lib/x86_64-linux-gnu/libz.so.1.3
7069c3aa6000-7069c3aac000 r--p 00014000 103:02 16531205                  /usr/lib/x86_64-linux-gnu/libz.so.1.3
7069c3aac000-7069c3aad000 r--p 0001a000 103:02 16531205                  /usr/lib/x86_64-linux-gnu/libz.so.1.3
7069c3aad000-7069c3aae000 rw-p 0001b000 103:02 16531205                  /usr/lib/x86_64-linux-gnu/libz.so.1.3
7069c3aaf000-7069c3ab7000 rw-s 00000000 103:02 18219055                  /tmp/hsperfdata_dov/4238
7069c3ab7000-7069c3ab8000 ---p 00000000 00:00 0 
7069c3ab8000-7069c3ab9000 r--p 00000000 00:00 0 
7069c3ab9000-7069c3aba000 ---p 00000000 00:00 0 
7069c3aba000-7069c3abc000 r--p 00000000 103:02 17172964                  /usr/lib/jvm/java-21-openjdk-amd64/lib/libjimage.so
7069c3abc000-7069c3abf000 r-xp 00002000 103:02 17172964                  /usr/lib/jvm/java-21-openjdk-amd64/lib/libjimage.so
7069c3abf000-7069c3ac0000 r--p 00005000 103:02 17172964                  /usr/lib/jvm/java-21-openjdk-amd64/lib/libjimage.so
7069c3ac0000-7069c3ac1000 r--p 00006000 103:02 17172964                  /usr/lib/jvm/java-21-openjdk-amd64/lib/libjimage.so
7069c3ac1000-7069c3ac2000 rw-p 00007000 103:02 17172964                  /usr/lib/jvm/java-21-openjdk-amd64/lib/libjimage.so
7069c3ac2000-7069c3ac4000 rw-p 00000000 00:00 0 
7069c3ac4000-7069c3ac5000 r--p 00000000 103:02 16530286                  /usr/lib/x86_64-linux-gnu/ld-linux-x86-64.so.2
7069c3ac5000-7069c3af0000 r-xp 00001000 103:02 16530286                  /usr/lib/x86_64-linux-gnu/ld-linux-x86-64.so.2
7069c3af0000-7069c3afa000 r--p 0002c000 103:02 16530286                  /usr/lib/x86_64-linux-gnu/ld-linux-x86-64.so.2
7069c3afa000-7069c3afc000 r--p 00036000 103:02 16530286                  /usr/lib/x86_64-linux-gnu/ld-linux-x86-64.so.2
7069c3afc000-7069c3afe000 rw-p 00038000 103:02 16530286                  /usr/lib/x86_64-linux-gnu/ld-linux-x86-64.so.2
7fffb2697000-7fffb26b8000 rw-p 00000000 00:00 0                          [stack]
7fffb26ed000-7fffb26f1000 r--p 00000000 00:00 0                          [vvar]
7fffb26f1000-7fffb26f3000 r-xp 00000000 00:00 0                          [vdso]
ffffffffff600000-ffffffffff601000 --xp 00000000 00:00 0                  [vsyscall]
Total number of mappings: 419


VM Arguments:
jvm_args: -Dfile.encoding=UTF-8 -agentlib:jdwp=transport=dt_socket,address=localhost:46663 --module-path=/home/dov/projects/NeighborhoodPIG/build/classes 
java_command: main.NeighborhoodPIG
java_class_path (initial): /home/dov/projects/Libraries/commons-math3/commons-math3-3.6.1-javadoc.jar:/home/dov/projects/Libraries/commons-math3/commons-math3-3.6.1-sources.jar:/home/dov/projects/Libraries/commons-math3/commons-math3-3.6.1-test-sources.jar:/home/dov/projects/Libraries/commons-math3/commons-math3-3.6.1-tests.jar:/home/dov/projects/Libraries/commons-math3/commons-math3-3.6.1-tools.jar:/home/dov/projects/Libraries/commons-math3/commons-math3-3.6.1.jar:/home/dov/projects/JCudaWrapper/jcuda12/jcublas-12.0.0.jar:/home/dov/projects/JCudaWrapper/jcuda12/jcublas-natives-12.0.0-linux-x86_64.jar:/home/dov/projects/JCudaWrapper/jcuda12/jcuda-12.0.0.jar:/home/dov/projects/JCudaWrapper/jcuda12/jcuda-natives-12.0.0-linux-x86_64.jar:/home/dov/projects/JCudaWrapper/jcuda12/jcudnn-12.0.0.jar:/home/dov/projects/JCudaWrapper/jcuda12/jcudnn-natives-12.0.0-linux-x86_64.jar:/home/dov/projects/JCudaWrapper/jcuda12/jcufft-12.0.0.jar:/home/dov/projects/JCudaWrapper/jcuda12/jcufft-natives-12.0.0-linux-x86_64.jar:/home/dov/projects/JCudaWrapper/jcuda12/jcurand-12.0.0.jar:/home/dov/projects/JCudaWrapper/jcuda12/jcurand-natives-12.0.0-linux-x86_64.jar:/home/dov/projects/JCudaWrapper/jcuda12/jcusolver-12.0.0.jar:/home/dov/projects/JCudaWrapper/jcuda12/jcusolver-natives-12.0.0-linux-x86_64.jar:/home/dov/projects/JCudaWrapper/jcuda12/jcusparse-12.0.0.jar:/home/dov/projects/JCudaWrapper/jcuda12/jcusparse-natives-12.0.0-linux-x86_64.jar:/home/dov/projects/NeighborhoodPIG/build/classes
Launcher Type: SUN_STANDARD

[Global flags]
     intx CICompilerCount                          = 12                                        {product} {ergonomic}
     uint ConcGCThreads                            = 3                                         {product} {ergonomic}
     uint G1ConcRefinementThreads                  = 13                                        {product} {ergonomic}
   size_t G1HeapRegionSize                         = 4194304                                   {product} {ergonomic}
    uintx GCDrainStackTargetSize                   = 64                                        {product} {ergonomic}
   size_t InitialHeapSize                          = 515899392                                 {product} {ergonomic}
   size_t MarkStackSize                            = 4194304                                   {product} {ergonomic}
   size_t MaxHeapSize                              = 8212447232                                {product} {ergonomic}
   size_t MaxNewSize                               = 4924112896                                {product} {ergonomic}
   size_t MinHeapDeltaBytes                        = 4194304                                   {product} {ergonomic}
   size_t MinHeapSize                              = 8388608                                   {product} {ergonomic}
    uintx NonNMethodCodeHeapSize                   = 7602480                                {pd product} {ergonomic}
    uintx NonProfiledCodeHeapSize                  = 122027880                              {pd product} {ergonomic}
    uintx ProfiledCodeHeapSize                     = 122027880                              {pd product} {ergonomic}
    uintx ReservedCodeCacheSize                    = 251658240                              {pd product} {ergonomic}
     bool SegmentedCodeCache                       = true                                      {product} {ergonomic}
   size_t SoftMaxHeapSize                          = 8212447232                             {manageable} {ergonomic}
     bool UseCompressedOops                        = true                           {product lp64_product} {ergonomic}
     bool UseG1GC                                  = true                                      {product} {ergonomic}

Logging:
Log output configuration:
 #0: stdout all=warning uptime,level,tags foldmultilines=false
 #1: stderr all=off uptime,level,tags foldmultilines=false

Environment Variables:
PATH=/usr/local/sbin:/usr/local/bin:/usr/sbin:/usr/bin:/sbin:/bin:/usr/games:/usr/local/games:/snap/bin:/snap/bin
USERNAME=dov
SHELL=/bin/bash
DISPLAY=:1
LANG=en_US.UTF-8

Active Locale:
LC_ALL=en_US.UTF-8
LC_COLLATE=en_US.UTF-8
LC_CTYPE=en_US.UTF-8
LC_MESSAGES=en_US.UTF-8
LC_MONETARY=en_US.UTF-8
LC_NUMERIC=en_US.UTF-8
LC_TIME=en_US.UTF-8

Signal Handlers:
   SIGSEGV: crash_handler in libjvm.so, mask=11100100010111111101111111111110, flags=SA_RESTART|SA_SIGINFO, unblocked
    SIGBUS: crash_handler in libjvm.so, mask=11100100010111111101111111111110, flags=SA_RESTART|SA_SIGINFO, unblocked
    SIGFPE: crash_handler in libjvm.so, mask=11100100010111111101111111111110, flags=SA_RESTART|SA_SIGINFO, unblocked
   SIGPIPE: javaSignalHandler in libjvm.so, mask=11100100010111111101111111111110, flags=SA_RESTART|SA_SIGINFO, blocked
   SIGXFSZ: javaSignalHandler in libjvm.so, mask=11100100010111111101111111111110, flags=SA_RESTART|SA_SIGINFO, blocked
    SIGILL: crash_handler in libjvm.so, mask=11100100010111111101111111111110, flags=SA_RESTART|SA_SIGINFO, unblocked
   SIGUSR2: SR_handler in libjvm.so, mask=00000000000000000000000000000000, flags=SA_RESTART|SA_SIGINFO, blocked
    SIGHUP: UserHandler in libjvm.so, mask=11100100010111111101111111111110, flags=SA_RESTART|SA_SIGINFO, blocked
    SIGINT: SIG_IGN, mask=00000000000000000000000000000000, flags=none, blocked
   SIGTERM: UserHandler in libjvm.so, mask=11100100010111111101111111111110, flags=SA_RESTART|SA_SIGINFO, blocked
   SIGQUIT: UserHandler in libjvm.so, mask=11100100010111111101111111111110, flags=SA_RESTART|SA_SIGINFO, blocked
   SIGTRAP: crash_handler in libjvm.so, mask=11100100010111111101111111111110, flags=SA_RESTART|SA_SIGINFO, unblocked


Periodic native trim disabled

---------------  S Y S T E M  ---------------

OS:
DISTRIB_ID=Ubuntu
DISTRIB_RELEASE=24.04
DISTRIB_CODENAME=noble
DISTRIB_DESCRIPTION="Ubuntu 24.04.1 LTS"
uname: Linux 6.8.0-47-generic #47-Ubuntu SMP PREEMPT_DYNAMIC Fri Sep 27 21:40:26 UTC 2024 x86_64
OS uptime: 0 days 0:03 hours
libc: glibc 2.39 NPTL 2.39 
rlimit (soft/hard): STACK 8192k/infinity , CORE 0k/infinity , NPROC 125013/125013 , NOFILE 1048576/1048576 , AS infinity/infinity , CPU infinity/infinity , DATA infinity/infinity , FSIZE infinity/infinity , MEMLOCK 4009332k/4009332k
load average: 1.38 0.55 0.22

/proc/meminfo:
MemTotal:       32074672 kB
MemFree:        27345424 kB
MemAvailable:   28633728 kB
Buffers:           92436 kB
Cached:          1539480 kB
SwapCached:            0 kB
Active:          2993752 kB
Inactive:         797324 kB
Active(anon):    2172848 kB
Inactive(anon):        0 kB
Active(file):     820904 kB
Inactive(file):   797324 kB
Unevictable:          16 kB
Mlocked:              16 kB
SwapTotal:       8388604 kB
SwapFree:        8388604 kB
Zswap:                 0 kB
Zswapped:              0 kB
Dirty:             19872 kB
Writeback:             0 kB
AnonPages:       2159260 kB
Mapped:           568424 kB
Shmem:             13620 kB
KReclaimable:      69700 kB
Slab:             302404 kB
SReclaimable:      69700 kB
SUnreclaim:       232704 kB
KernelStack:       14816 kB
PageTables:        24676 kB
SecPageTables:         0 kB
NFS_Unstable:          0 kB
Bounce:                0 kB
WritebackTmp:          0 kB
CommitLimit:    24425940 kB
Committed_AS:    7132380 kB
VmallocTotal:   34359738367 kB
VmallocUsed:      156412 kB
VmallocChunk:          0 kB
Percpu:            17152 kB
HardwareCorrupted:     0 kB
AnonHugePages:         0 kB
ShmemHugePages:        0 kB
ShmemPmdMapped:        0 kB
FileHugePages:         0 kB
FilePmdMapped:         0 kB
Unaccepted:            0 kB
HugePages_Total:       0
HugePages_Free:        0
HugePages_Rsvd:        0
HugePages_Surp:        0
Hugepagesize:       2048 kB
Hugetlb:               0 kB
DirectMap4k:      764392 kB
DirectMap2M:     9973760 kB
DirectMap1G:    23068672 kB

/sys/kernel/mm/transparent_hugepage/enabled: always [madvise] never
/sys/kernel/mm/transparent_hugepage/hpage_pmd_size: 2097152
/sys/kernel/mm/transparent_hugepage/defrag (defrag/compaction efforts parameter): always defer defer+madvise [madvise] never

Process Memory:
Virtual Size: 17093100K (peak: 17152140K)
Resident Set Size: 273972K (peak: 273972K) (anon: 110140K, file: 155640K, shmem: 8192K)
Swapped out: 0K
C-Heap outstanding allocations: 83574K, retained: 5257K
glibc malloc tunables: (default)

/proc/sys/kernel/threads-max (system-wide limit on the number of threads): 250026
/proc/sys/vm/max_map_count (maximum number of memory map areas a process may have): 1048576
/proc/sys/vm/swappiness (control to define how aggressively the kernel swaps out anonymous memory): 60
/proc/sys/kernel/pid_max (system-wide limit on number of process identifiers): 4194304

container (cgroup) information:
container_type: cgroupv2
cpu_cpuset_cpus: not supported
cpu_memory_nodes: not supported
active_processor_count: 16
cpu_quota: not supported
cpu_period: not supported
cpu_shares: not supported
memory_limit_in_bytes: unlimited
memory_and_swap_limit_in_bytes: unlimited
memory_soft_limit_in_bytes: unlimited
memory_usage_in_bytes: 2022396 k
memory_max_usage_in_bytes: not supported
memory_swap_current_in_bytes: unlimited
memory_swap_max_limit_in_bytes: unlimited
maximum number of tasks: 37503
current number of tasks: 111

Steal ticks since vm start: 0
Steal ticks percentage since vm start:  0.000

CPU: total 16 (initial active 16) (16 cores per cpu, 2 threads per core) family 25 model 68 stepping 1 microcode 0xa404101, cx8, cmov, fxsr, ht, mmx, 3dnowpref, sse, sse2, sse3, ssse3, sse4a, sse4.1, sse4.2, popcnt, lzcnt, tsc, tscinvbit, avx, avx2, aes, clmul, bmi1, bmi2, adx, sha, fma, vzeroupper, clflush, clflushopt, rdtscp, rdpid, f16c, pku, ospke, cet_ss
CPU Model and flags from /proc/cpuinfo:
model name	: AMD Ryzen 9 6900HS with Radeon Graphics
flags		: fpu vme de pse tsc msr pae mce cx8 apic sep mtrr pge mca cmov pat pse36 clflush mmx fxsr sse sse2 ht syscall nx mmxext fxsr_opt pdpe1gb rdtscp lm constant_tsc rep_good nopl nonstop_tsc cpuid extd_apicid aperfmperf rapl pni pclmulqdq monitor ssse3 fma cx16 sse4_1 sse4_2 x2apic movbe popcnt aes xsave avx f16c rdrand lahf_lm cmp_legacy svm extapic cr8_legacy abm sse4a misalignsse 3dnowprefetch osvw ibs skinit wdt tce topoext perfctr_core perfctr_nb bpext perfctr_llc mwaitx cpb cat_l3 cdp_l3 hw_pstate ssbd mba ibrs ibpb stibp vmmcall fsgsbase bmi1 avx2 smep bmi2 invpcid cqm rdt_a rdseed adx smap clflushopt clwb sha_ni xsaveopt xsavec xgetbv1 xsaves cqm_llc cqm_occup_llc cqm_mbm_total cqm_mbm_local user_shstk clzero irperf xsaveerptr rdpru wbnoinvd cppc arat npt lbrv svm_lock nrip_save tsc_scale vmcb_clean flushbyasid decodeassists pausefilter pfthreshold avic v_vmsave_vmload vgif v_spec_ctrl umip pku ospke vaes vpclmulqdq rdpid overflow_recov succor smca debug_swap

Online cpus: 0-15
Offline cpus: 
BIOS frequency limitation: <Not Available>
Frequency switch latency (ns): 0
Available cpu frequencies: <Not Available>
Current governor: powersave
Core performance/turbo boost: <Not Available>

Memory: 4k page, physical 32074672k(28633728k free), swap 8388604k(8388604k free)
Page Sizes: 4k

vm_info: OpenJDK 64-Bit Server VM (21.0.4+7-Ubuntu-1ubuntu224.04) for linux-amd64 JRE (21.0.4+7-Ubuntu-1ubuntu224.04), built on 2024-07-23T01:34:52Z by "buildd" with gcc 13.2.0

END.
