#
# A fatal error has been detected by the Java Runtime Environment:
#
#  SIGSEGV (0xb) at pc=0x000078f2cde4b06e, pid=4050, tid=4054
#
# JRE version: OpenJDK Runtime Environment (21.0.4+7) (build 21.0.4+7-Ubuntu-1ubuntu224.04)
# Java VM: OpenJDK 64-Bit Server VM (21.0.4+7-Ubuntu-1ubuntu224.04, mixed mode, sharing, tiered, compressed oops, compressed class ptrs, g1 gc, linux-amd64)
# Problematic frame:
# C  [libcuda.so.1+0x24b06e]
#
# Core dump will be written. Default location: Core dumps may be processed with "/usr/share/apport/apport -p%p -s%s -c%c -d%d -P%P -u%u -g%g -- %E" (or dumping to /home/dov/projects/NeighborhoodPIG/core.4050)
#
# If you would like to submit a bug report, please visit:
#   https://bugs.launchpad.net/ubuntu/+source/openjdk-21
# The crash happened outside the Java Virtual Machine in native code.
# See problematic frame for where to report the bug.
#

---------------  S U M M A R Y ------------

Command Line: -Dfile.encoding=UTF-8 --module-path=/home/dov/projects/NeighborhoodPIG/build/classes main.NeighborhoodPIG

Host: AMD Ryzen 9 6900HS with Radeon Graphics, 16 cores, 30G, Ubuntu 24.04.1 LTS
Time: Fri Nov  1 15:20:51 2024 IST elapsed time: 1.593160 seconds (0d 0h 0m 1s)

---------------  T H R E A D  ---------------

Current thread (0x000078f2f801a060):  JavaThread "main"             [_thread_in_native, id=4054, stack(0x000078f2fef00000,0x000078f2ff000000) (1024K)]

Stack: [0x000078f2fef00000,0x000078f2ff000000],  sp=0x000078f2feffe330,  free space=1016k
Native frames: (J=compiled Java code, j=interpreted, Vv=VM code, C=native code)
C  [libcuda.so.1+0x24b06e]
C  [libcuda.so.1+0x24b5f8]
C  [libcuda.so.1+0x2f19c3]
j  jcuda.driver.JCudaDriver.cuStreamSynchronizeNative(Ljcuda/driver/CUstream;)I+0
j  jcuda.driver.JCudaDriver.cuStreamSynchronize(Ljcuda/driver/CUstream;)I+1
j  JCudaWrapper.resourceManagement.Handle.get()Ljcuda/jcublas/cublasHandle;+11
j  JCudaWrapper.array.DStrideArray.multMatMatStridedBatched(LJCudaWrapper/resourceManagement/Handle;ZZIIIDLJCudaWrapper/array/DStrideArray;ILJCudaWrapper/array/DStrideArray;IDI)V+70
j  JCudaWrapper.algebra.Vector.addBatchVecVecMult(DLJCudaWrapper/algebra/VectorsStride;LJCudaWrapper/algebra/VectorsStride;D)V+53
j  JCudaWrapper.algebra.VectorsStride.norms(LJCudaWrapper/array/DArray;)LJCudaWrapper/algebra/Vector;+19
j  JCudaWrapper.algebra.VectorsStride.setVectorMagnitudes(DLJCudaWrapper/array/DArray;)LJCudaWrapper/algebra/VectorsStride;+13
j  main.StructureTensorMatrix.getRGB()[[[D+33
j  main.NeighborhoodPIG.orientationColored(Ljava/lang/String;)V+4
j  main.NeighborhoodPIG.main([Ljava/lang/String;)V+14
v  ~StubRoutines::call_stub 0x000078f2e7c5fcc6
V  [libjvm.so+0x90841a]  JavaCalls::call_helper(JavaValue*, methodHandle const&, JavaCallArguments*, JavaThread*)+0x2da
V  [libjvm.so+0x9ae72d]  jni_invoke_static(JNIEnv_*, JavaValue*, _jobject*, JNICallType, _jmethodID*, JNI_ArgumentPusher*, JavaThread*) [clone .constprop.1]+0x35d
V  [libjvm.so+0x9b0c7f]  jni_CallStaticVoidMethod+0x12f
C  [libjli.so+0x55be]  JavaMain+0xfde
C  [libjli.so+0x844d]  ThreadJavaMain+0xd
C  [libc.so.6+0x9ca94]
Java frames: (J=compiled Java code, j=interpreted, Vv=VM code)
j  jcuda.driver.JCudaDriver.cuStreamSynchronizeNative(Ljcuda/driver/CUstream;)I+0
j  jcuda.driver.JCudaDriver.cuStreamSynchronize(Ljcuda/driver/CUstream;)I+1
j  JCudaWrapper.resourceManagement.Handle.get()Ljcuda/jcublas/cublasHandle;+11
j  JCudaWrapper.array.DStrideArray.multMatMatStridedBatched(LJCudaWrapper/resourceManagement/Handle;ZZIIIDLJCudaWrapper/array/DStrideArray;ILJCudaWrapper/array/DStrideArray;IDI)V+70
j  JCudaWrapper.algebra.Vector.addBatchVecVecMult(DLJCudaWrapper/algebra/VectorsStride;LJCudaWrapper/algebra/VectorsStride;D)V+53
j  JCudaWrapper.algebra.VectorsStride.norms(LJCudaWrapper/array/DArray;)LJCudaWrapper/algebra/Vector;+19
j  JCudaWrapper.algebra.VectorsStride.setVectorMagnitudes(DLJCudaWrapper/array/DArray;)LJCudaWrapper/algebra/VectorsStride;+13
j  main.StructureTensorMatrix.getRGB()[[[D+33
j  main.NeighborhoodPIG.orientationColored(Ljava/lang/String;)V+4
j  main.NeighborhoodPIG.main([Ljava/lang/String;)V+14
v  ~StubRoutines::call_stub 0x000078f2e7c5fcc6

siginfo: si_signo: 11 (SIGSEGV), si_code: 1 (SEGV_MAPERR), si_addr: 0x000078f577180c3f

Registers:
RAX=0x000078f2f86022d0, RBX=0x000078f2feffe448, RCX=0x0000000000000002, RDX=0x000078f2fa7a74b0
RSP=0x000078f2feffe330, RBP=0x000078f2feffe390, RSI=0x0000000000000000, RDI=0x000078f2f86022d0
R8 =0x000078f2feffe3c8, R9 =0x0000000000000000, R10=0x000078f2fa7a74b0, R11=0x000078f577180857
R12=0x000078f2feffe3c8, R13=0x000078f2f86022d0, R14=0x000078f2feffe558, R15=0x000078f2f801a060
RIP=0x000078f2cde4b06e, EFLAGS=0x0000000000010202, CSGSFS=0x002b000000000033, ERR=0x0000000000000004
  TRAPNO=0x000000000000000e


Register to memory mapping:

RAX=0x000078f2f86022d0 points into unknown readable memory: 0x000078f2f85ff7d0 | d0 f7 5f f8 f2 78 00 00
RBX=0x000078f2feffe448 is pointing into the stack for thread: 0x000078f2f801a060
RCX=0x0000000000000002 is an unknown value
RDX=0x000078f2fa7a74b0 points into unknown readable memory: 0x000078f2f8f3cdd0 | d0 cd f3 f8 f2 78 00 00
RSP=0x000078f2feffe330 is pointing into the stack for thread: 0x000078f2f801a060
RBP=0x000078f2feffe390 is pointing into the stack for thread: 0x000078f2f801a060
RSI=0x0 is null
RDI=0x000078f2f86022d0 points into unknown readable memory: 0x000078f2f85ff7d0 | d0 f7 5f f8 f2 78 00 00
R8 =0x000078f2feffe3c8 is pointing into the stack for thread: 0x000078f2f801a060
R9 =0x0 is null
R10=0x000078f2fa7a74b0 points into unknown readable memory: 0x000078f2f8f3cdd0 | d0 cd f3 f8 f2 78 00 00
R11=0x000078f577180857 is an unknown value
R12=0x000078f2feffe3c8 is pointing into the stack for thread: 0x000078f2f801a060
R13=0x000078f2f86022d0 points into unknown readable memory: 0x000078f2f85ff7d0 | d0 f7 5f f8 f2 78 00 00
R14=0x000078f2feffe558 is pointing into the stack for thread: 0x000078f2f801a060
R15=0x000078f2f801a060 is a thread

Top of Stack: (sp=0x000078f2feffe330)
0x000078f2feffe330:   0000000634fbc928 0000000634fbc8b0
0x000078f2feffe340:   0000000634fbc888 0000000000000000
0x000078f2feffe350:   000078f2feffe490 000078f2f801a060
0x000078f2feffe360:   000078f2feffe668 000078f2feffe448
0x000078f2feffe370:   0000000000000000 000078f2feffe440
0x000078f2feffe380:   000078f2feffe558 000078f2f801a060
0x000078f2feffe390:   000078f2feffe400 000078f2cde4b5f8
0x000078f2feffe3a0:   000078f3007e4a58 0000000634fbc928
0x000078f2feffe3b0:   0000000634fbc888 0000000634fbc8b0
0x000078f2feffe3c0:   000078f26c012388 0000000000000000
0x000078f2feffe3d0:   000078f2feffe668 000078f26c4deac8
0x000078f2feffe3e0:   000078f2fa7a74b0 000078f26c4deac8
0x000078f2feffe3f0:   000078f2feffe558 000078f2f801a060
0x000078f2feffe400:   000078f2feffe4d0 000078f2cdef19c3
0x000078f2feffe410:   000078f2feffe558 000000000000002c
0x000078f2feffe420:   000003e700000003 0000000000000000
0x000078f2feffe430:   0000000000000000 000078f2f86022d0
0x000078f2feffe440:   0000000000000000 0000000000000000
0x000078f2feffe450:   0000000634fbc8f8 000078f2f801a060
0x000078f2feffe460:   000078f2feffe4f8 0000000000000000
0x000078f2feffe470:   000078f2f801a060 0000000634fbc8b0
0x000078f2feffe480:   000078f201000020 000078f3003a3f27
0x000078f2feffe490:   000078f3007e4a58 0000000000000000
0x000078f2feffe4a0:   0000000634fbc8b0 0000000634fbc888
0x000078f2feffe4b0:   000078f2f801a418 000078f26b43604a
0x000078f2feffe4c0:   000078f2feffe668 0000000000000000
0x000078f2feffe4d0:   000078f2feffe538 000078f2e7c6b9c0
0x000078f2feffe4e0:   0000000000000001 000078f2f801a060
0x000078f2feffe4f0:   000078f2feffe4f0 0000000000000000
0x000078f2feffe500:   0000000000000004 000078f26c4e26d8
0x000078f2feffe510:   0000000000000000 0000000634f64328
0x000078f2feffe520:   000078f26c4deac8 0000000000000000 

Instructions: (pc=0x000078f2cde4b06e)
0x000078f2cde4af6e:   f6 c2 10 75 ba 83 e2 08 b8 8a 03 00 00 75 da 48
0x000078f2cde4af7e:   8b 59 08 4c 8d 63 08 4c 89 e7 e8 23 3a e9 ff 48
0x000078f2cde4af8e:   8b 5b 38 48 85 db 74 2d 66 2e 0f 1f 84 00 00 00
0x000078f2cde4af9e:   00 00 48 8b bb e8 03 00 00 48 85 ff 74 0b f6 43
0x000078f2cde4afae:   50 04 74 05 e8 c9 9a 29 00 48 8b 9b 58 01 00 00
0x000078f2cde4afbe:   48 85 db 75 dd 4c 89 e7 e8 15 35 e9 ff b8 8a 03
0x000078f2cde4afce:   00 00 eb 85 66 0f 1f 44 00 00 83 f8 02 ba 91 01
0x000078f2cde4afde:   00 00 b8 00 00 00 00 5b 0f 44 c2 41 5c 5d c3 0f
0x000078f2cde4afee:   1f 00 e8 8b 9a 29 00 b8 84 03 00 00 e9 58 ff ff
0x000078f2cde4affe:   ff 90 55 48 89 e5 41 57 41 56 41 55 49 89 fd 41
0x000078f2cde4b00e:   54 4d 89 c4 53 48 83 ec 38 49 c7 00 00 00 00 00
0x000078f2cde4b01e:   48 85 f6 0f 84 b9 00 00 00 44 8b 0e 41 ba 00 00
0x000078f2cde4b02e:   00 00 48 89 f3 45 85 c9 4c 0f 45 d6 48 83 fa 02
0x000078f2cde4b03e:   77 20 48 85 d2 74 5b 48 83 fa 02 0f 85 81 00 00
0x000078f2cde4b04e:   00 4d 85 d2 0f 84 a8 00 00 00 41 b8 90 01 00 00
0x000078f2cde4b05e:   eb 28 4c 8b 1a 4d 85 db 74 f0 49 39 5b 10 75 ea
0x000078f2cde4b06e:   49 83 bb e8 03 00 00 00 75 09 4d 85 ed 0f 85 57
0x000078f2cde4b07e:   01 00 00 4d 89 1c 24 45 31 c0 48 8d 65 d8 44 89
0x000078f2cde4b08e:   c0 5b 41 5c 41 5d 41 5e 41 5f 5d c3 66 0f 1f 44
0x000078f2cde4b09e:   00 00 83 f9 02 0f 84 27 02 00 00 83 f9 03 0f 84
0x000078f2cde4b0ae:   06 02 00 00 83 f9 01 0f 84 e5 01 00 00 0f b6 05
0x000078f2cde4b0be:   66 ac 91 01 c0 e8 03 83 e0 01 84 c0 0f 85 7f ff
0x000078f2cde4b0ce:   ff ff 4d 85 d2 0f 84 ef 00 00 00 4d 8b 5a 68 eb
0x000078f2cde4b0de:   84 90 48 83 fa 02 0f 86 6e ff ff ff 4c 8b 1a 4d
0x000078f2cde4b0ee:   85 db 0f 85 78 ff ff ff e9 5d ff ff ff 0f 1f 44
0x000078f2cde4b0fe:   00 00 4d 8b 5d 18 4d 85 db 74 0d 8b 43 38 41 39
0x000078f2cde4b10e:   45 20 0f 84 9f 00 00 00 4c 8d b3 a0 03 00 00 4c
0x000078f2cde4b11e:   89 55 a8 4d 8b 7d 10 4c 89 f7 e8 83 38 e9 ff 4c
0x000078f2cde4b12e:   8b 9b c8 03 00 00 45 31 c0 4c 89 fe 4c 89 c2 41
0x000078f2cde4b13e:   8b 3b 4c 89 5d b0 89 7d b8 e8 14 72 0d 00 4c 8b
0x000078f2cde4b14e:   5d b0 48 83 ec 08 8b 7d b8 45 31 c0 41 89 c1 4c
0x000078f2cde4b15e:   89 f9 49 8b 53 10 41 8b 73 0c 6a 00 e8 21 ee 2a 


Stack slot to memory mapping:

stack at sp + 0 slots: 0x0000000634fbc928 is an oop: java.util.stream.MatchOps$2MatchSink 
{0x0000000634fbc928} - klass: 'java/util/stream/MatchOps$2MatchSink'
 - ---- fields (total size 3 words):
 - 'stop' 'Z' @12  false (0x00)
 - 'value' 'Z' @13  false (0x00)
 - final synthetic 'val$matchKind' 'Ljava/util/stream/MatchOps$MatchKind;' @16  a 'java/util/stream/MatchOps$MatchKind'{0x0000000634dec790} (0xc69bd8f2)
 - final synthetic 'val$predicate' 'Ljava/util/function/IntPredicate;' @20  a 'JCudaWrapper/array/Array$$Lambda+0x000078f27800b2f8'{0x0000000634fbc8e8} (0xc69f791d)
stack at sp + 1 slots: 0x0000000634fbc8b0 is an oop: java.util.stream.IntPipeline$Head 
{0x0000000634fbc8b0} - klass: 'java/util/stream/IntPipeline$Head'
 - ---- fields (total size 7 words):
 - protected final 'sourceOrOpFlags' 'I' @12  80 (0x00000050)
 - private 'depth' 'I' @16  0 (0x00000000)
 - private 'combinedFlags' 'I' @20  16777327 (0x0100006f)
 - private 'linkedOrConsumed' 'Z' @24  true (0x01)
 - private 'sourceAnyStateful' 'Z' @25  false (0x00)
 - private 'parallel' 'Z' @26  false (0x00)
 - private final 'sourceStage' 'Ljava/util/stream/AbstractPipeline;' @28  a 'java/util/stream/IntPipeline$Head'{0x0000000634fbc8b0} (0xc69f7916)
 - private final 'previousStage' 'Ljava/util/stream/AbstractPipeline;' @32  null (0x00000000)
 - private 'nextStage' 'Ljava/util/stream/AbstractPipeline;' @36  null (0x00000000)
 - private 'sourceSpliterator' 'Ljava/util/Spliterator;' @40  null (0x00000000)
 - private 'sourceSupplier' 'Ljava/util/function/Supplier;' @44  null (0x00000000)
 - private 'sourceCloseAction' 'Ljava/lang/Runnable;' @48  null (0x00000000)
stack at sp + 2 slots: 0x0000000634fbc888 is an oop: java.util.Spliterators$IntArraySpliterator 
{0x0000000634fbc888} - klass: 'java/util/Spliterators$IntArraySpliterator'
 - ---- fields (total size 5 words):
 - private 'index' 'I' @12  4 (0x00000004)
 - private 'estimatedSize' 'J' @16  -1 (0xffffffffffffffff)
 - private final 'fence' 'I' @24  4 (0x00000004)
 - private final 'characteristics' 'I' @28  17488 (0x00004450)
 - private final 'array' '[I' @32  [I{0x0000000634fbc868} (0xc69f790d)
stack at sp + 3 slots: 0x0 is null
stack at sp + 4 slots: 0x000078f2feffe490 is pointing into the stack for thread: 0x000078f2f801a060
stack at sp + 5 slots: 0x000078f2f801a060 is a thread
stack at sp + 6 slots: 0x000078f2feffe668 is pointing into the stack for thread: 0x000078f2f801a060
stack at sp + 7 slots: 0x000078f2feffe448 is pointing into the stack for thread: 0x000078f2f801a060


---------------  P R O C E S S  ---------------

Threads class SMR info:
_java_thread_list=0x000078f2f955f400, length=14, elements={
0x000078f2f801a060, 0x000078f2f8138d50, 0x000078f2f813a3e0, 0x000078f2f813beb0,
0x000078f2f813d500, 0x000078f2f813eab0, 0x000078f2f8140680, 0x000078f2f8141d50,
0x000078f2f8160f60, 0x000078f23c06fe60, 0x000078f230001230, 0x000078f2f819cfe0,
0x000078f2f9533b10, 0x000078f2f955e670
}

Java Threads: ( => current thread )
=>0x000078f2f801a060 JavaThread "main"                              [_thread_in_native, id=4054, stack(0x000078f2fef00000,0x000078f2ff000000) (1024K)]
  0x000078f2f8138d50 JavaThread "Reference Handler"          daemon [_thread_blocked, id=4062, stack(0x000078f2d57fd000,0x000078f2d58fd000) (1024K)]
  0x000078f2f813a3e0 JavaThread "Finalizer"                  daemon [_thread_blocked, id=4063, stack(0x000078f2d4900000,0x000078f2d4a00000) (1024K)]
  0x000078f2f813beb0 JavaThread "Signal Dispatcher"          daemon [_thread_blocked, id=4064, stack(0x000078f2d4800000,0x000078f2d4900000) (1024K)]
  0x000078f2f813d500 JavaThread "Service Thread"             daemon [_thread_blocked, id=4065, stack(0x000078f2d4700000,0x000078f2d4800000) (1024K)]
  0x000078f2f813eab0 JavaThread "Monitor Deflation Thread"   daemon [_thread_blocked, id=4066, stack(0x000078f2d4600000,0x000078f2d4700000) (1024K)]
  0x000078f2f8140680 JavaThread "C2 CompilerThread0"         daemon [_thread_blocked, id=4067, stack(0x000078f2d4500000,0x000078f2d4600000) (1024K)]
  0x000078f2f8141d50 JavaThread "C1 CompilerThread0"         daemon [_thread_blocked, id=4068, stack(0x000078f2d4400000,0x000078f2d4500000) (1024K)]
  0x000078f2f8160f60 JavaThread "Common-Cleaner"             daemon [_thread_blocked, id=4069, stack(0x000078f2d4300000,0x000078f2d4400000) (1024K)]
  0x000078f23c06fe60 JavaThread "C1 CompilerThread1"         daemon [_thread_blocked, id=4070, stack(0x000078f2d4200000,0x000078f2d4300000) (1024K)]
  0x000078f230001230 JavaThread "C1 CompilerThread2"         daemon [_thread_blocked, id=4071, stack(0x000078f2d4100000,0x000078f2d4200000) (1024K)]
  0x000078f2f819cfe0 JavaThread "Notification Thread"        daemon [_thread_blocked, id=4072, stack(0x000078f2d4000000,0x000078f2d4100000) (1024K)]
  0x000078f2f9533b10 JavaThread "pool-1-thread-1"            daemon [_thread_blocked, id=4080, stack(0x000078f2cff00000,0x000078f2d0000000) (1024K)]
  0x000078f2f955e670 JavaThread "Java2D Disposer"            daemon [_thread_blocked, id=4081, stack(0x000078f2cc300000,0x000078f2cc400000) (1024K)]
Total: 14

Other Threads:
  0x000078f2f812ba00 VMThread "VM Thread"                           [id=4061, stack(0x000078f2d58fe000,0x000078f2d59fe000) (1024K)]
  0x000078f2f8111250 WatcherThread "VM Periodic Task Thread"        [id=4060, stack(0x000078f2d59ff000,0x000078f2d5aff000) (1024K)]
  0x000078f2f8045400 WorkerThread "GC Thread#0"                     [id=4055, stack(0x000078f2fcf00000,0x000078f2fd000000) (1024K)]
  0x000078f2f8055f00 ConcurrentGCThread "G1 Main Marker"            [id=4056, stack(0x000078f2fcdff000,0x000078f2fceff000) (1024K)]
  0x000078f2f8056eb0 WorkerThread "G1 Conc#0"                       [id=4057, stack(0x000078f2fccfe000,0x000078f2fcdfe000) (1024K)]
  0x000078f2f80feac0 ConcurrentGCThread "G1 Refine#0"               [id=4058, stack(0x000078f2df700000,0x000078f2df800000) (1024K)]
  0x000078f2f80ffa80 ConcurrentGCThread "G1 Service"                [id=4059, stack(0x000078f2d5b00000,0x000078f2d5c00000) (1024K)]
Total: 7

Threads with active compile tasks:
Total: 0

VM state: not at safepoint (normal execution)

VM Mutex/Monitor currently owned by a thread: None

Heap address: 0x0000000616800000, size: 7832 MB, Compressed Oops mode: Zero based, Oop shift amount: 3

CDS archive(s) mapped at: [0x000078f277000000-0x000078f277cae000-0x000078f277cae000), size 13295616, SharedBaseAddress: 0x000078f277000000, ArchiveRelocationMode: 1.
Compressed class space mapped at: 0x000078f278000000-0x000078f2b8000000, reserved size: 1073741824
Narrow klass base: 0x000078f277000000, Narrow klass shift: 0, Narrow klass range: 0x100000000

GC Precious Log:
 CardTable entry size: 512
 Card Set container configuration: InlinePtr #cards 4 size 8 Array Of Cards #cards 32 size 80 Howl #buckets 8 coarsen threshold 7372 Howl Bitmap #cards 1024 size 144 coarsen threshold 921 Card regions per heap region 1 cards per card region 8192
 CPUs: 16 total, 16 available
 Memory: 31322M
 Large Page Support: Disabled
 NUMA Support: Disabled
 Compressed Oops: Enabled (Zero based)
 Heap Region Size: 4M
 Heap Min Capacity: 8M
 Heap Initial Capacity: 492M
 Heap Max Capacity: 7832M
 Pre-touch: Disabled
 Parallel Workers: 13
 Concurrent Workers: 3
 Concurrent Refinement Workers: 13
 Periodic GC: Disabled

Heap:
 garbage-first heap   total 507904K, used 5150K [0x0000000616800000, 0x0000000800000000)
  region size 4096K, 2 young (8192K), 0 survivors (0K)
 Metaspace       used 3490K, committed 3712K, reserved 1114112K
  class space    used 299K, committed 448K, reserved 1048576K

Heap Regions: E=young(eden), S=young(survivor), O=old, HS=humongous(starts), HC=humongous(continues), CS=collection set, F=free, TAMS=top-at-mark-start, PB=parsable bottom
|   0|0x0000000616800000, 0x0000000616800000, 0x0000000616c00000|  0%| F|  |TAMS 0x0000000616800000| PB 0x0000000616800000| Untracked 
|   1|0x0000000616c00000, 0x0000000616c00000, 0x0000000617000000|  0%| F|  |TAMS 0x0000000616c00000| PB 0x0000000616c00000| Untracked 
|   2|0x0000000617000000, 0x0000000617000000, 0x0000000617400000|  0%| F|  |TAMS 0x0000000617000000| PB 0x0000000617000000| Untracked 
|   3|0x0000000617400000, 0x0000000617400000, 0x0000000617800000|  0%| F|  |TAMS 0x0000000617400000| PB 0x0000000617400000| Untracked 
|   4|0x0000000617800000, 0x0000000617800000, 0x0000000617c00000|  0%| F|  |TAMS 0x0000000617800000| PB 0x0000000617800000| Untracked 
|   5|0x0000000617c00000, 0x0000000617c00000, 0x0000000618000000|  0%| F|  |TAMS 0x0000000617c00000| PB 0x0000000617c00000| Untracked 
|   6|0x0000000618000000, 0x0000000618000000, 0x0000000618400000|  0%| F|  |TAMS 0x0000000618000000| PB 0x0000000618000000| Untracked 
|   7|0x0000000618400000, 0x0000000618400000, 0x0000000618800000|  0%| F|  |TAMS 0x0000000618400000| PB 0x0000000618400000| Untracked 
|   8|0x0000000618800000, 0x0000000618800000, 0x0000000618c00000|  0%| F|  |TAMS 0x0000000618800000| PB 0x0000000618800000| Untracked 
|   9|0x0000000618c00000, 0x0000000618c00000, 0x0000000619000000|  0%| F|  |TAMS 0x0000000618c00000| PB 0x0000000618c00000| Untracked 
|  10|0x0000000619000000, 0x0000000619000000, 0x0000000619400000|  0%| F|  |TAMS 0x0000000619000000| PB 0x0000000619000000| Untracked 
|  11|0x0000000619400000, 0x0000000619400000, 0x0000000619800000|  0%| F|  |TAMS 0x0000000619400000| PB 0x0000000619400000| Untracked 
|  12|0x0000000619800000, 0x0000000619800000, 0x0000000619c00000|  0%| F|  |TAMS 0x0000000619800000| PB 0x0000000619800000| Untracked 
|  13|0x0000000619c00000, 0x0000000619c00000, 0x000000061a000000|  0%| F|  |TAMS 0x0000000619c00000| PB 0x0000000619c00000| Untracked 
|  14|0x000000061a000000, 0x000000061a000000, 0x000000061a400000|  0%| F|  |TAMS 0x000000061a000000| PB 0x000000061a000000| Untracked 
|  15|0x000000061a400000, 0x000000061a400000, 0x000000061a800000|  0%| F|  |TAMS 0x000000061a400000| PB 0x000000061a400000| Untracked 
|  16|0x000000061a800000, 0x000000061a800000, 0x000000061ac00000|  0%| F|  |TAMS 0x000000061a800000| PB 0x000000061a800000| Untracked 
|  17|0x000000061ac00000, 0x000000061ac00000, 0x000000061b000000|  0%| F|  |TAMS 0x000000061ac00000| PB 0x000000061ac00000| Untracked 
|  18|0x000000061b000000, 0x000000061b000000, 0x000000061b400000|  0%| F|  |TAMS 0x000000061b000000| PB 0x000000061b000000| Untracked 
|  19|0x000000061b400000, 0x000000061b400000, 0x000000061b800000|  0%| F|  |TAMS 0x000000061b400000| PB 0x000000061b400000| Untracked 
|  20|0x000000061b800000, 0x000000061b800000, 0x000000061bc00000|  0%| F|  |TAMS 0x000000061b800000| PB 0x000000061b800000| Untracked 
|  21|0x000000061bc00000, 0x000000061bc00000, 0x000000061c000000|  0%| F|  |TAMS 0x000000061bc00000| PB 0x000000061bc00000| Untracked 
|  22|0x000000061c000000, 0x000000061c000000, 0x000000061c400000|  0%| F|  |TAMS 0x000000061c000000| PB 0x000000061c000000| Untracked 
|  23|0x000000061c400000, 0x000000061c400000, 0x000000061c800000|  0%| F|  |TAMS 0x000000061c400000| PB 0x000000061c400000| Untracked 
|  24|0x000000061c800000, 0x000000061c800000, 0x000000061cc00000|  0%| F|  |TAMS 0x000000061c800000| PB 0x000000061c800000| Untracked 
|  25|0x000000061cc00000, 0x000000061cc00000, 0x000000061d000000|  0%| F|  |TAMS 0x000000061cc00000| PB 0x000000061cc00000| Untracked 
|  26|0x000000061d000000, 0x000000061d000000, 0x000000061d400000|  0%| F|  |TAMS 0x000000061d000000| PB 0x000000061d000000| Untracked 
|  27|0x000000061d400000, 0x000000061d400000, 0x000000061d800000|  0%| F|  |TAMS 0x000000061d400000| PB 0x000000061d400000| Untracked 
|  28|0x000000061d800000, 0x000000061d800000, 0x000000061dc00000|  0%| F|  |TAMS 0x000000061d800000| PB 0x000000061d800000| Untracked 
|  29|0x000000061dc00000, 0x000000061dc00000, 0x000000061e000000|  0%| F|  |TAMS 0x000000061dc00000| PB 0x000000061dc00000| Untracked 
|  30|0x000000061e000000, 0x000000061e000000, 0x000000061e400000|  0%| F|  |TAMS 0x000000061e000000| PB 0x000000061e000000| Untracked 
|  31|0x000000061e400000, 0x000000061e400000, 0x000000061e800000|  0%| F|  |TAMS 0x000000061e400000| PB 0x000000061e400000| Untracked 
|  32|0x000000061e800000, 0x000000061e800000, 0x000000061ec00000|  0%| F|  |TAMS 0x000000061e800000| PB 0x000000061e800000| Untracked 
|  33|0x000000061ec00000, 0x000000061ec00000, 0x000000061f000000|  0%| F|  |TAMS 0x000000061ec00000| PB 0x000000061ec00000| Untracked 
|  34|0x000000061f000000, 0x000000061f000000, 0x000000061f400000|  0%| F|  |TAMS 0x000000061f000000| PB 0x000000061f000000| Untracked 
|  35|0x000000061f400000, 0x000000061f400000, 0x000000061f800000|  0%| F|  |TAMS 0x000000061f400000| PB 0x000000061f400000| Untracked 
|  36|0x000000061f800000, 0x000000061f800000, 0x000000061fc00000|  0%| F|  |TAMS 0x000000061f800000| PB 0x000000061f800000| Untracked 
|  37|0x000000061fc00000, 0x000000061fc00000, 0x0000000620000000|  0%| F|  |TAMS 0x000000061fc00000| PB 0x000000061fc00000| Untracked 
|  38|0x0000000620000000, 0x0000000620000000, 0x0000000620400000|  0%| F|  |TAMS 0x0000000620000000| PB 0x0000000620000000| Untracked 
|  39|0x0000000620400000, 0x0000000620400000, 0x0000000620800000|  0%| F|  |TAMS 0x0000000620400000| PB 0x0000000620400000| Untracked 
|  40|0x0000000620800000, 0x0000000620800000, 0x0000000620c00000|  0%| F|  |TAMS 0x0000000620800000| PB 0x0000000620800000| Untracked 
|  41|0x0000000620c00000, 0x0000000620c00000, 0x0000000621000000|  0%| F|  |TAMS 0x0000000620c00000| PB 0x0000000620c00000| Untracked 
|  42|0x0000000621000000, 0x0000000621000000, 0x0000000621400000|  0%| F|  |TAMS 0x0000000621000000| PB 0x0000000621000000| Untracked 
|  43|0x0000000621400000, 0x0000000621400000, 0x0000000621800000|  0%| F|  |TAMS 0x0000000621400000| PB 0x0000000621400000| Untracked 
|  44|0x0000000621800000, 0x0000000621800000, 0x0000000621c00000|  0%| F|  |TAMS 0x0000000621800000| PB 0x0000000621800000| Untracked 
|  45|0x0000000621c00000, 0x0000000621c00000, 0x0000000622000000|  0%| F|  |TAMS 0x0000000621c00000| PB 0x0000000621c00000| Untracked 
|  46|0x0000000622000000, 0x0000000622000000, 0x0000000622400000|  0%| F|  |TAMS 0x0000000622000000| PB 0x0000000622000000| Untracked 
|  47|0x0000000622400000, 0x0000000622400000, 0x0000000622800000|  0%| F|  |TAMS 0x0000000622400000| PB 0x0000000622400000| Untracked 
|  48|0x0000000622800000, 0x0000000622800000, 0x0000000622c00000|  0%| F|  |TAMS 0x0000000622800000| PB 0x0000000622800000| Untracked 
|  49|0x0000000622c00000, 0x0000000622c00000, 0x0000000623000000|  0%| F|  |TAMS 0x0000000622c00000| PB 0x0000000622c00000| Untracked 
|  50|0x0000000623000000, 0x0000000623000000, 0x0000000623400000|  0%| F|  |TAMS 0x0000000623000000| PB 0x0000000623000000| Untracked 
|  51|0x0000000623400000, 0x0000000623400000, 0x0000000623800000|  0%| F|  |TAMS 0x0000000623400000| PB 0x0000000623400000| Untracked 
|  52|0x0000000623800000, 0x0000000623800000, 0x0000000623c00000|  0%| F|  |TAMS 0x0000000623800000| PB 0x0000000623800000| Untracked 
|  53|0x0000000623c00000, 0x0000000623c00000, 0x0000000624000000|  0%| F|  |TAMS 0x0000000623c00000| PB 0x0000000623c00000| Untracked 
|  54|0x0000000624000000, 0x0000000624000000, 0x0000000624400000|  0%| F|  |TAMS 0x0000000624000000| PB 0x0000000624000000| Untracked 
|  55|0x0000000624400000, 0x0000000624400000, 0x0000000624800000|  0%| F|  |TAMS 0x0000000624400000| PB 0x0000000624400000| Untracked 
|  56|0x0000000624800000, 0x0000000624800000, 0x0000000624c00000|  0%| F|  |TAMS 0x0000000624800000| PB 0x0000000624800000| Untracked 
|  57|0x0000000624c00000, 0x0000000624c00000, 0x0000000625000000|  0%| F|  |TAMS 0x0000000624c00000| PB 0x0000000624c00000| Untracked 
|  58|0x0000000625000000, 0x0000000625000000, 0x0000000625400000|  0%| F|  |TAMS 0x0000000625000000| PB 0x0000000625000000| Untracked 
|  59|0x0000000625400000, 0x0000000625400000, 0x0000000625800000|  0%| F|  |TAMS 0x0000000625400000| PB 0x0000000625400000| Untracked 
|  60|0x0000000625800000, 0x0000000625800000, 0x0000000625c00000|  0%| F|  |TAMS 0x0000000625800000| PB 0x0000000625800000| Untracked 
|  61|0x0000000625c00000, 0x0000000625c00000, 0x0000000626000000|  0%| F|  |TAMS 0x0000000625c00000| PB 0x0000000625c00000| Untracked 
|  62|0x0000000626000000, 0x0000000626000000, 0x0000000626400000|  0%| F|  |TAMS 0x0000000626000000| PB 0x0000000626000000| Untracked 
|  63|0x0000000626400000, 0x0000000626400000, 0x0000000626800000|  0%| F|  |TAMS 0x0000000626400000| PB 0x0000000626400000| Untracked 
|  64|0x0000000626800000, 0x0000000626800000, 0x0000000626c00000|  0%| F|  |TAMS 0x0000000626800000| PB 0x0000000626800000| Untracked 
|  65|0x0000000626c00000, 0x0000000626c00000, 0x0000000627000000|  0%| F|  |TAMS 0x0000000626c00000| PB 0x0000000626c00000| Untracked 
|  66|0x0000000627000000, 0x0000000627000000, 0x0000000627400000|  0%| F|  |TAMS 0x0000000627000000| PB 0x0000000627000000| Untracked 
|  67|0x0000000627400000, 0x0000000627400000, 0x0000000627800000|  0%| F|  |TAMS 0x0000000627400000| PB 0x0000000627400000| Untracked 
|  68|0x0000000627800000, 0x0000000627800000, 0x0000000627c00000|  0%| F|  |TAMS 0x0000000627800000| PB 0x0000000627800000| Untracked 
|  69|0x0000000627c00000, 0x0000000627c00000, 0x0000000628000000|  0%| F|  |TAMS 0x0000000627c00000| PB 0x0000000627c00000| Untracked 
|  70|0x0000000628000000, 0x0000000628000000, 0x0000000628400000|  0%| F|  |TAMS 0x0000000628000000| PB 0x0000000628000000| Untracked 
|  71|0x0000000628400000, 0x0000000628400000, 0x0000000628800000|  0%| F|  |TAMS 0x0000000628400000| PB 0x0000000628400000| Untracked 
|  72|0x0000000628800000, 0x0000000628800000, 0x0000000628c00000|  0%| F|  |TAMS 0x0000000628800000| PB 0x0000000628800000| Untracked 
|  73|0x0000000628c00000, 0x0000000628c00000, 0x0000000629000000|  0%| F|  |TAMS 0x0000000628c00000| PB 0x0000000628c00000| Untracked 
|  74|0x0000000629000000, 0x0000000629000000, 0x0000000629400000|  0%| F|  |TAMS 0x0000000629000000| PB 0x0000000629000000| Untracked 
|  75|0x0000000629400000, 0x0000000629400000, 0x0000000629800000|  0%| F|  |TAMS 0x0000000629400000| PB 0x0000000629400000| Untracked 
|  76|0x0000000629800000, 0x0000000629800000, 0x0000000629c00000|  0%| F|  |TAMS 0x0000000629800000| PB 0x0000000629800000| Untracked 
|  77|0x0000000629c00000, 0x0000000629c00000, 0x000000062a000000|  0%| F|  |TAMS 0x0000000629c00000| PB 0x0000000629c00000| Untracked 
|  78|0x000000062a000000, 0x000000062a000000, 0x000000062a400000|  0%| F|  |TAMS 0x000000062a000000| PB 0x000000062a000000| Untracked 
|  79|0x000000062a400000, 0x000000062a400000, 0x000000062a800000|  0%| F|  |TAMS 0x000000062a400000| PB 0x000000062a400000| Untracked 
|  80|0x000000062a800000, 0x000000062a800000, 0x000000062ac00000|  0%| F|  |TAMS 0x000000062a800000| PB 0x000000062a800000| Untracked 
|  81|0x000000062ac00000, 0x000000062ac00000, 0x000000062b000000|  0%| F|  |TAMS 0x000000062ac00000| PB 0x000000062ac00000| Untracked 
|  82|0x000000062b000000, 0x000000062b000000, 0x000000062b400000|  0%| F|  |TAMS 0x000000062b000000| PB 0x000000062b000000| Untracked 
|  83|0x000000062b400000, 0x000000062b400000, 0x000000062b800000|  0%| F|  |TAMS 0x000000062b400000| PB 0x000000062b400000| Untracked 
|  84|0x000000062b800000, 0x000000062b800000, 0x000000062bc00000|  0%| F|  |TAMS 0x000000062b800000| PB 0x000000062b800000| Untracked 
|  85|0x000000062bc00000, 0x000000062bc00000, 0x000000062c000000|  0%| F|  |TAMS 0x000000062bc00000| PB 0x000000062bc00000| Untracked 
|  86|0x000000062c000000, 0x000000062c000000, 0x000000062c400000|  0%| F|  |TAMS 0x000000062c000000| PB 0x000000062c000000| Untracked 
|  87|0x000000062c400000, 0x000000062c400000, 0x000000062c800000|  0%| F|  |TAMS 0x000000062c400000| PB 0x000000062c400000| Untracked 
|  88|0x000000062c800000, 0x000000062c800000, 0x000000062cc00000|  0%| F|  |TAMS 0x000000062c800000| PB 0x000000062c800000| Untracked 
|  89|0x000000062cc00000, 0x000000062cc00000, 0x000000062d000000|  0%| F|  |TAMS 0x000000062cc00000| PB 0x000000062cc00000| Untracked 
|  90|0x000000062d000000, 0x000000062d000000, 0x000000062d400000|  0%| F|  |TAMS 0x000000062d000000| PB 0x000000062d000000| Untracked 
|  91|0x000000062d400000, 0x000000062d400000, 0x000000062d800000|  0%| F|  |TAMS 0x000000062d400000| PB 0x000000062d400000| Untracked 
|  92|0x000000062d800000, 0x000000062d800000, 0x000000062dc00000|  0%| F|  |TAMS 0x000000062d800000| PB 0x000000062d800000| Untracked 
|  93|0x000000062dc00000, 0x000000062dc00000, 0x000000062e000000|  0%| F|  |TAMS 0x000000062dc00000| PB 0x000000062dc00000| Untracked 
|  94|0x000000062e000000, 0x000000062e000000, 0x000000062e400000|  0%| F|  |TAMS 0x000000062e000000| PB 0x000000062e000000| Untracked 
|  95|0x000000062e400000, 0x000000062e400000, 0x000000062e800000|  0%| F|  |TAMS 0x000000062e400000| PB 0x000000062e400000| Untracked 
|  96|0x000000062e800000, 0x000000062e800000, 0x000000062ec00000|  0%| F|  |TAMS 0x000000062e800000| PB 0x000000062e800000| Untracked 
|  97|0x000000062ec00000, 0x000000062ec00000, 0x000000062f000000|  0%| F|  |TAMS 0x000000062ec00000| PB 0x000000062ec00000| Untracked 
|  98|0x000000062f000000, 0x000000062f000000, 0x000000062f400000|  0%| F|  |TAMS 0x000000062f000000| PB 0x000000062f000000| Untracked 
|  99|0x000000062f400000, 0x000000062f400000, 0x000000062f800000|  0%| F|  |TAMS 0x000000062f400000| PB 0x000000062f400000| Untracked 
| 100|0x000000062f800000, 0x000000062f800000, 0x000000062fc00000|  0%| F|  |TAMS 0x000000062f800000| PB 0x000000062f800000| Untracked 
| 101|0x000000062fc00000, 0x000000062fc00000, 0x0000000630000000|  0%| F|  |TAMS 0x000000062fc00000| PB 0x000000062fc00000| Untracked 
| 102|0x0000000630000000, 0x0000000630000000, 0x0000000630400000|  0%| F|  |TAMS 0x0000000630000000| PB 0x0000000630000000| Untracked 
| 103|0x0000000630400000, 0x0000000630400000, 0x0000000630800000|  0%| F|  |TAMS 0x0000000630400000| PB 0x0000000630400000| Untracked 
| 104|0x0000000630800000, 0x0000000630800000, 0x0000000630c00000|  0%| F|  |TAMS 0x0000000630800000| PB 0x0000000630800000| Untracked 
| 105|0x0000000630c00000, 0x0000000630c00000, 0x0000000631000000|  0%| F|  |TAMS 0x0000000630c00000| PB 0x0000000630c00000| Untracked 
| 106|0x0000000631000000, 0x0000000631000000, 0x0000000631400000|  0%| F|  |TAMS 0x0000000631000000| PB 0x0000000631000000| Untracked 
| 107|0x0000000631400000, 0x0000000631400000, 0x0000000631800000|  0%| F|  |TAMS 0x0000000631400000| PB 0x0000000631400000| Untracked 
| 108|0x0000000631800000, 0x0000000631800000, 0x0000000631c00000|  0%| F|  |TAMS 0x0000000631800000| PB 0x0000000631800000| Untracked 
| 109|0x0000000631c00000, 0x0000000631c00000, 0x0000000632000000|  0%| F|  |TAMS 0x0000000631c00000| PB 0x0000000631c00000| Untracked 
| 110|0x0000000632000000, 0x0000000632000000, 0x0000000632400000|  0%| F|  |TAMS 0x0000000632000000| PB 0x0000000632000000| Untracked 
| 111|0x0000000632400000, 0x0000000632400000, 0x0000000632800000|  0%| F|  |TAMS 0x0000000632400000| PB 0x0000000632400000| Untracked 
| 112|0x0000000632800000, 0x0000000632800000, 0x0000000632c00000|  0%| F|  |TAMS 0x0000000632800000| PB 0x0000000632800000| Untracked 
| 113|0x0000000632c00000, 0x0000000632c00000, 0x0000000633000000|  0%| F|  |TAMS 0x0000000632c00000| PB 0x0000000632c00000| Untracked 
| 114|0x0000000633000000, 0x0000000633000000, 0x0000000633400000|  0%| F|  |TAMS 0x0000000633000000| PB 0x0000000633000000| Untracked 
| 115|0x0000000633400000, 0x0000000633400000, 0x0000000633800000|  0%| F|  |TAMS 0x0000000633400000| PB 0x0000000633400000| Untracked 
| 116|0x0000000633800000, 0x0000000633800000, 0x0000000633c00000|  0%| F|  |TAMS 0x0000000633800000| PB 0x0000000633800000| Untracked 
| 117|0x0000000633c00000, 0x0000000633c00000, 0x0000000634000000|  0%| F|  |TAMS 0x0000000633c00000| PB 0x0000000633c00000| Untracked 
| 118|0x0000000634000000, 0x0000000634000000, 0x0000000634400000|  0%| F|  |TAMS 0x0000000634000000| PB 0x0000000634000000| Untracked 
| 119|0x0000000634400000, 0x0000000634400000, 0x0000000634800000|  0%| F|  |TAMS 0x0000000634400000| PB 0x0000000634400000| Untracked 
| 120|0x0000000634800000, 0x0000000634800000, 0x0000000634c00000|  0%| F|  |TAMS 0x0000000634800000| PB 0x0000000634800000| Untracked 
| 121|0x0000000634c00000, 0x0000000634fdfa58, 0x0000000635000000| 96%| E|  |TAMS 0x0000000634c00000| PB 0x0000000634c00000| Complete 
| 122|0x0000000635000000, 0x0000000635400000, 0x0000000635400000|100%| E|CS|TAMS 0x0000000635000000| PB 0x0000000635000000| Complete 
|1957|0x00000007ffc00000, 0x00000007ffd079d8, 0x0000000800000000| 25%| O|  |TAMS 0x00000007ffc00000| PB 0x00000007ffc00000| Untracked 

Card table byte_map: [0x000078f2df800000,0x000078f2e074c000] _byte_map_base: 0x000078f2dc74c000

Marking Bits: (CMBitMap*) 0x000078f2f8045f30
 Bits: [0x000078f2d7c00000, 0x000078f2df660000)

Polling page: 0x000078f300c80000

Metaspace:

Usage:
  Non-class:      3.12 MB used.
      Class:    299.73 KB used.
       Both:      3.41 MB used.

Virtual space:
  Non-class space:       64.00 MB reserved,       3.19 MB (  5%) committed,  1 nodes.
      Class space:        1.00 GB reserved,     448.00 KB ( <1%) committed,  1 nodes.
             Both:        1.06 GB reserved,       3.62 MB ( <1%) committed. 

Chunk freelists:
   Non-Class:  11.00 MB
       Class:  15.61 MB
        Both:  26.61 MB

MaxMetaspaceSize: unlimited
CompressedClassSpaceSize: 1.00 GB
Initial GC threshold: 21.00 MB
Current GC threshold: 21.00 MB
CDS: on
 - commit_granule_bytes: 65536.
 - commit_granule_words: 8192.
 - virtual_space_node_default_size: 8388608.
 - enlarge_chunks_in_place: 1.
 - use_allocation_guard: 0.


Internal statistics:

num_allocs_failed_limit: 0.
num_arena_births: 104.
num_arena_deaths: 0.
num_vsnodes_births: 2.
num_vsnodes_deaths: 0.
num_space_committed: 58.
num_space_uncommitted: 0.
num_chunks_returned_to_freelist: 0.
num_chunks_taken_from_freelist: 184.
num_chunk_merges: 0.
num_chunk_splits: 109.
num_chunks_enlarged: 47.
num_inconsistent_stats: 0.

CodeHeap 'non-profiled nmethods': size=119168Kb used=207Kb max_used=207Kb free=118960Kb
 bounds [0x000078f2e83a0000, 0x000078f2e8610000, 0x000078f2ef800000]
CodeHeap 'profiled nmethods': size=119164Kb used=1066Kb max_used=1066Kb free=118097Kb
 bounds [0x000078f2e0800000, 0x000078f2e0a70000, 0x000078f2e7c5f000]
CodeHeap 'non-nmethods': size=7428Kb used=2642Kb max_used=2651Kb free=4785Kb
 bounds [0x000078f2e7c5f000, 0x000078f2e7eff000, 0x000078f2e83a0000]
 total_blobs=1326 nmethods=722 adapters=508
 compilation: enabled
              stopped_count=0, restarted_count=0
 full_count=0

Compilation events (20 events):
Event: 1.580 Thread 0x000078f2f8141d50  714       3       jdk.internal.loader.BuiltinClassLoader::findLoadedModule (33 bytes)
Event: 1.580 Thread 0x000078f230001230 nmethod 712 0x000078f2e0904c90 code [0x000078f2e0904e40, 0x000078f2e0905028]
Event: 1.580 Thread 0x000078f230001230  715       3       jdk.internal.loader.BuiltinClassLoader::loadClassOrNull (7 bytes)
Event: 1.580 Thread 0x000078f230001230 nmethod 715 0x000078f2e0905110 code [0x000078f2e09052a0, 0x000078f2e0905468]
Event: 1.580 Thread 0x000078f230001230  716       3       jdk.internal.ref.CleanerFactory::cleaner (4 bytes)
Event: 1.580 Thread 0x000078f230001230 nmethod 716 0x000078f2e0905510 code [0x000078f2e09056a0, 0x000078f2e0905790]
Event: 1.580 Thread 0x000078f230001230  717       1       jdk.internal.loader.URLClassPath$Loader::getBaseURL (5 bytes)
Event: 1.580 Thread 0x000078f230001230 nmethod 717 0x000078f2e83d3090 code [0x000078f2e83d3220, 0x000078f2e83d32e8]
Event: 1.580 Thread 0x000078f2f8141d50 nmethod 714 0x000078f2e0905810 code [0x000078f2e0905a20, 0x000078f2e0906048]
Event: 1.580 Thread 0x000078f230001230  718       1       java.net.URLStreamHandler::getDefaultPort (2 bytes)
Event: 1.580 Thread 0x000078f230001230 nmethod 718 0x000078f2e83d3390 code [0x000078f2e83d3520, 0x000078f2e83d35e0]
Event: 1.580 Thread 0x000078f23c06fe60 nmethod 709 0x000078f2e0906290 code [0x000078f2e09066c0, 0x000078f2e09089c8]
Event: 1.580 Thread 0x000078f2f8141d50  719       3       java.util.jar.JarFile::maybeInstantiateVerifier (42 bytes)
Event: 1.581 Thread 0x000078f2f8141d50 nmethod 719 0x000078f2e0909a10 code [0x000078f2e0909be0, 0x000078f2e0909f60]
Event: 1.584 Thread 0x000078f2f8140680  720       4       java.lang.invoke.MethodType::parameterCount (6 bytes)
Event: 1.584 Thread 0x000078f2f8140680 nmethod 720 0x000078f2e83d3690 code [0x000078f2e83d3800, 0x000078f2e83d38a0]
Event: 1.593 Thread 0x000078f230001230  723       3       JCudaWrapper.array.Array::checkUpperBound (51 bytes)
Event: 1.593 Thread 0x000078f23c06fe60  722       3       JCudaWrapper.array.Array::checkAgainstLength (10 bytes)
Event: 1.593 Thread 0x000078f23c06fe60 nmethod 722 0x000078f2e090a090 code [0x000078f2e090a220, 0x000078f2e090a3e0]
Event: 1.593 Thread 0x000078f230001230 nmethod 723 0x000078f2e090a490 code [0x000078f2e090a660, 0x000078f2e090a9a0]

GC Heap History (0 events):
No events

Dll operation events (11 events):
Event: 0.002 Loaded shared library /usr/lib/jvm/java-21-openjdk-amd64/lib/libjava.so
Event: 0.021 Loaded shared library /usr/lib/jvm/java-21-openjdk-amd64/lib/libjsvml.so
Event: 0.023 Loaded shared library /usr/lib/jvm/java-21-openjdk-amd64/lib/libnio.so
Event: 0.075 Loaded shared library /usr/lib/jvm/java-21-openjdk-amd64/lib/libzip.so
Event: 0.100 Loaded shared library /usr/lib/jvm/java-21-openjdk-amd64/lib/libjimage.so
Event: 0.211 Loaded shared library /tmp/libJCublas2-12.0.0-linux-x86_64.so
Event: 1.483 Loaded shared library /tmp/libJCudaRuntime-12.0.0-linux-x86_64.so
Event: 1.494 Loaded shared library /usr/lib/jvm/java-21-openjdk-amd64/lib/libawt.so
Event: 1.496 Loaded shared library /usr/lib/jvm/java-21-openjdk-amd64/lib/libawt_xawt.so
Event: 1.514 Loaded shared library /usr/lib/jvm/java-21-openjdk-amd64/lib/libjavajpeg.so
Event: 1.577 Loaded shared library /tmp/libJCudaDriver-12.0.0-linux-x86_64.so

Deoptimization events (20 events):
Event: 0.106 Thread 0x000078f2f801a060 DEOPT PACKING pc=0x000078f2e83b2454 sp=0x000078f2feffdaa0
Event: 0.106 Thread 0x000078f2f801a060 DEOPT UNPACKING pc=0x000078f2e7cb2f99 sp=0x000078f2feffda58 mode 2
Event: 1.495 Thread 0x000078f2f801a060 Uncommon trap: trap_request=0xffffff45 fr.pc=0x000078f2e83b3b2c relative=0x000000000000018c
Event: 1.495 Thread 0x000078f2f801a060 Uncommon trap: reason=unstable_if action=reinterpret pc=0x000078f2e83b3b2c method=jdk.internal.util.ArraysSupport.vectorizedHashCode(Ljava/lang/Object;IIII)I @ 2 c2
Event: 1.495 Thread 0x000078f2f801a060 DEOPT PACKING pc=0x000078f2e83b3b2c sp=0x000078f2feffa840
Event: 1.495 Thread 0x000078f2f801a060 DEOPT UNPACKING pc=0x000078f2e7cb2f99 sp=0x000078f2feffa810 mode 2
Event: 1.570 Thread 0x000078f2f801a060 DEOPT PACKING pc=0x000078f2e0817854 sp=0x000078f2feffce00
Event: 1.570 Thread 0x000078f2f801a060 DEOPT UNPACKING pc=0x000078f2e7cb372f sp=0x000078f2feffc240 mode 0
Event: 1.584 Thread 0x000078f2f801a060 Uncommon trap: trap_request=0xffffffc6 fr.pc=0x000078f2e83b18f8 relative=0x0000000000000b38
Event: 1.584 Thread 0x000078f2f801a060 Uncommon trap: reason=bimorphic_or_optimized_type_check action=maybe_recompile pc=0x000078f2e83b18f8 method=java.util.HashMap.putVal(ILjava/lang/Object;Ljava/lang/Object;ZZ)Ljava/lang/Object; @ 56 c2
Event: 1.584 Thread 0x000078f2f801a060 DEOPT PACKING pc=0x000078f2e83b18f8 sp=0x000078f2feffe500
Event: 1.584 Thread 0x000078f2f801a060 DEOPT UNPACKING pc=0x000078f2e7cb2f99 sp=0x000078f2feffe488 mode 2
Event: 1.588 Thread 0x000078f2f801a060 Uncommon trap: trap_request=0xffffffc6 fr.pc=0x000078f2e83b18f8 relative=0x0000000000000b38
Event: 1.588 Thread 0x000078f2f801a060 Uncommon trap: reason=bimorphic_or_optimized_type_check action=maybe_recompile pc=0x000078f2e83b18f8 method=java.util.HashMap.putVal(ILjava/lang/Object;Ljava/lang/Object;ZZ)Ljava/lang/Object; @ 56 c2
Event: 1.588 Thread 0x000078f2f801a060 DEOPT PACKING pc=0x000078f2e83b18f8 sp=0x000078f2feffe280
Event: 1.588 Thread 0x000078f2f801a060 DEOPT UNPACKING pc=0x000078f2e7cb2f99 sp=0x000078f2feffe208 mode 2
Event: 1.592 Thread 0x000078f2f801a060 Uncommon trap: trap_request=0xffffffc6 fr.pc=0x000078f2e83b18f8 relative=0x0000000000000b38
Event: 1.592 Thread 0x000078f2f801a060 Uncommon trap: reason=bimorphic_or_optimized_type_check action=maybe_recompile pc=0x000078f2e83b18f8 method=java.util.HashMap.putVal(ILjava/lang/Object;Ljava/lang/Object;ZZ)Ljava/lang/Object; @ 56 c2
Event: 1.592 Thread 0x000078f2f801a060 DEOPT PACKING pc=0x000078f2e83b18f8 sp=0x000078f2feffe460
Event: 1.592 Thread 0x000078f2f801a060 DEOPT UNPACKING pc=0x000078f2e7cb2f99 sp=0x000078f2feffe3e8 mode 2

Classes loaded (20 events):
Event: 1.525 Loading class java/util/stream/MatchOps$MatchOp
Event: 1.525 Loading class java/util/stream/MatchOps$MatchOp done
Event: 1.525 Loading class java/util/stream/MatchOps$BooleanTerminalSink
Event: 1.525 Loading class java/util/stream/MatchOps$BooleanTerminalSink done
Event: 1.526 Loading class java/util/stream/MatchOps$2MatchSink
Event: 1.526 Loading class java/util/stream/MatchOps$2MatchSink done
Event: 1.526 Loading class java/util/stream/MatchOps$1MatchSink
Event: 1.526 Loading class java/util/stream/MatchOps$1MatchSink done
Event: 1.526 Loading class java/nio/HeapDoubleBuffer
Event: 1.527 Loading class java/nio/HeapDoubleBuffer done
Event: 1.559 Loading class java/awt/Dimension
Event: 1.559 Loading class java/awt/geom/Dimension2D
Event: 1.559 Loading class java/awt/geom/Dimension2D done
Event: 1.559 Loading class java/awt/Dimension done
Event: 1.573 Loading class jdk/internal/foreign/MemorySessionImpl
Event: 1.573 Loading class java/lang/foreign/MemorySegment$Scope
Event: 1.573 Loading class java/lang/foreign/MemorySegment$Scope done
Event: 1.573 Loading class jdk/internal/foreign/MemorySessionImpl done
Event: 1.584 Loading class java/nio/HeapIntBuffer
Event: 1.585 Loading class java/nio/HeapIntBuffer done

Classes unloaded (0 events):
No events

Classes redefined (0 events):
No events

Internal exceptions (13 events):
Event: 0.055 Thread 0x000078f2f801a060 Exception <a 'sun/nio/fs/UnixException'{0x0000000635070ea8}> (0x0000000635070ea8) 
thrown [./src/hotspot/share/prims/jni.cpp, line 520]
Event: 0.055 Thread 0x000078f2f801a060 Exception <a 'sun/nio/fs/UnixException'{0x00000006350715e8}> (0x00000006350715e8) 
thrown [./src/hotspot/share/prims/jni.cpp, line 520]
Event: 0.055 Thread 0x000078f2f801a060 Exception <a 'sun/nio/fs/UnixException'{0x0000000635071e18}> (0x0000000635071e18) 
thrown [./src/hotspot/share/prims/jni.cpp, line 520]
Event: 0.055 Thread 0x000078f2f801a060 Exception <a 'sun/nio/fs/UnixException'{0x0000000635072410}> (0x0000000635072410) 
thrown [./src/hotspot/share/prims/jni.cpp, line 520]
Event: 0.056 Thread 0x000078f2f801a060 Exception <a 'sun/nio/fs/UnixException'{0x00000006350729e0}> (0x00000006350729e0) 
thrown [./src/hotspot/share/prims/jni.cpp, line 520]
Event: 0.056 Thread 0x000078f2f801a060 Exception <a 'sun/nio/fs/UnixException'{0x0000000635072fc0}> (0x0000000635072fc0) 
thrown [./src/hotspot/share/prims/jni.cpp, line 520]
Event: 0.056 Thread 0x000078f2f801a060 Exception <a 'sun/nio/fs/UnixException'{0x0000000635073810}> (0x0000000635073810) 
thrown [./src/hotspot/share/prims/jni.cpp, line 520]
Event: 0.106 Thread 0x000078f2f801a060 Implicit null exception at 0x000078f2e83b22e3 to 0x000078f2e83b2444
Event: 1.487 Thread 0x000078f2f801a060 Exception <a 'java/lang/NoSuchMethodError'{0x0000000634c6ec88}: 'void java.lang.invoke.DirectMethodHandle$Holder.invokeStatic(java.lang.Object, java.lang.Object)'> (0x0000000634c6ec88) 
thrown [./src/hotspot/share/interpreter/linkResolver.cpp, line 772]
Event: 1.493 Thread 0x000078f2f801a060 Exception <a 'java/lang/ClassNotFoundException'{0x0000000634c82e00}: sun/awt/resources/spi/awtProvider> (0x0000000634c82e00) 
thrown [./src/hotspot/share/classfile/systemDictionary.cpp, line 312]
Event: 1.501 Thread 0x000078f2f801a060 Exception <a 'java/io/FileNotFoundException'{0x0000000634d50d60}> (0x0000000634d50d60) 
thrown [./src/hotspot/share/prims/jni.cpp, line 520]
Event: 1.529 Thread 0x000078f2f801a060 Exception <a 'java/lang/NoSuchMethodError'{0x0000000634e7ea70}: 'java.lang.Object java.lang.invoke.DirectMethodHandle$Holder.invokeStatic(java.lang.Object, java.lang.Object, int)'> (0x0000000634e7ea70) 
thrown [./src/hotspot/share/interpreter/linkResolver.cpp, line 772]
Event: 1.566 Thread 0x000078f2f801a060 Exception <a 'java/lang/NoSuchMethodError'{0x0000000634eec720}: 'java.lang.Object java.lang.invoke.DirectMethodHandle$Holder.newInvokeSpecial(java.lang.Object, java.lang.Object, int)'> (0x0000000634eec720) 
thrown [./src/hotspot/share/interpreter/linkResolver.cpp, line 772]

ZGC Phase Switch (0 events):
No events

VM Operations (10 events):
Event: 0.059 Executing VM operation: HandshakeAllThreads (Deoptimize)
Event: 0.059 Executing VM operation: HandshakeAllThreads (Deoptimize) done
Event: 1.059 Executing VM operation: Cleanup
Event: 1.059 Executing VM operation: Cleanup done
Event: 1.490 Executing VM operation: HandshakeAllThreads (Deoptimize)
Event: 1.490 Executing VM operation: HandshakeAllThreads (Deoptimize) done
Event: 1.491 Executing VM operation: HandshakeAllThreads (Deoptimize)
Event: 1.491 Executing VM operation: HandshakeAllThreads (Deoptimize) done
Event: 1.585 Executing VM operation: HandshakeAllThreads (Deoptimize)
Event: 1.585 Executing VM operation: HandshakeAllThreads (Deoptimize) done

Memory protections (15 events):
Event: 0.001 Protecting memory [0x000078f2fef00000,0x000078f2fef04000] with protection modes 0
Event: 0.019 Protecting memory [0x000078f2d57fd000,0x000078f2d5801000] with protection modes 0
Event: 0.020 Protecting memory [0x000078f2d4900000,0x000078f2d4904000] with protection modes 0
Event: 0.020 Protecting memory [0x000078f2d4800000,0x000078f2d4804000] with protection modes 0
Event: 0.020 Protecting memory [0x000078f2d4700000,0x000078f2d4704000] with protection modes 0
Event: 0.020 Protecting memory [0x000078f2d4600000,0x000078f2d4604000] with protection modes 0
Event: 0.020 Protecting memory [0x000078f2d4500000,0x000078f2d4504000] with protection modes 0
Event: 0.020 Protecting memory [0x000078f2d4400000,0x000078f2d4404000] with protection modes 0
Event: 0.042 Protecting memory [0x000078f2d4300000,0x000078f2d4304000] with protection modes 0
Event: 0.060 Protecting memory [0x000078f2d4200000,0x000078f2d4204000] with protection modes 0
Event: 0.060 Protecting memory [0x000078f2d4100000,0x000078f2d4104000] with protection modes 0
Event: 0.069 Protecting memory [0x000078f2d4000000,0x000078f2d4004000] with protection modes 0
Event: 0.072 Protecting memory [0x000078f2cff00000,0x000078f2cff04000] with protection modes 0
Event: 1.489 Protecting memory [0x000078f2cff00000,0x000078f2cff04000] with protection modes 0
Event: 1.512 Protecting memory [0x000078f2cc300000,0x000078f2cc304000] with protection modes 0

Nmethod flushes (0 events):
No events

Events (16 events):
Event: 0.013 Thread 0x000078f2f801a060 Thread added: 0x000078f2f801a060
Event: 0.019 Thread 0x000078f2f801a060 Thread added: 0x000078f2f8138d50
Event: 0.020 Thread 0x000078f2f801a060 Thread added: 0x000078f2f813a3e0
Event: 0.020 Thread 0x000078f2f801a060 Thread added: 0x000078f2f813beb0
Event: 0.020 Thread 0x000078f2f801a060 Thread added: 0x000078f2f813d500
Event: 0.020 Thread 0x000078f2f801a060 Thread added: 0x000078f2f813eab0
Event: 0.020 Thread 0x000078f2f801a060 Thread added: 0x000078f2f8140680
Event: 0.020 Thread 0x000078f2f801a060 Thread added: 0x000078f2f8141d50
Event: 0.042 Thread 0x000078f2f801a060 Thread added: 0x000078f2f8160f60
Event: 0.060 Thread 0x000078f2f8141d50 Thread added: 0x000078f23c06fe60
Event: 0.060 Thread 0x000078f23c06fe60 Thread added: 0x000078f230001230
Event: 0.069 Thread 0x000078f2f801a060 Thread added: 0x000078f2f819cfe0
Event: 0.072 Thread 0x000078f23c06fe60 Thread added: 0x000078f23003b600
Event: 1.477 Thread 0x000078f23003b600 Thread exited: 0x000078f23003b600
Event: 1.489 Thread 0x000078f2f801a060 Thread added: 0x000078f2f9533b10
Event: 1.512 Thread 0x000078f2f801a060 Thread added: 0x000078f2f955e670


Dynamic libraries:
200000000-200200000 ---p 00000000 00:00 0 
200200000-200400000 rw-s 00000000 00:05 1070                             /dev/nvidia0
200400000-203400000 rw-s 00000000 00:05 1069                             /dev/nvidiactl
203400000-204400000 ---p 00000000 00:00 0 
204400000-204600000 rw-s 00000000 00:05 1069                             /dev/nvidiactl
204600000-204800000 rw-s 00000000 00:05 1069                             /dev/nvidiactl
204800000-204a00000 rw-s 00000000 00:05 1069                             /dev/nvidiactl
204a00000-204c00000 rw-s 204a00000 00:05 1071                            /dev/nvidia-uvm
204c00000-204e00000 rw-s 00000000 00:05 1069                             /dev/nvidiactl
204e00000-205000000 ---p 00000000 00:00 0 
205000000-205200000 rw-s 00000000 00:05 1069                             /dev/nvidiactl
205200000-300200000 ---p 00000000 00:00 0 
616800000-635400000 rw-p 00000000 00:00 0 
635400000-7ffc00000 ---p 00000000 00:00 0 
7ffc00000-7ffd08000 rw-p 00ced000 103:02 17172987                        /usr/lib/jvm/java-21-openjdk-amd64/lib/server/classes.jsa
7ffd08000-800000000 rw-p 00000000 00:00 0 
10000000000-10004000000 ---p 00000000 00:00 0 
56c4d92d9000-56c4d92da000 r--p 00000000 103:02 17172834                  /usr/lib/jvm/java-21-openjdk-amd64/bin/java
56c4d92da000-56c4d92db000 r-xp 00001000 103:02 17172834                  /usr/lib/jvm/java-21-openjdk-amd64/bin/java
56c4d92db000-56c4d92dc000 r--p 00002000 103:02 17172834                  /usr/lib/jvm/java-21-openjdk-amd64/bin/java
56c4d92dc000-56c4d92dd000 r--p 00002000 103:02 17172834                  /usr/lib/jvm/java-21-openjdk-amd64/bin/java
56c4d92dd000-56c4d92de000 rw-p 00003000 103:02 17172834                  /usr/lib/jvm/java-21-openjdk-amd64/bin/java
56c4da9ff000-56c4daa46000 rw-p 00000000 00:00 0                          [heap]
78f1b8000000-78f1b8021000 rw-p 00000000 00:00 0 
78f1b8021000-78f1bc000000 ---p 00000000 00:00 0 
78f1be000000-78f1c6000000 ---p 00000000 00:00 0 
78f1c8000000-78f1ca000000 ---p 00000000 00:00 0 
78f1cc000000-78f1cc400000 ---p 00000000 00:00 0 
78f1cc400000-78f1cc600000 rw-s 00000000 00:05 1069                       /dev/nvidiactl
78f1cc600000-78f1cc800000 rw-s 00000000 00:01 11284                      /dev/zero (deleted)
78f1cc800000-78f1cca00000 rw-s 00000000 00:01 11285                      /dev/zero (deleted)
78f1cca00000-78f1cd000000 ---p 00000000 00:00 0 
78f1cd000000-78f1cd200000 rw-s 00000000 00:05 1069                       /dev/nvidiactl
78f1cd200000-78f1cd400000 ---p 00000000 00:00 0 
78f1cd400000-78f1cd600000 rw-s 00000000 00:01 11287                      /dev/zero (deleted)
78f1cd600000-78f1cdb33000 rw-s 00000000 00:05 1069                       /dev/nvidiactl
78f1cdb33000-78f1ce000000 ---p 00000000 00:00 0 
78f1d0000000-78f1e0000000 ---p 00000000 00:00 0 
78f1e4000000-78f1e4021000 rw-p 00000000 00:00 0 
78f1e4021000-78f1e8000000 ---p 00000000 00:00 0 
78f1ea000000-78f1f0000000 ---p 00000000 00:00 0 
78f1f0000000-78f1f0021000 rw-p 00000000 00:00 0 
78f1f0021000-78f1f4000000 ---p 00000000 00:00 0 
78f1f4200000-78f211463000 r-xp 00000000 103:02 16524125                  /usr/lib/x86_64-linux-gnu/libcublasLt.so.12.0.2.224
78f211463000-78f211663000 ---p 1d263000 103:02 16524125                  /usr/lib/x86_64-linux-gnu/libcublasLt.so.12.0.2.224
78f211663000-78f211893000 r--p 1d263000 103:02 16524125                  /usr/lib/x86_64-linux-gnu/libcublasLt.so.12.0.2.224
78f211893000-78f212827000 rw-p 1d493000 103:02 16524125                  /usr/lib/x86_64-linux-gnu/libcublasLt.so.12.0.2.224
78f212827000-78f21500f000 rw-p 00000000 00:00 0 
78f215400000-78f21ba67000 r-xp 00000000 103:02 16524127                  /usr/lib/x86_64-linux-gnu/libcublas.so.12.0.2.224
78f21ba67000-78f21bc67000 ---p 06667000 103:02 16524127                  /usr/lib/x86_64-linux-gnu/libcublas.so.12.0.2.224
78f21bc67000-78f21bc6e000 r--p 06667000 103:02 16524127                  /usr/lib/x86_64-linux-gnu/libcublas.so.12.0.2.224
78f21bc6e000-78f21bc75000 rw-p 0666e000 103:02 16524127                  /usr/lib/x86_64-linux-gnu/libcublas.so.12.0.2.224
78f21bc75000-78f21bc7d000 rw-p 00000000 00:00 0 
78f21c000000-78f21c074000 rw-p 00000000 00:00 0 
78f21c074000-78f220000000 ---p 00000000 00:00 0 
78f224000000-78f224021000 rw-p 00000000 00:00 0 
78f224021000-78f228000000 ---p 00000000 00:00 0 
78f228000000-78f22808d000 rw-p 00000000 00:00 0 
78f22808d000-78f22c000000 ---p 00000000 00:00 0 
78f230000000-78f230054000 rw-p 00000000 00:00 0 
78f230054000-78f234000000 ---p 00000000 00:00 0 
78f234000000-78f234021000 rw-p 00000000 00:00 0 
78f234021000-78f238000000 ---p 00000000 00:00 0 
78f23c000000-78f23c0c3000 rw-p 00000000 00:00 0 
78f23c0c3000-78f240000000 ---p 00000000 00:00 0 
78f240000000-78f24010e000 rw-p 00000000 00:00 0 
78f24010e000-78f244000000 ---p 00000000 00:00 0 
78f248000000-78f248021000 rw-p 00000000 00:00 0 
78f248021000-78f24c000000 ---p 00000000 00:00 0 
78f24c000000-78f24c021000 rw-p 00000000 00:00 0 
78f24c021000-78f250000000 ---p 00000000 00:00 0 
78f254000000-78f254021000 rw-p 00000000 00:00 0 
78f254021000-78f258000000 ---p 00000000 00:00 0 
78f258000000-78f258021000 rw-p 00000000 00:00 0 
78f258021000-78f25c000000 ---p 00000000 00:00 0 
78f260000000-78f260021000 rw-p 00000000 00:00 0 
78f260021000-78f264000000 ---p 00000000 00:00 0 
78f264000000-78f264021000 rw-p 00000000 00:00 0 
78f264021000-78f268000000 ---p 00000000 00:00 0 
78f26b000000-78f26b2dc000 rw-p 00000000 00:00 0 
78f26b400000-78f26b4e4000 r-xp 00000000 103:02 18219064                  /tmp/libJCudaDriver-12.0.0-linux-x86_64.so
78f26b4e4000-78f26b6e4000 ---p 000e4000 103:02 18219064                  /tmp/libJCudaDriver-12.0.0-linux-x86_64.so
78f26b6e4000-78f26b6e9000 r--p 000e4000 103:02 18219064                  /tmp/libJCudaDriver-12.0.0-linux-x86_64.so
78f26b6e9000-78f26b6eb000 rw-p 000e9000 103:02 18219064                  /tmp/libJCudaDriver-12.0.0-linux-x86_64.so
78f26b6eb000-78f26b6ed000 rw-p 00000000 00:00 0 
78f26ba00000-78f26bac7000 r-xp 00000000 103:02 18219063                  /tmp/libJCudaRuntime-12.0.0-linux-x86_64.so
78f26bac7000-78f26bcc7000 ---p 000c7000 103:02 18219063                  /tmp/libJCudaRuntime-12.0.0-linux-x86_64.so
78f26bcc7000-78f26bccc000 r--p 000c7000 103:02 18219063                  /tmp/libJCudaRuntime-12.0.0-linux-x86_64.so
78f26bccc000-78f26bccd000 rw-p 000cc000 103:02 18219063                  /tmp/libJCudaRuntime-12.0.0-linux-x86_64.so
78f26bccd000-78f26bccf000 rw-p 00000000 00:00 0 
78f26c000000-78f26c230000 rw-p 00000000 00:00 0 
78f26c230000-78f26c400000 ---p 00000000 00:00 0 
78f26c400000-78f26c500000 rw-p 00000000 00:00 0 
78f26c500000-78f270000000 ---p 00000000 00:00 0 
78f270000000-78f270021000 rw-p 00000000 00:00 0 
78f270021000-78f274000000 ---p 00000000 00:00 0 
78f274200000-78f274201000 ---p 00000000 00:00 0 
78f274201000-78f274a01000 rw-p 00000000 00:00 0 
78f274c00000-78f274c01000 rw-s 00000000 00:05 1069                       /dev/nvidiactl
78f274c01000-78f274c02000 rw-s 00000000 00:05 1069                       /dev/nvidiactl
78f274c02000-78f274c03000 rw-s 00000000 00:05 1069                       /dev/nvidiactl
78f274c03000-78f274c04000 rw-s 00000000 00:05 1069                       /dev/nvidiactl
78f274c04000-78f274c05000 rw-s 00000000 00:05 1069                       /dev/nvidiactl
78f274c05000-78f274c06000 rw-s 00000000 00:05 1069                       /dev/nvidiactl
78f274c06000-78f274c07000 rw-s 00000000 00:05 1069                       /dev/nvidiactl
78f274c07000-78f274c08000 rw-s 00000000 00:05 1069                       /dev/nvidiactl
78f274c08000-78f274c09000 rw-s 00000000 00:05 1069                       /dev/nvidiactl
78f274c09000-78f274c0a000 rw-s 00000000 00:05 1069                       /dev/nvidiactl
78f274c0a000-78f274c0b000 rw-s 00000000 00:05 1069                       /dev/nvidiactl
78f274c0b000-78f274c0c000 rw-s 00000000 00:05 1069                       /dev/nvidiactl
78f274c0c000-78f274c0d000 rw-s 00000000 00:05 1069                       /dev/nvidiactl
78f274c0d000-78f274c0e000 rw-s 00000000 00:05 1069                       /dev/nvidiactl
78f274c0e000-78f274c0f000 rw-s 00000000 00:05 1069                       /dev/nvidiactl
78f274c0f000-78f274c10000 rw-s 00000000 00:05 1069                       /dev/nvidiactl
78f274c10000-78f275c21000 ---p 00000000 00:00 0 
78f275e00000-78f276e21000 ---p 00000000 00:00 0 
78f277000000-78f277cae000 rw-p 00001000 103:02 17172987                  /usr/lib/jvm/java-21-openjdk-amd64/lib/server/classes.jsa
78f277cae000-78f278000000 ---p 00000000 00:00 0 
78f278000000-78f278030000 rw-p 00000000 00:00 0 
78f278030000-78f278040000 ---p 00000000 00:00 0 
78f278040000-78f278080000 rw-p 00000000 00:00 0 
78f278080000-78f2b8000000 ---p 00000000 00:00 0 
78f2b8000000-78f2b8021000 rw-p 00000000 00:00 0 
78f2b8021000-78f2bc000000 ---p 00000000 00:00 0 
78f2bc000000-78f2bc021000 rw-p 00000000 00:00 0 
78f2bc021000-78f2c0000000 ---p 00000000 00:00 0 
78f2c0400000-78f2c317c000 r-xp 00000000 103:02 16526206                  /usr/lib/x86_64-linux-gnu/libnvrtc.so.12.0.140
78f2c317c000-78f2c337c000 ---p 02d7c000 103:02 16526206                  /usr/lib/x86_64-linux-gnu/libnvrtc.so.12.0.140
78f2c337c000-78f2c3a4f000 r--p 02d7c000 103:02 16526206                  /usr/lib/x86_64-linux-gnu/libnvrtc.so.12.0.140
78f2c3a4f000-78f2c3b1b000 rw-p 0344f000 103:02 16526206                  /usr/lib/x86_64-linux-gnu/libnvrtc.so.12.0.140
78f2c3b1b000-78f2c3c1c000 rw-p 00000000 00:00 0 
78f2c4000000-78f2c4021000 rw-p 00000000 00:00 0 
78f2c4021000-78f2c8000000 ---p 00000000 00:00 0 
78f2c8000000-78f2c8021000 rw-p 00000000 00:00 0 
78f2c8021000-78f2cc000000 ---p 00000000 00:00 0 
78f2cc300000-78f2cc304000 ---p 00000000 00:00 0 
78f2cc304000-78f2cc400000 rw-p 00000000 00:00 0 
78f2cc400000-78f2cc401000 ---p 00000000 00:00 0 
78f2cc401000-78f2ccc01000 rw-p 00000000 00:00 0 
78f2cccc3000-78f2cccdc000 r--p 00000000 103:02 16530316                  /usr/lib/x86_64-linux-gnu/libX11.so.6.4.0
78f2cccdc000-78f2ccd6c000 r-xp 00019000 103:02 16530316                  /usr/lib/x86_64-linux-gnu/libX11.so.6.4.0
78f2ccd6c000-78f2ccdfb000 r--p 000a9000 103:02 16530316                  /usr/lib/x86_64-linux-gnu/libX11.so.6.4.0
78f2ccdfb000-78f2ccdfc000 r--p 00138000 103:02 16530316                  /usr/lib/x86_64-linux-gnu/libX11.so.6.4.0
78f2ccdfc000-78f2cce00000 rw-p 00139000 103:02 16530316                  /usr/lib/x86_64-linux-gnu/libX11.so.6.4.0
78f2cce00000-78f2cd05a000 rw-p 00000000 00:00 0 
78f2cd08a000-78f2cd08e000 r--p 00000000 103:02 16530777                  /usr/lib/x86_64-linux-gnu/libjpeg.so.8.2.2
78f2cd08e000-78f2cd0db000 r-xp 00004000 103:02 16530777                  /usr/lib/x86_64-linux-gnu/libjpeg.so.8.2.2
78f2cd0db000-78f2cd10b000 r--p 00051000 103:02 16530777                  /usr/lib/x86_64-linux-gnu/libjpeg.so.8.2.2
78f2cd10b000-78f2cd10c000 r--p 00081000 103:02 16530777                  /usr/lib/x86_64-linux-gnu/libjpeg.so.8.2.2
78f2cd10c000-78f2cd10d000 rw-p 00082000 103:02 16530777                  /usr/lib/x86_64-linux-gnu/libjpeg.so.8.2.2
78f2cd10d000-78f2cd12b000 r--p 00000000 103:02 17172951                  /usr/lib/jvm/java-21-openjdk-amd64/lib/libawt.so
78f2cd12b000-78f2cd1c2000 r-xp 0001e000 103:02 17172951                  /usr/lib/jvm/java-21-openjdk-amd64/lib/libawt.so
78f2cd1c2000-78f2cd1cf000 r--p 000b5000 103:02 17172951                  /usr/lib/jvm/java-21-openjdk-amd64/lib/libawt.so
78f2cd1cf000-78f2cd1d0000 r--p 000c1000 103:02 17172951                  /usr/lib/jvm/java-21-openjdk-amd64/lib/libawt.so
78f2cd1d0000-78f2cd1db000 rw-p 000c2000 103:02 17172951                  /usr/lib/jvm/java-21-openjdk-amd64/lib/libawt.so
78f2cd1db000-78f2cd200000 rw-p 00000000 00:00 0 
78f2cd200000-78f2cd201000 ---p 00000000 00:00 0 
78f2cd201000-78f2cda01000 rw-p 00000000 00:00 0 
78f2cda44000-78f2cda56000 r--p 00000000 103:02 17173114                  /usr/lib/jvm/java-21-openjdk-amd64/lib/libawt_xawt.so
78f2cda56000-78f2cda9d000 r-xp 00012000 103:02 17173114                  /usr/lib/jvm/java-21-openjdk-amd64/lib/libawt_xawt.so
78f2cda9d000-78f2cdab5000 r--p 00059000 103:02 17173114                  /usr/lib/jvm/java-21-openjdk-amd64/lib/libawt_xawt.so
78f2cdab5000-78f2cdaba000 r--p 00070000 103:02 17173114                  /usr/lib/jvm/java-21-openjdk-amd64/lib/libawt_xawt.so
78f2cdaba000-78f2cdabc000 rw-p 00075000 103:02 17173114                  /usr/lib/jvm/java-21-openjdk-amd64/lib/libawt_xawt.so
78f2cdabc000-78f2cdc00000 rw-p 00000000 00:00 0 
78f2cdc00000-78f2cdcde000 r--p 00000000 103:02 16552573                  /usr/lib/x86_64-linux-gnu/libcuda.so.550.107.02
78f2cdcde000-78f2ce1b3000 r-xp 000de000 103:02 16552573                  /usr/lib/x86_64-linux-gnu/libcuda.so.550.107.02
78f2ce1b3000-78f2cf64e000 r--p 005b3000 103:02 16552573                  /usr/lib/x86_64-linux-gnu/libcuda.so.550.107.02
78f2cf64e000-78f2cf64f000 ---p 01a4e000 103:02 16552573                  /usr/lib/x86_64-linux-gnu/libcuda.so.550.107.02
78f2cf64f000-78f2cf667000 r--p 01a4e000 103:02 16552573                  /usr/lib/x86_64-linux-gnu/libcuda.so.550.107.02
78f2cf667000-78f2cf762000 rw-p 01a66000 103:02 16552573                  /usr/lib/x86_64-linux-gnu/libcuda.so.550.107.02
78f2cf762000-78f2cf7cb000 rw-p 00000000 00:00 0 
78f2cf7d7000-78f2cf7e2000 r--p 00000000 103:02 16531187                  /usr/lib/x86_64-linux-gnu/libxcb.so.1.1.0
78f2cf7e2000-78f2cf7f5000 r-xp 0000b000 103:02 16531187                  /usr/lib/x86_64-linux-gnu/libxcb.so.1.1.0
78f2cf7f5000-78f2cf7fe000 r--p 0001e000 103:02 16531187                  /usr/lib/x86_64-linux-gnu/libxcb.so.1.1.0
78f2cf7fe000-78f2cf7ff000 r--p 00026000 103:02 16531187                  /usr/lib/x86_64-linux-gnu/libxcb.so.1.1.0
78f2cf7ff000-78f2cf800000 rw-p 00027000 103:02 16531187                  /usr/lib/x86_64-linux-gnu/libxcb.so.1.1.0
78f2cf800000-78f2cf938000 r-xp 00000000 103:02 18219061                  /tmp/libJCublas2-12.0.0-linux-x86_64.so
78f2cf938000-78f2cfb38000 ---p 00138000 103:02 18219061                  /tmp/libJCublas2-12.0.0-linux-x86_64.so
78f2cfb38000-78f2cfb3d000 r--p 00138000 103:02 18219061                  /tmp/libJCublas2-12.0.0-linux-x86_64.so
78f2cfb3d000-78f2cfb3f000 rw-p 0013d000 103:02 18219061                  /tmp/libJCublas2-12.0.0-linux-x86_64.so
78f2cfb3f000-78f2cfb41000 rw-p 00000000 00:00 0 
78f2cfb4a000-78f2cfd4a000 rw-s 00000000 00:01 11286                      /dev/zero (deleted)
78f2cfd4a000-78f2cff00000 rw-p 00000000 00:00 0 
78f2cff00000-78f2cff04000 ---p 00000000 00:00 0 
78f2cff04000-78f2d0000000 rw-p 00000000 00:00 0 
78f2d0000000-78f2d0021000 rw-p 00000000 00:00 0 
78f2d0021000-78f2d4004000 ---p 00000000 00:00 0 
78f2d4004000-78f2d4100000 rw-p 00000000 00:00 0 
78f2d4100000-78f2d4104000 ---p 00000000 00:00 0 
78f2d4104000-78f2d4200000 rw-p 00000000 00:00 0 
78f2d4200000-78f2d4204000 ---p 00000000 00:00 0 
78f2d4204000-78f2d4300000 rw-p 00000000 00:00 0 
78f2d4300000-78f2d4304000 ---p 00000000 00:00 0 
78f2d4304000-78f2d4400000 rw-p 00000000 00:00 0 
78f2d4400000-78f2d4404000 ---p 00000000 00:00 0 
78f2d4404000-78f2d4500000 rw-p 00000000 00:00 0 
78f2d4500000-78f2d4504000 ---p 00000000 00:00 0 
78f2d4504000-78f2d4600000 rw-p 00000000 00:00 0 
78f2d4600000-78f2d4604000 ---p 00000000 00:00 0 
78f2d4604000-78f2d4700000 rw-p 00000000 00:00 0 
78f2d4700000-78f2d4704000 ---p 00000000 00:00 0 
78f2d4704000-78f2d4800000 rw-p 00000000 00:00 0 
78f2d4800000-78f2d4804000 ---p 00000000 00:00 0 
78f2d4804000-78f2d4900000 rw-p 00000000 00:00 0 
78f2d4900000-78f2d4904000 ---p 00000000 00:00 0 
78f2d4904000-78f2d4a00000 rw-p 00000000 00:00 0 
78f2d4a00000-78f2d57ec000 r--p 00000000 103:02 16521112                  /usr/lib/locale/locale-archive
78f2d57fd000-78f2d5801000 ---p 00000000 00:00 0 
78f2d5801000-78f2d58fd000 rw-p 00000000 00:00 0 
78f2d58fd000-78f2d58fe000 ---p 00000000 00:00 0 
78f2d58fe000-78f2d59fe000 rw-p 00000000 00:00 0 
78f2d59fe000-78f2d59ff000 ---p 00000000 00:00 0 
78f2d59ff000-78f2d5aff000 rw-p 00000000 00:00 0 
78f2d5aff000-78f2d5b00000 ---p 00000000 00:00 0 
78f2d5b00000-78f2d5c00000 rw-p 00000000 00:00 0 
78f2d5c00000-78f2d83b0000 rw-p 00000000 00:00 0 
78f2d83b0000-78f2df650000 ---p 00000000 00:00 0 
78f2df650000-78f2df660000 rw-p 00000000 00:00 0 
78f2df665000-78f2df669000 r--p 00000000 103:02 16530470                  /usr/lib/x86_64-linux-gnu/libbsd.so.0.12.1
78f2df669000-78f2df675000 r-xp 00004000 103:02 16530470                  /usr/lib/x86_64-linux-gnu/libbsd.so.0.12.1
78f2df675000-78f2df678000 r--p 00010000 103:02 16530470                  /usr/lib/x86_64-linux-gnu/libbsd.so.0.12.1
78f2df678000-78f2df679000 r--p 00012000 103:02 16530470                  /usr/lib/x86_64-linux-gnu/libbsd.so.0.12.1
78f2df679000-78f2df67a000 rw-p 00013000 103:02 16530470                  /usr/lib/x86_64-linux-gnu/libbsd.so.0.12.1
78f2df67a000-78f2df6ff000 rw-p 00000000 00:00 0 
78f2df6ff000-78f2df700000 ---p 00000000 00:00 0 
78f2df700000-78f2df800000 rw-p 00000000 00:00 0 
78f2df800000-78f2df8f6000 rw-p 00000000 00:00 0 
78f2df8f6000-78f2e074a000 ---p 00000000 00:00 0 
78f2e074a000-78f2e074c000 rw-p 00000000 00:00 0 
78f2e075f000-78f2e0800000 rw-p 00000000 00:00 0 
78f2e0800000-78f2e0a70000 rwxp 00000000 00:00 0 
78f2e0a70000-78f2e7c5f000 ---p 00000000 00:00 0 
78f2e7c5f000-78f2e7eff000 rwxp 00000000 00:00 0 
78f2e7eff000-78f2e83a0000 ---p 00000000 00:00 0 
78f2e83a0000-78f2e8610000 rwxp 00000000 00:00 0 
78f2e8610000-78f2ef800000 ---p 00000000 00:00 0 
78f2ef800000-78f2f7e02000 r--s 00000000 103:02 17172984                  /usr/lib/jvm/java-21-openjdk-amd64/lib/modules
78f2f7e04000-78f2f7e06000 r--p 00000000 103:02 16530828                  /usr/lib/x86_64-linux-gnu/libmd.so.0.1.0
78f2f7e06000-78f2f7e0f000 r-xp 00002000 103:02 16530828                  /usr/lib/x86_64-linux-gnu/libmd.so.0.1.0
78f2f7e0f000-78f2f7e11000 r--p 0000b000 103:02 16530828                  /usr/lib/x86_64-linux-gnu/libmd.so.0.1.0
78f2f7e11000-78f2f7e12000 r--p 0000c000 103:02 16530828                  /usr/lib/x86_64-linux-gnu/libmd.so.0.1.0
78f2f7e12000-78f2f7e13000 rw-p 0000d000 103:02 16530828                  /usr/lib/x86_64-linux-gnu/libmd.so.0.1.0
78f2f7e13000-78f2f7e15000 r--p 00000000 103:02 16530323                  /usr/lib/x86_64-linux-gnu/libXdmcp.so.6.0.0
78f2f7e15000-78f2f7e17000 r-xp 00002000 103:02 16530323                  /usr/lib/x86_64-linux-gnu/libXdmcp.so.6.0.0
78f2f7e17000-78f2f7e19000 r--p 00004000 103:02 16530323                  /usr/lib/x86_64-linux-gnu/libXdmcp.so.6.0.0
78f2f7e19000-78f2f7e1a000 r--p 00005000 103:02 16530323                  /usr/lib/x86_64-linux-gnu/libXdmcp.so.6.0.0
78f2f7e1a000-78f2f7e1b000 rw-p 00006000 103:02 16530323                  /usr/lib/x86_64-linux-gnu/libXdmcp.so.6.0.0
78f2f7e1b000-78f2f7e1e000 r--p 00000000 103:02 16530328                  /usr/lib/x86_64-linux-gnu/libXi.so.6.1.0
78f2f7e1e000-78f2f7e2a000 r-xp 00003000 103:02 16530328                  /usr/lib/x86_64-linux-gnu/libXi.so.6.1.0
78f2f7e2a000-78f2f7e2c000 r--p 0000f000 103:02 16530328                  /usr/lib/x86_64-linux-gnu/libXi.so.6.1.0
78f2f7e2c000-78f2f7e2d000 r--p 00011000 103:02 16530328                  /usr/lib/x86_64-linux-gnu/libXi.so.6.1.0
78f2f7e2d000-78f2f7e2e000 rw-p 00012000 103:02 16530328                  /usr/lib/x86_64-linux-gnu/libXi.so.6.1.0
78f2f7e2e000-78f2f7e33000 r--p 00000000 103:02 17172968                  /usr/lib/jvm/java-21-openjdk-amd64/lib/libjsvml.so
78f2f7e33000-78f2f7e74000 r-xp 00005000 103:02 17172968                  /usr/lib/jvm/java-21-openjdk-amd64/lib/libjsvml.so
78f2f7e74000-78f2f7efd000 r--p 00046000 103:02 17172968                  /usr/lib/jvm/java-21-openjdk-amd64/lib/libjsvml.so
78f2f7efd000-78f2f7efe000 r--p 000ce000 103:02 17172968                  /usr/lib/jvm/java-21-openjdk-amd64/lib/libjsvml.so
78f2f7efe000-78f2f7eff000 rw-p 000cf000 103:02 17172968                  /usr/lib/jvm/java-21-openjdk-amd64/lib/libjsvml.so
78f2f7eff000-78f2fabd4000 rw-p 00000000 00:00 0 
78f2fabd4000-78f2fc000000 ---p 00000000 00:00 0 
78f2fc003000-78f2fc004000 r--p 00000000 103:02 16530318                  /usr/lib/x86_64-linux-gnu/libXau.so.6.0.0
78f2fc004000-78f2fc006000 r-xp 00001000 103:02 16530318                  /usr/lib/x86_64-linux-gnu/libXau.so.6.0.0
78f2fc006000-78f2fc007000 r--p 00003000 103:02 16530318                  /usr/lib/x86_64-linux-gnu/libXau.so.6.0.0
78f2fc007000-78f2fc008000 r--p 00003000 103:02 16530318                  /usr/lib/x86_64-linux-gnu/libXau.so.6.0.0
78f2fc008000-78f2fc009000 rw-p 00004000 103:02 16530318                  /usr/lib/x86_64-linux-gnu/libXau.so.6.0.0
78f2fc009000-78f2fc00b000 r--p 00000000 103:02 16530334                  /usr/lib/x86_64-linux-gnu/libXrender.so.1.3.0
78f2fc00b000-78f2fc012000 r-xp 00002000 103:02 16530334                  /usr/lib/x86_64-linux-gnu/libXrender.so.1.3.0
78f2fc012000-78f2fc013000 r--p 00009000 103:02 16530334                  /usr/lib/x86_64-linux-gnu/libXrender.so.1.3.0
78f2fc013000-78f2fc014000 r--p 00009000 103:02 16530334                  /usr/lib/x86_64-linux-gnu/libXrender.so.1.3.0
78f2fc014000-78f2fc015000 rw-p 0000a000 103:02 16530334                  /usr/lib/x86_64-linux-gnu/libXrender.so.1.3.0
78f2fc015000-78f2fccfd000 rw-p 00000000 00:00 0 
78f2fccfd000-78f2fccfe000 ---p 00000000 00:00 0 
78f2fccfe000-78f2fcdfe000 rw-p 00000000 00:00 0 
78f2fcdfe000-78f2fcdff000 ---p 00000000 00:00 0 
78f2fcdff000-78f2fceff000 rw-p 00000000 00:00 0 
78f2fceff000-78f2fcf00000 ---p 00000000 00:00 0 
78f2fcf00000-78f2fd000000 rw-p 00000000 00:00 0 
78f2fd000000-78f2fd0f6000 rw-p 00000000 00:00 0 
78f2fd0f6000-78f2fdf4a000 ---p 00000000 00:00 0 
78f2fdf4a000-78f2fdf4c000 rw-p 00000000 00:00 0 
78f2fdf51000-78f2fdf55000 r--p 00000000 103:02 16530324                  /usr/lib/x86_64-linux-gnu/libXext.so.6.4.0
78f2fdf55000-78f2fdf60000 r-xp 00004000 103:02 16530324                  /usr/lib/x86_64-linux-gnu/libXext.so.6.4.0
78f2fdf60000-78f2fdf63000 r--p 0000f000 103:02 16530324                  /usr/lib/x86_64-linux-gnu/libXext.so.6.4.0
78f2fdf63000-78f2fdf64000 r--p 00011000 103:02 16530324                  /usr/lib/x86_64-linux-gnu/libXext.so.6.4.0
78f2fdf64000-78f2fdf65000 rw-p 00012000 103:02 16530324                  /usr/lib/x86_64-linux-gnu/libXext.so.6.4.0
78f2fdf65000-78f2fed33000 rw-p 00000000 00:00 0 
78f2fed33000-78f2fee17000 ---p 00000000 00:00 0 
78f2fee17000-78f2fee1c000 rw-p 00000000 00:00 0 
78f2fee1c000-78f2fef00000 ---p 00000000 00:00 0 
78f2fef00000-78f2fef04000 ---p 00000000 00:00 0 
78f2fef04000-78f2ff000000 rw-p 00000000 00:00 0 
78f2ff000000-78f2ff09d000 r--p 00000000 103:02 16543594                  /usr/lib/x86_64-linux-gnu/libstdc++.so.6.0.33
78f2ff09d000-78f2ff1e5000 r-xp 0009d000 103:02 16543594                  /usr/lib/x86_64-linux-gnu/libstdc++.so.6.0.33
78f2ff1e5000-78f2ff26c000 r--p 001e5000 103:02 16543594                  /usr/lib/x86_64-linux-gnu/libstdc++.so.6.0.33
78f2ff26c000-78f2ff277000 r--p 0026b000 103:02 16543594                  /usr/lib/x86_64-linux-gnu/libstdc++.so.6.0.33
78f2ff277000-78f2ff27a000 rw-p 00276000 103:02 16543594                  /usr/lib/x86_64-linux-gnu/libstdc++.so.6.0.33
78f2ff27a000-78f2ff27e000 rw-p 00000000 00:00 0 
78f2ff281000-78f2ff288000 r--s 00000000 103:02 16532226                  /usr/lib/x86_64-linux-gnu/gconv/gconv-modules.cache
78f2ff288000-78f2ff28a000 r--p 00000000 103:02 17172962                  /usr/lib/jvm/java-21-openjdk-amd64/lib/libjavajpeg.so
78f2ff28a000-78f2ff291000 r-xp 00002000 103:02 17172962                  /usr/lib/jvm/java-21-openjdk-amd64/lib/libjavajpeg.so
78f2ff291000-78f2ff292000 r--p 00009000 103:02 17172962                  /usr/lib/jvm/java-21-openjdk-amd64/lib/libjavajpeg.so
78f2ff292000-78f2ff293000 r--p 0000a000 103:02 17172962                  /usr/lib/jvm/java-21-openjdk-amd64/lib/libjavajpeg.so
78f2ff293000-78f2ff294000 rw-p 0000b000 103:02 17172962                  /usr/lib/jvm/java-21-openjdk-amd64/lib/libjavajpeg.so
78f2ff294000-78f2ff296000 r--p 00000000 103:02 17172983                  /usr/lib/jvm/java-21-openjdk-amd64/lib/libzip.so
78f2ff296000-78f2ff29b000 r-xp 00002000 103:02 17172983                  /usr/lib/jvm/java-21-openjdk-amd64/lib/libzip.so
78f2ff29b000-78f2ff29d000 r--p 00007000 103:02 17172983                  /usr/lib/jvm/java-21-openjdk-amd64/lib/libzip.so
78f2ff29d000-78f2ff29e000 r--p 00008000 103:02 17172983                  /usr/lib/jvm/java-21-openjdk-amd64/lib/libzip.so
78f2ff29e000-78f2ff29f000 rw-p 00009000 103:02 17172983                  /usr/lib/jvm/java-21-openjdk-amd64/lib/libzip.so
78f2ff2a1000-78f2ff2a3000 r--p 00000000 103:02 16530337                  /usr/lib/x86_64-linux-gnu/libXtst.so.6.1.0
78f2ff2a3000-78f2ff2a6000 r-xp 00002000 103:02 16530337                  /usr/lib/x86_64-linux-gnu/libXtst.so.6.1.0
78f2ff2a6000-78f2ff2a7000 r--p 00005000 103:02 16530337                  /usr/lib/x86_64-linux-gnu/libXtst.so.6.1.0
78f2ff2a7000-78f2ff2a8000 r--p 00005000 103:02 16530337                  /usr/lib/x86_64-linux-gnu/libXtst.so.6.1.0
78f2ff2a8000-78f2ff2a9000 rw-p 00006000 103:02 16530337                  /usr/lib/x86_64-linux-gnu/libXtst.so.6.1.0
78f2ff2a9000-78f2ff2aa000 r--p 00000000 103:02 16530540                  /usr/lib/x86_64-linux-gnu/libdl.so.2
78f2ff2aa000-78f2ff2ab000 r-xp 00001000 103:02 16530540                  /usr/lib/x86_64-linux-gnu/libdl.so.2
78f2ff2ab000-78f2ff2ac000 r--p 00002000 103:02 16530540                  /usr/lib/x86_64-linux-gnu/libdl.so.2
78f2ff2ac000-78f2ff2ad000 r--p 00002000 103:02 16530540                  /usr/lib/x86_64-linux-gnu/libdl.so.2
78f2ff2ad000-78f2ff2ae000 rw-p 00003000 103:02 16530540                  /usr/lib/x86_64-linux-gnu/libdl.so.2
78f2ff2ae000-78f2ff2af000 r--p 00000000 103:02 16531006                  /usr/lib/x86_64-linux-gnu/librt.so.1
78f2ff2af000-78f2ff2b0000 r-xp 00001000 103:02 16531006                  /usr/lib/x86_64-linux-gnu/librt.so.1
78f2ff2b0000-78f2ff2b1000 r--p 00002000 103:02 16531006                  /usr/lib/x86_64-linux-gnu/librt.so.1
78f2ff2b1000-78f2ff2b2000 r--p 00002000 103:02 16531006                  /usr/lib/x86_64-linux-gnu/librt.so.1
78f2ff2b2000-78f2ff2b3000 rw-p 00003000 103:02 16531006                  /usr/lib/x86_64-linux-gnu/librt.so.1
78f2ff2b7000-78f2ff2c7000 -w-s 00000000 00:05 1070                       /dev/nvidia0
78f2ff2c7000-78f2ff2ca000 r--p 00000000 103:02 17172975                  /usr/lib/jvm/java-21-openjdk-amd64/lib/libnet.so
78f2ff2ca000-78f2ff2d2000 r-xp 00003000 103:02 17172975                  /usr/lib/jvm/java-21-openjdk-amd64/lib/libnet.so
78f2ff2d2000-78f2ff2d4000 r--p 0000b000 103:02 17172975                  /usr/lib/jvm/java-21-openjdk-amd64/lib/libnet.so
78f2ff2d4000-78f2ff2d5000 r--p 0000c000 103:02 17172975                  /usr/lib/jvm/java-21-openjdk-amd64/lib/libnet.so
78f2ff2d5000-78f2ff2d6000 rw-p 0000d000 103:02 17172975                  /usr/lib/jvm/java-21-openjdk-amd64/lib/libnet.so
78f2ff2d6000-78f2ff317000 rw-p 00000000 00:00 0 
78f2ff317000-78f2ff327000 r--p 00000000 103:02 16530817                  /usr/lib/x86_64-linux-gnu/libm.so.6
78f2ff327000-78f2ff3a6000 r-xp 00010000 103:02 16530817                  /usr/lib/x86_64-linux-gnu/libm.so.6
78f2ff3a6000-78f2ff3fe000 r--p 0008f000 103:02 16530817                  /usr/lib/x86_64-linux-gnu/libm.so.6
78f2ff3fe000-78f2ff3ff000 r--p 000e7000 103:02 16530817                  /usr/lib/x86_64-linux-gnu/libm.so.6
78f2ff3ff000-78f2ff400000 rw-p 000e8000 103:02 16530817                  /usr/lib/x86_64-linux-gnu/libm.so.6
78f2ff400000-78f2ff696000 r--p 00000000 103:02 17172990                  /usr/lib/jvm/java-21-openjdk-amd64/lib/server/libjvm.so
78f2ff696000-78f3004fe000 r-xp 00296000 103:02 17172990                  /usr/lib/jvm/java-21-openjdk-amd64/lib/server/libjvm.so
78f3004fe000-78f3007d1000 r--p 010fe000 103:02 17172990                  /usr/lib/jvm/java-21-openjdk-amd64/lib/server/libjvm.so
78f3007d1000-78f3008a1000 r--p 013d0000 103:02 17172990                  /usr/lib/jvm/java-21-openjdk-amd64/lib/server/libjvm.so
78f3008a1000-78f3008d1000 rw-p 014a0000 103:02 17172990                  /usr/lib/jvm/java-21-openjdk-amd64/lib/server/libjvm.so
78f3008d1000-78f300937000 rw-p 00000000 00:00 0 
78f30093b000-78f300942000 r--p 00000000 103:02 17172976                  /usr/lib/jvm/java-21-openjdk-amd64/lib/libnio.so
78f300942000-78f30094b000 r-xp 00007000 103:02 17172976                  /usr/lib/jvm/java-21-openjdk-amd64/lib/libnio.so
78f30094b000-78f30094f000 r--p 00010000 103:02 17172976                  /usr/lib/jvm/java-21-openjdk-amd64/lib/libnio.so
78f30094f000-78f300950000 r--p 00014000 103:02 17172976                  /usr/lib/jvm/java-21-openjdk-amd64/lib/libnio.so
78f300950000-78f300951000 rw-p 00015000 103:02 17172976                  /usr/lib/jvm/java-21-openjdk-amd64/lib/libnio.so
78f300951000-78f3009d3000 rw-p 00000000 00:00 0 
78f3009d3000-78f3009dc000 ---p 00000000 00:00 0 
78f3009dc000-78f3009e9000 r--p 00000000 103:02 17172961                  /usr/lib/jvm/java-21-openjdk-amd64/lib/libjava.so
78f3009e9000-78f3009f8000 r-xp 0000d000 103:02 17172961                  /usr/lib/jvm/java-21-openjdk-amd64/lib/libjava.so
78f3009f8000-78f3009fd000 r--p 0001c000 103:02 17172961                  /usr/lib/jvm/java-21-openjdk-amd64/lib/libjava.so
78f3009fd000-78f3009fe000 r--p 00021000 103:02 17172961                  /usr/lib/jvm/java-21-openjdk-amd64/lib/libjava.so
78f3009fe000-78f3009ff000 rw-p 00022000 103:02 17172961                  /usr/lib/jvm/java-21-openjdk-amd64/lib/libjava.so
78f3009ff000-78f300a00000 rw-p 00000000 00:00 0 
78f300a00000-78f300a28000 r--p 00000000 103:02 16530474                  /usr/lib/x86_64-linux-gnu/libc.so.6
78f300a28000-78f300bb0000 r-xp 00028000 103:02 16530474                  /usr/lib/x86_64-linux-gnu/libc.so.6
78f300bb0000-78f300bff000 r--p 001b0000 103:02 16530474                  /usr/lib/x86_64-linux-gnu/libc.so.6
78f300bff000-78f300c03000 r--p 001fe000 103:02 16530474                  /usr/lib/x86_64-linux-gnu/libc.so.6
78f300c03000-78f300c05000 rw-p 00202000 103:02 16530474                  /usr/lib/x86_64-linux-gnu/libc.so.6
78f300c05000-78f300c12000 rw-p 00000000 00:00 0 
78f300c15000-78f300c16000 r--p 00000000 103:02 16530978                  /usr/lib/x86_64-linux-gnu/libpthread.so.0
78f300c16000-78f300c17000 r-xp 00001000 103:02 16530978                  /usr/lib/x86_64-linux-gnu/libpthread.so.0
78f300c17000-78f300c18000 r--p 00002000 103:02 16530978                  /usr/lib/x86_64-linux-gnu/libpthread.so.0
78f300c18000-78f300c19000 r--p 00002000 103:02 16530978                  /usr/lib/x86_64-linux-gnu/libpthread.so.0
78f300c19000-78f300c1a000 rw-p 00003000 103:02 16530978                  /usr/lib/x86_64-linux-gnu/libpthread.so.0
78f300c1a000-78f300c1e000 r--p 00000000 103:02 16528598                  /usr/lib/x86_64-linux-gnu/libgcc_s.so.1
78f300c1e000-78f300c42000 r-xp 00004000 103:02 16528598                  /usr/lib/x86_64-linux-gnu/libgcc_s.so.1
78f300c42000-78f300c46000 r--p 00028000 103:02 16528598                  /usr/lib/x86_64-linux-gnu/libgcc_s.so.1
78f300c46000-78f300c47000 r--p 0002b000 103:02 16528598                  /usr/lib/x86_64-linux-gnu/libgcc_s.so.1
78f300c47000-78f300c48000 rw-p 0002c000 103:02 16528598                  /usr/lib/x86_64-linux-gnu/libgcc_s.so.1
78f300c48000-78f300c4a000 rw-p 00000000 00:00 0 
78f300c4a000-78f300c4c000 r--p 00000000 103:02 17172965                  /usr/lib/jvm/java-21-openjdk-amd64/lib/libjli.so
78f300c4c000-78f300c56000 r-xp 00002000 103:02 17172965                  /usr/lib/jvm/java-21-openjdk-amd64/lib/libjli.so
78f300c56000-78f300c59000 r--p 0000c000 103:02 17172965                  /usr/lib/jvm/java-21-openjdk-amd64/lib/libjli.so
78f300c59000-78f300c5a000 r--p 0000f000 103:02 17172965                  /usr/lib/jvm/java-21-openjdk-amd64/lib/libjli.so
78f300c5a000-78f300c5b000 rw-p 00010000 103:02 17172965                  /usr/lib/jvm/java-21-openjdk-amd64/lib/libjli.so
78f300c5b000-78f300c5d000 r--p 00000000 103:02 16531205                  /usr/lib/x86_64-linux-gnu/libz.so.1.3
78f300c5d000-78f300c6f000 r-xp 00002000 103:02 16531205                  /usr/lib/x86_64-linux-gnu/libz.so.1.3
78f300c6f000-78f300c75000 r--p 00014000 103:02 16531205                  /usr/lib/x86_64-linux-gnu/libz.so.1.3
78f300c75000-78f300c76000 r--p 0001a000 103:02 16531205                  /usr/lib/x86_64-linux-gnu/libz.so.1.3
78f300c76000-78f300c77000 rw-p 0001b000 103:02 16531205                  /usr/lib/x86_64-linux-gnu/libz.so.1.3
78f300c78000-78f300c80000 rw-s 00000000 103:02 18219060                  /tmp/hsperfdata_dov/4050
78f300c80000-78f300c81000 ---p 00000000 00:00 0 
78f300c81000-78f300c82000 r--p 00000000 00:00 0 
78f300c82000-78f300c83000 ---p 00000000 00:00 0 
78f300c83000-78f300c85000 r--p 00000000 103:02 17172964                  /usr/lib/jvm/java-21-openjdk-amd64/lib/libjimage.so
78f300c85000-78f300c88000 r-xp 00002000 103:02 17172964                  /usr/lib/jvm/java-21-openjdk-amd64/lib/libjimage.so
78f300c88000-78f300c89000 r--p 00005000 103:02 17172964                  /usr/lib/jvm/java-21-openjdk-amd64/lib/libjimage.so
78f300c89000-78f300c8a000 r--p 00006000 103:02 17172964                  /usr/lib/jvm/java-21-openjdk-amd64/lib/libjimage.so
78f300c8a000-78f300c8b000 rw-p 00007000 103:02 17172964                  /usr/lib/jvm/java-21-openjdk-amd64/lib/libjimage.so
78f300c8b000-78f300c8d000 rw-p 00000000 00:00 0 
78f300c8d000-78f300c8e000 r--p 00000000 103:02 16530286                  /usr/lib/x86_64-linux-gnu/ld-linux-x86-64.so.2
78f300c8e000-78f300cb9000 r-xp 00001000 103:02 16530286                  /usr/lib/x86_64-linux-gnu/ld-linux-x86-64.so.2
78f300cb9000-78f300cc3000 r--p 0002c000 103:02 16530286                  /usr/lib/x86_64-linux-gnu/ld-linux-x86-64.so.2
78f300cc3000-78f300cc5000 r--p 00036000 103:02 16530286                  /usr/lib/x86_64-linux-gnu/ld-linux-x86-64.so.2
78f300cc5000-78f300cc7000 rw-p 00038000 103:02 16530286                  /usr/lib/x86_64-linux-gnu/ld-linux-x86-64.so.2
7ffd2534f000-7ffd25370000 rw-p 00000000 00:00 0                          [stack]
7ffd25397000-7ffd2539b000 r--p 00000000 00:00 0                          [vvar]
7ffd2539b000-7ffd2539d000 r-xp 00000000 00:00 0                          [vdso]
ffffffffff600000-ffffffffff601000 --xp 00000000 00:00 0                  [vsyscall]
Total number of mappings: 399


VM Arguments:
jvm_args: -Dfile.encoding=UTF-8 --module-path=/home/dov/projects/NeighborhoodPIG/build/classes 
java_command: main.NeighborhoodPIG
java_class_path (initial): /home/dov/projects/Libraries/commons-math3/commons-math3-3.6.1-javadoc.jar:/home/dov/projects/Libraries/commons-math3/commons-math3-3.6.1-sources.jar:/home/dov/projects/Libraries/commons-math3/commons-math3-3.6.1-test-sources.jar:/home/dov/projects/Libraries/commons-math3/commons-math3-3.6.1-tests.jar:/home/dov/projects/Libraries/commons-math3/commons-math3-3.6.1-tools.jar:/home/dov/projects/Libraries/commons-math3/commons-math3-3.6.1.jar:/home/dov/projects/JCudaWrapper/jcuda12/jcublas-12.0.0.jar:/home/dov/projects/JCudaWrapper/jcuda12/jcublas-natives-12.0.0-linux-x86_64.jar:/home/dov/projects/JCudaWrapper/jcuda12/jcuda-12.0.0.jar:/home/dov/projects/JCudaWrapper/jcuda12/jcuda-natives-12.0.0-linux-x86_64.jar:/home/dov/projects/JCudaWrapper/jcuda12/jcudnn-12.0.0.jar:/home/dov/projects/JCudaWrapper/jcuda12/jcudnn-natives-12.0.0-linux-x86_64.jar:/home/dov/projects/JCudaWrapper/jcuda12/jcufft-12.0.0.jar:/home/dov/projects/JCudaWrapper/jcuda12/jcufft-natives-12.0.0-linux-x86_64.jar:/home/dov/projects/JCudaWrapper/jcuda12/jcurand-12.0.0.jar:/home/dov/projects/JCudaWrapper/jcuda12/jcurand-natives-12.0.0-linux-x86_64.jar:/home/dov/projects/JCudaWrapper/jcuda12/jcusolver-12.0.0.jar:/home/dov/projects/JCudaWrapper/jcuda12/jcusolver-natives-12.0.0-linux-x86_64.jar:/home/dov/projects/JCudaWrapper/jcuda12/jcusparse-12.0.0.jar:/home/dov/projects/JCudaWrapper/jcuda12/jcusparse-natives-12.0.0-linux-x86_64.jar:/home/dov/projects/NeighborhoodPIG/build/classes
Launcher Type: SUN_STANDARD

[Global flags]
     intx CICompilerCount                          = 12                                        {product} {ergonomic}
     uint ConcGCThreads                            = 3                                         {product} {ergonomic}
     uint G1ConcRefinementThreads                  = 13                                        {product} {ergonomic}
   size_t G1HeapRegionSize                         = 4194304                                   {product} {ergonomic}
    uintx GCDrainStackTargetSize                   = 64                                        {product} {ergonomic}
   size_t InitialHeapSize                          = 515899392                                 {product} {ergonomic}
   size_t MarkStackSize                            = 4194304                                   {product} {ergonomic}
   size_t MaxHeapSize                              = 8212447232                                {product} {ergonomic}
   size_t MaxNewSize                               = 4924112896                                {product} {ergonomic}
   size_t MinHeapDeltaBytes                        = 4194304                                   {product} {ergonomic}
   size_t MinHeapSize                              = 8388608                                   {product} {ergonomic}
    uintx NonNMethodCodeHeapSize                   = 7602480                                {pd product} {ergonomic}
    uintx NonProfiledCodeHeapSize                  = 122027880                              {pd product} {ergonomic}
    uintx ProfiledCodeHeapSize                     = 122027880                              {pd product} {ergonomic}
    uintx ReservedCodeCacheSize                    = 251658240                              {pd product} {ergonomic}
     bool SegmentedCodeCache                       = true                                      {product} {ergonomic}
   size_t SoftMaxHeapSize                          = 8212447232                             {manageable} {ergonomic}
     bool UseCompressedOops                        = true                           {product lp64_product} {ergonomic}
     bool UseG1GC                                  = true                                      {product} {ergonomic}

Logging:
Log output configuration:
 #0: stdout all=warning uptime,level,tags foldmultilines=false
 #1: stderr all=off uptime,level,tags foldmultilines=false

Environment Variables:
PATH=/usr/local/sbin:/usr/local/bin:/usr/sbin:/usr/bin:/sbin:/bin:/usr/games:/usr/local/games:/snap/bin:/snap/bin
USERNAME=dov
SHELL=/bin/bash
DISPLAY=:1
LANG=en_US.UTF-8

Active Locale:
LC_ALL=en_US.UTF-8
LC_COLLATE=en_US.UTF-8
LC_CTYPE=en_US.UTF-8
LC_MESSAGES=en_US.UTF-8
LC_MONETARY=en_US.UTF-8
LC_NUMERIC=en_US.UTF-8
LC_TIME=en_US.UTF-8

Signal Handlers:
   SIGSEGV: crash_handler in libjvm.so, mask=11100100010111111101111111111110, flags=SA_RESTART|SA_SIGINFO, unblocked
    SIGBUS: crash_handler in libjvm.so, mask=11100100010111111101111111111110, flags=SA_RESTART|SA_SIGINFO, unblocked
    SIGFPE: crash_handler in libjvm.so, mask=11100100010111111101111111111110, flags=SA_RESTART|SA_SIGINFO, unblocked
   SIGPIPE: javaSignalHandler in libjvm.so, mask=11100100010111111101111111111110, flags=SA_RESTART|SA_SIGINFO, blocked
   SIGXFSZ: javaSignalHandler in libjvm.so, mask=11100100010111111101111111111110, flags=SA_RESTART|SA_SIGINFO, blocked
    SIGILL: crash_handler in libjvm.so, mask=11100100010111111101111111111110, flags=SA_RESTART|SA_SIGINFO, unblocked
   SIGUSR2: SR_handler in libjvm.so, mask=00000000000000000000000000000000, flags=SA_RESTART|SA_SIGINFO, blocked
    SIGHUP: UserHandler in libjvm.so, mask=11100100010111111101111111111110, flags=SA_RESTART|SA_SIGINFO, blocked
    SIGINT: SIG_IGN, mask=00000000000000000000000000000000, flags=none, blocked
   SIGTERM: UserHandler in libjvm.so, mask=11100100010111111101111111111110, flags=SA_RESTART|SA_SIGINFO, blocked
   SIGQUIT: UserHandler in libjvm.so, mask=11100100010111111101111111111110, flags=SA_RESTART|SA_SIGINFO, blocked
   SIGTRAP: crash_handler in libjvm.so, mask=11100100010111111101111111111110, flags=SA_RESTART|SA_SIGINFO, unblocked


Periodic native trim disabled

---------------  S Y S T E M  ---------------

OS:
DISTRIB_ID=Ubuntu
DISTRIB_RELEASE=24.04
DISTRIB_CODENAME=noble
DISTRIB_DESCRIPTION="Ubuntu 24.04.1 LTS"
uname: Linux 6.8.0-47-generic #47-Ubuntu SMP PREEMPT_DYNAMIC Fri Sep 27 21:40:26 UTC 2024 x86_64
OS uptime: 0 days 0:03 hours
libc: glibc 2.39 NPTL 2.39 
rlimit (soft/hard): STACK 8192k/infinity , CORE 0k/infinity , NPROC 125013/125013 , NOFILE 1048576/1048576 , AS infinity/infinity , CPU infinity/infinity , DATA infinity/infinity , FSIZE infinity/infinity , MEMLOCK 4009332k/4009332k
load average: 1.30 0.42 0.16

/proc/meminfo:
MemTotal:       32074672 kB
MemFree:        27397708 kB
MemAvailable:   28539944 kB
Buffers:           90488 kB
Cached:          1397344 kB
SwapCached:            0 kB
Active:          2766236 kB
Inactive:         717944 kB
Active(anon):    2009996 kB
Inactive(anon):        0 kB
Active(file):     756240 kB
Inactive(file):   717944 kB
Unevictable:          16 kB
Mlocked:              16 kB
SwapTotal:       8388604 kB
SwapFree:        8388604 kB
Zswap:                 0 kB
Zswapped:              0 kB
Dirty:              7656 kB
Writeback:             0 kB
AnonPages:       1996612 kB
Mapped:           562040 kB
Shmem:             13636 kB
KReclaimable:      65652 kB
Slab:             296492 kB
SReclaimable:      65652 kB
SUnreclaim:       230840 kB
KernelStack:       15232 kB
PageTables:        25648 kB
SecPageTables:         0 kB
NFS_Unstable:          0 kB
Bounce:                0 kB
WritebackTmp:          0 kB
CommitLimit:    24425940 kB
Committed_AS:    7223520 kB
VmallocTotal:   34359738367 kB
VmallocUsed:      157088 kB
VmallocChunk:          0 kB
Percpu:            17152 kB
HardwareCorrupted:     0 kB
AnonHugePages:         0 kB
ShmemHugePages:        0 kB
ShmemPmdMapped:        0 kB
FileHugePages:         0 kB
FilePmdMapped:         0 kB
Unaccepted:            0 kB
HugePages_Total:       0
HugePages_Free:        0
HugePages_Rsvd:        0
HugePages_Surp:        0
Hugepagesize:       2048 kB
Hugetlb:               0 kB
DirectMap4k:      702952 kB
DirectMap2M:    10035200 kB
DirectMap1G:    23068672 kB

/sys/kernel/mm/transparent_hugepage/enabled: always [madvise] never
/sys/kernel/mm/transparent_hugepage/hpage_pmd_size: 2097152
/sys/kernel/mm/transparent_hugepage/defrag (defrag/compaction efforts parameter): always defer defer+madvise [madvise] never

Process Memory:
Virtual Size: 16959676K (peak: 17018688K)
Resident Set Size: 273124K (peak: 273124K) (anon: 110120K, file: 154812K, shmem: 8192K)
Swapped out: 0K
C-Heap outstanding allocations: 85490K, retained: 2861K
glibc malloc tunables: (default)

/proc/sys/kernel/threads-max (system-wide limit on the number of threads): 250026
/proc/sys/vm/max_map_count (maximum number of memory map areas a process may have): 1048576
/proc/sys/vm/swappiness (control to define how aggressively the kernel swaps out anonymous memory): 60
/proc/sys/kernel/pid_max (system-wide limit on number of process identifiers): 4194304

container (cgroup) information:
container_type: cgroupv2
cpu_cpuset_cpus: not supported
cpu_memory_nodes: not supported
active_processor_count: 16
cpu_quota: not supported
cpu_period: not supported
cpu_shares: not supported
memory_limit_in_bytes: unlimited
memory_and_swap_limit_in_bytes: unlimited
memory_soft_limit_in_bytes: unlimited
memory_usage_in_bytes: 1767856 k
memory_max_usage_in_bytes: not supported
memory_swap_current_in_bytes: unlimited
memory_swap_max_limit_in_bytes: unlimited
maximum number of tasks: 37503
current number of tasks: 109

Steal ticks since vm start: 0
Steal ticks percentage since vm start:  0.000

CPU: total 16 (initial active 16) (16 cores per cpu, 2 threads per core) family 25 model 68 stepping 1 microcode 0xa404101, cx8, cmov, fxsr, ht, mmx, 3dnowpref, sse, sse2, sse3, ssse3, sse4a, sse4.1, sse4.2, popcnt, lzcnt, tsc, tscinvbit, avx, avx2, aes, clmul, bmi1, bmi2, adx, sha, fma, vzeroupper, clflush, clflushopt, rdtscp, rdpid, f16c, pku, ospke, cet_ss
CPU Model and flags from /proc/cpuinfo:
model name	: AMD Ryzen 9 6900HS with Radeon Graphics
flags		: fpu vme de pse tsc msr pae mce cx8 apic sep mtrr pge mca cmov pat pse36 clflush mmx fxsr sse sse2 ht syscall nx mmxext fxsr_opt pdpe1gb rdtscp lm constant_tsc rep_good nopl nonstop_tsc cpuid extd_apicid aperfmperf rapl pni pclmulqdq monitor ssse3 fma cx16 sse4_1 sse4_2 x2apic movbe popcnt aes xsave avx f16c rdrand lahf_lm cmp_legacy svm extapic cr8_legacy abm sse4a misalignsse 3dnowprefetch osvw ibs skinit wdt tce topoext perfctr_core perfctr_nb bpext perfctr_llc mwaitx cpb cat_l3 cdp_l3 hw_pstate ssbd mba ibrs ibpb stibp vmmcall fsgsbase bmi1 avx2 smep bmi2 invpcid cqm rdt_a rdseed adx smap clflushopt clwb sha_ni xsaveopt xsavec xgetbv1 xsaves cqm_llc cqm_occup_llc cqm_mbm_total cqm_mbm_local user_shstk clzero irperf xsaveerptr rdpru wbnoinvd cppc arat npt lbrv svm_lock nrip_save tsc_scale vmcb_clean flushbyasid decodeassists pausefilter pfthreshold avic v_vmsave_vmload vgif v_spec_ctrl umip pku ospke vaes vpclmulqdq rdpid overflow_recov succor smca debug_swap

Online cpus: 0-15
Offline cpus: 
BIOS frequency limitation: <Not Available>
Frequency switch latency (ns): 0
Available cpu frequencies: <Not Available>
Current governor: powersave
Core performance/turbo boost: <Not Available>

Memory: 4k page, physical 32074672k(28539944k free), swap 8388604k(8388604k free)
Page Sizes: 4k

vm_info: OpenJDK 64-Bit Server VM (21.0.4+7-Ubuntu-1ubuntu224.04) for linux-amd64 JRE (21.0.4+7-Ubuntu-1ubuntu224.04), built on 2024-07-23T01:34:52Z by "buildd" with gcc 13.2.0

END.
