#
# A fatal error has been detected by the Java Runtime Environment:
#
#  SIGSEGV (0xb) at pc=0x00007d51865f216d, pid=43050, tid=43055
#
# JRE version: OpenJDK Runtime Environment (21.0.5+11) (build 21.0.5+11-Ubuntu-1ubuntu124.04)
# Java VM: OpenJDK 64-Bit Server VM (21.0.5+11-Ubuntu-1ubuntu124.04, mixed mode, sharing, tiered, compressed oops, compressed class ptrs, g1 gc, linux-amd64)
# Problematic frame:
# C  [libcuda.so.1+0x1f216d]
#
# Core dump will be written. Default location: Core dumps may be processed with "/usr/share/apport/apport -p%p -s%s -c%c -d%d -P%P -u%u -g%g -- %E" (or dumping to /home/dov/projects/NeighborhoodPIG/core.43050)
#
# If you would like to submit a bug report, please visit:
#   https://bugs.launchpad.net/ubuntu/+source/openjdk-21
# The crash happened outside the Java Virtual Machine in native code.
# See problematic frame for where to report the bug.
#

---------------  S U M M A R Y ------------

Command Line: -Dfile.encoding=UTF-8 JCudaWrapper.algebra.Eigen

Host: AMD Ryzen 9 6900HS with Radeon Graphics, 16 cores, 30G, Ubuntu 24.04.1 LTS
Time: Thu Dec 26 16:04:25 2024 IST elapsed time: 1.717930 seconds (0d 0h 0m 1s)

---------------  T H R E A D  ---------------

Current thread (0x00007d51bc019fc0):  JavaThread "main"             [_thread_in_native, id=43055, stack(0x00007d51c0f00000,0x00007d51c1000000) (1024K)]

Stack: [0x00007d51c0f00000,0x00007d51c1000000],  sp=0x00007d51c0ffd900,  free space=1014k
Native frames: (J=compiled Java code, j=interpreted, Vv=VM code, C=native code)
C  [libcuda.so.1+0x1f216d]
C  [libcuda.so.1+0x103b97]
C  [libcuda.so.1+0x4e5b6e]
C  [libcuda.so.1+0x12e455]
C  [libcuda.so.1+0x12ecc8]
C  [libcuda.so.1+0x1358bf]
C  [libcuda.so.1+0x2f25f0]
Java frames: (J=compiled Java code, j=interpreted, Vv=VM code)
j  jcuda.driver.JCudaDriver.cuLaunchKernelNative(Ljcuda/driver/CUfunction;IIIIIIILjcuda/driver/CUstream;Ljcuda/Pointer;Ljcuda/Pointer;)I+0
j  jcuda.driver.JCudaDriver.cuLaunchKernel(Ljcuda/driver/CUfunction;IIIIIIILjcuda/driver/CUstream;Ljcuda/Pointer;Ljcuda/Pointer;)I+18
j  JCudaWrapper.array.KernelManager.map(LJCudaWrapper/resourceManagement/Handle;ILJCudaWrapper/array/Array;[Ljcuda/Pointer;)V+84
j  JCudaWrapper.algebra.MatricesStride.computeVecs3x3(LJCudaWrapper/algebra/VectorsStride;LJCudaWrapper/array/DArray;D)LJCudaWrapper/algebra/MatricesStride;+109
j  JCudaWrapper.algebra.Eigen.<init>(LJCudaWrapper/algebra/MatricesStride;D)V+114
j  JCudaWrapper.algebra.Eigen.main([Ljava/lang/String;)V+114
v  ~StubRoutines::call_stub 0x00007d51abc5fcc6

siginfo: si_signo: 11 (SIGSEGV), si_code: 1 (SEGV_MAPERR), si_addr: 0x000000aa02ae0209

Registers:
RAX=0x0000000000000008, RBX=0x0000000000000008, RCX=0x00007d51bd616280, RDX=0x0000000000000008
RSP=0x00007d51c0ffd900, RBP=0x00007d51c0ffd920, RSI=0x000000aa02ae0209, RDI=0x00000002010007c8
R8 =0x00007d51c0ffd9a0, R9 =0x0000000000000002, R10=0x000000020100076c, R11=0x00007d51bd6344b0
R12=0x00007d51bf256920, R13=0x00007d51bf2576f0, R14=0x0000000201000790, R15=0x00007d51c0ffe340
RIP=0x00007d51865f216d, EFLAGS=0x0000000000010246, CSGSFS=0x002b000000000033, ERR=0x0000000000000004
  TRAPNO=0x000000000000000e


Register to memory mapping:

RAX=0x0000000000000008 is an unknown value
RBX=0x0000000000000008 is an unknown value
RCX=0x00007d51bd616280 points into unknown readable memory: 0x0000000000000004 | 04 00 00 00 00 00 00 00
RDX=0x0000000000000008 is an unknown value
RSP=0x00007d51c0ffd900 is pointing into the stack for thread: 0x00007d51bc019fc0
RBP=0x00007d51c0ffd920 is pointing into the stack for thread: 0x00007d51bc019fc0
RSI=0x000000aa02ae0209 is an unknown value
RDI=0x00000002010007c8 points into unknown readable memory: 0x0000000000000000 | 00 00 00 00 00 00 00 00
R8 =0x00007d51c0ffd9a0 is pointing into the stack for thread: 0x00007d51bc019fc0
R9 =0x0000000000000002 is an unknown value
R10=0x000000020100076c points into unknown readable memory: 62 20 02 20
R11=0x00007d51bd6344b0 points into unknown readable memory: 0x0000000100000100 | 00 01 00 00 01 00 00 00
R12=0x00007d51bf256920 points into unknown readable memory: 0x0000000100000001 | 01 00 00 00 01 00 00 00
R13=0x00007d51bf2576f0 points into unknown readable memory: 0x0000000634e1cc18 | 18 cc e1 34 06 00 00 00
R14=0x0000000201000790 points into unknown readable memory: 0x0000000000000003 | 03 00 00 00 00 00 00 00
R15=0x00007d51c0ffe340 is pointing into the stack for thread: 0x00007d51bc019fc0

Top of Stack: (sp=0x00007d51c0ffd900)
0x00007d51c0ffd900:   00007d51a45791f8 00000002010005e8
0x00007d51c0ffd910:   00007d51bf256920 00007d51bc621130
0x00007d51c0ffd920:   00007d51c0ffdb60 00007d5186503b97
0x00007d51c0ffd930:   0000000000052f00 0000000000000000
0x00007d51c0ffd940:   00007d51c0ffd958 0000000000000000
0x00007d51c0ffd950:   00007d51bf256988 00000000010005e8
0x00007d51c0ffd960:   00000002010007d0 00007d51c0ffe368
0x00007d51c0ffd970:   00007d51c0ffd9a0 0000000000000000
0x00007d51c0ffd980:   00007d51c0ffdc20 00007d51bc621130
0x00007d51c0ffd990:   00007d51c0ffd9c0 00007d51868eb98d
0x00007d51c0ffd9a0:   0000000201000790 00007d51c0ffda48
0x00007d51c0ffd9b0:   00000000000001d0 0000000000000080
0x00007d51c0ffd9c0:   00007d51c0ffdb20 00007d5186820c0e
0x00007d51c0ffd9d0:   00007d5100000400 00007d51bf256920
0x00007d51c0ffd9e0:   00007d51bc6841a0 00007d51c0ffdc20
0x00007d51c0ffd9f0:   0000000000000080 00007d51bc7be250
0x00007d51c0ffda00:   0000200000002000 00007d51bc7be2c0
0x00007d51c0ffda10:   0000000000000000 00007d51bc653fd0
0x00007d51c0ffda20:   00007d51bc6841a0 00007d51bc621130
0x00007d51c0ffda30:   00007d5000000000 00007d51c0ffda48
0x00007d51c0ffda40:   00007d5100000004 0000000000000020
0x00007d51c0ffda50:   00007d51a4560010 0000000000000085
0x00007d51c0ffda60:   0000000000000000 0000000000000000
0x00007d51c0ffda70:   00007d51c0ffda00 0000000000000000
0x00007d51c0ffda80:   00007d5100000000 00007d51bc653fd0
0x00007d51c0ffda90:   00007d50a2a52f10 00007d5186501e7c
0x00007d51c0ffdaa0:   00007d51c0ffe340 00007d51bf256920
0x00007d51c0ffdab0:   00007d51c0ffdae0 00007d51865c2a31
0x00007d51c0ffdac0:   00007d51bd6343b0 00007d51c0ffe340
0x00007d51c0ffdad0:   00007d51bc621130 00007d51bf256920
0x00007d51c0ffdae0:   00007d51c0ffdb60 00007d5186502bfa
0x00007d51c0ffdaf0:   00007d51bf27a460 00007d51bd633dc0 

Instructions: (pc=0x00007d51865f216d)
0x00007d51865f206d:   5c 41 5d 41 5e 5d c3 0f 1f 40 00 49 8b 46 40 bf
0x00007d51865f207d:   12 00 00 00 ff 90 f0 3e 00 00 41 89 c4 eb b1 0f
0x00007d51865f208d:   1f 40 00 48 83 bb 10 04 00 00 00 75 8f 84 c9 75
0x00007d51865f209d:   8b eb b3 8b 92 6c 01 00 00 85 d2 0f 85 72 ff ff
0x00007d51865f20ad:   ff 4c 89 f7 e8 2a 30 03 00 84 c0 49 8b 46 40 41
0x00007d51865f20bd:   0f 95 c5 0f 95 c1 45 0f b6 ed e9 54 ff ff ff 0f
0x00007d51865f20cd:   1f 40 00 55 48 89 e5 41 56 49 89 d6 41 55 41 54
0x00007d51865f20dd:   53 48 8b 97 70 02 00 00 48 85 d2 74 70 8b 87 68
0x00007d51865f20ed:   02 00 00 49 89 fc 85 c0 74 63 49 89 f5 31 db eb
0x00007d51865f20fd:   22 66 90 83 fa 02 75 7b 0f b7 06 66 89 07 83 c3
0x00007d51865f210d:   01 41 3b 9c 24 68 02 00 00 73 42 49 8b 94 24 70
0x00007d51865f211d:   02 00 00 89 d8 48 8d 0c 40 49 8b 74 c5 00 48 8d
0x00007d51865f212d:   0c 88 48 8d 0c ca 8b 79 08 8b 51 0c 4c 01 f7 83
0x00007d51865f213d:   fa 04 74 37 77 25 83 fa 01 75 b8 0f b6 06 83 c3
0x00007d51865f214d:   01 88 07 41 3b 9c 24 68 02 00 00 72 be 5b 41 5c
0x00007d51865f215d:   41 5d 41 5e 5d c3 0f 1f 44 00 00 83 fa 08 75 13
0x00007d51865f216d:   48 8b 06 48 89 07 eb 96 0f 1f 00 8b 06 89 07 eb
0x00007d51865f217d:   8d 66 90 e8 2b ca ee ff eb 84 90 0f 1f 84 00 00
0x00007d51865f218d:   00 00 00 c3 66 66 2e 0f 1f 84 00 00 00 00 00 0f
0x00007d51865f219d:   1f 40 00 55 48 89 e5 41 54 49 89 fc 48 83 ec 08
0x00007d51865f21ad:   48 8b 05 04 37 97 01 ff 50 10 48 85 c0 74 0c 4c
0x00007d51865f21bd:   8b 65 f8 c9 c3 66 0f 1f 44 00 00 48 8b 05 e9 36
0x00007d51865f21cd:   97 01 4c 89 e6 4c 8b 65 f8 48 8b 38 c9 e9 c1 ca
0x00007d51865f21dd:   ee ff 90 55 48 8d 3d e8 25 97 01 48 89 e5 41 54
0x00007d51865f21ed:   48 83 ec 38 e8 ba c7 ee ff 48 83 3d ba 36 97 01
0x00007d51865f21fd:   00 74 20 45 31 e4 48 8d 3d c6 25 97 01 e8 d1 c2
0x00007d51865f220d:   ee ff 44 89 e0 4c 8b 65 f8 c9 c3 0f 1f 84 00 00
0x00007d51865f221d:   00 00 00 bf 28 00 00 00 be 01 00 00 00 e8 31 c2
0x00007d51865f222d:   ee ff 48 89 05 82 36 97 01 48 89 c7 48 85 c0 0f
0x00007d51865f223d:   84 a6 01 00 00 4c 8d 0d 1c a1 65 01 4c 8d 05 20
0x00007d51865f224d:   a1 65 01 48 8d 0d 2e a1 65 01 48 8d 15 3c a1 65
0x00007d51865f225d:   01 4c 89 0d 6b db 9b 01 48 8d 35 41 a1 65 01 e8 


Stack slot to memory mapping:

stack at sp + 0 slots: 0x00007d51a45791f8 points into unknown readable memory: 0x00007d51bc6841a0 | a0 41 68 bc 51 7d 00 00
stack at sp + 1 slots: 0x00000002010005e8 points into unknown readable memory: 0x00007d5020022062 | 62 20 02 20 50 7d 00 00
stack at sp + 2 slots: 0x00007d51bf256920 points into unknown readable memory: 0x0000000100000001 | 01 00 00 00 01 00 00 00
stack at sp + 3 slots: 0x00007d51bc621130 points into unknown readable memory: 0x0000000100000000 | 00 00 00 00 01 00 00 00
stack at sp + 4 slots: 0x00007d51c0ffdb60 is pointing into the stack for thread: 0x00007d51bc019fc0
stack at sp + 5 slots: 0x00007d5186503b97: <offset 0x0000000000103b97> in /lib/x86_64-linux-gnu/libcuda.so.1 at 0x00007d5186400000
stack at sp + 6 slots: 0x0000000000052f00 is an unknown value
stack at sp + 7 slots: 0x0 is null


---------------  P R O C E S S  ---------------

Threads class SMR info:
_java_thread_list=0x00007d50dc000b70, length=13, elements={
0x00007d51bc019fc0, 0x00007d51bc1349d0, 0x00007d51bc135e60, 0x00007d51bc137600,
0x00007d51bc138c40, 0x00007d51bc13a1e0, 0x00007d51bc13bda0, 0x00007d51bc13d460,
0x00007d51bc1499a0, 0x00007d51bc14cc30, 0x00007d510001bb10, 0x00007d50ec049b00,
0x00007d51bd607190
}

Java Threads: ( => current thread )
=>0x00007d51bc019fc0 JavaThread "main"                              [_thread_in_native, id=43055, stack(0x00007d51c0f00000,0x00007d51c1000000) (1024K)]
  0x00007d51bc1349d0 JavaThread "Reference Handler"          daemon [_thread_blocked, id=43063, stack(0x00007d51933f5000,0x00007d51934f5000) (1024K)]
  0x00007d51bc135e60 JavaThread "Finalizer"                  daemon [_thread_blocked, id=43064, stack(0x00007d5192500000,0x00007d5192600000) (1024K)]
  0x00007d51bc137600 JavaThread "Signal Dispatcher"          daemon [_thread_blocked, id=43065, stack(0x00007d5192400000,0x00007d5192500000) (1024K)]
  0x00007d51bc138c40 JavaThread "Service Thread"             daemon [_thread_blocked, id=43066, stack(0x00007d5192300000,0x00007d5192400000) (1024K)]
  0x00007d51bc13a1e0 JavaThread "Monitor Deflation Thread"   daemon [_thread_blocked, id=43067, stack(0x00007d5192200000,0x00007d5192300000) (1024K)]
  0x00007d51bc13bda0 JavaThread "C2 CompilerThread0"         daemon [_thread_blocked, id=43068, stack(0x00007d5192100000,0x00007d5192200000) (1024K)]
  0x00007d51bc13d460 JavaThread "C1 CompilerThread0"         daemon [_thread_blocked, id=43069, stack(0x00007d5192000000,0x00007d5192100000) (1024K)]
  0x00007d51bc1499a0 JavaThread "Notification Thread"        daemon [_thread_blocked, id=43070, stack(0x00007d5191f00000,0x00007d5192000000) (1024K)]
  0x00007d51bc14cc30 JavaThread "Common-Cleaner"             daemon [_thread_blocked, id=43071, stack(0x00007d5191e00000,0x00007d5191f00000) (1024K)]
  0x00007d510001bb10 JavaThread "C1 CompilerThread1"         daemon [_thread_blocked, id=43072, stack(0x00007d5191d00000,0x00007d5191e00000) (1024K)]
  0x00007d50ec049b00 JavaThread "C2 CompilerThread1"         daemon [_thread_blocked, id=43074, stack(0x00007d5191b00000,0x00007d5191c00000) (1024K)]
  0x00007d51bd607190 JavaThread "pool-1-thread-1"            daemon [_thread_blocked, id=43083, stack(0x00007d5191c00000,0x00007d5191d00000) (1024K)]
Total: 13

Other Threads:
  0x00007d51bc12b6c0 VMThread "VM Thread"                           [id=43062, stack(0x00007d51934f6000,0x00007d51935f6000) (1024K)]
  0x00007d51bc1195d0 WatcherThread "VM Periodic Task Thread"        [id=43061, stack(0x00007d51935f7000,0x00007d51936f7000) (1024K)]
  0x00007d51bc045330 WorkerThread "GC Thread#0"                     [id=43056, stack(0x00007d51a2500000,0x00007d51a2600000) (1024K)]
  0x00007d51bc055e30 ConcurrentGCThread "G1 Main Marker"            [id=43057, stack(0x00007d519a900000,0x00007d519aa00000) (1024K)]
  0x00007d51bc056de0 WorkerThread "G1 Conc#0"                       [id=43058, stack(0x00007d519a7ff000,0x00007d519a8ff000) (1024K)]
  0x00007d51bc0fe9f0 ConcurrentGCThread "G1 Refine#0"               [id=43059, stack(0x00007d51937f9000,0x00007d51938f9000) (1024K)]
  0x00007d51bc0ff9b0 ConcurrentGCThread "G1 Service"                [id=43060, stack(0x00007d51936f8000,0x00007d51937f8000) (1024K)]
Total: 7

Threads with active compile tasks:
Total: 0

VM state: not at safepoint (normal execution)

VM Mutex/Monitor currently owned by a thread: None

Heap address: 0x0000000616800000, size: 7832 MB, Compressed Oops mode: Zero based, Oop shift amount: 3

CDS archive(s) mapped at: [0x00007d513b000000-0x00007d513bc97000-0x00007d513bc97000), size 13201408, SharedBaseAddress: 0x00007d513b000000, ArchiveRelocationMode: 1.
Compressed class space mapped at: 0x00007d513c000000-0x00007d517c000000, reserved size: 1073741824
Narrow klass base: 0x00007d513b000000, Narrow klass shift: 0, Narrow klass range: 0x100000000

GC Precious Log:
 CardTable entry size: 512
 Card Set container configuration: InlinePtr #cards 4 size 8 Array Of Cards #cards 32 size 80 Howl #buckets 8 coarsen threshold 7372 Howl Bitmap #cards 1024 size 144 coarsen threshold 921 Card regions per heap region 1 cards per card region 8192
 CPUs: 16 total, 16 available
 Memory: 31322M
 Large Page Support: Disabled
 NUMA Support: Disabled
 Compressed Oops: Enabled (Zero based)
 Heap Region Size: 4M
 Heap Min Capacity: 8M
 Heap Initial Capacity: 492M
 Heap Max Capacity: 7832M
 Pre-touch: Disabled
 Parallel Workers: 13
 Concurrent Workers: 3
 Concurrent Refinement Workers: 13
 Periodic GC: Disabled

Heap:
 garbage-first heap   total 507904K, used 5169K [0x0000000616800000, 0x0000000800000000)
  region size 4096K, 2 young (8192K), 0 survivors (0K)
 Metaspace       used 1911K, committed 2048K, reserved 1114112K
  class space    used 139K, committed 192K, reserved 1048576K

Heap Regions: E=young(eden), S=young(survivor), O=old, HS=humongous(starts), HC=humongous(continues), CS=collection set, F=free, TAMS=top-at-mark-start, PB=parsable bottom
|   0|0x0000000616800000, 0x0000000616800000, 0x0000000616c00000|  0%| F|  |TAMS 0x0000000616800000| PB 0x0000000616800000| Untracked 
|   1|0x0000000616c00000, 0x0000000616c00000, 0x0000000617000000|  0%| F|  |TAMS 0x0000000616c00000| PB 0x0000000616c00000| Untracked 
|   2|0x0000000617000000, 0x0000000617000000, 0x0000000617400000|  0%| F|  |TAMS 0x0000000617000000| PB 0x0000000617000000| Untracked 
|   3|0x0000000617400000, 0x0000000617400000, 0x0000000617800000|  0%| F|  |TAMS 0x0000000617400000| PB 0x0000000617400000| Untracked 
|   4|0x0000000617800000, 0x0000000617800000, 0x0000000617c00000|  0%| F|  |TAMS 0x0000000617800000| PB 0x0000000617800000| Untracked 
|   5|0x0000000617c00000, 0x0000000617c00000, 0x0000000618000000|  0%| F|  |TAMS 0x0000000617c00000| PB 0x0000000617c00000| Untracked 
|   6|0x0000000618000000, 0x0000000618000000, 0x0000000618400000|  0%| F|  |TAMS 0x0000000618000000| PB 0x0000000618000000| Untracked 
|   7|0x0000000618400000, 0x0000000618400000, 0x0000000618800000|  0%| F|  |TAMS 0x0000000618400000| PB 0x0000000618400000| Untracked 
|   8|0x0000000618800000, 0x0000000618800000, 0x0000000618c00000|  0%| F|  |TAMS 0x0000000618800000| PB 0x0000000618800000| Untracked 
|   9|0x0000000618c00000, 0x0000000618c00000, 0x0000000619000000|  0%| F|  |TAMS 0x0000000618c00000| PB 0x0000000618c00000| Untracked 
|  10|0x0000000619000000, 0x0000000619000000, 0x0000000619400000|  0%| F|  |TAMS 0x0000000619000000| PB 0x0000000619000000| Untracked 
|  11|0x0000000619400000, 0x0000000619400000, 0x0000000619800000|  0%| F|  |TAMS 0x0000000619400000| PB 0x0000000619400000| Untracked 
|  12|0x0000000619800000, 0x0000000619800000, 0x0000000619c00000|  0%| F|  |TAMS 0x0000000619800000| PB 0x0000000619800000| Untracked 
|  13|0x0000000619c00000, 0x0000000619c00000, 0x000000061a000000|  0%| F|  |TAMS 0x0000000619c00000| PB 0x0000000619c00000| Untracked 
|  14|0x000000061a000000, 0x000000061a000000, 0x000000061a400000|  0%| F|  |TAMS 0x000000061a000000| PB 0x000000061a000000| Untracked 
|  15|0x000000061a400000, 0x000000061a400000, 0x000000061a800000|  0%| F|  |TAMS 0x000000061a400000| PB 0x000000061a400000| Untracked 
|  16|0x000000061a800000, 0x000000061a800000, 0x000000061ac00000|  0%| F|  |TAMS 0x000000061a800000| PB 0x000000061a800000| Untracked 
|  17|0x000000061ac00000, 0x000000061ac00000, 0x000000061b000000|  0%| F|  |TAMS 0x000000061ac00000| PB 0x000000061ac00000| Untracked 
|  18|0x000000061b000000, 0x000000061b000000, 0x000000061b400000|  0%| F|  |TAMS 0x000000061b000000| PB 0x000000061b000000| Untracked 
|  19|0x000000061b400000, 0x000000061b400000, 0x000000061b800000|  0%| F|  |TAMS 0x000000061b400000| PB 0x000000061b400000| Untracked 
|  20|0x000000061b800000, 0x000000061b800000, 0x000000061bc00000|  0%| F|  |TAMS 0x000000061b800000| PB 0x000000061b800000| Untracked 
|  21|0x000000061bc00000, 0x000000061bc00000, 0x000000061c000000|  0%| F|  |TAMS 0x000000061bc00000| PB 0x000000061bc00000| Untracked 
|  22|0x000000061c000000, 0x000000061c000000, 0x000000061c400000|  0%| F|  |TAMS 0x000000061c000000| PB 0x000000061c000000| Untracked 
|  23|0x000000061c400000, 0x000000061c400000, 0x000000061c800000|  0%| F|  |TAMS 0x000000061c400000| PB 0x000000061c400000| Untracked 
|  24|0x000000061c800000, 0x000000061c800000, 0x000000061cc00000|  0%| F|  |TAMS 0x000000061c800000| PB 0x000000061c800000| Untracked 
|  25|0x000000061cc00000, 0x000000061cc00000, 0x000000061d000000|  0%| F|  |TAMS 0x000000061cc00000| PB 0x000000061cc00000| Untracked 
|  26|0x000000061d000000, 0x000000061d000000, 0x000000061d400000|  0%| F|  |TAMS 0x000000061d000000| PB 0x000000061d000000| Untracked 
|  27|0x000000061d400000, 0x000000061d400000, 0x000000061d800000|  0%| F|  |TAMS 0x000000061d400000| PB 0x000000061d400000| Untracked 
|  28|0x000000061d800000, 0x000000061d800000, 0x000000061dc00000|  0%| F|  |TAMS 0x000000061d800000| PB 0x000000061d800000| Untracked 
|  29|0x000000061dc00000, 0x000000061dc00000, 0x000000061e000000|  0%| F|  |TAMS 0x000000061dc00000| PB 0x000000061dc00000| Untracked 
|  30|0x000000061e000000, 0x000000061e000000, 0x000000061e400000|  0%| F|  |TAMS 0x000000061e000000| PB 0x000000061e000000| Untracked 
|  31|0x000000061e400000, 0x000000061e400000, 0x000000061e800000|  0%| F|  |TAMS 0x000000061e400000| PB 0x000000061e400000| Untracked 
|  32|0x000000061e800000, 0x000000061e800000, 0x000000061ec00000|  0%| F|  |TAMS 0x000000061e800000| PB 0x000000061e800000| Untracked 
|  33|0x000000061ec00000, 0x000000061ec00000, 0x000000061f000000|  0%| F|  |TAMS 0x000000061ec00000| PB 0x000000061ec00000| Untracked 
|  34|0x000000061f000000, 0x000000061f000000, 0x000000061f400000|  0%| F|  |TAMS 0x000000061f000000| PB 0x000000061f000000| Untracked 
|  35|0x000000061f400000, 0x000000061f400000, 0x000000061f800000|  0%| F|  |TAMS 0x000000061f400000| PB 0x000000061f400000| Untracked 
|  36|0x000000061f800000, 0x000000061f800000, 0x000000061fc00000|  0%| F|  |TAMS 0x000000061f800000| PB 0x000000061f800000| Untracked 
|  37|0x000000061fc00000, 0x000000061fc00000, 0x0000000620000000|  0%| F|  |TAMS 0x000000061fc00000| PB 0x000000061fc00000| Untracked 
|  38|0x0000000620000000, 0x0000000620000000, 0x0000000620400000|  0%| F|  |TAMS 0x0000000620000000| PB 0x0000000620000000| Untracked 
|  39|0x0000000620400000, 0x0000000620400000, 0x0000000620800000|  0%| F|  |TAMS 0x0000000620400000| PB 0x0000000620400000| Untracked 
|  40|0x0000000620800000, 0x0000000620800000, 0x0000000620c00000|  0%| F|  |TAMS 0x0000000620800000| PB 0x0000000620800000| Untracked 
|  41|0x0000000620c00000, 0x0000000620c00000, 0x0000000621000000|  0%| F|  |TAMS 0x0000000620c00000| PB 0x0000000620c00000| Untracked 
|  42|0x0000000621000000, 0x0000000621000000, 0x0000000621400000|  0%| F|  |TAMS 0x0000000621000000| PB 0x0000000621000000| Untracked 
|  43|0x0000000621400000, 0x0000000621400000, 0x0000000621800000|  0%| F|  |TAMS 0x0000000621400000| PB 0x0000000621400000| Untracked 
|  44|0x0000000621800000, 0x0000000621800000, 0x0000000621c00000|  0%| F|  |TAMS 0x0000000621800000| PB 0x0000000621800000| Untracked 
|  45|0x0000000621c00000, 0x0000000621c00000, 0x0000000622000000|  0%| F|  |TAMS 0x0000000621c00000| PB 0x0000000621c00000| Untracked 
|  46|0x0000000622000000, 0x0000000622000000, 0x0000000622400000|  0%| F|  |TAMS 0x0000000622000000| PB 0x0000000622000000| Untracked 
|  47|0x0000000622400000, 0x0000000622400000, 0x0000000622800000|  0%| F|  |TAMS 0x0000000622400000| PB 0x0000000622400000| Untracked 
|  48|0x0000000622800000, 0x0000000622800000, 0x0000000622c00000|  0%| F|  |TAMS 0x0000000622800000| PB 0x0000000622800000| Untracked 
|  49|0x0000000622c00000, 0x0000000622c00000, 0x0000000623000000|  0%| F|  |TAMS 0x0000000622c00000| PB 0x0000000622c00000| Untracked 
|  50|0x0000000623000000, 0x0000000623000000, 0x0000000623400000|  0%| F|  |TAMS 0x0000000623000000| PB 0x0000000623000000| Untracked 
|  51|0x0000000623400000, 0x0000000623400000, 0x0000000623800000|  0%| F|  |TAMS 0x0000000623400000| PB 0x0000000623400000| Untracked 
|  52|0x0000000623800000, 0x0000000623800000, 0x0000000623c00000|  0%| F|  |TAMS 0x0000000623800000| PB 0x0000000623800000| Untracked 
|  53|0x0000000623c00000, 0x0000000623c00000, 0x0000000624000000|  0%| F|  |TAMS 0x0000000623c00000| PB 0x0000000623c00000| Untracked 
|  54|0x0000000624000000, 0x0000000624000000, 0x0000000624400000|  0%| F|  |TAMS 0x0000000624000000| PB 0x0000000624000000| Untracked 
|  55|0x0000000624400000, 0x0000000624400000, 0x0000000624800000|  0%| F|  |TAMS 0x0000000624400000| PB 0x0000000624400000| Untracked 
|  56|0x0000000624800000, 0x0000000624800000, 0x0000000624c00000|  0%| F|  |TAMS 0x0000000624800000| PB 0x0000000624800000| Untracked 
|  57|0x0000000624c00000, 0x0000000624c00000, 0x0000000625000000|  0%| F|  |TAMS 0x0000000624c00000| PB 0x0000000624c00000| Untracked 
|  58|0x0000000625000000, 0x0000000625000000, 0x0000000625400000|  0%| F|  |TAMS 0x0000000625000000| PB 0x0000000625000000| Untracked 
|  59|0x0000000625400000, 0x0000000625400000, 0x0000000625800000|  0%| F|  |TAMS 0x0000000625400000| PB 0x0000000625400000| Untracked 
|  60|0x0000000625800000, 0x0000000625800000, 0x0000000625c00000|  0%| F|  |TAMS 0x0000000625800000| PB 0x0000000625800000| Untracked 
|  61|0x0000000625c00000, 0x0000000625c00000, 0x0000000626000000|  0%| F|  |TAMS 0x0000000625c00000| PB 0x0000000625c00000| Untracked 
|  62|0x0000000626000000, 0x0000000626000000, 0x0000000626400000|  0%| F|  |TAMS 0x0000000626000000| PB 0x0000000626000000| Untracked 
|  63|0x0000000626400000, 0x0000000626400000, 0x0000000626800000|  0%| F|  |TAMS 0x0000000626400000| PB 0x0000000626400000| Untracked 
|  64|0x0000000626800000, 0x0000000626800000, 0x0000000626c00000|  0%| F|  |TAMS 0x0000000626800000| PB 0x0000000626800000| Untracked 
|  65|0x0000000626c00000, 0x0000000626c00000, 0x0000000627000000|  0%| F|  |TAMS 0x0000000626c00000| PB 0x0000000626c00000| Untracked 
|  66|0x0000000627000000, 0x0000000627000000, 0x0000000627400000|  0%| F|  |TAMS 0x0000000627000000| PB 0x0000000627000000| Untracked 
|  67|0x0000000627400000, 0x0000000627400000, 0x0000000627800000|  0%| F|  |TAMS 0x0000000627400000| PB 0x0000000627400000| Untracked 
|  68|0x0000000627800000, 0x0000000627800000, 0x0000000627c00000|  0%| F|  |TAMS 0x0000000627800000| PB 0x0000000627800000| Untracked 
|  69|0x0000000627c00000, 0x0000000627c00000, 0x0000000628000000|  0%| F|  |TAMS 0x0000000627c00000| PB 0x0000000627c00000| Untracked 
|  70|0x0000000628000000, 0x0000000628000000, 0x0000000628400000|  0%| F|  |TAMS 0x0000000628000000| PB 0x0000000628000000| Untracked 
|  71|0x0000000628400000, 0x0000000628400000, 0x0000000628800000|  0%| F|  |TAMS 0x0000000628400000| PB 0x0000000628400000| Untracked 
|  72|0x0000000628800000, 0x0000000628800000, 0x0000000628c00000|  0%| F|  |TAMS 0x0000000628800000| PB 0x0000000628800000| Untracked 
|  73|0x0000000628c00000, 0x0000000628c00000, 0x0000000629000000|  0%| F|  |TAMS 0x0000000628c00000| PB 0x0000000628c00000| Untracked 
|  74|0x0000000629000000, 0x0000000629000000, 0x0000000629400000|  0%| F|  |TAMS 0x0000000629000000| PB 0x0000000629000000| Untracked 
|  75|0x0000000629400000, 0x0000000629400000, 0x0000000629800000|  0%| F|  |TAMS 0x0000000629400000| PB 0x0000000629400000| Untracked 
|  76|0x0000000629800000, 0x0000000629800000, 0x0000000629c00000|  0%| F|  |TAMS 0x0000000629800000| PB 0x0000000629800000| Untracked 
|  77|0x0000000629c00000, 0x0000000629c00000, 0x000000062a000000|  0%| F|  |TAMS 0x0000000629c00000| PB 0x0000000629c00000| Untracked 
|  78|0x000000062a000000, 0x000000062a000000, 0x000000062a400000|  0%| F|  |TAMS 0x000000062a000000| PB 0x000000062a000000| Untracked 
|  79|0x000000062a400000, 0x000000062a400000, 0x000000062a800000|  0%| F|  |TAMS 0x000000062a400000| PB 0x000000062a400000| Untracked 
|  80|0x000000062a800000, 0x000000062a800000, 0x000000062ac00000|  0%| F|  |TAMS 0x000000062a800000| PB 0x000000062a800000| Untracked 
|  81|0x000000062ac00000, 0x000000062ac00000, 0x000000062b000000|  0%| F|  |TAMS 0x000000062ac00000| PB 0x000000062ac00000| Untracked 
|  82|0x000000062b000000, 0x000000062b000000, 0x000000062b400000|  0%| F|  |TAMS 0x000000062b000000| PB 0x000000062b000000| Untracked 
|  83|0x000000062b400000, 0x000000062b400000, 0x000000062b800000|  0%| F|  |TAMS 0x000000062b400000| PB 0x000000062b400000| Untracked 
|  84|0x000000062b800000, 0x000000062b800000, 0x000000062bc00000|  0%| F|  |TAMS 0x000000062b800000| PB 0x000000062b800000| Untracked 
|  85|0x000000062bc00000, 0x000000062bc00000, 0x000000062c000000|  0%| F|  |TAMS 0x000000062bc00000| PB 0x000000062bc00000| Untracked 
|  86|0x000000062c000000, 0x000000062c000000, 0x000000062c400000|  0%| F|  |TAMS 0x000000062c000000| PB 0x000000062c000000| Untracked 
|  87|0x000000062c400000, 0x000000062c400000, 0x000000062c800000|  0%| F|  |TAMS 0x000000062c400000| PB 0x000000062c400000| Untracked 
|  88|0x000000062c800000, 0x000000062c800000, 0x000000062cc00000|  0%| F|  |TAMS 0x000000062c800000| PB 0x000000062c800000| Untracked 
|  89|0x000000062cc00000, 0x000000062cc00000, 0x000000062d000000|  0%| F|  |TAMS 0x000000062cc00000| PB 0x000000062cc00000| Untracked 
|  90|0x000000062d000000, 0x000000062d000000, 0x000000062d400000|  0%| F|  |TAMS 0x000000062d000000| PB 0x000000062d000000| Untracked 
|  91|0x000000062d400000, 0x000000062d400000, 0x000000062d800000|  0%| F|  |TAMS 0x000000062d400000| PB 0x000000062d400000| Untracked 
|  92|0x000000062d800000, 0x000000062d800000, 0x000000062dc00000|  0%| F|  |TAMS 0x000000062d800000| PB 0x000000062d800000| Untracked 
|  93|0x000000062dc00000, 0x000000062dc00000, 0x000000062e000000|  0%| F|  |TAMS 0x000000062dc00000| PB 0x000000062dc00000| Untracked 
|  94|0x000000062e000000, 0x000000062e000000, 0x000000062e400000|  0%| F|  |TAMS 0x000000062e000000| PB 0x000000062e000000| Untracked 
|  95|0x000000062e400000, 0x000000062e400000, 0x000000062e800000|  0%| F|  |TAMS 0x000000062e400000| PB 0x000000062e400000| Untracked 
|  96|0x000000062e800000, 0x000000062e800000, 0x000000062ec00000|  0%| F|  |TAMS 0x000000062e800000| PB 0x000000062e800000| Untracked 
|  97|0x000000062ec00000, 0x000000062ec00000, 0x000000062f000000|  0%| F|  |TAMS 0x000000062ec00000| PB 0x000000062ec00000| Untracked 
|  98|0x000000062f000000, 0x000000062f000000, 0x000000062f400000|  0%| F|  |TAMS 0x000000062f000000| PB 0x000000062f000000| Untracked 
|  99|0x000000062f400000, 0x000000062f400000, 0x000000062f800000|  0%| F|  |TAMS 0x000000062f400000| PB 0x000000062f400000| Untracked 
| 100|0x000000062f800000, 0x000000062f800000, 0x000000062fc00000|  0%| F|  |TAMS 0x000000062f800000| PB 0x000000062f800000| Untracked 
| 101|0x000000062fc00000, 0x000000062fc00000, 0x0000000630000000|  0%| F|  |TAMS 0x000000062fc00000| PB 0x000000062fc00000| Untracked 
| 102|0x0000000630000000, 0x0000000630000000, 0x0000000630400000|  0%| F|  |TAMS 0x0000000630000000| PB 0x0000000630000000| Untracked 
| 103|0x0000000630400000, 0x0000000630400000, 0x0000000630800000|  0%| F|  |TAMS 0x0000000630400000| PB 0x0000000630400000| Untracked 
| 104|0x0000000630800000, 0x0000000630800000, 0x0000000630c00000|  0%| F|  |TAMS 0x0000000630800000| PB 0x0000000630800000| Untracked 
| 105|0x0000000630c00000, 0x0000000630c00000, 0x0000000631000000|  0%| F|  |TAMS 0x0000000630c00000| PB 0x0000000630c00000| Untracked 
| 106|0x0000000631000000, 0x0000000631000000, 0x0000000631400000|  0%| F|  |TAMS 0x0000000631000000| PB 0x0000000631000000| Untracked 
| 107|0x0000000631400000, 0x0000000631400000, 0x0000000631800000|  0%| F|  |TAMS 0x0000000631400000| PB 0x0000000631400000| Untracked 
| 108|0x0000000631800000, 0x0000000631800000, 0x0000000631c00000|  0%| F|  |TAMS 0x0000000631800000| PB 0x0000000631800000| Untracked 
| 109|0x0000000631c00000, 0x0000000631c00000, 0x0000000632000000|  0%| F|  |TAMS 0x0000000631c00000| PB 0x0000000631c00000| Untracked 
| 110|0x0000000632000000, 0x0000000632000000, 0x0000000632400000|  0%| F|  |TAMS 0x0000000632000000| PB 0x0000000632000000| Untracked 
| 111|0x0000000632400000, 0x0000000632400000, 0x0000000632800000|  0%| F|  |TAMS 0x0000000632400000| PB 0x0000000632400000| Untracked 
| 112|0x0000000632800000, 0x0000000632800000, 0x0000000632c00000|  0%| F|  |TAMS 0x0000000632800000| PB 0x0000000632800000| Untracked 
| 113|0x0000000632c00000, 0x0000000632c00000, 0x0000000633000000|  0%| F|  |TAMS 0x0000000632c00000| PB 0x0000000632c00000| Untracked 
| 114|0x0000000633000000, 0x0000000633000000, 0x0000000633400000|  0%| F|  |TAMS 0x0000000633000000| PB 0x0000000633000000| Untracked 
| 115|0x0000000633400000, 0x0000000633400000, 0x0000000633800000|  0%| F|  |TAMS 0x0000000633400000| PB 0x0000000633400000| Untracked 
| 116|0x0000000633800000, 0x0000000633800000, 0x0000000633c00000|  0%| F|  |TAMS 0x0000000633800000| PB 0x0000000633800000| Untracked 
| 117|0x0000000633c00000, 0x0000000633c00000, 0x0000000634000000|  0%| F|  |TAMS 0x0000000633c00000| PB 0x0000000633c00000| Untracked 
| 118|0x0000000634000000, 0x0000000634000000, 0x0000000634400000|  0%| F|  |TAMS 0x0000000634000000| PB 0x0000000634000000| Untracked 
| 119|0x0000000634400000, 0x0000000634400000, 0x0000000634800000|  0%| F|  |TAMS 0x0000000634400000| PB 0x0000000634400000| Untracked 
| 120|0x0000000634800000, 0x0000000634800000, 0x0000000634c00000|  0%| F|  |TAMS 0x0000000634800000| PB 0x0000000634800000| Untracked 
| 121|0x0000000634c00000, 0x0000000634e6b258, 0x0000000635000000| 60%| E|  |TAMS 0x0000000634c00000| PB 0x0000000634c00000| Complete 
| 122|0x0000000635000000, 0x0000000635400000, 0x0000000635400000|100%| E|CS|TAMS 0x0000000635000000| PB 0x0000000635000000| Complete 
|1957|0x00000007ffc00000, 0x00000007ffd0c710, 0x0000000800000000| 26%| O|  |TAMS 0x00000007ffc00000| PB 0x00000007ffc00000| Untracked 

Card table byte_map: [0x00007d51a2600000,0x00007d51a354c000] _byte_map_base: 0x00007d519f54c000

Marking Bits: (CMBitMap*) 0x00007d51bc045e60
 Bits: [0x00007d519aa00000, 0x00007d51a2460000)

Polling page: 0x00007d51c29cb000

Metaspace:

Usage:
  Non-class:      1.73 MB used.
      Class:    139.02 KB used.
       Both:      1.87 MB used.

Virtual space:
  Non-class space:       64.00 MB reserved,       1.81 MB (  3%) committed,  1 nodes.
      Class space:        1.00 GB reserved,     192.00 KB ( <1%) committed,  1 nodes.
             Both:        1.06 GB reserved,       2.00 MB ( <1%) committed. 

Chunk freelists:
   Non-Class:  11.09 MB
       Class:  15.64 MB
        Both:  26.73 MB

MaxMetaspaceSize: unlimited
CompressedClassSpaceSize: 1.00 GB
Initial GC threshold: 21.00 MB
Current GC threshold: 21.00 MB
CDS: on
 - commit_granule_bytes: 65536.
 - commit_granule_words: 8192.
 - virtual_space_node_default_size: 8388608.
 - enlarge_chunks_in_place: 1.
 - use_allocation_guard: 0.


Internal statistics:

num_allocs_failed_limit: 0.
num_arena_births: 62.
num_arena_deaths: 0.
num_vsnodes_births: 2.
num_vsnodes_deaths: 0.
num_space_committed: 32.
num_space_uncommitted: 0.
num_chunks_returned_to_freelist: 0.
num_chunks_taken_from_freelist: 119.
num_chunk_merges: 0.
num_chunk_splits: 74.
num_chunks_enlarged: 41.
num_inconsistent_stats: 0.

CodeHeap 'non-profiled nmethods': size=119168Kb used=140Kb max_used=140Kb free=119027Kb
 bounds [0x00007d51ac3a0000, 0x00007d51ac610000, 0x00007d51b3800000]
CodeHeap 'profiled nmethods': size=119164Kb used=601Kb max_used=601Kb free=118563Kb
 bounds [0x00007d51a4800000, 0x00007d51a4a70000, 0x00007d51abc5f000]
CodeHeap 'non-nmethods': size=7428Kb used=2031Kb max_used=2523Kb free=5396Kb
 bounds [0x00007d51abc5f000, 0x00007d51abedf000, 0x00007d51ac3a0000]
 total_blobs=976 nmethods=411 adapters=470
 compilation: enabled
              stopped_count=0, restarted_count=0
 full_count=0

Compilation events (20 events):
Event: 1.712 Thread 0x00007d510001bb10 nmethod 398 0x00007d51a488e310 code [0x00007d51a488e760, 0x00007d51a48909a0]
Event: 1.712 Thread 0x00007d51bc13d460 nmethod 400 0x00007d51a4891a10 code [0x00007d51a4891c40, 0x00007d51a4892598]
Event: 1.712 Thread 0x00007d51bc13d460  401   !   3       jdk.internal.loader.BuiltinClassLoader::loadClassOrNull (143 bytes)
Event: 1.712 Thread 0x00007d510001bb10  402       3       java.lang.ClassLoader::getClassLoadingLock (35 bytes)
Event: 1.713 Thread 0x00007d510001bb10 nmethod 402 0x00007d51a4892910 code [0x00007d51a4892ac0, 0x00007d51a4892dc0]
Event: 1.713 Thread 0x00007d510001bb10  403       3       java.lang.ClassLoader::findLoadedClass (15 bytes)
Event: 1.713 Thread 0x00007d510001bb10 nmethod 403 0x00007d51a4892f10 code [0x00007d51a48930c0, 0x00007d51a48932a0]
Event: 1.713 Thread 0x00007d510001bb10  404       3       jdk.internal.loader.BuiltinClassLoader::findLoadedModule (33 bytes)
Event: 1.713 Thread 0x00007d510001bb10 nmethod 404 0x00007d51a4893390 code [0x00007d51a48935c0, 0x00007d51a4893bd8]
Event: 1.713 Thread 0x00007d510001bb10  405       3       jdk.internal.loader.BuiltinClassLoader::loadClassOrNull (7 bytes)
Event: 1.713 Thread 0x00007d51bc13d460 nmethod 401 0x00007d51a4893e10 code [0x00007d51a48940e0, 0x00007d51a4894fc0]
Event: 1.713 Thread 0x00007d51bc13d460  407       3       java.util.jar.JarFile::maybeInstantiateVerifier (42 bytes)
Event: 1.713 Thread 0x00007d510001bb10 nmethod 405 0x00007d51a4895610 code [0x00007d51a48957c0, 0x00007d51a4895988]
Event: 1.714 Thread 0x00007d51bc13d460 nmethod 407 0x00007d51a4895a10 code [0x00007d51a4895be0, 0x00007d51a4895f30]
Event: 1.714 Thread 0x00007d510001bb10  408       3       java.util.ArrayDeque::inc (12 bytes)
Event: 1.714 Thread 0x00007d510001bb10 nmethod 408 0x00007d51a4896090 code [0x00007d51a4896220, 0x00007d51a4896338]
Event: 1.715 Thread 0x00007d51bc13d460  409       1       java.net.URLStreamHandler::getDefaultPort (2 bytes)
Event: 1.716 Thread 0x00007d51bc13d460 nmethod 409 0x00007d51ac3c2910 code [0x00007d51ac3c2aa0, 0x00007d51ac3c2b60]
Event: 1.717 Thread 0x00007d51bc13d460  410       1       java.util.Spliterators$IntArraySpliterator::characteristics (5 bytes)
Event: 1.717 Thread 0x00007d51bc13d460 nmethod 410 0x00007d51ac3c3010 code [0x00007d51ac3c31a0, 0x00007d51ac3c3260]

GC Heap History (0 events):
No events

Dll operation events (10 events):
Event: 0.003 Loaded shared library /usr/lib/jvm/java-21-openjdk-amd64/lib/libjava.so
Event: 0.039 Loaded shared library /usr/lib/jvm/java-21-openjdk-amd64/lib/libjsvml.so
Event: 0.047 Loaded shared library /usr/lib/jvm/java-21-openjdk-amd64/lib/libnio.so
Event: 0.054 Loaded shared library /usr/lib/jvm/java-21-openjdk-amd64/lib/libzip.so
Event: 0.106 Loaded shared library /usr/lib/jvm/java-21-openjdk-amd64/lib/libjimage.so
Event: 0.193 Loaded shared library /tmp/libJCublas2-12.0.0-linux-x86_64.so
Event: 1.589 Loaded shared library /tmp/libJCudaRuntime-12.0.0-linux-x86_64.so
Event: 1.627 Loaded shared library /usr/lib/jvm/java-21-openjdk-amd64/lib/libawt.so
Event: 1.631 Loaded shared library /usr/lib/jvm/java-21-openjdk-amd64/lib/libawt_xawt.so
Event: 1.705 Loaded shared library /tmp/libJCudaDriver-12.0.0-linux-x86_64.so

Deoptimization events (20 events):
Event: 0.062 Thread 0x00007d51bc019fc0 DEOPT PACKING pc=0x00007d51a48032cd sp=0x00007d51c0ffcff0
Event: 0.062 Thread 0x00007d51bc019fc0 DEOPT UNPACKING pc=0x00007d51abcb372f sp=0x00007d51c0ffc480 mode 0
Event: 0.062 Thread 0x00007d51bc019fc0 DEOPT PACKING pc=0x00007d51a48032cd sp=0x00007d51c0ffcff0
Event: 0.062 Thread 0x00007d51bc019fc0 DEOPT UNPACKING pc=0x00007d51abcb372f sp=0x00007d51c0ffc480 mode 0
Event: 0.062 Thread 0x00007d51bc019fc0 DEOPT PACKING pc=0x00007d51a48032cd sp=0x00007d51c0ffcff0
Event: 0.062 Thread 0x00007d51bc019fc0 DEOPT UNPACKING pc=0x00007d51abcb372f sp=0x00007d51c0ffc480 mode 0
Event: 0.062 Thread 0x00007d51bc019fc0 DEOPT PACKING pc=0x00007d51a48032cd sp=0x00007d51c0ffcff0
Event: 0.062 Thread 0x00007d51bc019fc0 DEOPT UNPACKING pc=0x00007d51abcb372f sp=0x00007d51c0ffc480 mode 0
Event: 0.062 Thread 0x00007d51bc019fc0 DEOPT PACKING pc=0x00007d51a48032cd sp=0x00007d51c0ffcff0
Event: 0.062 Thread 0x00007d51bc019fc0 DEOPT UNPACKING pc=0x00007d51abcb372f sp=0x00007d51c0ffc480 mode 0
Event: 0.062 Thread 0x00007d51bc019fc0 DEOPT PACKING pc=0x00007d51a48032cd sp=0x00007d51c0ffcff0
Event: 0.062 Thread 0x00007d51bc019fc0 DEOPT UNPACKING pc=0x00007d51abcb372f sp=0x00007d51c0ffc480 mode 0
Event: 0.069 Thread 0x00007d51bc019fc0 Uncommon trap: trap_request=0xffffff45 fr.pc=0x00007d51ac3a50bc relative=0x000000000000017c
Event: 0.069 Thread 0x00007d51bc019fc0 Uncommon trap: reason=unstable_if action=reinterpret pc=0x00007d51ac3a50bc method=java.util.zip.ZipFile$Source.isMetaName([BII)Z @ 43 c2
Event: 0.069 Thread 0x00007d51bc019fc0 DEOPT PACKING pc=0x00007d51ac3a50bc sp=0x00007d51c0ffd1a0
Event: 0.069 Thread 0x00007d51bc019fc0 DEOPT UNPACKING pc=0x00007d51abcb2f99 sp=0x00007d51c0ffd168 mode 2
Event: 1.629 Thread 0x00007d51bc019fc0 Uncommon trap: trap_request=0xffffff45 fr.pc=0x00007d51ac3a432c relative=0x000000000000018c
Event: 1.629 Thread 0x00007d51bc019fc0 Uncommon trap: reason=unstable_if action=reinterpret pc=0x00007d51ac3a432c method=jdk.internal.util.ArraysSupport.vectorizedHashCode(Ljava/lang/Object;IIII)I @ 2 c2
Event: 1.629 Thread 0x00007d51bc019fc0 DEOPT PACKING pc=0x00007d51ac3a432c sp=0x00007d51c0ffaf40
Event: 1.629 Thread 0x00007d51bc019fc0 DEOPT UNPACKING pc=0x00007d51abcb2f99 sp=0x00007d51c0ffaf10 mode 2

Classes loaded (20 events):
Event: 1.628 Loading class java/lang/ProcessEnvironment$ExternalData done
Event: 1.628 Loading class java/lang/ProcessEnvironment$Variable done
Event: 1.628 Loading class java/lang/ProcessImpl
Event: 1.628 Loading class java/lang/Process
Event: 1.628 Loading class java/lang/Process done
Event: 1.628 Loading class java/lang/ProcessImpl done
Event: 1.629 Loading class java/lang/ProcessImpl$LaunchMechanism
Event: 1.629 Loading class java/lang/ProcessImpl$LaunchMechanism done
Event: 1.629 Loading class java/lang/ProcessEnvironment$Value
Event: 1.629 Loading class java/lang/ProcessEnvironment$Value done
Event: 1.629 Loading class java/lang/ProcessEnvironment$StringEnvironment
Event: 1.629 Loading class java/lang/ProcessEnvironment$StringEnvironment done
Event: 1.632 Loading class java/awt/Toolkit$1
Event: 1.632 Loading class java/awt/Toolkit$1 done
Event: 1.643 Loading class java/io/FileNotFoundException
Event: 1.643 Loading class java/io/FileNotFoundException done
Event: 1.696 Loading class java/lang/invoke/DirectMethodHandle$Special
Event: 1.696 Loading class java/lang/invoke/DirectMethodHandle$Special done
Event: 1.716 Loading class java/nio/HeapIntBuffer
Event: 1.716 Loading class java/nio/HeapIntBuffer done

Classes unloaded (0 events):
No events

Classes redefined (0 events):
No events

Internal exceptions (3 events):
Event: 1.598 Thread 0x00007d51bc019fc0 Exception <a 'java/lang/NoSuchMethodError'{0x0000000634c25cc0}: 'void java.lang.invoke.DirectMethodHandle$Holder.invokeStatic(java.lang.Object, java.lang.Object)'> (0x0000000634c25cc0) 
thrown [./src/hotspot/share/interpreter/linkResolver.cpp, line 772]
Event: 1.621 Thread 0x00007d51bc019fc0 Exception <a 'java/lang/ClassNotFoundException'{0x0000000634d0c148}: sun/awt/resources/spi/awtProvider> (0x0000000634d0c148) 
thrown [./src/hotspot/share/classfile/systemDictionary.cpp, line 312]
Event: 1.644 Thread 0x00007d51bc019fc0 Exception <a 'java/io/FileNotFoundException'{0x0000000634d5fda8}> (0x0000000634d5fda8) 
thrown [./src/hotspot/share/prims/jni.cpp, line 520]

ZGC Phase Switch (0 events):
No events

VM Operations (4 events):
Event: 1.029 Executing VM operation: Cleanup
Event: 1.030 Executing VM operation: Cleanup done
Event: 1.644 Executing VM operation: HandshakeAllThreads (Deoptimize)
Event: 1.644 Executing VM operation: HandshakeAllThreads (Deoptimize) done

Memory protections (15 events):
Event: 0.002 Protecting memory [0x00007d51c0f00000,0x00007d51c0f04000] with protection modes 0
Event: 0.036 Protecting memory [0x00007d51933f5000,0x00007d51933f9000] with protection modes 0
Event: 0.036 Protecting memory [0x00007d5192500000,0x00007d5192504000] with protection modes 0
Event: 0.037 Protecting memory [0x00007d5192400000,0x00007d5192404000] with protection modes 0
Event: 0.037 Protecting memory [0x00007d5192300000,0x00007d5192304000] with protection modes 0
Event: 0.037 Protecting memory [0x00007d5192200000,0x00007d5192204000] with protection modes 0
Event: 0.038 Protecting memory [0x00007d5192100000,0x00007d5192104000] with protection modes 0
Event: 0.038 Protecting memory [0x00007d5192000000,0x00007d5192004000] with protection modes 0
Event: 0.044 Protecting memory [0x00007d5191f00000,0x00007d5191f04000] with protection modes 0
Event: 0.046 Protecting memory [0x00007d5191e00000,0x00007d5191e04000] with protection modes 0
Event: 0.051 Protecting memory [0x00007d5191d00000,0x00007d5191d04000] with protection modes 0
Event: 0.051 Protecting memory [0x00007d5191c00000,0x00007d5191c04000] with protection modes 0
Event: 0.063 Protecting memory [0x00007d5191b00000,0x00007d5191b04000] with protection modes 0
Event: 0.063 Protecting memory [0x00007d5191a00000,0x00007d5191a04000] with protection modes 0
Event: 1.600 Protecting memory [0x00007d5191c00000,0x00007d5191c04000] with protection modes 0

Nmethod flushes (0 events):
No events

Events (17 events):
Event: 0.025 Thread 0x00007d51bc019fc0 Thread added: 0x00007d51bc019fc0
Event: 0.036 Thread 0x00007d51bc019fc0 Thread added: 0x00007d51bc1349d0
Event: 0.036 Thread 0x00007d51bc019fc0 Thread added: 0x00007d51bc135e60
Event: 0.037 Thread 0x00007d51bc019fc0 Thread added: 0x00007d51bc137600
Event: 0.037 Thread 0x00007d51bc019fc0 Thread added: 0x00007d51bc138c40
Event: 0.037 Thread 0x00007d51bc019fc0 Thread added: 0x00007d51bc13a1e0
Event: 0.038 Thread 0x00007d51bc019fc0 Thread added: 0x00007d51bc13bda0
Event: 0.038 Thread 0x00007d51bc019fc0 Thread added: 0x00007d51bc13d460
Event: 0.044 Thread 0x00007d51bc019fc0 Thread added: 0x00007d51bc1499a0
Event: 0.046 Thread 0x00007d51bc019fc0 Thread added: 0x00007d51bc14cc30
Event: 0.050 Thread 0x00007d51bc13d460 Thread added: 0x00007d510001bb10
Event: 0.051 Thread 0x00007d51bc13d460 Thread added: 0x00007d510001cce0
Event: 0.063 Thread 0x00007d510001bb10 Thread added: 0x00007d50ec049b00
Event: 0.063 Thread 0x00007d510001bb10 Thread added: 0x00007d50ec04acc0
Event: 1.585 Thread 0x00007d510001cce0 Thread exited: 0x00007d510001cce0
Event: 1.600 Thread 0x00007d51bc019fc0 Thread added: 0x00007d51bd607190
Event: 1.695 Thread 0x00007d50ec04acc0 Thread exited: 0x00007d50ec04acc0


Dynamic libraries:
200000000-200200000 ---p 00000000 00:00 0 
200200000-200400000 rw-s 00000000 00:05 1098                             /dev/nvidia0
200400000-203400000 rw-s 00000000 00:05 1097                             /dev/nvidiactl
203400000-204400000 ---p 00000000 00:00 0 
204400000-204600000 rw-s 00000000 00:05 1097                             /dev/nvidiactl
204600000-204800000 rw-s 00000000 00:05 1097                             /dev/nvidiactl
204800000-204a00000 rw-s 00000000 00:05 1097                             /dev/nvidiactl
204a00000-204c00000 rw-s 204a00000 00:05 1099                            /dev/nvidia-uvm
204c00000-204e00000 rw-s 00000000 00:05 1097                             /dev/nvidiactl
204e00000-205000000 ---p 00000000 00:00 0 
205000000-205200000 rw-s 00000000 00:05 1097                             /dev/nvidiactl
205200000-300200000 ---p 00000000 00:00 0 
616800000-635400000 rw-p 00000000 00:00 0 
635400000-7ffc00000 ---p 00000000 00:00 0 
7ffc00000-7ffd0d000 rw-p 00cd6000 103:02 17173446                        /usr/lib/jvm/java-21-openjdk-amd64/lib/server/classes.jsa
7ffd0d000-800000000 rw-p 00000000 00:00 0 
10000000000-10004000000 ---p 00000000 00:00 0 
58a021d2c000-58a021d2d000 r--p 00000000 103:02 17173371                  /usr/lib/jvm/java-21-openjdk-amd64/bin/java
58a021d2d000-58a021d2e000 r-xp 00001000 103:02 17173371                  /usr/lib/jvm/java-21-openjdk-amd64/bin/java
58a021d2e000-58a021d2f000 r--p 00002000 103:02 17173371                  /usr/lib/jvm/java-21-openjdk-amd64/bin/java
58a021d2f000-58a021d30000 r--p 00002000 103:02 17173371                  /usr/lib/jvm/java-21-openjdk-amd64/bin/java
58a021d30000-58a021d31000 rw-p 00003000 103:02 17173371                  /usr/lib/jvm/java-21-openjdk-amd64/bin/java
58a061257000-58a06129e000 rw-p 00000000 00:00 0                          [heap]
7d507a000000-7d5082000000 ---p 00000000 00:00 0 
7d5084000000-7d5086000000 ---p 00000000 00:00 0 
7d5088000000-7d5088021000 rw-p 00000000 00:00 0 
7d5088021000-7d508c000000 ---p 00000000 00:00 0 
7d5090000000-7d50a0000000 ---p 00000000 00:00 0 
7d50a2000000-7d50a2400000 ---p 00000000 00:00 0 
7d50a2400000-7d50a2600000 rw-s 00000000 00:05 1097                       /dev/nvidiactl
7d50a2600000-7d50a2800000 rw-s 00000000 00:01 17956                      /dev/zero (deleted)
7d50a2800000-7d50a2a00000 rw-s 00000000 00:01 17957                      /dev/zero (deleted)
7d50a2a00000-7d50a3000000 ---p 00000000 00:00 0 
7d50a3000000-7d50a3200000 rw-s 00000000 00:05 1097                       /dev/nvidiactl
7d50a3200000-7d50a3400000 ---p 00000000 00:00 0 
7d50a3400000-7d50a3600000 rw-s 00000000 00:01 17959                      /dev/zero (deleted)
7d50a3600000-7d50a3b33000 rw-s 00000000 00:05 1097                       /dev/nvidiactl
7d50a3b33000-7d50a4000000 ---p 00000000 00:00 0 
7d50a6000000-7d50ac000000 ---p 00000000 00:00 0 
7d50ac000000-7d50ac021000 rw-p 00000000 00:00 0 
7d50ac021000-7d50b0000000 ---p 00000000 00:00 0 
7d50b3800000-7d50cd068000 r-xp 00000000 103:02 17325507                  /usr/local/cuda-12.6/targets/x86_64-linux/lib/libcublasLt.so.12.6.3.3
7d50cd068000-7d50cd268000 ---p 19868000 103:02 17325507                  /usr/local/cuda-12.6/targets/x86_64-linux/lib/libcublasLt.so.12.6.3.3
7d50cd268000-7d50cd4a6000 r--p 19868000 103:02 17325507                  /usr/local/cuda-12.6/targets/x86_64-linux/lib/libcublasLt.so.12.6.3.3
7d50cd4a6000-7d50d0e5a000 rw-p 19aa6000 103:02 17325507                  /usr/local/cuda-12.6/targets/x86_64-linux/lib/libcublasLt.so.12.6.3.3
7d50d0e5a000-7d50d502b000 rw-p 00000000 00:00 0 
7d50d5400000-7d50dbb28000 r-xp 00000000 103:02 17325506                  /usr/local/cuda-12.6/targets/x86_64-linux/lib/libcublas.so.12.6.3.3
7d50dbb28000-7d50dbd28000 ---p 06728000 103:02 17325506                  /usr/local/cuda-12.6/targets/x86_64-linux/lib/libcublas.so.12.6.3.3
7d50dbd28000-7d50dbd34000 r--p 06728000 103:02 17325506                  /usr/local/cuda-12.6/targets/x86_64-linux/lib/libcublas.so.12.6.3.3
7d50dbd34000-7d50dbd3b000 rw-p 06734000 103:02 17325506                  /usr/local/cuda-12.6/targets/x86_64-linux/lib/libcublas.so.12.6.3.3
7d50dbd3b000-7d50dbd47000 rw-p 00000000 00:00 0 
7d50dc000000-7d50dc03f000 rw-p 00000000 00:00 0 
7d50dc03f000-7d50e0000000 ---p 00000000 00:00 0 
7d50e0000000-7d50e0031000 rw-p 00000000 00:00 0 
7d50e0031000-7d50e4000000 ---p 00000000 00:00 0 
7d50e8000000-7d50e802e000 rw-p 00000000 00:00 0 
7d50e802e000-7d50ec000000 ---p 00000000 00:00 0 
7d50ec000000-7d50ec0a3000 rw-p 00000000 00:00 0 
7d50ec0a3000-7d50f0000000 ---p 00000000 00:00 0 
7d50f4000000-7d50f4021000 rw-p 00000000 00:00 0 
7d50f4021000-7d50f8000000 ---p 00000000 00:00 0 
7d50f8000000-7d50f8021000 rw-p 00000000 00:00 0 
7d50f8021000-7d50fc000000 ---p 00000000 00:00 0 
7d5100000000-7d51000a2000 rw-p 00000000 00:00 0 
7d51000a2000-7d5104000000 ---p 00000000 00:00 0 
7d5104000000-7d5104112000 rw-p 00000000 00:00 0 
7d5104112000-7d5108000000 ---p 00000000 00:00 0 
7d510c000000-7d510c021000 rw-p 00000000 00:00 0 
7d510c021000-7d5110000000 ---p 00000000 00:00 0 
7d5110000000-7d5110021000 rw-p 00000000 00:00 0 
7d5110021000-7d5114000000 ---p 00000000 00:00 0 
7d5118000000-7d5118021000 rw-p 00000000 00:00 0 
7d5118021000-7d511c000000 ---p 00000000 00:00 0 
7d511c000000-7d511c021000 rw-p 00000000 00:00 0 
7d511c021000-7d5120000000 ---p 00000000 00:00 0 
7d5124000000-7d5124021000 rw-p 00000000 00:00 0 
7d5124021000-7d5128000000 ---p 00000000 00:00 0 
7d5128000000-7d5128021000 rw-p 00000000 00:00 0 
7d5128021000-7d512c000000 ---p 00000000 00:00 0 
7d5130000000-7d51300e0000 rw-p 00000000 00:00 0 
7d51300e0000-7d5130400000 ---p 00000000 00:00 0 
7d5130400000-7d51304f0000 rw-p 00000000 00:00 0 
7d51304f0000-7d5134000000 ---p 00000000 00:00 0 
7d5134000000-7d5134021000 rw-p 00000000 00:00 0 
7d5134021000-7d5138000000 ---p 00000000 00:00 0 
7d5138e00000-7d5138ee4000 r-xp 00000000 103:02 18219026                  /tmp/libJCudaDriver-12.0.0-linux-x86_64.so
7d5138ee4000-7d51390e4000 ---p 000e4000 103:02 18219026                  /tmp/libJCudaDriver-12.0.0-linux-x86_64.so
7d51390e4000-7d51390e9000 r--p 000e4000 103:02 18219026                  /tmp/libJCudaDriver-12.0.0-linux-x86_64.so
7d51390e9000-7d51390eb000 rw-p 000e9000 103:02 18219026                  /tmp/libJCudaDriver-12.0.0-linux-x86_64.so
7d51390eb000-7d51390ed000 rw-p 00000000 00:00 0 
7d5139400000-7d5139401000 ---p 00000000 00:00 0 
7d5139401000-7d5139c01000 rw-p 00000000 00:00 0 
7d5139e00000-7d5139e01000 rw-s 00000000 00:05 1097                       /dev/nvidiactl
7d5139e01000-7d5139e02000 rw-s 00000000 00:05 1097                       /dev/nvidiactl
7d5139e02000-7d5139e03000 rw-s 00000000 00:05 1097                       /dev/nvidiactl
7d5139e03000-7d5139e04000 rw-s 00000000 00:05 1097                       /dev/nvidiactl
7d5139e04000-7d5139e05000 rw-s 00000000 00:05 1097                       /dev/nvidiactl
7d5139e05000-7d5139e06000 rw-s 00000000 00:05 1097                       /dev/nvidiactl
7d5139e06000-7d5139e07000 rw-s 00000000 00:05 1097                       /dev/nvidiactl
7d5139e07000-7d5139e08000 rw-s 00000000 00:05 1097                       /dev/nvidiactl
7d5139e08000-7d5139e09000 rw-s 00000000 00:05 1097                       /dev/nvidiactl
7d5139e09000-7d5139e0a000 rw-s 00000000 00:05 1097                       /dev/nvidiactl
7d5139e0a000-7d5139e0b000 rw-s 00000000 00:05 1097                       /dev/nvidiactl
7d5139e0b000-7d5139e0c000 rw-s 00000000 00:05 1097                       /dev/nvidiactl
7d5139e0c000-7d5139e0d000 rw-s 00000000 00:05 1097                       /dev/nvidiactl
7d5139e0d000-7d5139e0e000 rw-s 00000000 00:05 1097                       /dev/nvidiactl
7d5139e0e000-7d5139e0f000 rw-s 00000000 00:05 1097                       /dev/nvidiactl
7d5139e0f000-7d5139e10000 rw-s 00000000 00:05 1097                       /dev/nvidiactl
7d5139e10000-7d513ae21000 ---p 00000000 00:00 0 
7d513b000000-7d513bc97000 rw-p 00001000 103:02 17173446                  /usr/lib/jvm/java-21-openjdk-amd64/lib/server/classes.jsa
7d513bc97000-7d513c000000 ---p 00000000 00:00 0 
7d513c000000-7d513c020000 rw-p 00000000 00:00 0 
7d513c020000-7d513c040000 ---p 00000000 00:00 0 
7d513c040000-7d513c050000 rw-p 00000000 00:00 0 
7d513c050000-7d517c000000 ---p 00000000 00:00 0 
7d517c000000-7d517c021000 rw-p 00000000 00:00 0 
7d517c021000-7d5180000000 ---p 00000000 00:00 0 
7d5180000000-7d5180021000 rw-p 00000000 00:00 0 
7d5180021000-7d5184000000 ---p 00000000 00:00 0 
7d5184200000-7d51842c7000 r-xp 00000000 103:02 18219025                  /tmp/libJCudaRuntime-12.0.0-linux-x86_64.so
7d51842c7000-7d51844c7000 ---p 000c7000 103:02 18219025                  /tmp/libJCudaRuntime-12.0.0-linux-x86_64.so
7d51844c7000-7d51844cc000 r--p 000c7000 103:02 18219025                  /tmp/libJCudaRuntime-12.0.0-linux-x86_64.so
7d51844cc000-7d51844cd000 rw-p 000cc000 103:02 18219025                  /tmp/libJCudaRuntime-12.0.0-linux-x86_64.so
7d51844cd000-7d51844cf000 rw-p 00000000 00:00 0 
7d5184800000-7d5184801000 ---p 00000000 00:00 0 
7d5184801000-7d5185001000 rw-p 00000000 00:00 0 
7d5185200000-7d5186221000 ---p 00000000 00:00 0 
7d5186400000-7d51864de000 r--p 00000000 103:02 16527986                  /usr/lib/x86_64-linux-gnu/libcuda.so.550.120
7d51864de000-7d51869b3000 r-xp 000de000 103:02 16527986                  /usr/lib/x86_64-linux-gnu/libcuda.so.550.120
7d51869b3000-7d5187e4f000 r--p 005b3000 103:02 16527986                  /usr/lib/x86_64-linux-gnu/libcuda.so.550.120
7d5187e4f000-7d5187e50000 ---p 01a4f000 103:02 16527986                  /usr/lib/x86_64-linux-gnu/libcuda.so.550.120
7d5187e50000-7d5187e68000 r--p 01a4f000 103:02 16527986                  /usr/lib/x86_64-linux-gnu/libcuda.so.550.120
7d5187e68000-7d5187f63000 rw-p 01a67000 103:02 16527986                  /usr/lib/x86_64-linux-gnu/libcuda.so.550.120
7d5187f63000-7d5187fcc000 rw-p 00000000 00:00 0 
7d5188000000-7d5188021000 rw-p 00000000 00:00 0 
7d5188021000-7d518c000000 ---p 00000000 00:00 0 
7d518c000000-7d518c021000 rw-p 00000000 00:00 0 
7d518c021000-7d5190000000 ---p 00000000 00:00 0 
7d5190400000-7d5190600000 rw-s 00000000 00:01 17958                      /dev/zero (deleted)
7d5190600000-7d519085a000 rw-p 00000000 00:00 0 
7d51908c3000-7d51908dc000 r--p 00000000 103:02 16530316                  /usr/lib/x86_64-linux-gnu/libX11.so.6.4.0
7d51908dc000-7d519096c000 r-xp 00019000 103:02 16530316                  /usr/lib/x86_64-linux-gnu/libX11.so.6.4.0
7d519096c000-7d51909fb000 r--p 000a9000 103:02 16530316                  /usr/lib/x86_64-linux-gnu/libX11.so.6.4.0
7d51909fb000-7d51909fc000 r--p 00138000 103:02 16530316                  /usr/lib/x86_64-linux-gnu/libX11.so.6.4.0
7d51909fc000-7d5190a00000 rw-p 00139000 103:02 16530316                  /usr/lib/x86_64-linux-gnu/libX11.so.6.4.0
7d5190a00000-7d5190a01000 ---p 00000000 00:00 0 
7d5190a01000-7d5191201000 rw-p 00000000 00:00 0 
7d519130d000-7d519132b000 r--p 00000000 103:02 17173412                  /usr/lib/jvm/java-21-openjdk-amd64/lib/libawt.so
7d519132b000-7d51913c2000 r-xp 0001e000 103:02 17173412                  /usr/lib/jvm/java-21-openjdk-amd64/lib/libawt.so
7d51913c2000-7d51913cf000 r--p 000b5000 103:02 17173412                  /usr/lib/jvm/java-21-openjdk-amd64/lib/libawt.so
7d51913cf000-7d51913d0000 r--p 000c1000 103:02 17173412                  /usr/lib/jvm/java-21-openjdk-amd64/lib/libawt.so
7d51913d0000-7d51913db000 rw-p 000c2000 103:02 17173412                  /usr/lib/jvm/java-21-openjdk-amd64/lib/libawt.so
7d51913db000-7d5191400000 rw-p 00000000 00:00 0 
7d5191400000-7d5191538000 r-xp 00000000 103:02 18219019                  /tmp/libJCublas2-12.0.0-linux-x86_64.so
7d5191538000-7d5191738000 ---p 00138000 103:02 18219019                  /tmp/libJCublas2-12.0.0-linux-x86_64.so
7d5191738000-7d519173d000 r--p 00138000 103:02 18219019                  /tmp/libJCublas2-12.0.0-linux-x86_64.so
7d519173d000-7d519173f000 rw-p 0013d000 103:02 18219019                  /tmp/libJCublas2-12.0.0-linux-x86_64.so
7d519173f000-7d5191741000 rw-p 00000000 00:00 0 
7d5191742000-7d5191754000 r--p 00000000 103:02 17173342                  /usr/lib/jvm/java-21-openjdk-amd64/lib/libawt_xawt.so
7d5191754000-7d519179b000 r-xp 00012000 103:02 17173342                  /usr/lib/jvm/java-21-openjdk-amd64/lib/libawt_xawt.so
7d519179b000-7d51917b3000 r--p 00059000 103:02 17173342                  /usr/lib/jvm/java-21-openjdk-amd64/lib/libawt_xawt.so
7d51917b3000-7d51917b8000 r--p 00071000 103:02 17173342                  /usr/lib/jvm/java-21-openjdk-amd64/lib/libawt_xawt.so
7d51917b8000-7d51917ba000 rw-p 00076000 103:02 17173342                  /usr/lib/jvm/java-21-openjdk-amd64/lib/libawt_xawt.so
7d51917ba000-7d5191a00000 rw-p 00000000 00:00 0 
7d5191a00000-7d5191a04000 ---p 00000000 00:00 0 
7d5191a04000-7d5191b00000 rw-p 00000000 00:00 0 
7d5191b00000-7d5191b04000 ---p 00000000 00:00 0 
7d5191b04000-7d5191c00000 rw-p 00000000 00:00 0 
7d5191c00000-7d5191c04000 ---p 00000000 00:00 0 
7d5191c04000-7d5191d00000 rw-p 00000000 00:00 0 
7d5191d00000-7d5191d04000 ---p 00000000 00:00 0 
7d5191d04000-7d5191e00000 rw-p 00000000 00:00 0 
7d5191e00000-7d5191e04000 ---p 00000000 00:00 0 
7d5191e04000-7d5191f00000 rw-p 00000000 00:00 0 
7d5191f00000-7d5191f04000 ---p 00000000 00:00 0 
7d5191f04000-7d5192000000 rw-p 00000000 00:00 0 
7d5192000000-7d5192004000 ---p 00000000 00:00 0 
7d5192004000-7d5192100000 rw-p 00000000 00:00 0 
7d5192100000-7d5192104000 ---p 00000000 00:00 0 
7d5192104000-7d5192200000 rw-p 00000000 00:00 0 
7d5192200000-7d5192204000 ---p 00000000 00:00 0 
7d5192204000-7d5192300000 rw-p 00000000 00:00 0 
7d5192300000-7d5192304000 ---p 00000000 00:00 0 
7d5192304000-7d5192400000 rw-p 00000000 00:00 0 
7d5192400000-7d5192404000 ---p 00000000 00:00 0 
7d5192404000-7d5192500000 rw-p 00000000 00:00 0 
7d5192500000-7d5192504000 ---p 00000000 00:00 0 
7d5192504000-7d5192600000 rw-p 00000000 00:00 0 
7d5192600000-7d51933ec000 r--p 00000000 103:02 16521112                  /usr/lib/locale/locale-archive
7d51933f5000-7d51933f9000 ---p 00000000 00:00 0 
7d51933f9000-7d51934f5000 rw-p 00000000 00:00 0 
7d51934f5000-7d51934f6000 ---p 00000000 00:00 0 
7d51934f6000-7d51935f6000 rw-p 00000000 00:00 0 
7d51935f6000-7d51935f7000 ---p 00000000 00:00 0 
7d51935f7000-7d51936f7000 rw-p 00000000 00:00 0 
7d51936f7000-7d51936f8000 ---p 00000000 00:00 0 
7d51936f8000-7d51937f8000 rw-p 00000000 00:00 0 
7d51937f8000-7d51937f9000 ---p 00000000 00:00 0 
7d51937f9000-7d51938f9000 rw-p 00000000 00:00 0 
7d51938f9000-7d5194021000 rw-p 00000000 00:00 0 
7d5194021000-7d5198000000 ---p 00000000 00:00 0 
7d5198035000-7d5198037000 r--p 00000000 103:02 16530828                  /usr/lib/x86_64-linux-gnu/libmd.so.0.1.0
7d5198037000-7d5198040000 r-xp 00002000 103:02 16530828                  /usr/lib/x86_64-linux-gnu/libmd.so.0.1.0
7d5198040000-7d5198042000 r--p 0000b000 103:02 16530828                  /usr/lib/x86_64-linux-gnu/libmd.so.0.1.0
7d5198042000-7d5198043000 r--p 0000c000 103:02 16530828                  /usr/lib/x86_64-linux-gnu/libmd.so.0.1.0
7d5198043000-7d5198044000 rw-p 0000d000 103:02 16530828                  /usr/lib/x86_64-linux-gnu/libmd.so.0.1.0
7d5198044000-7d5198048000 r--p 00000000 103:02 16530470                  /usr/lib/x86_64-linux-gnu/libbsd.so.0.12.1
7d5198048000-7d5198054000 r-xp 00004000 103:02 16530470                  /usr/lib/x86_64-linux-gnu/libbsd.so.0.12.1
7d5198054000-7d5198057000 r--p 00010000 103:02 16530470                  /usr/lib/x86_64-linux-gnu/libbsd.so.0.12.1
7d5198057000-7d5198058000 r--p 00012000 103:02 16530470                  /usr/lib/x86_64-linux-gnu/libbsd.so.0.12.1
7d5198058000-7d5198059000 rw-p 00013000 103:02 16530470                  /usr/lib/x86_64-linux-gnu/libbsd.so.0.12.1
7d5198059000-7d519a600000 rw-p 00000000 00:00 0 
7d519a603000-7d519a60e000 r--p 00000000 103:02 16531187                  /usr/lib/x86_64-linux-gnu/libxcb.so.1.1.0
7d519a60e000-7d519a621000 r-xp 0000b000 103:02 16531187                  /usr/lib/x86_64-linux-gnu/libxcb.so.1.1.0
7d519a621000-7d519a62a000 r--p 0001e000 103:02 16531187                  /usr/lib/x86_64-linux-gnu/libxcb.so.1.1.0
7d519a62a000-7d519a62b000 r--p 00026000 103:02 16531187                  /usr/lib/x86_64-linux-gnu/libxcb.so.1.1.0
7d519a62b000-7d519a62c000 rw-p 00027000 103:02 16531187                  /usr/lib/x86_64-linux-gnu/libxcb.so.1.1.0
7d519a62c000-7d519a631000 r--p 00000000 103:02 17173429                  /usr/lib/jvm/java-21-openjdk-amd64/lib/libjsvml.so
7d519a631000-7d519a672000 r-xp 00005000 103:02 17173429                  /usr/lib/jvm/java-21-openjdk-amd64/lib/libjsvml.so
7d519a672000-7d519a6fb000 r--p 00046000 103:02 17173429                  /usr/lib/jvm/java-21-openjdk-amd64/lib/libjsvml.so
7d519a6fb000-7d519a6fc000 r--p 000ce000 103:02 17173429                  /usr/lib/jvm/java-21-openjdk-amd64/lib/libjsvml.so
7d519a6fc000-7d519a6fd000 rw-p 000cf000 103:02 17173429                  /usr/lib/jvm/java-21-openjdk-amd64/lib/libjsvml.so
7d519a6fd000-7d519a7fe000 rw-p 00000000 00:00 0 
7d519a7fe000-7d519a7ff000 ---p 00000000 00:00 0 
7d519a7ff000-7d519a8ff000 rw-p 00000000 00:00 0 
7d519a8ff000-7d519a900000 ---p 00000000 00:00 0 
7d519a900000-7d519aa00000 rw-p 00000000 00:00 0 
7d519aa00000-7d519b1b0000 rw-p 00000000 00:00 0 
7d519b1b0000-7d51a2450000 ---p 00000000 00:00 0 
7d51a2450000-7d51a2460000 rw-p 00000000 00:00 0 
7d51a2463000-7d51a2465000 r--p 00000000 103:02 16530323                  /usr/lib/x86_64-linux-gnu/libXdmcp.so.6.0.0
7d51a2465000-7d51a2467000 r-xp 00002000 103:02 16530323                  /usr/lib/x86_64-linux-gnu/libXdmcp.so.6.0.0
7d51a2467000-7d51a2469000 r--p 00004000 103:02 16530323                  /usr/lib/x86_64-linux-gnu/libXdmcp.so.6.0.0
7d51a2469000-7d51a246a000 r--p 00005000 103:02 16530323                  /usr/lib/x86_64-linux-gnu/libXdmcp.so.6.0.0
7d51a246a000-7d51a246b000 rw-p 00006000 103:02 16530323                  /usr/lib/x86_64-linux-gnu/libXdmcp.so.6.0.0
7d51a246b000-7d51a246e000 r--p 00000000 103:02 16530328                  /usr/lib/x86_64-linux-gnu/libXi.so.6.1.0
7d51a246e000-7d51a247a000 r-xp 00003000 103:02 16530328                  /usr/lib/x86_64-linux-gnu/libXi.so.6.1.0
7d51a247a000-7d51a247c000 r--p 0000f000 103:02 16530328                  /usr/lib/x86_64-linux-gnu/libXi.so.6.1.0
7d51a247c000-7d51a247d000 r--p 00011000 103:02 16530328                  /usr/lib/x86_64-linux-gnu/libXi.so.6.1.0
7d51a247d000-7d51a247e000 rw-p 00012000 103:02 16530328                  /usr/lib/x86_64-linux-gnu/libXi.so.6.1.0
7d51a247e000-7d51a24ff000 rw-p 00000000 00:00 0 
7d51a24ff000-7d51a2500000 ---p 00000000 00:00 0 
7d51a2500000-7d51a2600000 rw-p 00000000 00:00 0 
7d51a2600000-7d51a26f6000 rw-p 00000000 00:00 0 
7d51a26f6000-7d51a354a000 ---p 00000000 00:00 0 
7d51a354a000-7d51a354c000 rw-p 00000000 00:00 0 
7d51a354c000-7d51a36f6000 rw-p 00000000 00:00 0 
7d51a36f6000-7d51a454a000 ---p 00000000 00:00 0 
7d51a454a000-7d51a454c000 rw-p 00000000 00:00 0 
7d51a454c000-7d51a454e000 r--p 00000000 103:02 16530337                  /usr/lib/x86_64-linux-gnu/libXtst.so.6.1.0
7d51a454e000-7d51a4551000 r-xp 00002000 103:02 16530337                  /usr/lib/x86_64-linux-gnu/libXtst.so.6.1.0
7d51a4551000-7d51a4552000 r--p 00005000 103:02 16530337                  /usr/lib/x86_64-linux-gnu/libXtst.so.6.1.0
7d51a4552000-7d51a4553000 r--p 00005000 103:02 16530337                  /usr/lib/x86_64-linux-gnu/libXtst.so.6.1.0
7d51a4553000-7d51a4554000 rw-p 00006000 103:02 16530337                  /usr/lib/x86_64-linux-gnu/libXtst.so.6.1.0
7d51a4554000-7d51a4556000 r--p 00000000 103:02 16530334                  /usr/lib/x86_64-linux-gnu/libXrender.so.1.3.0
7d51a4556000-7d51a455d000 r-xp 00002000 103:02 16530334                  /usr/lib/x86_64-linux-gnu/libXrender.so.1.3.0
7d51a455d000-7d51a455e000 r--p 00009000 103:02 16530334                  /usr/lib/x86_64-linux-gnu/libXrender.so.1.3.0
7d51a455e000-7d51a455f000 r--p 00009000 103:02 16530334                  /usr/lib/x86_64-linux-gnu/libXrender.so.1.3.0
7d51a455f000-7d51a4560000 rw-p 0000a000 103:02 16530334                  /usr/lib/x86_64-linux-gnu/libXrender.so.1.3.0
7d51a4560000-7d51a4800000 rw-p 00000000 00:00 0 
7d51a4800000-7d51a4a70000 rwxp 00000000 00:00 0 
7d51a4a70000-7d51abc5f000 ---p 00000000 00:00 0 
7d51abc5f000-7d51abedf000 rwxp 00000000 00:00 0 
7d51abedf000-7d51ac3a0000 ---p 00000000 00:00 0 
7d51ac3a0000-7d51ac610000 rwxp 00000000 00:00 0 
7d51ac610000-7d51b3800000 ---p 00000000 00:00 0 
7d51b3800000-7d51bbe0c000 r--s 00000000 103:02 17173445                  /usr/lib/jvm/java-21-openjdk-amd64/lib/modules
7d51bbe0d000-7d51bbe11000 r--p 00000000 103:02 16530324                  /usr/lib/x86_64-linux-gnu/libXext.so.6.4.0
7d51bbe11000-7d51bbe1c000 r-xp 00004000 103:02 16530324                  /usr/lib/x86_64-linux-gnu/libXext.so.6.4.0
7d51bbe1c000-7d51bbe1f000 r--p 0000f000 103:02 16530324                  /usr/lib/x86_64-linux-gnu/libXext.so.6.4.0
7d51bbe1f000-7d51bbe20000 r--p 00011000 103:02 16530324                  /usr/lib/x86_64-linux-gnu/libXext.so.6.4.0
7d51bbe20000-7d51bbe21000 rw-p 00012000 103:02 16530324                  /usr/lib/x86_64-linux-gnu/libXext.so.6.4.0
7d51bbe21000-7d51bf2a1000 rw-p 00000000 00:00 0 
7d51bf2a1000-7d51c0000000 ---p 00000000 00:00 0 
7d51c0002000-7d51c0a33000 rw-p 00000000 00:00 0 
7d51c0a33000-7d51c0b17000 ---p 00000000 00:00 0 
7d51c0b17000-7d51c0b1c000 rw-p 00000000 00:00 0 
7d51c0b1c000-7d51c0c00000 ---p 00000000 00:00 0 
7d51c0c00000-7d51c0c9d000 r--p 00000000 103:02 16543594                  /usr/lib/x86_64-linux-gnu/libstdc++.so.6.0.33
7d51c0c9d000-7d51c0de5000 r-xp 0009d000 103:02 16543594                  /usr/lib/x86_64-linux-gnu/libstdc++.so.6.0.33
7d51c0de5000-7d51c0e6c000 r--p 001e5000 103:02 16543594                  /usr/lib/x86_64-linux-gnu/libstdc++.so.6.0.33
7d51c0e6c000-7d51c0e77000 r--p 0026b000 103:02 16543594                  /usr/lib/x86_64-linux-gnu/libstdc++.so.6.0.33
7d51c0e77000-7d51c0e7a000 rw-p 00276000 103:02 16543594                  /usr/lib/x86_64-linux-gnu/libstdc++.so.6.0.33
7d51c0e7a000-7d51c0e7e000 rw-p 00000000 00:00 0 
7d51c0e7e000-7d51c0f00000 rw-p 00000000 00:00 0 
7d51c0f00000-7d51c0f04000 ---p 00000000 00:00 0 
7d51c0f04000-7d51c1000000 rw-p 00000000 00:00 0 
7d51c1000000-7d51c12a1000 r--p 00000000 103:02 17173449                  /usr/lib/jvm/java-21-openjdk-amd64/lib/server/libjvm.so
7d51c12a1000-7d51c2111000 r-xp 002a1000 103:02 17173449                  /usr/lib/jvm/java-21-openjdk-amd64/lib/server/libjvm.so
7d51c2111000-7d51c23e5000 r--p 01111000 103:02 17173449                  /usr/lib/jvm/java-21-openjdk-amd64/lib/server/libjvm.so
7d51c23e5000-7d51c24b8000 r--p 013e4000 103:02 17173449                  /usr/lib/jvm/java-21-openjdk-amd64/lib/server/libjvm.so
7d51c24b8000-7d51c24e8000 rw-p 014b7000 103:02 17173449                  /usr/lib/jvm/java-21-openjdk-amd64/lib/server/libjvm.so
7d51c24e8000-7d51c254e000 rw-p 00000000 00:00 0 
7d51c255d000-7d51c2564000 r--s 00000000 103:02 16532226                  /usr/lib/x86_64-linux-gnu/gconv/gconv-modules.cache
7d51c2564000-7d51c2565000 r--p 00000000 103:02 16530540                  /usr/lib/x86_64-linux-gnu/libdl.so.2
7d51c2565000-7d51c2566000 r-xp 00001000 103:02 16530540                  /usr/lib/x86_64-linux-gnu/libdl.so.2
7d51c2566000-7d51c2567000 r--p 00002000 103:02 16530540                  /usr/lib/x86_64-linux-gnu/libdl.so.2
7d51c2567000-7d51c2568000 r--p 00002000 103:02 16530540                  /usr/lib/x86_64-linux-gnu/libdl.so.2
7d51c2568000-7d51c2569000 rw-p 00003000 103:02 16530540                  /usr/lib/x86_64-linux-gnu/libdl.so.2
7d51c2569000-7d51c256a000 r--p 00000000 103:02 16531006                  /usr/lib/x86_64-linux-gnu/librt.so.1
7d51c256a000-7d51c256b000 r-xp 00001000 103:02 16531006                  /usr/lib/x86_64-linux-gnu/librt.so.1
7d51c256b000-7d51c256c000 r--p 00002000 103:02 16531006                  /usr/lib/x86_64-linux-gnu/librt.so.1
7d51c256c000-7d51c256d000 r--p 00002000 103:02 16531006                  /usr/lib/x86_64-linux-gnu/librt.so.1
7d51c256d000-7d51c256e000 rw-p 00003000 103:02 16531006                  /usr/lib/x86_64-linux-gnu/librt.so.1
7d51c256e000-7d51c256f000 r--p 00000000 103:02 16530318                  /usr/lib/x86_64-linux-gnu/libXau.so.6.0.0
7d51c256f000-7d51c2571000 r-xp 00001000 103:02 16530318                  /usr/lib/x86_64-linux-gnu/libXau.so.6.0.0
7d51c2571000-7d51c2572000 r--p 00003000 103:02 16530318                  /usr/lib/x86_64-linux-gnu/libXau.so.6.0.0
7d51c2572000-7d51c2573000 r--p 00003000 103:02 16530318                  /usr/lib/x86_64-linux-gnu/libXau.so.6.0.0
7d51c2573000-7d51c2574000 rw-p 00004000 103:02 16530318                  /usr/lib/x86_64-linux-gnu/libXau.so.6.0.0
7d51c2574000-7d51c2584000 -w-s 00000000 00:05 1098                       /dev/nvidia0
7d51c2584000-7d51c2600000 rw-p 00000000 00:00 0 
7d51c2600000-7d51c2628000 r--p 00000000 103:02 16530474                  /usr/lib/x86_64-linux-gnu/libc.so.6
7d51c2628000-7d51c27b0000 r-xp 00028000 103:02 16530474                  /usr/lib/x86_64-linux-gnu/libc.so.6
7d51c27b0000-7d51c27ff000 r--p 001b0000 103:02 16530474                  /usr/lib/x86_64-linux-gnu/libc.so.6
7d51c27ff000-7d51c2803000 r--p 001fe000 103:02 16530474                  /usr/lib/x86_64-linux-gnu/libc.so.6
7d51c2803000-7d51c2805000 rw-p 00202000 103:02 16530474                  /usr/lib/x86_64-linux-gnu/libc.so.6
7d51c2805000-7d51c2812000 rw-p 00000000 00:00 0 
7d51c2812000-7d51c2813000 r--p 00000000 103:02 16530978                  /usr/lib/x86_64-linux-gnu/libpthread.so.0
7d51c2813000-7d51c2814000 r-xp 00001000 103:02 16530978                  /usr/lib/x86_64-linux-gnu/libpthread.so.0
7d51c2814000-7d51c2815000 r--p 00002000 103:02 16530978                  /usr/lib/x86_64-linux-gnu/libpthread.so.0
7d51c2815000-7d51c2816000 r--p 00002000 103:02 16530978                  /usr/lib/x86_64-linux-gnu/libpthread.so.0
7d51c2816000-7d51c2817000 rw-p 00003000 103:02 16530978                  /usr/lib/x86_64-linux-gnu/libpthread.so.0
7d51c2817000-7d51c2819000 r--p 00000000 103:02 17173444                  /usr/lib/jvm/java-21-openjdk-amd64/lib/libzip.so
7d51c2819000-7d51c281e000 r-xp 00002000 103:02 17173444                  /usr/lib/jvm/java-21-openjdk-amd64/lib/libzip.so
7d51c281e000-7d51c2820000 r--p 00007000 103:02 17173444                  /usr/lib/jvm/java-21-openjdk-amd64/lib/libzip.so
7d51c2820000-7d51c2821000 r--p 00008000 103:02 17173444                  /usr/lib/jvm/java-21-openjdk-amd64/lib/libzip.so
7d51c2821000-7d51c2822000 rw-p 00009000 103:02 17173444                  /usr/lib/jvm/java-21-openjdk-amd64/lib/libzip.so
7d51c2822000-7d51c2825000 r--p 00000000 103:02 17173436                  /usr/lib/jvm/java-21-openjdk-amd64/lib/libnet.so
7d51c2825000-7d51c282d000 r-xp 00003000 103:02 17173436                  /usr/lib/jvm/java-21-openjdk-amd64/lib/libnet.so
7d51c282d000-7d51c282f000 r--p 0000b000 103:02 17173436                  /usr/lib/jvm/java-21-openjdk-amd64/lib/libnet.so
7d51c282f000-7d51c2830000 r--p 0000c000 103:02 17173436                  /usr/lib/jvm/java-21-openjdk-amd64/lib/libnet.so
7d51c2830000-7d51c2831000 rw-p 0000d000 103:02 17173436                  /usr/lib/jvm/java-21-openjdk-amd64/lib/libnet.so
7d51c2831000-7d51c2838000 r--p 00000000 103:02 17173437                  /usr/lib/jvm/java-21-openjdk-amd64/lib/libnio.so
7d51c2838000-7d51c2841000 r-xp 00007000 103:02 17173437                  /usr/lib/jvm/java-21-openjdk-amd64/lib/libnio.so
7d51c2841000-7d51c2845000 r--p 00010000 103:02 17173437                  /usr/lib/jvm/java-21-openjdk-amd64/lib/libnio.so
7d51c2845000-7d51c2846000 r--p 00014000 103:02 17173437                  /usr/lib/jvm/java-21-openjdk-amd64/lib/libnio.so
7d51c2846000-7d51c2847000 rw-p 00015000 103:02 17173437                  /usr/lib/jvm/java-21-openjdk-amd64/lib/libnio.so
7d51c2847000-7d51c284c000 rw-p 00000000 00:00 0 
7d51c284c000-7d51c2856000 ---p 00000000 00:00 0 
7d51c2856000-7d51c2863000 r--p 00000000 103:02 17173422                  /usr/lib/jvm/java-21-openjdk-amd64/lib/libjava.so
7d51c2863000-7d51c2872000 r-xp 0000d000 103:02 17173422                  /usr/lib/jvm/java-21-openjdk-amd64/lib/libjava.so
7d51c2872000-7d51c2877000 r--p 0001c000 103:02 17173422                  /usr/lib/jvm/java-21-openjdk-amd64/lib/libjava.so
7d51c2877000-7d51c2878000 r--p 00021000 103:02 17173422                  /usr/lib/jvm/java-21-openjdk-amd64/lib/libjava.so
7d51c2878000-7d51c2879000 rw-p 00022000 103:02 17173422                  /usr/lib/jvm/java-21-openjdk-amd64/lib/libjava.so
7d51c2879000-7d51c287a000 rw-p 00000000 00:00 0 
7d51c287a000-7d51c287e000 r--p 00000000 103:02 16528598                  /usr/lib/x86_64-linux-gnu/libgcc_s.so.1
7d51c287e000-7d51c28a2000 r-xp 00004000 103:02 16528598                  /usr/lib/x86_64-linux-gnu/libgcc_s.so.1
7d51c28a2000-7d51c28a6000 r--p 00028000 103:02 16528598                  /usr/lib/x86_64-linux-gnu/libgcc_s.so.1
7d51c28a6000-7d51c28a7000 r--p 0002b000 103:02 16528598                  /usr/lib/x86_64-linux-gnu/libgcc_s.so.1
7d51c28a7000-7d51c28a8000 rw-p 0002c000 103:02 16528598                  /usr/lib/x86_64-linux-gnu/libgcc_s.so.1
7d51c28a8000-7d51c28b8000 r--p 00000000 103:02 16530817                  /usr/lib/x86_64-linux-gnu/libm.so.6
7d51c28b8000-7d51c2937000 r-xp 00010000 103:02 16530817                  /usr/lib/x86_64-linux-gnu/libm.so.6
7d51c2937000-7d51c298f000 r--p 0008f000 103:02 16530817                  /usr/lib/x86_64-linux-gnu/libm.so.6
7d51c298f000-7d51c2990000 r--p 000e7000 103:02 16530817                  /usr/lib/x86_64-linux-gnu/libm.so.6
7d51c2990000-7d51c2991000 rw-p 000e8000 103:02 16530817                  /usr/lib/x86_64-linux-gnu/libm.so.6
7d51c2991000-7d51c2993000 rw-p 00000000 00:00 0 
7d51c2993000-7d51c2995000 r--p 00000000 103:02 17173426                  /usr/lib/jvm/java-21-openjdk-amd64/lib/libjli.so
7d51c2995000-7d51c299f000 r-xp 00002000 103:02 17173426                  /usr/lib/jvm/java-21-openjdk-amd64/lib/libjli.so
7d51c299f000-7d51c29a2000 r--p 0000c000 103:02 17173426                  /usr/lib/jvm/java-21-openjdk-amd64/lib/libjli.so
7d51c29a2000-7d51c29a3000 r--p 0000f000 103:02 17173426                  /usr/lib/jvm/java-21-openjdk-amd64/lib/libjli.so
7d51c29a3000-7d51c29a4000 rw-p 00010000 103:02 17173426                  /usr/lib/jvm/java-21-openjdk-amd64/lib/libjli.so
7d51c29a4000-7d51c29a6000 r--p 00000000 103:02 16531205                  /usr/lib/x86_64-linux-gnu/libz.so.1.3
7d51c29a6000-7d51c29b8000 r-xp 00002000 103:02 16531205                  /usr/lib/x86_64-linux-gnu/libz.so.1.3
7d51c29b8000-7d51c29be000 r--p 00014000 103:02 16531205                  /usr/lib/x86_64-linux-gnu/libz.so.1.3
7d51c29be000-7d51c29bf000 r--p 0001a000 103:02 16531205                  /usr/lib/x86_64-linux-gnu/libz.so.1.3
7d51c29bf000-7d51c29c0000 rw-p 0001b000 103:02 16531205                  /usr/lib/x86_64-linux-gnu/libz.so.1.3
7d51c29c3000-7d51c29cb000 rw-s 00000000 103:02 18481318                  /tmp/hsperfdata_dov/43050
7d51c29cb000-7d51c29cc000 ---p 00000000 00:00 0 
7d51c29cc000-7d51c29cd000 r--p 00000000 00:00 0 
7d51c29cd000-7d51c29ce000 ---p 00000000 00:00 0 
7d51c29ce000-7d51c29d0000 r--p 00000000 103:02 17173425                  /usr/lib/jvm/java-21-openjdk-amd64/lib/libjimage.so
7d51c29d0000-7d51c29d3000 r-xp 00002000 103:02 17173425                  /usr/lib/jvm/java-21-openjdk-amd64/lib/libjimage.so
7d51c29d3000-7d51c29d4000 r--p 00005000 103:02 17173425                  /usr/lib/jvm/java-21-openjdk-amd64/lib/libjimage.so
7d51c29d4000-7d51c29d5000 r--p 00006000 103:02 17173425                  /usr/lib/jvm/java-21-openjdk-amd64/lib/libjimage.so
7d51c29d5000-7d51c29d6000 rw-p 00007000 103:02 17173425                  /usr/lib/jvm/java-21-openjdk-amd64/lib/libjimage.so
7d51c29d6000-7d51c29d8000 rw-p 00000000 00:00 0 
7d51c29d8000-7d51c29d9000 r--p 00000000 103:02 16530286                  /usr/lib/x86_64-linux-gnu/ld-linux-x86-64.so.2
7d51c29d9000-7d51c2a04000 r-xp 00001000 103:02 16530286                  /usr/lib/x86_64-linux-gnu/ld-linux-x86-64.so.2
7d51c2a04000-7d51c2a0e000 r--p 0002c000 103:02 16530286                  /usr/lib/x86_64-linux-gnu/ld-linux-x86-64.so.2
7d51c2a0e000-7d51c2a10000 r--p 00036000 103:02 16530286                  /usr/lib/x86_64-linux-gnu/ld-linux-x86-64.so.2
7d51c2a10000-7d51c2a12000 rw-p 00038000 103:02 16530286                  /usr/lib/x86_64-linux-gnu/ld-linux-x86-64.so.2
7fff34618000-7fff34639000 rw-p 00000000 00:00 0                          [stack]
7fff347c0000-7fff347c4000 r--p 00000000 00:00 0                          [vvar]
7fff347c4000-7fff347c6000 r-xp 00000000 00:00 0                          [vdso]
ffffffffff600000-ffffffffff601000 --xp 00000000 00:00 0                  [vsyscall]
Total number of mappings: 385


VM Arguments:
jvm_args: -Dfile.encoding=UTF-8 
java_command: JCudaWrapper.algebra.Eigen
java_class_path (initial): /home/dov/projects/Libraries/commons-math3/commons-math3-3.6.1-javadoc.jar:/home/dov/projects/Libraries/commons-math3/commons-math3-3.6.1-sources.jar:/home/dov/projects/Libraries/commons-math3/commons-math3-3.6.1-test-sources.jar:/home/dov/projects/Libraries/commons-math3/commons-math3-3.6.1-tests.jar:/home/dov/projects/Libraries/commons-math3/commons-math3-3.6.1-tools.jar:/home/dov/projects/Libraries/commons-math3/commons-math3-3.6.1.jar:/home/dov/projects/JCudaWrapper/jcuda12/jcublas-12.0.0.jar:/home/dov/projects/JCudaWrapper/jcuda12/jcublas-natives-12.0.0-linux-x86_64.jar:/home/dov/projects/JCudaWrapper/jcuda12/jcuda-12.0.0.jar:/home/dov/projects/JCudaWrapper/jcuda12/jcuda-natives-12.0.0-linux-x86_64.jar:/home/dov/projects/JCudaWrapper/jcuda12/jcudnn-12.0.0.jar:/home/dov/projects/JCudaWrapper/jcuda12/jcudnn-natives-12.0.0-linux-x86_64.jar:/home/dov/projects/JCudaWrapper/jcuda12/jcufft-12.0.0.jar:/home/dov/projects/JCudaWrapper/jcuda12/jcufft-natives-12.0.0-linux-x86_64.jar:/home/dov/projects/JCudaWrapper/jcuda12/jcurand-12.0.0.jar:/home/dov/projects/JCudaWrapper/jcuda12/jcurand-natives-12.0.0-linux-x86_64.jar:/home/dov/projects/JCudaWrapper/jcuda12/jcusolver-12.0.0.jar:/home/dov/projects/JCudaWrapper/jcuda12/jcusolver-natives-12.0.0-linux-x86_64.jar:/home/dov/projects/JCudaWrapper/jcuda12/jcusparse-12.0.0.jar:/home/dov/projects/JCudaWrapper/jcuda12/jcusparse-natives-12.0.0-linux-x86_64.jar:/home/dov/projects/Libraries/ij.jar:/home/dov/projects/NeighborhoodPIG/build/classes
Launcher Type: SUN_STANDARD

[Global flags]
     intx CICompilerCount                          = 12                                        {product} {ergonomic}
     uint ConcGCThreads                            = 3                                         {product} {ergonomic}
     uint G1ConcRefinementThreads                  = 13                                        {product} {ergonomic}
   size_t G1HeapRegionSize                         = 4194304                                   {product} {ergonomic}
    uintx GCDrainStackTargetSize                   = 64                                        {product} {ergonomic}
   size_t InitialHeapSize                          = 515899392                                 {product} {ergonomic}
   size_t MarkStackSize                            = 4194304                                   {product} {ergonomic}
   size_t MaxHeapSize                              = 8212447232                                {product} {ergonomic}
   size_t MaxNewSize                               = 4924112896                                {product} {ergonomic}
   size_t MinHeapDeltaBytes                        = 4194304                                   {product} {ergonomic}
   size_t MinHeapSize                              = 8388608                                   {product} {ergonomic}
    uintx NonNMethodCodeHeapSize                   = 7602480                                {pd product} {ergonomic}
    uintx NonProfiledCodeHeapSize                  = 122027880                              {pd product} {ergonomic}
    uintx ProfiledCodeHeapSize                     = 122027880                              {pd product} {ergonomic}
    uintx ReservedCodeCacheSize                    = 251658240                              {pd product} {ergonomic}
     bool SegmentedCodeCache                       = true                                      {product} {ergonomic}
   size_t SoftMaxHeapSize                          = 8212447232                             {manageable} {ergonomic}
     bool UseCompressedOops                        = true                           {product lp64_product} {ergonomic}
     bool UseG1GC                                  = true                                      {product} {ergonomic}

Logging:
Log output configuration:
 #0: stdout all=warning uptime,level,tags foldmultilines=false
 #1: stderr all=off uptime,level,tags foldmultilines=false

Environment Variables:
PATH=/usr/local/sbin:/usr/local/bin:/usr/sbin:/usr/bin:/sbin:/bin:/usr/games:/usr/local/games:/snap/bin:/snap/bin
USERNAME=dov
SHELL=/bin/bash
DISPLAY=:1
LANG=en_US.UTF-8

Active Locale:
LC_ALL=en_US.UTF-8
LC_COLLATE=en_US.UTF-8
LC_CTYPE=en_US.UTF-8
LC_MESSAGES=en_US.UTF-8
LC_MONETARY=en_US.UTF-8
LC_NUMERIC=en_US.UTF-8
LC_TIME=en_US.UTF-8

Signal Handlers:
   SIGSEGV: crash_handler in libjvm.so, mask=11100100010111111101111111111110, flags=SA_RESTART|SA_SIGINFO, unblocked
    SIGBUS: crash_handler in libjvm.so, mask=11100100010111111101111111111110, flags=SA_RESTART|SA_SIGINFO, unblocked
    SIGFPE: crash_handler in libjvm.so, mask=11100100010111111101111111111110, flags=SA_RESTART|SA_SIGINFO, unblocked
   SIGPIPE: javaSignalHandler in libjvm.so, mask=11100100010111111101111111111110, flags=SA_RESTART|SA_SIGINFO, blocked
   SIGXFSZ: javaSignalHandler in libjvm.so, mask=11100100010111111101111111111110, flags=SA_RESTART|SA_SIGINFO, blocked
    SIGILL: crash_handler in libjvm.so, mask=11100100010111111101111111111110, flags=SA_RESTART|SA_SIGINFO, unblocked
   SIGUSR2: SR_handler in libjvm.so, mask=00000000000000000000000000000000, flags=SA_RESTART|SA_SIGINFO, blocked
    SIGHUP: UserHandler in libjvm.so, mask=11100100010111111101111111111110, flags=SA_RESTART|SA_SIGINFO, blocked
    SIGINT: SIG_IGN, mask=00000000000000000000000000000000, flags=none, blocked
   SIGTERM: UserHandler in libjvm.so, mask=11100100010111111101111111111110, flags=SA_RESTART|SA_SIGINFO, blocked
   SIGQUIT: UserHandler in libjvm.so, mask=11100100010111111101111111111110, flags=SA_RESTART|SA_SIGINFO, blocked
   SIGTRAP: crash_handler in libjvm.so, mask=11100100010111111101111111111110, flags=SA_RESTART|SA_SIGINFO, unblocked


Periodic native trim disabled

---------------  S Y S T E M  ---------------

OS:
DISTRIB_ID=Ubuntu
DISTRIB_RELEASE=24.04
DISTRIB_CODENAME=noble
DISTRIB_DESCRIPTION="Ubuntu 24.04.1 LTS"
uname: Linux 6.8.0-51-generic #52-Ubuntu SMP PREEMPT_DYNAMIC Thu Dec  5 13:09:44 UTC 2024 x86_64
OS uptime: 1 days 4:50 hours
libc: glibc 2.39 NPTL 2.39 
rlimit (soft/hard): STACK 8192k/infinity , CORE 0k/infinity , NPROC 125013/125013 , NOFILE 1048576/1048576 , AS infinity/infinity , CPU infinity/infinity , DATA infinity/infinity , FSIZE infinity/infinity , MEMLOCK 4009328k/4009328k
load average: 2.35 4.35 2.83

/proc/meminfo:
MemTotal:       32074648 kB
MemFree:        18252040 kB
MemAvailable:   25604364 kB
Buffers:          205200 kB
Cached:          7705532 kB
SwapCached:          120 kB
Active:          6232880 kB
Inactive:        5586132 kB
Active(anon):    4317768 kB
Inactive(anon):    22228 kB
Active(file):    1915112 kB
Inactive(file):  5563904 kB
Unevictable:          32 kB
Mlocked:              32 kB
SwapTotal:       8388604 kB
SwapFree:        8388348 kB
Zswap:                 0 kB
Zswapped:              0 kB
Dirty:               388 kB
Writeback:             0 kB
AnonPages:       3908536 kB
Mapped:          1284080 kB
Shmem:            431748 kB
KReclaimable:     337776 kB
Slab:             677408 kB
SReclaimable:     337776 kB
SUnreclaim:       339632 kB
KernelStack:       19904 kB
PageTables:        49844 kB
SecPageTables:         0 kB
NFS_Unstable:          0 kB
Bounce:                0 kB
WritebackTmp:          0 kB
CommitLimit:    24425928 kB
Committed_AS:   21522028 kB
VmallocTotal:   34359738367 kB
VmallocUsed:      163956 kB
VmallocChunk:          0 kB
Percpu:            19840 kB
HardwareCorrupted:     0 kB
AnonHugePages:         0 kB
ShmemHugePages:        0 kB
ShmemPmdMapped:        0 kB
FileHugePages:         0 kB
FilePmdMapped:         0 kB
Unaccepted:            0 kB
HugePages_Total:       0
HugePages_Free:        0
HugePages_Rsvd:        0
HugePages_Surp:        0
Hugepagesize:       2048 kB
Hugetlb:               0 kB
DirectMap4k:     2494952 kB
DirectMap2M:    26068992 kB
DirectMap1G:     5242880 kB

/sys/kernel/mm/transparent_hugepage/enabled: always [madvise] never
/sys/kernel/mm/transparent_hugepage/hpage_pmd_size: 2097152
/sys/kernel/mm/transparent_hugepage/defrag (defrag/compaction efforts parameter): always defer defer+madvise [madvise] never

Process Memory:
Virtual Size: 16913220K (peak: 16933820K)
Resident Set Size: 322504K (peak: 322504K) (anon: 147724K, file: 166588K, shmem: 8192K)
Swapped out: 0K
C-Heap outstanding allocations: 94198K, retained: 2757K
glibc malloc tunables: (default)

/proc/sys/kernel/threads-max (system-wide limit on the number of threads): 250026
/proc/sys/vm/max_map_count (maximum number of memory map areas a process may have): 1048576
/proc/sys/vm/swappiness (control to define how aggressively the kernel swaps out anonymous memory): 60
/proc/sys/kernel/pid_max (system-wide limit on number of process identifiers): 4194304

container (cgroup) information:
container_type: cgroupv2
cpu_cpuset_cpus: not supported
cpu_memory_nodes: not supported
active_processor_count: 16
cpu_quota: not supported
cpu_period: not supported
cpu_shares: not supported
memory_limit_in_bytes: unlimited
memory_and_swap_limit_in_bytes: unlimited
memory_soft_limit_in_bytes: unlimited
memory_usage_in_bytes: 2707968 k
memory_max_usage_in_bytes: not supported
memory_swap_current_in_bytes: unlimited
memory_swap_max_limit_in_bytes: unlimited
maximum number of tasks: 37503
current number of tasks: 95

Steal ticks since vm start: 0
Steal ticks percentage since vm start:  0.000

CPU: total 16 (initial active 16) (16 cores per cpu, 2 threads per core) family 25 model 68 stepping 1 microcode 0xa404101, cx8, cmov, fxsr, ht, mmx, 3dnowpref, sse, sse2, sse3, ssse3, sse4a, sse4.1, sse4.2, popcnt, lzcnt, tsc, tscinvbit, avx, avx2, aes, clmul, bmi1, bmi2, adx, sha, fma, vzeroupper, clflush, clflushopt, rdtscp, rdpid, f16c, pku, ospke, cet_ss
CPU Model and flags from /proc/cpuinfo:
model name	: AMD Ryzen 9 6900HS with Radeon Graphics
flags		: fpu vme de pse tsc msr pae mce cx8 apic sep mtrr pge mca cmov pat pse36 clflush mmx fxsr sse sse2 ht syscall nx mmxext fxsr_opt pdpe1gb rdtscp lm constant_tsc rep_good nopl nonstop_tsc cpuid extd_apicid aperfmperf rapl pni pclmulqdq monitor ssse3 fma cx16 sse4_1 sse4_2 x2apic movbe popcnt aes xsave avx f16c rdrand lahf_lm cmp_legacy svm extapic cr8_legacy abm sse4a misalignsse 3dnowprefetch osvw ibs skinit wdt tce topoext perfctr_core perfctr_nb bpext perfctr_llc mwaitx cpb cat_l3 cdp_l3 hw_pstate ssbd mba ibrs ibpb stibp vmmcall fsgsbase bmi1 avx2 smep bmi2 invpcid cqm rdt_a rdseed adx smap clflushopt clwb sha_ni xsaveopt xsavec xgetbv1 xsaves cqm_llc cqm_occup_llc cqm_mbm_total cqm_mbm_local user_shstk clzero irperf xsaveerptr rdpru wbnoinvd cppc arat npt lbrv svm_lock nrip_save tsc_scale vmcb_clean flushbyasid decodeassists pausefilter pfthreshold avic v_vmsave_vmload vgif v_spec_ctrl umip pku ospke vaes vpclmulqdq rdpid overflow_recov succor smca debug_swap

Online cpus: 0-15
Offline cpus: 
BIOS frequency limitation: <Not Available>
Frequency switch latency (ns): 0
Available cpu frequencies: <Not Available>
Current governor: powersave
Core performance/turbo boost: <Not Available>

Memory: 4k page, physical 32074648k(25604364k free), swap 8388604k(8388348k free)
Page Sizes: 4k

vm_info: OpenJDK 64-Bit Server VM (21.0.5+11-Ubuntu-1ubuntu124.04) for linux-amd64 JRE (21.0.5+11-Ubuntu-1ubuntu124.04), built on 2024-10-22T07:47:02Z by "buildd" with gcc 13.2.0

END.
