#
# A fatal error has been detected by the Java Runtime Environment:
#
#  SIGSEGV (0xb) at pc=0x0000752801e4b06e, pid=38148, tid=38153
#
# JRE version: OpenJDK Runtime Environment (21.0.4+7) (build 21.0.4+7-Ubuntu-1ubuntu224.04)
# Java VM: OpenJDK 64-Bit Server VM (21.0.4+7-Ubuntu-1ubuntu224.04, mixed mode, sharing, tiered, compressed oops, compressed class ptrs, g1 gc, linux-amd64)
# Problematic frame:
# C  [libcuda.so.1+0x24b06e]
#
# Core dump will be written. Default location: Core dumps may be processed with "/usr/share/apport/apport -p%p -s%s -c%c -d%d -P%P -u%u -g%g -- %E" (or dumping to /home/dov/projects/NeighborhoodPIG/core.38148)
#
# If you would like to submit a bug report, please visit:
#   https://bugs.launchpad.net/ubuntu/+source/openjdk-21
# The crash happened outside the Java Virtual Machine in native code.
# See problematic frame for where to report the bug.
#

---------------  S U M M A R Y ------------

Command Line: -Dfile.encoding=UTF-8 --module-path=/home/dov/projects/NeighborhoodPIG/build/classes main.NeighborhoodPIG

Host: AMD Ryzen 9 6900HS with Radeon Graphics, 16 cores, 30G, Ubuntu 24.04.1 LTS
Time: Thu Oct 31 11:56:36 2024 IST elapsed time: 0.312538 seconds (0d 0h 0m 0s)

---------------  T H R E A D  ---------------

Current thread (0x000075282c01a060):  JavaThread "main"             [_thread_in_native, id=38153, stack(0x0000752832f00000,0x0000752833000000) (1024K)]

Stack: [0x0000752832f00000,0x0000752833000000],  sp=0x0000752832ffe230,  free space=1016k
Native frames: (J=compiled Java code, j=interpreted, Vv=VM code, C=native code)
C  [libcuda.so.1+0x24b06e]
C  [libcuda.so.1+0x24b5f8]
C  [libcuda.so.1+0x2f19c3]
j  jcuda.driver.JCudaDriver.cuStreamSynchronizeNative(Ljcuda/driver/CUstream;)I+0
j  jcuda.driver.JCudaDriver.cuStreamSynchronize(Ljcuda/driver/CUstream;)I+1
j  JCudaWrapper.resourceManagement.Handle.getStream()Ljcuda/runtime/cudaStream_t;+11
j  JCudaWrapper.array.Array.get(LJCudaWrapper/resourceManagement/Handle;Ljcuda/Pointer;III)V+70
j  JCudaWrapper.array.DArray.getIncremented(LJCudaWrapper/resourceManagement/Handle;I)[D+38
j  JCudaWrapper.algebra.Vector.vecGet()[D+12
j  JCudaWrapper.algebra.Matrix.lambda$get$1(I)[D+5
j  JCudaWrapper.algebra.Matrix$$Lambda+0x00007527ac020bc0.apply(I)Ljava/lang/Object;+5
j  java.util.Arrays.setAll([Ljava/lang/Object;Ljava/util/function/IntFunction;)V+17 java.base@21.0.4
j  JCudaWrapper.algebra.Matrix.get()[[D+15
j  main.StructureTensorMatrix.getRGB()[[[D+42
j  main.NeighborhoodPIG.orientationColored(Ljava/lang/String;)V+4
j  main.NeighborhoodPIG.main([Ljava/lang/String;)V+14
v  ~StubRoutines::call_stub 0x000075281bc5fcc6
V  [libjvm.so+0x90841a]  JavaCalls::call_helper(JavaValue*, methodHandle const&, JavaCallArguments*, JavaThread*)+0x2da
V  [libjvm.so+0x9ae72d]  jni_invoke_static(JNIEnv_*, JavaValue*, _jobject*, JNICallType, _jmethodID*, JNI_ArgumentPusher*, JavaThread*) [clone .constprop.1]+0x35d
V  [libjvm.so+0x9b0c7f]  jni_CallStaticVoidMethod+0x12f
C  [libjli.so+0x55be]  JavaMain+0xfde
C  [libjli.so+0x844d]  ThreadJavaMain+0xd
C  [libc.so.6+0x9ca94]
Java frames: (J=compiled Java code, j=interpreted, Vv=VM code)
j  jcuda.driver.JCudaDriver.cuStreamSynchronizeNative(Ljcuda/driver/CUstream;)I+0
j  jcuda.driver.JCudaDriver.cuStreamSynchronize(Ljcuda/driver/CUstream;)I+1
j  JCudaWrapper.resourceManagement.Handle.getStream()Ljcuda/runtime/cudaStream_t;+11
j  JCudaWrapper.array.Array.get(LJCudaWrapper/resourceManagement/Handle;Ljcuda/Pointer;III)V+70
j  JCudaWrapper.array.DArray.getIncremented(LJCudaWrapper/resourceManagement/Handle;I)[D+38
j  JCudaWrapper.algebra.Vector.vecGet()[D+12
j  JCudaWrapper.algebra.Matrix.lambda$get$1(I)[D+5
j  JCudaWrapper.algebra.Matrix$$Lambda+0x00007527ac020bc0.apply(I)Ljava/lang/Object;+5
j  java.util.Arrays.setAll([Ljava/lang/Object;Ljava/util/function/IntFunction;)V+17 java.base@21.0.4
j  JCudaWrapper.algebra.Matrix.get()[[D+15
j  main.StructureTensorMatrix.getRGB()[[[D+42
j  main.NeighborhoodPIG.orientationColored(Ljava/lang/String;)V+4
j  main.NeighborhoodPIG.main([Ljava/lang/String;)V+14
v  ~StubRoutines::call_stub 0x000075281bc5fcc6

siginfo: si_signo: 11 (SIGSEGV), si_code: 2 (SEGV_ACCERR), si_addr: 0x000000075282eb65

Registers:
RAX=0x000075282c5e68c0, RBX=0x0000752832ffe348, RCX=0x0000000000000002, RDX=0x000075282e77d730
RSP=0x0000752832ffe230, RBP=0x0000752832ffe290, RSI=0x0000000000000000, RDI=0x000075282c5e68c0
R8 =0x0000752832ffe2c8, R9 =0x0000000000000000, R10=0x000075282e77d730, R11=0x000000075282e77d
R12=0x0000752832ffe2c8, R13=0x000075282c5e68c0, R14=0x0000752832ffe458, R15=0x000075282c01a060
RIP=0x0000752801e4b06e, EFLAGS=0x0000000000010206, CSGSFS=0x002b000000000033, ERR=0x0000000000000004
  TRAPNO=0x000000000000000e


Register to memory mapping:

RAX=0x000075282c5e68c0 points into unknown readable memory: 0x000075282c5e2290 | 90 22 5e 2c 28 75 00 00
RBX=0x0000752832ffe348 is pointing into the stack for thread: 0x000075282c01a060
RCX=0x0000000000000002 is an unknown value
RDX=0x000075282e77d730 points into unknown readable memory: 0x000000075282e77d | 7d e7 82 52 07 00 00 00
RSP=0x0000752832ffe230 is pointing into the stack for thread: 0x000075282c01a060
RBP=0x0000752832ffe290 is pointing into the stack for thread: 0x000075282c01a060
RSI=0x0 is null
RDI=0x000075282c5e68c0 points into unknown readable memory: 0x000075282c5e2290 | 90 22 5e 2c 28 75 00 00
R8 =0x0000752832ffe2c8 is pointing into the stack for thread: 0x000075282c01a060
R9 =0x0 is null
R10=0x000075282e77d730 points into unknown readable memory: 0x000000075282e77d | 7d e7 82 52 07 00 00 00
R11=0x000000075282e77d is an unallocated location in the heap
R12=0x0000752832ffe2c8 is pointing into the stack for thread: 0x000075282c01a060
R13=0x000075282c5e68c0 points into unknown readable memory: 0x000075282c5e2290 | 90 22 5e 2c 28 75 00 00
R14=0x0000752832ffe458 is pointing into the stack for thread: 0x000075282c01a060
R15=0x000075282c01a060 is a thread

Top of Stack: (sp=0x0000752832ffe230)
0x0000752832ffe230:   0000752832ffe2c8 0000000000000000
0x0000752832ffe240:   000075282c01a060 0000752832ffe2c8
0x0000752832ffe250:   0000752832ffe2b0 00007528343a3f27
0x0000752832ffe260:   0000000000000000 0000752832ffe348
0x0000752832ffe270:   0000000000000000 0000752832ffe340
0x0000752832ffe280:   0000752832ffe458 000075282c01a060
0x0000752832ffe290:   0000752832ffe300 0000752801e4b5f8
0x0000752832ffe2a0:   00007527a040a1d1 0000000000000004
0x0000752832ffe2b0:   00007527a040a6a8 0000000000000000
0x0000752832ffe2c0:   0000000635388598 0000000000000000
0x0000752832ffe2d0:   0000000000000000 00007527a04df2e0
0x0000752832ffe2e0:   000075282e77d730 00007527a04df2e0
0x0000752832ffe2f0:   0000752832ffe458 000075282c01a060
0x0000752832ffe300:   0000752832ffe3d0 0000752801ef19c3
0x0000752832ffe310:   0000752832ffe458 0000000000000032
0x0000752832ffe320:   000003e7000018d2 0000000000000000
0x0000752832ffe330:   0000000000000000 000075282c5e68c0
0x0000752832ffe340:   0000000000000000 0000000000000000
0x0000752832ffe350:   0000752832ffe3b8 0000000000000000
0x0000752832ffe360:   0000000000000000 000000063481b9e0
0x0000752832ffe370:   0000752832ffe370 00007527a0457eea
0x0000752832ffe380:   0000000000000005 00007527a04554a8
0x0000752832ffe390:   0000000000000000 0000000634c01f00
0x0000752832ffe3a0:   00007527a0457f28 0000000000000000
0x0000752832ffe3b0:   000075282c01a418 000075279f43604a
0x0000752832ffe3c0:   000075281bc67180 0000000000000000
0x0000752832ffe3d0:   0000752832ffe438 000075281bc6b9c0
0x0000752832ffe3e0:   000000063481b9e0 0000752832ffe3e8
0x0000752832ffe3f0:   0000752832ffe3f0 0000000000000000
0x0000752832ffe400:   0000000000000004 00007527a04e2ef8
0x0000752832ffe410:   0000000000000000 0000000634fc88d0
0x0000752832ffe420:   00007527a04df2e0 0000000000000000 

Instructions: (pc=0x0000752801e4b06e)
0x0000752801e4af6e:   f6 c2 10 75 ba 83 e2 08 b8 8a 03 00 00 75 da 48
0x0000752801e4af7e:   8b 59 08 4c 8d 63 08 4c 89 e7 e8 23 3a e9 ff 48
0x0000752801e4af8e:   8b 5b 38 48 85 db 74 2d 66 2e 0f 1f 84 00 00 00
0x0000752801e4af9e:   00 00 48 8b bb e8 03 00 00 48 85 ff 74 0b f6 43
0x0000752801e4afae:   50 04 74 05 e8 c9 9a 29 00 48 8b 9b 58 01 00 00
0x0000752801e4afbe:   48 85 db 75 dd 4c 89 e7 e8 15 35 e9 ff b8 8a 03
0x0000752801e4afce:   00 00 eb 85 66 0f 1f 44 00 00 83 f8 02 ba 91 01
0x0000752801e4afde:   00 00 b8 00 00 00 00 5b 0f 44 c2 41 5c 5d c3 0f
0x0000752801e4afee:   1f 00 e8 8b 9a 29 00 b8 84 03 00 00 e9 58 ff ff
0x0000752801e4affe:   ff 90 55 48 89 e5 41 57 41 56 41 55 49 89 fd 41
0x0000752801e4b00e:   54 4d 89 c4 53 48 83 ec 38 49 c7 00 00 00 00 00
0x0000752801e4b01e:   48 85 f6 0f 84 b9 00 00 00 44 8b 0e 41 ba 00 00
0x0000752801e4b02e:   00 00 48 89 f3 45 85 c9 4c 0f 45 d6 48 83 fa 02
0x0000752801e4b03e:   77 20 48 85 d2 74 5b 48 83 fa 02 0f 85 81 00 00
0x0000752801e4b04e:   00 4d 85 d2 0f 84 a8 00 00 00 41 b8 90 01 00 00
0x0000752801e4b05e:   eb 28 4c 8b 1a 4d 85 db 74 f0 49 39 5b 10 75 ea
0x0000752801e4b06e:   49 83 bb e8 03 00 00 00 75 09 4d 85 ed 0f 85 57
0x0000752801e4b07e:   01 00 00 4d 89 1c 24 45 31 c0 48 8d 65 d8 44 89
0x0000752801e4b08e:   c0 5b 41 5c 41 5d 41 5e 41 5f 5d c3 66 0f 1f 44
0x0000752801e4b09e:   00 00 83 f9 02 0f 84 27 02 00 00 83 f9 03 0f 84
0x0000752801e4b0ae:   06 02 00 00 83 f9 01 0f 84 e5 01 00 00 0f b6 05
0x0000752801e4b0be:   66 ac 91 01 c0 e8 03 83 e0 01 84 c0 0f 85 7f ff
0x0000752801e4b0ce:   ff ff 4d 85 d2 0f 84 ef 00 00 00 4d 8b 5a 68 eb
0x0000752801e4b0de:   84 90 48 83 fa 02 0f 86 6e ff ff ff 4c 8b 1a 4d
0x0000752801e4b0ee:   85 db 0f 85 78 ff ff ff e9 5d ff ff ff 0f 1f 44
0x0000752801e4b0fe:   00 00 4d 8b 5d 18 4d 85 db 74 0d 8b 43 38 41 39
0x0000752801e4b10e:   45 20 0f 84 9f 00 00 00 4c 8d b3 a0 03 00 00 4c
0x0000752801e4b11e:   89 55 a8 4d 8b 7d 10 4c 89 f7 e8 83 38 e9 ff 4c
0x0000752801e4b12e:   8b 9b c8 03 00 00 45 31 c0 4c 89 fe 4c 89 c2 41
0x0000752801e4b13e:   8b 3b 4c 89 5d b0 89 7d b8 e8 14 72 0d 00 4c 8b
0x0000752801e4b14e:   5d b0 48 83 ec 08 8b 7d b8 45 31 c0 41 89 c1 4c
0x0000752801e4b15e:   89 f9 49 8b 53 10 41 8b 73 0c 6a 00 e8 21 ee 2a 


Stack slot to memory mapping:

stack at sp + 0 slots: 0x0000752832ffe2c8 is pointing into the stack for thread: 0x000075282c01a060
stack at sp + 1 slots: 0x0 is null
stack at sp + 2 slots: 0x000075282c01a060 is a thread
stack at sp + 3 slots: 0x0000752832ffe2c8 is pointing into the stack for thread: 0x000075282c01a060
stack at sp + 4 slots: 0x0000752832ffe2b0 is pointing into the stack for thread: 0x000075282c01a060
stack at sp + 5 slots: 0x00007528343a3f27: <offset 0x0000000000fa3f27> in /usr/lib/jvm/java-21-openjdk-amd64/lib/server/libjvm.so at 0x0000752833400000
stack at sp + 6 slots: 0x0 is null
stack at sp + 7 slots: 0x0000752832ffe348 is pointing into the stack for thread: 0x000075282c01a060


---------------  P R O C E S S  ---------------

Threads class SMR info:
_java_thread_list=0x000075282d532160, length=14, elements={
0x000075282c01a060, 0x000075282c138d50, 0x000075282c13a3e0, 0x000075282c13beb0,
0x000075282c13d500, 0x000075282c13eab0, 0x000075282c140680, 0x000075282c141d50,
0x000075282c160ea0, 0x0000752770056b20, 0x0000752770057cd0, 0x000075282c19c820,
0x000075282d50eb30, 0x000075282d531820
}

Java Threads: ( => current thread )
=>0x000075282c01a060 JavaThread "main"                              [_thread_in_native, id=38153, stack(0x0000752832f00000,0x0000752833000000) (1024K)]
  0x000075282c138d50 JavaThread "Reference Handler"          daemon [_thread_blocked, id=38161, stack(0x00007528097fd000,0x00007528098fd000) (1024K)]
  0x000075282c13a3e0 JavaThread "Finalizer"                  daemon [_thread_blocked, id=38162, stack(0x0000752808900000,0x0000752808a00000) (1024K)]
  0x000075282c13beb0 JavaThread "Signal Dispatcher"          daemon [_thread_blocked, id=38163, stack(0x0000752808800000,0x0000752808900000) (1024K)]
  0x000075282c13d500 JavaThread "Service Thread"             daemon [_thread_blocked, id=38164, stack(0x0000752808700000,0x0000752808800000) (1024K)]
  0x000075282c13eab0 JavaThread "Monitor Deflation Thread"   daemon [_thread_blocked, id=38165, stack(0x0000752808600000,0x0000752808700000) (1024K)]
  0x000075282c140680 JavaThread "C2 CompilerThread0"         daemon [_thread_blocked, id=38166, stack(0x0000752808500000,0x0000752808600000) (1024K)]
  0x000075282c141d50 JavaThread "C1 CompilerThread0"         daemon [_thread_blocked, id=38167, stack(0x0000752808400000,0x0000752808500000) (1024K)]
  0x000075282c160ea0 JavaThread "Common-Cleaner"             daemon [_thread_blocked, id=38168, stack(0x0000752808300000,0x0000752808400000) (1024K)]
  0x0000752770056b20 JavaThread "C1 CompilerThread1"         daemon [_thread_blocked, id=38169, stack(0x0000752808200000,0x0000752808300000) (1024K)]
  0x0000752770057cd0 JavaThread "C1 CompilerThread2"         daemon [_thread_blocked, id=38170, stack(0x0000752808100000,0x0000752808200000) (1024K)]
  0x000075282c19c820 JavaThread "Notification Thread"        daemon [_thread_blocked, id=38172, stack(0x0000752803f00000,0x0000752804000000) (1024K)]
  0x000075282d50eb30 JavaThread "pool-1-thread-1"            daemon [_thread_blocked, id=38177, stack(0x0000752808000000,0x0000752808100000) (1024K)]
  0x000075282d531820 JavaThread "Java2D Disposer"            daemon [_thread_blocked, id=38178, stack(0x0000752803e00000,0x0000752803f00000) (1024K)]
Total: 14

Other Threads:
  0x000075282c12ba00 VMThread "VM Thread"                           [id=38160, stack(0x00007528098fe000,0x00007528099fe000) (1024K)]
  0x000075282c111250 WatcherThread "VM Periodic Task Thread"        [id=38159, stack(0x00007528099ff000,0x0000752809aff000) (1024K)]
  0x000075282c045400 WorkerThread "GC Thread#0"                     [id=38154, stack(0x0000752830f00000,0x0000752831000000) (1024K)]
  0x000075282c055f00 ConcurrentGCThread "G1 Main Marker"            [id=38155, stack(0x0000752830dff000,0x0000752830eff000) (1024K)]
  0x000075282c056eb0 WorkerThread "G1 Conc#0"                       [id=38156, stack(0x0000752830cfe000,0x0000752830dfe000) (1024K)]
  0x000075282c0feac0 ConcurrentGCThread "G1 Refine#0"               [id=38157, stack(0x0000752813700000,0x0000752813800000) (1024K)]
  0x000075282c0ffa80 ConcurrentGCThread "G1 Service"                [id=38158, stack(0x0000752809b00000,0x0000752809c00000) (1024K)]
Total: 7

Threads with active compile tasks:
Total: 0

VM state: not at safepoint (normal execution)

VM Mutex/Monitor currently owned by a thread: None

Heap address: 0x0000000616800000, size: 7832 MB, Compressed Oops mode: Zero based, Oop shift amount: 3

CDS archive(s) mapped at: [0x00007527ab000000-0x00007527abcae000-0x00007527abcae000), size 13295616, SharedBaseAddress: 0x00007527ab000000, ArchiveRelocationMode: 1.
Compressed class space mapped at: 0x00007527ac000000-0x00007527ec000000, reserved size: 1073741824
Narrow klass base: 0x00007527ab000000, Narrow klass shift: 0, Narrow klass range: 0x100000000

GC Precious Log:
 CardTable entry size: 512
 Card Set container configuration: InlinePtr #cards 4 size 8 Array Of Cards #cards 32 size 80 Howl #buckets 8 coarsen threshold 7372 Howl Bitmap #cards 1024 size 144 coarsen threshold 921 Card regions per heap region 1 cards per card region 8192
 CPUs: 16 total, 16 available
 Memory: 31322M
 Large Page Support: Disabled
 NUMA Support: Disabled
 Compressed Oops: Enabled (Zero based)
 Heap Region Size: 4M
 Heap Min Capacity: 8M
 Heap Initial Capacity: 492M
 Heap Max Capacity: 7832M
 Pre-touch: Disabled
 Parallel Workers: 13
 Concurrent Workers: 3
 Concurrent Refinement Workers: 13
 Periodic GC: Disabled

Heap:
 garbage-first heap   total 507904K, used 9246K [0x0000000616800000, 0x0000000800000000)
  region size 4096K, 3 young (12288K), 0 survivors (0K)
 Metaspace       used 3365K, committed 3520K, reserved 1114112K
  class space    used 289K, committed 384K, reserved 1048576K

Heap Regions: E=young(eden), S=young(survivor), O=old, HS=humongous(starts), HC=humongous(continues), CS=collection set, F=free, TAMS=top-at-mark-start, PB=parsable bottom
|   0|0x0000000616800000, 0x0000000616800000, 0x0000000616c00000|  0%| F|  |TAMS 0x0000000616800000| PB 0x0000000616800000| Untracked 
|   1|0x0000000616c00000, 0x0000000616c00000, 0x0000000617000000|  0%| F|  |TAMS 0x0000000616c00000| PB 0x0000000616c00000| Untracked 
|   2|0x0000000617000000, 0x0000000617000000, 0x0000000617400000|  0%| F|  |TAMS 0x0000000617000000| PB 0x0000000617000000| Untracked 
|   3|0x0000000617400000, 0x0000000617400000, 0x0000000617800000|  0%| F|  |TAMS 0x0000000617400000| PB 0x0000000617400000| Untracked 
|   4|0x0000000617800000, 0x0000000617800000, 0x0000000617c00000|  0%| F|  |TAMS 0x0000000617800000| PB 0x0000000617800000| Untracked 
|   5|0x0000000617c00000, 0x0000000617c00000, 0x0000000618000000|  0%| F|  |TAMS 0x0000000617c00000| PB 0x0000000617c00000| Untracked 
|   6|0x0000000618000000, 0x0000000618000000, 0x0000000618400000|  0%| F|  |TAMS 0x0000000618000000| PB 0x0000000618000000| Untracked 
|   7|0x0000000618400000, 0x0000000618400000, 0x0000000618800000|  0%| F|  |TAMS 0x0000000618400000| PB 0x0000000618400000| Untracked 
|   8|0x0000000618800000, 0x0000000618800000, 0x0000000618c00000|  0%| F|  |TAMS 0x0000000618800000| PB 0x0000000618800000| Untracked 
|   9|0x0000000618c00000, 0x0000000618c00000, 0x0000000619000000|  0%| F|  |TAMS 0x0000000618c00000| PB 0x0000000618c00000| Untracked 
|  10|0x0000000619000000, 0x0000000619000000, 0x0000000619400000|  0%| F|  |TAMS 0x0000000619000000| PB 0x0000000619000000| Untracked 
|  11|0x0000000619400000, 0x0000000619400000, 0x0000000619800000|  0%| F|  |TAMS 0x0000000619400000| PB 0x0000000619400000| Untracked 
|  12|0x0000000619800000, 0x0000000619800000, 0x0000000619c00000|  0%| F|  |TAMS 0x0000000619800000| PB 0x0000000619800000| Untracked 
|  13|0x0000000619c00000, 0x0000000619c00000, 0x000000061a000000|  0%| F|  |TAMS 0x0000000619c00000| PB 0x0000000619c00000| Untracked 
|  14|0x000000061a000000, 0x000000061a000000, 0x000000061a400000|  0%| F|  |TAMS 0x000000061a000000| PB 0x000000061a000000| Untracked 
|  15|0x000000061a400000, 0x000000061a400000, 0x000000061a800000|  0%| F|  |TAMS 0x000000061a400000| PB 0x000000061a400000| Untracked 
|  16|0x000000061a800000, 0x000000061a800000, 0x000000061ac00000|  0%| F|  |TAMS 0x000000061a800000| PB 0x000000061a800000| Untracked 
|  17|0x000000061ac00000, 0x000000061ac00000, 0x000000061b000000|  0%| F|  |TAMS 0x000000061ac00000| PB 0x000000061ac00000| Untracked 
|  18|0x000000061b000000, 0x000000061b000000, 0x000000061b400000|  0%| F|  |TAMS 0x000000061b000000| PB 0x000000061b000000| Untracked 
|  19|0x000000061b400000, 0x000000061b400000, 0x000000061b800000|  0%| F|  |TAMS 0x000000061b400000| PB 0x000000061b400000| Untracked 
|  20|0x000000061b800000, 0x000000061b800000, 0x000000061bc00000|  0%| F|  |TAMS 0x000000061b800000| PB 0x000000061b800000| Untracked 
|  21|0x000000061bc00000, 0x000000061bc00000, 0x000000061c000000|  0%| F|  |TAMS 0x000000061bc00000| PB 0x000000061bc00000| Untracked 
|  22|0x000000061c000000, 0x000000061c000000, 0x000000061c400000|  0%| F|  |TAMS 0x000000061c000000| PB 0x000000061c000000| Untracked 
|  23|0x000000061c400000, 0x000000061c400000, 0x000000061c800000|  0%| F|  |TAMS 0x000000061c400000| PB 0x000000061c400000| Untracked 
|  24|0x000000061c800000, 0x000000061c800000, 0x000000061cc00000|  0%| F|  |TAMS 0x000000061c800000| PB 0x000000061c800000| Untracked 
|  25|0x000000061cc00000, 0x000000061cc00000, 0x000000061d000000|  0%| F|  |TAMS 0x000000061cc00000| PB 0x000000061cc00000| Untracked 
|  26|0x000000061d000000, 0x000000061d000000, 0x000000061d400000|  0%| F|  |TAMS 0x000000061d000000| PB 0x000000061d000000| Untracked 
|  27|0x000000061d400000, 0x000000061d400000, 0x000000061d800000|  0%| F|  |TAMS 0x000000061d400000| PB 0x000000061d400000| Untracked 
|  28|0x000000061d800000, 0x000000061d800000, 0x000000061dc00000|  0%| F|  |TAMS 0x000000061d800000| PB 0x000000061d800000| Untracked 
|  29|0x000000061dc00000, 0x000000061dc00000, 0x000000061e000000|  0%| F|  |TAMS 0x000000061dc00000| PB 0x000000061dc00000| Untracked 
|  30|0x000000061e000000, 0x000000061e000000, 0x000000061e400000|  0%| F|  |TAMS 0x000000061e000000| PB 0x000000061e000000| Untracked 
|  31|0x000000061e400000, 0x000000061e400000, 0x000000061e800000|  0%| F|  |TAMS 0x000000061e400000| PB 0x000000061e400000| Untracked 
|  32|0x000000061e800000, 0x000000061e800000, 0x000000061ec00000|  0%| F|  |TAMS 0x000000061e800000| PB 0x000000061e800000| Untracked 
|  33|0x000000061ec00000, 0x000000061ec00000, 0x000000061f000000|  0%| F|  |TAMS 0x000000061ec00000| PB 0x000000061ec00000| Untracked 
|  34|0x000000061f000000, 0x000000061f000000, 0x000000061f400000|  0%| F|  |TAMS 0x000000061f000000| PB 0x000000061f000000| Untracked 
|  35|0x000000061f400000, 0x000000061f400000, 0x000000061f800000|  0%| F|  |TAMS 0x000000061f400000| PB 0x000000061f400000| Untracked 
|  36|0x000000061f800000, 0x000000061f800000, 0x000000061fc00000|  0%| F|  |TAMS 0x000000061f800000| PB 0x000000061f800000| Untracked 
|  37|0x000000061fc00000, 0x000000061fc00000, 0x0000000620000000|  0%| F|  |TAMS 0x000000061fc00000| PB 0x000000061fc00000| Untracked 
|  38|0x0000000620000000, 0x0000000620000000, 0x0000000620400000|  0%| F|  |TAMS 0x0000000620000000| PB 0x0000000620000000| Untracked 
|  39|0x0000000620400000, 0x0000000620400000, 0x0000000620800000|  0%| F|  |TAMS 0x0000000620400000| PB 0x0000000620400000| Untracked 
|  40|0x0000000620800000, 0x0000000620800000, 0x0000000620c00000|  0%| F|  |TAMS 0x0000000620800000| PB 0x0000000620800000| Untracked 
|  41|0x0000000620c00000, 0x0000000620c00000, 0x0000000621000000|  0%| F|  |TAMS 0x0000000620c00000| PB 0x0000000620c00000| Untracked 
|  42|0x0000000621000000, 0x0000000621000000, 0x0000000621400000|  0%| F|  |TAMS 0x0000000621000000| PB 0x0000000621000000| Untracked 
|  43|0x0000000621400000, 0x0000000621400000, 0x0000000621800000|  0%| F|  |TAMS 0x0000000621400000| PB 0x0000000621400000| Untracked 
|  44|0x0000000621800000, 0x0000000621800000, 0x0000000621c00000|  0%| F|  |TAMS 0x0000000621800000| PB 0x0000000621800000| Untracked 
|  45|0x0000000621c00000, 0x0000000621c00000, 0x0000000622000000|  0%| F|  |TAMS 0x0000000621c00000| PB 0x0000000621c00000| Untracked 
|  46|0x0000000622000000, 0x0000000622000000, 0x0000000622400000|  0%| F|  |TAMS 0x0000000622000000| PB 0x0000000622000000| Untracked 
|  47|0x0000000622400000, 0x0000000622400000, 0x0000000622800000|  0%| F|  |TAMS 0x0000000622400000| PB 0x0000000622400000| Untracked 
|  48|0x0000000622800000, 0x0000000622800000, 0x0000000622c00000|  0%| F|  |TAMS 0x0000000622800000| PB 0x0000000622800000| Untracked 
|  49|0x0000000622c00000, 0x0000000622c00000, 0x0000000623000000|  0%| F|  |TAMS 0x0000000622c00000| PB 0x0000000622c00000| Untracked 
|  50|0x0000000623000000, 0x0000000623000000, 0x0000000623400000|  0%| F|  |TAMS 0x0000000623000000| PB 0x0000000623000000| Untracked 
|  51|0x0000000623400000, 0x0000000623400000, 0x0000000623800000|  0%| F|  |TAMS 0x0000000623400000| PB 0x0000000623400000| Untracked 
|  52|0x0000000623800000, 0x0000000623800000, 0x0000000623c00000|  0%| F|  |TAMS 0x0000000623800000| PB 0x0000000623800000| Untracked 
|  53|0x0000000623c00000, 0x0000000623c00000, 0x0000000624000000|  0%| F|  |TAMS 0x0000000623c00000| PB 0x0000000623c00000| Untracked 
|  54|0x0000000624000000, 0x0000000624000000, 0x0000000624400000|  0%| F|  |TAMS 0x0000000624000000| PB 0x0000000624000000| Untracked 
|  55|0x0000000624400000, 0x0000000624400000, 0x0000000624800000|  0%| F|  |TAMS 0x0000000624400000| PB 0x0000000624400000| Untracked 
|  56|0x0000000624800000, 0x0000000624800000, 0x0000000624c00000|  0%| F|  |TAMS 0x0000000624800000| PB 0x0000000624800000| Untracked 
|  57|0x0000000624c00000, 0x0000000624c00000, 0x0000000625000000|  0%| F|  |TAMS 0x0000000624c00000| PB 0x0000000624c00000| Untracked 
|  58|0x0000000625000000, 0x0000000625000000, 0x0000000625400000|  0%| F|  |TAMS 0x0000000625000000| PB 0x0000000625000000| Untracked 
|  59|0x0000000625400000, 0x0000000625400000, 0x0000000625800000|  0%| F|  |TAMS 0x0000000625400000| PB 0x0000000625400000| Untracked 
|  60|0x0000000625800000, 0x0000000625800000, 0x0000000625c00000|  0%| F|  |TAMS 0x0000000625800000| PB 0x0000000625800000| Untracked 
|  61|0x0000000625c00000, 0x0000000625c00000, 0x0000000626000000|  0%| F|  |TAMS 0x0000000625c00000| PB 0x0000000625c00000| Untracked 
|  62|0x0000000626000000, 0x0000000626000000, 0x0000000626400000|  0%| F|  |TAMS 0x0000000626000000| PB 0x0000000626000000| Untracked 
|  63|0x0000000626400000, 0x0000000626400000, 0x0000000626800000|  0%| F|  |TAMS 0x0000000626400000| PB 0x0000000626400000| Untracked 
|  64|0x0000000626800000, 0x0000000626800000, 0x0000000626c00000|  0%| F|  |TAMS 0x0000000626800000| PB 0x0000000626800000| Untracked 
|  65|0x0000000626c00000, 0x0000000626c00000, 0x0000000627000000|  0%| F|  |TAMS 0x0000000626c00000| PB 0x0000000626c00000| Untracked 
|  66|0x0000000627000000, 0x0000000627000000, 0x0000000627400000|  0%| F|  |TAMS 0x0000000627000000| PB 0x0000000627000000| Untracked 
|  67|0x0000000627400000, 0x0000000627400000, 0x0000000627800000|  0%| F|  |TAMS 0x0000000627400000| PB 0x0000000627400000| Untracked 
|  68|0x0000000627800000, 0x0000000627800000, 0x0000000627c00000|  0%| F|  |TAMS 0x0000000627800000| PB 0x0000000627800000| Untracked 
|  69|0x0000000627c00000, 0x0000000627c00000, 0x0000000628000000|  0%| F|  |TAMS 0x0000000627c00000| PB 0x0000000627c00000| Untracked 
|  70|0x0000000628000000, 0x0000000628000000, 0x0000000628400000|  0%| F|  |TAMS 0x0000000628000000| PB 0x0000000628000000| Untracked 
|  71|0x0000000628400000, 0x0000000628400000, 0x0000000628800000|  0%| F|  |TAMS 0x0000000628400000| PB 0x0000000628400000| Untracked 
|  72|0x0000000628800000, 0x0000000628800000, 0x0000000628c00000|  0%| F|  |TAMS 0x0000000628800000| PB 0x0000000628800000| Untracked 
|  73|0x0000000628c00000, 0x0000000628c00000, 0x0000000629000000|  0%| F|  |TAMS 0x0000000628c00000| PB 0x0000000628c00000| Untracked 
|  74|0x0000000629000000, 0x0000000629000000, 0x0000000629400000|  0%| F|  |TAMS 0x0000000629000000| PB 0x0000000629000000| Untracked 
|  75|0x0000000629400000, 0x0000000629400000, 0x0000000629800000|  0%| F|  |TAMS 0x0000000629400000| PB 0x0000000629400000| Untracked 
|  76|0x0000000629800000, 0x0000000629800000, 0x0000000629c00000|  0%| F|  |TAMS 0x0000000629800000| PB 0x0000000629800000| Untracked 
|  77|0x0000000629c00000, 0x0000000629c00000, 0x000000062a000000|  0%| F|  |TAMS 0x0000000629c00000| PB 0x0000000629c00000| Untracked 
|  78|0x000000062a000000, 0x000000062a000000, 0x000000062a400000|  0%| F|  |TAMS 0x000000062a000000| PB 0x000000062a000000| Untracked 
|  79|0x000000062a400000, 0x000000062a400000, 0x000000062a800000|  0%| F|  |TAMS 0x000000062a400000| PB 0x000000062a400000| Untracked 
|  80|0x000000062a800000, 0x000000062a800000, 0x000000062ac00000|  0%| F|  |TAMS 0x000000062a800000| PB 0x000000062a800000| Untracked 
|  81|0x000000062ac00000, 0x000000062ac00000, 0x000000062b000000|  0%| F|  |TAMS 0x000000062ac00000| PB 0x000000062ac00000| Untracked 
|  82|0x000000062b000000, 0x000000062b000000, 0x000000062b400000|  0%| F|  |TAMS 0x000000062b000000| PB 0x000000062b000000| Untracked 
|  83|0x000000062b400000, 0x000000062b400000, 0x000000062b800000|  0%| F|  |TAMS 0x000000062b400000| PB 0x000000062b400000| Untracked 
|  84|0x000000062b800000, 0x000000062b800000, 0x000000062bc00000|  0%| F|  |TAMS 0x000000062b800000| PB 0x000000062b800000| Untracked 
|  85|0x000000062bc00000, 0x000000062bc00000, 0x000000062c000000|  0%| F|  |TAMS 0x000000062bc00000| PB 0x000000062bc00000| Untracked 
|  86|0x000000062c000000, 0x000000062c000000, 0x000000062c400000|  0%| F|  |TAMS 0x000000062c000000| PB 0x000000062c000000| Untracked 
|  87|0x000000062c400000, 0x000000062c400000, 0x000000062c800000|  0%| F|  |TAMS 0x000000062c400000| PB 0x000000062c400000| Untracked 
|  88|0x000000062c800000, 0x000000062c800000, 0x000000062cc00000|  0%| F|  |TAMS 0x000000062c800000| PB 0x000000062c800000| Untracked 
|  89|0x000000062cc00000, 0x000000062cc00000, 0x000000062d000000|  0%| F|  |TAMS 0x000000062cc00000| PB 0x000000062cc00000| Untracked 
|  90|0x000000062d000000, 0x000000062d000000, 0x000000062d400000|  0%| F|  |TAMS 0x000000062d000000| PB 0x000000062d000000| Untracked 
|  91|0x000000062d400000, 0x000000062d400000, 0x000000062d800000|  0%| F|  |TAMS 0x000000062d400000| PB 0x000000062d400000| Untracked 
|  92|0x000000062d800000, 0x000000062d800000, 0x000000062dc00000|  0%| F|  |TAMS 0x000000062d800000| PB 0x000000062d800000| Untracked 
|  93|0x000000062dc00000, 0x000000062dc00000, 0x000000062e000000|  0%| F|  |TAMS 0x000000062dc00000| PB 0x000000062dc00000| Untracked 
|  94|0x000000062e000000, 0x000000062e000000, 0x000000062e400000|  0%| F|  |TAMS 0x000000062e000000| PB 0x000000062e000000| Untracked 
|  95|0x000000062e400000, 0x000000062e400000, 0x000000062e800000|  0%| F|  |TAMS 0x000000062e400000| PB 0x000000062e400000| Untracked 
|  96|0x000000062e800000, 0x000000062e800000, 0x000000062ec00000|  0%| F|  |TAMS 0x000000062e800000| PB 0x000000062e800000| Untracked 
|  97|0x000000062ec00000, 0x000000062ec00000, 0x000000062f000000|  0%| F|  |TAMS 0x000000062ec00000| PB 0x000000062ec00000| Untracked 
|  98|0x000000062f000000, 0x000000062f000000, 0x000000062f400000|  0%| F|  |TAMS 0x000000062f000000| PB 0x000000062f000000| Untracked 
|  99|0x000000062f400000, 0x000000062f400000, 0x000000062f800000|  0%| F|  |TAMS 0x000000062f400000| PB 0x000000062f400000| Untracked 
| 100|0x000000062f800000, 0x000000062f800000, 0x000000062fc00000|  0%| F|  |TAMS 0x000000062f800000| PB 0x000000062f800000| Untracked 
| 101|0x000000062fc00000, 0x000000062fc00000, 0x0000000630000000|  0%| F|  |TAMS 0x000000062fc00000| PB 0x000000062fc00000| Untracked 
| 102|0x0000000630000000, 0x0000000630000000, 0x0000000630400000|  0%| F|  |TAMS 0x0000000630000000| PB 0x0000000630000000| Untracked 
| 103|0x0000000630400000, 0x0000000630400000, 0x0000000630800000|  0%| F|  |TAMS 0x0000000630400000| PB 0x0000000630400000| Untracked 
| 104|0x0000000630800000, 0x0000000630800000, 0x0000000630c00000|  0%| F|  |TAMS 0x0000000630800000| PB 0x0000000630800000| Untracked 
| 105|0x0000000630c00000, 0x0000000630c00000, 0x0000000631000000|  0%| F|  |TAMS 0x0000000630c00000| PB 0x0000000630c00000| Untracked 
| 106|0x0000000631000000, 0x0000000631000000, 0x0000000631400000|  0%| F|  |TAMS 0x0000000631000000| PB 0x0000000631000000| Untracked 
| 107|0x0000000631400000, 0x0000000631400000, 0x0000000631800000|  0%| F|  |TAMS 0x0000000631400000| PB 0x0000000631400000| Untracked 
| 108|0x0000000631800000, 0x0000000631800000, 0x0000000631c00000|  0%| F|  |TAMS 0x0000000631800000| PB 0x0000000631800000| Untracked 
| 109|0x0000000631c00000, 0x0000000631c00000, 0x0000000632000000|  0%| F|  |TAMS 0x0000000631c00000| PB 0x0000000631c00000| Untracked 
| 110|0x0000000632000000, 0x0000000632000000, 0x0000000632400000|  0%| F|  |TAMS 0x0000000632000000| PB 0x0000000632000000| Untracked 
| 111|0x0000000632400000, 0x0000000632400000, 0x0000000632800000|  0%| F|  |TAMS 0x0000000632400000| PB 0x0000000632400000| Untracked 
| 112|0x0000000632800000, 0x0000000632800000, 0x0000000632c00000|  0%| F|  |TAMS 0x0000000632800000| PB 0x0000000632800000| Untracked 
| 113|0x0000000632c00000, 0x0000000632c00000, 0x0000000633000000|  0%| F|  |TAMS 0x0000000632c00000| PB 0x0000000632c00000| Untracked 
| 114|0x0000000633000000, 0x0000000633000000, 0x0000000633400000|  0%| F|  |TAMS 0x0000000633000000| PB 0x0000000633000000| Untracked 
| 115|0x0000000633400000, 0x0000000633400000, 0x0000000633800000|  0%| F|  |TAMS 0x0000000633400000| PB 0x0000000633400000| Untracked 
| 116|0x0000000633800000, 0x0000000633800000, 0x0000000633c00000|  0%| F|  |TAMS 0x0000000633800000| PB 0x0000000633800000| Untracked 
| 117|0x0000000633c00000, 0x0000000633c00000, 0x0000000634000000|  0%| F|  |TAMS 0x0000000633c00000| PB 0x0000000633c00000| Untracked 
| 118|0x0000000634000000, 0x0000000634000000, 0x0000000634400000|  0%| F|  |TAMS 0x0000000634000000| PB 0x0000000634000000| Untracked 
| 119|0x0000000634400000, 0x0000000634400000, 0x0000000634800000|  0%| F|  |TAMS 0x0000000634400000| PB 0x0000000634400000| Untracked 
| 120|0x0000000634800000, 0x000000063487b648, 0x0000000634c00000| 12%| E|  |TAMS 0x0000000634800000| PB 0x0000000634800000| Complete 
| 121|0x0000000634c00000, 0x0000000635000000, 0x0000000635000000|100%| E|CS|TAMS 0x0000000634c00000| PB 0x0000000634c00000| Complete 
| 122|0x0000000635000000, 0x0000000635400000, 0x0000000635400000|100%| E|CS|TAMS 0x0000000635000000| PB 0x0000000635000000| Complete 
|1957|0x00000007ffc00000, 0x00000007ffd079d8, 0x0000000800000000| 25%| O|  |TAMS 0x00000007ffc00000| PB 0x00000007ffc00000| Untracked 

Card table byte_map: [0x0000752813800000,0x000075281474c000] _byte_map_base: 0x000075281074c000

Marking Bits: (CMBitMap*) 0x000075282c045f30
 Bits: [0x000075280bc00000, 0x0000752813660000)

Polling page: 0x0000752834cbd000

Metaspace:

Usage:
  Non-class:      3.00 MB used.
      Class:    289.91 KB used.
       Both:      3.29 MB used.

Virtual space:
  Non-class space:       64.00 MB reserved,       3.06 MB (  5%) committed,  1 nodes.
      Class space:        1.00 GB reserved,     384.00 KB ( <1%) committed,  1 nodes.
             Both:        1.06 GB reserved,       3.44 MB ( <1%) committed. 

Chunk freelists:
   Non-Class:  11.00 MB
       Class:  15.61 MB
        Both:  26.61 MB

MaxMetaspaceSize: unlimited
CompressedClassSpaceSize: 1.00 GB
Initial GC threshold: 21.00 MB
Current GC threshold: 21.00 MB
CDS: on
 - commit_granule_bytes: 65536.
 - commit_granule_words: 8192.
 - virtual_space_node_default_size: 8388608.
 - enlarge_chunks_in_place: 1.
 - use_allocation_guard: 0.


Internal statistics:

num_allocs_failed_limit: 0.
num_arena_births: 104.
num_arena_deaths: 0.
num_vsnodes_births: 2.
num_vsnodes_deaths: 0.
num_space_committed: 55.
num_space_uncommitted: 0.
num_chunks_returned_to_freelist: 0.
num_chunks_taken_from_freelist: 182.
num_chunk_merges: 0.
num_chunk_splits: 108.
num_chunks_enlarged: 48.
num_inconsistent_stats: 0.

CodeHeap 'non-profiled nmethods': size=119168Kb used=201Kb max_used=201Kb free=118966Kb
 bounds [0x000075281c3a0000, 0x000075281c610000, 0x0000752823800000]
CodeHeap 'profiled nmethods': size=119164Kb used=1038Kb max_used=1038Kb free=118126Kb
 bounds [0x0000752814800000, 0x0000752814a70000, 0x000075281bc5f000]
CodeHeap 'non-nmethods': size=7428Kb used=2644Kb max_used=2657Kb free=4783Kb
 bounds [0x000075281bc5f000, 0x000075281beff000, 0x000075281c3a0000]
 total_blobs=1314 nmethods=709 adapters=509
 compilation: enabled
              stopped_count=0, restarted_count=0
 full_count=0

Compilation events (20 events):
Event: 0.305 Thread 0x0000752770056b20  699       1       jdk.internal.loader.URLClassPath$Loader::getBaseURL (5 bytes)
Event: 0.305 Thread 0x0000752770056b20 nmethod 699 0x000075281c3d1410 code [0x000075281c3d15a0, 0x000075281c3d1668]
Event: 0.305 Thread 0x0000752770057cd0 nmethod 690 0x00007528148fdb90 code [0x00007528148fdfc0, 0x00007528149002c8]
Event: 0.306 Thread 0x000075282c141d50  700       3       java.util.jar.JarFile::maybeInstantiateVerifier (42 bytes)
Event: 0.306 Thread 0x0000752770057cd0  701       1       java.net.URLStreamHandler::getDefaultPort (2 bytes)
Event: 0.306 Thread 0x0000752770057cd0 nmethod 701 0x000075281c3d1710 code [0x000075281c3d18a0, 0x000075281c3d1960]
Event: 0.306 Thread 0x000075282c141d50 nmethod 700 0x0000752814901310 code [0x00007528149014e0, 0x0000752814901840]
Event: 0.306 Thread 0x0000752770056b20  702       3       jdk.internal.ref.CleanerFactory::cleaner (4 bytes)
Event: 0.306 Thread 0x0000752770056b20 nmethod 702 0x0000752814901990 code [0x0000752814901b20, 0x0000752814901c10]
Event: 0.306 Thread 0x000075282c141d50  703       3       jdk.internal.util.ArraysSupport::newLength (27 bytes)
Event: 0.306 Thread 0x000075282c141d50 nmethod 703 0x0000752814901c90 code [0x0000752814901e40, 0x00007528149020a0]
Event: 0.307 Thread 0x000075282c140680  704       4       java.lang.invoke.MethodType::parameterCount (6 bytes)
Event: 0.307 Thread 0x000075282c140680 nmethod 704 0x000075281c3d1a10 code [0x000075281c3d1b80, 0x000075281c3d1c20]
Event: 0.308 Thread 0x000075282c141d50  706       3       java.lang.String::indexOf (64 bytes)
Event: 0.308 Thread 0x0000752770057cd0  707       3       java.lang.StringLatin1::indexOf (25 bytes)
Event: 0.309 Thread 0x0000752770057cd0 nmethod 707 0x0000752814902190 code [0x0000752814902340, 0x0000752814902538]
Event: 0.309 Thread 0x000075282c141d50 nmethod 706 0x0000752814902610 code [0x0000752814902820, 0x0000752814902ce0]
Event: 0.312 Thread 0x000075282c140680  708       4       java.util.stream.Sink::begin (1 bytes)
Event: 0.312 Thread 0x000075282c140680 nmethod 708 0x000075281c3d2290 code [0x000075281c3d2400, 0x000075281c3d2488]
Event: 0.312 Thread 0x0000752770056b20  709       3       jdk.internal.org.objectweb.asm.Label::resolve (219 bytes)

GC Heap History (0 events):
No events

Dll operation events (11 events):
Event: 0.002 Loaded shared library /usr/lib/jvm/java-21-openjdk-amd64/lib/libjava.so
Event: 0.023 Loaded shared library /usr/lib/jvm/java-21-openjdk-amd64/lib/libjsvml.so
Event: 0.025 Loaded shared library /usr/lib/jvm/java-21-openjdk-amd64/lib/libnio.so
Event: 0.059 Loaded shared library /usr/lib/jvm/java-21-openjdk-amd64/lib/libzip.so
Event: 0.081 Loaded shared library /usr/lib/jvm/java-21-openjdk-amd64/lib/libjimage.so
Event: 0.119 Loaded shared library /tmp/libJCublas2-12.0.0-linux-x86_64.so
Event: 0.219 Loaded shared library /tmp/libJCudaRuntime-12.0.0-linux-x86_64.so
Event: 0.234 Loaded shared library /usr/lib/jvm/java-21-openjdk-amd64/lib/libawt.so
Event: 0.237 Loaded shared library /usr/lib/jvm/java-21-openjdk-amd64/lib/libawt_xawt.so
Event: 0.261 Loaded shared library /usr/lib/jvm/java-21-openjdk-amd64/lib/libjavajpeg.so
Event: 0.301 Loaded shared library /tmp/libJCudaDriver-12.0.0-linux-x86_64.so

Deoptimization events (20 events):
Event: 0.230 Thread 0x000075282c01a060 DEOPT PACKING pc=0x000075281c3af654 sp=0x0000752832ffcdb0
Event: 0.230 Thread 0x000075282c01a060 DEOPT UNPACKING pc=0x000075281bcb2f99 sp=0x0000752832ffcd68 mode 2
Event: 0.236 Thread 0x000075282c01a060 Uncommon trap: trap_request=0xffffff45 fr.pc=0x000075281c3b3d2c relative=0x000000000000018c
Event: 0.236 Thread 0x000075282c01a060 Uncommon trap: reason=unstable_if action=reinterpret pc=0x000075281c3b3d2c method=jdk.internal.util.ArraysSupport.vectorizedHashCode(Ljava/lang/Object;IIII)I @ 2 c2
Event: 0.236 Thread 0x000075282c01a060 DEOPT PACKING pc=0x000075281c3b3d2c sp=0x0000752832ffa840
Event: 0.236 Thread 0x000075282c01a060 DEOPT UNPACKING pc=0x000075281bcb2f99 sp=0x0000752832ffa810 mode 2
Event: 0.300 Thread 0x000075282c01a060 DEOPT PACKING pc=0x0000752814816554 sp=0x0000752832ffd630
Event: 0.300 Thread 0x000075282c01a060 DEOPT UNPACKING pc=0x000075281bcb372f sp=0x0000752832ffca70 mode 0
Event: 0.307 Thread 0x000075282c01a060 Uncommon trap: trap_request=0xffffffc6 fr.pc=0x000075281c3b1e90 relative=0x0000000000000bd0
Event: 0.307 Thread 0x000075282c01a060 Uncommon trap: reason=bimorphic_or_optimized_type_check action=maybe_recompile pc=0x000075281c3b1e90 method=java.util.HashMap.putVal(ILjava/lang/Object;Ljava/lang/Object;ZZ)Ljava/lang/Object; @ 56 c2
Event: 0.307 Thread 0x000075282c01a060 DEOPT PACKING pc=0x000075281c3b1e90 sp=0x0000752832ffe500
Event: 0.307 Thread 0x000075282c01a060 DEOPT UNPACKING pc=0x000075281bcb2f99 sp=0x0000752832ffe488 mode 2
Event: 0.310 Thread 0x000075282c01a060 Uncommon trap: trap_request=0xffffffc6 fr.pc=0x000075281c3b1e90 relative=0x0000000000000bd0
Event: 0.310 Thread 0x000075282c01a060 Uncommon trap: reason=bimorphic_or_optimized_type_check action=maybe_recompile pc=0x000075281c3b1e90 method=java.util.HashMap.putVal(ILjava/lang/Object;Ljava/lang/Object;ZZ)Ljava/lang/Object; @ 56 c2
Event: 0.310 Thread 0x000075282c01a060 DEOPT PACKING pc=0x000075281c3b1e90 sp=0x0000752832ffe280
Event: 0.310 Thread 0x000075282c01a060 DEOPT UNPACKING pc=0x000075281bcb2f99 sp=0x0000752832ffe208 mode 2
Event: 0.311 Thread 0x000075282c01a060 Uncommon trap: trap_request=0xffffffc6 fr.pc=0x000075281c3b1e90 relative=0x0000000000000bd0
Event: 0.311 Thread 0x000075282c01a060 Uncommon trap: reason=bimorphic_or_optimized_type_check action=maybe_recompile pc=0x000075281c3b1e90 method=java.util.HashMap.putVal(ILjava/lang/Object;Ljava/lang/Object;ZZ)Ljava/lang/Object; @ 56 c2
Event: 0.311 Thread 0x000075282c01a060 DEOPT PACKING pc=0x000075281c3b1e90 sp=0x0000752832ffe460
Event: 0.311 Thread 0x000075282c01a060 DEOPT UNPACKING pc=0x000075281bcb2f99 sp=0x0000752832ffe3e8 mode 2

Classes loaded (20 events):
Event: 0.270 Loading class java/util/stream/MatchOps$MatchKind
Event: 0.270 Loading class java/util/stream/MatchOps$MatchKind done
Event: 0.270 Loading class java/util/stream/MatchOps
Event: 0.270 Loading class java/util/stream/MatchOps done
Event: 0.270 Loading class java/util/stream/MatchOps$MatchOp
Event: 0.270 Loading class java/util/stream/MatchOps$MatchOp done
Event: 0.270 Loading class java/util/stream/MatchOps$BooleanTerminalSink
Event: 0.270 Loading class java/util/stream/MatchOps$BooleanTerminalSink done
Event: 0.270 Loading class java/util/stream/MatchOps$2MatchSink
Event: 0.270 Loading class java/util/stream/MatchOps$2MatchSink done
Event: 0.271 Loading class java/util/stream/MatchOps$1MatchSink
Event: 0.271 Loading class java/util/stream/MatchOps$1MatchSink done
Event: 0.271 Loading class java/nio/HeapDoubleBuffer
Event: 0.271 Loading class java/nio/HeapDoubleBuffer done
Event: 0.287 Loading class java/awt/Dimension
Event: 0.287 Loading class java/awt/geom/Dimension2D
Event: 0.287 Loading class java/awt/geom/Dimension2D done
Event: 0.287 Loading class java/awt/Dimension done
Event: 0.307 Loading class java/nio/HeapIntBuffer
Event: 0.307 Loading class java/nio/HeapIntBuffer done

Classes unloaded (0 events):
No events

Classes redefined (0 events):
No events

Internal exceptions (13 events):
Event: 0.046 Thread 0x000075282c01a060 Exception <a 'sun/nio/fs/UnixException'{0x0000000635070ea8}> (0x0000000635070ea8) 
thrown [./src/hotspot/share/prims/jni.cpp, line 520]
Event: 0.046 Thread 0x000075282c01a060 Exception <a 'sun/nio/fs/UnixException'{0x00000006350715e8}> (0x00000006350715e8) 
thrown [./src/hotspot/share/prims/jni.cpp, line 520]
Event: 0.046 Thread 0x000075282c01a060 Exception <a 'sun/nio/fs/UnixException'{0x0000000635071e18}> (0x0000000635071e18) 
thrown [./src/hotspot/share/prims/jni.cpp, line 520]
Event: 0.046 Thread 0x000075282c01a060 Exception <a 'sun/nio/fs/UnixException'{0x0000000635072410}> (0x0000000635072410) 
thrown [./src/hotspot/share/prims/jni.cpp, line 520]
Event: 0.046 Thread 0x000075282c01a060 Exception <a 'sun/nio/fs/UnixException'{0x00000006350729e0}> (0x00000006350729e0) 
thrown [./src/hotspot/share/prims/jni.cpp, line 520]
Event: 0.046 Thread 0x000075282c01a060 Exception <a 'sun/nio/fs/UnixException'{0x0000000635072fc0}> (0x0000000635072fc0) 
thrown [./src/hotspot/share/prims/jni.cpp, line 520]
Event: 0.046 Thread 0x000075282c01a060 Exception <a 'sun/nio/fs/UnixException'{0x0000000635073810}> (0x0000000635073810) 
thrown [./src/hotspot/share/prims/jni.cpp, line 520]
Event: 0.225 Thread 0x000075282c01a060 Exception <a 'java/lang/NoSuchMethodError'{0x0000000634c55808}: 'void java.lang.invoke.DirectMethodHandle$Holder.invokeStatic(java.lang.Object, java.lang.Object)'> (0x0000000634c55808) 
thrown [./src/hotspot/share/interpreter/linkResolver.cpp, line 772]
Event: 0.230 Thread 0x000075282c01a060 Implicit null exception at 0x000075281c3af4e3 to 0x000075281c3af644
Event: 0.232 Thread 0x000075282c01a060 Exception <a 'java/lang/ClassNotFoundException'{0x0000000634c69980}: sun/awt/resources/spi/awtProvider> (0x0000000634c69980) 
thrown [./src/hotspot/share/classfile/systemDictionary.cpp, line 312]
Event: 0.244 Thread 0x000075282c01a060 Exception <a 'java/io/FileNotFoundException'{0x0000000634d378e8}> (0x0000000634d378e8) 
thrown [./src/hotspot/share/prims/jni.cpp, line 520]
Event: 0.273 Thread 0x000075282c01a060 Exception <a 'java/lang/NoSuchMethodError'{0x0000000634ee42f0}: 'java.lang.Object java.lang.invoke.DirectMethodHandle$Holder.invokeStatic(java.lang.Object, java.lang.Object, int)'> (0x0000000634ee42f0) 
thrown [./src/hotspot/share/interpreter/linkResolver.cpp, line 772]
Event: 0.292 Thread 0x000075282c01a060 Exception <a 'java/lang/NoSuchMethodError'{0x0000000634f50c98}: 'java.lang.Object java.lang.invoke.DirectMethodHandle$Holder.newInvokeSpecial(java.lang.Object, java.lang.Object, int)'> (0x0000000634f50c98) 
thrown [./src/hotspot/share/interpreter/linkResolver.cpp, line 772]

ZGC Phase Switch (0 events):
No events

VM Operations (8 events):
Event: 0.048 Executing VM operation: HandshakeAllThreads (Deoptimize)
Event: 0.048 Executing VM operation: HandshakeAllThreads (Deoptimize) done
Event: 0.228 Executing VM operation: HandshakeAllThreads (Deoptimize)
Event: 0.228 Executing VM operation: HandshakeAllThreads (Deoptimize) done
Event: 0.230 Executing VM operation: HandshakeAllThreads (Deoptimize)
Event: 0.230 Executing VM operation: HandshakeAllThreads (Deoptimize) done
Event: 0.307 Executing VM operation: HandshakeAllThreads (Deoptimize)
Event: 0.307 Executing VM operation: HandshakeAllThreads (Deoptimize) done

Memory protections (16 events):
Event: 0.002 Protecting memory [0x0000752832f00000,0x0000752832f04000] with protection modes 0
Event: 0.021 Protecting memory [0x00007528097fd000,0x0000752809801000] with protection modes 0
Event: 0.022 Protecting memory [0x0000752808900000,0x0000752808904000] with protection modes 0
Event: 0.022 Protecting memory [0x0000752808800000,0x0000752808804000] with protection modes 0
Event: 0.022 Protecting memory [0x0000752808700000,0x0000752808704000] with protection modes 0
Event: 0.022 Protecting memory [0x0000752808600000,0x0000752808604000] with protection modes 0
Event: 0.022 Protecting memory [0x0000752808500000,0x0000752808504000] with protection modes 0
Event: 0.023 Protecting memory [0x0000752808400000,0x0000752808404000] with protection modes 0
Event: 0.037 Protecting memory [0x0000752808300000,0x0000752808304000] with protection modes 0
Event: 0.044 Protecting memory [0x0000752808200000,0x0000752808204000] with protection modes 0
Event: 0.044 Protecting memory [0x0000752808100000,0x0000752808104000] with protection modes 0
Event: 0.053 Protecting memory [0x0000752808000000,0x0000752808004000] with protection modes 0
Event: 0.056 Protecting memory [0x0000752803f00000,0x0000752803f04000] with protection modes 0
Event: 0.064 Protecting memory [0x0000752803e00000,0x0000752803e04000] with protection modes 0
Event: 0.226 Protecting memory [0x0000752808000000,0x0000752808004000] with protection modes 0
Event: 0.259 Protecting memory [0x0000752803e00000,0x0000752803e04000] with protection modes 0

Nmethod flushes (0 events):
No events

Events (18 events):
Event: 0.016 Thread 0x000075282c01a060 Thread added: 0x000075282c01a060
Event: 0.021 Thread 0x000075282c01a060 Thread added: 0x000075282c138d50
Event: 0.022 Thread 0x000075282c01a060 Thread added: 0x000075282c13a3e0
Event: 0.022 Thread 0x000075282c01a060 Thread added: 0x000075282c13beb0
Event: 0.022 Thread 0x000075282c01a060 Thread added: 0x000075282c13d500
Event: 0.022 Thread 0x000075282c01a060 Thread added: 0x000075282c13eab0
Event: 0.022 Thread 0x000075282c01a060 Thread added: 0x000075282c140680
Event: 0.022 Thread 0x000075282c01a060 Thread added: 0x000075282c141d50
Event: 0.037 Thread 0x000075282c01a060 Thread added: 0x000075282c160ea0
Event: 0.044 Thread 0x000075282c141d50 Thread added: 0x0000752770056b20
Event: 0.044 Thread 0x000075282c141d50 Thread added: 0x0000752770057cd0
Event: 0.053 Thread 0x000075282c141d50 Thread added: 0x000075277007a300
Event: 0.055 Thread 0x000075282c01a060 Thread added: 0x000075282c19c820
Event: 0.064 Thread 0x000075282c140680 Thread added: 0x0000752774128580
Event: 0.217 Thread 0x0000752774128580 Thread exited: 0x0000752774128580
Event: 0.217 Thread 0x000075277007a300 Thread exited: 0x000075277007a300
Event: 0.226 Thread 0x000075282c01a060 Thread added: 0x000075282d50eb30
Event: 0.259 Thread 0x000075282c01a060 Thread added: 0x000075282d531820


Dynamic libraries:
200000000-200200000 ---p 00000000 00:00 0 
200200000-200400000 rw-s 00000000 00:05 1111                             /dev/nvidia0
200400000-203400000 rw-s 00000000 00:05 1110                             /dev/nvidiactl
203400000-204400000 ---p 00000000 00:00 0 
204400000-204600000 rw-s 00000000 00:05 1110                             /dev/nvidiactl
204600000-204800000 rw-s 00000000 00:05 1110                             /dev/nvidiactl
204800000-204a00000 rw-s 00000000 00:05 1110                             /dev/nvidiactl
204a00000-204c00000 rw-s 204a00000 00:05 1112                            /dev/nvidia-uvm
204c00000-204e00000 rw-s 00000000 00:05 1110                             /dev/nvidiactl
204e00000-205000000 ---p 00000000 00:00 0 
205000000-205200000 rw-s 00000000 00:05 1110                             /dev/nvidiactl
205200000-300200000 ---p 00000000 00:00 0 
616800000-635400000 rw-p 00000000 00:00 0 
635400000-7ffc00000 ---p 00000000 00:00 0 
7ffc00000-7ffd08000 rw-p 00ced000 103:02 17172987                        /usr/lib/jvm/java-21-openjdk-amd64/lib/server/classes.jsa
7ffd08000-800000000 rw-p 00000000 00:00 0 
10000000000-10004000000 ---p 00000000 00:00 0 
5fcef7a99000-5fcef7a9a000 r--p 00000000 103:02 17172834                  /usr/lib/jvm/java-21-openjdk-amd64/bin/java
5fcef7a9a000-5fcef7a9b000 r-xp 00001000 103:02 17172834                  /usr/lib/jvm/java-21-openjdk-amd64/bin/java
5fcef7a9b000-5fcef7a9c000 r--p 00002000 103:02 17172834                  /usr/lib/jvm/java-21-openjdk-amd64/bin/java
5fcef7a9c000-5fcef7a9d000 r--p 00002000 103:02 17172834                  /usr/lib/jvm/java-21-openjdk-amd64/bin/java
5fcef7a9d000-5fcef7a9e000 rw-p 00003000 103:02 17172834                  /usr/lib/jvm/java-21-openjdk-amd64/bin/java
5fcef84dc000-5fcef8523000 rw-p 00000000 00:00 0                          [heap]
7526ee000000-7526f6000000 ---p 00000000 00:00 0 
7526f8000000-7526fa000000 ---p 00000000 00:00 0 
7526fc000000-7526fc400000 ---p 00000000 00:00 0 
7526fc400000-7526fc600000 rw-s 00000000 00:05 1110                       /dev/nvidiactl
7526fc600000-7526fc800000 rw-s 00000000 00:01 3404                       /dev/zero (deleted)
7526fc800000-7526fca00000 rw-s 00000000 00:01 3405                       /dev/zero (deleted)
7526fca00000-7526fd000000 ---p 00000000 00:00 0 
7526fd000000-7526fd200000 rw-s 00000000 00:05 1110                       /dev/nvidiactl
7526fd200000-7526fd400000 ---p 00000000 00:00 0 
7526fd400000-7526fd600000 rw-s 00000000 00:01 3407                       /dev/zero (deleted)
7526fd600000-7526fdb33000 rw-s 00000000 00:05 1110                       /dev/nvidiactl
7526fdb33000-7526fe000000 ---p 00000000 00:00 0 
752700000000-752710000000 ---p 00000000 00:00 0 
752714000000-752714021000 rw-p 00000000 00:00 0 
752714021000-752718000000 ---p 00000000 00:00 0 
75271a000000-752720000000 ---p 00000000 00:00 0 
752720000000-752720021000 rw-p 00000000 00:00 0 
752720021000-752724000000 ---p 00000000 00:00 0 
752724200000-752741463000 r-xp 00000000 103:02 16524125                  /usr/lib/x86_64-linux-gnu/libcublasLt.so.12.0.2.224
752741463000-752741663000 ---p 1d263000 103:02 16524125                  /usr/lib/x86_64-linux-gnu/libcublasLt.so.12.0.2.224
752741663000-752741893000 r--p 1d263000 103:02 16524125                  /usr/lib/x86_64-linux-gnu/libcublasLt.so.12.0.2.224
752741893000-752742827000 rw-p 1d493000 103:02 16524125                  /usr/lib/x86_64-linux-gnu/libcublasLt.so.12.0.2.224
752742827000-75274500f000 rw-p 00000000 00:00 0 
752745400000-75274ba67000 r-xp 00000000 103:02 16524127                  /usr/lib/x86_64-linux-gnu/libcublas.so.12.0.2.224
75274ba67000-75274bc67000 ---p 06667000 103:02 16524127                  /usr/lib/x86_64-linux-gnu/libcublas.so.12.0.2.224
75274bc67000-75274bc6e000 r--p 06667000 103:02 16524127                  /usr/lib/x86_64-linux-gnu/libcublas.so.12.0.2.224
75274bc6e000-75274bc75000 rw-p 0666e000 103:02 16524127                  /usr/lib/x86_64-linux-gnu/libcublas.so.12.0.2.224
75274bc75000-75274bc7d000 rw-p 00000000 00:00 0 
75274c000000-75274c02e000 rw-p 00000000 00:00 0 
75274c02e000-752750000000 ---p 00000000 00:00 0 
752750000000-752750021000 rw-p 00000000 00:00 0 
752750021000-752754000000 ---p 00000000 00:00 0 
752758000000-7527580a5000 rw-p 00000000 00:00 0 
7527580a5000-75275c000000 ---p 00000000 00:00 0 
75275c000000-75275c04c000 rw-p 00000000 00:00 0 
75275c04c000-752760000000 ---p 00000000 00:00 0 
752764000000-752764064000 rw-p 00000000 00:00 0 
752764064000-752768000000 ---p 00000000 00:00 0 
752768000000-752768021000 rw-p 00000000 00:00 0 
752768021000-75276c000000 ---p 00000000 00:00 0 
752770000000-7527700cc000 rw-p 00000000 00:00 0 
7527700cc000-752774000000 ---p 00000000 00:00 0 
752774000000-752774161000 rw-p 00000000 00:00 0 
752774161000-752778000000 ---p 00000000 00:00 0 
75277c000000-75277c021000 rw-p 00000000 00:00 0 
75277c021000-752780000000 ---p 00000000 00:00 0 
752780000000-752780021000 rw-p 00000000 00:00 0 
752780021000-752784000000 ---p 00000000 00:00 0 
752788000000-752788021000 rw-p 00000000 00:00 0 
752788021000-75278c000000 ---p 00000000 00:00 0 
75278c000000-75278c021000 rw-p 00000000 00:00 0 
75278c021000-752790000000 ---p 00000000 00:00 0 
752794000000-752794021000 rw-p 00000000 00:00 0 
752794021000-752798000000 ---p 00000000 00:00 0 
752798000000-752798021000 rw-p 00000000 00:00 0 
752798021000-75279c000000 ---p 00000000 00:00 0 
75279f000000-75279f2dc000 rw-p 00000000 00:00 0 
75279f400000-75279f4e4000 r-xp 00000000 103:02 18219091                  /tmp/libJCudaDriver-12.0.0-linux-x86_64.so
75279f4e4000-75279f6e4000 ---p 000e4000 103:02 18219091                  /tmp/libJCudaDriver-12.0.0-linux-x86_64.so
75279f6e4000-75279f6e9000 r--p 000e4000 103:02 18219091                  /tmp/libJCudaDriver-12.0.0-linux-x86_64.so
75279f6e9000-75279f6eb000 rw-p 000e9000 103:02 18219091                  /tmp/libJCudaDriver-12.0.0-linux-x86_64.so
75279f6eb000-75279f6ed000 rw-p 00000000 00:00 0 
75279fa00000-75279fac7000 r-xp 00000000 103:02 18219090                  /tmp/libJCudaRuntime-12.0.0-linux-x86_64.so
75279fac7000-75279fcc7000 ---p 000c7000 103:02 18219090                  /tmp/libJCudaRuntime-12.0.0-linux-x86_64.so
75279fcc7000-75279fccc000 r--p 000c7000 103:02 18219090                  /tmp/libJCudaRuntime-12.0.0-linux-x86_64.so
75279fccc000-75279fccd000 rw-p 000cc000 103:02 18219090                  /tmp/libJCudaRuntime-12.0.0-linux-x86_64.so
75279fccd000-75279fccf000 rw-p 00000000 00:00 0 
7527a0000000-7527a0210000 rw-p 00000000 00:00 0 
7527a0210000-7527a0400000 ---p 00000000 00:00 0 
7527a0400000-7527a0500000 rw-p 00000000 00:00 0 
7527a0500000-7527a4000000 ---p 00000000 00:00 0 
7527a4000000-7527a4021000 rw-p 00000000 00:00 0 
7527a4021000-7527a8000000 ---p 00000000 00:00 0 
7527a8200000-7527a8201000 ---p 00000000 00:00 0 
7527a8201000-7527a8a01000 rw-p 00000000 00:00 0 
7527a8c00000-7527a8c01000 rw-s 00000000 00:05 1110                       /dev/nvidiactl
7527a8c01000-7527a8c02000 rw-s 00000000 00:05 1110                       /dev/nvidiactl
7527a8c02000-7527a8c03000 rw-s 00000000 00:05 1110                       /dev/nvidiactl
7527a8c03000-7527a8c04000 rw-s 00000000 00:05 1110                       /dev/nvidiactl
7527a8c04000-7527a8c05000 rw-s 00000000 00:05 1110                       /dev/nvidiactl
7527a8c05000-7527a8c06000 rw-s 00000000 00:05 1110                       /dev/nvidiactl
7527a8c06000-7527a8c07000 rw-s 00000000 00:05 1110                       /dev/nvidiactl
7527a8c07000-7527a8c08000 rw-s 00000000 00:05 1110                       /dev/nvidiactl
7527a8c08000-7527a8c09000 rw-s 00000000 00:05 1110                       /dev/nvidiactl
7527a8c09000-7527a8c0a000 rw-s 00000000 00:05 1110                       /dev/nvidiactl
7527a8c0a000-7527a8c0b000 rw-s 00000000 00:05 1110                       /dev/nvidiactl
7527a8c0b000-7527a8c0c000 rw-s 00000000 00:05 1110                       /dev/nvidiactl
7527a8c0c000-7527a8c0d000 rw-s 00000000 00:05 1110                       /dev/nvidiactl
7527a8c0d000-7527a8c0e000 rw-s 00000000 00:05 1110                       /dev/nvidiactl
7527a8c0e000-7527a8c0f000 rw-s 00000000 00:05 1110                       /dev/nvidiactl
7527a8c0f000-7527a8c10000 rw-s 00000000 00:05 1110                       /dev/nvidiactl
7527a8c10000-7527a9c21000 ---p 00000000 00:00 0 
7527a9e00000-7527aae21000 ---p 00000000 00:00 0 
7527ab000000-7527abcae000 rw-p 00001000 103:02 17172987                  /usr/lib/jvm/java-21-openjdk-amd64/lib/server/classes.jsa
7527abcae000-7527ac000000 ---p 00000000 00:00 0 
7527ac000000-7527ac030000 rw-p 00000000 00:00 0 
7527ac030000-7527ac040000 ---p 00000000 00:00 0 
7527ac040000-7527ac070000 rw-p 00000000 00:00 0 
7527ac070000-7527ec000000 ---p 00000000 00:00 0 
7527ec000000-7527ec021000 rw-p 00000000 00:00 0 
7527ec021000-7527f0000000 ---p 00000000 00:00 0 
7527f0000000-7527f0021000 rw-p 00000000 00:00 0 
7527f0021000-7527f4000000 ---p 00000000 00:00 0 
7527f4400000-7527f717c000 r-xp 00000000 103:02 16526206                  /usr/lib/x86_64-linux-gnu/libnvrtc.so.12.0.140
7527f717c000-7527f737c000 ---p 02d7c000 103:02 16526206                  /usr/lib/x86_64-linux-gnu/libnvrtc.so.12.0.140
7527f737c000-7527f7a4f000 r--p 02d7c000 103:02 16526206                  /usr/lib/x86_64-linux-gnu/libnvrtc.so.12.0.140
7527f7a4f000-7527f7b1b000 rw-p 0344f000 103:02 16526206                  /usr/lib/x86_64-linux-gnu/libnvrtc.so.12.0.140
7527f7b1b000-7527f7c1c000 rw-p 00000000 00:00 0 
7527f8000000-7527f8021000 rw-p 00000000 00:00 0 
7527f8021000-7527fc000000 ---p 00000000 00:00 0 
7527fc000000-7527fc021000 rw-p 00000000 00:00 0 
7527fc021000-752800000000 ---p 00000000 00:00 0 
752800200000-752800400000 rw-s 00000000 00:01 3406                       /dev/zero (deleted)
752800400000-752800401000 ---p 00000000 00:00 0 
752800401000-752800c01000 rw-p 00000000 00:00 0 
752800d7d000-752800d81000 r--p 00000000 103:02 16530777                  /usr/lib/x86_64-linux-gnu/libjpeg.so.8.2.2
752800d81000-752800dce000 r-xp 00004000 103:02 16530777                  /usr/lib/x86_64-linux-gnu/libjpeg.so.8.2.2
752800dce000-752800dfe000 r--p 00051000 103:02 16530777                  /usr/lib/x86_64-linux-gnu/libjpeg.so.8.2.2
752800dfe000-752800dff000 r--p 00081000 103:02 16530777                  /usr/lib/x86_64-linux-gnu/libjpeg.so.8.2.2
752800dff000-752800e00000 rw-p 00082000 103:02 16530777                  /usr/lib/x86_64-linux-gnu/libjpeg.so.8.2.2
752800e00000-75280105a000 rw-p 00000000 00:00 0 
7528010c3000-7528010dc000 r--p 00000000 103:02 16530316                  /usr/lib/x86_64-linux-gnu/libX11.so.6.4.0
7528010dc000-75280116c000 r-xp 00019000 103:02 16530316                  /usr/lib/x86_64-linux-gnu/libX11.so.6.4.0
75280116c000-7528011fb000 r--p 000a9000 103:02 16530316                  /usr/lib/x86_64-linux-gnu/libX11.so.6.4.0
7528011fb000-7528011fc000 r--p 00138000 103:02 16530316                  /usr/lib/x86_64-linux-gnu/libX11.so.6.4.0
7528011fc000-752801200000 rw-p 00139000 103:02 16530316                  /usr/lib/x86_64-linux-gnu/libX11.so.6.4.0
752801200000-752801201000 ---p 00000000 00:00 0 
752801201000-752801a01000 rw-p 00000000 00:00 0 
752801a93000-752801aa5000 r--p 00000000 103:02 17173114                  /usr/lib/jvm/java-21-openjdk-amd64/lib/libawt_xawt.so
752801aa5000-752801aec000 r-xp 00012000 103:02 17173114                  /usr/lib/jvm/java-21-openjdk-amd64/lib/libawt_xawt.so
752801aec000-752801b04000 r--p 00059000 103:02 17173114                  /usr/lib/jvm/java-21-openjdk-amd64/lib/libawt_xawt.so
752801b04000-752801b09000 r--p 00070000 103:02 17173114                  /usr/lib/jvm/java-21-openjdk-amd64/lib/libawt_xawt.so
752801b09000-752801b0b000 rw-p 00075000 103:02 17173114                  /usr/lib/jvm/java-21-openjdk-amd64/lib/libawt_xawt.so
752801b0b000-752801b0d000 rw-p 00000000 00:00 0 
752801b0d000-752801b2b000 r--p 00000000 103:02 17172951                  /usr/lib/jvm/java-21-openjdk-amd64/lib/libawt.so
752801b2b000-752801bc2000 r-xp 0001e000 103:02 17172951                  /usr/lib/jvm/java-21-openjdk-amd64/lib/libawt.so
752801bc2000-752801bcf000 r--p 000b5000 103:02 17172951                  /usr/lib/jvm/java-21-openjdk-amd64/lib/libawt.so
752801bcf000-752801bd0000 r--p 000c1000 103:02 17172951                  /usr/lib/jvm/java-21-openjdk-amd64/lib/libawt.so
752801bd0000-752801bdb000 rw-p 000c2000 103:02 17172951                  /usr/lib/jvm/java-21-openjdk-amd64/lib/libawt.so
752801bdb000-752801c00000 rw-p 00000000 00:00 0 
752801c00000-752801cde000 r--p 00000000 103:02 16552573                  /usr/lib/x86_64-linux-gnu/libcuda.so.550.107.02
752801cde000-7528021b3000 r-xp 000de000 103:02 16552573                  /usr/lib/x86_64-linux-gnu/libcuda.so.550.107.02
7528021b3000-75280364e000 r--p 005b3000 103:02 16552573                  /usr/lib/x86_64-linux-gnu/libcuda.so.550.107.02
75280364e000-75280364f000 ---p 01a4e000 103:02 16552573                  /usr/lib/x86_64-linux-gnu/libcuda.so.550.107.02
75280364f000-752803667000 r--p 01a4e000 103:02 16552573                  /usr/lib/x86_64-linux-gnu/libcuda.so.550.107.02
752803667000-752803762000 rw-p 01a66000 103:02 16552573                  /usr/lib/x86_64-linux-gnu/libcuda.so.550.107.02
752803762000-7528037cb000 rw-p 00000000 00:00 0 
7528037d7000-7528037e2000 r--p 00000000 103:02 16531187                  /usr/lib/x86_64-linux-gnu/libxcb.so.1.1.0
7528037e2000-7528037f5000 r-xp 0000b000 103:02 16531187                  /usr/lib/x86_64-linux-gnu/libxcb.so.1.1.0
7528037f5000-7528037fe000 r--p 0001e000 103:02 16531187                  /usr/lib/x86_64-linux-gnu/libxcb.so.1.1.0
7528037fe000-7528037ff000 r--p 00026000 103:02 16531187                  /usr/lib/x86_64-linux-gnu/libxcb.so.1.1.0
7528037ff000-752803800000 rw-p 00027000 103:02 16531187                  /usr/lib/x86_64-linux-gnu/libxcb.so.1.1.0
752803800000-752803938000 r-xp 00000000 103:02 18219089                  /tmp/libJCublas2-12.0.0-linux-x86_64.so
752803938000-752803b38000 ---p 00138000 103:02 18219089                  /tmp/libJCublas2-12.0.0-linux-x86_64.so
752803b38000-752803b3d000 r--p 00138000 103:02 18219089                  /tmp/libJCublas2-12.0.0-linux-x86_64.so
752803b3d000-752803b3f000 rw-p 0013d000 103:02 18219089                  /tmp/libJCublas2-12.0.0-linux-x86_64.so
752803b3f000-752803b41000 rw-p 00000000 00:00 0 
752803b46000-752803e00000 rw-p 00000000 00:00 0 
752803e00000-752803e04000 ---p 00000000 00:00 0 
752803e04000-752803f00000 rw-p 00000000 00:00 0 
752803f00000-752803f04000 ---p 00000000 00:00 0 
752803f04000-752804000000 rw-p 00000000 00:00 0 
752804000000-752804021000 rw-p 00000000 00:00 0 
752804021000-752808004000 ---p 00000000 00:00 0 
752808004000-752808100000 rw-p 00000000 00:00 0 
752808100000-752808104000 ---p 00000000 00:00 0 
752808104000-752808200000 rw-p 00000000 00:00 0 
752808200000-752808204000 ---p 00000000 00:00 0 
752808204000-752808300000 rw-p 00000000 00:00 0 
752808300000-752808304000 ---p 00000000 00:00 0 
752808304000-752808400000 rw-p 00000000 00:00 0 
752808400000-752808404000 ---p 00000000 00:00 0 
752808404000-752808500000 rw-p 00000000 00:00 0 
752808500000-752808504000 ---p 00000000 00:00 0 
752808504000-752808600000 rw-p 00000000 00:00 0 
752808600000-752808604000 ---p 00000000 00:00 0 
752808604000-752808700000 rw-p 00000000 00:00 0 
752808700000-752808704000 ---p 00000000 00:00 0 
752808704000-752808800000 rw-p 00000000 00:00 0 
752808800000-752808804000 ---p 00000000 00:00 0 
752808804000-752808900000 rw-p 00000000 00:00 0 
752808900000-752808904000 ---p 00000000 00:00 0 
752808904000-752808a00000 rw-p 00000000 00:00 0 
752808a00000-7528097ec000 r--p 00000000 103:02 16521112                  /usr/lib/locale/locale-archive
7528097fd000-752809801000 ---p 00000000 00:00 0 
752809801000-7528098fd000 rw-p 00000000 00:00 0 
7528098fd000-7528098fe000 ---p 00000000 00:00 0 
7528098fe000-7528099fe000 rw-p 00000000 00:00 0 
7528099fe000-7528099ff000 ---p 00000000 00:00 0 
7528099ff000-752809aff000 rw-p 00000000 00:00 0 
752809aff000-752809b00000 ---p 00000000 00:00 0 
752809b00000-752809c00000 rw-p 00000000 00:00 0 
752809c00000-75280c3b0000 rw-p 00000000 00:00 0 
75280c3b0000-752813650000 ---p 00000000 00:00 0 
752813650000-752813660000 rw-p 00000000 00:00 0 
752813668000-75281366c000 r--p 00000000 103:02 16530470                  /usr/lib/x86_64-linux-gnu/libbsd.so.0.12.1
75281366c000-752813678000 r-xp 00004000 103:02 16530470                  /usr/lib/x86_64-linux-gnu/libbsd.so.0.12.1
752813678000-75281367b000 r--p 00010000 103:02 16530470                  /usr/lib/x86_64-linux-gnu/libbsd.so.0.12.1
75281367b000-75281367c000 r--p 00012000 103:02 16530470                  /usr/lib/x86_64-linux-gnu/libbsd.so.0.12.1
75281367c000-75281367d000 rw-p 00013000 103:02 16530470                  /usr/lib/x86_64-linux-gnu/libbsd.so.0.12.1
75281367d000-7528136ff000 rw-p 00000000 00:00 0 
7528136ff000-752813700000 ---p 00000000 00:00 0 
752813700000-752813800000 rw-p 00000000 00:00 0 
752813800000-7528138f6000 rw-p 00000000 00:00 0 
7528138f6000-75281474a000 ---p 00000000 00:00 0 
75281474a000-75281474c000 rw-p 00000000 00:00 0 
75281475f000-752814800000 rw-p 00000000 00:00 0 
752814800000-752814a70000 rwxp 00000000 00:00 0 
752814a70000-75281bc5f000 ---p 00000000 00:00 0 
75281bc5f000-75281beff000 rwxp 00000000 00:00 0 
75281beff000-75281c3a0000 ---p 00000000 00:00 0 
75281c3a0000-75281c610000 rwxp 00000000 00:00 0 
75281c610000-752823800000 ---p 00000000 00:00 0 
752823800000-75282be02000 r--s 00000000 103:02 17172984                  /usr/lib/jvm/java-21-openjdk-amd64/lib/modules
75282be04000-75282be06000 r--p 00000000 103:02 16530828                  /usr/lib/x86_64-linux-gnu/libmd.so.0.1.0
75282be06000-75282be0f000 r-xp 00002000 103:02 16530828                  /usr/lib/x86_64-linux-gnu/libmd.so.0.1.0
75282be0f000-75282be11000 r--p 0000b000 103:02 16530828                  /usr/lib/x86_64-linux-gnu/libmd.so.0.1.0
75282be11000-75282be12000 r--p 0000c000 103:02 16530828                  /usr/lib/x86_64-linux-gnu/libmd.so.0.1.0
75282be12000-75282be13000 rw-p 0000d000 103:02 16530828                  /usr/lib/x86_64-linux-gnu/libmd.so.0.1.0
75282be13000-75282be15000 r--p 00000000 103:02 16530323                  /usr/lib/x86_64-linux-gnu/libXdmcp.so.6.0.0
75282be15000-75282be17000 r-xp 00002000 103:02 16530323                  /usr/lib/x86_64-linux-gnu/libXdmcp.so.6.0.0
75282be17000-75282be19000 r--p 00004000 103:02 16530323                  /usr/lib/x86_64-linux-gnu/libXdmcp.so.6.0.0
75282be19000-75282be1a000 r--p 00005000 103:02 16530323                  /usr/lib/x86_64-linux-gnu/libXdmcp.so.6.0.0
75282be1a000-75282be1b000 rw-p 00006000 103:02 16530323                  /usr/lib/x86_64-linux-gnu/libXdmcp.so.6.0.0
75282be1b000-75282be1e000 r--p 00000000 103:02 16530328                  /usr/lib/x86_64-linux-gnu/libXi.so.6.1.0
75282be1e000-75282be2a000 r-xp 00003000 103:02 16530328                  /usr/lib/x86_64-linux-gnu/libXi.so.6.1.0
75282be2a000-75282be2c000 r--p 0000f000 103:02 16530328                  /usr/lib/x86_64-linux-gnu/libXi.so.6.1.0
75282be2c000-75282be2d000 r--p 00011000 103:02 16530328                  /usr/lib/x86_64-linux-gnu/libXi.so.6.1.0
75282be2d000-75282be2e000 rw-p 00012000 103:02 16530328                  /usr/lib/x86_64-linux-gnu/libXi.so.6.1.0
75282be2e000-75282be33000 r--p 00000000 103:02 17172968                  /usr/lib/jvm/java-21-openjdk-amd64/lib/libjsvml.so
75282be33000-75282be74000 r-xp 00005000 103:02 17172968                  /usr/lib/jvm/java-21-openjdk-amd64/lib/libjsvml.so
75282be74000-75282befd000 r--p 00046000 103:02 17172968                  /usr/lib/jvm/java-21-openjdk-amd64/lib/libjsvml.so
75282befd000-75282befe000 r--p 000ce000 103:02 17172968                  /usr/lib/jvm/java-21-openjdk-amd64/lib/libjsvml.so
75282befe000-75282beff000 rw-p 000cf000 103:02 17172968                  /usr/lib/jvm/java-21-openjdk-amd64/lib/libjsvml.so
75282beff000-75282ebb9000 rw-p 00000000 00:00 0 
75282ebb9000-752830000000 ---p 00000000 00:00 0 
752830001000-752830002000 r--p 00000000 103:02 16530318                  /usr/lib/x86_64-linux-gnu/libXau.so.6.0.0
752830002000-752830004000 r-xp 00001000 103:02 16530318                  /usr/lib/x86_64-linux-gnu/libXau.so.6.0.0
752830004000-752830005000 r--p 00003000 103:02 16530318                  /usr/lib/x86_64-linux-gnu/libXau.so.6.0.0
752830005000-752830006000 r--p 00003000 103:02 16530318                  /usr/lib/x86_64-linux-gnu/libXau.so.6.0.0
752830006000-752830007000 rw-p 00004000 103:02 16530318                  /usr/lib/x86_64-linux-gnu/libXau.so.6.0.0
752830007000-752830009000 r--p 00000000 103:02 16530337                  /usr/lib/x86_64-linux-gnu/libXtst.so.6.1.0
752830009000-75283000c000 r-xp 00002000 103:02 16530337                  /usr/lib/x86_64-linux-gnu/libXtst.so.6.1.0
75283000c000-75283000d000 r--p 00005000 103:02 16530337                  /usr/lib/x86_64-linux-gnu/libXtst.so.6.1.0
75283000d000-75283000e000 r--p 00005000 103:02 16530337                  /usr/lib/x86_64-linux-gnu/libXtst.so.6.1.0
75283000e000-75283000f000 rw-p 00006000 103:02 16530337                  /usr/lib/x86_64-linux-gnu/libXtst.so.6.1.0
75283000f000-752830011000 r--p 00000000 103:02 16530334                  /usr/lib/x86_64-linux-gnu/libXrender.so.1.3.0
752830011000-752830018000 r-xp 00002000 103:02 16530334                  /usr/lib/x86_64-linux-gnu/libXrender.so.1.3.0
752830018000-752830019000 r--p 00009000 103:02 16530334                  /usr/lib/x86_64-linux-gnu/libXrender.so.1.3.0
752830019000-75283001a000 r--p 00009000 103:02 16530334                  /usr/lib/x86_64-linux-gnu/libXrender.so.1.3.0
75283001a000-75283001b000 rw-p 0000a000 103:02 16530334                  /usr/lib/x86_64-linux-gnu/libXrender.so.1.3.0
75283001b000-75283001f000 r--p 00000000 103:02 16530324                  /usr/lib/x86_64-linux-gnu/libXext.so.6.4.0
75283001f000-75283002a000 r-xp 00004000 103:02 16530324                  /usr/lib/x86_64-linux-gnu/libXext.so.6.4.0
75283002a000-75283002d000 r--p 0000f000 103:02 16530324                  /usr/lib/x86_64-linux-gnu/libXext.so.6.4.0
75283002d000-75283002e000 r--p 00011000 103:02 16530324                  /usr/lib/x86_64-linux-gnu/libXext.so.6.4.0
75283002e000-75283002f000 rw-p 00012000 103:02 16530324                  /usr/lib/x86_64-linux-gnu/libXext.so.6.4.0
75283002f000-752830cfd000 rw-p 00000000 00:00 0 
752830cfd000-752830cfe000 ---p 00000000 00:00 0 
752830cfe000-752830dfe000 rw-p 00000000 00:00 0 
752830dfe000-752830dff000 ---p 00000000 00:00 0 
752830dff000-752830eff000 rw-p 00000000 00:00 0 
752830eff000-752830f00000 ---p 00000000 00:00 0 
752830f00000-752831000000 rw-p 00000000 00:00 0 
752831000000-7528310f6000 rw-p 00000000 00:00 0 
7528310f6000-752831f4a000 ---p 00000000 00:00 0 
752831f4a000-752831f4c000 rw-p 00000000 00:00 0 
752831f52000-752831f59000 r--s 00000000 103:02 16532226                  /usr/lib/x86_64-linux-gnu/gconv/gconv-modules.cache
752831f59000-752831f5b000 r--p 00000000 103:02 17172962                  /usr/lib/jvm/java-21-openjdk-amd64/lib/libjavajpeg.so
752831f5b000-752831f62000 r-xp 00002000 103:02 17172962                  /usr/lib/jvm/java-21-openjdk-amd64/lib/libjavajpeg.so
752831f62000-752831f63000 r--p 00009000 103:02 17172962                  /usr/lib/jvm/java-21-openjdk-amd64/lib/libjavajpeg.so
752831f63000-752831f64000 r--p 0000a000 103:02 17172962                  /usr/lib/jvm/java-21-openjdk-amd64/lib/libjavajpeg.so
752831f64000-752831f65000 rw-p 0000b000 103:02 17172962                  /usr/lib/jvm/java-21-openjdk-amd64/lib/libjavajpeg.so
752831f65000-752832d33000 rw-p 00000000 00:00 0 
752832d33000-752832e17000 ---p 00000000 00:00 0 
752832e17000-752832e1c000 rw-p 00000000 00:00 0 
752832e1c000-752832f00000 ---p 00000000 00:00 0 
752832f00000-752832f04000 ---p 00000000 00:00 0 
752832f04000-752833000000 rw-p 00000000 00:00 0 
752833000000-75283309d000 r--p 00000000 103:02 16543594                  /usr/lib/x86_64-linux-gnu/libstdc++.so.6.0.33
75283309d000-7528331e5000 r-xp 0009d000 103:02 16543594                  /usr/lib/x86_64-linux-gnu/libstdc++.so.6.0.33
7528331e5000-75283326c000 r--p 001e5000 103:02 16543594                  /usr/lib/x86_64-linux-gnu/libstdc++.so.6.0.33
75283326c000-752833277000 r--p 0026b000 103:02 16543594                  /usr/lib/x86_64-linux-gnu/libstdc++.so.6.0.33
752833277000-75283327a000 rw-p 00276000 103:02 16543594                  /usr/lib/x86_64-linux-gnu/libstdc++.so.6.0.33
75283327a000-75283327e000 rw-p 00000000 00:00 0 
752833283000-752833284000 r--p 00000000 103:02 16530540                  /usr/lib/x86_64-linux-gnu/libdl.so.2
752833284000-752833285000 r-xp 00001000 103:02 16530540                  /usr/lib/x86_64-linux-gnu/libdl.so.2
752833285000-752833286000 r--p 00002000 103:02 16530540                  /usr/lib/x86_64-linux-gnu/libdl.so.2
752833286000-752833287000 r--p 00002000 103:02 16530540                  /usr/lib/x86_64-linux-gnu/libdl.so.2
752833287000-752833288000 rw-p 00003000 103:02 16530540                  /usr/lib/x86_64-linux-gnu/libdl.so.2
752833288000-752833289000 r--p 00000000 103:02 16531006                  /usr/lib/x86_64-linux-gnu/librt.so.1
752833289000-75283328a000 r-xp 00001000 103:02 16531006                  /usr/lib/x86_64-linux-gnu/librt.so.1
75283328a000-75283328b000 r--p 00002000 103:02 16531006                  /usr/lib/x86_64-linux-gnu/librt.so.1
75283328b000-75283328c000 r--p 00002000 103:02 16531006                  /usr/lib/x86_64-linux-gnu/librt.so.1
75283328c000-75283328d000 rw-p 00003000 103:02 16531006                  /usr/lib/x86_64-linux-gnu/librt.so.1
75283328d000-75283328e000 r--p 00000000 103:02 16530978                  /usr/lib/x86_64-linux-gnu/libpthread.so.0
75283328e000-75283328f000 r-xp 00001000 103:02 16530978                  /usr/lib/x86_64-linux-gnu/libpthread.so.0
75283328f000-752833290000 r--p 00002000 103:02 16530978                  /usr/lib/x86_64-linux-gnu/libpthread.so.0
752833290000-752833291000 r--p 00002000 103:02 16530978                  /usr/lib/x86_64-linux-gnu/libpthread.so.0
752833291000-752833292000 rw-p 00003000 103:02 16530978                  /usr/lib/x86_64-linux-gnu/libpthread.so.0
752833296000-7528332a6000 -w-s 00000000 00:05 1111                       /dev/nvidia0
7528332a6000-7528332ad000 r--p 00000000 103:02 17172976                  /usr/lib/jvm/java-21-openjdk-amd64/lib/libnio.so
7528332ad000-7528332b6000 r-xp 00007000 103:02 17172976                  /usr/lib/jvm/java-21-openjdk-amd64/lib/libnio.so
7528332b6000-7528332ba000 r--p 00010000 103:02 17172976                  /usr/lib/jvm/java-21-openjdk-amd64/lib/libnio.so
7528332ba000-7528332bb000 r--p 00014000 103:02 17172976                  /usr/lib/jvm/java-21-openjdk-amd64/lib/libnio.so
7528332bb000-7528332bc000 rw-p 00015000 103:02 17172976                  /usr/lib/jvm/java-21-openjdk-amd64/lib/libnio.so
7528332bc000-752833317000 rw-p 00000000 00:00 0 
752833317000-752833327000 r--p 00000000 103:02 16530817                  /usr/lib/x86_64-linux-gnu/libm.so.6
752833327000-7528333a6000 r-xp 00010000 103:02 16530817                  /usr/lib/x86_64-linux-gnu/libm.so.6
7528333a6000-7528333fe000 r--p 0008f000 103:02 16530817                  /usr/lib/x86_64-linux-gnu/libm.so.6
7528333fe000-7528333ff000 r--p 000e7000 103:02 16530817                  /usr/lib/x86_64-linux-gnu/libm.so.6
7528333ff000-752833400000 rw-p 000e8000 103:02 16530817                  /usr/lib/x86_64-linux-gnu/libm.so.6
752833400000-752833696000 r--p 00000000 103:02 17172990                  /usr/lib/jvm/java-21-openjdk-amd64/lib/server/libjvm.so
752833696000-7528344fe000 r-xp 00296000 103:02 17172990                  /usr/lib/jvm/java-21-openjdk-amd64/lib/server/libjvm.so
7528344fe000-7528347d1000 r--p 010fe000 103:02 17172990                  /usr/lib/jvm/java-21-openjdk-amd64/lib/server/libjvm.so
7528347d1000-7528348a1000 r--p 013d0000 103:02 17172990                  /usr/lib/jvm/java-21-openjdk-amd64/lib/server/libjvm.so
7528348a1000-7528348d1000 rw-p 014a0000 103:02 17172990                  /usr/lib/jvm/java-21-openjdk-amd64/lib/server/libjvm.so
7528348d1000-752834937000 rw-p 00000000 00:00 0 
752834938000-75283493a000 r--p 00000000 103:02 17172983                  /usr/lib/jvm/java-21-openjdk-amd64/lib/libzip.so
75283493a000-75283493f000 r-xp 00002000 103:02 17172983                  /usr/lib/jvm/java-21-openjdk-amd64/lib/libzip.so
75283493f000-752834941000 r--p 00007000 103:02 17172983                  /usr/lib/jvm/java-21-openjdk-amd64/lib/libzip.so
752834941000-752834942000 r--p 00008000 103:02 17172983                  /usr/lib/jvm/java-21-openjdk-amd64/lib/libzip.so
752834942000-752834943000 rw-p 00009000 103:02 17172983                  /usr/lib/jvm/java-21-openjdk-amd64/lib/libzip.so
752834943000-752834a00000 rw-p 00000000 00:00 0 
752834a00000-752834a28000 r--p 00000000 103:02 16530474                  /usr/lib/x86_64-linux-gnu/libc.so.6
752834a28000-752834bb0000 r-xp 00028000 103:02 16530474                  /usr/lib/x86_64-linux-gnu/libc.so.6
752834bb0000-752834bff000 r--p 001b0000 103:02 16530474                  /usr/lib/x86_64-linux-gnu/libc.so.6
752834bff000-752834c03000 r--p 001fe000 103:02 16530474                  /usr/lib/x86_64-linux-gnu/libc.so.6
752834c03000-752834c05000 rw-p 00202000 103:02 16530474                  /usr/lib/x86_64-linux-gnu/libc.so.6
752834c05000-752834c12000 rw-p 00000000 00:00 0 
752834c15000-752834c18000 r--p 00000000 103:02 17172975                  /usr/lib/jvm/java-21-openjdk-amd64/lib/libnet.so
752834c18000-752834c20000 r-xp 00003000 103:02 17172975                  /usr/lib/jvm/java-21-openjdk-amd64/lib/libnet.so
752834c20000-752834c22000 r--p 0000b000 103:02 17172975                  /usr/lib/jvm/java-21-openjdk-amd64/lib/libnet.so
752834c22000-752834c23000 r--p 0000c000 103:02 17172975                  /usr/lib/jvm/java-21-openjdk-amd64/lib/libnet.so
752834c23000-752834c24000 rw-p 0000d000 103:02 17172975                  /usr/lib/jvm/java-21-openjdk-amd64/lib/libnet.so
752834c24000-752834c2a000 rw-p 00000000 00:00 0 
752834c2a000-752834c33000 ---p 00000000 00:00 0 
752834c33000-752834c40000 r--p 00000000 103:02 17172961                  /usr/lib/jvm/java-21-openjdk-amd64/lib/libjava.so
752834c40000-752834c4f000 r-xp 0000d000 103:02 17172961                  /usr/lib/jvm/java-21-openjdk-amd64/lib/libjava.so
752834c4f000-752834c54000 r--p 0001c000 103:02 17172961                  /usr/lib/jvm/java-21-openjdk-amd64/lib/libjava.so
752834c54000-752834c55000 r--p 00021000 103:02 17172961                  /usr/lib/jvm/java-21-openjdk-amd64/lib/libjava.so
752834c55000-752834c56000 rw-p 00022000 103:02 17172961                  /usr/lib/jvm/java-21-openjdk-amd64/lib/libjava.so
752834c56000-752834c57000 rw-p 00000000 00:00 0 
752834c57000-752834c5b000 r--p 00000000 103:02 16528598                  /usr/lib/x86_64-linux-gnu/libgcc_s.so.1
752834c5b000-752834c7f000 r-xp 00004000 103:02 16528598                  /usr/lib/x86_64-linux-gnu/libgcc_s.so.1
752834c7f000-752834c83000 r--p 00028000 103:02 16528598                  /usr/lib/x86_64-linux-gnu/libgcc_s.so.1
752834c83000-752834c84000 r--p 0002b000 103:02 16528598                  /usr/lib/x86_64-linux-gnu/libgcc_s.so.1
752834c84000-752834c85000 rw-p 0002c000 103:02 16528598                  /usr/lib/x86_64-linux-gnu/libgcc_s.so.1
752834c85000-752834c87000 rw-p 00000000 00:00 0 
752834c87000-752834c89000 r--p 00000000 103:02 17172965                  /usr/lib/jvm/java-21-openjdk-amd64/lib/libjli.so
752834c89000-752834c93000 r-xp 00002000 103:02 17172965                  /usr/lib/jvm/java-21-openjdk-amd64/lib/libjli.so
752834c93000-752834c96000 r--p 0000c000 103:02 17172965                  /usr/lib/jvm/java-21-openjdk-amd64/lib/libjli.so
752834c96000-752834c97000 r--p 0000f000 103:02 17172965                  /usr/lib/jvm/java-21-openjdk-amd64/lib/libjli.so
752834c97000-752834c98000 rw-p 00010000 103:02 17172965                  /usr/lib/jvm/java-21-openjdk-amd64/lib/libjli.so
752834c98000-752834c9a000 r--p 00000000 103:02 16531205                  /usr/lib/x86_64-linux-gnu/libz.so.1.3
752834c9a000-752834cac000 r-xp 00002000 103:02 16531205                  /usr/lib/x86_64-linux-gnu/libz.so.1.3
752834cac000-752834cb2000 r--p 00014000 103:02 16531205                  /usr/lib/x86_64-linux-gnu/libz.so.1.3
752834cb2000-752834cb3000 r--p 0001a000 103:02 16531205                  /usr/lib/x86_64-linux-gnu/libz.so.1.3
752834cb3000-752834cb4000 rw-p 0001b000 103:02 16531205                  /usr/lib/x86_64-linux-gnu/libz.so.1.3
752834cb5000-752834cbd000 rw-s 00000000 103:02 18219262                  /tmp/hsperfdata_dov/38148
752834cbd000-752834cbe000 ---p 00000000 00:00 0 
752834cbe000-752834cbf000 r--p 00000000 00:00 0 
752834cbf000-752834cc0000 ---p 00000000 00:00 0 
752834cc0000-752834cc2000 r--p 00000000 103:02 17172964                  /usr/lib/jvm/java-21-openjdk-amd64/lib/libjimage.so
752834cc2000-752834cc5000 r-xp 00002000 103:02 17172964                  /usr/lib/jvm/java-21-openjdk-amd64/lib/libjimage.so
752834cc5000-752834cc6000 r--p 00005000 103:02 17172964                  /usr/lib/jvm/java-21-openjdk-amd64/lib/libjimage.so
752834cc6000-752834cc7000 r--p 00006000 103:02 17172964                  /usr/lib/jvm/java-21-openjdk-amd64/lib/libjimage.so
752834cc7000-752834cc8000 rw-p 00007000 103:02 17172964                  /usr/lib/jvm/java-21-openjdk-amd64/lib/libjimage.so
752834cc8000-752834cca000 rw-p 00000000 00:00 0 
752834cca000-752834ccb000 r--p 00000000 103:02 16530286                  /usr/lib/x86_64-linux-gnu/ld-linux-x86-64.so.2
752834ccb000-752834cf6000 r-xp 00001000 103:02 16530286                  /usr/lib/x86_64-linux-gnu/ld-linux-x86-64.so.2
752834cf6000-752834d00000 r--p 0002c000 103:02 16530286                  /usr/lib/x86_64-linux-gnu/ld-linux-x86-64.so.2
752834d00000-752834d02000 r--p 00036000 103:02 16530286                  /usr/lib/x86_64-linux-gnu/ld-linux-x86-64.so.2
752834d02000-752834d04000 rw-p 00038000 103:02 16530286                  /usr/lib/x86_64-linux-gnu/ld-linux-x86-64.so.2
7ffe2e093000-7ffe2e0b4000 rw-p 00000000 00:00 0                          [stack]
7ffe2e0b7000-7ffe2e0bb000 r--p 00000000 00:00 0                          [vvar]
7ffe2e0bb000-7ffe2e0bd000 r-xp 00000000 00:00 0                          [vdso]
ffffffffff600000-ffffffffff601000 --xp 00000000 00:00 0                  [vsyscall]
Total number of mappings: 400


VM Arguments:
jvm_args: -Dfile.encoding=UTF-8 --module-path=/home/dov/projects/NeighborhoodPIG/build/classes 
java_command: main.NeighborhoodPIG
java_class_path (initial): /home/dov/projects/Libraries/commons-math3/commons-math3-3.6.1-javadoc.jar:/home/dov/projects/Libraries/commons-math3/commons-math3-3.6.1-sources.jar:/home/dov/projects/Libraries/commons-math3/commons-math3-3.6.1-test-sources.jar:/home/dov/projects/Libraries/commons-math3/commons-math3-3.6.1-tests.jar:/home/dov/projects/Libraries/commons-math3/commons-math3-3.6.1-tools.jar:/home/dov/projects/Libraries/commons-math3/commons-math3-3.6.1.jar:/home/dov/projects/JCudaWrapper/jcuda12/jcublas-12.0.0.jar:/home/dov/projects/JCudaWrapper/jcuda12/jcublas-natives-12.0.0-linux-x86_64.jar:/home/dov/projects/JCudaWrapper/jcuda12/jcuda-12.0.0.jar:/home/dov/projects/JCudaWrapper/jcuda12/jcuda-natives-12.0.0-linux-x86_64.jar:/home/dov/projects/JCudaWrapper/jcuda12/jcudnn-12.0.0.jar:/home/dov/projects/JCudaWrapper/jcuda12/jcudnn-natives-12.0.0-linux-x86_64.jar:/home/dov/projects/JCudaWrapper/jcuda12/jcufft-12.0.0.jar:/home/dov/projects/JCudaWrapper/jcuda12/jcufft-natives-12.0.0-linux-x86_64.jar:/home/dov/projects/JCudaWrapper/jcuda12/jcurand-12.0.0.jar:/home/dov/projects/JCudaWrapper/jcuda12/jcurand-natives-12.0.0-linux-x86_64.jar:/home/dov/projects/JCudaWrapper/jcuda12/jcusolver-12.0.0.jar:/home/dov/projects/JCudaWrapper/jcuda12/jcusolver-natives-12.0.0-linux-x86_64.jar:/home/dov/projects/JCudaWrapper/jcuda12/jcusparse-12.0.0.jar:/home/dov/projects/JCudaWrapper/jcuda12/jcusparse-natives-12.0.0-linux-x86_64.jar:/home/dov/projects/NeighborhoodPIG/build/classes
Launcher Type: SUN_STANDARD

[Global flags]
     intx CICompilerCount                          = 12                                        {product} {ergonomic}
     uint ConcGCThreads                            = 3                                         {product} {ergonomic}
     uint G1ConcRefinementThreads                  = 13                                        {product} {ergonomic}
   size_t G1HeapRegionSize                         = 4194304                                   {product} {ergonomic}
    uintx GCDrainStackTargetSize                   = 64                                        {product} {ergonomic}
   size_t InitialHeapSize                          = 515899392                                 {product} {ergonomic}
   size_t MarkStackSize                            = 4194304                                   {product} {ergonomic}
   size_t MaxHeapSize                              = 8212447232                                {product} {ergonomic}
   size_t MaxNewSize                               = 4924112896                                {product} {ergonomic}
   size_t MinHeapDeltaBytes                        = 4194304                                   {product} {ergonomic}
   size_t MinHeapSize                              = 8388608                                   {product} {ergonomic}
    uintx NonNMethodCodeHeapSize                   = 7602480                                {pd product} {ergonomic}
    uintx NonProfiledCodeHeapSize                  = 122027880                              {pd product} {ergonomic}
    uintx ProfiledCodeHeapSize                     = 122027880                              {pd product} {ergonomic}
    uintx ReservedCodeCacheSize                    = 251658240                              {pd product} {ergonomic}
     bool SegmentedCodeCache                       = true                                      {product} {ergonomic}
   size_t SoftMaxHeapSize                          = 8212447232                             {manageable} {ergonomic}
     bool UseCompressedOops                        = true                           {product lp64_product} {ergonomic}
     bool UseG1GC                                  = true                                      {product} {ergonomic}

Logging:
Log output configuration:
 #0: stdout all=warning uptime,level,tags foldmultilines=false
 #1: stderr all=off uptime,level,tags foldmultilines=false

Environment Variables:
PATH=/usr/local/sbin:/usr/local/bin:/usr/sbin:/usr/bin:/sbin:/bin:/usr/games:/usr/local/games:/snap/bin:/snap/bin
USERNAME=dov
SHELL=/bin/bash
DISPLAY=:1
LANG=en_US.UTF-8

Active Locale:
LC_ALL=en_US.UTF-8
LC_COLLATE=en_US.UTF-8
LC_CTYPE=en_US.UTF-8
LC_MESSAGES=en_US.UTF-8
LC_MONETARY=en_US.UTF-8
LC_NUMERIC=en_US.UTF-8
LC_TIME=en_US.UTF-8

Signal Handlers:
   SIGSEGV: crash_handler in libjvm.so, mask=11100100010111111101111111111110, flags=SA_RESTART|SA_SIGINFO, unblocked
    SIGBUS: crash_handler in libjvm.so, mask=11100100010111111101111111111110, flags=SA_RESTART|SA_SIGINFO, unblocked
    SIGFPE: crash_handler in libjvm.so, mask=11100100010111111101111111111110, flags=SA_RESTART|SA_SIGINFO, unblocked
   SIGPIPE: javaSignalHandler in libjvm.so, mask=11100100010111111101111111111110, flags=SA_RESTART|SA_SIGINFO, blocked
   SIGXFSZ: javaSignalHandler in libjvm.so, mask=11100100010111111101111111111110, flags=SA_RESTART|SA_SIGINFO, blocked
    SIGILL: crash_handler in libjvm.so, mask=11100100010111111101111111111110, flags=SA_RESTART|SA_SIGINFO, unblocked
   SIGUSR2: SR_handler in libjvm.so, mask=00000000000000000000000000000000, flags=SA_RESTART|SA_SIGINFO, blocked
    SIGHUP: UserHandler in libjvm.so, mask=11100100010111111101111111111110, flags=SA_RESTART|SA_SIGINFO, blocked
    SIGINT: SIG_IGN, mask=00000000000000000000000000000000, flags=none, blocked
   SIGTERM: UserHandler in libjvm.so, mask=11100100010111111101111111111110, flags=SA_RESTART|SA_SIGINFO, blocked
   SIGQUIT: UserHandler in libjvm.so, mask=11100100010111111101111111111110, flags=SA_RESTART|SA_SIGINFO, blocked
   SIGTRAP: crash_handler in libjvm.so, mask=11100100010111111101111111111110, flags=SA_RESTART|SA_SIGINFO, unblocked


Periodic native trim disabled

---------------  S Y S T E M  ---------------

OS:
DISTRIB_ID=Ubuntu
DISTRIB_RELEASE=24.04
DISTRIB_CODENAME=noble
DISTRIB_DESCRIPTION="Ubuntu 24.04.1 LTS"
uname: Linux 6.8.0-47-generic #47-Ubuntu SMP PREEMPT_DYNAMIC Fri Sep 27 21:40:26 UTC 2024 x86_64
OS uptime: 0 days 23:31 hours
libc: glibc 2.39 NPTL 2.39 
rlimit (soft/hard): STACK 8192k/infinity , CORE 0k/infinity , NPROC 125013/125013 , NOFILE 1048576/1048576 , AS infinity/infinity , CPU infinity/infinity , DATA infinity/infinity , FSIZE infinity/infinity , MEMLOCK 4009332k/4009332k
load average: 0.16 0.27 0.33

/proc/meminfo:
MemTotal:       32074672 kB
MemFree:        19581368 kB
MemAvailable:   24683308 kB
Buffers:          588168 kB
Cached:          4850828 kB
SwapCached:            0 kB
Active:          7187504 kB
Inactive:        3366572 kB
Active(anon):    5195416 kB
Inactive(anon):        0 kB
Active(file):    1992088 kB
Inactive(file):  3366572 kB
Unevictable:          32 kB
Mlocked:              32 kB
SwapTotal:       8388604 kB
SwapFree:        8388604 kB
Zswap:                 0 kB
Zswapped:              0 kB
Dirty:               304 kB
Writeback:            76 kB
AnonPages:       5115244 kB
Mapped:           969308 kB
Shmem:             80336 kB
KReclaimable:     207760 kB
Slab:             509916 kB
SReclaimable:     207760 kB
SUnreclaim:       302156 kB
KernelStack:       20208 kB
PageTables:        52520 kB
SecPageTables:         0 kB
NFS_Unstable:          0 kB
Bounce:                0 kB
WritebackTmp:          0 kB
CommitLimit:    24425940 kB
Committed_AS:   21827996 kB
VmallocTotal:   34359738367 kB
VmallocUsed:      163192 kB
VmallocChunk:          0 kB
Percpu:            23360 kB
HardwareCorrupted:     0 kB
AnonHugePages:         0 kB
ShmemHugePages:        0 kB
ShmemPmdMapped:        0 kB
FileHugePages:         0 kB
FilePmdMapped:         0 kB
Unaccepted:            0 kB
HugePages_Total:       0
HugePages_Free:        0
HugePages_Rsvd:        0
HugePages_Surp:        0
Hugepagesize:       2048 kB
Hugetlb:               0 kB
DirectMap4k:     1724904 kB
DirectMap2M:    16353280 kB
DirectMap1G:    15728640 kB

/sys/kernel/mm/transparent_hugepage/enabled: always [madvise] never
/sys/kernel/mm/transparent_hugepage/hpage_pmd_size: 2097152
/sys/kernel/mm/transparent_hugepage/defrag (defrag/compaction efforts parameter): always defer defer+madvise [madvise] never

Process Memory:
Virtual Size: 16959676K (peak: 16979708K)
Resident Set Size: 275524K (peak: 275524K) (anon: 110536K, file: 156796K, shmem: 8192K)
Swapped out: 0K
C-Heap outstanding allocations: 85776K, retained: 3099K
glibc malloc tunables: (default)

/proc/sys/kernel/threads-max (system-wide limit on the number of threads): 250026
/proc/sys/vm/max_map_count (maximum number of memory map areas a process may have): 1048576
/proc/sys/vm/swappiness (control to define how aggressively the kernel swaps out anonymous memory): 60
/proc/sys/kernel/pid_max (system-wide limit on number of process identifiers): 4194304

container (cgroup) information:
container_type: cgroupv2
cpu_cpuset_cpus: not supported
cpu_memory_nodes: not supported
active_processor_count: 16
cpu_quota: not supported
cpu_period: not supported
cpu_shares: not supported
memory_limit_in_bytes: unlimited
memory_and_swap_limit_in_bytes: unlimited
memory_soft_limit_in_bytes: unlimited
memory_usage_in_bytes: 3154600 k
memory_max_usage_in_bytes: not supported
memory_swap_current_in_bytes: unlimited
memory_swap_max_limit_in_bytes: unlimited
maximum number of tasks: 37503
current number of tasks: 129

Steal ticks since vm start: 0
Steal ticks percentage since vm start:  0.000

CPU: total 16 (initial active 16) (16 cores per cpu, 2 threads per core) family 25 model 68 stepping 1 microcode 0xa404101, cx8, cmov, fxsr, ht, mmx, 3dnowpref, sse, sse2, sse3, ssse3, sse4a, sse4.1, sse4.2, popcnt, lzcnt, tsc, tscinvbit, avx, avx2, aes, clmul, bmi1, bmi2, adx, sha, fma, vzeroupper, clflush, clflushopt, rdtscp, rdpid, f16c, pku, ospke, cet_ss
CPU Model and flags from /proc/cpuinfo:
model name	: AMD Ryzen 9 6900HS with Radeon Graphics
flags		: fpu vme de pse tsc msr pae mce cx8 apic sep mtrr pge mca cmov pat pse36 clflush mmx fxsr sse sse2 ht syscall nx mmxext fxsr_opt pdpe1gb rdtscp lm constant_tsc rep_good nopl nonstop_tsc cpuid extd_apicid aperfmperf rapl pni pclmulqdq monitor ssse3 fma cx16 sse4_1 sse4_2 x2apic movbe popcnt aes xsave avx f16c rdrand lahf_lm cmp_legacy svm extapic cr8_legacy abm sse4a misalignsse 3dnowprefetch osvw ibs skinit wdt tce topoext perfctr_core perfctr_nb bpext perfctr_llc mwaitx cpb cat_l3 cdp_l3 hw_pstate ssbd mba ibrs ibpb stibp vmmcall fsgsbase bmi1 avx2 smep bmi2 invpcid cqm rdt_a rdseed adx smap clflushopt clwb sha_ni xsaveopt xsavec xgetbv1 xsaves cqm_llc cqm_occup_llc cqm_mbm_total cqm_mbm_local user_shstk clzero irperf xsaveerptr rdpru wbnoinvd cppc arat npt lbrv svm_lock nrip_save tsc_scale vmcb_clean flushbyasid decodeassists pausefilter pfthreshold avic v_vmsave_vmload vgif v_spec_ctrl umip pku ospke vaes vpclmulqdq rdpid overflow_recov succor smca debug_swap

Online cpus: 0-15
Offline cpus: 
BIOS frequency limitation: <Not Available>
Frequency switch latency (ns): 0
Available cpu frequencies: <Not Available>
Current governor: powersave
Core performance/turbo boost: <Not Available>

Memory: 4k page, physical 32074672k(24683308k free), swap 8388604k(8388604k free)
Page Sizes: 4k

vm_info: OpenJDK 64-Bit Server VM (21.0.4+7-Ubuntu-1ubuntu224.04) for linux-amd64 JRE (21.0.4+7-Ubuntu-1ubuntu224.04), built on 2024-07-23T01:34:52Z by "buildd" with gcc 13.2.0

END.
