#
# A fatal error has been detected by the Java Runtime Environment:
#
#  SIGSEGV (0xb) at pc=0x00007ba52e04b06e, pid=7031, tid=7037
#
# JRE version: OpenJDK Runtime Environment (21.0.4+7) (build 21.0.4+7-Ubuntu-1ubuntu224.04)
# Java VM: OpenJDK 64-Bit Server VM (21.0.4+7-Ubuntu-1ubuntu224.04, mixed mode, sharing, tiered, compressed oops, compressed class ptrs, g1 gc, linux-amd64)
# Problematic frame:
# C  [libcuda.so.1+0x24b06e]
#
# Core dump will be written. Default location: Core dumps may be processed with "/usr/share/apport/apport -p%p -s%s -c%c -d%d -P%P -u%u -g%g -- %E" (or dumping to /home/dov/projects/NeighborhoodPIG/core.7031)
#
# If you would like to submit a bug report, please visit:
#   https://bugs.launchpad.net/ubuntu/+source/openjdk-21
# The crash happened outside the Java Virtual Machine in native code.
# See problematic frame for where to report the bug.
#

---------------  S U M M A R Y ------------

Command Line: -Dfile.encoding=UTF-8 -agentlib:jdwp=transport=dt_socket,address=localhost:44087 --module-path=/home/dov/projects/NeighborhoodPIG/build/classes main.NeighborhoodPIG

Host: AMD Ryzen 9 6900HS with Radeon Graphics, 16 cores, 30G, Ubuntu 24.04.1 LTS
Time: Fri Nov  1 15:58:03 2024 IST elapsed time: 0.659039 seconds (0d 0h 0m 0s)

---------------  T H R E A D  ---------------

Current thread (0x00007ba56001b940):  JavaThread "main"             [_thread_in_native, id=7037, stack(0x00007ba567900000,0x00007ba567a00000) (1024K)]

Stack: [0x00007ba567900000,0x00007ba567a00000],  sp=0x00007ba5679fe330,  free space=1016k
Native frames: (J=compiled Java code, j=interpreted, Vv=VM code, C=native code)
C  [libcuda.so.1+0x24b06e]
C  [libcuda.so.1+0x24b5f8]
C  [libcuda.so.1+0x2f19c3]
j  jcuda.driver.JCudaDriver.cuStreamSynchronizeNative(Ljcuda/driver/CUstream;)I+0
j  jcuda.driver.JCudaDriver.cuStreamSynchronize(Ljcuda/driver/CUstream;)I+1
j  JCudaWrapper.resourceManagement.Handle.get()Ljcuda/jcublas/cublasHandle;+11
j  JCudaWrapper.array.DStrideArray.multMatMatStridedBatched(LJCudaWrapper/resourceManagement/Handle;ZZIIIDLJCudaWrapper/array/DStrideArray;ILJCudaWrapper/array/DStrideArray;IDI)V+70
j  JCudaWrapper.algebra.Vector.addBatchVecVecMult(DLJCudaWrapper/algebra/VectorsStride;LJCudaWrapper/algebra/VectorsStride;D)V+53
j  JCudaWrapper.algebra.VectorsStride.norms(LJCudaWrapper/array/DArray;)LJCudaWrapper/algebra/Vector;+19
j  JCudaWrapper.algebra.VectorsStride.setVectorMagnitudes(DLJCudaWrapper/array/DArray;)LJCudaWrapper/algebra/VectorsStride;+13
j  main.StructureTensorMatrix.getRGB()[[[D+33
j  main.NeighborhoodPIG.orientationColored(Ljava/lang/String;)V+4
j  main.NeighborhoodPIG.main([Ljava/lang/String;)V+14
v  ~StubRoutines::call_stub 0x00007ba54fc5fcc6
V  [libjvm.so+0x90841a]  JavaCalls::call_helper(JavaValue*, methodHandle const&, JavaCallArguments*, JavaThread*)+0x2da
V  [libjvm.so+0x9ae72d]  jni_invoke_static(JNIEnv_*, JavaValue*, _jobject*, JNICallType, _jmethodID*, JNI_ArgumentPusher*, JavaThread*) [clone .constprop.1]+0x35d
V  [libjvm.so+0x9b0c7f]  jni_CallStaticVoidMethod+0x12f
C  [libjli.so+0x55be]  JavaMain+0xfde
C  [libjli.so+0x844d]  ThreadJavaMain+0xd
C  [libc.so.6+0x9ca94]
Java frames: (J=compiled Java code, j=interpreted, Vv=VM code)
j  jcuda.driver.JCudaDriver.cuStreamSynchronizeNative(Ljcuda/driver/CUstream;)I+0
j  jcuda.driver.JCudaDriver.cuStreamSynchronize(Ljcuda/driver/CUstream;)I+1
j  JCudaWrapper.resourceManagement.Handle.get()Ljcuda/jcublas/cublasHandle;+11
j  JCudaWrapper.array.DStrideArray.multMatMatStridedBatched(LJCudaWrapper/resourceManagement/Handle;ZZIIIDLJCudaWrapper/array/DStrideArray;ILJCudaWrapper/array/DStrideArray;IDI)V+70
j  JCudaWrapper.algebra.Vector.addBatchVecVecMult(DLJCudaWrapper/algebra/VectorsStride;LJCudaWrapper/algebra/VectorsStride;D)V+53
j  JCudaWrapper.algebra.VectorsStride.norms(LJCudaWrapper/array/DArray;)LJCudaWrapper/algebra/Vector;+19
j  JCudaWrapper.algebra.VectorsStride.setVectorMagnitudes(DLJCudaWrapper/array/DArray;)LJCudaWrapper/algebra/VectorsStride;+13
j  main.StructureTensorMatrix.getRGB()[[[D+33
j  main.NeighborhoodPIG.orientationColored(Ljava/lang/String;)V+4
j  main.NeighborhoodPIG.main([Ljava/lang/String;)V+14
v  ~StubRoutines::call_stub 0x00007ba54fc5fcc6

siginfo: si_signo: 11 (SIGSEGV), si_code: 1 (SEGV_MAPERR), si_addr: 0x00007ba2da61bc70

Registers:
RAX=0x00007ba56062c600, RBX=0x00007ba5679fe448, RCX=0x0000000000000002, RDX=0x00007ba5627b88b0
RSP=0x00007ba5679fe330, RBP=0x00007ba5679fe390, RSI=0x0000000000000000, RDI=0x00007ba56062c600
R8 =0x00007ba5679fe3c8, R9 =0x0000000000000000, R10=0x00007ba5627b88b0, R11=0x00007ba2da61b888
R12=0x00007ba5679fe3c8, R13=0x00007ba56062c600, R14=0x00007ba5679fe558, R15=0x00007ba56001b940
RIP=0x00007ba52e04b06e, EFLAGS=0x0000000000010206, CSGSFS=0x002b000000000033, ERR=0x0000000000000004
  TRAPNO=0x000000000000000e


Register to memory mapping:

RAX=0x00007ba56062c600 points into unknown readable memory: 0x00007ba56060c320 | 20 c3 60 60 a5 7b 00 00
RBX=0x00007ba5679fe448 is pointing into the stack for thread: 0x00007ba56001b940
RCX=0x0000000000000002 is an unknown value
RDX=0x00007ba5627b88b0 points into unknown readable memory: 0x00007ba560f533e0 | e0 33 f5 60 a5 7b 00 00
RSP=0x00007ba5679fe330 is pointing into the stack for thread: 0x00007ba56001b940
RBP=0x00007ba5679fe390 is pointing into the stack for thread: 0x00007ba56001b940
RSI=0x0 is null
RDI=0x00007ba56062c600 points into unknown readable memory: 0x00007ba56060c320 | 20 c3 60 60 a5 7b 00 00
R8 =0x00007ba5679fe3c8 is pointing into the stack for thread: 0x00007ba56001b940
R9 =0x0 is null
R10=0x00007ba5627b88b0 points into unknown readable memory: 0x00007ba560f533e0 | e0 33 f5 60 a5 7b 00 00
R11=0x00007ba2da61b888 is an unknown value
R12=0x00007ba5679fe3c8 is pointing into the stack for thread: 0x00007ba56001b940
R13=0x00007ba56062c600 points into unknown readable memory: 0x00007ba56060c320 | 20 c3 60 60 a5 7b 00 00
R14=0x00007ba5679fe558 is pointing into the stack for thread: 0x00007ba56001b940
R15=0x00007ba56001b940 is a thread

Top of Stack: (sp=0x00007ba5679fe330)
0x00007ba5679fe330:   0000000634896838 0000000634896860
0x00007ba5679fe340:   00007ba500000000 00007ba56001b940
0x00007ba5679fe350:   00007ba5679fe668 00007ba5488cd64c
0x00007ba5679fe360:   00007ba5679fe3f8 00007ba5679fe448
0x00007ba5679fe370:   0000000000000000 00007ba5679fe440
0x00007ba5679fe380:   00007ba5679fe558 00007ba56001b940
0x00007ba5679fe390:   00007ba5679fe400 00007ba52e04b5f8
0x00007ba5679fe3a0:   0000000634896838 0000000634896860
0x00007ba5679fe3b0:   00007ba4d80122d8 00007ba5488cc72f
0x00007ba5679fe3c0:   00007ba5679fe668 0000000000000000
0x00007ba5679fe3d0:   0000000000000250 00007ba4d84e06d0
0x00007ba5679fe3e0:   00007ba5627b88b0 00007ba4d84e06d0
0x00007ba5679fe3f0:   00007ba5679fe558 00007ba56001b940
0x00007ba5679fe400:   00007ba5679fe4d0 00007ba52e0f19c3
0x00007ba5679fe410:   00007ba5679fe558 000000000000002c
0x00007ba5679fe420:   000003e700000001 0000000000000000
0x00007ba5679fe430:   0000000000000000 00007ba56062c600
0x00007ba5679fe440:   0000000000000000 0000000000000000
0x00007ba5679fe450:   00007ba5679fe4e8 0000000634896860
0x00007ba5679fe460:   00007ba501000020 00007ba5679fe4e8
0x00007ba5679fe470:   00007ba5679fe4d0 00007ba5689a3f27
0x00007ba5679fe480:   0000000634896838 0000000000000000
0x00007ba5679fe490:   0000000634896860 0000000634896838
0x00007ba5679fe4a0:   00000006348968a8 0000000000000000
0x00007ba5679fe4b0:   00007ba56001bcf8 00007ba4cb43604a
0x00007ba5679fe4c0:   0000000000000250 0000000000000000
0x00007ba5679fe4d0:   00007ba5679fe538 00007ba54fc6eb6d
0x00007ba5679fe4e0:   0000000000000001 00007ba56001b940
0x00007ba5679fe4f0:   00007ba5679fe4f0 0000000000000000
0x00007ba5679fe500:   0000000000000004 00007ba4d84e42f0
0x00007ba5679fe510:   0000000000000000 0000000634849510
0x00007ba5679fe520:   00007ba4d84e06d0 0000000000000000 

Instructions: (pc=0x00007ba52e04b06e)
0x00007ba52e04af6e:   f6 c2 10 75 ba 83 e2 08 b8 8a 03 00 00 75 da 48
0x00007ba52e04af7e:   8b 59 08 4c 8d 63 08 4c 89 e7 e8 23 3a e9 ff 48
0x00007ba52e04af8e:   8b 5b 38 48 85 db 74 2d 66 2e 0f 1f 84 00 00 00
0x00007ba52e04af9e:   00 00 48 8b bb e8 03 00 00 48 85 ff 74 0b f6 43
0x00007ba52e04afae:   50 04 74 05 e8 c9 9a 29 00 48 8b 9b 58 01 00 00
0x00007ba52e04afbe:   48 85 db 75 dd 4c 89 e7 e8 15 35 e9 ff b8 8a 03
0x00007ba52e04afce:   00 00 eb 85 66 0f 1f 44 00 00 83 f8 02 ba 91 01
0x00007ba52e04afde:   00 00 b8 00 00 00 00 5b 0f 44 c2 41 5c 5d c3 0f
0x00007ba52e04afee:   1f 00 e8 8b 9a 29 00 b8 84 03 00 00 e9 58 ff ff
0x00007ba52e04affe:   ff 90 55 48 89 e5 41 57 41 56 41 55 49 89 fd 41
0x00007ba52e04b00e:   54 4d 89 c4 53 48 83 ec 38 49 c7 00 00 00 00 00
0x00007ba52e04b01e:   48 85 f6 0f 84 b9 00 00 00 44 8b 0e 41 ba 00 00
0x00007ba52e04b02e:   00 00 48 89 f3 45 85 c9 4c 0f 45 d6 48 83 fa 02
0x00007ba52e04b03e:   77 20 48 85 d2 74 5b 48 83 fa 02 0f 85 81 00 00
0x00007ba52e04b04e:   00 4d 85 d2 0f 84 a8 00 00 00 41 b8 90 01 00 00
0x00007ba52e04b05e:   eb 28 4c 8b 1a 4d 85 db 74 f0 49 39 5b 10 75 ea
0x00007ba52e04b06e:   49 83 bb e8 03 00 00 00 75 09 4d 85 ed 0f 85 57
0x00007ba52e04b07e:   01 00 00 4d 89 1c 24 45 31 c0 48 8d 65 d8 44 89
0x00007ba52e04b08e:   c0 5b 41 5c 41 5d 41 5e 41 5f 5d c3 66 0f 1f 44
0x00007ba52e04b09e:   00 00 83 f9 02 0f 84 27 02 00 00 83 f9 03 0f 84
0x00007ba52e04b0ae:   06 02 00 00 83 f9 01 0f 84 e5 01 00 00 0f b6 05
0x00007ba52e04b0be:   66 ac 91 01 c0 e8 03 83 e0 01 84 c0 0f 85 7f ff
0x00007ba52e04b0ce:   ff ff 4d 85 d2 0f 84 ef 00 00 00 4d 8b 5a 68 eb
0x00007ba52e04b0de:   84 90 48 83 fa 02 0f 86 6e ff ff ff 4c 8b 1a 4d
0x00007ba52e04b0ee:   85 db 0f 85 78 ff ff ff e9 5d ff ff ff 0f 1f 44
0x00007ba52e04b0fe:   00 00 4d 8b 5d 18 4d 85 db 74 0d 8b 43 38 41 39
0x00007ba52e04b10e:   45 20 0f 84 9f 00 00 00 4c 8d b3 a0 03 00 00 4c
0x00007ba52e04b11e:   89 55 a8 4d 8b 7d 10 4c 89 f7 e8 83 38 e9 ff 4c
0x00007ba52e04b12e:   8b 9b c8 03 00 00 45 31 c0 4c 89 fe 4c 89 c2 41
0x00007ba52e04b13e:   8b 3b 4c 89 5d b0 89 7d b8 e8 14 72 0d 00 4c 8b
0x00007ba52e04b14e:   5d b0 48 83 ec 08 8b 7d b8 45 31 c0 41 89 c1 4c
0x00007ba52e04b15e:   89 f9 49 8b 53 10 41 8b 73 0c 6a 00 e8 21 ee 2a 


Stack slot to memory mapping:

stack at sp + 0 slots: 0x0000000634896838 is an oop: java.util.Spliterators$IntArraySpliterator 
{0x0000000634896838} - klass: 'java/util/Spliterators$IntArraySpliterator'
 - ---- fields (total size 5 words):
 - private 'index' 'I' @12  4 (0x00000004)
 - private 'estimatedSize' 'J' @16  -1 (0xffffffffffffffff)
 - private final 'fence' 'I' @24  4 (0x00000004)
 - private final 'characteristics' 'I' @28  17488 (0x00004450)
 - private final 'array' '[I' @32  [I{0x0000000634896818} (0xc6912d03)
stack at sp + 1 slots: 0x0000000634896860 is an oop: java.util.stream.IntPipeline$Head 
{0x0000000634896860} - klass: 'java/util/stream/IntPipeline$Head'
 - ---- fields (total size 7 words):
 - protected final 'sourceOrOpFlags' 'I' @12  80 (0x00000050)
 - private 'depth' 'I' @16  0 (0x00000000)
 - private 'combinedFlags' 'I' @20  16777327 (0x0100006f)
 - private 'linkedOrConsumed' 'Z' @24  true (0x01)
 - private 'sourceAnyStateful' 'Z' @25  false (0x00)
 - private 'parallel' 'Z' @26  false (0x00)
 - private final 'sourceStage' 'Ljava/util/stream/AbstractPipeline;' @28  a 'java/util/stream/IntPipeline$Head'{0x0000000634896860} (0xc6912d0c)
 - private final 'previousStage' 'Ljava/util/stream/AbstractPipeline;' @32  null (0x00000000)
 - private 'nextStage' 'Ljava/util/stream/AbstractPipeline;' @36  null (0x00000000)
 - private 'sourceSpliterator' 'Ljava/util/Spliterator;' @40  null (0x00000000)
 - private 'sourceSupplier' 'Ljava/util/function/Supplier;' @44  null (0x00000000)
 - private 'sourceCloseAction' 'Ljava/lang/Runnable;' @48  null (0x00000000)
stack at sp + 2 slots: 0x00007ba500000000 is an unknown value
stack at sp + 3 slots: 0x00007ba56001b940 is a thread
stack at sp + 4 slots: 0x00007ba5679fe668 is pointing into the stack for thread: 0x00007ba56001b940
stack at sp + 5 slots: 0x00007ba5488cd64c is at entry_point+1292 in (nmethod*)0x00007ba5488ccf10
Compiled method (c1)     671  563       3       java.util.stream.AbstractPipeline::copyInto (54 bytes)
 total in heap  [0x00007ba5488ccf10,0x00007ba5488cda90] = 2944
 relocation     [0x00007ba5488cd060,0x00007ba5488cd130] = 208
 main code      [0x00007ba5488cd140,0x00007ba5488cd7f8] = 1720
 stub code      [0x00007ba5488cd7f8,0x00007ba5488cd888] = 144
 oops           [0x00007ba5488cd888,0x00007ba5488cd890] = 8
 metadata       [0x00007ba5488cd890,0x00007ba5488cd8b0] = 32
 scopes data    [0x00007ba5488cd8b0,0x00007ba5488cd950] = 160
 scopes pcs     [0x00007ba5488cd950,0x00007ba5488cda60] = 272
 dependencies   [0x00007ba5488cda60,0x00007ba5488cda70] = 16
 nul chk table  [0x00007ba5488cda70,0x00007ba5488cda90] = 32
stack at sp + 6 slots: 0x00007ba5679fe3f8 is pointing into the stack for thread: 0x00007ba56001b940
stack at sp + 7 slots: 0x00007ba5679fe448 is pointing into the stack for thread: 0x00007ba56001b940


---------------  P R O C E S S  ---------------

Threads class SMR info:
_java_thread_list=0x00007ba561569580, length=17, elements={
0x00007ba56001b940, 0x00007ba56013a1f0, 0x00007ba56013b680, 0x00007ba56013d150,
0x00007ba56013e7a0, 0x00007ba56013fd50, 0x00007ba560141920, 0x00007ba560142ff0,
0x00007ba560162150, 0x00007ba4a8068700, 0x00007ba49c001130, 0x00007ba5601a5ea0,
0x00007ba5601bd490, 0x00007ba488001270, 0x00007ba5601be760, 0x00007ba561537ae0,
0x00007ba561568630
}

Java Threads: ( => current thread )
=>0x00007ba56001b940 JavaThread "main"                              [_thread_in_native, id=7037, stack(0x00007ba567900000,0x00007ba567a00000) (1024K)]
  0x00007ba56013a1f0 JavaThread "Reference Handler"          daemon [_thread_blocked, id=7045, stack(0x00007ba539dff000,0x00007ba539eff000) (1024K)]
  0x00007ba56013b680 JavaThread "Finalizer"                  daemon [_thread_blocked, id=7046, stack(0x00007ba538f00000,0x00007ba539000000) (1024K)]
  0x00007ba56013d150 JavaThread "Signal Dispatcher"          daemon [_thread_blocked, id=7047, stack(0x00007ba538e00000,0x00007ba538f00000) (1024K)]
  0x00007ba56013e7a0 JavaThread "Service Thread"             daemon [_thread_blocked, id=7048, stack(0x00007ba538d00000,0x00007ba538e00000) (1024K)]
  0x00007ba56013fd50 JavaThread "Monitor Deflation Thread"   daemon [_thread_blocked, id=7049, stack(0x00007ba538c00000,0x00007ba538d00000) (1024K)]
  0x00007ba560141920 JavaThread "C2 CompilerThread0"         daemon [_thread_blocked, id=7050, stack(0x00007ba538b00000,0x00007ba538c00000) (1024K)]
  0x00007ba560142ff0 JavaThread "C1 CompilerThread0"         daemon [_thread_blocked, id=7051, stack(0x00007ba538a00000,0x00007ba538b00000) (1024K)]
  0x00007ba560162150 JavaThread "Common-Cleaner"             daemon [_thread_blocked, id=7054, stack(0x00007ba538900000,0x00007ba538a00000) (1024K)]
  0x00007ba4a8068700 JavaThread "C1 CompilerThread1"         daemon [_thread_blocked, id=7055, stack(0x00007ba538800000,0x00007ba538900000) (1024K)]
  0x00007ba49c001130 JavaThread "C1 CompilerThread2"         daemon [_thread_blocked, id=7056, stack(0x00007ba538700000,0x00007ba538800000) (1024K)]
  0x00007ba5601a5ea0 JavaThread "JDWP Transport Listener: dt_socket" daemon [_thread_blocked, id=7058, stack(0x00007ba538500000,0x00007ba538600000) (1024K)]
  0x00007ba5601bd490 JavaThread "JDWP Event Helper Thread"   daemon [_thread_blocked, id=7060, stack(0x00007ba538400000,0x00007ba538500000) (1024K)]
  0x00007ba488001270 JavaThread "JDWP Command Reader"        daemon [_thread_in_native, id=7062, stack(0x00007ba538300000,0x00007ba538400000) (1024K)]
  0x00007ba5601be760 JavaThread "Notification Thread"        daemon [_thread_blocked, id=7069, stack(0x00007ba538200000,0x00007ba538300000) (1024K)]
  0x00007ba561537ae0 JavaThread "pool-1-thread-1"            daemon [_thread_blocked, id=7076, stack(0x00007ba538600000,0x00007ba538700000) (1024K)]
  0x00007ba561568630 JavaThread "Java2D Disposer"            daemon [_thread_blocked, id=7077, stack(0x00007ba52cf00000,0x00007ba52d000000) (1024K)]
Total: 17

Other Threads:
  0x00007ba56012cca0 VMThread "VM Thread"                           [id=7044, stack(0x00007ba539f00000,0x00007ba53a000000) (1024K)]
  0x00007ba560112450 WatcherThread "VM Periodic Task Thread"        [id=7043, stack(0x00007ba5400f6000,0x00007ba5401f6000) (1024K)]
  0x00007ba560046600 WorkerThread "GC Thread#0"                     [id=7038, stack(0x00007ba566565000,0x00007ba566665000) (1024K)]
  0x00007ba560057100 ConcurrentGCThread "G1 Main Marker"            [id=7039, stack(0x00007ba564500000,0x00007ba564600000) (1024K)]
  0x00007ba5600580b0 WorkerThread "G1 Conc#0"                       [id=7040, stack(0x00007ba5643ff000,0x00007ba5644ff000) (1024K)]
  0x00007ba5600ffcc0 ConcurrentGCThread "G1 Refine#0"               [id=7041, stack(0x00007ba5402f8000,0x00007ba5403f8000) (1024K)]
  0x00007ba560100c80 ConcurrentGCThread "G1 Service"                [id=7042, stack(0x00007ba5401f7000,0x00007ba5402f7000) (1024K)]
Total: 7

Threads with active compile tasks:
Total: 0

VM state: not at safepoint (normal execution)

VM Mutex/Monitor currently owned by a thread: None

Heap address: 0x0000000616800000, size: 7832 MB, Compressed Oops mode: Zero based, Oop shift amount: 3

CDS archive(s) mapped at: [0x00007ba4e3000000-0x00007ba4e3cae000-0x00007ba4e3cae000), size 13295616, SharedBaseAddress: 0x00007ba4e3000000, ArchiveRelocationMode: 1.
Compressed class space mapped at: 0x00007ba4e4000000-0x00007ba524000000, reserved size: 1073741824
Narrow klass base: 0x00007ba4e3000000, Narrow klass shift: 0, Narrow klass range: 0x100000000

GC Precious Log:
 CardTable entry size: 512
 Card Set container configuration: InlinePtr #cards 4 size 8 Array Of Cards #cards 32 size 80 Howl #buckets 8 coarsen threshold 7372 Howl Bitmap #cards 1024 size 144 coarsen threshold 921 Card regions per heap region 1 cards per card region 8192
 CPUs: 16 total, 16 available
 Memory: 31322M
 Large Page Support: Disabled
 NUMA Support: Disabled
 Compressed Oops: Enabled (Zero based)
 Heap Region Size: 4M
 Heap Min Capacity: 8M
 Heap Initial Capacity: 492M
 Heap Max Capacity: 7832M
 Pre-touch: Disabled
 Parallel Workers: 13
 Concurrent Workers: 3
 Concurrent Refinement Workers: 13
 Periodic GC: Disabled

Heap:
 garbage-first heap   total 507904K, used 9246K [0x0000000616800000, 0x0000000800000000)
  region size 4096K, 3 young (12288K), 0 survivors (0K)
 Metaspace       used 3414K, committed 3584K, reserved 1114112K
  class space    used 289K, committed 384K, reserved 1048576K

Heap Regions: E=young(eden), S=young(survivor), O=old, HS=humongous(starts), HC=humongous(continues), CS=collection set, F=free, TAMS=top-at-mark-start, PB=parsable bottom
|   0|0x0000000616800000, 0x0000000616800000, 0x0000000616c00000|  0%| F|  |TAMS 0x0000000616800000| PB 0x0000000616800000| Untracked 
|   1|0x0000000616c00000, 0x0000000616c00000, 0x0000000617000000|  0%| F|  |TAMS 0x0000000616c00000| PB 0x0000000616c00000| Untracked 
|   2|0x0000000617000000, 0x0000000617000000, 0x0000000617400000|  0%| F|  |TAMS 0x0000000617000000| PB 0x0000000617000000| Untracked 
|   3|0x0000000617400000, 0x0000000617400000, 0x0000000617800000|  0%| F|  |TAMS 0x0000000617400000| PB 0x0000000617400000| Untracked 
|   4|0x0000000617800000, 0x0000000617800000, 0x0000000617c00000|  0%| F|  |TAMS 0x0000000617800000| PB 0x0000000617800000| Untracked 
|   5|0x0000000617c00000, 0x0000000617c00000, 0x0000000618000000|  0%| F|  |TAMS 0x0000000617c00000| PB 0x0000000617c00000| Untracked 
|   6|0x0000000618000000, 0x0000000618000000, 0x0000000618400000|  0%| F|  |TAMS 0x0000000618000000| PB 0x0000000618000000| Untracked 
|   7|0x0000000618400000, 0x0000000618400000, 0x0000000618800000|  0%| F|  |TAMS 0x0000000618400000| PB 0x0000000618400000| Untracked 
|   8|0x0000000618800000, 0x0000000618800000, 0x0000000618c00000|  0%| F|  |TAMS 0x0000000618800000| PB 0x0000000618800000| Untracked 
|   9|0x0000000618c00000, 0x0000000618c00000, 0x0000000619000000|  0%| F|  |TAMS 0x0000000618c00000| PB 0x0000000618c00000| Untracked 
|  10|0x0000000619000000, 0x0000000619000000, 0x0000000619400000|  0%| F|  |TAMS 0x0000000619000000| PB 0x0000000619000000| Untracked 
|  11|0x0000000619400000, 0x0000000619400000, 0x0000000619800000|  0%| F|  |TAMS 0x0000000619400000| PB 0x0000000619400000| Untracked 
|  12|0x0000000619800000, 0x0000000619800000, 0x0000000619c00000|  0%| F|  |TAMS 0x0000000619800000| PB 0x0000000619800000| Untracked 
|  13|0x0000000619c00000, 0x0000000619c00000, 0x000000061a000000|  0%| F|  |TAMS 0x0000000619c00000| PB 0x0000000619c00000| Untracked 
|  14|0x000000061a000000, 0x000000061a000000, 0x000000061a400000|  0%| F|  |TAMS 0x000000061a000000| PB 0x000000061a000000| Untracked 
|  15|0x000000061a400000, 0x000000061a400000, 0x000000061a800000|  0%| F|  |TAMS 0x000000061a400000| PB 0x000000061a400000| Untracked 
|  16|0x000000061a800000, 0x000000061a800000, 0x000000061ac00000|  0%| F|  |TAMS 0x000000061a800000| PB 0x000000061a800000| Untracked 
|  17|0x000000061ac00000, 0x000000061ac00000, 0x000000061b000000|  0%| F|  |TAMS 0x000000061ac00000| PB 0x000000061ac00000| Untracked 
|  18|0x000000061b000000, 0x000000061b000000, 0x000000061b400000|  0%| F|  |TAMS 0x000000061b000000| PB 0x000000061b000000| Untracked 
|  19|0x000000061b400000, 0x000000061b400000, 0x000000061b800000|  0%| F|  |TAMS 0x000000061b400000| PB 0x000000061b400000| Untracked 
|  20|0x000000061b800000, 0x000000061b800000, 0x000000061bc00000|  0%| F|  |TAMS 0x000000061b800000| PB 0x000000061b800000| Untracked 
|  21|0x000000061bc00000, 0x000000061bc00000, 0x000000061c000000|  0%| F|  |TAMS 0x000000061bc00000| PB 0x000000061bc00000| Untracked 
|  22|0x000000061c000000, 0x000000061c000000, 0x000000061c400000|  0%| F|  |TAMS 0x000000061c000000| PB 0x000000061c000000| Untracked 
|  23|0x000000061c400000, 0x000000061c400000, 0x000000061c800000|  0%| F|  |TAMS 0x000000061c400000| PB 0x000000061c400000| Untracked 
|  24|0x000000061c800000, 0x000000061c800000, 0x000000061cc00000|  0%| F|  |TAMS 0x000000061c800000| PB 0x000000061c800000| Untracked 
|  25|0x000000061cc00000, 0x000000061cc00000, 0x000000061d000000|  0%| F|  |TAMS 0x000000061cc00000| PB 0x000000061cc00000| Untracked 
|  26|0x000000061d000000, 0x000000061d000000, 0x000000061d400000|  0%| F|  |TAMS 0x000000061d000000| PB 0x000000061d000000| Untracked 
|  27|0x000000061d400000, 0x000000061d400000, 0x000000061d800000|  0%| F|  |TAMS 0x000000061d400000| PB 0x000000061d400000| Untracked 
|  28|0x000000061d800000, 0x000000061d800000, 0x000000061dc00000|  0%| F|  |TAMS 0x000000061d800000| PB 0x000000061d800000| Untracked 
|  29|0x000000061dc00000, 0x000000061dc00000, 0x000000061e000000|  0%| F|  |TAMS 0x000000061dc00000| PB 0x000000061dc00000| Untracked 
|  30|0x000000061e000000, 0x000000061e000000, 0x000000061e400000|  0%| F|  |TAMS 0x000000061e000000| PB 0x000000061e000000| Untracked 
|  31|0x000000061e400000, 0x000000061e400000, 0x000000061e800000|  0%| F|  |TAMS 0x000000061e400000| PB 0x000000061e400000| Untracked 
|  32|0x000000061e800000, 0x000000061e800000, 0x000000061ec00000|  0%| F|  |TAMS 0x000000061e800000| PB 0x000000061e800000| Untracked 
|  33|0x000000061ec00000, 0x000000061ec00000, 0x000000061f000000|  0%| F|  |TAMS 0x000000061ec00000| PB 0x000000061ec00000| Untracked 
|  34|0x000000061f000000, 0x000000061f000000, 0x000000061f400000|  0%| F|  |TAMS 0x000000061f000000| PB 0x000000061f000000| Untracked 
|  35|0x000000061f400000, 0x000000061f400000, 0x000000061f800000|  0%| F|  |TAMS 0x000000061f400000| PB 0x000000061f400000| Untracked 
|  36|0x000000061f800000, 0x000000061f800000, 0x000000061fc00000|  0%| F|  |TAMS 0x000000061f800000| PB 0x000000061f800000| Untracked 
|  37|0x000000061fc00000, 0x000000061fc00000, 0x0000000620000000|  0%| F|  |TAMS 0x000000061fc00000| PB 0x000000061fc00000| Untracked 
|  38|0x0000000620000000, 0x0000000620000000, 0x0000000620400000|  0%| F|  |TAMS 0x0000000620000000| PB 0x0000000620000000| Untracked 
|  39|0x0000000620400000, 0x0000000620400000, 0x0000000620800000|  0%| F|  |TAMS 0x0000000620400000| PB 0x0000000620400000| Untracked 
|  40|0x0000000620800000, 0x0000000620800000, 0x0000000620c00000|  0%| F|  |TAMS 0x0000000620800000| PB 0x0000000620800000| Untracked 
|  41|0x0000000620c00000, 0x0000000620c00000, 0x0000000621000000|  0%| F|  |TAMS 0x0000000620c00000| PB 0x0000000620c00000| Untracked 
|  42|0x0000000621000000, 0x0000000621000000, 0x0000000621400000|  0%| F|  |TAMS 0x0000000621000000| PB 0x0000000621000000| Untracked 
|  43|0x0000000621400000, 0x0000000621400000, 0x0000000621800000|  0%| F|  |TAMS 0x0000000621400000| PB 0x0000000621400000| Untracked 
|  44|0x0000000621800000, 0x0000000621800000, 0x0000000621c00000|  0%| F|  |TAMS 0x0000000621800000| PB 0x0000000621800000| Untracked 
|  45|0x0000000621c00000, 0x0000000621c00000, 0x0000000622000000|  0%| F|  |TAMS 0x0000000621c00000| PB 0x0000000621c00000| Untracked 
|  46|0x0000000622000000, 0x0000000622000000, 0x0000000622400000|  0%| F|  |TAMS 0x0000000622000000| PB 0x0000000622000000| Untracked 
|  47|0x0000000622400000, 0x0000000622400000, 0x0000000622800000|  0%| F|  |TAMS 0x0000000622400000| PB 0x0000000622400000| Untracked 
|  48|0x0000000622800000, 0x0000000622800000, 0x0000000622c00000|  0%| F|  |TAMS 0x0000000622800000| PB 0x0000000622800000| Untracked 
|  49|0x0000000622c00000, 0x0000000622c00000, 0x0000000623000000|  0%| F|  |TAMS 0x0000000622c00000| PB 0x0000000622c00000| Untracked 
|  50|0x0000000623000000, 0x0000000623000000, 0x0000000623400000|  0%| F|  |TAMS 0x0000000623000000| PB 0x0000000623000000| Untracked 
|  51|0x0000000623400000, 0x0000000623400000, 0x0000000623800000|  0%| F|  |TAMS 0x0000000623400000| PB 0x0000000623400000| Untracked 
|  52|0x0000000623800000, 0x0000000623800000, 0x0000000623c00000|  0%| F|  |TAMS 0x0000000623800000| PB 0x0000000623800000| Untracked 
|  53|0x0000000623c00000, 0x0000000623c00000, 0x0000000624000000|  0%| F|  |TAMS 0x0000000623c00000| PB 0x0000000623c00000| Untracked 
|  54|0x0000000624000000, 0x0000000624000000, 0x0000000624400000|  0%| F|  |TAMS 0x0000000624000000| PB 0x0000000624000000| Untracked 
|  55|0x0000000624400000, 0x0000000624400000, 0x0000000624800000|  0%| F|  |TAMS 0x0000000624400000| PB 0x0000000624400000| Untracked 
|  56|0x0000000624800000, 0x0000000624800000, 0x0000000624c00000|  0%| F|  |TAMS 0x0000000624800000| PB 0x0000000624800000| Untracked 
|  57|0x0000000624c00000, 0x0000000624c00000, 0x0000000625000000|  0%| F|  |TAMS 0x0000000624c00000| PB 0x0000000624c00000| Untracked 
|  58|0x0000000625000000, 0x0000000625000000, 0x0000000625400000|  0%| F|  |TAMS 0x0000000625000000| PB 0x0000000625000000| Untracked 
|  59|0x0000000625400000, 0x0000000625400000, 0x0000000625800000|  0%| F|  |TAMS 0x0000000625400000| PB 0x0000000625400000| Untracked 
|  60|0x0000000625800000, 0x0000000625800000, 0x0000000625c00000|  0%| F|  |TAMS 0x0000000625800000| PB 0x0000000625800000| Untracked 
|  61|0x0000000625c00000, 0x0000000625c00000, 0x0000000626000000|  0%| F|  |TAMS 0x0000000625c00000| PB 0x0000000625c00000| Untracked 
|  62|0x0000000626000000, 0x0000000626000000, 0x0000000626400000|  0%| F|  |TAMS 0x0000000626000000| PB 0x0000000626000000| Untracked 
|  63|0x0000000626400000, 0x0000000626400000, 0x0000000626800000|  0%| F|  |TAMS 0x0000000626400000| PB 0x0000000626400000| Untracked 
|  64|0x0000000626800000, 0x0000000626800000, 0x0000000626c00000|  0%| F|  |TAMS 0x0000000626800000| PB 0x0000000626800000| Untracked 
|  65|0x0000000626c00000, 0x0000000626c00000, 0x0000000627000000|  0%| F|  |TAMS 0x0000000626c00000| PB 0x0000000626c00000| Untracked 
|  66|0x0000000627000000, 0x0000000627000000, 0x0000000627400000|  0%| F|  |TAMS 0x0000000627000000| PB 0x0000000627000000| Untracked 
|  67|0x0000000627400000, 0x0000000627400000, 0x0000000627800000|  0%| F|  |TAMS 0x0000000627400000| PB 0x0000000627400000| Untracked 
|  68|0x0000000627800000, 0x0000000627800000, 0x0000000627c00000|  0%| F|  |TAMS 0x0000000627800000| PB 0x0000000627800000| Untracked 
|  69|0x0000000627c00000, 0x0000000627c00000, 0x0000000628000000|  0%| F|  |TAMS 0x0000000627c00000| PB 0x0000000627c00000| Untracked 
|  70|0x0000000628000000, 0x0000000628000000, 0x0000000628400000|  0%| F|  |TAMS 0x0000000628000000| PB 0x0000000628000000| Untracked 
|  71|0x0000000628400000, 0x0000000628400000, 0x0000000628800000|  0%| F|  |TAMS 0x0000000628400000| PB 0x0000000628400000| Untracked 
|  72|0x0000000628800000, 0x0000000628800000, 0x0000000628c00000|  0%| F|  |TAMS 0x0000000628800000| PB 0x0000000628800000| Untracked 
|  73|0x0000000628c00000, 0x0000000628c00000, 0x0000000629000000|  0%| F|  |TAMS 0x0000000628c00000| PB 0x0000000628c00000| Untracked 
|  74|0x0000000629000000, 0x0000000629000000, 0x0000000629400000|  0%| F|  |TAMS 0x0000000629000000| PB 0x0000000629000000| Untracked 
|  75|0x0000000629400000, 0x0000000629400000, 0x0000000629800000|  0%| F|  |TAMS 0x0000000629400000| PB 0x0000000629400000| Untracked 
|  76|0x0000000629800000, 0x0000000629800000, 0x0000000629c00000|  0%| F|  |TAMS 0x0000000629800000| PB 0x0000000629800000| Untracked 
|  77|0x0000000629c00000, 0x0000000629c00000, 0x000000062a000000|  0%| F|  |TAMS 0x0000000629c00000| PB 0x0000000629c00000| Untracked 
|  78|0x000000062a000000, 0x000000062a000000, 0x000000062a400000|  0%| F|  |TAMS 0x000000062a000000| PB 0x000000062a000000| Untracked 
|  79|0x000000062a400000, 0x000000062a400000, 0x000000062a800000|  0%| F|  |TAMS 0x000000062a400000| PB 0x000000062a400000| Untracked 
|  80|0x000000062a800000, 0x000000062a800000, 0x000000062ac00000|  0%| F|  |TAMS 0x000000062a800000| PB 0x000000062a800000| Untracked 
|  81|0x000000062ac00000, 0x000000062ac00000, 0x000000062b000000|  0%| F|  |TAMS 0x000000062ac00000| PB 0x000000062ac00000| Untracked 
|  82|0x000000062b000000, 0x000000062b000000, 0x000000062b400000|  0%| F|  |TAMS 0x000000062b000000| PB 0x000000062b000000| Untracked 
|  83|0x000000062b400000, 0x000000062b400000, 0x000000062b800000|  0%| F|  |TAMS 0x000000062b400000| PB 0x000000062b400000| Untracked 
|  84|0x000000062b800000, 0x000000062b800000, 0x000000062bc00000|  0%| F|  |TAMS 0x000000062b800000| PB 0x000000062b800000| Untracked 
|  85|0x000000062bc00000, 0x000000062bc00000, 0x000000062c000000|  0%| F|  |TAMS 0x000000062bc00000| PB 0x000000062bc00000| Untracked 
|  86|0x000000062c000000, 0x000000062c000000, 0x000000062c400000|  0%| F|  |TAMS 0x000000062c000000| PB 0x000000062c000000| Untracked 
|  87|0x000000062c400000, 0x000000062c400000, 0x000000062c800000|  0%| F|  |TAMS 0x000000062c400000| PB 0x000000062c400000| Untracked 
|  88|0x000000062c800000, 0x000000062c800000, 0x000000062cc00000|  0%| F|  |TAMS 0x000000062c800000| PB 0x000000062c800000| Untracked 
|  89|0x000000062cc00000, 0x000000062cc00000, 0x000000062d000000|  0%| F|  |TAMS 0x000000062cc00000| PB 0x000000062cc00000| Untracked 
|  90|0x000000062d000000, 0x000000062d000000, 0x000000062d400000|  0%| F|  |TAMS 0x000000062d000000| PB 0x000000062d000000| Untracked 
|  91|0x000000062d400000, 0x000000062d400000, 0x000000062d800000|  0%| F|  |TAMS 0x000000062d400000| PB 0x000000062d400000| Untracked 
|  92|0x000000062d800000, 0x000000062d800000, 0x000000062dc00000|  0%| F|  |TAMS 0x000000062d800000| PB 0x000000062d800000| Untracked 
|  93|0x000000062dc00000, 0x000000062dc00000, 0x000000062e000000|  0%| F|  |TAMS 0x000000062dc00000| PB 0x000000062dc00000| Untracked 
|  94|0x000000062e000000, 0x000000062e000000, 0x000000062e400000|  0%| F|  |TAMS 0x000000062e000000| PB 0x000000062e000000| Untracked 
|  95|0x000000062e400000, 0x000000062e400000, 0x000000062e800000|  0%| F|  |TAMS 0x000000062e400000| PB 0x000000062e400000| Untracked 
|  96|0x000000062e800000, 0x000000062e800000, 0x000000062ec00000|  0%| F|  |TAMS 0x000000062e800000| PB 0x000000062e800000| Untracked 
|  97|0x000000062ec00000, 0x000000062ec00000, 0x000000062f000000|  0%| F|  |TAMS 0x000000062ec00000| PB 0x000000062ec00000| Untracked 
|  98|0x000000062f000000, 0x000000062f000000, 0x000000062f400000|  0%| F|  |TAMS 0x000000062f000000| PB 0x000000062f000000| Untracked 
|  99|0x000000062f400000, 0x000000062f400000, 0x000000062f800000|  0%| F|  |TAMS 0x000000062f400000| PB 0x000000062f400000| Untracked 
| 100|0x000000062f800000, 0x000000062f800000, 0x000000062fc00000|  0%| F|  |TAMS 0x000000062f800000| PB 0x000000062f800000| Untracked 
| 101|0x000000062fc00000, 0x000000062fc00000, 0x0000000630000000|  0%| F|  |TAMS 0x000000062fc00000| PB 0x000000062fc00000| Untracked 
| 102|0x0000000630000000, 0x0000000630000000, 0x0000000630400000|  0%| F|  |TAMS 0x0000000630000000| PB 0x0000000630000000| Untracked 
| 103|0x0000000630400000, 0x0000000630400000, 0x0000000630800000|  0%| F|  |TAMS 0x0000000630400000| PB 0x0000000630400000| Untracked 
| 104|0x0000000630800000, 0x0000000630800000, 0x0000000630c00000|  0%| F|  |TAMS 0x0000000630800000| PB 0x0000000630800000| Untracked 
| 105|0x0000000630c00000, 0x0000000630c00000, 0x0000000631000000|  0%| F|  |TAMS 0x0000000630c00000| PB 0x0000000630c00000| Untracked 
| 106|0x0000000631000000, 0x0000000631000000, 0x0000000631400000|  0%| F|  |TAMS 0x0000000631000000| PB 0x0000000631000000| Untracked 
| 107|0x0000000631400000, 0x0000000631400000, 0x0000000631800000|  0%| F|  |TAMS 0x0000000631400000| PB 0x0000000631400000| Untracked 
| 108|0x0000000631800000, 0x0000000631800000, 0x0000000631c00000|  0%| F|  |TAMS 0x0000000631800000| PB 0x0000000631800000| Untracked 
| 109|0x0000000631c00000, 0x0000000631c00000, 0x0000000632000000|  0%| F|  |TAMS 0x0000000631c00000| PB 0x0000000631c00000| Untracked 
| 110|0x0000000632000000, 0x0000000632000000, 0x0000000632400000|  0%| F|  |TAMS 0x0000000632000000| PB 0x0000000632000000| Untracked 
| 111|0x0000000632400000, 0x0000000632400000, 0x0000000632800000|  0%| F|  |TAMS 0x0000000632400000| PB 0x0000000632400000| Untracked 
| 112|0x0000000632800000, 0x0000000632800000, 0x0000000632c00000|  0%| F|  |TAMS 0x0000000632800000| PB 0x0000000632800000| Untracked 
| 113|0x0000000632c00000, 0x0000000632c00000, 0x0000000633000000|  0%| F|  |TAMS 0x0000000632c00000| PB 0x0000000632c00000| Untracked 
| 114|0x0000000633000000, 0x0000000633000000, 0x0000000633400000|  0%| F|  |TAMS 0x0000000633000000| PB 0x0000000633000000| Untracked 
| 115|0x0000000633400000, 0x0000000633400000, 0x0000000633800000|  0%| F|  |TAMS 0x0000000633400000| PB 0x0000000633400000| Untracked 
| 116|0x0000000633800000, 0x0000000633800000, 0x0000000633c00000|  0%| F|  |TAMS 0x0000000633800000| PB 0x0000000633800000| Untracked 
| 117|0x0000000633c00000, 0x0000000633c00000, 0x0000000634000000|  0%| F|  |TAMS 0x0000000633c00000| PB 0x0000000633c00000| Untracked 
| 118|0x0000000634000000, 0x0000000634000000, 0x0000000634400000|  0%| F|  |TAMS 0x0000000634000000| PB 0x0000000634000000| Untracked 
| 119|0x0000000634400000, 0x0000000634400000, 0x0000000634800000|  0%| F|  |TAMS 0x0000000634400000| PB 0x0000000634400000| Untracked 
| 120|0x0000000634800000, 0x00000006348f6648, 0x0000000634c00000| 24%| E|  |TAMS 0x0000000634800000| PB 0x0000000634800000| Complete 
| 121|0x0000000634c00000, 0x0000000635000000, 0x0000000635000000|100%| E|CS|TAMS 0x0000000634c00000| PB 0x0000000634c00000| Complete 
| 122|0x0000000635000000, 0x0000000635400000, 0x0000000635400000|100%| E|CS|TAMS 0x0000000635000000| PB 0x0000000635000000| Complete 
|1957|0x00000007ffc00000, 0x00000007ffd079d8, 0x0000000800000000| 25%| O|  |TAMS 0x00000007ffc00000| PB 0x00000007ffc00000| Untracked 

Card table byte_map: [0x00007ba564600000,0x00007ba56554c000] _byte_map_base: 0x00007ba56154c000

Marking Bits: (CMBitMap*) 0x00007ba560047130
 Bits: [0x00007ba540c00000, 0x00007ba548660000)

Polling page: 0x00007ba569366000

Metaspace:

Usage:
  Non-class:      3.05 MB used.
      Class:    289.82 KB used.
       Both:      3.33 MB used.

Virtual space:
  Non-class space:       64.00 MB reserved,       3.12 MB (  5%) committed,  1 nodes.
      Class space:        1.00 GB reserved,     384.00 KB ( <1%) committed,  1 nodes.
             Both:        1.06 GB reserved,       3.50 MB ( <1%) committed. 

Chunk freelists:
   Non-Class:  11.00 MB
       Class:  15.61 MB
        Both:  26.61 MB

MaxMetaspaceSize: unlimited
CompressedClassSpaceSize: 1.00 GB
Initial GC threshold: 21.00 MB
Current GC threshold: 21.00 MB
CDS: on
 - commit_granule_bytes: 65536.
 - commit_granule_words: 8192.
 - virtual_space_node_default_size: 8388608.
 - enlarge_chunks_in_place: 1.
 - use_allocation_guard: 0.


Internal statistics:

num_allocs_failed_limit: 0.
num_arena_births: 104.
num_arena_deaths: 0.
num_vsnodes_births: 2.
num_vsnodes_deaths: 0.
num_space_committed: 56.
num_space_uncommitted: 0.
num_chunks_returned_to_freelist: 0.
num_chunks_taken_from_freelist: 180.
num_chunk_merges: 0.
num_chunk_splits: 108.
num_chunks_enlarged: 49.
num_inconsistent_stats: 0.

CodeHeap 'non-profiled nmethods': size=119168Kb used=203Kb max_used=203Kb free=118964Kb
 bounds [0x00007ba5503a0000, 0x00007ba550610000, 0x00007ba557800000]
CodeHeap 'profiled nmethods': size=119164Kb used=1065Kb max_used=1065Kb free=118098Kb
 bounds [0x00007ba548800000, 0x00007ba548a70000, 0x00007ba54fc5f000]
CodeHeap 'non-nmethods': size=7428Kb used=2696Kb max_used=2704Kb free=4732Kb
 bounds [0x00007ba54fc5f000, 0x00007ba54ff0f000, 0x00007ba5503a0000]
 total_blobs=1315 nmethods=711 adapters=508
 compilation: enabled
              stopped_count=0, restarted_count=0
 full_count=0

Compilation events (20 events):
Event: 0.643 Thread 0x00007ba49c001130 nmethod 696 0x00007ba548902c90 code [0x00007ba548902f60, 0x00007ba548903ee8]
Event: 0.643 Thread 0x00007ba560142ff0 nmethod 694 0x00007ba548904610 code [0x00007ba548904a60, 0x00007ba548907110]
Event: 0.644 Thread 0x00007ba4a8068700  703       1       jdk.internal.loader.URLClassPath$Loader::getBaseURL (5 bytes)
Event: 0.644 Thread 0x00007ba4a8068700 nmethod 703 0x00007ba5503d2090 code [0x00007ba5503d2220, 0x00007ba5503d22e8]
Event: 0.646 Thread 0x00007ba49c001130  704       3       java.util.jar.JarFile::maybeInstantiateVerifier (42 bytes)
Event: 0.646 Thread 0x00007ba49c001130 nmethod 704 0x00007ba548908310 code [0x00007ba5489084e0, 0x00007ba548908850]
Event: 0.647 Thread 0x00007ba560142ff0  705       1       java.net.URLStreamHandler::getDefaultPort (2 bytes)
Event: 0.647 Thread 0x00007ba560142ff0 nmethod 705 0x00007ba5503d2390 code [0x00007ba5503d2520, 0x00007ba5503d25e0]
Event: 0.647 Thread 0x00007ba560142ff0  706       3       jdk.internal.ref.CleanerFactory::cleaner (4 bytes)
Event: 0.647 Thread 0x00007ba560142ff0 nmethod 706 0x00007ba548908990 code [0x00007ba548908b20, 0x00007ba548908c10]
Event: 0.649 Thread 0x00007ba560141920  707       4       java.lang.invoke.MethodType::parameterCount (6 bytes)
Event: 0.649 Thread 0x00007ba560141920 nmethod 707 0x00007ba5503d2690 code [0x00007ba5503d2800, 0x00007ba5503d28a8]
Event: 0.653 Thread 0x00007ba4a8068700  709       3       java.lang.String::indexOf (64 bytes)
Event: 0.653 Thread 0x00007ba560142ff0  710       3       java.lang.StringLatin1::indexOf (25 bytes)
Event: 0.653 Thread 0x00007ba560142ff0 nmethod 710 0x00007ba548908c90 code [0x00007ba548908e40, 0x00007ba548909050]
Event: 0.654 Thread 0x00007ba4a8068700 nmethod 709 0x00007ba548909110 code [0x00007ba548909320, 0x00007ba548909808]
Event: 0.658 Thread 0x00007ba49c001130  712       3       JCudaWrapper.array.Array::checkUpperBound (51 bytes)
Event: 0.658 Thread 0x00007ba560142ff0  711       3       JCudaWrapper.array.Array::checkAgainstLength (10 bytes)
Event: 0.658 Thread 0x00007ba560142ff0 nmethod 711 0x00007ba548909990 code [0x00007ba548909b20, 0x00007ba548909cf8]
Event: 0.658 Thread 0x00007ba49c001130 nmethod 712 0x00007ba548909d90 code [0x00007ba548909f60, 0x00007ba54890a2c8]

GC Heap History (0 events):
No events

Dll operation events (11 events):
Event: 0.003 Loaded shared library /usr/lib/jvm/java-21-openjdk-amd64/lib/libjava.so
Event: 0.036 Loaded shared library /usr/lib/jvm/java-21-openjdk-amd64/lib/libjsvml.so
Event: 0.038 Loaded shared library /usr/lib/jvm/java-21-openjdk-amd64/lib/libnio.so
Event: 0.151 Loaded shared library /usr/lib/jvm/java-21-openjdk-amd64/lib/libzip.so
Event: 0.201 Loaded shared library /usr/lib/jvm/java-21-openjdk-amd64/lib/libjimage.so
Event: 0.265 Loaded shared library /tmp/libJCublas2-12.0.0-linux-x86_64.so
Event: 0.446 Loaded shared library /tmp/libJCudaRuntime-12.0.0-linux-x86_64.so
Event: 0.479 Loaded shared library /usr/lib/jvm/java-21-openjdk-amd64/lib/libawt.so
Event: 0.487 Loaded shared library /usr/lib/jvm/java-21-openjdk-amd64/lib/libawt_xawt.so
Event: 0.546 Loaded shared library /usr/lib/jvm/java-21-openjdk-amd64/lib/libjavajpeg.so
Event: 0.635 Loaded shared library /tmp/libJCudaDriver-12.0.0-linux-x86_64.so

Deoptimization events (20 events):
Event: 0.466 Thread 0x00007ba56001b940 DEOPT PACKING pc=0x00007ba5503afbe0 sp=0x00007ba5679fcda0
Event: 0.466 Thread 0x00007ba56001b940 DEOPT UNPACKING pc=0x00007ba54fcb2f99 sp=0x00007ba5679fcd68 mode 2
Event: 0.483 Thread 0x00007ba56001b940 Uncommon trap: trap_request=0xffffff45 fr.pc=0x00007ba5503b2fec relative=0x00000000000001cc
Event: 0.483 Thread 0x00007ba56001b940 Uncommon trap: reason=unstable_if action=reinterpret pc=0x00007ba5503b2fec method=jdk.internal.util.ArraysSupport.vectorizedHashCode(Ljava/lang/Object;IIII)I @ 2 c2
Event: 0.483 Thread 0x00007ba56001b940 DEOPT PACKING pc=0x00007ba5503b2fec sp=0x00007ba5679fa820
Event: 0.483 Thread 0x00007ba56001b940 DEOPT UNPACKING pc=0x00007ba54fcb2f99 sp=0x00007ba5679fa810 mode 2
Event: 0.634 Thread 0x00007ba56001b940 DEOPT PACKING pc=0x00007ba5488182d9 sp=0x00007ba5679fd060
Event: 0.634 Thread 0x00007ba56001b940 DEOPT UNPACKING pc=0x00007ba54fcb372f sp=0x00007ba5679fc4a0 mode 0
Event: 0.649 Thread 0x00007ba56001b940 Uncommon trap: trap_request=0xffffffc6 fr.pc=0x00007ba5503b0c58 relative=0x0000000000000d18
Event: 0.649 Thread 0x00007ba56001b940 Uncommon trap: reason=bimorphic_or_optimized_type_check action=maybe_recompile pc=0x00007ba5503b0c58 method=java.util.HashMap.putVal(ILjava/lang/Object;Ljava/lang/Object;ZZ)Ljava/lang/Object; @ 56 c2
Event: 0.649 Thread 0x00007ba56001b940 DEOPT PACKING pc=0x00007ba5503b0c58 sp=0x00007ba5679fe4e0
Event: 0.649 Thread 0x00007ba56001b940 DEOPT UNPACKING pc=0x00007ba54fcb2f99 sp=0x00007ba5679fe488 mode 2
Event: 0.655 Thread 0x00007ba56001b940 Uncommon trap: trap_request=0xffffffc6 fr.pc=0x00007ba5503b0c58 relative=0x0000000000000d18
Event: 0.655 Thread 0x00007ba56001b940 Uncommon trap: reason=bimorphic_or_optimized_type_check action=maybe_recompile pc=0x00007ba5503b0c58 method=java.util.HashMap.putVal(ILjava/lang/Object;Ljava/lang/Object;ZZ)Ljava/lang/Object; @ 56 c2
Event: 0.655 Thread 0x00007ba56001b940 DEOPT PACKING pc=0x00007ba5503b0c58 sp=0x00007ba5679fe260
Event: 0.655 Thread 0x00007ba56001b940 DEOPT UNPACKING pc=0x00007ba54fcb2f99 sp=0x00007ba5679fe208 mode 2
Event: 0.657 Thread 0x00007ba56001b940 Uncommon trap: trap_request=0xffffffc6 fr.pc=0x00007ba5503b0c58 relative=0x0000000000000d18
Event: 0.657 Thread 0x00007ba56001b940 Uncommon trap: reason=bimorphic_or_optimized_type_check action=maybe_recompile pc=0x00007ba5503b0c58 method=java.util.HashMap.putVal(ILjava/lang/Object;Ljava/lang/Object;ZZ)Ljava/lang/Object; @ 56 c2
Event: 0.657 Thread 0x00007ba56001b940 DEOPT PACKING pc=0x00007ba5503b0c58 sp=0x00007ba5679fe440
Event: 0.657 Thread 0x00007ba56001b940 DEOPT UNPACKING pc=0x00007ba54fcb2f99 sp=0x00007ba5679fe3e8 mode 2

Classes loaded (20 events):
Event: 0.565 Loading class java/util/stream/MatchOps$MatchKind
Event: 0.565 Loading class java/util/stream/MatchOps$MatchKind done
Event: 0.565 Loading class java/util/stream/MatchOps
Event: 0.565 Loading class java/util/stream/MatchOps done
Event: 0.565 Loading class java/util/stream/MatchOps$MatchOp
Event: 0.565 Loading class java/util/stream/MatchOps$MatchOp done
Event: 0.565 Loading class java/util/stream/MatchOps$BooleanTerminalSink
Event: 0.565 Loading class java/util/stream/MatchOps$BooleanTerminalSink done
Event: 0.566 Loading class java/util/stream/MatchOps$2MatchSink
Event: 0.566 Loading class java/util/stream/MatchOps$2MatchSink done
Event: 0.567 Loading class java/util/stream/MatchOps$1MatchSink
Event: 0.567 Loading class java/util/stream/MatchOps$1MatchSink done
Event: 0.568 Loading class java/nio/HeapDoubleBuffer
Event: 0.568 Loading class java/nio/HeapDoubleBuffer done
Event: 0.609 Loading class java/awt/Dimension
Event: 0.609 Loading class java/awt/geom/Dimension2D
Event: 0.609 Loading class java/awt/geom/Dimension2D done
Event: 0.609 Loading class java/awt/Dimension done
Event: 0.649 Loading class java/nio/HeapIntBuffer
Event: 0.650 Loading class java/nio/HeapIntBuffer done

Classes unloaded (0 events):
No events

Classes redefined (0 events):
No events

Internal exceptions (13 events):
Event: 0.086 Thread 0x00007ba56001b940 Exception <a 'sun/nio/fs/UnixException'{0x0000000635070ea8}> (0x0000000635070ea8) 
thrown [./src/hotspot/share/prims/jni.cpp, line 520]
Event: 0.086 Thread 0x00007ba56001b940 Exception <a 'sun/nio/fs/UnixException'{0x00000006350715e8}> (0x00000006350715e8) 
thrown [./src/hotspot/share/prims/jni.cpp, line 520]
Event: 0.086 Thread 0x00007ba56001b940 Exception <a 'sun/nio/fs/UnixException'{0x0000000635071e18}> (0x0000000635071e18) 
thrown [./src/hotspot/share/prims/jni.cpp, line 520]
Event: 0.086 Thread 0x00007ba56001b940 Exception <a 'sun/nio/fs/UnixException'{0x0000000635072410}> (0x0000000635072410) 
thrown [./src/hotspot/share/prims/jni.cpp, line 520]
Event: 0.086 Thread 0x00007ba56001b940 Exception <a 'sun/nio/fs/UnixException'{0x00000006350729e0}> (0x00000006350729e0) 
thrown [./src/hotspot/share/prims/jni.cpp, line 520]
Event: 0.086 Thread 0x00007ba56001b940 Exception <a 'sun/nio/fs/UnixException'{0x0000000635072fc0}> (0x0000000635072fc0) 
thrown [./src/hotspot/share/prims/jni.cpp, line 520]
Event: 0.086 Thread 0x00007ba56001b940 Exception <a 'sun/nio/fs/UnixException'{0x0000000635073810}> (0x0000000635073810) 
thrown [./src/hotspot/share/prims/jni.cpp, line 520]
Event: 0.457 Thread 0x00007ba56001b940 Exception <a 'java/lang/NoSuchMethodError'{0x0000000634cd2998}: 'void java.lang.invoke.DirectMethodHandle$Holder.invokeStatic(java.lang.Object, java.lang.Object)'> (0x0000000634cd2998) 
thrown [./src/hotspot/share/interpreter/linkResolver.cpp, line 772]
Event: 0.466 Thread 0x00007ba56001b940 Implicit null exception at 0x00007ba5503afa63 to 0x00007ba5503afbd0
Event: 0.473 Thread 0x00007ba56001b940 Exception <a 'java/lang/ClassNotFoundException'{0x0000000634ce7080}: sun/awt/resources/spi/awtProvider> (0x0000000634ce7080) 
thrown [./src/hotspot/share/classfile/systemDictionary.cpp, line 312]
Event: 0.506 Thread 0x00007ba56001b940 Exception <a 'java/io/FileNotFoundException'{0x0000000634db5010}> (0x0000000634db5010) 
thrown [./src/hotspot/share/prims/jni.cpp, line 520]
Event: 0.575 Thread 0x00007ba56001b940 Exception <a 'java/lang/NoSuchMethodError'{0x0000000634f61758}: 'java.lang.Object java.lang.invoke.DirectMethodHandle$Holder.invokeStatic(java.lang.Object, java.lang.Object, int)'> (0x0000000634f61758) 
thrown [./src/hotspot/share/interpreter/linkResolver.cpp, line 772]
Event: 0.618 Thread 0x00007ba56001b940 Exception <a 'java/lang/NoSuchMethodError'{0x0000000634fcf638}: 'java.lang.Object java.lang.invoke.DirectMethodHandle$Holder.newInvokeSpecial(java.lang.Object, java.lang.Object, int)'> (0x0000000634fcf638) 
thrown [./src/hotspot/share/interpreter/linkResolver.cpp, line 772]

ZGC Phase Switch (0 events):
No events

VM Operations (16 events):
Event: 0.090 Executing VM operation: HandshakeAllThreads (Deoptimize)
Event: 0.090 Executing VM operation: HandshakeAllThreads (Deoptimize) done
Event: 0.172 Executing VM operation: ChangeBreakpoints
Event: 0.172 Executing VM operation: ChangeBreakpoints done
Event: 0.462 Executing VM operation: HandshakeAllThreads (Deoptimize)
Event: 0.462 Executing VM operation: HandshakeAllThreads (Deoptimize) done
Event: 0.467 Executing VM operation: HandshakeAllThreads (Deoptimize)
Event: 0.467 Executing VM operation: HandshakeAllThreads (Deoptimize) done
Event: 0.519 Executing VM operation: ChangeBreakpoints
Event: 0.519 Executing VM operation: ChangeBreakpoints done
Event: 0.519 Executing VM operation: ChangeBreakpoints
Event: 0.520 Executing VM operation: ChangeBreakpoints done
Event: 0.592 Executing VM operation: ChangeBreakpoints
Event: 0.592 Executing VM operation: ChangeBreakpoints done
Event: 0.650 Executing VM operation: HandshakeAllThreads (Deoptimize)
Event: 0.650 Executing VM operation: HandshakeAllThreads (Deoptimize) done

Memory protections (18 events):
Event: 0.002 Protecting memory [0x00007ba567900000,0x00007ba567904000] with protection modes 0
Event: 0.033 Protecting memory [0x00007ba539dff000,0x00007ba539e03000] with protection modes 0
Event: 0.033 Protecting memory [0x00007ba538f00000,0x00007ba538f04000] with protection modes 0
Event: 0.034 Protecting memory [0x00007ba538e00000,0x00007ba538e04000] with protection modes 0
Event: 0.034 Protecting memory [0x00007ba538d00000,0x00007ba538d04000] with protection modes 0
Event: 0.034 Protecting memory [0x00007ba538c00000,0x00007ba538c04000] with protection modes 0
Event: 0.034 Protecting memory [0x00007ba538b00000,0x00007ba538b04000] with protection modes 0
Event: 0.034 Protecting memory [0x00007ba538a00000,0x00007ba538a04000] with protection modes 0
Event: 0.065 Protecting memory [0x00007ba538900000,0x00007ba538904000] with protection modes 0
Event: 0.094 Protecting memory [0x00007ba538800000,0x00007ba538804000] with protection modes 0
Event: 0.094 Protecting memory [0x00007ba538700000,0x00007ba538704000] with protection modes 0
Event: 0.102 Protecting memory [0x00007ba538600000,0x00007ba538604000] with protection modes 0
Event: 0.110 Protecting memory [0x00007ba538500000,0x00007ba538504000] with protection modes 0
Event: 0.111 Protecting memory [0x00007ba538400000,0x00007ba538404000] with protection modes 0
Event: 0.111 Protecting memory [0x00007ba538300000,0x00007ba538304000] with protection modes 0
Event: 0.140 Protecting memory [0x00007ba538200000,0x00007ba538204000] with protection modes 0
Event: 0.459 Protecting memory [0x00007ba538600000,0x00007ba538604000] with protection modes 0
Event: 0.542 Protecting memory [0x00007ba52cf00000,0x00007ba52cf04000] with protection modes 0

Nmethod flushes (0 events):
No events

Events (19 events):
Event: 0.023 Thread 0x00007ba56001b940 Thread added: 0x00007ba56001b940
Event: 0.033 Thread 0x00007ba56001b940 Thread added: 0x00007ba56013a1f0
Event: 0.033 Thread 0x00007ba56001b940 Thread added: 0x00007ba56013b680
Event: 0.034 Thread 0x00007ba56001b940 Thread added: 0x00007ba56013d150
Event: 0.034 Thread 0x00007ba56001b940 Thread added: 0x00007ba56013e7a0
Event: 0.034 Thread 0x00007ba56001b940 Thread added: 0x00007ba56013fd50
Event: 0.034 Thread 0x00007ba56001b940 Thread added: 0x00007ba560141920
Event: 0.034 Thread 0x00007ba56001b940 Thread added: 0x00007ba560142ff0
Event: 0.065 Thread 0x00007ba56001b940 Thread added: 0x00007ba560162150
Event: 0.094 Thread 0x00007ba560142ff0 Thread added: 0x00007ba4a8068700
Event: 0.094 Thread 0x00007ba4a8068700 Thread added: 0x00007ba49c001130
Event: 0.102 Thread 0x00007ba4a8068700 Thread added: 0x00007ba49c003070
Event: 0.110 Thread 0x00007ba56001b940 Thread added: 0x00007ba5601a5ea0
Event: 0.110 Thread 0x00007ba56001b940 Thread added: 0x00007ba5601bd490
Event: 0.111 Thread 0x00007ba5601a5ea0 Thread added: 0x00007ba488001270
Event: 0.140 Thread 0x00007ba56001b940 Thread added: 0x00007ba5601be760
Event: 0.441 Thread 0x00007ba49c003070 Thread exited: 0x00007ba49c003070
Event: 0.459 Thread 0x00007ba56001b940 Thread added: 0x00007ba561537ae0
Event: 0.542 Thread 0x00007ba56001b940 Thread added: 0x00007ba561568630


Dynamic libraries:
200000000-200200000 ---p 00000000 00:00 0 
200200000-200400000 rw-s 00000000 00:05 1070                             /dev/nvidia0
200400000-203400000 rw-s 00000000 00:05 1069                             /dev/nvidiactl
203400000-204400000 ---p 00000000 00:00 0 
204400000-204600000 rw-s 00000000 00:05 1069                             /dev/nvidiactl
204600000-204800000 rw-s 00000000 00:05 1069                             /dev/nvidiactl
204800000-204a00000 rw-s 00000000 00:05 1069                             /dev/nvidiactl
204a00000-204c00000 rw-s 204a00000 00:05 1071                            /dev/nvidia-uvm
204c00000-204e00000 rw-s 00000000 00:05 1069                             /dev/nvidiactl
204e00000-205000000 ---p 00000000 00:00 0 
205000000-205200000 rw-s 00000000 00:05 1069                             /dev/nvidiactl
205200000-300200000 ---p 00000000 00:00 0 
616800000-635400000 rw-p 00000000 00:00 0 
635400000-7ffc00000 ---p 00000000 00:00 0 
7ffc00000-7ffd08000 rw-p 00ced000 103:02 17172987                        /usr/lib/jvm/java-21-openjdk-amd64/lib/server/classes.jsa
7ffd08000-800000000 rw-p 00000000 00:00 0 
10000000000-10004000000 ---p 00000000 00:00 0 
5a08bbbcd000-5a08bbbce000 r--p 00000000 103:02 17172834                  /usr/lib/jvm/java-21-openjdk-amd64/bin/java
5a08bbbce000-5a08bbbcf000 r-xp 00001000 103:02 17172834                  /usr/lib/jvm/java-21-openjdk-amd64/bin/java
5a08bbbcf000-5a08bbbd0000 r--p 00002000 103:02 17172834                  /usr/lib/jvm/java-21-openjdk-amd64/bin/java
5a08bbbd0000-5a08bbbd1000 r--p 00002000 103:02 17172834                  /usr/lib/jvm/java-21-openjdk-amd64/bin/java
5a08bbbd1000-5a08bbbd2000 rw-p 00003000 103:02 17172834                  /usr/lib/jvm/java-21-openjdk-amd64/bin/java
5a08bc583000-5a08bc5cb000 rw-p 00000000 00:00 0                          [heap]
7ba414000000-7ba414021000 rw-p 00000000 00:00 0 
7ba414021000-7ba418000000 ---p 00000000 00:00 0 
7ba41a000000-7ba422000000 ---p 00000000 00:00 0 
7ba424000000-7ba426000000 ---p 00000000 00:00 0 
7ba428000000-7ba428021000 rw-p 00000000 00:00 0 
7ba428021000-7ba42c000000 ---p 00000000 00:00 0 
7ba430000000-7ba440000000 ---p 00000000 00:00 0 
7ba442000000-7ba442400000 ---p 00000000 00:00 0 
7ba442400000-7ba442600000 rw-s 00000000 00:05 1069                       /dev/nvidiactl
7ba442600000-7ba442800000 rw-s 00000000 00:01 3114                       /dev/zero (deleted)
7ba442800000-7ba442a00000 rw-s 00000000 00:01 3115                       /dev/zero (deleted)
7ba442a00000-7ba443000000 ---p 00000000 00:00 0 
7ba443000000-7ba443200000 rw-s 00000000 00:05 1069                       /dev/nvidiactl
7ba443200000-7ba443400000 ---p 00000000 00:00 0 
7ba443400000-7ba443600000 rw-s 00000000 00:01 3117                       /dev/zero (deleted)
7ba443600000-7ba443b33000 rw-s 00000000 00:05 1069                       /dev/nvidiactl
7ba443b33000-7ba444000000 ---p 00000000 00:00 0 
7ba446000000-7ba44c000000 ---p 00000000 00:00 0 
7ba44c000000-7ba44c021000 rw-p 00000000 00:00 0 
7ba44c021000-7ba450000000 ---p 00000000 00:00 0 
7ba450200000-7ba46d463000 r-xp 00000000 103:02 16524125                  /usr/lib/x86_64-linux-gnu/libcublasLt.so.12.0.2.224
7ba46d463000-7ba46d663000 ---p 1d263000 103:02 16524125                  /usr/lib/x86_64-linux-gnu/libcublasLt.so.12.0.2.224
7ba46d663000-7ba46d893000 r--p 1d263000 103:02 16524125                  /usr/lib/x86_64-linux-gnu/libcublasLt.so.12.0.2.224
7ba46d893000-7ba46e827000 rw-p 1d493000 103:02 16524125                  /usr/lib/x86_64-linux-gnu/libcublasLt.so.12.0.2.224
7ba46e827000-7ba47100f000 rw-p 00000000 00:00 0 
7ba471400000-7ba477a67000 r-xp 00000000 103:02 16524127                  /usr/lib/x86_64-linux-gnu/libcublas.so.12.0.2.224
7ba477a67000-7ba477c67000 ---p 06667000 103:02 16524127                  /usr/lib/x86_64-linux-gnu/libcublas.so.12.0.2.224
7ba477c67000-7ba477c6e000 r--p 06667000 103:02 16524127                  /usr/lib/x86_64-linux-gnu/libcublas.so.12.0.2.224
7ba477c6e000-7ba477c75000 rw-p 0666e000 103:02 16524127                  /usr/lib/x86_64-linux-gnu/libcublas.so.12.0.2.224
7ba477c75000-7ba477c7d000 rw-p 00000000 00:00 0 
7ba478000000-7ba478021000 rw-p 00000000 00:00 0 
7ba478021000-7ba47c000000 ---p 00000000 00:00 0 
7ba47c000000-7ba47c021000 rw-p 00000000 00:00 0 
7ba47c021000-7ba480000000 ---p 00000000 00:00 0 
7ba484000000-7ba484021000 rw-p 00000000 00:00 0 
7ba484021000-7ba488000000 ---p 00000000 00:00 0 
7ba488000000-7ba488021000 rw-p 00000000 00:00 0 
7ba488021000-7ba48c000000 ---p 00000000 00:00 0 
7ba490000000-7ba49007f000 rw-p 00000000 00:00 0 
7ba49007f000-7ba494000000 ---p 00000000 00:00 0 
7ba494000000-7ba49408a000 rw-p 00000000 00:00 0 
7ba49408a000-7ba498000000 ---p 00000000 00:00 0 
7ba49c000000-7ba49c098000 rw-p 00000000 00:00 0 
7ba49c098000-7ba4a0000000 ---p 00000000 00:00 0 
7ba4a0000000-7ba4a0021000 rw-p 00000000 00:00 0 
7ba4a0021000-7ba4a4000000 ---p 00000000 00:00 0 
7ba4a8000000-7ba4a80ed000 rw-p 00000000 00:00 0 
7ba4a80ed000-7ba4ac000000 ---p 00000000 00:00 0 
7ba4ac000000-7ba4ac0fd000 rw-p 00000000 00:00 0 
7ba4ac0fd000-7ba4b0000000 ---p 00000000 00:00 0 
7ba4b4000000-7ba4b4021000 rw-p 00000000 00:00 0 
7ba4b4021000-7ba4b8000000 ---p 00000000 00:00 0 
7ba4b8000000-7ba4b8021000 rw-p 00000000 00:00 0 
7ba4b8021000-7ba4bc000000 ---p 00000000 00:00 0 
7ba4c0000000-7ba4c0021000 rw-p 00000000 00:00 0 
7ba4c0021000-7ba4c4000000 ---p 00000000 00:00 0 
7ba4c4000000-7ba4c4021000 rw-p 00000000 00:00 0 
7ba4c4021000-7ba4c8000000 ---p 00000000 00:00 0 
7ba4cb400000-7ba4cb4e4000 r-xp 00000000 103:02 18219064                  /tmp/libJCudaDriver-12.0.0-linux-x86_64.so
7ba4cb4e4000-7ba4cb6e4000 ---p 000e4000 103:02 18219064                  /tmp/libJCudaDriver-12.0.0-linux-x86_64.so
7ba4cb6e4000-7ba4cb6e9000 r--p 000e4000 103:02 18219064                  /tmp/libJCudaDriver-12.0.0-linux-x86_64.so
7ba4cb6e9000-7ba4cb6eb000 rw-p 000e9000 103:02 18219064                  /tmp/libJCudaDriver-12.0.0-linux-x86_64.so
7ba4cb6eb000-7ba4cb6ed000 rw-p 00000000 00:00 0 
7ba4cba00000-7ba4cbac7000 r-xp 00000000 103:02 18219063                  /tmp/libJCudaRuntime-12.0.0-linux-x86_64.so
7ba4cbac7000-7ba4cbcc7000 ---p 000c7000 103:02 18219063                  /tmp/libJCudaRuntime-12.0.0-linux-x86_64.so
7ba4cbcc7000-7ba4cbccc000 r--p 000c7000 103:02 18219063                  /tmp/libJCudaRuntime-12.0.0-linux-x86_64.so
7ba4cbccc000-7ba4cbccd000 rw-p 000cc000 103:02 18219063                  /tmp/libJCudaRuntime-12.0.0-linux-x86_64.so
7ba4cbccd000-7ba4cbccf000 rw-p 00000000 00:00 0 
7ba4cc000000-7ba4cc021000 rw-p 00000000 00:00 0 
7ba4cc021000-7ba4d0000000 ---p 00000000 00:00 0 
7ba4d0000000-7ba4d0021000 rw-p 00000000 00:00 0 
7ba4d0021000-7ba4d4000000 ---p 00000000 00:00 0 
7ba4d4400000-7ba4d717c000 r-xp 00000000 103:02 16526206                  /usr/lib/x86_64-linux-gnu/libnvrtc.so.12.0.140
7ba4d717c000-7ba4d737c000 ---p 02d7c000 103:02 16526206                  /usr/lib/x86_64-linux-gnu/libnvrtc.so.12.0.140
7ba4d737c000-7ba4d7a4f000 r--p 02d7c000 103:02 16526206                  /usr/lib/x86_64-linux-gnu/libnvrtc.so.12.0.140
7ba4d7a4f000-7ba4d7b1b000 rw-p 0344f000 103:02 16526206                  /usr/lib/x86_64-linux-gnu/libnvrtc.so.12.0.140
7ba4d7b1b000-7ba4d7c1c000 rw-p 00000000 00:00 0 
7ba4d8000000-7ba4d8220000 rw-p 00000000 00:00 0 
7ba4d8220000-7ba4d8400000 ---p 00000000 00:00 0 
7ba4d8400000-7ba4d8500000 rw-p 00000000 00:00 0 
7ba4d8500000-7ba4dc000000 ---p 00000000 00:00 0 
7ba4dc000000-7ba4dc021000 rw-p 00000000 00:00 0 
7ba4dc021000-7ba4e0000000 ---p 00000000 00:00 0 
7ba4e0200000-7ba4e0201000 ---p 00000000 00:00 0 
7ba4e0201000-7ba4e0a01000 rw-p 00000000 00:00 0 
7ba4e0c00000-7ba4e0c01000 rw-s 00000000 00:05 1069                       /dev/nvidiactl
7ba4e0c01000-7ba4e0c02000 rw-s 00000000 00:05 1069                       /dev/nvidiactl
7ba4e0c02000-7ba4e0c03000 rw-s 00000000 00:05 1069                       /dev/nvidiactl
7ba4e0c03000-7ba4e0c04000 rw-s 00000000 00:05 1069                       /dev/nvidiactl
7ba4e0c04000-7ba4e0c05000 rw-s 00000000 00:05 1069                       /dev/nvidiactl
7ba4e0c05000-7ba4e0c06000 rw-s 00000000 00:05 1069                       /dev/nvidiactl
7ba4e0c06000-7ba4e0c07000 rw-s 00000000 00:05 1069                       /dev/nvidiactl
7ba4e0c07000-7ba4e0c08000 rw-s 00000000 00:05 1069                       /dev/nvidiactl
7ba4e0c08000-7ba4e0c09000 rw-s 00000000 00:05 1069                       /dev/nvidiactl
7ba4e0c09000-7ba4e0c0a000 rw-s 00000000 00:05 1069                       /dev/nvidiactl
7ba4e0c0a000-7ba4e0c0b000 rw-s 00000000 00:05 1069                       /dev/nvidiactl
7ba4e0c0b000-7ba4e0c0c000 rw-s 00000000 00:05 1069                       /dev/nvidiactl
7ba4e0c0c000-7ba4e0c0d000 rw-s 00000000 00:05 1069                       /dev/nvidiactl
7ba4e0c0d000-7ba4e0c0e000 rw-s 00000000 00:05 1069                       /dev/nvidiactl
7ba4e0c0e000-7ba4e0c0f000 rw-s 00000000 00:05 1069                       /dev/nvidiactl
7ba4e0c0f000-7ba4e0c10000 rw-s 00000000 00:05 1069                       /dev/nvidiactl
7ba4e0c10000-7ba4e1c21000 ---p 00000000 00:00 0 
7ba4e1e00000-7ba4e2e21000 ---p 00000000 00:00 0 
7ba4e3000000-7ba4e3cae000 rw-p 00001000 103:02 17172987                  /usr/lib/jvm/java-21-openjdk-amd64/lib/server/classes.jsa
7ba4e3cae000-7ba4e4000000 ---p 00000000 00:00 0 
7ba4e4000000-7ba4e4030000 rw-p 00000000 00:00 0 
7ba4e4030000-7ba4e4040000 ---p 00000000 00:00 0 
7ba4e4040000-7ba4e4070000 rw-p 00000000 00:00 0 
7ba4e4070000-7ba524000000 ---p 00000000 00:00 0 
7ba524000000-7ba524021000 rw-p 00000000 00:00 0 
7ba524021000-7ba528000000 ---p 00000000 00:00 0 
7ba528000000-7ba528021000 rw-p 00000000 00:00 0 
7ba528021000-7ba52c000000 ---p 00000000 00:00 0 
7ba52c200000-7ba52c4dc000 rw-p 00000000 00:00 0 
7ba52c600000-7ba52c601000 ---p 00000000 00:00 0 
7ba52c601000-7ba52ce01000 rw-p 00000000 00:00 0 
7ba52cf00000-7ba52cf04000 ---p 00000000 00:00 0 
7ba52cf04000-7ba52d000000 rw-p 00000000 00:00 0 
7ba52d000000-7ba52d25a000 rw-p 00000000 00:00 0 
7ba52d2c3000-7ba52d2dc000 r--p 00000000 103:02 16530316                  /usr/lib/x86_64-linux-gnu/libX11.so.6.4.0
7ba52d2dc000-7ba52d36c000 r-xp 00019000 103:02 16530316                  /usr/lib/x86_64-linux-gnu/libX11.so.6.4.0
7ba52d36c000-7ba52d3fb000 r--p 000a9000 103:02 16530316                  /usr/lib/x86_64-linux-gnu/libX11.so.6.4.0
7ba52d3fb000-7ba52d3fc000 r--p 00138000 103:02 16530316                  /usr/lib/x86_64-linux-gnu/libX11.so.6.4.0
7ba52d3fc000-7ba52d400000 rw-p 00139000 103:02 16530316                  /usr/lib/x86_64-linux-gnu/libX11.so.6.4.0
7ba52d400000-7ba52d401000 ---p 00000000 00:00 0 
7ba52d401000-7ba52dc01000 rw-p 00000000 00:00 0 
7ba52dc3b000-7ba52dc3f000 r--p 00000000 103:02 16530777                  /usr/lib/x86_64-linux-gnu/libjpeg.so.8.2.2
7ba52dc3f000-7ba52dc8c000 r-xp 00004000 103:02 16530777                  /usr/lib/x86_64-linux-gnu/libjpeg.so.8.2.2
7ba52dc8c000-7ba52dcbc000 r--p 00051000 103:02 16530777                  /usr/lib/x86_64-linux-gnu/libjpeg.so.8.2.2
7ba52dcbc000-7ba52dcbd000 r--p 00081000 103:02 16530777                  /usr/lib/x86_64-linux-gnu/libjpeg.so.8.2.2
7ba52dcbd000-7ba52dcbe000 rw-p 00082000 103:02 16530777                  /usr/lib/x86_64-linux-gnu/libjpeg.so.8.2.2
7ba52dcbe000-7ba52de00000 rw-p 00000000 00:00 0 
7ba52de00000-7ba52dede000 r--p 00000000 103:02 16552573                  /usr/lib/x86_64-linux-gnu/libcuda.so.550.107.02
7ba52dede000-7ba52e3b3000 r-xp 000de000 103:02 16552573                  /usr/lib/x86_64-linux-gnu/libcuda.so.550.107.02
7ba52e3b3000-7ba52f84e000 r--p 005b3000 103:02 16552573                  /usr/lib/x86_64-linux-gnu/libcuda.so.550.107.02
7ba52f84e000-7ba52f84f000 ---p 01a4e000 103:02 16552573                  /usr/lib/x86_64-linux-gnu/libcuda.so.550.107.02
7ba52f84f000-7ba52f867000 r--p 01a4e000 103:02 16552573                  /usr/lib/x86_64-linux-gnu/libcuda.so.550.107.02
7ba52f867000-7ba52f962000 rw-p 01a66000 103:02 16552573                  /usr/lib/x86_64-linux-gnu/libcuda.so.550.107.02
7ba52f962000-7ba52f9cb000 rw-p 00000000 00:00 0 
7ba52fa00000-7ba52fb38000 r-xp 00000000 103:02 18219061                  /tmp/libJCublas2-12.0.0-linux-x86_64.so
7ba52fb38000-7ba52fd38000 ---p 00138000 103:02 18219061                  /tmp/libJCublas2-12.0.0-linux-x86_64.so
7ba52fd38000-7ba52fd3d000 r--p 00138000 103:02 18219061                  /tmp/libJCublas2-12.0.0-linux-x86_64.so
7ba52fd3d000-7ba52fd3f000 rw-p 0013d000 103:02 18219061                  /tmp/libJCublas2-12.0.0-linux-x86_64.so
7ba52fd3f000-7ba52fd41000 rw-p 00000000 00:00 0 
7ba52fd47000-7ba52fd4b000 r--p 00000000 103:02 16530470                  /usr/lib/x86_64-linux-gnu/libbsd.so.0.12.1
7ba52fd4b000-7ba52fd57000 r-xp 00004000 103:02 16530470                  /usr/lib/x86_64-linux-gnu/libbsd.so.0.12.1
7ba52fd57000-7ba52fd5a000 r--p 00010000 103:02 16530470                  /usr/lib/x86_64-linux-gnu/libbsd.so.0.12.1
7ba52fd5a000-7ba52fd5b000 r--p 00012000 103:02 16530470                  /usr/lib/x86_64-linux-gnu/libbsd.so.0.12.1
7ba52fd5b000-7ba52fd5c000 rw-p 00013000 103:02 16530470                  /usr/lib/x86_64-linux-gnu/libbsd.so.0.12.1
7ba52fd5c000-7ba52fd5d000 rw-p 00000000 00:00 0 
7ba52fd5d000-7ba52fd68000 r--p 00000000 103:02 16531187                  /usr/lib/x86_64-linux-gnu/libxcb.so.1.1.0
7ba52fd68000-7ba52fd7b000 r-xp 0000b000 103:02 16531187                  /usr/lib/x86_64-linux-gnu/libxcb.so.1.1.0
7ba52fd7b000-7ba52fd84000 r--p 0001e000 103:02 16531187                  /usr/lib/x86_64-linux-gnu/libxcb.so.1.1.0
7ba52fd84000-7ba52fd85000 r--p 00026000 103:02 16531187                  /usr/lib/x86_64-linux-gnu/libxcb.so.1.1.0
7ba52fd85000-7ba52fd86000 rw-p 00027000 103:02 16531187                  /usr/lib/x86_64-linux-gnu/libxcb.so.1.1.0
7ba52fd86000-7ba52fd98000 r--p 00000000 103:02 17173114                  /usr/lib/jvm/java-21-openjdk-amd64/lib/libawt_xawt.so
7ba52fd98000-7ba52fddf000 r-xp 00012000 103:02 17173114                  /usr/lib/jvm/java-21-openjdk-amd64/lib/libawt_xawt.so
7ba52fddf000-7ba52fdf7000 r--p 00059000 103:02 17173114                  /usr/lib/jvm/java-21-openjdk-amd64/lib/libawt_xawt.so
7ba52fdf7000-7ba52fdfc000 r--p 00070000 103:02 17173114                  /usr/lib/jvm/java-21-openjdk-amd64/lib/libawt_xawt.so
7ba52fdfc000-7ba52fdfe000 rw-p 00075000 103:02 17173114                  /usr/lib/jvm/java-21-openjdk-amd64/lib/libawt_xawt.so
7ba52fdfe000-7ba52fe00000 rw-p 00000000 00:00 0 
7ba52fe00000-7ba530000000 rw-s 00000000 00:01 3116                       /dev/zero (deleted)
7ba530000000-7ba530021000 rw-p 00000000 00:00 0 
7ba530021000-7ba534000000 ---p 00000000 00:00 0 
7ba534000000-7ba534021000 rw-p 00000000 00:00 0 
7ba534021000-7ba538000000 ---p 00000000 00:00 0 
7ba53800b000-7ba538029000 r--p 00000000 103:02 17172951                  /usr/lib/jvm/java-21-openjdk-amd64/lib/libawt.so
7ba538029000-7ba5380c0000 r-xp 0001e000 103:02 17172951                  /usr/lib/jvm/java-21-openjdk-amd64/lib/libawt.so
7ba5380c0000-7ba5380cd000 r--p 000b5000 103:02 17172951                  /usr/lib/jvm/java-21-openjdk-amd64/lib/libawt.so
7ba5380cd000-7ba5380ce000 r--p 000c1000 103:02 17172951                  /usr/lib/jvm/java-21-openjdk-amd64/lib/libawt.so
7ba5380ce000-7ba5380d9000 rw-p 000c2000 103:02 17172951                  /usr/lib/jvm/java-21-openjdk-amd64/lib/libawt.so
7ba5380d9000-7ba538200000 rw-p 00000000 00:00 0 
7ba538200000-7ba538204000 ---p 00000000 00:00 0 
7ba538204000-7ba538300000 rw-p 00000000 00:00 0 
7ba538300000-7ba538304000 ---p 00000000 00:00 0 
7ba538304000-7ba538400000 rw-p 00000000 00:00 0 
7ba538400000-7ba538404000 ---p 00000000 00:00 0 
7ba538404000-7ba538500000 rw-p 00000000 00:00 0 
7ba538500000-7ba538504000 ---p 00000000 00:00 0 
7ba538504000-7ba538600000 rw-p 00000000 00:00 0 
7ba538600000-7ba538604000 ---p 00000000 00:00 0 
7ba538604000-7ba538700000 rw-p 00000000 00:00 0 
7ba538700000-7ba538704000 ---p 00000000 00:00 0 
7ba538704000-7ba538800000 rw-p 00000000 00:00 0 
7ba538800000-7ba538804000 ---p 00000000 00:00 0 
7ba538804000-7ba538900000 rw-p 00000000 00:00 0 
7ba538900000-7ba538904000 ---p 00000000 00:00 0 
7ba538904000-7ba538a00000 rw-p 00000000 00:00 0 
7ba538a00000-7ba538a04000 ---p 00000000 00:00 0 
7ba538a04000-7ba538b00000 rw-p 00000000 00:00 0 
7ba538b00000-7ba538b04000 ---p 00000000 00:00 0 
7ba538b04000-7ba538c00000 rw-p 00000000 00:00 0 
7ba538c00000-7ba538c04000 ---p 00000000 00:00 0 
7ba538c04000-7ba538d00000 rw-p 00000000 00:00 0 
7ba538d00000-7ba538d04000 ---p 00000000 00:00 0 
7ba538d04000-7ba538e00000 rw-p 00000000 00:00 0 
7ba538e00000-7ba538e04000 ---p 00000000 00:00 0 
7ba538e04000-7ba538f00000 rw-p 00000000 00:00 0 
7ba538f00000-7ba538f04000 ---p 00000000 00:00 0 
7ba538f04000-7ba539000000 rw-p 00000000 00:00 0 
7ba539000000-7ba539dec000 r--p 00000000 103:02 16521112                  /usr/lib/locale/locale-archive
7ba539dff000-7ba539e03000 ---p 00000000 00:00 0 
7ba539e03000-7ba539eff000 rw-p 00000000 00:00 0 
7ba539eff000-7ba539f00000 ---p 00000000 00:00 0 
7ba539f00000-7ba53a000000 rw-p 00000000 00:00 0 
7ba53a000000-7ba53c021000 rw-p 00000000 00:00 0 
7ba53c021000-7ba540000000 ---p 00000000 00:00 0 
7ba540002000-7ba540004000 r--p 00000000 103:02 16530828                  /usr/lib/x86_64-linux-gnu/libmd.so.0.1.0
7ba540004000-7ba54000d000 r-xp 00002000 103:02 16530828                  /usr/lib/x86_64-linux-gnu/libmd.so.0.1.0
7ba54000d000-7ba54000f000 r--p 0000b000 103:02 16530828                  /usr/lib/x86_64-linux-gnu/libmd.so.0.1.0
7ba54000f000-7ba540010000 r--p 0000c000 103:02 16530828                  /usr/lib/x86_64-linux-gnu/libmd.so.0.1.0
7ba540010000-7ba540011000 rw-p 0000d000 103:02 16530828                  /usr/lib/x86_64-linux-gnu/libmd.so.0.1.0
7ba540011000-7ba5400f5000 rw-p 00000000 00:00 0 
7ba5400f5000-7ba5400f6000 ---p 00000000 00:00 0 
7ba5400f6000-7ba5401f6000 rw-p 00000000 00:00 0 
7ba5401f6000-7ba5401f7000 ---p 00000000 00:00 0 
7ba5401f7000-7ba5402f7000 rw-p 00000000 00:00 0 
7ba5402f7000-7ba5402f8000 ---p 00000000 00:00 0 
7ba5402f8000-7ba5403f8000 rw-p 00000000 00:00 0 
7ba5403f8000-7ba5413b0000 rw-p 00000000 00:00 0 
7ba5413b0000-7ba548650000 ---p 00000000 00:00 0 
7ba548650000-7ba548660000 rw-p 00000000 00:00 0 
7ba54866b000-7ba54866e000 r--p 00000000 103:02 16530328                  /usr/lib/x86_64-linux-gnu/libXi.so.6.1.0
7ba54866e000-7ba54867a000 r-xp 00003000 103:02 16530328                  /usr/lib/x86_64-linux-gnu/libXi.so.6.1.0
7ba54867a000-7ba54867c000 r--p 0000f000 103:02 16530328                  /usr/lib/x86_64-linux-gnu/libXi.so.6.1.0
7ba54867c000-7ba54867d000 r--p 00011000 103:02 16530328                  /usr/lib/x86_64-linux-gnu/libXi.so.6.1.0
7ba54867d000-7ba54867e000 rw-p 00012000 103:02 16530328                  /usr/lib/x86_64-linux-gnu/libXi.so.6.1.0
7ba54867e000-7ba548800000 rw-p 00000000 00:00 0 
7ba548800000-7ba548a70000 rwxp 00000000 00:00 0 
7ba548a70000-7ba54fc5f000 ---p 00000000 00:00 0 
7ba54fc5f000-7ba54ff0f000 rwxp 00000000 00:00 0 
7ba54ff0f000-7ba5503a0000 ---p 00000000 00:00 0 
7ba5503a0000-7ba550610000 rwxp 00000000 00:00 0 
7ba550610000-7ba557800000 ---p 00000000 00:00 0 
7ba557800000-7ba55fe02000 r--s 00000000 103:02 17172984                  /usr/lib/jvm/java-21-openjdk-amd64/lib/modules
7ba55fe0a000-7ba55fe0c000 r--p 00000000 103:02 16530323                  /usr/lib/x86_64-linux-gnu/libXdmcp.so.6.0.0
7ba55fe0c000-7ba55fe0e000 r-xp 00002000 103:02 16530323                  /usr/lib/x86_64-linux-gnu/libXdmcp.so.6.0.0
7ba55fe0e000-7ba55fe10000 r--p 00004000 103:02 16530323                  /usr/lib/x86_64-linux-gnu/libXdmcp.so.6.0.0
7ba55fe10000-7ba55fe11000 r--p 00005000 103:02 16530323                  /usr/lib/x86_64-linux-gnu/libXdmcp.so.6.0.0
7ba55fe11000-7ba55fe12000 rw-p 00006000 103:02 16530323                  /usr/lib/x86_64-linux-gnu/libXdmcp.so.6.0.0
7ba55fe12000-7ba55fe14000 r--p 00000000 103:02 16530337                  /usr/lib/x86_64-linux-gnu/libXtst.so.6.1.0
7ba55fe14000-7ba55fe17000 r-xp 00002000 103:02 16530337                  /usr/lib/x86_64-linux-gnu/libXtst.so.6.1.0
7ba55fe17000-7ba55fe18000 r--p 00005000 103:02 16530337                  /usr/lib/x86_64-linux-gnu/libXtst.so.6.1.0
7ba55fe18000-7ba55fe19000 r--p 00005000 103:02 16530337                  /usr/lib/x86_64-linux-gnu/libXtst.so.6.1.0
7ba55fe19000-7ba55fe1a000 rw-p 00006000 103:02 16530337                  /usr/lib/x86_64-linux-gnu/libXtst.so.6.1.0
7ba55fe1a000-7ba55fe1e000 r--p 00000000 103:02 16530324                  /usr/lib/x86_64-linux-gnu/libXext.so.6.4.0
7ba55fe1e000-7ba55fe29000 r-xp 00004000 103:02 16530324                  /usr/lib/x86_64-linux-gnu/libXext.so.6.4.0
7ba55fe29000-7ba55fe2c000 r--p 0000f000 103:02 16530324                  /usr/lib/x86_64-linux-gnu/libXext.so.6.4.0
7ba55fe2c000-7ba55fe2d000 r--p 00011000 103:02 16530324                  /usr/lib/x86_64-linux-gnu/libXext.so.6.4.0
7ba55fe2d000-7ba55fe2e000 rw-p 00012000 103:02 16530324                  /usr/lib/x86_64-linux-gnu/libXext.so.6.4.0
7ba55fe2e000-7ba55fe33000 r--p 00000000 103:02 17172968                  /usr/lib/jvm/java-21-openjdk-amd64/lib/libjsvml.so
7ba55fe33000-7ba55fe74000 r-xp 00005000 103:02 17172968                  /usr/lib/jvm/java-21-openjdk-amd64/lib/libjsvml.so
7ba55fe74000-7ba55fefd000 r--p 00046000 103:02 17172968                  /usr/lib/jvm/java-21-openjdk-amd64/lib/libjsvml.so
7ba55fefd000-7ba55fefe000 r--p 000ce000 103:02 17172968                  /usr/lib/jvm/java-21-openjdk-amd64/lib/libjsvml.so
7ba55fefe000-7ba55feff000 rw-p 000cf000 103:02 17172968                  /usr/lib/jvm/java-21-openjdk-amd64/lib/libjsvml.so
7ba55feff000-7ba562be4000 rw-p 00000000 00:00 0 
7ba562be4000-7ba564000000 ---p 00000000 00:00 0 
7ba564006000-7ba5643fe000 rw-p 00000000 00:00 0 
7ba5643fe000-7ba5643ff000 ---p 00000000 00:00 0 
7ba5643ff000-7ba5644ff000 rw-p 00000000 00:00 0 
7ba5644ff000-7ba564500000 ---p 00000000 00:00 0 
7ba564500000-7ba564600000 rw-p 00000000 00:00 0 
7ba564600000-7ba5646f6000 rw-p 00000000 00:00 0 
7ba5646f6000-7ba56554a000 ---p 00000000 00:00 0 
7ba56554a000-7ba56554c000 rw-p 00000000 00:00 0 
7ba56554d000-7ba56554e000 r--p 00000000 103:02 16530318                  /usr/lib/x86_64-linux-gnu/libXau.so.6.0.0
7ba56554e000-7ba565550000 r-xp 00001000 103:02 16530318                  /usr/lib/x86_64-linux-gnu/libXau.so.6.0.0
7ba565550000-7ba565551000 r--p 00003000 103:02 16530318                  /usr/lib/x86_64-linux-gnu/libXau.so.6.0.0
7ba565551000-7ba565552000 r--p 00003000 103:02 16530318                  /usr/lib/x86_64-linux-gnu/libXau.so.6.0.0
7ba565552000-7ba565553000 rw-p 00004000 103:02 16530318                  /usr/lib/x86_64-linux-gnu/libXau.so.6.0.0
7ba565553000-7ba565555000 r--p 00000000 103:02 16530334                  /usr/lib/x86_64-linux-gnu/libXrender.so.1.3.0
7ba565555000-7ba56555c000 r-xp 00002000 103:02 16530334                  /usr/lib/x86_64-linux-gnu/libXrender.so.1.3.0
7ba56555c000-7ba56555d000 r--p 00009000 103:02 16530334                  /usr/lib/x86_64-linux-gnu/libXrender.so.1.3.0
7ba56555d000-7ba56555e000 r--p 00009000 103:02 16530334                  /usr/lib/x86_64-linux-gnu/libXrender.so.1.3.0
7ba56555e000-7ba56555f000 rw-p 0000a000 103:02 16530334                  /usr/lib/x86_64-linux-gnu/libXrender.so.1.3.0
7ba565567000-7ba565569000 r--p 00000000 103:02 17172962                  /usr/lib/jvm/java-21-openjdk-amd64/lib/libjavajpeg.so
7ba565569000-7ba565570000 r-xp 00002000 103:02 17172962                  /usr/lib/jvm/java-21-openjdk-amd64/lib/libjavajpeg.so
7ba565570000-7ba565571000 r--p 00009000 103:02 17172962                  /usr/lib/jvm/java-21-openjdk-amd64/lib/libjavajpeg.so
7ba565571000-7ba565572000 r--p 0000a000 103:02 17172962                  /usr/lib/jvm/java-21-openjdk-amd64/lib/libjavajpeg.so
7ba565572000-7ba565573000 rw-p 0000b000 103:02 17172962                  /usr/lib/jvm/java-21-openjdk-amd64/lib/libjavajpeg.so
7ba565573000-7ba565574000 r--p 00000000 103:02 16530540                  /usr/lib/x86_64-linux-gnu/libdl.so.2
7ba565574000-7ba565575000 r-xp 00001000 103:02 16530540                  /usr/lib/x86_64-linux-gnu/libdl.so.2
7ba565575000-7ba565576000 r--p 00002000 103:02 16530540                  /usr/lib/x86_64-linux-gnu/libdl.so.2
7ba565576000-7ba565577000 r--p 00002000 103:02 16530540                  /usr/lib/x86_64-linux-gnu/libdl.so.2
7ba565577000-7ba565578000 rw-p 00003000 103:02 16530540                  /usr/lib/x86_64-linux-gnu/libdl.so.2
7ba56557c000-7ba56558c000 -w-s 00000000 00:05 1070                       /dev/nvidia0
7ba56558c000-7ba56558e000 r--p 00000000 103:02 17172983                  /usr/lib/jvm/java-21-openjdk-amd64/lib/libzip.so
7ba56558e000-7ba565593000 r-xp 00002000 103:02 17172983                  /usr/lib/jvm/java-21-openjdk-amd64/lib/libzip.so
7ba565593000-7ba565595000 r--p 00007000 103:02 17172983                  /usr/lib/jvm/java-21-openjdk-amd64/lib/libzip.so
7ba565595000-7ba565596000 r--p 00008000 103:02 17172983                  /usr/lib/jvm/java-21-openjdk-amd64/lib/libzip.so
7ba565596000-7ba565597000 rw-p 00009000 103:02 17172983                  /usr/lib/jvm/java-21-openjdk-amd64/lib/libzip.so
7ba565597000-7ba565598000 r--p 00000000 103:02 17172953                  /usr/lib/jvm/java-21-openjdk-amd64/lib/libdt_socket.so
7ba565598000-7ba56559b000 r-xp 00001000 103:02 17172953                  /usr/lib/jvm/java-21-openjdk-amd64/lib/libdt_socket.so
7ba56559b000-7ba56559c000 r--p 00004000 103:02 17172953                  /usr/lib/jvm/java-21-openjdk-amd64/lib/libdt_socket.so
7ba56559c000-7ba56559d000 r--p 00005000 103:02 17172953                  /usr/lib/jvm/java-21-openjdk-amd64/lib/libdt_socket.so
7ba56559d000-7ba56559e000 rw-p 00006000 103:02 17172953                  /usr/lib/jvm/java-21-openjdk-amd64/lib/libdt_socket.so
7ba56559e000-7ba5655a5000 r--s 00000000 103:02 16532226                  /usr/lib/x86_64-linux-gnu/gconv/gconv-modules.cache
7ba5655a5000-7ba5656f6000 rw-p 00000000 00:00 0 
7ba5656f6000-7ba56654a000 ---p 00000000 00:00 0 
7ba56654a000-7ba56654c000 rw-p 00000000 00:00 0 
7ba56654e000-7ba566555000 r--p 00000000 103:02 17172976                  /usr/lib/jvm/java-21-openjdk-amd64/lib/libnio.so
7ba566555000-7ba56655e000 r-xp 00007000 103:02 17172976                  /usr/lib/jvm/java-21-openjdk-amd64/lib/libnio.so
7ba56655e000-7ba566562000 r--p 00010000 103:02 17172976                  /usr/lib/jvm/java-21-openjdk-amd64/lib/libnio.so
7ba566562000-7ba566563000 r--p 00014000 103:02 17172976                  /usr/lib/jvm/java-21-openjdk-amd64/lib/libnio.so
7ba566563000-7ba566564000 rw-p 00015000 103:02 17172976                  /usr/lib/jvm/java-21-openjdk-amd64/lib/libnio.so
7ba566564000-7ba566565000 ---p 00000000 00:00 0 
7ba566565000-7ba566665000 rw-p 00000000 00:00 0 
7ba566665000-7ba567433000 rw-p 00000000 00:00 0 
7ba567433000-7ba567517000 ---p 00000000 00:00 0 
7ba567517000-7ba56751c000 rw-p 00000000 00:00 0 
7ba56751c000-7ba567600000 ---p 00000000 00:00 0 
7ba567600000-7ba56769d000 r--p 00000000 103:02 16543594                  /usr/lib/x86_64-linux-gnu/libstdc++.so.6.0.33
7ba56769d000-7ba5677e5000 r-xp 0009d000 103:02 16543594                  /usr/lib/x86_64-linux-gnu/libstdc++.so.6.0.33
7ba5677e5000-7ba56786c000 r--p 001e5000 103:02 16543594                  /usr/lib/x86_64-linux-gnu/libstdc++.so.6.0.33
7ba56786c000-7ba567877000 r--p 0026b000 103:02 16543594                  /usr/lib/x86_64-linux-gnu/libstdc++.so.6.0.33
7ba567877000-7ba56787a000 rw-p 00276000 103:02 16543594                  /usr/lib/x86_64-linux-gnu/libstdc++.so.6.0.33
7ba56787a000-7ba56787e000 rw-p 00000000 00:00 0 
7ba567881000-7ba567900000 rw-p 00000000 00:00 0 
7ba567900000-7ba567904000 ---p 00000000 00:00 0 
7ba567904000-7ba567a00000 rw-p 00000000 00:00 0 
7ba567a00000-7ba567c96000 r--p 00000000 103:02 17172990                  /usr/lib/jvm/java-21-openjdk-amd64/lib/server/libjvm.so
7ba567c96000-7ba568afe000 r-xp 00296000 103:02 17172990                  /usr/lib/jvm/java-21-openjdk-amd64/lib/server/libjvm.so
7ba568afe000-7ba568dd1000 r--p 010fe000 103:02 17172990                  /usr/lib/jvm/java-21-openjdk-amd64/lib/server/libjvm.so
7ba568dd1000-7ba568ea1000 r--p 013d0000 103:02 17172990                  /usr/lib/jvm/java-21-openjdk-amd64/lib/server/libjvm.so
7ba568ea1000-7ba568ed1000 rw-p 014a0000 103:02 17172990                  /usr/lib/jvm/java-21-openjdk-amd64/lib/server/libjvm.so
7ba568ed1000-7ba568f37000 rw-p 00000000 00:00 0 
7ba568f37000-7ba568f38000 r--p 00000000 103:02 16531006                  /usr/lib/x86_64-linux-gnu/librt.so.1
7ba568f38000-7ba568f39000 r-xp 00001000 103:02 16531006                  /usr/lib/x86_64-linux-gnu/librt.so.1
7ba568f39000-7ba568f3a000 r--p 00002000 103:02 16531006                  /usr/lib/x86_64-linux-gnu/librt.so.1
7ba568f3a000-7ba568f3b000 r--p 00002000 103:02 16531006                  /usr/lib/x86_64-linux-gnu/librt.so.1
7ba568f3b000-7ba568f3c000 rw-p 00003000 103:02 16531006                  /usr/lib/x86_64-linux-gnu/librt.so.1
7ba568f3c000-7ba568f3f000 r--p 00000000 103:02 17172975                  /usr/lib/jvm/java-21-openjdk-amd64/lib/libnet.so
7ba568f3f000-7ba568f47000 r-xp 00003000 103:02 17172975                  /usr/lib/jvm/java-21-openjdk-amd64/lib/libnet.so
7ba568f47000-7ba568f49000 r--p 0000b000 103:02 17172975                  /usr/lib/jvm/java-21-openjdk-amd64/lib/libnet.so
7ba568f49000-7ba568f4a000 r--p 0000c000 103:02 17172975                  /usr/lib/jvm/java-21-openjdk-amd64/lib/libnet.so
7ba568f4a000-7ba568f4b000 rw-p 0000d000 103:02 17172975                  /usr/lib/jvm/java-21-openjdk-amd64/lib/libnet.so
7ba568f4b000-7ba568f8f000 rw-p 00000000 00:00 0 
7ba568f8f000-7ba568f98000 ---p 00000000 00:00 0 
7ba568f98000-7ba568fa5000 r--p 00000000 103:02 17172961                  /usr/lib/jvm/java-21-openjdk-amd64/lib/libjava.so
7ba568fa5000-7ba568fb4000 r-xp 0000d000 103:02 17172961                  /usr/lib/jvm/java-21-openjdk-amd64/lib/libjava.so
7ba568fb4000-7ba568fb9000 r--p 0001c000 103:02 17172961                  /usr/lib/jvm/java-21-openjdk-amd64/lib/libjava.so
7ba568fb9000-7ba568fba000 r--p 00021000 103:02 17172961                  /usr/lib/jvm/java-21-openjdk-amd64/lib/libjava.so
7ba568fba000-7ba568fbb000 rw-p 00022000 103:02 17172961                  /usr/lib/jvm/java-21-openjdk-amd64/lib/libjava.so
7ba568fbb000-7ba568fbc000 rw-p 00000000 00:00 0 
7ba568fbc000-7ba568fbf000 r--p 00000000 103:02 17172963                  /usr/lib/jvm/java-21-openjdk-amd64/lib/libjdwp.so
7ba568fbf000-7ba568fee000 r-xp 00003000 103:02 17172963                  /usr/lib/jvm/java-21-openjdk-amd64/lib/libjdwp.so
7ba568fee000-7ba568ffd000 r--p 00032000 103:02 17172963                  /usr/lib/jvm/java-21-openjdk-amd64/lib/libjdwp.so
7ba568ffd000-7ba568ffe000 r--p 00040000 103:02 17172963                  /usr/lib/jvm/java-21-openjdk-amd64/lib/libjdwp.so
7ba568ffe000-7ba568fff000 rw-p 00041000 103:02 17172963                  /usr/lib/jvm/java-21-openjdk-amd64/lib/libjdwp.so
7ba568fff000-7ba569000000 rw-p 00000000 00:00 0 
7ba569000000-7ba569028000 r--p 00000000 103:02 16530474                  /usr/lib/x86_64-linux-gnu/libc.so.6
7ba569028000-7ba5691b0000 r-xp 00028000 103:02 16530474                  /usr/lib/x86_64-linux-gnu/libc.so.6
7ba5691b0000-7ba5691ff000 r--p 001b0000 103:02 16530474                  /usr/lib/x86_64-linux-gnu/libc.so.6
7ba5691ff000-7ba569203000 r--p 001fe000 103:02 16530474                  /usr/lib/x86_64-linux-gnu/libc.so.6
7ba569203000-7ba569205000 rw-p 00202000 103:02 16530474                  /usr/lib/x86_64-linux-gnu/libc.so.6
7ba569205000-7ba569212000 rw-p 00000000 00:00 0 
7ba569212000-7ba569213000 r--p 00000000 103:02 16530978                  /usr/lib/x86_64-linux-gnu/libpthread.so.0
7ba569213000-7ba569214000 r-xp 00001000 103:02 16530978                  /usr/lib/x86_64-linux-gnu/libpthread.so.0
7ba569214000-7ba569215000 r--p 00002000 103:02 16530978                  /usr/lib/x86_64-linux-gnu/libpthread.so.0
7ba569215000-7ba569216000 r--p 00002000 103:02 16530978                  /usr/lib/x86_64-linux-gnu/libpthread.so.0
7ba569216000-7ba569217000 rw-p 00003000 103:02 16530978                  /usr/lib/x86_64-linux-gnu/libpthread.so.0
7ba569217000-7ba56921b000 r--p 00000000 103:02 16528598                  /usr/lib/x86_64-linux-gnu/libgcc_s.so.1
7ba56921b000-7ba56923f000 r-xp 00004000 103:02 16528598                  /usr/lib/x86_64-linux-gnu/libgcc_s.so.1
7ba56923f000-7ba569243000 r--p 00028000 103:02 16528598                  /usr/lib/x86_64-linux-gnu/libgcc_s.so.1
7ba569243000-7ba569244000 r--p 0002b000 103:02 16528598                  /usr/lib/x86_64-linux-gnu/libgcc_s.so.1
7ba569244000-7ba569245000 rw-p 0002c000 103:02 16528598                  /usr/lib/x86_64-linux-gnu/libgcc_s.so.1
7ba569245000-7ba569255000 r--p 00000000 103:02 16530817                  /usr/lib/x86_64-linux-gnu/libm.so.6
7ba569255000-7ba5692d4000 r-xp 00010000 103:02 16530817                  /usr/lib/x86_64-linux-gnu/libm.so.6
7ba5692d4000-7ba56932c000 r--p 0008f000 103:02 16530817                  /usr/lib/x86_64-linux-gnu/libm.so.6
7ba56932c000-7ba56932d000 r--p 000e7000 103:02 16530817                  /usr/lib/x86_64-linux-gnu/libm.so.6
7ba56932d000-7ba56932e000 rw-p 000e8000 103:02 16530817                  /usr/lib/x86_64-linux-gnu/libm.so.6
7ba56932e000-7ba569330000 rw-p 00000000 00:00 0 
7ba569330000-7ba569332000 r--p 00000000 103:02 17172965                  /usr/lib/jvm/java-21-openjdk-amd64/lib/libjli.so
7ba569332000-7ba56933c000 r-xp 00002000 103:02 17172965                  /usr/lib/jvm/java-21-openjdk-amd64/lib/libjli.so
7ba56933c000-7ba56933f000 r--p 0000c000 103:02 17172965                  /usr/lib/jvm/java-21-openjdk-amd64/lib/libjli.so
7ba56933f000-7ba569340000 r--p 0000f000 103:02 17172965                  /usr/lib/jvm/java-21-openjdk-amd64/lib/libjli.so
7ba569340000-7ba569341000 rw-p 00010000 103:02 17172965                  /usr/lib/jvm/java-21-openjdk-amd64/lib/libjli.so
7ba569341000-7ba569343000 r--p 00000000 103:02 16531205                  /usr/lib/x86_64-linux-gnu/libz.so.1.3
7ba569343000-7ba569355000 r-xp 00002000 103:02 16531205                  /usr/lib/x86_64-linux-gnu/libz.so.1.3
7ba569355000-7ba56935b000 r--p 00014000 103:02 16531205                  /usr/lib/x86_64-linux-gnu/libz.so.1.3
7ba56935b000-7ba56935c000 r--p 0001a000 103:02 16531205                  /usr/lib/x86_64-linux-gnu/libz.so.1.3
7ba56935c000-7ba56935d000 rw-p 0001b000 103:02 16531205                  /usr/lib/x86_64-linux-gnu/libz.so.1.3
7ba56935e000-7ba569366000 rw-s 00000000 103:02 18219111                  /tmp/hsperfdata_dov/7031
7ba569366000-7ba569367000 ---p 00000000 00:00 0 
7ba569367000-7ba569368000 r--p 00000000 00:00 0 
7ba569368000-7ba569369000 ---p 00000000 00:00 0 
7ba569369000-7ba56936b000 r--p 00000000 103:02 17172964                  /usr/lib/jvm/java-21-openjdk-amd64/lib/libjimage.so
7ba56936b000-7ba56936e000 r-xp 00002000 103:02 17172964                  /usr/lib/jvm/java-21-openjdk-amd64/lib/libjimage.so
7ba56936e000-7ba56936f000 r--p 00005000 103:02 17172964                  /usr/lib/jvm/java-21-openjdk-amd64/lib/libjimage.so
7ba56936f000-7ba569370000 r--p 00006000 103:02 17172964                  /usr/lib/jvm/java-21-openjdk-amd64/lib/libjimage.so
7ba569370000-7ba569371000 rw-p 00007000 103:02 17172964                  /usr/lib/jvm/java-21-openjdk-amd64/lib/libjimage.so
7ba569371000-7ba569373000 rw-p 00000000 00:00 0 
7ba569373000-7ba569374000 r--p 00000000 103:02 16530286                  /usr/lib/x86_64-linux-gnu/ld-linux-x86-64.so.2
7ba569374000-7ba56939f000 r-xp 00001000 103:02 16530286                  /usr/lib/x86_64-linux-gnu/ld-linux-x86-64.so.2
7ba56939f000-7ba5693a9000 r--p 0002c000 103:02 16530286                  /usr/lib/x86_64-linux-gnu/ld-linux-x86-64.so.2
7ba5693a9000-7ba5693ab000 r--p 00036000 103:02 16530286                  /usr/lib/x86_64-linux-gnu/ld-linux-x86-64.so.2
7ba5693ab000-7ba5693ad000 rw-p 00038000 103:02 16530286                  /usr/lib/x86_64-linux-gnu/ld-linux-x86-64.so.2
7ffd19e5e000-7ffd19e7f000 rw-p 00000000 00:00 0                          [stack]
7ffd19f8b000-7ffd19f8f000 r--p 00000000 00:00 0                          [vvar]
7ffd19f8f000-7ffd19f91000 r-xp 00000000 00:00 0                          [vdso]
ffffffffff600000-ffffffffff601000 --xp 00000000 00:00 0                  [vsyscall]
Total number of mappings: 424


VM Arguments:
jvm_args: -Dfile.encoding=UTF-8 -agentlib:jdwp=transport=dt_socket,address=localhost:44087 --module-path=/home/dov/projects/NeighborhoodPIG/build/classes 
java_command: main.NeighborhoodPIG
java_class_path (initial): /home/dov/projects/Libraries/commons-math3/commons-math3-3.6.1-javadoc.jar:/home/dov/projects/Libraries/commons-math3/commons-math3-3.6.1-sources.jar:/home/dov/projects/Libraries/commons-math3/commons-math3-3.6.1-test-sources.jar:/home/dov/projects/Libraries/commons-math3/commons-math3-3.6.1-tests.jar:/home/dov/projects/Libraries/commons-math3/commons-math3-3.6.1-tools.jar:/home/dov/projects/Libraries/commons-math3/commons-math3-3.6.1.jar:/home/dov/projects/JCudaWrapper/jcuda12/jcublas-12.0.0.jar:/home/dov/projects/JCudaWrapper/jcuda12/jcublas-natives-12.0.0-linux-x86_64.jar:/home/dov/projects/JCudaWrapper/jcuda12/jcuda-12.0.0.jar:/home/dov/projects/JCudaWrapper/jcuda12/jcuda-natives-12.0.0-linux-x86_64.jar:/home/dov/projects/JCudaWrapper/jcuda12/jcudnn-12.0.0.jar:/home/dov/projects/JCudaWrapper/jcuda12/jcudnn-natives-12.0.0-linux-x86_64.jar:/home/dov/projects/JCudaWrapper/jcuda12/jcufft-12.0.0.jar:/home/dov/projects/JCudaWrapper/jcuda12/jcufft-natives-12.0.0-linux-x86_64.jar:/home/dov/projects/JCudaWrapper/jcuda12/jcurand-12.0.0.jar:/home/dov/projects/JCudaWrapper/jcuda12/jcurand-natives-12.0.0-linux-x86_64.jar:/home/dov/projects/JCudaWrapper/jcuda12/jcusolver-12.0.0.jar:/home/dov/projects/JCudaWrapper/jcuda12/jcusolver-natives-12.0.0-linux-x86_64.jar:/home/dov/projects/JCudaWrapper/jcuda12/jcusparse-12.0.0.jar:/home/dov/projects/JCudaWrapper/jcuda12/jcusparse-natives-12.0.0-linux-x86_64.jar:/home/dov/projects/NeighborhoodPIG/build/classes
Launcher Type: SUN_STANDARD

[Global flags]
     intx CICompilerCount                          = 12                                        {product} {ergonomic}
     uint ConcGCThreads                            = 3                                         {product} {ergonomic}
     uint G1ConcRefinementThreads                  = 13                                        {product} {ergonomic}
   size_t G1HeapRegionSize                         = 4194304                                   {product} {ergonomic}
    uintx GCDrainStackTargetSize                   = 64                                        {product} {ergonomic}
   size_t InitialHeapSize                          = 515899392                                 {product} {ergonomic}
   size_t MarkStackSize                            = 4194304                                   {product} {ergonomic}
   size_t MaxHeapSize                              = 8212447232                                {product} {ergonomic}
   size_t MaxNewSize                               = 4924112896                                {product} {ergonomic}
   size_t MinHeapDeltaBytes                        = 4194304                                   {product} {ergonomic}
   size_t MinHeapSize                              = 8388608                                   {product} {ergonomic}
    uintx NonNMethodCodeHeapSize                   = 7602480                                {pd product} {ergonomic}
    uintx NonProfiledCodeHeapSize                  = 122027880                              {pd product} {ergonomic}
    uintx ProfiledCodeHeapSize                     = 122027880                              {pd product} {ergonomic}
    uintx ReservedCodeCacheSize                    = 251658240                              {pd product} {ergonomic}
     bool SegmentedCodeCache                       = true                                      {product} {ergonomic}
   size_t SoftMaxHeapSize                          = 8212447232                             {manageable} {ergonomic}
     bool UseCompressedOops                        = true                           {product lp64_product} {ergonomic}
     bool UseG1GC                                  = true                                      {product} {ergonomic}

Logging:
Log output configuration:
 #0: stdout all=warning uptime,level,tags foldmultilines=false
 #1: stderr all=off uptime,level,tags foldmultilines=false

Environment Variables:
PATH=/usr/local/sbin:/usr/local/bin:/usr/sbin:/usr/bin:/sbin:/bin:/usr/games:/usr/local/games:/snap/bin:/snap/bin
USERNAME=dov
SHELL=/bin/bash
DISPLAY=:1
LANG=en_US.UTF-8

Active Locale:
LC_ALL=en_US.UTF-8
LC_COLLATE=en_US.UTF-8
LC_CTYPE=en_US.UTF-8
LC_MESSAGES=en_US.UTF-8
LC_MONETARY=en_US.UTF-8
LC_NUMERIC=en_US.UTF-8
LC_TIME=en_US.UTF-8

Signal Handlers:
   SIGSEGV: crash_handler in libjvm.so, mask=11100100010111111101111111111110, flags=SA_RESTART|SA_SIGINFO, unblocked
    SIGBUS: crash_handler in libjvm.so, mask=11100100010111111101111111111110, flags=SA_RESTART|SA_SIGINFO, unblocked
    SIGFPE: crash_handler in libjvm.so, mask=11100100010111111101111111111110, flags=SA_RESTART|SA_SIGINFO, unblocked
   SIGPIPE: javaSignalHandler in libjvm.so, mask=11100100010111111101111111111110, flags=SA_RESTART|SA_SIGINFO, blocked
   SIGXFSZ: javaSignalHandler in libjvm.so, mask=11100100010111111101111111111110, flags=SA_RESTART|SA_SIGINFO, blocked
    SIGILL: crash_handler in libjvm.so, mask=11100100010111111101111111111110, flags=SA_RESTART|SA_SIGINFO, unblocked
   SIGUSR2: SR_handler in libjvm.so, mask=00000000000000000000000000000000, flags=SA_RESTART|SA_SIGINFO, blocked
    SIGHUP: UserHandler in libjvm.so, mask=11100100010111111101111111111110, flags=SA_RESTART|SA_SIGINFO, blocked
    SIGINT: SIG_IGN, mask=00000000000000000000000000000000, flags=none, blocked
   SIGTERM: UserHandler in libjvm.so, mask=11100100010111111101111111111110, flags=SA_RESTART|SA_SIGINFO, blocked
   SIGQUIT: UserHandler in libjvm.so, mask=11100100010111111101111111111110, flags=SA_RESTART|SA_SIGINFO, blocked
   SIGTRAP: crash_handler in libjvm.so, mask=11100100010111111101111111111110, flags=SA_RESTART|SA_SIGINFO, unblocked


Periodic native trim disabled

---------------  S Y S T E M  ---------------

OS:
DISTRIB_ID=Ubuntu
DISTRIB_RELEASE=24.04
DISTRIB_CODENAME=noble
DISTRIB_DESCRIPTION="Ubuntu 24.04.1 LTS"
uname: Linux 6.8.0-47-generic #47-Ubuntu SMP PREEMPT_DYNAMIC Fri Sep 27 21:40:26 UTC 2024 x86_64
OS uptime: 0 days 0:40 hours
libc: glibc 2.39 NPTL 2.39 
rlimit (soft/hard): STACK 8192k/infinity , CORE 0k/infinity , NPROC 125013/125013 , NOFILE 1048576/1048576 , AS infinity/infinity , CPU infinity/infinity , DATA infinity/infinity , FSIZE infinity/infinity , MEMLOCK 4009332k/4009332k
load average: 0.11 0.17 0.27

/proc/meminfo:
MemTotal:       32074672 kB
MemFree:        24672752 kB
MemAvailable:   26598208 kB
Buffers:          107940 kB
Cached:          2201420 kB
SwapCached:            0 kB
Active:          5162980 kB
Inactive:        1068800 kB
Active(anon):    3988384 kB
Inactive(anon):        0 kB
Active(file):    1174596 kB
Inactive(file):  1068800 kB
Unevictable:          32 kB
Mlocked:              32 kB
SwapTotal:       8388604 kB
SwapFree:        8388604 kB
Zswap:                 0 kB
Zswapped:              0 kB
Dirty:               344 kB
Writeback:             0 kB
AnonPages:       3922764 kB
Mapped:           860632 kB
Shmem:             65964 kB
KReclaimable:      93672 kB
Slab:             358020 kB
SReclaimable:      93672 kB
SUnreclaim:       264348 kB
KernelStack:       20272 kB
PageTables:        47236 kB
SecPageTables:         0 kB
NFS_Unstable:          0 kB
Bounce:                0 kB
WritebackTmp:          0 kB
CommitLimit:    24425940 kB
Committed_AS:   20820404 kB
VmallocTotal:   34359738367 kB
VmallocUsed:      162104 kB
VmallocChunk:          0 kB
Percpu:            17344 kB
HardwareCorrupted:     0 kB
AnonHugePages:         0 kB
ShmemHugePages:        0 kB
ShmemPmdMapped:        0 kB
FileHugePages:         0 kB
FilePmdMapped:         0 kB
Unaccepted:            0 kB
HugePages_Total:       0
HugePages_Free:        0
HugePages_Rsvd:        0
HugePages_Surp:        0
Hugepagesize:       2048 kB
Hugetlb:               0 kB
DirectMap4k:      956904 kB
DirectMap2M:    13975552 kB
DirectMap1G:    18874368 kB

/sys/kernel/mm/transparent_hugepage/enabled: always [madvise] never
/sys/kernel/mm/transparent_hugepage/hpage_pmd_size: 2097152
/sys/kernel/mm/transparent_hugepage/defrag (defrag/compaction efforts parameter): always defer defer+madvise [madvise] never

Process Memory:
Virtual Size: 17159660K (peak: 17218700K)
Resident Set Size: 274860K (peak: 274860K) (anon: 110896K, file: 155772K, shmem: 8192K)
Swapped out: 0K
C-Heap outstanding allocations: 86304K, retained: 3127K
glibc malloc tunables: (default)

/proc/sys/kernel/threads-max (system-wide limit on the number of threads): 250026
/proc/sys/vm/max_map_count (maximum number of memory map areas a process may have): 1048576
/proc/sys/vm/swappiness (control to define how aggressively the kernel swaps out anonymous memory): 60
/proc/sys/kernel/pid_max (system-wide limit on number of process identifiers): 4194304

container (cgroup) information:
container_type: cgroupv2
cpu_cpuset_cpus: not supported
cpu_memory_nodes: not supported
active_processor_count: 16
cpu_quota: not supported
cpu_period: not supported
cpu_shares: not supported
memory_limit_in_bytes: unlimited
memory_and_swap_limit_in_bytes: unlimited
memory_soft_limit_in_bytes: unlimited
memory_usage_in_bytes: 2470492 k
memory_max_usage_in_bytes: not supported
memory_swap_current_in_bytes: unlimited
memory_swap_max_limit_in_bytes: unlimited
maximum number of tasks: 37503
current number of tasks: 112

Steal ticks since vm start: 0
Steal ticks percentage since vm start:  0.000

CPU: total 16 (initial active 16) (16 cores per cpu, 2 threads per core) family 25 model 68 stepping 1 microcode 0xa404101, cx8, cmov, fxsr, ht, mmx, 3dnowpref, sse, sse2, sse3, ssse3, sse4a, sse4.1, sse4.2, popcnt, lzcnt, tsc, tscinvbit, avx, avx2, aes, clmul, bmi1, bmi2, adx, sha, fma, vzeroupper, clflush, clflushopt, rdtscp, rdpid, f16c, pku, ospke, cet_ss
CPU Model and flags from /proc/cpuinfo:
model name	: AMD Ryzen 9 6900HS with Radeon Graphics
flags		: fpu vme de pse tsc msr pae mce cx8 apic sep mtrr pge mca cmov pat pse36 clflush mmx fxsr sse sse2 ht syscall nx mmxext fxsr_opt pdpe1gb rdtscp lm constant_tsc rep_good nopl nonstop_tsc cpuid extd_apicid aperfmperf rapl pni pclmulqdq monitor ssse3 fma cx16 sse4_1 sse4_2 x2apic movbe popcnt aes xsave avx f16c rdrand lahf_lm cmp_legacy svm extapic cr8_legacy abm sse4a misalignsse 3dnowprefetch osvw ibs skinit wdt tce topoext perfctr_core perfctr_nb bpext perfctr_llc mwaitx cpb cat_l3 cdp_l3 hw_pstate ssbd mba ibrs ibpb stibp vmmcall fsgsbase bmi1 avx2 smep bmi2 invpcid cqm rdt_a rdseed adx smap clflushopt clwb sha_ni xsaveopt xsavec xgetbv1 xsaves cqm_llc cqm_occup_llc cqm_mbm_total cqm_mbm_local user_shstk clzero irperf xsaveerptr rdpru wbnoinvd cppc arat npt lbrv svm_lock nrip_save tsc_scale vmcb_clean flushbyasid decodeassists pausefilter pfthreshold avic v_vmsave_vmload vgif v_spec_ctrl umip pku ospke vaes vpclmulqdq rdpid overflow_recov succor smca debug_swap

Online cpus: 0-15
Offline cpus: 
BIOS frequency limitation: <Not Available>
Frequency switch latency (ns): 0
Available cpu frequencies: <Not Available>
Current governor: powersave
Core performance/turbo boost: <Not Available>

Memory: 4k page, physical 32074672k(26598208k free), swap 8388604k(8388604k free)
Page Sizes: 4k

vm_info: OpenJDK 64-Bit Server VM (21.0.4+7-Ubuntu-1ubuntu224.04) for linux-amd64 JRE (21.0.4+7-Ubuntu-1ubuntu224.04), built on 2024-07-23T01:34:52Z by "buildd" with gcc 13.2.0

END.
