#
# A fatal error has been detected by the Java Runtime Environment:
#
#  SIGSEGV (0xb) at pc=0x00007f9b4c64b06e, pid=42023, tid=42028
#
# JRE version: OpenJDK Runtime Environment (21.0.4+7) (build 21.0.4+7-Ubuntu-1ubuntu224.04)
# Java VM: OpenJDK 64-Bit Server VM (21.0.4+7-Ubuntu-1ubuntu224.04, mixed mode, sharing, tiered, compressed oops, compressed class ptrs, g1 gc, linux-amd64)
# Problematic frame:
# C  [libcuda.so.1+0x24b06e]
#
# Core dump will be written. Default location: Core dumps may be processed with "/usr/share/apport/apport -p%p -s%s -c%c -d%d -P%P -u%u -g%g -- %E" (or dumping to /home/dov/projects/NeighborhoodPIG/core.42023)
#
# If you would like to submit a bug report, please visit:
#   https://bugs.launchpad.net/ubuntu/+source/openjdk-21
# The crash happened outside the Java Virtual Machine in native code.
# See problematic frame for where to report the bug.
#

---------------  S U M M A R Y ------------

Command Line: -Dfile.encoding=UTF-8 --module-path=/home/dov/projects/NeighborhoodPIG/build/classes main.NeighborhoodPIG

Host: AMD Ryzen 9 6900HS with Radeon Graphics, 16 cores, 30G, Ubuntu 24.04.1 LTS
Time: Fri Nov  1 15:15:30 2024 IST elapsed time: 0.518120 seconds (0d 0h 0m 0s)

---------------  T H R E A D  ---------------

Current thread (0x00007f9b7801a060):  JavaThread "main"             [_thread_in_native, id=42028, stack(0x00007f9b7dd00000,0x00007f9b7de00000) (1024K)]

Stack: [0x00007f9b7dd00000,0x00007f9b7de00000],  sp=0x00007f9b7ddfe330,  free space=1016k
Native frames: (J=compiled Java code, j=interpreted, Vv=VM code, C=native code)
C  [libcuda.so.1+0x24b06e]
C  [libcuda.so.1+0x24b5f8]
C  [libcuda.so.1+0x2f19c3]
j  jcuda.driver.JCudaDriver.cuStreamSynchronizeNative(Ljcuda/driver/CUstream;)I+0
j  jcuda.driver.JCudaDriver.cuStreamSynchronize(Ljcuda/driver/CUstream;)I+1
j  JCudaWrapper.resourceManagement.Handle.get()Ljcuda/jcublas/cublasHandle;+11
j  JCudaWrapper.array.DStrideArray.multMatMatStridedBatched(LJCudaWrapper/resourceManagement/Handle;ZZIIIDLJCudaWrapper/array/DStrideArray;ILJCudaWrapper/array/DStrideArray;IDI)V+70
j  JCudaWrapper.algebra.Vector.addBatchVecVecMult(DLJCudaWrapper/algebra/VectorsStride;LJCudaWrapper/algebra/VectorsStride;D)V+53
j  JCudaWrapper.algebra.VectorsStride.norms(LJCudaWrapper/array/DArray;)LJCudaWrapper/algebra/Vector;+19
j  JCudaWrapper.algebra.VectorsStride.setVectorMagnitudes(DLJCudaWrapper/array/DArray;)LJCudaWrapper/algebra/VectorsStride;+13
j  main.StructureTensorMatrix.getRGB()[[[D+33
j  main.NeighborhoodPIG.orientationColored(Ljava/lang/String;)V+4
j  main.NeighborhoodPIG.main([Ljava/lang/String;)V+14
v  ~StubRoutines::call_stub 0x00007f9b67c5fcc6
V  [libjvm.so+0x90841a]  JavaCalls::call_helper(JavaValue*, methodHandle const&, JavaCallArguments*, JavaThread*)+0x2da
V  [libjvm.so+0x9ae72d]  jni_invoke_static(JNIEnv_*, JavaValue*, _jobject*, JNICallType, _jmethodID*, JNI_ArgumentPusher*, JavaThread*) [clone .constprop.1]+0x35d
V  [libjvm.so+0x9b0c7f]  jni_CallStaticVoidMethod+0x12f
C  [libjli.so+0x55be]  JavaMain+0xfde
C  [libjli.so+0x844d]  ThreadJavaMain+0xd
C  [libc.so.6+0x9ca94]
Java frames: (J=compiled Java code, j=interpreted, Vv=VM code)
j  jcuda.driver.JCudaDriver.cuStreamSynchronizeNative(Ljcuda/driver/CUstream;)I+0
j  jcuda.driver.JCudaDriver.cuStreamSynchronize(Ljcuda/driver/CUstream;)I+1
j  JCudaWrapper.resourceManagement.Handle.get()Ljcuda/jcublas/cublasHandle;+11
j  JCudaWrapper.array.DStrideArray.multMatMatStridedBatched(LJCudaWrapper/resourceManagement/Handle;ZZIIIDLJCudaWrapper/array/DStrideArray;ILJCudaWrapper/array/DStrideArray;IDI)V+70
j  JCudaWrapper.algebra.Vector.addBatchVecVecMult(DLJCudaWrapper/algebra/VectorsStride;LJCudaWrapper/algebra/VectorsStride;D)V+53
j  JCudaWrapper.algebra.VectorsStride.norms(LJCudaWrapper/array/DArray;)LJCudaWrapper/algebra/Vector;+19
j  JCudaWrapper.algebra.VectorsStride.setVectorMagnitudes(DLJCudaWrapper/array/DArray;)LJCudaWrapper/algebra/VectorsStride;+13
j  main.StructureTensorMatrix.getRGB()[[[D+33
j  main.NeighborhoodPIG.orientationColored(Ljava/lang/String;)V+4
j  main.NeighborhoodPIG.main([Ljava/lang/String;)V+14
v  ~StubRoutines::call_stub 0x00007f9b67c5fcc6

siginfo: si_signo: 11 (SIGSEGV), si_code: 1 (SEGV_MAPERR), si_addr: 0x00007f9c81fd8cee

Registers:
RAX=0x00007f9b78604c40, RBX=0x00007f9b7ddfe448, RCX=0x0000000000000002, RDX=0x00007f9b7a786910
RSP=0x00007f9b7ddfe330, RBP=0x00007f9b7ddfe390, RSI=0x0000000000000000, RDI=0x00007f9b78604c40
R8 =0x00007f9b7ddfe3c8, R9 =0x0000000000000000, R10=0x00007f9b7a786910, R11=0x00007f9c81fd8906
R12=0x00007f9b7ddfe3c8, R13=0x00007f9b78604c40, R14=0x00007f9b7ddfe558, R15=0x00007f9b7801a060
RIP=0x00007f9b4c64b06e, EFLAGS=0x0000000000010206, CSGSFS=0x002b000000000033, ERR=0x0000000000000004
  TRAPNO=0x000000000000000e


Register to memory mapping:

RAX=0x00007f9b78604c40 points into unknown readable memory: 0x00007f9b785e2fe0 | e0 2f 5e 78 9b 7f 00 00
RBX=0x00007f9b7ddfe448 is pointing into the stack for thread: 0x00007f9b7801a060
RCX=0x0000000000000002 is an unknown value
RDX=0x00007f9b7a786910 points into unknown readable memory: 0x00007f9b78f2bf00 | 00 bf f2 78 9b 7f 00 00
RSP=0x00007f9b7ddfe330 is pointing into the stack for thread: 0x00007f9b7801a060
RBP=0x00007f9b7ddfe390 is pointing into the stack for thread: 0x00007f9b7801a060
RSI=0x0 is null
RDI=0x00007f9b78604c40 points into unknown readable memory: 0x00007f9b785e2fe0 | e0 2f 5e 78 9b 7f 00 00
R8 =0x00007f9b7ddfe3c8 is pointing into the stack for thread: 0x00007f9b7801a060
R9 =0x0 is null
R10=0x00007f9b7a786910 points into unknown readable memory: 0x00007f9b78f2bf00 | 00 bf f2 78 9b 7f 00 00
R11=0x00007f9c81fd8906 is an unknown value
R12=0x00007f9b7ddfe3c8 is pointing into the stack for thread: 0x00007f9b7801a060
R13=0x00007f9b78604c40 points into unknown readable memory: 0x00007f9b785e2fe0 | e0 2f 5e 78 9b 7f 00 00
R14=0x00007f9b7ddfe558 is pointing into the stack for thread: 0x00007f9b7801a060
R15=0x00007f9b7801a060 is a thread

Top of Stack: (sp=0x00007f9b7ddfe330)
0x00007f9b7ddfe330:   00000006348138f0 0000000634813878
0x00007f9b7ddfe340:   0000000634813850 0000000000000000
0x00007f9b7ddfe350:   00007f9b7ddfe490 00007f9b7801a060
0x00007f9b7ddfe360:   00007f9b7ddfe668 00007f9b7ddfe448
0x00007f9b7ddfe370:   0000000000000000 00007f9b7ddfe440
0x00007f9b7ddfe380:   00007f9b7ddfe558 00007f9b7801a060
0x00007f9b7ddfe390:   00007f9b7ddfe400 00007f9b4c64b5f8
0x00007f9b7ddfe3a0:   0000000000000000 00000006348138f0
0x00007f9b7ddfe3b0:   0000000634813850 0000000634813878
0x00007f9b7ddfe3c0:   00007f9aec011a98 0000000000000000
0x00007f9b7ddfe3d0:   00007f9b7ddfe668 00007f9aec4dd620
0x00007f9b7ddfe3e0:   00007f9b7a786910 00007f9aec4dd620
0x00007f9b7ddfe3f0:   00007f9b7ddfe558 00007f9b7801a060
0x00007f9b7ddfe400:   00007f9b7ddfe4d0 00007f9b4c6f19c3
0x00007f9b7ddfe410:   00007f9b7ddfe558 000000000000002c
0x00007f9b7ddfe420:   000003e70000007f 0000000000000000
0x00007f9b7ddfe430:   0000000000000000 00007f9b78604c40
0x00007f9b7ddfe440:   0000000000000000 0000000000000000
0x00007f9b7ddfe450:   00000006348138c0 00007f9b7801a060
0x00007f9b7ddfe460:   00007f9b7ddfe4f8 0000000000000000
0x00007f9b7ddfe470:   00007f9b7801a060 0000000634813878
0x00007f9b7ddfe480:   00007f9b01000020 00007f9b7eda3f27
0x00007f9b7ddfe490:   00007f9b7f1e4a58 0000000000000000
0x00007f9b7ddfe4a0:   0000000634813878 0000000634813850
0x00007f9b7ddfe4b0:   00007f9b7801a418 00007f9ae983604a
0x00007f9b7ddfe4c0:   00007f9b7ddfe668 0000000000000000
0x00007f9b7ddfe4d0:   00007f9b7ddfe538 00007f9b67c6b9c0
0x00007f9b7ddfe4e0:   0000000000000001 00007f9b7801a060
0x00007f9b7ddfe4f0:   00007f9b7ddfe4f0 0000000000000000
0x00007f9b7ddfe500:   0000000000000004 00007f9aec4e1240
0x00007f9b7ddfe510:   0000000000000000 0000000634fc5e58
0x00007f9b7ddfe520:   00007f9aec4dd620 0000000000000000 

Instructions: (pc=0x00007f9b4c64b06e)
0x00007f9b4c64af6e:   f6 c2 10 75 ba 83 e2 08 b8 8a 03 00 00 75 da 48
0x00007f9b4c64af7e:   8b 59 08 4c 8d 63 08 4c 89 e7 e8 23 3a e9 ff 48
0x00007f9b4c64af8e:   8b 5b 38 48 85 db 74 2d 66 2e 0f 1f 84 00 00 00
0x00007f9b4c64af9e:   00 00 48 8b bb e8 03 00 00 48 85 ff 74 0b f6 43
0x00007f9b4c64afae:   50 04 74 05 e8 c9 9a 29 00 48 8b 9b 58 01 00 00
0x00007f9b4c64afbe:   48 85 db 75 dd 4c 89 e7 e8 15 35 e9 ff b8 8a 03
0x00007f9b4c64afce:   00 00 eb 85 66 0f 1f 44 00 00 83 f8 02 ba 91 01
0x00007f9b4c64afde:   00 00 b8 00 00 00 00 5b 0f 44 c2 41 5c 5d c3 0f
0x00007f9b4c64afee:   1f 00 e8 8b 9a 29 00 b8 84 03 00 00 e9 58 ff ff
0x00007f9b4c64affe:   ff 90 55 48 89 e5 41 57 41 56 41 55 49 89 fd 41
0x00007f9b4c64b00e:   54 4d 89 c4 53 48 83 ec 38 49 c7 00 00 00 00 00
0x00007f9b4c64b01e:   48 85 f6 0f 84 b9 00 00 00 44 8b 0e 41 ba 00 00
0x00007f9b4c64b02e:   00 00 48 89 f3 45 85 c9 4c 0f 45 d6 48 83 fa 02
0x00007f9b4c64b03e:   77 20 48 85 d2 74 5b 48 83 fa 02 0f 85 81 00 00
0x00007f9b4c64b04e:   00 4d 85 d2 0f 84 a8 00 00 00 41 b8 90 01 00 00
0x00007f9b4c64b05e:   eb 28 4c 8b 1a 4d 85 db 74 f0 49 39 5b 10 75 ea
0x00007f9b4c64b06e:   49 83 bb e8 03 00 00 00 75 09 4d 85 ed 0f 85 57
0x00007f9b4c64b07e:   01 00 00 4d 89 1c 24 45 31 c0 48 8d 65 d8 44 89
0x00007f9b4c64b08e:   c0 5b 41 5c 41 5d 41 5e 41 5f 5d c3 66 0f 1f 44
0x00007f9b4c64b09e:   00 00 83 f9 02 0f 84 27 02 00 00 83 f9 03 0f 84
0x00007f9b4c64b0ae:   06 02 00 00 83 f9 01 0f 84 e5 01 00 00 0f b6 05
0x00007f9b4c64b0be:   66 ac 91 01 c0 e8 03 83 e0 01 84 c0 0f 85 7f ff
0x00007f9b4c64b0ce:   ff ff 4d 85 d2 0f 84 ef 00 00 00 4d 8b 5a 68 eb
0x00007f9b4c64b0de:   84 90 48 83 fa 02 0f 86 6e ff ff ff 4c 8b 1a 4d
0x00007f9b4c64b0ee:   85 db 0f 85 78 ff ff ff e9 5d ff ff ff 0f 1f 44
0x00007f9b4c64b0fe:   00 00 4d 8b 5d 18 4d 85 db 74 0d 8b 43 38 41 39
0x00007f9b4c64b10e:   45 20 0f 84 9f 00 00 00 4c 8d b3 a0 03 00 00 4c
0x00007f9b4c64b11e:   89 55 a8 4d 8b 7d 10 4c 89 f7 e8 83 38 e9 ff 4c
0x00007f9b4c64b12e:   8b 9b c8 03 00 00 45 31 c0 4c 89 fe 4c 89 c2 41
0x00007f9b4c64b13e:   8b 3b 4c 89 5d b0 89 7d b8 e8 14 72 0d 00 4c 8b
0x00007f9b4c64b14e:   5d b0 48 83 ec 08 8b 7d b8 45 31 c0 41 89 c1 4c
0x00007f9b4c64b15e:   89 f9 49 8b 53 10 41 8b 73 0c 6a 00 e8 21 ee 2a 


Stack slot to memory mapping:

stack at sp + 0 slots: 0x00000006348138f0 is an oop: java.util.stream.MatchOps$2MatchSink 
{0x00000006348138f0} - klass: 'java/util/stream/MatchOps$2MatchSink'
 - ---- fields (total size 3 words):
 - 'stop' 'Z' @12  false (0x00)
 - 'value' 'Z' @13  false (0x00)
 - final synthetic 'val$matchKind' 'Ljava/util/stream/MatchOps$MatchKind;' @16  a 'java/util/stream/MatchOps$MatchKind'{0x0000000634dd3310} (0xc69ba662)
 - final synthetic 'val$predicate' 'Ljava/util/function/IntPredicate;' @20  a 'JCudaWrapper/array/Array$$Lambda+0x00007f9af800b2f8'{0x00000006348138b0} (0xc6902716)
stack at sp + 1 slots: 0x0000000634813878 is an oop: java.util.stream.IntPipeline$Head 
{0x0000000634813878} - klass: 'java/util/stream/IntPipeline$Head'
 - ---- fields (total size 7 words):
 - protected final 'sourceOrOpFlags' 'I' @12  80 (0x00000050)
 - private 'depth' 'I' @16  0 (0x00000000)
 - private 'combinedFlags' 'I' @20  16777327 (0x0100006f)
 - private 'linkedOrConsumed' 'Z' @24  true (0x01)
 - private 'sourceAnyStateful' 'Z' @25  false (0x00)
 - private 'parallel' 'Z' @26  false (0x00)
 - private final 'sourceStage' 'Ljava/util/stream/AbstractPipeline;' @28  a 'java/util/stream/IntPipeline$Head'{0x0000000634813878} (0xc690270f)
 - private final 'previousStage' 'Ljava/util/stream/AbstractPipeline;' @32  null (0x00000000)
 - private 'nextStage' 'Ljava/util/stream/AbstractPipeline;' @36  null (0x00000000)
 - private 'sourceSpliterator' 'Ljava/util/Spliterator;' @40  null (0x00000000)
 - private 'sourceSupplier' 'Ljava/util/function/Supplier;' @44  null (0x00000000)
 - private 'sourceCloseAction' 'Ljava/lang/Runnable;' @48  null (0x00000000)
stack at sp + 2 slots: 0x0000000634813850 is an oop: java.util.Spliterators$IntArraySpliterator 
{0x0000000634813850} - klass: 'java/util/Spliterators$IntArraySpliterator'
 - ---- fields (total size 5 words):
 - private 'index' 'I' @12  4 (0x00000004)
 - private 'estimatedSize' 'J' @16  -1 (0xffffffffffffffff)
 - private final 'fence' 'I' @24  4 (0x00000004)
 - private final 'characteristics' 'I' @28  17488 (0x00004450)
 - private final 'array' '[I' @32  [I{0x0000000634813830} (0xc6902706)
stack at sp + 3 slots: 0x0 is null
stack at sp + 4 slots: 0x00007f9b7ddfe490 is pointing into the stack for thread: 0x00007f9b7801a060
stack at sp + 5 slots: 0x00007f9b7801a060 is a thread
stack at sp + 6 slots: 0x00007f9b7ddfe668 is pointing into the stack for thread: 0x00007f9b7801a060
stack at sp + 7 slots: 0x00007f9b7ddfe448 is pointing into the stack for thread: 0x00007f9b7801a060


---------------  P R O C E S S  ---------------

Threads class SMR info:
_java_thread_list=0x00007f9b7953b020, length=15, elements={
0x00007f9b7801a060, 0x00007f9b78138f50, 0x00007f9b7813a3e0, 0x00007f9b7813beb0,
0x00007f9b7813d500, 0x00007f9b7813eab0, 0x00007f9b78140680, 0x00007f9b78141d50,
0x00007f9b78160f10, 0x00007f9abc077aa0, 0x00007f9abc078be0, 0x00007f9abc079ef0,
0x00007f9b7819d5f0, 0x00007f9b7950f700, 0x00007f9b7953a6e0
}

Java Threads: ( => current thread )
=>0x00007f9b7801a060 JavaThread "main"                              [_thread_in_native, id=42028, stack(0x00007f9b7dd00000,0x00007f9b7de00000) (1024K)]
  0x00007f9b78138f50 JavaThread "Reference Handler"          daemon [_thread_blocked, id=42036, stack(0x00007f9b542f8000,0x00007f9b543f8000) (1024K)]
  0x00007f9b7813a3e0 JavaThread "Finalizer"                  daemon [_thread_blocked, id=42037, stack(0x00007f9b541f8000,0x00007f9b542f8000) (1024K)]
  0x00007f9b7813beb0 JavaThread "Signal Dispatcher"          daemon [_thread_blocked, id=42038, stack(0x00007f9b540f8000,0x00007f9b541f8000) (1024K)]
  0x00007f9b7813d500 JavaThread "Service Thread"             daemon [_thread_blocked, id=42039, stack(0x00007f9b4f100000,0x00007f9b4f200000) (1024K)]
  0x00007f9b7813eab0 JavaThread "Monitor Deflation Thread"   daemon [_thread_blocked, id=42040, stack(0x00007f9b4f000000,0x00007f9b4f100000) (1024K)]
  0x00007f9b78140680 JavaThread "C2 CompilerThread0"         daemon [_thread_blocked, id=42041, stack(0x00007f9b4ef00000,0x00007f9b4f000000) (1024K)]
  0x00007f9b78141d50 JavaThread "C1 CompilerThread0"         daemon [_thread_blocked, id=42042, stack(0x00007f9b4ee00000,0x00007f9b4ef00000) (1024K)]
  0x00007f9b78160f10 JavaThread "Common-Cleaner"             daemon [_thread_blocked, id=42043, stack(0x00007f9b4ed00000,0x00007f9b4ee00000) (1024K)]
  0x00007f9abc077aa0 JavaThread "C1 CompilerThread1"         daemon [_thread_blocked, id=42044, stack(0x00007f9b4ec00000,0x00007f9b4ed00000) (1024K)]
  0x00007f9abc078be0 JavaThread "C1 CompilerThread2"         daemon [_thread_blocked, id=42045, stack(0x00007f9b4eb00000,0x00007f9b4ec00000) (1024K)]
  0x00007f9abc079ef0 JavaThread "C1 CompilerThread3"         daemon [_thread_blocked, id=42046, stack(0x00007f9b4ea00000,0x00007f9b4eb00000) (1024K)]
  0x00007f9b7819d5f0 JavaThread "Notification Thread"        daemon [_thread_blocked, id=42047, stack(0x00007f9b4e900000,0x00007f9b4ea00000) (1024K)]
  0x00007f9b7950f700 JavaThread "pool-1-thread-1"            daemon [_thread_blocked, id=42053, stack(0x00007f9b4e800000,0x00007f9b4e900000) (1024K)]
  0x00007f9b7953a6e0 JavaThread "Java2D Disposer"            daemon [_thread_blocked, id=42056, stack(0x00007f9b4e700000,0x00007f9b4e800000) (1024K)]
Total: 15

Other Threads:
  0x00007f9b7812ba00 VMThread "VM Thread"                           [id=42035, stack(0x00007f9b543f9000,0x00007f9b544f9000) (1024K)]
  0x00007f9b78111250 WatcherThread "VM Periodic Task Thread"        [id=42034, stack(0x00007f9b544fa000,0x00007f9b545fa000) (1024K)]
  0x00007f9b78045400 WorkerThread "GC Thread#0"                     [id=42029, stack(0x00007f9b7c965000,0x00007f9b7ca65000) (1024K)]
  0x00007f9b78055f00 ConcurrentGCThread "G1 Main Marker"            [id=42030, stack(0x00007f9b7c864000,0x00007f9b7c964000) (1024K)]
  0x00007f9b78056eb0 WorkerThread "G1 Conc#0"                       [id=42031, stack(0x00007f9b7c763000,0x00007f9b7c863000) (1024K)]
  0x00007f9b780feac0 ConcurrentGCThread "G1 Refine#0"               [id=42032, stack(0x00007f9b546fc000,0x00007f9b547fc000) (1024K)]
  0x00007f9b780ffa80 ConcurrentGCThread "G1 Service"                [id=42033, stack(0x00007f9b545fb000,0x00007f9b546fb000) (1024K)]
Total: 7

Threads with active compile tasks:
Total: 0

VM state: not at safepoint (normal execution)

VM Mutex/Monitor currently owned by a thread: None

Heap address: 0x0000000616800000, size: 7832 MB, Compressed Oops mode: Zero based, Oop shift amount: 3

CDS archive(s) mapped at: [0x00007f9af7000000-0x00007f9af7cae000-0x00007f9af7cae000), size 13295616, SharedBaseAddress: 0x00007f9af7000000, ArchiveRelocationMode: 1.
Compressed class space mapped at: 0x00007f9af8000000-0x00007f9b38000000, reserved size: 1073741824
Narrow klass base: 0x00007f9af7000000, Narrow klass shift: 0, Narrow klass range: 0x100000000

GC Precious Log:
 CardTable entry size: 512
 Card Set container configuration: InlinePtr #cards 4 size 8 Array Of Cards #cards 32 size 80 Howl #buckets 8 coarsen threshold 7372 Howl Bitmap #cards 1024 size 144 coarsen threshold 921 Card regions per heap region 1 cards per card region 8192
 CPUs: 16 total, 16 available
 Memory: 31322M
 Large Page Support: Disabled
 NUMA Support: Disabled
 Compressed Oops: Enabled (Zero based)
 Heap Region Size: 4M
 Heap Min Capacity: 8M
 Heap Initial Capacity: 492M
 Heap Max Capacity: 7832M
 Pre-touch: Disabled
 Parallel Workers: 13
 Concurrent Workers: 3
 Concurrent Refinement Workers: 13
 Periodic GC: Disabled

Heap:
 garbage-first heap   total 507904K, used 9246K [0x0000000616800000, 0x0000000800000000)
  region size 4096K, 3 young (12288K), 0 survivors (0K)
 Metaspace       used 3360K, committed 3520K, reserved 1114112K
  class space    used 289K, committed 384K, reserved 1048576K

Heap Regions: E=young(eden), S=young(survivor), O=old, HS=humongous(starts), HC=humongous(continues), CS=collection set, F=free, TAMS=top-at-mark-start, PB=parsable bottom
|   0|0x0000000616800000, 0x0000000616800000, 0x0000000616c00000|  0%| F|  |TAMS 0x0000000616800000| PB 0x0000000616800000| Untracked 
|   1|0x0000000616c00000, 0x0000000616c00000, 0x0000000617000000|  0%| F|  |TAMS 0x0000000616c00000| PB 0x0000000616c00000| Untracked 
|   2|0x0000000617000000, 0x0000000617000000, 0x0000000617400000|  0%| F|  |TAMS 0x0000000617000000| PB 0x0000000617000000| Untracked 
|   3|0x0000000617400000, 0x0000000617400000, 0x0000000617800000|  0%| F|  |TAMS 0x0000000617400000| PB 0x0000000617400000| Untracked 
|   4|0x0000000617800000, 0x0000000617800000, 0x0000000617c00000|  0%| F|  |TAMS 0x0000000617800000| PB 0x0000000617800000| Untracked 
|   5|0x0000000617c00000, 0x0000000617c00000, 0x0000000618000000|  0%| F|  |TAMS 0x0000000617c00000| PB 0x0000000617c00000| Untracked 
|   6|0x0000000618000000, 0x0000000618000000, 0x0000000618400000|  0%| F|  |TAMS 0x0000000618000000| PB 0x0000000618000000| Untracked 
|   7|0x0000000618400000, 0x0000000618400000, 0x0000000618800000|  0%| F|  |TAMS 0x0000000618400000| PB 0x0000000618400000| Untracked 
|   8|0x0000000618800000, 0x0000000618800000, 0x0000000618c00000|  0%| F|  |TAMS 0x0000000618800000| PB 0x0000000618800000| Untracked 
|   9|0x0000000618c00000, 0x0000000618c00000, 0x0000000619000000|  0%| F|  |TAMS 0x0000000618c00000| PB 0x0000000618c00000| Untracked 
|  10|0x0000000619000000, 0x0000000619000000, 0x0000000619400000|  0%| F|  |TAMS 0x0000000619000000| PB 0x0000000619000000| Untracked 
|  11|0x0000000619400000, 0x0000000619400000, 0x0000000619800000|  0%| F|  |TAMS 0x0000000619400000| PB 0x0000000619400000| Untracked 
|  12|0x0000000619800000, 0x0000000619800000, 0x0000000619c00000|  0%| F|  |TAMS 0x0000000619800000| PB 0x0000000619800000| Untracked 
|  13|0x0000000619c00000, 0x0000000619c00000, 0x000000061a000000|  0%| F|  |TAMS 0x0000000619c00000| PB 0x0000000619c00000| Untracked 
|  14|0x000000061a000000, 0x000000061a000000, 0x000000061a400000|  0%| F|  |TAMS 0x000000061a000000| PB 0x000000061a000000| Untracked 
|  15|0x000000061a400000, 0x000000061a400000, 0x000000061a800000|  0%| F|  |TAMS 0x000000061a400000| PB 0x000000061a400000| Untracked 
|  16|0x000000061a800000, 0x000000061a800000, 0x000000061ac00000|  0%| F|  |TAMS 0x000000061a800000| PB 0x000000061a800000| Untracked 
|  17|0x000000061ac00000, 0x000000061ac00000, 0x000000061b000000|  0%| F|  |TAMS 0x000000061ac00000| PB 0x000000061ac00000| Untracked 
|  18|0x000000061b000000, 0x000000061b000000, 0x000000061b400000|  0%| F|  |TAMS 0x000000061b000000| PB 0x000000061b000000| Untracked 
|  19|0x000000061b400000, 0x000000061b400000, 0x000000061b800000|  0%| F|  |TAMS 0x000000061b400000| PB 0x000000061b400000| Untracked 
|  20|0x000000061b800000, 0x000000061b800000, 0x000000061bc00000|  0%| F|  |TAMS 0x000000061b800000| PB 0x000000061b800000| Untracked 
|  21|0x000000061bc00000, 0x000000061bc00000, 0x000000061c000000|  0%| F|  |TAMS 0x000000061bc00000| PB 0x000000061bc00000| Untracked 
|  22|0x000000061c000000, 0x000000061c000000, 0x000000061c400000|  0%| F|  |TAMS 0x000000061c000000| PB 0x000000061c000000| Untracked 
|  23|0x000000061c400000, 0x000000061c400000, 0x000000061c800000|  0%| F|  |TAMS 0x000000061c400000| PB 0x000000061c400000| Untracked 
|  24|0x000000061c800000, 0x000000061c800000, 0x000000061cc00000|  0%| F|  |TAMS 0x000000061c800000| PB 0x000000061c800000| Untracked 
|  25|0x000000061cc00000, 0x000000061cc00000, 0x000000061d000000|  0%| F|  |TAMS 0x000000061cc00000| PB 0x000000061cc00000| Untracked 
|  26|0x000000061d000000, 0x000000061d000000, 0x000000061d400000|  0%| F|  |TAMS 0x000000061d000000| PB 0x000000061d000000| Untracked 
|  27|0x000000061d400000, 0x000000061d400000, 0x000000061d800000|  0%| F|  |TAMS 0x000000061d400000| PB 0x000000061d400000| Untracked 
|  28|0x000000061d800000, 0x000000061d800000, 0x000000061dc00000|  0%| F|  |TAMS 0x000000061d800000| PB 0x000000061d800000| Untracked 
|  29|0x000000061dc00000, 0x000000061dc00000, 0x000000061e000000|  0%| F|  |TAMS 0x000000061dc00000| PB 0x000000061dc00000| Untracked 
|  30|0x000000061e000000, 0x000000061e000000, 0x000000061e400000|  0%| F|  |TAMS 0x000000061e000000| PB 0x000000061e000000| Untracked 
|  31|0x000000061e400000, 0x000000061e400000, 0x000000061e800000|  0%| F|  |TAMS 0x000000061e400000| PB 0x000000061e400000| Untracked 
|  32|0x000000061e800000, 0x000000061e800000, 0x000000061ec00000|  0%| F|  |TAMS 0x000000061e800000| PB 0x000000061e800000| Untracked 
|  33|0x000000061ec00000, 0x000000061ec00000, 0x000000061f000000|  0%| F|  |TAMS 0x000000061ec00000| PB 0x000000061ec00000| Untracked 
|  34|0x000000061f000000, 0x000000061f000000, 0x000000061f400000|  0%| F|  |TAMS 0x000000061f000000| PB 0x000000061f000000| Untracked 
|  35|0x000000061f400000, 0x000000061f400000, 0x000000061f800000|  0%| F|  |TAMS 0x000000061f400000| PB 0x000000061f400000| Untracked 
|  36|0x000000061f800000, 0x000000061f800000, 0x000000061fc00000|  0%| F|  |TAMS 0x000000061f800000| PB 0x000000061f800000| Untracked 
|  37|0x000000061fc00000, 0x000000061fc00000, 0x0000000620000000|  0%| F|  |TAMS 0x000000061fc00000| PB 0x000000061fc00000| Untracked 
|  38|0x0000000620000000, 0x0000000620000000, 0x0000000620400000|  0%| F|  |TAMS 0x0000000620000000| PB 0x0000000620000000| Untracked 
|  39|0x0000000620400000, 0x0000000620400000, 0x0000000620800000|  0%| F|  |TAMS 0x0000000620400000| PB 0x0000000620400000| Untracked 
|  40|0x0000000620800000, 0x0000000620800000, 0x0000000620c00000|  0%| F|  |TAMS 0x0000000620800000| PB 0x0000000620800000| Untracked 
|  41|0x0000000620c00000, 0x0000000620c00000, 0x0000000621000000|  0%| F|  |TAMS 0x0000000620c00000| PB 0x0000000620c00000| Untracked 
|  42|0x0000000621000000, 0x0000000621000000, 0x0000000621400000|  0%| F|  |TAMS 0x0000000621000000| PB 0x0000000621000000| Untracked 
|  43|0x0000000621400000, 0x0000000621400000, 0x0000000621800000|  0%| F|  |TAMS 0x0000000621400000| PB 0x0000000621400000| Untracked 
|  44|0x0000000621800000, 0x0000000621800000, 0x0000000621c00000|  0%| F|  |TAMS 0x0000000621800000| PB 0x0000000621800000| Untracked 
|  45|0x0000000621c00000, 0x0000000621c00000, 0x0000000622000000|  0%| F|  |TAMS 0x0000000621c00000| PB 0x0000000621c00000| Untracked 
|  46|0x0000000622000000, 0x0000000622000000, 0x0000000622400000|  0%| F|  |TAMS 0x0000000622000000| PB 0x0000000622000000| Untracked 
|  47|0x0000000622400000, 0x0000000622400000, 0x0000000622800000|  0%| F|  |TAMS 0x0000000622400000| PB 0x0000000622400000| Untracked 
|  48|0x0000000622800000, 0x0000000622800000, 0x0000000622c00000|  0%| F|  |TAMS 0x0000000622800000| PB 0x0000000622800000| Untracked 
|  49|0x0000000622c00000, 0x0000000622c00000, 0x0000000623000000|  0%| F|  |TAMS 0x0000000622c00000| PB 0x0000000622c00000| Untracked 
|  50|0x0000000623000000, 0x0000000623000000, 0x0000000623400000|  0%| F|  |TAMS 0x0000000623000000| PB 0x0000000623000000| Untracked 
|  51|0x0000000623400000, 0x0000000623400000, 0x0000000623800000|  0%| F|  |TAMS 0x0000000623400000| PB 0x0000000623400000| Untracked 
|  52|0x0000000623800000, 0x0000000623800000, 0x0000000623c00000|  0%| F|  |TAMS 0x0000000623800000| PB 0x0000000623800000| Untracked 
|  53|0x0000000623c00000, 0x0000000623c00000, 0x0000000624000000|  0%| F|  |TAMS 0x0000000623c00000| PB 0x0000000623c00000| Untracked 
|  54|0x0000000624000000, 0x0000000624000000, 0x0000000624400000|  0%| F|  |TAMS 0x0000000624000000| PB 0x0000000624000000| Untracked 
|  55|0x0000000624400000, 0x0000000624400000, 0x0000000624800000|  0%| F|  |TAMS 0x0000000624400000| PB 0x0000000624400000| Untracked 
|  56|0x0000000624800000, 0x0000000624800000, 0x0000000624c00000|  0%| F|  |TAMS 0x0000000624800000| PB 0x0000000624800000| Untracked 
|  57|0x0000000624c00000, 0x0000000624c00000, 0x0000000625000000|  0%| F|  |TAMS 0x0000000624c00000| PB 0x0000000624c00000| Untracked 
|  58|0x0000000625000000, 0x0000000625000000, 0x0000000625400000|  0%| F|  |TAMS 0x0000000625000000| PB 0x0000000625000000| Untracked 
|  59|0x0000000625400000, 0x0000000625400000, 0x0000000625800000|  0%| F|  |TAMS 0x0000000625400000| PB 0x0000000625400000| Untracked 
|  60|0x0000000625800000, 0x0000000625800000, 0x0000000625c00000|  0%| F|  |TAMS 0x0000000625800000| PB 0x0000000625800000| Untracked 
|  61|0x0000000625c00000, 0x0000000625c00000, 0x0000000626000000|  0%| F|  |TAMS 0x0000000625c00000| PB 0x0000000625c00000| Untracked 
|  62|0x0000000626000000, 0x0000000626000000, 0x0000000626400000|  0%| F|  |TAMS 0x0000000626000000| PB 0x0000000626000000| Untracked 
|  63|0x0000000626400000, 0x0000000626400000, 0x0000000626800000|  0%| F|  |TAMS 0x0000000626400000| PB 0x0000000626400000| Untracked 
|  64|0x0000000626800000, 0x0000000626800000, 0x0000000626c00000|  0%| F|  |TAMS 0x0000000626800000| PB 0x0000000626800000| Untracked 
|  65|0x0000000626c00000, 0x0000000626c00000, 0x0000000627000000|  0%| F|  |TAMS 0x0000000626c00000| PB 0x0000000626c00000| Untracked 
|  66|0x0000000627000000, 0x0000000627000000, 0x0000000627400000|  0%| F|  |TAMS 0x0000000627000000| PB 0x0000000627000000| Untracked 
|  67|0x0000000627400000, 0x0000000627400000, 0x0000000627800000|  0%| F|  |TAMS 0x0000000627400000| PB 0x0000000627400000| Untracked 
|  68|0x0000000627800000, 0x0000000627800000, 0x0000000627c00000|  0%| F|  |TAMS 0x0000000627800000| PB 0x0000000627800000| Untracked 
|  69|0x0000000627c00000, 0x0000000627c00000, 0x0000000628000000|  0%| F|  |TAMS 0x0000000627c00000| PB 0x0000000627c00000| Untracked 
|  70|0x0000000628000000, 0x0000000628000000, 0x0000000628400000|  0%| F|  |TAMS 0x0000000628000000| PB 0x0000000628000000| Untracked 
|  71|0x0000000628400000, 0x0000000628400000, 0x0000000628800000|  0%| F|  |TAMS 0x0000000628400000| PB 0x0000000628400000| Untracked 
|  72|0x0000000628800000, 0x0000000628800000, 0x0000000628c00000|  0%| F|  |TAMS 0x0000000628800000| PB 0x0000000628800000| Untracked 
|  73|0x0000000628c00000, 0x0000000628c00000, 0x0000000629000000|  0%| F|  |TAMS 0x0000000628c00000| PB 0x0000000628c00000| Untracked 
|  74|0x0000000629000000, 0x0000000629000000, 0x0000000629400000|  0%| F|  |TAMS 0x0000000629000000| PB 0x0000000629000000| Untracked 
|  75|0x0000000629400000, 0x0000000629400000, 0x0000000629800000|  0%| F|  |TAMS 0x0000000629400000| PB 0x0000000629400000| Untracked 
|  76|0x0000000629800000, 0x0000000629800000, 0x0000000629c00000|  0%| F|  |TAMS 0x0000000629800000| PB 0x0000000629800000| Untracked 
|  77|0x0000000629c00000, 0x0000000629c00000, 0x000000062a000000|  0%| F|  |TAMS 0x0000000629c00000| PB 0x0000000629c00000| Untracked 
|  78|0x000000062a000000, 0x000000062a000000, 0x000000062a400000|  0%| F|  |TAMS 0x000000062a000000| PB 0x000000062a000000| Untracked 
|  79|0x000000062a400000, 0x000000062a400000, 0x000000062a800000|  0%| F|  |TAMS 0x000000062a400000| PB 0x000000062a400000| Untracked 
|  80|0x000000062a800000, 0x000000062a800000, 0x000000062ac00000|  0%| F|  |TAMS 0x000000062a800000| PB 0x000000062a800000| Untracked 
|  81|0x000000062ac00000, 0x000000062ac00000, 0x000000062b000000|  0%| F|  |TAMS 0x000000062ac00000| PB 0x000000062ac00000| Untracked 
|  82|0x000000062b000000, 0x000000062b000000, 0x000000062b400000|  0%| F|  |TAMS 0x000000062b000000| PB 0x000000062b000000| Untracked 
|  83|0x000000062b400000, 0x000000062b400000, 0x000000062b800000|  0%| F|  |TAMS 0x000000062b400000| PB 0x000000062b400000| Untracked 
|  84|0x000000062b800000, 0x000000062b800000, 0x000000062bc00000|  0%| F|  |TAMS 0x000000062b800000| PB 0x000000062b800000| Untracked 
|  85|0x000000062bc00000, 0x000000062bc00000, 0x000000062c000000|  0%| F|  |TAMS 0x000000062bc00000| PB 0x000000062bc00000| Untracked 
|  86|0x000000062c000000, 0x000000062c000000, 0x000000062c400000|  0%| F|  |TAMS 0x000000062c000000| PB 0x000000062c000000| Untracked 
|  87|0x000000062c400000, 0x000000062c400000, 0x000000062c800000|  0%| F|  |TAMS 0x000000062c400000| PB 0x000000062c400000| Untracked 
|  88|0x000000062c800000, 0x000000062c800000, 0x000000062cc00000|  0%| F|  |TAMS 0x000000062c800000| PB 0x000000062c800000| Untracked 
|  89|0x000000062cc00000, 0x000000062cc00000, 0x000000062d000000|  0%| F|  |TAMS 0x000000062cc00000| PB 0x000000062cc00000| Untracked 
|  90|0x000000062d000000, 0x000000062d000000, 0x000000062d400000|  0%| F|  |TAMS 0x000000062d000000| PB 0x000000062d000000| Untracked 
|  91|0x000000062d400000, 0x000000062d400000, 0x000000062d800000|  0%| F|  |TAMS 0x000000062d400000| PB 0x000000062d400000| Untracked 
|  92|0x000000062d800000, 0x000000062d800000, 0x000000062dc00000|  0%| F|  |TAMS 0x000000062d800000| PB 0x000000062d800000| Untracked 
|  93|0x000000062dc00000, 0x000000062dc00000, 0x000000062e000000|  0%| F|  |TAMS 0x000000062dc00000| PB 0x000000062dc00000| Untracked 
|  94|0x000000062e000000, 0x000000062e000000, 0x000000062e400000|  0%| F|  |TAMS 0x000000062e000000| PB 0x000000062e000000| Untracked 
|  95|0x000000062e400000, 0x000000062e400000, 0x000000062e800000|  0%| F|  |TAMS 0x000000062e400000| PB 0x000000062e400000| Untracked 
|  96|0x000000062e800000, 0x000000062e800000, 0x000000062ec00000|  0%| F|  |TAMS 0x000000062e800000| PB 0x000000062e800000| Untracked 
|  97|0x000000062ec00000, 0x000000062ec00000, 0x000000062f000000|  0%| F|  |TAMS 0x000000062ec00000| PB 0x000000062ec00000| Untracked 
|  98|0x000000062f000000, 0x000000062f000000, 0x000000062f400000|  0%| F|  |TAMS 0x000000062f000000| PB 0x000000062f000000| Untracked 
|  99|0x000000062f400000, 0x000000062f400000, 0x000000062f800000|  0%| F|  |TAMS 0x000000062f400000| PB 0x000000062f400000| Untracked 
| 100|0x000000062f800000, 0x000000062f800000, 0x000000062fc00000|  0%| F|  |TAMS 0x000000062f800000| PB 0x000000062f800000| Untracked 
| 101|0x000000062fc00000, 0x000000062fc00000, 0x0000000630000000|  0%| F|  |TAMS 0x000000062fc00000| PB 0x000000062fc00000| Untracked 
| 102|0x0000000630000000, 0x0000000630000000, 0x0000000630400000|  0%| F|  |TAMS 0x0000000630000000| PB 0x0000000630000000| Untracked 
| 103|0x0000000630400000, 0x0000000630400000, 0x0000000630800000|  0%| F|  |TAMS 0x0000000630400000| PB 0x0000000630400000| Untracked 
| 104|0x0000000630800000, 0x0000000630800000, 0x0000000630c00000|  0%| F|  |TAMS 0x0000000630800000| PB 0x0000000630800000| Untracked 
| 105|0x0000000630c00000, 0x0000000630c00000, 0x0000000631000000|  0%| F|  |TAMS 0x0000000630c00000| PB 0x0000000630c00000| Untracked 
| 106|0x0000000631000000, 0x0000000631000000, 0x0000000631400000|  0%| F|  |TAMS 0x0000000631000000| PB 0x0000000631000000| Untracked 
| 107|0x0000000631400000, 0x0000000631400000, 0x0000000631800000|  0%| F|  |TAMS 0x0000000631400000| PB 0x0000000631400000| Untracked 
| 108|0x0000000631800000, 0x0000000631800000, 0x0000000631c00000|  0%| F|  |TAMS 0x0000000631800000| PB 0x0000000631800000| Untracked 
| 109|0x0000000631c00000, 0x0000000631c00000, 0x0000000632000000|  0%| F|  |TAMS 0x0000000631c00000| PB 0x0000000631c00000| Untracked 
| 110|0x0000000632000000, 0x0000000632000000, 0x0000000632400000|  0%| F|  |TAMS 0x0000000632000000| PB 0x0000000632000000| Untracked 
| 111|0x0000000632400000, 0x0000000632400000, 0x0000000632800000|  0%| F|  |TAMS 0x0000000632400000| PB 0x0000000632400000| Untracked 
| 112|0x0000000632800000, 0x0000000632800000, 0x0000000632c00000|  0%| F|  |TAMS 0x0000000632800000| PB 0x0000000632800000| Untracked 
| 113|0x0000000632c00000, 0x0000000632c00000, 0x0000000633000000|  0%| F|  |TAMS 0x0000000632c00000| PB 0x0000000632c00000| Untracked 
| 114|0x0000000633000000, 0x0000000633000000, 0x0000000633400000|  0%| F|  |TAMS 0x0000000633000000| PB 0x0000000633000000| Untracked 
| 115|0x0000000633400000, 0x0000000633400000, 0x0000000633800000|  0%| F|  |TAMS 0x0000000633400000| PB 0x0000000633400000| Untracked 
| 116|0x0000000633800000, 0x0000000633800000, 0x0000000633c00000|  0%| F|  |TAMS 0x0000000633800000| PB 0x0000000633800000| Untracked 
| 117|0x0000000633c00000, 0x0000000633c00000, 0x0000000634000000|  0%| F|  |TAMS 0x0000000633c00000| PB 0x0000000633c00000| Untracked 
| 118|0x0000000634000000, 0x0000000634000000, 0x0000000634400000|  0%| F|  |TAMS 0x0000000634000000| PB 0x0000000634000000| Untracked 
| 119|0x0000000634400000, 0x0000000634400000, 0x0000000634800000|  0%| F|  |TAMS 0x0000000634400000| PB 0x0000000634400000| Untracked 
| 120|0x0000000634800000, 0x000000063487c220, 0x0000000634c00000| 12%| E|  |TAMS 0x0000000634800000| PB 0x0000000634800000| Complete 
| 121|0x0000000634c00000, 0x0000000635000000, 0x0000000635000000|100%| E|CS|TAMS 0x0000000634c00000| PB 0x0000000634c00000| Complete 
| 122|0x0000000635000000, 0x0000000635400000, 0x0000000635400000|100%| E|CS|TAMS 0x0000000635000000| PB 0x0000000635000000| Complete 
|1957|0x00000007ffc00000, 0x00000007ffd079d8, 0x0000000800000000| 25%| O|  |TAMS 0x00000007ffc00000| PB 0x00000007ffc00000| Untracked 

Card table byte_map: [0x00007f9b5e800000,0x00007f9b5f74c000] _byte_map_base: 0x00007f9b5b74c000

Marking Bits: (CMBitMap*) 0x00007f9b78045f30
 Bits: [0x00007f9b56c00000, 0x00007f9b5e660000)

Polling page: 0x00007f9b7f775000

Metaspace:

Usage:
  Non-class:      3.00 MB used.
      Class:    289.32 KB used.
       Both:      3.28 MB used.

Virtual space:
  Non-class space:       64.00 MB reserved,       3.06 MB (  5%) committed,  1 nodes.
      Class space:        1.00 GB reserved,     384.00 KB ( <1%) committed,  1 nodes.
             Both:        1.06 GB reserved,       3.44 MB ( <1%) committed. 

Chunk freelists:
   Non-Class:  11.00 MB
       Class:  15.61 MB
        Both:  26.61 MB

MaxMetaspaceSize: unlimited
CompressedClassSpaceSize: 1.00 GB
Initial GC threshold: 21.00 MB
Current GC threshold: 21.00 MB
CDS: on
 - commit_granule_bytes: 65536.
 - commit_granule_words: 8192.
 - virtual_space_node_default_size: 8388608.
 - enlarge_chunks_in_place: 1.
 - use_allocation_guard: 0.


Internal statistics:

num_allocs_failed_limit: 0.
num_arena_births: 104.
num_arena_deaths: 0.
num_vsnodes_births: 2.
num_vsnodes_deaths: 0.
num_space_committed: 55.
num_space_uncommitted: 0.
num_chunks_returned_to_freelist: 0.
num_chunks_taken_from_freelist: 181.
num_chunk_merges: 0.
num_chunk_splits: 110.
num_chunks_enlarged: 49.
num_inconsistent_stats: 0.

CodeHeap 'non-profiled nmethods': size=119168Kb used=199Kb max_used=199Kb free=118969Kb
 bounds [0x00007f9b683a0000, 0x00007f9b68610000, 0x00007f9b6f800000]
CodeHeap 'profiled nmethods': size=119164Kb used=1030Kb max_used=1030Kb free=118133Kb
 bounds [0x00007f9b60800000, 0x00007f9b60a70000, 0x00007f9b67c5f000]
CodeHeap 'non-nmethods': size=7428Kb used=3206Kb max_used=3215Kb free=4221Kb
 bounds [0x00007f9b67c5f000, 0x00007f9b67f8f000, 0x00007f9b683a0000]
 total_blobs=1306 nmethods=701 adapters=508
 compilation: enabled
              stopped_count=0, restarted_count=0
 full_count=0

Compilation events (20 events):
Event: 0.505 Thread 0x00007f9abc079ef0 nmethod 689 0x00007f9b608f9f10 code [0x00007f9b608fa0c0, 0x00007f9b608fa3c8]
Event: 0.505 Thread 0x00007f9abc079ef0  693       3       jdk.internal.loader.BuiltinClassLoader::loadClassOrNull (7 bytes)
Event: 0.505 Thread 0x00007f9abc079ef0 nmethod 693 0x00007f9b608fa510 code [0x00007f9b608fa6a0, 0x00007f9b608fa868]
Event: 0.505 Thread 0x00007f9abc078be0 nmethod 692 0x00007f9b608fa910 code [0x00007f9b608fab20, 0x00007f9b608fb148]
Event: 0.505 Thread 0x00007f9abc077aa0 nmethod 688 0x00007f9b608fb390 code [0x00007f9b608fb660, 0x00007f9b608fc5a0]
Event: 0.506 Thread 0x00007f9b78141d50 nmethod 685 0x00007f9b608fcc10 code [0x00007f9b608fd040, 0x00007f9b608ff348]
Event: 0.506 Thread 0x00007f9abc077aa0  694       1       jdk.internal.loader.URLClassPath$Loader::getBaseURL (5 bytes)
Event: 0.506 Thread 0x00007f9abc077aa0 nmethod 694 0x00007f9b683d0d90 code [0x00007f9b683d0f20, 0x00007f9b683d0fe8]
Event: 0.507 Thread 0x00007f9abc079ef0  695       3       java.util.jar.JarFile::maybeInstantiateVerifier (42 bytes)
Event: 0.508 Thread 0x00007f9abc078be0  696       1       java.net.URLStreamHandler::getDefaultPort (2 bytes)
Event: 0.508 Thread 0x00007f9abc078be0 nmethod 696 0x00007f9b683d1090 code [0x00007f9b683d1220, 0x00007f9b683d12e0]
Event: 0.508 Thread 0x00007f9abc079ef0 nmethod 695 0x00007f9b60900390 code [0x00007f9b60900560, 0x00007f9b609008c0]
Event: 0.508 Thread 0x00007f9abc077aa0  697       3       jdk.internal.ref.CleanerFactory::cleaner (4 bytes)
Event: 0.508 Thread 0x00007f9abc077aa0 nmethod 697 0x00007f9b60900a10 code [0x00007f9b60900ba0, 0x00007f9b60900c90]
Event: 0.509 Thread 0x00007f9b78140680  698       4       java.lang.invoke.MethodType::parameterCount (6 bytes)
Event: 0.510 Thread 0x00007f9b78140680 nmethod 698 0x00007f9b683d1390 code [0x00007f9b683d1500, 0x00007f9b683d15a0]
Event: 0.513 Thread 0x00007f9abc079ef0  700       3       java.lang.String::indexOf (64 bytes)
Event: 0.513 Thread 0x00007f9abc077aa0  701       3       java.lang.StringLatin1::indexOf (25 bytes)
Event: 0.513 Thread 0x00007f9abc077aa0 nmethod 701 0x00007f9b60900d10 code [0x00007f9b60900ec0, 0x00007f9b609010b8]
Event: 0.513 Thread 0x00007f9abc079ef0 nmethod 700 0x00007f9b60901190 code [0x00007f9b609013a0, 0x00007f9b60901860]

GC Heap History (0 events):
No events

Dll operation events (11 events):
Event: 0.003 Loaded shared library /usr/lib/jvm/java-21-openjdk-amd64/lib/libjava.so
Event: 0.035 Loaded shared library /usr/lib/jvm/java-21-openjdk-amd64/lib/libjsvml.so
Event: 0.037 Loaded shared library /usr/lib/jvm/java-21-openjdk-amd64/lib/libnio.so
Event: 0.092 Loaded shared library /usr/lib/jvm/java-21-openjdk-amd64/lib/libzip.so
Event: 0.130 Loaded shared library /usr/lib/jvm/java-21-openjdk-amd64/lib/libjimage.so
Event: 0.193 Loaded shared library /tmp/libJCublas2-12.0.0-linux-x86_64.so
Event: 0.340 Loaded shared library /tmp/libJCudaRuntime-12.0.0-linux-x86_64.so
Event: 0.370 Loaded shared library /usr/lib/jvm/java-21-openjdk-amd64/lib/libawt.so
Event: 0.375 Loaded shared library /usr/lib/jvm/java-21-openjdk-amd64/lib/libawt_xawt.so
Event: 0.431 Loaded shared library /usr/lib/jvm/java-21-openjdk-amd64/lib/libjavajpeg.so
Event: 0.498 Loaded shared library /tmp/libJCudaDriver-12.0.0-linux-x86_64.so

Deoptimization events (20 events):
Event: 0.358 Thread 0x00007f9b7801a060 DEOPT PACKING pc=0x00007f9b683ac9d4 sp=0x00007f9b7ddfcdb0
Event: 0.358 Thread 0x00007f9b7801a060 DEOPT UNPACKING pc=0x00007f9b67cb2f99 sp=0x00007f9b7ddfcd68 mode 2
Event: 0.372 Thread 0x00007f9b7801a060 Uncommon trap: trap_request=0xffffff45 fr.pc=0x00007f9b683b35ac relative=0x000000000000018c
Event: 0.372 Thread 0x00007f9b7801a060 Uncommon trap: reason=unstable_if action=reinterpret pc=0x00007f9b683b35ac method=jdk.internal.util.ArraysSupport.vectorizedHashCode(Ljava/lang/Object;IIII)I @ 2 c2
Event: 0.372 Thread 0x00007f9b7801a060 DEOPT PACKING pc=0x00007f9b683b35ac sp=0x00007f9b7ddfa840
Event: 0.372 Thread 0x00007f9b7801a060 DEOPT UNPACKING pc=0x00007f9b67cb2f99 sp=0x00007f9b7ddfa810 mode 2
Event: 0.498 Thread 0x00007f9b7801a060 DEOPT PACKING pc=0x00007f9b60816f54 sp=0x00007f9b7ddfd630
Event: 0.498 Thread 0x00007f9b7801a060 DEOPT UNPACKING pc=0x00007f9b67cb372f sp=0x00007f9b7ddfca70 mode 0
Event: 0.510 Thread 0x00007f9b7801a060 Uncommon trap: trap_request=0xffffffc6 fr.pc=0x00007f9b683b1378 relative=0x0000000000000b38
Event: 0.510 Thread 0x00007f9b7801a060 Uncommon trap: reason=bimorphic_or_optimized_type_check action=maybe_recompile pc=0x00007f9b683b1378 method=java.util.HashMap.putVal(ILjava/lang/Object;Ljava/lang/Object;ZZ)Ljava/lang/Object; @ 56 c2
Event: 0.510 Thread 0x00007f9b7801a060 DEOPT PACKING pc=0x00007f9b683b1378 sp=0x00007f9b7ddfe500
Event: 0.510 Thread 0x00007f9b7801a060 DEOPT UNPACKING pc=0x00007f9b67cb2f99 sp=0x00007f9b7ddfe488 mode 2
Event: 0.514 Thread 0x00007f9b7801a060 Uncommon trap: trap_request=0xffffffc6 fr.pc=0x00007f9b683b1378 relative=0x0000000000000b38
Event: 0.514 Thread 0x00007f9b7801a060 Uncommon trap: reason=bimorphic_or_optimized_type_check action=maybe_recompile pc=0x00007f9b683b1378 method=java.util.HashMap.putVal(ILjava/lang/Object;Ljava/lang/Object;ZZ)Ljava/lang/Object; @ 56 c2
Event: 0.514 Thread 0x00007f9b7801a060 DEOPT PACKING pc=0x00007f9b683b1378 sp=0x00007f9b7ddfe280
Event: 0.514 Thread 0x00007f9b7801a060 DEOPT UNPACKING pc=0x00007f9b67cb2f99 sp=0x00007f9b7ddfe208 mode 2
Event: 0.516 Thread 0x00007f9b7801a060 Uncommon trap: trap_request=0xffffffc6 fr.pc=0x00007f9b683b1378 relative=0x0000000000000b38
Event: 0.516 Thread 0x00007f9b7801a060 Uncommon trap: reason=bimorphic_or_optimized_type_check action=maybe_recompile pc=0x00007f9b683b1378 method=java.util.HashMap.putVal(ILjava/lang/Object;Ljava/lang/Object;ZZ)Ljava/lang/Object; @ 56 c2
Event: 0.516 Thread 0x00007f9b7801a060 DEOPT PACKING pc=0x00007f9b683b1378 sp=0x00007f9b7ddfe460
Event: 0.516 Thread 0x00007f9b7801a060 DEOPT UNPACKING pc=0x00007f9b67cb2f99 sp=0x00007f9b7ddfe3e8 mode 2

Classes loaded (20 events):
Event: 0.450 Loading class java/util/stream/MatchOps$MatchKind
Event: 0.450 Loading class java/util/stream/MatchOps$MatchKind done
Event: 0.450 Loading class java/util/stream/MatchOps
Event: 0.450 Loading class java/util/stream/MatchOps done
Event: 0.450 Loading class java/util/stream/MatchOps$MatchOp
Event: 0.450 Loading class java/util/stream/MatchOps$MatchOp done
Event: 0.450 Loading class java/util/stream/MatchOps$BooleanTerminalSink
Event: 0.450 Loading class java/util/stream/MatchOps$BooleanTerminalSink done
Event: 0.450 Loading class java/util/stream/MatchOps$2MatchSink
Event: 0.450 Loading class java/util/stream/MatchOps$2MatchSink done
Event: 0.451 Loading class java/util/stream/MatchOps$1MatchSink
Event: 0.451 Loading class java/util/stream/MatchOps$1MatchSink done
Event: 0.452 Loading class java/nio/HeapDoubleBuffer
Event: 0.452 Loading class java/nio/HeapDoubleBuffer done
Event: 0.476 Loading class java/awt/Dimension
Event: 0.476 Loading class java/awt/geom/Dimension2D
Event: 0.476 Loading class java/awt/geom/Dimension2D done
Event: 0.476 Loading class java/awt/Dimension done
Event: 0.510 Loading class java/nio/HeapIntBuffer
Event: 0.510 Loading class java/nio/HeapIntBuffer done

Classes unloaded (0 events):
No events

Classes redefined (0 events):
No events

Internal exceptions (13 events):
Event: 0.070 Thread 0x00007f9b7801a060 Exception <a 'sun/nio/fs/UnixException'{0x0000000635070ea8}> (0x0000000635070ea8) 
thrown [./src/hotspot/share/prims/jni.cpp, line 520]
Event: 0.070 Thread 0x00007f9b7801a060 Exception <a 'sun/nio/fs/UnixException'{0x00000006350715e8}> (0x00000006350715e8) 
thrown [./src/hotspot/share/prims/jni.cpp, line 520]
Event: 0.070 Thread 0x00007f9b7801a060 Exception <a 'sun/nio/fs/UnixException'{0x0000000635071e18}> (0x0000000635071e18) 
thrown [./src/hotspot/share/prims/jni.cpp, line 520]
Event: 0.070 Thread 0x00007f9b7801a060 Exception <a 'sun/nio/fs/UnixException'{0x0000000635072410}> (0x0000000635072410) 
thrown [./src/hotspot/share/prims/jni.cpp, line 520]
Event: 0.070 Thread 0x00007f9b7801a060 Exception <a 'sun/nio/fs/UnixException'{0x00000006350729e0}> (0x00000006350729e0) 
thrown [./src/hotspot/share/prims/jni.cpp, line 520]
Event: 0.070 Thread 0x00007f9b7801a060 Exception <a 'sun/nio/fs/UnixException'{0x0000000635072fc0}> (0x0000000635072fc0) 
thrown [./src/hotspot/share/prims/jni.cpp, line 520]
Event: 0.071 Thread 0x00007f9b7801a060 Exception <a 'sun/nio/fs/UnixException'{0x0000000635073810}> (0x0000000635073810) 
thrown [./src/hotspot/share/prims/jni.cpp, line 520]
Event: 0.349 Thread 0x00007f9b7801a060 Exception <a 'java/lang/NoSuchMethodError'{0x0000000634c55808}: 'void java.lang.invoke.DirectMethodHandle$Holder.invokeStatic(java.lang.Object, java.lang.Object)'> (0x0000000634c55808) 
thrown [./src/hotspot/share/interpreter/linkResolver.cpp, line 772]
Event: 0.358 Thread 0x00007f9b7801a060 Implicit null exception at 0x00007f9b683ac863 to 0x00007f9b683ac9c4
Event: 0.364 Thread 0x00007f9b7801a060 Exception <a 'java/lang/ClassNotFoundException'{0x0000000634c69980}: sun/awt/resources/spi/awtProvider> (0x0000000634c69980) 
thrown [./src/hotspot/share/classfile/systemDictionary.cpp, line 312]
Event: 0.390 Thread 0x00007f9b7801a060 Exception <a 'java/io/FileNotFoundException'{0x0000000634d378e8}> (0x0000000634d378e8) 
thrown [./src/hotspot/share/prims/jni.cpp, line 520]
Event: 0.455 Thread 0x00007f9b7801a060 Exception <a 'java/lang/NoSuchMethodError'{0x0000000634dea558}: 'java.lang.Object java.lang.invoke.DirectMethodHandle$Holder.invokeStatic(java.lang.Object, java.lang.Object, int)'> (0x0000000634dea558) 
thrown [./src/hotspot/share/interpreter/linkResolver.cpp, line 772]
Event: 0.484 Thread 0x00007f9b7801a060 Exception <a 'java/lang/NoSuchMethodError'{0x0000000634f4dfe0}: 'java.lang.Object java.lang.invoke.DirectMethodHandle$Holder.newInvokeSpecial(java.lang.Object, java.lang.Object, int)'> (0x0000000634f4dfe0) 
thrown [./src/hotspot/share/interpreter/linkResolver.cpp, line 772]

ZGC Phase Switch (0 events):
No events

VM Operations (8 events):
Event: 0.073 Executing VM operation: HandshakeAllThreads (Deoptimize)
Event: 0.073 Executing VM operation: HandshakeAllThreads (Deoptimize) done
Event: 0.354 Executing VM operation: HandshakeAllThreads (Deoptimize)
Event: 0.354 Executing VM operation: HandshakeAllThreads (Deoptimize) done
Event: 0.359 Executing VM operation: HandshakeAllThreads (Deoptimize)
Event: 0.359 Executing VM operation: HandshakeAllThreads (Deoptimize) done
Event: 0.510 Executing VM operation: HandshakeAllThreads (Deoptimize)
Event: 0.510 Executing VM operation: HandshakeAllThreads (Deoptimize) done

Memory protections (17 events):
Event: 0.002 Protecting memory [0x00007f9b7dd00000,0x00007f9b7dd04000] with protection modes 0
Event: 0.032 Protecting memory [0x00007f9b542f8000,0x00007f9b542fc000] with protection modes 0
Event: 0.032 Protecting memory [0x00007f9b541f8000,0x00007f9b541fc000] with protection modes 0
Event: 0.033 Protecting memory [0x00007f9b540f8000,0x00007f9b540fc000] with protection modes 0
Event: 0.033 Protecting memory [0x00007f9b4f100000,0x00007f9b4f104000] with protection modes 0
Event: 0.033 Protecting memory [0x00007f9b4f000000,0x00007f9b4f004000] with protection modes 0
Event: 0.034 Protecting memory [0x00007f9b4ef00000,0x00007f9b4ef04000] with protection modes 0
Event: 0.034 Protecting memory [0x00007f9b4ee00000,0x00007f9b4ee04000] with protection modes 0
Event: 0.057 Protecting memory [0x00007f9b4ed00000,0x00007f9b4ed04000] with protection modes 0
Event: 0.074 Protecting memory [0x00007f9b4ec00000,0x00007f9b4ec04000] with protection modes 0
Event: 0.075 Protecting memory [0x00007f9b4eb00000,0x00007f9b4eb04000] with protection modes 0
Event: 0.076 Protecting memory [0x00007f9b4ea00000,0x00007f9b4ea04000] with protection modes 0
Event: 0.086 Protecting memory [0x00007f9b4e900000,0x00007f9b4e904000] with protection modes 0
Event: 0.091 Protecting memory [0x00007f9b4e800000,0x00007f9b4e804000] with protection modes 0
Event: 0.101 Protecting memory [0x00007f9b4e700000,0x00007f9b4e704000] with protection modes 0
Event: 0.351 Protecting memory [0x00007f9b4e800000,0x00007f9b4e804000] with protection modes 0
Event: 0.427 Protecting memory [0x00007f9b4e700000,0x00007f9b4e704000] with protection modes 0

Nmethod flushes (0 events):
No events

Events (19 events):
Event: 0.023 Thread 0x00007f9b7801a060 Thread added: 0x00007f9b7801a060
Event: 0.032 Thread 0x00007f9b7801a060 Thread added: 0x00007f9b78138f50
Event: 0.032 Thread 0x00007f9b7801a060 Thread added: 0x00007f9b7813a3e0
Event: 0.033 Thread 0x00007f9b7801a060 Thread added: 0x00007f9b7813beb0
Event: 0.033 Thread 0x00007f9b7801a060 Thread added: 0x00007f9b7813d500
Event: 0.033 Thread 0x00007f9b7801a060 Thread added: 0x00007f9b7813eab0
Event: 0.034 Thread 0x00007f9b7801a060 Thread added: 0x00007f9b78140680
Event: 0.034 Thread 0x00007f9b7801a060 Thread added: 0x00007f9b78141d50
Event: 0.057 Thread 0x00007f9b7801a060 Thread added: 0x00007f9b78160f10
Event: 0.074 Thread 0x00007f9b78141d50 Thread added: 0x00007f9abc077aa0
Event: 0.075 Thread 0x00007f9b78141d50 Thread added: 0x00007f9abc078be0
Event: 0.076 Thread 0x00007f9b78141d50 Thread added: 0x00007f9abc079ef0
Event: 0.086 Thread 0x00007f9b7801a060 Thread added: 0x00007f9b7819d5f0
Event: 0.091 Thread 0x00007f9abc078be0 Thread added: 0x00007f9aa803a230
Event: 0.101 Thread 0x00007f9abc077aa0 Thread added: 0x00007f9ab00627f0
Event: 0.336 Thread 0x00007f9ab00627f0 Thread exited: 0x00007f9ab00627f0
Event: 0.336 Thread 0x00007f9aa803a230 Thread exited: 0x00007f9aa803a230
Event: 0.351 Thread 0x00007f9b7801a060 Thread added: 0x00007f9b7950f700
Event: 0.427 Thread 0x00007f9b7801a060 Thread added: 0x00007f9b7953a6e0


Dynamic libraries:
200000000-200200000 ---p 00000000 00:00 0 
200200000-200400000 rw-s 00000000 00:05 1107                             /dev/nvidia0
200400000-203400000 rw-s 00000000 00:05 1106                             /dev/nvidiactl
203400000-204400000 ---p 00000000 00:00 0 
204400000-204600000 rw-s 00000000 00:05 1106                             /dev/nvidiactl
204600000-204800000 rw-s 00000000 00:05 1106                             /dev/nvidiactl
204800000-204a00000 rw-s 00000000 00:05 1106                             /dev/nvidiactl
204a00000-204c00000 rw-s 204a00000 00:05 1108                            /dev/nvidia-uvm
204c00000-204e00000 rw-s 00000000 00:05 1106                             /dev/nvidiactl
204e00000-205000000 ---p 00000000 00:00 0 
205000000-205200000 rw-s 00000000 00:05 1106                             /dev/nvidiactl
205200000-300200000 ---p 00000000 00:00 0 
616800000-635400000 rw-p 00000000 00:00 0 
635400000-7ffc00000 ---p 00000000 00:00 0 
7ffc00000-7ffd08000 rw-p 00ced000 103:02 17172987                        /usr/lib/jvm/java-21-openjdk-amd64/lib/server/classes.jsa
7ffd08000-800000000 rw-p 00000000 00:00 0 
10000000000-10004000000 ---p 00000000 00:00 0 
55aa2b6b7000-55aa2b6b8000 r--p 00000000 103:02 17172834                  /usr/lib/jvm/java-21-openjdk-amd64/bin/java
55aa2b6b8000-55aa2b6b9000 r-xp 00001000 103:02 17172834                  /usr/lib/jvm/java-21-openjdk-amd64/bin/java
55aa2b6b9000-55aa2b6ba000 r--p 00002000 103:02 17172834                  /usr/lib/jvm/java-21-openjdk-amd64/bin/java
55aa2b6ba000-55aa2b6bb000 r--p 00002000 103:02 17172834                  /usr/lib/jvm/java-21-openjdk-amd64/bin/java
55aa2b6bb000-55aa2b6bc000 rw-p 00003000 103:02 17172834                  /usr/lib/jvm/java-21-openjdk-amd64/bin/java
55aa2c3db000-55aa2c422000 rw-p 00000000 00:00 0                          [heap]
7f9a32000000-7f9a3a000000 ---p 00000000 00:00 0 
7f9a3c000000-7f9a3e000000 ---p 00000000 00:00 0 
7f9a40000000-7f9a50000000 ---p 00000000 00:00 0 
7f9a54000000-7f9a54400000 ---p 00000000 00:00 0 
7f9a54400000-7f9a54600000 rw-s 00000000 00:05 1106                       /dev/nvidiactl
7f9a54600000-7f9a54800000 rw-s 00000000 00:01 11390                      /dev/zero (deleted)
7f9a54800000-7f9a54a00000 rw-s 00000000 00:01 11391                      /dev/zero (deleted)
7f9a54a00000-7f9a55000000 ---p 00000000 00:00 0 
7f9a55000000-7f9a55200000 rw-s 00000000 00:05 1106                       /dev/nvidiactl
7f9a55200000-7f9a55400000 ---p 00000000 00:00 0 
7f9a55400000-7f9a55600000 rw-s 00000000 00:01 11393                      /dev/zero (deleted)
7f9a55600000-7f9a55b33000 rw-s 00000000 00:05 1106                       /dev/nvidiactl
7f9a55b33000-7f9a56000000 ---p 00000000 00:00 0 
7f9a58000000-7f9a58021000 rw-p 00000000 00:00 0 
7f9a58021000-7f9a5c000000 ---p 00000000 00:00 0 
7f9a5e000000-7f9a64000000 ---p 00000000 00:00 0 
7f9a64000000-7f9a64021000 rw-p 00000000 00:00 0 
7f9a64021000-7f9a68000000 ---p 00000000 00:00 0 
7f9a68200000-7f9a85463000 r-xp 00000000 103:02 16524125                  /usr/lib/x86_64-linux-gnu/libcublasLt.so.12.0.2.224
7f9a85463000-7f9a85663000 ---p 1d263000 103:02 16524125                  /usr/lib/x86_64-linux-gnu/libcublasLt.so.12.0.2.224
7f9a85663000-7f9a85893000 r--p 1d263000 103:02 16524125                  /usr/lib/x86_64-linux-gnu/libcublasLt.so.12.0.2.224
7f9a85893000-7f9a86827000 rw-p 1d493000 103:02 16524125                  /usr/lib/x86_64-linux-gnu/libcublasLt.so.12.0.2.224
7f9a86827000-7f9a8900f000 rw-p 00000000 00:00 0 
7f9a89400000-7f9a8fa67000 r-xp 00000000 103:02 16524127                  /usr/lib/x86_64-linux-gnu/libcublas.so.12.0.2.224
7f9a8fa67000-7f9a8fc67000 ---p 06667000 103:02 16524127                  /usr/lib/x86_64-linux-gnu/libcublas.so.12.0.2.224
7f9a8fc67000-7f9a8fc6e000 r--p 06667000 103:02 16524127                  /usr/lib/x86_64-linux-gnu/libcublas.so.12.0.2.224
7f9a8fc6e000-7f9a8fc75000 rw-p 0666e000 103:02 16524127                  /usr/lib/x86_64-linux-gnu/libcublas.so.12.0.2.224
7f9a8fc75000-7f9a8fc7d000 rw-p 00000000 00:00 0 
7f9a90000000-7f9a90021000 rw-p 00000000 00:00 0 
7f9a90021000-7f9a94000000 ---p 00000000 00:00 0 
7f9a98000000-7f9a98086000 rw-p 00000000 00:00 0 
7f9a98086000-7f9a9c000000 ---p 00000000 00:00 0 
7f9a9c000000-7f9a9c021000 rw-p 00000000 00:00 0 
7f9a9c021000-7f9aa0000000 ---p 00000000 00:00 0 
7f9aa4000000-7f9aa406a000 rw-p 00000000 00:00 0 
7f9aa406a000-7f9aa8000000 ---p 00000000 00:00 0 
7f9aa8000000-7f9aa8069000 rw-p 00000000 00:00 0 
7f9aa8069000-7f9aac000000 ---p 00000000 00:00 0 
7f9ab0000000-7f9ab0079000 rw-p 00000000 00:00 0 
7f9ab0079000-7f9ab4000000 ---p 00000000 00:00 0 
7f9ab4000000-7f9ab4021000 rw-p 00000000 00:00 0 
7f9ab4021000-7f9ab8000000 ---p 00000000 00:00 0 
7f9abc000000-7f9abc0dd000 rw-p 00000000 00:00 0 
7f9abc0dd000-7f9ac0000000 ---p 00000000 00:00 0 
7f9ac0000000-7f9ac00fa000 rw-p 00000000 00:00 0 
7f9ac00fa000-7f9ac4000000 ---p 00000000 00:00 0 
7f9ac8000000-7f9ac8021000 rw-p 00000000 00:00 0 
7f9ac8021000-7f9acc000000 ---p 00000000 00:00 0 
7f9acc000000-7f9acc021000 rw-p 00000000 00:00 0 
7f9acc021000-7f9ad0000000 ---p 00000000 00:00 0 
7f9ad4000000-7f9ad4021000 rw-p 00000000 00:00 0 
7f9ad4021000-7f9ad8000000 ---p 00000000 00:00 0 
7f9ad8000000-7f9ad8021000 rw-p 00000000 00:00 0 
7f9ad8021000-7f9adc000000 ---p 00000000 00:00 0 
7f9ae0000000-7f9ae0021000 rw-p 00000000 00:00 0 
7f9ae0021000-7f9ae4000000 ---p 00000000 00:00 0 
7f9ae4000000-7f9ae4021000 rw-p 00000000 00:00 0 
7f9ae4021000-7f9ae8000000 ---p 00000000 00:00 0 
7f9ae9800000-7f9ae98e4000 r-xp 00000000 103:02 18219052                  /tmp/libJCudaDriver-12.0.0-linux-x86_64.so
7f9ae98e4000-7f9ae9ae4000 ---p 000e4000 103:02 18219052                  /tmp/libJCudaDriver-12.0.0-linux-x86_64.so
7f9ae9ae4000-7f9ae9ae9000 r--p 000e4000 103:02 18219052                  /tmp/libJCudaDriver-12.0.0-linux-x86_64.so
7f9ae9ae9000-7f9ae9aeb000 rw-p 000e9000 103:02 18219052                  /tmp/libJCudaDriver-12.0.0-linux-x86_64.so
7f9ae9aeb000-7f9ae9aed000 rw-p 00000000 00:00 0 
7f9ae9e00000-7f9ae9ec7000 r-xp 00000000 103:02 18219051                  /tmp/libJCudaRuntime-12.0.0-linux-x86_64.so
7f9ae9ec7000-7f9aea0c7000 ---p 000c7000 103:02 18219051                  /tmp/libJCudaRuntime-12.0.0-linux-x86_64.so
7f9aea0c7000-7f9aea0cc000 r--p 000c7000 103:02 18219051                  /tmp/libJCudaRuntime-12.0.0-linux-x86_64.so
7f9aea0cc000-7f9aea0cd000 rw-p 000cc000 103:02 18219051                  /tmp/libJCudaRuntime-12.0.0-linux-x86_64.so
7f9aea0cd000-7f9aea0cf000 rw-p 00000000 00:00 0 
7f9aea400000-7f9aea401000 ---p 00000000 00:00 0 
7f9aea401000-7f9aeac01000 rw-p 00000000 00:00 0 
7f9aeae00000-7f9aeae01000 rw-s 00000000 00:05 1106                       /dev/nvidiactl
7f9aeae01000-7f9aeae02000 rw-s 00000000 00:05 1106                       /dev/nvidiactl
7f9aeae02000-7f9aeae03000 rw-s 00000000 00:05 1106                       /dev/nvidiactl
7f9aeae03000-7f9aeae04000 rw-s 00000000 00:05 1106                       /dev/nvidiactl
7f9aeae04000-7f9aeae05000 rw-s 00000000 00:05 1106                       /dev/nvidiactl
7f9aeae05000-7f9aeae06000 rw-s 00000000 00:05 1106                       /dev/nvidiactl
7f9aeae06000-7f9aeae07000 rw-s 00000000 00:05 1106                       /dev/nvidiactl
7f9aeae07000-7f9aeae08000 rw-s 00000000 00:05 1106                       /dev/nvidiactl
7f9aeae08000-7f9aeae09000 rw-s 00000000 00:05 1106                       /dev/nvidiactl
7f9aeae09000-7f9aeae0a000 rw-s 00000000 00:05 1106                       /dev/nvidiactl
7f9aeae0a000-7f9aeae0b000 rw-s 00000000 00:05 1106                       /dev/nvidiactl
7f9aeae0b000-7f9aeae0c000 rw-s 00000000 00:05 1106                       /dev/nvidiactl
7f9aeae0c000-7f9aeae0d000 rw-s 00000000 00:05 1106                       /dev/nvidiactl
7f9aeae0d000-7f9aeae0e000 rw-s 00000000 00:05 1106                       /dev/nvidiactl
7f9aeae0e000-7f9aeae0f000 rw-s 00000000 00:05 1106                       /dev/nvidiactl
7f9aeae0f000-7f9aeae10000 rw-s 00000000 00:05 1106                       /dev/nvidiactl
7f9aeae10000-7f9aebe21000 ---p 00000000 00:00 0 
7f9aec000000-7f9aec210000 rw-p 00000000 00:00 0 
7f9aec210000-7f9aec400000 ---p 00000000 00:00 0 
7f9aec400000-7f9aec500000 rw-p 00000000 00:00 0 
7f9aec500000-7f9af0000000 ---p 00000000 00:00 0 
7f9af0000000-7f9af0021000 rw-p 00000000 00:00 0 
7f9af0021000-7f9af4000000 ---p 00000000 00:00 0 
7f9af4200000-7f9af44dc000 rw-p 00000000 00:00 0 
7f9af4600000-7f9af4601000 ---p 00000000 00:00 0 
7f9af4601000-7f9af4e01000 rw-p 00000000 00:00 0 
7f9af5000000-7f9af6021000 ---p 00000000 00:00 0 
7f9af6200000-7f9af645a000 rw-p 00000000 00:00 0 
7f9af6600000-7f9af6601000 ---p 00000000 00:00 0 
7f9af6601000-7f9af6e01000 rw-p 00000000 00:00 0 
7f9af7000000-7f9af7cae000 rw-p 00001000 103:02 17172987                  /usr/lib/jvm/java-21-openjdk-amd64/lib/server/classes.jsa
7f9af7cae000-7f9af8000000 ---p 00000000 00:00 0 
7f9af8000000-7f9af8030000 rw-p 00000000 00:00 0 
7f9af8030000-7f9af8040000 ---p 00000000 00:00 0 
7f9af8040000-7f9af8070000 rw-p 00000000 00:00 0 
7f9af8070000-7f9b38000000 ---p 00000000 00:00 0 
7f9b38000000-7f9b38021000 rw-p 00000000 00:00 0 
7f9b38021000-7f9b3c000000 ---p 00000000 00:00 0 
7f9b3c000000-7f9b3c021000 rw-p 00000000 00:00 0 
7f9b3c021000-7f9b40000000 ---p 00000000 00:00 0 
7f9b40400000-7f9b4317c000 r-xp 00000000 103:02 16526206                  /usr/lib/x86_64-linux-gnu/libnvrtc.so.12.0.140
7f9b4317c000-7f9b4337c000 ---p 02d7c000 103:02 16526206                  /usr/lib/x86_64-linux-gnu/libnvrtc.so.12.0.140
7f9b4337c000-7f9b43a4f000 r--p 02d7c000 103:02 16526206                  /usr/lib/x86_64-linux-gnu/libnvrtc.so.12.0.140
7f9b43a4f000-7f9b43b1b000 rw-p 0344f000 103:02 16526206                  /usr/lib/x86_64-linux-gnu/libnvrtc.so.12.0.140
7f9b43b1b000-7f9b43c1c000 rw-p 00000000 00:00 0 
7f9b44000000-7f9b44021000 rw-p 00000000 00:00 0 
7f9b44021000-7f9b48000000 ---p 00000000 00:00 0 
7f9b48000000-7f9b48021000 rw-p 00000000 00:00 0 
7f9b48021000-7f9b4c000000 ---p 00000000 00:00 0 
7f9b4c084000-7f9b4c088000 r--p 00000000 103:02 16530777                  /usr/lib/x86_64-linux-gnu/libjpeg.so.8.2.2
7f9b4c088000-7f9b4c0d5000 r-xp 00004000 103:02 16530777                  /usr/lib/x86_64-linux-gnu/libjpeg.so.8.2.2
7f9b4c0d5000-7f9b4c105000 r--p 00051000 103:02 16530777                  /usr/lib/x86_64-linux-gnu/libjpeg.so.8.2.2
7f9b4c105000-7f9b4c106000 r--p 00081000 103:02 16530777                  /usr/lib/x86_64-linux-gnu/libjpeg.so.8.2.2
7f9b4c106000-7f9b4c107000 rw-p 00082000 103:02 16530777                  /usr/lib/x86_64-linux-gnu/libjpeg.so.8.2.2
7f9b4c107000-7f9b4c120000 r--p 00000000 103:02 16530316                  /usr/lib/x86_64-linux-gnu/libX11.so.6.4.0
7f9b4c120000-7f9b4c1b0000 r-xp 00019000 103:02 16530316                  /usr/lib/x86_64-linux-gnu/libX11.so.6.4.0
7f9b4c1b0000-7f9b4c23f000 r--p 000a9000 103:02 16530316                  /usr/lib/x86_64-linux-gnu/libX11.so.6.4.0
7f9b4c23f000-7f9b4c240000 r--p 00138000 103:02 16530316                  /usr/lib/x86_64-linux-gnu/libX11.so.6.4.0
7f9b4c240000-7f9b4c244000 rw-p 00139000 103:02 16530316                  /usr/lib/x86_64-linux-gnu/libX11.so.6.4.0
7f9b4c244000-7f9b4c256000 r--p 00000000 103:02 17173114                  /usr/lib/jvm/java-21-openjdk-amd64/lib/libawt_xawt.so
7f9b4c256000-7f9b4c29d000 r-xp 00012000 103:02 17173114                  /usr/lib/jvm/java-21-openjdk-amd64/lib/libawt_xawt.so
7f9b4c29d000-7f9b4c2b5000 r--p 00059000 103:02 17173114                  /usr/lib/jvm/java-21-openjdk-amd64/lib/libawt_xawt.so
7f9b4c2b5000-7f9b4c2ba000 r--p 00070000 103:02 17173114                  /usr/lib/jvm/java-21-openjdk-amd64/lib/libawt_xawt.so
7f9b4c2ba000-7f9b4c2bc000 rw-p 00075000 103:02 17173114                  /usr/lib/jvm/java-21-openjdk-amd64/lib/libawt_xawt.so
7f9b4c2bc000-7f9b4c400000 rw-p 00000000 00:00 0 
7f9b4c400000-7f9b4c4de000 r--p 00000000 103:02 16552573                  /usr/lib/x86_64-linux-gnu/libcuda.so.550.107.02
7f9b4c4de000-7f9b4c9b3000 r-xp 000de000 103:02 16552573                  /usr/lib/x86_64-linux-gnu/libcuda.so.550.107.02
7f9b4c9b3000-7f9b4de4e000 r--p 005b3000 103:02 16552573                  /usr/lib/x86_64-linux-gnu/libcuda.so.550.107.02
7f9b4de4e000-7f9b4de4f000 ---p 01a4e000 103:02 16552573                  /usr/lib/x86_64-linux-gnu/libcuda.so.550.107.02
7f9b4de4f000-7f9b4de67000 r--p 01a4e000 103:02 16552573                  /usr/lib/x86_64-linux-gnu/libcuda.so.550.107.02
7f9b4de67000-7f9b4df62000 rw-p 01a66000 103:02 16552573                  /usr/lib/x86_64-linux-gnu/libcuda.so.550.107.02
7f9b4df62000-7f9b4dfcb000 rw-p 00000000 00:00 0 
7f9b4dfd7000-7f9b4dfe2000 r--p 00000000 103:02 16531187                  /usr/lib/x86_64-linux-gnu/libxcb.so.1.1.0
7f9b4dfe2000-7f9b4dff5000 r-xp 0000b000 103:02 16531187                  /usr/lib/x86_64-linux-gnu/libxcb.so.1.1.0
7f9b4dff5000-7f9b4dffe000 r--p 0001e000 103:02 16531187                  /usr/lib/x86_64-linux-gnu/libxcb.so.1.1.0
7f9b4dffe000-7f9b4dfff000 r--p 00026000 103:02 16531187                  /usr/lib/x86_64-linux-gnu/libxcb.so.1.1.0
7f9b4dfff000-7f9b4e000000 rw-p 00027000 103:02 16531187                  /usr/lib/x86_64-linux-gnu/libxcb.so.1.1.0
7f9b4e000000-7f9b4e138000 r-xp 00000000 103:02 18219047                  /tmp/libJCublas2-12.0.0-linux-x86_64.so
7f9b4e138000-7f9b4e338000 ---p 00138000 103:02 18219047                  /tmp/libJCublas2-12.0.0-linux-x86_64.so
7f9b4e338000-7f9b4e33d000 r--p 00138000 103:02 18219047                  /tmp/libJCublas2-12.0.0-linux-x86_64.so
7f9b4e33d000-7f9b4e33f000 rw-p 0013d000 103:02 18219047                  /tmp/libJCublas2-12.0.0-linux-x86_64.so
7f9b4e33f000-7f9b4e341000 rw-p 00000000 00:00 0 
7f9b4e349000-7f9b4e367000 r--p 00000000 103:02 17172951                  /usr/lib/jvm/java-21-openjdk-amd64/lib/libawt.so
7f9b4e367000-7f9b4e3fe000 r-xp 0001e000 103:02 17172951                  /usr/lib/jvm/java-21-openjdk-amd64/lib/libawt.so
7f9b4e3fe000-7f9b4e40b000 r--p 000b5000 103:02 17172951                  /usr/lib/jvm/java-21-openjdk-amd64/lib/libawt.so
7f9b4e40b000-7f9b4e40c000 r--p 000c1000 103:02 17172951                  /usr/lib/jvm/java-21-openjdk-amd64/lib/libawt.so
7f9b4e40c000-7f9b4e417000 rw-p 000c2000 103:02 17172951                  /usr/lib/jvm/java-21-openjdk-amd64/lib/libawt.so
7f9b4e417000-7f9b4e43c000 rw-p 00000000 00:00 0 
7f9b4e43c000-7f9b4e63c000 rw-s 00000000 00:01 11392                      /dev/zero (deleted)
7f9b4e63c000-7f9b4e700000 rw-p 00000000 00:00 0 
7f9b4e700000-7f9b4e704000 ---p 00000000 00:00 0 
7f9b4e704000-7f9b4e800000 rw-p 00000000 00:00 0 
7f9b4e800000-7f9b4e804000 ---p 00000000 00:00 0 
7f9b4e804000-7f9b4e900000 rw-p 00000000 00:00 0 
7f9b4e900000-7f9b4e904000 ---p 00000000 00:00 0 
7f9b4e904000-7f9b4ea00000 rw-p 00000000 00:00 0 
7f9b4ea00000-7f9b4ea04000 ---p 00000000 00:00 0 
7f9b4ea04000-7f9b4eb00000 rw-p 00000000 00:00 0 
7f9b4eb00000-7f9b4eb04000 ---p 00000000 00:00 0 
7f9b4eb04000-7f9b4ec00000 rw-p 00000000 00:00 0 
7f9b4ec00000-7f9b4ec04000 ---p 00000000 00:00 0 
7f9b4ec04000-7f9b4ed00000 rw-p 00000000 00:00 0 
7f9b4ed00000-7f9b4ed04000 ---p 00000000 00:00 0 
7f9b4ed04000-7f9b4ee00000 rw-p 00000000 00:00 0 
7f9b4ee00000-7f9b4ee04000 ---p 00000000 00:00 0 
7f9b4ee04000-7f9b4ef00000 rw-p 00000000 00:00 0 
7f9b4ef00000-7f9b4ef04000 ---p 00000000 00:00 0 
7f9b4ef04000-7f9b4f000000 rw-p 00000000 00:00 0 
7f9b4f000000-7f9b4f004000 ---p 00000000 00:00 0 
7f9b4f004000-7f9b4f100000 rw-p 00000000 00:00 0 
7f9b4f100000-7f9b4f104000 ---p 00000000 00:00 0 
7f9b4f104000-7f9b4f200000 rw-p 00000000 00:00 0 
7f9b4f200000-7f9b4ffec000 r--p 00000000 103:02 16521112                  /usr/lib/locale/locale-archive
7f9b50000000-7f9b50021000 rw-p 00000000 00:00 0 
7f9b50021000-7f9b54000000 ---p 00000000 00:00 0 
7f9b54018000-7f9b5401a000 r--p 00000000 103:02 16530828                  /usr/lib/x86_64-linux-gnu/libmd.so.0.1.0
7f9b5401a000-7f9b54023000 r-xp 00002000 103:02 16530828                  /usr/lib/x86_64-linux-gnu/libmd.so.0.1.0
7f9b54023000-7f9b54025000 r--p 0000b000 103:02 16530828                  /usr/lib/x86_64-linux-gnu/libmd.so.0.1.0
7f9b54025000-7f9b54026000 r--p 0000c000 103:02 16530828                  /usr/lib/x86_64-linux-gnu/libmd.so.0.1.0
7f9b54026000-7f9b54027000 rw-p 0000d000 103:02 16530828                  /usr/lib/x86_64-linux-gnu/libmd.so.0.1.0
7f9b54027000-7f9b5402c000 r--p 00000000 103:02 17172968                  /usr/lib/jvm/java-21-openjdk-amd64/lib/libjsvml.so
7f9b5402c000-7f9b5406d000 r-xp 00005000 103:02 17172968                  /usr/lib/jvm/java-21-openjdk-amd64/lib/libjsvml.so
7f9b5406d000-7f9b540f6000 r--p 00046000 103:02 17172968                  /usr/lib/jvm/java-21-openjdk-amd64/lib/libjsvml.so
7f9b540f6000-7f9b540f7000 r--p 000ce000 103:02 17172968                  /usr/lib/jvm/java-21-openjdk-amd64/lib/libjsvml.so
7f9b540f7000-7f9b540f8000 rw-p 000cf000 103:02 17172968                  /usr/lib/jvm/java-21-openjdk-amd64/lib/libjsvml.so
7f9b540f8000-7f9b540fc000 ---p 00000000 00:00 0 
7f9b540fc000-7f9b541f8000 rw-p 00000000 00:00 0 
7f9b541f8000-7f9b541fc000 ---p 00000000 00:00 0 
7f9b541fc000-7f9b542f8000 rw-p 00000000 00:00 0 
7f9b542f8000-7f9b542fc000 ---p 00000000 00:00 0 
7f9b542fc000-7f9b543f8000 rw-p 00000000 00:00 0 
7f9b543f8000-7f9b543f9000 ---p 00000000 00:00 0 
7f9b543f9000-7f9b544f9000 rw-p 00000000 00:00 0 
7f9b544f9000-7f9b544fa000 ---p 00000000 00:00 0 
7f9b544fa000-7f9b545fa000 rw-p 00000000 00:00 0 
7f9b545fa000-7f9b545fb000 ---p 00000000 00:00 0 
7f9b545fb000-7f9b546fb000 rw-p 00000000 00:00 0 
7f9b546fb000-7f9b546fc000 ---p 00000000 00:00 0 
7f9b546fc000-7f9b547fc000 rw-p 00000000 00:00 0 
7f9b547fc000-7f9b573b0000 rw-p 00000000 00:00 0 
7f9b573b0000-7f9b5e650000 ---p 00000000 00:00 0 
7f9b5e650000-7f9b5e660000 rw-p 00000000 00:00 0 
7f9b5e668000-7f9b5e66c000 r--p 00000000 103:02 16530470                  /usr/lib/x86_64-linux-gnu/libbsd.so.0.12.1
7f9b5e66c000-7f9b5e678000 r-xp 00004000 103:02 16530470                  /usr/lib/x86_64-linux-gnu/libbsd.so.0.12.1
7f9b5e678000-7f9b5e67b000 r--p 00010000 103:02 16530470                  /usr/lib/x86_64-linux-gnu/libbsd.so.0.12.1
7f9b5e67b000-7f9b5e67c000 r--p 00012000 103:02 16530470                  /usr/lib/x86_64-linux-gnu/libbsd.so.0.12.1
7f9b5e67c000-7f9b5e67d000 rw-p 00013000 103:02 16530470                  /usr/lib/x86_64-linux-gnu/libbsd.so.0.12.1
7f9b5e67d000-7f9b5e8f6000 rw-p 00000000 00:00 0 
7f9b5e8f6000-7f9b5f74a000 ---p 00000000 00:00 0 
7f9b5f74a000-7f9b5f74c000 rw-p 00000000 00:00 0 
7f9b5f750000-7f9b5f752000 r--p 00000000 103:02 16530323                  /usr/lib/x86_64-linux-gnu/libXdmcp.so.6.0.0
7f9b5f752000-7f9b5f754000 r-xp 00002000 103:02 16530323                  /usr/lib/x86_64-linux-gnu/libXdmcp.so.6.0.0
7f9b5f754000-7f9b5f756000 r--p 00004000 103:02 16530323                  /usr/lib/x86_64-linux-gnu/libXdmcp.so.6.0.0
7f9b5f756000-7f9b5f757000 r--p 00005000 103:02 16530323                  /usr/lib/x86_64-linux-gnu/libXdmcp.so.6.0.0
7f9b5f757000-7f9b5f758000 rw-p 00006000 103:02 16530323                  /usr/lib/x86_64-linux-gnu/libXdmcp.so.6.0.0
7f9b5f758000-7f9b5f75b000 r--p 00000000 103:02 16530328                  /usr/lib/x86_64-linux-gnu/libXi.so.6.1.0
7f9b5f75b000-7f9b5f767000 r-xp 00003000 103:02 16530328                  /usr/lib/x86_64-linux-gnu/libXi.so.6.1.0
7f9b5f767000-7f9b5f769000 r--p 0000f000 103:02 16530328                  /usr/lib/x86_64-linux-gnu/libXi.so.6.1.0
7f9b5f769000-7f9b5f76a000 r--p 00011000 103:02 16530328                  /usr/lib/x86_64-linux-gnu/libXi.so.6.1.0
7f9b5f76a000-7f9b5f76b000 rw-p 00012000 103:02 16530328                  /usr/lib/x86_64-linux-gnu/libXi.so.6.1.0
7f9b5f76b000-7f9b5f76f000 r--p 00000000 103:02 16530324                  /usr/lib/x86_64-linux-gnu/libXext.so.6.4.0
7f9b5f76f000-7f9b5f77a000 r-xp 00004000 103:02 16530324                  /usr/lib/x86_64-linux-gnu/libXext.so.6.4.0
7f9b5f77a000-7f9b5f77d000 r--p 0000f000 103:02 16530324                  /usr/lib/x86_64-linux-gnu/libXext.so.6.4.0
7f9b5f77d000-7f9b5f77e000 r--p 00011000 103:02 16530324                  /usr/lib/x86_64-linux-gnu/libXext.so.6.4.0
7f9b5f77e000-7f9b5f77f000 rw-p 00012000 103:02 16530324                  /usr/lib/x86_64-linux-gnu/libXext.so.6.4.0
7f9b5f77f000-7f9b5f8f6000 rw-p 00000000 00:00 0 
7f9b5f8f6000-7f9b6074a000 ---p 00000000 00:00 0 
7f9b6074a000-7f9b6074c000 rw-p 00000000 00:00 0 
7f9b6074d000-7f9b6074e000 r--p 00000000 103:02 16530318                  /usr/lib/x86_64-linux-gnu/libXau.so.6.0.0
7f9b6074e000-7f9b60750000 r-xp 00001000 103:02 16530318                  /usr/lib/x86_64-linux-gnu/libXau.so.6.0.0
7f9b60750000-7f9b60751000 r--p 00003000 103:02 16530318                  /usr/lib/x86_64-linux-gnu/libXau.so.6.0.0
7f9b60751000-7f9b60752000 r--p 00003000 103:02 16530318                  /usr/lib/x86_64-linux-gnu/libXau.so.6.0.0
7f9b60752000-7f9b60753000 rw-p 00004000 103:02 16530318                  /usr/lib/x86_64-linux-gnu/libXau.so.6.0.0
7f9b60753000-7f9b60755000 r--p 00000000 103:02 16530334                  /usr/lib/x86_64-linux-gnu/libXrender.so.1.3.0
7f9b60755000-7f9b6075c000 r-xp 00002000 103:02 16530334                  /usr/lib/x86_64-linux-gnu/libXrender.so.1.3.0
7f9b6075c000-7f9b6075d000 r--p 00009000 103:02 16530334                  /usr/lib/x86_64-linux-gnu/libXrender.so.1.3.0
7f9b6075d000-7f9b6075e000 r--p 00009000 103:02 16530334                  /usr/lib/x86_64-linux-gnu/libXrender.so.1.3.0
7f9b6075e000-7f9b6075f000 rw-p 0000a000 103:02 16530334                  /usr/lib/x86_64-linux-gnu/libXrender.so.1.3.0
7f9b6075f000-7f9b60800000 rw-p 00000000 00:00 0 
7f9b60800000-7f9b60a70000 rwxp 00000000 00:00 0 
7f9b60a70000-7f9b67c5f000 ---p 00000000 00:00 0 
7f9b67c5f000-7f9b67f8f000 rwxp 00000000 00:00 0 
7f9b67f8f000-7f9b683a0000 ---p 00000000 00:00 0 
7f9b683a0000-7f9b68610000 rwxp 00000000 00:00 0 
7f9b68610000-7f9b6f800000 ---p 00000000 00:00 0 
7f9b6f800000-7f9b77e02000 r--s 00000000 103:02 17172984                  /usr/lib/jvm/java-21-openjdk-amd64/lib/modules
7f9b77e02000-7f9b77e04000 r--p 00000000 103:02 16530337                  /usr/lib/x86_64-linux-gnu/libXtst.so.6.1.0
7f9b77e04000-7f9b77e07000 r-xp 00002000 103:02 16530337                  /usr/lib/x86_64-linux-gnu/libXtst.so.6.1.0
7f9b77e07000-7f9b77e08000 r--p 00005000 103:02 16530337                  /usr/lib/x86_64-linux-gnu/libXtst.so.6.1.0
7f9b77e08000-7f9b77e09000 r--p 00005000 103:02 16530337                  /usr/lib/x86_64-linux-gnu/libXtst.so.6.1.0
7f9b77e09000-7f9b77e0a000 rw-p 00006000 103:02 16530337                  /usr/lib/x86_64-linux-gnu/libXtst.so.6.1.0
7f9b77e0a000-7f9b7abaf000 rw-p 00000000 00:00 0 
7f9b7abaf000-7f9b7c000000 ---p 00000000 00:00 0 
7f9b7c000000-7f9b7c762000 rw-p 00000000 00:00 0 
7f9b7c762000-7f9b7c763000 ---p 00000000 00:00 0 
7f9b7c763000-7f9b7c863000 rw-p 00000000 00:00 0 
7f9b7c863000-7f9b7c864000 ---p 00000000 00:00 0 
7f9b7c864000-7f9b7c964000 rw-p 00000000 00:00 0 
7f9b7c964000-7f9b7c965000 ---p 00000000 00:00 0 
7f9b7c965000-7f9b7ca65000 rw-p 00000000 00:00 0 
7f9b7ca65000-7f9b7d833000 rw-p 00000000 00:00 0 
7f9b7d833000-7f9b7d917000 ---p 00000000 00:00 0 
7f9b7d917000-7f9b7d91c000 rw-p 00000000 00:00 0 
7f9b7d91c000-7f9b7da00000 ---p 00000000 00:00 0 
7f9b7da00000-7f9b7da9d000 r--p 00000000 103:02 16543594                  /usr/lib/x86_64-linux-gnu/libstdc++.so.6.0.33
7f9b7da9d000-7f9b7dbe5000 r-xp 0009d000 103:02 16543594                  /usr/lib/x86_64-linux-gnu/libstdc++.so.6.0.33
7f9b7dbe5000-7f9b7dc6c000 r--p 001e5000 103:02 16543594                  /usr/lib/x86_64-linux-gnu/libstdc++.so.6.0.33
7f9b7dc6c000-7f9b7dc77000 r--p 0026b000 103:02 16543594                  /usr/lib/x86_64-linux-gnu/libstdc++.so.6.0.33
7f9b7dc77000-7f9b7dc7a000 rw-p 00276000 103:02 16543594                  /usr/lib/x86_64-linux-gnu/libstdc++.so.6.0.33
7f9b7dc7a000-7f9b7dc7e000 rw-p 00000000 00:00 0 
7f9b7dc83000-7f9b7dc8a000 r--s 00000000 103:02 16532226                  /usr/lib/x86_64-linux-gnu/gconv/gconv-modules.cache
7f9b7dc8a000-7f9b7dc8c000 r--p 00000000 103:02 17172962                  /usr/lib/jvm/java-21-openjdk-amd64/lib/libjavajpeg.so
7f9b7dc8c000-7f9b7dc93000 r-xp 00002000 103:02 17172962                  /usr/lib/jvm/java-21-openjdk-amd64/lib/libjavajpeg.so
7f9b7dc93000-7f9b7dc94000 r--p 00009000 103:02 17172962                  /usr/lib/jvm/java-21-openjdk-amd64/lib/libjavajpeg.so
7f9b7dc94000-7f9b7dc95000 r--p 0000a000 103:02 17172962                  /usr/lib/jvm/java-21-openjdk-amd64/lib/libjavajpeg.so
7f9b7dc95000-7f9b7dc96000 rw-p 0000b000 103:02 17172962                  /usr/lib/jvm/java-21-openjdk-amd64/lib/libjavajpeg.so
7f9b7dc96000-7f9b7dc97000 r--p 00000000 103:02 16530540                  /usr/lib/x86_64-linux-gnu/libdl.so.2
7f9b7dc97000-7f9b7dc98000 r-xp 00001000 103:02 16530540                  /usr/lib/x86_64-linux-gnu/libdl.so.2
7f9b7dc98000-7f9b7dc99000 r--p 00002000 103:02 16530540                  /usr/lib/x86_64-linux-gnu/libdl.so.2
7f9b7dc99000-7f9b7dc9a000 r--p 00002000 103:02 16530540                  /usr/lib/x86_64-linux-gnu/libdl.so.2
7f9b7dc9a000-7f9b7dc9b000 rw-p 00003000 103:02 16530540                  /usr/lib/x86_64-linux-gnu/libdl.so.2
7f9b7dc9b000-7f9b7dc9c000 r--p 00000000 103:02 16531006                  /usr/lib/x86_64-linux-gnu/librt.so.1
7f9b7dc9c000-7f9b7dc9d000 r-xp 00001000 103:02 16531006                  /usr/lib/x86_64-linux-gnu/librt.so.1
7f9b7dc9d000-7f9b7dc9e000 r--p 00002000 103:02 16531006                  /usr/lib/x86_64-linux-gnu/librt.so.1
7f9b7dc9e000-7f9b7dc9f000 r--p 00002000 103:02 16531006                  /usr/lib/x86_64-linux-gnu/librt.so.1
7f9b7dc9f000-7f9b7dca0000 rw-p 00003000 103:02 16531006                  /usr/lib/x86_64-linux-gnu/librt.so.1
7f9b7dca4000-7f9b7dcb4000 -w-s 00000000 00:05 1107                       /dev/nvidia0
7f9b7dcb4000-7f9b7dcb6000 r--p 00000000 103:02 17172983                  /usr/lib/jvm/java-21-openjdk-amd64/lib/libzip.so
7f9b7dcb6000-7f9b7dcbb000 r-xp 00002000 103:02 17172983                  /usr/lib/jvm/java-21-openjdk-amd64/lib/libzip.so
7f9b7dcbb000-7f9b7dcbd000 r--p 00007000 103:02 17172983                  /usr/lib/jvm/java-21-openjdk-amd64/lib/libzip.so
7f9b7dcbd000-7f9b7dcbe000 r--p 00008000 103:02 17172983                  /usr/lib/jvm/java-21-openjdk-amd64/lib/libzip.so
7f9b7dcbe000-7f9b7dcbf000 rw-p 00009000 103:02 17172983                  /usr/lib/jvm/java-21-openjdk-amd64/lib/libzip.so
7f9b7dcbf000-7f9b7dd00000 rw-p 00000000 00:00 0 
7f9b7dd00000-7f9b7dd04000 ---p 00000000 00:00 0 
7f9b7dd04000-7f9b7de00000 rw-p 00000000 00:00 0 
7f9b7de00000-7f9b7e096000 r--p 00000000 103:02 17172990                  /usr/lib/jvm/java-21-openjdk-amd64/lib/server/libjvm.so
7f9b7e096000-7f9b7eefe000 r-xp 00296000 103:02 17172990                  /usr/lib/jvm/java-21-openjdk-amd64/lib/server/libjvm.so
7f9b7eefe000-7f9b7f1d1000 r--p 010fe000 103:02 17172990                  /usr/lib/jvm/java-21-openjdk-amd64/lib/server/libjvm.so
7f9b7f1d1000-7f9b7f2a1000 r--p 013d0000 103:02 17172990                  /usr/lib/jvm/java-21-openjdk-amd64/lib/server/libjvm.so
7f9b7f2a1000-7f9b7f2d1000 rw-p 014a0000 103:02 17172990                  /usr/lib/jvm/java-21-openjdk-amd64/lib/server/libjvm.so
7f9b7f2d1000-7f9b7f337000 rw-p 00000000 00:00 0 
7f9b7f33b000-7f9b7f33e000 r--p 00000000 103:02 17172975                  /usr/lib/jvm/java-21-openjdk-amd64/lib/libnet.so
7f9b7f33e000-7f9b7f346000 r-xp 00003000 103:02 17172975                  /usr/lib/jvm/java-21-openjdk-amd64/lib/libnet.so
7f9b7f346000-7f9b7f348000 r--p 0000b000 103:02 17172975                  /usr/lib/jvm/java-21-openjdk-amd64/lib/libnet.so
7f9b7f348000-7f9b7f349000 r--p 0000c000 103:02 17172975                  /usr/lib/jvm/java-21-openjdk-amd64/lib/libnet.so
7f9b7f349000-7f9b7f34a000 rw-p 0000d000 103:02 17172975                  /usr/lib/jvm/java-21-openjdk-amd64/lib/libnet.so
7f9b7f34a000-7f9b7f351000 r--p 00000000 103:02 17172976                  /usr/lib/jvm/java-21-openjdk-amd64/lib/libnio.so
7f9b7f351000-7f9b7f35a000 r-xp 00007000 103:02 17172976                  /usr/lib/jvm/java-21-openjdk-amd64/lib/libnio.so
7f9b7f35a000-7f9b7f35e000 r--p 00010000 103:02 17172976                  /usr/lib/jvm/java-21-openjdk-amd64/lib/libnio.so
7f9b7f35e000-7f9b7f35f000 r--p 00014000 103:02 17172976                  /usr/lib/jvm/java-21-openjdk-amd64/lib/libnio.so
7f9b7f35f000-7f9b7f360000 rw-p 00015000 103:02 17172976                  /usr/lib/jvm/java-21-openjdk-amd64/lib/libnio.so
7f9b7f360000-7f9b7f3dc000 rw-p 00000000 00:00 0 
7f9b7f3dc000-7f9b7f3e9000 r--p 00000000 103:02 17172961                  /usr/lib/jvm/java-21-openjdk-amd64/lib/libjava.so
7f9b7f3e9000-7f9b7f3f8000 r-xp 0000d000 103:02 17172961                  /usr/lib/jvm/java-21-openjdk-amd64/lib/libjava.so
7f9b7f3f8000-7f9b7f3fd000 r--p 0001c000 103:02 17172961                  /usr/lib/jvm/java-21-openjdk-amd64/lib/libjava.so
7f9b7f3fd000-7f9b7f3fe000 r--p 00021000 103:02 17172961                  /usr/lib/jvm/java-21-openjdk-amd64/lib/libjava.so
7f9b7f3fe000-7f9b7f3ff000 rw-p 00022000 103:02 17172961                  /usr/lib/jvm/java-21-openjdk-amd64/lib/libjava.so
7f9b7f3ff000-7f9b7f400000 rw-p 00000000 00:00 0 
7f9b7f400000-7f9b7f428000 r--p 00000000 103:02 16530474                  /usr/lib/x86_64-linux-gnu/libc.so.6
7f9b7f428000-7f9b7f5b0000 r-xp 00028000 103:02 16530474                  /usr/lib/x86_64-linux-gnu/libc.so.6
7f9b7f5b0000-7f9b7f5ff000 r--p 001b0000 103:02 16530474                  /usr/lib/x86_64-linux-gnu/libc.so.6
7f9b7f5ff000-7f9b7f603000 r--p 001fe000 103:02 16530474                  /usr/lib/x86_64-linux-gnu/libc.so.6
7f9b7f603000-7f9b7f605000 rw-p 00202000 103:02 16530474                  /usr/lib/x86_64-linux-gnu/libc.so.6
7f9b7f605000-7f9b7f612000 rw-p 00000000 00:00 0 
7f9b7f612000-7f9b7f613000 r--p 00000000 103:02 16530978                  /usr/lib/x86_64-linux-gnu/libpthread.so.0
7f9b7f613000-7f9b7f614000 r-xp 00001000 103:02 16530978                  /usr/lib/x86_64-linux-gnu/libpthread.so.0
7f9b7f614000-7f9b7f615000 r--p 00002000 103:02 16530978                  /usr/lib/x86_64-linux-gnu/libpthread.so.0
7f9b7f615000-7f9b7f616000 r--p 00002000 103:02 16530978                  /usr/lib/x86_64-linux-gnu/libpthread.so.0
7f9b7f616000-7f9b7f617000 rw-p 00003000 103:02 16530978                  /usr/lib/x86_64-linux-gnu/libpthread.so.0
7f9b7f617000-7f9b7f61e000 rw-p 00000000 00:00 0 
7f9b7f61e000-7f9b7f626000 ---p 00000000 00:00 0 
7f9b7f626000-7f9b7f62a000 r--p 00000000 103:02 16528598                  /usr/lib/x86_64-linux-gnu/libgcc_s.so.1
7f9b7f62a000-7f9b7f64e000 r-xp 00004000 103:02 16528598                  /usr/lib/x86_64-linux-gnu/libgcc_s.so.1
7f9b7f64e000-7f9b7f652000 r--p 00028000 103:02 16528598                  /usr/lib/x86_64-linux-gnu/libgcc_s.so.1
7f9b7f652000-7f9b7f653000 r--p 0002b000 103:02 16528598                  /usr/lib/x86_64-linux-gnu/libgcc_s.so.1
7f9b7f653000-7f9b7f654000 rw-p 0002c000 103:02 16528598                  /usr/lib/x86_64-linux-gnu/libgcc_s.so.1
7f9b7f654000-7f9b7f664000 r--p 00000000 103:02 16530817                  /usr/lib/x86_64-linux-gnu/libm.so.6
7f9b7f664000-7f9b7f6e3000 r-xp 00010000 103:02 16530817                  /usr/lib/x86_64-linux-gnu/libm.so.6
7f9b7f6e3000-7f9b7f73b000 r--p 0008f000 103:02 16530817                  /usr/lib/x86_64-linux-gnu/libm.so.6
7f9b7f73b000-7f9b7f73c000 r--p 000e7000 103:02 16530817                  /usr/lib/x86_64-linux-gnu/libm.so.6
7f9b7f73c000-7f9b7f73d000 rw-p 000e8000 103:02 16530817                  /usr/lib/x86_64-linux-gnu/libm.so.6
7f9b7f73d000-7f9b7f73f000 rw-p 00000000 00:00 0 
7f9b7f73f000-7f9b7f741000 r--p 00000000 103:02 17172965                  /usr/lib/jvm/java-21-openjdk-amd64/lib/libjli.so
7f9b7f741000-7f9b7f74b000 r-xp 00002000 103:02 17172965                  /usr/lib/jvm/java-21-openjdk-amd64/lib/libjli.so
7f9b7f74b000-7f9b7f74e000 r--p 0000c000 103:02 17172965                  /usr/lib/jvm/java-21-openjdk-amd64/lib/libjli.so
7f9b7f74e000-7f9b7f74f000 r--p 0000f000 103:02 17172965                  /usr/lib/jvm/java-21-openjdk-amd64/lib/libjli.so
7f9b7f74f000-7f9b7f750000 rw-p 00010000 103:02 17172965                  /usr/lib/jvm/java-21-openjdk-amd64/lib/libjli.so
7f9b7f750000-7f9b7f752000 r--p 00000000 103:02 16531205                  /usr/lib/x86_64-linux-gnu/libz.so.1.3
7f9b7f752000-7f9b7f764000 r-xp 00002000 103:02 16531205                  /usr/lib/x86_64-linux-gnu/libz.so.1.3
7f9b7f764000-7f9b7f76a000 r--p 00014000 103:02 16531205                  /usr/lib/x86_64-linux-gnu/libz.so.1.3
7f9b7f76a000-7f9b7f76b000 r--p 0001a000 103:02 16531205                  /usr/lib/x86_64-linux-gnu/libz.so.1.3
7f9b7f76b000-7f9b7f76c000 rw-p 0001b000 103:02 16531205                  /usr/lib/x86_64-linux-gnu/libz.so.1.3
7f9b7f76d000-7f9b7f775000 rw-s 00000000 103:02 18219193                  /tmp/hsperfdata_dov/42023
7f9b7f775000-7f9b7f776000 ---p 00000000 00:00 0 
7f9b7f776000-7f9b7f777000 r--p 00000000 00:00 0 
7f9b7f777000-7f9b7f778000 ---p 00000000 00:00 0 
7f9b7f778000-7f9b7f77a000 r--p 00000000 103:02 17172964                  /usr/lib/jvm/java-21-openjdk-amd64/lib/libjimage.so
7f9b7f77a000-7f9b7f77d000 r-xp 00002000 103:02 17172964                  /usr/lib/jvm/java-21-openjdk-amd64/lib/libjimage.so
7f9b7f77d000-7f9b7f77e000 r--p 00005000 103:02 17172964                  /usr/lib/jvm/java-21-openjdk-amd64/lib/libjimage.so
7f9b7f77e000-7f9b7f77f000 r--p 00006000 103:02 17172964                  /usr/lib/jvm/java-21-openjdk-amd64/lib/libjimage.so
7f9b7f77f000-7f9b7f780000 rw-p 00007000 103:02 17172964                  /usr/lib/jvm/java-21-openjdk-amd64/lib/libjimage.so
7f9b7f780000-7f9b7f782000 rw-p 00000000 00:00 0 
7f9b7f782000-7f9b7f783000 r--p 00000000 103:02 16530286                  /usr/lib/x86_64-linux-gnu/ld-linux-x86-64.so.2
7f9b7f783000-7f9b7f7ae000 r-xp 00001000 103:02 16530286                  /usr/lib/x86_64-linux-gnu/ld-linux-x86-64.so.2
7f9b7f7ae000-7f9b7f7b8000 r--p 0002c000 103:02 16530286                  /usr/lib/x86_64-linux-gnu/ld-linux-x86-64.so.2
7f9b7f7b8000-7f9b7f7ba000 r--p 00036000 103:02 16530286                  /usr/lib/x86_64-linux-gnu/ld-linux-x86-64.so.2
7f9b7f7ba000-7f9b7f7bc000 rw-p 00038000 103:02 16530286                  /usr/lib/x86_64-linux-gnu/ld-linux-x86-64.so.2
7ffed7ab8000-7ffed7ad9000 rw-p 00000000 00:00 0                          [stack]
7ffed7bde000-7ffed7be2000 r--p 00000000 00:00 0                          [vvar]
7ffed7be2000-7ffed7be4000 r-xp 00000000 00:00 0                          [vdso]
ffffffffff600000-ffffffffff601000 --xp 00000000 00:00 0                  [vsyscall]
Total number of mappings: 404


VM Arguments:
jvm_args: -Dfile.encoding=UTF-8 --module-path=/home/dov/projects/NeighborhoodPIG/build/classes 
java_command: main.NeighborhoodPIG
java_class_path (initial): /home/dov/projects/Libraries/commons-math3/commons-math3-3.6.1-javadoc.jar:/home/dov/projects/Libraries/commons-math3/commons-math3-3.6.1-sources.jar:/home/dov/projects/Libraries/commons-math3/commons-math3-3.6.1-test-sources.jar:/home/dov/projects/Libraries/commons-math3/commons-math3-3.6.1-tests.jar:/home/dov/projects/Libraries/commons-math3/commons-math3-3.6.1-tools.jar:/home/dov/projects/Libraries/commons-math3/commons-math3-3.6.1.jar:/home/dov/projects/JCudaWrapper/jcuda12/jcublas-12.0.0.jar:/home/dov/projects/JCudaWrapper/jcuda12/jcublas-natives-12.0.0-linux-x86_64.jar:/home/dov/projects/JCudaWrapper/jcuda12/jcuda-12.0.0.jar:/home/dov/projects/JCudaWrapper/jcuda12/jcuda-natives-12.0.0-linux-x86_64.jar:/home/dov/projects/JCudaWrapper/jcuda12/jcudnn-12.0.0.jar:/home/dov/projects/JCudaWrapper/jcuda12/jcudnn-natives-12.0.0-linux-x86_64.jar:/home/dov/projects/JCudaWrapper/jcuda12/jcufft-12.0.0.jar:/home/dov/projects/JCudaWrapper/jcuda12/jcufft-natives-12.0.0-linux-x86_64.jar:/home/dov/projects/JCudaWrapper/jcuda12/jcurand-12.0.0.jar:/home/dov/projects/JCudaWrapper/jcuda12/jcurand-natives-12.0.0-linux-x86_64.jar:/home/dov/projects/JCudaWrapper/jcuda12/jcusolver-12.0.0.jar:/home/dov/projects/JCudaWrapper/jcuda12/jcusolver-natives-12.0.0-linux-x86_64.jar:/home/dov/projects/JCudaWrapper/jcuda12/jcusparse-12.0.0.jar:/home/dov/projects/JCudaWrapper/jcuda12/jcusparse-natives-12.0.0-linux-x86_64.jar:/home/dov/projects/NeighborhoodPIG/build/classes
Launcher Type: SUN_STANDARD

[Global flags]
     intx CICompilerCount                          = 12                                        {product} {ergonomic}
     uint ConcGCThreads                            = 3                                         {product} {ergonomic}
     uint G1ConcRefinementThreads                  = 13                                        {product} {ergonomic}
   size_t G1HeapRegionSize                         = 4194304                                   {product} {ergonomic}
    uintx GCDrainStackTargetSize                   = 64                                        {product} {ergonomic}
   size_t InitialHeapSize                          = 515899392                                 {product} {ergonomic}
   size_t MarkStackSize                            = 4194304                                   {product} {ergonomic}
   size_t MaxHeapSize                              = 8212447232                                {product} {ergonomic}
   size_t MaxNewSize                               = 4924112896                                {product} {ergonomic}
   size_t MinHeapDeltaBytes                        = 4194304                                   {product} {ergonomic}
   size_t MinHeapSize                              = 8388608                                   {product} {ergonomic}
    uintx NonNMethodCodeHeapSize                   = 7602480                                {pd product} {ergonomic}
    uintx NonProfiledCodeHeapSize                  = 122027880                              {pd product} {ergonomic}
    uintx ProfiledCodeHeapSize                     = 122027880                              {pd product} {ergonomic}
    uintx ReservedCodeCacheSize                    = 251658240                              {pd product} {ergonomic}
     bool SegmentedCodeCache                       = true                                      {product} {ergonomic}
   size_t SoftMaxHeapSize                          = 8212447232                             {manageable} {ergonomic}
     bool UseCompressedOops                        = true                           {product lp64_product} {ergonomic}
     bool UseG1GC                                  = true                                      {product} {ergonomic}

Logging:
Log output configuration:
 #0: stdout all=warning uptime,level,tags foldmultilines=false
 #1: stderr all=off uptime,level,tags foldmultilines=false

Environment Variables:
PATH=/usr/local/sbin:/usr/local/bin:/usr/sbin:/usr/bin:/sbin:/bin:/usr/games:/usr/local/games:/snap/bin:/snap/bin
USERNAME=dov
SHELL=/bin/bash
DISPLAY=:1
LANG=en_US.UTF-8

Active Locale:
LC_ALL=en_US.UTF-8
LC_COLLATE=en_US.UTF-8
LC_CTYPE=en_US.UTF-8
LC_MESSAGES=en_US.UTF-8
LC_MONETARY=en_US.UTF-8
LC_NUMERIC=en_US.UTF-8
LC_TIME=en_US.UTF-8

Signal Handlers:
   SIGSEGV: crash_handler in libjvm.so, mask=11100100010111111101111111111110, flags=SA_RESTART|SA_SIGINFO, unblocked
    SIGBUS: crash_handler in libjvm.so, mask=11100100010111111101111111111110, flags=SA_RESTART|SA_SIGINFO, unblocked
    SIGFPE: crash_handler in libjvm.so, mask=11100100010111111101111111111110, flags=SA_RESTART|SA_SIGINFO, unblocked
   SIGPIPE: javaSignalHandler in libjvm.so, mask=11100100010111111101111111111110, flags=SA_RESTART|SA_SIGINFO, blocked
   SIGXFSZ: javaSignalHandler in libjvm.so, mask=11100100010111111101111111111110, flags=SA_RESTART|SA_SIGINFO, blocked
    SIGILL: crash_handler in libjvm.so, mask=11100100010111111101111111111110, flags=SA_RESTART|SA_SIGINFO, unblocked
   SIGUSR2: SR_handler in libjvm.so, mask=00000000000000000000000000000000, flags=SA_RESTART|SA_SIGINFO, blocked
    SIGHUP: UserHandler in libjvm.so, mask=11100100010111111101111111111110, flags=SA_RESTART|SA_SIGINFO, blocked
    SIGINT: SIG_IGN, mask=00000000000000000000000000000000, flags=none, blocked
   SIGTERM: UserHandler in libjvm.so, mask=11100100010111111101111111111110, flags=SA_RESTART|SA_SIGINFO, blocked
   SIGQUIT: UserHandler in libjvm.so, mask=11100100010111111101111111111110, flags=SA_RESTART|SA_SIGINFO, blocked
   SIGTRAP: crash_handler in libjvm.so, mask=11100100010111111101111111111110, flags=SA_RESTART|SA_SIGINFO, unblocked


Periodic native trim disabled

---------------  S Y S T E M  ---------------

OS:
DISTRIB_ID=Ubuntu
DISTRIB_RELEASE=24.04
DISTRIB_CODENAME=noble
DISTRIB_DESCRIPTION="Ubuntu 24.04.1 LTS"
uname: Linux 6.8.0-47-generic #47-Ubuntu SMP PREEMPT_DYNAMIC Fri Sep 27 21:40:26 UTC 2024 x86_64
OS uptime: 1 days 3:02 hours
libc: glibc 2.39 NPTL 2.39 
rlimit (soft/hard): STACK 8192k/infinity , CORE 0k/infinity , NPROC 125013/125013 , NOFILE 1048576/1048576 , AS infinity/infinity , CPU infinity/infinity , DATA infinity/infinity , FSIZE infinity/infinity , MEMLOCK 4009332k/4009332k
load average: 0.33 0.34 0.28

/proc/meminfo:
MemTotal:       32074676 kB
MemFree:        21583844 kB
MemAvailable:   24564012 kB
Buffers:          496480 kB
Cached:          2868920 kB
SwapCached:            0 kB
Active:          6412384 kB
Inactive:        2038468 kB
Active(anon):    5180764 kB
Inactive(anon):        0 kB
Active(file):    1231620 kB
Inactive(file):  2038468 kB
Unevictable:          32 kB
Mlocked:              32 kB
SwapTotal:       8388604 kB
SwapFree:        8388604 kB
Zswap:                 0 kB
Zswapped:              0 kB
Dirty:               572 kB
Writeback:             0 kB
AnonPages:       5085744 kB
Mapped:           978148 kB
Shmem:             95312 kB
KReclaimable:     150092 kB
Slab:             443656 kB
SReclaimable:     150092 kB
SUnreclaim:       293564 kB
KernelStack:       21136 kB
PageTables:        53920 kB
SecPageTables:         0 kB
NFS_Unstable:          0 kB
Bounce:                0 kB
WritebackTmp:          0 kB
CommitLimit:    24425940 kB
Committed_AS:   21900652 kB
VmallocTotal:   34359738367 kB
VmallocUsed:      164088 kB
VmallocChunk:          0 kB
Percpu:            23936 kB
HardwareCorrupted:     0 kB
AnonHugePages:         0 kB
ShmemHugePages:        0 kB
ShmemPmdMapped:        0 kB
FileHugePages:         0 kB
FilePmdMapped:         0 kB
Unaccepted:            0 kB
HugePages_Total:       0
HugePages_Free:        0
HugePages_Rsvd:        0
HugePages_Surp:        0
Hugepagesize:       2048 kB
Hugetlb:               0 kB
DirectMap4k:     1724904 kB
DirectMap2M:    14256128 kB
DirectMap1G:    17825792 kB

/sys/kernel/mm/transparent_hugepage/enabled: always [madvise] never
/sys/kernel/mm/transparent_hugepage/hpage_pmd_size: 2097152
/sys/kernel/mm/transparent_hugepage/defrag (defrag/compaction efforts parameter): always defer defer+madvise [madvise] never

Process Memory:
Virtual Size: 17026236K (peak: 17046268K)
Resident Set Size: 273724K (peak: 273724K) (anon: 110332K, file: 155200K, shmem: 8192K)
Swapped out: 0K
C-Heap outstanding allocations: 85909K, retained: 3030K
glibc malloc tunables: (default)

/proc/sys/kernel/threads-max (system-wide limit on the number of threads): 250026
/proc/sys/vm/max_map_count (maximum number of memory map areas a process may have): 1048576
/proc/sys/vm/swappiness (control to define how aggressively the kernel swaps out anonymous memory): 60
/proc/sys/kernel/pid_max (system-wide limit on number of process identifiers): 4194304

container (cgroup) information:
container_type: cgroupv2
cpu_cpuset_cpus: not supported
cpu_memory_nodes: not supported
active_processor_count: 16
cpu_quota: not supported
cpu_period: not supported
cpu_shares: not supported
memory_limit_in_bytes: unlimited
memory_and_swap_limit_in_bytes: unlimited
memory_soft_limit_in_bytes: unlimited
memory_usage_in_bytes: 2732108 k
memory_max_usage_in_bytes: not supported
memory_swap_current_in_bytes: unlimited
memory_swap_max_limit_in_bytes: unlimited
maximum number of tasks: 37503
current number of tasks: 139

Steal ticks since vm start: 0
Steal ticks percentage since vm start:  0.000

CPU: total 16 (initial active 16) (16 cores per cpu, 2 threads per core) family 25 model 68 stepping 1 microcode 0xa404101, cx8, cmov, fxsr, ht, mmx, 3dnowpref, sse, sse2, sse3, ssse3, sse4a, sse4.1, sse4.2, popcnt, lzcnt, tsc, tscinvbit, avx, avx2, aes, clmul, bmi1, bmi2, adx, sha, fma, vzeroupper, clflush, clflushopt, rdtscp, rdpid, f16c, pku, ospke, cet_ss
CPU Model and flags from /proc/cpuinfo:
model name	: AMD Ryzen 9 6900HS with Radeon Graphics
flags		: fpu vme de pse tsc msr pae mce cx8 apic sep mtrr pge mca cmov pat pse36 clflush mmx fxsr sse sse2 ht syscall nx mmxext fxsr_opt pdpe1gb rdtscp lm constant_tsc rep_good nopl nonstop_tsc cpuid extd_apicid aperfmperf rapl pni pclmulqdq monitor ssse3 fma cx16 sse4_1 sse4_2 x2apic movbe popcnt aes xsave avx f16c rdrand lahf_lm cmp_legacy svm extapic cr8_legacy abm sse4a misalignsse 3dnowprefetch osvw ibs skinit wdt tce topoext perfctr_core perfctr_nb bpext perfctr_llc mwaitx cpb cat_l3 cdp_l3 hw_pstate ssbd mba ibrs ibpb stibp vmmcall fsgsbase bmi1 avx2 smep bmi2 invpcid cqm rdt_a rdseed adx smap clflushopt clwb sha_ni xsaveopt xsavec xgetbv1 xsaves cqm_llc cqm_occup_llc cqm_mbm_total cqm_mbm_local user_shstk clzero irperf xsaveerptr rdpru wbnoinvd cppc arat npt lbrv svm_lock nrip_save tsc_scale vmcb_clean flushbyasid decodeassists pausefilter pfthreshold avic v_vmsave_vmload vgif v_spec_ctrl umip pku ospke vaes vpclmulqdq rdpid overflow_recov succor smca debug_swap

Online cpus: 0-15
Offline cpus: 
BIOS frequency limitation: <Not Available>
Frequency switch latency (ns): 0
Available cpu frequencies: <Not Available>
Current governor: powersave
Core performance/turbo boost: <Not Available>

Memory: 4k page, physical 32074676k(24564020k free), swap 8388604k(8388604k free)
Page Sizes: 4k

vm_info: OpenJDK 64-Bit Server VM (21.0.4+7-Ubuntu-1ubuntu224.04) for linux-amd64 JRE (21.0.4+7-Ubuntu-1ubuntu224.04), built on 2024-07-23T01:34:52Z by "buildd" with gcc 13.2.0

END.
