#
# A fatal error has been detected by the Java Runtime Environment:
#
#  SIGSEGV (0xb) at pc=0x000075534dc4b06e, pid=6396, tid=6401
#
# JRE version: OpenJDK Runtime Environment (21.0.4+7) (build 21.0.4+7-Ubuntu-1ubuntu224.04)
# Java VM: OpenJDK 64-Bit Server VM (21.0.4+7-Ubuntu-1ubuntu224.04, mixed mode, sharing, tiered, compressed oops, compressed class ptrs, g1 gc, linux-amd64)
# Problematic frame:
# C  [libcuda.so.1+0x24b06e]
#
# Core dump will be written. Default location: Core dumps may be processed with "/usr/share/apport/apport -p%p -s%s -c%c -d%d -P%P -u%u -g%g -- %E" (or dumping to /home/dov/projects/NeighborhoodPIG/core.6396)
#
# If you would like to submit a bug report, please visit:
#   https://bugs.launchpad.net/ubuntu/+source/openjdk-21
# The crash happened outside the Java Virtual Machine in native code.
# See problematic frame for where to report the bug.
#

---------------  S U M M A R Y ------------

Command Line: -Dfile.encoding=UTF-8 --module-path=/home/dov/projects/NeighborhoodPIG/build/classes main.NeighborhoodPIG

Host: AMD Ryzen 9 6900HS with Radeon Graphics, 16 cores, 30G, Ubuntu 24.04.1 LTS
Time: Sun Nov  3 08:34:06 2024 IST elapsed time: 0.334205 seconds (0d 0h 0m 0s)

---------------  T H R E A D  ---------------

Current thread (0x000075537801a060):  JavaThread "main"             [_thread_in_native, id=6401, stack(0x000075537f100000,0x000075537f200000) (1024K)]

Stack: [0x000075537f100000,0x000075537f200000],  sp=0x000075537f1fe330,  free space=1016k
Native frames: (J=compiled Java code, j=interpreted, Vv=VM code, C=native code)
C  [libcuda.so.1+0x24b06e]
C  [libcuda.so.1+0x24b5f8]
C  [libcuda.so.1+0x2f19c3]
j  jcuda.driver.JCudaDriver.cuStreamSynchronizeNative(Ljcuda/driver/CUstream;)I+0
j  jcuda.driver.JCudaDriver.cuStreamSynchronize(Ljcuda/driver/CUstream;)I+1
j  JCudaWrapper.resourceManagement.Handle.get()Ljcuda/jcublas/cublasHandle;+11
j  JCudaWrapper.array.DStrideArray.multMatMatStridedBatched(LJCudaWrapper/resourceManagement/Handle;ZZIIIDLJCudaWrapper/array/DStrideArray;ILJCudaWrapper/array/DStrideArray;IDI)V+70
j  JCudaWrapper.algebra.Vector.addBatchVecVecMult(DLJCudaWrapper/algebra/VectorsStride;LJCudaWrapper/algebra/VectorsStride;D)V+53
j  JCudaWrapper.algebra.VectorsStride.norms(LJCudaWrapper/array/DArray;)LJCudaWrapper/algebra/Vector;+19
j  JCudaWrapper.algebra.VectorsStride.setVectorMagnitudes(DLJCudaWrapper/array/DArray;)LJCudaWrapper/algebra/VectorsStride;+13
j  main.StructureTensorMatrix.getRGB()[[[D+33
j  main.NeighborhoodPIG.orientationColored(Ljava/lang/String;)V+4
j  main.NeighborhoodPIG.main([Ljava/lang/String;)V+14
v  ~StubRoutines::call_stub 0x0000755367c5fcc6
V  [libjvm.so+0x90841a]  JavaCalls::call_helper(JavaValue*, methodHandle const&, JavaCallArguments*, JavaThread*)+0x2da
V  [libjvm.so+0x9ae72d]  jni_invoke_static(JNIEnv_*, JavaValue*, _jobject*, JNICallType, _jmethodID*, JNI_ArgumentPusher*, JavaThread*) [clone .constprop.1]+0x35d
V  [libjvm.so+0x9b0c7f]  jni_CallStaticVoidMethod+0x12f
C  [libjli.so+0x55be]  JavaMain+0xfde
C  [libjli.so+0x844d]  ThreadJavaMain+0xd
C  [libc.so.6+0x9ca94]
Java frames: (J=compiled Java code, j=interpreted, Vv=VM code)
j  jcuda.driver.JCudaDriver.cuStreamSynchronizeNative(Ljcuda/driver/CUstream;)I+0
j  jcuda.driver.JCudaDriver.cuStreamSynchronize(Ljcuda/driver/CUstream;)I+1
j  JCudaWrapper.resourceManagement.Handle.get()Ljcuda/jcublas/cublasHandle;+11
j  JCudaWrapper.array.DStrideArray.multMatMatStridedBatched(LJCudaWrapper/resourceManagement/Handle;ZZIIIDLJCudaWrapper/array/DStrideArray;ILJCudaWrapper/array/DStrideArray;IDI)V+70
j  JCudaWrapper.algebra.Vector.addBatchVecVecMult(DLJCudaWrapper/algebra/VectorsStride;LJCudaWrapper/algebra/VectorsStride;D)V+53
j  JCudaWrapper.algebra.VectorsStride.norms(LJCudaWrapper/array/DArray;)LJCudaWrapper/algebra/Vector;+19
j  JCudaWrapper.algebra.VectorsStride.setVectorMagnitudes(DLJCudaWrapper/array/DArray;)LJCudaWrapper/algebra/VectorsStride;+13
j  main.StructureTensorMatrix.getRGB()[[[D+33
j  main.NeighborhoodPIG.orientationColored(Ljava/lang/String;)V+4
j  main.NeighborhoodPIG.main([Ljava/lang/String;)V+14
v  ~StubRoutines::call_stub 0x0000755367c5fcc6

siginfo: si_signo: 11 (SIGSEGV), si_code: 1 (SEGV_MAPERR), si_addr: 0x000075542d7b6256

Registers:
RAX=0x00007553785e74d0, RBX=0x000075537f1fe448, RCX=0x0000000000000002, RDX=0x000075537a77e270
RSP=0x000075537f1fe330, RBP=0x000075537f1fe390, RSI=0x0000000000000000, RDI=0x00007553785e74d0
R8 =0x000075537f1fe3c8, R9 =0x0000000000000000, R10=0x000075537a77e270, R11=0x000075542d7b5e6e
R12=0x000075537f1fe3c8, R13=0x00007553785e74d0, R14=0x000075537f1fe558, R15=0x000075537801a060
RIP=0x000075534dc4b06e, EFLAGS=0x0000000000010202, CSGSFS=0x002b000000000033, ERR=0x0000000000000004
  TRAPNO=0x000000000000000e


Register to memory mapping:

RAX=0x00007553785e74d0 points into unknown readable memory: 0x00007553785e2ea0 | a0 2e 5e 78 53 75 00 00
RBX=0x000075537f1fe448 is pointing into the stack for thread: 0x000075537801a060
RCX=0x0000000000000002 is an unknown value
RDX=0x000075537a77e270 points into unknown readable memory: 0x0000755378f2bab0 | b0 ba f2 78 53 75 00 00
RSP=0x000075537f1fe330 is pointing into the stack for thread: 0x000075537801a060
RBP=0x000075537f1fe390 is pointing into the stack for thread: 0x000075537801a060
RSI=0x0 is null
RDI=0x00007553785e74d0 points into unknown readable memory: 0x00007553785e2ea0 | a0 2e 5e 78 53 75 00 00
R8 =0x000075537f1fe3c8 is pointing into the stack for thread: 0x000075537801a060
R9 =0x0 is null
R10=0x000075537a77e270 points into unknown readable memory: 0x0000755378f2bab0 | b0 ba f2 78 53 75 00 00
R11=0x000075542d7b5e6e is an unknown value
R12=0x000075537f1fe3c8 is pointing into the stack for thread: 0x000075537801a060
R13=0x00007553785e74d0 points into unknown readable memory: 0x00007553785e2ea0 | a0 2e 5e 78 53 75 00 00
R14=0x000075537f1fe558 is pointing into the stack for thread: 0x000075537801a060
R15=0x000075537801a060 is a thread

Top of Stack: (sp=0x000075537f1fe330)
0x000075537f1fe330:   0000000634817df0 0000000634817d78
0x000075537f1fe340:   0000000634817d50 0000000000000000
0x000075537f1fe350:   000075537f1fe490 000075537801a060
0x000075537f1fe360:   000075537f1fe668 000075537f1fe448
0x000075537f1fe370:   0000000000000000 000075537f1fe440
0x000075537f1fe380:   000075537f1fe558 000075537801a060
0x000075537f1fe390:   000075537f1fe400 000075534dc4b5f8
0x000075537f1fe3a0:   0000000000000000 0000000634817df0
0x000075537f1fe3b0:   0000000634817d50 0000000634817d78
0x000075537f1fe3c0:   00007552ec0120b8 0000000000000000
0x000075537f1fe3d0:   000075537f1fe668 00007552ec4df2e0
0x000075537f1fe3e0:   000075537a77e270 00007552ec4df2e0
0x000075537f1fe3f0:   000075537f1fe558 000075537801a060
0x000075537f1fe400:   000075537f1fe4d0 000075534dcf19c3
0x000075537f1fe410:   000075537f1fe558 000000000000002c
0x000075537f1fe420:   000003e700000083 0000000000000000
0x000075537f1fe430:   0000000000000000 00007553785e74d0
0x000075537f1fe440:   0000000000000000 0000000000000000
0x000075537f1fe450:   0000000634817dc0 000075537801a060
0x000075537f1fe460:   000075537f1fe4f8 0000000000000000
0x000075537f1fe470:   000075537801a060 0000000634817d78
0x000075537f1fe480:   0000755301000020 00007553801a3f27
0x000075537f1fe490:   00007553805e4a58 0000000000000000
0x000075537f1fe4a0:   0000000634817d78 0000000634817d50
0x000075537f1fe4b0:   000075537801a418 00007552eb43604a
0x000075537f1fe4c0:   000075537f1fe668 0000000000000000
0x000075537f1fe4d0:   000075537f1fe538 0000755367c6b9c0
0x000075537f1fe4e0:   0000000000000001 000075537801a060
0x000075537f1fe4f0:   000075537f1fe4f0 0000000000000000
0x000075537f1fe500:   0000000000000004 00007552ec4e2ef8
0x000075537f1fe510:   0000000000000000 0000000634fca140
0x000075537f1fe520:   00007552ec4df2e0 0000000000000000 

Instructions: (pc=0x000075534dc4b06e)
0x000075534dc4af6e:   f6 c2 10 75 ba 83 e2 08 b8 8a 03 00 00 75 da 48
0x000075534dc4af7e:   8b 59 08 4c 8d 63 08 4c 89 e7 e8 23 3a e9 ff 48
0x000075534dc4af8e:   8b 5b 38 48 85 db 74 2d 66 2e 0f 1f 84 00 00 00
0x000075534dc4af9e:   00 00 48 8b bb e8 03 00 00 48 85 ff 74 0b f6 43
0x000075534dc4afae:   50 04 74 05 e8 c9 9a 29 00 48 8b 9b 58 01 00 00
0x000075534dc4afbe:   48 85 db 75 dd 4c 89 e7 e8 15 35 e9 ff b8 8a 03
0x000075534dc4afce:   00 00 eb 85 66 0f 1f 44 00 00 83 f8 02 ba 91 01
0x000075534dc4afde:   00 00 b8 00 00 00 00 5b 0f 44 c2 41 5c 5d c3 0f
0x000075534dc4afee:   1f 00 e8 8b 9a 29 00 b8 84 03 00 00 e9 58 ff ff
0x000075534dc4affe:   ff 90 55 48 89 e5 41 57 41 56 41 55 49 89 fd 41
0x000075534dc4b00e:   54 4d 89 c4 53 48 83 ec 38 49 c7 00 00 00 00 00
0x000075534dc4b01e:   48 85 f6 0f 84 b9 00 00 00 44 8b 0e 41 ba 00 00
0x000075534dc4b02e:   00 00 48 89 f3 45 85 c9 4c 0f 45 d6 48 83 fa 02
0x000075534dc4b03e:   77 20 48 85 d2 74 5b 48 83 fa 02 0f 85 81 00 00
0x000075534dc4b04e:   00 4d 85 d2 0f 84 a8 00 00 00 41 b8 90 01 00 00
0x000075534dc4b05e:   eb 28 4c 8b 1a 4d 85 db 74 f0 49 39 5b 10 75 ea
0x000075534dc4b06e:   49 83 bb e8 03 00 00 00 75 09 4d 85 ed 0f 85 57
0x000075534dc4b07e:   01 00 00 4d 89 1c 24 45 31 c0 48 8d 65 d8 44 89
0x000075534dc4b08e:   c0 5b 41 5c 41 5d 41 5e 41 5f 5d c3 66 0f 1f 44
0x000075534dc4b09e:   00 00 83 f9 02 0f 84 27 02 00 00 83 f9 03 0f 84
0x000075534dc4b0ae:   06 02 00 00 83 f9 01 0f 84 e5 01 00 00 0f b6 05
0x000075534dc4b0be:   66 ac 91 01 c0 e8 03 83 e0 01 84 c0 0f 85 7f ff
0x000075534dc4b0ce:   ff ff 4d 85 d2 0f 84 ef 00 00 00 4d 8b 5a 68 eb
0x000075534dc4b0de:   84 90 48 83 fa 02 0f 86 6e ff ff ff 4c 8b 1a 4d
0x000075534dc4b0ee:   85 db 0f 85 78 ff ff ff e9 5d ff ff ff 0f 1f 44
0x000075534dc4b0fe:   00 00 4d 8b 5d 18 4d 85 db 74 0d 8b 43 38 41 39
0x000075534dc4b10e:   45 20 0f 84 9f 00 00 00 4c 8d b3 a0 03 00 00 4c
0x000075534dc4b11e:   89 55 a8 4d 8b 7d 10 4c 89 f7 e8 83 38 e9 ff 4c
0x000075534dc4b12e:   8b 9b c8 03 00 00 45 31 c0 4c 89 fe 4c 89 c2 41
0x000075534dc4b13e:   8b 3b 4c 89 5d b0 89 7d b8 e8 14 72 0d 00 4c 8b
0x000075534dc4b14e:   5d b0 48 83 ec 08 8b 7d b8 45 31 c0 41 89 c1 4c
0x000075534dc4b15e:   89 f9 49 8b 53 10 41 8b 73 0c 6a 00 e8 21 ee 2a 


Stack slot to memory mapping:

stack at sp + 0 slots: 0x0000000634817df0 is an oop: java.util.stream.MatchOps$2MatchSink 
{0x0000000634817df0} - klass: 'java/util/stream/MatchOps$2MatchSink'
 - ---- fields (total size 3 words):
 - 'stop' 'Z' @12  false (0x00)
 - 'value' 'Z' @13  false (0x00)
 - final synthetic 'val$matchKind' 'Ljava/util/stream/MatchOps$MatchKind;' @16  a 'java/util/stream/MatchOps$MatchKind'{0x0000000634dd3350} (0xc69ba66a)
 - final synthetic 'val$predicate' 'Ljava/util/function/IntPredicate;' @20  a 'JCudaWrapper/array/Array$$Lambda+0x00007552f800b2f8'{0x0000000634817db0} (0xc6902fb6)
stack at sp + 1 slots: 0x0000000634817d78 is an oop: java.util.stream.IntPipeline$Head 
{0x0000000634817d78} - klass: 'java/util/stream/IntPipeline$Head'
 - ---- fields (total size 7 words):
 - protected final 'sourceOrOpFlags' 'I' @12  80 (0x00000050)
 - private 'depth' 'I' @16  0 (0x00000000)
 - private 'combinedFlags' 'I' @20  16777327 (0x0100006f)
 - private 'linkedOrConsumed' 'Z' @24  true (0x01)
 - private 'sourceAnyStateful' 'Z' @25  false (0x00)
 - private 'parallel' 'Z' @26  false (0x00)
 - private final 'sourceStage' 'Ljava/util/stream/AbstractPipeline;' @28  a 'java/util/stream/IntPipeline$Head'{0x0000000634817d78} (0xc6902faf)
 - private final 'previousStage' 'Ljava/util/stream/AbstractPipeline;' @32  null (0x00000000)
 - private 'nextStage' 'Ljava/util/stream/AbstractPipeline;' @36  null (0x00000000)
 - private 'sourceSpliterator' 'Ljava/util/Spliterator;' @40  null (0x00000000)
 - private 'sourceSupplier' 'Ljava/util/function/Supplier;' @44  null (0x00000000)
 - private 'sourceCloseAction' 'Ljava/lang/Runnable;' @48  null (0x00000000)
stack at sp + 2 slots: 0x0000000634817d50 is an oop: java.util.Spliterators$IntArraySpliterator 
{0x0000000634817d50} - klass: 'java/util/Spliterators$IntArraySpliterator'
 - ---- fields (total size 5 words):
 - private 'index' 'I' @12  4 (0x00000004)
 - private 'estimatedSize' 'J' @16  -1 (0xffffffffffffffff)
 - private final 'fence' 'I' @24  4 (0x00000004)
 - private final 'characteristics' 'I' @28  17488 (0x00004450)
 - private final 'array' '[I' @32  [I{0x0000000634817d30} (0xc6902fa6)
stack at sp + 3 slots: 0x0 is null
stack at sp + 4 slots: 0x000075537f1fe490 is pointing into the stack for thread: 0x000075537801a060
stack at sp + 5 slots: 0x000075537801a060 is a thread
stack at sp + 6 slots: 0x000075537f1fe668 is pointing into the stack for thread: 0x000075537801a060
stack at sp + 7 slots: 0x000075537f1fe448 is pointing into the stack for thread: 0x000075537801a060


---------------  P R O C E S S  ---------------

Threads class SMR info:
_java_thread_list=0x0000755379532b60, length=15, elements={
0x000075537801a060, 0x0000755378138d50, 0x000075537813a3e0, 0x000075537813beb0,
0x000075537813d500, 0x000075537813eab0, 0x0000755378140680, 0x0000755378141d50,
0x0000755378160f40, 0x00007552bc0780d0, 0x00007552bc079230, 0x00007552b0001170,
0x000075537819d490, 0x000075537950f1b0, 0x0000755379532220
}

Java Threads: ( => current thread )
=>0x000075537801a060 JavaThread "main"                              [_thread_in_native, id=6401, stack(0x000075537f100000,0x000075537f200000) (1024K)]
  0x0000755378138d50 JavaThread "Reference Handler"          daemon [_thread_blocked, id=6409, stack(0x0000755354900000,0x0000755354a00000) (1024K)]
  0x000075537813a3e0 JavaThread "Finalizer"                  daemon [_thread_blocked, id=6410, stack(0x0000755354800000,0x0000755354900000) (1024K)]
  0x000075537813beb0 JavaThread "Signal Dispatcher"          daemon [_thread_blocked, id=6411, stack(0x0000755354700000,0x0000755354800000) (1024K)]
  0x000075537813d500 JavaThread "Service Thread"             daemon [_thread_blocked, id=6412, stack(0x0000755354600000,0x0000755354700000) (1024K)]
  0x000075537813eab0 JavaThread "Monitor Deflation Thread"   daemon [_thread_blocked, id=6413, stack(0x0000755354500000,0x0000755354600000) (1024K)]
  0x0000755378140680 JavaThread "C2 CompilerThread0"         daemon [_thread_blocked, id=6414, stack(0x0000755354400000,0x0000755354500000) (1024K)]
  0x0000755378141d50 JavaThread "C1 CompilerThread0"         daemon [_thread_blocked, id=6415, stack(0x0000755354300000,0x0000755354400000) (1024K)]
  0x0000755378160f40 JavaThread "Common-Cleaner"             daemon [_thread_blocked, id=6416, stack(0x0000755354200000,0x0000755354300000) (1024K)]
  0x00007552bc0780d0 JavaThread "C1 CompilerThread1"         daemon [_thread_blocked, id=6417, stack(0x0000755354100000,0x0000755354200000) (1024K)]
  0x00007552bc079230 JavaThread "C1 CompilerThread2"         daemon [_thread_blocked, id=6418, stack(0x0000755354000000,0x0000755354100000) (1024K)]
  0x00007552b0001170 JavaThread "C1 CompilerThread3"         daemon [_thread_blocked, id=6419, stack(0x000075534ff00000,0x0000755350000000) (1024K)]
  0x000075537819d490 JavaThread "Notification Thread"        daemon [_thread_blocked, id=6420, stack(0x000075534fe00000,0x000075534ff00000) (1024K)]
  0x000075537950f1b0 JavaThread "pool-1-thread-1"            daemon [_thread_blocked, id=6426, stack(0x000075534fd00000,0x000075534fe00000) (1024K)]
  0x0000755379532220 JavaThread "Java2D Disposer"            daemon [_thread_blocked, id=6427, stack(0x000075534fc00000,0x000075534fd00000) (1024K)]
Total: 15

Other Threads:
  0x000075537812ba00 VMThread "VM Thread"                           [id=6408, stack(0x00007553557fd000,0x00007553558fd000) (1024K)]
  0x0000755378111250 WatcherThread "VM Periodic Task Thread"        [id=6407, stack(0x00007553558fe000,0x00007553559fe000) (1024K)]
  0x0000755378045400 WorkerThread "GC Thread#0"                     [id=6402, stack(0x000075537de21000,0x000075537df21000) (1024K)]
  0x0000755378055f00 ConcurrentGCThread "G1 Main Marker"            [id=6403, stack(0x000075537cd00000,0x000075537ce00000) (1024K)]
  0x0000755378056eb0 WorkerThread "G1 Conc#0"                       [id=6404, stack(0x000075537cbff000,0x000075537ccff000) (1024K)]
  0x00007553780feac0 ConcurrentGCThread "G1 Refine#0"               [id=6405, stack(0x0000755355b00000,0x0000755355c00000) (1024K)]
  0x00007553780ffa80 ConcurrentGCThread "G1 Service"                [id=6406, stack(0x00007553559ff000,0x0000755355aff000) (1024K)]
Total: 7

Threads with active compile tasks:
Total: 0

VM state: not at safepoint (normal execution)

VM Mutex/Monitor currently owned by a thread: None

Heap address: 0x0000000616800000, size: 7832 MB, Compressed Oops mode: Zero based, Oop shift amount: 3

CDS archive(s) mapped at: [0x00007552f7000000-0x00007552f7cae000-0x00007552f7cae000), size 13295616, SharedBaseAddress: 0x00007552f7000000, ArchiveRelocationMode: 1.
Compressed class space mapped at: 0x00007552f8000000-0x0000755338000000, reserved size: 1073741824
Narrow klass base: 0x00007552f7000000, Narrow klass shift: 0, Narrow klass range: 0x100000000

GC Precious Log:
 CardTable entry size: 512
 Card Set container configuration: InlinePtr #cards 4 size 8 Array Of Cards #cards 32 size 80 Howl #buckets 8 coarsen threshold 7372 Howl Bitmap #cards 1024 size 144 coarsen threshold 921 Card regions per heap region 1 cards per card region 8192
 CPUs: 16 total, 16 available
 Memory: 31322M
 Large Page Support: Disabled
 NUMA Support: Disabled
 Compressed Oops: Enabled (Zero based)
 Heap Region Size: 4M
 Heap Min Capacity: 8M
 Heap Initial Capacity: 492M
 Heap Max Capacity: 7832M
 Pre-touch: Disabled
 Parallel Workers: 13
 Concurrent Workers: 3
 Concurrent Refinement Workers: 13
 Periodic GC: Disabled

Heap:
 garbage-first heap   total 507904K, used 9246K [0x0000000616800000, 0x0000000800000000)
  region size 4096K, 3 young (12288K), 0 survivors (0K)
 Metaspace       used 3360K, committed 3520K, reserved 1114112K
  class space    used 289K, committed 384K, reserved 1048576K

Heap Regions: E=young(eden), S=young(survivor), O=old, HS=humongous(starts), HC=humongous(continues), CS=collection set, F=free, TAMS=top-at-mark-start, PB=parsable bottom
|   0|0x0000000616800000, 0x0000000616800000, 0x0000000616c00000|  0%| F|  |TAMS 0x0000000616800000| PB 0x0000000616800000| Untracked 
|   1|0x0000000616c00000, 0x0000000616c00000, 0x0000000617000000|  0%| F|  |TAMS 0x0000000616c00000| PB 0x0000000616c00000| Untracked 
|   2|0x0000000617000000, 0x0000000617000000, 0x0000000617400000|  0%| F|  |TAMS 0x0000000617000000| PB 0x0000000617000000| Untracked 
|   3|0x0000000617400000, 0x0000000617400000, 0x0000000617800000|  0%| F|  |TAMS 0x0000000617400000| PB 0x0000000617400000| Untracked 
|   4|0x0000000617800000, 0x0000000617800000, 0x0000000617c00000|  0%| F|  |TAMS 0x0000000617800000| PB 0x0000000617800000| Untracked 
|   5|0x0000000617c00000, 0x0000000617c00000, 0x0000000618000000|  0%| F|  |TAMS 0x0000000617c00000| PB 0x0000000617c00000| Untracked 
|   6|0x0000000618000000, 0x0000000618000000, 0x0000000618400000|  0%| F|  |TAMS 0x0000000618000000| PB 0x0000000618000000| Untracked 
|   7|0x0000000618400000, 0x0000000618400000, 0x0000000618800000|  0%| F|  |TAMS 0x0000000618400000| PB 0x0000000618400000| Untracked 
|   8|0x0000000618800000, 0x0000000618800000, 0x0000000618c00000|  0%| F|  |TAMS 0x0000000618800000| PB 0x0000000618800000| Untracked 
|   9|0x0000000618c00000, 0x0000000618c00000, 0x0000000619000000|  0%| F|  |TAMS 0x0000000618c00000| PB 0x0000000618c00000| Untracked 
|  10|0x0000000619000000, 0x0000000619000000, 0x0000000619400000|  0%| F|  |TAMS 0x0000000619000000| PB 0x0000000619000000| Untracked 
|  11|0x0000000619400000, 0x0000000619400000, 0x0000000619800000|  0%| F|  |TAMS 0x0000000619400000| PB 0x0000000619400000| Untracked 
|  12|0x0000000619800000, 0x0000000619800000, 0x0000000619c00000|  0%| F|  |TAMS 0x0000000619800000| PB 0x0000000619800000| Untracked 
|  13|0x0000000619c00000, 0x0000000619c00000, 0x000000061a000000|  0%| F|  |TAMS 0x0000000619c00000| PB 0x0000000619c00000| Untracked 
|  14|0x000000061a000000, 0x000000061a000000, 0x000000061a400000|  0%| F|  |TAMS 0x000000061a000000| PB 0x000000061a000000| Untracked 
|  15|0x000000061a400000, 0x000000061a400000, 0x000000061a800000|  0%| F|  |TAMS 0x000000061a400000| PB 0x000000061a400000| Untracked 
|  16|0x000000061a800000, 0x000000061a800000, 0x000000061ac00000|  0%| F|  |TAMS 0x000000061a800000| PB 0x000000061a800000| Untracked 
|  17|0x000000061ac00000, 0x000000061ac00000, 0x000000061b000000|  0%| F|  |TAMS 0x000000061ac00000| PB 0x000000061ac00000| Untracked 
|  18|0x000000061b000000, 0x000000061b000000, 0x000000061b400000|  0%| F|  |TAMS 0x000000061b000000| PB 0x000000061b000000| Untracked 
|  19|0x000000061b400000, 0x000000061b400000, 0x000000061b800000|  0%| F|  |TAMS 0x000000061b400000| PB 0x000000061b400000| Untracked 
|  20|0x000000061b800000, 0x000000061b800000, 0x000000061bc00000|  0%| F|  |TAMS 0x000000061b800000| PB 0x000000061b800000| Untracked 
|  21|0x000000061bc00000, 0x000000061bc00000, 0x000000061c000000|  0%| F|  |TAMS 0x000000061bc00000| PB 0x000000061bc00000| Untracked 
|  22|0x000000061c000000, 0x000000061c000000, 0x000000061c400000|  0%| F|  |TAMS 0x000000061c000000| PB 0x000000061c000000| Untracked 
|  23|0x000000061c400000, 0x000000061c400000, 0x000000061c800000|  0%| F|  |TAMS 0x000000061c400000| PB 0x000000061c400000| Untracked 
|  24|0x000000061c800000, 0x000000061c800000, 0x000000061cc00000|  0%| F|  |TAMS 0x000000061c800000| PB 0x000000061c800000| Untracked 
|  25|0x000000061cc00000, 0x000000061cc00000, 0x000000061d000000|  0%| F|  |TAMS 0x000000061cc00000| PB 0x000000061cc00000| Untracked 
|  26|0x000000061d000000, 0x000000061d000000, 0x000000061d400000|  0%| F|  |TAMS 0x000000061d000000| PB 0x000000061d000000| Untracked 
|  27|0x000000061d400000, 0x000000061d400000, 0x000000061d800000|  0%| F|  |TAMS 0x000000061d400000| PB 0x000000061d400000| Untracked 
|  28|0x000000061d800000, 0x000000061d800000, 0x000000061dc00000|  0%| F|  |TAMS 0x000000061d800000| PB 0x000000061d800000| Untracked 
|  29|0x000000061dc00000, 0x000000061dc00000, 0x000000061e000000|  0%| F|  |TAMS 0x000000061dc00000| PB 0x000000061dc00000| Untracked 
|  30|0x000000061e000000, 0x000000061e000000, 0x000000061e400000|  0%| F|  |TAMS 0x000000061e000000| PB 0x000000061e000000| Untracked 
|  31|0x000000061e400000, 0x000000061e400000, 0x000000061e800000|  0%| F|  |TAMS 0x000000061e400000| PB 0x000000061e400000| Untracked 
|  32|0x000000061e800000, 0x000000061e800000, 0x000000061ec00000|  0%| F|  |TAMS 0x000000061e800000| PB 0x000000061e800000| Untracked 
|  33|0x000000061ec00000, 0x000000061ec00000, 0x000000061f000000|  0%| F|  |TAMS 0x000000061ec00000| PB 0x000000061ec00000| Untracked 
|  34|0x000000061f000000, 0x000000061f000000, 0x000000061f400000|  0%| F|  |TAMS 0x000000061f000000| PB 0x000000061f000000| Untracked 
|  35|0x000000061f400000, 0x000000061f400000, 0x000000061f800000|  0%| F|  |TAMS 0x000000061f400000| PB 0x000000061f400000| Untracked 
|  36|0x000000061f800000, 0x000000061f800000, 0x000000061fc00000|  0%| F|  |TAMS 0x000000061f800000| PB 0x000000061f800000| Untracked 
|  37|0x000000061fc00000, 0x000000061fc00000, 0x0000000620000000|  0%| F|  |TAMS 0x000000061fc00000| PB 0x000000061fc00000| Untracked 
|  38|0x0000000620000000, 0x0000000620000000, 0x0000000620400000|  0%| F|  |TAMS 0x0000000620000000| PB 0x0000000620000000| Untracked 
|  39|0x0000000620400000, 0x0000000620400000, 0x0000000620800000|  0%| F|  |TAMS 0x0000000620400000| PB 0x0000000620400000| Untracked 
|  40|0x0000000620800000, 0x0000000620800000, 0x0000000620c00000|  0%| F|  |TAMS 0x0000000620800000| PB 0x0000000620800000| Untracked 
|  41|0x0000000620c00000, 0x0000000620c00000, 0x0000000621000000|  0%| F|  |TAMS 0x0000000620c00000| PB 0x0000000620c00000| Untracked 
|  42|0x0000000621000000, 0x0000000621000000, 0x0000000621400000|  0%| F|  |TAMS 0x0000000621000000| PB 0x0000000621000000| Untracked 
|  43|0x0000000621400000, 0x0000000621400000, 0x0000000621800000|  0%| F|  |TAMS 0x0000000621400000| PB 0x0000000621400000| Untracked 
|  44|0x0000000621800000, 0x0000000621800000, 0x0000000621c00000|  0%| F|  |TAMS 0x0000000621800000| PB 0x0000000621800000| Untracked 
|  45|0x0000000621c00000, 0x0000000621c00000, 0x0000000622000000|  0%| F|  |TAMS 0x0000000621c00000| PB 0x0000000621c00000| Untracked 
|  46|0x0000000622000000, 0x0000000622000000, 0x0000000622400000|  0%| F|  |TAMS 0x0000000622000000| PB 0x0000000622000000| Untracked 
|  47|0x0000000622400000, 0x0000000622400000, 0x0000000622800000|  0%| F|  |TAMS 0x0000000622400000| PB 0x0000000622400000| Untracked 
|  48|0x0000000622800000, 0x0000000622800000, 0x0000000622c00000|  0%| F|  |TAMS 0x0000000622800000| PB 0x0000000622800000| Untracked 
|  49|0x0000000622c00000, 0x0000000622c00000, 0x0000000623000000|  0%| F|  |TAMS 0x0000000622c00000| PB 0x0000000622c00000| Untracked 
|  50|0x0000000623000000, 0x0000000623000000, 0x0000000623400000|  0%| F|  |TAMS 0x0000000623000000| PB 0x0000000623000000| Untracked 
|  51|0x0000000623400000, 0x0000000623400000, 0x0000000623800000|  0%| F|  |TAMS 0x0000000623400000| PB 0x0000000623400000| Untracked 
|  52|0x0000000623800000, 0x0000000623800000, 0x0000000623c00000|  0%| F|  |TAMS 0x0000000623800000| PB 0x0000000623800000| Untracked 
|  53|0x0000000623c00000, 0x0000000623c00000, 0x0000000624000000|  0%| F|  |TAMS 0x0000000623c00000| PB 0x0000000623c00000| Untracked 
|  54|0x0000000624000000, 0x0000000624000000, 0x0000000624400000|  0%| F|  |TAMS 0x0000000624000000| PB 0x0000000624000000| Untracked 
|  55|0x0000000624400000, 0x0000000624400000, 0x0000000624800000|  0%| F|  |TAMS 0x0000000624400000| PB 0x0000000624400000| Untracked 
|  56|0x0000000624800000, 0x0000000624800000, 0x0000000624c00000|  0%| F|  |TAMS 0x0000000624800000| PB 0x0000000624800000| Untracked 
|  57|0x0000000624c00000, 0x0000000624c00000, 0x0000000625000000|  0%| F|  |TAMS 0x0000000624c00000| PB 0x0000000624c00000| Untracked 
|  58|0x0000000625000000, 0x0000000625000000, 0x0000000625400000|  0%| F|  |TAMS 0x0000000625000000| PB 0x0000000625000000| Untracked 
|  59|0x0000000625400000, 0x0000000625400000, 0x0000000625800000|  0%| F|  |TAMS 0x0000000625400000| PB 0x0000000625400000| Untracked 
|  60|0x0000000625800000, 0x0000000625800000, 0x0000000625c00000|  0%| F|  |TAMS 0x0000000625800000| PB 0x0000000625800000| Untracked 
|  61|0x0000000625c00000, 0x0000000625c00000, 0x0000000626000000|  0%| F|  |TAMS 0x0000000625c00000| PB 0x0000000625c00000| Untracked 
|  62|0x0000000626000000, 0x0000000626000000, 0x0000000626400000|  0%| F|  |TAMS 0x0000000626000000| PB 0x0000000626000000| Untracked 
|  63|0x0000000626400000, 0x0000000626400000, 0x0000000626800000|  0%| F|  |TAMS 0x0000000626400000| PB 0x0000000626400000| Untracked 
|  64|0x0000000626800000, 0x0000000626800000, 0x0000000626c00000|  0%| F|  |TAMS 0x0000000626800000| PB 0x0000000626800000| Untracked 
|  65|0x0000000626c00000, 0x0000000626c00000, 0x0000000627000000|  0%| F|  |TAMS 0x0000000626c00000| PB 0x0000000626c00000| Untracked 
|  66|0x0000000627000000, 0x0000000627000000, 0x0000000627400000|  0%| F|  |TAMS 0x0000000627000000| PB 0x0000000627000000| Untracked 
|  67|0x0000000627400000, 0x0000000627400000, 0x0000000627800000|  0%| F|  |TAMS 0x0000000627400000| PB 0x0000000627400000| Untracked 
|  68|0x0000000627800000, 0x0000000627800000, 0x0000000627c00000|  0%| F|  |TAMS 0x0000000627800000| PB 0x0000000627800000| Untracked 
|  69|0x0000000627c00000, 0x0000000627c00000, 0x0000000628000000|  0%| F|  |TAMS 0x0000000627c00000| PB 0x0000000627c00000| Untracked 
|  70|0x0000000628000000, 0x0000000628000000, 0x0000000628400000|  0%| F|  |TAMS 0x0000000628000000| PB 0x0000000628000000| Untracked 
|  71|0x0000000628400000, 0x0000000628400000, 0x0000000628800000|  0%| F|  |TAMS 0x0000000628400000| PB 0x0000000628400000| Untracked 
|  72|0x0000000628800000, 0x0000000628800000, 0x0000000628c00000|  0%| F|  |TAMS 0x0000000628800000| PB 0x0000000628800000| Untracked 
|  73|0x0000000628c00000, 0x0000000628c00000, 0x0000000629000000|  0%| F|  |TAMS 0x0000000628c00000| PB 0x0000000628c00000| Untracked 
|  74|0x0000000629000000, 0x0000000629000000, 0x0000000629400000|  0%| F|  |TAMS 0x0000000629000000| PB 0x0000000629000000| Untracked 
|  75|0x0000000629400000, 0x0000000629400000, 0x0000000629800000|  0%| F|  |TAMS 0x0000000629400000| PB 0x0000000629400000| Untracked 
|  76|0x0000000629800000, 0x0000000629800000, 0x0000000629c00000|  0%| F|  |TAMS 0x0000000629800000| PB 0x0000000629800000| Untracked 
|  77|0x0000000629c00000, 0x0000000629c00000, 0x000000062a000000|  0%| F|  |TAMS 0x0000000629c00000| PB 0x0000000629c00000| Untracked 
|  78|0x000000062a000000, 0x000000062a000000, 0x000000062a400000|  0%| F|  |TAMS 0x000000062a000000| PB 0x000000062a000000| Untracked 
|  79|0x000000062a400000, 0x000000062a400000, 0x000000062a800000|  0%| F|  |TAMS 0x000000062a400000| PB 0x000000062a400000| Untracked 
|  80|0x000000062a800000, 0x000000062a800000, 0x000000062ac00000|  0%| F|  |TAMS 0x000000062a800000| PB 0x000000062a800000| Untracked 
|  81|0x000000062ac00000, 0x000000062ac00000, 0x000000062b000000|  0%| F|  |TAMS 0x000000062ac00000| PB 0x000000062ac00000| Untracked 
|  82|0x000000062b000000, 0x000000062b000000, 0x000000062b400000|  0%| F|  |TAMS 0x000000062b000000| PB 0x000000062b000000| Untracked 
|  83|0x000000062b400000, 0x000000062b400000, 0x000000062b800000|  0%| F|  |TAMS 0x000000062b400000| PB 0x000000062b400000| Untracked 
|  84|0x000000062b800000, 0x000000062b800000, 0x000000062bc00000|  0%| F|  |TAMS 0x000000062b800000| PB 0x000000062b800000| Untracked 
|  85|0x000000062bc00000, 0x000000062bc00000, 0x000000062c000000|  0%| F|  |TAMS 0x000000062bc00000| PB 0x000000062bc00000| Untracked 
|  86|0x000000062c000000, 0x000000062c000000, 0x000000062c400000|  0%| F|  |TAMS 0x000000062c000000| PB 0x000000062c000000| Untracked 
|  87|0x000000062c400000, 0x000000062c400000, 0x000000062c800000|  0%| F|  |TAMS 0x000000062c400000| PB 0x000000062c400000| Untracked 
|  88|0x000000062c800000, 0x000000062c800000, 0x000000062cc00000|  0%| F|  |TAMS 0x000000062c800000| PB 0x000000062c800000| Untracked 
|  89|0x000000062cc00000, 0x000000062cc00000, 0x000000062d000000|  0%| F|  |TAMS 0x000000062cc00000| PB 0x000000062cc00000| Untracked 
|  90|0x000000062d000000, 0x000000062d000000, 0x000000062d400000|  0%| F|  |TAMS 0x000000062d000000| PB 0x000000062d000000| Untracked 
|  91|0x000000062d400000, 0x000000062d400000, 0x000000062d800000|  0%| F|  |TAMS 0x000000062d400000| PB 0x000000062d400000| Untracked 
|  92|0x000000062d800000, 0x000000062d800000, 0x000000062dc00000|  0%| F|  |TAMS 0x000000062d800000| PB 0x000000062d800000| Untracked 
|  93|0x000000062dc00000, 0x000000062dc00000, 0x000000062e000000|  0%| F|  |TAMS 0x000000062dc00000| PB 0x000000062dc00000| Untracked 
|  94|0x000000062e000000, 0x000000062e000000, 0x000000062e400000|  0%| F|  |TAMS 0x000000062e000000| PB 0x000000062e000000| Untracked 
|  95|0x000000062e400000, 0x000000062e400000, 0x000000062e800000|  0%| F|  |TAMS 0x000000062e400000| PB 0x000000062e400000| Untracked 
|  96|0x000000062e800000, 0x000000062e800000, 0x000000062ec00000|  0%| F|  |TAMS 0x000000062e800000| PB 0x000000062e800000| Untracked 
|  97|0x000000062ec00000, 0x000000062ec00000, 0x000000062f000000|  0%| F|  |TAMS 0x000000062ec00000| PB 0x000000062ec00000| Untracked 
|  98|0x000000062f000000, 0x000000062f000000, 0x000000062f400000|  0%| F|  |TAMS 0x000000062f000000| PB 0x000000062f000000| Untracked 
|  99|0x000000062f400000, 0x000000062f400000, 0x000000062f800000|  0%| F|  |TAMS 0x000000062f400000| PB 0x000000062f400000| Untracked 
| 100|0x000000062f800000, 0x000000062f800000, 0x000000062fc00000|  0%| F|  |TAMS 0x000000062f800000| PB 0x000000062f800000| Untracked 
| 101|0x000000062fc00000, 0x000000062fc00000, 0x0000000630000000|  0%| F|  |TAMS 0x000000062fc00000| PB 0x000000062fc00000| Untracked 
| 102|0x0000000630000000, 0x0000000630000000, 0x0000000630400000|  0%| F|  |TAMS 0x0000000630000000| PB 0x0000000630000000| Untracked 
| 103|0x0000000630400000, 0x0000000630400000, 0x0000000630800000|  0%| F|  |TAMS 0x0000000630400000| PB 0x0000000630400000| Untracked 
| 104|0x0000000630800000, 0x0000000630800000, 0x0000000630c00000|  0%| F|  |TAMS 0x0000000630800000| PB 0x0000000630800000| Untracked 
| 105|0x0000000630c00000, 0x0000000630c00000, 0x0000000631000000|  0%| F|  |TAMS 0x0000000630c00000| PB 0x0000000630c00000| Untracked 
| 106|0x0000000631000000, 0x0000000631000000, 0x0000000631400000|  0%| F|  |TAMS 0x0000000631000000| PB 0x0000000631000000| Untracked 
| 107|0x0000000631400000, 0x0000000631400000, 0x0000000631800000|  0%| F|  |TAMS 0x0000000631400000| PB 0x0000000631400000| Untracked 
| 108|0x0000000631800000, 0x0000000631800000, 0x0000000631c00000|  0%| F|  |TAMS 0x0000000631800000| PB 0x0000000631800000| Untracked 
| 109|0x0000000631c00000, 0x0000000631c00000, 0x0000000632000000|  0%| F|  |TAMS 0x0000000631c00000| PB 0x0000000631c00000| Untracked 
| 110|0x0000000632000000, 0x0000000632000000, 0x0000000632400000|  0%| F|  |TAMS 0x0000000632000000| PB 0x0000000632000000| Untracked 
| 111|0x0000000632400000, 0x0000000632400000, 0x0000000632800000|  0%| F|  |TAMS 0x0000000632400000| PB 0x0000000632400000| Untracked 
| 112|0x0000000632800000, 0x0000000632800000, 0x0000000632c00000|  0%| F|  |TAMS 0x0000000632800000| PB 0x0000000632800000| Untracked 
| 113|0x0000000632c00000, 0x0000000632c00000, 0x0000000633000000|  0%| F|  |TAMS 0x0000000632c00000| PB 0x0000000632c00000| Untracked 
| 114|0x0000000633000000, 0x0000000633000000, 0x0000000633400000|  0%| F|  |TAMS 0x0000000633000000| PB 0x0000000633000000| Untracked 
| 115|0x0000000633400000, 0x0000000633400000, 0x0000000633800000|  0%| F|  |TAMS 0x0000000633400000| PB 0x0000000633400000| Untracked 
| 116|0x0000000633800000, 0x0000000633800000, 0x0000000633c00000|  0%| F|  |TAMS 0x0000000633800000| PB 0x0000000633800000| Untracked 
| 117|0x0000000633c00000, 0x0000000633c00000, 0x0000000634000000|  0%| F|  |TAMS 0x0000000633c00000| PB 0x0000000633c00000| Untracked 
| 118|0x0000000634000000, 0x0000000634000000, 0x0000000634400000|  0%| F|  |TAMS 0x0000000634000000| PB 0x0000000634000000| Untracked 
| 119|0x0000000634400000, 0x0000000634400000, 0x0000000634800000|  0%| F|  |TAMS 0x0000000634400000| PB 0x0000000634400000| Untracked 
| 120|0x0000000634800000, 0x000000063487b640, 0x0000000634c00000| 12%| E|  |TAMS 0x0000000634800000| PB 0x0000000634800000| Complete 
| 121|0x0000000634c00000, 0x0000000635000000, 0x0000000635000000|100%| E|CS|TAMS 0x0000000634c00000| PB 0x0000000634c00000| Complete 
| 122|0x0000000635000000, 0x0000000635400000, 0x0000000635400000|100%| E|CS|TAMS 0x0000000635000000| PB 0x0000000635000000| Complete 
|1957|0x00000007ffc00000, 0x00000007ffd079d8, 0x0000000800000000| 25%| O|  |TAMS 0x00000007ffc00000| PB 0x00000007ffc00000| Untracked 

Card table byte_map: [0x000075535f800000,0x000075536074c000] _byte_map_base: 0x000075535c74c000

Marking Bits: (CMBitMap*) 0x0000755378045f30
 Bits: [0x0000755357c00000, 0x000075535f660000)

Polling page: 0x0000755380c41000

Metaspace:

Usage:
  Non-class:      3.00 MB used.
      Class:    289.32 KB used.
       Both:      3.28 MB used.

Virtual space:
  Non-class space:       64.00 MB reserved,       3.06 MB (  5%) committed,  1 nodes.
      Class space:        1.00 GB reserved,     384.00 KB ( <1%) committed,  1 nodes.
             Both:        1.06 GB reserved,       3.44 MB ( <1%) committed. 

Chunk freelists:
   Non-Class:  11.00 MB
       Class:  15.61 MB
        Both:  26.61 MB

MaxMetaspaceSize: unlimited
CompressedClassSpaceSize: 1.00 GB
Initial GC threshold: 21.00 MB
Current GC threshold: 21.00 MB
CDS: on
 - commit_granule_bytes: 65536.
 - commit_granule_words: 8192.
 - virtual_space_node_default_size: 8388608.
 - enlarge_chunks_in_place: 1.
 - use_allocation_guard: 0.


Internal statistics:

num_allocs_failed_limit: 0.
num_arena_births: 104.
num_arena_deaths: 0.
num_vsnodes_births: 2.
num_vsnodes_deaths: 0.
num_space_committed: 55.
num_space_uncommitted: 0.
num_chunks_returned_to_freelist: 0.
num_chunks_taken_from_freelist: 182.
num_chunk_merges: 0.
num_chunk_splits: 108.
num_chunks_enlarged: 48.
num_inconsistent_stats: 0.

CodeHeap 'non-profiled nmethods': size=119168Kb used=201Kb max_used=201Kb free=118966Kb
 bounds [0x00007553683a0000, 0x0000755368610000, 0x000075536f800000]
CodeHeap 'profiled nmethods': size=119164Kb used=1033Kb max_used=1033Kb free=118130Kb
 bounds [0x0000755360800000, 0x0000755360a70000, 0x0000755367c5f000]
CodeHeap 'non-nmethods': size=7428Kb used=3204Kb max_used=3213Kb free=4223Kb
 bounds [0x0000755367c5f000, 0x0000755367f8f000, 0x00007553683a0000]
 total_blobs=1313 nmethods=708 adapters=508
 compilation: enabled
              stopped_count=0, restarted_count=0
 full_count=0

Compilation events (20 events):
Event: 0.326 Thread 0x00007552b0001170 nmethod 700 0x00007553608fac90 code [0x00007553608fae40, 0x00007553608fb098]
Event: 0.326 Thread 0x00007552b0001170  699       3       jdk.internal.loader.BuiltinClassLoader::loadClassOrNull (7 bytes)
Event: 0.326 Thread 0x00007552b0001170 nmethod 699 0x00007553608fb190 code [0x00007553608fb320, 0x00007553608fb4e8]
Event: 0.326 Thread 0x00007552bc0780d0 nmethod 698 0x00007553608fb590 code [0x00007553608fb7a0, 0x00007553608fbdd8]
Event: 0.327 Thread 0x0000755378141d50 nmethod 694 0x00007553608fc010 code [0x00007553608fc2e0, 0x00007553608fd220]
Event: 0.327 Thread 0x00007552bc079230 nmethod 692 0x00007553608fd890 code [0x00007553608fdcc0, 0x00007553608fffc8]
Event: 0.327 Thread 0x00007552b0001170  701       1       jdk.internal.loader.URLClassPath$Loader::getBaseURL (5 bytes)
Event: 0.327 Thread 0x00007552b0001170 nmethod 701 0x00007553683d1910 code [0x00007553683d1aa0, 0x00007553683d1b68]
Event: 0.328 Thread 0x00007552bc0780d0  702       3       java.util.jar.JarFile::maybeInstantiateVerifier (42 bytes)
Event: 0.328 Thread 0x00007552bc0780d0 nmethod 702 0x0000755360901010 code [0x00007553609011e0, 0x0000755360901540]
Event: 0.328 Thread 0x00007552bc079230  703       1       java.net.URLStreamHandler::getDefaultPort (2 bytes)
Event: 0.328 Thread 0x00007552bc079230 nmethod 703 0x00007553683d1c10 code [0x00007553683d1da0, 0x00007553683d1e60]
Event: 0.328 Thread 0x00007552b0001170  704       3       jdk.internal.ref.CleanerFactory::cleaner (4 bytes)
Event: 0.329 Thread 0x00007552b0001170 nmethod 704 0x0000755360901690 code [0x0000755360901820, 0x0000755360901910]
Event: 0.329 Thread 0x0000755378140680  705       4       java.lang.invoke.MethodType::parameterCount (6 bytes)
Event: 0.329 Thread 0x0000755378140680 nmethod 705 0x00007553683d1f10 code [0x00007553683d2080, 0x00007553683d2120]
Event: 0.331 Thread 0x00007552b0001170  707       3       java.lang.String::indexOf (64 bytes)
Event: 0.331 Thread 0x00007552bc079230  708       3       java.lang.StringLatin1::indexOf (25 bytes)
Event: 0.332 Thread 0x00007552bc079230 nmethod 708 0x0000755360901990 code [0x0000755360901b40, 0x0000755360901d38]
Event: 0.332 Thread 0x00007552b0001170 nmethod 707 0x0000755360901e10 code [0x0000755360902020, 0x00007553609024e0]

GC Heap History (0 events):
No events

Dll operation events (11 events):
Event: 0.001 Loaded shared library /usr/lib/jvm/java-21-openjdk-amd64/lib/libjava.so
Event: 0.022 Loaded shared library /usr/lib/jvm/java-21-openjdk-amd64/lib/libjsvml.so
Event: 0.024 Loaded shared library /usr/lib/jvm/java-21-openjdk-amd64/lib/libnio.so
Event: 0.068 Loaded shared library /usr/lib/jvm/java-21-openjdk-amd64/lib/libzip.so
Event: 0.095 Loaded shared library /usr/lib/jvm/java-21-openjdk-amd64/lib/libjimage.so
Event: 0.133 Loaded shared library /tmp/libJCublas2-12.0.0-linux-x86_64.so
Event: 0.238 Loaded shared library /tmp/libJCudaRuntime-12.0.0-linux-x86_64.so
Event: 0.254 Loaded shared library /usr/lib/jvm/java-21-openjdk-amd64/lib/libawt.so
Event: 0.257 Loaded shared library /usr/lib/jvm/java-21-openjdk-amd64/lib/libawt_xawt.so
Event: 0.281 Loaded shared library /usr/lib/jvm/java-21-openjdk-amd64/lib/libjavajpeg.so
Event: 0.322 Loaded shared library /tmp/libJCudaDriver-12.0.0-linux-x86_64.so

Deoptimization events (20 events):
Event: 0.248 Thread 0x000075537801a060 DEOPT PACKING pc=0x00007553683b2754 sp=0x000075537f1fcdb0
Event: 0.249 Thread 0x000075537801a060 DEOPT UNPACKING pc=0x0000755367cb2f99 sp=0x000075537f1fcd68 mode 2
Event: 0.255 Thread 0x000075537801a060 Uncommon trap: trap_request=0xffffff45 fr.pc=0x00007553683b39ac relative=0x000000000000018c
Event: 0.255 Thread 0x000075537801a060 Uncommon trap: reason=unstable_if action=reinterpret pc=0x00007553683b39ac method=jdk.internal.util.ArraysSupport.vectorizedHashCode(Ljava/lang/Object;IIII)I @ 2 c2
Event: 0.255 Thread 0x000075537801a060 DEOPT PACKING pc=0x00007553683b39ac sp=0x000075537f1fa840
Event: 0.255 Thread 0x000075537801a060 DEOPT UNPACKING pc=0x0000755367cb2f99 sp=0x000075537f1fa810 mode 2
Event: 0.322 Thread 0x000075537801a060 DEOPT PACKING pc=0x0000755360817854 sp=0x000075537f1fd1f0
Event: 0.322 Thread 0x000075537801a060 DEOPT UNPACKING pc=0x0000755367cb372f sp=0x000075537f1fc630 mode 0
Event: 0.330 Thread 0x000075537801a060 Uncommon trap: trap_request=0xffffffc6 fr.pc=0x00007553683b1bf8 relative=0x0000000000000b38
Event: 0.330 Thread 0x000075537801a060 Uncommon trap: reason=bimorphic_or_optimized_type_check action=maybe_recompile pc=0x00007553683b1bf8 method=java.util.HashMap.putVal(ILjava/lang/Object;Ljava/lang/Object;ZZ)Ljava/lang/Object; @ 56 c2
Event: 0.330 Thread 0x000075537801a060 DEOPT PACKING pc=0x00007553683b1bf8 sp=0x000075537f1fe500
Event: 0.330 Thread 0x000075537801a060 DEOPT UNPACKING pc=0x0000755367cb2f99 sp=0x000075537f1fe488 mode 2
Event: 0.332 Thread 0x000075537801a060 Uncommon trap: trap_request=0xffffffc6 fr.pc=0x00007553683b1bf8 relative=0x0000000000000b38
Event: 0.332 Thread 0x000075537801a060 Uncommon trap: reason=bimorphic_or_optimized_type_check action=maybe_recompile pc=0x00007553683b1bf8 method=java.util.HashMap.putVal(ILjava/lang/Object;Ljava/lang/Object;ZZ)Ljava/lang/Object; @ 56 c2
Event: 0.332 Thread 0x000075537801a060 DEOPT PACKING pc=0x00007553683b1bf8 sp=0x000075537f1fe280
Event: 0.332 Thread 0x000075537801a060 DEOPT UNPACKING pc=0x0000755367cb2f99 sp=0x000075537f1fe208 mode 2
Event: 0.333 Thread 0x000075537801a060 Uncommon trap: trap_request=0xffffffc6 fr.pc=0x00007553683b1bf8 relative=0x0000000000000b38
Event: 0.333 Thread 0x000075537801a060 Uncommon trap: reason=bimorphic_or_optimized_type_check action=maybe_recompile pc=0x00007553683b1bf8 method=java.util.HashMap.putVal(ILjava/lang/Object;Ljava/lang/Object;ZZ)Ljava/lang/Object; @ 56 c2
Event: 0.333 Thread 0x000075537801a060 DEOPT PACKING pc=0x00007553683b1bf8 sp=0x000075537f1fe460
Event: 0.333 Thread 0x000075537801a060 DEOPT UNPACKING pc=0x0000755367cb2f99 sp=0x000075537f1fe3e8 mode 2

Classes loaded (20 events):
Event: 0.289 Loading class java/util/stream/MatchOps$MatchKind
Event: 0.290 Loading class java/util/stream/MatchOps$MatchKind done
Event: 0.290 Loading class java/util/stream/MatchOps
Event: 0.290 Loading class java/util/stream/MatchOps done
Event: 0.290 Loading class java/util/stream/MatchOps$MatchOp
Event: 0.290 Loading class java/util/stream/MatchOps$MatchOp done
Event: 0.290 Loading class java/util/stream/MatchOps$BooleanTerminalSink
Event: 0.290 Loading class java/util/stream/MatchOps$BooleanTerminalSink done
Event: 0.290 Loading class java/util/stream/MatchOps$2MatchSink
Event: 0.290 Loading class java/util/stream/MatchOps$2MatchSink done
Event: 0.291 Loading class java/util/stream/MatchOps$1MatchSink
Event: 0.291 Loading class java/util/stream/MatchOps$1MatchSink done
Event: 0.291 Loading class java/nio/HeapDoubleBuffer
Event: 0.291 Loading class java/nio/HeapDoubleBuffer done
Event: 0.306 Loading class java/awt/Dimension
Event: 0.306 Loading class java/awt/geom/Dimension2D
Event: 0.306 Loading class java/awt/geom/Dimension2D done
Event: 0.306 Loading class java/awt/Dimension done
Event: 0.330 Loading class java/nio/HeapIntBuffer
Event: 0.330 Loading class java/nio/HeapIntBuffer done

Classes unloaded (0 events):
No events

Classes redefined (0 events):
No events

Internal exceptions (13 events):
Event: 0.048 Thread 0x000075537801a060 Exception <a 'sun/nio/fs/UnixException'{0x0000000635070ea8}> (0x0000000635070ea8) 
thrown [./src/hotspot/share/prims/jni.cpp, line 520]
Event: 0.048 Thread 0x000075537801a060 Exception <a 'sun/nio/fs/UnixException'{0x00000006350715e8}> (0x00000006350715e8) 
thrown [./src/hotspot/share/prims/jni.cpp, line 520]
Event: 0.048 Thread 0x000075537801a060 Exception <a 'sun/nio/fs/UnixException'{0x0000000635071e18}> (0x0000000635071e18) 
thrown [./src/hotspot/share/prims/jni.cpp, line 520]
Event: 0.048 Thread 0x000075537801a060 Exception <a 'sun/nio/fs/UnixException'{0x0000000635072410}> (0x0000000635072410) 
thrown [./src/hotspot/share/prims/jni.cpp, line 520]
Event: 0.048 Thread 0x000075537801a060 Exception <a 'sun/nio/fs/UnixException'{0x00000006350729e0}> (0x00000006350729e0) 
thrown [./src/hotspot/share/prims/jni.cpp, line 520]
Event: 0.048 Thread 0x000075537801a060 Exception <a 'sun/nio/fs/UnixException'{0x0000000635072fc0}> (0x0000000635072fc0) 
thrown [./src/hotspot/share/prims/jni.cpp, line 520]
Event: 0.048 Thread 0x000075537801a060 Exception <a 'sun/nio/fs/UnixException'{0x0000000635073810}> (0x0000000635073810) 
thrown [./src/hotspot/share/prims/jni.cpp, line 520]
Event: 0.244 Thread 0x000075537801a060 Exception <a 'java/lang/NoSuchMethodError'{0x0000000634c55808}: 'void java.lang.invoke.DirectMethodHandle$Holder.invokeStatic(java.lang.Object, java.lang.Object)'> (0x0000000634c55808) 
thrown [./src/hotspot/share/interpreter/linkResolver.cpp, line 772]
Event: 0.248 Thread 0x000075537801a060 Implicit null exception at 0x00007553683b25e3 to 0x00007553683b2744
Event: 0.251 Thread 0x000075537801a060 Exception <a 'java/lang/ClassNotFoundException'{0x0000000634c69980}: sun/awt/resources/spi/awtProvider> (0x0000000634c69980) 
thrown [./src/hotspot/share/classfile/systemDictionary.cpp, line 312]
Event: 0.264 Thread 0x000075537801a060 Exception <a 'java/io/FileNotFoundException'{0x0000000634d37920}> (0x0000000634d37920) 
thrown [./src/hotspot/share/prims/jni.cpp, line 520]
Event: 0.293 Thread 0x000075537801a060 Exception <a 'java/lang/NoSuchMethodError'{0x0000000634ee42c8}: 'java.lang.Object java.lang.invoke.DirectMethodHandle$Holder.invokeStatic(java.lang.Object, java.lang.Object, int)'> (0x0000000634ee42c8) 
thrown [./src/hotspot/share/interpreter/linkResolver.cpp, line 772]
Event: 0.311 Thread 0x000075537801a060 Exception <a 'java/lang/NoSuchMethodError'{0x0000000634f521a8}: 'java.lang.Object java.lang.invoke.DirectMethodHandle$Holder.newInvokeSpecial(java.lang.Object, java.lang.Object, int)'> (0x0000000634f521a8) 
thrown [./src/hotspot/share/interpreter/linkResolver.cpp, line 772]

ZGC Phase Switch (0 events):
No events

VM Operations (8 events):
Event: 0.050 Executing VM operation: HandshakeAllThreads (Deoptimize)
Event: 0.050 Executing VM operation: HandshakeAllThreads (Deoptimize) done
Event: 0.247 Executing VM operation: HandshakeAllThreads (Deoptimize)
Event: 0.247 Executing VM operation: HandshakeAllThreads (Deoptimize) done
Event: 0.249 Executing VM operation: HandshakeAllThreads (Deoptimize)
Event: 0.249 Executing VM operation: HandshakeAllThreads (Deoptimize) done
Event: 0.330 Executing VM operation: HandshakeAllThreads (Deoptimize)
Event: 0.330 Executing VM operation: HandshakeAllThreads (Deoptimize) done

Memory protections (17 events):
Event: 0.001 Protecting memory [0x000075537f100000,0x000075537f104000] with protection modes 0
Event: 0.020 Protecting memory [0x0000755354900000,0x0000755354904000] with protection modes 0
Event: 0.020 Protecting memory [0x0000755354800000,0x0000755354804000] with protection modes 0
Event: 0.021 Protecting memory [0x0000755354700000,0x0000755354704000] with protection modes 0
Event: 0.021 Protecting memory [0x0000755354600000,0x0000755354604000] with protection modes 0
Event: 0.021 Protecting memory [0x0000755354500000,0x0000755354504000] with protection modes 0
Event: 0.021 Protecting memory [0x0000755354400000,0x0000755354404000] with protection modes 0
Event: 0.021 Protecting memory [0x0000755354300000,0x0000755354304000] with protection modes 0
Event: 0.039 Protecting memory [0x0000755354200000,0x0000755354204000] with protection modes 0
Event: 0.051 Protecting memory [0x0000755354100000,0x0000755354104000] with protection modes 0
Event: 0.051 Protecting memory [0x0000755354000000,0x0000755354004000] with protection modes 0
Event: 0.052 Protecting memory [0x000075534ff00000,0x000075534ff04000] with protection modes 0
Event: 0.062 Protecting memory [0x000075534fe00000,0x000075534fe04000] with protection modes 0
Event: 0.066 Protecting memory [0x000075534fd00000,0x000075534fd04000] with protection modes 0
Event: 0.074 Protecting memory [0x000075534fc00000,0x000075534fc04000] with protection modes 0
Event: 0.245 Protecting memory [0x000075534fd00000,0x000075534fd04000] with protection modes 0
Event: 0.279 Protecting memory [0x000075534fc00000,0x000075534fc04000] with protection modes 0

Nmethod flushes (0 events):
No events

Events (19 events):
Event: 0.014 Thread 0x000075537801a060 Thread added: 0x000075537801a060
Event: 0.020 Thread 0x000075537801a060 Thread added: 0x0000755378138d50
Event: 0.020 Thread 0x000075537801a060 Thread added: 0x000075537813a3e0
Event: 0.021 Thread 0x000075537801a060 Thread added: 0x000075537813beb0
Event: 0.021 Thread 0x000075537801a060 Thread added: 0x000075537813d500
Event: 0.021 Thread 0x000075537801a060 Thread added: 0x000075537813eab0
Event: 0.021 Thread 0x000075537801a060 Thread added: 0x0000755378140680
Event: 0.021 Thread 0x000075537801a060 Thread added: 0x0000755378141d50
Event: 0.039 Thread 0x000075537801a060 Thread added: 0x0000755378160f40
Event: 0.051 Thread 0x0000755378141d50 Thread added: 0x00007552bc0780d0
Event: 0.051 Thread 0x0000755378141d50 Thread added: 0x00007552bc079230
Event: 0.052 Thread 0x00007552bc0780d0 Thread added: 0x00007552b0001170
Event: 0.062 Thread 0x000075537801a060 Thread added: 0x000075537819d490
Event: 0.066 Thread 0x00007552bc0780d0 Thread added: 0x00007552b003b130
Event: 0.074 Thread 0x0000755378140680 Thread added: 0x00007552c0098fa0
Event: 0.235 Thread 0x00007552c0098fa0 Thread exited: 0x00007552c0098fa0
Event: 0.235 Thread 0x00007552b003b130 Thread exited: 0x00007552b003b130
Event: 0.245 Thread 0x000075537801a060 Thread added: 0x000075537950f1b0
Event: 0.279 Thread 0x000075537801a060 Thread added: 0x0000755379532220


Dynamic libraries:
200000000-200200000 ---p 00000000 00:00 0 
200200000-200400000 rw-s 00000000 00:05 1111                             /dev/nvidia0
200400000-203400000 rw-s 00000000 00:05 1110                             /dev/nvidiactl
203400000-204400000 ---p 00000000 00:00 0 
204400000-204600000 rw-s 00000000 00:05 1110                             /dev/nvidiactl
204600000-204800000 rw-s 00000000 00:05 1110                             /dev/nvidiactl
204800000-204a00000 rw-s 00000000 00:05 1110                             /dev/nvidiactl
204a00000-204c00000 rw-s 204a00000 00:05 1112                            /dev/nvidia-uvm
204c00000-204e00000 rw-s 00000000 00:05 1110                             /dev/nvidiactl
204e00000-205000000 ---p 00000000 00:00 0 
205000000-205200000 rw-s 00000000 00:05 1110                             /dev/nvidiactl
205200000-300200000 ---p 00000000 00:00 0 
616800000-635400000 rw-p 00000000 00:00 0 
635400000-7ffc00000 ---p 00000000 00:00 0 
7ffc00000-7ffd08000 rw-p 00ced000 103:02 17172987                        /usr/lib/jvm/java-21-openjdk-amd64/lib/server/classes.jsa
7ffd08000-800000000 rw-p 00000000 00:00 0 
10000000000-10004000000 ---p 00000000 00:00 0 
61e6d5f6a000-61e6d5f6b000 r--p 00000000 103:02 17172834                  /usr/lib/jvm/java-21-openjdk-amd64/bin/java
61e6d5f6b000-61e6d5f6c000 r-xp 00001000 103:02 17172834                  /usr/lib/jvm/java-21-openjdk-amd64/bin/java
61e6d5f6c000-61e6d5f6d000 r--p 00002000 103:02 17172834                  /usr/lib/jvm/java-21-openjdk-amd64/bin/java
61e6d5f6d000-61e6d5f6e000 r--p 00002000 103:02 17172834                  /usr/lib/jvm/java-21-openjdk-amd64/bin/java
61e6d5f6e000-61e6d5f6f000 rw-p 00003000 103:02 17172834                  /usr/lib/jvm/java-21-openjdk-amd64/bin/java
61e6d7403000-61e6d744a000 rw-p 00000000 00:00 0                          [heap]
755232000000-75523a000000 ---p 00000000 00:00 0 
75523c000000-75523e000000 ---p 00000000 00:00 0 
755240000000-755250000000 ---p 00000000 00:00 0 
755254000000-755254400000 ---p 00000000 00:00 0 
755254400000-755254600000 rw-s 00000000 00:05 1110                       /dev/nvidiactl
755254600000-755254800000 rw-s 00000000 00:01 14494                      /dev/zero (deleted)
755254800000-755254a00000 rw-s 00000000 00:01 14495                      /dev/zero (deleted)
755254a00000-755255000000 ---p 00000000 00:00 0 
755255000000-755255200000 rw-s 00000000 00:05 1110                       /dev/nvidiactl
755255200000-755255400000 ---p 00000000 00:00 0 
755255400000-755255600000 rw-s 00000000 00:01 12345                      /dev/zero (deleted)
755255600000-755255b33000 rw-s 00000000 00:05 1110                       /dev/nvidiactl
755255b33000-755256000000 ---p 00000000 00:00 0 
755258000000-755258021000 rw-p 00000000 00:00 0 
755258021000-75525c000000 ---p 00000000 00:00 0 
75525e000000-755264000000 ---p 00000000 00:00 0 
755264000000-755264021000 rw-p 00000000 00:00 0 
755264021000-755268000000 ---p 00000000 00:00 0 
755268200000-755285463000 r-xp 00000000 103:02 16524125                  /usr/lib/x86_64-linux-gnu/libcublasLt.so.12.0.2.224
755285463000-755285663000 ---p 1d263000 103:02 16524125                  /usr/lib/x86_64-linux-gnu/libcublasLt.so.12.0.2.224
755285663000-755285893000 r--p 1d263000 103:02 16524125                  /usr/lib/x86_64-linux-gnu/libcublasLt.so.12.0.2.224
755285893000-755286827000 rw-p 1d493000 103:02 16524125                  /usr/lib/x86_64-linux-gnu/libcublasLt.so.12.0.2.224
755286827000-75528900f000 rw-p 00000000 00:00 0 
755289400000-75528fa67000 r-xp 00000000 103:02 16524127                  /usr/lib/x86_64-linux-gnu/libcublas.so.12.0.2.224
75528fa67000-75528fc67000 ---p 06667000 103:02 16524127                  /usr/lib/x86_64-linux-gnu/libcublas.so.12.0.2.224
75528fc67000-75528fc6e000 r--p 06667000 103:02 16524127                  /usr/lib/x86_64-linux-gnu/libcublas.so.12.0.2.224
75528fc6e000-75528fc75000 rw-p 0666e000 103:02 16524127                  /usr/lib/x86_64-linux-gnu/libcublas.so.12.0.2.224
75528fc75000-75528fc7d000 rw-p 00000000 00:00 0 
755290000000-755290021000 rw-p 00000000 00:00 0 
755290021000-755294000000 ---p 00000000 00:00 0 
755298000000-755298069000 rw-p 00000000 00:00 0 
755298069000-75529c000000 ---p 00000000 00:00 0 
75529c000000-75529c021000 rw-p 00000000 00:00 0 
75529c021000-7552a0000000 ---p 00000000 00:00 0 
7552a4000000-7552a406c000 rw-p 00000000 00:00 0 
7552a406c000-7552a8000000 ---p 00000000 00:00 0 
7552a8000000-7552a804f000 rw-p 00000000 00:00 0 
7552a804f000-7552ac000000 ---p 00000000 00:00 0 
7552b0000000-7552b0063000 rw-p 00000000 00:00 0 
7552b0063000-7552b4000000 ---p 00000000 00:00 0 
7552b4000000-7552b4021000 rw-p 00000000 00:00 0 
7552b4021000-7552b8000000 ---p 00000000 00:00 0 
7552bc000000-7552bc111000 rw-p 00000000 00:00 0 
7552bc111000-7552c0000000 ---p 00000000 00:00 0 
7552c0000000-7552c0112000 rw-p 00000000 00:00 0 
7552c0112000-7552c4000000 ---p 00000000 00:00 0 
7552c8000000-7552c8021000 rw-p 00000000 00:00 0 
7552c8021000-7552cc000000 ---p 00000000 00:00 0 
7552cc000000-7552cc021000 rw-p 00000000 00:00 0 
7552cc021000-7552d0000000 ---p 00000000 00:00 0 
7552d4000000-7552d4021000 rw-p 00000000 00:00 0 
7552d4021000-7552d8000000 ---p 00000000 00:00 0 
7552d8000000-7552d8021000 rw-p 00000000 00:00 0 
7552d8021000-7552dc000000 ---p 00000000 00:00 0 
7552e0000000-7552e0021000 rw-p 00000000 00:00 0 
7552e0021000-7552e4000000 ---p 00000000 00:00 0 
7552e4000000-7552e4021000 rw-p 00000000 00:00 0 
7552e4021000-7552e8000000 ---p 00000000 00:00 0 
7552eb000000-7552eb2dc000 rw-p 00000000 00:00 0 
7552eb400000-7552eb4e4000 r-xp 00000000 103:02 18219055                  /tmp/libJCudaDriver-12.0.0-linux-x86_64.so
7552eb4e4000-7552eb6e4000 ---p 000e4000 103:02 18219055                  /tmp/libJCudaDriver-12.0.0-linux-x86_64.so
7552eb6e4000-7552eb6e9000 r--p 000e4000 103:02 18219055                  /tmp/libJCudaDriver-12.0.0-linux-x86_64.so
7552eb6e9000-7552eb6eb000 rw-p 000e9000 103:02 18219055                  /tmp/libJCudaDriver-12.0.0-linux-x86_64.so
7552eb6eb000-7552eb6ed000 rw-p 00000000 00:00 0 
7552eba00000-7552ebac7000 r-xp 00000000 103:02 18219052                  /tmp/libJCudaRuntime-12.0.0-linux-x86_64.so
7552ebac7000-7552ebcc7000 ---p 000c7000 103:02 18219052                  /tmp/libJCudaRuntime-12.0.0-linux-x86_64.so
7552ebcc7000-7552ebccc000 r--p 000c7000 103:02 18219052                  /tmp/libJCudaRuntime-12.0.0-linux-x86_64.so
7552ebccc000-7552ebccd000 rw-p 000cc000 103:02 18219052                  /tmp/libJCudaRuntime-12.0.0-linux-x86_64.so
7552ebccd000-7552ebccf000 rw-p 00000000 00:00 0 
7552ec000000-7552ec210000 rw-p 00000000 00:00 0 
7552ec210000-7552ec400000 ---p 00000000 00:00 0 
7552ec400000-7552ec500000 rw-p 00000000 00:00 0 
7552ec500000-7552f0000000 ---p 00000000 00:00 0 
7552f0000000-7552f0021000 rw-p 00000000 00:00 0 
7552f0021000-7552f4000000 ---p 00000000 00:00 0 
7552f4200000-7552f4201000 ---p 00000000 00:00 0 
7552f4201000-7552f4a01000 rw-p 00000000 00:00 0 
7552f4c00000-7552f4c01000 rw-s 00000000 00:05 1110                       /dev/nvidiactl
7552f4c01000-7552f4c02000 rw-s 00000000 00:05 1110                       /dev/nvidiactl
7552f4c02000-7552f4c03000 rw-s 00000000 00:05 1110                       /dev/nvidiactl
7552f4c03000-7552f4c04000 rw-s 00000000 00:05 1110                       /dev/nvidiactl
7552f4c04000-7552f4c05000 rw-s 00000000 00:05 1110                       /dev/nvidiactl
7552f4c05000-7552f4c06000 rw-s 00000000 00:05 1110                       /dev/nvidiactl
7552f4c06000-7552f4c07000 rw-s 00000000 00:05 1110                       /dev/nvidiactl
7552f4c07000-7552f4c08000 rw-s 00000000 00:05 1110                       /dev/nvidiactl
7552f4c08000-7552f4c09000 rw-s 00000000 00:05 1110                       /dev/nvidiactl
7552f4c09000-7552f4c0a000 rw-s 00000000 00:05 1110                       /dev/nvidiactl
7552f4c0a000-7552f4c0b000 rw-s 00000000 00:05 1110                       /dev/nvidiactl
7552f4c0b000-7552f4c0c000 rw-s 00000000 00:05 1110                       /dev/nvidiactl
7552f4c0c000-7552f4c0d000 rw-s 00000000 00:05 1110                       /dev/nvidiactl
7552f4c0d000-7552f4c0e000 rw-s 00000000 00:05 1110                       /dev/nvidiactl
7552f4c0e000-7552f4c0f000 rw-s 00000000 00:05 1110                       /dev/nvidiactl
7552f4c0f000-7552f4c10000 rw-s 00000000 00:05 1110                       /dev/nvidiactl
7552f4c10000-7552f5c21000 ---p 00000000 00:00 0 
7552f5e00000-7552f6e21000 ---p 00000000 00:00 0 
7552f7000000-7552f7cae000 rw-p 00001000 103:02 17172987                  /usr/lib/jvm/java-21-openjdk-amd64/lib/server/classes.jsa
7552f7cae000-7552f8000000 ---p 00000000 00:00 0 
7552f8000000-7552f8030000 rw-p 00000000 00:00 0 
7552f8030000-7552f8040000 ---p 00000000 00:00 0 
7552f8040000-7552f8070000 rw-p 00000000 00:00 0 
7552f8070000-755338000000 ---p 00000000 00:00 0 
755338000000-755338021000 rw-p 00000000 00:00 0 
755338021000-75533c000000 ---p 00000000 00:00 0 
75533c000000-75533c021000 rw-p 00000000 00:00 0 
75533c021000-755340000000 ---p 00000000 00:00 0 
755340400000-75534317c000 r-xp 00000000 103:02 16526206                  /usr/lib/x86_64-linux-gnu/libnvrtc.so.12.0.140
75534317c000-75534337c000 ---p 02d7c000 103:02 16526206                  /usr/lib/x86_64-linux-gnu/libnvrtc.so.12.0.140
75534337c000-755343a4f000 r--p 02d7c000 103:02 16526206                  /usr/lib/x86_64-linux-gnu/libnvrtc.so.12.0.140
755343a4f000-755343b1b000 rw-p 0344f000 103:02 16526206                  /usr/lib/x86_64-linux-gnu/libnvrtc.so.12.0.140
755343b1b000-755343c1c000 rw-p 00000000 00:00 0 
755344000000-755344021000 rw-p 00000000 00:00 0 
755344021000-755348000000 ---p 00000000 00:00 0 
755348000000-755348021000 rw-p 00000000 00:00 0 
755348021000-75534c000000 ---p 00000000 00:00 0 
75534c000000-75534c200000 rw-s 00000000 00:01 14496                      /dev/zero (deleted)
75534c200000-75534c201000 ---p 00000000 00:00 0 
75534c201000-75534ca01000 rw-p 00000000 00:00 0 
75534cc00000-75534ce5a000 rw-p 00000000 00:00 0 
75534cec3000-75534cedc000 r--p 00000000 103:02 16530316                  /usr/lib/x86_64-linux-gnu/libX11.so.6.4.0
75534cedc000-75534cf6c000 r-xp 00019000 103:02 16530316                  /usr/lib/x86_64-linux-gnu/libX11.so.6.4.0
75534cf6c000-75534cffb000 r--p 000a9000 103:02 16530316                  /usr/lib/x86_64-linux-gnu/libX11.so.6.4.0
75534cffb000-75534cffc000 r--p 00138000 103:02 16530316                  /usr/lib/x86_64-linux-gnu/libX11.so.6.4.0
75534cffc000-75534d000000 rw-p 00139000 103:02 16530316                  /usr/lib/x86_64-linux-gnu/libX11.so.6.4.0
75534d000000-75534d001000 ---p 00000000 00:00 0 
75534d001000-75534d801000 rw-p 00000000 00:00 0 
75534d88a000-75534d88e000 r--p 00000000 103:02 16530777                  /usr/lib/x86_64-linux-gnu/libjpeg.so.8.2.2
75534d88e000-75534d8db000 r-xp 00004000 103:02 16530777                  /usr/lib/x86_64-linux-gnu/libjpeg.so.8.2.2
75534d8db000-75534d90b000 r--p 00051000 103:02 16530777                  /usr/lib/x86_64-linux-gnu/libjpeg.so.8.2.2
75534d90b000-75534d90c000 r--p 00081000 103:02 16530777                  /usr/lib/x86_64-linux-gnu/libjpeg.so.8.2.2
75534d90c000-75534d90d000 rw-p 00082000 103:02 16530777                  /usr/lib/x86_64-linux-gnu/libjpeg.so.8.2.2
75534d90d000-75534d92b000 r--p 00000000 103:02 17172951                  /usr/lib/jvm/java-21-openjdk-amd64/lib/libawt.so
75534d92b000-75534d9c2000 r-xp 0001e000 103:02 17172951                  /usr/lib/jvm/java-21-openjdk-amd64/lib/libawt.so
75534d9c2000-75534d9cf000 r--p 000b5000 103:02 17172951                  /usr/lib/jvm/java-21-openjdk-amd64/lib/libawt.so
75534d9cf000-75534d9d0000 r--p 000c1000 103:02 17172951                  /usr/lib/jvm/java-21-openjdk-amd64/lib/libawt.so
75534d9d0000-75534d9db000 rw-p 000c2000 103:02 17172951                  /usr/lib/jvm/java-21-openjdk-amd64/lib/libawt.so
75534d9db000-75534da00000 rw-p 00000000 00:00 0 
75534da00000-75534dade000 r--p 00000000 103:02 16552573                  /usr/lib/x86_64-linux-gnu/libcuda.so.550.107.02
75534dade000-75534dfb3000 r-xp 000de000 103:02 16552573                  /usr/lib/x86_64-linux-gnu/libcuda.so.550.107.02
75534dfb3000-75534f44e000 r--p 005b3000 103:02 16552573                  /usr/lib/x86_64-linux-gnu/libcuda.so.550.107.02
75534f44e000-75534f44f000 ---p 01a4e000 103:02 16552573                  /usr/lib/x86_64-linux-gnu/libcuda.so.550.107.02
75534f44f000-75534f467000 r--p 01a4e000 103:02 16552573                  /usr/lib/x86_64-linux-gnu/libcuda.so.550.107.02
75534f467000-75534f562000 rw-p 01a66000 103:02 16552573                  /usr/lib/x86_64-linux-gnu/libcuda.so.550.107.02
75534f562000-75534f5cb000 rw-p 00000000 00:00 0 
75534f600000-75534f738000 r-xp 00000000 103:02 18219051                  /tmp/libJCublas2-12.0.0-linux-x86_64.so
75534f738000-75534f938000 ---p 00138000 103:02 18219051                  /tmp/libJCublas2-12.0.0-linux-x86_64.so
75534f938000-75534f93d000 r--p 00138000 103:02 18219051                  /tmp/libJCublas2-12.0.0-linux-x86_64.so
75534f93d000-75534f93f000 rw-p 0013d000 103:02 18219051                  /tmp/libJCublas2-12.0.0-linux-x86_64.so
75534f93f000-75534f941000 rw-p 00000000 00:00 0 
75534f942000-75534f954000 r--p 00000000 103:02 17173114                  /usr/lib/jvm/java-21-openjdk-amd64/lib/libawt_xawt.so
75534f954000-75534f99b000 r-xp 00012000 103:02 17173114                  /usr/lib/jvm/java-21-openjdk-amd64/lib/libawt_xawt.so
75534f99b000-75534f9b3000 r--p 00059000 103:02 17173114                  /usr/lib/jvm/java-21-openjdk-amd64/lib/libawt_xawt.so
75534f9b3000-75534f9b8000 r--p 00070000 103:02 17173114                  /usr/lib/jvm/java-21-openjdk-amd64/lib/libawt_xawt.so
75534f9b8000-75534f9ba000 rw-p 00075000 103:02 17173114                  /usr/lib/jvm/java-21-openjdk-amd64/lib/libawt_xawt.so
75534f9ba000-75534fc00000 rw-p 00000000 00:00 0 
75534fc00000-75534fc04000 ---p 00000000 00:00 0 
75534fc04000-75534fd00000 rw-p 00000000 00:00 0 
75534fd00000-75534fd04000 ---p 00000000 00:00 0 
75534fd04000-75534fe00000 rw-p 00000000 00:00 0 
75534fe00000-75534fe04000 ---p 00000000 00:00 0 
75534fe04000-75534ff00000 rw-p 00000000 00:00 0 
75534ff00000-75534ff04000 ---p 00000000 00:00 0 
75534ff04000-755350000000 rw-p 00000000 00:00 0 
755350000000-755350021000 rw-p 00000000 00:00 0 
755350021000-755354004000 ---p 00000000 00:00 0 
755354004000-755354100000 rw-p 00000000 00:00 0 
755354100000-755354104000 ---p 00000000 00:00 0 
755354104000-755354200000 rw-p 00000000 00:00 0 
755354200000-755354204000 ---p 00000000 00:00 0 
755354204000-755354300000 rw-p 00000000 00:00 0 
755354300000-755354304000 ---p 00000000 00:00 0 
755354304000-755354400000 rw-p 00000000 00:00 0 
755354400000-755354404000 ---p 00000000 00:00 0 
755354404000-755354500000 rw-p 00000000 00:00 0 
755354500000-755354504000 ---p 00000000 00:00 0 
755354504000-755354600000 rw-p 00000000 00:00 0 
755354600000-755354604000 ---p 00000000 00:00 0 
755354604000-755354700000 rw-p 00000000 00:00 0 
755354700000-755354704000 ---p 00000000 00:00 0 
755354704000-755354800000 rw-p 00000000 00:00 0 
755354800000-755354804000 ---p 00000000 00:00 0 
755354804000-755354900000 rw-p 00000000 00:00 0 
755354900000-755354904000 ---p 00000000 00:00 0 
755354904000-755354a00000 rw-p 00000000 00:00 0 
755354a00000-7553557ec000 r--p 00000000 103:02 16521112                  /usr/lib/locale/locale-archive
7553557ed000-7553557ef000 r--p 00000000 103:02 16530828                  /usr/lib/x86_64-linux-gnu/libmd.so.0.1.0
7553557ef000-7553557f8000 r-xp 00002000 103:02 16530828                  /usr/lib/x86_64-linux-gnu/libmd.so.0.1.0
7553557f8000-7553557fa000 r--p 0000b000 103:02 16530828                  /usr/lib/x86_64-linux-gnu/libmd.so.0.1.0
7553557fa000-7553557fb000 r--p 0000c000 103:02 16530828                  /usr/lib/x86_64-linux-gnu/libmd.so.0.1.0
7553557fb000-7553557fc000 rw-p 0000d000 103:02 16530828                  /usr/lib/x86_64-linux-gnu/libmd.so.0.1.0
7553557fc000-7553557fd000 ---p 00000000 00:00 0 
7553557fd000-7553558fd000 rw-p 00000000 00:00 0 
7553558fd000-7553558fe000 ---p 00000000 00:00 0 
7553558fe000-7553559fe000 rw-p 00000000 00:00 0 
7553559fe000-7553559ff000 ---p 00000000 00:00 0 
7553559ff000-755355aff000 rw-p 00000000 00:00 0 
755355aff000-755355b00000 ---p 00000000 00:00 0 
755355b00000-755355c00000 rw-p 00000000 00:00 0 
755355c00000-7553583b0000 rw-p 00000000 00:00 0 
7553583b0000-75535f650000 ---p 00000000 00:00 0 
75535f650000-75535f660000 rw-p 00000000 00:00 0 
75535f668000-75535f66c000 r--p 00000000 103:02 16530470                  /usr/lib/x86_64-linux-gnu/libbsd.so.0.12.1
75535f66c000-75535f678000 r-xp 00004000 103:02 16530470                  /usr/lib/x86_64-linux-gnu/libbsd.so.0.12.1
75535f678000-75535f67b000 r--p 00010000 103:02 16530470                  /usr/lib/x86_64-linux-gnu/libbsd.so.0.12.1
75535f67b000-75535f67c000 r--p 00012000 103:02 16530470                  /usr/lib/x86_64-linux-gnu/libbsd.so.0.12.1
75535f67c000-75535f67d000 rw-p 00013000 103:02 16530470                  /usr/lib/x86_64-linux-gnu/libbsd.so.0.12.1
75535f67d000-75535f8f6000 rw-p 00000000 00:00 0 
75535f8f6000-75536074a000 ---p 00000000 00:00 0 
75536074a000-75536074c000 rw-p 00000000 00:00 0 
755360757000-755360759000 r--p 00000000 103:02 16530323                  /usr/lib/x86_64-linux-gnu/libXdmcp.so.6.0.0
755360759000-75536075b000 r-xp 00002000 103:02 16530323                  /usr/lib/x86_64-linux-gnu/libXdmcp.so.6.0.0
75536075b000-75536075d000 r--p 00004000 103:02 16530323                  /usr/lib/x86_64-linux-gnu/libXdmcp.so.6.0.0
75536075d000-75536075e000 r--p 00005000 103:02 16530323                  /usr/lib/x86_64-linux-gnu/libXdmcp.so.6.0.0
75536075e000-75536075f000 rw-p 00006000 103:02 16530323                  /usr/lib/x86_64-linux-gnu/libXdmcp.so.6.0.0
75536075f000-755360800000 rw-p 00000000 00:00 0 
755360800000-755360a70000 rwxp 00000000 00:00 0 
755360a70000-755367c5f000 ---p 00000000 00:00 0 
755367c5f000-755367f8f000 rwxp 00000000 00:00 0 
755367f8f000-7553683a0000 ---p 00000000 00:00 0 
7553683a0000-755368610000 rwxp 00000000 00:00 0 
755368610000-75536f800000 ---p 00000000 00:00 0 
75536f800000-755377e02000 r--s 00000000 103:02 17172984                  /usr/lib/jvm/java-21-openjdk-amd64/lib/modules
755377e05000-755377e10000 r--p 00000000 103:02 16531187                  /usr/lib/x86_64-linux-gnu/libxcb.so.1.1.0
755377e10000-755377e23000 r-xp 0000b000 103:02 16531187                  /usr/lib/x86_64-linux-gnu/libxcb.so.1.1.0
755377e23000-755377e2c000 r--p 0001e000 103:02 16531187                  /usr/lib/x86_64-linux-gnu/libxcb.so.1.1.0
755377e2c000-755377e2d000 r--p 00026000 103:02 16531187                  /usr/lib/x86_64-linux-gnu/libxcb.so.1.1.0
755377e2d000-755377e2e000 rw-p 00027000 103:02 16531187                  /usr/lib/x86_64-linux-gnu/libxcb.so.1.1.0
755377e2e000-755377e33000 r--p 00000000 103:02 17172968                  /usr/lib/jvm/java-21-openjdk-amd64/lib/libjsvml.so
755377e33000-755377e74000 r-xp 00005000 103:02 17172968                  /usr/lib/jvm/java-21-openjdk-amd64/lib/libjsvml.so
755377e74000-755377efd000 r--p 00046000 103:02 17172968                  /usr/lib/jvm/java-21-openjdk-amd64/lib/libjsvml.so
755377efd000-755377efe000 r--p 000ce000 103:02 17172968                  /usr/lib/jvm/java-21-openjdk-amd64/lib/libjsvml.so
755377efe000-755377eff000 rw-p 000cf000 103:02 17172968                  /usr/lib/jvm/java-21-openjdk-amd64/lib/libjsvml.so
755377eff000-75537aba7000 rw-p 00000000 00:00 0 
75537aba7000-75537c000000 ---p 00000000 00:00 0 
75537c002000-75537c003000 r--p 00000000 103:02 16530318                  /usr/lib/x86_64-linux-gnu/libXau.so.6.0.0
75537c003000-75537c005000 r-xp 00001000 103:02 16530318                  /usr/lib/x86_64-linux-gnu/libXau.so.6.0.0
75537c005000-75537c006000 r--p 00003000 103:02 16530318                  /usr/lib/x86_64-linux-gnu/libXau.so.6.0.0
75537c006000-75537c007000 r--p 00003000 103:02 16530318                  /usr/lib/x86_64-linux-gnu/libXau.so.6.0.0
75537c007000-75537c008000 rw-p 00004000 103:02 16530318                  /usr/lib/x86_64-linux-gnu/libXau.so.6.0.0
75537c008000-75537c00b000 r--p 00000000 103:02 16530328                  /usr/lib/x86_64-linux-gnu/libXi.so.6.1.0
75537c00b000-75537c017000 r-xp 00003000 103:02 16530328                  /usr/lib/x86_64-linux-gnu/libXi.so.6.1.0
75537c017000-75537c019000 r--p 0000f000 103:02 16530328                  /usr/lib/x86_64-linux-gnu/libXi.so.6.1.0
75537c019000-75537c01a000 r--p 00011000 103:02 16530328                  /usr/lib/x86_64-linux-gnu/libXi.so.6.1.0
75537c01a000-75537c01b000 rw-p 00012000 103:02 16530328                  /usr/lib/x86_64-linux-gnu/libXi.so.6.1.0
75537c01b000-75537c01d000 r--p 00000000 103:02 16530337                  /usr/lib/x86_64-linux-gnu/libXtst.so.6.1.0
75537c01d000-75537c020000 r-xp 00002000 103:02 16530337                  /usr/lib/x86_64-linux-gnu/libXtst.so.6.1.0
75537c020000-75537c021000 r--p 00005000 103:02 16530337                  /usr/lib/x86_64-linux-gnu/libXtst.so.6.1.0
75537c021000-75537c022000 r--p 00005000 103:02 16530337                  /usr/lib/x86_64-linux-gnu/libXtst.so.6.1.0
75537c022000-75537c023000 rw-p 00006000 103:02 16530337                  /usr/lib/x86_64-linux-gnu/libXtst.so.6.1.0
75537c023000-75537c025000 r--p 00000000 103:02 16530334                  /usr/lib/x86_64-linux-gnu/libXrender.so.1.3.0
75537c025000-75537c02c000 r-xp 00002000 103:02 16530334                  /usr/lib/x86_64-linux-gnu/libXrender.so.1.3.0
75537c02c000-75537c02d000 r--p 00009000 103:02 16530334                  /usr/lib/x86_64-linux-gnu/libXrender.so.1.3.0
75537c02d000-75537c02e000 r--p 00009000 103:02 16530334                  /usr/lib/x86_64-linux-gnu/libXrender.so.1.3.0
75537c02e000-75537c02f000 rw-p 0000a000 103:02 16530334                  /usr/lib/x86_64-linux-gnu/libXrender.so.1.3.0
75537c02f000-75537cbfe000 rw-p 00000000 00:00 0 
75537cbfe000-75537cbff000 ---p 00000000 00:00 0 
75537cbff000-75537ccff000 rw-p 00000000 00:00 0 
75537ccff000-75537cd00000 ---p 00000000 00:00 0 
75537cd00000-75537ce00000 rw-p 00000000 00:00 0 
75537ce00000-75537cef6000 rw-p 00000000 00:00 0 
75537cef6000-75537dd4a000 ---p 00000000 00:00 0 
75537dd4a000-75537dd4c000 rw-p 00000000 00:00 0 
75537dd51000-75537de20000 rw-p 00000000 00:00 0 
75537de20000-75537de21000 ---p 00000000 00:00 0 
75537de21000-75537df21000 rw-p 00000000 00:00 0 
75537df21000-75537ec33000 rw-p 00000000 00:00 0 
75537ec33000-75537ed17000 ---p 00000000 00:00 0 
75537ed17000-75537ed1c000 rw-p 00000000 00:00 0 
75537ed1c000-75537ee00000 ---p 00000000 00:00 0 
75537ee00000-75537ee9d000 r--p 00000000 103:02 16543594                  /usr/lib/x86_64-linux-gnu/libstdc++.so.6.0.33
75537ee9d000-75537efe5000 r-xp 0009d000 103:02 16543594                  /usr/lib/x86_64-linux-gnu/libstdc++.so.6.0.33
75537efe5000-75537f06c000 r--p 001e5000 103:02 16543594                  /usr/lib/x86_64-linux-gnu/libstdc++.so.6.0.33
75537f06c000-75537f077000 r--p 0026b000 103:02 16543594                  /usr/lib/x86_64-linux-gnu/libstdc++.so.6.0.33
75537f077000-75537f07a000 rw-p 00276000 103:02 16543594                  /usr/lib/x86_64-linux-gnu/libstdc++.so.6.0.33
75537f07a000-75537f07e000 rw-p 00000000 00:00 0 
75537f07e000-75537f082000 r--p 00000000 103:02 16530324                  /usr/lib/x86_64-linux-gnu/libXext.so.6.4.0
75537f082000-75537f08d000 r-xp 00004000 103:02 16530324                  /usr/lib/x86_64-linux-gnu/libXext.so.6.4.0
75537f08d000-75537f090000 r--p 0000f000 103:02 16530324                  /usr/lib/x86_64-linux-gnu/libXext.so.6.4.0
75537f090000-75537f091000 r--p 00011000 103:02 16530324                  /usr/lib/x86_64-linux-gnu/libXext.so.6.4.0
75537f091000-75537f092000 rw-p 00012000 103:02 16530324                  /usr/lib/x86_64-linux-gnu/libXext.so.6.4.0
75537f093000-75537f09a000 r--s 00000000 103:02 16532226                  /usr/lib/x86_64-linux-gnu/gconv/gconv-modules.cache
75537f09a000-75537f09c000 r--p 00000000 103:02 17172962                  /usr/lib/jvm/java-21-openjdk-amd64/lib/libjavajpeg.so
75537f09c000-75537f0a3000 r-xp 00002000 103:02 17172962                  /usr/lib/jvm/java-21-openjdk-amd64/lib/libjavajpeg.so
75537f0a3000-75537f0a4000 r--p 00009000 103:02 17172962                  /usr/lib/jvm/java-21-openjdk-amd64/lib/libjavajpeg.so
75537f0a4000-75537f0a5000 r--p 0000a000 103:02 17172962                  /usr/lib/jvm/java-21-openjdk-amd64/lib/libjavajpeg.so
75537f0a5000-75537f0a6000 rw-p 0000b000 103:02 17172962                  /usr/lib/jvm/java-21-openjdk-amd64/lib/libjavajpeg.so
75537f0a6000-75537f0a7000 r--p 00000000 103:02 16530540                  /usr/lib/x86_64-linux-gnu/libdl.so.2
75537f0a7000-75537f0a8000 r-xp 00001000 103:02 16530540                  /usr/lib/x86_64-linux-gnu/libdl.so.2
75537f0a8000-75537f0a9000 r--p 00002000 103:02 16530540                  /usr/lib/x86_64-linux-gnu/libdl.so.2
75537f0a9000-75537f0aa000 r--p 00002000 103:02 16530540                  /usr/lib/x86_64-linux-gnu/libdl.so.2
75537f0aa000-75537f0ab000 rw-p 00003000 103:02 16530540                  /usr/lib/x86_64-linux-gnu/libdl.so.2
75537f0af000-75537f0bf000 -w-s 00000000 00:05 1111                       /dev/nvidia0
75537f0bf000-75537f100000 rw-p 00000000 00:00 0 
75537f100000-75537f104000 ---p 00000000 00:00 0 
75537f104000-75537f200000 rw-p 00000000 00:00 0 
75537f200000-75537f496000 r--p 00000000 103:02 17172990                  /usr/lib/jvm/java-21-openjdk-amd64/lib/server/libjvm.so
75537f496000-7553802fe000 r-xp 00296000 103:02 17172990                  /usr/lib/jvm/java-21-openjdk-amd64/lib/server/libjvm.so
7553802fe000-7553805d1000 r--p 010fe000 103:02 17172990                  /usr/lib/jvm/java-21-openjdk-amd64/lib/server/libjvm.so
7553805d1000-7553806a1000 r--p 013d0000 103:02 17172990                  /usr/lib/jvm/java-21-openjdk-amd64/lib/server/libjvm.so
7553806a1000-7553806d1000 rw-p 014a0000 103:02 17172990                  /usr/lib/jvm/java-21-openjdk-amd64/lib/server/libjvm.so
7553806d1000-755380737000 rw-p 00000000 00:00 0 
75538073a000-75538073b000 r--p 00000000 103:02 16531006                  /usr/lib/x86_64-linux-gnu/librt.so.1
75538073b000-75538073c000 r-xp 00001000 103:02 16531006                  /usr/lib/x86_64-linux-gnu/librt.so.1
75538073c000-75538073d000 r--p 00002000 103:02 16531006                  /usr/lib/x86_64-linux-gnu/librt.so.1
75538073d000-75538073e000 r--p 00002000 103:02 16531006                  /usr/lib/x86_64-linux-gnu/librt.so.1
75538073e000-75538073f000 rw-p 00003000 103:02 16531006                  /usr/lib/x86_64-linux-gnu/librt.so.1
75538073f000-755380740000 r--p 00000000 103:02 16530978                  /usr/lib/x86_64-linux-gnu/libpthread.so.0
755380740000-755380741000 r-xp 00001000 103:02 16530978                  /usr/lib/x86_64-linux-gnu/libpthread.so.0
755380741000-755380742000 r--p 00002000 103:02 16530978                  /usr/lib/x86_64-linux-gnu/libpthread.so.0
755380742000-755380743000 r--p 00002000 103:02 16530978                  /usr/lib/x86_64-linux-gnu/libpthread.so.0
755380743000-755380744000 rw-p 00003000 103:02 16530978                  /usr/lib/x86_64-linux-gnu/libpthread.so.0
755380744000-755380800000 rw-p 00000000 00:00 0 
755380800000-755380828000 r--p 00000000 103:02 16530474                  /usr/lib/x86_64-linux-gnu/libc.so.6
755380828000-7553809b0000 r-xp 00028000 103:02 16530474                  /usr/lib/x86_64-linux-gnu/libc.so.6
7553809b0000-7553809ff000 r--p 001b0000 103:02 16530474                  /usr/lib/x86_64-linux-gnu/libc.so.6
7553809ff000-755380a03000 r--p 001fe000 103:02 16530474                  /usr/lib/x86_64-linux-gnu/libc.so.6
755380a03000-755380a05000 rw-p 00202000 103:02 16530474                  /usr/lib/x86_64-linux-gnu/libc.so.6
755380a05000-755380a12000 rw-p 00000000 00:00 0 
755380a13000-755380a15000 r--p 00000000 103:02 17172983                  /usr/lib/jvm/java-21-openjdk-amd64/lib/libzip.so
755380a15000-755380a1a000 r-xp 00002000 103:02 17172983                  /usr/lib/jvm/java-21-openjdk-amd64/lib/libzip.so
755380a1a000-755380a1c000 r--p 00007000 103:02 17172983                  /usr/lib/jvm/java-21-openjdk-amd64/lib/libzip.so
755380a1c000-755380a1d000 r--p 00008000 103:02 17172983                  /usr/lib/jvm/java-21-openjdk-amd64/lib/libzip.so
755380a1d000-755380a1e000 rw-p 00009000 103:02 17172983                  /usr/lib/jvm/java-21-openjdk-amd64/lib/libzip.so
755380a1e000-755380a21000 r--p 00000000 103:02 17172975                  /usr/lib/jvm/java-21-openjdk-amd64/lib/libnet.so
755380a21000-755380a29000 r-xp 00003000 103:02 17172975                  /usr/lib/jvm/java-21-openjdk-amd64/lib/libnet.so
755380a29000-755380a2b000 r--p 0000b000 103:02 17172975                  /usr/lib/jvm/java-21-openjdk-amd64/lib/libnet.so
755380a2b000-755380a2c000 r--p 0000c000 103:02 17172975                  /usr/lib/jvm/java-21-openjdk-amd64/lib/libnet.so
755380a2c000-755380a2d000 rw-p 0000d000 103:02 17172975                  /usr/lib/jvm/java-21-openjdk-amd64/lib/libnet.so
755380a2d000-755380a34000 r--p 00000000 103:02 17172976                  /usr/lib/jvm/java-21-openjdk-amd64/lib/libnio.so
755380a34000-755380a3d000 r-xp 00007000 103:02 17172976                  /usr/lib/jvm/java-21-openjdk-amd64/lib/libnio.so
755380a3d000-755380a41000 r--p 00010000 103:02 17172976                  /usr/lib/jvm/java-21-openjdk-amd64/lib/libnio.so
755380a41000-755380a42000 r--p 00014000 103:02 17172976                  /usr/lib/jvm/java-21-openjdk-amd64/lib/libnio.so
755380a42000-755380a43000 rw-p 00015000 103:02 17172976                  /usr/lib/jvm/java-21-openjdk-amd64/lib/libnio.so
755380a43000-755380ac6000 rw-p 00000000 00:00 0 
755380ac6000-755380ace000 ---p 00000000 00:00 0 
755380ace000-755380adb000 r--p 00000000 103:02 17172961                  /usr/lib/jvm/java-21-openjdk-amd64/lib/libjava.so
755380adb000-755380aea000 r-xp 0000d000 103:02 17172961                  /usr/lib/jvm/java-21-openjdk-amd64/lib/libjava.so
755380aea000-755380aef000 r--p 0001c000 103:02 17172961                  /usr/lib/jvm/java-21-openjdk-amd64/lib/libjava.so
755380aef000-755380af0000 r--p 00021000 103:02 17172961                  /usr/lib/jvm/java-21-openjdk-amd64/lib/libjava.so
755380af0000-755380af1000 rw-p 00022000 103:02 17172961                  /usr/lib/jvm/java-21-openjdk-amd64/lib/libjava.so
755380af1000-755380af2000 rw-p 00000000 00:00 0 
755380af2000-755380af6000 r--p 00000000 103:02 16528598                  /usr/lib/x86_64-linux-gnu/libgcc_s.so.1
755380af6000-755380b1a000 r-xp 00004000 103:02 16528598                  /usr/lib/x86_64-linux-gnu/libgcc_s.so.1
755380b1a000-755380b1e000 r--p 00028000 103:02 16528598                  /usr/lib/x86_64-linux-gnu/libgcc_s.so.1
755380b1e000-755380b1f000 r--p 0002b000 103:02 16528598                  /usr/lib/x86_64-linux-gnu/libgcc_s.so.1
755380b1f000-755380b20000 rw-p 0002c000 103:02 16528598                  /usr/lib/x86_64-linux-gnu/libgcc_s.so.1
755380b20000-755380b30000 r--p 00000000 103:02 16530817                  /usr/lib/x86_64-linux-gnu/libm.so.6
755380b30000-755380baf000 r-xp 00010000 103:02 16530817                  /usr/lib/x86_64-linux-gnu/libm.so.6
755380baf000-755380c07000 r--p 0008f000 103:02 16530817                  /usr/lib/x86_64-linux-gnu/libm.so.6
755380c07000-755380c08000 r--p 000e7000 103:02 16530817                  /usr/lib/x86_64-linux-gnu/libm.so.6
755380c08000-755380c09000 rw-p 000e8000 103:02 16530817                  /usr/lib/x86_64-linux-gnu/libm.so.6
755380c09000-755380c0b000 rw-p 00000000 00:00 0 
755380c0b000-755380c0d000 r--p 00000000 103:02 17172965                  /usr/lib/jvm/java-21-openjdk-amd64/lib/libjli.so
755380c0d000-755380c17000 r-xp 00002000 103:02 17172965                  /usr/lib/jvm/java-21-openjdk-amd64/lib/libjli.so
755380c17000-755380c1a000 r--p 0000c000 103:02 17172965                  /usr/lib/jvm/java-21-openjdk-amd64/lib/libjli.so
755380c1a000-755380c1b000 r--p 0000f000 103:02 17172965                  /usr/lib/jvm/java-21-openjdk-amd64/lib/libjli.so
755380c1b000-755380c1c000 rw-p 00010000 103:02 17172965                  /usr/lib/jvm/java-21-openjdk-amd64/lib/libjli.so
755380c1c000-755380c1e000 r--p 00000000 103:02 16531205                  /usr/lib/x86_64-linux-gnu/libz.so.1.3
755380c1e000-755380c30000 r-xp 00002000 103:02 16531205                  /usr/lib/x86_64-linux-gnu/libz.so.1.3
755380c30000-755380c36000 r--p 00014000 103:02 16531205                  /usr/lib/x86_64-linux-gnu/libz.so.1.3
755380c36000-755380c37000 r--p 0001a000 103:02 16531205                  /usr/lib/x86_64-linux-gnu/libz.so.1.3
755380c37000-755380c38000 rw-p 0001b000 103:02 16531205                  /usr/lib/x86_64-linux-gnu/libz.so.1.3
755380c39000-755380c41000 rw-s 00000000 103:02 18219036                  /tmp/hsperfdata_dov/6396
755380c41000-755380c42000 ---p 00000000 00:00 0 
755380c42000-755380c43000 r--p 00000000 00:00 0 
755380c43000-755380c44000 ---p 00000000 00:00 0 
755380c44000-755380c46000 r--p 00000000 103:02 17172964                  /usr/lib/jvm/java-21-openjdk-amd64/lib/libjimage.so
755380c46000-755380c49000 r-xp 00002000 103:02 17172964                  /usr/lib/jvm/java-21-openjdk-amd64/lib/libjimage.so
755380c49000-755380c4a000 r--p 00005000 103:02 17172964                  /usr/lib/jvm/java-21-openjdk-amd64/lib/libjimage.so
755380c4a000-755380c4b000 r--p 00006000 103:02 17172964                  /usr/lib/jvm/java-21-openjdk-amd64/lib/libjimage.so
755380c4b000-755380c4c000 rw-p 00007000 103:02 17172964                  /usr/lib/jvm/java-21-openjdk-amd64/lib/libjimage.so
755380c4c000-755380c4e000 rw-p 00000000 00:00 0 
755380c4e000-755380c4f000 r--p 00000000 103:02 16530286                  /usr/lib/x86_64-linux-gnu/ld-linux-x86-64.so.2
755380c4f000-755380c7a000 r-xp 00001000 103:02 16530286                  /usr/lib/x86_64-linux-gnu/ld-linux-x86-64.so.2
755380c7a000-755380c84000 r--p 0002c000 103:02 16530286                  /usr/lib/x86_64-linux-gnu/ld-linux-x86-64.so.2
755380c84000-755380c86000 r--p 00036000 103:02 16530286                  /usr/lib/x86_64-linux-gnu/ld-linux-x86-64.so.2
755380c86000-755380c88000 rw-p 00038000 103:02 16530286                  /usr/lib/x86_64-linux-gnu/ld-linux-x86-64.so.2
7ffdce873000-7ffdce894000 rw-p 00000000 00:00 0                          [stack]
7ffdce8b6000-7ffdce8ba000 r--p 00000000 00:00 0                          [vvar]
7ffdce8ba000-7ffdce8bc000 r-xp 00000000 00:00 0                          [vdso]
ffffffffff600000-ffffffffff601000 --xp 00000000 00:00 0                  [vsyscall]
Total number of mappings: 403


VM Arguments:
jvm_args: -Dfile.encoding=UTF-8 --module-path=/home/dov/projects/NeighborhoodPIG/build/classes 
java_command: main.NeighborhoodPIG
java_class_path (initial): /home/dov/projects/Libraries/commons-math3/commons-math3-3.6.1-javadoc.jar:/home/dov/projects/Libraries/commons-math3/commons-math3-3.6.1-sources.jar:/home/dov/projects/Libraries/commons-math3/commons-math3-3.6.1-test-sources.jar:/home/dov/projects/Libraries/commons-math3/commons-math3-3.6.1-tests.jar:/home/dov/projects/Libraries/commons-math3/commons-math3-3.6.1-tools.jar:/home/dov/projects/Libraries/commons-math3/commons-math3-3.6.1.jar:/home/dov/projects/JCudaWrapper/jcuda12/jcublas-12.0.0.jar:/home/dov/projects/JCudaWrapper/jcuda12/jcublas-natives-12.0.0-linux-x86_64.jar:/home/dov/projects/JCudaWrapper/jcuda12/jcuda-12.0.0.jar:/home/dov/projects/JCudaWrapper/jcuda12/jcuda-natives-12.0.0-linux-x86_64.jar:/home/dov/projects/JCudaWrapper/jcuda12/jcudnn-12.0.0.jar:/home/dov/projects/JCudaWrapper/jcuda12/jcudnn-natives-12.0.0-linux-x86_64.jar:/home/dov/projects/JCudaWrapper/jcuda12/jcufft-12.0.0.jar:/home/dov/projects/JCudaWrapper/jcuda12/jcufft-natives-12.0.0-linux-x86_64.jar:/home/dov/projects/JCudaWrapper/jcuda12/jcurand-12.0.0.jar:/home/dov/projects/JCudaWrapper/jcuda12/jcurand-natives-12.0.0-linux-x86_64.jar:/home/dov/projects/JCudaWrapper/jcuda12/jcusolver-12.0.0.jar:/home/dov/projects/JCudaWrapper/jcuda12/jcusolver-natives-12.0.0-linux-x86_64.jar:/home/dov/projects/JCudaWrapper/jcuda12/jcusparse-12.0.0.jar:/home/dov/projects/JCudaWrapper/jcuda12/jcusparse-natives-12.0.0-linux-x86_64.jar:/home/dov/projects/NeighborhoodPIG/build/classes
Launcher Type: SUN_STANDARD

[Global flags]
     intx CICompilerCount                          = 12                                        {product} {ergonomic}
     uint ConcGCThreads                            = 3                                         {product} {ergonomic}
     uint G1ConcRefinementThreads                  = 13                                        {product} {ergonomic}
   size_t G1HeapRegionSize                         = 4194304                                   {product} {ergonomic}
    uintx GCDrainStackTargetSize                   = 64                                        {product} {ergonomic}
   size_t InitialHeapSize                          = 515899392                                 {product} {ergonomic}
   size_t MarkStackSize                            = 4194304                                   {product} {ergonomic}
   size_t MaxHeapSize                              = 8212447232                                {product} {ergonomic}
   size_t MaxNewSize                               = 4924112896                                {product} {ergonomic}
   size_t MinHeapDeltaBytes                        = 4194304                                   {product} {ergonomic}
   size_t MinHeapSize                              = 8388608                                   {product} {ergonomic}
    uintx NonNMethodCodeHeapSize                   = 7602480                                {pd product} {ergonomic}
    uintx NonProfiledCodeHeapSize                  = 122027880                              {pd product} {ergonomic}
    uintx ProfiledCodeHeapSize                     = 122027880                              {pd product} {ergonomic}
    uintx ReservedCodeCacheSize                    = 251658240                              {pd product} {ergonomic}
     bool SegmentedCodeCache                       = true                                      {product} {ergonomic}
   size_t SoftMaxHeapSize                          = 8212447232                             {manageable} {ergonomic}
     bool UseCompressedOops                        = true                           {product lp64_product} {ergonomic}
     bool UseG1GC                                  = true                                      {product} {ergonomic}

Logging:
Log output configuration:
 #0: stdout all=warning uptime,level,tags foldmultilines=false
 #1: stderr all=off uptime,level,tags foldmultilines=false

Environment Variables:
PATH=/usr/local/sbin:/usr/local/bin:/usr/sbin:/usr/bin:/sbin:/bin:/usr/games:/usr/local/games:/snap/bin:/snap/bin
USERNAME=dov
SHELL=/bin/bash
DISPLAY=:1
LANG=en_US.UTF-8

Active Locale:
LC_ALL=en_US.UTF-8
LC_COLLATE=en_US.UTF-8
LC_CTYPE=en_US.UTF-8
LC_MESSAGES=en_US.UTF-8
LC_MONETARY=en_US.UTF-8
LC_NUMERIC=en_US.UTF-8
LC_TIME=en_US.UTF-8

Signal Handlers:
   SIGSEGV: crash_handler in libjvm.so, mask=11100100010111111101111111111110, flags=SA_RESTART|SA_SIGINFO, unblocked
    SIGBUS: crash_handler in libjvm.so, mask=11100100010111111101111111111110, flags=SA_RESTART|SA_SIGINFO, unblocked
    SIGFPE: crash_handler in libjvm.so, mask=11100100010111111101111111111110, flags=SA_RESTART|SA_SIGINFO, unblocked
   SIGPIPE: javaSignalHandler in libjvm.so, mask=11100100010111111101111111111110, flags=SA_RESTART|SA_SIGINFO, blocked
   SIGXFSZ: javaSignalHandler in libjvm.so, mask=11100100010111111101111111111110, flags=SA_RESTART|SA_SIGINFO, blocked
    SIGILL: crash_handler in libjvm.so, mask=11100100010111111101111111111110, flags=SA_RESTART|SA_SIGINFO, unblocked
   SIGUSR2: SR_handler in libjvm.so, mask=00000000000000000000000000000000, flags=SA_RESTART|SA_SIGINFO, blocked
    SIGHUP: UserHandler in libjvm.so, mask=11100100010111111101111111111110, flags=SA_RESTART|SA_SIGINFO, blocked
    SIGINT: SIG_IGN, mask=00000000000000000000000000000000, flags=none, blocked
   SIGTERM: UserHandler in libjvm.so, mask=11100100010111111101111111111110, flags=SA_RESTART|SA_SIGINFO, blocked
   SIGQUIT: UserHandler in libjvm.so, mask=11100100010111111101111111111110, flags=SA_RESTART|SA_SIGINFO, blocked
   SIGTRAP: crash_handler in libjvm.so, mask=11100100010111111101111111111110, flags=SA_RESTART|SA_SIGINFO, unblocked


Periodic native trim disabled

---------------  S Y S T E M  ---------------

OS:
DISTRIB_ID=Ubuntu
DISTRIB_RELEASE=24.04
DISTRIB_CODENAME=noble
DISTRIB_DESCRIPTION="Ubuntu 24.04.1 LTS"
uname: Linux 6.8.0-47-generic #47-Ubuntu SMP PREEMPT_DYNAMIC Fri Sep 27 21:40:26 UTC 2024 x86_64
OS uptime: 0 days 1:11 hours
libc: glibc 2.39 NPTL 2.39 
rlimit (soft/hard): STACK 8192k/infinity , CORE 0k/infinity , NPROC 125013/125013 , NOFILE 1048576/1048576 , AS infinity/infinity , CPU infinity/infinity , DATA infinity/infinity , FSIZE infinity/infinity , MEMLOCK 4009332k/4009332k
load average: 0.41 0.27 0.16

/proc/meminfo:
MemTotal:       32074676 kB
MemFree:        25029568 kB
MemAvailable:   27770808 kB
Buffers:          105068 kB
Cached:          2972784 kB
SwapCached:            0 kB
Active:          4382616 kB
Inactive:        1460436 kB
Active(anon):    2787196 kB
Inactive(anon):        0 kB
Active(file):    1595420 kB
Inactive(file):  1460436 kB
Unevictable:          16 kB
Mlocked:              16 kB
SwapTotal:       8388604 kB
SwapFree:        8388604 kB
Zswap:                 0 kB
Zswapped:              0 kB
Dirty:               208 kB
Writeback:             0 kB
AnonPages:       2765384 kB
Mapped:           681496 kB
Shmem:             21620 kB
KReclaimable:     100316 kB
Slab:             344140 kB
SReclaimable:     100316 kB
SUnreclaim:       243824 kB
KernelStack:       14680 kB
PageTables:        27536 kB
SecPageTables:         0 kB
NFS_Unstable:          0 kB
Bounce:                0 kB
WritebackTmp:          0 kB
CommitLimit:    24425940 kB
Committed_AS:    8763268 kB
VmallocTotal:   34359738367 kB
VmallocUsed:      156396 kB
VmallocChunk:          0 kB
Percpu:            17728 kB
HardwareCorrupted:     0 kB
AnonHugePages:         0 kB
ShmemHugePages:        0 kB
ShmemPmdMapped:        0 kB
FileHugePages:         0 kB
FilePmdMapped:         0 kB
Unaccepted:            0 kB
HugePages_Total:       0
HugePages_Free:        0
HugePages_Rsvd:        0
HugePages_Surp:        0
Hugepagesize:       2048 kB
Hugetlb:               0 kB
DirectMap4k:     1081832 kB
DirectMap2M:    11753472 kB
DirectMap1G:    20971520 kB

/sys/kernel/mm/transparent_hugepage/enabled: always [madvise] never
/sys/kernel/mm/transparent_hugepage/hpage_pmd_size: 2097152
/sys/kernel/mm/transparent_hugepage/defrag (defrag/compaction efforts parameter): always defer defer+madvise [madvise] never

Process Memory:
Virtual Size: 17026236K (peak: 17046268K)
Resident Set Size: 275284K (peak: 275284K) (anon: 110424K, file: 156668K, shmem: 8192K)
Swapped out: 0K
C-Heap outstanding allocations: 85995K, retained: 2916K
glibc malloc tunables: (default)

/proc/sys/kernel/threads-max (system-wide limit on the number of threads): 250026
/proc/sys/vm/max_map_count (maximum number of memory map areas a process may have): 1048576
/proc/sys/vm/swappiness (control to define how aggressively the kernel swaps out anonymous memory): 60
/proc/sys/kernel/pid_max (system-wide limit on number of process identifiers): 4194304

container (cgroup) information:
container_type: cgroupv2
cpu_cpuset_cpus: not supported
cpu_memory_nodes: not supported
active_processor_count: 16
cpu_quota: not supported
cpu_period: not supported
cpu_shares: not supported
memory_limit_in_bytes: unlimited
memory_and_swap_limit_in_bytes: unlimited
memory_soft_limit_in_bytes: unlimited
memory_usage_in_bytes: 3283776 k
memory_max_usage_in_bytes: not supported
memory_swap_current_in_bytes: unlimited
memory_swap_max_limit_in_bytes: unlimited
maximum number of tasks: 37503
current number of tasks: 140

Steal ticks since vm start: 0
Steal ticks percentage since vm start:  0.000

CPU: total 16 (initial active 16) (16 cores per cpu, 2 threads per core) family 25 model 68 stepping 1 microcode 0xa404101, cx8, cmov, fxsr, ht, mmx, 3dnowpref, sse, sse2, sse3, ssse3, sse4a, sse4.1, sse4.2, popcnt, lzcnt, tsc, tscinvbit, avx, avx2, aes, clmul, bmi1, bmi2, adx, sha, fma, vzeroupper, clflush, clflushopt, rdtscp, rdpid, f16c, pku, ospke, cet_ss
CPU Model and flags from /proc/cpuinfo:
model name	: AMD Ryzen 9 6900HS with Radeon Graphics
flags		: fpu vme de pse tsc msr pae mce cx8 apic sep mtrr pge mca cmov pat pse36 clflush mmx fxsr sse sse2 ht syscall nx mmxext fxsr_opt pdpe1gb rdtscp lm constant_tsc rep_good nopl nonstop_tsc cpuid extd_apicid aperfmperf rapl pni pclmulqdq monitor ssse3 fma cx16 sse4_1 sse4_2 x2apic movbe popcnt aes xsave avx f16c rdrand lahf_lm cmp_legacy svm extapic cr8_legacy abm sse4a misalignsse 3dnowprefetch osvw ibs skinit wdt tce topoext perfctr_core perfctr_nb bpext perfctr_llc mwaitx cpb cat_l3 cdp_l3 hw_pstate ssbd mba ibrs ibpb stibp vmmcall fsgsbase bmi1 avx2 smep bmi2 invpcid cqm rdt_a rdseed adx smap clflushopt clwb sha_ni xsaveopt xsavec xgetbv1 xsaves cqm_llc cqm_occup_llc cqm_mbm_total cqm_mbm_local user_shstk clzero irperf xsaveerptr rdpru wbnoinvd cppc arat npt lbrv svm_lock nrip_save tsc_scale vmcb_clean flushbyasid decodeassists pausefilter pfthreshold avic v_vmsave_vmload vgif v_spec_ctrl umip pku ospke vaes vpclmulqdq rdpid overflow_recov succor smca debug_swap

Online cpus: 0-15
Offline cpus: 
BIOS frequency limitation: <Not Available>
Frequency switch latency (ns): 0
Available cpu frequencies: <Not Available>
Current governor: powersave
Core performance/turbo boost: <Not Available>

Memory: 4k page, physical 32074676k(27770808k free), swap 8388604k(8388604k free)
Page Sizes: 4k

vm_info: OpenJDK 64-Bit Server VM (21.0.4+7-Ubuntu-1ubuntu224.04) for linux-amd64 JRE (21.0.4+7-Ubuntu-1ubuntu224.04), built on 2024-07-23T01:34:52Z by "buildd" with gcc 13.2.0

END.
