#
# A fatal error has been detected by the Java Runtime Environment:
#
#  SIGSEGV (0xb) at pc=0x000077d57c9f2178, pid=15292, tid=15297
#
# JRE version: OpenJDK Runtime Environment (21.0.4+7) (build 21.0.4+7-Ubuntu-1ubuntu224.04)
# Java VM: OpenJDK 64-Bit Server VM (21.0.4+7-Ubuntu-1ubuntu224.04, mixed mode, sharing, tiered, compressed oops, compressed class ptrs, g1 gc, linux-amd64)
# Problematic frame:
# C  [libcuda.so.1+0x1f2178]
#
# Core dump will be written. Default location: Core dumps may be processed with "/usr/share/apport/apport -p%p -s%s -c%c -d%d -P%P -u%u -g%g -- %E" (or dumping to /home/dov/projects/NeighborhoodPIG/core.15292)
#
# If you would like to submit a bug report, please visit:
#   https://bugs.launchpad.net/ubuntu/+source/openjdk-21
# The crash happened outside the Java Virtual Machine in native code.
# See problematic frame for where to report the bug.
#

---------------  S U M M A R Y ------------

Command Line: -Dfile.encoding=UTF-8 --module-path=/home/dov/projects/NeighborhoodPIG/build/classes JCudaWrapper.algebra.Matrix

Host: AMD Ryzen 9 6900HS with Radeon Graphics, 16 cores, 30G, Ubuntu 24.04.1 LTS
Time: Wed Nov  6 14:23:53 2024 IST elapsed time: 1.699839 seconds (0d 0h 0m 1s)

---------------  T H R E A D  ---------------

Current thread (0x000077d5a801a080):  JavaThread "main"             [_thread_in_native, id=15297, stack(0x000077d5add00000,0x000077d5ade00000) (1024K)]

Stack: [0x000077d5add00000,0x000077d5ade00000],  sp=0x000077d5addfd820,  free space=1014k
Native frames: (J=compiled Java code, j=interpreted, Vv=VM code, C=native code)
C  [libcuda.so.1+0x1f2178]
C  [libcuda.so.1+0x103b97]
C  [libcuda.so.1+0x4e5b6e]
C  [libcuda.so.1+0x12e455]
C  [libcuda.so.1+0x12ecc8]
C  [libcuda.so.1+0x1358bf]
C  [libcuda.so.1+0x2f25f0]
Java frames: (J=compiled Java code, j=interpreted, Vv=VM code)
j  jcuda.driver.JCudaDriver.cuLaunchKernelNative(Ljcuda/driver/CUfunction;IIIIIIILjcuda/driver/CUstream;Ljcuda/Pointer;Ljcuda/Pointer;)I+0
j  jcuda.driver.JCudaDriver.cuLaunchKernel(Ljcuda/driver/CUfunction;IIIIIIILjcuda/driver/CUstream;Ljcuda/Pointer;Ljcuda/Pointer;)I+18
j  JCudaWrapper.array.KernelManager.map(LJCudaWrapper/resourceManagement/Handle;LJCudaWrapper/array/Array;ILJCudaWrapper/array/Array;II[Ljcuda/Pointer;)LJCudaWrapper/array/Array;+132
j  JCudaWrapper.algebra.MatricesStride.computeVec(LJCudaWrapper/algebra/Vector;LJCudaWrapper/algebra/VectorsStride;LJCudaWrapper/array/IArray;LJCudaWrapper/array/IArray;)V+215
j  JCudaWrapper.algebra.MatricesStride.computeVecs(LJCudaWrapper/algebra/VectorsStride;LJCudaWrapper/array/DArray;)LJCudaWrapper/algebra/MatricesStride;+96
j  JCudaWrapper.algebra.Eigen.<init>(LJCudaWrapper/algebra/MatricesStride;Z)V+87
j  JCudaWrapper.algebra.Matrix.main([Ljava/lang/String;)V+118
v  ~StubRoutines::call_stub 0x000077d597c5fcc6

siginfo: si_signo: 11 (SIGSEGV), si_code: 1 (SEGV_MAPERR), si_addr: 0x0000000000000045

Registers:
RAX=0x0000000000000005, RBX=0x0000000000000005, RCX=0x000077d5a9d34178, RDX=0x0000000000000004
RSP=0x000077d5addfd820, RBP=0x000077d5addfd840, RSI=0x0000000000000045, RDI=0x0000000200c00b04
R8 =0x000077d5addfd8c0, R9 =0x0000000000000002, R10=0x0000000200c00ac0, R11=0x000077d5a974caf0
R12=0x000077d5a9d33b20, R13=0x000077d5a9b68250, R14=0x0000000200c00ae4, R15=0x000077d5addfe260
RIP=0x000077d57c9f2178, EFLAGS=0x0000000000010246, CSGSFS=0x002b000000000033, ERR=0x0000000000000004
  TRAPNO=0x000000000000000e


Register to memory mapping:

RAX=0x0000000000000005 is an unknown value
RBX=0x0000000000000005 is an unknown value
RCX=0x000077d5a9d34178 points into unknown readable memory: 0x0000000000000004 | 04 00 00 00 00 00 00 00
RDX=0x0000000000000004 is an unknown value
RSP=0x000077d5addfd820 is pointing into the stack for thread: 0x000077d5a801a080
RBP=0x000077d5addfd840 is pointing into the stack for thread: 0x000077d5a801a080
RSI=0x0000000000000045 is an unknown value
RDI=0x0000000200c00b04 points into unknown readable memory: 00 00 00 00
R8 =0x000077d5addfd8c0 is pointing into the stack for thread: 0x000077d5a801a080
R9 =0x0000000000000002 is an unknown value
R10=0x0000000200c00ac0 points into unknown readable memory: 0x000077d420022062 | 62 20 02 20 d4 77 00 00
R11=0x000077d5a974caf0 points into unknown readable memory: 0x0000000100000100 | 00 01 00 00 01 00 00 00
R12=0x000077d5a9d33b20 points into unknown readable memory: 0x0000000100000001 | 01 00 00 00 01 00 00 00
R13=0x000077d5a9b68250 points into unknown readable memory: 0x000077d5a9830db0 | b0 0d 83 a9 d5 77 00 00
R14=0x0000000200c00ae4 points into unknown readable memory: 00 18 42 75
R15=0x000077d5addfe260 is pointing into the stack for thread: 0x000077d5a801a080

Top of Stack: (sp=0x000077d5addfd820)
0x000077d5addfd820:   000077d58f78cc00 0000000200c0093c
0x000077d5addfd830:   000077d5a9d33b20 000077d5a85e5ac0
0x000077d5addfd840:   000077d5addfda80 000077d57c903b97
0x000077d5addfd850:   0000000000000011 0000000000000000
0x000077d5addfd860:   000077d5addfd878 0000000000000000
0x000077d5addfd870:   000077d5a9d33b88 0000000000c0093c
0x000077d5addfd880:   0000000200c00b08 000077d5addfe288
0x000077d5addfd890:   000077d5addfd8c0 0000000000000000
0x000077d5addfd8a0:   000077d5addfdb40 000077d5a85e5ac0
0x000077d5addfd8b0:   000077d5addfd8e0 000077d57cceb98d
0x000077d5addfd8c0:   0000000200c00ae4 000077d5addfd968
0x000077d5addfd8d0:   0000000000000204 0000000000000080
0x000077d5addfd8e0:   000077d5addfda40 000077d57cc20c0e
0x000077d5addfd8f0:   000077d500000400 000077d5a9d33b20
0x000077d5addfd900:   000077d5a8648c00 000077d5addfdb40
0x000077d5addfd910:   0000000000000080 000077d5a87c3980
0x000077d5addfd920:   0000200000002000 000077d5a87c39f0
0x000077d5addfd930:   000077d5273d5450 000077d5a801a080
0x000077d5addfd940:   000077d5a8648c00 000077d5a85e5ac0
0x000077d5addfd950:   000077d500000000 000077d5addfd968
0x000077d5addfd960:   000077d500000004 000077d500000020
0x000077d5addfd970:   000077d58f77c010 0000000000000097
0x000077d5addfd980:   000077d57cce0d98 0000000000000000
0x000077d5addfd990:   000077d5273d5450 0000000000000000
0x000077d5addfd9a0:   000077d5addfd9f0 0000000634e990a0
0x000077d5addfd9b0:   0000000000000000 000077d57c901e7c
0x000077d5addfd9c0:   000077d5addfe260 000077d5a9d33b20
0x000077d5addfd9d0:   000077d5addfda00 000077d57c9c2a31
0x000077d5addfd9e0:   000077d5a974c9f0 000077d5addfe260
0x000077d5addfd9f0:   000077d5a85e5ac0 000077d5a9d33b20
0x000077d5addfda00:   000077d5addfda80 000077d57c902bfa
0x000077d5addfda10:   0000000000000000 000077d5a974c400 

Instructions: (pc=0x000077d57c9f2178)
0x000077d57c9f2078:   49 8b 46 40 bf 12 00 00 00 ff 90 f0 3e 00 00 41
0x000077d57c9f2088:   89 c4 eb b1 0f 1f 40 00 48 83 bb 10 04 00 00 00
0x000077d57c9f2098:   75 8f 84 c9 75 8b eb b3 8b 92 6c 01 00 00 85 d2
0x000077d57c9f20a8:   0f 85 72 ff ff ff 4c 89 f7 e8 2a 30 03 00 84 c0
0x000077d57c9f20b8:   49 8b 46 40 41 0f 95 c5 0f 95 c1 45 0f b6 ed e9
0x000077d57c9f20c8:   54 ff ff ff 0f 1f 40 00 55 48 89 e5 41 56 49 89
0x000077d57c9f20d8:   d6 41 55 41 54 53 48 8b 97 70 02 00 00 48 85 d2
0x000077d57c9f20e8:   74 70 8b 87 68 02 00 00 49 89 fc 85 c0 74 63 49
0x000077d57c9f20f8:   89 f5 31 db eb 22 66 90 83 fa 02 75 7b 0f b7 06
0x000077d57c9f2108:   66 89 07 83 c3 01 41 3b 9c 24 68 02 00 00 73 42
0x000077d57c9f2118:   49 8b 94 24 70 02 00 00 89 d8 48 8d 0c 40 49 8b
0x000077d57c9f2128:   74 c5 00 48 8d 0c 88 48 8d 0c ca 8b 79 08 8b 51
0x000077d57c9f2138:   0c 4c 01 f7 83 fa 04 74 37 77 25 83 fa 01 75 b8
0x000077d57c9f2148:   0f b6 06 83 c3 01 88 07 41 3b 9c 24 68 02 00 00
0x000077d57c9f2158:   72 be 5b 41 5c 41 5d 41 5e 5d c3 0f 1f 44 00 00
0x000077d57c9f2168:   83 fa 08 75 13 48 8b 06 48 89 07 eb 96 0f 1f 00
0x000077d57c9f2178:   8b 06 89 07 eb 8d 66 90 e8 2b ca ee ff eb 84 90
0x000077d57c9f2188:   0f 1f 84 00 00 00 00 00 c3 66 66 2e 0f 1f 84 00
0x000077d57c9f2198:   00 00 00 00 0f 1f 40 00 55 48 89 e5 41 54 49 89
0x000077d57c9f21a8:   fc 48 83 ec 08 48 8b 05 04 37 97 01 ff 50 10 48
0x000077d57c9f21b8:   85 c0 74 0c 4c 8b 65 f8 c9 c3 66 0f 1f 44 00 00
0x000077d57c9f21c8:   48 8b 05 e9 36 97 01 4c 89 e6 4c 8b 65 f8 48 8b
0x000077d57c9f21d8:   38 c9 e9 c1 ca ee ff 90 55 48 8d 3d e8 25 97 01
0x000077d57c9f21e8:   48 89 e5 41 54 48 83 ec 38 e8 ba c7 ee ff 48 83
0x000077d57c9f21f8:   3d ba 36 97 01 00 74 20 45 31 e4 48 8d 3d c6 25
0x000077d57c9f2208:   97 01 e8 d1 c2 ee ff 44 89 e0 4c 8b 65 f8 c9 c3
0x000077d57c9f2218:   0f 1f 84 00 00 00 00 00 bf 28 00 00 00 be 01 00
0x000077d57c9f2228:   00 00 e8 31 c2 ee ff 48 89 05 82 36 97 01 48 89
0x000077d57c9f2238:   c7 48 85 c0 0f 84 a6 01 00 00 4c 8d 0d 1c a1 65
0x000077d57c9f2248:   01 4c 8d 05 20 a1 65 01 48 8d 0d 2e a1 65 01 48
0x000077d57c9f2258:   8d 15 3c a1 65 01 4c 89 0d 6b db 9b 01 48 8d 35
0x000077d57c9f2268:   41 a1 65 01 e8 3f 79 ff ff 66 0f ef c0 48 c7 45 


Stack slot to memory mapping:

stack at sp + 0 slots: 0x000077d58f78cc00 points into unknown readable memory: 0x000077d5a8648c00 | 00 8c 64 a8 d5 77 00 00
stack at sp + 1 slots: 0x0000000200c0093c points into unknown readable memory: 62 20 02 20
stack at sp + 2 slots: 0x000077d5a9d33b20 points into unknown readable memory: 0x0000000100000001 | 01 00 00 00 01 00 00 00
stack at sp + 3 slots: 0x000077d5a85e5ac0 points into unknown readable memory: 0x0000000100000000 | 00 00 00 00 01 00 00 00
stack at sp + 4 slots: 0x000077d5addfda80 is pointing into the stack for thread: 0x000077d5a801a080
stack at sp + 5 slots: 0x000077d57c903b97: <offset 0x0000000000103b97> in /lib/x86_64-linux-gnu/libcuda.so.1 at 0x000077d57c800000
stack at sp + 6 slots: 0x0000000000000011 is an unknown value
stack at sp + 7 slots: 0x0 is null


---------------  P R O C E S S  ---------------

Threads class SMR info:
_java_thread_list=0x000077d4ec100e40, length=14, elements={
0x000077d5a801a080, 0x000077d5a8138f50, 0x000077d5a813a3e0, 0x000077d5a813beb0,
0x000077d5a813d500, 0x000077d5a813eab0, 0x000077d5a8140680, 0x000077d5a8141d50,
0x000077d5a8160f40, 0x000077d5a819c800, 0x000077d4ec0b90b0, 0x000077d4e00736c0,
0x000077d5a95191f0, 0x000077d4ec0ffe80
}

Java Threads: ( => current thread )
=>0x000077d5a801a080 JavaThread "main"                              [_thread_in_native, id=15297, stack(0x000077d5add00000,0x000077d5ade00000) (1024K)]
  0x000077d5a8138f50 JavaThread "Reference Handler"          daemon [_thread_blocked, id=15305, stack(0x000077d5843f9000,0x000077d5844f9000) (1024K)]
  0x000077d5a813a3e0 JavaThread "Finalizer"                  daemon [_thread_blocked, id=15306, stack(0x000077d5842f9000,0x000077d5843f9000) (1024K)]
  0x000077d5a813beb0 JavaThread "Signal Dispatcher"          daemon [_thread_blocked, id=15307, stack(0x000077d5841f9000,0x000077d5842f9000) (1024K)]
  0x000077d5a813d500 JavaThread "Service Thread"             daemon [_thread_blocked, id=15308, stack(0x000077d5840f9000,0x000077d5841f9000) (1024K)]
  0x000077d5a813eab0 JavaThread "Monitor Deflation Thread"   daemon [_thread_blocked, id=15309, stack(0x000077d57f100000,0x000077d57f200000) (1024K)]
  0x000077d5a8140680 JavaThread "C2 CompilerThread0"         daemon [_thread_blocked, id=15310, stack(0x000077d57f000000,0x000077d57f100000) (1024K)]
  0x000077d5a8141d50 JavaThread "C1 CompilerThread0"         daemon [_thread_blocked, id=15311, stack(0x000077d57ef00000,0x000077d57f000000) (1024K)]
  0x000077d5a8160f40 JavaThread "Common-Cleaner"             daemon [_thread_blocked, id=15312, stack(0x000077d57ee00000,0x000077d57ef00000) (1024K)]
  0x000077d5a819c800 JavaThread "Notification Thread"        daemon [_thread_blocked, id=15314, stack(0x000077d57ec00000,0x000077d57ed00000) (1024K)]
  0x000077d4ec0b90b0 JavaThread "C2 CompilerThread1"         daemon [_thread_blocked, id=15315, stack(0x000077d57eb00000,0x000077d57ec00000) (1024K)]
  0x000077d4e00736c0 JavaThread "C2 CompilerThread2"         daemon [_thread_blocked, id=15316, stack(0x000077d57ea00000,0x000077d57eb00000) (1024K)]
  0x000077d5a95191f0 JavaThread "pool-1-thread-1"            daemon [_thread_blocked, id=15323, stack(0x000077d57ed00000,0x000077d57ee00000) (1024K)]
  0x000077d4ec0ffe80 JavaThread "C1 CompilerThread1"         daemon [_thread_blocked, id=15324, stack(0x000077d573f00000,0x000077d574000000) (1024K)]
Total: 14

Other Threads:
  0x000077d5a812ba00 VMThread "VM Thread"                           [id=15304, stack(0x000077d5844fa000,0x000077d5845fa000) (1024K)]
  0x000077d5a8111270 WatcherThread "VM Periodic Task Thread"        [id=15303, stack(0x000077d5845fb000,0x000077d5846fb000) (1024K)]
  0x000077d5a8045420 WorkerThread "GC Thread#0"                     [id=15298, stack(0x000077d5aca21000,0x000077d5acb21000) (1024K)]
  0x000077d5a8055f20 ConcurrentGCThread "G1 Main Marker"            [id=15299, stack(0x000077d5ac920000,0x000077d5aca20000) (1024K)]
  0x000077d5a8056ed0 WorkerThread "G1 Conc#0"                       [id=15300, stack(0x000077d5ac81f000,0x000077d5ac91f000) (1024K)]
  0x000077d5a80feae0 ConcurrentGCThread "G1 Refine#0"               [id=15301, stack(0x000077d5847fd000,0x000077d5848fd000) (1024K)]
  0x000077d5a80ffaa0 ConcurrentGCThread "G1 Service"                [id=15302, stack(0x000077d5846fc000,0x000077d5847fc000) (1024K)]
Total: 7

Threads with active compile tasks:
Total: 0

VM state: not at safepoint (normal execution)

VM Mutex/Monitor currently owned by a thread: None

Heap address: 0x0000000616800000, size: 7832 MB, Compressed Oops mode: Zero based, Oop shift amount: 3

CDS archive(s) mapped at: [0x000077d527000000-0x000077d527cae000-0x000077d527cae000), size 13295616, SharedBaseAddress: 0x000077d527000000, ArchiveRelocationMode: 1.
Compressed class space mapped at: 0x000077d528000000-0x000077d568000000, reserved size: 1073741824
Narrow klass base: 0x000077d527000000, Narrow klass shift: 0, Narrow klass range: 0x100000000

GC Precious Log:
 CardTable entry size: 512
 Card Set container configuration: InlinePtr #cards 4 size 8 Array Of Cards #cards 32 size 80 Howl #buckets 8 coarsen threshold 7372 Howl Bitmap #cards 1024 size 144 coarsen threshold 921 Card regions per heap region 1 cards per card region 8192
 CPUs: 16 total, 16 available
 Memory: 31322M
 Large Page Support: Disabled
 NUMA Support: Disabled
 Compressed Oops: Enabled (Zero based)
 Heap Region Size: 4M
 Heap Min Capacity: 8M
 Heap Initial Capacity: 492M
 Heap Max Capacity: 7832M
 Pre-touch: Disabled
 Parallel Workers: 13
 Concurrent Workers: 3
 Concurrent Refinement Workers: 13
 Periodic GC: Disabled

Heap:
 garbage-first heap   total 507904K, used 5150K [0x0000000616800000, 0x0000000800000000)
  region size 4096K, 2 young (8192K), 0 survivors (0K)
 Metaspace       used 2144K, committed 2368K, reserved 1114112K
  class space    used 168K, committed 256K, reserved 1048576K

Heap Regions: E=young(eden), S=young(survivor), O=old, HS=humongous(starts), HC=humongous(continues), CS=collection set, F=free, TAMS=top-at-mark-start, PB=parsable bottom
|   0|0x0000000616800000, 0x0000000616800000, 0x0000000616c00000|  0%| F|  |TAMS 0x0000000616800000| PB 0x0000000616800000| Untracked 
|   1|0x0000000616c00000, 0x0000000616c00000, 0x0000000617000000|  0%| F|  |TAMS 0x0000000616c00000| PB 0x0000000616c00000| Untracked 
|   2|0x0000000617000000, 0x0000000617000000, 0x0000000617400000|  0%| F|  |TAMS 0x0000000617000000| PB 0x0000000617000000| Untracked 
|   3|0x0000000617400000, 0x0000000617400000, 0x0000000617800000|  0%| F|  |TAMS 0x0000000617400000| PB 0x0000000617400000| Untracked 
|   4|0x0000000617800000, 0x0000000617800000, 0x0000000617c00000|  0%| F|  |TAMS 0x0000000617800000| PB 0x0000000617800000| Untracked 
|   5|0x0000000617c00000, 0x0000000617c00000, 0x0000000618000000|  0%| F|  |TAMS 0x0000000617c00000| PB 0x0000000617c00000| Untracked 
|   6|0x0000000618000000, 0x0000000618000000, 0x0000000618400000|  0%| F|  |TAMS 0x0000000618000000| PB 0x0000000618000000| Untracked 
|   7|0x0000000618400000, 0x0000000618400000, 0x0000000618800000|  0%| F|  |TAMS 0x0000000618400000| PB 0x0000000618400000| Untracked 
|   8|0x0000000618800000, 0x0000000618800000, 0x0000000618c00000|  0%| F|  |TAMS 0x0000000618800000| PB 0x0000000618800000| Untracked 
|   9|0x0000000618c00000, 0x0000000618c00000, 0x0000000619000000|  0%| F|  |TAMS 0x0000000618c00000| PB 0x0000000618c00000| Untracked 
|  10|0x0000000619000000, 0x0000000619000000, 0x0000000619400000|  0%| F|  |TAMS 0x0000000619000000| PB 0x0000000619000000| Untracked 
|  11|0x0000000619400000, 0x0000000619400000, 0x0000000619800000|  0%| F|  |TAMS 0x0000000619400000| PB 0x0000000619400000| Untracked 
|  12|0x0000000619800000, 0x0000000619800000, 0x0000000619c00000|  0%| F|  |TAMS 0x0000000619800000| PB 0x0000000619800000| Untracked 
|  13|0x0000000619c00000, 0x0000000619c00000, 0x000000061a000000|  0%| F|  |TAMS 0x0000000619c00000| PB 0x0000000619c00000| Untracked 
|  14|0x000000061a000000, 0x000000061a000000, 0x000000061a400000|  0%| F|  |TAMS 0x000000061a000000| PB 0x000000061a000000| Untracked 
|  15|0x000000061a400000, 0x000000061a400000, 0x000000061a800000|  0%| F|  |TAMS 0x000000061a400000| PB 0x000000061a400000| Untracked 
|  16|0x000000061a800000, 0x000000061a800000, 0x000000061ac00000|  0%| F|  |TAMS 0x000000061a800000| PB 0x000000061a800000| Untracked 
|  17|0x000000061ac00000, 0x000000061ac00000, 0x000000061b000000|  0%| F|  |TAMS 0x000000061ac00000| PB 0x000000061ac00000| Untracked 
|  18|0x000000061b000000, 0x000000061b000000, 0x000000061b400000|  0%| F|  |TAMS 0x000000061b000000| PB 0x000000061b000000| Untracked 
|  19|0x000000061b400000, 0x000000061b400000, 0x000000061b800000|  0%| F|  |TAMS 0x000000061b400000| PB 0x000000061b400000| Untracked 
|  20|0x000000061b800000, 0x000000061b800000, 0x000000061bc00000|  0%| F|  |TAMS 0x000000061b800000| PB 0x000000061b800000| Untracked 
|  21|0x000000061bc00000, 0x000000061bc00000, 0x000000061c000000|  0%| F|  |TAMS 0x000000061bc00000| PB 0x000000061bc00000| Untracked 
|  22|0x000000061c000000, 0x000000061c000000, 0x000000061c400000|  0%| F|  |TAMS 0x000000061c000000| PB 0x000000061c000000| Untracked 
|  23|0x000000061c400000, 0x000000061c400000, 0x000000061c800000|  0%| F|  |TAMS 0x000000061c400000| PB 0x000000061c400000| Untracked 
|  24|0x000000061c800000, 0x000000061c800000, 0x000000061cc00000|  0%| F|  |TAMS 0x000000061c800000| PB 0x000000061c800000| Untracked 
|  25|0x000000061cc00000, 0x000000061cc00000, 0x000000061d000000|  0%| F|  |TAMS 0x000000061cc00000| PB 0x000000061cc00000| Untracked 
|  26|0x000000061d000000, 0x000000061d000000, 0x000000061d400000|  0%| F|  |TAMS 0x000000061d000000| PB 0x000000061d000000| Untracked 
|  27|0x000000061d400000, 0x000000061d400000, 0x000000061d800000|  0%| F|  |TAMS 0x000000061d400000| PB 0x000000061d400000| Untracked 
|  28|0x000000061d800000, 0x000000061d800000, 0x000000061dc00000|  0%| F|  |TAMS 0x000000061d800000| PB 0x000000061d800000| Untracked 
|  29|0x000000061dc00000, 0x000000061dc00000, 0x000000061e000000|  0%| F|  |TAMS 0x000000061dc00000| PB 0x000000061dc00000| Untracked 
|  30|0x000000061e000000, 0x000000061e000000, 0x000000061e400000|  0%| F|  |TAMS 0x000000061e000000| PB 0x000000061e000000| Untracked 
|  31|0x000000061e400000, 0x000000061e400000, 0x000000061e800000|  0%| F|  |TAMS 0x000000061e400000| PB 0x000000061e400000| Untracked 
|  32|0x000000061e800000, 0x000000061e800000, 0x000000061ec00000|  0%| F|  |TAMS 0x000000061e800000| PB 0x000000061e800000| Untracked 
|  33|0x000000061ec00000, 0x000000061ec00000, 0x000000061f000000|  0%| F|  |TAMS 0x000000061ec00000| PB 0x000000061ec00000| Untracked 
|  34|0x000000061f000000, 0x000000061f000000, 0x000000061f400000|  0%| F|  |TAMS 0x000000061f000000| PB 0x000000061f000000| Untracked 
|  35|0x000000061f400000, 0x000000061f400000, 0x000000061f800000|  0%| F|  |TAMS 0x000000061f400000| PB 0x000000061f400000| Untracked 
|  36|0x000000061f800000, 0x000000061f800000, 0x000000061fc00000|  0%| F|  |TAMS 0x000000061f800000| PB 0x000000061f800000| Untracked 
|  37|0x000000061fc00000, 0x000000061fc00000, 0x0000000620000000|  0%| F|  |TAMS 0x000000061fc00000| PB 0x000000061fc00000| Untracked 
|  38|0x0000000620000000, 0x0000000620000000, 0x0000000620400000|  0%| F|  |TAMS 0x0000000620000000| PB 0x0000000620000000| Untracked 
|  39|0x0000000620400000, 0x0000000620400000, 0x0000000620800000|  0%| F|  |TAMS 0x0000000620400000| PB 0x0000000620400000| Untracked 
|  40|0x0000000620800000, 0x0000000620800000, 0x0000000620c00000|  0%| F|  |TAMS 0x0000000620800000| PB 0x0000000620800000| Untracked 
|  41|0x0000000620c00000, 0x0000000620c00000, 0x0000000621000000|  0%| F|  |TAMS 0x0000000620c00000| PB 0x0000000620c00000| Untracked 
|  42|0x0000000621000000, 0x0000000621000000, 0x0000000621400000|  0%| F|  |TAMS 0x0000000621000000| PB 0x0000000621000000| Untracked 
|  43|0x0000000621400000, 0x0000000621400000, 0x0000000621800000|  0%| F|  |TAMS 0x0000000621400000| PB 0x0000000621400000| Untracked 
|  44|0x0000000621800000, 0x0000000621800000, 0x0000000621c00000|  0%| F|  |TAMS 0x0000000621800000| PB 0x0000000621800000| Untracked 
|  45|0x0000000621c00000, 0x0000000621c00000, 0x0000000622000000|  0%| F|  |TAMS 0x0000000621c00000| PB 0x0000000621c00000| Untracked 
|  46|0x0000000622000000, 0x0000000622000000, 0x0000000622400000|  0%| F|  |TAMS 0x0000000622000000| PB 0x0000000622000000| Untracked 
|  47|0x0000000622400000, 0x0000000622400000, 0x0000000622800000|  0%| F|  |TAMS 0x0000000622400000| PB 0x0000000622400000| Untracked 
|  48|0x0000000622800000, 0x0000000622800000, 0x0000000622c00000|  0%| F|  |TAMS 0x0000000622800000| PB 0x0000000622800000| Untracked 
|  49|0x0000000622c00000, 0x0000000622c00000, 0x0000000623000000|  0%| F|  |TAMS 0x0000000622c00000| PB 0x0000000622c00000| Untracked 
|  50|0x0000000623000000, 0x0000000623000000, 0x0000000623400000|  0%| F|  |TAMS 0x0000000623000000| PB 0x0000000623000000| Untracked 
|  51|0x0000000623400000, 0x0000000623400000, 0x0000000623800000|  0%| F|  |TAMS 0x0000000623400000| PB 0x0000000623400000| Untracked 
|  52|0x0000000623800000, 0x0000000623800000, 0x0000000623c00000|  0%| F|  |TAMS 0x0000000623800000| PB 0x0000000623800000| Untracked 
|  53|0x0000000623c00000, 0x0000000623c00000, 0x0000000624000000|  0%| F|  |TAMS 0x0000000623c00000| PB 0x0000000623c00000| Untracked 
|  54|0x0000000624000000, 0x0000000624000000, 0x0000000624400000|  0%| F|  |TAMS 0x0000000624000000| PB 0x0000000624000000| Untracked 
|  55|0x0000000624400000, 0x0000000624400000, 0x0000000624800000|  0%| F|  |TAMS 0x0000000624400000| PB 0x0000000624400000| Untracked 
|  56|0x0000000624800000, 0x0000000624800000, 0x0000000624c00000|  0%| F|  |TAMS 0x0000000624800000| PB 0x0000000624800000| Untracked 
|  57|0x0000000624c00000, 0x0000000624c00000, 0x0000000625000000|  0%| F|  |TAMS 0x0000000624c00000| PB 0x0000000624c00000| Untracked 
|  58|0x0000000625000000, 0x0000000625000000, 0x0000000625400000|  0%| F|  |TAMS 0x0000000625000000| PB 0x0000000625000000| Untracked 
|  59|0x0000000625400000, 0x0000000625400000, 0x0000000625800000|  0%| F|  |TAMS 0x0000000625400000| PB 0x0000000625400000| Untracked 
|  60|0x0000000625800000, 0x0000000625800000, 0x0000000625c00000|  0%| F|  |TAMS 0x0000000625800000| PB 0x0000000625800000| Untracked 
|  61|0x0000000625c00000, 0x0000000625c00000, 0x0000000626000000|  0%| F|  |TAMS 0x0000000625c00000| PB 0x0000000625c00000| Untracked 
|  62|0x0000000626000000, 0x0000000626000000, 0x0000000626400000|  0%| F|  |TAMS 0x0000000626000000| PB 0x0000000626000000| Untracked 
|  63|0x0000000626400000, 0x0000000626400000, 0x0000000626800000|  0%| F|  |TAMS 0x0000000626400000| PB 0x0000000626400000| Untracked 
|  64|0x0000000626800000, 0x0000000626800000, 0x0000000626c00000|  0%| F|  |TAMS 0x0000000626800000| PB 0x0000000626800000| Untracked 
|  65|0x0000000626c00000, 0x0000000626c00000, 0x0000000627000000|  0%| F|  |TAMS 0x0000000626c00000| PB 0x0000000626c00000| Untracked 
|  66|0x0000000627000000, 0x0000000627000000, 0x0000000627400000|  0%| F|  |TAMS 0x0000000627000000| PB 0x0000000627000000| Untracked 
|  67|0x0000000627400000, 0x0000000627400000, 0x0000000627800000|  0%| F|  |TAMS 0x0000000627400000| PB 0x0000000627400000| Untracked 
|  68|0x0000000627800000, 0x0000000627800000, 0x0000000627c00000|  0%| F|  |TAMS 0x0000000627800000| PB 0x0000000627800000| Untracked 
|  69|0x0000000627c00000, 0x0000000627c00000, 0x0000000628000000|  0%| F|  |TAMS 0x0000000627c00000| PB 0x0000000627c00000| Untracked 
|  70|0x0000000628000000, 0x0000000628000000, 0x0000000628400000|  0%| F|  |TAMS 0x0000000628000000| PB 0x0000000628000000| Untracked 
|  71|0x0000000628400000, 0x0000000628400000, 0x0000000628800000|  0%| F|  |TAMS 0x0000000628400000| PB 0x0000000628400000| Untracked 
|  72|0x0000000628800000, 0x0000000628800000, 0x0000000628c00000|  0%| F|  |TAMS 0x0000000628800000| PB 0x0000000628800000| Untracked 
|  73|0x0000000628c00000, 0x0000000628c00000, 0x0000000629000000|  0%| F|  |TAMS 0x0000000628c00000| PB 0x0000000628c00000| Untracked 
|  74|0x0000000629000000, 0x0000000629000000, 0x0000000629400000|  0%| F|  |TAMS 0x0000000629000000| PB 0x0000000629000000| Untracked 
|  75|0x0000000629400000, 0x0000000629400000, 0x0000000629800000|  0%| F|  |TAMS 0x0000000629400000| PB 0x0000000629400000| Untracked 
|  76|0x0000000629800000, 0x0000000629800000, 0x0000000629c00000|  0%| F|  |TAMS 0x0000000629800000| PB 0x0000000629800000| Untracked 
|  77|0x0000000629c00000, 0x0000000629c00000, 0x000000062a000000|  0%| F|  |TAMS 0x0000000629c00000| PB 0x0000000629c00000| Untracked 
|  78|0x000000062a000000, 0x000000062a000000, 0x000000062a400000|  0%| F|  |TAMS 0x000000062a000000| PB 0x000000062a000000| Untracked 
|  79|0x000000062a400000, 0x000000062a400000, 0x000000062a800000|  0%| F|  |TAMS 0x000000062a400000| PB 0x000000062a400000| Untracked 
|  80|0x000000062a800000, 0x000000062a800000, 0x000000062ac00000|  0%| F|  |TAMS 0x000000062a800000| PB 0x000000062a800000| Untracked 
|  81|0x000000062ac00000, 0x000000062ac00000, 0x000000062b000000|  0%| F|  |TAMS 0x000000062ac00000| PB 0x000000062ac00000| Untracked 
|  82|0x000000062b000000, 0x000000062b000000, 0x000000062b400000|  0%| F|  |TAMS 0x000000062b000000| PB 0x000000062b000000| Untracked 
|  83|0x000000062b400000, 0x000000062b400000, 0x000000062b800000|  0%| F|  |TAMS 0x000000062b400000| PB 0x000000062b400000| Untracked 
|  84|0x000000062b800000, 0x000000062b800000, 0x000000062bc00000|  0%| F|  |TAMS 0x000000062b800000| PB 0x000000062b800000| Untracked 
|  85|0x000000062bc00000, 0x000000062bc00000, 0x000000062c000000|  0%| F|  |TAMS 0x000000062bc00000| PB 0x000000062bc00000| Untracked 
|  86|0x000000062c000000, 0x000000062c000000, 0x000000062c400000|  0%| F|  |TAMS 0x000000062c000000| PB 0x000000062c000000| Untracked 
|  87|0x000000062c400000, 0x000000062c400000, 0x000000062c800000|  0%| F|  |TAMS 0x000000062c400000| PB 0x000000062c400000| Untracked 
|  88|0x000000062c800000, 0x000000062c800000, 0x000000062cc00000|  0%| F|  |TAMS 0x000000062c800000| PB 0x000000062c800000| Untracked 
|  89|0x000000062cc00000, 0x000000062cc00000, 0x000000062d000000|  0%| F|  |TAMS 0x000000062cc00000| PB 0x000000062cc00000| Untracked 
|  90|0x000000062d000000, 0x000000062d000000, 0x000000062d400000|  0%| F|  |TAMS 0x000000062d000000| PB 0x000000062d000000| Untracked 
|  91|0x000000062d400000, 0x000000062d400000, 0x000000062d800000|  0%| F|  |TAMS 0x000000062d400000| PB 0x000000062d400000| Untracked 
|  92|0x000000062d800000, 0x000000062d800000, 0x000000062dc00000|  0%| F|  |TAMS 0x000000062d800000| PB 0x000000062d800000| Untracked 
|  93|0x000000062dc00000, 0x000000062dc00000, 0x000000062e000000|  0%| F|  |TAMS 0x000000062dc00000| PB 0x000000062dc00000| Untracked 
|  94|0x000000062e000000, 0x000000062e000000, 0x000000062e400000|  0%| F|  |TAMS 0x000000062e000000| PB 0x000000062e000000| Untracked 
|  95|0x000000062e400000, 0x000000062e400000, 0x000000062e800000|  0%| F|  |TAMS 0x000000062e400000| PB 0x000000062e400000| Untracked 
|  96|0x000000062e800000, 0x000000062e800000, 0x000000062ec00000|  0%| F|  |TAMS 0x000000062e800000| PB 0x000000062e800000| Untracked 
|  97|0x000000062ec00000, 0x000000062ec00000, 0x000000062f000000|  0%| F|  |TAMS 0x000000062ec00000| PB 0x000000062ec00000| Untracked 
|  98|0x000000062f000000, 0x000000062f000000, 0x000000062f400000|  0%| F|  |TAMS 0x000000062f000000| PB 0x000000062f000000| Untracked 
|  99|0x000000062f400000, 0x000000062f400000, 0x000000062f800000|  0%| F|  |TAMS 0x000000062f400000| PB 0x000000062f400000| Untracked 
| 100|0x000000062f800000, 0x000000062f800000, 0x000000062fc00000|  0%| F|  |TAMS 0x000000062f800000| PB 0x000000062f800000| Untracked 
| 101|0x000000062fc00000, 0x000000062fc00000, 0x0000000630000000|  0%| F|  |TAMS 0x000000062fc00000| PB 0x000000062fc00000| Untracked 
| 102|0x0000000630000000, 0x0000000630000000, 0x0000000630400000|  0%| F|  |TAMS 0x0000000630000000| PB 0x0000000630000000| Untracked 
| 103|0x0000000630400000, 0x0000000630400000, 0x0000000630800000|  0%| F|  |TAMS 0x0000000630400000| PB 0x0000000630400000| Untracked 
| 104|0x0000000630800000, 0x0000000630800000, 0x0000000630c00000|  0%| F|  |TAMS 0x0000000630800000| PB 0x0000000630800000| Untracked 
| 105|0x0000000630c00000, 0x0000000630c00000, 0x0000000631000000|  0%| F|  |TAMS 0x0000000630c00000| PB 0x0000000630c00000| Untracked 
| 106|0x0000000631000000, 0x0000000631000000, 0x0000000631400000|  0%| F|  |TAMS 0x0000000631000000| PB 0x0000000631000000| Untracked 
| 107|0x0000000631400000, 0x0000000631400000, 0x0000000631800000|  0%| F|  |TAMS 0x0000000631400000| PB 0x0000000631400000| Untracked 
| 108|0x0000000631800000, 0x0000000631800000, 0x0000000631c00000|  0%| F|  |TAMS 0x0000000631800000| PB 0x0000000631800000| Untracked 
| 109|0x0000000631c00000, 0x0000000631c00000, 0x0000000632000000|  0%| F|  |TAMS 0x0000000631c00000| PB 0x0000000631c00000| Untracked 
| 110|0x0000000632000000, 0x0000000632000000, 0x0000000632400000|  0%| F|  |TAMS 0x0000000632000000| PB 0x0000000632000000| Untracked 
| 111|0x0000000632400000, 0x0000000632400000, 0x0000000632800000|  0%| F|  |TAMS 0x0000000632400000| PB 0x0000000632400000| Untracked 
| 112|0x0000000632800000, 0x0000000632800000, 0x0000000632c00000|  0%| F|  |TAMS 0x0000000632800000| PB 0x0000000632800000| Untracked 
| 113|0x0000000632c00000, 0x0000000632c00000, 0x0000000633000000|  0%| F|  |TAMS 0x0000000632c00000| PB 0x0000000632c00000| Untracked 
| 114|0x0000000633000000, 0x0000000633000000, 0x0000000633400000|  0%| F|  |TAMS 0x0000000633000000| PB 0x0000000633000000| Untracked 
| 115|0x0000000633400000, 0x0000000633400000, 0x0000000633800000|  0%| F|  |TAMS 0x0000000633400000| PB 0x0000000633400000| Untracked 
| 116|0x0000000633800000, 0x0000000633800000, 0x0000000633c00000|  0%| F|  |TAMS 0x0000000633800000| PB 0x0000000633800000| Untracked 
| 117|0x0000000633c00000, 0x0000000633c00000, 0x0000000634000000|  0%| F|  |TAMS 0x0000000633c00000| PB 0x0000000633c00000| Untracked 
| 118|0x0000000634000000, 0x0000000634000000, 0x0000000634400000|  0%| F|  |TAMS 0x0000000634000000| PB 0x0000000634000000| Untracked 
| 119|0x0000000634400000, 0x0000000634400000, 0x0000000634800000|  0%| F|  |TAMS 0x0000000634400000| PB 0x0000000634400000| Untracked 
| 120|0x0000000634800000, 0x0000000634800000, 0x0000000634c00000|  0%| F|  |TAMS 0x0000000634800000| PB 0x0000000634800000| Untracked 
| 121|0x0000000634c00000, 0x0000000634f00668, 0x0000000635000000| 75%| E|  |TAMS 0x0000000634c00000| PB 0x0000000634c00000| Complete 
| 122|0x0000000635000000, 0x0000000635400000, 0x0000000635400000|100%| E|CS|TAMS 0x0000000635000000| PB 0x0000000635000000| Complete 
|1957|0x00000007ffc00000, 0x00000007ffd079d8, 0x0000000800000000| 25%| O|  |TAMS 0x00000007ffc00000| PB 0x00000007ffc00000| Untracked 

Card table byte_map: [0x000077d58e800000,0x000077d58f74c000] _byte_map_base: 0x000077d58b74c000

Marking Bits: (CMBitMap*) 0x000077d5a8045f50
 Bits: [0x000077d586c00000, 0x000077d58e660000)

Polling page: 0x000077d5af844000

Metaspace:

Usage:
  Non-class:      1.93 MB used.
      Class:    168.02 KB used.
       Both:      2.09 MB used.

Virtual space:
  Non-class space:       64.00 MB reserved,       2.06 MB (  3%) committed,  1 nodes.
      Class space:        1.00 GB reserved,     256.00 KB ( <1%) committed,  1 nodes.
             Both:        1.06 GB reserved,       2.31 MB ( <1%) committed. 

Chunk freelists:
   Non-Class:  11.05 MB
       Class:  15.62 MB
        Both:  26.67 MB

MaxMetaspaceSize: unlimited
CompressedClassSpaceSize: 1.00 GB
Initial GC threshold: 21.00 MB
Current GC threshold: 21.00 MB
CDS: on
 - commit_granule_bytes: 65536.
 - commit_granule_words: 8192.
 - virtual_space_node_default_size: 8388608.
 - enlarge_chunks_in_place: 1.
 - use_allocation_guard: 0.


Internal statistics:

num_allocs_failed_limit: 0.
num_arena_births: 90.
num_arena_deaths: 0.
num_vsnodes_births: 2.
num_vsnodes_deaths: 0.
num_space_committed: 37.
num_space_uncommitted: 0.
num_chunks_returned_to_freelist: 0.
num_chunks_taken_from_freelist: 161.
num_chunk_merges: 0.
num_chunk_splits: 98.
num_chunks_enlarged: 48.
num_inconsistent_stats: 0.

CodeHeap 'non-profiled nmethods': size=119168Kb used=179Kb max_used=179Kb free=118988Kb
 bounds [0x000077d5983a0000, 0x000077d598610000, 0x000077d59f800000]
CodeHeap 'profiled nmethods': size=119164Kb used=849Kb max_used=849Kb free=118314Kb
 bounds [0x000077d590800000, 0x000077d590a70000, 0x000077d597c5f000]
CodeHeap 'non-nmethods': size=7428Kb used=2038Kb max_used=2046Kb free=5389Kb
 bounds [0x000077d597c5f000, 0x000077d597edf000, 0x000077d5983a0000]
 total_blobs=1160 nmethods=589 adapters=476
 compilation: enabled
              stopped_count=0, restarted_count=0
 full_count=0

Compilation events (20 events):
Event: 1.667 Thread 0x000077d4ec0ffe80 nmethod 579 0x000077d5908d0490 code [0x000077d5908d0660, 0x000077d5908d0a88]
Event: 1.667 Thread 0x000077d4ec0ffe80  581       3       java.util.stream.ReferencePipeline::<init> (8 bytes)
Event: 1.668 Thread 0x000077d5a8141d50 nmethod 580 0x000077d5908d0c90 code [0x000077d5908d0e40, 0x000077d5908d0fd8]
Event: 1.668 Thread 0x000077d5a8141d50  582       3       java.lang.invoke.Invokers$Holder::linkToTargetMethod (8 bytes)
Event: 1.668 Thread 0x000077d4ec0ffe80 nmethod 581 0x000077d5908d1090 code [0x000077d5908d1220, 0x000077d5908d1358]
Event: 1.668 Thread 0x000077d4ec0ffe80  583       3       java.lang.invoke.LambdaForm$MH/0x000077d528000800::invoke (8 bytes)
Event: 1.668 Thread 0x000077d4ec0ffe80 nmethod 583 0x000077d5908d1410 code [0x000077d5908d15a0, 0x000077d5908d17f0]
Event: 1.668 Thread 0x000077d4ec0ffe80  584       3       java.util.Spliterators$IntArraySpliterator::tryAdvance (56 bytes)
Event: 1.668 Thread 0x000077d5a8141d50 nmethod 582 0x000077d5908d1910 code [0x000077d5908d1ac0, 0x000077d5908d1db8]
Event: 1.668 Thread 0x000077d4ec0ffe80 nmethod 584 0x000077d5908d1e90 code [0x000077d5908d2060, 0x000077d5908d23d8]
Event: 1.668 Thread 0x000077d4ec0ffe80  585       1       jdk.internal.loader.URLClassPath$Loader::getBaseURL (5 bytes)
Event: 1.668 Thread 0x000077d4ec0ffe80 nmethod 585 0x000077d5983ccc10 code [0x000077d5983ccda0, 0x000077d5983cce68]
Event: 1.669 Thread 0x000077d5a8141d50  586       3       java.lang.invoke.Invokers$Holder::linkToTargetMethod (10 bytes)
Event: 1.669 Thread 0x000077d5a8141d50 nmethod 586 0x000077d5908d2590 code [0x000077d5908d2740, 0x000077d5908d2b70]
Event: 1.670 Thread 0x000077d4ec0ffe80  587       3       java.lang.invoke.DirectMethodHandle$Holder::newInvokeSpecial (24 bytes)
Event: 1.670 Thread 0x000077d4ec0ffe80 nmethod 587 0x000077d5908d2c90 code [0x000077d5908d2e80, 0x000077d5908d3600]
Event: 1.671 Thread 0x000077d4ec0ffe80  588       3       java.lang.ref.Cleaner::register (25 bytes)
Event: 1.671 Thread 0x000077d5a8141d50  589       3       jdk.internal.ref.CleanerImpl$PhantomCleanableRef::<init> (12 bytes)
Event: 1.671 Thread 0x000077d5a8141d50 nmethod 589 0x000077d5908d3810 code [0x000077d5908d39a0, 0x000077d5908d3b48]
Event: 1.672 Thread 0x000077d4ec0ffe80 nmethod 588 0x000077d5908d3c10 code [0x000077d5908d3e00, 0x000077d5908d4348]

GC Heap History (0 events):
No events

Dll operation events (10 events):
Event: 0.002 Loaded shared library /usr/lib/jvm/java-21-openjdk-amd64/lib/libjava.so
Event: 0.035 Loaded shared library /usr/lib/jvm/java-21-openjdk-amd64/lib/libjsvml.so
Event: 0.037 Loaded shared library /usr/lib/jvm/java-21-openjdk-amd64/lib/libnio.so
Event: 0.092 Loaded shared library /usr/lib/jvm/java-21-openjdk-amd64/lib/libzip.so
Event: 0.134 Loaded shared library /usr/lib/jvm/java-21-openjdk-amd64/lib/libjimage.so
Event: 0.189 Loaded shared library /tmp/libJCublas2-12.0.0-linux-x86_64.so
Event: 1.581 Loaded shared library /tmp/libJCudaRuntime-12.0.0-linux-x86_64.so
Event: 1.606 Loaded shared library /usr/lib/jvm/java-21-openjdk-amd64/lib/libawt.so
Event: 1.610 Loaded shared library /usr/lib/jvm/java-21-openjdk-amd64/lib/libawt_xawt.so
Event: 1.655 Loaded shared library /tmp/libJCudaDriver-12.0.0-linux-x86_64.so

Deoptimization events (20 events):
Event: 1.604 Thread 0x000077d5a801a080 DEOPT PACKING pc=0x000077d5983b17d4 sp=0x000077d5addfcf00
Event: 1.604 Thread 0x000077d5a801a080 DEOPT UNPACKING pc=0x000077d597cb2f99 sp=0x000077d5addfceb8 mode 2
Event: 1.608 Thread 0x000077d5a801a080 Uncommon trap: trap_request=0xffffff45 fr.pc=0x000077d5983b27ac relative=0x000000000000018c
Event: 1.608 Thread 0x000077d5a801a080 Uncommon trap: reason=unstable_if action=reinterpret pc=0x000077d5983b27ac method=jdk.internal.util.ArraysSupport.vectorizedHashCode(Ljava/lang/Object;IIII)I @ 2 c2
Event: 1.608 Thread 0x000077d5a801a080 DEOPT PACKING pc=0x000077d5983b27ac sp=0x000077d5addfafc0
Event: 1.608 Thread 0x000077d5a801a080 DEOPT UNPACKING pc=0x000077d597cb2f99 sp=0x000077d5addfaf90 mode 2
Event: 1.662 Thread 0x000077d5a801a080 DEOPT PACKING pc=0x000077d590815754 sp=0x000077d5addfcac0
Event: 1.662 Thread 0x000077d5a801a080 DEOPT UNPACKING pc=0x000077d597cb372f sp=0x000077d5addfbf00 mode 0
Event: 1.665 Thread 0x000077d5a801a080 Uncommon trap: trap_request=0xffffffc6 fr.pc=0x000077d5983afef0 relative=0x0000000000000a30
Event: 1.665 Thread 0x000077d5a801a080 Uncommon trap: reason=bimorphic_or_optimized_type_check action=maybe_recompile pc=0x000077d5983afef0 method=java.util.HashMap.putVal(ILjava/lang/Object;Ljava/lang/Object;ZZ)Ljava/lang/Object; @ 56 c2
Event: 1.665 Thread 0x000077d5a801a080 DEOPT PACKING pc=0x000077d5983afef0 sp=0x000077d5addfe600
Event: 1.665 Thread 0x000077d5a801a080 DEOPT UNPACKING pc=0x000077d597cb2f99 sp=0x000077d5addfe588 mode 2
Event: 1.669 Thread 0x000077d5a801a080 Uncommon trap: trap_request=0xffffffc6 fr.pc=0x000077d5983afef0 relative=0x0000000000000a30
Event: 1.669 Thread 0x000077d5a801a080 Uncommon trap: reason=bimorphic_or_optimized_type_check action=maybe_recompile pc=0x000077d5983afef0 method=java.util.HashMap.putVal(ILjava/lang/Object;Ljava/lang/Object;ZZ)Ljava/lang/Object; @ 56 c2
Event: 1.669 Thread 0x000077d5a801a080 DEOPT PACKING pc=0x000077d5983afef0 sp=0x000077d5addfe380
Event: 1.669 Thread 0x000077d5a801a080 DEOPT UNPACKING pc=0x000077d597cb2f99 sp=0x000077d5addfe308 mode 2
Event: 1.699 Thread 0x000077d5a801a080 Uncommon trap: trap_request=0xffffffc6 fr.pc=0x000077d5983afef0 relative=0x0000000000000a30
Event: 1.699 Thread 0x000077d5a801a080 Uncommon trap: reason=bimorphic_or_optimized_type_check action=maybe_recompile pc=0x000077d5983afef0 method=java.util.HashMap.putVal(ILjava/lang/Object;Ljava/lang/Object;ZZ)Ljava/lang/Object; @ 56 c2
Event: 1.699 Thread 0x000077d5a801a080 DEOPT PACKING pc=0x000077d5983afef0 sp=0x000077d5addfe560
Event: 1.699 Thread 0x000077d5a801a080 DEOPT UNPACKING pc=0x000077d597cb2f99 sp=0x000077d5addfe4e8 mode 2

Classes loaded (20 events):
Event: 1.607 Loading class java/lang/ProcessEnvironment$Variable
Event: 1.607 Loading class java/lang/ProcessEnvironment$ExternalData
Event: 1.607 Loading class java/lang/ProcessEnvironment$ExternalData done
Event: 1.607 Loading class java/lang/ProcessEnvironment$Variable done
Event: 1.607 Loading class java/lang/ProcessImpl
Event: 1.608 Loading class java/lang/Process
Event: 1.608 Loading class java/lang/Process done
Event: 1.608 Loading class java/lang/ProcessImpl done
Event: 1.608 Loading class java/lang/ProcessImpl$LaunchMechanism
Event: 1.608 Loading class java/lang/ProcessImpl$LaunchMechanism done
Event: 1.608 Loading class java/lang/ProcessEnvironment$Value
Event: 1.608 Loading class java/lang/ProcessEnvironment$Value done
Event: 1.608 Loading class java/lang/ProcessEnvironment$StringEnvironment
Event: 1.608 Loading class java/lang/ProcessEnvironment$StringEnvironment done
Event: 1.610 Loading class java/awt/Toolkit$1
Event: 1.610 Loading class java/awt/Toolkit$1 done
Event: 1.621 Loading class java/io/FileNotFoundException
Event: 1.621 Loading class java/io/FileNotFoundException done
Event: 1.665 Loading class java/nio/HeapIntBuffer
Event: 1.665 Loading class java/nio/HeapIntBuffer done

Classes unloaded (0 events):
No events

Classes redefined (0 events):
No events

Internal exceptions (12 events):
Event: 0.071 Thread 0x000077d5a801a080 Exception <a 'sun/nio/fs/UnixException'{0x0000000635070eb0}> (0x0000000635070eb0) 
thrown [./src/hotspot/share/prims/jni.cpp, line 520]
Event: 0.071 Thread 0x000077d5a801a080 Exception <a 'sun/nio/fs/UnixException'{0x00000006350715f0}> (0x00000006350715f0) 
thrown [./src/hotspot/share/prims/jni.cpp, line 520]
Event: 0.071 Thread 0x000077d5a801a080 Exception <a 'sun/nio/fs/UnixException'{0x0000000635071e20}> (0x0000000635071e20) 
thrown [./src/hotspot/share/prims/jni.cpp, line 520]
Event: 0.071 Thread 0x000077d5a801a080 Exception <a 'sun/nio/fs/UnixException'{0x0000000635072418}> (0x0000000635072418) 
thrown [./src/hotspot/share/prims/jni.cpp, line 520]
Event: 0.071 Thread 0x000077d5a801a080 Exception <a 'sun/nio/fs/UnixException'{0x00000006350729e8}> (0x00000006350729e8) 
thrown [./src/hotspot/share/prims/jni.cpp, line 520]
Event: 0.071 Thread 0x000077d5a801a080 Exception <a 'sun/nio/fs/UnixException'{0x0000000635072fc8}> (0x0000000635072fc8) 
thrown [./src/hotspot/share/prims/jni.cpp, line 520]
Event: 0.071 Thread 0x000077d5a801a080 Exception <a 'sun/nio/fs/UnixException'{0x0000000635073818}> (0x0000000635073818) 
thrown [./src/hotspot/share/prims/jni.cpp, line 520]
Event: 1.589 Thread 0x000077d5a801a080 Exception <a 'java/lang/NoSuchMethodError'{0x0000000634c9ce38}: 'void java.lang.invoke.DirectMethodHandle$Holder.invokeStatic(java.lang.Object, java.lang.Object)'> (0x0000000634c9ce38) 
thrown [./src/hotspot/share/interpreter/linkResolver.cpp, line 772]
Event: 1.602 Thread 0x000077d5a801a080 Exception <a 'java/lang/ClassNotFoundException'{0x0000000634cc35d8}: sun/awt/resources/spi/awtProvider> (0x0000000634cc35d8) 
thrown [./src/hotspot/share/classfile/systemDictionary.cpp, line 312]
Event: 1.604 Thread 0x000077d5a801a080 Implicit null exception at 0x000077d5983b1663 to 0x000077d5983b17c4
Event: 1.621 Thread 0x000077d5a801a080 Exception <a 'java/io/FileNotFoundException'{0x0000000634d91e80}> (0x0000000634d91e80) 
thrown [./src/hotspot/share/prims/jni.cpp, line 520]
Event: 1.638 Thread 0x000077d5a801a080 Exception <a 'java/lang/NoSuchMethodError'{0x0000000634dd74c8}: 'java.lang.Object java.lang.invoke.DirectMethodHandle$Holder.newInvokeSpecial(java.lang.Object, java.lang.Object, int)'> (0x0000000634dd74c8) 
thrown [./src/hotspot/share/interpreter/linkResolver.cpp, line 772]

ZGC Phase Switch (0 events):
No events

VM Operations (4 events):
Event: 0.073 Executing VM operation: HandshakeAllThreads (Deoptimize)
Event: 0.074 Executing VM operation: HandshakeAllThreads (Deoptimize) done
Event: 1.074 Executing VM operation: Cleanup
Event: 1.074 Executing VM operation: Cleanup done

Memory protections (15 events):
Event: 0.002 Protecting memory [0x000077d5add00000,0x000077d5add04000] with protection modes 0
Event: 0.031 Protecting memory [0x000077d5843f9000,0x000077d5843fd000] with protection modes 0
Event: 0.032 Protecting memory [0x000077d5842f9000,0x000077d5842fd000] with protection modes 0
Event: 0.032 Protecting memory [0x000077d5841f9000,0x000077d5841fd000] with protection modes 0
Event: 0.032 Protecting memory [0x000077d5840f9000,0x000077d5840fd000] with protection modes 0
Event: 0.033 Protecting memory [0x000077d57f100000,0x000077d57f104000] with protection modes 0
Event: 0.033 Protecting memory [0x000077d57f000000,0x000077d57f004000] with protection modes 0
Event: 0.033 Protecting memory [0x000077d57ef00000,0x000077d57ef04000] with protection modes 0
Event: 0.057 Protecting memory [0x000077d57ee00000,0x000077d57ee04000] with protection modes 0
Event: 0.067 Protecting memory [0x000077d57ed00000,0x000077d57ed04000] with protection modes 0
Event: 0.086 Protecting memory [0x000077d57ec00000,0x000077d57ec04000] with protection modes 0
Event: 0.089 Protecting memory [0x000077d57eb00000,0x000077d57eb04000] with protection modes 0
Event: 0.098 Protecting memory [0x000077d57ea00000,0x000077d57ea04000] with protection modes 0
Event: 1.591 Protecting memory [0x000077d57ed00000,0x000077d57ed04000] with protection modes 0
Event: 1.623 Protecting memory [0x000077d573f00000,0x000077d573f04000] with protection modes 0

Nmethod flushes (0 events):
No events

Events (16 events):
Event: 0.022 Thread 0x000077d5a801a080 Thread added: 0x000077d5a801a080
Event: 0.031 Thread 0x000077d5a801a080 Thread added: 0x000077d5a8138f50
Event: 0.031 Thread 0x000077d5a801a080 Thread added: 0x000077d5a813a3e0
Event: 0.032 Thread 0x000077d5a801a080 Thread added: 0x000077d5a813beb0
Event: 0.032 Thread 0x000077d5a801a080 Thread added: 0x000077d5a813d500
Event: 0.033 Thread 0x000077d5a801a080 Thread added: 0x000077d5a813eab0
Event: 0.033 Thread 0x000077d5a801a080 Thread added: 0x000077d5a8140680
Event: 0.033 Thread 0x000077d5a801a080 Thread added: 0x000077d5a8141d50
Event: 0.057 Thread 0x000077d5a801a080 Thread added: 0x000077d5a8160f40
Event: 0.067 Thread 0x000077d5a8141d50 Thread added: 0x000077d4ec06e900
Event: 0.086 Thread 0x000077d5a801a080 Thread added: 0x000077d5a819c800
Event: 0.089 Thread 0x000077d5a8141d50 Thread added: 0x000077d4ec0b90b0
Event: 0.098 Thread 0x000077d4ec06e900 Thread added: 0x000077d4e00736c0
Event: 1.577 Thread 0x000077d4ec06e900 Thread exited: 0x000077d4ec06e900
Event: 1.591 Thread 0x000077d5a801a080 Thread added: 0x000077d5a95191f0
Event: 1.622 Thread 0x000077d5a8141d50 Thread added: 0x000077d4ec0ffe80


Dynamic libraries:
200000000-200200000 ---p 00000000 00:00 0 
200200000-200400000 rw-s 00000000 00:05 1057                             /dev/nvidia0
200400000-203400000 rw-s 00000000 00:05 1056                             /dev/nvidiactl
203400000-204400000 ---p 00000000 00:00 0 
204400000-204600000 rw-s 00000000 00:05 1056                             /dev/nvidiactl
204600000-204800000 rw-s 00000000 00:05 1056                             /dev/nvidiactl
204800000-204a00000 rw-s 00000000 00:05 1056                             /dev/nvidiactl
204a00000-204c00000 rw-s 204a00000 00:05 1058                            /dev/nvidia-uvm
204c00000-204e00000 rw-s 00000000 00:05 1056                             /dev/nvidiactl
204e00000-205000000 ---p 00000000 00:00 0 
205000000-205200000 rw-s 00000000 00:05 1056                             /dev/nvidiactl
205200000-300200000 ---p 00000000 00:00 0 
616800000-635400000 rw-p 00000000 00:00 0 
635400000-7ffc00000 ---p 00000000 00:00 0 
7ffc00000-7ffd08000 rw-p 00ced000 103:02 17172987                        /usr/lib/jvm/java-21-openjdk-amd64/lib/server/classes.jsa
7ffd08000-800000000 rw-p 00000000 00:00 0 
10000000000-10004000000 ---p 00000000 00:00 0 
5ff7dc75e000-5ff7dc75f000 r--p 00000000 103:02 17172834                  /usr/lib/jvm/java-21-openjdk-amd64/bin/java
5ff7dc75f000-5ff7dc760000 r-xp 00001000 103:02 17172834                  /usr/lib/jvm/java-21-openjdk-amd64/bin/java
5ff7dc760000-5ff7dc761000 r--p 00002000 103:02 17172834                  /usr/lib/jvm/java-21-openjdk-amd64/bin/java
5ff7dc761000-5ff7dc762000 r--p 00002000 103:02 17172834                  /usr/lib/jvm/java-21-openjdk-amd64/bin/java
5ff7dc762000-5ff7dc763000 rw-p 00003000 103:02 17172834                  /usr/lib/jvm/java-21-openjdk-amd64/bin/java
5ff7de2db000-5ff7de322000 rw-p 00000000 00:00 0                          [heap]
77d468000000-77d468021000 rw-p 00000000 00:00 0 
77d468021000-77d46c000000 ---p 00000000 00:00 0 
77d46e000000-77d476000000 ---p 00000000 00:00 0 
77d478000000-77d47a000000 ---p 00000000 00:00 0 
77d47c000000-77d47c400000 ---p 00000000 00:00 0 
77d47c400000-77d47c600000 rw-s 00000000 00:05 1056                       /dev/nvidiactl
77d47c600000-77d47c800000 rw-s 00000000 00:01 2089                       /dev/zero (deleted)
77d47c800000-77d47ca00000 rw-s 00000000 00:01 2090                       /dev/zero (deleted)
77d47ca00000-77d47d000000 ---p 00000000 00:00 0 
77d47d000000-77d47d200000 rw-s 00000000 00:05 1056                       /dev/nvidiactl
77d47d200000-77d47d400000 ---p 00000000 00:00 0 
77d47d400000-77d47d600000 rw-s 00000000 00:01 2092                       /dev/zero (deleted)
77d47d600000-77d47db33000 rw-s 00000000 00:05 1056                       /dev/nvidiactl
77d47db33000-77d47e000000 ---p 00000000 00:00 0 
77d480000000-77d490000000 ---p 00000000 00:00 0 
77d494000000-77d494021000 rw-p 00000000 00:00 0 
77d494021000-77d498000000 ---p 00000000 00:00 0 
77d49a000000-77d4a0000000 ---p 00000000 00:00 0 
77d4a0000000-77d4a0021000 rw-p 00000000 00:00 0 
77d4a0021000-77d4a4000000 ---p 00000000 00:00 0 
77d4a4200000-77d4c1463000 r-xp 00000000 103:02 16524125                  /usr/lib/x86_64-linux-gnu/libcublasLt.so.12.0.2.224
77d4c1463000-77d4c1663000 ---p 1d263000 103:02 16524125                  /usr/lib/x86_64-linux-gnu/libcublasLt.so.12.0.2.224
77d4c1663000-77d4c1893000 r--p 1d263000 103:02 16524125                  /usr/lib/x86_64-linux-gnu/libcublasLt.so.12.0.2.224
77d4c1893000-77d4c2827000 rw-p 1d493000 103:02 16524125                  /usr/lib/x86_64-linux-gnu/libcublasLt.so.12.0.2.224
77d4c2827000-77d4c500f000 rw-p 00000000 00:00 0 
77d4c5400000-77d4cba67000 r-xp 00000000 103:02 16524127                  /usr/lib/x86_64-linux-gnu/libcublas.so.12.0.2.224
77d4cba67000-77d4cbc67000 ---p 06667000 103:02 16524127                  /usr/lib/x86_64-linux-gnu/libcublas.so.12.0.2.224
77d4cbc67000-77d4cbc6e000 r--p 06667000 103:02 16524127                  /usr/lib/x86_64-linux-gnu/libcublas.so.12.0.2.224
77d4cbc6e000-77d4cbc75000 rw-p 0666e000 103:02 16524127                  /usr/lib/x86_64-linux-gnu/libcublas.so.12.0.2.224
77d4cbc75000-77d4cbc7d000 rw-p 00000000 00:00 0 
77d4cc000000-77d4cc031000 rw-p 00000000 00:00 0 
77d4cc031000-77d4d0000000 ---p 00000000 00:00 0 
77d4d4000000-77d4d4050000 rw-p 00000000 00:00 0 
77d4d4050000-77d4d8000000 ---p 00000000 00:00 0 
77d4d8000000-77d4d8021000 rw-p 00000000 00:00 0 
77d4d8021000-77d4dc000000 ---p 00000000 00:00 0 
77d4e0000000-77d4e007b000 rw-p 00000000 00:00 0 
77d4e007b000-77d4e4000000 ---p 00000000 00:00 0 
77d4e4000000-77d4e4021000 rw-p 00000000 00:00 0 
77d4e4021000-77d4e8000000 ---p 00000000 00:00 0 
77d4ec000000-77d4ec10f000 rw-p 00000000 00:00 0 
77d4ec10f000-77d4f0000000 ---p 00000000 00:00 0 
77d4f0000000-77d4f013c000 rw-p 00000000 00:00 0 
77d4f013c000-77d4f4000000 ---p 00000000 00:00 0 
77d4f8000000-77d4f8021000 rw-p 00000000 00:00 0 
77d4f8021000-77d4fc000000 ---p 00000000 00:00 0 
77d4fc000000-77d4fc021000 rw-p 00000000 00:00 0 
77d4fc021000-77d500000000 ---p 00000000 00:00 0 
77d504000000-77d504021000 rw-p 00000000 00:00 0 
77d504021000-77d508000000 ---p 00000000 00:00 0 
77d508000000-77d508021000 rw-p 00000000 00:00 0 
77d508021000-77d50c000000 ---p 00000000 00:00 0 
77d50e000000-77d50f7f4000 r-xp 00000000 103:02 16527996                  /usr/lib/x86_64-linux-gnu/libnvidia-ptxjitcompiler.so.550.120
77d50f7f4000-77d50f9f3000 ---p 017f4000 103:02 16527996                  /usr/lib/x86_64-linux-gnu/libnvidia-ptxjitcompiler.so.550.120
77d50f9f3000-77d50fd54000 r--p 017f3000 103:02 16527996                  /usr/lib/x86_64-linux-gnu/libnvidia-ptxjitcompiler.so.550.120
77d50fd54000-77d50fd59000 rw-p 01b54000 103:02 16527996                  /usr/lib/x86_64-linux-gnu/libnvidia-ptxjitcompiler.so.550.120
77d50fd59000-77d50fd80000 rw-p 00000000 00:00 0 
77d510000000-77d510021000 rw-p 00000000 00:00 0 
77d510021000-77d514000000 ---p 00000000 00:00 0 
77d514000000-77d514021000 rw-p 00000000 00:00 0 
77d514021000-77d518000000 ---p 00000000 00:00 0 
77d519e00000-77d519ee4000 r-xp 00000000 103:02 18219103                  /tmp/libJCudaDriver-12.0.0-linux-x86_64.so
77d519ee4000-77d51a0e4000 ---p 000e4000 103:02 18219103                  /tmp/libJCudaDriver-12.0.0-linux-x86_64.so
77d51a0e4000-77d51a0e9000 r--p 000e4000 103:02 18219103                  /tmp/libJCudaDriver-12.0.0-linux-x86_64.so
77d51a0e9000-77d51a0eb000 rw-p 000e9000 103:02 18219103                  /tmp/libJCudaDriver-12.0.0-linux-x86_64.so
77d51a0eb000-77d51a0ed000 rw-p 00000000 00:00 0 
77d51a400000-77d51a401000 ---p 00000000 00:00 0 
77d51a401000-77d51ac01000 rw-p 00000000 00:00 0 
77d51ae00000-77d51ae01000 rw-s 00000000 00:05 1056                       /dev/nvidiactl
77d51ae01000-77d51ae02000 rw-s 00000000 00:05 1056                       /dev/nvidiactl
77d51ae02000-77d51ae03000 rw-s 00000000 00:05 1056                       /dev/nvidiactl
77d51ae03000-77d51ae04000 rw-s 00000000 00:05 1056                       /dev/nvidiactl
77d51ae04000-77d51ae05000 rw-s 00000000 00:05 1056                       /dev/nvidiactl
77d51ae05000-77d51ae06000 rw-s 00000000 00:05 1056                       /dev/nvidiactl
77d51ae06000-77d51ae07000 rw-s 00000000 00:05 1056                       /dev/nvidiactl
77d51ae07000-77d51ae08000 rw-s 00000000 00:05 1056                       /dev/nvidiactl
77d51ae08000-77d51ae09000 rw-s 00000000 00:05 1056                       /dev/nvidiactl
77d51ae09000-77d51ae0a000 rw-s 00000000 00:05 1056                       /dev/nvidiactl
77d51ae0a000-77d51ae0b000 rw-s 00000000 00:05 1056                       /dev/nvidiactl
77d51ae0b000-77d51ae0c000 rw-s 00000000 00:05 1056                       /dev/nvidiactl
77d51ae0c000-77d51ae0d000 rw-s 00000000 00:05 1056                       /dev/nvidiactl
77d51ae0d000-77d51ae0e000 rw-s 00000000 00:05 1056                       /dev/nvidiactl
77d51ae0e000-77d51ae0f000 rw-s 00000000 00:05 1056                       /dev/nvidiactl
77d51ae0f000-77d51ae10000 rw-s 00000000 00:05 1056                       /dev/nvidiactl
77d51ae10000-77d51be21000 ---p 00000000 00:00 0 
77d51c000000-77d51c110000 rw-p 00000000 00:00 0 
77d51c110000-77d51c400000 ---p 00000000 00:00 0 
77d51c400000-77d51c500000 rw-p 00000000 00:00 0 
77d51c500000-77d520000000 ---p 00000000 00:00 0 
77d520000000-77d520021000 rw-p 00000000 00:00 0 
77d520021000-77d524000000 ---p 00000000 00:00 0 
77d524400000-77d5244c7000 r-xp 00000000 103:02 18219101                  /tmp/libJCudaRuntime-12.0.0-linux-x86_64.so
77d5244c7000-77d5246c7000 ---p 000c7000 103:02 18219101                  /tmp/libJCudaRuntime-12.0.0-linux-x86_64.so
77d5246c7000-77d5246cc000 r--p 000c7000 103:02 18219101                  /tmp/libJCudaRuntime-12.0.0-linux-x86_64.so
77d5246cc000-77d5246cd000 rw-p 000cc000 103:02 18219101                  /tmp/libJCudaRuntime-12.0.0-linux-x86_64.so
77d5246cd000-77d5246cf000 rw-p 00000000 00:00 0 
77d524a00000-77d524a01000 ---p 00000000 00:00 0 
77d524a01000-77d525201000 rw-p 00000000 00:00 0 
77d525400000-77d526421000 ---p 00000000 00:00 0 
77d526600000-77d526601000 ---p 00000000 00:00 0 
77d526601000-77d526e01000 rw-p 00000000 00:00 0 
77d527000000-77d527cae000 rw-p 00001000 103:02 17172987                  /usr/lib/jvm/java-21-openjdk-amd64/lib/server/classes.jsa
77d527cae000-77d528000000 ---p 00000000 00:00 0 
77d528000000-77d528020000 rw-p 00000000 00:00 0 
77d528020000-77d528040000 ---p 00000000 00:00 0 
77d528040000-77d528060000 rw-p 00000000 00:00 0 
77d528060000-77d568000000 ---p 00000000 00:00 0 
77d568000000-77d568021000 rw-p 00000000 00:00 0 
77d568021000-77d56c000000 ---p 00000000 00:00 0 
77d56c000000-77d56c021000 rw-p 00000000 00:00 0 
77d56c021000-77d570000000 ---p 00000000 00:00 0 
77d570400000-77d57317c000 r-xp 00000000 103:02 16526206                  /usr/lib/x86_64-linux-gnu/libnvrtc.so.12.0.140
77d57317c000-77d57337c000 ---p 02d7c000 103:02 16526206                  /usr/lib/x86_64-linux-gnu/libnvrtc.so.12.0.140
77d57337c000-77d573a4f000 r--p 02d7c000 103:02 16526206                  /usr/lib/x86_64-linux-gnu/libnvrtc.so.12.0.140
77d573a4f000-77d573b1b000 rw-p 0344f000 103:02 16526206                  /usr/lib/x86_64-linux-gnu/libnvrtc.so.12.0.140
77d573b1b000-77d573c1c000 rw-p 00000000 00:00 0 
77d573f00000-77d573f04000 ---p 00000000 00:00 0 
77d573f04000-77d574000000 rw-p 00000000 00:00 0 
77d574000000-77d574021000 rw-p 00000000 00:00 0 
77d574021000-77d578000000 ---p 00000000 00:00 0 
77d578000000-77d578021000 rw-p 00000000 00:00 0 
77d578021000-77d57c000000 ---p 00000000 00:00 0 
77d57c0c3000-77d57c0dc000 r--p 00000000 103:02 16530316                  /usr/lib/x86_64-linux-gnu/libX11.so.6.4.0
77d57c0dc000-77d57c16c000 r-xp 00019000 103:02 16530316                  /usr/lib/x86_64-linux-gnu/libX11.so.6.4.0
77d57c16c000-77d57c1fb000 r--p 000a9000 103:02 16530316                  /usr/lib/x86_64-linux-gnu/libX11.so.6.4.0
77d57c1fb000-77d57c1fc000 r--p 00138000 103:02 16530316                  /usr/lib/x86_64-linux-gnu/libX11.so.6.4.0
77d57c1fc000-77d57c200000 rw-p 00139000 103:02 16530316                  /usr/lib/x86_64-linux-gnu/libX11.so.6.4.0
77d57c200000-77d57c400000 rw-s 00000000 00:01 2091                       /dev/zero (deleted)
77d57c400000-77d57c65a000 rw-p 00000000 00:00 0 
77d57c693000-77d57c6a5000 r--p 00000000 103:02 17173114                  /usr/lib/jvm/java-21-openjdk-amd64/lib/libawt_xawt.so
77d57c6a5000-77d57c6ec000 r-xp 00012000 103:02 17173114                  /usr/lib/jvm/java-21-openjdk-amd64/lib/libawt_xawt.so
77d57c6ec000-77d57c704000 r--p 00059000 103:02 17173114                  /usr/lib/jvm/java-21-openjdk-amd64/lib/libawt_xawt.so
77d57c704000-77d57c709000 r--p 00070000 103:02 17173114                  /usr/lib/jvm/java-21-openjdk-amd64/lib/libawt_xawt.so
77d57c709000-77d57c70b000 rw-p 00075000 103:02 17173114                  /usr/lib/jvm/java-21-openjdk-amd64/lib/libawt_xawt.so
77d57c70b000-77d57c70d000 rw-p 00000000 00:00 0 
77d57c70d000-77d57c72b000 r--p 00000000 103:02 17172951                  /usr/lib/jvm/java-21-openjdk-amd64/lib/libawt.so
77d57c72b000-77d57c7c2000 r-xp 0001e000 103:02 17172951                  /usr/lib/jvm/java-21-openjdk-amd64/lib/libawt.so
77d57c7c2000-77d57c7cf000 r--p 000b5000 103:02 17172951                  /usr/lib/jvm/java-21-openjdk-amd64/lib/libawt.so
77d57c7cf000-77d57c7d0000 r--p 000c1000 103:02 17172951                  /usr/lib/jvm/java-21-openjdk-amd64/lib/libawt.so
77d57c7d0000-77d57c7db000 rw-p 000c2000 103:02 17172951                  /usr/lib/jvm/java-21-openjdk-amd64/lib/libawt.so
77d57c7db000-77d57c800000 rw-p 00000000 00:00 0 
77d57c800000-77d57c8de000 r--p 00000000 103:02 16527986                  /usr/lib/x86_64-linux-gnu/libcuda.so.550.120
77d57c8de000-77d57cdb3000 r-xp 000de000 103:02 16527986                  /usr/lib/x86_64-linux-gnu/libcuda.so.550.120
77d57cdb3000-77d57e24f000 r--p 005b3000 103:02 16527986                  /usr/lib/x86_64-linux-gnu/libcuda.so.550.120
77d57e24f000-77d57e250000 ---p 01a4f000 103:02 16527986                  /usr/lib/x86_64-linux-gnu/libcuda.so.550.120
77d57e250000-77d57e268000 r--p 01a4f000 103:02 16527986                  /usr/lib/x86_64-linux-gnu/libcuda.so.550.120
77d57e268000-77d57e363000 rw-p 01a67000 103:02 16527986                  /usr/lib/x86_64-linux-gnu/libcuda.so.550.120
77d57e363000-77d57e3cc000 rw-p 00000000 00:00 0 
77d57e400000-77d57e538000 r-xp 00000000 103:02 18219097                  /tmp/libJCublas2-12.0.0-linux-x86_64.so
77d57e538000-77d57e738000 ---p 00138000 103:02 18219097                  /tmp/libJCublas2-12.0.0-linux-x86_64.so
77d57e738000-77d57e73d000 r--p 00138000 103:02 18219097                  /tmp/libJCublas2-12.0.0-linux-x86_64.so
77d57e73d000-77d57e73f000 rw-p 0013d000 103:02 18219097                  /tmp/libJCublas2-12.0.0-linux-x86_64.so
77d57e73f000-77d57e741000 rw-p 00000000 00:00 0 
77d57e789000-77d57ea00000 rw-p 00000000 00:00 0 
77d57ea00000-77d57ea04000 ---p 00000000 00:00 0 
77d57ea04000-77d57eb00000 rw-p 00000000 00:00 0 
77d57eb00000-77d57eb04000 ---p 00000000 00:00 0 
77d57eb04000-77d57ec00000 rw-p 00000000 00:00 0 
77d57ec00000-77d57ec04000 ---p 00000000 00:00 0 
77d57ec04000-77d57ed00000 rw-p 00000000 00:00 0 
77d57ed00000-77d57ed04000 ---p 00000000 00:00 0 
77d57ed04000-77d57ee00000 rw-p 00000000 00:00 0 
77d57ee00000-77d57ee04000 ---p 00000000 00:00 0 
77d57ee04000-77d57ef00000 rw-p 00000000 00:00 0 
77d57ef00000-77d57ef04000 ---p 00000000 00:00 0 
77d57ef04000-77d57f000000 rw-p 00000000 00:00 0 
77d57f000000-77d57f004000 ---p 00000000 00:00 0 
77d57f004000-77d57f100000 rw-p 00000000 00:00 0 
77d57f100000-77d57f104000 ---p 00000000 00:00 0 
77d57f104000-77d57f200000 rw-p 00000000 00:00 0 
77d57f200000-77d57ffec000 r--p 00000000 103:02 16521112                  /usr/lib/locale/locale-archive
77d580000000-77d580021000 rw-p 00000000 00:00 0 
77d580021000-77d584000000 ---p 00000000 00:00 0 
77d584028000-77d58402d000 r--p 00000000 103:02 17172968                  /usr/lib/jvm/java-21-openjdk-amd64/lib/libjsvml.so
77d58402d000-77d58406e000 r-xp 00005000 103:02 17172968                  /usr/lib/jvm/java-21-openjdk-amd64/lib/libjsvml.so
77d58406e000-77d5840f7000 r--p 00046000 103:02 17172968                  /usr/lib/jvm/java-21-openjdk-amd64/lib/libjsvml.so
77d5840f7000-77d5840f8000 r--p 000ce000 103:02 17172968                  /usr/lib/jvm/java-21-openjdk-amd64/lib/libjsvml.so
77d5840f8000-77d5840f9000 rw-p 000cf000 103:02 17172968                  /usr/lib/jvm/java-21-openjdk-amd64/lib/libjsvml.so
77d5840f9000-77d5840fd000 ---p 00000000 00:00 0 
77d5840fd000-77d5841f9000 rw-p 00000000 00:00 0 
77d5841f9000-77d5841fd000 ---p 00000000 00:00 0 
77d5841fd000-77d5842f9000 rw-p 00000000 00:00 0 
77d5842f9000-77d5842fd000 ---p 00000000 00:00 0 
77d5842fd000-77d5843f9000 rw-p 00000000 00:00 0 
77d5843f9000-77d5843fd000 ---p 00000000 00:00 0 
77d5843fd000-77d5844f9000 rw-p 00000000 00:00 0 
77d5844f9000-77d5844fa000 ---p 00000000 00:00 0 
77d5844fa000-77d5845fa000 rw-p 00000000 00:00 0 
77d5845fa000-77d5845fb000 ---p 00000000 00:00 0 
77d5845fb000-77d5846fb000 rw-p 00000000 00:00 0 
77d5846fb000-77d5846fc000 ---p 00000000 00:00 0 
77d5846fc000-77d5847fc000 rw-p 00000000 00:00 0 
77d5847fc000-77d5847fd000 ---p 00000000 00:00 0 
77d5847fd000-77d5848fd000 rw-p 00000000 00:00 0 
77d5848fd000-77d5873b0000 rw-p 00000000 00:00 0 
77d5873b0000-77d58e650000 ---p 00000000 00:00 0 
77d58e650000-77d58e660000 rw-p 00000000 00:00 0 
77d58e668000-77d58e66c000 r--p 00000000 103:02 16530470                  /usr/lib/x86_64-linux-gnu/libbsd.so.0.12.1
77d58e66c000-77d58e678000 r-xp 00004000 103:02 16530470                  /usr/lib/x86_64-linux-gnu/libbsd.so.0.12.1
77d58e678000-77d58e67b000 r--p 00010000 103:02 16530470                  /usr/lib/x86_64-linux-gnu/libbsd.so.0.12.1
77d58e67b000-77d58e67c000 r--p 00012000 103:02 16530470                  /usr/lib/x86_64-linux-gnu/libbsd.so.0.12.1
77d58e67c000-77d58e67d000 rw-p 00013000 103:02 16530470                  /usr/lib/x86_64-linux-gnu/libbsd.so.0.12.1
77d58e67d000-77d58e8f6000 rw-p 00000000 00:00 0 
77d58e8f6000-77d58f74a000 ---p 00000000 00:00 0 
77d58f74a000-77d58f74c000 rw-p 00000000 00:00 0 
77d58f753000-77d58f75e000 r--p 00000000 103:02 16531187                  /usr/lib/x86_64-linux-gnu/libxcb.so.1.1.0
77d58f75e000-77d58f771000 r-xp 0000b000 103:02 16531187                  /usr/lib/x86_64-linux-gnu/libxcb.so.1.1.0
77d58f771000-77d58f77a000 r--p 0001e000 103:02 16531187                  /usr/lib/x86_64-linux-gnu/libxcb.so.1.1.0
77d58f77a000-77d58f77b000 r--p 00026000 103:02 16531187                  /usr/lib/x86_64-linux-gnu/libxcb.so.1.1.0
77d58f77b000-77d58f77c000 rw-p 00027000 103:02 16531187                  /usr/lib/x86_64-linux-gnu/libxcb.so.1.1.0
77d58f77c000-77d58f8f6000 rw-p 00000000 00:00 0 
77d58f8f6000-77d59074a000 ---p 00000000 00:00 0 
77d59074a000-77d59074c000 rw-p 00000000 00:00 0 
77d590750000-77d590752000 r--p 00000000 103:02 16530828                  /usr/lib/x86_64-linux-gnu/libmd.so.0.1.0
77d590752000-77d59075b000 r-xp 00002000 103:02 16530828                  /usr/lib/x86_64-linux-gnu/libmd.so.0.1.0
77d59075b000-77d59075d000 r--p 0000b000 103:02 16530828                  /usr/lib/x86_64-linux-gnu/libmd.so.0.1.0
77d59075d000-77d59075e000 r--p 0000c000 103:02 16530828                  /usr/lib/x86_64-linux-gnu/libmd.so.0.1.0
77d59075e000-77d59075f000 rw-p 0000d000 103:02 16530828                  /usr/lib/x86_64-linux-gnu/libmd.so.0.1.0
77d59075f000-77d590800000 rw-p 00000000 00:00 0 
77d590800000-77d590a70000 rwxp 00000000 00:00 0 
77d590a70000-77d597c5f000 ---p 00000000 00:00 0 
77d597c5f000-77d597edf000 rwxp 00000000 00:00 0 
77d597edf000-77d5983a0000 ---p 00000000 00:00 0 
77d5983a0000-77d598610000 rwxp 00000000 00:00 0 
77d598610000-77d59f800000 ---p 00000000 00:00 0 
77d59f800000-77d5a7e02000 r--s 00000000 103:02 17172984                  /usr/lib/jvm/java-21-openjdk-amd64/lib/modules
77d5a7e02000-77d5a7e04000 r--p 00000000 103:02 16530323                  /usr/lib/x86_64-linux-gnu/libXdmcp.so.6.0.0
77d5a7e04000-77d5a7e06000 r-xp 00002000 103:02 16530323                  /usr/lib/x86_64-linux-gnu/libXdmcp.so.6.0.0
77d5a7e06000-77d5a7e08000 r--p 00004000 103:02 16530323                  /usr/lib/x86_64-linux-gnu/libXdmcp.so.6.0.0
77d5a7e08000-77d5a7e09000 r--p 00005000 103:02 16530323                  /usr/lib/x86_64-linux-gnu/libXdmcp.so.6.0.0
77d5a7e09000-77d5a7e0a000 rw-p 00006000 103:02 16530323                  /usr/lib/x86_64-linux-gnu/libXdmcp.so.6.0.0
77d5a7e0a000-77d5a7e0b000 r--p 00000000 103:02 16530318                  /usr/lib/x86_64-linux-gnu/libXau.so.6.0.0
77d5a7e0b000-77d5a7e0d000 r-xp 00001000 103:02 16530318                  /usr/lib/x86_64-linux-gnu/libXau.so.6.0.0
77d5a7e0d000-77d5a7e0e000 r--p 00003000 103:02 16530318                  /usr/lib/x86_64-linux-gnu/libXau.so.6.0.0
77d5a7e0e000-77d5a7e0f000 r--p 00003000 103:02 16530318                  /usr/lib/x86_64-linux-gnu/libXau.so.6.0.0
77d5a7e0f000-77d5a7e10000 rw-p 00004000 103:02 16530318                  /usr/lib/x86_64-linux-gnu/libXau.so.6.0.0
77d5a7e10000-77d5a7e13000 r--p 00000000 103:02 16530328                  /usr/lib/x86_64-linux-gnu/libXi.so.6.1.0
77d5a7e13000-77d5a7e1f000 r-xp 00003000 103:02 16530328                  /usr/lib/x86_64-linux-gnu/libXi.so.6.1.0
77d5a7e1f000-77d5a7e21000 r--p 0000f000 103:02 16530328                  /usr/lib/x86_64-linux-gnu/libXi.so.6.1.0
77d5a7e21000-77d5a7e22000 r--p 00011000 103:02 16530328                  /usr/lib/x86_64-linux-gnu/libXi.so.6.1.0
77d5a7e22000-77d5a7e23000 rw-p 00012000 103:02 16530328                  /usr/lib/x86_64-linux-gnu/libXi.so.6.1.0
77d5a7e23000-77d5aa446000 rw-p 00000000 00:00 0 
77d5aa446000-77d5ac000000 ---p 00000000 00:00 0 
77d5ac002000-77d5ac004000 r--p 00000000 103:02 16530337                  /usr/lib/x86_64-linux-gnu/libXtst.so.6.1.0
77d5ac004000-77d5ac007000 r-xp 00002000 103:02 16530337                  /usr/lib/x86_64-linux-gnu/libXtst.so.6.1.0
77d5ac007000-77d5ac008000 r--p 00005000 103:02 16530337                  /usr/lib/x86_64-linux-gnu/libXtst.so.6.1.0
77d5ac008000-77d5ac009000 r--p 00005000 103:02 16530337                  /usr/lib/x86_64-linux-gnu/libXtst.so.6.1.0
77d5ac009000-77d5ac00a000 rw-p 00006000 103:02 16530337                  /usr/lib/x86_64-linux-gnu/libXtst.so.6.1.0
77d5ac00a000-77d5ac00c000 r--p 00000000 103:02 16530334                  /usr/lib/x86_64-linux-gnu/libXrender.so.1.3.0
77d5ac00c000-77d5ac013000 r-xp 00002000 103:02 16530334                  /usr/lib/x86_64-linux-gnu/libXrender.so.1.3.0
77d5ac013000-77d5ac014000 r--p 00009000 103:02 16530334                  /usr/lib/x86_64-linux-gnu/libXrender.so.1.3.0
77d5ac014000-77d5ac015000 r--p 00009000 103:02 16530334                  /usr/lib/x86_64-linux-gnu/libXrender.so.1.3.0
77d5ac015000-77d5ac016000 rw-p 0000a000 103:02 16530334                  /usr/lib/x86_64-linux-gnu/libXrender.so.1.3.0
77d5ac016000-77d5ac81e000 rw-p 00000000 00:00 0 
77d5ac81e000-77d5ac81f000 ---p 00000000 00:00 0 
77d5ac81f000-77d5ac91f000 rw-p 00000000 00:00 0 
77d5ac91f000-77d5ac920000 ---p 00000000 00:00 0 
77d5ac920000-77d5aca20000 rw-p 00000000 00:00 0 
77d5aca20000-77d5aca21000 ---p 00000000 00:00 0 
77d5aca21000-77d5acb21000 rw-p 00000000 00:00 0 
77d5acb21000-77d5ad833000 rw-p 00000000 00:00 0 
77d5ad833000-77d5ad917000 ---p 00000000 00:00 0 
77d5ad917000-77d5ad91c000 rw-p 00000000 00:00 0 
77d5ad91c000-77d5ada00000 ---p 00000000 00:00 0 
77d5ada00000-77d5ada9d000 r--p 00000000 103:02 16543594                  /usr/lib/x86_64-linux-gnu/libstdc++.so.6.0.33
77d5ada9d000-77d5adbe5000 r-xp 0009d000 103:02 16543594                  /usr/lib/x86_64-linux-gnu/libstdc++.so.6.0.33
77d5adbe5000-77d5adc6c000 r--p 001e5000 103:02 16543594                  /usr/lib/x86_64-linux-gnu/libstdc++.so.6.0.33
77d5adc6c000-77d5adc77000 r--p 0026b000 103:02 16543594                  /usr/lib/x86_64-linux-gnu/libstdc++.so.6.0.33
77d5adc77000-77d5adc7a000 rw-p 00276000 103:02 16543594                  /usr/lib/x86_64-linux-gnu/libstdc++.so.6.0.33
77d5adc7a000-77d5adc7e000 rw-p 00000000 00:00 0 
77d5adc7e000-77d5adc82000 r--p 00000000 103:02 16530324                  /usr/lib/x86_64-linux-gnu/libXext.so.6.4.0
77d5adc82000-77d5adc8d000 r-xp 00004000 103:02 16530324                  /usr/lib/x86_64-linux-gnu/libXext.so.6.4.0
77d5adc8d000-77d5adc90000 r--p 0000f000 103:02 16530324                  /usr/lib/x86_64-linux-gnu/libXext.so.6.4.0
77d5adc90000-77d5adc91000 r--p 00011000 103:02 16530324                  /usr/lib/x86_64-linux-gnu/libXext.so.6.4.0
77d5adc91000-77d5adc92000 rw-p 00012000 103:02 16530324                  /usr/lib/x86_64-linux-gnu/libXext.so.6.4.0
77d5adc9f000-77d5adca6000 r--s 00000000 103:02 16532226                  /usr/lib/x86_64-linux-gnu/gconv/gconv-modules.cache
77d5adca6000-77d5adca7000 r--p 00000000 103:02 16530540                  /usr/lib/x86_64-linux-gnu/libdl.so.2
77d5adca7000-77d5adca8000 r-xp 00001000 103:02 16530540                  /usr/lib/x86_64-linux-gnu/libdl.so.2
77d5adca8000-77d5adca9000 r--p 00002000 103:02 16530540                  /usr/lib/x86_64-linux-gnu/libdl.so.2
77d5adca9000-77d5adcaa000 r--p 00002000 103:02 16530540                  /usr/lib/x86_64-linux-gnu/libdl.so.2
77d5adcaa000-77d5adcab000 rw-p 00003000 103:02 16530540                  /usr/lib/x86_64-linux-gnu/libdl.so.2
77d5adcaf000-77d5adcbf000 -w-s 00000000 00:05 1057                       /dev/nvidia0
77d5adcbf000-77d5add00000 rw-p 00000000 00:00 0 
77d5add00000-77d5add04000 ---p 00000000 00:00 0 
77d5add04000-77d5ade00000 rw-p 00000000 00:00 0 
77d5ade00000-77d5ae096000 r--p 00000000 103:02 17172990                  /usr/lib/jvm/java-21-openjdk-amd64/lib/server/libjvm.so
77d5ae096000-77d5aeefe000 r-xp 00296000 103:02 17172990                  /usr/lib/jvm/java-21-openjdk-amd64/lib/server/libjvm.so
77d5aeefe000-77d5af1d1000 r--p 010fe000 103:02 17172990                  /usr/lib/jvm/java-21-openjdk-amd64/lib/server/libjvm.so
77d5af1d1000-77d5af2a1000 r--p 013d0000 103:02 17172990                  /usr/lib/jvm/java-21-openjdk-amd64/lib/server/libjvm.so
77d5af2a1000-77d5af2d1000 rw-p 014a0000 103:02 17172990                  /usr/lib/jvm/java-21-openjdk-amd64/lib/server/libjvm.so
77d5af2d1000-77d5af337000 rw-p 00000000 00:00 0 
77d5af33a000-77d5af33b000 r--p 00000000 103:02 16531006                  /usr/lib/x86_64-linux-gnu/librt.so.1
77d5af33b000-77d5af33c000 r-xp 00001000 103:02 16531006                  /usr/lib/x86_64-linux-gnu/librt.so.1
77d5af33c000-77d5af33d000 r--p 00002000 103:02 16531006                  /usr/lib/x86_64-linux-gnu/librt.so.1
77d5af33d000-77d5af33e000 r--p 00002000 103:02 16531006                  /usr/lib/x86_64-linux-gnu/librt.so.1
77d5af33e000-77d5af33f000 rw-p 00003000 103:02 16531006                  /usr/lib/x86_64-linux-gnu/librt.so.1
77d5af33f000-77d5af340000 r--p 00000000 103:02 16530978                  /usr/lib/x86_64-linux-gnu/libpthread.so.0
77d5af340000-77d5af341000 r-xp 00001000 103:02 16530978                  /usr/lib/x86_64-linux-gnu/libpthread.so.0
77d5af341000-77d5af342000 r--p 00002000 103:02 16530978                  /usr/lib/x86_64-linux-gnu/libpthread.so.0
77d5af342000-77d5af343000 r--p 00002000 103:02 16530978                  /usr/lib/x86_64-linux-gnu/libpthread.so.0
77d5af343000-77d5af344000 rw-p 00003000 103:02 16530978                  /usr/lib/x86_64-linux-gnu/libpthread.so.0
77d5af344000-77d5af400000 rw-p 00000000 00:00 0 
77d5af400000-77d5af428000 r--p 00000000 103:02 16530474                  /usr/lib/x86_64-linux-gnu/libc.so.6
77d5af428000-77d5af5b0000 r-xp 00028000 103:02 16530474                  /usr/lib/x86_64-linux-gnu/libc.so.6
77d5af5b0000-77d5af5ff000 r--p 001b0000 103:02 16530474                  /usr/lib/x86_64-linux-gnu/libc.so.6
77d5af5ff000-77d5af603000 r--p 001fe000 103:02 16530474                  /usr/lib/x86_64-linux-gnu/libc.so.6
77d5af603000-77d5af605000 rw-p 00202000 103:02 16530474                  /usr/lib/x86_64-linux-gnu/libc.so.6
77d5af605000-77d5af612000 rw-p 00000000 00:00 0 
77d5af616000-77d5af618000 r--p 00000000 103:02 17172983                  /usr/lib/jvm/java-21-openjdk-amd64/lib/libzip.so
77d5af618000-77d5af61d000 r-xp 00002000 103:02 17172983                  /usr/lib/jvm/java-21-openjdk-amd64/lib/libzip.so
77d5af61d000-77d5af61f000 r--p 00007000 103:02 17172983                  /usr/lib/jvm/java-21-openjdk-amd64/lib/libzip.so
77d5af61f000-77d5af620000 r--p 00008000 103:02 17172983                  /usr/lib/jvm/java-21-openjdk-amd64/lib/libzip.so
77d5af620000-77d5af621000 rw-p 00009000 103:02 17172983                  /usr/lib/jvm/java-21-openjdk-amd64/lib/libzip.so
77d5af621000-77d5af624000 r--p 00000000 103:02 17172975                  /usr/lib/jvm/java-21-openjdk-amd64/lib/libnet.so
77d5af624000-77d5af62c000 r-xp 00003000 103:02 17172975                  /usr/lib/jvm/java-21-openjdk-amd64/lib/libnet.so
77d5af62c000-77d5af62e000 r--p 0000b000 103:02 17172975                  /usr/lib/jvm/java-21-openjdk-amd64/lib/libnet.so
77d5af62e000-77d5af62f000 r--p 0000c000 103:02 17172975                  /usr/lib/jvm/java-21-openjdk-amd64/lib/libnet.so
77d5af62f000-77d5af630000 rw-p 0000d000 103:02 17172975                  /usr/lib/jvm/java-21-openjdk-amd64/lib/libnet.so
77d5af630000-77d5af637000 r--p 00000000 103:02 17172976                  /usr/lib/jvm/java-21-openjdk-amd64/lib/libnio.so
77d5af637000-77d5af640000 r-xp 00007000 103:02 17172976                  /usr/lib/jvm/java-21-openjdk-amd64/lib/libnio.so
77d5af640000-77d5af644000 r--p 00010000 103:02 17172976                  /usr/lib/jvm/java-21-openjdk-amd64/lib/libnio.so
77d5af644000-77d5af645000 r--p 00014000 103:02 17172976                  /usr/lib/jvm/java-21-openjdk-amd64/lib/libnio.so
77d5af645000-77d5af646000 rw-p 00015000 103:02 17172976                  /usr/lib/jvm/java-21-openjdk-amd64/lib/libnio.so
77d5af646000-77d5af6c7000 rw-p 00000000 00:00 0 
77d5af6c7000-77d5af6d1000 ---p 00000000 00:00 0 
77d5af6d1000-77d5af6de000 r--p 00000000 103:02 17172961                  /usr/lib/jvm/java-21-openjdk-amd64/lib/libjava.so
77d5af6de000-77d5af6ed000 r-xp 0000d000 103:02 17172961                  /usr/lib/jvm/java-21-openjdk-amd64/lib/libjava.so
77d5af6ed000-77d5af6f2000 r--p 0001c000 103:02 17172961                  /usr/lib/jvm/java-21-openjdk-amd64/lib/libjava.so
77d5af6f2000-77d5af6f3000 r--p 00021000 103:02 17172961                  /usr/lib/jvm/java-21-openjdk-amd64/lib/libjava.so
77d5af6f3000-77d5af6f4000 rw-p 00022000 103:02 17172961                  /usr/lib/jvm/java-21-openjdk-amd64/lib/libjava.so
77d5af6f4000-77d5af6f5000 rw-p 00000000 00:00 0 
77d5af6f5000-77d5af6f9000 r--p 00000000 103:02 16528598                  /usr/lib/x86_64-linux-gnu/libgcc_s.so.1
77d5af6f9000-77d5af71d000 r-xp 00004000 103:02 16528598                  /usr/lib/x86_64-linux-gnu/libgcc_s.so.1
77d5af71d000-77d5af721000 r--p 00028000 103:02 16528598                  /usr/lib/x86_64-linux-gnu/libgcc_s.so.1
77d5af721000-77d5af722000 r--p 0002b000 103:02 16528598                  /usr/lib/x86_64-linux-gnu/libgcc_s.so.1
77d5af722000-77d5af723000 rw-p 0002c000 103:02 16528598                  /usr/lib/x86_64-linux-gnu/libgcc_s.so.1
77d5af723000-77d5af733000 r--p 00000000 103:02 16530817                  /usr/lib/x86_64-linux-gnu/libm.so.6
77d5af733000-77d5af7b2000 r-xp 00010000 103:02 16530817                  /usr/lib/x86_64-linux-gnu/libm.so.6
77d5af7b2000-77d5af80a000 r--p 0008f000 103:02 16530817                  /usr/lib/x86_64-linux-gnu/libm.so.6
77d5af80a000-77d5af80b000 r--p 000e7000 103:02 16530817                  /usr/lib/x86_64-linux-gnu/libm.so.6
77d5af80b000-77d5af80c000 rw-p 000e8000 103:02 16530817                  /usr/lib/x86_64-linux-gnu/libm.so.6
77d5af80c000-77d5af80e000 rw-p 00000000 00:00 0 
77d5af80e000-77d5af810000 r--p 00000000 103:02 17172965                  /usr/lib/jvm/java-21-openjdk-amd64/lib/libjli.so
77d5af810000-77d5af81a000 r-xp 00002000 103:02 17172965                  /usr/lib/jvm/java-21-openjdk-amd64/lib/libjli.so
77d5af81a000-77d5af81d000 r--p 0000c000 103:02 17172965                  /usr/lib/jvm/java-21-openjdk-amd64/lib/libjli.so
77d5af81d000-77d5af81e000 r--p 0000f000 103:02 17172965                  /usr/lib/jvm/java-21-openjdk-amd64/lib/libjli.so
77d5af81e000-77d5af81f000 rw-p 00010000 103:02 17172965                  /usr/lib/jvm/java-21-openjdk-amd64/lib/libjli.so
77d5af81f000-77d5af821000 r--p 00000000 103:02 16531205                  /usr/lib/x86_64-linux-gnu/libz.so.1.3
77d5af821000-77d5af833000 r-xp 00002000 103:02 16531205                  /usr/lib/x86_64-linux-gnu/libz.so.1.3
77d5af833000-77d5af839000 r--p 00014000 103:02 16531205                  /usr/lib/x86_64-linux-gnu/libz.so.1.3
77d5af839000-77d5af83a000 r--p 0001a000 103:02 16531205                  /usr/lib/x86_64-linux-gnu/libz.so.1.3
77d5af83a000-77d5af83b000 rw-p 0001b000 103:02 16531205                  /usr/lib/x86_64-linux-gnu/libz.so.1.3
77d5af83c000-77d5af844000 rw-s 00000000 103:02 18219070                  /tmp/hsperfdata_dov/15292
77d5af844000-77d5af845000 ---p 00000000 00:00 0 
77d5af845000-77d5af846000 r--p 00000000 00:00 0 
77d5af846000-77d5af847000 ---p 00000000 00:00 0 
77d5af847000-77d5af849000 r--p 00000000 103:02 17172964                  /usr/lib/jvm/java-21-openjdk-amd64/lib/libjimage.so
77d5af849000-77d5af84c000 r-xp 00002000 103:02 17172964                  /usr/lib/jvm/java-21-openjdk-amd64/lib/libjimage.so
77d5af84c000-77d5af84d000 r--p 00005000 103:02 17172964                  /usr/lib/jvm/java-21-openjdk-amd64/lib/libjimage.so
77d5af84d000-77d5af84e000 r--p 00006000 103:02 17172964                  /usr/lib/jvm/java-21-openjdk-amd64/lib/libjimage.so
77d5af84e000-77d5af84f000 rw-p 00007000 103:02 17172964                  /usr/lib/jvm/java-21-openjdk-amd64/lib/libjimage.so
77d5af84f000-77d5af851000 rw-p 00000000 00:00 0 
77d5af851000-77d5af852000 r--p 00000000 103:02 16530286                  /usr/lib/x86_64-linux-gnu/ld-linux-x86-64.so.2
77d5af852000-77d5af87d000 r-xp 00001000 103:02 16530286                  /usr/lib/x86_64-linux-gnu/ld-linux-x86-64.so.2
77d5af87d000-77d5af887000 r--p 0002c000 103:02 16530286                  /usr/lib/x86_64-linux-gnu/ld-linux-x86-64.so.2
77d5af887000-77d5af889000 r--p 00036000 103:02 16530286                  /usr/lib/x86_64-linux-gnu/ld-linux-x86-64.so.2
77d5af889000-77d5af88b000 rw-p 00038000 103:02 16530286                  /usr/lib/x86_64-linux-gnu/ld-linux-x86-64.so.2
7ffec6b52000-7ffec6b73000 rw-p 00000000 00:00 0                          [stack]
7ffec6b95000-7ffec6b99000 r--p 00000000 00:00 0                          [vvar]
7ffec6b99000-7ffec6b9b000 r-xp 00000000 00:00 0                          [vdso]
ffffffffff600000-ffffffffff601000 --xp 00000000 00:00 0                  [vsyscall]
Total number of mappings: 394


VM Arguments:
jvm_args: -Dfile.encoding=UTF-8 --module-path=/home/dov/projects/NeighborhoodPIG/build/classes 
java_command: JCudaWrapper.algebra.Matrix
java_class_path (initial): /home/dov/projects/Libraries/commons-math3/commons-math3-3.6.1-javadoc.jar:/home/dov/projects/Libraries/commons-math3/commons-math3-3.6.1-sources.jar:/home/dov/projects/Libraries/commons-math3/commons-math3-3.6.1-test-sources.jar:/home/dov/projects/Libraries/commons-math3/commons-math3-3.6.1-tests.jar:/home/dov/projects/Libraries/commons-math3/commons-math3-3.6.1-tools.jar:/home/dov/projects/Libraries/commons-math3/commons-math3-3.6.1.jar:/home/dov/projects/JCudaWrapper/jcuda12/jcublas-12.0.0.jar:/home/dov/projects/JCudaWrapper/jcuda12/jcublas-natives-12.0.0-linux-x86_64.jar:/home/dov/projects/JCudaWrapper/jcuda12/jcuda-12.0.0.jar:/home/dov/projects/JCudaWrapper/jcuda12/jcuda-natives-12.0.0-linux-x86_64.jar:/home/dov/projects/JCudaWrapper/jcuda12/jcudnn-12.0.0.jar:/home/dov/projects/JCudaWrapper/jcuda12/jcudnn-natives-12.0.0-linux-x86_64.jar:/home/dov/projects/JCudaWrapper/jcuda12/jcufft-12.0.0.jar:/home/dov/projects/JCudaWrapper/jcuda12/jcufft-natives-12.0.0-linux-x86_64.jar:/home/dov/projects/JCudaWrapper/jcuda12/jcurand-12.0.0.jar:/home/dov/projects/JCudaWrapper/jcuda12/jcurand-natives-12.0.0-linux-x86_64.jar:/home/dov/projects/JCudaWrapper/jcuda12/jcusolver-12.0.0.jar:/home/dov/projects/JCudaWrapper/jcuda12/jcusolver-natives-12.0.0-linux-x86_64.jar:/home/dov/projects/JCudaWrapper/jcuda12/jcusparse-12.0.0.jar:/home/dov/projects/JCudaWrapper/jcuda12/jcusparse-natives-12.0.0-linux-x86_64.jar:/home/dov/projects/NeighborhoodPIG/build/classes
Launcher Type: SUN_STANDARD

[Global flags]
     intx CICompilerCount                          = 12                                        {product} {ergonomic}
     uint ConcGCThreads                            = 3                                         {product} {ergonomic}
     uint G1ConcRefinementThreads                  = 13                                        {product} {ergonomic}
   size_t G1HeapRegionSize                         = 4194304                                   {product} {ergonomic}
    uintx GCDrainStackTargetSize                   = 64                                        {product} {ergonomic}
   size_t InitialHeapSize                          = 515899392                                 {product} {ergonomic}
   size_t MarkStackSize                            = 4194304                                   {product} {ergonomic}
   size_t MaxHeapSize                              = 8212447232                                {product} {ergonomic}
   size_t MaxNewSize                               = 4924112896                                {product} {ergonomic}
   size_t MinHeapDeltaBytes                        = 4194304                                   {product} {ergonomic}
   size_t MinHeapSize                              = 8388608                                   {product} {ergonomic}
    uintx NonNMethodCodeHeapSize                   = 7602480                                {pd product} {ergonomic}
    uintx NonProfiledCodeHeapSize                  = 122027880                              {pd product} {ergonomic}
    uintx ProfiledCodeHeapSize                     = 122027880                              {pd product} {ergonomic}
    uintx ReservedCodeCacheSize                    = 251658240                              {pd product} {ergonomic}
     bool SegmentedCodeCache                       = true                                      {product} {ergonomic}
   size_t SoftMaxHeapSize                          = 8212447232                             {manageable} {ergonomic}
     bool UseCompressedOops                        = true                           {product lp64_product} {ergonomic}
     bool UseG1GC                                  = true                                      {product} {ergonomic}

Logging:
Log output configuration:
 #0: stdout all=warning uptime,level,tags foldmultilines=false
 #1: stderr all=off uptime,level,tags foldmultilines=false

Environment Variables:
PATH=/usr/local/sbin:/usr/local/bin:/usr/sbin:/usr/bin:/sbin:/bin:/usr/games:/usr/local/games:/snap/bin:/snap/bin
USERNAME=dov
SHELL=/bin/bash
DISPLAY=:1
LANG=en_US.UTF-8

Active Locale:
LC_ALL=en_US.UTF-8
LC_COLLATE=en_US.UTF-8
LC_CTYPE=en_US.UTF-8
LC_MESSAGES=en_US.UTF-8
LC_MONETARY=en_US.UTF-8
LC_NUMERIC=en_US.UTF-8
LC_TIME=en_US.UTF-8

Signal Handlers:
   SIGSEGV: crash_handler in libjvm.so, mask=11100100010111111101111111111110, flags=SA_RESTART|SA_SIGINFO, unblocked
    SIGBUS: crash_handler in libjvm.so, mask=11100100010111111101111111111110, flags=SA_RESTART|SA_SIGINFO, unblocked
    SIGFPE: crash_handler in libjvm.so, mask=11100100010111111101111111111110, flags=SA_RESTART|SA_SIGINFO, unblocked
   SIGPIPE: javaSignalHandler in libjvm.so, mask=11100100010111111101111111111110, flags=SA_RESTART|SA_SIGINFO, blocked
   SIGXFSZ: javaSignalHandler in libjvm.so, mask=11100100010111111101111111111110, flags=SA_RESTART|SA_SIGINFO, blocked
    SIGILL: crash_handler in libjvm.so, mask=11100100010111111101111111111110, flags=SA_RESTART|SA_SIGINFO, unblocked
   SIGUSR2: SR_handler in libjvm.so, mask=00000000000000000000000000000000, flags=SA_RESTART|SA_SIGINFO, blocked
    SIGHUP: UserHandler in libjvm.so, mask=11100100010111111101111111111110, flags=SA_RESTART|SA_SIGINFO, blocked
    SIGINT: SIG_IGN, mask=00000000000000000000000000000000, flags=none, blocked
   SIGTERM: UserHandler in libjvm.so, mask=11100100010111111101111111111110, flags=SA_RESTART|SA_SIGINFO, blocked
   SIGQUIT: UserHandler in libjvm.so, mask=11100100010111111101111111111110, flags=SA_RESTART|SA_SIGINFO, blocked
   SIGTRAP: crash_handler in libjvm.so, mask=11100100010111111101111111111110, flags=SA_RESTART|SA_SIGINFO, unblocked


Periodic native trim disabled

---------------  S Y S T E M  ---------------

OS:
DISTRIB_ID=Ubuntu
DISTRIB_RELEASE=24.04
DISTRIB_CODENAME=noble
DISTRIB_DESCRIPTION="Ubuntu 24.04.1 LTS"
uname: Linux 6.8.0-48-generic #48-Ubuntu SMP PREEMPT_DYNAMIC Fri Sep 27 14:04:52 UTC 2024 x86_64
OS uptime: 0 days 6:33 hours
libc: glibc 2.39 NPTL 2.39 
rlimit (soft/hard): STACK 8192k/infinity , CORE 0k/infinity , NPROC 125013/125013 , NOFILE 1048576/1048576 , AS infinity/infinity , CPU infinity/infinity , DATA infinity/infinity , FSIZE infinity/infinity , MEMLOCK 4009332k/4009332k
load average: 0.43 1.25 1.21

/proc/meminfo:
MemTotal:       32074660 kB
MemFree:        21498852 kB
MemAvailable:   26227892 kB
Buffers:          262860 kB
Cached:          4808176 kB
SwapCached:            0 kB
Active:          6077844 kB
Inactive:        2893320 kB
Active(anon):    3964532 kB
Inactive(anon):        0 kB
Active(file):    2113312 kB
Inactive(file):  2893320 kB
Unevictable:          32 kB
Mlocked:              32 kB
SwapTotal:       8388604 kB
SwapFree:        8388604 kB
Zswap:                 0 kB
Zswapped:              0 kB
Dirty:               112 kB
Writeback:             0 kB
AnonPages:       3900468 kB
Mapped:          1008128 kB
Shmem:             64404 kB
KReclaimable:     174364 kB
Slab:             461000 kB
SReclaimable:     174364 kB
SUnreclaim:       286636 kB
KernelStack:       21120 kB
PageTables:        51240 kB
SecPageTables:         0 kB
NFS_Unstable:          0 kB
Bounce:                0 kB
WritebackTmp:          0 kB
CommitLimit:    24425932 kB
Committed_AS:   20599488 kB
VmallocTotal:   34359738367 kB
VmallocUsed:      162944 kB
VmallocChunk:          0 kB
Percpu:            18944 kB
HardwareCorrupted:     0 kB
AnonHugePages:         0 kB
ShmemHugePages:        0 kB
ShmemPmdMapped:        0 kB
FileHugePages:         0 kB
FilePmdMapped:         0 kB
Unaccepted:            0 kB
HugePages_Total:       0
HugePages_Free:        0
HugePages_Rsvd:        0
HugePages_Surp:        0
Hugepagesize:       2048 kB
Hugetlb:               0 kB
DirectMap4k:     1429992 kB
DirectMap2M:    14551040 kB
DirectMap1G:    17825792 kB

/sys/kernel/mm/transparent_hugepage/enabled: always [madvise] never
/sys/kernel/mm/transparent_hugepage/hpage_pmd_size: 2097152
/sys/kernel/mm/transparent_hugepage/defrag (defrag/compaction efforts parameter): always defer defer+madvise [madvise] never

Process Memory:
Virtual Size: 16989316K (peak: 17018692K)
Resident Set Size: 281100K (peak: 281100K) (anon: 107024K, file: 165884K, shmem: 8192K)
Swapped out: 0K
C-Heap outstanding allocations: 70384K, retained: 10555K
glibc malloc tunables: (default)

/proc/sys/kernel/threads-max (system-wide limit on the number of threads): 250026
/proc/sys/vm/max_map_count (maximum number of memory map areas a process may have): 1048576
/proc/sys/vm/swappiness (control to define how aggressively the kernel swaps out anonymous memory): 60
/proc/sys/kernel/pid_max (system-wide limit on number of process identifiers): 4194304

container (cgroup) information:
container_type: cgroupv2
cpu_cpuset_cpus: not supported
cpu_memory_nodes: not supported
active_processor_count: 16
cpu_quota: not supported
cpu_period: not supported
cpu_shares: not supported
memory_limit_in_bytes: unlimited
memory_and_swap_limit_in_bytes: unlimited
memory_soft_limit_in_bytes: unlimited
memory_usage_in_bytes: 2629868 k
memory_max_usage_in_bytes: not supported
memory_swap_current_in_bytes: unlimited
memory_swap_max_limit_in_bytes: unlimited
maximum number of tasks: 37503
current number of tasks: 94

Steal ticks since vm start: 0
Steal ticks percentage since vm start:  0.000

CPU: total 16 (initial active 16) (16 cores per cpu, 2 threads per core) family 25 model 68 stepping 1 microcode 0xa404101, cx8, cmov, fxsr, ht, mmx, 3dnowpref, sse, sse2, sse3, ssse3, sse4a, sse4.1, sse4.2, popcnt, lzcnt, tsc, tscinvbit, avx, avx2, aes, clmul, bmi1, bmi2, adx, sha, fma, vzeroupper, clflush, clflushopt, rdtscp, rdpid, f16c, pku, ospke, cet_ss
CPU Model and flags from /proc/cpuinfo:
model name	: AMD Ryzen 9 6900HS with Radeon Graphics
flags		: fpu vme de pse tsc msr pae mce cx8 apic sep mtrr pge mca cmov pat pse36 clflush mmx fxsr sse sse2 ht syscall nx mmxext fxsr_opt pdpe1gb rdtscp lm constant_tsc rep_good nopl nonstop_tsc cpuid extd_apicid aperfmperf rapl pni pclmulqdq monitor ssse3 fma cx16 sse4_1 sse4_2 x2apic movbe popcnt aes xsave avx f16c rdrand lahf_lm cmp_legacy svm extapic cr8_legacy abm sse4a misalignsse 3dnowprefetch osvw ibs skinit wdt tce topoext perfctr_core perfctr_nb bpext perfctr_llc mwaitx cpb cat_l3 cdp_l3 hw_pstate ssbd mba ibrs ibpb stibp vmmcall fsgsbase bmi1 avx2 smep bmi2 invpcid cqm rdt_a rdseed adx smap clflushopt clwb sha_ni xsaveopt xsavec xgetbv1 xsaves cqm_llc cqm_occup_llc cqm_mbm_total cqm_mbm_local user_shstk clzero irperf xsaveerptr rdpru wbnoinvd cppc arat npt lbrv svm_lock nrip_save tsc_scale vmcb_clean flushbyasid decodeassists pausefilter pfthreshold avic v_vmsave_vmload vgif v_spec_ctrl umip pku ospke vaes vpclmulqdq rdpid overflow_recov succor smca debug_swap

Online cpus: 0-15
Offline cpus: 
BIOS frequency limitation: <Not Available>
Frequency switch latency (ns): 0
Available cpu frequencies: <Not Available>
Current governor: powersave
Core performance/turbo boost: <Not Available>

Memory: 4k page, physical 32074660k(26227892k free), swap 8388604k(8388604k free)
Page Sizes: 4k

vm_info: OpenJDK 64-Bit Server VM (21.0.4+7-Ubuntu-1ubuntu224.04) for linux-amd64 JRE (21.0.4+7-Ubuntu-1ubuntu224.04), built on 2024-07-23T01:34:52Z by "buildd" with gcc 13.2.0

END.
