#
# A fatal error has been detected by the Java Runtime Environment:
#
#  SIGSEGV (0xb) at pc=0x00000098840f0866, pid=19417, tid=19422
#
# JRE version: OpenJDK Runtime Environment (21.0.5+11) (build 21.0.5+11-Ubuntu-1ubuntu124.04)
# Java VM: OpenJDK 64-Bit Server VM (21.0.5+11-Ubuntu-1ubuntu124.04, mixed mode, sharing, tiered, compressed oops, compressed class ptrs, g1 gc, linux-amd64)
# Problematic frame:
# j  JCudaWrapper.array.Array.get(LJCudaWrapper/resourceManagement/Handle;Ljcuda/Pointer;III)V+48
#
# Core dump will be written. Default location: Core dumps may be processed with "/usr/share/apport/apport -p%p -s%s -c%c -d%d -P%P -u%u -g%g -- %E" (or dumping to /home/dov/projects/NeighborhoodPIG/core.19417)
#
# If you would like to submit a bug report, please visit:
#   https://bugs.launchpad.net/ubuntu/+source/openjdk-21
#

---------------  S U M M A R Y ------------

Command Line: -Dfile.encoding=UTF-8 --module-path=/home/dov/projects/NeighborhoodPIG/build/classes main.NeighborhoodPIG

Host: AMD Ryzen 9 6900HS with Radeon Graphics, 16 cores, 30G, Ubuntu 24.04.1 LTS
Time: Sun Nov 24 18:06:43 2024 IST elapsed time: 0.366297 seconds (0d 0h 0m 0s)

---------------  T H R E A D  ---------------

Current thread (0x00007c3c2401a0a0):  JavaThread "main"             [_thread_in_Java, id=19422, stack(0x00007c3c29500000,0x00007c3c29600000) (1024K)]

Stack: [0x00007c3c29500000,0x00007c3c29600000],  sp=0x00007c3c295fe538,  free space=1017k
Native frames: (J=compiled Java code, j=interpreted, Vv=VM code, C=native code)
j  JCudaWrapper.array.Array.get(LJCudaWrapper/resourceManagement/Handle;Ljcuda/Pointer;III)V+48
j  JCudaWrapper.array.DArray.getIncremented(LJCudaWrapper/resourceManagement/Handle;I)[D+35
j  JCudaWrapper.algebra.Vector.vecGet()[D+12
j  JCudaWrapper.algebra.Matrix.lambda$get$1(I)[D+5
j  JCudaWrapper.algebra.Matrix$$Lambda+0x00007c3ba4020400.apply(I)Ljava/lang/Object;+5
j  java.util.Arrays.setAll([Ljava/lang/Object;Ljava/util/function/IntFunction;)V+17 java.base@21.0.5
j  JCudaWrapper.algebra.Matrix.get()[[D+15
j  main.StructureTensorMatrix.getRGB()[[[D+96
j  main.NeighborhoodPIG.orientationColored(Ljava/lang/String;)V+4
j  main.NeighborhoodPIG.main([Ljava/lang/String;)V+14
v  ~StubRoutines::call_stub 0x00007c3c13c5fcc6
V  [libjvm.so+0x90b55a]  JavaCalls::call_helper(JavaValue*, methodHandle const&, JavaCallArguments*, JavaThread*)+0x2da
V  [libjvm.so+0x9b29bd]  jni_invoke_static(JNIEnv_*, JavaValue*, _jobject*, JNICallType, _jmethodID*, JNI_ArgumentPusher*, JavaThread*) [clone .constprop.1]+0x35d
V  [libjvm.so+0x9b426b]  jni_CallStaticVoidMethod+0x16b
C  [libjli.so+0x55be]  JavaMain+0xfde
C  [libjli.so+0x844d]  ThreadJavaMain+0xd
C  [libc.so.6+0x9ca94]

siginfo: si_signo: 11 (SIGSEGV), si_code: 1 (SEGV_MAPERR), si_addr: 0x00000098840f0866

Registers:
RAX=0x00007c3ba3000000, RBX=0x00007c3c2a2d7130, RCX=0x00000006348a5828, RDX=0x0000000000000000
RSP=0x00007c3c295fe530, RBP=0x00007c3c295fe598, RSI=0x0000000000000001, RDI=0x00007c3b984b5560
R8 =0x00000000000000a0, R9 =0x00000000000000ad, R10=0x00007c3ba3000000, R11=0x00007c3c0c8d8ee0
R12=0x0000000000000000, R13=0x00007c3c295fe538, R14=0x0000000000000000, R15=0x00007c3c2401a0a0
RIP=0x00000098840f0866, EFLAGS=0x0000000000010246, CSGSFS=0x002b000000000033, ERR=0x0000000000000014
  TRAPNO=0x000000000000000e


Register to memory mapping:

RAX=0x00007c3ba3000000 is pointing into metadata
RBX=0x00007c3c2a2d7130: <offset 0x00000000008d7130> in /usr/lib/jvm/java-21-openjdk-amd64/lib/server/libjvm.so at 0x00007c3c29a00000
RCX=
[error occurred during error reporting (printing register info), id 0xb, SIGSEGV (0xb) at pc=0x00007c3c2a1bee53]
RDX=0x0 is null
RSP=0x00007c3c295fe530 is pointing into the stack for thread: 0x00007c3c2401a0a0
RBP=0x00007c3c295fe598 is pointing into the stack for thread: 0x00007c3c2401a0a0
RSI=0x0000000000000001 is an unknown value
RDI=0x00007c3b984b5560 is pointing into metadata
R8 =0x00000000000000a0 is an unknown value
R9 =0x00000000000000ad is an unknown value
R10=0x00007c3ba3000000 is pointing into metadata
R11=0x00007c3c0c8d8ee0 is at entry_point+32 in (nmethod*)0x00007c3c0c8d8d10
Compiled method (c1) 370  636       3       JCudaWrapper.array.Array::checkAgainstLength (10 bytes)
 total in heap  [0x00007c3c0c8d8d10,0x00007c3c0c8d9100] = 1008
 relocation     [0x00007c3c0c8d8e68,0x00007c3c0c8d8ea8] = 64
 main code      [0x00007c3c0c8d8ec0,0x00007c3c0c8d9040] = 384
 stub code      [0x00007c3c0c8d9040,0x00007c3c0c8d9080] = 64
 oops           [0x00007c3c0c8d9080,0x00007c3c0c8d9088] = 8
 metadata       [0x00007c3c0c8d9088,0x00007c3c0c8d90a0] = 24
 scopes data    [0x00007c3c0c8d90a0,0x00007c3c0c8d90b8] = 24
 scopes pcs     [0x00007c3c0c8d90b8,0x00007c3c0c8d90f8] = 64
 dependencies   [0x00007c3c0c8d90f8,0x00007c3c0c8d9100] = 8
R12=0x0 is null
R13=0x00007c3c295fe538 is pointing into the stack for thread: 0x00007c3c2401a0a0
R14=0x0 is null
R15=0x00007c3c2401a0a0 is a thread

Top of Stack: (sp=0x00007c3c295fe530)
0x00007c3c295fe530:   00007c3c13c672f2 0000000000000070
0x00007c3c295fe540:   0000000000000000 00000006348a5828
0x00007c3c295fe550:   00007c3c295fe550 00007c3b9848e768
0x00007c3c295fe560:   0000000000000008 00007c3b984995b8
0x00007c3c295fe570:   0000000000000000 0000000634e276a8
0x00007c3c295fe580:   00007c3b9848e820 00007c3c295fe538
0x00007c3c295fe590:   00007c3c295fe5b0 00007c3c295fe628
0x00007c3c295fe5a0:   00007c3c13c67180 0000000000000000
0x00007c3c295fe5b0:   0000000000000001 000000000000000e
0x00007c3c295fe5c0:   000000000000000e 00000006348a5828
0x00007c3c295fe5d0:   00000006353ff2a0 00000006348a54b8
0x00007c3c295fe5e0:   00007c3c295fe5e0 00007c3b9849242b
0x00007c3c295fe5f0:   0000000000000007 00007c3b98499c38
0x00007c3c295fe600:   0000000000000000 0000000634e33d10
0x00007c3c295fe610:   00007c3b984924a0 00007c3c295fe5b0
0x00007c3c295fe620:   00007c3c295fe650 00007c3c295fe6b0
0x00007c3c295fe630:   00007c3c13c672f2 000000000000000e
0x00007c3c295fe640:   00000006348a5828 00000006348a57e8
0x00007c3c295fe650:   0000000000000007 00000006353ff2a0
0x00007c3c295fe660:   00000006348a54b8 00007c3c295fe668
0x00007c3c295fe670:   00007c3b984a1d4c 0000000000000002
0x00007c3c295fe680:   00007c3b984a6000 0000000000000000
0x00007c3c295fe690:   0000000634ee9308 00007c3b984a1d68
0x00007c3c295fe6a0:   00007c3c295fe650 00007c3c295fe6c0
0x00007c3c295fe6b0:   00007c3c295fe710 00007c3c13c672f2
0x00007c3c295fe6c0:   00000006348a53c8 00007c3c295fe6c8
0x00007c3c295fe6d0:   00007c3b98409ded 0000000000000003
0x00007c3c295fe6e0:   00007c3b98498000 0000000000000000
0x00007c3c295fe6f0:   00000006353fef18 00007c3b98409e10
0x00007c3c295fe700:   00007c3c295fe6c0 00007c3c295fe720
0x00007c3c295fe710:   00007c3c295fe778 00007c3c13c672f2
0x00007c3c295fe720:   0000000000000000 0000000634890880 

Instructions: (pc=0x00007c3c13c672f2)
0x00007c3c13c671f2:   50 81 e3 ff 00 00 00 48 8d 24 dc 41 0f b6 5d 03
0x00007c3c13c67202:   49 83 c5 03 49 ba 40 a2 f3 2a 3c 7c 00 00 41 ff
0x00007c3c13c67212:   24 da 48 8b 65 f0 48 c7 45 f0 00 00 00 00 4c 8b
0x00007c3c13c67222:   6d c0 4c 8b 75 c8 4e 8d 74 f5 00 41 0f b7 4d 01
0x00007c3c13c67232:   48 8b 5d d0 c1 e1 02 8b 5c cb 50 81 e3 ff 00 00
0x00007c3c13c67242:   00 48 8d 24 dc 41 0f b6 5d 03 49 83 c5 03 49 ba
0x00007c3c13c67252:   40 9a f3 2a 3c 7c 00 00 41 ff 24 da 48 8b 65 f0
0x00007c3c13c67262:   48 c7 45 f0 00 00 00 00 4c 8b 6d c0 4c 8b 75 c8
0x00007c3c13c67272:   4e 8d 74 f5 00 41 0f b7 4d 01 48 8b 5d d0 c1 e1
0x00007c3c13c67282:   02 8b 5c cb 50 81 e3 ff 00 00 00 48 8d 24 dc 41
0x00007c3c13c67292:   0f b6 5d 03 49 83 c5 03 49 ba 40 92 f3 2a 3c 7c
0x00007c3c13c672a2:   00 00 41 ff 24 da 48 8b 65 f0 48 c7 45 f0 00 00
0x00007c3c13c672b2:   00 00 4c 8b 6d c0 4c 8b 75 c8 4e 8d 74 f5 00 41
0x00007c3c13c672c2:   0f b7 4d 01 48 8b 5d d0 c1 e1 02 8b 5c cb 50 81
0x00007c3c13c672d2:   e3 ff 00 00 00 48 8d 24 dc 41 0f b6 5d 03 49 83
0x00007c3c13c672e2:   c5 03 49 ba 40 8a f3 2a 3c 7c 00 00 41 ff 24 da
0x00007c3c13c672f2:   48 8b 65 f0 48 c7 45 f0 00 00 00 00 4c 8b 6d c0
0x00007c3c13c67302:   4c 8b 75 c8 4e 8d 74 f5 00 48 8b 5d d8 48 85 db
0x00007c3c13c67312:   0f 84 8a 00 00 00 41 80 7d 00 ba 0f 84 1b 00 00
0x00007c3c13c67322:   00 41 80 7d 00 e9 0f 84 10 00 00 00 48 8b 4d e8
0x00007c3c13c67332:   66 81 79 34 8e 01 0f 85 64 00 00 00 48 8b c8 48
0x00007c3c13c67342:   85 c9 75 0e f6 43 f8 01 75 56 f0 48 83 4b f8 01
0x00007c3c13c67352:   eb 4e 8b 49 08 49 ba 00 00 00 a3 3b 7c 00 00 49
0x00007c3c13c67362:   03 ca 4c 8b d1 48 33 4b f8 48 f7 c1 fc ff ff ff
0x00007c3c13c67372:   74 2e f6 c1 02 75 29 48 83 7b f8 00 74 1e 48 83
0x00007c3c13c67382:   7b f8 01 74 17 49 8b ca 48 33 4b f8 48 f7 c1 fc
0x00007c3c13c67392:   ff ff ff 74 0b 48 83 4b f8 02 eb 04 48 89 4b f8
0x00007c3c13c673a2:   41 0f b7 4d 01 48 8b 5d d0 c1 e1 02 8b 5c cb 50
0x00007c3c13c673b2:   81 e3 ff 00 00 00 48 8d 24 dc 41 0f b6 5d 03 49
0x00007c3c13c673c2:   83 c5 03 49 ba 40 aa f3 2a 3c 7c 00 00 41 ff 24
0x00007c3c13c673d2:   da 48 8b 65 f0 48 c7 45 f0 00 00 00 00 4c 8b 6d
0x00007c3c13c673e2:   c0 4c 8b 75 c8 4e 8d 74 f5 00 41 0f b7 4d 01 48 


Stack slot to memory mapping:

stack at sp + 0 slots: 0x0000000000000070 is an unknown value
stack at sp + 1 slots: 0x0 is null
stack at sp + 2 slots: 
[error occurred during error reporting (inspecting top of stack), id 0xb, SIGSEGV (0xb) at pc=0x00007c3c2a1bee53]
stack at sp + 3 slots: 0x00007c3c295fe550 is pointing into the stack for thread: 0x00007c3c2401a0a0
stack at sp + 4 slots: 0x00007c3b9848e768 is pointing into metadata
stack at sp + 5 slots: 0x0000000000000008 is an unknown value
stack at sp + 6 slots: 0x00007c3b984995b8 is pointing into metadata
stack at sp + 7 slots: 0x0 is null


---------------  P R O C E S S  ---------------

Threads class SMR info:
_java_thread_list=0x00007c3b6810d250, length=14, elements={
0x00007c3c2401a0a0, 0x00007c3c2412ce90, 0x00007c3c2412e200, 0x00007c3c2412f9a0,
0x00007c3c24130fe0, 0x00007c3c24132580, 0x00007c3c24134140, 0x00007c3c24135800,
0x00007c3c24149310, 0x00007c3b6805eb30, 0x00007c3c2417f7b0, 0x00007c3c2567d6a0,
0x00007c3c256a07a0, 0x00007c3b6810c2a0
}

Java Threads: ( => current thread )
=>0x00007c3c2401a0a0 JavaThread "main"                              [_thread_in_Java, id=19422, stack(0x00007c3c29500000,0x00007c3c29600000) (1024K)]
  0x00007c3c2412ce90 JavaThread "Reference Handler"          daemon [_thread_blocked, id=19430, stack(0x00007c3bfaf00000,0x00007c3bfb000000) (1024K)]
  0x00007c3c2412e200 JavaThread "Finalizer"                  daemon [_thread_blocked, id=19431, stack(0x00007c3bfae00000,0x00007c3bfaf00000) (1024K)]
  0x00007c3c2412f9a0 JavaThread "Signal Dispatcher"          daemon [_thread_blocked, id=19432, stack(0x00007c3bfad00000,0x00007c3bfae00000) (1024K)]
  0x00007c3c24130fe0 JavaThread "Service Thread"             daemon [_thread_blocked, id=19433, stack(0x00007c3bfac00000,0x00007c3bfad00000) (1024K)]
  0x00007c3c24132580 JavaThread "Monitor Deflation Thread"   daemon [_thread_blocked, id=19434, stack(0x00007c3bfab00000,0x00007c3bfac00000) (1024K)]
  0x00007c3c24134140 JavaThread "C2 CompilerThread0"         daemon [_thread_blocked, id=19435, stack(0x00007c3bfaa00000,0x00007c3bfab00000) (1024K)]
  0x00007c3c24135800 JavaThread "C1 CompilerThread0"         daemon [_thread_blocked, id=19436, stack(0x00007c3bfa900000,0x00007c3bfaa00000) (1024K)]
  0x00007c3c24149310 JavaThread "Common-Cleaner"             daemon [_thread_blocked, id=19437, stack(0x00007c3bfa800000,0x00007c3bfa900000) (1024K)]
  0x00007c3b6805eb30 JavaThread "C1 CompilerThread1"         daemon [_thread_blocked, id=19438, stack(0x00007c3bfa700000,0x00007c3bfa800000) (1024K)]
  0x00007c3c2417f7b0 JavaThread "Notification Thread"        daemon [_thread_blocked, id=19439, stack(0x00007c3bfa600000,0x00007c3bfa700000) (1024K)]
  0x00007c3c2567d6a0 JavaThread "pool-1-thread-1"            daemon [_thread_blocked, id=19445, stack(0x00007c3bfa500000,0x00007c3bfa600000) (1024K)]
  0x00007c3c256a07a0 JavaThread "Java2D Disposer"            daemon [_thread_blocked, id=19446, stack(0x00007c3bfa400000,0x00007c3bfa500000) (1024K)]
  0x00007c3b6810c2a0 JavaThread "C1 CompilerThread2"         daemon [_thread_blocked, id=19447, stack(0x00007c3bef100000,0x00007c3bef200000) (1024K)]
Total: 14

Other Threads:
  0x00007c3c24123890 VMThread "VM Thread"                           [id=19429, stack(0x00007c3bfbdff000,0x00007c3bfbeff000) (1024K)]
  0x00007c3c24111260 WatcherThread "VM Periodic Task Thread"        [id=19428, stack(0x00007c3bfbf00000,0x00007c3bfc000000) (1024K)]
  0x00007c3c24045410 WorkerThread "GC Thread#0"                     [id=19423, stack(0x00007c3c28465000,0x00007c3c28565000) (1024K)]
  0x00007c3c24055f10 ConcurrentGCThread "G1 Main Marker"            [id=19424, stack(0x00007c3c28364000,0x00007c3c28464000) (1024K)]
  0x00007c3c24056ec0 WorkerThread "G1 Conc#0"                       [id=19425, stack(0x00007c3c28263000,0x00007c3c28363000) (1024K)]
  0x00007c3c240fead0 ConcurrentGCThread "G1 Refine#0"               [id=19426, stack(0x00007c3c001f7000,0x00007c3c002f7000) (1024K)]
  0x00007c3c240ffa90 ConcurrentGCThread "G1 Service"                [id=19427, stack(0x00007c3c000f6000,0x00007c3c001f6000) (1024K)]
Total: 7

Threads with active compile tasks:
Total: 0

VM state: not at safepoint (normal execution)

VM Mutex/Monitor currently owned by a thread: None

Heap address: 0x0000000616800000, size: 7832 MB, Compressed Oops mode: Zero based, Oop shift amount: 3

CDS archive(s) mapped at: [0x00007c3ba3000000-0x00007c3ba3c97000-0x00007c3ba3c97000), size 13201408, SharedBaseAddress: 0x00007c3ba3000000, ArchiveRelocationMode: 1.
Compressed class space mapped at: 0x00007c3ba4000000-0x00007c3be4000000, reserved size: 1073741824
Narrow klass base: 0x00007c3ba3000000, Narrow klass shift: 0, Narrow klass range: 0x100000000

GC Precious Log:
 CardTable entry size: 512
 Card Set container configuration: InlinePtr #cards 4 size 8 Array Of Cards #cards 32 size 80 Howl #buckets 8 coarsen threshold 7372 Howl Bitmap #cards 1024 size 144 coarsen threshold 921 Card regions per heap region 1 cards per card region 8192
 CPUs: 16 total, 16 available
 Memory: 31322M
 Large Page Support: Disabled
 NUMA Support: Disabled
 Compressed Oops: Enabled (Zero based)
 Heap Region Size: 4M
 Heap Min Capacity: 8M
 Heap Initial Capacity: 492M
 Heap Max Capacity: 7832M
 Pre-touch: Disabled
 Parallel Workers: 13
 Concurrent Workers: 3
 Concurrent Refinement Workers: 13
 Periodic GC: Disabled

Heap:
 garbage-first heap   total 507904K, used 9265K [0x0000000616800000, 0x0000000800000000)
  region size 4096K, 3 young (12288K), 0 survivors (0K)
 Metaspace       used 3399K, committed 3584K, reserved 1114112K
  class space    used 288K, committed 384K, reserved 1048576K

Heap Regions: E=young(eden), S=young(survivor), O=old, HS=humongous(starts), HC=humongous(continues), CS=collection set, F=free, TAMS=top-at-mark-start, PB=parsable bottom
|   0|0x0000000616800000, 0x0000000616800000, 0x0000000616c00000|  0%| F|  |TAMS 0x0000000616800000| PB 0x0000000616800000| Untracked 
|   1|0x0000000616c00000, 0x0000000616c00000, 0x0000000617000000|  0%| F|  |TAMS 0x0000000616c00000| PB 0x0000000616c00000| Untracked 
|   2|0x0000000617000000, 0x0000000617000000, 0x0000000617400000|  0%| F|  |TAMS 0x0000000617000000| PB 0x0000000617000000| Untracked 
|   3|0x0000000617400000, 0x0000000617400000, 0x0000000617800000|  0%| F|  |TAMS 0x0000000617400000| PB 0x0000000617400000| Untracked 
|   4|0x0000000617800000, 0x0000000617800000, 0x0000000617c00000|  0%| F|  |TAMS 0x0000000617800000| PB 0x0000000617800000| Untracked 
|   5|0x0000000617c00000, 0x0000000617c00000, 0x0000000618000000|  0%| F|  |TAMS 0x0000000617c00000| PB 0x0000000617c00000| Untracked 
|   6|0x0000000618000000, 0x0000000618000000, 0x0000000618400000|  0%| F|  |TAMS 0x0000000618000000| PB 0x0000000618000000| Untracked 
|   7|0x0000000618400000, 0x0000000618400000, 0x0000000618800000|  0%| F|  |TAMS 0x0000000618400000| PB 0x0000000618400000| Untracked 
|   8|0x0000000618800000, 0x0000000618800000, 0x0000000618c00000|  0%| F|  |TAMS 0x0000000618800000| PB 0x0000000618800000| Untracked 
|   9|0x0000000618c00000, 0x0000000618c00000, 0x0000000619000000|  0%| F|  |TAMS 0x0000000618c00000| PB 0x0000000618c00000| Untracked 
|  10|0x0000000619000000, 0x0000000619000000, 0x0000000619400000|  0%| F|  |TAMS 0x0000000619000000| PB 0x0000000619000000| Untracked 
|  11|0x0000000619400000, 0x0000000619400000, 0x0000000619800000|  0%| F|  |TAMS 0x0000000619400000| PB 0x0000000619400000| Untracked 
|  12|0x0000000619800000, 0x0000000619800000, 0x0000000619c00000|  0%| F|  |TAMS 0x0000000619800000| PB 0x0000000619800000| Untracked 
|  13|0x0000000619c00000, 0x0000000619c00000, 0x000000061a000000|  0%| F|  |TAMS 0x0000000619c00000| PB 0x0000000619c00000| Untracked 
|  14|0x000000061a000000, 0x000000061a000000, 0x000000061a400000|  0%| F|  |TAMS 0x000000061a000000| PB 0x000000061a000000| Untracked 
|  15|0x000000061a400000, 0x000000061a400000, 0x000000061a800000|  0%| F|  |TAMS 0x000000061a400000| PB 0x000000061a400000| Untracked 
|  16|0x000000061a800000, 0x000000061a800000, 0x000000061ac00000|  0%| F|  |TAMS 0x000000061a800000| PB 0x000000061a800000| Untracked 
|  17|0x000000061ac00000, 0x000000061ac00000, 0x000000061b000000|  0%| F|  |TAMS 0x000000061ac00000| PB 0x000000061ac00000| Untracked 
|  18|0x000000061b000000, 0x000000061b000000, 0x000000061b400000|  0%| F|  |TAMS 0x000000061b000000| PB 0x000000061b000000| Untracked 
|  19|0x000000061b400000, 0x000000061b400000, 0x000000061b800000|  0%| F|  |TAMS 0x000000061b400000| PB 0x000000061b400000| Untracked 
|  20|0x000000061b800000, 0x000000061b800000, 0x000000061bc00000|  0%| F|  |TAMS 0x000000061b800000| PB 0x000000061b800000| Untracked 
|  21|0x000000061bc00000, 0x000000061bc00000, 0x000000061c000000|  0%| F|  |TAMS 0x000000061bc00000| PB 0x000000061bc00000| Untracked 
|  22|0x000000061c000000, 0x000000061c000000, 0x000000061c400000|  0%| F|  |TAMS 0x000000061c000000| PB 0x000000061c000000| Untracked 
|  23|0x000000061c400000, 0x000000061c400000, 0x000000061c800000|  0%| F|  |TAMS 0x000000061c400000| PB 0x000000061c400000| Untracked 
|  24|0x000000061c800000, 0x000000061c800000, 0x000000061cc00000|  0%| F|  |TAMS 0x000000061c800000| PB 0x000000061c800000| Untracked 
|  25|0x000000061cc00000, 0x000000061cc00000, 0x000000061d000000|  0%| F|  |TAMS 0x000000061cc00000| PB 0x000000061cc00000| Untracked 
|  26|0x000000061d000000, 0x000000061d000000, 0x000000061d400000|  0%| F|  |TAMS 0x000000061d000000| PB 0x000000061d000000| Untracked 
|  27|0x000000061d400000, 0x000000061d400000, 0x000000061d800000|  0%| F|  |TAMS 0x000000061d400000| PB 0x000000061d400000| Untracked 
|  28|0x000000061d800000, 0x000000061d800000, 0x000000061dc00000|  0%| F|  |TAMS 0x000000061d800000| PB 0x000000061d800000| Untracked 
|  29|0x000000061dc00000, 0x000000061dc00000, 0x000000061e000000|  0%| F|  |TAMS 0x000000061dc00000| PB 0x000000061dc00000| Untracked 
|  30|0x000000061e000000, 0x000000061e000000, 0x000000061e400000|  0%| F|  |TAMS 0x000000061e000000| PB 0x000000061e000000| Untracked 
|  31|0x000000061e400000, 0x000000061e400000, 0x000000061e800000|  0%| F|  |TAMS 0x000000061e400000| PB 0x000000061e400000| Untracked 
|  32|0x000000061e800000, 0x000000061e800000, 0x000000061ec00000|  0%| F|  |TAMS 0x000000061e800000| PB 0x000000061e800000| Untracked 
|  33|0x000000061ec00000, 0x000000061ec00000, 0x000000061f000000|  0%| F|  |TAMS 0x000000061ec00000| PB 0x000000061ec00000| Untracked 
|  34|0x000000061f000000, 0x000000061f000000, 0x000000061f400000|  0%| F|  |TAMS 0x000000061f000000| PB 0x000000061f000000| Untracked 
|  35|0x000000061f400000, 0x000000061f400000, 0x000000061f800000|  0%| F|  |TAMS 0x000000061f400000| PB 0x000000061f400000| Untracked 
|  36|0x000000061f800000, 0x000000061f800000, 0x000000061fc00000|  0%| F|  |TAMS 0x000000061f800000| PB 0x000000061f800000| Untracked 
|  37|0x000000061fc00000, 0x000000061fc00000, 0x0000000620000000|  0%| F|  |TAMS 0x000000061fc00000| PB 0x000000061fc00000| Untracked 
|  38|0x0000000620000000, 0x0000000620000000, 0x0000000620400000|  0%| F|  |TAMS 0x0000000620000000| PB 0x0000000620000000| Untracked 
|  39|0x0000000620400000, 0x0000000620400000, 0x0000000620800000|  0%| F|  |TAMS 0x0000000620400000| PB 0x0000000620400000| Untracked 
|  40|0x0000000620800000, 0x0000000620800000, 0x0000000620c00000|  0%| F|  |TAMS 0x0000000620800000| PB 0x0000000620800000| Untracked 
|  41|0x0000000620c00000, 0x0000000620c00000, 0x0000000621000000|  0%| F|  |TAMS 0x0000000620c00000| PB 0x0000000620c00000| Untracked 
|  42|0x0000000621000000, 0x0000000621000000, 0x0000000621400000|  0%| F|  |TAMS 0x0000000621000000| PB 0x0000000621000000| Untracked 
|  43|0x0000000621400000, 0x0000000621400000, 0x0000000621800000|  0%| F|  |TAMS 0x0000000621400000| PB 0x0000000621400000| Untracked 
|  44|0x0000000621800000, 0x0000000621800000, 0x0000000621c00000|  0%| F|  |TAMS 0x0000000621800000| PB 0x0000000621800000| Untracked 
|  45|0x0000000621c00000, 0x0000000621c00000, 0x0000000622000000|  0%| F|  |TAMS 0x0000000621c00000| PB 0x0000000621c00000| Untracked 
|  46|0x0000000622000000, 0x0000000622000000, 0x0000000622400000|  0%| F|  |TAMS 0x0000000622000000| PB 0x0000000622000000| Untracked 
|  47|0x0000000622400000, 0x0000000622400000, 0x0000000622800000|  0%| F|  |TAMS 0x0000000622400000| PB 0x0000000622400000| Untracked 
|  48|0x0000000622800000, 0x0000000622800000, 0x0000000622c00000|  0%| F|  |TAMS 0x0000000622800000| PB 0x0000000622800000| Untracked 
|  49|0x0000000622c00000, 0x0000000622c00000, 0x0000000623000000|  0%| F|  |TAMS 0x0000000622c00000| PB 0x0000000622c00000| Untracked 
|  50|0x0000000623000000, 0x0000000623000000, 0x0000000623400000|  0%| F|  |TAMS 0x0000000623000000| PB 0x0000000623000000| Untracked 
|  51|0x0000000623400000, 0x0000000623400000, 0x0000000623800000|  0%| F|  |TAMS 0x0000000623400000| PB 0x0000000623400000| Untracked 
|  52|0x0000000623800000, 0x0000000623800000, 0x0000000623c00000|  0%| F|  |TAMS 0x0000000623800000| PB 0x0000000623800000| Untracked 
|  53|0x0000000623c00000, 0x0000000623c00000, 0x0000000624000000|  0%| F|  |TAMS 0x0000000623c00000| PB 0x0000000623c00000| Untracked 
|  54|0x0000000624000000, 0x0000000624000000, 0x0000000624400000|  0%| F|  |TAMS 0x0000000624000000| PB 0x0000000624000000| Untracked 
|  55|0x0000000624400000, 0x0000000624400000, 0x0000000624800000|  0%| F|  |TAMS 0x0000000624400000| PB 0x0000000624400000| Untracked 
|  56|0x0000000624800000, 0x0000000624800000, 0x0000000624c00000|  0%| F|  |TAMS 0x0000000624800000| PB 0x0000000624800000| Untracked 
|  57|0x0000000624c00000, 0x0000000624c00000, 0x0000000625000000|  0%| F|  |TAMS 0x0000000624c00000| PB 0x0000000624c00000| Untracked 
|  58|0x0000000625000000, 0x0000000625000000, 0x0000000625400000|  0%| F|  |TAMS 0x0000000625000000| PB 0x0000000625000000| Untracked 
|  59|0x0000000625400000, 0x0000000625400000, 0x0000000625800000|  0%| F|  |TAMS 0x0000000625400000| PB 0x0000000625400000| Untracked 
|  60|0x0000000625800000, 0x0000000625800000, 0x0000000625c00000|  0%| F|  |TAMS 0x0000000625800000| PB 0x0000000625800000| Untracked 
|  61|0x0000000625c00000, 0x0000000625c00000, 0x0000000626000000|  0%| F|  |TAMS 0x0000000625c00000| PB 0x0000000625c00000| Untracked 
|  62|0x0000000626000000, 0x0000000626000000, 0x0000000626400000|  0%| F|  |TAMS 0x0000000626000000| PB 0x0000000626000000| Untracked 
|  63|0x0000000626400000, 0x0000000626400000, 0x0000000626800000|  0%| F|  |TAMS 0x0000000626400000| PB 0x0000000626400000| Untracked 
|  64|0x0000000626800000, 0x0000000626800000, 0x0000000626c00000|  0%| F|  |TAMS 0x0000000626800000| PB 0x0000000626800000| Untracked 
|  65|0x0000000626c00000, 0x0000000626c00000, 0x0000000627000000|  0%| F|  |TAMS 0x0000000626c00000| PB 0x0000000626c00000| Untracked 
|  66|0x0000000627000000, 0x0000000627000000, 0x0000000627400000|  0%| F|  |TAMS 0x0000000627000000| PB 0x0000000627000000| Untracked 
|  67|0x0000000627400000, 0x0000000627400000, 0x0000000627800000|  0%| F|  |TAMS 0x0000000627400000| PB 0x0000000627400000| Untracked 
|  68|0x0000000627800000, 0x0000000627800000, 0x0000000627c00000|  0%| F|  |TAMS 0x0000000627800000| PB 0x0000000627800000| Untracked 
|  69|0x0000000627c00000, 0x0000000627c00000, 0x0000000628000000|  0%| F|  |TAMS 0x0000000627c00000| PB 0x0000000627c00000| Untracked 
|  70|0x0000000628000000, 0x0000000628000000, 0x0000000628400000|  0%| F|  |TAMS 0x0000000628000000| PB 0x0000000628000000| Untracked 
|  71|0x0000000628400000, 0x0000000628400000, 0x0000000628800000|  0%| F|  |TAMS 0x0000000628400000| PB 0x0000000628400000| Untracked 
|  72|0x0000000628800000, 0x0000000628800000, 0x0000000628c00000|  0%| F|  |TAMS 0x0000000628800000| PB 0x0000000628800000| Untracked 
|  73|0x0000000628c00000, 0x0000000628c00000, 0x0000000629000000|  0%| F|  |TAMS 0x0000000628c00000| PB 0x0000000628c00000| Untracked 
|  74|0x0000000629000000, 0x0000000629000000, 0x0000000629400000|  0%| F|  |TAMS 0x0000000629000000| PB 0x0000000629000000| Untracked 
|  75|0x0000000629400000, 0x0000000629400000, 0x0000000629800000|  0%| F|  |TAMS 0x0000000629400000| PB 0x0000000629400000| Untracked 
|  76|0x0000000629800000, 0x0000000629800000, 0x0000000629c00000|  0%| F|  |TAMS 0x0000000629800000| PB 0x0000000629800000| Untracked 
|  77|0x0000000629c00000, 0x0000000629c00000, 0x000000062a000000|  0%| F|  |TAMS 0x0000000629c00000| PB 0x0000000629c00000| Untracked 
|  78|0x000000062a000000, 0x000000062a000000, 0x000000062a400000|  0%| F|  |TAMS 0x000000062a000000| PB 0x000000062a000000| Untracked 
|  79|0x000000062a400000, 0x000000062a400000, 0x000000062a800000|  0%| F|  |TAMS 0x000000062a400000| PB 0x000000062a400000| Untracked 
|  80|0x000000062a800000, 0x000000062a800000, 0x000000062ac00000|  0%| F|  |TAMS 0x000000062a800000| PB 0x000000062a800000| Untracked 
|  81|0x000000062ac00000, 0x000000062ac00000, 0x000000062b000000|  0%| F|  |TAMS 0x000000062ac00000| PB 0x000000062ac00000| Untracked 
|  82|0x000000062b000000, 0x000000062b000000, 0x000000062b400000|  0%| F|  |TAMS 0x000000062b000000| PB 0x000000062b000000| Untracked 
|  83|0x000000062b400000, 0x000000062b400000, 0x000000062b800000|  0%| F|  |TAMS 0x000000062b400000| PB 0x000000062b400000| Untracked 
|  84|0x000000062b800000, 0x000000062b800000, 0x000000062bc00000|  0%| F|  |TAMS 0x000000062b800000| PB 0x000000062b800000| Untracked 
|  85|0x000000062bc00000, 0x000000062bc00000, 0x000000062c000000|  0%| F|  |TAMS 0x000000062bc00000| PB 0x000000062bc00000| Untracked 
|  86|0x000000062c000000, 0x000000062c000000, 0x000000062c400000|  0%| F|  |TAMS 0x000000062c000000| PB 0x000000062c000000| Untracked 
|  87|0x000000062c400000, 0x000000062c400000, 0x000000062c800000|  0%| F|  |TAMS 0x000000062c400000| PB 0x000000062c400000| Untracked 
|  88|0x000000062c800000, 0x000000062c800000, 0x000000062cc00000|  0%| F|  |TAMS 0x000000062c800000| PB 0x000000062c800000| Untracked 
|  89|0x000000062cc00000, 0x000000062cc00000, 0x000000062d000000|  0%| F|  |TAMS 0x000000062cc00000| PB 0x000000062cc00000| Untracked 
|  90|0x000000062d000000, 0x000000062d000000, 0x000000062d400000|  0%| F|  |TAMS 0x000000062d000000| PB 0x000000062d000000| Untracked 
|  91|0x000000062d400000, 0x000000062d400000, 0x000000062d800000|  0%| F|  |TAMS 0x000000062d400000| PB 0x000000062d400000| Untracked 
|  92|0x000000062d800000, 0x000000062d800000, 0x000000062dc00000|  0%| F|  |TAMS 0x000000062d800000| PB 0x000000062d800000| Untracked 
|  93|0x000000062dc00000, 0x000000062dc00000, 0x000000062e000000|  0%| F|  |TAMS 0x000000062dc00000| PB 0x000000062dc00000| Untracked 
|  94|0x000000062e000000, 0x000000062e000000, 0x000000062e400000|  0%| F|  |TAMS 0x000000062e000000| PB 0x000000062e000000| Untracked 
|  95|0x000000062e400000, 0x000000062e400000, 0x000000062e800000|  0%| F|  |TAMS 0x000000062e400000| PB 0x000000062e400000| Untracked 
|  96|0x000000062e800000, 0x000000062e800000, 0x000000062ec00000|  0%| F|  |TAMS 0x000000062e800000| PB 0x000000062e800000| Untracked 
|  97|0x000000062ec00000, 0x000000062ec00000, 0x000000062f000000|  0%| F|  |TAMS 0x000000062ec00000| PB 0x000000062ec00000| Untracked 
|  98|0x000000062f000000, 0x000000062f000000, 0x000000062f400000|  0%| F|  |TAMS 0x000000062f000000| PB 0x000000062f000000| Untracked 
|  99|0x000000062f400000, 0x000000062f400000, 0x000000062f800000|  0%| F|  |TAMS 0x000000062f400000| PB 0x000000062f400000| Untracked 
| 100|0x000000062f800000, 0x000000062f800000, 0x000000062fc00000|  0%| F|  |TAMS 0x000000062f800000| PB 0x000000062f800000| Untracked 
| 101|0x000000062fc00000, 0x000000062fc00000, 0x0000000630000000|  0%| F|  |TAMS 0x000000062fc00000| PB 0x000000062fc00000| Untracked 
| 102|0x0000000630000000, 0x0000000630000000, 0x0000000630400000|  0%| F|  |TAMS 0x0000000630000000| PB 0x0000000630000000| Untracked 
| 103|0x0000000630400000, 0x0000000630400000, 0x0000000630800000|  0%| F|  |TAMS 0x0000000630400000| PB 0x0000000630400000| Untracked 
| 104|0x0000000630800000, 0x0000000630800000, 0x0000000630c00000|  0%| F|  |TAMS 0x0000000630800000| PB 0x0000000630800000| Untracked 
| 105|0x0000000630c00000, 0x0000000630c00000, 0x0000000631000000|  0%| F|  |TAMS 0x0000000630c00000| PB 0x0000000630c00000| Untracked 
| 106|0x0000000631000000, 0x0000000631000000, 0x0000000631400000|  0%| F|  |TAMS 0x0000000631000000| PB 0x0000000631000000| Untracked 
| 107|0x0000000631400000, 0x0000000631400000, 0x0000000631800000|  0%| F|  |TAMS 0x0000000631400000| PB 0x0000000631400000| Untracked 
| 108|0x0000000631800000, 0x0000000631800000, 0x0000000631c00000|  0%| F|  |TAMS 0x0000000631800000| PB 0x0000000631800000| Untracked 
| 109|0x0000000631c00000, 0x0000000631c00000, 0x0000000632000000|  0%| F|  |TAMS 0x0000000631c00000| PB 0x0000000631c00000| Untracked 
| 110|0x0000000632000000, 0x0000000632000000, 0x0000000632400000|  0%| F|  |TAMS 0x0000000632000000| PB 0x0000000632000000| Untracked 
| 111|0x0000000632400000, 0x0000000632400000, 0x0000000632800000|  0%| F|  |TAMS 0x0000000632400000| PB 0x0000000632400000| Untracked 
| 112|0x0000000632800000, 0x0000000632800000, 0x0000000632c00000|  0%| F|  |TAMS 0x0000000632800000| PB 0x0000000632800000| Untracked 
| 113|0x0000000632c00000, 0x0000000632c00000, 0x0000000633000000|  0%| F|  |TAMS 0x0000000632c00000| PB 0x0000000632c00000| Untracked 
| 114|0x0000000633000000, 0x0000000633000000, 0x0000000633400000|  0%| F|  |TAMS 0x0000000633000000| PB 0x0000000633000000| Untracked 
| 115|0x0000000633400000, 0x0000000633400000, 0x0000000633800000|  0%| F|  |TAMS 0x0000000633400000| PB 0x0000000633400000| Untracked 
| 116|0x0000000633800000, 0x0000000633800000, 0x0000000633c00000|  0%| F|  |TAMS 0x0000000633800000| PB 0x0000000633800000| Untracked 
| 117|0x0000000633c00000, 0x0000000633c00000, 0x0000000634000000|  0%| F|  |TAMS 0x0000000633c00000| PB 0x0000000633c00000| Untracked 
| 118|0x0000000634000000, 0x0000000634000000, 0x0000000634400000|  0%| F|  |TAMS 0x0000000634000000| PB 0x0000000634000000| Untracked 
| 119|0x0000000634400000, 0x0000000634400000, 0x0000000634800000|  0%| F|  |TAMS 0x0000000634400000| PB 0x0000000634400000| Untracked 
| 120|0x0000000634800000, 0x00000006348f63d8, 0x0000000634c00000| 24%| E|  |TAMS 0x0000000634800000| PB 0x0000000634800000| Complete 
| 121|0x0000000634c00000, 0x0000000635000000, 0x0000000635000000|100%| E|CS|TAMS 0x0000000634c00000| PB 0x0000000634c00000| Complete 
| 122|0x0000000635000000, 0x0000000635400000, 0x0000000635400000|100%| E|CS|TAMS 0x0000000635000000| PB 0x0000000635000000| Complete 
|1957|0x00000007ffc00000, 0x00000007ffd0c710, 0x0000000800000000| 26%| O|  |TAMS 0x00000007ffc00000| PB 0x00000007ffc00000| Untracked 

Card table byte_map: [0x00007c3c0a800000,0x00007c3c0b74c000] _byte_map_base: 0x00007c3c0774c000

Marking Bits: (CMBitMap*) 0x00007c3c24045f40
 Bits: [0x00007c3c02c00000, 0x00007c3c0a660000)

Polling page: 0x00007c3c2b252000

Metaspace:

Usage:
  Non-class:      3.04 MB used.
      Class:    288.43 KB used.
       Both:      3.32 MB used.

Virtual space:
  Non-class space:       64.00 MB reserved,       3.12 MB (  5%) committed,  1 nodes.
      Class space:        1.00 GB reserved,     384.00 KB ( <1%) committed,  1 nodes.
             Both:        1.06 GB reserved,       3.50 MB ( <1%) committed. 

Chunk freelists:
   Non-Class:  11.01 MB
       Class:  15.61 MB
        Both:  26.62 MB

MaxMetaspaceSize: unlimited
CompressedClassSpaceSize: 1.00 GB
Initial GC threshold: 21.00 MB
Current GC threshold: 21.00 MB
CDS: on
 - commit_granule_bytes: 65536.
 - commit_granule_words: 8192.
 - virtual_space_node_default_size: 8388608.
 - enlarge_chunks_in_place: 1.
 - use_allocation_guard: 0.


Internal statistics:

num_allocs_failed_limit: 0.
num_arena_births: 106.
num_arena_deaths: 0.
num_vsnodes_births: 2.
num_vsnodes_deaths: 0.
num_space_committed: 56.
num_space_uncommitted: 0.
num_chunks_returned_to_freelist: 0.
num_chunks_taken_from_freelist: 185.
num_chunk_merges: 0.
num_chunk_splits: 110.
num_chunks_enlarged: 46.
num_inconsistent_stats: 0.

CodeHeap 'non-profiled nmethods': size=119168Kb used=221Kb max_used=221Kb free=118946Kb
 bounds [0x00007c3c143a0000, 0x00007c3c14610000, 0x00007c3c1b800000]
CodeHeap 'profiled nmethods': size=119164Kb used=1036Kb max_used=1036Kb free=118128Kb
 bounds [0x00007c3c0c800000, 0x00007c3c0ca70000, 0x00007c3c13c5f000]
CodeHeap 'non-nmethods': size=7428Kb used=2633Kb max_used=2647Kb free=4794Kb
 bounds [0x00007c3c13c5f000, 0x00007c3c13eff000, 0x00007c3c143a0000]
 total_blobs=1336 nmethods=738 adapters=502
 compilation: enabled
              stopped_count=0, restarted_count=0
 full_count=0

Compilation events (20 events):
Event: 0.364 Thread 0x00007c3c24135800  728       3       jcuda.NativePointerObject::<init> (10 bytes)
Event: 0.364 Thread 0x00007c3b6805eb30  729       3       JCudaWrapper.resourceManagement.ResourceDealocator::register (17 bytes)
Event: 0.364 Thread 0x00007c3b6810c2a0  730       3       JCudaWrapper.resourceManagement.ResourceDealocator::<init> (27 bytes)
Event: 0.364 Thread 0x00007c3c24135800 nmethod 728 0x00007c3c0c8fda90 code [0x00007c3c0c8fdc20, 0x00007c3c0c8fdd88]
Event: 0.364 Thread 0x00007c3c24135800  732       3       jcuda.driver.CUdeviceptr::withByteOffset (10 bytes)
Event: 0.364 Thread 0x00007c3b6810c2a0 nmethod 730 0x00007c3c0c8fde90 code [0x00007c3c0c8fe040, 0x00007c3c0c8fe3f8]
Event: 0.364 Thread 0x00007c3b6810c2a0  733       3       jcuda.driver.CUdeviceptr::<init> (7 bytes)
Event: 0.365 Thread 0x00007c3c24135800 nmethod 732 0x00007c3c0c8fe510 code [0x00007c3c0c8fe6c0, 0x00007c3c0c8fe8d0]
Event: 0.365 Thread 0x00007c3b6805eb30 nmethod 729 0x00007c3c0c8fea10 code [0x00007c3c0c8febe0, 0x00007c3c0c8ff088]
Event: 0.365 Thread 0x00007c3c24135800  734       3       JCudaWrapper.array.Array::pointer (39 bytes)
Event: 0.365 Thread 0x00007c3b6810c2a0 nmethod 733 0x00007c3c0c8ff210 code [0x00007c3c0c8ff3c0, 0x00007c3c0c8ff4f8]
Event: 0.365 Thread 0x00007c3b6805eb30  731       3       java.util.concurrent.atomic.AtomicBoolean::<init> (14 bytes)
Event: 0.365 Thread 0x00007c3b6805eb30 nmethod 731 0x00007c3c0c8ff590 code [0x00007c3c0c8ff720, 0x00007c3c0c8ff8c0]
Event: 0.365 Thread 0x00007c3c24135800 nmethod 734 0x00007c3c0c8ff990 code [0x00007c3c0c8ffc60, 0x00007c3c0c900b20]
Event: 0.365 Thread 0x00007c3b6805eb30  735       3       java.nio.Buffer::position (52 bytes)
Event: 0.365 Thread 0x00007c3c24135800  736       3       java.nio.Buffer::limit (65 bytes)
Event: 0.365 Thread 0x00007c3b6805eb30 nmethod 735 0x00007c3c0c901090 code [0x00007c3c0c901240, 0x00007c3c0c901490]
Event: 0.366 Thread 0x00007c3c24135800 nmethod 736 0x00007c3c0c901590 code [0x00007c3c0c901740, 0x00007c3c0c9019c8]
Event: 0.366 Thread 0x00007c3b6810c2a0  737       3       java.lang.invoke.DirectMethodHandle::<init> (148 bytes)
Event: 0.366 Thread 0x00007c3c24134140  738       4       java.util.stream.Sink::begin (1 bytes)

GC Heap History (0 events):
No events

Dll operation events (11 events):
Event: 0.002 Loaded shared library /usr/lib/jvm/java-21-openjdk-amd64/lib/libjava.so
Event: 0.025 Loaded shared library /usr/lib/jvm/java-21-openjdk-amd64/lib/libjsvml.so
Event: 0.026 Loaded shared library /usr/lib/jvm/java-21-openjdk-amd64/lib/libnio.so
Event: 0.062 Loaded shared library /usr/lib/jvm/java-21-openjdk-amd64/lib/libzip.so
Event: 0.086 Loaded shared library /usr/lib/jvm/java-21-openjdk-amd64/lib/libjimage.so
Event: 0.140 Loaded shared library /tmp/libJCublas2-12.0.0-linux-x86_64.so
Event: 0.241 Loaded shared library /tmp/libJCudaRuntime-12.0.0-linux-x86_64.so
Event: 0.257 Loaded shared library /usr/lib/jvm/java-21-openjdk-amd64/lib/libawt.so
Event: 0.260 Loaded shared library /usr/lib/jvm/java-21-openjdk-amd64/lib/libawt_xawt.so
Event: 0.284 Loaded shared library /usr/lib/jvm/java-21-openjdk-amd64/lib/libjavajpeg.so
Event: 0.354 Loaded shared library /tmp/libJCudaDriver-12.0.0-linux-x86_64.so

Deoptimization events (20 events):
Event: 0.258 Thread 0x00007c3c2401a0a0 DEOPT PACKING pc=0x00007c3c143b51ac sp=0x00007c3c295fa7a0
Event: 0.258 Thread 0x00007c3c2401a0a0 DEOPT UNPACKING pc=0x00007c3c13cb2f99 sp=0x00007c3c295fa770 mode 2
Event: 0.353 Thread 0x00007c3c2401a0a0 DEOPT PACKING pc=0x00007c3c0c815b48 sp=0x00007c3c295fd6c0
Event: 0.354 Thread 0x00007c3c2401a0a0 DEOPT UNPACKING pc=0x00007c3c13cb372f sp=0x00007c3c295fcb00 mode 0
Event: 0.360 Thread 0x00007c3c2401a0a0 Uncommon trap: trap_request=0xffffffc6 fr.pc=0x00007c3c143b337c relative=0x0000000000000b3c
Event: 0.360 Thread 0x00007c3c2401a0a0 Uncommon trap: reason=bimorphic_or_optimized_type_check action=maybe_recompile pc=0x00007c3c143b337c method=java.util.HashMap.putVal(ILjava/lang/Object;Ljava/lang/Object;ZZ)Ljava/lang/Object; @ 56 c2
Event: 0.361 Thread 0x00007c3c2401a0a0 DEOPT PACKING pc=0x00007c3c143b337c sp=0x00007c3c295fe530
Event: 0.361 Thread 0x00007c3c2401a0a0 DEOPT UNPACKING pc=0x00007c3c13cb2f99 sp=0x00007c3c295fe4b8 mode 2
Event: 0.362 Thread 0x00007c3c2401a0a0 Uncommon trap: trap_request=0xffffffc6 fr.pc=0x00007c3c143b337c relative=0x0000000000000b3c
Event: 0.362 Thread 0x00007c3c2401a0a0 Uncommon trap: reason=bimorphic_or_optimized_type_check action=maybe_recompile pc=0x00007c3c143b337c method=java.util.HashMap.putVal(ILjava/lang/Object;Ljava/lang/Object;ZZ)Ljava/lang/Object; @ 56 c2
Event: 0.362 Thread 0x00007c3c2401a0a0 DEOPT PACKING pc=0x00007c3c143b337c sp=0x00007c3c295fe4b0
Event: 0.362 Thread 0x00007c3c2401a0a0 DEOPT UNPACKING pc=0x00007c3c13cb2f99 sp=0x00007c3c295fe438 mode 2
Event: 0.363 Thread 0x00007c3c2401a0a0 Uncommon trap: trap_request=0xffffffc6 fr.pc=0x00007c3c143b337c relative=0x0000000000000b3c
Event: 0.363 Thread 0x00007c3c2401a0a0 Uncommon trap: reason=bimorphic_or_optimized_type_check action=maybe_recompile pc=0x00007c3c143b337c method=java.util.HashMap.putVal(ILjava/lang/Object;Ljava/lang/Object;ZZ)Ljava/lang/Object; @ 56 c2
Event: 0.363 Thread 0x00007c3c2401a0a0 DEOPT PACKING pc=0x00007c3c143b337c sp=0x00007c3c295fe610
Event: 0.363 Thread 0x00007c3c2401a0a0 DEOPT UNPACKING pc=0x00007c3c13cb2f99 sp=0x00007c3c295fe598 mode 2
Event: 0.363 Thread 0x00007c3c2401a0a0 Uncommon trap: trap_request=0xffffffc6 fr.pc=0x00007c3c143b337c relative=0x0000000000000b3c
Event: 0.363 Thread 0x00007c3c2401a0a0 Uncommon trap: reason=bimorphic_or_optimized_type_check action=maybe_recompile pc=0x00007c3c143b337c method=java.util.HashMap.putVal(ILjava/lang/Object;Ljava/lang/Object;ZZ)Ljava/lang/Object; @ 56 c2
Event: 0.363 Thread 0x00007c3c2401a0a0 DEOPT PACKING pc=0x00007c3c143b337c sp=0x00007c3c295fe610
Event: 0.363 Thread 0x00007c3c2401a0a0 DEOPT UNPACKING pc=0x00007c3c13cb2f99 sp=0x00007c3c295fe598 mode 2

Classes loaded (20 events):
Event: 0.293 Loading class java/util/stream/MatchOps
Event: 0.293 Loading class java/util/stream/MatchOps done
Event: 0.293 Loading class java/util/stream/MatchOps$MatchOp
Event: 0.293 Loading class java/util/stream/MatchOps$MatchOp done
Event: 0.293 Loading class java/util/stream/MatchOps$BooleanTerminalSink
Event: 0.293 Loading class java/util/stream/MatchOps$BooleanTerminalSink done
Event: 0.294 Loading class java/util/stream/MatchOps$2MatchSink
Event: 0.294 Loading class java/util/stream/Sink$OfInt
Event: 0.294 Loading class java/util/stream/Sink$OfInt done
Event: 0.294 Loading class java/util/stream/MatchOps$2MatchSink done
Event: 0.294 Loading class java/util/stream/MatchOps$1MatchSink
Event: 0.294 Loading class java/util/stream/MatchOps$1MatchSink done
Event: 0.295 Loading class java/nio/HeapDoubleBuffer
Event: 0.295 Loading class java/nio/HeapDoubleBuffer done
Event: 0.301 Loading class java/awt/Dimension
Event: 0.301 Loading class java/awt/geom/Dimension2D
Event: 0.301 Loading class java/awt/geom/Dimension2D done
Event: 0.301 Loading class java/awt/Dimension done
Event: 0.361 Loading class java/nio/HeapIntBuffer
Event: 0.361 Loading class java/nio/HeapIntBuffer done

Classes unloaded (0 events):
No events

Classes redefined (0 events):
No events

Internal exceptions (13 events):
Event: 0.048 Thread 0x00007c3c2401a0a0 Exception <a 'sun/nio/fs/UnixException'{0x0000000635073bb8}> (0x0000000635073bb8) 
thrown [./src/hotspot/share/prims/jni.cpp, line 520]
Event: 0.048 Thread 0x00007c3c2401a0a0 Exception <a 'sun/nio/fs/UnixException'{0x0000000635074328}> (0x0000000635074328) 
thrown [./src/hotspot/share/prims/jni.cpp, line 520]
Event: 0.048 Thread 0x00007c3c2401a0a0 Exception <a 'sun/nio/fs/UnixException'{0x0000000635074b58}> (0x0000000635074b58) 
thrown [./src/hotspot/share/prims/jni.cpp, line 520]
Event: 0.048 Thread 0x00007c3c2401a0a0 Exception <a 'sun/nio/fs/UnixException'{0x0000000635075150}> (0x0000000635075150) 
thrown [./src/hotspot/share/prims/jni.cpp, line 520]
Event: 0.048 Thread 0x00007c3c2401a0a0 Exception <a 'sun/nio/fs/UnixException'{0x0000000635075720}> (0x0000000635075720) 
thrown [./src/hotspot/share/prims/jni.cpp, line 520]
Event: 0.048 Thread 0x00007c3c2401a0a0 Exception <a 'sun/nio/fs/UnixException'{0x0000000635075d00}> (0x0000000635075d00) 
thrown [./src/hotspot/share/prims/jni.cpp, line 520]
Event: 0.048 Thread 0x00007c3c2401a0a0 Exception <a 'sun/nio/fs/UnixException'{0x0000000635076550}> (0x0000000635076550) 
thrown [./src/hotspot/share/prims/jni.cpp, line 520]
Event: 0.247 Thread 0x00007c3c2401a0a0 Exception <a 'java/lang/NoSuchMethodError'{0x0000000634cd44a8}: 'void java.lang.invoke.DirectMethodHandle$Holder.invokeStatic(java.lang.Object, java.lang.Object)'> (0x0000000634cd44a8) 
thrown [./src/hotspot/share/interpreter/linkResolver.cpp, line 772]
Event: 0.252 Thread 0x00007c3c2401a0a0 Implicit null exception at 0x00007c3c143b3d63 to 0x00007c3c143b3ec4
Event: 0.254 Thread 0x00007c3c2401a0a0 Exception <a 'java/lang/ClassNotFoundException'{0x0000000634ce8ad0}: sun/awt/resources/spi/awtProvider> (0x0000000634ce8ad0) 
thrown [./src/hotspot/share/classfile/systemDictionary.cpp, line 312]
Event: 0.267 Thread 0x00007c3c2401a0a0 Exception <a 'java/io/FileNotFoundException'{0x0000000634db6dc8}> (0x0000000634db6dc8) 
thrown [./src/hotspot/share/prims/jni.cpp, line 520]
Event: 0.297 Thread 0x00007c3c2401a0a0 Exception <a 'java/lang/NoSuchMethodError'{0x0000000634eebaa0}: 'java.lang.Object java.lang.invoke.DirectMethodHandle$Holder.invokeStatic(java.lang.Object, java.lang.Object, int)'> (0x0000000634eebaa0) 
thrown [./src/hotspot/share/interpreter/linkResolver.cpp, line 772]
Event: 0.344 Thread 0x00007c3c2401a0a0 Exception <a 'java/lang/NoSuchMethodError'{0x0000000634f5e700}: 'java.lang.Object java.lang.invoke.DirectMethodHandle$Holder.newInvokeSpecial(java.lang.Object, java.lang.Object, int)'> (0x0000000634f5e700) 
thrown [./src/hotspot/share/interpreter/linkResolver.cpp, line 772]

ZGC Phase Switch (0 events):
No events

VM Operations (6 events):
Event: 0.050 Executing VM operation: HandshakeAllThreads (Deoptimize)
Event: 0.050 Executing VM operation: HandshakeAllThreads (Deoptimize) done
Event: 0.250 Executing VM operation: HandshakeAllThreads (Deoptimize)
Event: 0.250 Executing VM operation: HandshakeAllThreads (Deoptimize) done
Event: 0.252 Executing VM operation: HandshakeAllThreads (Deoptimize)
Event: 0.252 Executing VM operation: HandshakeAllThreads (Deoptimize) done

Memory protections (16 events):
Event: 0.002 Protecting memory [0x00007c3c29500000,0x00007c3c29504000] with protection modes 0
Event: 0.023 Protecting memory [0x00007c3bfaf00000,0x00007c3bfaf04000] with protection modes 0
Event: 0.023 Protecting memory [0x00007c3bfae00000,0x00007c3bfae04000] with protection modes 0
Event: 0.023 Protecting memory [0x00007c3bfad00000,0x00007c3bfad04000] with protection modes 0
Event: 0.023 Protecting memory [0x00007c3bfac00000,0x00007c3bfac04000] with protection modes 0
Event: 0.023 Protecting memory [0x00007c3bfab00000,0x00007c3bfab04000] with protection modes 0
Event: 0.023 Protecting memory [0x00007c3bfaa00000,0x00007c3bfaa04000] with protection modes 0
Event: 0.024 Protecting memory [0x00007c3bfa900000,0x00007c3bfa904000] with protection modes 0
Event: 0.039 Protecting memory [0x00007c3bfa800000,0x00007c3bfa804000] with protection modes 0
Event: 0.045 Protecting memory [0x00007c3bfa700000,0x00007c3bfa704000] with protection modes 0
Event: 0.058 Protecting memory [0x00007c3bfa600000,0x00007c3bfa604000] with protection modes 0
Event: 0.060 Protecting memory [0x00007c3bfa500000,0x00007c3bfa504000] with protection modes 0
Event: 0.067 Protecting memory [0x00007c3bfa400000,0x00007c3bfa404000] with protection modes 0
Event: 0.248 Protecting memory [0x00007c3bfa500000,0x00007c3bfa504000] with protection modes 0
Event: 0.282 Protecting memory [0x00007c3bfa400000,0x00007c3bfa404000] with protection modes 0
Event: 0.342 Protecting memory [0x00007c3bef100000,0x00007c3bef104000] with protection modes 0

Nmethod flushes (0 events):
No events

Events (18 events):
Event: 0.016 Thread 0x00007c3c2401a0a0 Thread added: 0x00007c3c2401a0a0
Event: 0.023 Thread 0x00007c3c2401a0a0 Thread added: 0x00007c3c2412ce90
Event: 0.023 Thread 0x00007c3c2401a0a0 Thread added: 0x00007c3c2412e200
Event: 0.023 Thread 0x00007c3c2401a0a0 Thread added: 0x00007c3c2412f9a0
Event: 0.023 Thread 0x00007c3c2401a0a0 Thread added: 0x00007c3c24130fe0
Event: 0.023 Thread 0x00007c3c2401a0a0 Thread added: 0x00007c3c24132580
Event: 0.023 Thread 0x00007c3c2401a0a0 Thread added: 0x00007c3c24134140
Event: 0.024 Thread 0x00007c3c2401a0a0 Thread added: 0x00007c3c24135800
Event: 0.039 Thread 0x00007c3c2401a0a0 Thread added: 0x00007c3c24149310
Event: 0.045 Thread 0x00007c3c24135800 Thread added: 0x00007c3b6805eb30
Event: 0.058 Thread 0x00007c3c2401a0a0 Thread added: 0x00007c3c2417f7b0
Event: 0.060 Thread 0x00007c3c24135800 Thread added: 0x00007c3b680919d0
Event: 0.067 Thread 0x00007c3c24134140 Thread added: 0x00007c3b6c0b7e70
Event: 0.238 Thread 0x00007c3b6c0b7e70 Thread exited: 0x00007c3b6c0b7e70
Event: 0.243 Thread 0x00007c3b680919d0 Thread exited: 0x00007c3b680919d0
Event: 0.248 Thread 0x00007c3c2401a0a0 Thread added: 0x00007c3c2567d6a0
Event: 0.282 Thread 0x00007c3c2401a0a0 Thread added: 0x00007c3c256a07a0
Event: 0.342 Thread 0x00007c3c24135800 Thread added: 0x00007c3b6810c2a0


Dynamic libraries:
200000000-200200000 ---p 00000000 00:00 0 
200200000-200400000 rw-s 00000000 00:05 1104                             /dev/nvidia0
200400000-203400000 rw-s 00000000 00:05 1103                             /dev/nvidiactl
203400000-204400000 ---p 00000000 00:00 0 
204400000-204600000 rw-s 00000000 00:05 1103                             /dev/nvidiactl
204600000-204800000 rw-s 00000000 00:05 1103                             /dev/nvidiactl
204800000-204a00000 rw-s 00000000 00:05 1103                             /dev/nvidiactl
204a00000-204c00000 rw-s 204a00000 00:05 1105                            /dev/nvidia-uvm
204c00000-204e00000 rw-s 00000000 00:05 1103                             /dev/nvidiactl
204e00000-205000000 ---p 00000000 00:00 0 
205000000-205200000 rw-s 00000000 00:05 1103                             /dev/nvidiactl
205200000-300200000 ---p 00000000 00:00 0 
616800000-635400000 rw-p 00000000 00:00 0 
635400000-7ffc00000 ---p 00000000 00:00 0 
7ffc00000-7ffd0d000 rw-p 00cd6000 103:02 17173446                        /usr/lib/jvm/java-21-openjdk-amd64/lib/server/classes.jsa
7ffd0d000-800000000 rw-p 00000000 00:00 0 
10000000000-10004000000 ---p 00000000 00:00 0 
5e45f443a000-5e45f443b000 r--p 00000000 103:02 17173371                  /usr/lib/jvm/java-21-openjdk-amd64/bin/java
5e45f443b000-5e45f443c000 r-xp 00001000 103:02 17173371                  /usr/lib/jvm/java-21-openjdk-amd64/bin/java
5e45f443c000-5e45f443d000 r--p 00002000 103:02 17173371                  /usr/lib/jvm/java-21-openjdk-amd64/bin/java
5e45f443d000-5e45f443e000 r--p 00002000 103:02 17173371                  /usr/lib/jvm/java-21-openjdk-amd64/bin/java
5e45f443e000-5e45f443f000 rw-p 00003000 103:02 17173371                  /usr/lib/jvm/java-21-openjdk-amd64/bin/java
5e45f59d0000-5e45f5a17000 rw-p 00000000 00:00 0                          [heap]
7c3ad8000000-7c3ad8021000 rw-p 00000000 00:00 0 
7c3ad8021000-7c3adc000000 ---p 00000000 00:00 0 
7c3ae0000000-7c3ae0760000 rw-p 00000000 00:00 0 
7c3ae0760000-7c3ae4000000 ---p 00000000 00:00 0 
7c3ae6000000-7c3aee000000 ---p 00000000 00:00 0 
7c3af0000000-7c3af2000000 ---p 00000000 00:00 0 
7c3af4000000-7c3af4400000 ---p 00000000 00:00 0 
7c3af4400000-7c3af4600000 rw-s 00000000 00:05 1103                       /dev/nvidiactl
7c3af4600000-7c3af4800000 rw-s 00000000 00:01 14433                      /dev/zero (deleted)
7c3af4800000-7c3af4a00000 rw-s 00000000 00:01 14434                      /dev/zero (deleted)
7c3af4a00000-7c3af5000000 ---p 00000000 00:00 0 
7c3af5000000-7c3af5200000 rw-s 00000000 00:05 1103                       /dev/nvidiactl
7c3af5200000-7c3af5400000 ---p 00000000 00:00 0 
7c3af5400000-7c3af5600000 rw-s 00000000 00:01 14436                      /dev/zero (deleted)
7c3af5600000-7c3af5b33000 rw-s 00000000 00:05 1103                       /dev/nvidiactl
7c3af5b33000-7c3af6000000 ---p 00000000 00:00 0 
7c3af8000000-7c3af8021000 rw-p 00000000 00:00 0 
7c3af8021000-7c3afc000000 ---p 00000000 00:00 0 
7c3b00000000-7c3b10000000 ---p 00000000 00:00 0 
7c3b12000000-7c3b18000000 ---p 00000000 00:00 0 
7c3b18000000-7c3b18021000 rw-p 00000000 00:00 0 
7c3b18021000-7c3b1c000000 ---p 00000000 00:00 0 
7c3b1f800000-7c3b39068000 r-xp 00000000 103:02 17325507                  /usr/local/cuda-12.6/targets/x86_64-linux/lib/libcublasLt.so.12.6.3.3
7c3b39068000-7c3b39268000 ---p 19868000 103:02 17325507                  /usr/local/cuda-12.6/targets/x86_64-linux/lib/libcublasLt.so.12.6.3.3
7c3b39268000-7c3b394a6000 r--p 19868000 103:02 17325507                  /usr/local/cuda-12.6/targets/x86_64-linux/lib/libcublasLt.so.12.6.3.3
7c3b394a6000-7c3b3ce5a000 rw-p 19aa6000 103:02 17325507                  /usr/local/cuda-12.6/targets/x86_64-linux/lib/libcublasLt.so.12.6.3.3
7c3b3ce5a000-7c3b4102b000 rw-p 00000000 00:00 0 
7c3b41400000-7c3b47b28000 r-xp 00000000 103:02 17325506                  /usr/local/cuda-12.6/targets/x86_64-linux/lib/libcublas.so.12.6.3.3
7c3b47b28000-7c3b47d28000 ---p 06728000 103:02 17325506                  /usr/local/cuda-12.6/targets/x86_64-linux/lib/libcublas.so.12.6.3.3
7c3b47d28000-7c3b47d34000 r--p 06728000 103:02 17325506                  /usr/local/cuda-12.6/targets/x86_64-linux/lib/libcublas.so.12.6.3.3
7c3b47d34000-7c3b47d3b000 rw-p 06734000 103:02 17325506                  /usr/local/cuda-12.6/targets/x86_64-linux/lib/libcublas.so.12.6.3.3
7c3b47d3b000-7c3b47d47000 rw-p 00000000 00:00 0 
7c3b48000000-7c3b48021000 rw-p 00000000 00:00 0 
7c3b48021000-7c3b4c000000 ---p 00000000 00:00 0 
7c3b50000000-7c3b5005a000 rw-p 00000000 00:00 0 
7c3b5005a000-7c3b54000000 ---p 00000000 00:00 0 
7c3b54000000-7c3b54021000 rw-p 00000000 00:00 0 
7c3b54021000-7c3b58000000 ---p 00000000 00:00 0 
7c3b5c000000-7c3b5c0af000 rw-p 00000000 00:00 0 
7c3b5c0af000-7c3b60000000 ---p 00000000 00:00 0 
7c3b60000000-7c3b60021000 rw-p 00000000 00:00 0 
7c3b60021000-7c3b64000000 ---p 00000000 00:00 0 
7c3b68000000-7c3b68110000 rw-p 00000000 00:00 0 
7c3b68110000-7c3b6c000000 ---p 00000000 00:00 0 
7c3b6c000000-7c3b6c141000 rw-p 00000000 00:00 0 
7c3b6c141000-7c3b70000000 ---p 00000000 00:00 0 
7c3b74000000-7c3b74021000 rw-p 00000000 00:00 0 
7c3b74021000-7c3b78000000 ---p 00000000 00:00 0 
7c3b78000000-7c3b78021000 rw-p 00000000 00:00 0 
7c3b78021000-7c3b7c000000 ---p 00000000 00:00 0 
7c3b80000000-7c3b80021000 rw-p 00000000 00:00 0 
7c3b80021000-7c3b84000000 ---p 00000000 00:00 0 
7c3b84000000-7c3b84021000 rw-p 00000000 00:00 0 
7c3b84021000-7c3b88000000 ---p 00000000 00:00 0 
7c3b8c000000-7c3b8c021000 rw-p 00000000 00:00 0 
7c3b8c021000-7c3b90000000 ---p 00000000 00:00 0 
7c3b90000000-7c3b90021000 rw-p 00000000 00:00 0 
7c3b90021000-7c3b94000000 ---p 00000000 00:00 0 
7c3b98000000-7c3b98220000 rw-p 00000000 00:00 0 
7c3b98220000-7c3b98400000 ---p 00000000 00:00 0 
7c3b98400000-7c3b98500000 rw-p 00000000 00:00 0 
7c3b98500000-7c3b9c000000 ---p 00000000 00:00 0 
7c3b9c000000-7c3b9c021000 rw-p 00000000 00:00 0 
7c3b9c021000-7c3ba0000000 ---p 00000000 00:00 0 
7c3ba1600000-7c3ba18dd000 rw-p 00000000 00:00 0 
7c3ba1a00000-7c3ba1ae4000 r-xp 00000000 103:02 18219037                  /tmp/libJCudaDriver-12.0.0-linux-x86_64.so
7c3ba1ae4000-7c3ba1ce4000 ---p 000e4000 103:02 18219037                  /tmp/libJCudaDriver-12.0.0-linux-x86_64.so
7c3ba1ce4000-7c3ba1ce9000 r--p 000e4000 103:02 18219037                  /tmp/libJCudaDriver-12.0.0-linux-x86_64.so
7c3ba1ce9000-7c3ba1ceb000 rw-p 000e9000 103:02 18219037                  /tmp/libJCudaDriver-12.0.0-linux-x86_64.so
7c3ba1ceb000-7c3ba1ced000 rw-p 00000000 00:00 0 
7c3ba2000000-7c3ba20c7000 r-xp 00000000 103:02 18219035                  /tmp/libJCudaRuntime-12.0.0-linux-x86_64.so
7c3ba20c7000-7c3ba22c7000 ---p 000c7000 103:02 18219035                  /tmp/libJCudaRuntime-12.0.0-linux-x86_64.so
7c3ba22c7000-7c3ba22cc000 r--p 000c7000 103:02 18219035                  /tmp/libJCudaRuntime-12.0.0-linux-x86_64.so
7c3ba22cc000-7c3ba22cd000 rw-p 000cc000 103:02 18219035                  /tmp/libJCudaRuntime-12.0.0-linux-x86_64.so
7c3ba22cd000-7c3ba22cf000 rw-p 00000000 00:00 0 
7c3ba2600000-7c3ba2601000 ---p 00000000 00:00 0 
7c3ba2601000-7c3ba2e01000 rw-p 00000000 00:00 0 
7c3ba3000000-7c3ba3c97000 rw-p 00001000 103:02 17173446                  /usr/lib/jvm/java-21-openjdk-amd64/lib/server/classes.jsa
7c3ba3c97000-7c3ba4000000 ---p 00000000 00:00 0 
7c3ba4000000-7c3ba4030000 rw-p 00000000 00:00 0 
7c3ba4030000-7c3ba4040000 ---p 00000000 00:00 0 
7c3ba4040000-7c3ba4070000 rw-p 00000000 00:00 0 
7c3ba4070000-7c3be4000000 ---p 00000000 00:00 0 
7c3be4000000-7c3be4021000 rw-p 00000000 00:00 0 
7c3be4021000-7c3be8000000 ---p 00000000 00:00 0 
7c3be8000000-7c3be8021000 rw-p 00000000 00:00 0 
7c3be8021000-7c3bec000000 ---p 00000000 00:00 0 
7c3bec400000-7c3bec401000 rw-s 00000000 00:05 1103                       /dev/nvidiactl
7c3bec401000-7c3bec402000 rw-s 00000000 00:05 1103                       /dev/nvidiactl
7c3bec402000-7c3bec403000 rw-s 00000000 00:05 1103                       /dev/nvidiactl
7c3bec403000-7c3bec404000 rw-s 00000000 00:05 1103                       /dev/nvidiactl
7c3bec404000-7c3bec405000 rw-s 00000000 00:05 1103                       /dev/nvidiactl
7c3bec405000-7c3bec406000 rw-s 00000000 00:05 1103                       /dev/nvidiactl
7c3bec406000-7c3bec407000 rw-s 00000000 00:05 1103                       /dev/nvidiactl
7c3bec407000-7c3bec408000 rw-s 00000000 00:05 1103                       /dev/nvidiactl
7c3bec408000-7c3bec409000 rw-s 00000000 00:05 1103                       /dev/nvidiactl
7c3bec409000-7c3bec40a000 rw-s 00000000 00:05 1103                       /dev/nvidiactl
7c3bec40a000-7c3bec40b000 rw-s 00000000 00:05 1103                       /dev/nvidiactl
7c3bec40b000-7c3bec40c000 rw-s 00000000 00:05 1103                       /dev/nvidiactl
7c3bec40c000-7c3bec40d000 rw-s 00000000 00:05 1103                       /dev/nvidiactl
7c3bec40d000-7c3bec40e000 rw-s 00000000 00:05 1103                       /dev/nvidiactl
7c3bec40e000-7c3bec40f000 rw-s 00000000 00:05 1103                       /dev/nvidiactl
7c3bec40f000-7c3bec410000 rw-s 00000000 00:05 1103                       /dev/nvidiactl
7c3bec410000-7c3bed421000 ---p 00000000 00:00 0 
7c3bed600000-7c3bed601000 ---p 00000000 00:00 0 
7c3bed601000-7c3bede01000 rw-p 00000000 00:00 0 
7c3bee000000-7c3bef021000 ---p 00000000 00:00 0 
7c3bef100000-7c3bef104000 ---p 00000000 00:00 0 
7c3bef104000-7c3bef200000 rw-p 00000000 00:00 0 
7c3bef200000-7c3bef45a000 rw-p 00000000 00:00 0 
7c3bef4c3000-7c3bef4dc000 r--p 00000000 103:02 16530316                  /usr/lib/x86_64-linux-gnu/libX11.so.6.4.0
7c3bef4dc000-7c3bef56c000 r-xp 00019000 103:02 16530316                  /usr/lib/x86_64-linux-gnu/libX11.so.6.4.0
7c3bef56c000-7c3bef5fb000 r--p 000a9000 103:02 16530316                  /usr/lib/x86_64-linux-gnu/libX11.so.6.4.0
7c3bef5fb000-7c3bef5fc000 r--p 00138000 103:02 16530316                  /usr/lib/x86_64-linux-gnu/libX11.so.6.4.0
7c3bef5fc000-7c3bef600000 rw-p 00139000 103:02 16530316                  /usr/lib/x86_64-linux-gnu/libX11.so.6.4.0
7c3bef600000-7c3bef601000 ---p 00000000 00:00 0 
7c3bef601000-7c3befe01000 rw-p 00000000 00:00 0 
7c3befe8a000-7c3befe8e000 r--p 00000000 103:02 16530777                  /usr/lib/x86_64-linux-gnu/libjpeg.so.8.2.2
7c3befe8e000-7c3befedb000 r-xp 00004000 103:02 16530777                  /usr/lib/x86_64-linux-gnu/libjpeg.so.8.2.2
7c3befedb000-7c3beff0b000 r--p 00051000 103:02 16530777                  /usr/lib/x86_64-linux-gnu/libjpeg.so.8.2.2
7c3beff0b000-7c3beff0c000 r--p 00081000 103:02 16530777                  /usr/lib/x86_64-linux-gnu/libjpeg.so.8.2.2
7c3beff0c000-7c3beff0d000 rw-p 00082000 103:02 16530777                  /usr/lib/x86_64-linux-gnu/libjpeg.so.8.2.2
7c3beff0d000-7c3beff2b000 r--p 00000000 103:02 17173412                  /usr/lib/jvm/java-21-openjdk-amd64/lib/libawt.so
7c3beff2b000-7c3beffc2000 r-xp 0001e000 103:02 17173412                  /usr/lib/jvm/java-21-openjdk-amd64/lib/libawt.so
7c3beffc2000-7c3beffcf000 r--p 000b5000 103:02 17173412                  /usr/lib/jvm/java-21-openjdk-amd64/lib/libawt.so
7c3beffcf000-7c3beffd0000 r--p 000c1000 103:02 17173412                  /usr/lib/jvm/java-21-openjdk-amd64/lib/libawt.so
7c3beffd0000-7c3beffdb000 rw-p 000c2000 103:02 17173412                  /usr/lib/jvm/java-21-openjdk-amd64/lib/libawt.so
7c3beffdb000-7c3bf0021000 rw-p 00000000 00:00 0 
7c3bf0021000-7c3bf4000000 ---p 00000000 00:00 0 
7c3bf4000000-7c3bf4021000 rw-p 00000000 00:00 0 
7c3bf4021000-7c3bf8000000 ---p 00000000 00:00 0 
7c3bf8000000-7c3bf8200000 rw-s 00000000 00:01 14435                      /dev/zero (deleted)
7c3bf8200000-7c3bf82de000 r--p 00000000 103:02 16527986                  /usr/lib/x86_64-linux-gnu/libcuda.so.550.120
7c3bf82de000-7c3bf87b3000 r-xp 000de000 103:02 16527986                  /usr/lib/x86_64-linux-gnu/libcuda.so.550.120
7c3bf87b3000-7c3bf9c4f000 r--p 005b3000 103:02 16527986                  /usr/lib/x86_64-linux-gnu/libcuda.so.550.120
7c3bf9c4f000-7c3bf9c50000 ---p 01a4f000 103:02 16527986                  /usr/lib/x86_64-linux-gnu/libcuda.so.550.120
7c3bf9c50000-7c3bf9c68000 r--p 01a4f000 103:02 16527986                  /usr/lib/x86_64-linux-gnu/libcuda.so.550.120
7c3bf9c68000-7c3bf9d63000 rw-p 01a67000 103:02 16527986                  /usr/lib/x86_64-linux-gnu/libcuda.so.550.120
7c3bf9d63000-7c3bf9dcc000 rw-p 00000000 00:00 0 
7c3bf9dea000-7c3bf9dee000 r--p 00000000 103:02 16530470                  /usr/lib/x86_64-linux-gnu/libbsd.so.0.12.1
7c3bf9dee000-7c3bf9dfa000 r-xp 00004000 103:02 16530470                  /usr/lib/x86_64-linux-gnu/libbsd.so.0.12.1
7c3bf9dfa000-7c3bf9dfd000 r--p 00010000 103:02 16530470                  /usr/lib/x86_64-linux-gnu/libbsd.so.0.12.1
7c3bf9dfd000-7c3bf9dfe000 r--p 00012000 103:02 16530470                  /usr/lib/x86_64-linux-gnu/libbsd.so.0.12.1
7c3bf9dfe000-7c3bf9dff000 rw-p 00013000 103:02 16530470                  /usr/lib/x86_64-linux-gnu/libbsd.so.0.12.1
7c3bf9dff000-7c3bf9e00000 rw-p 00000000 00:00 0 
7c3bf9e00000-7c3bf9f38000 r-xp 00000000 103:02 18219034                  /tmp/libJCublas2-12.0.0-linux-x86_64.so
7c3bf9f38000-7c3bfa138000 ---p 00138000 103:02 18219034                  /tmp/libJCublas2-12.0.0-linux-x86_64.so
7c3bfa138000-7c3bfa13d000 r--p 00138000 103:02 18219034                  /tmp/libJCublas2-12.0.0-linux-x86_64.so
7c3bfa13d000-7c3bfa13f000 rw-p 0013d000 103:02 18219034                  /tmp/libJCublas2-12.0.0-linux-x86_64.so
7c3bfa13f000-7c3bfa141000 rw-p 00000000 00:00 0 
7c3bfa144000-7c3bfa14f000 r--p 00000000 103:02 16531187                  /usr/lib/x86_64-linux-gnu/libxcb.so.1.1.0
7c3bfa14f000-7c3bfa162000 r-xp 0000b000 103:02 16531187                  /usr/lib/x86_64-linux-gnu/libxcb.so.1.1.0
7c3bfa162000-7c3bfa16b000 r--p 0001e000 103:02 16531187                  /usr/lib/x86_64-linux-gnu/libxcb.so.1.1.0
7c3bfa16b000-7c3bfa16c000 r--p 00026000 103:02 16531187                  /usr/lib/x86_64-linux-gnu/libxcb.so.1.1.0
7c3bfa16c000-7c3bfa16d000 rw-p 00027000 103:02 16531187                  /usr/lib/x86_64-linux-gnu/libxcb.so.1.1.0
7c3bfa16d000-7c3bfa170000 r--p 00000000 103:02 16530328                  /usr/lib/x86_64-linux-gnu/libXi.so.6.1.0
7c3bfa170000-7c3bfa17c000 r-xp 00003000 103:02 16530328                  /usr/lib/x86_64-linux-gnu/libXi.so.6.1.0
7c3bfa17c000-7c3bfa17e000 r--p 0000f000 103:02 16530328                  /usr/lib/x86_64-linux-gnu/libXi.so.6.1.0
7c3bfa17e000-7c3bfa17f000 r--p 00011000 103:02 16530328                  /usr/lib/x86_64-linux-gnu/libXi.so.6.1.0
7c3bfa17f000-7c3bfa180000 rw-p 00012000 103:02 16530328                  /usr/lib/x86_64-linux-gnu/libXi.so.6.1.0
7c3bfa180000-7c3bfa192000 r--p 00000000 103:02 17173342                  /usr/lib/jvm/java-21-openjdk-amd64/lib/libawt_xawt.so
7c3bfa192000-7c3bfa1d9000 r-xp 00012000 103:02 17173342                  /usr/lib/jvm/java-21-openjdk-amd64/lib/libawt_xawt.so
7c3bfa1d9000-7c3bfa1f1000 r--p 00059000 103:02 17173342                  /usr/lib/jvm/java-21-openjdk-amd64/lib/libawt_xawt.so
7c3bfa1f1000-7c3bfa1f6000 r--p 00071000 103:02 17173342                  /usr/lib/jvm/java-21-openjdk-amd64/lib/libawt_xawt.so
7c3bfa1f6000-7c3bfa1f8000 rw-p 00076000 103:02 17173342                  /usr/lib/jvm/java-21-openjdk-amd64/lib/libawt_xawt.so
7c3bfa1f8000-7c3bfa400000 rw-p 00000000 00:00 0 
7c3bfa400000-7c3bfa404000 ---p 00000000 00:00 0 
7c3bfa404000-7c3bfa500000 rw-p 00000000 00:00 0 
7c3bfa500000-7c3bfa504000 ---p 00000000 00:00 0 
7c3bfa504000-7c3bfa600000 rw-p 00000000 00:00 0 
7c3bfa600000-7c3bfa604000 ---p 00000000 00:00 0 
7c3bfa604000-7c3bfa700000 rw-p 00000000 00:00 0 
7c3bfa700000-7c3bfa704000 ---p 00000000 00:00 0 
7c3bfa704000-7c3bfa800000 rw-p 00000000 00:00 0 
7c3bfa800000-7c3bfa804000 ---p 00000000 00:00 0 
7c3bfa804000-7c3bfa900000 rw-p 00000000 00:00 0 
7c3bfa900000-7c3bfa904000 ---p 00000000 00:00 0 
7c3bfa904000-7c3bfaa00000 rw-p 00000000 00:00 0 
7c3bfaa00000-7c3bfaa04000 ---p 00000000 00:00 0 
7c3bfaa04000-7c3bfab00000 rw-p 00000000 00:00 0 
7c3bfab00000-7c3bfab04000 ---p 00000000 00:00 0 
7c3bfab04000-7c3bfac00000 rw-p 00000000 00:00 0 
7c3bfac00000-7c3bfac04000 ---p 00000000 00:00 0 
7c3bfac04000-7c3bfad00000 rw-p 00000000 00:00 0 
7c3bfad00000-7c3bfad04000 ---p 00000000 00:00 0 
7c3bfad04000-7c3bfae00000 rw-p 00000000 00:00 0 
7c3bfae00000-7c3bfae04000 ---p 00000000 00:00 0 
7c3bfae04000-7c3bfaf00000 rw-p 00000000 00:00 0 
7c3bfaf00000-7c3bfaf04000 ---p 00000000 00:00 0 
7c3bfaf04000-7c3bfb000000 rw-p 00000000 00:00 0 
7c3bfb000000-7c3bfbdec000 r--p 00000000 103:02 16521112                  /usr/lib/locale/locale-archive
7c3bfbdfe000-7c3bfbdff000 ---p 00000000 00:00 0 
7c3bfbdff000-7c3bfbeff000 rw-p 00000000 00:00 0 
7c3bfbeff000-7c3bfbf00000 ---p 00000000 00:00 0 
7c3bfbf00000-7c3bfc000000 rw-p 00000000 00:00 0 
7c3bfc000000-7c3bfc021000 rw-p 00000000 00:00 0 
7c3bfc021000-7c3c00000000 ---p 00000000 00:00 0 
7c3c00001000-7c3c00003000 r--p 00000000 103:02 16530828                  /usr/lib/x86_64-linux-gnu/libmd.so.0.1.0
7c3c00003000-7c3c0000c000 r-xp 00002000 103:02 16530828                  /usr/lib/x86_64-linux-gnu/libmd.so.0.1.0
7c3c0000c000-7c3c0000e000 r--p 0000b000 103:02 16530828                  /usr/lib/x86_64-linux-gnu/libmd.so.0.1.0
7c3c0000e000-7c3c0000f000 r--p 0000c000 103:02 16530828                  /usr/lib/x86_64-linux-gnu/libmd.so.0.1.0
7c3c0000f000-7c3c00010000 rw-p 0000d000 103:02 16530828                  /usr/lib/x86_64-linux-gnu/libmd.so.0.1.0
7c3c00010000-7c3c00014000 r--p 00000000 103:02 16530324                  /usr/lib/x86_64-linux-gnu/libXext.so.6.4.0
7c3c00014000-7c3c0001f000 r-xp 00004000 103:02 16530324                  /usr/lib/x86_64-linux-gnu/libXext.so.6.4.0
7c3c0001f000-7c3c00022000 r--p 0000f000 103:02 16530324                  /usr/lib/x86_64-linux-gnu/libXext.so.6.4.0
7c3c00022000-7c3c00023000 r--p 00011000 103:02 16530324                  /usr/lib/x86_64-linux-gnu/libXext.so.6.4.0
7c3c00023000-7c3c00024000 rw-p 00012000 103:02 16530324                  /usr/lib/x86_64-linux-gnu/libXext.so.6.4.0
7c3c00024000-7c3c00029000 r--p 00000000 103:02 17173429                  /usr/lib/jvm/java-21-openjdk-amd64/lib/libjsvml.so
7c3c00029000-7c3c0006a000 r-xp 00005000 103:02 17173429                  /usr/lib/jvm/java-21-openjdk-amd64/lib/libjsvml.so
7c3c0006a000-7c3c000f3000 r--p 00046000 103:02 17173429                  /usr/lib/jvm/java-21-openjdk-amd64/lib/libjsvml.so
7c3c000f3000-7c3c000f4000 r--p 000ce000 103:02 17173429                  /usr/lib/jvm/java-21-openjdk-amd64/lib/libjsvml.so
7c3c000f4000-7c3c000f5000 rw-p 000cf000 103:02 17173429                  /usr/lib/jvm/java-21-openjdk-amd64/lib/libjsvml.so
7c3c000f5000-7c3c000f6000 ---p 00000000 00:00 0 
7c3c000f6000-7c3c001f6000 rw-p 00000000 00:00 0 
7c3c001f6000-7c3c001f7000 ---p 00000000 00:00 0 
7c3c001f7000-7c3c002f7000 rw-p 00000000 00:00 0 
7c3c002f7000-7c3c033b0000 rw-p 00000000 00:00 0 
7c3c033b0000-7c3c0a650000 ---p 00000000 00:00 0 
7c3c0a650000-7c3c0a660000 rw-p 00000000 00:00 0 
7c3c0a660000-7c3c0a662000 r--p 00000000 103:02 16530323                  /usr/lib/x86_64-linux-gnu/libXdmcp.so.6.0.0
7c3c0a662000-7c3c0a664000 r-xp 00002000 103:02 16530323                  /usr/lib/x86_64-linux-gnu/libXdmcp.so.6.0.0
7c3c0a664000-7c3c0a666000 r--p 00004000 103:02 16530323                  /usr/lib/x86_64-linux-gnu/libXdmcp.so.6.0.0
7c3c0a666000-7c3c0a667000 r--p 00005000 103:02 16530323                  /usr/lib/x86_64-linux-gnu/libXdmcp.so.6.0.0
7c3c0a667000-7c3c0a668000 rw-p 00006000 103:02 16530323                  /usr/lib/x86_64-linux-gnu/libXdmcp.so.6.0.0
7c3c0a672000-7c3c0a674000 r--p 00000000 103:02 17173423                  /usr/lib/jvm/java-21-openjdk-amd64/lib/libjavajpeg.so
7c3c0a674000-7c3c0a67b000 r-xp 00002000 103:02 17173423                  /usr/lib/jvm/java-21-openjdk-amd64/lib/libjavajpeg.so
7c3c0a67b000-7c3c0a67c000 r--p 00009000 103:02 17173423                  /usr/lib/jvm/java-21-openjdk-amd64/lib/libjavajpeg.so
7c3c0a67c000-7c3c0a67d000 r--p 0000a000 103:02 17173423                  /usr/lib/jvm/java-21-openjdk-amd64/lib/libjavajpeg.so
7c3c0a67d000-7c3c0a67e000 rw-p 0000b000 103:02 17173423                  /usr/lib/jvm/java-21-openjdk-amd64/lib/libjavajpeg.so
7c3c0a67e000-7c3c0a8f6000 rw-p 00000000 00:00 0 
7c3c0a8f6000-7c3c0b74a000 ---p 00000000 00:00 0 
7c3c0b74a000-7c3c0b74c000 rw-p 00000000 00:00 0 
7c3c0b74c000-7c3c0b8f6000 rw-p 00000000 00:00 0 
7c3c0b8f6000-7c3c0c74a000 ---p 00000000 00:00 0 
7c3c0c74a000-7c3c0c74c000 rw-p 00000000 00:00 0 
7c3c0c74c000-7c3c0c753000 r--s 00000000 103:02 16532226                  /usr/lib/x86_64-linux-gnu/gconv/gconv-modules.cache
7c3c0c753000-7c3c0c755000 r--p 00000000 103:02 16530334                  /usr/lib/x86_64-linux-gnu/libXrender.so.1.3.0
7c3c0c755000-7c3c0c75c000 r-xp 00002000 103:02 16530334                  /usr/lib/x86_64-linux-gnu/libXrender.so.1.3.0
7c3c0c75c000-7c3c0c75d000 r--p 00009000 103:02 16530334                  /usr/lib/x86_64-linux-gnu/libXrender.so.1.3.0
7c3c0c75d000-7c3c0c75e000 r--p 00009000 103:02 16530334                  /usr/lib/x86_64-linux-gnu/libXrender.so.1.3.0
7c3c0c75e000-7c3c0c75f000 rw-p 0000a000 103:02 16530334                  /usr/lib/x86_64-linux-gnu/libXrender.so.1.3.0
7c3c0c75f000-7c3c0c800000 rw-p 00000000 00:00 0 
7c3c0c800000-7c3c0ca70000 rwxp 00000000 00:00 0 
7c3c0ca70000-7c3c13c5f000 ---p 00000000 00:00 0 
7c3c13c5f000-7c3c13eff000 rwxp 00000000 00:00 0 
7c3c13eff000-7c3c143a0000 ---p 00000000 00:00 0 
7c3c143a0000-7c3c14610000 rwxp 00000000 00:00 0 
7c3c14610000-7c3c1b800000 ---p 00000000 00:00 0 
7c3c1b800000-7c3c23e0c000 r--s 00000000 103:02 17173445                  /usr/lib/jvm/java-21-openjdk-amd64/lib/modules
7c3c23e0f000-7c3c23e11000 r--p 00000000 103:02 16530337                  /usr/lib/x86_64-linux-gnu/libXtst.so.6.1.0
7c3c23e11000-7c3c23e14000 r-xp 00002000 103:02 16530337                  /usr/lib/x86_64-linux-gnu/libXtst.so.6.1.0
7c3c23e14000-7c3c23e15000 r--p 00005000 103:02 16530337                  /usr/lib/x86_64-linux-gnu/libXtst.so.6.1.0
7c3c23e15000-7c3c23e16000 r--p 00005000 103:02 16530337                  /usr/lib/x86_64-linux-gnu/libXtst.so.6.1.0
7c3c23e16000-7c3c23e17000 rw-p 00006000 103:02 16530337                  /usr/lib/x86_64-linux-gnu/libXtst.so.6.1.0
7c3c23e17000-7c3c23e58000 rw-p 00000000 00:00 0 
7c3c23e58000-7c3c23e59000 r--p 00000000 103:02 16530540                  /usr/lib/x86_64-linux-gnu/libdl.so.2
7c3c23e59000-7c3c23e5a000 r-xp 00001000 103:02 16530540                  /usr/lib/x86_64-linux-gnu/libdl.so.2
7c3c23e5a000-7c3c23e5b000 r--p 00002000 103:02 16530540                  /usr/lib/x86_64-linux-gnu/libdl.so.2
7c3c23e5b000-7c3c23e5c000 r--p 00002000 103:02 16530540                  /usr/lib/x86_64-linux-gnu/libdl.so.2
7c3c23e5c000-7c3c23e5d000 rw-p 00003000 103:02 16530540                  /usr/lib/x86_64-linux-gnu/libdl.so.2
7c3c23e5d000-7c3c23e5e000 r--p 00000000 103:02 16530318                  /usr/lib/x86_64-linux-gnu/libXau.so.6.0.0
7c3c23e5e000-7c3c23e60000 r-xp 00001000 103:02 16530318                  /usr/lib/x86_64-linux-gnu/libXau.so.6.0.0
7c3c23e60000-7c3c23e61000 r--p 00003000 103:02 16530318                  /usr/lib/x86_64-linux-gnu/libXau.so.6.0.0
7c3c23e61000-7c3c23e62000 r--p 00003000 103:02 16530318                  /usr/lib/x86_64-linux-gnu/libXau.so.6.0.0
7c3c23e62000-7c3c23e63000 rw-p 00004000 103:02 16530318                  /usr/lib/x86_64-linux-gnu/libXau.so.6.0.0
7c3c23e63000-7c3c23e73000 -w-s 00000000 00:05 1104                       /dev/nvidia0
7c3c23e73000-7c3c23e75000 r--p 00000000 103:02 17173444                  /usr/lib/jvm/java-21-openjdk-amd64/lib/libzip.so
7c3c23e75000-7c3c23e7a000 r-xp 00002000 103:02 17173444                  /usr/lib/jvm/java-21-openjdk-amd64/lib/libzip.so
7c3c23e7a000-7c3c23e7c000 r--p 00007000 103:02 17173444                  /usr/lib/jvm/java-21-openjdk-amd64/lib/libzip.so
7c3c23e7c000-7c3c23e7d000 r--p 00008000 103:02 17173444                  /usr/lib/jvm/java-21-openjdk-amd64/lib/libzip.so
7c3c23e7d000-7c3c23e7e000 rw-p 00009000 103:02 17173444                  /usr/lib/jvm/java-21-openjdk-amd64/lib/libzip.so
7c3c23e7e000-7c3c27ffd000 rw-p 00000000 00:00 0 
7c3c27ffd000-7c3c28000000 ---p 00000000 00:00 0 
7c3c28000000-7c3c28001000 r--p 00000000 103:02 16531006                  /usr/lib/x86_64-linux-gnu/librt.so.1
7c3c28001000-7c3c28002000 r-xp 00001000 103:02 16531006                  /usr/lib/x86_64-linux-gnu/librt.so.1
7c3c28002000-7c3c28003000 r--p 00002000 103:02 16531006                  /usr/lib/x86_64-linux-gnu/librt.so.1
7c3c28003000-7c3c28004000 r--p 00002000 103:02 16531006                  /usr/lib/x86_64-linux-gnu/librt.so.1
7c3c28004000-7c3c28005000 rw-p 00003000 103:02 16531006                  /usr/lib/x86_64-linux-gnu/librt.so.1
7c3c28005000-7c3c28262000 rw-p 00000000 00:00 0 
7c3c28262000-7c3c28263000 ---p 00000000 00:00 0 
7c3c28263000-7c3c28363000 rw-p 00000000 00:00 0 
7c3c28363000-7c3c28364000 ---p 00000000 00:00 0 
7c3c28364000-7c3c28464000 rw-p 00000000 00:00 0 
7c3c28464000-7c3c28465000 ---p 00000000 00:00 0 
7c3c28465000-7c3c28565000 rw-p 00000000 00:00 0 
7c3c28565000-7c3c29333000 rw-p 00000000 00:00 0 
7c3c29333000-7c3c29417000 ---p 00000000 00:00 0 
7c3c29417000-7c3c2941c000 rw-p 00000000 00:00 0 
7c3c2941c000-7c3c29500000 ---p 00000000 00:00 0 
7c3c29500000-7c3c29504000 ---p 00000000 00:00 0 
7c3c29504000-7c3c29600000 rw-p 00000000 00:00 0 
7c3c29600000-7c3c2969d000 r--p 00000000 103:02 16543594                  /usr/lib/x86_64-linux-gnu/libstdc++.so.6.0.33
7c3c2969d000-7c3c297e5000 r-xp 0009d000 103:02 16543594                  /usr/lib/x86_64-linux-gnu/libstdc++.so.6.0.33
7c3c297e5000-7c3c2986c000 r--p 001e5000 103:02 16543594                  /usr/lib/x86_64-linux-gnu/libstdc++.so.6.0.33
7c3c2986c000-7c3c29877000 r--p 0026b000 103:02 16543594                  /usr/lib/x86_64-linux-gnu/libstdc++.so.6.0.33
7c3c29877000-7c3c2987a000 rw-p 00276000 103:02 16543594                  /usr/lib/x86_64-linux-gnu/libstdc++.so.6.0.33
7c3c2987a000-7c3c2987e000 rw-p 00000000 00:00 0 
7c3c29882000-7c3c29889000 r--p 00000000 103:02 17173437                  /usr/lib/jvm/java-21-openjdk-amd64/lib/libnio.so
7c3c29889000-7c3c29892000 r-xp 00007000 103:02 17173437                  /usr/lib/jvm/java-21-openjdk-amd64/lib/libnio.so
7c3c29892000-7c3c29896000 r--p 00010000 103:02 17173437                  /usr/lib/jvm/java-21-openjdk-amd64/lib/libnio.so
7c3c29896000-7c3c29897000 r--p 00014000 103:02 17173437                  /usr/lib/jvm/java-21-openjdk-amd64/lib/libnio.so
7c3c29897000-7c3c29898000 rw-p 00015000 103:02 17173437                  /usr/lib/jvm/java-21-openjdk-amd64/lib/libnio.so
7c3c29898000-7c3c29917000 rw-p 00000000 00:00 0 
7c3c29917000-7c3c29927000 r--p 00000000 103:02 16530817                  /usr/lib/x86_64-linux-gnu/libm.so.6
7c3c29927000-7c3c299a6000 r-xp 00010000 103:02 16530817                  /usr/lib/x86_64-linux-gnu/libm.so.6
7c3c299a6000-7c3c299fe000 r--p 0008f000 103:02 16530817                  /usr/lib/x86_64-linux-gnu/libm.so.6
7c3c299fe000-7c3c299ff000 r--p 000e7000 103:02 16530817                  /usr/lib/x86_64-linux-gnu/libm.so.6
7c3c299ff000-7c3c29a00000 rw-p 000e8000 103:02 16530817                  /usr/lib/x86_64-linux-gnu/libm.so.6
7c3c29a00000-7c3c29ca1000 r--p 00000000 103:02 17173449                  /usr/lib/jvm/java-21-openjdk-amd64/lib/server/libjvm.so
7c3c29ca1000-7c3c2ab11000 r-xp 002a1000 103:02 17173449                  /usr/lib/jvm/java-21-openjdk-amd64/lib/server/libjvm.so
7c3c2ab11000-7c3c2ade5000 r--p 01111000 103:02 17173449                  /usr/lib/jvm/java-21-openjdk-amd64/lib/server/libjvm.so
7c3c2ade5000-7c3c2aeb8000 r--p 013e4000 103:02 17173449                  /usr/lib/jvm/java-21-openjdk-amd64/lib/server/libjvm.so
7c3c2aeb8000-7c3c2aee8000 rw-p 014b7000 103:02 17173449                  /usr/lib/jvm/java-21-openjdk-amd64/lib/server/libjvm.so
7c3c2aee8000-7c3c2af4e000 rw-p 00000000 00:00 0 
7c3c2af52000-7c3c2af55000 r--p 00000000 103:02 17173436                  /usr/lib/jvm/java-21-openjdk-amd64/lib/libnet.so
7c3c2af55000-7c3c2af5d000 r-xp 00003000 103:02 17173436                  /usr/lib/jvm/java-21-openjdk-amd64/lib/libnet.so
7c3c2af5d000-7c3c2af5f000 r--p 0000b000 103:02 17173436                  /usr/lib/jvm/java-21-openjdk-amd64/lib/libnet.so
7c3c2af5f000-7c3c2af60000 r--p 0000c000 103:02 17173436                  /usr/lib/jvm/java-21-openjdk-amd64/lib/libnet.so
7c3c2af60000-7c3c2af61000 rw-p 0000d000 103:02 17173436                  /usr/lib/jvm/java-21-openjdk-amd64/lib/libnet.so
7c3c2af61000-7c3c2afa5000 rw-p 00000000 00:00 0 
7c3c2afa5000-7c3c2afae000 ---p 00000000 00:00 0 
7c3c2afae000-7c3c2afbb000 r--p 00000000 103:02 17173422                  /usr/lib/jvm/java-21-openjdk-amd64/lib/libjava.so
7c3c2afbb000-7c3c2afca000 r-xp 0000d000 103:02 17173422                  /usr/lib/jvm/java-21-openjdk-amd64/lib/libjava.so
7c3c2afca000-7c3c2afcf000 r--p 0001c000 103:02 17173422                  /usr/lib/jvm/java-21-openjdk-amd64/lib/libjava.so
7c3c2afcf000-7c3c2afd0000 r--p 00021000 103:02 17173422                  /usr/lib/jvm/java-21-openjdk-amd64/lib/libjava.so
7c3c2afd0000-7c3c2afd1000 rw-p 00022000 103:02 17173422                  /usr/lib/jvm/java-21-openjdk-amd64/lib/libjava.so
7c3c2afd1000-7c3c2afd2000 rw-p 00000000 00:00 0 
7c3c2afd2000-7c3c2afd6000 r--p 00000000 103:02 16528598                  /usr/lib/x86_64-linux-gnu/libgcc_s.so.1
7c3c2afd6000-7c3c2affa000 r-xp 00004000 103:02 16528598                  /usr/lib/x86_64-linux-gnu/libgcc_s.so.1
7c3c2affa000-7c3c2affe000 r--p 00028000 103:02 16528598                  /usr/lib/x86_64-linux-gnu/libgcc_s.so.1
7c3c2affe000-7c3c2afff000 r--p 0002b000 103:02 16528598                  /usr/lib/x86_64-linux-gnu/libgcc_s.so.1
7c3c2afff000-7c3c2b000000 rw-p 0002c000 103:02 16528598                  /usr/lib/x86_64-linux-gnu/libgcc_s.so.1
7c3c2b000000-7c3c2b028000 r--p 00000000 103:02 16530474                  /usr/lib/x86_64-linux-gnu/libc.so.6
7c3c2b028000-7c3c2b1b0000 r-xp 00028000 103:02 16530474                  /usr/lib/x86_64-linux-gnu/libc.so.6
7c3c2b1b0000-7c3c2b1ff000 r--p 001b0000 103:02 16530474                  /usr/lib/x86_64-linux-gnu/libc.so.6
7c3c2b1ff000-7c3c2b203000 r--p 001fe000 103:02 16530474                  /usr/lib/x86_64-linux-gnu/libc.so.6
7c3c2b203000-7c3c2b205000 rw-p 00202000 103:02 16530474                  /usr/lib/x86_64-linux-gnu/libc.so.6
7c3c2b205000-7c3c2b212000 rw-p 00000000 00:00 0 
7c3c2b213000-7c3c2b214000 r--p 00000000 103:02 16530978                  /usr/lib/x86_64-linux-gnu/libpthread.so.0
7c3c2b214000-7c3c2b215000 r-xp 00001000 103:02 16530978                  /usr/lib/x86_64-linux-gnu/libpthread.so.0
7c3c2b215000-7c3c2b216000 r--p 00002000 103:02 16530978                  /usr/lib/x86_64-linux-gnu/libpthread.so.0
7c3c2b216000-7c3c2b217000 r--p 00002000 103:02 16530978                  /usr/lib/x86_64-linux-gnu/libpthread.so.0
7c3c2b217000-7c3c2b218000 rw-p 00003000 103:02 16530978                  /usr/lib/x86_64-linux-gnu/libpthread.so.0
7c3c2b218000-7c3c2b21a000 rw-p 00000000 00:00 0 
7c3c2b21a000-7c3c2b21c000 r--p 00000000 103:02 17173426                  /usr/lib/jvm/java-21-openjdk-amd64/lib/libjli.so
7c3c2b21c000-7c3c2b226000 r-xp 00002000 103:02 17173426                  /usr/lib/jvm/java-21-openjdk-amd64/lib/libjli.so
7c3c2b226000-7c3c2b229000 r--p 0000c000 103:02 17173426                  /usr/lib/jvm/java-21-openjdk-amd64/lib/libjli.so
7c3c2b229000-7c3c2b22a000 r--p 0000f000 103:02 17173426                  /usr/lib/jvm/java-21-openjdk-amd64/lib/libjli.so
7c3c2b22a000-7c3c2b22b000 rw-p 00010000 103:02 17173426                  /usr/lib/jvm/java-21-openjdk-amd64/lib/libjli.so
7c3c2b22b000-7c3c2b22d000 r--p 00000000 103:02 16531205                  /usr/lib/x86_64-linux-gnu/libz.so.1.3
7c3c2b22d000-7c3c2b23f000 r-xp 00002000 103:02 16531205                  /usr/lib/x86_64-linux-gnu/libz.so.1.3
7c3c2b23f000-7c3c2b245000 r--p 00014000 103:02 16531205                  /usr/lib/x86_64-linux-gnu/libz.so.1.3
7c3c2b245000-7c3c2b246000 r--p 0001a000 103:02 16531205                  /usr/lib/x86_64-linux-gnu/libz.so.1.3
7c3c2b246000-7c3c2b247000 rw-p 0001b000 103:02 16531205                  /usr/lib/x86_64-linux-gnu/libz.so.1.3
7c3c2b24a000-7c3c2b252000 rw-s 00000000 103:02 18350261                  /tmp/hsperfdata_dov/19417
7c3c2b252000-7c3c2b253000 ---p 00000000 00:00 0 
7c3c2b253000-7c3c2b254000 r--p 00000000 00:00 0 
7c3c2b254000-7c3c2b255000 ---p 00000000 00:00 0 
7c3c2b255000-7c3c2b257000 r--p 00000000 103:02 17173425                  /usr/lib/jvm/java-21-openjdk-amd64/lib/libjimage.so
7c3c2b257000-7c3c2b25a000 r-xp 00002000 103:02 17173425                  /usr/lib/jvm/java-21-openjdk-amd64/lib/libjimage.so
7c3c2b25a000-7c3c2b25b000 r--p 00005000 103:02 17173425                  /usr/lib/jvm/java-21-openjdk-amd64/lib/libjimage.so
7c3c2b25b000-7c3c2b25c000 r--p 00006000 103:02 17173425                  /usr/lib/jvm/java-21-openjdk-amd64/lib/libjimage.so
7c3c2b25c000-7c3c2b25d000 rw-p 00007000 103:02 17173425                  /usr/lib/jvm/java-21-openjdk-amd64/lib/libjimage.so
7c3c2b25d000-7c3c2b25f000 rw-p 00000000 00:00 0 
7c3c2b25f000-7c3c2b260000 r--p 00000000 103:02 16530286                  /usr/lib/x86_64-linux-gnu/ld-linux-x86-64.so.2
7c3c2b260000-7c3c2b28b000 r-xp 00001000 103:02 16530286                  /usr/lib/x86_64-linux-gnu/ld-linux-x86-64.so.2
7c3c2b28b000-7c3c2b295000 r--p 0002c000 103:02 16530286                  /usr/lib/x86_64-linux-gnu/ld-linux-x86-64.so.2
7c3c2b295000-7c3c2b297000 r--p 00036000 103:02 16530286                  /usr/lib/x86_64-linux-gnu/ld-linux-x86-64.so.2
7c3c2b297000-7c3c2b299000 rw-p 00038000 103:02 16530286                  /usr/lib/x86_64-linux-gnu/ld-linux-x86-64.so.2
7fff6ba44000-7fff6ba65000 rw-p 00000000 00:00 0                          [stack]
7fff6bb19000-7fff6bb1d000 r--p 00000000 00:00 0                          [vvar]
7fff6bb1d000-7fff6bb1f000 r-xp 00000000 00:00 0                          [vdso]
ffffffffff600000-ffffffffff601000 --xp 00000000 00:00 0                  [vsyscall]
Total number of mappings: 396


VM Arguments:
jvm_args: -Dfile.encoding=UTF-8 --module-path=/home/dov/projects/NeighborhoodPIG/build/classes 
java_command: main.NeighborhoodPIG
java_class_path (initial): /home/dov/projects/Libraries/commons-math3/commons-math3-3.6.1-javadoc.jar:/home/dov/projects/Libraries/commons-math3/commons-math3-3.6.1-sources.jar:/home/dov/projects/Libraries/commons-math3/commons-math3-3.6.1-test-sources.jar:/home/dov/projects/Libraries/commons-math3/commons-math3-3.6.1-tests.jar:/home/dov/projects/Libraries/commons-math3/commons-math3-3.6.1-tools.jar:/home/dov/projects/Libraries/commons-math3/commons-math3-3.6.1.jar:/home/dov/projects/JCudaWrapper/jcuda12/jcublas-12.0.0.jar:/home/dov/projects/JCudaWrapper/jcuda12/jcublas-natives-12.0.0-linux-x86_64.jar:/home/dov/projects/JCudaWrapper/jcuda12/jcuda-12.0.0.jar:/home/dov/projects/JCudaWrapper/jcuda12/jcuda-natives-12.0.0-linux-x86_64.jar:/home/dov/projects/JCudaWrapper/jcuda12/jcudnn-12.0.0.jar:/home/dov/projects/JCudaWrapper/jcuda12/jcudnn-natives-12.0.0-linux-x86_64.jar:/home/dov/projects/JCudaWrapper/jcuda12/jcufft-12.0.0.jar:/home/dov/projects/JCudaWrapper/jcuda12/jcufft-natives-12.0.0-linux-x86_64.jar:/home/dov/projects/JCudaWrapper/jcuda12/jcurand-12.0.0.jar:/home/dov/projects/JCudaWrapper/jcuda12/jcurand-natives-12.0.0-linux-x86_64.jar:/home/dov/projects/JCudaWrapper/jcuda12/jcusolver-12.0.0.jar:/home/dov/projects/JCudaWrapper/jcuda12/jcusolver-natives-12.0.0-linux-x86_64.jar:/home/dov/projects/JCudaWrapper/jcuda12/jcusparse-12.0.0.jar:/home/dov/projects/JCudaWrapper/jcuda12/jcusparse-natives-12.0.0-linux-x86_64.jar:/home/dov/projects/NeighborhoodPIG/build/classes
Launcher Type: SUN_STANDARD

[Global flags]
     intx CICompilerCount                          = 12                                        {product} {ergonomic}
     uint ConcGCThreads                            = 3                                         {product} {ergonomic}
     uint G1ConcRefinementThreads                  = 13                                        {product} {ergonomic}
   size_t G1HeapRegionSize                         = 4194304                                   {product} {ergonomic}
    uintx GCDrainStackTargetSize                   = 64                                        {product} {ergonomic}
   size_t InitialHeapSize                          = 515899392                                 {product} {ergonomic}
   size_t MarkStackSize                            = 4194304                                   {product} {ergonomic}
   size_t MaxHeapSize                              = 8212447232                                {product} {ergonomic}
   size_t MaxNewSize                               = 4924112896                                {product} {ergonomic}
   size_t MinHeapDeltaBytes                        = 4194304                                   {product} {ergonomic}
   size_t MinHeapSize                              = 8388608                                   {product} {ergonomic}
    uintx NonNMethodCodeHeapSize                   = 7602480                                {pd product} {ergonomic}
    uintx NonProfiledCodeHeapSize                  = 122027880                              {pd product} {ergonomic}
    uintx ProfiledCodeHeapSize                     = 122027880                              {pd product} {ergonomic}
    uintx ReservedCodeCacheSize                    = 251658240                              {pd product} {ergonomic}
     bool SegmentedCodeCache                       = true                                      {product} {ergonomic}
   size_t SoftMaxHeapSize                          = 8212447232                             {manageable} {ergonomic}
     bool UseCompressedOops                        = true                           {product lp64_product} {ergonomic}
     bool UseG1GC                                  = true                                      {product} {ergonomic}

Logging:
Log output configuration:
 #0: stdout all=warning uptime,level,tags foldmultilines=false
 #1: stderr all=off uptime,level,tags foldmultilines=false

Environment Variables:
PATH=/usr/local/sbin:/usr/local/bin:/usr/sbin:/usr/bin:/sbin:/bin:/usr/games:/usr/local/games:/snap/bin:/snap/bin
USERNAME=dov
SHELL=/bin/bash
DISPLAY=:1
LANG=en_US.UTF-8

Active Locale:
LC_ALL=en_US.UTF-8
LC_COLLATE=en_US.UTF-8
LC_CTYPE=en_US.UTF-8
LC_MESSAGES=en_US.UTF-8
LC_MONETARY=en_US.UTF-8
LC_NUMERIC=en_US.UTF-8
LC_TIME=en_US.UTF-8

Signal Handlers:
   SIGSEGV: crash_handler in libjvm.so, mask=11100100010111111101111111111110, flags=SA_RESTART|SA_SIGINFO, unblocked
    SIGBUS: crash_handler in libjvm.so, mask=11100100010111111101111111111110, flags=SA_RESTART|SA_SIGINFO, unblocked
    SIGFPE: crash_handler in libjvm.so, mask=11100100010111111101111111111110, flags=SA_RESTART|SA_SIGINFO, unblocked
   SIGPIPE: javaSignalHandler in libjvm.so, mask=11100100010111111101111111111110, flags=SA_RESTART|SA_SIGINFO, blocked
   SIGXFSZ: javaSignalHandler in libjvm.so, mask=11100100010111111101111111111110, flags=SA_RESTART|SA_SIGINFO, blocked
    SIGILL: crash_handler in libjvm.so, mask=11100100010111111101111111111110, flags=SA_RESTART|SA_SIGINFO, unblocked
   SIGUSR2: SR_handler in libjvm.so, mask=00000000000000000000000000000000, flags=SA_RESTART|SA_SIGINFO, blocked
    SIGHUP: UserHandler in libjvm.so, mask=11100100010111111101111111111110, flags=SA_RESTART|SA_SIGINFO, blocked
    SIGINT: SIG_IGN, mask=00000000000000000000000000000000, flags=none, blocked
   SIGTERM: UserHandler in libjvm.so, mask=11100100010111111101111111111110, flags=SA_RESTART|SA_SIGINFO, blocked
   SIGQUIT: UserHandler in libjvm.so, mask=11100100010111111101111111111110, flags=SA_RESTART|SA_SIGINFO, blocked
   SIGTRAP: crash_handler in libjvm.so, mask=11100100010111111101111111111110, flags=SA_RESTART|SA_SIGINFO, unblocked


Periodic native trim disabled

---------------  S Y S T E M  ---------------

OS:
DISTRIB_ID=Ubuntu
DISTRIB_RELEASE=24.04
DISTRIB_CODENAME=noble
DISTRIB_DESCRIPTION="Ubuntu 24.04.1 LTS"
uname: Linux 6.8.0-49-generic #49-Ubuntu SMP PREEMPT_DYNAMIC Mon Nov  4 02:06:24 UTC 2024 x86_64
OS uptime: 0 days 6:48 hours
libc: glibc 2.39 NPTL 2.39 
rlimit (soft/hard): STACK 8192k/infinity , CORE 0k/infinity , NPROC 125013/125013 , NOFILE 1048576/1048576 , AS infinity/infinity , CPU infinity/infinity , DATA infinity/infinity , FSIZE infinity/infinity , MEMLOCK 4009332k/4009332k
load average: 1.29 1.22 0.63

/proc/meminfo:
MemTotal:       32074664 kB
MemFree:        22354060 kB
MemAvailable:   25339816 kB
Buffers:          278280 kB
Cached:          3102500 kB
SwapCached:            0 kB
Active:          5879348 kB
Inactive:        1915260 kB
Active(anon):    4516768 kB
Inactive(anon):        0 kB
Active(file):    1362580 kB
Inactive(file):  1915260 kB
Unevictable:          32 kB
Mlocked:              32 kB
SwapTotal:       8388604 kB
SwapFree:        8388604 kB
Zswap:                 0 kB
Zswapped:              0 kB
Dirty:               412 kB
Writeback:             0 kB
AnonPages:       4413644 kB
Mapped:          1009664 kB
Shmem:            102940 kB
KReclaimable:     145380 kB
Slab:             442592 kB
SReclaimable:     145380 kB
SUnreclaim:       297212 kB
KernelStack:       23872 kB
PageTables:        59624 kB
SecPageTables:         0 kB
NFS_Unstable:          0 kB
Bounce:                0 kB
WritebackTmp:          0 kB
CommitLimit:    24425936 kB
Committed_AS:   27876508 kB
VmallocTotal:   34359738367 kB
VmallocUsed:      165992 kB
VmallocChunk:          0 kB
Percpu:            19456 kB
HardwareCorrupted:     0 kB
AnonHugePages:         0 kB
ShmemHugePages:        0 kB
ShmemPmdMapped:        0 kB
FileHugePages:         0 kB
FilePmdMapped:         0 kB
Unaccepted:            0 kB
HugePages_Total:       0
HugePages_Free:        0
HugePages_Rsvd:        0
HugePages_Surp:        0
Hugepagesize:       2048 kB
Hugetlb:               0 kB
DirectMap4k:     1659368 kB
DirectMap2M:    14321664 kB
DirectMap1G:    17825792 kB

/sys/kernel/mm/transparent_hugepage/enabled: always [madvise] never
/sys/kernel/mm/transparent_hugepage/hpage_pmd_size: 2097152
/sys/kernel/mm/transparent_hugepage/defrag (defrag/compaction efforts parameter): always defer defer+madvise [madvise] never

Process Memory:
Virtual Size: 16979056K (peak: 17038636K)
Resident Set Size: 339172K (peak: 339172K) (anon: 162208K, file: 168772K, shmem: 8192K)
Swapped out: 0K
C-Heap outstanding allocations: 113949K, retained: 3154K
glibc malloc tunables: (default)

/proc/sys/kernel/threads-max (system-wide limit on the number of threads): 250026
/proc/sys/vm/max_map_count (maximum number of memory map areas a process may have): 1048576
/proc/sys/vm/swappiness (control to define how aggressively the kernel swaps out anonymous memory): 60
/proc/sys/kernel/pid_max (system-wide limit on number of process identifiers): 4194304

container (cgroup) information:
container_type: cgroupv2
cpu_cpuset_cpus: not supported
cpu_memory_nodes: not supported
active_processor_count: 16
cpu_quota: not supported
cpu_period: not supported
cpu_shares: not supported
memory_limit_in_bytes: unlimited
memory_and_swap_limit_in_bytes: unlimited
memory_soft_limit_in_bytes: unlimited
memory_usage_in_bytes: 2201688 k
memory_max_usage_in_bytes: not supported
memory_swap_current_in_bytes: unlimited
memory_swap_max_limit_in_bytes: unlimited
maximum number of tasks: 37503
current number of tasks: 131

Steal ticks since vm start: 0
Steal ticks percentage since vm start:  0.000

CPU: total 16 (initial active 16) (16 cores per cpu, 2 threads per core) family 25 model 68 stepping 1 microcode 0xa404101, cx8, cmov, fxsr, ht, mmx, 3dnowpref, sse, sse2, sse3, ssse3, sse4a, sse4.1, sse4.2, popcnt, lzcnt, tsc, tscinvbit, avx, avx2, aes, clmul, bmi1, bmi2, adx, sha, fma, vzeroupper, clflush, clflushopt, rdtscp, rdpid, f16c, pku, ospke, cet_ss
CPU Model and flags from /proc/cpuinfo:
model name	: AMD Ryzen 9 6900HS with Radeon Graphics
flags		: fpu vme de pse tsc msr pae mce cx8 apic sep mtrr pge mca cmov pat pse36 clflush mmx fxsr sse sse2 ht syscall nx mmxext fxsr_opt pdpe1gb rdtscp lm constant_tsc rep_good nopl nonstop_tsc cpuid extd_apicid aperfmperf rapl pni pclmulqdq monitor ssse3 fma cx16 sse4_1 sse4_2 x2apic movbe popcnt aes xsave avx f16c rdrand lahf_lm cmp_legacy svm extapic cr8_legacy abm sse4a misalignsse 3dnowprefetch osvw ibs skinit wdt tce topoext perfctr_core perfctr_nb bpext perfctr_llc mwaitx cpb cat_l3 cdp_l3 hw_pstate ssbd mba ibrs ibpb stibp vmmcall fsgsbase bmi1 avx2 smep bmi2 invpcid cqm rdt_a rdseed adx smap clflushopt clwb sha_ni xsaveopt xsavec xgetbv1 xsaves cqm_llc cqm_occup_llc cqm_mbm_total cqm_mbm_local user_shstk clzero irperf xsaveerptr rdpru wbnoinvd cppc arat npt lbrv svm_lock nrip_save tsc_scale vmcb_clean flushbyasid decodeassists pausefilter pfthreshold avic v_vmsave_vmload vgif v_spec_ctrl umip pku ospke vaes vpclmulqdq rdpid overflow_recov succor smca debug_swap

Online cpus: 0-15
Offline cpus: 
BIOS frequency limitation: <Not Available>
Frequency switch latency (ns): 0
Available cpu frequencies: <Not Available>
Current governor: powersave
Core performance/turbo boost: <Not Available>

Memory: 4k page, physical 32074664k(25339816k free), swap 8388604k(8388604k free)
Page Sizes: 4k

vm_info: OpenJDK 64-Bit Server VM (21.0.5+11-Ubuntu-1ubuntu124.04) for linux-amd64 JRE (21.0.5+11-Ubuntu-1ubuntu124.04), built on 2024-10-22T07:47:02Z by "buildd" with gcc 13.2.0

END.
