#
# A fatal error has been detected by the Java Runtime Environment:
#
#  SIGSEGV (0xb) at pc=0x00007a3e34a4b06e, pid=6438, tid=6443
#
# JRE version: OpenJDK Runtime Environment (21.0.4+7) (build 21.0.4+7-Ubuntu-1ubuntu224.04)
# Java VM: OpenJDK 64-Bit Server VM (21.0.4+7-Ubuntu-1ubuntu224.04, mixed mode, sharing, tiered, compressed oops, compressed class ptrs, g1 gc, linux-amd64)
# Problematic frame:
# C  [libcuda.so.1+0x24b06e]
#
# Core dump will be written. Default location: Core dumps may be processed with "/usr/share/apport/apport -p%p -s%s -c%c -d%d -P%P -u%u -g%g -- %E" (or dumping to /home/dov/projects/NeighborhoodPIG/core.6438)
#
# If you would like to submit a bug report, please visit:
#   https://bugs.launchpad.net/ubuntu/+source/openjdk-21
# The crash happened outside the Java Virtual Machine in native code.
# See problematic frame for where to report the bug.
#

---------------  S U M M A R Y ------------

Command Line: -Dfile.encoding=UTF-8 --module-path=/home/dov/projects/NeighborhoodPIG/build/classes main.NeighborhoodPIG

Host: AMD Ryzen 9 6900HS with Radeon Graphics, 16 cores, 30G, Ubuntu 24.04.1 LTS
Time: Fri Nov  1 15:46:52 2024 IST elapsed time: 1.660501 seconds (0d 0h 0m 1s)

---------------  T H R E A D  ---------------

Current thread (0x00007a3e6001a060):  JavaThread "main"             [_thread_in_native, id=6443, stack(0x00007a3e65900000,0x00007a3e65a00000) (1024K)]

Stack: [0x00007a3e65900000,0x00007a3e65a00000],  sp=0x00007a3e659fe330,  free space=1016k
Native frames: (J=compiled Java code, j=interpreted, Vv=VM code, C=native code)
C  [libcuda.so.1+0x24b06e]
C  [libcuda.so.1+0x24b5f8]
C  [libcuda.so.1+0x2f19c3]
j  jcuda.driver.JCudaDriver.cuStreamSynchronizeNative(Ljcuda/driver/CUstream;)I+0
j  jcuda.driver.JCudaDriver.cuStreamSynchronize(Ljcuda/driver/CUstream;)I+1
j  JCudaWrapper.resourceManagement.Handle.get()Ljcuda/jcublas/cublasHandle;+11
j  JCudaWrapper.array.DStrideArray.multMatMatStridedBatched(LJCudaWrapper/resourceManagement/Handle;ZZIIIDLJCudaWrapper/array/DStrideArray;ILJCudaWrapper/array/DStrideArray;IDI)V+70
j  JCudaWrapper.algebra.Vector.addBatchVecVecMult(DLJCudaWrapper/algebra/VectorsStride;LJCudaWrapper/algebra/VectorsStride;D)V+53
j  JCudaWrapper.algebra.VectorsStride.norms(LJCudaWrapper/array/DArray;)LJCudaWrapper/algebra/Vector;+19
j  JCudaWrapper.algebra.VectorsStride.setVectorMagnitudes(DLJCudaWrapper/array/DArray;)LJCudaWrapper/algebra/VectorsStride;+13
j  main.StructureTensorMatrix.getRGB()[[[D+33
j  main.NeighborhoodPIG.orientationColored(Ljava/lang/String;)V+4
j  main.NeighborhoodPIG.main([Ljava/lang/String;)V+14
v  ~StubRoutines::call_stub 0x00007a3e4fc5fcc6
V  [libjvm.so+0x90841a]  JavaCalls::call_helper(JavaValue*, methodHandle const&, JavaCallArguments*, JavaThread*)+0x2da
V  [libjvm.so+0x9ae72d]  jni_invoke_static(JNIEnv_*, JavaValue*, _jobject*, JNICallType, _jmethodID*, JNI_ArgumentPusher*, JavaThread*) [clone .constprop.1]+0x35d
V  [libjvm.so+0x9b0c7f]  jni_CallStaticVoidMethod+0x12f
C  [libjli.so+0x55be]  JavaMain+0xfde
C  [libjli.so+0x844d]  ThreadJavaMain+0xd
C  [libc.so.6+0x9ca94]
Java frames: (J=compiled Java code, j=interpreted, Vv=VM code)
j  jcuda.driver.JCudaDriver.cuStreamSynchronizeNative(Ljcuda/driver/CUstream;)I+0
j  jcuda.driver.JCudaDriver.cuStreamSynchronize(Ljcuda/driver/CUstream;)I+1
j  JCudaWrapper.resourceManagement.Handle.get()Ljcuda/jcublas/cublasHandle;+11
j  JCudaWrapper.array.DStrideArray.multMatMatStridedBatched(LJCudaWrapper/resourceManagement/Handle;ZZIIIDLJCudaWrapper/array/DStrideArray;ILJCudaWrapper/array/DStrideArray;IDI)V+70
j  JCudaWrapper.algebra.Vector.addBatchVecVecMult(DLJCudaWrapper/algebra/VectorsStride;LJCudaWrapper/algebra/VectorsStride;D)V+53
j  JCudaWrapper.algebra.VectorsStride.norms(LJCudaWrapper/array/DArray;)LJCudaWrapper/algebra/Vector;+19
j  JCudaWrapper.algebra.VectorsStride.setVectorMagnitudes(DLJCudaWrapper/array/DArray;)LJCudaWrapper/algebra/VectorsStride;+13
j  main.StructureTensorMatrix.getRGB()[[[D+33
j  main.NeighborhoodPIG.orientationColored(Ljava/lang/String;)V+4
j  main.NeighborhoodPIG.main([Ljava/lang/String;)V+14
v  ~StubRoutines::call_stub 0x00007a3e4fc5fcc6

siginfo: si_signo: 11 (SIGSEGV), si_code: 1 (SEGV_MAPERR), si_addr: 0x00007a39c3cee756

Registers:
RAX=0x00007a3e605e6f60, RBX=0x00007a3e659fe448, RCX=0x0000000000000002, RDX=0x00007a3e6278e620
RSP=0x00007a3e659fe330, RBP=0x00007a3e659fe390, RSI=0x0000000000000000, RDI=0x00007a3e605e6f60
R8 =0x00007a3e659fe3c8, R9 =0x0000000000000000, R10=0x00007a3e6278e620, R11=0x00007a39c3cee36e
R12=0x00007a3e659fe3c8, R13=0x00007a3e605e6f60, R14=0x00007a3e659fe558, R15=0x00007a3e6001a060
RIP=0x00007a3e34a4b06e, EFLAGS=0x0000000000010202, CSGSFS=0x002b000000000033, ERR=0x0000000000000004
  TRAPNO=0x000000000000000e


Register to memory mapping:

RAX=0x00007a3e605e6f60 points into unknown readable memory: 0x00007a3e605e6fc0 | c0 6f 5e 60 3e 7a 00 00
RBX=0x00007a3e659fe448 is pointing into the stack for thread: 0x00007a3e6001a060
RCX=0x0000000000000002 is an unknown value
RDX=0x00007a3e6278e620 points into unknown readable memory: 0x00007a3e60f21d10 | 10 1d f2 60 3e 7a 00 00
RSP=0x00007a3e659fe330 is pointing into the stack for thread: 0x00007a3e6001a060
RBP=0x00007a3e659fe390 is pointing into the stack for thread: 0x00007a3e6001a060
RSI=0x0 is null
RDI=0x00007a3e605e6f60 points into unknown readable memory: 0x00007a3e605e6fc0 | c0 6f 5e 60 3e 7a 00 00
R8 =0x00007a3e659fe3c8 is pointing into the stack for thread: 0x00007a3e6001a060
R9 =0x0 is null
R10=0x00007a3e6278e620 points into unknown readable memory: 0x00007a3e60f21d10 | 10 1d f2 60 3e 7a 00 00
R11=0x00007a39c3cee36e is an unknown value
R12=0x00007a3e659fe3c8 is pointing into the stack for thread: 0x00007a3e6001a060
R13=0x00007a3e605e6f60 points into unknown readable memory: 0x00007a3e605e6fc0 | c0 6f 5e 60 3e 7a 00 00
R14=0x00007a3e659fe558 is pointing into the stack for thread: 0x00007a3e6001a060
R15=0x00007a3e6001a060 is a thread

Top of Stack: (sp=0x00007a3e659fe330)
0x00007a3e659fe330:   0000000634f9cae0 0000000634f9ca68
0x00007a3e659fe340:   0000000634f9ca40 0000000000000000
0x00007a3e659fe350:   00007a3e659fe490 00007a3e6001a060
0x00007a3e659fe360:   00007a3e659fe668 00007a3e659fe448
0x00007a3e659fe370:   0000000000000000 00007a3e659fe440
0x00007a3e659fe380:   00007a3e659fe558 00007a3e6001a060
0x00007a3e659fe390:   00007a3e659fe400 00007a3e34a4b5f8
0x00007a3e659fe3a0:   00007a3e671e4a58 0000000634f9cae0
0x00007a3e659fe3b0:   0000000634f9ca40 0000000634f9ca68
0x00007a3e659fe3c0:   00007a3dd4011c30 0000000000000000
0x00007a3e659fe3d0:   00007a3e659fe668 00007a3dd44df278
0x00007a3e659fe3e0:   00007a3e6278e620 00007a3dd44df278
0x00007a3e659fe3f0:   00007a3e659fe558 00007a3e6001a060
0x00007a3e659fe400:   00007a3e659fe4d0 00007a3e34af19c3
0x00007a3e659fe410:   00007a3e659fe558 000000000000002c
0x00007a3e659fe420:   000003e700000003 0000000000000000
0x00007a3e659fe430:   0000000000000000 00007a3e605e6f60
0x00007a3e659fe440:   0000000000000000 0000000000000000
0x00007a3e659fe450:   0000000634f9cab0 00007a3e6001a060
0x00007a3e659fe460:   00007a3e659fe4f8 0000000000000000
0x00007a3e659fe470:   00007a3e6001a060 0000000634f9ca68
0x00007a3e659fe480:   00007a3e01000020 00007a3e66da3f27
0x00007a3e659fe490:   00007a3e671e4a58 0000000000000000
0x00007a3e659fe4a0:   0000000634f9ca68 0000000634f9ca40
0x00007a3e659fe4b0:   00007a3e6001a418 00007a3dd1e3604a
0x00007a3e659fe4c0:   00007a3e659fe668 0000000000000000
0x00007a3e659fe4d0:   00007a3e659fe538 00007a3e4fc6b9c0
0x00007a3e659fe4e0:   0000000000000001 00007a3e6001a060
0x00007a3e659fe4f0:   00007a3e659fe4f0 0000000000000000
0x00007a3e659fe500:   0000000000000004 00007a3dd44e2e98
0x00007a3e659fe510:   0000000000000000 0000000634f4f2f8
0x00007a3e659fe520:   00007a3dd44df278 0000000000000000 

Instructions: (pc=0x00007a3e34a4b06e)
0x00007a3e34a4af6e:   f6 c2 10 75 ba 83 e2 08 b8 8a 03 00 00 75 da 48
0x00007a3e34a4af7e:   8b 59 08 4c 8d 63 08 4c 89 e7 e8 23 3a e9 ff 48
0x00007a3e34a4af8e:   8b 5b 38 48 85 db 74 2d 66 2e 0f 1f 84 00 00 00
0x00007a3e34a4af9e:   00 00 48 8b bb e8 03 00 00 48 85 ff 74 0b f6 43
0x00007a3e34a4afae:   50 04 74 05 e8 c9 9a 29 00 48 8b 9b 58 01 00 00
0x00007a3e34a4afbe:   48 85 db 75 dd 4c 89 e7 e8 15 35 e9 ff b8 8a 03
0x00007a3e34a4afce:   00 00 eb 85 66 0f 1f 44 00 00 83 f8 02 ba 91 01
0x00007a3e34a4afde:   00 00 b8 00 00 00 00 5b 0f 44 c2 41 5c 5d c3 0f
0x00007a3e34a4afee:   1f 00 e8 8b 9a 29 00 b8 84 03 00 00 e9 58 ff ff
0x00007a3e34a4affe:   ff 90 55 48 89 e5 41 57 41 56 41 55 49 89 fd 41
0x00007a3e34a4b00e:   54 4d 89 c4 53 48 83 ec 38 49 c7 00 00 00 00 00
0x00007a3e34a4b01e:   48 85 f6 0f 84 b9 00 00 00 44 8b 0e 41 ba 00 00
0x00007a3e34a4b02e:   00 00 48 89 f3 45 85 c9 4c 0f 45 d6 48 83 fa 02
0x00007a3e34a4b03e:   77 20 48 85 d2 74 5b 48 83 fa 02 0f 85 81 00 00
0x00007a3e34a4b04e:   00 4d 85 d2 0f 84 a8 00 00 00 41 b8 90 01 00 00
0x00007a3e34a4b05e:   eb 28 4c 8b 1a 4d 85 db 74 f0 49 39 5b 10 75 ea
0x00007a3e34a4b06e:   49 83 bb e8 03 00 00 00 75 09 4d 85 ed 0f 85 57
0x00007a3e34a4b07e:   01 00 00 4d 89 1c 24 45 31 c0 48 8d 65 d8 44 89
0x00007a3e34a4b08e:   c0 5b 41 5c 41 5d 41 5e 41 5f 5d c3 66 0f 1f 44
0x00007a3e34a4b09e:   00 00 83 f9 02 0f 84 27 02 00 00 83 f9 03 0f 84
0x00007a3e34a4b0ae:   06 02 00 00 83 f9 01 0f 84 e5 01 00 00 0f b6 05
0x00007a3e34a4b0be:   66 ac 91 01 c0 e8 03 83 e0 01 84 c0 0f 85 7f ff
0x00007a3e34a4b0ce:   ff ff 4d 85 d2 0f 84 ef 00 00 00 4d 8b 5a 68 eb
0x00007a3e34a4b0de:   84 90 48 83 fa 02 0f 86 6e ff ff ff 4c 8b 1a 4d
0x00007a3e34a4b0ee:   85 db 0f 85 78 ff ff ff e9 5d ff ff ff 0f 1f 44
0x00007a3e34a4b0fe:   00 00 4d 8b 5d 18 4d 85 db 74 0d 8b 43 38 41 39
0x00007a3e34a4b10e:   45 20 0f 84 9f 00 00 00 4c 8d b3 a0 03 00 00 4c
0x00007a3e34a4b11e:   89 55 a8 4d 8b 7d 10 4c 89 f7 e8 83 38 e9 ff 4c
0x00007a3e34a4b12e:   8b 9b c8 03 00 00 45 31 c0 4c 89 fe 4c 89 c2 41
0x00007a3e34a4b13e:   8b 3b 4c 89 5d b0 89 7d b8 e8 14 72 0d 00 4c 8b
0x00007a3e34a4b14e:   5d b0 48 83 ec 08 8b 7d b8 45 31 c0 41 89 c1 4c
0x00007a3e34a4b15e:   89 f9 49 8b 53 10 41 8b 73 0c 6a 00 e8 21 ee 2a 


Stack slot to memory mapping:

stack at sp + 0 slots: 0x0000000634f9cae0 is an oop: java.util.stream.MatchOps$2MatchSink 
{0x0000000634f9cae0} - klass: 'java/util/stream/MatchOps$2MatchSink'
 - ---- fields (total size 3 words):
 - 'stop' 'Z' @12  false (0x00)
 - 'value' 'Z' @13  false (0x00)
 - final synthetic 'val$matchKind' 'Ljava/util/stream/MatchOps$MatchKind;' @16  a 'java/util/stream/MatchOps$MatchKind'{0x0000000634dd3310} (0xc69ba662)
 - final synthetic 'val$predicate' 'Ljava/util/function/IntPredicate;' @20  a 'JCudaWrapper/array/Array$$Lambda+0x00007a3de000b2f8'{0x0000000634f9caa0} (0xc69f3954)
stack at sp + 1 slots: 0x0000000634f9ca68 is an oop: java.util.stream.IntPipeline$Head 
{0x0000000634f9ca68} - klass: 'java/util/stream/IntPipeline$Head'
 - ---- fields (total size 7 words):
 - protected final 'sourceOrOpFlags' 'I' @12  80 (0x00000050)
 - private 'depth' 'I' @16  0 (0x00000000)
 - private 'combinedFlags' 'I' @20  16777327 (0x0100006f)
 - private 'linkedOrConsumed' 'Z' @24  true (0x01)
 - private 'sourceAnyStateful' 'Z' @25  false (0x00)
 - private 'parallel' 'Z' @26  false (0x00)
 - private final 'sourceStage' 'Ljava/util/stream/AbstractPipeline;' @28  a 'java/util/stream/IntPipeline$Head'{0x0000000634f9ca68} (0xc69f394d)
 - private final 'previousStage' 'Ljava/util/stream/AbstractPipeline;' @32  null (0x00000000)
 - private 'nextStage' 'Ljava/util/stream/AbstractPipeline;' @36  null (0x00000000)
 - private 'sourceSpliterator' 'Ljava/util/Spliterator;' @40  null (0x00000000)
 - private 'sourceSupplier' 'Ljava/util/function/Supplier;' @44  null (0x00000000)
 - private 'sourceCloseAction' 'Ljava/lang/Runnable;' @48  null (0x00000000)
stack at sp + 2 slots: 0x0000000634f9ca40 is an oop: java.util.Spliterators$IntArraySpliterator 
{0x0000000634f9ca40} - klass: 'java/util/Spliterators$IntArraySpliterator'
 - ---- fields (total size 5 words):
 - private 'index' 'I' @12  4 (0x00000004)
 - private 'estimatedSize' 'J' @16  -1 (0xffffffffffffffff)
 - private final 'fence' 'I' @24  4 (0x00000004)
 - private final 'characteristics' 'I' @28  17488 (0x00004450)
 - private final 'array' '[I' @32  [I{0x0000000634f9ca20} (0xc69f3944)
stack at sp + 3 slots: 0x0 is null
stack at sp + 4 slots: 0x00007a3e659fe490 is pointing into the stack for thread: 0x00007a3e6001a060
stack at sp + 5 slots: 0x00007a3e6001a060 is a thread
stack at sp + 6 slots: 0x00007a3e659fe668 is pointing into the stack for thread: 0x00007a3e6001a060
stack at sp + 7 slots: 0x00007a3e659fe448 is pointing into the stack for thread: 0x00007a3e6001a060


---------------  P R O C E S S  ---------------

Threads class SMR info:
_java_thread_list=0x00007a3d98095d40, length=14, elements={
0x00007a3e6001a060, 0x00007a3e60138f50, 0x00007a3e6013a3e0, 0x00007a3e6013beb0,
0x00007a3e6013d500, 0x00007a3e6013eab0, 0x00007a3e60140680, 0x00007a3e60141d50,
0x00007a3e60160fc0, 0x00007a3da406e3c0, 0x00007a3e6019c6c0, 0x00007a3e6150f200,
0x00007a3e61541ea0, 0x00007a3d98094c70
}

Java Threads: ( => current thread )
=>0x00007a3e6001a060 JavaThread "main"                              [_thread_in_native, id=6443, stack(0x00007a3e65900000,0x00007a3e65a00000) (1024K)]
  0x00007a3e60138f50 JavaThread "Reference Handler"          daemon [_thread_blocked, id=6451, stack(0x00007a3e3c2f8000,0x00007a3e3c3f8000) (1024K)]
  0x00007a3e6013a3e0 JavaThread "Finalizer"                  daemon [_thread_blocked, id=6452, stack(0x00007a3e3c1f8000,0x00007a3e3c2f8000) (1024K)]
  0x00007a3e6013beb0 JavaThread "Signal Dispatcher"          daemon [_thread_blocked, id=6453, stack(0x00007a3e3c0f8000,0x00007a3e3c1f8000) (1024K)]
  0x00007a3e6013d500 JavaThread "Service Thread"             daemon [_thread_blocked, id=6454, stack(0x00007a3e37100000,0x00007a3e37200000) (1024K)]
  0x00007a3e6013eab0 JavaThread "Monitor Deflation Thread"   daemon [_thread_blocked, id=6455, stack(0x00007a3e37000000,0x00007a3e37100000) (1024K)]
  0x00007a3e60140680 JavaThread "C2 CompilerThread0"         daemon [_thread_blocked, id=6456, stack(0x00007a3e36f00000,0x00007a3e37000000) (1024K)]
  0x00007a3e60141d50 JavaThread "C1 CompilerThread0"         daemon [_thread_blocked, id=6457, stack(0x00007a3e36e00000,0x00007a3e36f00000) (1024K)]
  0x00007a3e60160fc0 JavaThread "Common-Cleaner"             daemon [_thread_blocked, id=6458, stack(0x00007a3e36d00000,0x00007a3e36e00000) (1024K)]
  0x00007a3da406e3c0 JavaThread "C1 CompilerThread1"         daemon [_thread_blocked, id=6459, stack(0x00007a3e36c00000,0x00007a3e36d00000) (1024K)]
  0x00007a3e6019c6c0 JavaThread "Notification Thread"        daemon [_thread_blocked, id=6460, stack(0x00007a3e36b00000,0x00007a3e36c00000) (1024K)]
  0x00007a3e6150f200 JavaThread "pool-1-thread-1"            daemon [_thread_blocked, id=6470, stack(0x00007a3e36a00000,0x00007a3e36b00000) (1024K)]
  0x00007a3e61541ea0 JavaThread "Java2D Disposer"            daemon [_thread_blocked, id=6471, stack(0x00007a3e2bf00000,0x00007a3e2c000000) (1024K)]
  0x00007a3d98094c70 JavaThread "C1 CompilerThread2"         daemon [_thread_blocked, id=6472, stack(0x00007a3e2be00000,0x00007a3e2bf00000) (1024K)]
Total: 14

Other Threads:
  0x00007a3e6012ba00 VMThread "VM Thread"                           [id=6450, stack(0x00007a3e3c3f9000,0x00007a3e3c4f9000) (1024K)]
  0x00007a3e60111250 WatcherThread "VM Periodic Task Thread"        [id=6449, stack(0x00007a3e3c4fa000,0x00007a3e3c5fa000) (1024K)]
  0x00007a3e60045400 WorkerThread "GC Thread#0"                     [id=6444, stack(0x00007a3e64921000,0x00007a3e64a21000) (1024K)]
  0x00007a3e60055f00 ConcurrentGCThread "G1 Main Marker"            [id=6445, stack(0x00007a3e64820000,0x00007a3e64920000) (1024K)]
  0x00007a3e60056eb0 WorkerThread "G1 Conc#0"                       [id=6446, stack(0x00007a3e6471f000,0x00007a3e6481f000) (1024K)]
  0x00007a3e600feac0 ConcurrentGCThread "G1 Refine#0"               [id=6447, stack(0x00007a3e3c6fc000,0x00007a3e3c7fc000) (1024K)]
  0x00007a3e600ffa80 ConcurrentGCThread "G1 Service"                [id=6448, stack(0x00007a3e3c5fb000,0x00007a3e3c6fb000) (1024K)]
Total: 7

Threads with active compile tasks:
Total: 0

VM state: not at safepoint (normal execution)

VM Mutex/Monitor currently owned by a thread: None

Heap address: 0x0000000616800000, size: 7832 MB, Compressed Oops mode: Zero based, Oop shift amount: 3

CDS archive(s) mapped at: [0x00007a3ddf000000-0x00007a3ddfcae000-0x00007a3ddfcae000), size 13295616, SharedBaseAddress: 0x00007a3ddf000000, ArchiveRelocationMode: 1.
Compressed class space mapped at: 0x00007a3de0000000-0x00007a3e20000000, reserved size: 1073741824
Narrow klass base: 0x00007a3ddf000000, Narrow klass shift: 0, Narrow klass range: 0x100000000

GC Precious Log:
 CardTable entry size: 512
 Card Set container configuration: InlinePtr #cards 4 size 8 Array Of Cards #cards 32 size 80 Howl #buckets 8 coarsen threshold 7372 Howl Bitmap #cards 1024 size 144 coarsen threshold 921 Card regions per heap region 1 cards per card region 8192
 CPUs: 16 total, 16 available
 Memory: 31322M
 Large Page Support: Disabled
 NUMA Support: Disabled
 Compressed Oops: Enabled (Zero based)
 Heap Region Size: 4M
 Heap Min Capacity: 8M
 Heap Initial Capacity: 492M
 Heap Max Capacity: 7832M
 Pre-touch: Disabled
 Parallel Workers: 13
 Concurrent Workers: 3
 Concurrent Refinement Workers: 13
 Periodic GC: Disabled

Heap:
 garbage-first heap   total 507904K, used 5150K [0x0000000616800000, 0x0000000800000000)
  region size 4096K, 2 young (8192K), 0 survivors (0K)
 Metaspace       used 3353K, committed 3520K, reserved 1114112K
  class space    used 289K, committed 384K, reserved 1048576K

Heap Regions: E=young(eden), S=young(survivor), O=old, HS=humongous(starts), HC=humongous(continues), CS=collection set, F=free, TAMS=top-at-mark-start, PB=parsable bottom
|   0|0x0000000616800000, 0x0000000616800000, 0x0000000616c00000|  0%| F|  |TAMS 0x0000000616800000| PB 0x0000000616800000| Untracked 
|   1|0x0000000616c00000, 0x0000000616c00000, 0x0000000617000000|  0%| F|  |TAMS 0x0000000616c00000| PB 0x0000000616c00000| Untracked 
|   2|0x0000000617000000, 0x0000000617000000, 0x0000000617400000|  0%| F|  |TAMS 0x0000000617000000| PB 0x0000000617000000| Untracked 
|   3|0x0000000617400000, 0x0000000617400000, 0x0000000617800000|  0%| F|  |TAMS 0x0000000617400000| PB 0x0000000617400000| Untracked 
|   4|0x0000000617800000, 0x0000000617800000, 0x0000000617c00000|  0%| F|  |TAMS 0x0000000617800000| PB 0x0000000617800000| Untracked 
|   5|0x0000000617c00000, 0x0000000617c00000, 0x0000000618000000|  0%| F|  |TAMS 0x0000000617c00000| PB 0x0000000617c00000| Untracked 
|   6|0x0000000618000000, 0x0000000618000000, 0x0000000618400000|  0%| F|  |TAMS 0x0000000618000000| PB 0x0000000618000000| Untracked 
|   7|0x0000000618400000, 0x0000000618400000, 0x0000000618800000|  0%| F|  |TAMS 0x0000000618400000| PB 0x0000000618400000| Untracked 
|   8|0x0000000618800000, 0x0000000618800000, 0x0000000618c00000|  0%| F|  |TAMS 0x0000000618800000| PB 0x0000000618800000| Untracked 
|   9|0x0000000618c00000, 0x0000000618c00000, 0x0000000619000000|  0%| F|  |TAMS 0x0000000618c00000| PB 0x0000000618c00000| Untracked 
|  10|0x0000000619000000, 0x0000000619000000, 0x0000000619400000|  0%| F|  |TAMS 0x0000000619000000| PB 0x0000000619000000| Untracked 
|  11|0x0000000619400000, 0x0000000619400000, 0x0000000619800000|  0%| F|  |TAMS 0x0000000619400000| PB 0x0000000619400000| Untracked 
|  12|0x0000000619800000, 0x0000000619800000, 0x0000000619c00000|  0%| F|  |TAMS 0x0000000619800000| PB 0x0000000619800000| Untracked 
|  13|0x0000000619c00000, 0x0000000619c00000, 0x000000061a000000|  0%| F|  |TAMS 0x0000000619c00000| PB 0x0000000619c00000| Untracked 
|  14|0x000000061a000000, 0x000000061a000000, 0x000000061a400000|  0%| F|  |TAMS 0x000000061a000000| PB 0x000000061a000000| Untracked 
|  15|0x000000061a400000, 0x000000061a400000, 0x000000061a800000|  0%| F|  |TAMS 0x000000061a400000| PB 0x000000061a400000| Untracked 
|  16|0x000000061a800000, 0x000000061a800000, 0x000000061ac00000|  0%| F|  |TAMS 0x000000061a800000| PB 0x000000061a800000| Untracked 
|  17|0x000000061ac00000, 0x000000061ac00000, 0x000000061b000000|  0%| F|  |TAMS 0x000000061ac00000| PB 0x000000061ac00000| Untracked 
|  18|0x000000061b000000, 0x000000061b000000, 0x000000061b400000|  0%| F|  |TAMS 0x000000061b000000| PB 0x000000061b000000| Untracked 
|  19|0x000000061b400000, 0x000000061b400000, 0x000000061b800000|  0%| F|  |TAMS 0x000000061b400000| PB 0x000000061b400000| Untracked 
|  20|0x000000061b800000, 0x000000061b800000, 0x000000061bc00000|  0%| F|  |TAMS 0x000000061b800000| PB 0x000000061b800000| Untracked 
|  21|0x000000061bc00000, 0x000000061bc00000, 0x000000061c000000|  0%| F|  |TAMS 0x000000061bc00000| PB 0x000000061bc00000| Untracked 
|  22|0x000000061c000000, 0x000000061c000000, 0x000000061c400000|  0%| F|  |TAMS 0x000000061c000000| PB 0x000000061c000000| Untracked 
|  23|0x000000061c400000, 0x000000061c400000, 0x000000061c800000|  0%| F|  |TAMS 0x000000061c400000| PB 0x000000061c400000| Untracked 
|  24|0x000000061c800000, 0x000000061c800000, 0x000000061cc00000|  0%| F|  |TAMS 0x000000061c800000| PB 0x000000061c800000| Untracked 
|  25|0x000000061cc00000, 0x000000061cc00000, 0x000000061d000000|  0%| F|  |TAMS 0x000000061cc00000| PB 0x000000061cc00000| Untracked 
|  26|0x000000061d000000, 0x000000061d000000, 0x000000061d400000|  0%| F|  |TAMS 0x000000061d000000| PB 0x000000061d000000| Untracked 
|  27|0x000000061d400000, 0x000000061d400000, 0x000000061d800000|  0%| F|  |TAMS 0x000000061d400000| PB 0x000000061d400000| Untracked 
|  28|0x000000061d800000, 0x000000061d800000, 0x000000061dc00000|  0%| F|  |TAMS 0x000000061d800000| PB 0x000000061d800000| Untracked 
|  29|0x000000061dc00000, 0x000000061dc00000, 0x000000061e000000|  0%| F|  |TAMS 0x000000061dc00000| PB 0x000000061dc00000| Untracked 
|  30|0x000000061e000000, 0x000000061e000000, 0x000000061e400000|  0%| F|  |TAMS 0x000000061e000000| PB 0x000000061e000000| Untracked 
|  31|0x000000061e400000, 0x000000061e400000, 0x000000061e800000|  0%| F|  |TAMS 0x000000061e400000| PB 0x000000061e400000| Untracked 
|  32|0x000000061e800000, 0x000000061e800000, 0x000000061ec00000|  0%| F|  |TAMS 0x000000061e800000| PB 0x000000061e800000| Untracked 
|  33|0x000000061ec00000, 0x000000061ec00000, 0x000000061f000000|  0%| F|  |TAMS 0x000000061ec00000| PB 0x000000061ec00000| Untracked 
|  34|0x000000061f000000, 0x000000061f000000, 0x000000061f400000|  0%| F|  |TAMS 0x000000061f000000| PB 0x000000061f000000| Untracked 
|  35|0x000000061f400000, 0x000000061f400000, 0x000000061f800000|  0%| F|  |TAMS 0x000000061f400000| PB 0x000000061f400000| Untracked 
|  36|0x000000061f800000, 0x000000061f800000, 0x000000061fc00000|  0%| F|  |TAMS 0x000000061f800000| PB 0x000000061f800000| Untracked 
|  37|0x000000061fc00000, 0x000000061fc00000, 0x0000000620000000|  0%| F|  |TAMS 0x000000061fc00000| PB 0x000000061fc00000| Untracked 
|  38|0x0000000620000000, 0x0000000620000000, 0x0000000620400000|  0%| F|  |TAMS 0x0000000620000000| PB 0x0000000620000000| Untracked 
|  39|0x0000000620400000, 0x0000000620400000, 0x0000000620800000|  0%| F|  |TAMS 0x0000000620400000| PB 0x0000000620400000| Untracked 
|  40|0x0000000620800000, 0x0000000620800000, 0x0000000620c00000|  0%| F|  |TAMS 0x0000000620800000| PB 0x0000000620800000| Untracked 
|  41|0x0000000620c00000, 0x0000000620c00000, 0x0000000621000000|  0%| F|  |TAMS 0x0000000620c00000| PB 0x0000000620c00000| Untracked 
|  42|0x0000000621000000, 0x0000000621000000, 0x0000000621400000|  0%| F|  |TAMS 0x0000000621000000| PB 0x0000000621000000| Untracked 
|  43|0x0000000621400000, 0x0000000621400000, 0x0000000621800000|  0%| F|  |TAMS 0x0000000621400000| PB 0x0000000621400000| Untracked 
|  44|0x0000000621800000, 0x0000000621800000, 0x0000000621c00000|  0%| F|  |TAMS 0x0000000621800000| PB 0x0000000621800000| Untracked 
|  45|0x0000000621c00000, 0x0000000621c00000, 0x0000000622000000|  0%| F|  |TAMS 0x0000000621c00000| PB 0x0000000621c00000| Untracked 
|  46|0x0000000622000000, 0x0000000622000000, 0x0000000622400000|  0%| F|  |TAMS 0x0000000622000000| PB 0x0000000622000000| Untracked 
|  47|0x0000000622400000, 0x0000000622400000, 0x0000000622800000|  0%| F|  |TAMS 0x0000000622400000| PB 0x0000000622400000| Untracked 
|  48|0x0000000622800000, 0x0000000622800000, 0x0000000622c00000|  0%| F|  |TAMS 0x0000000622800000| PB 0x0000000622800000| Untracked 
|  49|0x0000000622c00000, 0x0000000622c00000, 0x0000000623000000|  0%| F|  |TAMS 0x0000000622c00000| PB 0x0000000622c00000| Untracked 
|  50|0x0000000623000000, 0x0000000623000000, 0x0000000623400000|  0%| F|  |TAMS 0x0000000623000000| PB 0x0000000623000000| Untracked 
|  51|0x0000000623400000, 0x0000000623400000, 0x0000000623800000|  0%| F|  |TAMS 0x0000000623400000| PB 0x0000000623400000| Untracked 
|  52|0x0000000623800000, 0x0000000623800000, 0x0000000623c00000|  0%| F|  |TAMS 0x0000000623800000| PB 0x0000000623800000| Untracked 
|  53|0x0000000623c00000, 0x0000000623c00000, 0x0000000624000000|  0%| F|  |TAMS 0x0000000623c00000| PB 0x0000000623c00000| Untracked 
|  54|0x0000000624000000, 0x0000000624000000, 0x0000000624400000|  0%| F|  |TAMS 0x0000000624000000| PB 0x0000000624000000| Untracked 
|  55|0x0000000624400000, 0x0000000624400000, 0x0000000624800000|  0%| F|  |TAMS 0x0000000624400000| PB 0x0000000624400000| Untracked 
|  56|0x0000000624800000, 0x0000000624800000, 0x0000000624c00000|  0%| F|  |TAMS 0x0000000624800000| PB 0x0000000624800000| Untracked 
|  57|0x0000000624c00000, 0x0000000624c00000, 0x0000000625000000|  0%| F|  |TAMS 0x0000000624c00000| PB 0x0000000624c00000| Untracked 
|  58|0x0000000625000000, 0x0000000625000000, 0x0000000625400000|  0%| F|  |TAMS 0x0000000625000000| PB 0x0000000625000000| Untracked 
|  59|0x0000000625400000, 0x0000000625400000, 0x0000000625800000|  0%| F|  |TAMS 0x0000000625400000| PB 0x0000000625400000| Untracked 
|  60|0x0000000625800000, 0x0000000625800000, 0x0000000625c00000|  0%| F|  |TAMS 0x0000000625800000| PB 0x0000000625800000| Untracked 
|  61|0x0000000625c00000, 0x0000000625c00000, 0x0000000626000000|  0%| F|  |TAMS 0x0000000625c00000| PB 0x0000000625c00000| Untracked 
|  62|0x0000000626000000, 0x0000000626000000, 0x0000000626400000|  0%| F|  |TAMS 0x0000000626000000| PB 0x0000000626000000| Untracked 
|  63|0x0000000626400000, 0x0000000626400000, 0x0000000626800000|  0%| F|  |TAMS 0x0000000626400000| PB 0x0000000626400000| Untracked 
|  64|0x0000000626800000, 0x0000000626800000, 0x0000000626c00000|  0%| F|  |TAMS 0x0000000626800000| PB 0x0000000626800000| Untracked 
|  65|0x0000000626c00000, 0x0000000626c00000, 0x0000000627000000|  0%| F|  |TAMS 0x0000000626c00000| PB 0x0000000626c00000| Untracked 
|  66|0x0000000627000000, 0x0000000627000000, 0x0000000627400000|  0%| F|  |TAMS 0x0000000627000000| PB 0x0000000627000000| Untracked 
|  67|0x0000000627400000, 0x0000000627400000, 0x0000000627800000|  0%| F|  |TAMS 0x0000000627400000| PB 0x0000000627400000| Untracked 
|  68|0x0000000627800000, 0x0000000627800000, 0x0000000627c00000|  0%| F|  |TAMS 0x0000000627800000| PB 0x0000000627800000| Untracked 
|  69|0x0000000627c00000, 0x0000000627c00000, 0x0000000628000000|  0%| F|  |TAMS 0x0000000627c00000| PB 0x0000000627c00000| Untracked 
|  70|0x0000000628000000, 0x0000000628000000, 0x0000000628400000|  0%| F|  |TAMS 0x0000000628000000| PB 0x0000000628000000| Untracked 
|  71|0x0000000628400000, 0x0000000628400000, 0x0000000628800000|  0%| F|  |TAMS 0x0000000628400000| PB 0x0000000628400000| Untracked 
|  72|0x0000000628800000, 0x0000000628800000, 0x0000000628c00000|  0%| F|  |TAMS 0x0000000628800000| PB 0x0000000628800000| Untracked 
|  73|0x0000000628c00000, 0x0000000628c00000, 0x0000000629000000|  0%| F|  |TAMS 0x0000000628c00000| PB 0x0000000628c00000| Untracked 
|  74|0x0000000629000000, 0x0000000629000000, 0x0000000629400000|  0%| F|  |TAMS 0x0000000629000000| PB 0x0000000629000000| Untracked 
|  75|0x0000000629400000, 0x0000000629400000, 0x0000000629800000|  0%| F|  |TAMS 0x0000000629400000| PB 0x0000000629400000| Untracked 
|  76|0x0000000629800000, 0x0000000629800000, 0x0000000629c00000|  0%| F|  |TAMS 0x0000000629800000| PB 0x0000000629800000| Untracked 
|  77|0x0000000629c00000, 0x0000000629c00000, 0x000000062a000000|  0%| F|  |TAMS 0x0000000629c00000| PB 0x0000000629c00000| Untracked 
|  78|0x000000062a000000, 0x000000062a000000, 0x000000062a400000|  0%| F|  |TAMS 0x000000062a000000| PB 0x000000062a000000| Untracked 
|  79|0x000000062a400000, 0x000000062a400000, 0x000000062a800000|  0%| F|  |TAMS 0x000000062a400000| PB 0x000000062a400000| Untracked 
|  80|0x000000062a800000, 0x000000062a800000, 0x000000062ac00000|  0%| F|  |TAMS 0x000000062a800000| PB 0x000000062a800000| Untracked 
|  81|0x000000062ac00000, 0x000000062ac00000, 0x000000062b000000|  0%| F|  |TAMS 0x000000062ac00000| PB 0x000000062ac00000| Untracked 
|  82|0x000000062b000000, 0x000000062b000000, 0x000000062b400000|  0%| F|  |TAMS 0x000000062b000000| PB 0x000000062b000000| Untracked 
|  83|0x000000062b400000, 0x000000062b400000, 0x000000062b800000|  0%| F|  |TAMS 0x000000062b400000| PB 0x000000062b400000| Untracked 
|  84|0x000000062b800000, 0x000000062b800000, 0x000000062bc00000|  0%| F|  |TAMS 0x000000062b800000| PB 0x000000062b800000| Untracked 
|  85|0x000000062bc00000, 0x000000062bc00000, 0x000000062c000000|  0%| F|  |TAMS 0x000000062bc00000| PB 0x000000062bc00000| Untracked 
|  86|0x000000062c000000, 0x000000062c000000, 0x000000062c400000|  0%| F|  |TAMS 0x000000062c000000| PB 0x000000062c000000| Untracked 
|  87|0x000000062c400000, 0x000000062c400000, 0x000000062c800000|  0%| F|  |TAMS 0x000000062c400000| PB 0x000000062c400000| Untracked 
|  88|0x000000062c800000, 0x000000062c800000, 0x000000062cc00000|  0%| F|  |TAMS 0x000000062c800000| PB 0x000000062c800000| Untracked 
|  89|0x000000062cc00000, 0x000000062cc00000, 0x000000062d000000|  0%| F|  |TAMS 0x000000062cc00000| PB 0x000000062cc00000| Untracked 
|  90|0x000000062d000000, 0x000000062d000000, 0x000000062d400000|  0%| F|  |TAMS 0x000000062d000000| PB 0x000000062d000000| Untracked 
|  91|0x000000062d400000, 0x000000062d400000, 0x000000062d800000|  0%| F|  |TAMS 0x000000062d400000| PB 0x000000062d400000| Untracked 
|  92|0x000000062d800000, 0x000000062d800000, 0x000000062dc00000|  0%| F|  |TAMS 0x000000062d800000| PB 0x000000062d800000| Untracked 
|  93|0x000000062dc00000, 0x000000062dc00000, 0x000000062e000000|  0%| F|  |TAMS 0x000000062dc00000| PB 0x000000062dc00000| Untracked 
|  94|0x000000062e000000, 0x000000062e000000, 0x000000062e400000|  0%| F|  |TAMS 0x000000062e000000| PB 0x000000062e000000| Untracked 
|  95|0x000000062e400000, 0x000000062e400000, 0x000000062e800000|  0%| F|  |TAMS 0x000000062e400000| PB 0x000000062e400000| Untracked 
|  96|0x000000062e800000, 0x000000062e800000, 0x000000062ec00000|  0%| F|  |TAMS 0x000000062e800000| PB 0x000000062e800000| Untracked 
|  97|0x000000062ec00000, 0x000000062ec00000, 0x000000062f000000|  0%| F|  |TAMS 0x000000062ec00000| PB 0x000000062ec00000| Untracked 
|  98|0x000000062f000000, 0x000000062f000000, 0x000000062f400000|  0%| F|  |TAMS 0x000000062f000000| PB 0x000000062f000000| Untracked 
|  99|0x000000062f400000, 0x000000062f400000, 0x000000062f800000|  0%| F|  |TAMS 0x000000062f400000| PB 0x000000062f400000| Untracked 
| 100|0x000000062f800000, 0x000000062f800000, 0x000000062fc00000|  0%| F|  |TAMS 0x000000062f800000| PB 0x000000062f800000| Untracked 
| 101|0x000000062fc00000, 0x000000062fc00000, 0x0000000630000000|  0%| F|  |TAMS 0x000000062fc00000| PB 0x000000062fc00000| Untracked 
| 102|0x0000000630000000, 0x0000000630000000, 0x0000000630400000|  0%| F|  |TAMS 0x0000000630000000| PB 0x0000000630000000| Untracked 
| 103|0x0000000630400000, 0x0000000630400000, 0x0000000630800000|  0%| F|  |TAMS 0x0000000630400000| PB 0x0000000630400000| Untracked 
| 104|0x0000000630800000, 0x0000000630800000, 0x0000000630c00000|  0%| F|  |TAMS 0x0000000630800000| PB 0x0000000630800000| Untracked 
| 105|0x0000000630c00000, 0x0000000630c00000, 0x0000000631000000|  0%| F|  |TAMS 0x0000000630c00000| PB 0x0000000630c00000| Untracked 
| 106|0x0000000631000000, 0x0000000631000000, 0x0000000631400000|  0%| F|  |TAMS 0x0000000631000000| PB 0x0000000631000000| Untracked 
| 107|0x0000000631400000, 0x0000000631400000, 0x0000000631800000|  0%| F|  |TAMS 0x0000000631400000| PB 0x0000000631400000| Untracked 
| 108|0x0000000631800000, 0x0000000631800000, 0x0000000631c00000|  0%| F|  |TAMS 0x0000000631800000| PB 0x0000000631800000| Untracked 
| 109|0x0000000631c00000, 0x0000000631c00000, 0x0000000632000000|  0%| F|  |TAMS 0x0000000631c00000| PB 0x0000000631c00000| Untracked 
| 110|0x0000000632000000, 0x0000000632000000, 0x0000000632400000|  0%| F|  |TAMS 0x0000000632000000| PB 0x0000000632000000| Untracked 
| 111|0x0000000632400000, 0x0000000632400000, 0x0000000632800000|  0%| F|  |TAMS 0x0000000632400000| PB 0x0000000632400000| Untracked 
| 112|0x0000000632800000, 0x0000000632800000, 0x0000000632c00000|  0%| F|  |TAMS 0x0000000632800000| PB 0x0000000632800000| Untracked 
| 113|0x0000000632c00000, 0x0000000632c00000, 0x0000000633000000|  0%| F|  |TAMS 0x0000000632c00000| PB 0x0000000632c00000| Untracked 
| 114|0x0000000633000000, 0x0000000633000000, 0x0000000633400000|  0%| F|  |TAMS 0x0000000633000000| PB 0x0000000633000000| Untracked 
| 115|0x0000000633400000, 0x0000000633400000, 0x0000000633800000|  0%| F|  |TAMS 0x0000000633400000| PB 0x0000000633400000| Untracked 
| 116|0x0000000633800000, 0x0000000633800000, 0x0000000633c00000|  0%| F|  |TAMS 0x0000000633800000| PB 0x0000000633800000| Untracked 
| 117|0x0000000633c00000, 0x0000000633c00000, 0x0000000634000000|  0%| F|  |TAMS 0x0000000633c00000| PB 0x0000000633c00000| Untracked 
| 118|0x0000000634000000, 0x0000000634000000, 0x0000000634400000|  0%| F|  |TAMS 0x0000000634000000| PB 0x0000000634000000| Untracked 
| 119|0x0000000634400000, 0x0000000634400000, 0x0000000634800000|  0%| F|  |TAMS 0x0000000634400000| PB 0x0000000634400000| Untracked 
| 120|0x0000000634800000, 0x0000000634800000, 0x0000000634c00000|  0%| F|  |TAMS 0x0000000634800000| PB 0x0000000634800000| Untracked 
| 121|0x0000000634c00000, 0x0000000634fda208, 0x0000000635000000| 96%| E|  |TAMS 0x0000000634c00000| PB 0x0000000634c00000| Complete 
| 122|0x0000000635000000, 0x0000000635400000, 0x0000000635400000|100%| E|CS|TAMS 0x0000000635000000| PB 0x0000000635000000| Complete 
|1957|0x00000007ffc00000, 0x00000007ffd079d8, 0x0000000800000000| 25%| O|  |TAMS 0x00000007ffc00000| PB 0x00000007ffc00000| Untracked 

Card table byte_map: [0x00007a3e46800000,0x00007a3e4774c000] _byte_map_base: 0x00007a3e4374c000

Marking Bits: (CMBitMap*) 0x00007a3e60045f30
 Bits: [0x00007a3e3ec00000, 0x00007a3e46660000)

Polling page: 0x00007a3e6770d000

Metaspace:

Usage:
  Non-class:      2.99 MB used.
      Class:    289.32 KB used.
       Both:      3.27 MB used.

Virtual space:
  Non-class space:       64.00 MB reserved,       3.06 MB (  5%) committed,  1 nodes.
      Class space:        1.00 GB reserved,     384.00 KB ( <1%) committed,  1 nodes.
             Both:        1.06 GB reserved,       3.44 MB ( <1%) committed. 

Chunk freelists:
   Non-Class:  11.00 MB
       Class:  15.61 MB
        Both:  26.61 MB

MaxMetaspaceSize: unlimited
CompressedClassSpaceSize: 1.00 GB
Initial GC threshold: 21.00 MB
Current GC threshold: 21.00 MB
CDS: on
 - commit_granule_bytes: 65536.
 - commit_granule_words: 8192.
 - virtual_space_node_default_size: 8388608.
 - enlarge_chunks_in_place: 1.
 - use_allocation_guard: 0.


Internal statistics:

num_allocs_failed_limit: 0.
num_arena_births: 104.
num_arena_deaths: 0.
num_vsnodes_births: 2.
num_vsnodes_deaths: 0.
num_space_committed: 55.
num_space_uncommitted: 0.
num_chunks_returned_to_freelist: 0.
num_chunks_taken_from_freelist: 182.
num_chunk_merges: 0.
num_chunk_splits: 108.
num_chunks_enlarged: 48.
num_inconsistent_stats: 0.

CodeHeap 'non-profiled nmethods': size=119168Kb used=203Kb max_used=203Kb free=118964Kb
 bounds [0x00007a3e503a0000, 0x00007a3e50610000, 0x00007a3e57800000]
CodeHeap 'profiled nmethods': size=119164Kb used=994Kb max_used=994Kb free=118169Kb
 bounds [0x00007a3e48800000, 0x00007a3e48a70000, 0x00007a3e4fc5f000]
CodeHeap 'non-nmethods': size=7428Kb used=2641Kb max_used=2650Kb free=4786Kb
 bounds [0x00007a3e4fc5f000, 0x00007a3e4feff000, 0x00007a3e503a0000]
 total_blobs=1294 nmethods=690 adapters=508
 compilation: enabled
              stopped_count=0, restarted_count=0
 full_count=0

Compilation events (20 events):
Event: 1.655 Thread 0x00007a3e60141d50 nmethod 671 0x00007a3e488f2f90 code [0x00007a3e488f33c0, 0x00007a3e488f56c8]
Event: 1.655 Thread 0x00007a3d98094c70  681       1       jdk.internal.loader.URLClassPath$Loader::getBaseURL (5 bytes)
Event: 1.655 Thread 0x00007a3d98094c70 nmethod 681 0x00007a3e503d1a90 code [0x00007a3e503d1c20, 0x00007a3e503d1ce8]
Event: 1.656 Thread 0x00007a3e60140680 nmethod 680 0x00007a3e503d1d90 code [0x00007a3e503d1f00, 0x00007a3e503d2008]
Event: 1.656 Thread 0x00007a3d98094c70  682       3       java.util.jar.JarFile::maybeInstantiateVerifier (42 bytes)
Event: 1.656 Thread 0x00007a3d98094c70 nmethod 682 0x00007a3e488f6710 code [0x00007a3e488f68e0, 0x00007a3e488f6c40]
Event: 1.656 Thread 0x00007a3e60141d50  683       1       java.net.URLStreamHandler::getDefaultPort (2 bytes)
Event: 1.656 Thread 0x00007a3e60141d50 nmethod 683 0x00007a3e503d2110 code [0x00007a3e503d22a0, 0x00007a3e503d2360]
Event: 1.656 Thread 0x00007a3d98094c70  684       3       jdk.internal.ref.CleanerFactory::cleaner (4 bytes)
Event: 1.656 Thread 0x00007a3d98094c70 nmethod 684 0x00007a3e488f6d90 code [0x00007a3e488f6f20, 0x00007a3e488f7010]
Event: 1.657 Thread 0x00007a3e60140680  685       4       java.lang.invoke.MethodType::parameterCount (6 bytes)
Event: 1.657 Thread 0x00007a3e60140680 nmethod 685 0x00007a3e503d2410 code [0x00007a3e503d2580, 0x00007a3e503d2620]
Event: 1.658 Thread 0x00007a3da406e3c0  688       3       java.lang.StringLatin1::indexOf (25 bytes)
Event: 1.658 Thread 0x00007a3e60141d50  687       3       java.lang.String::indexOf (64 bytes)
Event: 1.658 Thread 0x00007a3da406e3c0 nmethod 688 0x00007a3e488f7090 code [0x00007a3e488f7240, 0x00007a3e488f7438]
Event: 1.659 Thread 0x00007a3e60141d50 nmethod 687 0x00007a3e488f7510 code [0x00007a3e488f7720, 0x00007a3e488f7be0]
Event: 1.660 Thread 0x00007a3da406e3c0  690       3       JCudaWrapper.array.Array::checkUpperBound (51 bytes)
Event: 1.660 Thread 0x00007a3e60141d50  689       3       JCudaWrapper.array.Array::checkAgainstLength (10 bytes)
Event: 1.660 Thread 0x00007a3e60141d50 nmethod 689 0x00007a3e488f7d90 code [0x00007a3e488f7f20, 0x00007a3e488f80e0]
Event: 1.660 Thread 0x00007a3da406e3c0 nmethod 690 0x00007a3e488f8190 code [0x00007a3e488f8360, 0x00007a3e488f86a0]

GC Heap History (0 events):
No events

Dll operation events (11 events):
Event: 0.002 Loaded shared library /usr/lib/jvm/java-21-openjdk-amd64/lib/libjava.so
Event: 0.035 Loaded shared library /usr/lib/jvm/java-21-openjdk-amd64/lib/libjsvml.so
Event: 0.037 Loaded shared library /usr/lib/jvm/java-21-openjdk-amd64/lib/libnio.so
Event: 0.091 Loaded shared library /usr/lib/jvm/java-21-openjdk-amd64/lib/libzip.so
Event: 0.123 Loaded shared library /usr/lib/jvm/java-21-openjdk-amd64/lib/libjimage.so
Event: 0.180 Loaded shared library /tmp/libJCublas2-12.0.0-linux-x86_64.so
Event: 1.567 Loaded shared library /tmp/libJCudaRuntime-12.0.0-linux-x86_64.so
Event: 1.586 Loaded shared library /usr/lib/jvm/java-21-openjdk-amd64/lib/libawt.so
Event: 1.590 Loaded shared library /usr/lib/jvm/java-21-openjdk-amd64/lib/libawt_xawt.so
Event: 1.615 Loaded shared library /usr/lib/jvm/java-21-openjdk-amd64/lib/libjavajpeg.so
Event: 1.652 Loaded shared library /tmp/libJCudaDriver-12.0.0-linux-x86_64.so

Deoptimization events (20 events):
Event: 1.580 Thread 0x00007a3e6001a060 DEOPT PACKING pc=0x00007a3e503b2254 sp=0x00007a3e659fcdb0
Event: 1.580 Thread 0x00007a3e6001a060 DEOPT UNPACKING pc=0x00007a3e4fcb2f99 sp=0x00007a3e659fcd68 mode 2
Event: 1.588 Thread 0x00007a3e6001a060 Uncommon trap: trap_request=0xffffff45 fr.pc=0x00007a3e503b342c relative=0x000000000000018c
Event: 1.588 Thread 0x00007a3e6001a060 Uncommon trap: reason=unstable_if action=reinterpret pc=0x00007a3e503b342c method=jdk.internal.util.ArraysSupport.vectorizedHashCode(Ljava/lang/Object;IIII)I @ 2 c2
Event: 1.588 Thread 0x00007a3e6001a060 DEOPT PACKING pc=0x00007a3e503b342c sp=0x00007a3e659fa840
Event: 1.588 Thread 0x00007a3e6001a060 DEOPT UNPACKING pc=0x00007a3e4fcb2f99 sp=0x00007a3e659fa810 mode 2
Event: 1.651 Thread 0x00007a3e6001a060 DEOPT PACKING pc=0x00007a3e488147d4 sp=0x00007a3e659fd080
Event: 1.651 Thread 0x00007a3e6001a060 DEOPT UNPACKING pc=0x00007a3e4fcb372f sp=0x00007a3e659fc4c0 mode 0
Event: 1.657 Thread 0x00007a3e6001a060 Uncommon trap: trap_request=0xffffffc6 fr.pc=0x00007a3e503b044c relative=0x0000000000000a0c
Event: 1.657 Thread 0x00007a3e6001a060 Uncommon trap: reason=bimorphic_or_optimized_type_check action=maybe_recompile pc=0x00007a3e503b044c method=java.util.HashMap.putVal(ILjava/lang/Object;Ljava/lang/Object;ZZ)Ljava/lang/Object; @ 56 c2
Event: 1.657 Thread 0x00007a3e6001a060 DEOPT PACKING pc=0x00007a3e503b044c sp=0x00007a3e659fe500
Event: 1.657 Thread 0x00007a3e6001a060 DEOPT UNPACKING pc=0x00007a3e4fcb2f99 sp=0x00007a3e659fe488 mode 2
Event: 1.659 Thread 0x00007a3e6001a060 Uncommon trap: trap_request=0xffffffc6 fr.pc=0x00007a3e503b044c relative=0x0000000000000a0c
Event: 1.659 Thread 0x00007a3e6001a060 Uncommon trap: reason=bimorphic_or_optimized_type_check action=maybe_recompile pc=0x00007a3e503b044c method=java.util.HashMap.putVal(ILjava/lang/Object;Ljava/lang/Object;ZZ)Ljava/lang/Object; @ 56 c2
Event: 1.659 Thread 0x00007a3e6001a060 DEOPT PACKING pc=0x00007a3e503b044c sp=0x00007a3e659fe280
Event: 1.659 Thread 0x00007a3e6001a060 DEOPT UNPACKING pc=0x00007a3e4fcb2f99 sp=0x00007a3e659fe208 mode 2
Event: 1.660 Thread 0x00007a3e6001a060 Uncommon trap: trap_request=0xffffffc6 fr.pc=0x00007a3e503b044c relative=0x0000000000000a0c
Event: 1.660 Thread 0x00007a3e6001a060 Uncommon trap: reason=bimorphic_or_optimized_type_check action=maybe_recompile pc=0x00007a3e503b044c method=java.util.HashMap.putVal(ILjava/lang/Object;Ljava/lang/Object;ZZ)Ljava/lang/Object; @ 56 c2
Event: 1.660 Thread 0x00007a3e6001a060 DEOPT PACKING pc=0x00007a3e503b044c sp=0x00007a3e659fe460
Event: 1.660 Thread 0x00007a3e6001a060 DEOPT UNPACKING pc=0x00007a3e4fcb2f99 sp=0x00007a3e659fe3e8 mode 2

Classes loaded (20 events):
Event: 1.624 Loading class java/util/stream/MatchOps$MatchKind
Event: 1.624 Loading class java/util/stream/MatchOps$MatchKind done
Event: 1.624 Loading class java/util/stream/MatchOps
Event: 1.624 Loading class java/util/stream/MatchOps done
Event: 1.624 Loading class java/util/stream/MatchOps$MatchOp
Event: 1.624 Loading class java/util/stream/MatchOps$MatchOp done
Event: 1.624 Loading class java/util/stream/MatchOps$BooleanTerminalSink
Event: 1.624 Loading class java/util/stream/MatchOps$BooleanTerminalSink done
Event: 1.624 Loading class java/util/stream/MatchOps$2MatchSink
Event: 1.624 Loading class java/util/stream/MatchOps$2MatchSink done
Event: 1.625 Loading class java/util/stream/MatchOps$1MatchSink
Event: 1.625 Loading class java/util/stream/MatchOps$1MatchSink done
Event: 1.625 Loading class java/nio/HeapDoubleBuffer
Event: 1.625 Loading class java/nio/HeapDoubleBuffer done
Event: 1.639 Loading class java/awt/Dimension
Event: 1.639 Loading class java/awt/geom/Dimension2D
Event: 1.639 Loading class java/awt/geom/Dimension2D done
Event: 1.639 Loading class java/awt/Dimension done
Event: 1.657 Loading class java/nio/HeapIntBuffer
Event: 1.657 Loading class java/nio/HeapIntBuffer done

Classes unloaded (0 events):
No events

Classes redefined (0 events):
No events

Internal exceptions (13 events):
Event: 0.069 Thread 0x00007a3e6001a060 Exception <a 'sun/nio/fs/UnixException'{0x0000000635070ea8}> (0x0000000635070ea8) 
thrown [./src/hotspot/share/prims/jni.cpp, line 520]
Event: 0.070 Thread 0x00007a3e6001a060 Exception <a 'sun/nio/fs/UnixException'{0x00000006350715e8}> (0x00000006350715e8) 
thrown [./src/hotspot/share/prims/jni.cpp, line 520]
Event: 0.070 Thread 0x00007a3e6001a060 Exception <a 'sun/nio/fs/UnixException'{0x0000000635071e18}> (0x0000000635071e18) 
thrown [./src/hotspot/share/prims/jni.cpp, line 520]
Event: 0.070 Thread 0x00007a3e6001a060 Exception <a 'sun/nio/fs/UnixException'{0x0000000635072410}> (0x0000000635072410) 
thrown [./src/hotspot/share/prims/jni.cpp, line 520]
Event: 0.070 Thread 0x00007a3e6001a060 Exception <a 'sun/nio/fs/UnixException'{0x00000006350729e0}> (0x00000006350729e0) 
thrown [./src/hotspot/share/prims/jni.cpp, line 520]
Event: 0.070 Thread 0x00007a3e6001a060 Exception <a 'sun/nio/fs/UnixException'{0x0000000635072fc0}> (0x0000000635072fc0) 
thrown [./src/hotspot/share/prims/jni.cpp, line 520]
Event: 0.070 Thread 0x00007a3e6001a060 Exception <a 'sun/nio/fs/UnixException'{0x0000000635073810}> (0x0000000635073810) 
thrown [./src/hotspot/share/prims/jni.cpp, line 520]
Event: 1.574 Thread 0x00007a3e6001a060 Exception <a 'java/lang/NoSuchMethodError'{0x0000000634c55808}: 'void java.lang.invoke.DirectMethodHandle$Holder.invokeStatic(java.lang.Object, java.lang.Object)'> (0x0000000634c55808) 
thrown [./src/hotspot/share/interpreter/linkResolver.cpp, line 772]
Event: 1.580 Thread 0x00007a3e6001a060 Implicit null exception at 0x00007a3e503b20e3 to 0x00007a3e503b2244
Event: 1.583 Thread 0x00007a3e6001a060 Exception <a 'java/lang/ClassNotFoundException'{0x0000000634c69980}: sun/awt/resources/spi/awtProvider> (0x0000000634c69980) 
thrown [./src/hotspot/share/classfile/systemDictionary.cpp, line 312]
Event: 1.597 Thread 0x00007a3e6001a060 Exception <a 'java/io/FileNotFoundException'{0x0000000634d378e8}> (0x0000000634d378e8) 
thrown [./src/hotspot/share/prims/jni.cpp, line 520]
Event: 1.627 Thread 0x00007a3e6001a060 Exception <a 'java/lang/NoSuchMethodError'{0x0000000634e69428}: 'java.lang.Object java.lang.invoke.DirectMethodHandle$Holder.invokeStatic(java.lang.Object, java.lang.Object, int)'> (0x0000000634e69428) 
thrown [./src/hotspot/share/interpreter/linkResolver.cpp, line 772]
Event: 1.644 Thread 0x00007a3e6001a060 Exception <a 'java/lang/NoSuchMethodError'{0x0000000634ed7308}: 'java.lang.Object java.lang.invoke.DirectMethodHandle$Holder.newInvokeSpecial(java.lang.Object, java.lang.Object, int)'> (0x0000000634ed7308) 
thrown [./src/hotspot/share/interpreter/linkResolver.cpp, line 772]

ZGC Phase Switch (0 events):
No events

VM Operations (8 events):
Event: 0.072 Executing VM operation: HandshakeAllThreads (Deoptimize)
Event: 0.072 Executing VM operation: HandshakeAllThreads (Deoptimize) done
Event: 1.073 Executing VM operation: Cleanup
Event: 1.073 Executing VM operation: Cleanup done
Event: 1.577 Executing VM operation: HandshakeAllThreads (Deoptimize)
Event: 1.577 Executing VM operation: HandshakeAllThreads (Deoptimize) done
Event: 1.580 Executing VM operation: HandshakeAllThreads (Deoptimize)
Event: 1.580 Executing VM operation: HandshakeAllThreads (Deoptimize) done

Memory protections (15 events):
Event: 0.002 Protecting memory [0x00007a3e65900000,0x00007a3e65904000] with protection modes 0
Event: 0.032 Protecting memory [0x00007a3e3c2f8000,0x00007a3e3c2fc000] with protection modes 0
Event: 0.032 Protecting memory [0x00007a3e3c1f8000,0x00007a3e3c1fc000] with protection modes 0
Event: 0.033 Protecting memory [0x00007a3e3c0f8000,0x00007a3e3c0fc000] with protection modes 0
Event: 0.033 Protecting memory [0x00007a3e37100000,0x00007a3e37104000] with protection modes 0
Event: 0.033 Protecting memory [0x00007a3e37000000,0x00007a3e37004000] with protection modes 0
Event: 0.034 Protecting memory [0x00007a3e36f00000,0x00007a3e36f04000] with protection modes 0
Event: 0.034 Protecting memory [0x00007a3e36e00000,0x00007a3e36e04000] with protection modes 0
Event: 0.057 Protecting memory [0x00007a3e36d00000,0x00007a3e36d04000] with protection modes 0
Event: 0.066 Protecting memory [0x00007a3e36c00000,0x00007a3e36c04000] with protection modes 0
Event: 0.085 Protecting memory [0x00007a3e36b00000,0x00007a3e36b04000] with protection modes 0
Event: 0.087 Protecting memory [0x00007a3e36a00000,0x00007a3e36a04000] with protection modes 0
Event: 1.576 Protecting memory [0x00007a3e36a00000,0x00007a3e36a04000] with protection modes 0
Event: 1.613 Protecting memory [0x00007a3e2bf00000,0x00007a3e2bf04000] with protection modes 0
Event: 1.642 Protecting memory [0x00007a3e2be00000,0x00007a3e2be04000] with protection modes 0

Nmethod flushes (0 events):
No events

Events (16 events):
Event: 0.022 Thread 0x00007a3e6001a060 Thread added: 0x00007a3e6001a060
Event: 0.032 Thread 0x00007a3e6001a060 Thread added: 0x00007a3e60138f50
Event: 0.032 Thread 0x00007a3e6001a060 Thread added: 0x00007a3e6013a3e0
Event: 0.033 Thread 0x00007a3e6001a060 Thread added: 0x00007a3e6013beb0
Event: 0.033 Thread 0x00007a3e6001a060 Thread added: 0x00007a3e6013d500
Event: 0.033 Thread 0x00007a3e6001a060 Thread added: 0x00007a3e6013eab0
Event: 0.034 Thread 0x00007a3e6001a060 Thread added: 0x00007a3e60140680
Event: 0.034 Thread 0x00007a3e6001a060 Thread added: 0x00007a3e60141d50
Event: 0.056 Thread 0x00007a3e6001a060 Thread added: 0x00007a3e60160fc0
Event: 0.065 Thread 0x00007a3e60141d50 Thread added: 0x00007a3da406e3c0
Event: 0.085 Thread 0x00007a3e6001a060 Thread added: 0x00007a3e6019c6c0
Event: 0.087 Thread 0x00007a3da406e3c0 Thread added: 0x00007a3d9802abc0
Event: 1.563 Thread 0x00007a3d9802abc0 Thread exited: 0x00007a3d9802abc0
Event: 1.576 Thread 0x00007a3e6001a060 Thread added: 0x00007a3e6150f200
Event: 1.613 Thread 0x00007a3e6001a060 Thread added: 0x00007a3e61541ea0
Event: 1.642 Thread 0x00007a3da406e3c0 Thread added: 0x00007a3d98094c70


Dynamic libraries:
200000000-200200000 ---p 00000000 00:00 0 
200200000-200400000 rw-s 00000000 00:05 1070                             /dev/nvidia0
200400000-203400000 rw-s 00000000 00:05 1069                             /dev/nvidiactl
203400000-204400000 ---p 00000000 00:00 0 
204400000-204600000 rw-s 00000000 00:05 1069                             /dev/nvidiactl
204600000-204800000 rw-s 00000000 00:05 1069                             /dev/nvidiactl
204800000-204a00000 rw-s 00000000 00:05 1069                             /dev/nvidiactl
204a00000-204c00000 rw-s 204a00000 00:05 1071                            /dev/nvidia-uvm
204c00000-204e00000 rw-s 00000000 00:05 1069                             /dev/nvidiactl
204e00000-205000000 ---p 00000000 00:00 0 
205000000-205200000 rw-s 00000000 00:05 1069                             /dev/nvidiactl
205200000-300200000 ---p 00000000 00:00 0 
616800000-635400000 rw-p 00000000 00:00 0 
635400000-7ffc00000 ---p 00000000 00:00 0 
7ffc00000-7ffd08000 rw-p 00ced000 103:02 17172987                        /usr/lib/jvm/java-21-openjdk-amd64/lib/server/classes.jsa
7ffd08000-800000000 rw-p 00000000 00:00 0 
10000000000-10004000000 ---p 00000000 00:00 0 
594cb48cf000-594cb48d0000 r--p 00000000 103:02 17172834                  /usr/lib/jvm/java-21-openjdk-amd64/bin/java
594cb48d0000-594cb48d1000 r-xp 00001000 103:02 17172834                  /usr/lib/jvm/java-21-openjdk-amd64/bin/java
594cb48d1000-594cb48d2000 r--p 00002000 103:02 17172834                  /usr/lib/jvm/java-21-openjdk-amd64/bin/java
594cb48d2000-594cb48d3000 r--p 00002000 103:02 17172834                  /usr/lib/jvm/java-21-openjdk-amd64/bin/java
594cb48d3000-594cb48d4000 rw-p 00003000 103:02 17172834                  /usr/lib/jvm/java-21-openjdk-amd64/bin/java
594cb6500000-594cb6547000 rw-p 00000000 00:00 0                          [heap]
7a3d20000000-7a3d20021000 rw-p 00000000 00:00 0 
7a3d20021000-7a3d24000000 ---p 00000000 00:00 0 
7a3d28000000-7a3d28021000 rw-p 00000000 00:00 0 
7a3d28021000-7a3d2c000000 ---p 00000000 00:00 0 
7a3d2e000000-7a3d36000000 ---p 00000000 00:00 0 
7a3d38000000-7a3d3a000000 ---p 00000000 00:00 0 
7a3d3c000000-7a3d3c400000 ---p 00000000 00:00 0 
7a3d3c400000-7a3d3c600000 rw-s 00000000 00:05 1069                       /dev/nvidiactl
7a3d3c600000-7a3d3c800000 rw-s 00000000 00:01 12339                      /dev/zero (deleted)
7a3d3c800000-7a3d3ca00000 rw-s 00000000 00:01 12340                      /dev/zero (deleted)
7a3d3ca00000-7a3d3d000000 ---p 00000000 00:00 0 
7a3d3d000000-7a3d3d200000 rw-s 00000000 00:05 1069                       /dev/nvidiactl
7a3d3d200000-7a3d3d400000 ---p 00000000 00:00 0 
7a3d3d400000-7a3d3d600000 rw-s 00000000 00:01 12342                      /dev/zero (deleted)
7a3d3d600000-7a3d3db33000 rw-s 00000000 00:05 1069                       /dev/nvidiactl
7a3d3db33000-7a3d3e000000 ---p 00000000 00:00 0 
7a3d40000000-7a3d50000000 ---p 00000000 00:00 0 
7a3d54000000-7a3d54021000 rw-p 00000000 00:00 0 
7a3d54021000-7a3d58000000 ---p 00000000 00:00 0 
7a3d5a000000-7a3d60000000 ---p 00000000 00:00 0 
7a3d60000000-7a3d60021000 rw-p 00000000 00:00 0 
7a3d60021000-7a3d64000000 ---p 00000000 00:00 0 
7a3d64200000-7a3d81463000 r-xp 00000000 103:02 16524125                  /usr/lib/x86_64-linux-gnu/libcublasLt.so.12.0.2.224
7a3d81463000-7a3d81663000 ---p 1d263000 103:02 16524125                  /usr/lib/x86_64-linux-gnu/libcublasLt.so.12.0.2.224
7a3d81663000-7a3d81893000 r--p 1d263000 103:02 16524125                  /usr/lib/x86_64-linux-gnu/libcublasLt.so.12.0.2.224
7a3d81893000-7a3d82827000 rw-p 1d493000 103:02 16524125                  /usr/lib/x86_64-linux-gnu/libcublasLt.so.12.0.2.224
7a3d82827000-7a3d8500f000 rw-p 00000000 00:00 0 
7a3d85400000-7a3d8ba67000 r-xp 00000000 103:02 16524127                  /usr/lib/x86_64-linux-gnu/libcublas.so.12.0.2.224
7a3d8ba67000-7a3d8bc67000 ---p 06667000 103:02 16524127                  /usr/lib/x86_64-linux-gnu/libcublas.so.12.0.2.224
7a3d8bc67000-7a3d8bc6e000 r--p 06667000 103:02 16524127                  /usr/lib/x86_64-linux-gnu/libcublas.so.12.0.2.224
7a3d8bc6e000-7a3d8bc75000 rw-p 0666e000 103:02 16524127                  /usr/lib/x86_64-linux-gnu/libcublas.so.12.0.2.224
7a3d8bc75000-7a3d8bc7d000 rw-p 00000000 00:00 0 
7a3d8c000000-7a3d8c082000 rw-p 00000000 00:00 0 
7a3d8c082000-7a3d90000000 ---p 00000000 00:00 0 
7a3d90000000-7a3d90021000 rw-p 00000000 00:00 0 
7a3d90021000-7a3d94000000 ---p 00000000 00:00 0 
7a3d98000000-7a3d98098000 rw-p 00000000 00:00 0 
7a3d98098000-7a3d9c000000 ---p 00000000 00:00 0 
7a3d9c000000-7a3d9c021000 rw-p 00000000 00:00 0 
7a3d9c021000-7a3da0000000 ---p 00000000 00:00 0 
7a3da4000000-7a3da40fd000 rw-p 00000000 00:00 0 
7a3da40fd000-7a3da8000000 ---p 00000000 00:00 0 
7a3da8000000-7a3da8156000 rw-p 00000000 00:00 0 
7a3da8156000-7a3dac000000 ---p 00000000 00:00 0 
7a3db0000000-7a3db0021000 rw-p 00000000 00:00 0 
7a3db0021000-7a3db4000000 ---p 00000000 00:00 0 
7a3db4000000-7a3db4021000 rw-p 00000000 00:00 0 
7a3db4021000-7a3db8000000 ---p 00000000 00:00 0 
7a3dbc000000-7a3dbc021000 rw-p 00000000 00:00 0 
7a3dbc021000-7a3dc0000000 ---p 00000000 00:00 0 
7a3dc0000000-7a3dc0021000 rw-p 00000000 00:00 0 
7a3dc0021000-7a3dc4000000 ---p 00000000 00:00 0 
7a3dc8000000-7a3dc8021000 rw-p 00000000 00:00 0 
7a3dc8021000-7a3dcc000000 ---p 00000000 00:00 0 
7a3dcc000000-7a3dcc021000 rw-p 00000000 00:00 0 
7a3dcc021000-7a3dd0000000 ---p 00000000 00:00 0 
7a3dd1a00000-7a3dd1cdc000 rw-p 00000000 00:00 0 
7a3dd1e00000-7a3dd1ee4000 r-xp 00000000 103:02 18219064                  /tmp/libJCudaDriver-12.0.0-linux-x86_64.so
7a3dd1ee4000-7a3dd20e4000 ---p 000e4000 103:02 18219064                  /tmp/libJCudaDriver-12.0.0-linux-x86_64.so
7a3dd20e4000-7a3dd20e9000 r--p 000e4000 103:02 18219064                  /tmp/libJCudaDriver-12.0.0-linux-x86_64.so
7a3dd20e9000-7a3dd20eb000 rw-p 000e9000 103:02 18219064                  /tmp/libJCudaDriver-12.0.0-linux-x86_64.so
7a3dd20eb000-7a3dd20ed000 rw-p 00000000 00:00 0 
7a3dd2400000-7a3dd2401000 ---p 00000000 00:00 0 
7a3dd2401000-7a3dd2c01000 rw-p 00000000 00:00 0 
7a3dd2e00000-7a3dd2e01000 rw-s 00000000 00:05 1069                       /dev/nvidiactl
7a3dd2e01000-7a3dd2e02000 rw-s 00000000 00:05 1069                       /dev/nvidiactl
7a3dd2e02000-7a3dd2e03000 rw-s 00000000 00:05 1069                       /dev/nvidiactl
7a3dd2e03000-7a3dd2e04000 rw-s 00000000 00:05 1069                       /dev/nvidiactl
7a3dd2e04000-7a3dd2e05000 rw-s 00000000 00:05 1069                       /dev/nvidiactl
7a3dd2e05000-7a3dd2e06000 rw-s 00000000 00:05 1069                       /dev/nvidiactl
7a3dd2e06000-7a3dd2e07000 rw-s 00000000 00:05 1069                       /dev/nvidiactl
7a3dd2e07000-7a3dd2e08000 rw-s 00000000 00:05 1069                       /dev/nvidiactl
7a3dd2e08000-7a3dd2e09000 rw-s 00000000 00:05 1069                       /dev/nvidiactl
7a3dd2e09000-7a3dd2e0a000 rw-s 00000000 00:05 1069                       /dev/nvidiactl
7a3dd2e0a000-7a3dd2e0b000 rw-s 00000000 00:05 1069                       /dev/nvidiactl
7a3dd2e0b000-7a3dd2e0c000 rw-s 00000000 00:05 1069                       /dev/nvidiactl
7a3dd2e0c000-7a3dd2e0d000 rw-s 00000000 00:05 1069                       /dev/nvidiactl
7a3dd2e0d000-7a3dd2e0e000 rw-s 00000000 00:05 1069                       /dev/nvidiactl
7a3dd2e0e000-7a3dd2e0f000 rw-s 00000000 00:05 1069                       /dev/nvidiactl
7a3dd2e0f000-7a3dd2e10000 rw-s 00000000 00:05 1069                       /dev/nvidiactl
7a3dd2e10000-7a3dd3e21000 ---p 00000000 00:00 0 
7a3dd4000000-7a3dd4210000 rw-p 00000000 00:00 0 
7a3dd4210000-7a3dd4400000 ---p 00000000 00:00 0 
7a3dd4400000-7a3dd4500000 rw-p 00000000 00:00 0 
7a3dd4500000-7a3dd8000000 ---p 00000000 00:00 0 
7a3dd8000000-7a3dd8021000 rw-p 00000000 00:00 0 
7a3dd8021000-7a3ddc000000 ---p 00000000 00:00 0 
7a3ddc400000-7a3ddc4c7000 r-xp 00000000 103:02 18219063                  /tmp/libJCudaRuntime-12.0.0-linux-x86_64.so
7a3ddc4c7000-7a3ddc6c7000 ---p 000c7000 103:02 18219063                  /tmp/libJCudaRuntime-12.0.0-linux-x86_64.so
7a3ddc6c7000-7a3ddc6cc000 r--p 000c7000 103:02 18219063                  /tmp/libJCudaRuntime-12.0.0-linux-x86_64.so
7a3ddc6cc000-7a3ddc6cd000 rw-p 000cc000 103:02 18219063                  /tmp/libJCudaRuntime-12.0.0-linux-x86_64.so
7a3ddc6cd000-7a3ddc6cf000 rw-p 00000000 00:00 0 
7a3ddca00000-7a3ddca01000 ---p 00000000 00:00 0 
7a3ddca01000-7a3ddd201000 rw-p 00000000 00:00 0 
7a3ddd400000-7a3dde421000 ---p 00000000 00:00 0 
7a3dde600000-7a3dde601000 ---p 00000000 00:00 0 
7a3dde601000-7a3ddee01000 rw-p 00000000 00:00 0 
7a3ddf000000-7a3ddfcae000 rw-p 00001000 103:02 17172987                  /usr/lib/jvm/java-21-openjdk-amd64/lib/server/classes.jsa
7a3ddfcae000-7a3de0000000 ---p 00000000 00:00 0 
7a3de0000000-7a3de0030000 rw-p 00000000 00:00 0 
7a3de0030000-7a3de0040000 ---p 00000000 00:00 0 
7a3de0040000-7a3de0070000 rw-p 00000000 00:00 0 
7a3de0070000-7a3e20000000 ---p 00000000 00:00 0 
7a3e20000000-7a3e20021000 rw-p 00000000 00:00 0 
7a3e20021000-7a3e24000000 ---p 00000000 00:00 0 
7a3e24000000-7a3e24021000 rw-p 00000000 00:00 0 
7a3e24021000-7a3e28000000 ---p 00000000 00:00 0 
7a3e28400000-7a3e2b17c000 r-xp 00000000 103:02 16526206                  /usr/lib/x86_64-linux-gnu/libnvrtc.so.12.0.140
7a3e2b17c000-7a3e2b37c000 ---p 02d7c000 103:02 16526206                  /usr/lib/x86_64-linux-gnu/libnvrtc.so.12.0.140
7a3e2b37c000-7a3e2ba4f000 r--p 02d7c000 103:02 16526206                  /usr/lib/x86_64-linux-gnu/libnvrtc.so.12.0.140
7a3e2ba4f000-7a3e2bb1b000 rw-p 0344f000 103:02 16526206                  /usr/lib/x86_64-linux-gnu/libnvrtc.so.12.0.140
7a3e2bb1b000-7a3e2bc1c000 rw-p 00000000 00:00 0 
7a3e2be00000-7a3e2be04000 ---p 00000000 00:00 0 
7a3e2be04000-7a3e2bf00000 rw-p 00000000 00:00 0 
7a3e2bf00000-7a3e2bf04000 ---p 00000000 00:00 0 
7a3e2bf04000-7a3e2c000000 rw-p 00000000 00:00 0 
7a3e2c000000-7a3e2c021000 rw-p 00000000 00:00 0 
7a3e2c021000-7a3e30000000 ---p 00000000 00:00 0 
7a3e30000000-7a3e30021000 rw-p 00000000 00:00 0 
7a3e30021000-7a3e34000000 ---p 00000000 00:00 0 
7a3e34040000-7a3e34044000 r--p 00000000 103:02 16530777                  /usr/lib/x86_64-linux-gnu/libjpeg.so.8.2.2
7a3e34044000-7a3e34091000 r-xp 00004000 103:02 16530777                  /usr/lib/x86_64-linux-gnu/libjpeg.so.8.2.2
7a3e34091000-7a3e340c1000 r--p 00051000 103:02 16530777                  /usr/lib/x86_64-linux-gnu/libjpeg.so.8.2.2
7a3e340c1000-7a3e340c2000 r--p 00081000 103:02 16530777                  /usr/lib/x86_64-linux-gnu/libjpeg.so.8.2.2
7a3e340c2000-7a3e340c3000 rw-p 00082000 103:02 16530777                  /usr/lib/x86_64-linux-gnu/libjpeg.so.8.2.2
7a3e340c3000-7a3e340dc000 r--p 00000000 103:02 16530316                  /usr/lib/x86_64-linux-gnu/libX11.so.6.4.0
7a3e340dc000-7a3e3416c000 r-xp 00019000 103:02 16530316                  /usr/lib/x86_64-linux-gnu/libX11.so.6.4.0
7a3e3416c000-7a3e341fb000 r--p 000a9000 103:02 16530316                  /usr/lib/x86_64-linux-gnu/libX11.so.6.4.0
7a3e341fb000-7a3e341fc000 r--p 00138000 103:02 16530316                  /usr/lib/x86_64-linux-gnu/libX11.so.6.4.0
7a3e341fc000-7a3e34200000 rw-p 00139000 103:02 16530316                  /usr/lib/x86_64-linux-gnu/libX11.so.6.4.0
7a3e34200000-7a3e34400000 rw-s 00000000 00:01 12341                      /dev/zero (deleted)
7a3e34400000-7a3e3465a000 rw-p 00000000 00:00 0 
7a3e34693000-7a3e346a5000 r--p 00000000 103:02 17173114                  /usr/lib/jvm/java-21-openjdk-amd64/lib/libawt_xawt.so
7a3e346a5000-7a3e346ec000 r-xp 00012000 103:02 17173114                  /usr/lib/jvm/java-21-openjdk-amd64/lib/libawt_xawt.so
7a3e346ec000-7a3e34704000 r--p 00059000 103:02 17173114                  /usr/lib/jvm/java-21-openjdk-amd64/lib/libawt_xawt.so
7a3e34704000-7a3e34709000 r--p 00070000 103:02 17173114                  /usr/lib/jvm/java-21-openjdk-amd64/lib/libawt_xawt.so
7a3e34709000-7a3e3470b000 rw-p 00075000 103:02 17173114                  /usr/lib/jvm/java-21-openjdk-amd64/lib/libawt_xawt.so
7a3e3470b000-7a3e3470d000 rw-p 00000000 00:00 0 
7a3e3470d000-7a3e3472b000 r--p 00000000 103:02 17172951                  /usr/lib/jvm/java-21-openjdk-amd64/lib/libawt.so
7a3e3472b000-7a3e347c2000 r-xp 0001e000 103:02 17172951                  /usr/lib/jvm/java-21-openjdk-amd64/lib/libawt.so
7a3e347c2000-7a3e347cf000 r--p 000b5000 103:02 17172951                  /usr/lib/jvm/java-21-openjdk-amd64/lib/libawt.so
7a3e347cf000-7a3e347d0000 r--p 000c1000 103:02 17172951                  /usr/lib/jvm/java-21-openjdk-amd64/lib/libawt.so
7a3e347d0000-7a3e347db000 rw-p 000c2000 103:02 17172951                  /usr/lib/jvm/java-21-openjdk-amd64/lib/libawt.so
7a3e347db000-7a3e34800000 rw-p 00000000 00:00 0 
7a3e34800000-7a3e348de000 r--p 00000000 103:02 16552573                  /usr/lib/x86_64-linux-gnu/libcuda.so.550.107.02
7a3e348de000-7a3e34db3000 r-xp 000de000 103:02 16552573                  /usr/lib/x86_64-linux-gnu/libcuda.so.550.107.02
7a3e34db3000-7a3e3624e000 r--p 005b3000 103:02 16552573                  /usr/lib/x86_64-linux-gnu/libcuda.so.550.107.02
7a3e3624e000-7a3e3624f000 ---p 01a4e000 103:02 16552573                  /usr/lib/x86_64-linux-gnu/libcuda.so.550.107.02
7a3e3624f000-7a3e36267000 r--p 01a4e000 103:02 16552573                  /usr/lib/x86_64-linux-gnu/libcuda.so.550.107.02
7a3e36267000-7a3e36362000 rw-p 01a66000 103:02 16552573                  /usr/lib/x86_64-linux-gnu/libcuda.so.550.107.02
7a3e36362000-7a3e363cb000 rw-p 00000000 00:00 0 
7a3e36400000-7a3e36538000 r-xp 00000000 103:02 18219061                  /tmp/libJCublas2-12.0.0-linux-x86_64.so
7a3e36538000-7a3e36738000 ---p 00138000 103:02 18219061                  /tmp/libJCublas2-12.0.0-linux-x86_64.so
7a3e36738000-7a3e3673d000 r--p 00138000 103:02 18219061                  /tmp/libJCublas2-12.0.0-linux-x86_64.so
7a3e3673d000-7a3e3673f000 rw-p 0013d000 103:02 18219061                  /tmp/libJCublas2-12.0.0-linux-x86_64.so
7a3e3673f000-7a3e36741000 rw-p 00000000 00:00 0 
7a3e36760000-7a3e3676b000 r--p 00000000 103:02 16531187                  /usr/lib/x86_64-linux-gnu/libxcb.so.1.1.0
7a3e3676b000-7a3e3677e000 r-xp 0000b000 103:02 16531187                  /usr/lib/x86_64-linux-gnu/libxcb.so.1.1.0
7a3e3677e000-7a3e36787000 r--p 0001e000 103:02 16531187                  /usr/lib/x86_64-linux-gnu/libxcb.so.1.1.0
7a3e36787000-7a3e36788000 r--p 00026000 103:02 16531187                  /usr/lib/x86_64-linux-gnu/libxcb.so.1.1.0
7a3e36788000-7a3e36789000 rw-p 00027000 103:02 16531187                  /usr/lib/x86_64-linux-gnu/libxcb.so.1.1.0
7a3e36789000-7a3e36a00000 rw-p 00000000 00:00 0 
7a3e36a00000-7a3e36a04000 ---p 00000000 00:00 0 
7a3e36a04000-7a3e36b00000 rw-p 00000000 00:00 0 
7a3e36b00000-7a3e36b04000 ---p 00000000 00:00 0 
7a3e36b04000-7a3e36c00000 rw-p 00000000 00:00 0 
7a3e36c00000-7a3e36c04000 ---p 00000000 00:00 0 
7a3e36c04000-7a3e36d00000 rw-p 00000000 00:00 0 
7a3e36d00000-7a3e36d04000 ---p 00000000 00:00 0 
7a3e36d04000-7a3e36e00000 rw-p 00000000 00:00 0 
7a3e36e00000-7a3e36e04000 ---p 00000000 00:00 0 
7a3e36e04000-7a3e36f00000 rw-p 00000000 00:00 0 
7a3e36f00000-7a3e36f04000 ---p 00000000 00:00 0 
7a3e36f04000-7a3e37000000 rw-p 00000000 00:00 0 
7a3e37000000-7a3e37004000 ---p 00000000 00:00 0 
7a3e37004000-7a3e37100000 rw-p 00000000 00:00 0 
7a3e37100000-7a3e37104000 ---p 00000000 00:00 0 
7a3e37104000-7a3e37200000 rw-p 00000000 00:00 0 
7a3e37200000-7a3e37fec000 r--p 00000000 103:02 16521112                  /usr/lib/locale/locale-archive
7a3e38000000-7a3e38021000 rw-p 00000000 00:00 0 
7a3e38021000-7a3e3c000000 ---p 00000000 00:00 0 
7a3e3c018000-7a3e3c01a000 r--p 00000000 103:02 16530828                  /usr/lib/x86_64-linux-gnu/libmd.so.0.1.0
7a3e3c01a000-7a3e3c023000 r-xp 00002000 103:02 16530828                  /usr/lib/x86_64-linux-gnu/libmd.so.0.1.0
7a3e3c023000-7a3e3c025000 r--p 0000b000 103:02 16530828                  /usr/lib/x86_64-linux-gnu/libmd.so.0.1.0
7a3e3c025000-7a3e3c026000 r--p 0000c000 103:02 16530828                  /usr/lib/x86_64-linux-gnu/libmd.so.0.1.0
7a3e3c026000-7a3e3c027000 rw-p 0000d000 103:02 16530828                  /usr/lib/x86_64-linux-gnu/libmd.so.0.1.0
7a3e3c027000-7a3e3c02c000 r--p 00000000 103:02 17172968                  /usr/lib/jvm/java-21-openjdk-amd64/lib/libjsvml.so
7a3e3c02c000-7a3e3c06d000 r-xp 00005000 103:02 17172968                  /usr/lib/jvm/java-21-openjdk-amd64/lib/libjsvml.so
7a3e3c06d000-7a3e3c0f6000 r--p 00046000 103:02 17172968                  /usr/lib/jvm/java-21-openjdk-amd64/lib/libjsvml.so
7a3e3c0f6000-7a3e3c0f7000 r--p 000ce000 103:02 17172968                  /usr/lib/jvm/java-21-openjdk-amd64/lib/libjsvml.so
7a3e3c0f7000-7a3e3c0f8000 rw-p 000cf000 103:02 17172968                  /usr/lib/jvm/java-21-openjdk-amd64/lib/libjsvml.so
7a3e3c0f8000-7a3e3c0fc000 ---p 00000000 00:00 0 
7a3e3c0fc000-7a3e3c1f8000 rw-p 00000000 00:00 0 
7a3e3c1f8000-7a3e3c1fc000 ---p 00000000 00:00 0 
7a3e3c1fc000-7a3e3c2f8000 rw-p 00000000 00:00 0 
7a3e3c2f8000-7a3e3c2fc000 ---p 00000000 00:00 0 
7a3e3c2fc000-7a3e3c3f8000 rw-p 00000000 00:00 0 
7a3e3c3f8000-7a3e3c3f9000 ---p 00000000 00:00 0 
7a3e3c3f9000-7a3e3c4f9000 rw-p 00000000 00:00 0 
7a3e3c4f9000-7a3e3c4fa000 ---p 00000000 00:00 0 
7a3e3c4fa000-7a3e3c5fa000 rw-p 00000000 00:00 0 
7a3e3c5fa000-7a3e3c5fb000 ---p 00000000 00:00 0 
7a3e3c5fb000-7a3e3c6fb000 rw-p 00000000 00:00 0 
7a3e3c6fb000-7a3e3c6fc000 ---p 00000000 00:00 0 
7a3e3c6fc000-7a3e3c7fc000 rw-p 00000000 00:00 0 
7a3e3c7fc000-7a3e3f3b0000 rw-p 00000000 00:00 0 
7a3e3f3b0000-7a3e46650000 ---p 00000000 00:00 0 
7a3e46650000-7a3e46660000 rw-p 00000000 00:00 0 
7a3e46668000-7a3e4666c000 r--p 00000000 103:02 16530470                  /usr/lib/x86_64-linux-gnu/libbsd.so.0.12.1
7a3e4666c000-7a3e46678000 r-xp 00004000 103:02 16530470                  /usr/lib/x86_64-linux-gnu/libbsd.so.0.12.1
7a3e46678000-7a3e4667b000 r--p 00010000 103:02 16530470                  /usr/lib/x86_64-linux-gnu/libbsd.so.0.12.1
7a3e4667b000-7a3e4667c000 r--p 00012000 103:02 16530470                  /usr/lib/x86_64-linux-gnu/libbsd.so.0.12.1
7a3e4667c000-7a3e4667d000 rw-p 00013000 103:02 16530470                  /usr/lib/x86_64-linux-gnu/libbsd.so.0.12.1
7a3e4667d000-7a3e468f6000 rw-p 00000000 00:00 0 
7a3e468f6000-7a3e4774a000 ---p 00000000 00:00 0 
7a3e4774a000-7a3e4774c000 rw-p 00000000 00:00 0 
7a3e47755000-7a3e47758000 r--p 00000000 103:02 16530328                  /usr/lib/x86_64-linux-gnu/libXi.so.6.1.0
7a3e47758000-7a3e47764000 r-xp 00003000 103:02 16530328                  /usr/lib/x86_64-linux-gnu/libXi.so.6.1.0
7a3e47764000-7a3e47766000 r--p 0000f000 103:02 16530328                  /usr/lib/x86_64-linux-gnu/libXi.so.6.1.0
7a3e47766000-7a3e47767000 r--p 00011000 103:02 16530328                  /usr/lib/x86_64-linux-gnu/libXi.so.6.1.0
7a3e47767000-7a3e47768000 rw-p 00012000 103:02 16530328                  /usr/lib/x86_64-linux-gnu/libXi.so.6.1.0
7a3e47768000-7a3e4776c000 r--p 00000000 103:02 16530324                  /usr/lib/x86_64-linux-gnu/libXext.so.6.4.0
7a3e4776c000-7a3e47777000 r-xp 00004000 103:02 16530324                  /usr/lib/x86_64-linux-gnu/libXext.so.6.4.0
7a3e47777000-7a3e4777a000 r--p 0000f000 103:02 16530324                  /usr/lib/x86_64-linux-gnu/libXext.so.6.4.0
7a3e4777a000-7a3e4777b000 r--p 00011000 103:02 16530324                  /usr/lib/x86_64-linux-gnu/libXext.so.6.4.0
7a3e4777b000-7a3e4777c000 rw-p 00012000 103:02 16530324                  /usr/lib/x86_64-linux-gnu/libXext.so.6.4.0
7a3e4777c000-7a3e478f6000 rw-p 00000000 00:00 0 
7a3e478f6000-7a3e4874a000 ---p 00000000 00:00 0 
7a3e4874a000-7a3e4874c000 rw-p 00000000 00:00 0 
7a3e4874f000-7a3e48751000 r--p 00000000 103:02 16530323                  /usr/lib/x86_64-linux-gnu/libXdmcp.so.6.0.0
7a3e48751000-7a3e48753000 r-xp 00002000 103:02 16530323                  /usr/lib/x86_64-linux-gnu/libXdmcp.so.6.0.0
7a3e48753000-7a3e48755000 r--p 00004000 103:02 16530323                  /usr/lib/x86_64-linux-gnu/libXdmcp.so.6.0.0
7a3e48755000-7a3e48756000 r--p 00005000 103:02 16530323                  /usr/lib/x86_64-linux-gnu/libXdmcp.so.6.0.0
7a3e48756000-7a3e48757000 rw-p 00006000 103:02 16530323                  /usr/lib/x86_64-linux-gnu/libXdmcp.so.6.0.0
7a3e48757000-7a3e48759000 r--p 00000000 103:02 16530337                  /usr/lib/x86_64-linux-gnu/libXtst.so.6.1.0
7a3e48759000-7a3e4875c000 r-xp 00002000 103:02 16530337                  /usr/lib/x86_64-linux-gnu/libXtst.so.6.1.0
7a3e4875c000-7a3e4875d000 r--p 00005000 103:02 16530337                  /usr/lib/x86_64-linux-gnu/libXtst.so.6.1.0
7a3e4875d000-7a3e4875e000 r--p 00005000 103:02 16530337                  /usr/lib/x86_64-linux-gnu/libXtst.so.6.1.0
7a3e4875e000-7a3e4875f000 rw-p 00006000 103:02 16530337                  /usr/lib/x86_64-linux-gnu/libXtst.so.6.1.0
7a3e4875f000-7a3e48800000 rw-p 00000000 00:00 0 
7a3e48800000-7a3e48a70000 rwxp 00000000 00:00 0 
7a3e48a70000-7a3e4fc5f000 ---p 00000000 00:00 0 
7a3e4fc5f000-7a3e4feff000 rwxp 00000000 00:00 0 
7a3e4feff000-7a3e503a0000 ---p 00000000 00:00 0 
7a3e503a0000-7a3e50610000 rwxp 00000000 00:00 0 
7a3e50610000-7a3e57800000 ---p 00000000 00:00 0 
7a3e57800000-7a3e5fe02000 r--s 00000000 103:02 17172984                  /usr/lib/jvm/java-21-openjdk-amd64/lib/modules
7a3e5fe03000-7a3e5fe05000 r--p 00000000 103:02 16530334                  /usr/lib/x86_64-linux-gnu/libXrender.so.1.3.0
7a3e5fe05000-7a3e5fe0c000 r-xp 00002000 103:02 16530334                  /usr/lib/x86_64-linux-gnu/libXrender.so.1.3.0
7a3e5fe0c000-7a3e5fe0d000 r--p 00009000 103:02 16530334                  /usr/lib/x86_64-linux-gnu/libXrender.so.1.3.0
7a3e5fe0d000-7a3e5fe0e000 r--p 00009000 103:02 16530334                  /usr/lib/x86_64-linux-gnu/libXrender.so.1.3.0
7a3e5fe0e000-7a3e5fe0f000 rw-p 0000a000 103:02 16530334                  /usr/lib/x86_64-linux-gnu/libXrender.so.1.3.0
7a3e5fe17000-7a3e5fe19000 r--p 00000000 103:02 17172962                  /usr/lib/jvm/java-21-openjdk-amd64/lib/libjavajpeg.so
7a3e5fe19000-7a3e5fe20000 r-xp 00002000 103:02 17172962                  /usr/lib/jvm/java-21-openjdk-amd64/lib/libjavajpeg.so
7a3e5fe20000-7a3e5fe21000 r--p 00009000 103:02 17172962                  /usr/lib/jvm/java-21-openjdk-amd64/lib/libjavajpeg.so
7a3e5fe21000-7a3e5fe22000 r--p 0000a000 103:02 17172962                  /usr/lib/jvm/java-21-openjdk-amd64/lib/libjavajpeg.so
7a3e5fe22000-7a3e5fe23000 rw-p 0000b000 103:02 17172962                  /usr/lib/jvm/java-21-openjdk-amd64/lib/libjavajpeg.so
7a3e5fe23000-7a3e62bb7000 rw-p 00000000 00:00 0 
7a3e62bb7000-7a3e64000000 ---p 00000000 00:00 0 
7a3e64000000-7a3e64007000 r--s 00000000 103:02 16532226                  /usr/lib/x86_64-linux-gnu/gconv/gconv-modules.cache
7a3e64007000-7a3e64017000 -w-s 00000000 00:05 1070                       /dev/nvidia0
7a3e64017000-7a3e6471e000 rw-p 00000000 00:00 0 
7a3e6471e000-7a3e6471f000 ---p 00000000 00:00 0 
7a3e6471f000-7a3e6481f000 rw-p 00000000 00:00 0 
7a3e6481f000-7a3e64820000 ---p 00000000 00:00 0 
7a3e64820000-7a3e64920000 rw-p 00000000 00:00 0 
7a3e64920000-7a3e64921000 ---p 00000000 00:00 0 
7a3e64921000-7a3e64a21000 rw-p 00000000 00:00 0 
7a3e64a21000-7a3e65733000 rw-p 00000000 00:00 0 
7a3e65733000-7a3e65817000 ---p 00000000 00:00 0 
7a3e65817000-7a3e6581c000 rw-p 00000000 00:00 0 
7a3e6581c000-7a3e65900000 ---p 00000000 00:00 0 
7a3e65900000-7a3e65904000 ---p 00000000 00:00 0 
7a3e65904000-7a3e65a00000 rw-p 00000000 00:00 0 
7a3e65a00000-7a3e65a9d000 r--p 00000000 103:02 16543594                  /usr/lib/x86_64-linux-gnu/libstdc++.so.6.0.33
7a3e65a9d000-7a3e65be5000 r-xp 0009d000 103:02 16543594                  /usr/lib/x86_64-linux-gnu/libstdc++.so.6.0.33
7a3e65be5000-7a3e65c6c000 r--p 001e5000 103:02 16543594                  /usr/lib/x86_64-linux-gnu/libstdc++.so.6.0.33
7a3e65c6c000-7a3e65c77000 r--p 0026b000 103:02 16543594                  /usr/lib/x86_64-linux-gnu/libstdc++.so.6.0.33
7a3e65c77000-7a3e65c7a000 rw-p 00276000 103:02 16543594                  /usr/lib/x86_64-linux-gnu/libstdc++.so.6.0.33
7a3e65c7a000-7a3e65c7e000 rw-p 00000000 00:00 0 
7a3e65c7e000-7a3e65c7f000 r--p 00000000 103:02 16530318                  /usr/lib/x86_64-linux-gnu/libXau.so.6.0.0
7a3e65c7f000-7a3e65c81000 r-xp 00001000 103:02 16530318                  /usr/lib/x86_64-linux-gnu/libXau.so.6.0.0
7a3e65c81000-7a3e65c82000 r--p 00003000 103:02 16530318                  /usr/lib/x86_64-linux-gnu/libXau.so.6.0.0
7a3e65c82000-7a3e65c83000 r--p 00003000 103:02 16530318                  /usr/lib/x86_64-linux-gnu/libXau.so.6.0.0
7a3e65c83000-7a3e65c84000 rw-p 00004000 103:02 16530318                  /usr/lib/x86_64-linux-gnu/libXau.so.6.0.0
7a3e65c84000-7a3e65c85000 r--p 00000000 103:02 16530540                  /usr/lib/x86_64-linux-gnu/libdl.so.2
7a3e65c85000-7a3e65c86000 r-xp 00001000 103:02 16530540                  /usr/lib/x86_64-linux-gnu/libdl.so.2
7a3e65c86000-7a3e65c87000 r--p 00002000 103:02 16530540                  /usr/lib/x86_64-linux-gnu/libdl.so.2
7a3e65c87000-7a3e65c88000 r--p 00002000 103:02 16530540                  /usr/lib/x86_64-linux-gnu/libdl.so.2
7a3e65c88000-7a3e65c89000 rw-p 00003000 103:02 16530540                  /usr/lib/x86_64-linux-gnu/libdl.so.2
7a3e65c89000-7a3e65c8c000 r--p 00000000 103:02 17172975                  /usr/lib/jvm/java-21-openjdk-amd64/lib/libnet.so
7a3e65c8c000-7a3e65c94000 r-xp 00003000 103:02 17172975                  /usr/lib/jvm/java-21-openjdk-amd64/lib/libnet.so
7a3e65c94000-7a3e65c96000 r--p 0000b000 103:02 17172975                  /usr/lib/jvm/java-21-openjdk-amd64/lib/libnet.so
7a3e65c96000-7a3e65c97000 r--p 0000c000 103:02 17172975                  /usr/lib/jvm/java-21-openjdk-amd64/lib/libnet.so
7a3e65c97000-7a3e65c98000 rw-p 0000d000 103:02 17172975                  /usr/lib/jvm/java-21-openjdk-amd64/lib/libnet.so
7a3e65c98000-7a3e65d17000 rw-p 00000000 00:00 0 
7a3e65d17000-7a3e65d27000 r--p 00000000 103:02 16530817                  /usr/lib/x86_64-linux-gnu/libm.so.6
7a3e65d27000-7a3e65da6000 r-xp 00010000 103:02 16530817                  /usr/lib/x86_64-linux-gnu/libm.so.6
7a3e65da6000-7a3e65dfe000 r--p 0008f000 103:02 16530817                  /usr/lib/x86_64-linux-gnu/libm.so.6
7a3e65dfe000-7a3e65dff000 r--p 000e7000 103:02 16530817                  /usr/lib/x86_64-linux-gnu/libm.so.6
7a3e65dff000-7a3e65e00000 rw-p 000e8000 103:02 16530817                  /usr/lib/x86_64-linux-gnu/libm.so.6
7a3e65e00000-7a3e66096000 r--p 00000000 103:02 17172990                  /usr/lib/jvm/java-21-openjdk-amd64/lib/server/libjvm.so
7a3e66096000-7a3e66efe000 r-xp 00296000 103:02 17172990                  /usr/lib/jvm/java-21-openjdk-amd64/lib/server/libjvm.so
7a3e66efe000-7a3e671d1000 r--p 010fe000 103:02 17172990                  /usr/lib/jvm/java-21-openjdk-amd64/lib/server/libjvm.so
7a3e671d1000-7a3e672a1000 r--p 013d0000 103:02 17172990                  /usr/lib/jvm/java-21-openjdk-amd64/lib/server/libjvm.so
7a3e672a1000-7a3e672d1000 rw-p 014a0000 103:02 17172990                  /usr/lib/jvm/java-21-openjdk-amd64/lib/server/libjvm.so
7a3e672d1000-7a3e67337000 rw-p 00000000 00:00 0 
7a3e6733a000-7a3e6733b000 r--p 00000000 103:02 16531006                  /usr/lib/x86_64-linux-gnu/librt.so.1
7a3e6733b000-7a3e6733c000 r-xp 00001000 103:02 16531006                  /usr/lib/x86_64-linux-gnu/librt.so.1
7a3e6733c000-7a3e6733d000 r--p 00002000 103:02 16531006                  /usr/lib/x86_64-linux-gnu/librt.so.1
7a3e6733d000-7a3e6733e000 r--p 00002000 103:02 16531006                  /usr/lib/x86_64-linux-gnu/librt.so.1
7a3e6733e000-7a3e6733f000 rw-p 00003000 103:02 16531006                  /usr/lib/x86_64-linux-gnu/librt.so.1
7a3e6733f000-7a3e67340000 r--p 00000000 103:02 16530978                  /usr/lib/x86_64-linux-gnu/libpthread.so.0
7a3e67340000-7a3e67341000 r-xp 00001000 103:02 16530978                  /usr/lib/x86_64-linux-gnu/libpthread.so.0
7a3e67341000-7a3e67342000 r--p 00002000 103:02 16530978                  /usr/lib/x86_64-linux-gnu/libpthread.so.0
7a3e67342000-7a3e67343000 r--p 00002000 103:02 16530978                  /usr/lib/x86_64-linux-gnu/libpthread.so.0
7a3e67343000-7a3e67344000 rw-p 00003000 103:02 16530978                  /usr/lib/x86_64-linux-gnu/libpthread.so.0
7a3e67344000-7a3e67400000 rw-p 00000000 00:00 0 
7a3e67400000-7a3e67428000 r--p 00000000 103:02 16530474                  /usr/lib/x86_64-linux-gnu/libc.so.6
7a3e67428000-7a3e675b0000 r-xp 00028000 103:02 16530474                  /usr/lib/x86_64-linux-gnu/libc.so.6
7a3e675b0000-7a3e675ff000 r--p 001b0000 103:02 16530474                  /usr/lib/x86_64-linux-gnu/libc.so.6
7a3e675ff000-7a3e67603000 r--p 001fe000 103:02 16530474                  /usr/lib/x86_64-linux-gnu/libc.so.6
7a3e67603000-7a3e67605000 rw-p 00202000 103:02 16530474                  /usr/lib/x86_64-linux-gnu/libc.so.6
7a3e67605000-7a3e67612000 rw-p 00000000 00:00 0 
7a3e67615000-7a3e67617000 r--p 00000000 103:02 17172983                  /usr/lib/jvm/java-21-openjdk-amd64/lib/libzip.so
7a3e67617000-7a3e6761c000 r-xp 00002000 103:02 17172983                  /usr/lib/jvm/java-21-openjdk-amd64/lib/libzip.so
7a3e6761c000-7a3e6761e000 r--p 00007000 103:02 17172983                  /usr/lib/jvm/java-21-openjdk-amd64/lib/libzip.so
7a3e6761e000-7a3e6761f000 r--p 00008000 103:02 17172983                  /usr/lib/jvm/java-21-openjdk-amd64/lib/libzip.so
7a3e6761f000-7a3e67620000 rw-p 00009000 103:02 17172983                  /usr/lib/jvm/java-21-openjdk-amd64/lib/libzip.so
7a3e67620000-7a3e67627000 r--p 00000000 103:02 17172976                  /usr/lib/jvm/java-21-openjdk-amd64/lib/libnio.so
7a3e67627000-7a3e67630000 r-xp 00007000 103:02 17172976                  /usr/lib/jvm/java-21-openjdk-amd64/lib/libnio.so
7a3e67630000-7a3e67634000 r--p 00010000 103:02 17172976                  /usr/lib/jvm/java-21-openjdk-amd64/lib/libnio.so
7a3e67634000-7a3e67635000 r--p 00014000 103:02 17172976                  /usr/lib/jvm/java-21-openjdk-amd64/lib/libnio.so
7a3e67635000-7a3e67636000 rw-p 00015000 103:02 17172976                  /usr/lib/jvm/java-21-openjdk-amd64/lib/libnio.so
7a3e67636000-7a3e6767a000 rw-p 00000000 00:00 0 
7a3e6767a000-7a3e67683000 ---p 00000000 00:00 0 
7a3e67683000-7a3e67690000 r--p 00000000 103:02 17172961                  /usr/lib/jvm/java-21-openjdk-amd64/lib/libjava.so
7a3e67690000-7a3e6769f000 r-xp 0000d000 103:02 17172961                  /usr/lib/jvm/java-21-openjdk-amd64/lib/libjava.so
7a3e6769f000-7a3e676a4000 r--p 0001c000 103:02 17172961                  /usr/lib/jvm/java-21-openjdk-amd64/lib/libjava.so
7a3e676a4000-7a3e676a5000 r--p 00021000 103:02 17172961                  /usr/lib/jvm/java-21-openjdk-amd64/lib/libjava.so
7a3e676a5000-7a3e676a6000 rw-p 00022000 103:02 17172961                  /usr/lib/jvm/java-21-openjdk-amd64/lib/libjava.so
7a3e676a6000-7a3e676a7000 rw-p 00000000 00:00 0 
7a3e676a7000-7a3e676ab000 r--p 00000000 103:02 16528598                  /usr/lib/x86_64-linux-gnu/libgcc_s.so.1
7a3e676ab000-7a3e676cf000 r-xp 00004000 103:02 16528598                  /usr/lib/x86_64-linux-gnu/libgcc_s.so.1
7a3e676cf000-7a3e676d3000 r--p 00028000 103:02 16528598                  /usr/lib/x86_64-linux-gnu/libgcc_s.so.1
7a3e676d3000-7a3e676d4000 r--p 0002b000 103:02 16528598                  /usr/lib/x86_64-linux-gnu/libgcc_s.so.1
7a3e676d4000-7a3e676d5000 rw-p 0002c000 103:02 16528598                  /usr/lib/x86_64-linux-gnu/libgcc_s.so.1
7a3e676d5000-7a3e676d7000 rw-p 00000000 00:00 0 
7a3e676d7000-7a3e676d9000 r--p 00000000 103:02 17172965                  /usr/lib/jvm/java-21-openjdk-amd64/lib/libjli.so
7a3e676d9000-7a3e676e3000 r-xp 00002000 103:02 17172965                  /usr/lib/jvm/java-21-openjdk-amd64/lib/libjli.so
7a3e676e3000-7a3e676e6000 r--p 0000c000 103:02 17172965                  /usr/lib/jvm/java-21-openjdk-amd64/lib/libjli.so
7a3e676e6000-7a3e676e7000 r--p 0000f000 103:02 17172965                  /usr/lib/jvm/java-21-openjdk-amd64/lib/libjli.so
7a3e676e7000-7a3e676e8000 rw-p 00010000 103:02 17172965                  /usr/lib/jvm/java-21-openjdk-amd64/lib/libjli.so
7a3e676e8000-7a3e676ea000 r--p 00000000 103:02 16531205                  /usr/lib/x86_64-linux-gnu/libz.so.1.3
7a3e676ea000-7a3e676fc000 r-xp 00002000 103:02 16531205                  /usr/lib/x86_64-linux-gnu/libz.so.1.3
7a3e676fc000-7a3e67702000 r--p 00014000 103:02 16531205                  /usr/lib/x86_64-linux-gnu/libz.so.1.3
7a3e67702000-7a3e67703000 r--p 0001a000 103:02 16531205                  /usr/lib/x86_64-linux-gnu/libz.so.1.3
7a3e67703000-7a3e67704000 rw-p 0001b000 103:02 16531205                  /usr/lib/x86_64-linux-gnu/libz.so.1.3
7a3e67705000-7a3e6770d000 rw-s 00000000 103:02 18219051                  /tmp/hsperfdata_dov/6438
7a3e6770d000-7a3e6770e000 ---p 00000000 00:00 0 
7a3e6770e000-7a3e6770f000 r--p 00000000 00:00 0 
7a3e6770f000-7a3e67710000 ---p 00000000 00:00 0 
7a3e67710000-7a3e67712000 r--p 00000000 103:02 17172964                  /usr/lib/jvm/java-21-openjdk-amd64/lib/libjimage.so
7a3e67712000-7a3e67715000 r-xp 00002000 103:02 17172964                  /usr/lib/jvm/java-21-openjdk-amd64/lib/libjimage.so
7a3e67715000-7a3e67716000 r--p 00005000 103:02 17172964                  /usr/lib/jvm/java-21-openjdk-amd64/lib/libjimage.so
7a3e67716000-7a3e67717000 r--p 00006000 103:02 17172964                  /usr/lib/jvm/java-21-openjdk-amd64/lib/libjimage.so
7a3e67717000-7a3e67718000 rw-p 00007000 103:02 17172964                  /usr/lib/jvm/java-21-openjdk-amd64/lib/libjimage.so
7a3e67718000-7a3e6771a000 rw-p 00000000 00:00 0 
7a3e6771a000-7a3e6771b000 r--p 00000000 103:02 16530286                  /usr/lib/x86_64-linux-gnu/ld-linux-x86-64.so.2
7a3e6771b000-7a3e67746000 r-xp 00001000 103:02 16530286                  /usr/lib/x86_64-linux-gnu/ld-linux-x86-64.so.2
7a3e67746000-7a3e67750000 r--p 0002c000 103:02 16530286                  /usr/lib/x86_64-linux-gnu/ld-linux-x86-64.so.2
7a3e67750000-7a3e67752000 r--p 00036000 103:02 16530286                  /usr/lib/x86_64-linux-gnu/ld-linux-x86-64.so.2
7a3e67752000-7a3e67754000 rw-p 00038000 103:02 16530286                  /usr/lib/x86_64-linux-gnu/ld-linux-x86-64.so.2
7ffdfddb4000-7ffdfddd5000 rw-p 00000000 00:00 0                          [stack]
7ffdfdddc000-7ffdfdde0000 r--p 00000000 00:00 0                          [vvar]
7ffdfdde0000-7ffdfdde2000 r-xp 00000000 00:00 0                          [vdso]
ffffffffff600000-ffffffffff601000 --xp 00000000 00:00 0                  [vsyscall]
Total number of mappings: 400


VM Arguments:
jvm_args: -Dfile.encoding=UTF-8 --module-path=/home/dov/projects/NeighborhoodPIG/build/classes 
java_command: main.NeighborhoodPIG
java_class_path (initial): /home/dov/projects/Libraries/commons-math3/commons-math3-3.6.1-javadoc.jar:/home/dov/projects/Libraries/commons-math3/commons-math3-3.6.1-sources.jar:/home/dov/projects/Libraries/commons-math3/commons-math3-3.6.1-test-sources.jar:/home/dov/projects/Libraries/commons-math3/commons-math3-3.6.1-tests.jar:/home/dov/projects/Libraries/commons-math3/commons-math3-3.6.1-tools.jar:/home/dov/projects/Libraries/commons-math3/commons-math3-3.6.1.jar:/home/dov/projects/JCudaWrapper/jcuda12/jcublas-12.0.0.jar:/home/dov/projects/JCudaWrapper/jcuda12/jcublas-natives-12.0.0-linux-x86_64.jar:/home/dov/projects/JCudaWrapper/jcuda12/jcuda-12.0.0.jar:/home/dov/projects/JCudaWrapper/jcuda12/jcuda-natives-12.0.0-linux-x86_64.jar:/home/dov/projects/JCudaWrapper/jcuda12/jcudnn-12.0.0.jar:/home/dov/projects/JCudaWrapper/jcuda12/jcudnn-natives-12.0.0-linux-x86_64.jar:/home/dov/projects/JCudaWrapper/jcuda12/jcufft-12.0.0.jar:/home/dov/projects/JCudaWrapper/jcuda12/jcufft-natives-12.0.0-linux-x86_64.jar:/home/dov/projects/JCudaWrapper/jcuda12/jcurand-12.0.0.jar:/home/dov/projects/JCudaWrapper/jcuda12/jcurand-natives-12.0.0-linux-x86_64.jar:/home/dov/projects/JCudaWrapper/jcuda12/jcusolver-12.0.0.jar:/home/dov/projects/JCudaWrapper/jcuda12/jcusolver-natives-12.0.0-linux-x86_64.jar:/home/dov/projects/JCudaWrapper/jcuda12/jcusparse-12.0.0.jar:/home/dov/projects/JCudaWrapper/jcuda12/jcusparse-natives-12.0.0-linux-x86_64.jar:/home/dov/projects/NeighborhoodPIG/build/classes
Launcher Type: SUN_STANDARD

[Global flags]
     intx CICompilerCount                          = 12                                        {product} {ergonomic}
     uint ConcGCThreads                            = 3                                         {product} {ergonomic}
     uint G1ConcRefinementThreads                  = 13                                        {product} {ergonomic}
   size_t G1HeapRegionSize                         = 4194304                                   {product} {ergonomic}
    uintx GCDrainStackTargetSize                   = 64                                        {product} {ergonomic}
   size_t InitialHeapSize                          = 515899392                                 {product} {ergonomic}
   size_t MarkStackSize                            = 4194304                                   {product} {ergonomic}
   size_t MaxHeapSize                              = 8212447232                                {product} {ergonomic}
   size_t MaxNewSize                               = 4924112896                                {product} {ergonomic}
   size_t MinHeapDeltaBytes                        = 4194304                                   {product} {ergonomic}
   size_t MinHeapSize                              = 8388608                                   {product} {ergonomic}
    uintx NonNMethodCodeHeapSize                   = 7602480                                {pd product} {ergonomic}
    uintx NonProfiledCodeHeapSize                  = 122027880                              {pd product} {ergonomic}
    uintx ProfiledCodeHeapSize                     = 122027880                              {pd product} {ergonomic}
    uintx ReservedCodeCacheSize                    = 251658240                              {pd product} {ergonomic}
     bool SegmentedCodeCache                       = true                                      {product} {ergonomic}
   size_t SoftMaxHeapSize                          = 8212447232                             {manageable} {ergonomic}
     bool UseCompressedOops                        = true                           {product lp64_product} {ergonomic}
     bool UseG1GC                                  = true                                      {product} {ergonomic}

Logging:
Log output configuration:
 #0: stdout all=warning uptime,level,tags foldmultilines=false
 #1: stderr all=off uptime,level,tags foldmultilines=false

Environment Variables:
PATH=/usr/local/sbin:/usr/local/bin:/usr/sbin:/usr/bin:/sbin:/bin:/usr/games:/usr/local/games:/snap/bin:/snap/bin
USERNAME=dov
SHELL=/bin/bash
DISPLAY=:1
LANG=en_US.UTF-8

Active Locale:
LC_ALL=en_US.UTF-8
LC_COLLATE=en_US.UTF-8
LC_CTYPE=en_US.UTF-8
LC_MESSAGES=en_US.UTF-8
LC_MONETARY=en_US.UTF-8
LC_NUMERIC=en_US.UTF-8
LC_TIME=en_US.UTF-8

Signal Handlers:
   SIGSEGV: crash_handler in libjvm.so, mask=11100100010111111101111111111110, flags=SA_RESTART|SA_SIGINFO, unblocked
    SIGBUS: crash_handler in libjvm.so, mask=11100100010111111101111111111110, flags=SA_RESTART|SA_SIGINFO, unblocked
    SIGFPE: crash_handler in libjvm.so, mask=11100100010111111101111111111110, flags=SA_RESTART|SA_SIGINFO, unblocked
   SIGPIPE: javaSignalHandler in libjvm.so, mask=11100100010111111101111111111110, flags=SA_RESTART|SA_SIGINFO, blocked
   SIGXFSZ: javaSignalHandler in libjvm.so, mask=11100100010111111101111111111110, flags=SA_RESTART|SA_SIGINFO, blocked
    SIGILL: crash_handler in libjvm.so, mask=11100100010111111101111111111110, flags=SA_RESTART|SA_SIGINFO, unblocked
   SIGUSR2: SR_handler in libjvm.so, mask=00000000000000000000000000000000, flags=SA_RESTART|SA_SIGINFO, blocked
    SIGHUP: UserHandler in libjvm.so, mask=11100100010111111101111111111110, flags=SA_RESTART|SA_SIGINFO, blocked
    SIGINT: SIG_IGN, mask=00000000000000000000000000000000, flags=none, blocked
   SIGTERM: UserHandler in libjvm.so, mask=11100100010111111101111111111110, flags=SA_RESTART|SA_SIGINFO, blocked
   SIGQUIT: UserHandler in libjvm.so, mask=11100100010111111101111111111110, flags=SA_RESTART|SA_SIGINFO, blocked
   SIGTRAP: crash_handler in libjvm.so, mask=11100100010111111101111111111110, flags=SA_RESTART|SA_SIGINFO, unblocked


Periodic native trim disabled

---------------  S Y S T E M  ---------------

OS:
DISTRIB_ID=Ubuntu
DISTRIB_RELEASE=24.04
DISTRIB_CODENAME=noble
DISTRIB_DESCRIPTION="Ubuntu 24.04.1 LTS"
uname: Linux 6.8.0-47-generic #47-Ubuntu SMP PREEMPT_DYNAMIC Fri Sep 27 21:40:26 UTC 2024 x86_64
OS uptime: 0 days 0:29 hours
libc: glibc 2.39 NPTL 2.39 
rlimit (soft/hard): STACK 8192k/infinity , CORE 0k/infinity , NPROC 125013/125013 , NOFILE 1048576/1048576 , AS infinity/infinity , CPU infinity/infinity , DATA infinity/infinity , FSIZE infinity/infinity , MEMLOCK 4009332k/4009332k
load average: 0.44 0.35 0.32

/proc/meminfo:
MemTotal:       32074672 kB
MemFree:        24563028 kB
MemAvailable:   26484720 kB
Buffers:          105644 kB
Cached:          2235164 kB
SwapCached:            0 kB
Active:          5304076 kB
Inactive:        1065252 kB
Active(anon):    4129576 kB
Inactive(anon):        0 kB
Active(file):    1174500 kB
Inactive(file):  1065252 kB
Unevictable:          32 kB
Mlocked:              32 kB
SwapTotal:       8388604 kB
SwapFree:        8388604 kB
Zswap:                 0 kB
Zswapped:              0 kB
Dirty:               340 kB
Writeback:             0 kB
AnonPages:       4028432 kB
Mapped:           878072 kB
Shmem:            101044 kB
KReclaimable:      93432 kB
Slab:             356092 kB
SReclaimable:      93432 kB
SUnreclaim:       262660 kB
KernelStack:       20096 kB
PageTables:        48280 kB
SecPageTables:         0 kB
NFS_Unstable:          0 kB
Bounce:                0 kB
WritebackTmp:          0 kB
CommitLimit:    24425940 kB
Committed_AS:   21620696 kB
VmallocTotal:   34359738367 kB
VmallocUsed:      161920 kB
VmallocChunk:          0 kB
Percpu:            17344 kB
HardwareCorrupted:     0 kB
AnonHugePages:         0 kB
ShmemHugePages:        0 kB
ShmemPmdMapped:        0 kB
FileHugePages:         0 kB
FilePmdMapped:         0 kB
Unaccepted:            0 kB
HugePages_Total:       0
HugePages_Free:        0
HugePages_Rsvd:        0
HugePages_Surp:        0
Hugepagesize:       2048 kB
Hugetlb:               0 kB
DirectMap4k:      932328 kB
DirectMap2M:    14000128 kB
DirectMap1G:    18874368 kB

/sys/kernel/mm/transparent_hugepage/enabled: always [madvise] never
/sys/kernel/mm/transparent_hugepage/hpage_pmd_size: 2097152
/sys/kernel/mm/transparent_hugepage/defrag (defrag/compaction efforts parameter): always defer defer+madvise [madvise] never

Process Memory:
Virtual Size: 16959676K (peak: 17019260K)
Resident Set Size: 273960K (peak: 273960K) (anon: 110312K, file: 155456K, shmem: 8192K)
Swapped out: 0K
C-Heap outstanding allocations: 85746K, retained: 3117K
glibc malloc tunables: (default)

/proc/sys/kernel/threads-max (system-wide limit on the number of threads): 250026
/proc/sys/vm/max_map_count (maximum number of memory map areas a process may have): 1048576
/proc/sys/vm/swappiness (control to define how aggressively the kernel swaps out anonymous memory): 60
/proc/sys/kernel/pid_max (system-wide limit on number of process identifiers): 4194304

container (cgroup) information:
container_type: cgroupv2
cpu_cpuset_cpus: not supported
cpu_memory_nodes: not supported
active_processor_count: 16
cpu_quota: not supported
cpu_period: not supported
cpu_shares: not supported
memory_limit_in_bytes: unlimited
memory_and_swap_limit_in_bytes: unlimited
memory_soft_limit_in_bytes: unlimited
memory_usage_in_bytes: 2462460 k
memory_max_usage_in_bytes: not supported
memory_swap_current_in_bytes: unlimited
memory_swap_max_limit_in_bytes: unlimited
maximum number of tasks: 37503
current number of tasks: 100

Steal ticks since vm start: 0
Steal ticks percentage since vm start:  0.000

CPU: total 16 (initial active 16) (16 cores per cpu, 2 threads per core) family 25 model 68 stepping 1 microcode 0xa404101, cx8, cmov, fxsr, ht, mmx, 3dnowpref, sse, sse2, sse3, ssse3, sse4a, sse4.1, sse4.2, popcnt, lzcnt, tsc, tscinvbit, avx, avx2, aes, clmul, bmi1, bmi2, adx, sha, fma, vzeroupper, clflush, clflushopt, rdtscp, rdpid, f16c, pku, ospke, cet_ss
CPU Model and flags from /proc/cpuinfo:
model name	: AMD Ryzen 9 6900HS with Radeon Graphics
flags		: fpu vme de pse tsc msr pae mce cx8 apic sep mtrr pge mca cmov pat pse36 clflush mmx fxsr sse sse2 ht syscall nx mmxext fxsr_opt pdpe1gb rdtscp lm constant_tsc rep_good nopl nonstop_tsc cpuid extd_apicid aperfmperf rapl pni pclmulqdq monitor ssse3 fma cx16 sse4_1 sse4_2 x2apic movbe popcnt aes xsave avx f16c rdrand lahf_lm cmp_legacy svm extapic cr8_legacy abm sse4a misalignsse 3dnowprefetch osvw ibs skinit wdt tce topoext perfctr_core perfctr_nb bpext perfctr_llc mwaitx cpb cat_l3 cdp_l3 hw_pstate ssbd mba ibrs ibpb stibp vmmcall fsgsbase bmi1 avx2 smep bmi2 invpcid cqm rdt_a rdseed adx smap clflushopt clwb sha_ni xsaveopt xsavec xgetbv1 xsaves cqm_llc cqm_occup_llc cqm_mbm_total cqm_mbm_local user_shstk clzero irperf xsaveerptr rdpru wbnoinvd cppc arat npt lbrv svm_lock nrip_save tsc_scale vmcb_clean flushbyasid decodeassists pausefilter pfthreshold avic v_vmsave_vmload vgif v_spec_ctrl umip pku ospke vaes vpclmulqdq rdpid overflow_recov succor smca debug_swap

Online cpus: 0-15
Offline cpus: 
BIOS frequency limitation: <Not Available>
Frequency switch latency (ns): 0
Available cpu frequencies: <Not Available>
Current governor: powersave
Core performance/turbo boost: <Not Available>

Memory: 4k page, physical 32074672k(26484720k free), swap 8388604k(8388604k free)
Page Sizes: 4k

vm_info: OpenJDK 64-Bit Server VM (21.0.4+7-Ubuntu-1ubuntu224.04) for linux-amd64 JRE (21.0.4+7-Ubuntu-1ubuntu224.04), built on 2024-07-23T01:34:52Z by "buildd" with gcc 13.2.0

END.
