#
# A fatal error has been detected by the Java Runtime Environment:
#
#  SIGSEGV (0xb) at pc=0x0000714b6664b06e, pid=4735, tid=4740
#
# JRE version: OpenJDK Runtime Environment (21.0.4+7) (build 21.0.4+7-Ubuntu-1ubuntu224.04)
# Java VM: OpenJDK 64-Bit Server VM (21.0.4+7-Ubuntu-1ubuntu224.04, mixed mode, sharing, tiered, compressed oops, compressed class ptrs, g1 gc, linux-amd64)
# Problematic frame:
# C  [libcuda.so.1+0x24b06e]
#
# Core dump will be written. Default location: Core dumps may be processed with "/usr/share/apport/apport -p%p -s%s -c%c -d%d -P%P -u%u -g%g -- %E" (or dumping to /home/dov/projects/NeighborhoodPIG/core.4735)
#
# If you would like to submit a bug report, please visit:
#   https://bugs.launchpad.net/ubuntu/+source/openjdk-21
# The crash happened outside the Java Virtual Machine in native code.
# See problematic frame for where to report the bug.
#

---------------  S U M M A R Y ------------

Command Line: -Dfile.encoding=UTF-8 -agentlib:jdwp=transport=dt_socket,address=localhost:52593 --module-path=/home/dov/projects/NeighborhoodPIG/build/classes main.NeighborhoodPIG

Host: AMD Ryzen 9 6900HS with Radeon Graphics, 16 cores, 30G, Ubuntu 24.04.1 LTS
Time: Fri Nov  1 15:28:12 2024 IST elapsed time: 8.515617 seconds (0d 0h 0m 8s)

---------------  T H R E A D  ---------------

Current thread (0x0000714b9c01b940):  JavaThread "main"             [_thread_in_native, id=4740, stack(0x0000714ba1300000,0x0000714ba1400000) (1024K)]

Stack: [0x0000714ba1300000,0x0000714ba1400000],  sp=0x0000714ba13fe330,  free space=1016k
Native frames: (J=compiled Java code, j=interpreted, Vv=VM code, C=native code)
C  [libcuda.so.1+0x24b06e]
C  [libcuda.so.1+0x24b5f8]
C  [libcuda.so.1+0x2f19c3]
j  jcuda.driver.JCudaDriver.cuStreamSynchronizeNative(Ljcuda/driver/CUstream;)I+0
j  jcuda.driver.JCudaDriver.cuStreamSynchronize(Ljcuda/driver/CUstream;)I+1
j  JCudaWrapper.resourceManagement.Handle.get()Ljcuda/jcublas/cublasHandle;+11
j  JCudaWrapper.array.DStrideArray.multMatMatStridedBatched(LJCudaWrapper/resourceManagement/Handle;ZZIIIDLJCudaWrapper/array/DStrideArray;ILJCudaWrapper/array/DStrideArray;IDI)V+70
j  JCudaWrapper.algebra.Vector.addBatchVecVecMult(DLJCudaWrapper/algebra/VectorsStride;LJCudaWrapper/algebra/VectorsStride;D)V+53
j  JCudaWrapper.algebra.VectorsStride.norms(LJCudaWrapper/array/DArray;)LJCudaWrapper/algebra/Vector;+19
j  JCudaWrapper.algebra.VectorsStride.setVectorMagnitudes(DLJCudaWrapper/array/DArray;)LJCudaWrapper/algebra/VectorsStride;+13
j  main.StructureTensorMatrix.getRGB()[[[D+33
j  main.NeighborhoodPIG.orientationColored(Ljava/lang/String;)V+4
j  main.NeighborhoodPIG.main([Ljava/lang/String;)V+14
v  ~StubRoutines::call_stub 0x0000714b8bc5fcc6
V  [libjvm.so+0x90841a]  JavaCalls::call_helper(JavaValue*, methodHandle const&, JavaCallArguments*, JavaThread*)+0x2da
V  [libjvm.so+0x9ae72d]  jni_invoke_static(JNIEnv_*, JavaValue*, _jobject*, JNICallType, _jmethodID*, JNI_ArgumentPusher*, JavaThread*) [clone .constprop.1]+0x35d
V  [libjvm.so+0x9b0c7f]  jni_CallStaticVoidMethod+0x12f
C  [libjli.so+0x55be]  JavaMain+0xfde
C  [libjli.so+0x844d]  ThreadJavaMain+0xd
C  [libc.so.6+0x9ca94]
Java frames: (J=compiled Java code, j=interpreted, Vv=VM code)
j  jcuda.driver.JCudaDriver.cuStreamSynchronizeNative(Ljcuda/driver/CUstream;)I+0
j  jcuda.driver.JCudaDriver.cuStreamSynchronize(Ljcuda/driver/CUstream;)I+1
j  JCudaWrapper.resourceManagement.Handle.get()Ljcuda/jcublas/cublasHandle;+11
j  JCudaWrapper.array.DStrideArray.multMatMatStridedBatched(LJCudaWrapper/resourceManagement/Handle;ZZIIIDLJCudaWrapper/array/DStrideArray;ILJCudaWrapper/array/DStrideArray;IDI)V+70
j  JCudaWrapper.algebra.Vector.addBatchVecVecMult(DLJCudaWrapper/algebra/VectorsStride;LJCudaWrapper/algebra/VectorsStride;D)V+53
j  JCudaWrapper.algebra.VectorsStride.norms(LJCudaWrapper/array/DArray;)LJCudaWrapper/algebra/Vector;+19
j  JCudaWrapper.algebra.VectorsStride.setVectorMagnitudes(DLJCudaWrapper/array/DArray;)LJCudaWrapper/algebra/VectorsStride;+13
j  main.StructureTensorMatrix.getRGB()[[[D+33
j  main.NeighborhoodPIG.orientationColored(Ljava/lang/String;)V+4
j  main.NeighborhoodPIG.main([Ljava/lang/String;)V+14
v  ~StubRoutines::call_stub 0x0000714b8bc5fcc6

siginfo: si_signo: 11 (SIGSEGV), si_code: 1 (SEGV_MAPERR), si_addr: 0x0000714c8881a860

Registers:
RAX=0x0000714b9c645530, RBX=0x0000714ba13fe448, RCX=0x0000000000000002, RDX=0x0000714b9e7c8a70
RSP=0x0000714ba13fe330, RBP=0x0000714ba13fe390, RSI=0x0000000000000000, RDI=0x0000714b9c645530
R8 =0x0000714ba13fe3c8, R9 =0x0000000000000000, R10=0x0000714b9e7c8a70, R11=0x0000714c8881a478
R12=0x0000714ba13fe3c8, R13=0x0000714b9c645530, R14=0x0000714ba13fe558, R15=0x0000714b9c01b940
RIP=0x0000714b6664b06e, EFLAGS=0x0000000000010206, CSGSFS=0x002b000000000033, ERR=0x0000000000000004
  TRAPNO=0x000000000000000e


Register to memory mapping:

RAX=0x0000714b9c645530 points into unknown readable memory: 0x0000714b9c625250 | 50 52 62 9c 4b 71 00 00
RBX=0x0000714ba13fe448 is pointing into the stack for thread: 0x0000714b9c01b940
RCX=0x0000000000000002 is an unknown value
RDX=0x0000714b9e7c8a70 points into unknown readable memory: 0x0000714b9c3a7070 | 70 70 3a 9c 4b 71 00 00
RSP=0x0000714ba13fe330 is pointing into the stack for thread: 0x0000714b9c01b940
RBP=0x0000714ba13fe390 is pointing into the stack for thread: 0x0000714b9c01b940
RSI=0x0 is null
RDI=0x0000714b9c645530 points into unknown readable memory: 0x0000714b9c625250 | 50 52 62 9c 4b 71 00 00
R8 =0x0000714ba13fe3c8 is pointing into the stack for thread: 0x0000714b9c01b940
R9 =0x0 is null
R10=0x0000714b9e7c8a70 points into unknown readable memory: 0x0000714b9c3a7070 | 70 70 3a 9c 4b 71 00 00
R11=0x0000714c8881a478 is an unknown value
R12=0x0000714ba13fe3c8 is pointing into the stack for thread: 0x0000714b9c01b940
R13=0x0000714b9c645530 points into unknown readable memory: 0x0000714b9c625250 | 50 52 62 9c 4b 71 00 00
R14=0x0000714ba13fe558 is pointing into the stack for thread: 0x0000714b9c01b940
R15=0x0000714b9c01b940 is a thread

Top of Stack: (sp=0x0000714ba13fe330)
0x0000714ba13fe330:   0000000634890d50 0000000634890d78
0x0000714ba13fe340:   0000714b00000000 0000714b9c01b940
0x0000714ba13fe350:   0000714ba13fe668 0000714b848cb34c
0x0000714ba13fe360:   0000714ba13fe3f8 0000714ba13fe448
0x0000714ba13fe370:   0000000000000000 0000714ba13fe440
0x0000714ba13fe380:   0000714ba13fe558 0000714b9c01b940
0x0000714ba13fe390:   0000714ba13fe400 0000714b6664b5f8
0x0000714ba13fe3a0:   0000000634890d50 0000000634890d78
0x0000714ba13fe3b0:   0000714b10011f48 0000714b848c90af
0x0000714ba13fe3c0:   0000714ba13fe668 0000000000000000
0x0000714ba13fe3d0:   0000000000000250 0000714b104df2e0
0x0000714ba13fe3e0:   0000714b9e7c8a70 0000714b104df2e0
0x0000714ba13fe3f0:   0000714ba13fe558 0000714b9c01b940
0x0000714ba13fe400:   0000714ba13fe4d0 0000714b666f19c3
0x0000714ba13fe410:   0000714ba13fe558 000000000000002c
0x0000714ba13fe420:   000003e700000001 0000000000000000
0x0000714ba13fe430:   0000000000000000 0000714b9c645530
0x0000714ba13fe440:   0000000000000000 0000000000000000
0x0000714ba13fe450:   0000714ba13fe4e8 0000000634890d78
0x0000714ba13fe460:   0000714b01000020 0000714ba13fe4e8
0x0000714ba13fe470:   0000714ba13fe4d0 0000714ba23a3f27
0x0000714ba13fe480:   0000000634890d50 0000000000000000
0x0000714ba13fe490:   0000000634890d78 0000000634890d50
0x0000714ba13fe4a0:   0000000634890dc0 0000000000000000
0x0000714ba13fe4b0:   0000714b9c01bcf8 0000714b18e3604a
0x0000714ba13fe4c0:   0000000000000250 0000000000000000
0x0000714ba13fe4d0:   0000714ba13fe538 0000714b8bc6eb6d
0x0000714ba13fe4e0:   0000000000000001 0000714b9c01b940
0x0000714ba13fe4f0:   0000714ba13fe4f0 0000000000000000
0x0000714ba13fe500:   0000000000000004 0000714b104e3900
0x0000714ba13fe510:   0000000000000000 0000000634843a20
0x0000714ba13fe520:   0000714b104df2e0 0000000000000000 

Instructions: (pc=0x0000714b6664b06e)
0x0000714b6664af6e:   f6 c2 10 75 ba 83 e2 08 b8 8a 03 00 00 75 da 48
0x0000714b6664af7e:   8b 59 08 4c 8d 63 08 4c 89 e7 e8 23 3a e9 ff 48
0x0000714b6664af8e:   8b 5b 38 48 85 db 74 2d 66 2e 0f 1f 84 00 00 00
0x0000714b6664af9e:   00 00 48 8b bb e8 03 00 00 48 85 ff 74 0b f6 43
0x0000714b6664afae:   50 04 74 05 e8 c9 9a 29 00 48 8b 9b 58 01 00 00
0x0000714b6664afbe:   48 85 db 75 dd 4c 89 e7 e8 15 35 e9 ff b8 8a 03
0x0000714b6664afce:   00 00 eb 85 66 0f 1f 44 00 00 83 f8 02 ba 91 01
0x0000714b6664afde:   00 00 b8 00 00 00 00 5b 0f 44 c2 41 5c 5d c3 0f
0x0000714b6664afee:   1f 00 e8 8b 9a 29 00 b8 84 03 00 00 e9 58 ff ff
0x0000714b6664affe:   ff 90 55 48 89 e5 41 57 41 56 41 55 49 89 fd 41
0x0000714b6664b00e:   54 4d 89 c4 53 48 83 ec 38 49 c7 00 00 00 00 00
0x0000714b6664b01e:   48 85 f6 0f 84 b9 00 00 00 44 8b 0e 41 ba 00 00
0x0000714b6664b02e:   00 00 48 89 f3 45 85 c9 4c 0f 45 d6 48 83 fa 02
0x0000714b6664b03e:   77 20 48 85 d2 74 5b 48 83 fa 02 0f 85 81 00 00
0x0000714b6664b04e:   00 4d 85 d2 0f 84 a8 00 00 00 41 b8 90 01 00 00
0x0000714b6664b05e:   eb 28 4c 8b 1a 4d 85 db 74 f0 49 39 5b 10 75 ea
0x0000714b6664b06e:   49 83 bb e8 03 00 00 00 75 09 4d 85 ed 0f 85 57
0x0000714b6664b07e:   01 00 00 4d 89 1c 24 45 31 c0 48 8d 65 d8 44 89
0x0000714b6664b08e:   c0 5b 41 5c 41 5d 41 5e 41 5f 5d c3 66 0f 1f 44
0x0000714b6664b09e:   00 00 83 f9 02 0f 84 27 02 00 00 83 f9 03 0f 84
0x0000714b6664b0ae:   06 02 00 00 83 f9 01 0f 84 e5 01 00 00 0f b6 05
0x0000714b6664b0be:   66 ac 91 01 c0 e8 03 83 e0 01 84 c0 0f 85 7f ff
0x0000714b6664b0ce:   ff ff 4d 85 d2 0f 84 ef 00 00 00 4d 8b 5a 68 eb
0x0000714b6664b0de:   84 90 48 83 fa 02 0f 86 6e ff ff ff 4c 8b 1a 4d
0x0000714b6664b0ee:   85 db 0f 85 78 ff ff ff e9 5d ff ff ff 0f 1f 44
0x0000714b6664b0fe:   00 00 4d 8b 5d 18 4d 85 db 74 0d 8b 43 38 41 39
0x0000714b6664b10e:   45 20 0f 84 9f 00 00 00 4c 8d b3 a0 03 00 00 4c
0x0000714b6664b11e:   89 55 a8 4d 8b 7d 10 4c 89 f7 e8 83 38 e9 ff 4c
0x0000714b6664b12e:   8b 9b c8 03 00 00 45 31 c0 4c 89 fe 4c 89 c2 41
0x0000714b6664b13e:   8b 3b 4c 89 5d b0 89 7d b8 e8 14 72 0d 00 4c 8b
0x0000714b6664b14e:   5d b0 48 83 ec 08 8b 7d b8 45 31 c0 41 89 c1 4c
0x0000714b6664b15e:   89 f9 49 8b 53 10 41 8b 73 0c 6a 00 e8 21 ee 2a 


Stack slot to memory mapping:

stack at sp + 0 slots: 0x0000000634890d50 is an oop: java.util.Spliterators$IntArraySpliterator 
{0x0000000634890d50} - klass: 'java/util/Spliterators$IntArraySpliterator'
 - ---- fields (total size 5 words):
 - private 'index' 'I' @12  4 (0x00000004)
 - private 'estimatedSize' 'J' @16  -1 (0xffffffffffffffff)
 - private final 'fence' 'I' @24  4 (0x00000004)
 - private final 'characteristics' 'I' @28  17488 (0x00004450)
 - private final 'array' '[I' @32  [I{0x0000000634890d30} (0xc69121a6)
stack at sp + 1 slots: 0x0000000634890d78 is an oop: java.util.stream.IntPipeline$Head 
{0x0000000634890d78} - klass: 'java/util/stream/IntPipeline$Head'
 - ---- fields (total size 7 words):
 - protected final 'sourceOrOpFlags' 'I' @12  80 (0x00000050)
 - private 'depth' 'I' @16  0 (0x00000000)
 - private 'combinedFlags' 'I' @20  16777327 (0x0100006f)
 - private 'linkedOrConsumed' 'Z' @24  true (0x01)
 - private 'sourceAnyStateful' 'Z' @25  false (0x00)
 - private 'parallel' 'Z' @26  false (0x00)
 - private final 'sourceStage' 'Ljava/util/stream/AbstractPipeline;' @28  a 'java/util/stream/IntPipeline$Head'{0x0000000634890d78} (0xc69121af)
 - private final 'previousStage' 'Ljava/util/stream/AbstractPipeline;' @32  null (0x00000000)
 - private 'nextStage' 'Ljava/util/stream/AbstractPipeline;' @36  null (0x00000000)
 - private 'sourceSpliterator' 'Ljava/util/Spliterator;' @40  null (0x00000000)
 - private 'sourceSupplier' 'Ljava/util/function/Supplier;' @44  null (0x00000000)
 - private 'sourceCloseAction' 'Ljava/lang/Runnable;' @48  null (0x00000000)
stack at sp + 2 slots: 0x0000714b00000000 is an unknown value
stack at sp + 3 slots: 0x0000714b9c01b940 is a thread
stack at sp + 4 slots: 0x0000714ba13fe668 is pointing into the stack for thread: 0x0000714b9c01b940
stack at sp + 5 slots: 0x0000714b848cb34c is at entry_point+1292 in (nmethod*)0x0000714b848cac10
Compiled method (c1)    8527  556       3       java.util.stream.AbstractPipeline::copyInto (54 bytes)
 total in heap  [0x0000714b848cac10,0x0000714b848cb790] = 2944
 relocation     [0x0000714b848cad60,0x0000714b848cae30] = 208
 main code      [0x0000714b848cae40,0x0000714b848cb4f8] = 1720
 stub code      [0x0000714b848cb4f8,0x0000714b848cb588] = 144
 oops           [0x0000714b848cb588,0x0000714b848cb590] = 8
 metadata       [0x0000714b848cb590,0x0000714b848cb5b0] = 32
 scopes data    [0x0000714b848cb5b0,0x0000714b848cb650] = 160
 scopes pcs     [0x0000714b848cb650,0x0000714b848cb760] = 272
 dependencies   [0x0000714b848cb760,0x0000714b848cb770] = 16
 nul chk table  [0x0000714b848cb770,0x0000714b848cb790] = 32
stack at sp + 6 slots: 0x0000714ba13fe3f8 is pointing into the stack for thread: 0x0000714b9c01b940
stack at sp + 7 slots: 0x0000714ba13fe448 is pointing into the stack for thread: 0x0000714b9c01b940


---------------  P R O C E S S  ---------------

Threads class SMR info:
_java_thread_list=0x0000714ad402a060, length=15, elements={
0x0000714b9c01b940, 0x0000714b9c13a1f0, 0x0000714b9c13b680, 0x0000714b9c13d150,
0x0000714b9c13e7a0, 0x0000714b9c13fd50, 0x0000714b9c141920, 0x0000714b9c142ff0,
0x0000714b9c162100, 0x0000714b9c1bea30, 0x0000714b9c1d6130, 0x0000714abc001110,
0x0000714b9c1d7410, 0x0000714b9d550360, 0x0000714b9d5790a0
}

Java Threads: ( => current thread )
=>0x0000714b9c01b940 JavaThread "main"                              [_thread_in_native, id=4740, stack(0x0000714ba1300000,0x0000714ba1400000) (1024K)]
  0x0000714b9c13a1f0 JavaThread "Reference Handler"          daemon [_thread_blocked, id=4748, stack(0x0000714b72900000,0x0000714b72a00000) (1024K)]
  0x0000714b9c13b680 JavaThread "Finalizer"                  daemon [_thread_blocked, id=4749, stack(0x0000714b72800000,0x0000714b72900000) (1024K)]
  0x0000714b9c13d150 JavaThread "Signal Dispatcher"          daemon [_thread_blocked, id=4750, stack(0x0000714b72700000,0x0000714b72800000) (1024K)]
  0x0000714b9c13e7a0 JavaThread "Service Thread"             daemon [_thread_blocked, id=4751, stack(0x0000714b72600000,0x0000714b72700000) (1024K)]
  0x0000714b9c13fd50 JavaThread "Monitor Deflation Thread"   daemon [_thread_blocked, id=4752, stack(0x0000714b72500000,0x0000714b72600000) (1024K)]
  0x0000714b9c141920 JavaThread "C2 CompilerThread0"         daemon [_thread_blocked, id=4753, stack(0x0000714b72400000,0x0000714b72500000) (1024K)]
  0x0000714b9c142ff0 JavaThread "C1 CompilerThread0"         daemon [_thread_blocked, id=4754, stack(0x0000714b72300000,0x0000714b72400000) (1024K)]
  0x0000714b9c162100 JavaThread "Common-Cleaner"             daemon [_thread_blocked, id=4758, stack(0x0000714b72200000,0x0000714b72300000) (1024K)]
  0x0000714b9c1bea30 JavaThread "JDWP Transport Listener: dt_socket" daemon [_thread_blocked, id=4763, stack(0x0000714b71d00000,0x0000714b71e00000) (1024K)]
  0x0000714b9c1d6130 JavaThread "JDWP Event Helper Thread"   daemon [_thread_blocked, id=4765, stack(0x0000714b71c00000,0x0000714b71d00000) (1024K)]
  0x0000714abc001110 JavaThread "JDWP Command Reader"        daemon [_thread_in_native, id=4767, stack(0x0000714b71b00000,0x0000714b71c00000) (1024K)]
  0x0000714b9c1d7410 JavaThread "Notification Thread"        daemon [_thread_blocked, id=4772, stack(0x0000714b71a00000,0x0000714b71b00000) (1024K)]
  0x0000714b9d550360 JavaThread "pool-1-thread-1"            daemon [_thread_blocked, id=4781, stack(0x0000714b72000000,0x0000714b72100000) (1024K)]
  0x0000714b9d5790a0 JavaThread "Java2D Disposer"            daemon [_thread_blocked, id=4782, stack(0x0000714b71e00000,0x0000714b71f00000) (1024K)]
Total: 15

Other Threads:
  0x0000714b9c12cca0 VMThread "VM Thread"                           [id=4747, stack(0x0000714b737f9000,0x0000714b738f9000) (1024K)]
  0x0000714b9c112450 WatcherThread "VM Periodic Task Thread"        [id=4746, stack(0x0000714b738fa000,0x0000714b739fa000) (1024K)]
  0x0000714b9c046600 WorkerThread "GC Thread#0"                     [id=4741, stack(0x0000714b9bf00000,0x0000714b9c000000) (1024K)]
  0x0000714b9c057100 ConcurrentGCThread "G1 Main Marker"            [id=4742, stack(0x0000714b82700000,0x0000714b82800000) (1024K)]
  0x0000714b9c0580b0 WorkerThread "G1 Conc#0"                       [id=4743, stack(0x0000714b7ab00000,0x0000714b7ac00000) (1024K)]
  0x0000714b9c0ffcc0 ConcurrentGCThread "G1 Refine#0"               [id=4744, stack(0x0000714b73afc000,0x0000714b73bfc000) (1024K)]
  0x0000714b9c100c80 ConcurrentGCThread "G1 Service"                [id=4745, stack(0x0000714b739fb000,0x0000714b73afb000) (1024K)]
Total: 7

Threads with active compile tasks:
Total: 0

VM state: not at safepoint (normal execution)

VM Mutex/Monitor currently owned by a thread: None

Heap address: 0x0000000616800000, size: 7832 MB, Compressed Oops mode: Zero based, Oop shift amount: 3

CDS archive(s) mapped at: [0x0000714b1b000000-0x0000714b1bcae000-0x0000714b1bcae000), size 13295616, SharedBaseAddress: 0x0000714b1b000000, ArchiveRelocationMode: 1.
Compressed class space mapped at: 0x0000714b1c000000-0x0000714b5c000000, reserved size: 1073741824
Narrow klass base: 0x0000714b1b000000, Narrow klass shift: 0, Narrow klass range: 0x100000000

GC Precious Log:
 CardTable entry size: 512
 Card Set container configuration: InlinePtr #cards 4 size 8 Array Of Cards #cards 32 size 80 Howl #buckets 8 coarsen threshold 7372 Howl Bitmap #cards 1024 size 144 coarsen threshold 921 Card regions per heap region 1 cards per card region 8192
 CPUs: 16 total, 16 available
 Memory: 31322M
 Large Page Support: Disabled
 NUMA Support: Disabled
 Compressed Oops: Enabled (Zero based)
 Heap Region Size: 4M
 Heap Min Capacity: 8M
 Heap Initial Capacity: 492M
 Heap Max Capacity: 7832M
 Pre-touch: Disabled
 Parallel Workers: 13
 Concurrent Workers: 3
 Concurrent Refinement Workers: 13
 Periodic GC: Disabled

Heap:
 garbage-first heap   total 507904K, used 9246K [0x0000000616800000, 0x0000000800000000)
  region size 4096K, 3 young (12288K), 0 survivors (0K)
 Metaspace       used 3404K, committed 3584K, reserved 1114112K
  class space    used 289K, committed 384K, reserved 1048576K

Heap Regions: E=young(eden), S=young(survivor), O=old, HS=humongous(starts), HC=humongous(continues), CS=collection set, F=free, TAMS=top-at-mark-start, PB=parsable bottom
|   0|0x0000000616800000, 0x0000000616800000, 0x0000000616c00000|  0%| F|  |TAMS 0x0000000616800000| PB 0x0000000616800000| Untracked 
|   1|0x0000000616c00000, 0x0000000616c00000, 0x0000000617000000|  0%| F|  |TAMS 0x0000000616c00000| PB 0x0000000616c00000| Untracked 
|   2|0x0000000617000000, 0x0000000617000000, 0x0000000617400000|  0%| F|  |TAMS 0x0000000617000000| PB 0x0000000617000000| Untracked 
|   3|0x0000000617400000, 0x0000000617400000, 0x0000000617800000|  0%| F|  |TAMS 0x0000000617400000| PB 0x0000000617400000| Untracked 
|   4|0x0000000617800000, 0x0000000617800000, 0x0000000617c00000|  0%| F|  |TAMS 0x0000000617800000| PB 0x0000000617800000| Untracked 
|   5|0x0000000617c00000, 0x0000000617c00000, 0x0000000618000000|  0%| F|  |TAMS 0x0000000617c00000| PB 0x0000000617c00000| Untracked 
|   6|0x0000000618000000, 0x0000000618000000, 0x0000000618400000|  0%| F|  |TAMS 0x0000000618000000| PB 0x0000000618000000| Untracked 
|   7|0x0000000618400000, 0x0000000618400000, 0x0000000618800000|  0%| F|  |TAMS 0x0000000618400000| PB 0x0000000618400000| Untracked 
|   8|0x0000000618800000, 0x0000000618800000, 0x0000000618c00000|  0%| F|  |TAMS 0x0000000618800000| PB 0x0000000618800000| Untracked 
|   9|0x0000000618c00000, 0x0000000618c00000, 0x0000000619000000|  0%| F|  |TAMS 0x0000000618c00000| PB 0x0000000618c00000| Untracked 
|  10|0x0000000619000000, 0x0000000619000000, 0x0000000619400000|  0%| F|  |TAMS 0x0000000619000000| PB 0x0000000619000000| Untracked 
|  11|0x0000000619400000, 0x0000000619400000, 0x0000000619800000|  0%| F|  |TAMS 0x0000000619400000| PB 0x0000000619400000| Untracked 
|  12|0x0000000619800000, 0x0000000619800000, 0x0000000619c00000|  0%| F|  |TAMS 0x0000000619800000| PB 0x0000000619800000| Untracked 
|  13|0x0000000619c00000, 0x0000000619c00000, 0x000000061a000000|  0%| F|  |TAMS 0x0000000619c00000| PB 0x0000000619c00000| Untracked 
|  14|0x000000061a000000, 0x000000061a000000, 0x000000061a400000|  0%| F|  |TAMS 0x000000061a000000| PB 0x000000061a000000| Untracked 
|  15|0x000000061a400000, 0x000000061a400000, 0x000000061a800000|  0%| F|  |TAMS 0x000000061a400000| PB 0x000000061a400000| Untracked 
|  16|0x000000061a800000, 0x000000061a800000, 0x000000061ac00000|  0%| F|  |TAMS 0x000000061a800000| PB 0x000000061a800000| Untracked 
|  17|0x000000061ac00000, 0x000000061ac00000, 0x000000061b000000|  0%| F|  |TAMS 0x000000061ac00000| PB 0x000000061ac00000| Untracked 
|  18|0x000000061b000000, 0x000000061b000000, 0x000000061b400000|  0%| F|  |TAMS 0x000000061b000000| PB 0x000000061b000000| Untracked 
|  19|0x000000061b400000, 0x000000061b400000, 0x000000061b800000|  0%| F|  |TAMS 0x000000061b400000| PB 0x000000061b400000| Untracked 
|  20|0x000000061b800000, 0x000000061b800000, 0x000000061bc00000|  0%| F|  |TAMS 0x000000061b800000| PB 0x000000061b800000| Untracked 
|  21|0x000000061bc00000, 0x000000061bc00000, 0x000000061c000000|  0%| F|  |TAMS 0x000000061bc00000| PB 0x000000061bc00000| Untracked 
|  22|0x000000061c000000, 0x000000061c000000, 0x000000061c400000|  0%| F|  |TAMS 0x000000061c000000| PB 0x000000061c000000| Untracked 
|  23|0x000000061c400000, 0x000000061c400000, 0x000000061c800000|  0%| F|  |TAMS 0x000000061c400000| PB 0x000000061c400000| Untracked 
|  24|0x000000061c800000, 0x000000061c800000, 0x000000061cc00000|  0%| F|  |TAMS 0x000000061c800000| PB 0x000000061c800000| Untracked 
|  25|0x000000061cc00000, 0x000000061cc00000, 0x000000061d000000|  0%| F|  |TAMS 0x000000061cc00000| PB 0x000000061cc00000| Untracked 
|  26|0x000000061d000000, 0x000000061d000000, 0x000000061d400000|  0%| F|  |TAMS 0x000000061d000000| PB 0x000000061d000000| Untracked 
|  27|0x000000061d400000, 0x000000061d400000, 0x000000061d800000|  0%| F|  |TAMS 0x000000061d400000| PB 0x000000061d400000| Untracked 
|  28|0x000000061d800000, 0x000000061d800000, 0x000000061dc00000|  0%| F|  |TAMS 0x000000061d800000| PB 0x000000061d800000| Untracked 
|  29|0x000000061dc00000, 0x000000061dc00000, 0x000000061e000000|  0%| F|  |TAMS 0x000000061dc00000| PB 0x000000061dc00000| Untracked 
|  30|0x000000061e000000, 0x000000061e000000, 0x000000061e400000|  0%| F|  |TAMS 0x000000061e000000| PB 0x000000061e000000| Untracked 
|  31|0x000000061e400000, 0x000000061e400000, 0x000000061e800000|  0%| F|  |TAMS 0x000000061e400000| PB 0x000000061e400000| Untracked 
|  32|0x000000061e800000, 0x000000061e800000, 0x000000061ec00000|  0%| F|  |TAMS 0x000000061e800000| PB 0x000000061e800000| Untracked 
|  33|0x000000061ec00000, 0x000000061ec00000, 0x000000061f000000|  0%| F|  |TAMS 0x000000061ec00000| PB 0x000000061ec00000| Untracked 
|  34|0x000000061f000000, 0x000000061f000000, 0x000000061f400000|  0%| F|  |TAMS 0x000000061f000000| PB 0x000000061f000000| Untracked 
|  35|0x000000061f400000, 0x000000061f400000, 0x000000061f800000|  0%| F|  |TAMS 0x000000061f400000| PB 0x000000061f400000| Untracked 
|  36|0x000000061f800000, 0x000000061f800000, 0x000000061fc00000|  0%| F|  |TAMS 0x000000061f800000| PB 0x000000061f800000| Untracked 
|  37|0x000000061fc00000, 0x000000061fc00000, 0x0000000620000000|  0%| F|  |TAMS 0x000000061fc00000| PB 0x000000061fc00000| Untracked 
|  38|0x0000000620000000, 0x0000000620000000, 0x0000000620400000|  0%| F|  |TAMS 0x0000000620000000| PB 0x0000000620000000| Untracked 
|  39|0x0000000620400000, 0x0000000620400000, 0x0000000620800000|  0%| F|  |TAMS 0x0000000620400000| PB 0x0000000620400000| Untracked 
|  40|0x0000000620800000, 0x0000000620800000, 0x0000000620c00000|  0%| F|  |TAMS 0x0000000620800000| PB 0x0000000620800000| Untracked 
|  41|0x0000000620c00000, 0x0000000620c00000, 0x0000000621000000|  0%| F|  |TAMS 0x0000000620c00000| PB 0x0000000620c00000| Untracked 
|  42|0x0000000621000000, 0x0000000621000000, 0x0000000621400000|  0%| F|  |TAMS 0x0000000621000000| PB 0x0000000621000000| Untracked 
|  43|0x0000000621400000, 0x0000000621400000, 0x0000000621800000|  0%| F|  |TAMS 0x0000000621400000| PB 0x0000000621400000| Untracked 
|  44|0x0000000621800000, 0x0000000621800000, 0x0000000621c00000|  0%| F|  |TAMS 0x0000000621800000| PB 0x0000000621800000| Untracked 
|  45|0x0000000621c00000, 0x0000000621c00000, 0x0000000622000000|  0%| F|  |TAMS 0x0000000621c00000| PB 0x0000000621c00000| Untracked 
|  46|0x0000000622000000, 0x0000000622000000, 0x0000000622400000|  0%| F|  |TAMS 0x0000000622000000| PB 0x0000000622000000| Untracked 
|  47|0x0000000622400000, 0x0000000622400000, 0x0000000622800000|  0%| F|  |TAMS 0x0000000622400000| PB 0x0000000622400000| Untracked 
|  48|0x0000000622800000, 0x0000000622800000, 0x0000000622c00000|  0%| F|  |TAMS 0x0000000622800000| PB 0x0000000622800000| Untracked 
|  49|0x0000000622c00000, 0x0000000622c00000, 0x0000000623000000|  0%| F|  |TAMS 0x0000000622c00000| PB 0x0000000622c00000| Untracked 
|  50|0x0000000623000000, 0x0000000623000000, 0x0000000623400000|  0%| F|  |TAMS 0x0000000623000000| PB 0x0000000623000000| Untracked 
|  51|0x0000000623400000, 0x0000000623400000, 0x0000000623800000|  0%| F|  |TAMS 0x0000000623400000| PB 0x0000000623400000| Untracked 
|  52|0x0000000623800000, 0x0000000623800000, 0x0000000623c00000|  0%| F|  |TAMS 0x0000000623800000| PB 0x0000000623800000| Untracked 
|  53|0x0000000623c00000, 0x0000000623c00000, 0x0000000624000000|  0%| F|  |TAMS 0x0000000623c00000| PB 0x0000000623c00000| Untracked 
|  54|0x0000000624000000, 0x0000000624000000, 0x0000000624400000|  0%| F|  |TAMS 0x0000000624000000| PB 0x0000000624000000| Untracked 
|  55|0x0000000624400000, 0x0000000624400000, 0x0000000624800000|  0%| F|  |TAMS 0x0000000624400000| PB 0x0000000624400000| Untracked 
|  56|0x0000000624800000, 0x0000000624800000, 0x0000000624c00000|  0%| F|  |TAMS 0x0000000624800000| PB 0x0000000624800000| Untracked 
|  57|0x0000000624c00000, 0x0000000624c00000, 0x0000000625000000|  0%| F|  |TAMS 0x0000000624c00000| PB 0x0000000624c00000| Untracked 
|  58|0x0000000625000000, 0x0000000625000000, 0x0000000625400000|  0%| F|  |TAMS 0x0000000625000000| PB 0x0000000625000000| Untracked 
|  59|0x0000000625400000, 0x0000000625400000, 0x0000000625800000|  0%| F|  |TAMS 0x0000000625400000| PB 0x0000000625400000| Untracked 
|  60|0x0000000625800000, 0x0000000625800000, 0x0000000625c00000|  0%| F|  |TAMS 0x0000000625800000| PB 0x0000000625800000| Untracked 
|  61|0x0000000625c00000, 0x0000000625c00000, 0x0000000626000000|  0%| F|  |TAMS 0x0000000625c00000| PB 0x0000000625c00000| Untracked 
|  62|0x0000000626000000, 0x0000000626000000, 0x0000000626400000|  0%| F|  |TAMS 0x0000000626000000| PB 0x0000000626000000| Untracked 
|  63|0x0000000626400000, 0x0000000626400000, 0x0000000626800000|  0%| F|  |TAMS 0x0000000626400000| PB 0x0000000626400000| Untracked 
|  64|0x0000000626800000, 0x0000000626800000, 0x0000000626c00000|  0%| F|  |TAMS 0x0000000626800000| PB 0x0000000626800000| Untracked 
|  65|0x0000000626c00000, 0x0000000626c00000, 0x0000000627000000|  0%| F|  |TAMS 0x0000000626c00000| PB 0x0000000626c00000| Untracked 
|  66|0x0000000627000000, 0x0000000627000000, 0x0000000627400000|  0%| F|  |TAMS 0x0000000627000000| PB 0x0000000627000000| Untracked 
|  67|0x0000000627400000, 0x0000000627400000, 0x0000000627800000|  0%| F|  |TAMS 0x0000000627400000| PB 0x0000000627400000| Untracked 
|  68|0x0000000627800000, 0x0000000627800000, 0x0000000627c00000|  0%| F|  |TAMS 0x0000000627800000| PB 0x0000000627800000| Untracked 
|  69|0x0000000627c00000, 0x0000000627c00000, 0x0000000628000000|  0%| F|  |TAMS 0x0000000627c00000| PB 0x0000000627c00000| Untracked 
|  70|0x0000000628000000, 0x0000000628000000, 0x0000000628400000|  0%| F|  |TAMS 0x0000000628000000| PB 0x0000000628000000| Untracked 
|  71|0x0000000628400000, 0x0000000628400000, 0x0000000628800000|  0%| F|  |TAMS 0x0000000628400000| PB 0x0000000628400000| Untracked 
|  72|0x0000000628800000, 0x0000000628800000, 0x0000000628c00000|  0%| F|  |TAMS 0x0000000628800000| PB 0x0000000628800000| Untracked 
|  73|0x0000000628c00000, 0x0000000628c00000, 0x0000000629000000|  0%| F|  |TAMS 0x0000000628c00000| PB 0x0000000628c00000| Untracked 
|  74|0x0000000629000000, 0x0000000629000000, 0x0000000629400000|  0%| F|  |TAMS 0x0000000629000000| PB 0x0000000629000000| Untracked 
|  75|0x0000000629400000, 0x0000000629400000, 0x0000000629800000|  0%| F|  |TAMS 0x0000000629400000| PB 0x0000000629400000| Untracked 
|  76|0x0000000629800000, 0x0000000629800000, 0x0000000629c00000|  0%| F|  |TAMS 0x0000000629800000| PB 0x0000000629800000| Untracked 
|  77|0x0000000629c00000, 0x0000000629c00000, 0x000000062a000000|  0%| F|  |TAMS 0x0000000629c00000| PB 0x0000000629c00000| Untracked 
|  78|0x000000062a000000, 0x000000062a000000, 0x000000062a400000|  0%| F|  |TAMS 0x000000062a000000| PB 0x000000062a000000| Untracked 
|  79|0x000000062a400000, 0x000000062a400000, 0x000000062a800000|  0%| F|  |TAMS 0x000000062a400000| PB 0x000000062a400000| Untracked 
|  80|0x000000062a800000, 0x000000062a800000, 0x000000062ac00000|  0%| F|  |TAMS 0x000000062a800000| PB 0x000000062a800000| Untracked 
|  81|0x000000062ac00000, 0x000000062ac00000, 0x000000062b000000|  0%| F|  |TAMS 0x000000062ac00000| PB 0x000000062ac00000| Untracked 
|  82|0x000000062b000000, 0x000000062b000000, 0x000000062b400000|  0%| F|  |TAMS 0x000000062b000000| PB 0x000000062b000000| Untracked 
|  83|0x000000062b400000, 0x000000062b400000, 0x000000062b800000|  0%| F|  |TAMS 0x000000062b400000| PB 0x000000062b400000| Untracked 
|  84|0x000000062b800000, 0x000000062b800000, 0x000000062bc00000|  0%| F|  |TAMS 0x000000062b800000| PB 0x000000062b800000| Untracked 
|  85|0x000000062bc00000, 0x000000062bc00000, 0x000000062c000000|  0%| F|  |TAMS 0x000000062bc00000| PB 0x000000062bc00000| Untracked 
|  86|0x000000062c000000, 0x000000062c000000, 0x000000062c400000|  0%| F|  |TAMS 0x000000062c000000| PB 0x000000062c000000| Untracked 
|  87|0x000000062c400000, 0x000000062c400000, 0x000000062c800000|  0%| F|  |TAMS 0x000000062c400000| PB 0x000000062c400000| Untracked 
|  88|0x000000062c800000, 0x000000062c800000, 0x000000062cc00000|  0%| F|  |TAMS 0x000000062c800000| PB 0x000000062c800000| Untracked 
|  89|0x000000062cc00000, 0x000000062cc00000, 0x000000062d000000|  0%| F|  |TAMS 0x000000062cc00000| PB 0x000000062cc00000| Untracked 
|  90|0x000000062d000000, 0x000000062d000000, 0x000000062d400000|  0%| F|  |TAMS 0x000000062d000000| PB 0x000000062d000000| Untracked 
|  91|0x000000062d400000, 0x000000062d400000, 0x000000062d800000|  0%| F|  |TAMS 0x000000062d400000| PB 0x000000062d400000| Untracked 
|  92|0x000000062d800000, 0x000000062d800000, 0x000000062dc00000|  0%| F|  |TAMS 0x000000062d800000| PB 0x000000062d800000| Untracked 
|  93|0x000000062dc00000, 0x000000062dc00000, 0x000000062e000000|  0%| F|  |TAMS 0x000000062dc00000| PB 0x000000062dc00000| Untracked 
|  94|0x000000062e000000, 0x000000062e000000, 0x000000062e400000|  0%| F|  |TAMS 0x000000062e000000| PB 0x000000062e000000| Untracked 
|  95|0x000000062e400000, 0x000000062e400000, 0x000000062e800000|  0%| F|  |TAMS 0x000000062e400000| PB 0x000000062e400000| Untracked 
|  96|0x000000062e800000, 0x000000062e800000, 0x000000062ec00000|  0%| F|  |TAMS 0x000000062e800000| PB 0x000000062e800000| Untracked 
|  97|0x000000062ec00000, 0x000000062ec00000, 0x000000062f000000|  0%| F|  |TAMS 0x000000062ec00000| PB 0x000000062ec00000| Untracked 
|  98|0x000000062f000000, 0x000000062f000000, 0x000000062f400000|  0%| F|  |TAMS 0x000000062f000000| PB 0x000000062f000000| Untracked 
|  99|0x000000062f400000, 0x000000062f400000, 0x000000062f800000|  0%| F|  |TAMS 0x000000062f400000| PB 0x000000062f400000| Untracked 
| 100|0x000000062f800000, 0x000000062f800000, 0x000000062fc00000|  0%| F|  |TAMS 0x000000062f800000| PB 0x000000062f800000| Untracked 
| 101|0x000000062fc00000, 0x000000062fc00000, 0x0000000630000000|  0%| F|  |TAMS 0x000000062fc00000| PB 0x000000062fc00000| Untracked 
| 102|0x0000000630000000, 0x0000000630000000, 0x0000000630400000|  0%| F|  |TAMS 0x0000000630000000| PB 0x0000000630000000| Untracked 
| 103|0x0000000630400000, 0x0000000630400000, 0x0000000630800000|  0%| F|  |TAMS 0x0000000630400000| PB 0x0000000630400000| Untracked 
| 104|0x0000000630800000, 0x0000000630800000, 0x0000000630c00000|  0%| F|  |TAMS 0x0000000630800000| PB 0x0000000630800000| Untracked 
| 105|0x0000000630c00000, 0x0000000630c00000, 0x0000000631000000|  0%| F|  |TAMS 0x0000000630c00000| PB 0x0000000630c00000| Untracked 
| 106|0x0000000631000000, 0x0000000631000000, 0x0000000631400000|  0%| F|  |TAMS 0x0000000631000000| PB 0x0000000631000000| Untracked 
| 107|0x0000000631400000, 0x0000000631400000, 0x0000000631800000|  0%| F|  |TAMS 0x0000000631400000| PB 0x0000000631400000| Untracked 
| 108|0x0000000631800000, 0x0000000631800000, 0x0000000631c00000|  0%| F|  |TAMS 0x0000000631800000| PB 0x0000000631800000| Untracked 
| 109|0x0000000631c00000, 0x0000000631c00000, 0x0000000632000000|  0%| F|  |TAMS 0x0000000631c00000| PB 0x0000000631c00000| Untracked 
| 110|0x0000000632000000, 0x0000000632000000, 0x0000000632400000|  0%| F|  |TAMS 0x0000000632000000| PB 0x0000000632000000| Untracked 
| 111|0x0000000632400000, 0x0000000632400000, 0x0000000632800000|  0%| F|  |TAMS 0x0000000632400000| PB 0x0000000632400000| Untracked 
| 112|0x0000000632800000, 0x0000000632800000, 0x0000000632c00000|  0%| F|  |TAMS 0x0000000632800000| PB 0x0000000632800000| Untracked 
| 113|0x0000000632c00000, 0x0000000632c00000, 0x0000000633000000|  0%| F|  |TAMS 0x0000000632c00000| PB 0x0000000632c00000| Untracked 
| 114|0x0000000633000000, 0x0000000633000000, 0x0000000633400000|  0%| F|  |TAMS 0x0000000633000000| PB 0x0000000633000000| Untracked 
| 115|0x0000000633400000, 0x0000000633400000, 0x0000000633800000|  0%| F|  |TAMS 0x0000000633400000| PB 0x0000000633400000| Untracked 
| 116|0x0000000633800000, 0x0000000633800000, 0x0000000633c00000|  0%| F|  |TAMS 0x0000000633800000| PB 0x0000000633800000| Untracked 
| 117|0x0000000633c00000, 0x0000000633c00000, 0x0000000634000000|  0%| F|  |TAMS 0x0000000633c00000| PB 0x0000000633c00000| Untracked 
| 118|0x0000000634000000, 0x0000000634000000, 0x0000000634400000|  0%| F|  |TAMS 0x0000000634000000| PB 0x0000000634000000| Untracked 
| 119|0x0000000634400000, 0x0000000634400000, 0x0000000634800000|  0%| F|  |TAMS 0x0000000634400000| PB 0x0000000634400000| Untracked 
| 120|0x0000000634800000, 0x00000006348f6450, 0x0000000634c00000| 24%| E|  |TAMS 0x0000000634800000| PB 0x0000000634800000| Complete 
| 121|0x0000000634c00000, 0x0000000635000000, 0x0000000635000000|100%| E|CS|TAMS 0x0000000634c00000| PB 0x0000000634c00000| Complete 
| 122|0x0000000635000000, 0x0000000635400000, 0x0000000635400000|100%| E|CS|TAMS 0x0000000635000000| PB 0x0000000635000000| Complete 
|1957|0x00000007ffc00000, 0x00000007ffd079d8, 0x0000000800000000| 25%| O|  |TAMS 0x00000007ffc00000| PB 0x00000007ffc00000| Untracked 

Card table byte_map: [0x0000714b82800000,0x0000714b8374c000] _byte_map_base: 0x0000714b7f74c000

Marking Bits: (CMBitMap*) 0x0000714b9c047130
 Bits: [0x0000714b7ac00000, 0x0000714b82660000)

Polling page: 0x0000714ba2d52000

Metaspace:

Usage:
  Non-class:      3.04 MB used.
      Class:    289.82 KB used.
       Both:      3.32 MB used.

Virtual space:
  Non-class space:       64.00 MB reserved,       3.12 MB (  5%) committed,  1 nodes.
      Class space:        1.00 GB reserved,     384.00 KB ( <1%) committed,  1 nodes.
             Both:        1.06 GB reserved,       3.50 MB ( <1%) committed. 

Chunk freelists:
   Non-Class:  11.00 MB
       Class:  15.61 MB
        Both:  26.61 MB

MaxMetaspaceSize: unlimited
CompressedClassSpaceSize: 1.00 GB
Initial GC threshold: 21.00 MB
Current GC threshold: 21.00 MB
CDS: on
 - commit_granule_bytes: 65536.
 - commit_granule_words: 8192.
 - virtual_space_node_default_size: 8388608.
 - enlarge_chunks_in_place: 1.
 - use_allocation_guard: 0.


Internal statistics:

num_allocs_failed_limit: 0.
num_arena_births: 104.
num_arena_deaths: 0.
num_vsnodes_births: 2.
num_vsnodes_deaths: 0.
num_space_committed: 56.
num_space_uncommitted: 0.
num_chunks_returned_to_freelist: 0.
num_chunks_taken_from_freelist: 180.
num_chunk_merges: 0.
num_chunk_splits: 108.
num_chunks_enlarged: 49.
num_inconsistent_stats: 0.

CodeHeap 'non-profiled nmethods': size=119168Kb used=206Kb max_used=206Kb free=118962Kb
 bounds [0x0000714b8c3a0000, 0x0000714b8c610000, 0x0000714b93800000]
CodeHeap 'profiled nmethods': size=119164Kb used=1040Kb max_used=1040Kb free=118123Kb
 bounds [0x0000714b84800000, 0x0000714b84a70000, 0x0000714b8bc5f000]
CodeHeap 'non-nmethods': size=7428Kb used=1568Kb max_used=3136Kb free=5859Kb
 bounds [0x0000714b8bc5f000, 0x0000714b8bf7f000, 0x0000714b8c3a0000]
 total_blobs=1299 nmethods=697 adapters=508
 compilation: enabled
              stopped_count=0, restarted_count=0
 full_count=0

Compilation events (20 events):
Event: 1.840 Thread 0x0000714ae00807a0 nmethod 687 0x0000714b848fdd10 code [0x0000714b848fdec0, 0x0000714b848fe130]
Event: 1.841 Thread 0x0000714b9c142ff0 nmethod 679 0x0000714b848fe290 code [0x0000714b848fe6e0, 0x0000714b84900d90]
Event: 1.842 Thread 0x0000714b9c142ff0  688       1       jdk.internal.loader.URLClassPath$Loader::getBaseURL (5 bytes)
Event: 1.842 Thread 0x0000714b9c142ff0 nmethod 688 0x0000714b8c3d2990 code [0x0000714b8c3d2b20, 0x0000714b8c3d2be8]
Event: 1.843 Thread 0x0000714b9c142ff0  689       3       java.util.jar.JarFile::maybeInstantiateVerifier (42 bytes)
Event: 1.844 Thread 0x0000714ae00b3e70  690       1       java.net.URLStreamHandler::getDefaultPort (2 bytes)
Event: 1.844 Thread 0x0000714b9c142ff0 nmethod 689 0x0000714b84901f90 code [0x0000714b84902160, 0x0000714b849024d0]
Event: 1.844 Thread 0x0000714ae00b3e70 nmethod 690 0x0000714b8c3d2c90 code [0x0000714b8c3d2e20, 0x0000714b8c3d2ee0]
Event: 1.844 Thread 0x0000714ae00b3e70  691       3       jdk.internal.ref.CleanerFactory::cleaner (4 bytes)
Event: 1.844 Thread 0x0000714ae00b3e70 nmethod 691 0x0000714b84902610 code [0x0000714b849027a0, 0x0000714b84902890]
Event: 1.845 Thread 0x0000714b9c141920  692       4       java.lang.invoke.MethodType::parameterCount (6 bytes)
Event: 1.846 Thread 0x0000714b9c141920 nmethod 692 0x0000714b8c3d2f90 code [0x0000714b8c3d3100, 0x0000714b8c3d31a8]
Event: 1.849 Thread 0x0000714ae00807a0  694       3       java.lang.String::indexOf (64 bytes)
Event: 1.849 Thread 0x0000714b9c142ff0  695       3       java.lang.StringLatin1::indexOf (25 bytes)
Event: 1.849 Thread 0x0000714b9c142ff0 nmethod 695 0x0000714b84902910 code [0x0000714b84902ac0, 0x0000714b84902cd0]
Event: 1.850 Thread 0x0000714ae00807a0 nmethod 694 0x0000714b84902d90 code [0x0000714b84902fa0, 0x0000714b84903488]
Event: 1.852 Thread 0x0000714ae00807a0  697       3       JCudaWrapper.array.Array::checkUpperBound (51 bytes)
Event: 1.852 Thread 0x0000714ae00b3e70  696       3       JCudaWrapper.array.Array::checkAgainstLength (10 bytes)
Event: 1.853 Thread 0x0000714ae00b3e70 nmethod 696 0x0000714b84903610 code [0x0000714b849037a0, 0x0000714b84903978]
Event: 1.853 Thread 0x0000714ae00807a0 nmethod 697 0x0000714b84903a10 code [0x0000714b84903be0, 0x0000714b84903f48]

GC Heap History (0 events):
No events

Dll operation events (11 events):
Event: 0.003 Loaded shared library /usr/lib/jvm/java-21-openjdk-amd64/lib/libjava.so
Event: 0.037 Loaded shared library /usr/lib/jvm/java-21-openjdk-amd64/lib/libjsvml.so
Event: 0.041 Loaded shared library /usr/lib/jvm/java-21-openjdk-amd64/lib/libnio.so
Event: 0.147 Loaded shared library /usr/lib/jvm/java-21-openjdk-amd64/lib/libzip.so
Event: 0.210 Loaded shared library /usr/lib/jvm/java-21-openjdk-amd64/lib/libjimage.so
Event: 0.273 Loaded shared library /tmp/libJCublas2-12.0.0-linux-x86_64.so
Event: 1.671 Loaded shared library /tmp/libJCudaRuntime-12.0.0-linux-x86_64.so
Event: 1.700 Loaded shared library /usr/lib/jvm/java-21-openjdk-amd64/lib/libawt.so
Event: 1.704 Loaded shared library /usr/lib/jvm/java-21-openjdk-amd64/lib/libawt_xawt.so
Event: 1.751 Loaded shared library /usr/lib/jvm/java-21-openjdk-amd64/lib/libjavajpeg.so
Event: 1.833 Loaded shared library /tmp/libJCudaDriver-12.0.0-linux-x86_64.so

Deoptimization events (20 events):
Event: 1.691 Thread 0x0000714b9c01b940 DEOPT PACKING pc=0x0000714b8c3afbe0 sp=0x0000714ba13fcda0
Event: 1.691 Thread 0x0000714b9c01b940 DEOPT UNPACKING pc=0x0000714b8bcb2f99 sp=0x0000714ba13fcd68 mode 2
Event: 1.702 Thread 0x0000714b9c01b940 Uncommon trap: trap_request=0xffffff45 fr.pc=0x0000714b8c3b2fec relative=0x00000000000001cc
Event: 1.702 Thread 0x0000714b9c01b940 Uncommon trap: reason=unstable_if action=reinterpret pc=0x0000714b8c3b2fec method=jdk.internal.util.ArraysSupport.vectorizedHashCode(Ljava/lang/Object;IIII)I @ 2 c2
Event: 1.702 Thread 0x0000714b9c01b940 DEOPT PACKING pc=0x0000714b8c3b2fec sp=0x0000714ba13fa820
Event: 1.702 Thread 0x0000714b9c01b940 DEOPT UNPACKING pc=0x0000714b8bcb2f99 sp=0x0000714ba13fa810 mode 2
Event: 1.832 Thread 0x0000714b9c01b940 DEOPT PACKING pc=0x0000714b848182d9 sp=0x0000714ba13fdb10
Event: 1.832 Thread 0x0000714b9c01b940 DEOPT UNPACKING pc=0x0000714b8bcb372f sp=0x0000714ba13fcf50 mode 0
Event: 1.846 Thread 0x0000714b9c01b940 Uncommon trap: trap_request=0xffffffc6 fr.pc=0x0000714b8c3b0c58 relative=0x0000000000000d18
Event: 1.846 Thread 0x0000714b9c01b940 Uncommon trap: reason=bimorphic_or_optimized_type_check action=maybe_recompile pc=0x0000714b8c3b0c58 method=java.util.HashMap.putVal(ILjava/lang/Object;Ljava/lang/Object;ZZ)Ljava/lang/Object; @ 56 c2
Event: 1.846 Thread 0x0000714b9c01b940 DEOPT PACKING pc=0x0000714b8c3b0c58 sp=0x0000714ba13fe4e0
Event: 1.846 Thread 0x0000714b9c01b940 DEOPT UNPACKING pc=0x0000714b8bcb2f99 sp=0x0000714ba13fe488 mode 2
Event: 1.850 Thread 0x0000714b9c01b940 Uncommon trap: trap_request=0xffffffc6 fr.pc=0x0000714b8c3b0c58 relative=0x0000000000000d18
Event: 1.850 Thread 0x0000714b9c01b940 Uncommon trap: reason=bimorphic_or_optimized_type_check action=maybe_recompile pc=0x0000714b8c3b0c58 method=java.util.HashMap.putVal(ILjava/lang/Object;Ljava/lang/Object;ZZ)Ljava/lang/Object; @ 56 c2
Event: 1.850 Thread 0x0000714b9c01b940 DEOPT PACKING pc=0x0000714b8c3b0c58 sp=0x0000714ba13fe260
Event: 1.850 Thread 0x0000714b9c01b940 DEOPT UNPACKING pc=0x0000714b8bcb2f99 sp=0x0000714ba13fe208 mode 2
Event: 1.852 Thread 0x0000714b9c01b940 Uncommon trap: trap_request=0xffffffc6 fr.pc=0x0000714b8c3b0c58 relative=0x0000000000000d18
Event: 1.852 Thread 0x0000714b9c01b940 Uncommon trap: reason=bimorphic_or_optimized_type_check action=maybe_recompile pc=0x0000714b8c3b0c58 method=java.util.HashMap.putVal(ILjava/lang/Object;Ljava/lang/Object;ZZ)Ljava/lang/Object; @ 56 c2
Event: 1.852 Thread 0x0000714b9c01b940 DEOPT PACKING pc=0x0000714b8c3b0c58 sp=0x0000714ba13fe440
Event: 1.852 Thread 0x0000714b9c01b940 DEOPT UNPACKING pc=0x0000714b8bcb2f99 sp=0x0000714ba13fe3e8 mode 2

Classes loaded (20 events):
Event: 1.768 Loading class java/util/stream/MatchOps$MatchKind
Event: 1.768 Loading class java/util/stream/MatchOps$MatchKind done
Event: 1.768 Loading class java/util/stream/MatchOps
Event: 1.768 Loading class java/util/stream/MatchOps done
Event: 1.768 Loading class java/util/stream/MatchOps$MatchOp
Event: 1.768 Loading class java/util/stream/MatchOps$MatchOp done
Event: 1.768 Loading class java/util/stream/MatchOps$BooleanTerminalSink
Event: 1.768 Loading class java/util/stream/MatchOps$BooleanTerminalSink done
Event: 1.769 Loading class java/util/stream/MatchOps$2MatchSink
Event: 1.769 Loading class java/util/stream/MatchOps$2MatchSink done
Event: 1.770 Loading class java/util/stream/MatchOps$1MatchSink
Event: 1.770 Loading class java/util/stream/MatchOps$1MatchSink done
Event: 1.770 Loading class java/nio/HeapDoubleBuffer
Event: 1.771 Loading class java/nio/HeapDoubleBuffer done
Event: 1.806 Loading class java/awt/Dimension
Event: 1.806 Loading class java/awt/geom/Dimension2D
Event: 1.806 Loading class java/awt/geom/Dimension2D done
Event: 1.806 Loading class java/awt/Dimension done
Event: 1.846 Loading class java/nio/HeapIntBuffer
Event: 1.846 Loading class java/nio/HeapIntBuffer done

Classes unloaded (0 events):
No events

Classes redefined (0 events):
No events

Internal exceptions (13 events):
Event: 0.086 Thread 0x0000714b9c01b940 Exception <a 'sun/nio/fs/UnixException'{0x0000000635070ea8}> (0x0000000635070ea8) 
thrown [./src/hotspot/share/prims/jni.cpp, line 520]
Event: 0.086 Thread 0x0000714b9c01b940 Exception <a 'sun/nio/fs/UnixException'{0x00000006350715e8}> (0x00000006350715e8) 
thrown [./src/hotspot/share/prims/jni.cpp, line 520]
Event: 0.086 Thread 0x0000714b9c01b940 Exception <a 'sun/nio/fs/UnixException'{0x0000000635071e18}> (0x0000000635071e18) 
thrown [./src/hotspot/share/prims/jni.cpp, line 520]
Event: 0.086 Thread 0x0000714b9c01b940 Exception <a 'sun/nio/fs/UnixException'{0x0000000635072410}> (0x0000000635072410) 
thrown [./src/hotspot/share/prims/jni.cpp, line 520]
Event: 0.086 Thread 0x0000714b9c01b940 Exception <a 'sun/nio/fs/UnixException'{0x00000006350729e0}> (0x00000006350729e0) 
thrown [./src/hotspot/share/prims/jni.cpp, line 520]
Event: 0.087 Thread 0x0000714b9c01b940 Exception <a 'sun/nio/fs/UnixException'{0x0000000635072fc0}> (0x0000000635072fc0) 
thrown [./src/hotspot/share/prims/jni.cpp, line 520]
Event: 0.087 Thread 0x0000714b9c01b940 Exception <a 'sun/nio/fs/UnixException'{0x0000000635073810}> (0x0000000635073810) 
thrown [./src/hotspot/share/prims/jni.cpp, line 520]
Event: 1.682 Thread 0x0000714b9c01b940 Exception <a 'java/lang/NoSuchMethodError'{0x0000000634cd2998}: 'void java.lang.invoke.DirectMethodHandle$Holder.invokeStatic(java.lang.Object, java.lang.Object)'> (0x0000000634cd2998) 
thrown [./src/hotspot/share/interpreter/linkResolver.cpp, line 772]
Event: 1.691 Thread 0x0000714b9c01b940 Implicit null exception at 0x0000714b8c3afa63 to 0x0000714b8c3afbd0
Event: 1.696 Thread 0x0000714b9c01b940 Exception <a 'java/lang/ClassNotFoundException'{0x0000000634ce7080}: sun/awt/resources/spi/awtProvider> (0x0000000634ce7080) 
thrown [./src/hotspot/share/classfile/systemDictionary.cpp, line 312]
Event: 1.717 Thread 0x0000714b9c01b940 Exception <a 'java/io/FileNotFoundException'{0x0000000634db5010}> (0x0000000634db5010) 
thrown [./src/hotspot/share/prims/jni.cpp, line 520]
Event: 1.776 Thread 0x0000714b9c01b940 Exception <a 'java/lang/NoSuchMethodError'{0x0000000634e67a58}: 'java.lang.Object java.lang.invoke.DirectMethodHandle$Holder.invokeStatic(java.lang.Object, java.lang.Object, int)'> (0x0000000634e67a58) 
thrown [./src/hotspot/share/interpreter/linkResolver.cpp, line 772]
Event: 1.816 Thread 0x0000714b9c01b940 Exception <a 'java/lang/NoSuchMethodError'{0x0000000634fcb720}: 'java.lang.Object java.lang.invoke.DirectMethodHandle$Holder.newInvokeSpecial(java.lang.Object, java.lang.Object, int)'> (0x0000000634fcb720) 
thrown [./src/hotspot/share/interpreter/linkResolver.cpp, line 772]

ZGC Phase Switch (0 events):
No events

VM Operations (18 events):
Event: 0.089 Executing VM operation: HandshakeAllThreads (Deoptimize)
Event: 0.089 Executing VM operation: HandshakeAllThreads (Deoptimize) done
Event: 0.172 Executing VM operation: ChangeBreakpoints
Event: 0.173 Executing VM operation: ChangeBreakpoints done
Event: 1.173 Executing VM operation: Cleanup
Event: 1.173 Executing VM operation: Cleanup done
Event: 1.687 Executing VM operation: HandshakeAllThreads (Deoptimize)
Event: 1.687 Executing VM operation: HandshakeAllThreads (Deoptimize) done
Event: 1.692 Executing VM operation: HandshakeAllThreads (Deoptimize)
Event: 1.692 Executing VM operation: HandshakeAllThreads (Deoptimize) done
Event: 1.729 Executing VM operation: ChangeBreakpoints
Event: 1.729 Executing VM operation: ChangeBreakpoints done
Event: 1.729 Executing VM operation: ChangeBreakpoints
Event: 1.729 Executing VM operation: ChangeBreakpoints done
Event: 1.802 Executing VM operation: ChangeBreakpoints
Event: 1.802 Executing VM operation: ChangeBreakpoints done
Event: 2.803 Executing VM operation: Cleanup
Event: 2.803 Executing VM operation: Cleanup done

Memory protections (20 events):
Event: 0.003 Protecting memory [0x0000714ba1300000,0x0000714ba1304000] with protection modes 0
Event: 0.034 Protecting memory [0x0000714b72900000,0x0000714b72904000] with protection modes 0
Event: 0.034 Protecting memory [0x0000714b72800000,0x0000714b72804000] with protection modes 0
Event: 0.035 Protecting memory [0x0000714b72700000,0x0000714b72704000] with protection modes 0
Event: 0.035 Protecting memory [0x0000714b72600000,0x0000714b72604000] with protection modes 0
Event: 0.035 Protecting memory [0x0000714b72500000,0x0000714b72504000] with protection modes 0
Event: 0.035 Protecting memory [0x0000714b72400000,0x0000714b72404000] with protection modes 0
Event: 0.036 Protecting memory [0x0000714b72300000,0x0000714b72304000] with protection modes 0
Event: 0.069 Protecting memory [0x0000714b72200000,0x0000714b72204000] with protection modes 0
Event: 0.092 Protecting memory [0x0000714b72100000,0x0000714b72104000] with protection modes 0
Event: 0.092 Protecting memory [0x0000714b72000000,0x0000714b72004000] with protection modes 0
Event: 0.092 Protecting memory [0x0000714b71f00000,0x0000714b71f04000] with protection modes 0
Event: 0.098 Protecting memory [0x0000714b71e00000,0x0000714b71e04000] with protection modes 0
Event: 0.107 Protecting memory [0x0000714b71d00000,0x0000714b71d04000] with protection modes 0
Event: 0.107 Protecting memory [0x0000714b71c00000,0x0000714b71c04000] with protection modes 0
Event: 0.108 Protecting memory [0x0000714b71b00000,0x0000714b71b04000] with protection modes 0
Event: 0.136 Protecting memory [0x0000714b71a00000,0x0000714b71a04000] with protection modes 0
Event: 1.684 Protecting memory [0x0000714b72000000,0x0000714b72004000] with protection modes 0
Event: 1.748 Protecting memory [0x0000714b71e00000,0x0000714b71e04000] with protection modes 0
Event: 1.811 Protecting memory [0x0000714b71f00000,0x0000714b71f04000] with protection modes 0

Nmethod flushes (0 events):
No events

Events (20 events):
Event: 0.035 Thread 0x0000714b9c01b940 Thread added: 0x0000714b9c13fd50
Event: 0.035 Thread 0x0000714b9c01b940 Thread added: 0x0000714b9c141920
Event: 0.036 Thread 0x0000714b9c01b940 Thread added: 0x0000714b9c142ff0
Event: 0.069 Thread 0x0000714b9c01b940 Thread added: 0x0000714b9c162100
Event: 0.092 Thread 0x0000714b9c142ff0 Thread added: 0x0000714ae00807a0
Event: 0.092 Thread 0x0000714b9c142ff0 Thread added: 0x0000714ae0081830
Event: 0.092 Thread 0x0000714b9c142ff0 Thread added: 0x0000714ae0082a00
Event: 0.098 Thread 0x0000714b9c142ff0 Thread added: 0x0000714ae009c5d0
Event: 0.107 Thread 0x0000714b9c01b940 Thread added: 0x0000714b9c1bea30
Event: 0.107 Thread 0x0000714b9c01b940 Thread added: 0x0000714b9c1d6130
Event: 0.108 Thread 0x0000714b9c1bea30 Thread added: 0x0000714abc001110
Event: 0.136 Thread 0x0000714b9c01b940 Thread added: 0x0000714b9c1d7410
Event: 1.666 Thread 0x0000714ae009c5d0 Thread exited: 0x0000714ae009c5d0
Event: 1.666 Thread 0x0000714ae0082a00 Thread exited: 0x0000714ae0082a00
Event: 1.666 Thread 0x0000714ae0081830 Thread exited: 0x0000714ae0081830
Event: 1.684 Thread 0x0000714b9c01b940 Thread added: 0x0000714b9d550360
Event: 1.748 Thread 0x0000714b9c01b940 Thread added: 0x0000714b9d5790a0
Event: 1.811 Thread 0x0000714b9c142ff0 Thread added: 0x0000714ae00b3e70
Event: 6.853 Thread 0x0000714ae00b3e70 Thread exited: 0x0000714ae00b3e70
Event: 6.853 Thread 0x0000714ae00807a0 Thread exited: 0x0000714ae00807a0


Dynamic libraries:
200000000-200200000 ---p 00000000 00:00 0 
200200000-200400000 rw-s 00000000 00:05 1070                             /dev/nvidia0
200400000-203400000 rw-s 00000000 00:05 1069                             /dev/nvidiactl
203400000-204400000 ---p 00000000 00:00 0 
204400000-204600000 rw-s 00000000 00:05 1069                             /dev/nvidiactl
204600000-204800000 rw-s 00000000 00:05 1069                             /dev/nvidiactl
204800000-204a00000 rw-s 00000000 00:05 1069                             /dev/nvidiactl
204a00000-204c00000 rw-s 204a00000 00:05 1071                            /dev/nvidia-uvm
204c00000-204e00000 rw-s 00000000 00:05 1069                             /dev/nvidiactl
204e00000-205000000 ---p 00000000 00:00 0 
205000000-205200000 rw-s 00000000 00:05 1069                             /dev/nvidiactl
205200000-300200000 ---p 00000000 00:00 0 
616800000-635400000 rw-p 00000000 00:00 0 
635400000-7ffc00000 ---p 00000000 00:00 0 
7ffc00000-7ffd08000 rw-p 00ced000 103:02 17172987                        /usr/lib/jvm/java-21-openjdk-amd64/lib/server/classes.jsa
7ffd08000-800000000 rw-p 00000000 00:00 0 
10000000000-10004000000 ---p 00000000 00:00 0 
58f26cb21000-58f26cb22000 r--p 00000000 103:02 17172834                  /usr/lib/jvm/java-21-openjdk-amd64/bin/java
58f26cb22000-58f26cb23000 r-xp 00001000 103:02 17172834                  /usr/lib/jvm/java-21-openjdk-amd64/bin/java
58f26cb23000-58f26cb24000 r--p 00002000 103:02 17172834                  /usr/lib/jvm/java-21-openjdk-amd64/bin/java
58f26cb24000-58f26cb25000 r--p 00002000 103:02 17172834                  /usr/lib/jvm/java-21-openjdk-amd64/bin/java
58f26cb25000-58f26cb26000 rw-p 00003000 103:02 17172834                  /usr/lib/jvm/java-21-openjdk-amd64/bin/java
58f26cf8e000-58f26cfd6000 rw-p 00000000 00:00 0                          [heap]
714a4a000000-714a52000000 ---p 00000000 00:00 0 
714a54000000-714a56000000 ---p 00000000 00:00 0 
714a58000000-714a58021000 rw-p 00000000 00:00 0 
714a58021000-714a5c000000 ---p 00000000 00:00 0 
714a60000000-714a70000000 ---p 00000000 00:00 0 
714a72000000-714a72400000 ---p 00000000 00:00 0 
714a72400000-714a72600000 rw-s 00000000 00:05 1069                       /dev/nvidiactl
714a72600000-714a72800000 rw-s 00000000 00:01 6157                       /dev/zero (deleted)
714a72800000-714a72a00000 rw-s 00000000 00:01 6158                       /dev/zero (deleted)
714a72a00000-714a73000000 ---p 00000000 00:00 0 
714a73000000-714a73200000 rw-s 00000000 00:05 1069                       /dev/nvidiactl
714a73200000-714a73400000 ---p 00000000 00:00 0 
714a73400000-714a73600000 rw-s 00000000 00:01 6160                       /dev/zero (deleted)
714a73600000-714a73b33000 rw-s 00000000 00:05 1069                       /dev/nvidiactl
714a73b33000-714a74000000 ---p 00000000 00:00 0 
714a76000000-714a7c000000 ---p 00000000 00:00 0 
714a7c000000-714a7c021000 rw-p 00000000 00:00 0 
714a7c021000-714a80000000 ---p 00000000 00:00 0 
714a80200000-714a9d463000 r-xp 00000000 103:02 16524125                  /usr/lib/x86_64-linux-gnu/libcublasLt.so.12.0.2.224
714a9d463000-714a9d663000 ---p 1d263000 103:02 16524125                  /usr/lib/x86_64-linux-gnu/libcublasLt.so.12.0.2.224
714a9d663000-714a9d893000 r--p 1d263000 103:02 16524125                  /usr/lib/x86_64-linux-gnu/libcublasLt.so.12.0.2.224
714a9d893000-714a9e827000 rw-p 1d493000 103:02 16524125                  /usr/lib/x86_64-linux-gnu/libcublasLt.so.12.0.2.224
714a9e827000-714aa100f000 rw-p 00000000 00:00 0 
714aa1400000-714aa7a67000 r-xp 00000000 103:02 16524127                  /usr/lib/x86_64-linux-gnu/libcublas.so.12.0.2.224
714aa7a67000-714aa7c67000 ---p 06667000 103:02 16524127                  /usr/lib/x86_64-linux-gnu/libcublas.so.12.0.2.224
714aa7c67000-714aa7c6e000 r--p 06667000 103:02 16524127                  /usr/lib/x86_64-linux-gnu/libcublas.so.12.0.2.224
714aa7c6e000-714aa7c75000 rw-p 0666e000 103:02 16524127                  /usr/lib/x86_64-linux-gnu/libcublas.so.12.0.2.224
714aa7c75000-714aa7c7d000 rw-p 00000000 00:00 0 
714aa8000000-714aa8021000 rw-p 00000000 00:00 0 
714aa8021000-714aac000000 ---p 00000000 00:00 0 
714ab0000000-714ab0021000 rw-p 00000000 00:00 0 
714ab0021000-714ab4000000 ---p 00000000 00:00 0 
714ab4000000-714ab4021000 rw-p 00000000 00:00 0 
714ab4021000-714ab8000000 ---p 00000000 00:00 0 
714abc000000-714abc021000 rw-p 00000000 00:00 0 
714abc021000-714ac0000000 ---p 00000000 00:00 0 
714ac0000000-714ac0051000 rw-p 00000000 00:00 0 
714ac0051000-714ac4000000 ---p 00000000 00:00 0 
714ac8000000-714ac8037000 rw-p 00000000 00:00 0 
714ac8037000-714acc000000 ---p 00000000 00:00 0 
714acc000000-714acc03e000 rw-p 00000000 00:00 0 
714acc03e000-714ad0000000 ---p 00000000 00:00 0 
714ad4000000-714ad409d000 rw-p 00000000 00:00 0 
714ad409d000-714ad8000000 ---p 00000000 00:00 0 
714ad8000000-714ad8021000 rw-p 00000000 00:00 0 
714ad8021000-714adc000000 ---p 00000000 00:00 0 
714ae0000000-714ae00ef000 rw-p 00000000 00:00 0 
714ae00ef000-714ae4000000 ---p 00000000 00:00 0 
714ae4000000-714ae40d3000 rw-p 00000000 00:00 0 
714ae40d3000-714ae8000000 ---p 00000000 00:00 0 
714aec000000-714aec021000 rw-p 00000000 00:00 0 
714aec021000-714af0000000 ---p 00000000 00:00 0 
714af0000000-714af0021000 rw-p 00000000 00:00 0 
714af0021000-714af4000000 ---p 00000000 00:00 0 
714af8000000-714af8021000 rw-p 00000000 00:00 0 
714af8021000-714afc000000 ---p 00000000 00:00 0 
714afc000000-714afc021000 rw-p 00000000 00:00 0 
714afc021000-714b00000000 ---p 00000000 00:00 0 
714b04000000-714b04021000 rw-p 00000000 00:00 0 
714b04021000-714b08000000 ---p 00000000 00:00 0 
714b08000000-714b08021000 rw-p 00000000 00:00 0 
714b08021000-714b0c000000 ---p 00000000 00:00 0 
714b0c400000-714b0f17c000 r-xp 00000000 103:02 16526206                  /usr/lib/x86_64-linux-gnu/libnvrtc.so.12.0.140
714b0f17c000-714b0f37c000 ---p 02d7c000 103:02 16526206                  /usr/lib/x86_64-linux-gnu/libnvrtc.so.12.0.140
714b0f37c000-714b0fa4f000 r--p 02d7c000 103:02 16526206                  /usr/lib/x86_64-linux-gnu/libnvrtc.so.12.0.140
714b0fa4f000-714b0fb1b000 rw-p 0344f000 103:02 16526206                  /usr/lib/x86_64-linux-gnu/libnvrtc.so.12.0.140
714b0fb1b000-714b0fc1c000 rw-p 00000000 00:00 0 
714b10000000-714b10220000 rw-p 00000000 00:00 0 
714b10220000-714b10400000 ---p 00000000 00:00 0 
714b10400000-714b10500000 rw-p 00000000 00:00 0 
714b10500000-714b14000000 ---p 00000000 00:00 0 
714b14000000-714b14021000 rw-p 00000000 00:00 0 
714b14021000-714b18000000 ---p 00000000 00:00 0 
714b18a00000-714b18cdc000 rw-p 00000000 00:00 0 
714b18e00000-714b18ee4000 r-xp 00000000 103:02 18219064                  /tmp/libJCudaDriver-12.0.0-linux-x86_64.so
714b18ee4000-714b190e4000 ---p 000e4000 103:02 18219064                  /tmp/libJCudaDriver-12.0.0-linux-x86_64.so
714b190e4000-714b190e9000 r--p 000e4000 103:02 18219064                  /tmp/libJCudaDriver-12.0.0-linux-x86_64.so
714b190e9000-714b190eb000 rw-p 000e9000 103:02 18219064                  /tmp/libJCudaDriver-12.0.0-linux-x86_64.so
714b190eb000-714b190ed000 rw-p 00000000 00:00 0 
714b19400000-714b19401000 ---p 00000000 00:00 0 
714b19401000-714b19c01000 rw-p 00000000 00:00 0 
714b19e00000-714b19e01000 rw-s 00000000 00:05 1069                       /dev/nvidiactl
714b19e01000-714b19e02000 rw-s 00000000 00:05 1069                       /dev/nvidiactl
714b19e02000-714b19e03000 rw-s 00000000 00:05 1069                       /dev/nvidiactl
714b19e03000-714b19e04000 rw-s 00000000 00:05 1069                       /dev/nvidiactl
714b19e04000-714b19e05000 rw-s 00000000 00:05 1069                       /dev/nvidiactl
714b19e05000-714b19e06000 rw-s 00000000 00:05 1069                       /dev/nvidiactl
714b19e06000-714b19e07000 rw-s 00000000 00:05 1069                       /dev/nvidiactl
714b19e07000-714b19e08000 rw-s 00000000 00:05 1069                       /dev/nvidiactl
714b19e08000-714b19e09000 rw-s 00000000 00:05 1069                       /dev/nvidiactl
714b19e09000-714b19e0a000 rw-s 00000000 00:05 1069                       /dev/nvidiactl
714b19e0a000-714b19e0b000 rw-s 00000000 00:05 1069                       /dev/nvidiactl
714b19e0b000-714b19e0c000 rw-s 00000000 00:05 1069                       /dev/nvidiactl
714b19e0c000-714b19e0d000 rw-s 00000000 00:05 1069                       /dev/nvidiactl
714b19e0d000-714b19e0e000 rw-s 00000000 00:05 1069                       /dev/nvidiactl
714b19e0e000-714b19e0f000 rw-s 00000000 00:05 1069                       /dev/nvidiactl
714b19e0f000-714b19e10000 rw-s 00000000 00:05 1069                       /dev/nvidiactl
714b19e10000-714b1ae21000 ---p 00000000 00:00 0 
714b1b000000-714b1bcae000 rw-p 00001000 103:02 17172987                  /usr/lib/jvm/java-21-openjdk-amd64/lib/server/classes.jsa
714b1bcae000-714b1c000000 ---p 00000000 00:00 0 
714b1c000000-714b1c030000 rw-p 00000000 00:00 0 
714b1c030000-714b1c040000 ---p 00000000 00:00 0 
714b1c040000-714b1c070000 rw-p 00000000 00:00 0 
714b1c070000-714b5c000000 ---p 00000000 00:00 0 
714b5c000000-714b5c021000 rw-p 00000000 00:00 0 
714b5c021000-714b60000000 ---p 00000000 00:00 0 
714b60000000-714b60021000 rw-p 00000000 00:00 0 
714b60021000-714b64000000 ---p 00000000 00:00 0 
714b64200000-714b642c7000 r-xp 00000000 103:02 18219063                  /tmp/libJCudaRuntime-12.0.0-linux-x86_64.so
714b642c7000-714b644c7000 ---p 000c7000 103:02 18219063                  /tmp/libJCudaRuntime-12.0.0-linux-x86_64.so
714b644c7000-714b644cc000 r--p 000c7000 103:02 18219063                  /tmp/libJCudaRuntime-12.0.0-linux-x86_64.so
714b644cc000-714b644cd000 rw-p 000cc000 103:02 18219063                  /tmp/libJCudaRuntime-12.0.0-linux-x86_64.so
714b644cd000-714b644cf000 rw-p 00000000 00:00 0 
714b64800000-714b64801000 ---p 00000000 00:00 0 
714b64801000-714b65001000 rw-p 00000000 00:00 0 
714b65200000-714b66221000 ---p 00000000 00:00 0 
714b66400000-714b664de000 r--p 00000000 103:02 16552573                  /usr/lib/x86_64-linux-gnu/libcuda.so.550.107.02
714b664de000-714b669b3000 r-xp 000de000 103:02 16552573                  /usr/lib/x86_64-linux-gnu/libcuda.so.550.107.02
714b669b3000-714b67e4e000 r--p 005b3000 103:02 16552573                  /usr/lib/x86_64-linux-gnu/libcuda.so.550.107.02
714b67e4e000-714b67e4f000 ---p 01a4e000 103:02 16552573                  /usr/lib/x86_64-linux-gnu/libcuda.so.550.107.02
714b67e4f000-714b67e67000 r--p 01a4e000 103:02 16552573                  /usr/lib/x86_64-linux-gnu/libcuda.so.550.107.02
714b67e67000-714b67f62000 rw-p 01a66000 103:02 16552573                  /usr/lib/x86_64-linux-gnu/libcuda.so.550.107.02
714b67f62000-714b67fcb000 rw-p 00000000 00:00 0 
714b68000000-714b68021000 rw-p 00000000 00:00 0 
714b68021000-714b6c000000 ---p 00000000 00:00 0 
714b6c000000-714b6c021000 rw-p 00000000 00:00 0 
714b6c021000-714b70000000 ---p 00000000 00:00 0 
714b704c3000-714b704dc000 r--p 00000000 103:02 16530316                  /usr/lib/x86_64-linux-gnu/libX11.so.6.4.0
714b704dc000-714b7056c000 r-xp 00019000 103:02 16530316                  /usr/lib/x86_64-linux-gnu/libX11.so.6.4.0
714b7056c000-714b705fb000 r--p 000a9000 103:02 16530316                  /usr/lib/x86_64-linux-gnu/libX11.so.6.4.0
714b705fb000-714b705fc000 r--p 00138000 103:02 16530316                  /usr/lib/x86_64-linux-gnu/libX11.so.6.4.0
714b705fc000-714b70600000 rw-p 00139000 103:02 16530316                  /usr/lib/x86_64-linux-gnu/libX11.so.6.4.0
714b70600000-714b7085a000 rw-p 00000000 00:00 0 
714b7088a000-714b7088e000 r--p 00000000 103:02 16530777                  /usr/lib/x86_64-linux-gnu/libjpeg.so.8.2.2
714b7088e000-714b708db000 r-xp 00004000 103:02 16530777                  /usr/lib/x86_64-linux-gnu/libjpeg.so.8.2.2
714b708db000-714b7090b000 r--p 00051000 103:02 16530777                  /usr/lib/x86_64-linux-gnu/libjpeg.so.8.2.2
714b7090b000-714b7090c000 r--p 00081000 103:02 16530777                  /usr/lib/x86_64-linux-gnu/libjpeg.so.8.2.2
714b7090c000-714b7090d000 rw-p 00082000 103:02 16530777                  /usr/lib/x86_64-linux-gnu/libjpeg.so.8.2.2
714b7090d000-714b7092b000 r--p 00000000 103:02 17172951                  /usr/lib/jvm/java-21-openjdk-amd64/lib/libawt.so
714b7092b000-714b709c2000 r-xp 0001e000 103:02 17172951                  /usr/lib/jvm/java-21-openjdk-amd64/lib/libawt.so
714b709c2000-714b709cf000 r--p 000b5000 103:02 17172951                  /usr/lib/jvm/java-21-openjdk-amd64/lib/libawt.so
714b709cf000-714b709d0000 r--p 000c1000 103:02 17172951                  /usr/lib/jvm/java-21-openjdk-amd64/lib/libawt.so
714b709d0000-714b709db000 rw-p 000c2000 103:02 17172951                  /usr/lib/jvm/java-21-openjdk-amd64/lib/libawt.so
714b709db000-714b70a00000 rw-p 00000000 00:00 0 
714b70a00000-714b70a01000 ---p 00000000 00:00 0 
714b70a01000-714b71201000 rw-p 00000000 00:00 0 
714b71244000-714b71256000 r--p 00000000 103:02 17173114                  /usr/lib/jvm/java-21-openjdk-amd64/lib/libawt_xawt.so
714b71256000-714b7129d000 r-xp 00012000 103:02 17173114                  /usr/lib/jvm/java-21-openjdk-amd64/lib/libawt_xawt.so
714b7129d000-714b712b5000 r--p 00059000 103:02 17173114                  /usr/lib/jvm/java-21-openjdk-amd64/lib/libawt_xawt.so
714b712b5000-714b712ba000 r--p 00070000 103:02 17173114                  /usr/lib/jvm/java-21-openjdk-amd64/lib/libawt_xawt.so
714b712ba000-714b712bc000 rw-p 00075000 103:02 17173114                  /usr/lib/jvm/java-21-openjdk-amd64/lib/libawt_xawt.so
714b712bc000-714b71400000 rw-p 00000000 00:00 0 
714b71400000-714b71538000 r-xp 00000000 103:02 18219061                  /tmp/libJCublas2-12.0.0-linux-x86_64.so
714b71538000-714b71738000 ---p 00138000 103:02 18219061                  /tmp/libJCublas2-12.0.0-linux-x86_64.so
714b71738000-714b7173d000 r--p 00138000 103:02 18219061                  /tmp/libJCublas2-12.0.0-linux-x86_64.so
714b7173d000-714b7173f000 rw-p 0013d000 103:02 18219061                  /tmp/libJCublas2-12.0.0-linux-x86_64.so
714b7173f000-714b71741000 rw-p 00000000 00:00 0 
714b7177f000-714b7197f000 rw-s 00000000 00:01 6159                       /dev/zero (deleted)
714b7197f000-714b71a00000 rw-p 00000000 00:00 0 
714b71a00000-714b71a04000 ---p 00000000 00:00 0 
714b71a04000-714b71b00000 rw-p 00000000 00:00 0 
714b71b00000-714b71b04000 ---p 00000000 00:00 0 
714b71b04000-714b71c00000 rw-p 00000000 00:00 0 
714b71c00000-714b71c04000 ---p 00000000 00:00 0 
714b71c04000-714b71d00000 rw-p 00000000 00:00 0 
714b71d00000-714b71d04000 ---p 00000000 00:00 0 
714b71d04000-714b71e00000 rw-p 00000000 00:00 0 
714b71e00000-714b71e04000 ---p 00000000 00:00 0 
714b71e04000-714b71f00000 rw-p 00000000 00:00 0 
714b71f00000-714b71f04000 ---p 00000000 00:00 0 
714b71f04000-714b72000000 rw-p 00000000 00:00 0 
714b72000000-714b72004000 ---p 00000000 00:00 0 
714b72004000-714b72100000 rw-p 00000000 00:00 0 
714b72100000-714b72104000 ---p 00000000 00:00 0 
714b72104000-714b72200000 rw-p 00000000 00:00 0 
714b72200000-714b72204000 ---p 00000000 00:00 0 
714b72204000-714b72300000 rw-p 00000000 00:00 0 
714b72300000-714b72304000 ---p 00000000 00:00 0 
714b72304000-714b72400000 rw-p 00000000 00:00 0 
714b72400000-714b72404000 ---p 00000000 00:00 0 
714b72404000-714b72500000 rw-p 00000000 00:00 0 
714b72500000-714b72504000 ---p 00000000 00:00 0 
714b72504000-714b72600000 rw-p 00000000 00:00 0 
714b72600000-714b72604000 ---p 00000000 00:00 0 
714b72604000-714b72700000 rw-p 00000000 00:00 0 
714b72700000-714b72704000 ---p 00000000 00:00 0 
714b72704000-714b72800000 rw-p 00000000 00:00 0 
714b72800000-714b72804000 ---p 00000000 00:00 0 
714b72804000-714b72900000 rw-p 00000000 00:00 0 
714b72900000-714b72904000 ---p 00000000 00:00 0 
714b72904000-714b72a00000 rw-p 00000000 00:00 0 
714b72a00000-714b737ec000 r--p 00000000 103:02 16521112                  /usr/lib/locale/locale-archive
714b737f8000-714b737f9000 ---p 00000000 00:00 0 
714b737f9000-714b738f9000 rw-p 00000000 00:00 0 
714b738f9000-714b738fa000 ---p 00000000 00:00 0 
714b738fa000-714b739fa000 rw-p 00000000 00:00 0 
714b739fa000-714b739fb000 ---p 00000000 00:00 0 
714b739fb000-714b73afb000 rw-p 00000000 00:00 0 
714b73afb000-714b73afc000 ---p 00000000 00:00 0 
714b73afc000-714b73bfc000 rw-p 00000000 00:00 0 
714b73bfc000-714b74021000 rw-p 00000000 00:00 0 
714b74021000-714b78000000 ---p 00000000 00:00 0 
714b78034000-714b78036000 r--p 00000000 103:02 16530828                  /usr/lib/x86_64-linux-gnu/libmd.so.0.1.0
714b78036000-714b7803f000 r-xp 00002000 103:02 16530828                  /usr/lib/x86_64-linux-gnu/libmd.so.0.1.0
714b7803f000-714b78041000 r--p 0000b000 103:02 16530828                  /usr/lib/x86_64-linux-gnu/libmd.so.0.1.0
714b78041000-714b78042000 r--p 0000c000 103:02 16530828                  /usr/lib/x86_64-linux-gnu/libmd.so.0.1.0
714b78042000-714b78043000 rw-p 0000d000 103:02 16530828                  /usr/lib/x86_64-linux-gnu/libmd.so.0.1.0
714b78043000-714b7aa00000 rw-p 00000000 00:00 0 
714b7aa05000-714b7aa10000 r--p 00000000 103:02 16531187                  /usr/lib/x86_64-linux-gnu/libxcb.so.1.1.0
714b7aa10000-714b7aa23000 r-xp 0000b000 103:02 16531187                  /usr/lib/x86_64-linux-gnu/libxcb.so.1.1.0
714b7aa23000-714b7aa2c000 r--p 0001e000 103:02 16531187                  /usr/lib/x86_64-linux-gnu/libxcb.so.1.1.0
714b7aa2c000-714b7aa2d000 r--p 00026000 103:02 16531187                  /usr/lib/x86_64-linux-gnu/libxcb.so.1.1.0
714b7aa2d000-714b7aa2e000 rw-p 00027000 103:02 16531187                  /usr/lib/x86_64-linux-gnu/libxcb.so.1.1.0
714b7aa2e000-714b7aa33000 r--p 00000000 103:02 17172968                  /usr/lib/jvm/java-21-openjdk-amd64/lib/libjsvml.so
714b7aa33000-714b7aa74000 r-xp 00005000 103:02 17172968                  /usr/lib/jvm/java-21-openjdk-amd64/lib/libjsvml.so
714b7aa74000-714b7aafd000 r--p 00046000 103:02 17172968                  /usr/lib/jvm/java-21-openjdk-amd64/lib/libjsvml.so
714b7aafd000-714b7aafe000 r--p 000ce000 103:02 17172968                  /usr/lib/jvm/java-21-openjdk-amd64/lib/libjsvml.so
714b7aafe000-714b7aaff000 rw-p 000cf000 103:02 17172968                  /usr/lib/jvm/java-21-openjdk-amd64/lib/libjsvml.so
714b7aaff000-714b7ab00000 ---p 00000000 00:00 0 
714b7ab00000-714b7ac00000 rw-p 00000000 00:00 0 
714b7ac00000-714b7b3b0000 rw-p 00000000 00:00 0 
714b7b3b0000-714b82650000 ---p 00000000 00:00 0 
714b82650000-714b82660000 rw-p 00000000 00:00 0 
714b82668000-714b8266c000 r--p 00000000 103:02 16530470                  /usr/lib/x86_64-linux-gnu/libbsd.so.0.12.1
714b8266c000-714b82678000 r-xp 00004000 103:02 16530470                  /usr/lib/x86_64-linux-gnu/libbsd.so.0.12.1
714b82678000-714b8267b000 r--p 00010000 103:02 16530470                  /usr/lib/x86_64-linux-gnu/libbsd.so.0.12.1
714b8267b000-714b8267c000 r--p 00012000 103:02 16530470                  /usr/lib/x86_64-linux-gnu/libbsd.so.0.12.1
714b8267c000-714b8267d000 rw-p 00013000 103:02 16530470                  /usr/lib/x86_64-linux-gnu/libbsd.so.0.12.1
714b8267d000-714b826ff000 rw-p 00000000 00:00 0 
714b826ff000-714b82700000 ---p 00000000 00:00 0 
714b82700000-714b82800000 rw-p 00000000 00:00 0 
714b82800000-714b828f6000 rw-p 00000000 00:00 0 
714b828f6000-714b8374a000 ---p 00000000 00:00 0 
714b8374a000-714b8374c000 rw-p 00000000 00:00 0 
714b83755000-714b83758000 r--p 00000000 103:02 16530328                  /usr/lib/x86_64-linux-gnu/libXi.so.6.1.0
714b83758000-714b83764000 r-xp 00003000 103:02 16530328                  /usr/lib/x86_64-linux-gnu/libXi.so.6.1.0
714b83764000-714b83766000 r--p 0000f000 103:02 16530328                  /usr/lib/x86_64-linux-gnu/libXi.so.6.1.0
714b83766000-714b83767000 r--p 00011000 103:02 16530328                  /usr/lib/x86_64-linux-gnu/libXi.so.6.1.0
714b83767000-714b83768000 rw-p 00012000 103:02 16530328                  /usr/lib/x86_64-linux-gnu/libXi.so.6.1.0
714b83768000-714b8376c000 r--p 00000000 103:02 16530324                  /usr/lib/x86_64-linux-gnu/libXext.so.6.4.0
714b8376c000-714b83777000 r-xp 00004000 103:02 16530324                  /usr/lib/x86_64-linux-gnu/libXext.so.6.4.0
714b83777000-714b8377a000 r--p 0000f000 103:02 16530324                  /usr/lib/x86_64-linux-gnu/libXext.so.6.4.0
714b8377a000-714b8377b000 r--p 00011000 103:02 16530324                  /usr/lib/x86_64-linux-gnu/libXext.so.6.4.0
714b8377b000-714b8377c000 rw-p 00012000 103:02 16530324                  /usr/lib/x86_64-linux-gnu/libXext.so.6.4.0
714b8377c000-714b838f6000 rw-p 00000000 00:00 0 
714b838f6000-714b8474a000 ---p 00000000 00:00 0 
714b8474a000-714b8474c000 rw-p 00000000 00:00 0 
714b8474f000-714b84751000 r--p 00000000 103:02 16530323                  /usr/lib/x86_64-linux-gnu/libXdmcp.so.6.0.0
714b84751000-714b84753000 r-xp 00002000 103:02 16530323                  /usr/lib/x86_64-linux-gnu/libXdmcp.so.6.0.0
714b84753000-714b84755000 r--p 00004000 103:02 16530323                  /usr/lib/x86_64-linux-gnu/libXdmcp.so.6.0.0
714b84755000-714b84756000 r--p 00005000 103:02 16530323                  /usr/lib/x86_64-linux-gnu/libXdmcp.so.6.0.0
714b84756000-714b84757000 rw-p 00006000 103:02 16530323                  /usr/lib/x86_64-linux-gnu/libXdmcp.so.6.0.0
714b84757000-714b84759000 r--p 00000000 103:02 16530337                  /usr/lib/x86_64-linux-gnu/libXtst.so.6.1.0
714b84759000-714b8475c000 r-xp 00002000 103:02 16530337                  /usr/lib/x86_64-linux-gnu/libXtst.so.6.1.0
714b8475c000-714b8475d000 r--p 00005000 103:02 16530337                  /usr/lib/x86_64-linux-gnu/libXtst.so.6.1.0
714b8475d000-714b8475e000 r--p 00005000 103:02 16530337                  /usr/lib/x86_64-linux-gnu/libXtst.so.6.1.0
714b8475e000-714b8475f000 rw-p 00006000 103:02 16530337                  /usr/lib/x86_64-linux-gnu/libXtst.so.6.1.0
714b8475f000-714b84800000 rw-p 00000000 00:00 0 
714b84800000-714b84a70000 rwxp 00000000 00:00 0 
714b84a70000-714b8bc5f000 ---p 00000000 00:00 0 
714b8bc5f000-714b8bf7f000 rwxp 00000000 00:00 0 
714b8bf7f000-714b8c3a0000 ---p 00000000 00:00 0 
714b8c3a0000-714b8c610000 rwxp 00000000 00:00 0 
714b8c610000-714b93800000 ---p 00000000 00:00 0 
714b93800000-714b9be02000 r--s 00000000 103:02 17172984                  /usr/lib/jvm/java-21-openjdk-amd64/lib/modules
714b9be03000-714b9be05000 r--p 00000000 103:02 16530334                  /usr/lib/x86_64-linux-gnu/libXrender.so.1.3.0
714b9be05000-714b9be0c000 r-xp 00002000 103:02 16530334                  /usr/lib/x86_64-linux-gnu/libXrender.so.1.3.0
714b9be0c000-714b9be0d000 r--p 00009000 103:02 16530334                  /usr/lib/x86_64-linux-gnu/libXrender.so.1.3.0
714b9be0d000-714b9be0e000 r--p 00009000 103:02 16530334                  /usr/lib/x86_64-linux-gnu/libXrender.so.1.3.0
714b9be0e000-714b9be0f000 rw-p 0000a000 103:02 16530334                  /usr/lib/x86_64-linux-gnu/libXrender.so.1.3.0
714b9be17000-714b9be19000 r--p 00000000 103:02 17172962                  /usr/lib/jvm/java-21-openjdk-amd64/lib/libjavajpeg.so
714b9be19000-714b9be20000 r-xp 00002000 103:02 17172962                  /usr/lib/jvm/java-21-openjdk-amd64/lib/libjavajpeg.so
714b9be20000-714b9be21000 r--p 00009000 103:02 17172962                  /usr/lib/jvm/java-21-openjdk-amd64/lib/libjavajpeg.so
714b9be21000-714b9be22000 r--p 0000a000 103:02 17172962                  /usr/lib/jvm/java-21-openjdk-amd64/lib/libjavajpeg.so
714b9be22000-714b9be23000 rw-p 0000b000 103:02 17172962                  /usr/lib/jvm/java-21-openjdk-amd64/lib/libjavajpeg.so
714b9be23000-714b9beff000 rw-p 00000000 00:00 0 
714b9beff000-714b9bf00000 ---p 00000000 00:00 0 
714b9bf00000-714b9c000000 rw-p 00000000 00:00 0 
714b9c000000-714b9ebea000 rw-p 00000000 00:00 0 
714b9ebea000-714ba0000000 ---p 00000000 00:00 0 
714ba0000000-714ba0001000 r--p 00000000 103:02 16530318                  /usr/lib/x86_64-linux-gnu/libXau.so.6.0.0
714ba0001000-714ba0003000 r-xp 00001000 103:02 16530318                  /usr/lib/x86_64-linux-gnu/libXau.so.6.0.0
714ba0003000-714ba0004000 r--p 00003000 103:02 16530318                  /usr/lib/x86_64-linux-gnu/libXau.so.6.0.0
714ba0004000-714ba0005000 r--p 00003000 103:02 16530318                  /usr/lib/x86_64-linux-gnu/libXau.so.6.0.0
714ba0005000-714ba0006000 rw-p 00004000 103:02 16530318                  /usr/lib/x86_64-linux-gnu/libXau.so.6.0.0
714ba0006000-714ba0007000 r--p 00000000 103:02 16530540                  /usr/lib/x86_64-linux-gnu/libdl.so.2
714ba0007000-714ba0008000 r-xp 00001000 103:02 16530540                  /usr/lib/x86_64-linux-gnu/libdl.so.2
714ba0008000-714ba0009000 r--p 00002000 103:02 16530540                  /usr/lib/x86_64-linux-gnu/libdl.so.2
714ba0009000-714ba000a000 r--p 00002000 103:02 16530540                  /usr/lib/x86_64-linux-gnu/libdl.so.2
714ba000a000-714ba000b000 rw-p 00003000 103:02 16530540                  /usr/lib/x86_64-linux-gnu/libdl.so.2
714ba000b000-714ba000c000 r--p 00000000 103:02 16531006                  /usr/lib/x86_64-linux-gnu/librt.so.1
714ba000c000-714ba000d000 r-xp 00001000 103:02 16531006                  /usr/lib/x86_64-linux-gnu/librt.so.1
714ba000d000-714ba000e000 r--p 00002000 103:02 16531006                  /usr/lib/x86_64-linux-gnu/librt.so.1
714ba000e000-714ba000f000 r--p 00002000 103:02 16531006                  /usr/lib/x86_64-linux-gnu/librt.so.1
714ba000f000-714ba0010000 rw-p 00003000 103:02 16531006                  /usr/lib/x86_64-linux-gnu/librt.so.1
714ba0014000-714ba0024000 -w-s 00000000 00:05 1070                       /dev/nvidia0
714ba0024000-714ba0e33000 rw-p 00000000 00:00 0 
714ba0e33000-714ba0f17000 ---p 00000000 00:00 0 
714ba0f17000-714ba0f1c000 rw-p 00000000 00:00 0 
714ba0f1c000-714ba1000000 ---p 00000000 00:00 0 
714ba1000000-714ba109d000 r--p 00000000 103:02 16543594                  /usr/lib/x86_64-linux-gnu/libstdc++.so.6.0.33
714ba109d000-714ba11e5000 r-xp 0009d000 103:02 16543594                  /usr/lib/x86_64-linux-gnu/libstdc++.so.6.0.33
714ba11e5000-714ba126c000 r--p 001e5000 103:02 16543594                  /usr/lib/x86_64-linux-gnu/libstdc++.so.6.0.33
714ba126c000-714ba1277000 r--p 0026b000 103:02 16543594                  /usr/lib/x86_64-linux-gnu/libstdc++.so.6.0.33
714ba1277000-714ba127a000 rw-p 00276000 103:02 16543594                  /usr/lib/x86_64-linux-gnu/libstdc++.so.6.0.33
714ba127a000-714ba127e000 rw-p 00000000 00:00 0 
714ba127f000-714ba1280000 r--p 00000000 103:02 16530978                  /usr/lib/x86_64-linux-gnu/libpthread.so.0
714ba1280000-714ba1281000 r-xp 00001000 103:02 16530978                  /usr/lib/x86_64-linux-gnu/libpthread.so.0
714ba1281000-714ba1282000 r--p 00002000 103:02 16530978                  /usr/lib/x86_64-linux-gnu/libpthread.so.0
714ba1282000-714ba1283000 r--p 00002000 103:02 16530978                  /usr/lib/x86_64-linux-gnu/libpthread.so.0
714ba1283000-714ba1284000 rw-p 00003000 103:02 16530978                  /usr/lib/x86_64-linux-gnu/libpthread.so.0
714ba1284000-714ba1300000 rw-p 00000000 00:00 0 
714ba1300000-714ba1304000 ---p 00000000 00:00 0 
714ba1304000-714ba1400000 rw-p 00000000 00:00 0 
714ba1400000-714ba1696000 r--p 00000000 103:02 17172990                  /usr/lib/jvm/java-21-openjdk-amd64/lib/server/libjvm.so
714ba1696000-714ba24fe000 r-xp 00296000 103:02 17172990                  /usr/lib/jvm/java-21-openjdk-amd64/lib/server/libjvm.so
714ba24fe000-714ba27d1000 r--p 010fe000 103:02 17172990                  /usr/lib/jvm/java-21-openjdk-amd64/lib/server/libjvm.so
714ba27d1000-714ba28a1000 r--p 013d0000 103:02 17172990                  /usr/lib/jvm/java-21-openjdk-amd64/lib/server/libjvm.so
714ba28a1000-714ba28d1000 rw-p 014a0000 103:02 17172990                  /usr/lib/jvm/java-21-openjdk-amd64/lib/server/libjvm.so
714ba28d1000-714ba2937000 rw-p 00000000 00:00 0 
714ba293b000-714ba293d000 r--p 00000000 103:02 17172983                  /usr/lib/jvm/java-21-openjdk-amd64/lib/libzip.so
714ba293d000-714ba2942000 r-xp 00002000 103:02 17172983                  /usr/lib/jvm/java-21-openjdk-amd64/lib/libzip.so
714ba2942000-714ba2944000 r--p 00007000 103:02 17172983                  /usr/lib/jvm/java-21-openjdk-amd64/lib/libzip.so
714ba2944000-714ba2945000 r--p 00008000 103:02 17172983                  /usr/lib/jvm/java-21-openjdk-amd64/lib/libzip.so
714ba2945000-714ba2946000 rw-p 00009000 103:02 17172983                  /usr/lib/jvm/java-21-openjdk-amd64/lib/libzip.so
714ba2946000-714ba2947000 r--p 00000000 103:02 17172953                  /usr/lib/jvm/java-21-openjdk-amd64/lib/libdt_socket.so
714ba2947000-714ba294a000 r-xp 00001000 103:02 17172953                  /usr/lib/jvm/java-21-openjdk-amd64/lib/libdt_socket.so
714ba294a000-714ba294b000 r--p 00004000 103:02 17172953                  /usr/lib/jvm/java-21-openjdk-amd64/lib/libdt_socket.so
714ba294b000-714ba294c000 r--p 00005000 103:02 17172953                  /usr/lib/jvm/java-21-openjdk-amd64/lib/libdt_socket.so
714ba294c000-714ba294d000 rw-p 00006000 103:02 17172953                  /usr/lib/jvm/java-21-openjdk-amd64/lib/libdt_socket.so
714ba294d000-714ba2954000 r--s 00000000 103:02 16532226                  /usr/lib/x86_64-linux-gnu/gconv/gconv-modules.cache
714ba2954000-714ba295b000 r--p 00000000 103:02 17172976                  /usr/lib/jvm/java-21-openjdk-amd64/lib/libnio.so
714ba295b000-714ba2964000 r-xp 00007000 103:02 17172976                  /usr/lib/jvm/java-21-openjdk-amd64/lib/libnio.so
714ba2964000-714ba2968000 r--p 00010000 103:02 17172976                  /usr/lib/jvm/java-21-openjdk-amd64/lib/libnio.so
714ba2968000-714ba2969000 r--p 00014000 103:02 17172976                  /usr/lib/jvm/java-21-openjdk-amd64/lib/libnio.so
714ba2969000-714ba296a000 rw-p 00015000 103:02 17172976                  /usr/lib/jvm/java-21-openjdk-amd64/lib/libnio.so
714ba296a000-714ba2977000 r--p 00000000 103:02 17172961                  /usr/lib/jvm/java-21-openjdk-amd64/lib/libjava.so
714ba2977000-714ba2986000 r-xp 0000d000 103:02 17172961                  /usr/lib/jvm/java-21-openjdk-amd64/lib/libjava.so
714ba2986000-714ba298b000 r--p 0001c000 103:02 17172961                  /usr/lib/jvm/java-21-openjdk-amd64/lib/libjava.so
714ba298b000-714ba298c000 r--p 00021000 103:02 17172961                  /usr/lib/jvm/java-21-openjdk-amd64/lib/libjava.so
714ba298c000-714ba298d000 rw-p 00022000 103:02 17172961                  /usr/lib/jvm/java-21-openjdk-amd64/lib/libjava.so
714ba298d000-714ba298e000 rw-p 00000000 00:00 0 
714ba298e000-714ba2991000 r--p 00000000 103:02 17172963                  /usr/lib/jvm/java-21-openjdk-amd64/lib/libjdwp.so
714ba2991000-714ba29c0000 r-xp 00003000 103:02 17172963                  /usr/lib/jvm/java-21-openjdk-amd64/lib/libjdwp.so
714ba29c0000-714ba29cf000 r--p 00032000 103:02 17172963                  /usr/lib/jvm/java-21-openjdk-amd64/lib/libjdwp.so
714ba29cf000-714ba29d0000 r--p 00040000 103:02 17172963                  /usr/lib/jvm/java-21-openjdk-amd64/lib/libjdwp.so
714ba29d0000-714ba29d1000 rw-p 00041000 103:02 17172963                  /usr/lib/jvm/java-21-openjdk-amd64/lib/libjdwp.so
714ba29d1000-714ba29d2000 rw-p 00000000 00:00 0 
714ba29d2000-714ba29d6000 r--p 00000000 103:02 16528598                  /usr/lib/x86_64-linux-gnu/libgcc_s.so.1
714ba29d6000-714ba29fa000 r-xp 00004000 103:02 16528598                  /usr/lib/x86_64-linux-gnu/libgcc_s.so.1
714ba29fa000-714ba29fe000 r--p 00028000 103:02 16528598                  /usr/lib/x86_64-linux-gnu/libgcc_s.so.1
714ba29fe000-714ba29ff000 r--p 0002b000 103:02 16528598                  /usr/lib/x86_64-linux-gnu/libgcc_s.so.1
714ba29ff000-714ba2a00000 rw-p 0002c000 103:02 16528598                  /usr/lib/x86_64-linux-gnu/libgcc_s.so.1
714ba2a00000-714ba2a28000 r--p 00000000 103:02 16530474                  /usr/lib/x86_64-linux-gnu/libc.so.6
714ba2a28000-714ba2bb0000 r-xp 00028000 103:02 16530474                  /usr/lib/x86_64-linux-gnu/libc.so.6
714ba2bb0000-714ba2bff000 r--p 001b0000 103:02 16530474                  /usr/lib/x86_64-linux-gnu/libc.so.6
714ba2bff000-714ba2c03000 r--p 001fe000 103:02 16530474                  /usr/lib/x86_64-linux-gnu/libc.so.6
714ba2c03000-714ba2c05000 rw-p 00202000 103:02 16530474                  /usr/lib/x86_64-linux-gnu/libc.so.6
714ba2c05000-714ba2c12000 rw-p 00000000 00:00 0 
714ba2c13000-714ba2c16000 r--p 00000000 103:02 17172975                  /usr/lib/jvm/java-21-openjdk-amd64/lib/libnet.so
714ba2c16000-714ba2c1e000 r-xp 00003000 103:02 17172975                  /usr/lib/jvm/java-21-openjdk-amd64/lib/libnet.so
714ba2c1e000-714ba2c20000 r--p 0000b000 103:02 17172975                  /usr/lib/jvm/java-21-openjdk-amd64/lib/libnet.so
714ba2c20000-714ba2c21000 r--p 0000c000 103:02 17172975                  /usr/lib/jvm/java-21-openjdk-amd64/lib/libnet.so
714ba2c21000-714ba2c22000 rw-p 0000d000 103:02 17172975                  /usr/lib/jvm/java-21-openjdk-amd64/lib/libnet.so
714ba2c22000-714ba2c29000 rw-p 00000000 00:00 0 
714ba2c29000-714ba2c31000 ---p 00000000 00:00 0 
714ba2c31000-714ba2c41000 r--p 00000000 103:02 16530817                  /usr/lib/x86_64-linux-gnu/libm.so.6
714ba2c41000-714ba2cc0000 r-xp 00010000 103:02 16530817                  /usr/lib/x86_64-linux-gnu/libm.so.6
714ba2cc0000-714ba2d18000 r--p 0008f000 103:02 16530817                  /usr/lib/x86_64-linux-gnu/libm.so.6
714ba2d18000-714ba2d19000 r--p 000e7000 103:02 16530817                  /usr/lib/x86_64-linux-gnu/libm.so.6
714ba2d19000-714ba2d1a000 rw-p 000e8000 103:02 16530817                  /usr/lib/x86_64-linux-gnu/libm.so.6
714ba2d1a000-714ba2d1c000 rw-p 00000000 00:00 0 
714ba2d1c000-714ba2d1e000 r--p 00000000 103:02 17172965                  /usr/lib/jvm/java-21-openjdk-amd64/lib/libjli.so
714ba2d1e000-714ba2d28000 r-xp 00002000 103:02 17172965                  /usr/lib/jvm/java-21-openjdk-amd64/lib/libjli.so
714ba2d28000-714ba2d2b000 r--p 0000c000 103:02 17172965                  /usr/lib/jvm/java-21-openjdk-amd64/lib/libjli.so
714ba2d2b000-714ba2d2c000 r--p 0000f000 103:02 17172965                  /usr/lib/jvm/java-21-openjdk-amd64/lib/libjli.so
714ba2d2c000-714ba2d2d000 rw-p 00010000 103:02 17172965                  /usr/lib/jvm/java-21-openjdk-amd64/lib/libjli.so
714ba2d2d000-714ba2d2f000 r--p 00000000 103:02 16531205                  /usr/lib/x86_64-linux-gnu/libz.so.1.3
714ba2d2f000-714ba2d41000 r-xp 00002000 103:02 16531205                  /usr/lib/x86_64-linux-gnu/libz.so.1.3
714ba2d41000-714ba2d47000 r--p 00014000 103:02 16531205                  /usr/lib/x86_64-linux-gnu/libz.so.1.3
714ba2d47000-714ba2d48000 r--p 0001a000 103:02 16531205                  /usr/lib/x86_64-linux-gnu/libz.so.1.3
714ba2d48000-714ba2d49000 rw-p 0001b000 103:02 16531205                  /usr/lib/x86_64-linux-gnu/libz.so.1.3
714ba2d4a000-714ba2d52000 rw-s 00000000 103:02 18219055                  /tmp/hsperfdata_dov/4735
714ba2d52000-714ba2d53000 ---p 00000000 00:00 0 
714ba2d53000-714ba2d54000 r--p 00000000 00:00 0 
714ba2d54000-714ba2d55000 ---p 00000000 00:00 0 
714ba2d55000-714ba2d57000 r--p 00000000 103:02 17172964                  /usr/lib/jvm/java-21-openjdk-amd64/lib/libjimage.so
714ba2d57000-714ba2d5a000 r-xp 00002000 103:02 17172964                  /usr/lib/jvm/java-21-openjdk-amd64/lib/libjimage.so
714ba2d5a000-714ba2d5b000 r--p 00005000 103:02 17172964                  /usr/lib/jvm/java-21-openjdk-amd64/lib/libjimage.so
714ba2d5b000-714ba2d5c000 r--p 00006000 103:02 17172964                  /usr/lib/jvm/java-21-openjdk-amd64/lib/libjimage.so
714ba2d5c000-714ba2d5d000 rw-p 00007000 103:02 17172964                  /usr/lib/jvm/java-21-openjdk-amd64/lib/libjimage.so
714ba2d5d000-714ba2d5f000 rw-p 00000000 00:00 0 
714ba2d5f000-714ba2d60000 r--p 00000000 103:02 16530286                  /usr/lib/x86_64-linux-gnu/ld-linux-x86-64.so.2
714ba2d60000-714ba2d8b000 r-xp 00001000 103:02 16530286                  /usr/lib/x86_64-linux-gnu/ld-linux-x86-64.so.2
714ba2d8b000-714ba2d95000 r--p 0002c000 103:02 16530286                  /usr/lib/x86_64-linux-gnu/ld-linux-x86-64.so.2
714ba2d95000-714ba2d97000 r--p 00036000 103:02 16530286                  /usr/lib/x86_64-linux-gnu/ld-linux-x86-64.so.2
714ba2d97000-714ba2d99000 rw-p 00038000 103:02 16530286                  /usr/lib/x86_64-linux-gnu/ld-linux-x86-64.so.2
7fff5656d000-7fff5658e000 rw-p 00000000 00:00 0                          [stack]
7fff565d3000-7fff565d7000 r--p 00000000 00:00 0                          [vvar]
7fff565d7000-7fff565d9000 r-xp 00000000 00:00 0                          [vdso]
ffffffffff600000-ffffffffff601000 --xp 00000000 00:00 0                  [vsyscall]
Total number of mappings: 424


VM Arguments:
jvm_args: -Dfile.encoding=UTF-8 -agentlib:jdwp=transport=dt_socket,address=localhost:52593 --module-path=/home/dov/projects/NeighborhoodPIG/build/classes 
java_command: main.NeighborhoodPIG
java_class_path (initial): /home/dov/projects/Libraries/commons-math3/commons-math3-3.6.1-javadoc.jar:/home/dov/projects/Libraries/commons-math3/commons-math3-3.6.1-sources.jar:/home/dov/projects/Libraries/commons-math3/commons-math3-3.6.1-test-sources.jar:/home/dov/projects/Libraries/commons-math3/commons-math3-3.6.1-tests.jar:/home/dov/projects/Libraries/commons-math3/commons-math3-3.6.1-tools.jar:/home/dov/projects/Libraries/commons-math3/commons-math3-3.6.1.jar:/home/dov/projects/JCudaWrapper/jcuda12/jcublas-12.0.0.jar:/home/dov/projects/JCudaWrapper/jcuda12/jcublas-natives-12.0.0-linux-x86_64.jar:/home/dov/projects/JCudaWrapper/jcuda12/jcuda-12.0.0.jar:/home/dov/projects/JCudaWrapper/jcuda12/jcuda-natives-12.0.0-linux-x86_64.jar:/home/dov/projects/JCudaWrapper/jcuda12/jcudnn-12.0.0.jar:/home/dov/projects/JCudaWrapper/jcuda12/jcudnn-natives-12.0.0-linux-x86_64.jar:/home/dov/projects/JCudaWrapper/jcuda12/jcufft-12.0.0.jar:/home/dov/projects/JCudaWrapper/jcuda12/jcufft-natives-12.0.0-linux-x86_64.jar:/home/dov/projects/JCudaWrapper/jcuda12/jcurand-12.0.0.jar:/home/dov/projects/JCudaWrapper/jcuda12/jcurand-natives-12.0.0-linux-x86_64.jar:/home/dov/projects/JCudaWrapper/jcuda12/jcusolver-12.0.0.jar:/home/dov/projects/JCudaWrapper/jcuda12/jcusolver-natives-12.0.0-linux-x86_64.jar:/home/dov/projects/JCudaWrapper/jcuda12/jcusparse-12.0.0.jar:/home/dov/projects/JCudaWrapper/jcuda12/jcusparse-natives-12.0.0-linux-x86_64.jar:/home/dov/projects/NeighborhoodPIG/build/classes
Launcher Type: SUN_STANDARD

[Global flags]
     intx CICompilerCount                          = 12                                        {product} {ergonomic}
     uint ConcGCThreads                            = 3                                         {product} {ergonomic}
     uint G1ConcRefinementThreads                  = 13                                        {product} {ergonomic}
   size_t G1HeapRegionSize                         = 4194304                                   {product} {ergonomic}
    uintx GCDrainStackTargetSize                   = 64                                        {product} {ergonomic}
   size_t InitialHeapSize                          = 515899392                                 {product} {ergonomic}
   size_t MarkStackSize                            = 4194304                                   {product} {ergonomic}
   size_t MaxHeapSize                              = 8212447232                                {product} {ergonomic}
   size_t MaxNewSize                               = 4924112896                                {product} {ergonomic}
   size_t MinHeapDeltaBytes                        = 4194304                                   {product} {ergonomic}
   size_t MinHeapSize                              = 8388608                                   {product} {ergonomic}
    uintx NonNMethodCodeHeapSize                   = 7602480                                {pd product} {ergonomic}
    uintx NonProfiledCodeHeapSize                  = 122027880                              {pd product} {ergonomic}
    uintx ProfiledCodeHeapSize                     = 122027880                              {pd product} {ergonomic}
    uintx ReservedCodeCacheSize                    = 251658240                              {pd product} {ergonomic}
     bool SegmentedCodeCache                       = true                                      {product} {ergonomic}
   size_t SoftMaxHeapSize                          = 8212447232                             {manageable} {ergonomic}
     bool UseCompressedOops                        = true                           {product lp64_product} {ergonomic}
     bool UseG1GC                                  = true                                      {product} {ergonomic}

Logging:
Log output configuration:
 #0: stdout all=warning uptime,level,tags foldmultilines=false
 #1: stderr all=off uptime,level,tags foldmultilines=false

Environment Variables:
PATH=/usr/local/sbin:/usr/local/bin:/usr/sbin:/usr/bin:/sbin:/bin:/usr/games:/usr/local/games:/snap/bin:/snap/bin
USERNAME=dov
SHELL=/bin/bash
DISPLAY=:1
LANG=en_US.UTF-8

Active Locale:
LC_ALL=en_US.UTF-8
LC_COLLATE=en_US.UTF-8
LC_CTYPE=en_US.UTF-8
LC_MESSAGES=en_US.UTF-8
LC_MONETARY=en_US.UTF-8
LC_NUMERIC=en_US.UTF-8
LC_TIME=en_US.UTF-8

Signal Handlers:
   SIGSEGV: crash_handler in libjvm.so, mask=11100100010111111101111111111110, flags=SA_RESTART|SA_SIGINFO, unblocked
    SIGBUS: crash_handler in libjvm.so, mask=11100100010111111101111111111110, flags=SA_RESTART|SA_SIGINFO, unblocked
    SIGFPE: crash_handler in libjvm.so, mask=11100100010111111101111111111110, flags=SA_RESTART|SA_SIGINFO, unblocked
   SIGPIPE: javaSignalHandler in libjvm.so, mask=11100100010111111101111111111110, flags=SA_RESTART|SA_SIGINFO, blocked
   SIGXFSZ: javaSignalHandler in libjvm.so, mask=11100100010111111101111111111110, flags=SA_RESTART|SA_SIGINFO, blocked
    SIGILL: crash_handler in libjvm.so, mask=11100100010111111101111111111110, flags=SA_RESTART|SA_SIGINFO, unblocked
   SIGUSR2: SR_handler in libjvm.so, mask=00000000000000000000000000000000, flags=SA_RESTART|SA_SIGINFO, blocked
    SIGHUP: UserHandler in libjvm.so, mask=11100100010111111101111111111110, flags=SA_RESTART|SA_SIGINFO, blocked
    SIGINT: SIG_IGN, mask=00000000000000000000000000000000, flags=none, blocked
   SIGTERM: UserHandler in libjvm.so, mask=11100100010111111101111111111110, flags=SA_RESTART|SA_SIGINFO, blocked
   SIGQUIT: UserHandler in libjvm.so, mask=11100100010111111101111111111110, flags=SA_RESTART|SA_SIGINFO, blocked
   SIGTRAP: crash_handler in libjvm.so, mask=11100100010111111101111111111110, flags=SA_RESTART|SA_SIGINFO, unblocked


Periodic native trim disabled

---------------  S Y S T E M  ---------------

OS:
DISTRIB_ID=Ubuntu
DISTRIB_RELEASE=24.04
DISTRIB_CODENAME=noble
DISTRIB_DESCRIPTION="Ubuntu 24.04.1 LTS"
uname: Linux 6.8.0-47-generic #47-Ubuntu SMP PREEMPT_DYNAMIC Fri Sep 27 21:40:26 UTC 2024 x86_64
OS uptime: 0 days 0:10 hours
libc: glibc 2.39 NPTL 2.39 
rlimit (soft/hard): STACK 8192k/infinity , CORE 0k/infinity , NPROC 125013/125013 , NOFILE 1048576/1048576 , AS infinity/infinity , CPU infinity/infinity , DATA infinity/infinity , FSIZE infinity/infinity , MEMLOCK 4009332k/4009332k
load average: 0.11 0.38 0.26

/proc/meminfo:
MemTotal:       32074672 kB
MemFree:        27068660 kB
MemAvailable:   28436376 kB
Buffers:           93788 kB
Cached:          1615036 kB
SwapCached:            0 kB
Active:          3266156 kB
Inactive:         839052 kB
Active(anon):    2410004 kB
Inactive(anon):        0 kB
Active(file):     856152 kB
Inactive(file):   839052 kB
Unevictable:          16 kB
Mlocked:              16 kB
SwapTotal:       8388604 kB
SwapFree:        8388604 kB
Zswap:                 0 kB
Zswapped:              0 kB
Dirty:               136 kB
Writeback:             0 kB
AnonPages:       2396624 kB
Mapped:           581112 kB
Shmem:             13620 kB
KReclaimable:      74576 kB
Slab:             311284 kB
SReclaimable:      74576 kB
SUnreclaim:       236708 kB
KernelStack:       14048 kB
PageTables:        25676 kB
SecPageTables:         0 kB
NFS_Unstable:          0 kB
Bounce:                0 kB
WritebackTmp:          0 kB
CommitLimit:    24425940 kB
Committed_AS:    7621488 kB
VmallocTotal:   34359738367 kB
VmallocUsed:      155612 kB
VmallocChunk:          0 kB
Percpu:            17152 kB
HardwareCorrupted:     0 kB
AnonHugePages:         0 kB
ShmemHugePages:        0 kB
ShmemPmdMapped:        0 kB
FileHugePages:         0 kB
FilePmdMapped:         0 kB
Unaccepted:            0 kB
HugePages_Total:       0
HugePages_Free:        0
HugePages_Rsvd:        0
HugePages_Surp:        0
Hugepagesize:       2048 kB
Hugetlb:               0 kB
DirectMap4k:      784872 kB
DirectMap2M:    11001856 kB
DirectMap1G:    22020096 kB

/sys/kernel/mm/transparent_hugepage/enabled: always [madvise] never
/sys/kernel/mm/transparent_hugepage/hpage_pmd_size: 2097152
/sys/kernel/mm/transparent_hugepage/defrag (defrag/compaction efforts parameter): always defer defer+madvise [madvise] never

Process Memory:
Virtual Size: 17159660K (peak: 17179720K)
Resident Set Size: 274096K (peak: 274096K) (anon: 110184K, file: 155720K, shmem: 8192K)
Swapped out: 0K
C-Heap outstanding allocations: 83542K, retained: 5353K
glibc malloc tunables: (default)

/proc/sys/kernel/threads-max (system-wide limit on the number of threads): 250026
/proc/sys/vm/max_map_count (maximum number of memory map areas a process may have): 1048576
/proc/sys/vm/swappiness (control to define how aggressively the kernel swaps out anonymous memory): 60
/proc/sys/kernel/pid_max (system-wide limit on number of process identifiers): 4194304

container (cgroup) information:
container_type: cgroupv2
cpu_cpuset_cpus: not supported
cpu_memory_nodes: not supported
active_processor_count: 16
cpu_quota: not supported
cpu_period: not supported
cpu_shares: not supported
memory_limit_in_bytes: unlimited
memory_and_swap_limit_in_bytes: unlimited
memory_soft_limit_in_bytes: unlimited
memory_usage_in_bytes: 2330248 k
memory_max_usage_in_bytes: not supported
memory_swap_current_in_bytes: unlimited
memory_swap_max_limit_in_bytes: unlimited
maximum number of tasks: 37503
current number of tasks: 104

Steal ticks since vm start: 0
Steal ticks percentage since vm start:  0.000

CPU: total 16 (initial active 16) (16 cores per cpu, 2 threads per core) family 25 model 68 stepping 1 microcode 0xa404101, cx8, cmov, fxsr, ht, mmx, 3dnowpref, sse, sse2, sse3, ssse3, sse4a, sse4.1, sse4.2, popcnt, lzcnt, tsc, tscinvbit, avx, avx2, aes, clmul, bmi1, bmi2, adx, sha, fma, vzeroupper, clflush, clflushopt, rdtscp, rdpid, f16c, pku, ospke, cet_ss
CPU Model and flags from /proc/cpuinfo:
model name	: AMD Ryzen 9 6900HS with Radeon Graphics
flags		: fpu vme de pse tsc msr pae mce cx8 apic sep mtrr pge mca cmov pat pse36 clflush mmx fxsr sse sse2 ht syscall nx mmxext fxsr_opt pdpe1gb rdtscp lm constant_tsc rep_good nopl nonstop_tsc cpuid extd_apicid aperfmperf rapl pni pclmulqdq monitor ssse3 fma cx16 sse4_1 sse4_2 x2apic movbe popcnt aes xsave avx f16c rdrand lahf_lm cmp_legacy svm extapic cr8_legacy abm sse4a misalignsse 3dnowprefetch osvw ibs skinit wdt tce topoext perfctr_core perfctr_nb bpext perfctr_llc mwaitx cpb cat_l3 cdp_l3 hw_pstate ssbd mba ibrs ibpb stibp vmmcall fsgsbase bmi1 avx2 smep bmi2 invpcid cqm rdt_a rdseed adx smap clflushopt clwb sha_ni xsaveopt xsavec xgetbv1 xsaves cqm_llc cqm_occup_llc cqm_mbm_total cqm_mbm_local user_shstk clzero irperf xsaveerptr rdpru wbnoinvd cppc arat npt lbrv svm_lock nrip_save tsc_scale vmcb_clean flushbyasid decodeassists pausefilter pfthreshold avic v_vmsave_vmload vgif v_spec_ctrl umip pku ospke vaes vpclmulqdq rdpid overflow_recov succor smca debug_swap

Online cpus: 0-15
Offline cpus: 
BIOS frequency limitation: <Not Available>
Frequency switch latency (ns): 0
Available cpu frequencies: <Not Available>
Current governor: powersave
Core performance/turbo boost: <Not Available>

Memory: 4k page, physical 32074672k(28436376k free), swap 8388604k(8388604k free)
Page Sizes: 4k

vm_info: OpenJDK 64-Bit Server VM (21.0.4+7-Ubuntu-1ubuntu224.04) for linux-amd64 JRE (21.0.4+7-Ubuntu-1ubuntu224.04), built on 2024-07-23T01:34:52Z by "buildd" with gcc 13.2.0

END.
