#
# A fatal error has been detected by the Java Runtime Environment:
#
#  SIGSEGV (0xb) at pc=0x0000774d3d84b06e, pid=6468, tid=6473
#
# JRE version: OpenJDK Runtime Environment (21.0.4+7) (build 21.0.4+7-Ubuntu-1ubuntu224.04)
# Java VM: OpenJDK 64-Bit Server VM (21.0.4+7-Ubuntu-1ubuntu224.04, mixed mode, sharing, tiered, compressed oops, compressed class ptrs, g1 gc, linux-amd64)
# Problematic frame:
# C  [libcuda.so.1+0x24b06e]
#
# Core dump will be written. Default location: Core dumps may be processed with "/usr/share/apport/apport -p%p -s%s -c%c -d%d -P%P -u%u -g%g -- %E" (or dumping to /home/dov/projects/NeighborhoodPIG/core.6468)
#
# If you would like to submit a bug report, please visit:
#   https://bugs.launchpad.net/ubuntu/+source/openjdk-21
# The crash happened outside the Java Virtual Machine in native code.
# See problematic frame for where to report the bug.
#

---------------  S U M M A R Y ------------

Command Line: -Dfile.encoding=UTF-8 --module-path=/home/dov/projects/NeighborhoodPIG/build/classes main.NeighborhoodPIG

Host: AMD Ryzen 9 6900HS with Radeon Graphics, 16 cores, 30G, Ubuntu 24.04.1 LTS
Time: Tue Oct 29 12:01:51 2024 IST elapsed time: 0.369492 seconds (0d 0h 0m 0s)

---------------  T H R E A D  ---------------

Current thread (0x0000774d7001a060):  JavaThread "main"             [_thread_in_native, id=6473, stack(0x0000774d77100000,0x0000774d77200000) (1024K)]

Stack: [0x0000774d77100000,0x0000774d77200000],  sp=0x0000774d771fdd90,  free space=1015k
Native frames: (J=compiled Java code, j=interpreted, Vv=VM code, C=native code)
C  [libcuda.so.1+0x24b06e]
C  [libcuda.so.1+0x24b5f8]
C  [libcuda.so.1+0x4be099]
C  [libcuda.so.1+0x142719]
C  [libcuda.so.1+0x2ec1d1]
Java frames: (J=compiled Java code, j=interpreted, Vv=VM code)
j  jcuda.runtime.JCuda.cudaMemcpyAsyncNative(Ljcuda/Pointer;Ljcuda/Pointer;JILjcuda/runtime/cudaStream_t;)I+0
j  jcuda.runtime.JCuda.cudaMemcpyAsync(Ljcuda/Pointer;Ljcuda/Pointer;JILjcuda/runtime/cudaStream_t;)I+7
j  JCudaWrapper.array.Array.get(LJCudaWrapper/resourceManagement/Handle;Ljcuda/Pointer;III)V+73
j  JCudaWrapper.array.DArray.get(LJCudaWrapper/resourceManagement/Handle;[DIII)V+22
j  JCudaWrapper.array.DArray.get(LJCudaWrapper/resourceManagement/Handle;II)[D+12
j  JCudaWrapper.array.DArray.get(LJCudaWrapper/resourceManagement/Handle;)[D+7
j  main.Gradient.computeBoundaryGradients(LJCudaWrapper/algebra/Matrix;LJCudaWrapper/algebra/Matrix;LJCudaWrapper/algebra/Matrix;II)V+30
j  main.Gradient.<init>(LJCudaWrapper/algebra/Matrix;LJCudaWrapper/resourceManagement/Handle;)V+58
j  main.NeighborhoodPIG.<init>(Ljava/lang/String;I)V+26
j  main.NeighborhoodPIG.main([Ljava/lang/String;)V+7
v  ~StubRoutines::call_stub 0x0000774d5fc5fcc6

siginfo: si_signo: 11 (SIGSEGV), si_code: 1 (SEGV_MAPERR), si_addr: 0x000001005c00046c

Registers:
RAX=0x0000774d70647530, RBX=0x0000774d771fde78, RCX=0x0000000000000002, RDX=0x0000774d703bb340
RSP=0x0000774d771fdd90, RBP=0x0000774d771fddf0, RSI=0x0000000000000000, RDI=0x0000774d70671050
R8 =0x0000774d771fde28, R9 =0x0000000000000001, R10=0x0000774d703bb340, R11=0x000001005c000084
R12=0x0000774d771fde28, R13=0x0000774d70671050, R14=0x0000000000000002, R15=0x0000000000000001
RIP=0x0000774d3d84b06e, EFLAGS=0x0000000000010206, CSGSFS=0x002b000000000033, ERR=0x0000000000000004
  TRAPNO=0x000000000000000e


Register to memory mapping:

RAX=0x0000774d70647530 points into unknown readable memory: 0x0000000100000000 | 00 00 00 00 01 00 00 00
RBX=0x0000774d771fde78 is pointing into the stack for thread: 0x0000774d7001a060
RCX=0x0000000000000002 is an unknown value
RDX=0x0000774d703bb340 points into unknown readable memory: 0x000001005c000084 | 84 00 00 5c 00 01 00 00
RSP=0x0000774d771fdd90 is pointing into the stack for thread: 0x0000774d7001a060
RBP=0x0000774d771fddf0 is pointing into the stack for thread: 0x0000774d7001a060
RSI=0x0 is null
RDI=0x0000774d70671050 points into unknown readable memory: 0x0000774d7064f3f0 | f0 f3 64 70 4d 77 00 00
R8 =0x0000774d771fde28 is pointing into the stack for thread: 0x0000774d7001a060
R9 =0x0000000000000001 is an unknown value
R10=0x0000774d703bb340 points into unknown readable memory: 0x000001005c000084 | 84 00 00 5c 00 01 00 00
R11=0x000001005c000084 is an unknown value
R12=0x0000774d771fde28 is pointing into the stack for thread: 0x0000774d7001a060
R13=0x0000774d70671050 points into unknown readable memory: 0x0000774d7064f3f0 | f0 f3 64 70 4d 77 00 00
R14=0x0000000000000002 is an unknown value
R15=0x0000000000000001 is an unknown value

Top of Stack: (sp=0x0000774d771fdd90)
0x0000774d771fdd90:   0000774d771fe2c0 0000774d3d76cbe0
0x0000774d771fdda0:   0000774d715a24a0 0000000000000000
0x0000774d771fddb0:   0000774d771fddf0 0000774d3daed2e9
0x0000774d771fddc0:   0000000000000000 0000774d771fde78
0x0000774d771fddd0:   0000000000000001 0000774d771fdfb0
0x0000774d771fdde0:   0000000000000002 0000000000000001
0x0000774d771fddf0:   0000774d771fde60 0000774d3d84b5f8
0x0000774d771fde00:   0000774d70647530 0000774d715a2400
0x0000774d771fde10:   0000000000000150 0000774d715a2410
0x0000774d771fde20:   0000774d706739f0 0000000000000000
0x0000774d771fde30:   0000774d71590da0 0000774d771fdfa0
0x0000774d771fde40:   0000774d703bb340 0000774d771fdec8
0x0000774d771fde50:   0000000000000002 0000000000000001
0x0000774d771fde60:   0000774d771fdeb0 0000774d3dabe099
0x0000774d771fde70:   0000774d70671050 0000000000000000
0x0000774d771fde80:   0000774d715b2130 00000000000028e0
0x0000774d771fde90:   0000774c2a000000 0000000634649f50
0x0000774d771fdea0:   0000774d771fdfa0 0000774d703bb340
0x0000774d771fdeb0:   0000774d771fe1c0 0000774d3d742719
0x0000774d771fdec0:   0000774d00000005 0000000000000000
0x0000774d771fded0:   0000000000000000 0000000000000000
0x0000774d771fdee0:   0000000000000000 0000000000000000
0x0000774d771fdef0:   0000000000000000 0000000000000000
0x0000774d771fdf00:   0000774d771fdf00 0000774ce830c898
0x0000774d771fdf10:   0000000000000002 0000774ce833b9a0
0x0000774d771fdf20:   0000000000000000 0000000634b72748
0x0000774d771fdf30:   0000774ce830c8d8 0000000000000000
0x0000774d771fdf40:   0000774d771fdf58 0000774d771fdfa8
0x0000774d771fdf50:   0000774d5fc672f2 000000063464c918
0x0000774d771fdf60:   0000774d771fdf60 0000774ce830da49
0x0000774d771fdf70:   0000000000000002 0000774ce833b9a0
0x0000774d771fdf80:   0000000000000000 0000000634b72748 

Instructions: (pc=0x0000774d3d84b06e)
0x0000774d3d84af6e:   f6 c2 10 75 ba 83 e2 08 b8 8a 03 00 00 75 da 48
0x0000774d3d84af7e:   8b 59 08 4c 8d 63 08 4c 89 e7 e8 23 3a e9 ff 48
0x0000774d3d84af8e:   8b 5b 38 48 85 db 74 2d 66 2e 0f 1f 84 00 00 00
0x0000774d3d84af9e:   00 00 48 8b bb e8 03 00 00 48 85 ff 74 0b f6 43
0x0000774d3d84afae:   50 04 74 05 e8 c9 9a 29 00 48 8b 9b 58 01 00 00
0x0000774d3d84afbe:   48 85 db 75 dd 4c 89 e7 e8 15 35 e9 ff b8 8a 03
0x0000774d3d84afce:   00 00 eb 85 66 0f 1f 44 00 00 83 f8 02 ba 91 01
0x0000774d3d84afde:   00 00 b8 00 00 00 00 5b 0f 44 c2 41 5c 5d c3 0f
0x0000774d3d84afee:   1f 00 e8 8b 9a 29 00 b8 84 03 00 00 e9 58 ff ff
0x0000774d3d84affe:   ff 90 55 48 89 e5 41 57 41 56 41 55 49 89 fd 41
0x0000774d3d84b00e:   54 4d 89 c4 53 48 83 ec 38 49 c7 00 00 00 00 00
0x0000774d3d84b01e:   48 85 f6 0f 84 b9 00 00 00 44 8b 0e 41 ba 00 00
0x0000774d3d84b02e:   00 00 48 89 f3 45 85 c9 4c 0f 45 d6 48 83 fa 02
0x0000774d3d84b03e:   77 20 48 85 d2 74 5b 48 83 fa 02 0f 85 81 00 00
0x0000774d3d84b04e:   00 4d 85 d2 0f 84 a8 00 00 00 41 b8 90 01 00 00
0x0000774d3d84b05e:   eb 28 4c 8b 1a 4d 85 db 74 f0 49 39 5b 10 75 ea
0x0000774d3d84b06e:   49 83 bb e8 03 00 00 00 75 09 4d 85 ed 0f 85 57
0x0000774d3d84b07e:   01 00 00 4d 89 1c 24 45 31 c0 48 8d 65 d8 44 89
0x0000774d3d84b08e:   c0 5b 41 5c 41 5d 41 5e 41 5f 5d c3 66 0f 1f 44
0x0000774d3d84b09e:   00 00 83 f9 02 0f 84 27 02 00 00 83 f9 03 0f 84
0x0000774d3d84b0ae:   06 02 00 00 83 f9 01 0f 84 e5 01 00 00 0f b6 05
0x0000774d3d84b0be:   66 ac 91 01 c0 e8 03 83 e0 01 84 c0 0f 85 7f ff
0x0000774d3d84b0ce:   ff ff 4d 85 d2 0f 84 ef 00 00 00 4d 8b 5a 68 eb
0x0000774d3d84b0de:   84 90 48 83 fa 02 0f 86 6e ff ff ff 4c 8b 1a 4d
0x0000774d3d84b0ee:   85 db 0f 85 78 ff ff ff e9 5d ff ff ff 0f 1f 44
0x0000774d3d84b0fe:   00 00 4d 8b 5d 18 4d 85 db 74 0d 8b 43 38 41 39
0x0000774d3d84b10e:   45 20 0f 84 9f 00 00 00 4c 8d b3 a0 03 00 00 4c
0x0000774d3d84b11e:   89 55 a8 4d 8b 7d 10 4c 89 f7 e8 83 38 e9 ff 4c
0x0000774d3d84b12e:   8b 9b c8 03 00 00 45 31 c0 4c 89 fe 4c 89 c2 41
0x0000774d3d84b13e:   8b 3b 4c 89 5d b0 89 7d b8 e8 14 72 0d 00 4c 8b
0x0000774d3d84b14e:   5d b0 48 83 ec 08 8b 7d b8 45 31 c0 41 89 c1 4c
0x0000774d3d84b15e:   89 f9 49 8b 53 10 41 8b 73 0c 6a 00 e8 21 ee 2a 


Stack slot to memory mapping:

stack at sp + 0 slots: 0x0000774d771fe2c0 is pointing into the stack for thread: 0x0000774d7001a060
stack at sp + 1 slots: 0x0000774d3d76cbe0: <offset 0x000000000016cbe0> in /lib/x86_64-linux-gnu/libcuda.so.1 at 0x0000774d3d600000
stack at sp + 2 slots: 0x0000774d715a24a0 points into unknown readable memory: 0x0000000000000000 | 00 00 00 00 00 00 00 00
stack at sp + 3 slots: 0x0 is null
stack at sp + 4 slots: 0x0000774d771fddf0 is pointing into the stack for thread: 0x0000774d7001a060
stack at sp + 5 slots: 0x0000774d3daed2e9: <offset 0x00000000004ed2e9> in /lib/x86_64-linux-gnu/libcuda.so.1 at 0x0000774d3d600000
stack at sp + 6 slots: 0x0 is null
stack at sp + 7 slots: 0x0000774d771fde78 is pointing into the stack for thread: 0x0000774d7001a060


---------------  P R O C E S S  ---------------

Threads class SMR info:
_java_thread_list=0x0000774d71578650, length=14, elements={
0x0000774d7001a060, 0x0000774d70138d50, 0x0000774d7013a3e0, 0x0000774d7013beb0,
0x0000774d7013d500, 0x0000774d7013eab0, 0x0000774d70140680, 0x0000774d70141d50,
0x0000774d70160f50, 0x0000774cb806eb20, 0x0000774cb8078000, 0x0000774d7019c9c0,
0x0000774d702a2040, 0x0000774d71578fd0
}

Java Threads: ( => current thread )
=>0x0000774d7001a060 JavaThread "main"                              [_thread_in_native, id=6473, stack(0x0000774d77100000,0x0000774d77200000) (1024K)]
  0x0000774d70138d50 JavaThread "Reference Handler"          daemon [_thread_blocked, id=6481, stack(0x0000774d48b00000,0x0000774d48c00000) (1024K)]
  0x0000774d7013a3e0 JavaThread "Finalizer"                  daemon [_thread_blocked, id=6482, stack(0x0000774d48a00000,0x0000774d48b00000) (1024K)]
  0x0000774d7013beb0 JavaThread "Signal Dispatcher"          daemon [_thread_blocked, id=6483, stack(0x0000774d48900000,0x0000774d48a00000) (1024K)]
  0x0000774d7013d500 JavaThread "Service Thread"             daemon [_thread_blocked, id=6484, stack(0x0000774d48800000,0x0000774d48900000) (1024K)]
  0x0000774d7013eab0 JavaThread "Monitor Deflation Thread"   daemon [_thread_blocked, id=6485, stack(0x0000774d48700000,0x0000774d48800000) (1024K)]
  0x0000774d70140680 JavaThread "C2 CompilerThread0"         daemon [_thread_blocked, id=6486, stack(0x0000774d48600000,0x0000774d48700000) (1024K)]
  0x0000774d70141d50 JavaThread "C1 CompilerThread0"         daemon [_thread_blocked, id=6487, stack(0x0000774d48500000,0x0000774d48600000) (1024K)]
  0x0000774d70160f50 JavaThread "Common-Cleaner"             daemon [_thread_blocked, id=6488, stack(0x0000774d48400000,0x0000774d48500000) (1024K)]
  0x0000774cb806eb20 JavaThread "C1 CompilerThread1"         daemon [_thread_blocked, id=6489, stack(0x0000774d48300000,0x0000774d48400000) (1024K)]
  0x0000774cb8078000 JavaThread "C1 CompilerThread2"         daemon [_thread_blocked, id=6490, stack(0x0000774d48200000,0x0000774d48300000) (1024K)]
  0x0000774d7019c9c0 JavaThread "Notification Thread"        daemon [_thread_blocked, id=6491, stack(0x0000774d48100000,0x0000774d48200000) (1024K)]
  0x0000774d702a2040 JavaThread "Java2D Disposer"            daemon [_thread_blocked, id=6494, stack(0x0000774d3fcc3000,0x0000774d3fdc3000) (1024K)]
  0x0000774d71578fd0 JavaThread "pool-1-thread-1"            daemon [_thread_blocked, id=6501, stack(0x0000774d48000000,0x0000774d48100000) (1024K)]
Total: 14

Other Threads:
  0x0000774d7012ba00 VMThread "VM Thread"                           [id=6480, stack(0x0000774d499fb000,0x0000774d49afb000) (1024K)]
  0x0000774d70111250 WatcherThread "VM Periodic Task Thread"        [id=6479, stack(0x0000774d49afc000,0x0000774d49bfc000) (1024K)]
  0x0000774d70045400 WorkerThread "GC Thread#0"                     [id=6474, stack(0x0000774d74100000,0x0000774d74200000) (1024K)]
  0x0000774d70055f00 ConcurrentGCThread "G1 Main Marker"            [id=6475, stack(0x0000774d6ff00000,0x0000774d70000000) (1024K)]
  0x0000774d70056eb0 WorkerThread "G1 Conc#0"                       [id=6476, stack(0x0000774d58700000,0x0000774d58800000) (1024K)]
  0x0000774d700feac0 ConcurrentGCThread "G1 Refine#0"               [id=6477, stack(0x0000774d49cfe000,0x0000774d49dfe000) (1024K)]
  0x0000774d700ffa80 ConcurrentGCThread "G1 Service"                [id=6478, stack(0x0000774d49bfd000,0x0000774d49cfd000) (1024K)]
Total: 7

Threads with active compile tasks:
Total: 0

VM state: not at safepoint (normal execution)

VM Mutex/Monitor currently owned by a thread: None

Heap address: 0x0000000616800000, size: 7832 MB, Compressed Oops mode: Zero based, Oop shift amount: 3

CDS archive(s) mapped at: [0x0000774cf3000000-0x0000774cf3cae000-0x0000774cf3cae000), size 13295616, SharedBaseAddress: 0x0000774cf3000000, ArchiveRelocationMode: 1.
Compressed class space mapped at: 0x0000774cf4000000-0x0000774d34000000, reserved size: 1073741824
Narrow klass base: 0x0000774cf3000000, Narrow klass shift: 0, Narrow klass range: 0x100000000

GC Precious Log:
 CardTable entry size: 512
 Card Set container configuration: InlinePtr #cards 4 size 8 Array Of Cards #cards 32 size 80 Howl #buckets 8 coarsen threshold 7372 Howl Bitmap #cards 1024 size 144 coarsen threshold 921 Card regions per heap region 1 cards per card region 8192
 CPUs: 16 total, 16 available
 Memory: 31322M
 Large Page Support: Disabled
 NUMA Support: Disabled
 Compressed Oops: Enabled (Zero based)
 Heap Region Size: 4M
 Heap Min Capacity: 8M
 Heap Initial Capacity: 492M
 Heap Max Capacity: 7832M
 Pre-touch: Disabled
 Parallel Workers: 13
 Concurrent Workers: 3
 Concurrent Refinement Workers: 13
 Periodic GC: Disabled

Heap:
 garbage-first heap   total 507904K, used 33822K [0x0000000616800000, 0x0000000800000000)
  region size 4096K, 4 young (16384K), 0 survivors (0K)
 Metaspace       used 4496K, committed 4608K, reserved 1114112K
  class space    used 395K, committed 448K, reserved 1048576K

Heap Regions: E=young(eden), S=young(survivor), O=old, HS=humongous(starts), HC=humongous(continues), CS=collection set, F=free, TAMS=top-at-mark-start, PB=parsable bottom
|   0|0x0000000616800000, 0x0000000616c00000, 0x0000000616c00000|100%|HS|  |TAMS 0x0000000616800000| PB 0x0000000616800000| Complete 
|   1|0x0000000616c00000, 0x0000000617000000, 0x0000000617000000|100%|HC|  |TAMS 0x0000000616c00000| PB 0x0000000616c00000| Complete 
|   2|0x0000000617000000, 0x0000000617400000, 0x0000000617400000|100%|HS|  |TAMS 0x0000000617000000| PB 0x0000000617000000| Complete 
|   3|0x0000000617400000, 0x0000000617800000, 0x0000000617800000|100%|HC|  |TAMS 0x0000000617400000| PB 0x0000000617400000| Complete 
|   4|0x0000000617800000, 0x0000000617c00000, 0x0000000617c00000|100%|HC|  |TAMS 0x0000000617800000| PB 0x0000000617800000| Complete 
|   5|0x0000000617c00000, 0x0000000618000000, 0x0000000618000000|100%|HC|  |TAMS 0x0000000617c00000| PB 0x0000000617c00000| Complete 
|   6|0x0000000618000000, 0x0000000618000000, 0x0000000618400000|  0%| F|  |TAMS 0x0000000618000000| PB 0x0000000618000000| Untracked 
|   7|0x0000000618400000, 0x0000000618400000, 0x0000000618800000|  0%| F|  |TAMS 0x0000000618400000| PB 0x0000000618400000| Untracked 
|   8|0x0000000618800000, 0x0000000618800000, 0x0000000618c00000|  0%| F|  |TAMS 0x0000000618800000| PB 0x0000000618800000| Untracked 
|   9|0x0000000618c00000, 0x0000000618c00000, 0x0000000619000000|  0%| F|  |TAMS 0x0000000618c00000| PB 0x0000000618c00000| Untracked 
|  10|0x0000000619000000, 0x0000000619000000, 0x0000000619400000|  0%| F|  |TAMS 0x0000000619000000| PB 0x0000000619000000| Untracked 
|  11|0x0000000619400000, 0x0000000619400000, 0x0000000619800000|  0%| F|  |TAMS 0x0000000619400000| PB 0x0000000619400000| Untracked 
|  12|0x0000000619800000, 0x0000000619800000, 0x0000000619c00000|  0%| F|  |TAMS 0x0000000619800000| PB 0x0000000619800000| Untracked 
|  13|0x0000000619c00000, 0x0000000619c00000, 0x000000061a000000|  0%| F|  |TAMS 0x0000000619c00000| PB 0x0000000619c00000| Untracked 
|  14|0x000000061a000000, 0x000000061a000000, 0x000000061a400000|  0%| F|  |TAMS 0x000000061a000000| PB 0x000000061a000000| Untracked 
|  15|0x000000061a400000, 0x000000061a400000, 0x000000061a800000|  0%| F|  |TAMS 0x000000061a400000| PB 0x000000061a400000| Untracked 
|  16|0x000000061a800000, 0x000000061a800000, 0x000000061ac00000|  0%| F|  |TAMS 0x000000061a800000| PB 0x000000061a800000| Untracked 
|  17|0x000000061ac00000, 0x000000061ac00000, 0x000000061b000000|  0%| F|  |TAMS 0x000000061ac00000| PB 0x000000061ac00000| Untracked 
|  18|0x000000061b000000, 0x000000061b000000, 0x000000061b400000|  0%| F|  |TAMS 0x000000061b000000| PB 0x000000061b000000| Untracked 
|  19|0x000000061b400000, 0x000000061b400000, 0x000000061b800000|  0%| F|  |TAMS 0x000000061b400000| PB 0x000000061b400000| Untracked 
|  20|0x000000061b800000, 0x000000061b800000, 0x000000061bc00000|  0%| F|  |TAMS 0x000000061b800000| PB 0x000000061b800000| Untracked 
|  21|0x000000061bc00000, 0x000000061bc00000, 0x000000061c000000|  0%| F|  |TAMS 0x000000061bc00000| PB 0x000000061bc00000| Untracked 
|  22|0x000000061c000000, 0x000000061c000000, 0x000000061c400000|  0%| F|  |TAMS 0x000000061c000000| PB 0x000000061c000000| Untracked 
|  23|0x000000061c400000, 0x000000061c400000, 0x000000061c800000|  0%| F|  |TAMS 0x000000061c400000| PB 0x000000061c400000| Untracked 
|  24|0x000000061c800000, 0x000000061c800000, 0x000000061cc00000|  0%| F|  |TAMS 0x000000061c800000| PB 0x000000061c800000| Untracked 
|  25|0x000000061cc00000, 0x000000061cc00000, 0x000000061d000000|  0%| F|  |TAMS 0x000000061cc00000| PB 0x000000061cc00000| Untracked 
|  26|0x000000061d000000, 0x000000061d000000, 0x000000061d400000|  0%| F|  |TAMS 0x000000061d000000| PB 0x000000061d000000| Untracked 
|  27|0x000000061d400000, 0x000000061d400000, 0x000000061d800000|  0%| F|  |TAMS 0x000000061d400000| PB 0x000000061d400000| Untracked 
|  28|0x000000061d800000, 0x000000061d800000, 0x000000061dc00000|  0%| F|  |TAMS 0x000000061d800000| PB 0x000000061d800000| Untracked 
|  29|0x000000061dc00000, 0x000000061dc00000, 0x000000061e000000|  0%| F|  |TAMS 0x000000061dc00000| PB 0x000000061dc00000| Untracked 
|  30|0x000000061e000000, 0x000000061e000000, 0x000000061e400000|  0%| F|  |TAMS 0x000000061e000000| PB 0x000000061e000000| Untracked 
|  31|0x000000061e400000, 0x000000061e400000, 0x000000061e800000|  0%| F|  |TAMS 0x000000061e400000| PB 0x000000061e400000| Untracked 
|  32|0x000000061e800000, 0x000000061e800000, 0x000000061ec00000|  0%| F|  |TAMS 0x000000061e800000| PB 0x000000061e800000| Untracked 
|  33|0x000000061ec00000, 0x000000061ec00000, 0x000000061f000000|  0%| F|  |TAMS 0x000000061ec00000| PB 0x000000061ec00000| Untracked 
|  34|0x000000061f000000, 0x000000061f000000, 0x000000061f400000|  0%| F|  |TAMS 0x000000061f000000| PB 0x000000061f000000| Untracked 
|  35|0x000000061f400000, 0x000000061f400000, 0x000000061f800000|  0%| F|  |TAMS 0x000000061f400000| PB 0x000000061f400000| Untracked 
|  36|0x000000061f800000, 0x000000061f800000, 0x000000061fc00000|  0%| F|  |TAMS 0x000000061f800000| PB 0x000000061f800000| Untracked 
|  37|0x000000061fc00000, 0x000000061fc00000, 0x0000000620000000|  0%| F|  |TAMS 0x000000061fc00000| PB 0x000000061fc00000| Untracked 
|  38|0x0000000620000000, 0x0000000620000000, 0x0000000620400000|  0%| F|  |TAMS 0x0000000620000000| PB 0x0000000620000000| Untracked 
|  39|0x0000000620400000, 0x0000000620400000, 0x0000000620800000|  0%| F|  |TAMS 0x0000000620400000| PB 0x0000000620400000| Untracked 
|  40|0x0000000620800000, 0x0000000620800000, 0x0000000620c00000|  0%| F|  |TAMS 0x0000000620800000| PB 0x0000000620800000| Untracked 
|  41|0x0000000620c00000, 0x0000000620c00000, 0x0000000621000000|  0%| F|  |TAMS 0x0000000620c00000| PB 0x0000000620c00000| Untracked 
|  42|0x0000000621000000, 0x0000000621000000, 0x0000000621400000|  0%| F|  |TAMS 0x0000000621000000| PB 0x0000000621000000| Untracked 
|  43|0x0000000621400000, 0x0000000621400000, 0x0000000621800000|  0%| F|  |TAMS 0x0000000621400000| PB 0x0000000621400000| Untracked 
|  44|0x0000000621800000, 0x0000000621800000, 0x0000000621c00000|  0%| F|  |TAMS 0x0000000621800000| PB 0x0000000621800000| Untracked 
|  45|0x0000000621c00000, 0x0000000621c00000, 0x0000000622000000|  0%| F|  |TAMS 0x0000000621c00000| PB 0x0000000621c00000| Untracked 
|  46|0x0000000622000000, 0x0000000622000000, 0x0000000622400000|  0%| F|  |TAMS 0x0000000622000000| PB 0x0000000622000000| Untracked 
|  47|0x0000000622400000, 0x0000000622400000, 0x0000000622800000|  0%| F|  |TAMS 0x0000000622400000| PB 0x0000000622400000| Untracked 
|  48|0x0000000622800000, 0x0000000622800000, 0x0000000622c00000|  0%| F|  |TAMS 0x0000000622800000| PB 0x0000000622800000| Untracked 
|  49|0x0000000622c00000, 0x0000000622c00000, 0x0000000623000000|  0%| F|  |TAMS 0x0000000622c00000| PB 0x0000000622c00000| Untracked 
|  50|0x0000000623000000, 0x0000000623000000, 0x0000000623400000|  0%| F|  |TAMS 0x0000000623000000| PB 0x0000000623000000| Untracked 
|  51|0x0000000623400000, 0x0000000623400000, 0x0000000623800000|  0%| F|  |TAMS 0x0000000623400000| PB 0x0000000623400000| Untracked 
|  52|0x0000000623800000, 0x0000000623800000, 0x0000000623c00000|  0%| F|  |TAMS 0x0000000623800000| PB 0x0000000623800000| Untracked 
|  53|0x0000000623c00000, 0x0000000623c00000, 0x0000000624000000|  0%| F|  |TAMS 0x0000000623c00000| PB 0x0000000623c00000| Untracked 
|  54|0x0000000624000000, 0x0000000624000000, 0x0000000624400000|  0%| F|  |TAMS 0x0000000624000000| PB 0x0000000624000000| Untracked 
|  55|0x0000000624400000, 0x0000000624400000, 0x0000000624800000|  0%| F|  |TAMS 0x0000000624400000| PB 0x0000000624400000| Untracked 
|  56|0x0000000624800000, 0x0000000624800000, 0x0000000624c00000|  0%| F|  |TAMS 0x0000000624800000| PB 0x0000000624800000| Untracked 
|  57|0x0000000624c00000, 0x0000000624c00000, 0x0000000625000000|  0%| F|  |TAMS 0x0000000624c00000| PB 0x0000000624c00000| Untracked 
|  58|0x0000000625000000, 0x0000000625000000, 0x0000000625400000|  0%| F|  |TAMS 0x0000000625000000| PB 0x0000000625000000| Untracked 
|  59|0x0000000625400000, 0x0000000625400000, 0x0000000625800000|  0%| F|  |TAMS 0x0000000625400000| PB 0x0000000625400000| Untracked 
|  60|0x0000000625800000, 0x0000000625800000, 0x0000000625c00000|  0%| F|  |TAMS 0x0000000625800000| PB 0x0000000625800000| Untracked 
|  61|0x0000000625c00000, 0x0000000625c00000, 0x0000000626000000|  0%| F|  |TAMS 0x0000000625c00000| PB 0x0000000625c00000| Untracked 
|  62|0x0000000626000000, 0x0000000626000000, 0x0000000626400000|  0%| F|  |TAMS 0x0000000626000000| PB 0x0000000626000000| Untracked 
|  63|0x0000000626400000, 0x0000000626400000, 0x0000000626800000|  0%| F|  |TAMS 0x0000000626400000| PB 0x0000000626400000| Untracked 
|  64|0x0000000626800000, 0x0000000626800000, 0x0000000626c00000|  0%| F|  |TAMS 0x0000000626800000| PB 0x0000000626800000| Untracked 
|  65|0x0000000626c00000, 0x0000000626c00000, 0x0000000627000000|  0%| F|  |TAMS 0x0000000626c00000| PB 0x0000000626c00000| Untracked 
|  66|0x0000000627000000, 0x0000000627000000, 0x0000000627400000|  0%| F|  |TAMS 0x0000000627000000| PB 0x0000000627000000| Untracked 
|  67|0x0000000627400000, 0x0000000627400000, 0x0000000627800000|  0%| F|  |TAMS 0x0000000627400000| PB 0x0000000627400000| Untracked 
|  68|0x0000000627800000, 0x0000000627800000, 0x0000000627c00000|  0%| F|  |TAMS 0x0000000627800000| PB 0x0000000627800000| Untracked 
|  69|0x0000000627c00000, 0x0000000627c00000, 0x0000000628000000|  0%| F|  |TAMS 0x0000000627c00000| PB 0x0000000627c00000| Untracked 
|  70|0x0000000628000000, 0x0000000628000000, 0x0000000628400000|  0%| F|  |TAMS 0x0000000628000000| PB 0x0000000628000000| Untracked 
|  71|0x0000000628400000, 0x0000000628400000, 0x0000000628800000|  0%| F|  |TAMS 0x0000000628400000| PB 0x0000000628400000| Untracked 
|  72|0x0000000628800000, 0x0000000628800000, 0x0000000628c00000|  0%| F|  |TAMS 0x0000000628800000| PB 0x0000000628800000| Untracked 
|  73|0x0000000628c00000, 0x0000000628c00000, 0x0000000629000000|  0%| F|  |TAMS 0x0000000628c00000| PB 0x0000000628c00000| Untracked 
|  74|0x0000000629000000, 0x0000000629000000, 0x0000000629400000|  0%| F|  |TAMS 0x0000000629000000| PB 0x0000000629000000| Untracked 
|  75|0x0000000629400000, 0x0000000629400000, 0x0000000629800000|  0%| F|  |TAMS 0x0000000629400000| PB 0x0000000629400000| Untracked 
|  76|0x0000000629800000, 0x0000000629800000, 0x0000000629c00000|  0%| F|  |TAMS 0x0000000629800000| PB 0x0000000629800000| Untracked 
|  77|0x0000000629c00000, 0x0000000629c00000, 0x000000062a000000|  0%| F|  |TAMS 0x0000000629c00000| PB 0x0000000629c00000| Untracked 
|  78|0x000000062a000000, 0x000000062a000000, 0x000000062a400000|  0%| F|  |TAMS 0x000000062a000000| PB 0x000000062a000000| Untracked 
|  79|0x000000062a400000, 0x000000062a400000, 0x000000062a800000|  0%| F|  |TAMS 0x000000062a400000| PB 0x000000062a400000| Untracked 
|  80|0x000000062a800000, 0x000000062a800000, 0x000000062ac00000|  0%| F|  |TAMS 0x000000062a800000| PB 0x000000062a800000| Untracked 
|  81|0x000000062ac00000, 0x000000062ac00000, 0x000000062b000000|  0%| F|  |TAMS 0x000000062ac00000| PB 0x000000062ac00000| Untracked 
|  82|0x000000062b000000, 0x000000062b000000, 0x000000062b400000|  0%| F|  |TAMS 0x000000062b000000| PB 0x000000062b000000| Untracked 
|  83|0x000000062b400000, 0x000000062b400000, 0x000000062b800000|  0%| F|  |TAMS 0x000000062b400000| PB 0x000000062b400000| Untracked 
|  84|0x000000062b800000, 0x000000062b800000, 0x000000062bc00000|  0%| F|  |TAMS 0x000000062b800000| PB 0x000000062b800000| Untracked 
|  85|0x000000062bc00000, 0x000000062bc00000, 0x000000062c000000|  0%| F|  |TAMS 0x000000062bc00000| PB 0x000000062bc00000| Untracked 
|  86|0x000000062c000000, 0x000000062c000000, 0x000000062c400000|  0%| F|  |TAMS 0x000000062c000000| PB 0x000000062c000000| Untracked 
|  87|0x000000062c400000, 0x000000062c400000, 0x000000062c800000|  0%| F|  |TAMS 0x000000062c400000| PB 0x000000062c400000| Untracked 
|  88|0x000000062c800000, 0x000000062c800000, 0x000000062cc00000|  0%| F|  |TAMS 0x000000062c800000| PB 0x000000062c800000| Untracked 
|  89|0x000000062cc00000, 0x000000062cc00000, 0x000000062d000000|  0%| F|  |TAMS 0x000000062cc00000| PB 0x000000062cc00000| Untracked 
|  90|0x000000062d000000, 0x000000062d000000, 0x000000062d400000|  0%| F|  |TAMS 0x000000062d000000| PB 0x000000062d000000| Untracked 
|  91|0x000000062d400000, 0x000000062d400000, 0x000000062d800000|  0%| F|  |TAMS 0x000000062d400000| PB 0x000000062d400000| Untracked 
|  92|0x000000062d800000, 0x000000062d800000, 0x000000062dc00000|  0%| F|  |TAMS 0x000000062d800000| PB 0x000000062d800000| Untracked 
|  93|0x000000062dc00000, 0x000000062dc00000, 0x000000062e000000|  0%| F|  |TAMS 0x000000062dc00000| PB 0x000000062dc00000| Untracked 
|  94|0x000000062e000000, 0x000000062e000000, 0x000000062e400000|  0%| F|  |TAMS 0x000000062e000000| PB 0x000000062e000000| Untracked 
|  95|0x000000062e400000, 0x000000062e400000, 0x000000062e800000|  0%| F|  |TAMS 0x000000062e400000| PB 0x000000062e400000| Untracked 
|  96|0x000000062e800000, 0x000000062e800000, 0x000000062ec00000|  0%| F|  |TAMS 0x000000062e800000| PB 0x000000062e800000| Untracked 
|  97|0x000000062ec00000, 0x000000062ec00000, 0x000000062f000000|  0%| F|  |TAMS 0x000000062ec00000| PB 0x000000062ec00000| Untracked 
|  98|0x000000062f000000, 0x000000062f000000, 0x000000062f400000|  0%| F|  |TAMS 0x000000062f000000| PB 0x000000062f000000| Untracked 
|  99|0x000000062f400000, 0x000000062f400000, 0x000000062f800000|  0%| F|  |TAMS 0x000000062f400000| PB 0x000000062f400000| Untracked 
| 100|0x000000062f800000, 0x000000062f800000, 0x000000062fc00000|  0%| F|  |TAMS 0x000000062f800000| PB 0x000000062f800000| Untracked 
| 101|0x000000062fc00000, 0x000000062fc00000, 0x0000000630000000|  0%| F|  |TAMS 0x000000062fc00000| PB 0x000000062fc00000| Untracked 
| 102|0x0000000630000000, 0x0000000630000000, 0x0000000630400000|  0%| F|  |TAMS 0x0000000630000000| PB 0x0000000630000000| Untracked 
| 103|0x0000000630400000, 0x0000000630400000, 0x0000000630800000|  0%| F|  |TAMS 0x0000000630400000| PB 0x0000000630400000| Untracked 
| 104|0x0000000630800000, 0x0000000630800000, 0x0000000630c00000|  0%| F|  |TAMS 0x0000000630800000| PB 0x0000000630800000| Untracked 
| 105|0x0000000630c00000, 0x0000000630c00000, 0x0000000631000000|  0%| F|  |TAMS 0x0000000630c00000| PB 0x0000000630c00000| Untracked 
| 106|0x0000000631000000, 0x0000000631000000, 0x0000000631400000|  0%| F|  |TAMS 0x0000000631000000| PB 0x0000000631000000| Untracked 
| 107|0x0000000631400000, 0x0000000631400000, 0x0000000631800000|  0%| F|  |TAMS 0x0000000631400000| PB 0x0000000631400000| Untracked 
| 108|0x0000000631800000, 0x0000000631800000, 0x0000000631c00000|  0%| F|  |TAMS 0x0000000631800000| PB 0x0000000631800000| Untracked 
| 109|0x0000000631c00000, 0x0000000631c00000, 0x0000000632000000|  0%| F|  |TAMS 0x0000000631c00000| PB 0x0000000631c00000| Untracked 
| 110|0x0000000632000000, 0x0000000632000000, 0x0000000632400000|  0%| F|  |TAMS 0x0000000632000000| PB 0x0000000632000000| Untracked 
| 111|0x0000000632400000, 0x0000000632400000, 0x0000000632800000|  0%| F|  |TAMS 0x0000000632400000| PB 0x0000000632400000| Untracked 
| 112|0x0000000632800000, 0x0000000632800000, 0x0000000632c00000|  0%| F|  |TAMS 0x0000000632800000| PB 0x0000000632800000| Untracked 
| 113|0x0000000632c00000, 0x0000000632c00000, 0x0000000633000000|  0%| F|  |TAMS 0x0000000632c00000| PB 0x0000000632c00000| Untracked 
| 114|0x0000000633000000, 0x0000000633000000, 0x0000000633400000|  0%| F|  |TAMS 0x0000000633000000| PB 0x0000000633000000| Untracked 
| 115|0x0000000633400000, 0x0000000633400000, 0x0000000633800000|  0%| F|  |TAMS 0x0000000633400000| PB 0x0000000633400000| Untracked 
| 116|0x0000000633800000, 0x0000000633800000, 0x0000000633c00000|  0%| F|  |TAMS 0x0000000633800000| PB 0x0000000633800000| Untracked 
| 117|0x0000000633c00000, 0x0000000633c00000, 0x0000000634000000|  0%| F|  |TAMS 0x0000000633c00000| PB 0x0000000633c00000| Untracked 
| 118|0x0000000634000000, 0x0000000634000000, 0x0000000634400000|  0%| F|  |TAMS 0x0000000634000000| PB 0x0000000634000000| Untracked 
| 119|0x0000000634400000, 0x0000000634686608, 0x0000000634800000| 63%| E|  |TAMS 0x0000000634400000| PB 0x0000000634400000| Complete 
| 120|0x0000000634800000, 0x0000000634c00000, 0x0000000634c00000|100%| E|  |TAMS 0x0000000634800000| PB 0x0000000634800000| Complete 
| 121|0x0000000634c00000, 0x0000000635000000, 0x0000000635000000|100%| E|CS|TAMS 0x0000000634c00000| PB 0x0000000634c00000| Complete 
| 122|0x0000000635000000, 0x0000000635400000, 0x0000000635400000|100%| E|CS|TAMS 0x0000000635000000| PB 0x0000000635000000| Complete 
|1957|0x00000007ffc00000, 0x00000007ffd079d8, 0x0000000800000000| 25%| O|  |TAMS 0x00000007ffc00000| PB 0x00000007ffc00000| Untracked 

Card table byte_map: [0x0000774d74200000,0x0000774d7514c000] _byte_map_base: 0x0000774d7114c000

Marking Bits: (CMBitMap*) 0x0000774d70045f30
 Bits: [0x0000774d50c00000, 0x0000774d58660000)

Polling page: 0x0000774d78ed2000

Metaspace:

Usage:
  Non-class:      4.00 MB used.
      Class:    395.71 KB used.
       Both:      4.39 MB used.

Virtual space:
  Non-class space:       64.00 MB reserved,       4.06 MB (  6%) committed,  1 nodes.
      Class space:        1.00 GB reserved,     448.00 KB ( <1%) committed,  1 nodes.
             Both:        1.06 GB reserved,       4.50 MB ( <1%) committed. 

Chunk freelists:
   Non-Class:  11.20 MB
       Class:  15.52 MB
        Both:  26.72 MB

MaxMetaspaceSize: unlimited
CompressedClassSpaceSize: 1.00 GB
Initial GC threshold: 21.00 MB
Current GC threshold: 21.00 MB
CDS: on
 - commit_granule_bytes: 65536.
 - commit_granule_words: 8192.
 - virtual_space_node_default_size: 8388608.
 - enlarge_chunks_in_place: 1.
 - use_allocation_guard: 0.


Internal statistics:

num_allocs_failed_limit: 0.
num_arena_births: 98.
num_arena_deaths: 0.
num_vsnodes_births: 2.
num_vsnodes_deaths: 0.
num_space_committed: 72.
num_space_uncommitted: 0.
num_chunks_returned_to_freelist: 0.
num_chunks_taken_from_freelist: 159.
num_chunk_merges: 0.
num_chunk_splits: 99.
num_chunks_enlarged: 45.
num_inconsistent_stats: 0.

CodeHeap 'non-profiled nmethods': size=119168Kb used=216Kb max_used=216Kb free=118951Kb
 bounds [0x0000774d603a0000, 0x0000774d60610000, 0x0000774d67800000]
CodeHeap 'profiled nmethods': size=119164Kb used=933Kb max_used=933Kb free=118230Kb
 bounds [0x0000774d58800000, 0x0000774d58a70000, 0x0000774d5fc5f000]
CodeHeap 'non-nmethods': size=7428Kb used=2757Kb max_used=2773Kb free=4670Kb
 bounds [0x0000774d5fc5f000, 0x0000774d5ff1f000, 0x0000774d603a0000]
 total_blobs=1352 nmethods=650 adapters=606
 compilation: enabled
              stopped_count=0, restarted_count=0
 full_count=0

Compilation events (20 events):
Event: 0.362 Thread 0x0000774cb806eb20  639       3       java.io.InputStream::<init> (5 bytes)
Event: 0.362 Thread 0x0000774cb806eb20 nmethod 639 0x0000774d588e5e10 code [0x0000774d588e5fa0, 0x0000774d588e6100]
Event: 0.362 Thread 0x0000774d70141d50  640       3       sun.net.www.ParseUtil::firstEncodeIndex (86 bytes)
Event: 0.363 Thread 0x0000774cb8078000  641       3       sun.net.util.IPAddressUtil::earlyURLParsing (12 bytes)
Event: 0.363 Thread 0x0000774cb8078000 nmethod 641 0x0000774d588e6190 code [0x0000774d588e6320, 0x0000774d588e6428]
Event: 0.363 Thread 0x0000774d70141d50 nmethod 640 0x0000774d588e6490 code [0x0000774d588e66c0, 0x0000774d588e7060]
Event: 0.365 Thread 0x0000774cb806eb20  643       3       jdk.internal.org.objectweb.asm.Handler::getExceptionTableSize (10 bytes)
Event: 0.365 Thread 0x0000774cb8078000  642       1       jdk.internal.org.objectweb.asm.MethodWriter::hasAsmInstructions (5 bytes)
Event: 0.365 Thread 0x0000774d70141d50  644       3       java.lang.invoke.MethodHandles$Lookup::isClassAccessible (53 bytes)
Event: 0.365 Thread 0x0000774cb8078000 nmethod 642 0x0000774d603d4210 code [0x0000774d603d43a0, 0x0000774d603d4468]
Event: 0.365 Thread 0x0000774cb806eb20 nmethod 643 0x0000774d588e7410 code [0x0000774d588e75a0, 0x0000774d588e7798]
Event: 0.365 Thread 0x0000774cb806eb20  645       1       java.lang.invoke.MethodType::rtype (5 bytes)
Event: 0.365 Thread 0x0000774cb806eb20 nmethod 645 0x0000774d603d4510 code [0x0000774d603d46a0, 0x0000774d603d4768]
Event: 0.365 Thread 0x0000774cb806eb20  646       3       jdk.internal.org.objectweb.asm.AnnotationWriter::putAnnotations (67 bytes)
Event: 0.365 Thread 0x0000774d70141d50 nmethod 644 0x0000774d588e7890 code [0x0000774d588e7aa0, 0x0000774d588e8060]
Event: 0.366 Thread 0x0000774cb806eb20 nmethod 646 0x0000774d588e8290 code [0x0000774d588e84a0, 0x0000774d588e8890]
Event: 0.369 Thread 0x0000774d70141d50  648       3       java.lang.invoke.DirectMethodHandle::allocateInstance (16 bytes)
Event: 0.369 Thread 0x0000774d70140680 nmethod 633 0x0000774d603d5090 code [0x0000774d603d5280, 0x0000774d603d59d8]
Event: 0.369 Thread 0x0000774d70140680  638       4       java.lang.StringUTF16::getChar (60 bytes)
Event: 0.369 Thread 0x0000774cb806eb20  650       3       java.lang.invoke.DirectMethodHandle::constructorMethod (10 bytes)

GC Heap History (0 events):
No events

Dll operation events (12 events):
Event: 0.001 Loaded shared library /usr/lib/jvm/java-21-openjdk-amd64/lib/libjava.so
Event: 0.023 Loaded shared library /usr/lib/jvm/java-21-openjdk-amd64/lib/libjsvml.so
Event: 0.024 Loaded shared library /usr/lib/jvm/java-21-openjdk-amd64/lib/libnio.so
Event: 0.060 Loaded shared library /usr/lib/jvm/java-21-openjdk-amd64/lib/libzip.so
Event: 0.074 Loaded shared library /usr/lib/jvm/java-21-openjdk-amd64/lib/libjimage.so
Event: 0.083 Loaded shared library /usr/lib/jvm/java-21-openjdk-amd64/lib/libawt.so
Event: 0.086 Loaded shared library /usr/lib/jvm/java-21-openjdk-amd64/lib/libawt_xawt.so
Event: 0.111 Loaded shared library /usr/lib/jvm/java-21-openjdk-amd64/lib/libjavajpeg.so
Event: 0.152 Loaded shared library /usr/lib/jvm/java-21-openjdk-amd64/lib/libfontmanager.so
Event: 0.234 Loaded shared library /tmp/libJCublas2-12.0.0-linux-x86_64.so
Event: 0.339 Loaded shared library /tmp/libJCudaRuntime-12.0.0-linux-x86_64.so
Event: 0.346 Loaded shared library /usr/lib/jvm/java-21-openjdk-amd64/lib/libverify.so

Deoptimization events (20 events):
Event: 0.138 Thread 0x0000774d7001a060 DEOPT PACKING pc=0x0000774d588a4a28 sp=0x0000774d771fdad0
Event: 0.138 Thread 0x0000774d7001a060 DEOPT UNPACKING pc=0x0000774d5fcb372f sp=0x0000774d771fcfc8 mode 0
Event: 0.138 Thread 0x0000774d7001a060 DEOPT PACKING pc=0x0000774d588a4a28 sp=0x0000774d771fdad0
Event: 0.138 Thread 0x0000774d7001a060 DEOPT UNPACKING pc=0x0000774d5fcb372f sp=0x0000774d771fcfc8 mode 0
Event: 0.138 Thread 0x0000774d7001a060 DEOPT PACKING pc=0x0000774d588a4a28 sp=0x0000774d771fdad0
Event: 0.138 Thread 0x0000774d7001a060 DEOPT UNPACKING pc=0x0000774d5fcb372f sp=0x0000774d771fcfc8 mode 0
Event: 0.138 Thread 0x0000774d7001a060 DEOPT PACKING pc=0x0000774d588a4a28 sp=0x0000774d771fdad0
Event: 0.138 Thread 0x0000774d7001a060 DEOPT UNPACKING pc=0x0000774d5fcb372f sp=0x0000774d771fcfc8 mode 0
Event: 0.138 Thread 0x0000774d7001a060 DEOPT PACKING pc=0x0000774d588a4a28 sp=0x0000774d771fdad0
Event: 0.138 Thread 0x0000774d7001a060 DEOPT UNPACKING pc=0x0000774d5fcb372f sp=0x0000774d771fcfc8 mode 0
Event: 0.138 Thread 0x0000774d7001a060 DEOPT PACKING pc=0x0000774d588a4a28 sp=0x0000774d771fdad0
Event: 0.138 Thread 0x0000774d7001a060 DEOPT UNPACKING pc=0x0000774d5fcb372f sp=0x0000774d771fcfc8 mode 0
Event: 0.139 Thread 0x0000774d7001a060 DEOPT PACKING pc=0x0000774d588a4a28 sp=0x0000774d771fdad0
Event: 0.139 Thread 0x0000774d7001a060 DEOPT UNPACKING pc=0x0000774d5fcb372f sp=0x0000774d771fcfc8 mode 0
Event: 0.186 Thread 0x0000774d7001a060 DEOPT PACKING pc=0x0000774d588c477e sp=0x0000774d771fe780
Event: 0.186 Thread 0x0000774d7001a060 DEOPT UNPACKING pc=0x0000774d5fcb372f sp=0x0000774d771fdcd0 mode 0
Event: 0.189 Thread 0x0000774d7001a060 Uncommon trap: trap_request=0xffffff45 fr.pc=0x0000774d603ce47c relative=0x000000000000061c
Event: 0.189 Thread 0x0000774d7001a060 Uncommon trap: reason=unstable_if action=reinterpret pc=0x0000774d603ce47c method=java.util.Arrays.setAll([DLjava/util/function/IntToDoubleFunction;)V @ 10 c2
Event: 0.189 Thread 0x0000774d7001a060 DEOPT PACKING pc=0x0000774d603ce47c sp=0x0000774d771fe800
Event: 0.189 Thread 0x0000774d7001a060 DEOPT UNPACKING pc=0x0000774d5fcb2f99 sp=0x0000774d771fe7d0 mode 2

Classes loaded (20 events):
Event: 0.362 Loading class java/lang/ArrayIndexOutOfBoundsException
Event: 0.362 Loading class java/lang/IndexOutOfBoundsException
Event: 0.362 Loading class java/lang/IndexOutOfBoundsException done
Event: 0.362 Loading class java/lang/ArrayIndexOutOfBoundsException done
Event: 0.363 Loading class java/util/Spliterators$IntArraySpliterator
Event: 0.363 Loading class java/util/Spliterators$IntArraySpliterator done
Event: 0.364 Loading class java/util/stream/MatchOps$MatchKind
Event: 0.364 Loading class java/util/stream/MatchOps$MatchKind done
Event: 0.364 Loading class java/util/stream/MatchOps
Event: 0.364 Loading class java/util/stream/MatchOps done
Event: 0.364 Loading class java/util/stream/MatchOps$MatchOp
Event: 0.364 Loading class java/util/stream/MatchOps$MatchOp done
Event: 0.364 Loading class java/util/stream/MatchOps$BooleanTerminalSink
Event: 0.364 Loading class java/util/stream/MatchOps$BooleanTerminalSink done
Event: 0.364 Loading class java/util/stream/MatchOps$2MatchSink
Event: 0.364 Loading class java/util/stream/MatchOps$2MatchSink done
Event: 0.365 Loading class java/util/stream/MatchOps$1MatchSink
Event: 0.365 Loading class java/util/stream/MatchOps$1MatchSink done
Event: 0.365 Loading class java/nio/HeapDoubleBuffer
Event: 0.366 Loading class java/nio/HeapDoubleBuffer done

Classes unloaded (0 events):
No events

Classes redefined (0 events):
No events

Internal exceptions (11 events):
Event: 0.046 Thread 0x0000774d7001a060 Exception <a 'sun/nio/fs/UnixException'{0x0000000635070ea8}> (0x0000000635070ea8) 
thrown [./src/hotspot/share/prims/jni.cpp, line 520]
Event: 0.046 Thread 0x0000774d7001a060 Exception <a 'sun/nio/fs/UnixException'{0x00000006350715e8}> (0x00000006350715e8) 
thrown [./src/hotspot/share/prims/jni.cpp, line 520]
Event: 0.046 Thread 0x0000774d7001a060 Exception <a 'sun/nio/fs/UnixException'{0x0000000635071e18}> (0x0000000635071e18) 
thrown [./src/hotspot/share/prims/jni.cpp, line 520]
Event: 0.046 Thread 0x0000774d7001a060 Exception <a 'sun/nio/fs/UnixException'{0x0000000635072410}> (0x0000000635072410) 
thrown [./src/hotspot/share/prims/jni.cpp, line 520]
Event: 0.046 Thread 0x0000774d7001a060 Exception <a 'sun/nio/fs/UnixException'{0x00000006350729e0}> (0x00000006350729e0) 
thrown [./src/hotspot/share/prims/jni.cpp, line 520]
Event: 0.046 Thread 0x0000774d7001a060 Exception <a 'sun/nio/fs/UnixException'{0x0000000635072fc0}> (0x0000000635072fc0) 
thrown [./src/hotspot/share/prims/jni.cpp, line 520]
Event: 0.046 Thread 0x0000774d7001a060 Exception <a 'sun/nio/fs/UnixException'{0x0000000635073810}> (0x0000000635073810) 
thrown [./src/hotspot/share/prims/jni.cpp, line 520]
Event: 0.078 Thread 0x0000774d7001a060 Exception <a 'java/lang/ClassNotFoundException'{0x00000006353b4fc0}: sun/awt/resources/spi/awtProvider> (0x00000006353b4fc0) 
thrown [./src/hotspot/share/classfile/systemDictionary.cpp, line 312]
Event: 0.081 Thread 0x0000774d7001a060 Implicit null exception at 0x0000774d603b1c63 to 0x0000774d603b1dc4
Event: 0.094 Thread 0x0000774d7001a060 Exception <a 'java/io/FileNotFoundException'{0x0000000634c12858}> (0x0000000634c12858) 
thrown [./src/hotspot/share/prims/jni.cpp, line 520]
Event: 0.345 Thread 0x0000774d7001a060 Exception <a 'java/lang/NoSuchMethodError'{0x0000000634bc5c38}: 'void java.lang.invoke.DirectMethodHandle$Holder.invokeStatic(java.lang.Object, java.lang.Object)'> (0x0000000634bc5c38) 
thrown [./src/hotspot/share/interpreter/linkResolver.cpp, line 772]

ZGC Phase Switch (0 events):
No events

VM Operations (6 events):
Event: 0.048 Executing VM operation: HandshakeAllThreads (Deoptimize)
Event: 0.048 Executing VM operation: HandshakeAllThreads (Deoptimize) done
Event: 0.072 Executing VM operation: HandshakeAllThreads (Deoptimize)
Event: 0.072 Executing VM operation: HandshakeAllThreads (Deoptimize) done
Event: 0.358 Executing VM operation: HandshakeAllThreads (Deoptimize)
Event: 0.358 Executing VM operation: HandshakeAllThreads (Deoptimize) done

Memory protections (16 events):
Event: 0.001 Protecting memory [0x0000774d77100000,0x0000774d77104000] with protection modes 0
Event: 0.020 Protecting memory [0x0000774d48b00000,0x0000774d48b04000] with protection modes 0
Event: 0.021 Protecting memory [0x0000774d48a00000,0x0000774d48a04000] with protection modes 0
Event: 0.021 Protecting memory [0x0000774d48900000,0x0000774d48904000] with protection modes 0
Event: 0.021 Protecting memory [0x0000774d48800000,0x0000774d48804000] with protection modes 0
Event: 0.021 Protecting memory [0x0000774d48700000,0x0000774d48704000] with protection modes 0
Event: 0.021 Protecting memory [0x0000774d48600000,0x0000774d48604000] with protection modes 0
Event: 0.022 Protecting memory [0x0000774d48500000,0x0000774d48504000] with protection modes 0
Event: 0.037 Protecting memory [0x0000774d48400000,0x0000774d48404000] with protection modes 0
Event: 0.043 Protecting memory [0x0000774d48300000,0x0000774d48304000] with protection modes 0
Event: 0.044 Protecting memory [0x0000774d48200000,0x0000774d48204000] with protection modes 0
Event: 0.056 Protecting memory [0x0000774d48100000,0x0000774d48104000] with protection modes 0
Event: 0.058 Protecting memory [0x0000774d48000000,0x0000774d48004000] with protection modes 0
Event: 0.064 Protecting memory [0x0000774d3ff00000,0x0000774d3ff04000] with protection modes 0
Event: 0.109 Protecting memory [0x0000774d3fcc3000,0x0000774d3fcc7000] with protection modes 0
Event: 0.346 Protecting memory [0x0000774d48000000,0x0000774d48004000] with protection modes 0

Nmethod flushes (0 events):
No events

Events (18 events):
Event: 0.015 Thread 0x0000774d7001a060 Thread added: 0x0000774d7001a060
Event: 0.020 Thread 0x0000774d7001a060 Thread added: 0x0000774d70138d50
Event: 0.021 Thread 0x0000774d7001a060 Thread added: 0x0000774d7013a3e0
Event: 0.021 Thread 0x0000774d7001a060 Thread added: 0x0000774d7013beb0
Event: 0.021 Thread 0x0000774d7001a060 Thread added: 0x0000774d7013d500
Event: 0.021 Thread 0x0000774d7001a060 Thread added: 0x0000774d7013eab0
Event: 0.021 Thread 0x0000774d7001a060 Thread added: 0x0000774d70140680
Event: 0.022 Thread 0x0000774d7001a060 Thread added: 0x0000774d70141d50
Event: 0.037 Thread 0x0000774d7001a060 Thread added: 0x0000774d70160f50
Event: 0.043 Thread 0x0000774d70141d50 Thread added: 0x0000774cb806eb20
Event: 0.044 Thread 0x0000774d70141d50 Thread added: 0x0000774cb8078000
Event: 0.056 Thread 0x0000774d7001a060 Thread added: 0x0000774d7019c9c0
Event: 0.058 Thread 0x0000774cb8078000 Thread added: 0x0000774ca40520b0
Event: 0.064 Thread 0x0000774d70141d50 Thread added: 0x0000774cb80baeb0
Event: 0.109 Thread 0x0000774d7001a060 Thread added: 0x0000774d702a2040
Event: 0.338 Thread 0x0000774cb80baeb0 Thread exited: 0x0000774cb80baeb0
Event: 0.339 Thread 0x0000774ca40520b0 Thread exited: 0x0000774ca40520b0
Event: 0.346 Thread 0x0000774d7001a060 Thread added: 0x0000774d71578fd0


Dynamic libraries:
200000000-200200000 ---p 00000000 00:00 0 
200200000-200400000 rw-s 00000000 00:05 1116                             /dev/nvidia0
200400000-203400000 rw-s 00000000 00:05 1115                             /dev/nvidiactl
203400000-204400000 ---p 00000000 00:00 0 
204400000-204600000 rw-s 00000000 00:05 1115                             /dev/nvidiactl
204600000-204800000 rw-s 00000000 00:05 1115                             /dev/nvidiactl
204800000-204a00000 rw-s 00000000 00:05 1115                             /dev/nvidiactl
204a00000-204c00000 rw-s 204a00000 00:05 1117                            /dev/nvidia-uvm
204c00000-204e00000 rw-s 00000000 00:05 1115                             /dev/nvidiactl
204e00000-205000000 ---p 00000000 00:00 0 
205000000-205200000 rw-s 00000000 00:05 1115                             /dev/nvidiactl
205200000-300200000 ---p 00000000 00:00 0 
616800000-635400000 rw-p 00000000 00:00 0 
635400000-7ffc00000 ---p 00000000 00:00 0 
7ffc00000-7ffd08000 rw-p 00ced000 103:02 17172987                        /usr/lib/jvm/java-21-openjdk-amd64/lib/server/classes.jsa
7ffd08000-800000000 rw-p 00000000 00:00 0 
10000000000-10004000000 ---p 00000000 00:00 0 
5a6d8e914000-5a6d8e915000 r--p 00000000 103:02 17172834                  /usr/lib/jvm/java-21-openjdk-amd64/bin/java
5a6d8e915000-5a6d8e916000 r-xp 00001000 103:02 17172834                  /usr/lib/jvm/java-21-openjdk-amd64/bin/java
5a6d8e916000-5a6d8e917000 r--p 00002000 103:02 17172834                  /usr/lib/jvm/java-21-openjdk-amd64/bin/java
5a6d8e917000-5a6d8e918000 r--p 00002000 103:02 17172834                  /usr/lib/jvm/java-21-openjdk-amd64/bin/java
5a6d8e918000-5a6d8e919000 rw-p 00003000 103:02 17172834                  /usr/lib/jvm/java-21-openjdk-amd64/bin/java
5a6d8f94d000-5a6d8f994000 rw-p 00000000 00:00 0                          [heap]
774c26000000-774c28000000 ---p 00000000 00:00 0 
774c2a000000-774c2c000000 ---p 00000000 00:00 0 
774c2e000000-774c36000000 ---p 00000000 00:00 0 
774c38000000-774c3a000000 ---p 00000000 00:00 0 
774c3c000000-774c3c400000 ---p 00000000 00:00 0 
774c3c400000-774c3c600000 rw-s 00000000 00:05 1115                       /dev/nvidiactl
774c3c600000-774c3c800000 rw-s 00000000 00:01 8220                       /dev/zero (deleted)
774c3c800000-774c3ca00000 rw-s 00000000 00:01 8221                       /dev/zero (deleted)
774c3ca00000-774c3d000000 ---p 00000000 00:00 0 
774c3d000000-774c3d200000 rw-s 00000000 00:05 1115                       /dev/nvidiactl
774c3d200000-774c3d400000 ---p 00000000 00:00 0 
774c3d400000-774c3d600000 rw-s 00000000 00:01 8223                       /dev/zero (deleted)
774c3d600000-774c3db33000 rw-s 00000000 00:05 1115                       /dev/nvidiactl
774c3db33000-774c3e000000 ---p 00000000 00:00 0 
774c40000000-774c50000000 ---p 00000000 00:00 0 
774c54000000-774c54021000 rw-p 00000000 00:00 0 
774c54021000-774c58000000 ---p 00000000 00:00 0 
774c5a000000-774c60000000 ---p 00000000 00:00 0 
774c60000000-774c60021000 rw-p 00000000 00:00 0 
774c60021000-774c64000000 ---p 00000000 00:00 0 
774c64200000-774c81463000 r-xp 00000000 103:02 16524125                  /usr/lib/x86_64-linux-gnu/libcublasLt.so.12.0.2.224
774c81463000-774c81663000 ---p 1d263000 103:02 16524125                  /usr/lib/x86_64-linux-gnu/libcublasLt.so.12.0.2.224
774c81663000-774c81893000 r--p 1d263000 103:02 16524125                  /usr/lib/x86_64-linux-gnu/libcublasLt.so.12.0.2.224
774c81893000-774c82827000 rw-p 1d493000 103:02 16524125                  /usr/lib/x86_64-linux-gnu/libcublasLt.so.12.0.2.224
774c82827000-774c8500f000 rw-p 00000000 00:00 0 
774c85400000-774c8ba67000 r-xp 00000000 103:02 16524127                  /usr/lib/x86_64-linux-gnu/libcublas.so.12.0.2.224
774c8ba67000-774c8bc67000 ---p 06667000 103:02 16524127                  /usr/lib/x86_64-linux-gnu/libcublas.so.12.0.2.224
774c8bc67000-774c8bc6e000 r--p 06667000 103:02 16524127                  /usr/lib/x86_64-linux-gnu/libcublas.so.12.0.2.224
774c8bc6e000-774c8bc75000 rw-p 0666e000 103:02 16524127                  /usr/lib/x86_64-linux-gnu/libcublas.so.12.0.2.224
774c8bc75000-774c8bc7d000 rw-p 00000000 00:00 0 
774c8c000000-774c8c021000 rw-p 00000000 00:00 0 
774c8c021000-774c90000000 ---p 00000000 00:00 0 
774c94000000-774c9402e000 rw-p 00000000 00:00 0 
774c9402e000-774c98000000 ---p 00000000 00:00 0 
774c98000000-774c980ad000 rw-p 00000000 00:00 0 
774c980ad000-774c9c000000 ---p 00000000 00:00 0 
774ca0000000-774ca0021000 rw-p 00000000 00:00 0 
774ca0021000-774ca4000000 ---p 00000000 00:00 0 
774ca4000000-774ca4082000 rw-p 00000000 00:00 0 
774ca4082000-774ca8000000 ---p 00000000 00:00 0 
774cac000000-774cac063000 rw-p 00000000 00:00 0 
774cac063000-774cb0000000 ---p 00000000 00:00 0 
774cb0000000-774cb0021000 rw-p 00000000 00:00 0 
774cb0021000-774cb4000000 ---p 00000000 00:00 0 
774cb8000000-774cb80d5000 rw-p 00000000 00:00 0 
774cb80d5000-774cbc000000 ---p 00000000 00:00 0 
774cbc000000-774cbc138000 rw-p 00000000 00:00 0 
774cbc138000-774cc0000000 ---p 00000000 00:00 0 
774cc4000000-774cc4021000 rw-p 00000000 00:00 0 
774cc4021000-774cc8000000 ---p 00000000 00:00 0 
774cc8000000-774cc8021000 rw-p 00000000 00:00 0 
774cc8021000-774ccc000000 ---p 00000000 00:00 0 
774cd0000000-774cd0021000 rw-p 00000000 00:00 0 
774cd0021000-774cd4000000 ---p 00000000 00:00 0 
774cd4000000-774cd4021000 rw-p 00000000 00:00 0 
774cd4021000-774cd8000000 ---p 00000000 00:00 0 
774cdb000000-774cdb0c7000 r-xp 00000000 103:02 18219111                  /tmp/libJCudaRuntime-12.0.0-linux-x86_64.so
774cdb0c7000-774cdb2c7000 ---p 000c7000 103:02 18219111                  /tmp/libJCudaRuntime-12.0.0-linux-x86_64.so
774cdb2c7000-774cdb2cc000 r--p 000c7000 103:02 18219111                  /tmp/libJCudaRuntime-12.0.0-linux-x86_64.so
774cdb2cc000-774cdb2cd000 rw-p 000cc000 103:02 18219111                  /tmp/libJCudaRuntime-12.0.0-linux-x86_64.so
774cdb2cd000-774cdb2cf000 rw-p 00000000 00:00 0 
774cdb600000-774cdb601000 ---p 00000000 00:00 0 
774cdb601000-774cdbe01000 rw-p 00000000 00:00 0 
774cdc000000-774cdc021000 rw-p 00000000 00:00 0 
774cdc021000-774ce0000000 ---p 00000000 00:00 0 
774ce0000000-774ce0021000 rw-p 00000000 00:00 0 
774ce0021000-774ce4000000 ---p 00000000 00:00 0 
774ce4400000-774ce717c000 r-xp 00000000 103:02 16526206                  /usr/lib/x86_64-linux-gnu/libnvrtc.so.12.0.140
774ce717c000-774ce737c000 ---p 02d7c000 103:02 16526206                  /usr/lib/x86_64-linux-gnu/libnvrtc.so.12.0.140
774ce737c000-774ce7a4f000 r--p 02d7c000 103:02 16526206                  /usr/lib/x86_64-linux-gnu/libnvrtc.so.12.0.140
774ce7a4f000-774ce7b1b000 rw-p 0344f000 103:02 16526206                  /usr/lib/x86_64-linux-gnu/libnvrtc.so.12.0.140
774ce7b1b000-774ce7c1c000 rw-p 00000000 00:00 0 
774ce8000000-774ce8340000 rw-p 00000000 00:00 0 
774ce8340000-774ce8400000 ---p 00000000 00:00 0 
774ce8400000-774ce84d0000 rw-p 00000000 00:00 0 
774ce84d0000-774cec000000 ---p 00000000 00:00 0 
774cec000000-774cec021000 rw-p 00000000 00:00 0 
774cec021000-774cf0000000 ---p 00000000 00:00 0 
774cf0200000-774cf0201000 rw-s 00000000 00:05 1115                       /dev/nvidiactl
774cf0201000-774cf0202000 rw-s 00000000 00:05 1115                       /dev/nvidiactl
774cf0202000-774cf0203000 rw-s 00000000 00:05 1115                       /dev/nvidiactl
774cf0203000-774cf0204000 rw-s 00000000 00:05 1115                       /dev/nvidiactl
774cf0204000-774cf0205000 rw-s 00000000 00:05 1115                       /dev/nvidiactl
774cf0205000-774cf0206000 rw-s 00000000 00:05 1115                       /dev/nvidiactl
774cf0206000-774cf0207000 rw-s 00000000 00:05 1115                       /dev/nvidiactl
774cf0207000-774cf0208000 rw-s 00000000 00:05 1115                       /dev/nvidiactl
774cf0208000-774cf0209000 rw-s 00000000 00:05 1115                       /dev/nvidiactl
774cf0209000-774cf020a000 rw-s 00000000 00:05 1115                       /dev/nvidiactl
774cf020a000-774cf020b000 rw-s 00000000 00:05 1115                       /dev/nvidiactl
774cf020b000-774cf020c000 rw-s 00000000 00:05 1115                       /dev/nvidiactl
774cf020c000-774cf020d000 rw-s 00000000 00:05 1115                       /dev/nvidiactl
774cf020d000-774cf020e000 rw-s 00000000 00:05 1115                       /dev/nvidiactl
774cf020e000-774cf020f000 rw-s 00000000 00:05 1115                       /dev/nvidiactl
774cf020f000-774cf0210000 rw-s 00000000 00:05 1115                       /dev/nvidiactl
774cf0210000-774cf1221000 ---p 00000000 00:00 0 
774cf1400000-774cf1401000 ---p 00000000 00:00 0 
774cf1401000-774cf1c01000 rw-p 00000000 00:00 0 
774cf1e00000-774cf2e21000 ---p 00000000 00:00 0 
774cf3000000-774cf3cae000 rw-p 00001000 103:02 17172987                  /usr/lib/jvm/java-21-openjdk-amd64/lib/server/classes.jsa
774cf3cae000-774cf4000000 ---p 00000000 00:00 0 
774cf4000000-774cf4010000 rw-p 00000000 00:00 0 
774cf4010000-774cf4030000 rw-p 00000000 00:00 0 
774cf4030000-774cf4040000 ---p 00000000 00:00 0 
774cf4040000-774cf4080000 rw-p 00000000 00:00 0 
774cf4080000-774d34000000 ---p 00000000 00:00 0 
774d34000000-774d34021000 rw-p 00000000 00:00 0 
774d34021000-774d38000000 ---p 00000000 00:00 0 
774d38000000-774d38021000 rw-p 00000000 00:00 0 
774d38021000-774d3c000000 ---p 00000000 00:00 0 
774d3c600000-774d3c800000 rw-s 00000000 00:01 8222                       /dev/zero (deleted)
774d3c800000-774d3ca5a000 rw-p 00000000 00:00 0 
774d3cc00000-774d3cc01000 ---p 00000000 00:00 0 
774d3cc01000-774d3d401000 rw-p 00000000 00:00 0 
774d3d4be000-774d3d600000 rw-p 00000000 00:00 0 
774d3d600000-774d3d6de000 r--p 00000000 103:02 16552573                  /usr/lib/x86_64-linux-gnu/libcuda.so.550.107.02
774d3d6de000-774d3dbb3000 r-xp 000de000 103:02 16552573                  /usr/lib/x86_64-linux-gnu/libcuda.so.550.107.02
774d3dbb3000-774d3f04e000 r--p 005b3000 103:02 16552573                  /usr/lib/x86_64-linux-gnu/libcuda.so.550.107.02
774d3f04e000-774d3f04f000 ---p 01a4e000 103:02 16552573                  /usr/lib/x86_64-linux-gnu/libcuda.so.550.107.02
774d3f04f000-774d3f067000 r--p 01a4e000 103:02 16552573                  /usr/lib/x86_64-linux-gnu/libcuda.so.550.107.02
774d3f067000-774d3f162000 rw-p 01a66000 103:02 16552573                  /usr/lib/x86_64-linux-gnu/libcuda.so.550.107.02
774d3f162000-774d3f1cb000 rw-p 00000000 00:00 0 
774d3f200000-774d3f338000 r-xp 00000000 103:02 18219110                  /tmp/libJCublas2-12.0.0-linux-x86_64.so
774d3f338000-774d3f538000 ---p 00138000 103:02 18219110                  /tmp/libJCublas2-12.0.0-linux-x86_64.so
774d3f538000-774d3f53d000 r--p 00138000 103:02 18219110                  /tmp/libJCublas2-12.0.0-linux-x86_64.so
774d3f53d000-774d3f53f000 rw-p 0013d000 103:02 18219110                  /tmp/libJCublas2-12.0.0-linux-x86_64.so
774d3f53f000-774d3f541000 rw-p 00000000 00:00 0 
774d3f5f2000-774d3f5f9000 r--s 00000000 103:02 16532226                  /usr/lib/x86_64-linux-gnu/gconv/gconv-modules.cache
774d3f5f9000-774d3f5fd000 r--p 00000000 103:02 17172982                  /usr/lib/jvm/java-21-openjdk-amd64/lib/libverify.so
774d3f5fd000-774d3f604000 r-xp 00004000 103:02 17172982                  /usr/lib/jvm/java-21-openjdk-amd64/lib/libverify.so
774d3f604000-774d3f606000 r--p 0000b000 103:02 17172982                  /usr/lib/jvm/java-21-openjdk-amd64/lib/libverify.so
774d3f606000-774d3f608000 r--p 0000c000 103:02 17172982                  /usr/lib/jvm/java-21-openjdk-amd64/lib/libverify.so
774d3f608000-774d3f609000 rw-p 0000e000 103:02 17172982                  /usr/lib/jvm/java-21-openjdk-amd64/lib/libverify.so
774d3f609000-774d3f8e4000 rw-p 00000000 00:00 0 
774d3f8e4000-774d3f8e5000 r--p 00000000 103:02 16530467                  /usr/lib/x86_64-linux-gnu/libbrotlicommon.so.1.1.0
774d3f8e5000-774d3f8e6000 r-xp 00001000 103:02 16530467                  /usr/lib/x86_64-linux-gnu/libbrotlicommon.so.1.1.0
774d3f8e6000-774d3f905000 r--p 00002000 103:02 16530467                  /usr/lib/x86_64-linux-gnu/libbrotlicommon.so.1.1.0
774d3f905000-774d3f906000 r--p 00021000 103:02 16530467                  /usr/lib/x86_64-linux-gnu/libbrotlicommon.so.1.1.0
774d3f906000-774d3f907000 rw-p 00022000 103:02 16530467                  /usr/lib/x86_64-linux-gnu/libbrotlicommon.so.1.1.0
774d3f907000-774d3f909000 r--p 00000000 103:02 16530942                  /usr/lib/x86_64-linux-gnu/libpcre2-8.so.0.11.2
774d3f909000-774d3f977000 r-xp 00002000 103:02 16530942                  /usr/lib/x86_64-linux-gnu/libpcre2-8.so.0.11.2
774d3f977000-774d3f99f000 r--p 00070000 103:02 16530942                  /usr/lib/x86_64-linux-gnu/libpcre2-8.so.0.11.2
774d3f99f000-774d3f9a0000 r--p 00097000 103:02 16530942                  /usr/lib/x86_64-linux-gnu/libpcre2-8.so.0.11.2
774d3f9a0000-774d3f9a1000 rw-p 00098000 103:02 16530942                  /usr/lib/x86_64-linux-gnu/libpcre2-8.so.0.11.2
774d3f9a1000-774d3f9bf000 r--p 00000000 103:02 16530649                  /usr/lib/x86_64-linux-gnu/libglib-2.0.so.0.8000.0
774d3f9bf000-774d3fa5f000 r-xp 0001e000 103:02 16530649                  /usr/lib/x86_64-linux-gnu/libglib-2.0.so.0.8000.0
774d3fa5f000-774d3fae7000 r--p 000be000 103:02 16530649                  /usr/lib/x86_64-linux-gnu/libglib-2.0.so.0.8000.0
774d3fae7000-774d3fae8000 r--p 00146000 103:02 16530649                  /usr/lib/x86_64-linux-gnu/libglib-2.0.so.0.8000.0
774d3fae8000-774d3fae9000 rw-p 00147000 103:02 16530649                  /usr/lib/x86_64-linux-gnu/libglib-2.0.so.0.8000.0
774d3fae9000-774d3faea000 rw-p 00000000 00:00 0 
774d3faea000-774d3faf7000 r--p 00000000 103:02 16530615                  /usr/lib/x86_64-linux-gnu/libfreetype.so.6.20.1
774d3faf7000-774d3fb88000 r-xp 0000d000 103:02 16530615                  /usr/lib/x86_64-linux-gnu/libfreetype.so.6.20.1
774d3fb88000-774d3fbae000 r--p 0009e000 103:02 16530615                  /usr/lib/x86_64-linux-gnu/libfreetype.so.6.20.1
774d3fbae000-774d3fbb5000 r--p 000c4000 103:02 16530615                  /usr/lib/x86_64-linux-gnu/libfreetype.so.6.20.1
774d3fbb5000-774d3fbb6000 rw-p 000cb000 103:02 16530615                  /usr/lib/x86_64-linux-gnu/libfreetype.so.6.20.1
774d3fbb6000-774d3fbc1000 r--p 00000000 103:02 16530725                  /usr/lib/x86_64-linux-gnu/libharfbuzz.so.0.60830.0
774d3fbc1000-774d3fc8f000 r-xp 0000b000 103:02 16530725                  /usr/lib/x86_64-linux-gnu/libharfbuzz.so.0.60830.0
774d3fc8f000-774d3fcc1000 r--p 000d9000 103:02 16530725                  /usr/lib/x86_64-linux-gnu/libharfbuzz.so.0.60830.0
774d3fcc1000-774d3fcc2000 r--p 0010b000 103:02 16530725                  /usr/lib/x86_64-linux-gnu/libharfbuzz.so.0.60830.0
774d3fcc2000-774d3fcc3000 rw-p 0010c000 103:02 16530725                  /usr/lib/x86_64-linux-gnu/libharfbuzz.so.0.60830.0
774d3fcc3000-774d3fcc7000 ---p 00000000 00:00 0 
774d3fcc7000-774d3fdc3000 rw-p 00000000 00:00 0 
774d3fdc3000-774d3fddc000 r--p 00000000 103:02 16530316                  /usr/lib/x86_64-linux-gnu/libX11.so.6.4.0
774d3fddc000-774d3fe6c000 r-xp 00019000 103:02 16530316                  /usr/lib/x86_64-linux-gnu/libX11.so.6.4.0
774d3fe6c000-774d3fefb000 r--p 000a9000 103:02 16530316                  /usr/lib/x86_64-linux-gnu/libX11.so.6.4.0
774d3fefb000-774d3fefc000 r--p 00138000 103:02 16530316                  /usr/lib/x86_64-linux-gnu/libX11.so.6.4.0
774d3fefc000-774d3ff00000 rw-p 00139000 103:02 16530316                  /usr/lib/x86_64-linux-gnu/libX11.so.6.4.0
774d3ff00000-774d3ff04000 ---p 00000000 00:00 0 
774d3ff04000-774d40000000 rw-p 00000000 00:00 0 
774d40000000-774d40021000 rw-p 00000000 00:00 0 
774d40021000-774d44000000 ---p 00000000 00:00 0 
774d44000000-774d44021000 rw-p 00000000 00:00 0 
774d44021000-774d48004000 ---p 00000000 00:00 0 
774d48004000-774d48100000 rw-p 00000000 00:00 0 
774d48100000-774d48104000 ---p 00000000 00:00 0 
774d48104000-774d48200000 rw-p 00000000 00:00 0 
774d48200000-774d48204000 ---p 00000000 00:00 0 
774d48204000-774d48300000 rw-p 00000000 00:00 0 
774d48300000-774d48304000 ---p 00000000 00:00 0 
774d48304000-774d48400000 rw-p 00000000 00:00 0 
774d48400000-774d48404000 ---p 00000000 00:00 0 
774d48404000-774d48500000 rw-p 00000000 00:00 0 
774d48500000-774d48504000 ---p 00000000 00:00 0 
774d48504000-774d48600000 rw-p 00000000 00:00 0 
774d48600000-774d48604000 ---p 00000000 00:00 0 
774d48604000-774d48700000 rw-p 00000000 00:00 0 
774d48700000-774d48704000 ---p 00000000 00:00 0 
774d48704000-774d48800000 rw-p 00000000 00:00 0 
774d48800000-774d48804000 ---p 00000000 00:00 0 
774d48804000-774d48900000 rw-p 00000000 00:00 0 
774d48900000-774d48904000 ---p 00000000 00:00 0 
774d48904000-774d48a00000 rw-p 00000000 00:00 0 
774d48a00000-774d48a04000 ---p 00000000 00:00 0 
774d48a04000-774d48b00000 rw-p 00000000 00:00 0 
774d48b00000-774d48b04000 ---p 00000000 00:00 0 
774d48b04000-774d48c00000 rw-p 00000000 00:00 0 
774d48c00000-774d499ec000 r--p 00000000 103:02 16521112                  /usr/lib/locale/locale-archive
774d499ec000-774d499ed000 r--p 00000000 103:02 16530468                  /usr/lib/x86_64-linux-gnu/libbrotlidec.so.1.1.0
774d499ed000-774d499f5000 r-xp 00001000 103:02 16530468                  /usr/lib/x86_64-linux-gnu/libbrotlidec.so.1.1.0
774d499f5000-774d499f8000 r--p 00009000 103:02 16530468                  /usr/lib/x86_64-linux-gnu/libbrotlidec.so.1.1.0
774d499f8000-774d499f9000 r--p 0000b000 103:02 16530468                  /usr/lib/x86_64-linux-gnu/libbrotlidec.so.1.1.0
774d499f9000-774d499fa000 rw-p 0000c000 103:02 16530468                  /usr/lib/x86_64-linux-gnu/libbrotlidec.so.1.1.0
774d499fa000-774d499fb000 ---p 00000000 00:00 0 
774d499fb000-774d49afb000 rw-p 00000000 00:00 0 
774d49afb000-774d49afc000 ---p 00000000 00:00 0 
774d49afc000-774d49bfc000 rw-p 00000000 00:00 0 
774d49bfc000-774d49bfd000 ---p 00000000 00:00 0 
774d49bfd000-774d49cfd000 rw-p 00000000 00:00 0 
774d49cfd000-774d49cfe000 ---p 00000000 00:00 0 
774d49cfe000-774d49dfe000 rw-p 00000000 00:00 0 
774d49dfe000-774d4c021000 rw-p 00000000 00:00 0 
774d4c021000-774d50000000 ---p 00000000 00:00 0 
774d50000000-774d50005000 r--p 00000000 103:02 16530960                  /usr/lib/x86_64-linux-gnu/libpng16.so.16.43.0
774d50005000-774d5002d000 r-xp 00005000 103:02 16530960                  /usr/lib/x86_64-linux-gnu/libpng16.so.16.43.0
774d5002d000-774d50036000 r--p 0002d000 103:02 16530960                  /usr/lib/x86_64-linux-gnu/libpng16.so.16.43.0
774d50036000-774d50037000 r--p 00035000 103:02 16530960                  /usr/lib/x86_64-linux-gnu/libpng16.so.16.43.0
774d50037000-774d50038000 rw-p 00036000 103:02 16530960                  /usr/lib/x86_64-linux-gnu/libpng16.so.16.43.0
774d50038000-774d5003a000 r--p 00000000 103:02 16530473                  /usr/lib/x86_64-linux-gnu/libbz2.so.1.0.4
774d5003a000-774d50048000 r-xp 00002000 103:02 16530473                  /usr/lib/x86_64-linux-gnu/libbz2.so.1.0.4
774d50048000-774d5004a000 r--p 00010000 103:02 16530473                  /usr/lib/x86_64-linux-gnu/libbz2.so.1.0.4
774d5004a000-774d5004b000 r--p 00011000 103:02 16530473                  /usr/lib/x86_64-linux-gnu/libbz2.so.1.0.4
774d5004b000-774d5004c000 rw-p 00012000 103:02 16530473                  /usr/lib/x86_64-linux-gnu/libbz2.so.1.0.4
774d5004c000-774d5004f000 r--p 00000000 103:02 16530678                  /usr/lib/x86_64-linux-gnu/libgraphite2.so.3.2.1
774d5004f000-774d5006c000 r-xp 00003000 103:02 16530678                  /usr/lib/x86_64-linux-gnu/libgraphite2.so.3.2.1
774d5006c000-774d5006f000 r--p 00020000 103:02 16530678                  /usr/lib/x86_64-linux-gnu/libgraphite2.so.3.2.1
774d5006f000-774d50071000 r--p 00022000 103:02 16530678                  /usr/lib/x86_64-linux-gnu/libgraphite2.so.3.2.1
774d50071000-774d50072000 rw-p 00024000 103:02 16530678                  /usr/lib/x86_64-linux-gnu/libgraphite2.so.3.2.1
774d50072000-774d50076000 r--p 00000000 103:02 16530777                  /usr/lib/x86_64-linux-gnu/libjpeg.so.8.2.2
774d50076000-774d500c3000 r-xp 00004000 103:02 16530777                  /usr/lib/x86_64-linux-gnu/libjpeg.so.8.2.2
774d500c3000-774d500f3000 r--p 00051000 103:02 16530777                  /usr/lib/x86_64-linux-gnu/libjpeg.so.8.2.2
774d500f3000-774d500f4000 r--p 00081000 103:02 16530777                  /usr/lib/x86_64-linux-gnu/libjpeg.so.8.2.2
774d500f4000-774d500f5000 rw-p 00082000 103:02 16530777                  /usr/lib/x86_64-linux-gnu/libjpeg.so.8.2.2
774d500f5000-774d513b0000 rw-p 00000000 00:00 0 
774d513b0000-774d58650000 ---p 00000000 00:00 0 
774d58650000-774d58660000 rw-p 00000000 00:00 0 
774d58665000-774d58675000 -w-s 00000000 00:05 1116                       /dev/nvidia0
774d58675000-774d58678000 r--p 00000000 103:02 17172955                  /usr/lib/jvm/java-21-openjdk-amd64/lib/libfontmanager.so
774d58678000-774d58681000 r-xp 00003000 103:02 17172955                  /usr/lib/jvm/java-21-openjdk-amd64/lib/libfontmanager.so
774d58681000-774d58683000 r--p 0000c000 103:02 17172955                  /usr/lib/jvm/java-21-openjdk-amd64/lib/libfontmanager.so
774d58683000-774d58684000 r--p 0000d000 103:02 17172955                  /usr/lib/jvm/java-21-openjdk-amd64/lib/libfontmanager.so
774d58684000-774d58685000 rw-p 0000e000 103:02 17172955                  /usr/lib/jvm/java-21-openjdk-amd64/lib/libfontmanager.so
774d58685000-774d58697000 r--p 00000000 103:02 17173114                  /usr/lib/jvm/java-21-openjdk-amd64/lib/libawt_xawt.so
774d58697000-774d586de000 r-xp 00012000 103:02 17173114                  /usr/lib/jvm/java-21-openjdk-amd64/lib/libawt_xawt.so
774d586de000-774d586f6000 r--p 00059000 103:02 17173114                  /usr/lib/jvm/java-21-openjdk-amd64/lib/libawt_xawt.so
774d586f6000-774d586fb000 r--p 00070000 103:02 17173114                  /usr/lib/jvm/java-21-openjdk-amd64/lib/libawt_xawt.so
774d586fb000-774d586fd000 rw-p 00075000 103:02 17173114                  /usr/lib/jvm/java-21-openjdk-amd64/lib/libawt_xawt.so
774d586fd000-774d586ff000 rw-p 00000000 00:00 0 
774d586ff000-774d58700000 ---p 00000000 00:00 0 
774d58700000-774d58800000 rw-p 00000000 00:00 0 
774d58800000-774d58a70000 rwxp 00000000 00:00 0 
774d58a70000-774d5fc5f000 ---p 00000000 00:00 0 
774d5fc5f000-774d5ff1f000 rwxp 00000000 00:00 0 
774d5ff1f000-774d603a0000 ---p 00000000 00:00 0 
774d603a0000-774d60610000 rwxp 00000000 00:00 0 
774d60610000-774d67800000 ---p 00000000 00:00 0 
774d67800000-774d6fe02000 r--s 00000000 103:02 17172984                  /usr/lib/jvm/java-21-openjdk-amd64/lib/modules
774d6fe02000-774d6fe03000 r--p 00000000 103:02 16530540                  /usr/lib/x86_64-linux-gnu/libdl.so.2
774d6fe03000-774d6fe04000 r-xp 00001000 103:02 16530540                  /usr/lib/x86_64-linux-gnu/libdl.so.2
774d6fe04000-774d6fe05000 r--p 00002000 103:02 16530540                  /usr/lib/x86_64-linux-gnu/libdl.so.2
774d6fe05000-774d6fe06000 r--p 00002000 103:02 16530540                  /usr/lib/x86_64-linux-gnu/libdl.so.2
774d6fe06000-774d6fe07000 rw-p 00003000 103:02 16530540                  /usr/lib/x86_64-linux-gnu/libdl.so.2
774d6fe07000-774d6fe08000 r--p 00000000 103:02 16531006                  /usr/lib/x86_64-linux-gnu/librt.so.1
774d6fe08000-774d6fe09000 r-xp 00001000 103:02 16531006                  /usr/lib/x86_64-linux-gnu/librt.so.1
774d6fe09000-774d6fe0a000 r--p 00002000 103:02 16531006                  /usr/lib/x86_64-linux-gnu/librt.so.1
774d6fe0a000-774d6fe0b000 r--p 00002000 103:02 16531006                  /usr/lib/x86_64-linux-gnu/librt.so.1
774d6fe0b000-774d6fe0c000 rw-p 00003000 103:02 16531006                  /usr/lib/x86_64-linux-gnu/librt.so.1
774d6fe0c000-774d6fe2a000 r--p 00000000 103:02 17172951                  /usr/lib/jvm/java-21-openjdk-amd64/lib/libawt.so
774d6fe2a000-774d6fec1000 r-xp 0001e000 103:02 17172951                  /usr/lib/jvm/java-21-openjdk-amd64/lib/libawt.so
774d6fec1000-774d6fece000 r--p 000b5000 103:02 17172951                  /usr/lib/jvm/java-21-openjdk-amd64/lib/libawt.so
774d6fece000-774d6fecf000 r--p 000c1000 103:02 17172951                  /usr/lib/jvm/java-21-openjdk-amd64/lib/libawt.so
774d6fecf000-774d6feda000 rw-p 000c2000 103:02 17172951                  /usr/lib/jvm/java-21-openjdk-amd64/lib/libawt.so
774d6feda000-774d6feff000 rw-p 00000000 00:00 0 
774d6feff000-774d6ff00000 ---p 00000000 00:00 0 
774d6ff00000-774d70000000 rw-p 00000000 00:00 0 
774d70000000-774d715b4000 rw-p 00000000 00:00 0 
774d715b4000-774d74000000 ---p 00000000 00:00 0 
774d74004000-774d74005000 r--p 00000000 103:02 16530978                  /usr/lib/x86_64-linux-gnu/libpthread.so.0
774d74005000-774d74006000 r-xp 00001000 103:02 16530978                  /usr/lib/x86_64-linux-gnu/libpthread.so.0
774d74006000-774d74007000 r--p 00002000 103:02 16530978                  /usr/lib/x86_64-linux-gnu/libpthread.so.0
774d74007000-774d74008000 r--p 00002000 103:02 16530978                  /usr/lib/x86_64-linux-gnu/libpthread.so.0
774d74008000-774d74009000 rw-p 00003000 103:02 16530978                  /usr/lib/x86_64-linux-gnu/libpthread.so.0
774d74009000-774d7400b000 r--p 00000000 103:02 16530828                  /usr/lib/x86_64-linux-gnu/libmd.so.0.1.0
774d7400b000-774d74014000 r-xp 00002000 103:02 16530828                  /usr/lib/x86_64-linux-gnu/libmd.so.0.1.0
774d74014000-774d74016000 r--p 0000b000 103:02 16530828                  /usr/lib/x86_64-linux-gnu/libmd.so.0.1.0
774d74016000-774d74017000 r--p 0000c000 103:02 16530828                  /usr/lib/x86_64-linux-gnu/libmd.so.0.1.0
774d74017000-774d74018000 rw-p 0000d000 103:02 16530828                  /usr/lib/x86_64-linux-gnu/libmd.so.0.1.0
774d74018000-774d7401c000 r--p 00000000 103:02 16530470                  /usr/lib/x86_64-linux-gnu/libbsd.so.0.12.1
774d7401c000-774d74028000 r-xp 00004000 103:02 16530470                  /usr/lib/x86_64-linux-gnu/libbsd.so.0.12.1
774d74028000-774d7402b000 r--p 00010000 103:02 16530470                  /usr/lib/x86_64-linux-gnu/libbsd.so.0.12.1
774d7402b000-774d7402c000 r--p 00012000 103:02 16530470                  /usr/lib/x86_64-linux-gnu/libbsd.so.0.12.1
774d7402c000-774d7402d000 rw-p 00013000 103:02 16530470                  /usr/lib/x86_64-linux-gnu/libbsd.so.0.12.1
774d7402d000-774d7402e000 rw-p 00000000 00:00 0 
774d7402e000-774d74033000 r--p 00000000 103:02 17172968                  /usr/lib/jvm/java-21-openjdk-amd64/lib/libjsvml.so
774d74033000-774d74074000 r-xp 00005000 103:02 17172968                  /usr/lib/jvm/java-21-openjdk-amd64/lib/libjsvml.so
774d74074000-774d740fd000 r--p 00046000 103:02 17172968                  /usr/lib/jvm/java-21-openjdk-amd64/lib/libjsvml.so
774d740fd000-774d740fe000 r--p 000ce000 103:02 17172968                  /usr/lib/jvm/java-21-openjdk-amd64/lib/libjsvml.so
774d740fe000-774d740ff000 rw-p 000cf000 103:02 17172968                  /usr/lib/jvm/java-21-openjdk-amd64/lib/libjsvml.so
774d740ff000-774d74100000 ---p 00000000 00:00 0 
774d74100000-774d74200000 rw-p 00000000 00:00 0 
774d74200000-774d742f6000 rw-p 00000000 00:00 0 
774d742f6000-774d7514a000 ---p 00000000 00:00 0 
774d7514a000-774d7514c000 rw-p 00000000 00:00 0 
774d7514e000-774d75150000 r--p 00000000 103:02 16530323                  /usr/lib/x86_64-linux-gnu/libXdmcp.so.6.0.0
774d75150000-774d75152000 r-xp 00002000 103:02 16530323                  /usr/lib/x86_64-linux-gnu/libXdmcp.so.6.0.0
774d75152000-774d75154000 r--p 00004000 103:02 16530323                  /usr/lib/x86_64-linux-gnu/libXdmcp.so.6.0.0
774d75154000-774d75155000 r--p 00005000 103:02 16530323                  /usr/lib/x86_64-linux-gnu/libXdmcp.so.6.0.0
774d75155000-774d75156000 rw-p 00006000 103:02 16530323                  /usr/lib/x86_64-linux-gnu/libXdmcp.so.6.0.0
774d75156000-774d75161000 r--p 00000000 103:02 16531187                  /usr/lib/x86_64-linux-gnu/libxcb.so.1.1.0
774d75161000-774d75174000 r-xp 0000b000 103:02 16531187                  /usr/lib/x86_64-linux-gnu/libxcb.so.1.1.0
774d75174000-774d7517d000 r--p 0001e000 103:02 16531187                  /usr/lib/x86_64-linux-gnu/libxcb.so.1.1.0
774d7517d000-774d7517e000 r--p 00026000 103:02 16531187                  /usr/lib/x86_64-linux-gnu/libxcb.so.1.1.0
774d7517e000-774d7517f000 rw-p 00027000 103:02 16531187                  /usr/lib/x86_64-linux-gnu/libxcb.so.1.1.0
774d7517f000-774d752f6000 rw-p 00000000 00:00 0 
774d752f6000-774d7614a000 ---p 00000000 00:00 0 
774d7614a000-774d7614c000 rw-p 00000000 00:00 0 
774d7614c000-774d7614d000 r--p 00000000 103:02 16530318                  /usr/lib/x86_64-linux-gnu/libXau.so.6.0.0
774d7614d000-774d7614f000 r-xp 00001000 103:02 16530318                  /usr/lib/x86_64-linux-gnu/libXau.so.6.0.0
774d7614f000-774d76150000 r--p 00003000 103:02 16530318                  /usr/lib/x86_64-linux-gnu/libXau.so.6.0.0
774d76150000-774d76151000 r--p 00003000 103:02 16530318                  /usr/lib/x86_64-linux-gnu/libXau.so.6.0.0
774d76151000-774d76152000 rw-p 00004000 103:02 16530318                  /usr/lib/x86_64-linux-gnu/libXau.so.6.0.0
774d76152000-774d76155000 r--p 00000000 103:02 16530328                  /usr/lib/x86_64-linux-gnu/libXi.so.6.1.0
774d76155000-774d76161000 r-xp 00003000 103:02 16530328                  /usr/lib/x86_64-linux-gnu/libXi.so.6.1.0
774d76161000-774d76163000 r--p 0000f000 103:02 16530328                  /usr/lib/x86_64-linux-gnu/libXi.so.6.1.0
774d76163000-774d76164000 r--p 00011000 103:02 16530328                  /usr/lib/x86_64-linux-gnu/libXi.so.6.1.0
774d76164000-774d76165000 rw-p 00012000 103:02 16530328                  /usr/lib/x86_64-linux-gnu/libXi.so.6.1.0
774d76165000-774d76f33000 rw-p 00000000 00:00 0 
774d76f33000-774d77017000 ---p 00000000 00:00 0 
774d77017000-774d7701c000 rw-p 00000000 00:00 0 
774d7701c000-774d77100000 ---p 00000000 00:00 0 
774d77100000-774d77104000 ---p 00000000 00:00 0 
774d77104000-774d77200000 rw-p 00000000 00:00 0 
774d77200000-774d7729d000 r--p 00000000 103:02 16543594                  /usr/lib/x86_64-linux-gnu/libstdc++.so.6.0.33
774d7729d000-774d773e5000 r-xp 0009d000 103:02 16543594                  /usr/lib/x86_64-linux-gnu/libstdc++.so.6.0.33
774d773e5000-774d7746c000 r--p 001e5000 103:02 16543594                  /usr/lib/x86_64-linux-gnu/libstdc++.so.6.0.33
774d7746c000-774d77477000 r--p 0026b000 103:02 16543594                  /usr/lib/x86_64-linux-gnu/libstdc++.so.6.0.33
774d77477000-774d7747a000 rw-p 00276000 103:02 16543594                  /usr/lib/x86_64-linux-gnu/libstdc++.so.6.0.33
774d7747a000-774d7747e000 rw-p 00000000 00:00 0 
774d77480000-774d77482000 r--p 00000000 103:02 16530337                  /usr/lib/x86_64-linux-gnu/libXtst.so.6.1.0
774d77482000-774d77485000 r-xp 00002000 103:02 16530337                  /usr/lib/x86_64-linux-gnu/libXtst.so.6.1.0
774d77485000-774d77486000 r--p 00005000 103:02 16530337                  /usr/lib/x86_64-linux-gnu/libXtst.so.6.1.0
774d77486000-774d77487000 r--p 00005000 103:02 16530337                  /usr/lib/x86_64-linux-gnu/libXtst.so.6.1.0
774d77487000-774d77488000 rw-p 00006000 103:02 16530337                  /usr/lib/x86_64-linux-gnu/libXtst.so.6.1.0
774d77488000-774d7748a000 r--p 00000000 103:02 16530334                  /usr/lib/x86_64-linux-gnu/libXrender.so.1.3.0
774d7748a000-774d77491000 r-xp 00002000 103:02 16530334                  /usr/lib/x86_64-linux-gnu/libXrender.so.1.3.0
774d77491000-774d77492000 r--p 00009000 103:02 16530334                  /usr/lib/x86_64-linux-gnu/libXrender.so.1.3.0
774d77492000-774d77493000 r--p 00009000 103:02 16530334                  /usr/lib/x86_64-linux-gnu/libXrender.so.1.3.0
774d77493000-774d77494000 rw-p 0000a000 103:02 16530334                  /usr/lib/x86_64-linux-gnu/libXrender.so.1.3.0
774d77494000-774d77498000 r--p 00000000 103:02 16530324                  /usr/lib/x86_64-linux-gnu/libXext.so.6.4.0
774d77498000-774d774a3000 r-xp 00004000 103:02 16530324                  /usr/lib/x86_64-linux-gnu/libXext.so.6.4.0
774d774a3000-774d774a6000 r--p 0000f000 103:02 16530324                  /usr/lib/x86_64-linux-gnu/libXext.so.6.4.0
774d774a6000-774d774a7000 r--p 00011000 103:02 16530324                  /usr/lib/x86_64-linux-gnu/libXext.so.6.4.0
774d774a7000-774d774a8000 rw-p 00012000 103:02 16530324                  /usr/lib/x86_64-linux-gnu/libXext.so.6.4.0
774d774ab000-774d774ac000 r--p 00000000 103:02 16530329                  /usr/lib/x86_64-linux-gnu/libXinerama.so.1.0.0
774d774ac000-774d774ad000 r-xp 00001000 103:02 16530329                  /usr/lib/x86_64-linux-gnu/libXinerama.so.1.0.0
774d774ad000-774d774ae000 r--p 00002000 103:02 16530329                  /usr/lib/x86_64-linux-gnu/libXinerama.so.1.0.0
774d774ae000-774d774af000 r--p 00002000 103:02 16530329                  /usr/lib/x86_64-linux-gnu/libXinerama.so.1.0.0
774d774af000-774d774b0000 rw-p 00003000 103:02 16530329                  /usr/lib/x86_64-linux-gnu/libXinerama.so.1.0.0
774d774b0000-774d774b2000 r--p 00000000 103:02 17172962                  /usr/lib/jvm/java-21-openjdk-amd64/lib/libjavajpeg.so
774d774b2000-774d774b9000 r-xp 00002000 103:02 17172962                  /usr/lib/jvm/java-21-openjdk-amd64/lib/libjavajpeg.so
774d774b9000-774d774ba000 r--p 00009000 103:02 17172962                  /usr/lib/jvm/java-21-openjdk-amd64/lib/libjavajpeg.so
774d774ba000-774d774bb000 r--p 0000a000 103:02 17172962                  /usr/lib/jvm/java-21-openjdk-amd64/lib/libjavajpeg.so
774d774bb000-774d774bc000 rw-p 0000b000 103:02 17172962                  /usr/lib/jvm/java-21-openjdk-amd64/lib/libjavajpeg.so
774d774bc000-774d77517000 rw-p 00000000 00:00 0 
774d77517000-774d77527000 r--p 00000000 103:02 16530817                  /usr/lib/x86_64-linux-gnu/libm.so.6
774d77527000-774d775a6000 r-xp 00010000 103:02 16530817                  /usr/lib/x86_64-linux-gnu/libm.so.6
774d775a6000-774d775fe000 r--p 0008f000 103:02 16530817                  /usr/lib/x86_64-linux-gnu/libm.so.6
774d775fe000-774d775ff000 r--p 000e7000 103:02 16530817                  /usr/lib/x86_64-linux-gnu/libm.so.6
774d775ff000-774d77600000 rw-p 000e8000 103:02 16530817                  /usr/lib/x86_64-linux-gnu/libm.so.6
774d77600000-774d77896000 r--p 00000000 103:02 17172990                  /usr/lib/jvm/java-21-openjdk-amd64/lib/server/libjvm.so
774d77896000-774d786fe000 r-xp 00296000 103:02 17172990                  /usr/lib/jvm/java-21-openjdk-amd64/lib/server/libjvm.so
774d786fe000-774d789d1000 r--p 010fe000 103:02 17172990                  /usr/lib/jvm/java-21-openjdk-amd64/lib/server/libjvm.so
774d789d1000-774d78aa1000 r--p 013d0000 103:02 17172990                  /usr/lib/jvm/java-21-openjdk-amd64/lib/server/libjvm.so
774d78aa1000-774d78ad1000 rw-p 014a0000 103:02 17172990                  /usr/lib/jvm/java-21-openjdk-amd64/lib/server/libjvm.so
774d78ad1000-774d78b37000 rw-p 00000000 00:00 0 
774d78b38000-774d78b3a000 r--p 00000000 103:02 17172983                  /usr/lib/jvm/java-21-openjdk-amd64/lib/libzip.so
774d78b3a000-774d78b3f000 r-xp 00002000 103:02 17172983                  /usr/lib/jvm/java-21-openjdk-amd64/lib/libzip.so
774d78b3f000-774d78b41000 r--p 00007000 103:02 17172983                  /usr/lib/jvm/java-21-openjdk-amd64/lib/libzip.so
774d78b41000-774d78b42000 r--p 00008000 103:02 17172983                  /usr/lib/jvm/java-21-openjdk-amd64/lib/libzip.so
774d78b42000-774d78b43000 rw-p 00009000 103:02 17172983                  /usr/lib/jvm/java-21-openjdk-amd64/lib/libzip.so
774d78b43000-774d78c00000 rw-p 00000000 00:00 0 
774d78c00000-774d78c28000 r--p 00000000 103:02 16530474                  /usr/lib/x86_64-linux-gnu/libc.so.6
774d78c28000-774d78db0000 r-xp 00028000 103:02 16530474                  /usr/lib/x86_64-linux-gnu/libc.so.6
774d78db0000-774d78dff000 r--p 001b0000 103:02 16530474                  /usr/lib/x86_64-linux-gnu/libc.so.6
774d78dff000-774d78e03000 r--p 001fe000 103:02 16530474                  /usr/lib/x86_64-linux-gnu/libc.so.6
774d78e03000-774d78e05000 rw-p 00202000 103:02 16530474                  /usr/lib/x86_64-linux-gnu/libc.so.6
774d78e05000-774d78e12000 rw-p 00000000 00:00 0 
774d78e14000-774d78e17000 r--p 00000000 103:02 17172975                  /usr/lib/jvm/java-21-openjdk-amd64/lib/libnet.so
774d78e17000-774d78e1f000 r-xp 00003000 103:02 17172975                  /usr/lib/jvm/java-21-openjdk-amd64/lib/libnet.so
774d78e1f000-774d78e21000 r--p 0000b000 103:02 17172975                  /usr/lib/jvm/java-21-openjdk-amd64/lib/libnet.so
774d78e21000-774d78e22000 r--p 0000c000 103:02 17172975                  /usr/lib/jvm/java-21-openjdk-amd64/lib/libnet.so
774d78e22000-774d78e23000 rw-p 0000d000 103:02 17172975                  /usr/lib/jvm/java-21-openjdk-amd64/lib/libnet.so
774d78e23000-774d78e2a000 r--p 00000000 103:02 17172976                  /usr/lib/jvm/java-21-openjdk-amd64/lib/libnio.so
774d78e2a000-774d78e33000 r-xp 00007000 103:02 17172976                  /usr/lib/jvm/java-21-openjdk-amd64/lib/libnio.so
774d78e33000-774d78e37000 r--p 00010000 103:02 17172976                  /usr/lib/jvm/java-21-openjdk-amd64/lib/libnio.so
774d78e37000-774d78e38000 r--p 00014000 103:02 17172976                  /usr/lib/jvm/java-21-openjdk-amd64/lib/libnio.so
774d78e38000-774d78e39000 rw-p 00015000 103:02 17172976                  /usr/lib/jvm/java-21-openjdk-amd64/lib/libnio.so
774d78e39000-774d78e3f000 rw-p 00000000 00:00 0 
774d78e3f000-774d78e48000 ---p 00000000 00:00 0 
774d78e48000-774d78e55000 r--p 00000000 103:02 17172961                  /usr/lib/jvm/java-21-openjdk-amd64/lib/libjava.so
774d78e55000-774d78e64000 r-xp 0000d000 103:02 17172961                  /usr/lib/jvm/java-21-openjdk-amd64/lib/libjava.so
774d78e64000-774d78e69000 r--p 0001c000 103:02 17172961                  /usr/lib/jvm/java-21-openjdk-amd64/lib/libjava.so
774d78e69000-774d78e6a000 r--p 00021000 103:02 17172961                  /usr/lib/jvm/java-21-openjdk-amd64/lib/libjava.so
774d78e6a000-774d78e6b000 rw-p 00022000 103:02 17172961                  /usr/lib/jvm/java-21-openjdk-amd64/lib/libjava.so
774d78e6b000-774d78e6c000 rw-p 00000000 00:00 0 
774d78e6c000-774d78e70000 r--p 00000000 103:02 16528598                  /usr/lib/x86_64-linux-gnu/libgcc_s.so.1
774d78e70000-774d78e94000 r-xp 00004000 103:02 16528598                  /usr/lib/x86_64-linux-gnu/libgcc_s.so.1
774d78e94000-774d78e98000 r--p 00028000 103:02 16528598                  /usr/lib/x86_64-linux-gnu/libgcc_s.so.1
774d78e98000-774d78e99000 r--p 0002b000 103:02 16528598                  /usr/lib/x86_64-linux-gnu/libgcc_s.so.1
774d78e99000-774d78e9a000 rw-p 0002c000 103:02 16528598                  /usr/lib/x86_64-linux-gnu/libgcc_s.so.1
774d78e9a000-774d78e9c000 rw-p 00000000 00:00 0 
774d78e9c000-774d78e9e000 r--p 00000000 103:02 17172965                  /usr/lib/jvm/java-21-openjdk-amd64/lib/libjli.so
774d78e9e000-774d78ea8000 r-xp 00002000 103:02 17172965                  /usr/lib/jvm/java-21-openjdk-amd64/lib/libjli.so
774d78ea8000-774d78eab000 r--p 0000c000 103:02 17172965                  /usr/lib/jvm/java-21-openjdk-amd64/lib/libjli.so
774d78eab000-774d78eac000 r--p 0000f000 103:02 17172965                  /usr/lib/jvm/java-21-openjdk-amd64/lib/libjli.so
774d78eac000-774d78ead000 rw-p 00010000 103:02 17172965                  /usr/lib/jvm/java-21-openjdk-amd64/lib/libjli.so
774d78ead000-774d78eaf000 r--p 00000000 103:02 16531205                  /usr/lib/x86_64-linux-gnu/libz.so.1.3
774d78eaf000-774d78ec1000 r-xp 00002000 103:02 16531205                  /usr/lib/x86_64-linux-gnu/libz.so.1.3
774d78ec1000-774d78ec7000 r--p 00014000 103:02 16531205                  /usr/lib/x86_64-linux-gnu/libz.so.1.3
774d78ec7000-774d78ec8000 r--p 0001a000 103:02 16531205                  /usr/lib/x86_64-linux-gnu/libz.so.1.3
774d78ec8000-774d78ec9000 rw-p 0001b000 103:02 16531205                  /usr/lib/x86_64-linux-gnu/libz.so.1.3
774d78eca000-774d78ed2000 rw-s 00000000 103:02 18219141                  /tmp/hsperfdata_dov/6468
774d78ed2000-774d78ed3000 ---p 00000000 00:00 0 
774d78ed3000-774d78ed4000 r--p 00000000 00:00 0 
774d78ed4000-774d78ed5000 ---p 00000000 00:00 0 
774d78ed5000-774d78ed7000 r--p 00000000 103:02 17172964                  /usr/lib/jvm/java-21-openjdk-amd64/lib/libjimage.so
774d78ed7000-774d78eda000 r-xp 00002000 103:02 17172964                  /usr/lib/jvm/java-21-openjdk-amd64/lib/libjimage.so
774d78eda000-774d78edb000 r--p 00005000 103:02 17172964                  /usr/lib/jvm/java-21-openjdk-amd64/lib/libjimage.so
774d78edb000-774d78edc000 r--p 00006000 103:02 17172964                  /usr/lib/jvm/java-21-openjdk-amd64/lib/libjimage.so
774d78edc000-774d78edd000 rw-p 00007000 103:02 17172964                  /usr/lib/jvm/java-21-openjdk-amd64/lib/libjimage.so
774d78edd000-774d78edf000 rw-p 00000000 00:00 0 
774d78edf000-774d78ee0000 r--p 00000000 103:02 16530286                  /usr/lib/x86_64-linux-gnu/ld-linux-x86-64.so.2
774d78ee0000-774d78f0b000 r-xp 00001000 103:02 16530286                  /usr/lib/x86_64-linux-gnu/ld-linux-x86-64.so.2
774d78f0b000-774d78f15000 r--p 0002c000 103:02 16530286                  /usr/lib/x86_64-linux-gnu/ld-linux-x86-64.so.2
774d78f15000-774d78f17000 r--p 00036000 103:02 16530286                  /usr/lib/x86_64-linux-gnu/ld-linux-x86-64.so.2
774d78f17000-774d78f19000 rw-p 00038000 103:02 16530286                  /usr/lib/x86_64-linux-gnu/ld-linux-x86-64.so.2
7fff64555000-7fff64576000 rw-p 00000000 00:00 0                          [stack]
7fff645ed000-7fff645f1000 r--p 00000000 00:00 0                          [vvar]
7fff645f1000-7fff645f3000 r-xp 00000000 00:00 0                          [vdso]
ffffffffff600000-ffffffffff601000 --xp 00000000 00:00 0                  [vsyscall]
Total number of mappings: 461


VM Arguments:
jvm_args: -Dfile.encoding=UTF-8 --module-path=/home/dov/projects/NeighborhoodPIG/build/classes 
java_command: main.NeighborhoodPIG
java_class_path (initial): /home/dov/projects/Libraries/commons-math3/commons-math3-3.6.1-javadoc.jar:/home/dov/projects/Libraries/commons-math3/commons-math3-3.6.1-sources.jar:/home/dov/projects/Libraries/commons-math3/commons-math3-3.6.1-test-sources.jar:/home/dov/projects/Libraries/commons-math3/commons-math3-3.6.1-tests.jar:/home/dov/projects/Libraries/commons-math3/commons-math3-3.6.1-tools.jar:/home/dov/projects/Libraries/commons-math3/commons-math3-3.6.1.jar:/home/dov/projects/JCudaWrapper/jcuda12/jcublas-12.0.0.jar:/home/dov/projects/JCudaWrapper/jcuda12/jcublas-natives-12.0.0-linux-x86_64.jar:/home/dov/projects/JCudaWrapper/jcuda12/jcuda-12.0.0.jar:/home/dov/projects/JCudaWrapper/jcuda12/jcuda-natives-12.0.0-linux-x86_64.jar:/home/dov/projects/JCudaWrapper/jcuda12/jcudnn-12.0.0.jar:/home/dov/projects/JCudaWrapper/jcuda12/jcudnn-natives-12.0.0-linux-x86_64.jar:/home/dov/projects/JCudaWrapper/jcuda12/jcufft-12.0.0.jar:/home/dov/projects/JCudaWrapper/jcuda12/jcufft-natives-12.0.0-linux-x86_64.jar:/home/dov/projects/JCudaWrapper/jcuda12/jcurand-12.0.0.jar:/home/dov/projects/JCudaWrapper/jcuda12/jcurand-natives-12.0.0-linux-x86_64.jar:/home/dov/projects/JCudaWrapper/jcuda12/jcusolver-12.0.0.jar:/home/dov/projects/JCudaWrapper/jcuda12/jcusolver-natives-12.0.0-linux-x86_64.jar:/home/dov/projects/JCudaWrapper/jcuda12/jcusparse-12.0.0.jar:/home/dov/projects/JCudaWrapper/jcuda12/jcusparse-natives-12.0.0-linux-x86_64.jar:/home/dov/projects/NeighborhoodPIG/build/classes
Launcher Type: SUN_STANDARD

[Global flags]
     intx CICompilerCount                          = 12                                        {product} {ergonomic}
     uint ConcGCThreads                            = 3                                         {product} {ergonomic}
     uint G1ConcRefinementThreads                  = 13                                        {product} {ergonomic}
   size_t G1HeapRegionSize                         = 4194304                                   {product} {ergonomic}
    uintx GCDrainStackTargetSize                   = 64                                        {product} {ergonomic}
   size_t InitialHeapSize                          = 515899392                                 {product} {ergonomic}
   size_t MarkStackSize                            = 4194304                                   {product} {ergonomic}
   size_t MaxHeapSize                              = 8212447232                                {product} {ergonomic}
   size_t MaxNewSize                               = 4924112896                                {product} {ergonomic}
   size_t MinHeapDeltaBytes                        = 4194304                                   {product} {ergonomic}
   size_t MinHeapSize                              = 8388608                                   {product} {ergonomic}
    uintx NonNMethodCodeHeapSize                   = 7602480                                {pd product} {ergonomic}
    uintx NonProfiledCodeHeapSize                  = 122027880                              {pd product} {ergonomic}
    uintx ProfiledCodeHeapSize                     = 122027880                              {pd product} {ergonomic}
    uintx ReservedCodeCacheSize                    = 251658240                              {pd product} {ergonomic}
     bool SegmentedCodeCache                       = true                                      {product} {ergonomic}
   size_t SoftMaxHeapSize                          = 8212447232                             {manageable} {ergonomic}
     bool UseCompressedOops                        = true                           {product lp64_product} {ergonomic}
     bool UseG1GC                                  = true                                      {product} {ergonomic}

Logging:
Log output configuration:
 #0: stdout all=warning uptime,level,tags foldmultilines=false
 #1: stderr all=off uptime,level,tags foldmultilines=false

Environment Variables:
PATH=/usr/local/sbin:/usr/local/bin:/usr/sbin:/usr/bin:/sbin:/bin:/usr/games:/usr/local/games:/snap/bin:/snap/bin
USERNAME=dov
SHELL=/bin/bash
DISPLAY=:1
LANG=en_US.UTF-8

Active Locale:
LC_ALL=en_US.UTF-8
LC_COLLATE=en_US.UTF-8
LC_CTYPE=en_US.UTF-8
LC_MESSAGES=en_US.UTF-8
LC_MONETARY=en_US.UTF-8
LC_NUMERIC=en_US.UTF-8
LC_TIME=en_US.UTF-8

Signal Handlers:
   SIGSEGV: crash_handler in libjvm.so, mask=11100100010111111101111111111110, flags=SA_RESTART|SA_SIGINFO, unblocked
    SIGBUS: crash_handler in libjvm.so, mask=11100100010111111101111111111110, flags=SA_RESTART|SA_SIGINFO, unblocked
    SIGFPE: crash_handler in libjvm.so, mask=11100100010111111101111111111110, flags=SA_RESTART|SA_SIGINFO, unblocked
   SIGPIPE: javaSignalHandler in libjvm.so, mask=11100100010111111101111111111110, flags=SA_RESTART|SA_SIGINFO, blocked
   SIGXFSZ: javaSignalHandler in libjvm.so, mask=11100100010111111101111111111110, flags=SA_RESTART|SA_SIGINFO, blocked
    SIGILL: crash_handler in libjvm.so, mask=11100100010111111101111111111110, flags=SA_RESTART|SA_SIGINFO, unblocked
   SIGUSR2: SR_handler in libjvm.so, mask=00000000000000000000000000000000, flags=SA_RESTART|SA_SIGINFO, blocked
    SIGHUP: UserHandler in libjvm.so, mask=11100100010111111101111111111110, flags=SA_RESTART|SA_SIGINFO, blocked
    SIGINT: SIG_IGN, mask=00000000000000000000000000000000, flags=none, blocked
   SIGTERM: UserHandler in libjvm.so, mask=11100100010111111101111111111110, flags=SA_RESTART|SA_SIGINFO, blocked
   SIGQUIT: UserHandler in libjvm.so, mask=11100100010111111101111111111110, flags=SA_RESTART|SA_SIGINFO, blocked
   SIGTRAP: crash_handler in libjvm.so, mask=11100100010111111101111111111110, flags=SA_RESTART|SA_SIGINFO, unblocked


Periodic native trim disabled

---------------  S Y S T E M  ---------------

OS:
DISTRIB_ID=Ubuntu
DISTRIB_RELEASE=24.04
DISTRIB_CODENAME=noble
DISTRIB_DESCRIPTION="Ubuntu 24.04.1 LTS"
uname: Linux 6.8.0-47-generic #47-Ubuntu SMP PREEMPT_DYNAMIC Fri Sep 27 21:40:26 UTC 2024 x86_64
OS uptime: 0 days 0:21 hours
libc: glibc 2.39 NPTL 2.39 
rlimit (soft/hard): STACK 8192k/infinity , CORE 0k/infinity , NPROC 125013/125013 , NOFILE 1048576/1048576 , AS infinity/infinity , CPU infinity/infinity , DATA infinity/infinity , FSIZE infinity/infinity , MEMLOCK 4009332k/4009332k
load average: 0.56 0.83 0.77

/proc/meminfo:
MemTotal:       32074660 kB
MemFree:        25408312 kB
MemAvailable:   27177216 kB
Buffers:           99184 kB
Cached:          2060616 kB
SwapCached:            0 kB
Active:          4485260 kB
Inactive:         923128 kB
Active(anon):    3319376 kB
Inactive(anon):        0 kB
Active(file):    1165884 kB
Inactive(file):   923128 kB
Unevictable:          32 kB
Mlocked:              32 kB
SwapTotal:       8388604 kB
SwapFree:        8388604 kB
Zswap:                 0 kB
Zswapped:              0 kB
Dirty:               252 kB
Writeback:             0 kB
AnonPages:       3248912 kB
Mapped:           839532 kB
Shmem:             70788 kB
KReclaimable:      89716 kB
Slab:             355484 kB
SReclaimable:      89716 kB
SUnreclaim:       265768 kB
KernelStack:       20596 kB
PageTables:        47596 kB
SecPageTables:         0 kB
NFS_Unstable:          0 kB
Bounce:                0 kB
WritebackTmp:          0 kB
CommitLimit:    24425932 kB
Committed_AS:   21886168 kB
VmallocTotal:   34359738367 kB
VmallocUsed:      162456 kB
VmallocChunk:          0 kB
Percpu:            17408 kB
HardwareCorrupted:     0 kB
AnonHugePages:         0 kB
ShmemHugePages:        0 kB
ShmemPmdMapped:        0 kB
FileHugePages:         0 kB
FilePmdMapped:         0 kB
Unaccepted:            0 kB
HugePages_Total:       0
HugePages_Free:        0
HugePages_Rsvd:        0
HugePages_Surp:        0
Hugepagesize:       2048 kB
Hugetlb:               0 kB
DirectMap4k:     1096168 kB
DirectMap2M:    13836288 kB
DirectMap1G:    18874368 kB

/sys/kernel/mm/transparent_hugepage/enabled: always [madvise] never
/sys/kernel/mm/transparent_hugepage/hpage_pmd_size: 2097152
/sys/kernel/mm/transparent_hugepage/defrag (defrag/compaction efforts parameter): always defer defer+madvise [madvise] never

Process Memory:
Virtual Size: 17093400K (peak: 17123208K)
Resident Set Size: 285180K (peak: 285180K) (anon: 125244K, file: 151744K, shmem: 8192K)
Swapped out: 0K
C-Heap outstanding allocations: 64661K, retained: 3426K
glibc malloc tunables: (default)

/proc/sys/kernel/threads-max (system-wide limit on the number of threads): 250026
/proc/sys/vm/max_map_count (maximum number of memory map areas a process may have): 1048576
/proc/sys/vm/swappiness (control to define how aggressively the kernel swaps out anonymous memory): 60
/proc/sys/kernel/pid_max (system-wide limit on number of process identifiers): 4194304

container (cgroup) information:
container_type: cgroupv2
cpu_cpuset_cpus: not supported
cpu_memory_nodes: not supported
active_processor_count: 16
cpu_quota: not supported
cpu_period: not supported
cpu_shares: not supported
memory_limit_in_bytes: unlimited
memory_and_swap_limit_in_bytes: unlimited
memory_soft_limit_in_bytes: unlimited
memory_usage_in_bytes: 1777508 k
memory_max_usage_in_bytes: not supported
memory_swap_current_in_bytes: unlimited
memory_swap_max_limit_in_bytes: unlimited
maximum number of tasks: 37503
current number of tasks: 95

Steal ticks since vm start: 0
Steal ticks percentage since vm start:  0.000

CPU: total 16 (initial active 16) (16 cores per cpu, 2 threads per core) family 25 model 68 stepping 1 microcode 0xa404101, cx8, cmov, fxsr, ht, mmx, 3dnowpref, sse, sse2, sse3, ssse3, sse4a, sse4.1, sse4.2, popcnt, lzcnt, tsc, tscinvbit, avx, avx2, aes, clmul, bmi1, bmi2, adx, sha, fma, vzeroupper, clflush, clflushopt, rdtscp, rdpid, f16c, pku, ospke, cet_ss
CPU Model and flags from /proc/cpuinfo:
model name	: AMD Ryzen 9 6900HS with Radeon Graphics
flags		: fpu vme de pse tsc msr pae mce cx8 apic sep mtrr pge mca cmov pat pse36 clflush mmx fxsr sse sse2 ht syscall nx mmxext fxsr_opt pdpe1gb rdtscp lm constant_tsc rep_good nopl nonstop_tsc cpuid extd_apicid aperfmperf rapl pni pclmulqdq monitor ssse3 fma cx16 sse4_1 sse4_2 x2apic movbe popcnt aes xsave avx f16c rdrand lahf_lm cmp_legacy svm extapic cr8_legacy abm sse4a misalignsse 3dnowprefetch osvw ibs skinit wdt tce topoext perfctr_core perfctr_nb bpext perfctr_llc mwaitx cpb cat_l3 cdp_l3 hw_pstate ssbd mba ibrs ibpb stibp vmmcall fsgsbase bmi1 avx2 smep bmi2 invpcid cqm rdt_a rdseed adx smap clflushopt clwb sha_ni xsaveopt xsavec xgetbv1 xsaves cqm_llc cqm_occup_llc cqm_mbm_total cqm_mbm_local user_shstk clzero irperf xsaveerptr rdpru wbnoinvd cppc arat npt lbrv svm_lock nrip_save tsc_scale vmcb_clean flushbyasid decodeassists pausefilter pfthreshold avic v_vmsave_vmload vgif v_spec_ctrl umip pku ospke vaes vpclmulqdq rdpid overflow_recov succor smca debug_swap

Online cpus: 0-15
Offline cpus: 
BIOS frequency limitation: <Not Available>
Frequency switch latency (ns): 0
Available cpu frequencies: <Not Available>
Current governor: powersave
Core performance/turbo boost: <Not Available>

Memory: 4k page, physical 32074660k(27177216k free), swap 8388604k(8388604k free)
Page Sizes: 4k

vm_info: OpenJDK 64-Bit Server VM (21.0.4+7-Ubuntu-1ubuntu224.04) for linux-amd64 JRE (21.0.4+7-Ubuntu-1ubuntu224.04), built on 2024-07-23T01:34:52Z by "buildd" with gcc 13.2.0

END.
