#
# A fatal error has been detected by the Java Runtime Environment:
#
#  SIGSEGV (0xb) at pc=0x00007e4945c4b06e, pid=39161, tid=39165
#
# JRE version: OpenJDK Runtime Environment (21.0.4+7) (build 21.0.4+7-Ubuntu-1ubuntu224.04)
# Java VM: OpenJDK 64-Bit Server VM (21.0.4+7-Ubuntu-1ubuntu224.04, mixed mode, sharing, tiered, compressed oops, compressed class ptrs, g1 gc, linux-amd64)
# Problematic frame:
# C  [libcuda.so.1+0x24b06e]
#
# Core dump will be written. Default location: Core dumps may be processed with "/usr/share/apport/apport -p%p -s%s -c%c -d%d -P%P -u%u -g%g -- %E" (or dumping to /home/dov/projects/NeighborhoodPIG/core.39161)
#
# If you would like to submit a bug report, please visit:
#   https://bugs.launchpad.net/ubuntu/+source/openjdk-21
# The crash happened outside the Java Virtual Machine in native code.
# See problematic frame for where to report the bug.
#

---------------  S U M M A R Y ------------

Command Line: -Dfile.encoding=UTF-8 -agentlib:jdwp=transport=dt_socket,address=localhost:44059 --module-path=/home/dov/projects/NeighborhoodPIG/build/classes main.NeighborhoodPIG

Host: AMD Ryzen 9 6900HS with Radeon Graphics, 16 cores, 30G, Ubuntu 24.04.1 LTS
Time: Thu Oct 31 12:12:06 2024 IST elapsed time: 3.983668 seconds (0d 0h 0m 3s)

---------------  T H R E A D  ---------------

Current thread (0x00007e497001b980):  JavaThread "main"             [_thread_in_native, id=39165, stack(0x00007e4977300000,0x00007e4977400000) (1024K)]

Stack: [0x00007e4977300000,0x00007e4977400000],  sp=0x00007e49773fe230,  free space=1016k
Native frames: (J=compiled Java code, j=interpreted, Vv=VM code, C=native code)
C  [libcuda.so.1+0x24b06e]
C  [libcuda.so.1+0x24b5f8]
C  [libcuda.so.1+0x2f19c3]
j  jcuda.driver.JCudaDriver.cuStreamSynchronizeNative(Ljcuda/driver/CUstream;)I+0
j  jcuda.driver.JCudaDriver.cuStreamSynchronize(Ljcuda/driver/CUstream;)I+1
j  JCudaWrapper.resourceManagement.Handle.getStream()Ljcuda/runtime/cudaStream_t;+11
j  JCudaWrapper.array.Array.get(LJCudaWrapper/resourceManagement/Handle;Ljcuda/Pointer;III)V+70
j  JCudaWrapper.array.DArray.getIncremented(LJCudaWrapper/resourceManagement/Handle;I)[D+38
j  JCudaWrapper.algebra.Vector.vecGet()[D+12
j  JCudaWrapper.algebra.Matrix.lambda$get$1(I)[D+5
j  JCudaWrapper.algebra.Matrix$$Lambda+0x00007e48f0020bc0.apply(I)Ljava/lang/Object;+5
j  java.util.Arrays.setAll([Ljava/lang/Object;Ljava/util/function/IntFunction;)V+17 java.base@21.0.4
j  JCudaWrapper.algebra.Matrix.get()[[D+15
j  main.StructureTensorMatrix.getRGB()[[[D+42
j  main.NeighborhoodPIG.orientationColored(Ljava/lang/String;)V+4
j  main.NeighborhoodPIG.main([Ljava/lang/String;)V+14
v  ~StubRoutines::call_stub 0x00007e495fc5fcc6
V  [libjvm.so+0x90841a]  JavaCalls::call_helper(JavaValue*, methodHandle const&, JavaCallArguments*, JavaThread*)+0x2da
V  [libjvm.so+0x9ae72d]  jni_invoke_static(JNIEnv_*, JavaValue*, _jobject*, JNICallType, _jmethodID*, JNI_ArgumentPusher*, JavaThread*) [clone .constprop.1]+0x35d
V  [libjvm.so+0x9b0c7f]  jni_CallStaticVoidMethod+0x12f
C  [libjli.so+0x55be]  JavaMain+0xfde
C  [libjli.so+0x844d]  ThreadJavaMain+0xd
C  [libc.so.6+0x9ca94]
Java frames: (J=compiled Java code, j=interpreted, Vv=VM code)
j  jcuda.driver.JCudaDriver.cuStreamSynchronizeNative(Ljcuda/driver/CUstream;)I+0
j  jcuda.driver.JCudaDriver.cuStreamSynchronize(Ljcuda/driver/CUstream;)I+1
j  JCudaWrapper.resourceManagement.Handle.getStream()Ljcuda/runtime/cudaStream_t;+11
j  JCudaWrapper.array.Array.get(LJCudaWrapper/resourceManagement/Handle;Ljcuda/Pointer;III)V+70
j  JCudaWrapper.array.DArray.getIncremented(LJCudaWrapper/resourceManagement/Handle;I)[D+38
j  JCudaWrapper.algebra.Vector.vecGet()[D+12
j  JCudaWrapper.algebra.Matrix.lambda$get$1(I)[D+5
j  JCudaWrapper.algebra.Matrix$$Lambda+0x00007e48f0020bc0.apply(I)Ljava/lang/Object;+5
j  java.util.Arrays.setAll([Ljava/lang/Object;Ljava/util/function/IntFunction;)V+17 java.base@21.0.4
j  JCudaWrapper.algebra.Matrix.get()[[D+15
j  main.StructureTensorMatrix.getRGB()[[[D+42
j  main.NeighborhoodPIG.orientationColored(Ljava/lang/String;)V+4
j  main.NeighborhoodPIG.main([Ljava/lang/String;)V+14
v  ~StubRoutines::call_stub 0x00007e495fc5fcc6

siginfo: si_signo: 11 (SIGSEGV), si_code: 1 (SEGV_MAPERR), si_addr: 0x00007e4e94c5b847

Registers:
RAX=0x00007e497062be90, RBX=0x00007e49773fe348, RCX=0x0000000000000002, RDX=0x00007e49727bf330
RSP=0x00007e49773fe230, RBP=0x00007e49773fe290, RSI=0x0000000000000000, RDI=0x00007e497062be90
R8 =0x00007e49773fe2c8, R9 =0x0000000000000000, R10=0x00007e49727bf330, R11=0x00007e4e94c5b45f
R12=0x00007e49773fe2c8, R13=0x00007e497062be90, R14=0x00007e49773fe458, R15=0x00007e497001b980
RIP=0x00007e4945c4b06e, EFLAGS=0x0000000000010206, CSGSFS=0x002b000000000033, ERR=0x0000000000000004
  TRAPNO=0x000000000000000e


Register to memory mapping:

RAX=0x00007e497062be90 points into unknown readable memory: 0x00007e497060bbb0 | b0 bb 60 70 49 7e 00 00
RBX=0x00007e49773fe348 is pointing into the stack for thread: 0x00007e497001b980
RCX=0x0000000000000002 is an unknown value
RDX=0x00007e49727bf330 points into unknown readable memory: 0x00007e4e94c5b45f | 5f b4 c5 94 4e 7e 00 00
RSP=0x00007e49773fe230 is pointing into the stack for thread: 0x00007e497001b980
RBP=0x00007e49773fe290 is pointing into the stack for thread: 0x00007e497001b980
RSI=0x0 is null
RDI=0x00007e497062be90 points into unknown readable memory: 0x00007e497060bbb0 | b0 bb 60 70 49 7e 00 00
R8 =0x00007e49773fe2c8 is pointing into the stack for thread: 0x00007e497001b980
R9 =0x0 is null
R10=0x00007e49727bf330 points into unknown readable memory: 0x00007e4e94c5b45f | 5f b4 c5 94 4e 7e 00 00
R11=0x00007e4e94c5b45f is an unknown value
R12=0x00007e49773fe2c8 is pointing into the stack for thread: 0x00007e497001b980
R13=0x00007e497062be90 points into unknown readable memory: 0x00007e497060bbb0 | b0 bb 60 70 49 7e 00 00
R14=0x00007e49773fe458 is pointing into the stack for thread: 0x00007e497001b980
R15=0x00007e497001b980 is a thread

Top of Stack: (sp=0x00007e49773fe230)
0x00007e49773fe230:   00007e497001c5e8 00000000000000d8
0x00007e49773fe240:   00007e49773feab0 00007e497001b980
0x00007e49773fe250:   00007e49773fe2f0 00007e49773fe340
0x00007e49773fe260:   0000000000000000 00007e49773fe348
0x00007e49773fe270:   0000000000000000 00007e49773fe340
0x00007e49773fe280:   00007e49773fe458 00007e497001b980
0x00007e49773fe290:   00007e49773fe300 00007e4945c4b5f8
0x00007e49773fe2a0:   00007e497001c5e8 00000000000000d8
0x00007e49773fe2b0:   00007e49773feab0 00007e497001b980
0x00007e49773fe2c0:   00007e49773fe360 0000000000000000
0x00007e49773fe2d0:   0000000000000000 00007e48e44df1e8
0x00007e49773fe2e0:   00007e49727bf330 00007e48e44df1e8
0x00007e49773fe2f0:   00007e49773fe458 00007e497001b980
0x00007e49773fe300:   00007e49773fe3d0 00007e4945cf19c3
0x00007e49773fe310:   00007e49773fe458 0000000000000001
0x00007e49773fe320:   000003e700000002 0000000000000000
0x00007e49773fe330:   0000000000000000 00007e497062be90
0x00007e49773fe340:   0000000000000000 0000000000000000
0x00007e49773fe350:   00007e495fc66a90 0000000000000000
0x00007e49773fe360:   00007e0000000000 00007e49773fe438
0x00007e49773fe370:   00007e49773fe3f0 00007e495fc6d2f1
0x00007e49773fe380:   00007e49773fe3f0 00007e495fc6e738
0x00007e49773fe390:   00007e495fc66a90 0000000000000000
0x00007e49773fe3a0:   00007e0000000000 00007e49773fe438
0x00007e49773fe3b0:   00007e497001bd38 00007e48e343604a
0x00007e49773fe3c0:   00007e48e44df1e8 0000000000000000
0x00007e49773fe3d0:   00007e49773fe438 00007e495fc6eb6d
0x00007e49773fe3e0:   00007e49773fe460 00007e495fc6e738
0x00007e49773fe3f0:   00007e49773fe3f0 00007e48e44df1e8
0x00007e49773fe400:   0000000000000004 00007e48e44e3ab0
0x00007e49773fe410:   0000000000000000 0000000634846610
0x00007e49773fe420:   00007e48e44df1e8 0000000000000000 

Instructions: (pc=0x00007e4945c4b06e)
0x00007e4945c4af6e:   f6 c2 10 75 ba 83 e2 08 b8 8a 03 00 00 75 da 48
0x00007e4945c4af7e:   8b 59 08 4c 8d 63 08 4c 89 e7 e8 23 3a e9 ff 48
0x00007e4945c4af8e:   8b 5b 38 48 85 db 74 2d 66 2e 0f 1f 84 00 00 00
0x00007e4945c4af9e:   00 00 48 8b bb e8 03 00 00 48 85 ff 74 0b f6 43
0x00007e4945c4afae:   50 04 74 05 e8 c9 9a 29 00 48 8b 9b 58 01 00 00
0x00007e4945c4afbe:   48 85 db 75 dd 4c 89 e7 e8 15 35 e9 ff b8 8a 03
0x00007e4945c4afce:   00 00 eb 85 66 0f 1f 44 00 00 83 f8 02 ba 91 01
0x00007e4945c4afde:   00 00 b8 00 00 00 00 5b 0f 44 c2 41 5c 5d c3 0f
0x00007e4945c4afee:   1f 00 e8 8b 9a 29 00 b8 84 03 00 00 e9 58 ff ff
0x00007e4945c4affe:   ff 90 55 48 89 e5 41 57 41 56 41 55 49 89 fd 41
0x00007e4945c4b00e:   54 4d 89 c4 53 48 83 ec 38 49 c7 00 00 00 00 00
0x00007e4945c4b01e:   48 85 f6 0f 84 b9 00 00 00 44 8b 0e 41 ba 00 00
0x00007e4945c4b02e:   00 00 48 89 f3 45 85 c9 4c 0f 45 d6 48 83 fa 02
0x00007e4945c4b03e:   77 20 48 85 d2 74 5b 48 83 fa 02 0f 85 81 00 00
0x00007e4945c4b04e:   00 4d 85 d2 0f 84 a8 00 00 00 41 b8 90 01 00 00
0x00007e4945c4b05e:   eb 28 4c 8b 1a 4d 85 db 74 f0 49 39 5b 10 75 ea
0x00007e4945c4b06e:   49 83 bb e8 03 00 00 00 75 09 4d 85 ed 0f 85 57
0x00007e4945c4b07e:   01 00 00 4d 89 1c 24 45 31 c0 48 8d 65 d8 44 89
0x00007e4945c4b08e:   c0 5b 41 5c 41 5d 41 5e 41 5f 5d c3 66 0f 1f 44
0x00007e4945c4b09e:   00 00 83 f9 02 0f 84 27 02 00 00 83 f9 03 0f 84
0x00007e4945c4b0ae:   06 02 00 00 83 f9 01 0f 84 e5 01 00 00 0f b6 05
0x00007e4945c4b0be:   66 ac 91 01 c0 e8 03 83 e0 01 84 c0 0f 85 7f ff
0x00007e4945c4b0ce:   ff ff 4d 85 d2 0f 84 ef 00 00 00 4d 8b 5a 68 eb
0x00007e4945c4b0de:   84 90 48 83 fa 02 0f 86 6e ff ff ff 4c 8b 1a 4d
0x00007e4945c4b0ee:   85 db 0f 85 78 ff ff ff e9 5d ff ff ff 0f 1f 44
0x00007e4945c4b0fe:   00 00 4d 8b 5d 18 4d 85 db 74 0d 8b 43 38 41 39
0x00007e4945c4b10e:   45 20 0f 84 9f 00 00 00 4c 8d b3 a0 03 00 00 4c
0x00007e4945c4b11e:   89 55 a8 4d 8b 7d 10 4c 89 f7 e8 83 38 e9 ff 4c
0x00007e4945c4b12e:   8b 9b c8 03 00 00 45 31 c0 4c 89 fe 4c 89 c2 41
0x00007e4945c4b13e:   8b 3b 4c 89 5d b0 89 7d b8 e8 14 72 0d 00 4c 8b
0x00007e4945c4b14e:   5d b0 48 83 ec 08 8b 7d b8 45 31 c0 41 89 c1 4c
0x00007e4945c4b15e:   89 f9 49 8b 53 10 41 8b 73 0c 6a 00 e8 21 ee 2a 


Stack slot to memory mapping:

stack at sp + 0 slots: 0x00007e497001c5e8 points into unknown readable memory: 0x0000000000000045 | 45 00 00 00 00 00 00 00
stack at sp + 1 slots: 0x00000000000000d8 is an unknown value
stack at sp + 2 slots: 0x00007e49773feab0 is pointing into the stack for thread: 0x00007e497001b980
stack at sp + 3 slots: 0x00007e497001b980 is a thread
stack at sp + 4 slots: 0x00007e49773fe2f0 is pointing into the stack for thread: 0x00007e497001b980
stack at sp + 5 slots: 0x00007e49773fe340 is pointing into the stack for thread: 0x00007e497001b980
stack at sp + 6 slots: 0x0 is null
stack at sp + 7 slots: 0x00007e49773fe348 is pointing into the stack for thread: 0x00007e497001b980


---------------  P R O C E S S  ---------------

Threads class SMR info:
_java_thread_list=0x00007e49715709e0, length=16, elements={
0x00007e497001b980, 0x00007e497013a1f0, 0x00007e497013b680, 0x00007e497013d150,
0x00007e497013e7a0, 0x00007e497013fd50, 0x00007e4970141920, 0x00007e4970142ff0,
0x00007e4970162150, 0x00007e48b4076a90, 0x00007e49701a5670, 0x00007e49701bcde0,
0x00007e48a0001110, 0x00007e49701be0a0, 0x00007e4971537990, 0x00007e49715700b0
}

Java Threads: ( => current thread )
=>0x00007e497001b980 JavaThread "main"                              [_thread_in_native, id=39165, stack(0x00007e4977300000,0x00007e4977400000) (1024K)]
  0x00007e497013a1f0 JavaThread "Reference Handler"          daemon [_thread_blocked, id=39173, stack(0x00007e494cb00000,0x00007e494cc00000) (1024K)]
  0x00007e497013b680 JavaThread "Finalizer"                  daemon [_thread_blocked, id=39174, stack(0x00007e494ca00000,0x00007e494cb00000) (1024K)]
  0x00007e497013d150 JavaThread "Signal Dispatcher"          daemon [_thread_blocked, id=39175, stack(0x00007e494c900000,0x00007e494ca00000) (1024K)]
  0x00007e497013e7a0 JavaThread "Service Thread"             daemon [_thread_blocked, id=39176, stack(0x00007e494c800000,0x00007e494c900000) (1024K)]
  0x00007e497013fd50 JavaThread "Monitor Deflation Thread"   daemon [_thread_blocked, id=39177, stack(0x00007e494c700000,0x00007e494c800000) (1024K)]
  0x00007e4970141920 JavaThread "C2 CompilerThread0"         daemon [_thread_blocked, id=39178, stack(0x00007e494c600000,0x00007e494c700000) (1024K)]
  0x00007e4970142ff0 JavaThread "C1 CompilerThread0"         daemon [_thread_blocked, id=39179, stack(0x00007e494c500000,0x00007e494c600000) (1024K)]
  0x00007e4970162150 JavaThread "Common-Cleaner"             daemon [_thread_blocked, id=39180, stack(0x00007e494c400000,0x00007e494c500000) (1024K)]
  0x00007e48b4076a90 JavaThread "C1 CompilerThread1"         daemon [_thread_blocked, id=39181, stack(0x00007e494c300000,0x00007e494c400000) (1024K)]
  0x00007e49701a5670 JavaThread "JDWP Transport Listener: dt_socket" daemon [_thread_blocked, id=39182, stack(0x00007e494c200000,0x00007e494c300000) (1024K)]
  0x00007e49701bcde0 JavaThread "JDWP Event Helper Thread"   daemon [_thread_blocked, id=39185, stack(0x00007e494c100000,0x00007e494c200000) (1024K)]
  0x00007e48a0001110 JavaThread "JDWP Command Reader"        daemon [_thread_in_native, id=39186, stack(0x00007e494c000000,0x00007e494c100000) (1024K)]
  0x00007e49701be0a0 JavaThread "Notification Thread"        daemon [_thread_blocked, id=39188, stack(0x00007e4947f00000,0x00007e4948000000) (1024K)]
  0x00007e4971537990 JavaThread "pool-1-thread-1"            daemon [_thread_blocked, id=39197, stack(0x00007e4947e00000,0x00007e4947f00000) (1024K)]
  0x00007e49715700b0 JavaThread "Java2D Disposer"            daemon [_thread_blocked, id=39198, stack(0x00007e4947d00000,0x00007e4947e00000) (1024K)]
Total: 16

Other Threads:
  0x00007e497012cca0 VMThread "VM Thread"                           [id=39172, stack(0x00007e494d9ff000,0x00007e494daff000) (1024K)]
  0x00007e4970112490 WatcherThread "VM Periodic Task Thread"        [id=39171, stack(0x00007e494db00000,0x00007e494dc00000) (1024K)]
  0x00007e4970046640 WorkerThread "GC Thread#0"                     [id=39166, stack(0x00007e4975f65000,0x00007e4976065000) (1024K)]
  0x00007e4970057140 ConcurrentGCThread "G1 Main Marker"            [id=39167, stack(0x00007e4974f00000,0x00007e4975000000) (1024K)]
  0x00007e49700580f0 WorkerThread "G1 Conc#0"                       [id=39168, stack(0x00007e4974dff000,0x00007e4974eff000) (1024K)]
  0x00007e49700ffd00 ConcurrentGCThread "G1 Refine#0"               [id=39169, stack(0x00007e496ff00000,0x00007e4970000000) (1024K)]
  0x00007e4970100cc0 ConcurrentGCThread "G1 Service"                [id=39170, stack(0x00007e4957700000,0x00007e4957800000) (1024K)]
Total: 7

Threads with active compile tasks:
Total: 0

VM state: not at safepoint (normal execution)

VM Mutex/Monitor currently owned by a thread: None

Heap address: 0x0000000616800000, size: 7832 MB, Compressed Oops mode: Zero based, Oop shift amount: 3

CDS archive(s) mapped at: [0x00007e48ef000000-0x00007e48efcae000-0x00007e48efcae000), size 13295616, SharedBaseAddress: 0x00007e48ef000000, ArchiveRelocationMode: 1.
Compressed class space mapped at: 0x00007e48f0000000-0x00007e4930000000, reserved size: 1073741824
Narrow klass base: 0x00007e48ef000000, Narrow klass shift: 0, Narrow klass range: 0x100000000

GC Precious Log:
 CardTable entry size: 512
 Card Set container configuration: InlinePtr #cards 4 size 8 Array Of Cards #cards 32 size 80 Howl #buckets 8 coarsen threshold 7372 Howl Bitmap #cards 1024 size 144 coarsen threshold 921 Card regions per heap region 1 cards per card region 8192
 CPUs: 16 total, 16 available
 Memory: 31322M
 Large Page Support: Disabled
 NUMA Support: Disabled
 Compressed Oops: Enabled (Zero based)
 Heap Region Size: 4M
 Heap Min Capacity: 8M
 Heap Initial Capacity: 492M
 Heap Max Capacity: 7832M
 Pre-touch: Disabled
 Parallel Workers: 13
 Concurrent Workers: 3
 Concurrent Refinement Workers: 13
 Periodic GC: Disabled

Heap:
 garbage-first heap   total 507904K, used 9246K [0x0000000616800000, 0x0000000800000000)
  region size 4096K, 3 young (12288K), 0 survivors (0K)
 Metaspace       used 3405K, committed 3584K, reserved 1114112K
  class space    used 290K, committed 384K, reserved 1048576K

Heap Regions: E=young(eden), S=young(survivor), O=old, HS=humongous(starts), HC=humongous(continues), CS=collection set, F=free, TAMS=top-at-mark-start, PB=parsable bottom
|   0|0x0000000616800000, 0x0000000616800000, 0x0000000616c00000|  0%| F|  |TAMS 0x0000000616800000| PB 0x0000000616800000| Untracked 
|   1|0x0000000616c00000, 0x0000000616c00000, 0x0000000617000000|  0%| F|  |TAMS 0x0000000616c00000| PB 0x0000000616c00000| Untracked 
|   2|0x0000000617000000, 0x0000000617000000, 0x0000000617400000|  0%| F|  |TAMS 0x0000000617000000| PB 0x0000000617000000| Untracked 
|   3|0x0000000617400000, 0x0000000617400000, 0x0000000617800000|  0%| F|  |TAMS 0x0000000617400000| PB 0x0000000617400000| Untracked 
|   4|0x0000000617800000, 0x0000000617800000, 0x0000000617c00000|  0%| F|  |TAMS 0x0000000617800000| PB 0x0000000617800000| Untracked 
|   5|0x0000000617c00000, 0x0000000617c00000, 0x0000000618000000|  0%| F|  |TAMS 0x0000000617c00000| PB 0x0000000617c00000| Untracked 
|   6|0x0000000618000000, 0x0000000618000000, 0x0000000618400000|  0%| F|  |TAMS 0x0000000618000000| PB 0x0000000618000000| Untracked 
|   7|0x0000000618400000, 0x0000000618400000, 0x0000000618800000|  0%| F|  |TAMS 0x0000000618400000| PB 0x0000000618400000| Untracked 
|   8|0x0000000618800000, 0x0000000618800000, 0x0000000618c00000|  0%| F|  |TAMS 0x0000000618800000| PB 0x0000000618800000| Untracked 
|   9|0x0000000618c00000, 0x0000000618c00000, 0x0000000619000000|  0%| F|  |TAMS 0x0000000618c00000| PB 0x0000000618c00000| Untracked 
|  10|0x0000000619000000, 0x0000000619000000, 0x0000000619400000|  0%| F|  |TAMS 0x0000000619000000| PB 0x0000000619000000| Untracked 
|  11|0x0000000619400000, 0x0000000619400000, 0x0000000619800000|  0%| F|  |TAMS 0x0000000619400000| PB 0x0000000619400000| Untracked 
|  12|0x0000000619800000, 0x0000000619800000, 0x0000000619c00000|  0%| F|  |TAMS 0x0000000619800000| PB 0x0000000619800000| Untracked 
|  13|0x0000000619c00000, 0x0000000619c00000, 0x000000061a000000|  0%| F|  |TAMS 0x0000000619c00000| PB 0x0000000619c00000| Untracked 
|  14|0x000000061a000000, 0x000000061a000000, 0x000000061a400000|  0%| F|  |TAMS 0x000000061a000000| PB 0x000000061a000000| Untracked 
|  15|0x000000061a400000, 0x000000061a400000, 0x000000061a800000|  0%| F|  |TAMS 0x000000061a400000| PB 0x000000061a400000| Untracked 
|  16|0x000000061a800000, 0x000000061a800000, 0x000000061ac00000|  0%| F|  |TAMS 0x000000061a800000| PB 0x000000061a800000| Untracked 
|  17|0x000000061ac00000, 0x000000061ac00000, 0x000000061b000000|  0%| F|  |TAMS 0x000000061ac00000| PB 0x000000061ac00000| Untracked 
|  18|0x000000061b000000, 0x000000061b000000, 0x000000061b400000|  0%| F|  |TAMS 0x000000061b000000| PB 0x000000061b000000| Untracked 
|  19|0x000000061b400000, 0x000000061b400000, 0x000000061b800000|  0%| F|  |TAMS 0x000000061b400000| PB 0x000000061b400000| Untracked 
|  20|0x000000061b800000, 0x000000061b800000, 0x000000061bc00000|  0%| F|  |TAMS 0x000000061b800000| PB 0x000000061b800000| Untracked 
|  21|0x000000061bc00000, 0x000000061bc00000, 0x000000061c000000|  0%| F|  |TAMS 0x000000061bc00000| PB 0x000000061bc00000| Untracked 
|  22|0x000000061c000000, 0x000000061c000000, 0x000000061c400000|  0%| F|  |TAMS 0x000000061c000000| PB 0x000000061c000000| Untracked 
|  23|0x000000061c400000, 0x000000061c400000, 0x000000061c800000|  0%| F|  |TAMS 0x000000061c400000| PB 0x000000061c400000| Untracked 
|  24|0x000000061c800000, 0x000000061c800000, 0x000000061cc00000|  0%| F|  |TAMS 0x000000061c800000| PB 0x000000061c800000| Untracked 
|  25|0x000000061cc00000, 0x000000061cc00000, 0x000000061d000000|  0%| F|  |TAMS 0x000000061cc00000| PB 0x000000061cc00000| Untracked 
|  26|0x000000061d000000, 0x000000061d000000, 0x000000061d400000|  0%| F|  |TAMS 0x000000061d000000| PB 0x000000061d000000| Untracked 
|  27|0x000000061d400000, 0x000000061d400000, 0x000000061d800000|  0%| F|  |TAMS 0x000000061d400000| PB 0x000000061d400000| Untracked 
|  28|0x000000061d800000, 0x000000061d800000, 0x000000061dc00000|  0%| F|  |TAMS 0x000000061d800000| PB 0x000000061d800000| Untracked 
|  29|0x000000061dc00000, 0x000000061dc00000, 0x000000061e000000|  0%| F|  |TAMS 0x000000061dc00000| PB 0x000000061dc00000| Untracked 
|  30|0x000000061e000000, 0x000000061e000000, 0x000000061e400000|  0%| F|  |TAMS 0x000000061e000000| PB 0x000000061e000000| Untracked 
|  31|0x000000061e400000, 0x000000061e400000, 0x000000061e800000|  0%| F|  |TAMS 0x000000061e400000| PB 0x000000061e400000| Untracked 
|  32|0x000000061e800000, 0x000000061e800000, 0x000000061ec00000|  0%| F|  |TAMS 0x000000061e800000| PB 0x000000061e800000| Untracked 
|  33|0x000000061ec00000, 0x000000061ec00000, 0x000000061f000000|  0%| F|  |TAMS 0x000000061ec00000| PB 0x000000061ec00000| Untracked 
|  34|0x000000061f000000, 0x000000061f000000, 0x000000061f400000|  0%| F|  |TAMS 0x000000061f000000| PB 0x000000061f000000| Untracked 
|  35|0x000000061f400000, 0x000000061f400000, 0x000000061f800000|  0%| F|  |TAMS 0x000000061f400000| PB 0x000000061f400000| Untracked 
|  36|0x000000061f800000, 0x000000061f800000, 0x000000061fc00000|  0%| F|  |TAMS 0x000000061f800000| PB 0x000000061f800000| Untracked 
|  37|0x000000061fc00000, 0x000000061fc00000, 0x0000000620000000|  0%| F|  |TAMS 0x000000061fc00000| PB 0x000000061fc00000| Untracked 
|  38|0x0000000620000000, 0x0000000620000000, 0x0000000620400000|  0%| F|  |TAMS 0x0000000620000000| PB 0x0000000620000000| Untracked 
|  39|0x0000000620400000, 0x0000000620400000, 0x0000000620800000|  0%| F|  |TAMS 0x0000000620400000| PB 0x0000000620400000| Untracked 
|  40|0x0000000620800000, 0x0000000620800000, 0x0000000620c00000|  0%| F|  |TAMS 0x0000000620800000| PB 0x0000000620800000| Untracked 
|  41|0x0000000620c00000, 0x0000000620c00000, 0x0000000621000000|  0%| F|  |TAMS 0x0000000620c00000| PB 0x0000000620c00000| Untracked 
|  42|0x0000000621000000, 0x0000000621000000, 0x0000000621400000|  0%| F|  |TAMS 0x0000000621000000| PB 0x0000000621000000| Untracked 
|  43|0x0000000621400000, 0x0000000621400000, 0x0000000621800000|  0%| F|  |TAMS 0x0000000621400000| PB 0x0000000621400000| Untracked 
|  44|0x0000000621800000, 0x0000000621800000, 0x0000000621c00000|  0%| F|  |TAMS 0x0000000621800000| PB 0x0000000621800000| Untracked 
|  45|0x0000000621c00000, 0x0000000621c00000, 0x0000000622000000|  0%| F|  |TAMS 0x0000000621c00000| PB 0x0000000621c00000| Untracked 
|  46|0x0000000622000000, 0x0000000622000000, 0x0000000622400000|  0%| F|  |TAMS 0x0000000622000000| PB 0x0000000622000000| Untracked 
|  47|0x0000000622400000, 0x0000000622400000, 0x0000000622800000|  0%| F|  |TAMS 0x0000000622400000| PB 0x0000000622400000| Untracked 
|  48|0x0000000622800000, 0x0000000622800000, 0x0000000622c00000|  0%| F|  |TAMS 0x0000000622800000| PB 0x0000000622800000| Untracked 
|  49|0x0000000622c00000, 0x0000000622c00000, 0x0000000623000000|  0%| F|  |TAMS 0x0000000622c00000| PB 0x0000000622c00000| Untracked 
|  50|0x0000000623000000, 0x0000000623000000, 0x0000000623400000|  0%| F|  |TAMS 0x0000000623000000| PB 0x0000000623000000| Untracked 
|  51|0x0000000623400000, 0x0000000623400000, 0x0000000623800000|  0%| F|  |TAMS 0x0000000623400000| PB 0x0000000623400000| Untracked 
|  52|0x0000000623800000, 0x0000000623800000, 0x0000000623c00000|  0%| F|  |TAMS 0x0000000623800000| PB 0x0000000623800000| Untracked 
|  53|0x0000000623c00000, 0x0000000623c00000, 0x0000000624000000|  0%| F|  |TAMS 0x0000000623c00000| PB 0x0000000623c00000| Untracked 
|  54|0x0000000624000000, 0x0000000624000000, 0x0000000624400000|  0%| F|  |TAMS 0x0000000624000000| PB 0x0000000624000000| Untracked 
|  55|0x0000000624400000, 0x0000000624400000, 0x0000000624800000|  0%| F|  |TAMS 0x0000000624400000| PB 0x0000000624400000| Untracked 
|  56|0x0000000624800000, 0x0000000624800000, 0x0000000624c00000|  0%| F|  |TAMS 0x0000000624800000| PB 0x0000000624800000| Untracked 
|  57|0x0000000624c00000, 0x0000000624c00000, 0x0000000625000000|  0%| F|  |TAMS 0x0000000624c00000| PB 0x0000000624c00000| Untracked 
|  58|0x0000000625000000, 0x0000000625000000, 0x0000000625400000|  0%| F|  |TAMS 0x0000000625000000| PB 0x0000000625000000| Untracked 
|  59|0x0000000625400000, 0x0000000625400000, 0x0000000625800000|  0%| F|  |TAMS 0x0000000625400000| PB 0x0000000625400000| Untracked 
|  60|0x0000000625800000, 0x0000000625800000, 0x0000000625c00000|  0%| F|  |TAMS 0x0000000625800000| PB 0x0000000625800000| Untracked 
|  61|0x0000000625c00000, 0x0000000625c00000, 0x0000000626000000|  0%| F|  |TAMS 0x0000000625c00000| PB 0x0000000625c00000| Untracked 
|  62|0x0000000626000000, 0x0000000626000000, 0x0000000626400000|  0%| F|  |TAMS 0x0000000626000000| PB 0x0000000626000000| Untracked 
|  63|0x0000000626400000, 0x0000000626400000, 0x0000000626800000|  0%| F|  |TAMS 0x0000000626400000| PB 0x0000000626400000| Untracked 
|  64|0x0000000626800000, 0x0000000626800000, 0x0000000626c00000|  0%| F|  |TAMS 0x0000000626800000| PB 0x0000000626800000| Untracked 
|  65|0x0000000626c00000, 0x0000000626c00000, 0x0000000627000000|  0%| F|  |TAMS 0x0000000626c00000| PB 0x0000000626c00000| Untracked 
|  66|0x0000000627000000, 0x0000000627000000, 0x0000000627400000|  0%| F|  |TAMS 0x0000000627000000| PB 0x0000000627000000| Untracked 
|  67|0x0000000627400000, 0x0000000627400000, 0x0000000627800000|  0%| F|  |TAMS 0x0000000627400000| PB 0x0000000627400000| Untracked 
|  68|0x0000000627800000, 0x0000000627800000, 0x0000000627c00000|  0%| F|  |TAMS 0x0000000627800000| PB 0x0000000627800000| Untracked 
|  69|0x0000000627c00000, 0x0000000627c00000, 0x0000000628000000|  0%| F|  |TAMS 0x0000000627c00000| PB 0x0000000627c00000| Untracked 
|  70|0x0000000628000000, 0x0000000628000000, 0x0000000628400000|  0%| F|  |TAMS 0x0000000628000000| PB 0x0000000628000000| Untracked 
|  71|0x0000000628400000, 0x0000000628400000, 0x0000000628800000|  0%| F|  |TAMS 0x0000000628400000| PB 0x0000000628400000| Untracked 
|  72|0x0000000628800000, 0x0000000628800000, 0x0000000628c00000|  0%| F|  |TAMS 0x0000000628800000| PB 0x0000000628800000| Untracked 
|  73|0x0000000628c00000, 0x0000000628c00000, 0x0000000629000000|  0%| F|  |TAMS 0x0000000628c00000| PB 0x0000000628c00000| Untracked 
|  74|0x0000000629000000, 0x0000000629000000, 0x0000000629400000|  0%| F|  |TAMS 0x0000000629000000| PB 0x0000000629000000| Untracked 
|  75|0x0000000629400000, 0x0000000629400000, 0x0000000629800000|  0%| F|  |TAMS 0x0000000629400000| PB 0x0000000629400000| Untracked 
|  76|0x0000000629800000, 0x0000000629800000, 0x0000000629c00000|  0%| F|  |TAMS 0x0000000629800000| PB 0x0000000629800000| Untracked 
|  77|0x0000000629c00000, 0x0000000629c00000, 0x000000062a000000|  0%| F|  |TAMS 0x0000000629c00000| PB 0x0000000629c00000| Untracked 
|  78|0x000000062a000000, 0x000000062a000000, 0x000000062a400000|  0%| F|  |TAMS 0x000000062a000000| PB 0x000000062a000000| Untracked 
|  79|0x000000062a400000, 0x000000062a400000, 0x000000062a800000|  0%| F|  |TAMS 0x000000062a400000| PB 0x000000062a400000| Untracked 
|  80|0x000000062a800000, 0x000000062a800000, 0x000000062ac00000|  0%| F|  |TAMS 0x000000062a800000| PB 0x000000062a800000| Untracked 
|  81|0x000000062ac00000, 0x000000062ac00000, 0x000000062b000000|  0%| F|  |TAMS 0x000000062ac00000| PB 0x000000062ac00000| Untracked 
|  82|0x000000062b000000, 0x000000062b000000, 0x000000062b400000|  0%| F|  |TAMS 0x000000062b000000| PB 0x000000062b000000| Untracked 
|  83|0x000000062b400000, 0x000000062b400000, 0x000000062b800000|  0%| F|  |TAMS 0x000000062b400000| PB 0x000000062b400000| Untracked 
|  84|0x000000062b800000, 0x000000062b800000, 0x000000062bc00000|  0%| F|  |TAMS 0x000000062b800000| PB 0x000000062b800000| Untracked 
|  85|0x000000062bc00000, 0x000000062bc00000, 0x000000062c000000|  0%| F|  |TAMS 0x000000062bc00000| PB 0x000000062bc00000| Untracked 
|  86|0x000000062c000000, 0x000000062c000000, 0x000000062c400000|  0%| F|  |TAMS 0x000000062c000000| PB 0x000000062c000000| Untracked 
|  87|0x000000062c400000, 0x000000062c400000, 0x000000062c800000|  0%| F|  |TAMS 0x000000062c400000| PB 0x000000062c400000| Untracked 
|  88|0x000000062c800000, 0x000000062c800000, 0x000000062cc00000|  0%| F|  |TAMS 0x000000062c800000| PB 0x000000062c800000| Untracked 
|  89|0x000000062cc00000, 0x000000062cc00000, 0x000000062d000000|  0%| F|  |TAMS 0x000000062cc00000| PB 0x000000062cc00000| Untracked 
|  90|0x000000062d000000, 0x000000062d000000, 0x000000062d400000|  0%| F|  |TAMS 0x000000062d000000| PB 0x000000062d000000| Untracked 
|  91|0x000000062d400000, 0x000000062d400000, 0x000000062d800000|  0%| F|  |TAMS 0x000000062d400000| PB 0x000000062d400000| Untracked 
|  92|0x000000062d800000, 0x000000062d800000, 0x000000062dc00000|  0%| F|  |TAMS 0x000000062d800000| PB 0x000000062d800000| Untracked 
|  93|0x000000062dc00000, 0x000000062dc00000, 0x000000062e000000|  0%| F|  |TAMS 0x000000062dc00000| PB 0x000000062dc00000| Untracked 
|  94|0x000000062e000000, 0x000000062e000000, 0x000000062e400000|  0%| F|  |TAMS 0x000000062e000000| PB 0x000000062e000000| Untracked 
|  95|0x000000062e400000, 0x000000062e400000, 0x000000062e800000|  0%| F|  |TAMS 0x000000062e400000| PB 0x000000062e400000| Untracked 
|  96|0x000000062e800000, 0x000000062e800000, 0x000000062ec00000|  0%| F|  |TAMS 0x000000062e800000| PB 0x000000062e800000| Untracked 
|  97|0x000000062ec00000, 0x000000062ec00000, 0x000000062f000000|  0%| F|  |TAMS 0x000000062ec00000| PB 0x000000062ec00000| Untracked 
|  98|0x000000062f000000, 0x000000062f000000, 0x000000062f400000|  0%| F|  |TAMS 0x000000062f000000| PB 0x000000062f000000| Untracked 
|  99|0x000000062f400000, 0x000000062f400000, 0x000000062f800000|  0%| F|  |TAMS 0x000000062f400000| PB 0x000000062f400000| Untracked 
| 100|0x000000062f800000, 0x000000062f800000, 0x000000062fc00000|  0%| F|  |TAMS 0x000000062f800000| PB 0x000000062f800000| Untracked 
| 101|0x000000062fc00000, 0x000000062fc00000, 0x0000000630000000|  0%| F|  |TAMS 0x000000062fc00000| PB 0x000000062fc00000| Untracked 
| 102|0x0000000630000000, 0x0000000630000000, 0x0000000630400000|  0%| F|  |TAMS 0x0000000630000000| PB 0x0000000630000000| Untracked 
| 103|0x0000000630400000, 0x0000000630400000, 0x0000000630800000|  0%| F|  |TAMS 0x0000000630400000| PB 0x0000000630400000| Untracked 
| 104|0x0000000630800000, 0x0000000630800000, 0x0000000630c00000|  0%| F|  |TAMS 0x0000000630800000| PB 0x0000000630800000| Untracked 
| 105|0x0000000630c00000, 0x0000000630c00000, 0x0000000631000000|  0%| F|  |TAMS 0x0000000630c00000| PB 0x0000000630c00000| Untracked 
| 106|0x0000000631000000, 0x0000000631000000, 0x0000000631400000|  0%| F|  |TAMS 0x0000000631000000| PB 0x0000000631000000| Untracked 
| 107|0x0000000631400000, 0x0000000631400000, 0x0000000631800000|  0%| F|  |TAMS 0x0000000631400000| PB 0x0000000631400000| Untracked 
| 108|0x0000000631800000, 0x0000000631800000, 0x0000000631c00000|  0%| F|  |TAMS 0x0000000631800000| PB 0x0000000631800000| Untracked 
| 109|0x0000000631c00000, 0x0000000631c00000, 0x0000000632000000|  0%| F|  |TAMS 0x0000000631c00000| PB 0x0000000631c00000| Untracked 
| 110|0x0000000632000000, 0x0000000632000000, 0x0000000632400000|  0%| F|  |TAMS 0x0000000632000000| PB 0x0000000632000000| Untracked 
| 111|0x0000000632400000, 0x0000000632400000, 0x0000000632800000|  0%| F|  |TAMS 0x0000000632400000| PB 0x0000000632400000| Untracked 
| 112|0x0000000632800000, 0x0000000632800000, 0x0000000632c00000|  0%| F|  |TAMS 0x0000000632800000| PB 0x0000000632800000| Untracked 
| 113|0x0000000632c00000, 0x0000000632c00000, 0x0000000633000000|  0%| F|  |TAMS 0x0000000632c00000| PB 0x0000000632c00000| Untracked 
| 114|0x0000000633000000, 0x0000000633000000, 0x0000000633400000|  0%| F|  |TAMS 0x0000000633000000| PB 0x0000000633000000| Untracked 
| 115|0x0000000633400000, 0x0000000633400000, 0x0000000633800000|  0%| F|  |TAMS 0x0000000633400000| PB 0x0000000633400000| Untracked 
| 116|0x0000000633800000, 0x0000000633800000, 0x0000000633c00000|  0%| F|  |TAMS 0x0000000633800000| PB 0x0000000633800000| Untracked 
| 117|0x0000000633c00000, 0x0000000633c00000, 0x0000000634000000|  0%| F|  |TAMS 0x0000000633c00000| PB 0x0000000633c00000| Untracked 
| 118|0x0000000634000000, 0x0000000634000000, 0x0000000634400000|  0%| F|  |TAMS 0x0000000634000000| PB 0x0000000634000000| Untracked 
| 119|0x0000000634400000, 0x0000000634400000, 0x0000000634800000|  0%| F|  |TAMS 0x0000000634400000| PB 0x0000000634400000| Untracked 
| 120|0x0000000634800000, 0x00000006348f6498, 0x0000000634c00000| 24%| E|  |TAMS 0x0000000634800000| PB 0x0000000634800000| Complete 
| 121|0x0000000634c00000, 0x0000000635000000, 0x0000000635000000|100%| E|CS|TAMS 0x0000000634c00000| PB 0x0000000634c00000| Complete 
| 122|0x0000000635000000, 0x0000000635400000, 0x0000000635400000|100%| E|CS|TAMS 0x0000000635000000| PB 0x0000000635000000| Complete 
|1957|0x00000007ffc00000, 0x00000007ffd079d8, 0x0000000800000000| 25%| O|  |TAMS 0x00000007ffc00000| PB 0x00000007ffc00000| Untracked 

Card table byte_map: [0x00007e4957800000,0x00007e495874c000] _byte_map_base: 0x00007e495474c000

Marking Bits: (CMBitMap*) 0x00007e4970047170
 Bits: [0x00007e494fc00000, 0x00007e4957660000)

Polling page: 0x00007e4978d67000

Metaspace:

Usage:
  Non-class:      3.04 MB used.
      Class:    290.41 KB used.
       Both:      3.33 MB used.

Virtual space:
  Non-class space:       64.00 MB reserved,       3.12 MB (  5%) committed,  1 nodes.
      Class space:        1.00 GB reserved,     384.00 KB ( <1%) committed,  1 nodes.
             Both:        1.06 GB reserved,       3.50 MB ( <1%) committed. 

Chunk freelists:
   Non-Class:  11.00 MB
       Class:  15.61 MB
        Both:  26.61 MB

MaxMetaspaceSize: unlimited
CompressedClassSpaceSize: 1.00 GB
Initial GC threshold: 21.00 MB
Current GC threshold: 21.00 MB
CDS: on
 - commit_granule_bytes: 65536.
 - commit_granule_words: 8192.
 - virtual_space_node_default_size: 8388608.
 - enlarge_chunks_in_place: 1.
 - use_allocation_guard: 0.


Internal statistics:

num_allocs_failed_limit: 0.
num_arena_births: 104.
num_arena_deaths: 0.
num_vsnodes_births: 2.
num_vsnodes_deaths: 0.
num_space_committed: 56.
num_space_uncommitted: 0.
num_chunks_returned_to_freelist: 0.
num_chunks_taken_from_freelist: 180.
num_chunk_merges: 0.
num_chunk_splits: 108.
num_chunks_enlarged: 49.
num_inconsistent_stats: 0.

CodeHeap 'non-profiled nmethods': size=119168Kb used=204Kb max_used=204Kb free=118964Kb
 bounds [0x00007e49603a0000, 0x00007e4960610000, 0x00007e4967800000]
CodeHeap 'profiled nmethods': size=119164Kb used=1028Kb max_used=1028Kb free=118135Kb
 bounds [0x00007e4958800000, 0x00007e4958a70000, 0x00007e495fc5f000]
CodeHeap 'non-nmethods': size=7428Kb used=2134Kb max_used=2142Kb free=5294Kb
 bounds [0x00007e495fc5f000, 0x00007e495fecf000, 0x00007e49603a0000]
 total_blobs=1301 nmethods=697 adapters=509
 compilation: enabled
              stopped_count=0, restarted_count=0
 full_count=0

Compilation events (20 events):
Event: 0.357 Thread 0x00007e4970142ff0 nmethod 684 0x00007e49588fe190 code [0x00007e49588fe340, 0x00007e49588fe640]
Event: 0.357 Thread 0x00007e4970142ff0  685       3       java.lang.ClassLoader::findLoadedClass (15 bytes)
Event: 0.357 Thread 0x00007e48b4076a90 nmethod 689 0x00007e49588fe790 code [0x00007e49588fe940, 0x00007e49588febb0]
Event: 0.357 Thread 0x00007e48b4076a90  687       3       jdk.internal.loader.BuiltinClassLoader::findLoadedModule (33 bytes)
Event: 0.357 Thread 0x00007e4970142ff0 nmethod 685 0x00007e49588fed10 code [0x00007e49588feec0, 0x00007e49588ff0b8]
Event: 0.357 Thread 0x00007e4970142ff0  690       1       jdk.internal.loader.URLClassPath$Loader::getBaseURL (5 bytes)
Event: 0.357 Thread 0x00007e4970142ff0 nmethod 690 0x00007e49603d2190 code [0x00007e49603d2320, 0x00007e49603d23e8]
Event: 0.357 Thread 0x00007e48b4076a90 nmethod 687 0x00007e49588ff190 code [0x00007e49588ff3a0, 0x00007e49588ff9f8]
Event: 0.358 Thread 0x00007e48b4076a90  691       3       java.util.jar.JarFile::maybeInstantiateVerifier (42 bytes)
Event: 0.358 Thread 0x00007e4970142ff0  692       1       java.net.URLStreamHandler::getDefaultPort (2 bytes)
Event: 0.358 Thread 0x00007e4970142ff0 nmethod 692 0x00007e49603d2490 code [0x00007e49603d2620, 0x00007e49603d26e0]
Event: 0.358 Thread 0x00007e48b4076a90 nmethod 691 0x00007e49588ffc90 code [0x00007e49588ffe60, 0x00007e49589001d0]
Event: 0.358 Thread 0x00007e48b4076a90  693       3       jdk.internal.ref.CleanerFactory::cleaner (4 bytes)
Event: 0.358 Thread 0x00007e48b4076a90 nmethod 693 0x00007e4958900310 code [0x00007e49589004a0, 0x00007e4958900590]
Event: 0.360 Thread 0x00007e4970141920  694       4       java.lang.invoke.MethodType::parameterCount (6 bytes)
Event: 0.360 Thread 0x00007e4970141920 nmethod 694 0x00007e49603d2790 code [0x00007e49603d2900, 0x00007e49603d29a8]
Event: 0.361 Thread 0x00007e48b4076a90  696       3       java.lang.String::indexOf (64 bytes)
Event: 0.361 Thread 0x00007e4970142ff0  697       3       java.lang.StringLatin1::indexOf (25 bytes)
Event: 0.361 Thread 0x00007e4970142ff0 nmethod 697 0x00007e4958900610 code [0x00007e49589007c0, 0x00007e49589009d0]
Event: 0.362 Thread 0x00007e48b4076a90 nmethod 696 0x00007e4958900a90 code [0x00007e4958900ca0, 0x00007e4958901188]

GC Heap History (0 events):
No events

Dll operation events (11 events):
Event: 0.002 Loaded shared library /usr/lib/jvm/java-21-openjdk-amd64/lib/libjava.so
Event: 0.024 Loaded shared library /usr/lib/jvm/java-21-openjdk-amd64/lib/libjsvml.so
Event: 0.026 Loaded shared library /usr/lib/jvm/java-21-openjdk-amd64/lib/libnio.so
Event: 0.075 Loaded shared library /usr/lib/jvm/java-21-openjdk-amd64/lib/libzip.so
Event: 0.102 Loaded shared library /usr/lib/jvm/java-21-openjdk-amd64/lib/libjimage.so
Event: 0.142 Loaded shared library /tmp/libJCublas2-12.0.0-linux-x86_64.so
Event: 0.251 Loaded shared library /tmp/libJCudaRuntime-12.0.0-linux-x86_64.so
Event: 0.270 Loaded shared library /usr/lib/jvm/java-21-openjdk-amd64/lib/libawt.so
Event: 0.273 Loaded shared library /usr/lib/jvm/java-21-openjdk-amd64/lib/libawt_xawt.so
Event: 0.303 Loaded shared library /usr/lib/jvm/java-21-openjdk-amd64/lib/libjavajpeg.so
Event: 0.352 Loaded shared library /tmp/libJCudaDriver-12.0.0-linux-x86_64.so

Deoptimization events (20 events):
Event: 0.264 Thread 0x00007e497001b980 DEOPT PACKING pc=0x00007e49603b1060 sp=0x00007e49773fcda0
Event: 0.264 Thread 0x00007e497001b980 DEOPT UNPACKING pc=0x00007e495fcb2f99 sp=0x00007e49773fcd68 mode 2
Event: 0.271 Thread 0x00007e497001b980 Uncommon trap: trap_request=0xffffff45 fr.pc=0x00007e49603b3aec relative=0x00000000000001cc
Event: 0.271 Thread 0x00007e497001b980 Uncommon trap: reason=unstable_if action=reinterpret pc=0x00007e49603b3aec method=jdk.internal.util.ArraysSupport.vectorizedHashCode(Ljava/lang/Object;IIII)I @ 2 c2
Event: 0.271 Thread 0x00007e497001b980 DEOPT PACKING pc=0x00007e49603b3aec sp=0x00007e49773fa820
Event: 0.271 Thread 0x00007e497001b980 DEOPT UNPACKING pc=0x00007e495fcb2f99 sp=0x00007e49773fa810 mode 2
Event: 0.351 Thread 0x00007e497001b980 DEOPT PACKING pc=0x00007e49588161d9 sp=0x00007e49773fd2f0
Event: 0.351 Thread 0x00007e497001b980 DEOPT UNPACKING pc=0x00007e495fcb372f sp=0x00007e49773fc730 mode 0
Event: 0.360 Thread 0x00007e497001b980 Uncommon trap: trap_request=0xffffffc6 fr.pc=0x00007e49603affd8 relative=0x0000000000000e18
Event: 0.360 Thread 0x00007e497001b980 Uncommon trap: reason=bimorphic_or_optimized_type_check action=maybe_recompile pc=0x00007e49603affd8 method=java.util.HashMap.putVal(ILjava/lang/Object;Ljava/lang/Object;ZZ)Ljava/lang/Object; @ 56 c2
Event: 0.360 Thread 0x00007e497001b980 DEOPT PACKING pc=0x00007e49603affd8 sp=0x00007e49773fe4e0
Event: 0.360 Thread 0x00007e497001b980 DEOPT UNPACKING pc=0x00007e495fcb2f99 sp=0x00007e49773fe488 mode 2
Event: 0.362 Thread 0x00007e497001b980 Uncommon trap: trap_request=0xffffffc6 fr.pc=0x00007e49603affd8 relative=0x0000000000000e18
Event: 0.362 Thread 0x00007e497001b980 Uncommon trap: reason=bimorphic_or_optimized_type_check action=maybe_recompile pc=0x00007e49603affd8 method=java.util.HashMap.putVal(ILjava/lang/Object;Ljava/lang/Object;ZZ)Ljava/lang/Object; @ 56 c2
Event: 0.362 Thread 0x00007e497001b980 DEOPT PACKING pc=0x00007e49603affd8 sp=0x00007e49773fe260
Event: 0.362 Thread 0x00007e497001b980 DEOPT UNPACKING pc=0x00007e495fcb2f99 sp=0x00007e49773fe208 mode 2
Event: 0.363 Thread 0x00007e497001b980 Uncommon trap: trap_request=0xffffffc6 fr.pc=0x00007e49603affd8 relative=0x0000000000000e18
Event: 0.363 Thread 0x00007e497001b980 Uncommon trap: reason=bimorphic_or_optimized_type_check action=maybe_recompile pc=0x00007e49603affd8 method=java.util.HashMap.putVal(ILjava/lang/Object;Ljava/lang/Object;ZZ)Ljava/lang/Object; @ 56 c2
Event: 0.363 Thread 0x00007e497001b980 DEOPT PACKING pc=0x00007e49603affd8 sp=0x00007e49773fe440
Event: 0.363 Thread 0x00007e497001b980 DEOPT UNPACKING pc=0x00007e495fcb2f99 sp=0x00007e49773fe3e8 mode 2

Classes loaded (20 events):
Event: 0.313 Loading class java/util/stream/MatchOps$MatchKind
Event: 0.313 Loading class java/util/stream/MatchOps$MatchKind done
Event: 0.313 Loading class java/util/stream/MatchOps
Event: 0.313 Loading class java/util/stream/MatchOps done
Event: 0.313 Loading class java/util/stream/MatchOps$MatchOp
Event: 0.313 Loading class java/util/stream/MatchOps$MatchOp done
Event: 0.313 Loading class java/util/stream/MatchOps$BooleanTerminalSink
Event: 0.313 Loading class java/util/stream/MatchOps$BooleanTerminalSink done
Event: 0.314 Loading class java/util/stream/MatchOps$2MatchSink
Event: 0.314 Loading class java/util/stream/MatchOps$2MatchSink done
Event: 0.314 Loading class java/util/stream/MatchOps$1MatchSink
Event: 0.314 Loading class java/util/stream/MatchOps$1MatchSink done
Event: 0.315 Loading class java/nio/HeapDoubleBuffer
Event: 0.315 Loading class java/nio/HeapDoubleBuffer done
Event: 0.333 Loading class java/awt/Dimension
Event: 0.333 Loading class java/awt/geom/Dimension2D
Event: 0.333 Loading class java/awt/geom/Dimension2D done
Event: 0.333 Loading class java/awt/Dimension done
Event: 0.360 Loading class java/nio/HeapIntBuffer
Event: 0.360 Loading class java/nio/HeapIntBuffer done

Classes unloaded (0 events):
No events

Classes redefined (0 events):
No events

Internal exceptions (13 events):
Event: 0.049 Thread 0x00007e497001b980 Exception <a 'sun/nio/fs/UnixException'{0x0000000635070ea8}> (0x0000000635070ea8) 
thrown [./src/hotspot/share/prims/jni.cpp, line 520]
Event: 0.049 Thread 0x00007e497001b980 Exception <a 'sun/nio/fs/UnixException'{0x00000006350715e8}> (0x00000006350715e8) 
thrown [./src/hotspot/share/prims/jni.cpp, line 520]
Event: 0.049 Thread 0x00007e497001b980 Exception <a 'sun/nio/fs/UnixException'{0x0000000635071e18}> (0x0000000635071e18) 
thrown [./src/hotspot/share/prims/jni.cpp, line 520]
Event: 0.049 Thread 0x00007e497001b980 Exception <a 'sun/nio/fs/UnixException'{0x0000000635072410}> (0x0000000635072410) 
thrown [./src/hotspot/share/prims/jni.cpp, line 520]
Event: 0.049 Thread 0x00007e497001b980 Exception <a 'sun/nio/fs/UnixException'{0x00000006350729e0}> (0x00000006350729e0) 
thrown [./src/hotspot/share/prims/jni.cpp, line 520]
Event: 0.049 Thread 0x00007e497001b980 Exception <a 'sun/nio/fs/UnixException'{0x0000000635072fc0}> (0x0000000635072fc0) 
thrown [./src/hotspot/share/prims/jni.cpp, line 520]
Event: 0.049 Thread 0x00007e497001b980 Exception <a 'sun/nio/fs/UnixException'{0x0000000635073810}> (0x0000000635073810) 
thrown [./src/hotspot/share/prims/jni.cpp, line 520]
Event: 0.258 Thread 0x00007e497001b980 Exception <a 'java/lang/NoSuchMethodError'{0x0000000634cd2998}: 'void java.lang.invoke.DirectMethodHandle$Holder.invokeStatic(java.lang.Object, java.lang.Object)'> (0x0000000634cd2998) 
thrown [./src/hotspot/share/interpreter/linkResolver.cpp, line 772]
Event: 0.264 Thread 0x00007e497001b980 Implicit null exception at 0x00007e49603b0ee3 to 0x00007e49603b1050
Event: 0.267 Thread 0x00007e497001b980 Exception <a 'java/lang/ClassNotFoundException'{0x0000000634ce7080}: sun/awt/resources/spi/awtProvider> (0x0000000634ce7080) 
thrown [./src/hotspot/share/classfile/systemDictionary.cpp, line 312]
Event: 0.281 Thread 0x00007e497001b980 Exception <a 'java/io/FileNotFoundException'{0x0000000634db5010}> (0x0000000634db5010) 
thrown [./src/hotspot/share/prims/jni.cpp, line 520]
Event: 0.318 Thread 0x00007e497001b980 Exception <a 'java/lang/NoSuchMethodError'{0x0000000634f61828}: 'java.lang.Object java.lang.invoke.DirectMethodHandle$Holder.invokeStatic(java.lang.Object, java.lang.Object, int)'> (0x0000000634f61828) 
thrown [./src/hotspot/share/interpreter/linkResolver.cpp, line 772]
Event: 0.341 Thread 0x00007e497001b980 Exception <a 'java/lang/NoSuchMethodError'{0x0000000634fce1d0}: 'java.lang.Object java.lang.invoke.DirectMethodHandle$Holder.newInvokeSpecial(java.lang.Object, java.lang.Object, int)'> (0x0000000634fce1d0) 
thrown [./src/hotspot/share/interpreter/linkResolver.cpp, line 772]

ZGC Phase Switch (0 events):
No events

VM Operations (20 events):
Event: 0.050 Executing VM operation: HandshakeAllThreads (Deoptimize)
Event: 0.051 Executing VM operation: HandshakeAllThreads (Deoptimize) done
Event: 0.086 Executing VM operation: ChangeBreakpoints
Event: 0.086 Executing VM operation: ChangeBreakpoints done
Event: 0.086 Executing VM operation: ChangeBreakpoints
Event: 0.086 Executing VM operation: ChangeBreakpoints done
Event: 0.261 Executing VM operation: HandshakeAllThreads (Deoptimize)
Event: 0.261 Executing VM operation: HandshakeAllThreads (Deoptimize) done
Event: 0.264 Executing VM operation: HandshakeAllThreads (Deoptimize)
Event: 0.264 Executing VM operation: HandshakeAllThreads (Deoptimize) done
Event: 0.288 Executing VM operation: ChangeBreakpoints
Event: 0.288 Executing VM operation: ChangeBreakpoints done
Event: 0.288 Executing VM operation: ChangeBreakpoints
Event: 0.288 Executing VM operation: ChangeBreakpoints done
Event: 1.288 Executing VM operation: Cleanup
Event: 1.289 Executing VM operation: Cleanup done
Event: 3.979 Executing VM operation: ChangeSingleStep
Event: 3.979 Executing VM operation: ChangeSingleStep done
Event: 3.980 Executing VM operation: ChangeSingleStep
Event: 3.980 Executing VM operation: ChangeSingleStep done

Memory protections (18 events):
Event: 0.002 Protecting memory [0x00007e4977300000,0x00007e4977304000] with protection modes 0
Event: 0.023 Protecting memory [0x00007e494cb00000,0x00007e494cb04000] with protection modes 0
Event: 0.023 Protecting memory [0x00007e494ca00000,0x00007e494ca04000] with protection modes 0
Event: 0.023 Protecting memory [0x00007e494c900000,0x00007e494c904000] with protection modes 0
Event: 0.023 Protecting memory [0x00007e494c800000,0x00007e494c804000] with protection modes 0
Event: 0.023 Protecting memory [0x00007e494c700000,0x00007e494c704000] with protection modes 0
Event: 0.023 Protecting memory [0x00007e494c600000,0x00007e494c604000] with protection modes 0
Event: 0.023 Protecting memory [0x00007e494c500000,0x00007e494c504000] with protection modes 0
Event: 0.040 Protecting memory [0x00007e494c400000,0x00007e494c404000] with protection modes 0
Event: 0.046 Protecting memory [0x00007e494c300000,0x00007e494c304000] with protection modes 0
Event: 0.060 Protecting memory [0x00007e494c200000,0x00007e494c204000] with protection modes 0
Event: 0.060 Protecting memory [0x00007e494c100000,0x00007e494c104000] with protection modes 0
Event: 0.060 Protecting memory [0x00007e494c000000,0x00007e494c004000] with protection modes 0
Event: 0.070 Protecting memory [0x00007e4947f00000,0x00007e4947f04000] with protection modes 0
Event: 0.080 Protecting memory [0x00007e4947e00000,0x00007e4947e04000] with protection modes 0
Event: 0.080 Protecting memory [0x00007e4947d00000,0x00007e4947d04000] with protection modes 0
Event: 0.260 Protecting memory [0x00007e4947e00000,0x00007e4947e04000] with protection modes 0
Event: 0.301 Protecting memory [0x00007e4947d00000,0x00007e4947d04000] with protection modes 0

Nmethod flushes (0 events):
No events

Events (20 events):
Event: 0.016 Thread 0x00007e497001b980 Thread added: 0x00007e497001b980
Event: 0.022 Thread 0x00007e497001b980 Thread added: 0x00007e497013a1f0
Event: 0.023 Thread 0x00007e497001b980 Thread added: 0x00007e497013b680
Event: 0.023 Thread 0x00007e497001b980 Thread added: 0x00007e497013d150
Event: 0.023 Thread 0x00007e497001b980 Thread added: 0x00007e497013e7a0
Event: 0.023 Thread 0x00007e497001b980 Thread added: 0x00007e497013fd50
Event: 0.023 Thread 0x00007e497001b980 Thread added: 0x00007e4970141920
Event: 0.023 Thread 0x00007e497001b980 Thread added: 0x00007e4970142ff0
Event: 0.039 Thread 0x00007e497001b980 Thread added: 0x00007e4970162150
Event: 0.046 Thread 0x00007e4970142ff0 Thread added: 0x00007e48b4076a90
Event: 0.060 Thread 0x00007e497001b980 Thread added: 0x00007e49701a5670
Event: 0.060 Thread 0x00007e497001b980 Thread added: 0x00007e49701bcde0
Event: 0.060 Thread 0x00007e49701a5670 Thread added: 0x00007e48a0001110
Event: 0.070 Thread 0x00007e497001b980 Thread added: 0x00007e49701be0a0
Event: 0.080 Thread 0x00007e4970141920 Thread added: 0x00007e48b80f7560
Event: 0.080 Thread 0x00007e4970141920 Thread added: 0x00007e48b8110800
Event: 0.247 Thread 0x00007e48b8110800 Thread exited: 0x00007e48b8110800
Event: 0.248 Thread 0x00007e48b80f7560 Thread exited: 0x00007e48b80f7560
Event: 0.260 Thread 0x00007e497001b980 Thread added: 0x00007e4971537990
Event: 0.301 Thread 0x00007e497001b980 Thread added: 0x00007e49715700b0


Dynamic libraries:
200000000-200200000 ---p 00000000 00:00 0 
200200000-200400000 rw-s 00000000 00:05 1111                             /dev/nvidia0
200400000-203400000 rw-s 00000000 00:05 1110                             /dev/nvidiactl
203400000-204400000 ---p 00000000 00:00 0 
204400000-204600000 rw-s 00000000 00:05 1110                             /dev/nvidiactl
204600000-204800000 rw-s 00000000 00:05 1110                             /dev/nvidiactl
204800000-204a00000 rw-s 00000000 00:05 1110                             /dev/nvidiactl
204a00000-204c00000 rw-s 204a00000 00:05 1112                            /dev/nvidia-uvm
204c00000-204e00000 rw-s 00000000 00:05 1110                             /dev/nvidiactl
204e00000-205000000 ---p 00000000 00:00 0 
205000000-205200000 rw-s 00000000 00:05 1110                             /dev/nvidiactl
205200000-300200000 ---p 00000000 00:00 0 
616800000-635400000 rw-p 00000000 00:00 0 
635400000-7ffc00000 ---p 00000000 00:00 0 
7ffc00000-7ffd08000 rw-p 00ced000 103:02 17172987                        /usr/lib/jvm/java-21-openjdk-amd64/lib/server/classes.jsa
7ffd08000-800000000 rw-p 00000000 00:00 0 
10000000000-10004000000 ---p 00000000 00:00 0 
56a8dfbef000-56a8dfbf0000 r--p 00000000 103:02 17172834                  /usr/lib/jvm/java-21-openjdk-amd64/bin/java
56a8dfbf0000-56a8dfbf1000 r-xp 00001000 103:02 17172834                  /usr/lib/jvm/java-21-openjdk-amd64/bin/java
56a8dfbf1000-56a8dfbf2000 r--p 00002000 103:02 17172834                  /usr/lib/jvm/java-21-openjdk-amd64/bin/java
56a8dfbf2000-56a8dfbf3000 r--p 00002000 103:02 17172834                  /usr/lib/jvm/java-21-openjdk-amd64/bin/java
56a8dfbf3000-56a8dfbf4000 rw-p 00003000 103:02 17172834                  /usr/lib/jvm/java-21-openjdk-amd64/bin/java
56a8e02f9000-56a8e0341000 rw-p 00000000 00:00 0                          [heap]
7e4826000000-7e482e000000 ---p 00000000 00:00 0 
7e4830000000-7e4832000000 ---p 00000000 00:00 0 
7e4834000000-7e4834400000 ---p 00000000 00:00 0 
7e4834400000-7e4834600000 rw-s 00000000 00:05 1110                       /dev/nvidiactl
7e4834600000-7e4834800000 rw-s 00000000 00:01 10657                      /dev/zero (deleted)
7e4834800000-7e4834a00000 rw-s 00000000 00:01 10658                      /dev/zero (deleted)
7e4834a00000-7e4835000000 ---p 00000000 00:00 0 
7e4835000000-7e4835200000 rw-s 00000000 00:05 1110                       /dev/nvidiactl
7e4835200000-7e4835400000 ---p 00000000 00:00 0 
7e4835400000-7e4835600000 rw-s 00000000 00:01 10660                      /dev/zero (deleted)
7e4835600000-7e4835b33000 rw-s 00000000 00:05 1110                       /dev/nvidiactl
7e4835b33000-7e4836000000 ---p 00000000 00:00 0 
7e4838000000-7e4838021000 rw-p 00000000 00:00 0 
7e4838021000-7e483c000000 ---p 00000000 00:00 0 
7e4840000000-7e4850000000 ---p 00000000 00:00 0 
7e4852000000-7e4858000000 ---p 00000000 00:00 0 
7e4858000000-7e4858021000 rw-p 00000000 00:00 0 
7e4858021000-7e485c000000 ---p 00000000 00:00 0 
7e485c200000-7e4879463000 r-xp 00000000 103:02 16524125                  /usr/lib/x86_64-linux-gnu/libcublasLt.so.12.0.2.224
7e4879463000-7e4879663000 ---p 1d263000 103:02 16524125                  /usr/lib/x86_64-linux-gnu/libcublasLt.so.12.0.2.224
7e4879663000-7e4879893000 r--p 1d263000 103:02 16524125                  /usr/lib/x86_64-linux-gnu/libcublasLt.so.12.0.2.224
7e4879893000-7e487a827000 rw-p 1d493000 103:02 16524125                  /usr/lib/x86_64-linux-gnu/libcublasLt.so.12.0.2.224
7e487a827000-7e487d00f000 rw-p 00000000 00:00 0 
7e487d400000-7e4883a67000 r-xp 00000000 103:02 16524127                  /usr/lib/x86_64-linux-gnu/libcublas.so.12.0.2.224
7e4883a67000-7e4883c67000 ---p 06667000 103:02 16524127                  /usr/lib/x86_64-linux-gnu/libcublas.so.12.0.2.224
7e4883c67000-7e4883c6e000 r--p 06667000 103:02 16524127                  /usr/lib/x86_64-linux-gnu/libcublas.so.12.0.2.224
7e4883c6e000-7e4883c75000 rw-p 0666e000 103:02 16524127                  /usr/lib/x86_64-linux-gnu/libcublas.so.12.0.2.224
7e4883c75000-7e4883c7d000 rw-p 00000000 00:00 0 
7e4884000000-7e4884040000 rw-p 00000000 00:00 0 
7e4884040000-7e4888000000 ---p 00000000 00:00 0 
7e4888000000-7e4888021000 rw-p 00000000 00:00 0 
7e4888021000-7e488c000000 ---p 00000000 00:00 0 
7e4890000000-7e4890021000 rw-p 00000000 00:00 0 
7e4890021000-7e4894000000 ---p 00000000 00:00 0 
7e4894000000-7e4894021000 rw-p 00000000 00:00 0 
7e4894021000-7e4898000000 ---p 00000000 00:00 0 
7e489c000000-7e489c021000 rw-p 00000000 00:00 0 
7e489c021000-7e48a0000000 ---p 00000000 00:00 0 
7e48a0000000-7e48a0022000 rw-p 00000000 00:00 0 
7e48a0022000-7e48a4000000 ---p 00000000 00:00 0 
7e48a8000000-7e48a8080000 rw-p 00000000 00:00 0 
7e48a8080000-7e48ac000000 ---p 00000000 00:00 0 
7e48ac000000-7e48ac021000 rw-p 00000000 00:00 0 
7e48ac021000-7e48b0000000 ---p 00000000 00:00 0 
7e48b4000000-7e48b412f000 rw-p 00000000 00:00 0 
7e48b412f000-7e48b8000000 ---p 00000000 00:00 0 
7e48b8000000-7e48b8149000 rw-p 00000000 00:00 0 
7e48b8149000-7e48bc000000 ---p 00000000 00:00 0 
7e48c0000000-7e48c0021000 rw-p 00000000 00:00 0 
7e48c0021000-7e48c4000000 ---p 00000000 00:00 0 
7e48c4000000-7e48c4021000 rw-p 00000000 00:00 0 
7e48c4021000-7e48c8000000 ---p 00000000 00:00 0 
7e48cc000000-7e48cc021000 rw-p 00000000 00:00 0 
7e48cc021000-7e48d0000000 ---p 00000000 00:00 0 
7e48d0000000-7e48d0021000 rw-p 00000000 00:00 0 
7e48d0021000-7e48d4000000 ---p 00000000 00:00 0 
7e48d8000000-7e48d8021000 rw-p 00000000 00:00 0 
7e48d8021000-7e48dc000000 ---p 00000000 00:00 0 
7e48dc000000-7e48dc021000 rw-p 00000000 00:00 0 
7e48dc021000-7e48e0000000 ---p 00000000 00:00 0 
7e48e3000000-7e48e32dc000 rw-p 00000000 00:00 0 
7e48e3400000-7e48e34e4000 r-xp 00000000 103:02 18219091                  /tmp/libJCudaDriver-12.0.0-linux-x86_64.so
7e48e34e4000-7e48e36e4000 ---p 000e4000 103:02 18219091                  /tmp/libJCudaDriver-12.0.0-linux-x86_64.so
7e48e36e4000-7e48e36e9000 r--p 000e4000 103:02 18219091                  /tmp/libJCudaDriver-12.0.0-linux-x86_64.so
7e48e36e9000-7e48e36eb000 rw-p 000e9000 103:02 18219091                  /tmp/libJCudaDriver-12.0.0-linux-x86_64.so
7e48e36eb000-7e48e36ed000 rw-p 00000000 00:00 0 
7e48e3a00000-7e48e3ac7000 r-xp 00000000 103:02 18219090                  /tmp/libJCudaRuntime-12.0.0-linux-x86_64.so
7e48e3ac7000-7e48e3cc7000 ---p 000c7000 103:02 18219090                  /tmp/libJCudaRuntime-12.0.0-linux-x86_64.so
7e48e3cc7000-7e48e3ccc000 r--p 000c7000 103:02 18219090                  /tmp/libJCudaRuntime-12.0.0-linux-x86_64.so
7e48e3ccc000-7e48e3ccd000 rw-p 000cc000 103:02 18219090                  /tmp/libJCudaRuntime-12.0.0-linux-x86_64.so
7e48e3ccd000-7e48e3ccf000 rw-p 00000000 00:00 0 
7e48e4000000-7e48e4220000 rw-p 00000000 00:00 0 
7e48e4220000-7e48e4400000 ---p 00000000 00:00 0 
7e48e4400000-7e48e4500000 rw-p 00000000 00:00 0 
7e48e4500000-7e48e8000000 ---p 00000000 00:00 0 
7e48e8000000-7e48e8021000 rw-p 00000000 00:00 0 
7e48e8021000-7e48ec000000 ---p 00000000 00:00 0 
7e48ec200000-7e48ec201000 ---p 00000000 00:00 0 
7e48ec201000-7e48eca01000 rw-p 00000000 00:00 0 
7e48ecc00000-7e48ecc01000 rw-s 00000000 00:05 1110                       /dev/nvidiactl
7e48ecc01000-7e48ecc02000 rw-s 00000000 00:05 1110                       /dev/nvidiactl
7e48ecc02000-7e48ecc03000 rw-s 00000000 00:05 1110                       /dev/nvidiactl
7e48ecc03000-7e48ecc04000 rw-s 00000000 00:05 1110                       /dev/nvidiactl
7e48ecc04000-7e48ecc05000 rw-s 00000000 00:05 1110                       /dev/nvidiactl
7e48ecc05000-7e48ecc06000 rw-s 00000000 00:05 1110                       /dev/nvidiactl
7e48ecc06000-7e48ecc07000 rw-s 00000000 00:05 1110                       /dev/nvidiactl
7e48ecc07000-7e48ecc08000 rw-s 00000000 00:05 1110                       /dev/nvidiactl
7e48ecc08000-7e48ecc09000 rw-s 00000000 00:05 1110                       /dev/nvidiactl
7e48ecc09000-7e48ecc0a000 rw-s 00000000 00:05 1110                       /dev/nvidiactl
7e48ecc0a000-7e48ecc0b000 rw-s 00000000 00:05 1110                       /dev/nvidiactl
7e48ecc0b000-7e48ecc0c000 rw-s 00000000 00:05 1110                       /dev/nvidiactl
7e48ecc0c000-7e48ecc0d000 rw-s 00000000 00:05 1110                       /dev/nvidiactl
7e48ecc0d000-7e48ecc0e000 rw-s 00000000 00:05 1110                       /dev/nvidiactl
7e48ecc0e000-7e48ecc0f000 rw-s 00000000 00:05 1110                       /dev/nvidiactl
7e48ecc0f000-7e48ecc10000 rw-s 00000000 00:05 1110                       /dev/nvidiactl
7e48ecc10000-7e48edc21000 ---p 00000000 00:00 0 
7e48ede00000-7e48eee21000 ---p 00000000 00:00 0 
7e48ef000000-7e48efcae000 rw-p 00001000 103:02 17172987                  /usr/lib/jvm/java-21-openjdk-amd64/lib/server/classes.jsa
7e48efcae000-7e48f0000000 ---p 00000000 00:00 0 
7e48f0000000-7e48f0030000 rw-p 00000000 00:00 0 
7e48f0030000-7e48f0040000 ---p 00000000 00:00 0 
7e48f0040000-7e48f0070000 rw-p 00000000 00:00 0 
7e48f0070000-7e4930000000 ---p 00000000 00:00 0 
7e4930000000-7e4930021000 rw-p 00000000 00:00 0 
7e4930021000-7e4934000000 ---p 00000000 00:00 0 
7e4934000000-7e4934021000 rw-p 00000000 00:00 0 
7e4934021000-7e4938000000 ---p 00000000 00:00 0 
7e4938400000-7e493b17c000 r-xp 00000000 103:02 16526206                  /usr/lib/x86_64-linux-gnu/libnvrtc.so.12.0.140
7e493b17c000-7e493b37c000 ---p 02d7c000 103:02 16526206                  /usr/lib/x86_64-linux-gnu/libnvrtc.so.12.0.140
7e493b37c000-7e493ba4f000 r--p 02d7c000 103:02 16526206                  /usr/lib/x86_64-linux-gnu/libnvrtc.so.12.0.140
7e493ba4f000-7e493bb1b000 rw-p 0344f000 103:02 16526206                  /usr/lib/x86_64-linux-gnu/libnvrtc.so.12.0.140
7e493bb1b000-7e493bc1c000 rw-p 00000000 00:00 0 
7e493c000000-7e493c021000 rw-p 00000000 00:00 0 
7e493c021000-7e4940000000 ---p 00000000 00:00 0 
7e4940000000-7e4940021000 rw-p 00000000 00:00 0 
7e4940021000-7e4944000000 ---p 00000000 00:00 0 
7e4944200000-7e4944201000 ---p 00000000 00:00 0 
7e4944201000-7e4944a01000 rw-p 00000000 00:00 0 
7e4944ac3000-7e4944adc000 r--p 00000000 103:02 16530316                  /usr/lib/x86_64-linux-gnu/libX11.so.6.4.0
7e4944adc000-7e4944b6c000 r-xp 00019000 103:02 16530316                  /usr/lib/x86_64-linux-gnu/libX11.so.6.4.0
7e4944b6c000-7e4944bfb000 r--p 000a9000 103:02 16530316                  /usr/lib/x86_64-linux-gnu/libX11.so.6.4.0
7e4944bfb000-7e4944bfc000 r--p 00138000 103:02 16530316                  /usr/lib/x86_64-linux-gnu/libX11.so.6.4.0
7e4944bfc000-7e4944c00000 rw-p 00139000 103:02 16530316                  /usr/lib/x86_64-linux-gnu/libX11.so.6.4.0
7e4944c00000-7e4944e5a000 rw-p 00000000 00:00 0 
7e4944e67000-7e4944e6b000 r--p 00000000 103:02 16530777                  /usr/lib/x86_64-linux-gnu/libjpeg.so.8.2.2
7e4944e6b000-7e4944eb8000 r-xp 00004000 103:02 16530777                  /usr/lib/x86_64-linux-gnu/libjpeg.so.8.2.2
7e4944eb8000-7e4944ee8000 r--p 00051000 103:02 16530777                  /usr/lib/x86_64-linux-gnu/libjpeg.so.8.2.2
7e4944ee8000-7e4944ee9000 r--p 00081000 103:02 16530777                  /usr/lib/x86_64-linux-gnu/libjpeg.so.8.2.2
7e4944ee9000-7e4944eea000 rw-p 00082000 103:02 16530777                  /usr/lib/x86_64-linux-gnu/libjpeg.so.8.2.2
7e4944efe000-7e4944f00000 r--p 00000000 103:02 16530828                  /usr/lib/x86_64-linux-gnu/libmd.so.0.1.0
7e4944f00000-7e4944f09000 r-xp 00002000 103:02 16530828                  /usr/lib/x86_64-linux-gnu/libmd.so.0.1.0
7e4944f09000-7e4944f0b000 r--p 0000b000 103:02 16530828                  /usr/lib/x86_64-linux-gnu/libmd.so.0.1.0
7e4944f0b000-7e4944f0c000 r--p 0000c000 103:02 16530828                  /usr/lib/x86_64-linux-gnu/libmd.so.0.1.0
7e4944f0c000-7e4944f0d000 rw-p 0000d000 103:02 16530828                  /usr/lib/x86_64-linux-gnu/libmd.so.0.1.0
7e4944f0d000-7e4944f2b000 r--p 00000000 103:02 17172951                  /usr/lib/jvm/java-21-openjdk-amd64/lib/libawt.so
7e4944f2b000-7e4944fc2000 r-xp 0001e000 103:02 17172951                  /usr/lib/jvm/java-21-openjdk-amd64/lib/libawt.so
7e4944fc2000-7e4944fcf000 r--p 000b5000 103:02 17172951                  /usr/lib/jvm/java-21-openjdk-amd64/lib/libawt.so
7e4944fcf000-7e4944fd0000 r--p 000c1000 103:02 17172951                  /usr/lib/jvm/java-21-openjdk-amd64/lib/libawt.so
7e4944fd0000-7e4944fdb000 rw-p 000c2000 103:02 17172951                  /usr/lib/jvm/java-21-openjdk-amd64/lib/libawt.so
7e4944fdb000-7e4945000000 rw-p 00000000 00:00 0 
7e4945000000-7e4945001000 ---p 00000000 00:00 0 
7e4945001000-7e4945801000 rw-p 00000000 00:00 0 
7e4945805000-7e4945809000 r--p 00000000 103:02 16530470                  /usr/lib/x86_64-linux-gnu/libbsd.so.0.12.1
7e4945809000-7e4945815000 r-xp 00004000 103:02 16530470                  /usr/lib/x86_64-linux-gnu/libbsd.so.0.12.1
7e4945815000-7e4945818000 r--p 00010000 103:02 16530470                  /usr/lib/x86_64-linux-gnu/libbsd.so.0.12.1
7e4945818000-7e4945819000 r--p 00012000 103:02 16530470                  /usr/lib/x86_64-linux-gnu/libbsd.so.0.12.1
7e4945819000-7e494581a000 rw-p 00013000 103:02 16530470                  /usr/lib/x86_64-linux-gnu/libbsd.so.0.12.1
7e494581a000-7e494581b000 rw-p 00000000 00:00 0 
7e494581b000-7e4945826000 r--p 00000000 103:02 16531187                  /usr/lib/x86_64-linux-gnu/libxcb.so.1.1.0
7e4945826000-7e4945839000 r-xp 0000b000 103:02 16531187                  /usr/lib/x86_64-linux-gnu/libxcb.so.1.1.0
7e4945839000-7e4945842000 r--p 0001e000 103:02 16531187                  /usr/lib/x86_64-linux-gnu/libxcb.so.1.1.0
7e4945842000-7e4945843000 r--p 00026000 103:02 16531187                  /usr/lib/x86_64-linux-gnu/libxcb.so.1.1.0
7e4945843000-7e4945844000 rw-p 00027000 103:02 16531187                  /usr/lib/x86_64-linux-gnu/libxcb.so.1.1.0
7e4945844000-7e4945856000 r--p 00000000 103:02 17173114                  /usr/lib/jvm/java-21-openjdk-amd64/lib/libawt_xawt.so
7e4945856000-7e494589d000 r-xp 00012000 103:02 17173114                  /usr/lib/jvm/java-21-openjdk-amd64/lib/libawt_xawt.so
7e494589d000-7e49458b5000 r--p 00059000 103:02 17173114                  /usr/lib/jvm/java-21-openjdk-amd64/lib/libawt_xawt.so
7e49458b5000-7e49458ba000 r--p 00070000 103:02 17173114                  /usr/lib/jvm/java-21-openjdk-amd64/lib/libawt_xawt.so
7e49458ba000-7e49458bc000 rw-p 00075000 103:02 17173114                  /usr/lib/jvm/java-21-openjdk-amd64/lib/libawt_xawt.so
7e49458bc000-7e4945a00000 rw-p 00000000 00:00 0 
7e4945a00000-7e4945ade000 r--p 00000000 103:02 16552573                  /usr/lib/x86_64-linux-gnu/libcuda.so.550.107.02
7e4945ade000-7e4945fb3000 r-xp 000de000 103:02 16552573                  /usr/lib/x86_64-linux-gnu/libcuda.so.550.107.02
7e4945fb3000-7e494744e000 r--p 005b3000 103:02 16552573                  /usr/lib/x86_64-linux-gnu/libcuda.so.550.107.02
7e494744e000-7e494744f000 ---p 01a4e000 103:02 16552573                  /usr/lib/x86_64-linux-gnu/libcuda.so.550.107.02
7e494744f000-7e4947467000 r--p 01a4e000 103:02 16552573                  /usr/lib/x86_64-linux-gnu/libcuda.so.550.107.02
7e4947467000-7e4947562000 rw-p 01a66000 103:02 16552573                  /usr/lib/x86_64-linux-gnu/libcuda.so.550.107.02
7e4947562000-7e49475cb000 rw-p 00000000 00:00 0 
7e49475d9000-7e49475dc000 r--p 00000000 103:02 16530328                  /usr/lib/x86_64-linux-gnu/libXi.so.6.1.0
7e49475dc000-7e49475e8000 r-xp 00003000 103:02 16530328                  /usr/lib/x86_64-linux-gnu/libXi.so.6.1.0
7e49475e8000-7e49475ea000 r--p 0000f000 103:02 16530328                  /usr/lib/x86_64-linux-gnu/libXi.so.6.1.0
7e49475ea000-7e49475eb000 r--p 00011000 103:02 16530328                  /usr/lib/x86_64-linux-gnu/libXi.so.6.1.0
7e49475eb000-7e49475ec000 rw-p 00012000 103:02 16530328                  /usr/lib/x86_64-linux-gnu/libXi.so.6.1.0
7e49475ec000-7e49475f0000 r--p 00000000 103:02 16530324                  /usr/lib/x86_64-linux-gnu/libXext.so.6.4.0
7e49475f0000-7e49475fb000 r-xp 00004000 103:02 16530324                  /usr/lib/x86_64-linux-gnu/libXext.so.6.4.0
7e49475fb000-7e49475fe000 r--p 0000f000 103:02 16530324                  /usr/lib/x86_64-linux-gnu/libXext.so.6.4.0
7e49475fe000-7e49475ff000 r--p 00011000 103:02 16530324                  /usr/lib/x86_64-linux-gnu/libXext.so.6.4.0
7e49475ff000-7e4947600000 rw-p 00012000 103:02 16530324                  /usr/lib/x86_64-linux-gnu/libXext.so.6.4.0
7e4947600000-7e4947738000 r-xp 00000000 103:02 18219089                  /tmp/libJCublas2-12.0.0-linux-x86_64.so
7e4947738000-7e4947938000 ---p 00138000 103:02 18219089                  /tmp/libJCublas2-12.0.0-linux-x86_64.so
7e4947938000-7e494793d000 r--p 00138000 103:02 18219089                  /tmp/libJCublas2-12.0.0-linux-x86_64.so
7e494793d000-7e494793f000 rw-p 0013d000 103:02 18219089                  /tmp/libJCublas2-12.0.0-linux-x86_64.so
7e494793f000-7e4947941000 rw-p 00000000 00:00 0 
7e494794a000-7e4947b4a000 rw-s 00000000 00:01 10659                      /dev/zero (deleted)
7e4947b4a000-7e4947d00000 rw-p 00000000 00:00 0 
7e4947d00000-7e4947d04000 ---p 00000000 00:00 0 
7e4947d04000-7e4947e00000 rw-p 00000000 00:00 0 
7e4947e00000-7e4947e04000 ---p 00000000 00:00 0 
7e4947e04000-7e4947f00000 rw-p 00000000 00:00 0 
7e4947f00000-7e4947f04000 ---p 00000000 00:00 0 
7e4947f04000-7e4948000000 rw-p 00000000 00:00 0 
7e4948000000-7e4948021000 rw-p 00000000 00:00 0 
7e4948021000-7e494c004000 ---p 00000000 00:00 0 
7e494c004000-7e494c100000 rw-p 00000000 00:00 0 
7e494c100000-7e494c104000 ---p 00000000 00:00 0 
7e494c104000-7e494c200000 rw-p 00000000 00:00 0 
7e494c200000-7e494c204000 ---p 00000000 00:00 0 
7e494c204000-7e494c300000 rw-p 00000000 00:00 0 
7e494c300000-7e494c304000 ---p 00000000 00:00 0 
7e494c304000-7e494c400000 rw-p 00000000 00:00 0 
7e494c400000-7e494c404000 ---p 00000000 00:00 0 
7e494c404000-7e494c500000 rw-p 00000000 00:00 0 
7e494c500000-7e494c504000 ---p 00000000 00:00 0 
7e494c504000-7e494c600000 rw-p 00000000 00:00 0 
7e494c600000-7e494c604000 ---p 00000000 00:00 0 
7e494c604000-7e494c700000 rw-p 00000000 00:00 0 
7e494c700000-7e494c704000 ---p 00000000 00:00 0 
7e494c704000-7e494c800000 rw-p 00000000 00:00 0 
7e494c800000-7e494c804000 ---p 00000000 00:00 0 
7e494c804000-7e494c900000 rw-p 00000000 00:00 0 
7e494c900000-7e494c904000 ---p 00000000 00:00 0 
7e494c904000-7e494ca00000 rw-p 00000000 00:00 0 
7e494ca00000-7e494ca04000 ---p 00000000 00:00 0 
7e494ca04000-7e494cb00000 rw-p 00000000 00:00 0 
7e494cb00000-7e494cb04000 ---p 00000000 00:00 0 
7e494cb04000-7e494cc00000 rw-p 00000000 00:00 0 
7e494cc00000-7e494d9ec000 r--p 00000000 103:02 16521112                  /usr/lib/locale/locale-archive
7e494d9f6000-7e494d9f8000 r--p 00000000 103:02 16530323                  /usr/lib/x86_64-linux-gnu/libXdmcp.so.6.0.0
7e494d9f8000-7e494d9fa000 r-xp 00002000 103:02 16530323                  /usr/lib/x86_64-linux-gnu/libXdmcp.so.6.0.0
7e494d9fa000-7e494d9fc000 r--p 00004000 103:02 16530323                  /usr/lib/x86_64-linux-gnu/libXdmcp.so.6.0.0
7e494d9fc000-7e494d9fd000 r--p 00005000 103:02 16530323                  /usr/lib/x86_64-linux-gnu/libXdmcp.so.6.0.0
7e494d9fd000-7e494d9fe000 rw-p 00006000 103:02 16530323                  /usr/lib/x86_64-linux-gnu/libXdmcp.so.6.0.0
7e494d9fe000-7e494d9ff000 ---p 00000000 00:00 0 
7e494d9ff000-7e494daff000 rw-p 00000000 00:00 0 
7e494daff000-7e494db00000 ---p 00000000 00:00 0 
7e494db00000-7e494dc00000 rw-p 00000000 00:00 0 
7e494dc00000-7e49503b0000 rw-p 00000000 00:00 0 
7e49503b0000-7e4957650000 ---p 00000000 00:00 0 
7e4957650000-7e4957660000 rw-p 00000000 00:00 0 
7e495766f000-7e4957671000 r--p 00000000 103:02 17172962                  /usr/lib/jvm/java-21-openjdk-amd64/lib/libjavajpeg.so
7e4957671000-7e4957678000 r-xp 00002000 103:02 17172962                  /usr/lib/jvm/java-21-openjdk-amd64/lib/libjavajpeg.so
7e4957678000-7e4957679000 r--p 00009000 103:02 17172962                  /usr/lib/jvm/java-21-openjdk-amd64/lib/libjavajpeg.so
7e4957679000-7e495767a000 r--p 0000a000 103:02 17172962                  /usr/lib/jvm/java-21-openjdk-amd64/lib/libjavajpeg.so
7e495767a000-7e495767b000 rw-p 0000b000 103:02 17172962                  /usr/lib/jvm/java-21-openjdk-amd64/lib/libjavajpeg.so
7e495767b000-7e49576ff000 rw-p 00000000 00:00 0 
7e49576ff000-7e4957700000 ---p 00000000 00:00 0 
7e4957700000-7e4957800000 rw-p 00000000 00:00 0 
7e4957800000-7e49578f6000 rw-p 00000000 00:00 0 
7e49578f6000-7e495874a000 ---p 00000000 00:00 0 
7e495874a000-7e495874c000 rw-p 00000000 00:00 0 
7e4958751000-7e4958752000 r--p 00000000 103:02 16530318                  /usr/lib/x86_64-linux-gnu/libXau.so.6.0.0
7e4958752000-7e4958754000 r-xp 00001000 103:02 16530318                  /usr/lib/x86_64-linux-gnu/libXau.so.6.0.0
7e4958754000-7e4958755000 r--p 00003000 103:02 16530318                  /usr/lib/x86_64-linux-gnu/libXau.so.6.0.0
7e4958755000-7e4958756000 r--p 00003000 103:02 16530318                  /usr/lib/x86_64-linux-gnu/libXau.so.6.0.0
7e4958756000-7e4958757000 rw-p 00004000 103:02 16530318                  /usr/lib/x86_64-linux-gnu/libXau.so.6.0.0
7e4958757000-7e4958759000 r--p 00000000 103:02 16530337                  /usr/lib/x86_64-linux-gnu/libXtst.so.6.1.0
7e4958759000-7e495875c000 r-xp 00002000 103:02 16530337                  /usr/lib/x86_64-linux-gnu/libXtst.so.6.1.0
7e495875c000-7e495875d000 r--p 00005000 103:02 16530337                  /usr/lib/x86_64-linux-gnu/libXtst.so.6.1.0
7e495875d000-7e495875e000 r--p 00005000 103:02 16530337                  /usr/lib/x86_64-linux-gnu/libXtst.so.6.1.0
7e495875e000-7e495875f000 rw-p 00006000 103:02 16530337                  /usr/lib/x86_64-linux-gnu/libXtst.so.6.1.0
7e495875f000-7e4958800000 rw-p 00000000 00:00 0 
7e4958800000-7e4958a70000 rwxp 00000000 00:00 0 
7e4958a70000-7e495fc5f000 ---p 00000000 00:00 0 
7e495fc5f000-7e495fecf000 rwxp 00000000 00:00 0 
7e495fecf000-7e49603a0000 ---p 00000000 00:00 0 
7e49603a0000-7e4960610000 rwxp 00000000 00:00 0 
7e4960610000-7e4967800000 ---p 00000000 00:00 0 
7e4967800000-7e496fe02000 r--s 00000000 103:02 17172984                  /usr/lib/jvm/java-21-openjdk-amd64/lib/modules
7e496fe07000-7e496fe09000 r--p 00000000 103:02 16530334                  /usr/lib/x86_64-linux-gnu/libXrender.so.1.3.0
7e496fe09000-7e496fe10000 r-xp 00002000 103:02 16530334                  /usr/lib/x86_64-linux-gnu/libXrender.so.1.3.0
7e496fe10000-7e496fe11000 r--p 00009000 103:02 16530334                  /usr/lib/x86_64-linux-gnu/libXrender.so.1.3.0
7e496fe11000-7e496fe12000 r--p 00009000 103:02 16530334                  /usr/lib/x86_64-linux-gnu/libXrender.so.1.3.0
7e496fe12000-7e496fe13000 rw-p 0000a000 103:02 16530334                  /usr/lib/x86_64-linux-gnu/libXrender.so.1.3.0
7e496fe13000-7e496fe23000 -w-s 00000000 00:05 1111                       /dev/nvidia0
7e496fe23000-7e496fe25000 r--p 00000000 103:02 17172983                  /usr/lib/jvm/java-21-openjdk-amd64/lib/libzip.so
7e496fe25000-7e496fe2a000 r-xp 00002000 103:02 17172983                  /usr/lib/jvm/java-21-openjdk-amd64/lib/libzip.so
7e496fe2a000-7e496fe2c000 r--p 00007000 103:02 17172983                  /usr/lib/jvm/java-21-openjdk-amd64/lib/libzip.so
7e496fe2c000-7e496fe2d000 r--p 00008000 103:02 17172983                  /usr/lib/jvm/java-21-openjdk-amd64/lib/libzip.so
7e496fe2d000-7e496fe2e000 rw-p 00009000 103:02 17172983                  /usr/lib/jvm/java-21-openjdk-amd64/lib/libzip.so
7e496fe2e000-7e496fe33000 r--p 00000000 103:02 17172968                  /usr/lib/jvm/java-21-openjdk-amd64/lib/libjsvml.so
7e496fe33000-7e496fe74000 r-xp 00005000 103:02 17172968                  /usr/lib/jvm/java-21-openjdk-amd64/lib/libjsvml.so
7e496fe74000-7e496fefd000 r--p 00046000 103:02 17172968                  /usr/lib/jvm/java-21-openjdk-amd64/lib/libjsvml.so
7e496fefd000-7e496fefe000 r--p 000ce000 103:02 17172968                  /usr/lib/jvm/java-21-openjdk-amd64/lib/libjsvml.so
7e496fefe000-7e496feff000 rw-p 000cf000 103:02 17172968                  /usr/lib/jvm/java-21-openjdk-amd64/lib/libjsvml.so
7e496feff000-7e496ff00000 ---p 00000000 00:00 0 
7e496ff00000-7e4970000000 rw-p 00000000 00:00 0 
7e4970000000-7e4972bfe000 rw-p 00000000 00:00 0 
7e4972bfe000-7e4974000000 ---p 00000000 00:00 0 
7e4974002000-7e4974003000 r--p 00000000 103:02 16530540                  /usr/lib/x86_64-linux-gnu/libdl.so.2
7e4974003000-7e4974004000 r-xp 00001000 103:02 16530540                  /usr/lib/x86_64-linux-gnu/libdl.so.2
7e4974004000-7e4974005000 r--p 00002000 103:02 16530540                  /usr/lib/x86_64-linux-gnu/libdl.so.2
7e4974005000-7e4974006000 r--p 00002000 103:02 16530540                  /usr/lib/x86_64-linux-gnu/libdl.so.2
7e4974006000-7e4974007000 rw-p 00003000 103:02 16530540                  /usr/lib/x86_64-linux-gnu/libdl.so.2
7e4974007000-7e4974008000 r--p 00000000 103:02 17172953                  /usr/lib/jvm/java-21-openjdk-amd64/lib/libdt_socket.so
7e4974008000-7e497400b000 r-xp 00001000 103:02 17172953                  /usr/lib/jvm/java-21-openjdk-amd64/lib/libdt_socket.so
7e497400b000-7e497400c000 r--p 00004000 103:02 17172953                  /usr/lib/jvm/java-21-openjdk-amd64/lib/libdt_socket.so
7e497400c000-7e497400d000 r--p 00005000 103:02 17172953                  /usr/lib/jvm/java-21-openjdk-amd64/lib/libdt_socket.so
7e497400d000-7e497400e000 rw-p 00006000 103:02 17172953                  /usr/lib/jvm/java-21-openjdk-amd64/lib/libdt_socket.so
7e497400e000-7e4974015000 r--s 00000000 103:02 16532226                  /usr/lib/x86_64-linux-gnu/gconv/gconv-modules.cache
7e4974015000-7e4974dfe000 rw-p 00000000 00:00 0 
7e4974dfe000-7e4974dff000 ---p 00000000 00:00 0 
7e4974dff000-7e4974eff000 rw-p 00000000 00:00 0 
7e4974eff000-7e4974f00000 ---p 00000000 00:00 0 
7e4974f00000-7e4975000000 rw-p 00000000 00:00 0 
7e4975000000-7e49750f6000 rw-p 00000000 00:00 0 
7e49750f6000-7e4975f4a000 ---p 00000000 00:00 0 
7e4975f4a000-7e4975f4c000 rw-p 00000000 00:00 0 
7e4975f4e000-7e4975f55000 r--p 00000000 103:02 17172976                  /usr/lib/jvm/java-21-openjdk-amd64/lib/libnio.so
7e4975f55000-7e4975f5e000 r-xp 00007000 103:02 17172976                  /usr/lib/jvm/java-21-openjdk-amd64/lib/libnio.so
7e4975f5e000-7e4975f62000 r--p 00010000 103:02 17172976                  /usr/lib/jvm/java-21-openjdk-amd64/lib/libnio.so
7e4975f62000-7e4975f63000 r--p 00014000 103:02 17172976                  /usr/lib/jvm/java-21-openjdk-amd64/lib/libnio.so
7e4975f63000-7e4975f64000 rw-p 00015000 103:02 17172976                  /usr/lib/jvm/java-21-openjdk-amd64/lib/libnio.so
7e4975f64000-7e4975f65000 ---p 00000000 00:00 0 
7e4975f65000-7e4976065000 rw-p 00000000 00:00 0 
7e4976065000-7e4976e33000 rw-p 00000000 00:00 0 
7e4976e33000-7e4976f17000 ---p 00000000 00:00 0 
7e4976f17000-7e4976f1c000 rw-p 00000000 00:00 0 
7e4976f1c000-7e4977000000 ---p 00000000 00:00 0 
7e4977000000-7e497709d000 r--p 00000000 103:02 16543594                  /usr/lib/x86_64-linux-gnu/libstdc++.so.6.0.33
7e497709d000-7e49771e5000 r-xp 0009d000 103:02 16543594                  /usr/lib/x86_64-linux-gnu/libstdc++.so.6.0.33
7e49771e5000-7e497726c000 r--p 001e5000 103:02 16543594                  /usr/lib/x86_64-linux-gnu/libstdc++.so.6.0.33
7e497726c000-7e4977277000 r--p 0026b000 103:02 16543594                  /usr/lib/x86_64-linux-gnu/libstdc++.so.6.0.33
7e4977277000-7e497727a000 rw-p 00276000 103:02 16543594                  /usr/lib/x86_64-linux-gnu/libstdc++.so.6.0.33
7e497727a000-7e497727e000 rw-p 00000000 00:00 0 
7e4977281000-7e4977300000 rw-p 00000000 00:00 0 
7e4977300000-7e4977304000 ---p 00000000 00:00 0 
7e4977304000-7e4977400000 rw-p 00000000 00:00 0 
7e4977400000-7e4977696000 r--p 00000000 103:02 17172990                  /usr/lib/jvm/java-21-openjdk-amd64/lib/server/libjvm.so
7e4977696000-7e49784fe000 r-xp 00296000 103:02 17172990                  /usr/lib/jvm/java-21-openjdk-amd64/lib/server/libjvm.so
7e49784fe000-7e49787d1000 r--p 010fe000 103:02 17172990                  /usr/lib/jvm/java-21-openjdk-amd64/lib/server/libjvm.so
7e49787d1000-7e49788a1000 r--p 013d0000 103:02 17172990                  /usr/lib/jvm/java-21-openjdk-amd64/lib/server/libjvm.so
7e49788a1000-7e49788d1000 rw-p 014a0000 103:02 17172990                  /usr/lib/jvm/java-21-openjdk-amd64/lib/server/libjvm.so
7e49788d1000-7e4978937000 rw-p 00000000 00:00 0 
7e4978937000-7e4978938000 r--p 00000000 103:02 16531006                  /usr/lib/x86_64-linux-gnu/librt.so.1
7e4978938000-7e4978939000 r-xp 00001000 103:02 16531006                  /usr/lib/x86_64-linux-gnu/librt.so.1
7e4978939000-7e497893a000 r--p 00002000 103:02 16531006                  /usr/lib/x86_64-linux-gnu/librt.so.1
7e497893a000-7e497893b000 r--p 00002000 103:02 16531006                  /usr/lib/x86_64-linux-gnu/librt.so.1
7e497893b000-7e497893c000 rw-p 00003000 103:02 16531006                  /usr/lib/x86_64-linux-gnu/librt.so.1
7e497893c000-7e497893f000 r--p 00000000 103:02 17172975                  /usr/lib/jvm/java-21-openjdk-amd64/lib/libnet.so
7e497893f000-7e4978947000 r-xp 00003000 103:02 17172975                  /usr/lib/jvm/java-21-openjdk-amd64/lib/libnet.so
7e4978947000-7e4978949000 r--p 0000b000 103:02 17172975                  /usr/lib/jvm/java-21-openjdk-amd64/lib/libnet.so
7e4978949000-7e497894a000 r--p 0000c000 103:02 17172975                  /usr/lib/jvm/java-21-openjdk-amd64/lib/libnet.so
7e497894a000-7e497894b000 rw-p 0000d000 103:02 17172975                  /usr/lib/jvm/java-21-openjdk-amd64/lib/libnet.so
7e497894b000-7e497898e000 rw-p 00000000 00:00 0 
7e497898e000-7e4978998000 ---p 00000000 00:00 0 
7e4978998000-7e49789a5000 r--p 00000000 103:02 17172961                  /usr/lib/jvm/java-21-openjdk-amd64/lib/libjava.so
7e49789a5000-7e49789b4000 r-xp 0000d000 103:02 17172961                  /usr/lib/jvm/java-21-openjdk-amd64/lib/libjava.so
7e49789b4000-7e49789b9000 r--p 0001c000 103:02 17172961                  /usr/lib/jvm/java-21-openjdk-amd64/lib/libjava.so
7e49789b9000-7e49789ba000 r--p 00021000 103:02 17172961                  /usr/lib/jvm/java-21-openjdk-amd64/lib/libjava.so
7e49789ba000-7e49789bb000 rw-p 00022000 103:02 17172961                  /usr/lib/jvm/java-21-openjdk-amd64/lib/libjava.so
7e49789bb000-7e49789bc000 rw-p 00000000 00:00 0 
7e49789bc000-7e49789bf000 r--p 00000000 103:02 17172963                  /usr/lib/jvm/java-21-openjdk-amd64/lib/libjdwp.so
7e49789bf000-7e49789ee000 r-xp 00003000 103:02 17172963                  /usr/lib/jvm/java-21-openjdk-amd64/lib/libjdwp.so
7e49789ee000-7e49789fd000 r--p 00032000 103:02 17172963                  /usr/lib/jvm/java-21-openjdk-amd64/lib/libjdwp.so
7e49789fd000-7e49789fe000 r--p 00040000 103:02 17172963                  /usr/lib/jvm/java-21-openjdk-amd64/lib/libjdwp.so
7e49789fe000-7e49789ff000 rw-p 00041000 103:02 17172963                  /usr/lib/jvm/java-21-openjdk-amd64/lib/libjdwp.so
7e49789ff000-7e4978a00000 rw-p 00000000 00:00 0 
7e4978a00000-7e4978a28000 r--p 00000000 103:02 16530474                  /usr/lib/x86_64-linux-gnu/libc.so.6
7e4978a28000-7e4978bb0000 r-xp 00028000 103:02 16530474                  /usr/lib/x86_64-linux-gnu/libc.so.6
7e4978bb0000-7e4978bff000 r--p 001b0000 103:02 16530474                  /usr/lib/x86_64-linux-gnu/libc.so.6
7e4978bff000-7e4978c03000 r--p 001fe000 103:02 16530474                  /usr/lib/x86_64-linux-gnu/libc.so.6
7e4978c03000-7e4978c05000 rw-p 00202000 103:02 16530474                  /usr/lib/x86_64-linux-gnu/libc.so.6
7e4978c05000-7e4978c12000 rw-p 00000000 00:00 0 
7e4978c13000-7e4978c14000 r--p 00000000 103:02 16530978                  /usr/lib/x86_64-linux-gnu/libpthread.so.0
7e4978c14000-7e4978c15000 r-xp 00001000 103:02 16530978                  /usr/lib/x86_64-linux-gnu/libpthread.so.0
7e4978c15000-7e4978c16000 r--p 00002000 103:02 16530978                  /usr/lib/x86_64-linux-gnu/libpthread.so.0
7e4978c16000-7e4978c17000 r--p 00002000 103:02 16530978                  /usr/lib/x86_64-linux-gnu/libpthread.so.0
7e4978c17000-7e4978c18000 rw-p 00003000 103:02 16530978                  /usr/lib/x86_64-linux-gnu/libpthread.so.0
7e4978c18000-7e4978c1c000 r--p 00000000 103:02 16528598                  /usr/lib/x86_64-linux-gnu/libgcc_s.so.1
7e4978c1c000-7e4978c40000 r-xp 00004000 103:02 16528598                  /usr/lib/x86_64-linux-gnu/libgcc_s.so.1
7e4978c40000-7e4978c44000 r--p 00028000 103:02 16528598                  /usr/lib/x86_64-linux-gnu/libgcc_s.so.1
7e4978c44000-7e4978c45000 r--p 0002b000 103:02 16528598                  /usr/lib/x86_64-linux-gnu/libgcc_s.so.1
7e4978c45000-7e4978c46000 rw-p 0002c000 103:02 16528598                  /usr/lib/x86_64-linux-gnu/libgcc_s.so.1
7e4978c46000-7e4978c56000 r--p 00000000 103:02 16530817                  /usr/lib/x86_64-linux-gnu/libm.so.6
7e4978c56000-7e4978cd5000 r-xp 00010000 103:02 16530817                  /usr/lib/x86_64-linux-gnu/libm.so.6
7e4978cd5000-7e4978d2d000 r--p 0008f000 103:02 16530817                  /usr/lib/x86_64-linux-gnu/libm.so.6
7e4978d2d000-7e4978d2e000 r--p 000e7000 103:02 16530817                  /usr/lib/x86_64-linux-gnu/libm.so.6
7e4978d2e000-7e4978d2f000 rw-p 000e8000 103:02 16530817                  /usr/lib/x86_64-linux-gnu/libm.so.6
7e4978d2f000-7e4978d31000 rw-p 00000000 00:00 0 
7e4978d31000-7e4978d33000 r--p 00000000 103:02 17172965                  /usr/lib/jvm/java-21-openjdk-amd64/lib/libjli.so
7e4978d33000-7e4978d3d000 r-xp 00002000 103:02 17172965                  /usr/lib/jvm/java-21-openjdk-amd64/lib/libjli.so
7e4978d3d000-7e4978d40000 r--p 0000c000 103:02 17172965                  /usr/lib/jvm/java-21-openjdk-amd64/lib/libjli.so
7e4978d40000-7e4978d41000 r--p 0000f000 103:02 17172965                  /usr/lib/jvm/java-21-openjdk-amd64/lib/libjli.so
7e4978d41000-7e4978d42000 rw-p 00010000 103:02 17172965                  /usr/lib/jvm/java-21-openjdk-amd64/lib/libjli.so
7e4978d42000-7e4978d44000 r--p 00000000 103:02 16531205                  /usr/lib/x86_64-linux-gnu/libz.so.1.3
7e4978d44000-7e4978d56000 r-xp 00002000 103:02 16531205                  /usr/lib/x86_64-linux-gnu/libz.so.1.3
7e4978d56000-7e4978d5c000 r--p 00014000 103:02 16531205                  /usr/lib/x86_64-linux-gnu/libz.so.1.3
7e4978d5c000-7e4978d5d000 r--p 0001a000 103:02 16531205                  /usr/lib/x86_64-linux-gnu/libz.so.1.3
7e4978d5d000-7e4978d5e000 rw-p 0001b000 103:02 16531205                  /usr/lib/x86_64-linux-gnu/libz.so.1.3
7e4978d5f000-7e4978d67000 rw-s 00000000 103:02 18219287                  /tmp/hsperfdata_dov/39161
7e4978d67000-7e4978d68000 ---p 00000000 00:00 0 
7e4978d68000-7e4978d69000 r--p 00000000 00:00 0 
7e4978d69000-7e4978d6a000 ---p 00000000 00:00 0 
7e4978d6a000-7e4978d6c000 r--p 00000000 103:02 17172964                  /usr/lib/jvm/java-21-openjdk-amd64/lib/libjimage.so
7e4978d6c000-7e4978d6f000 r-xp 00002000 103:02 17172964                  /usr/lib/jvm/java-21-openjdk-amd64/lib/libjimage.so
7e4978d6f000-7e4978d70000 r--p 00005000 103:02 17172964                  /usr/lib/jvm/java-21-openjdk-amd64/lib/libjimage.so
7e4978d70000-7e4978d71000 r--p 00006000 103:02 17172964                  /usr/lib/jvm/java-21-openjdk-amd64/lib/libjimage.so
7e4978d71000-7e4978d72000 rw-p 00007000 103:02 17172964                  /usr/lib/jvm/java-21-openjdk-amd64/lib/libjimage.so
7e4978d72000-7e4978d74000 rw-p 00000000 00:00 0 
7e4978d74000-7e4978d75000 r--p 00000000 103:02 16530286                  /usr/lib/x86_64-linux-gnu/ld-linux-x86-64.so.2
7e4978d75000-7e4978da0000 r-xp 00001000 103:02 16530286                  /usr/lib/x86_64-linux-gnu/ld-linux-x86-64.so.2
7e4978da0000-7e4978daa000 r--p 0002c000 103:02 16530286                  /usr/lib/x86_64-linux-gnu/ld-linux-x86-64.so.2
7e4978daa000-7e4978dac000 r--p 00036000 103:02 16530286                  /usr/lib/x86_64-linux-gnu/ld-linux-x86-64.so.2
7e4978dac000-7e4978dae000 rw-p 00038000 103:02 16530286                  /usr/lib/x86_64-linux-gnu/ld-linux-x86-64.so.2
7ffd5079b000-7ffd507bc000 rw-p 00000000 00:00 0                          [stack]
7ffd507f8000-7ffd507fc000 r--p 00000000 00:00 0                          [vvar]
7ffd507fc000-7ffd507fe000 r-xp 00000000 00:00 0                          [vdso]
ffffffffff600000-ffffffffff601000 --xp 00000000 00:00 0                  [vsyscall]
Total number of mappings: 419


VM Arguments:
jvm_args: -Dfile.encoding=UTF-8 -agentlib:jdwp=transport=dt_socket,address=localhost:44059 --module-path=/home/dov/projects/NeighborhoodPIG/build/classes 
java_command: main.NeighborhoodPIG
java_class_path (initial): /home/dov/projects/Libraries/commons-math3/commons-math3-3.6.1-javadoc.jar:/home/dov/projects/Libraries/commons-math3/commons-math3-3.6.1-sources.jar:/home/dov/projects/Libraries/commons-math3/commons-math3-3.6.1-test-sources.jar:/home/dov/projects/Libraries/commons-math3/commons-math3-3.6.1-tests.jar:/home/dov/projects/Libraries/commons-math3/commons-math3-3.6.1-tools.jar:/home/dov/projects/Libraries/commons-math3/commons-math3-3.6.1.jar:/home/dov/projects/JCudaWrapper/jcuda12/jcublas-12.0.0.jar:/home/dov/projects/JCudaWrapper/jcuda12/jcublas-natives-12.0.0-linux-x86_64.jar:/home/dov/projects/JCudaWrapper/jcuda12/jcuda-12.0.0.jar:/home/dov/projects/JCudaWrapper/jcuda12/jcuda-natives-12.0.0-linux-x86_64.jar:/home/dov/projects/JCudaWrapper/jcuda12/jcudnn-12.0.0.jar:/home/dov/projects/JCudaWrapper/jcuda12/jcudnn-natives-12.0.0-linux-x86_64.jar:/home/dov/projects/JCudaWrapper/jcuda12/jcufft-12.0.0.jar:/home/dov/projects/JCudaWrapper/jcuda12/jcufft-natives-12.0.0-linux-x86_64.jar:/home/dov/projects/JCudaWrapper/jcuda12/jcurand-12.0.0.jar:/home/dov/projects/JCudaWrapper/jcuda12/jcurand-natives-12.0.0-linux-x86_64.jar:/home/dov/projects/JCudaWrapper/jcuda12/jcusolver-12.0.0.jar:/home/dov/projects/JCudaWrapper/jcuda12/jcusolver-natives-12.0.0-linux-x86_64.jar:/home/dov/projects/JCudaWrapper/jcuda12/jcusparse-12.0.0.jar:/home/dov/projects/JCudaWrapper/jcuda12/jcusparse-natives-12.0.0-linux-x86_64.jar:/home/dov/projects/NeighborhoodPIG/build/classes
Launcher Type: SUN_STANDARD

[Global flags]
     intx CICompilerCount                          = 12                                        {product} {ergonomic}
     uint ConcGCThreads                            = 3                                         {product} {ergonomic}
     uint G1ConcRefinementThreads                  = 13                                        {product} {ergonomic}
   size_t G1HeapRegionSize                         = 4194304                                   {product} {ergonomic}
    uintx GCDrainStackTargetSize                   = 64                                        {product} {ergonomic}
   size_t InitialHeapSize                          = 515899392                                 {product} {ergonomic}
   size_t MarkStackSize                            = 4194304                                   {product} {ergonomic}
   size_t MaxHeapSize                              = 8212447232                                {product} {ergonomic}
   size_t MaxNewSize                               = 4924112896                                {product} {ergonomic}
   size_t MinHeapDeltaBytes                        = 4194304                                   {product} {ergonomic}
   size_t MinHeapSize                              = 8388608                                   {product} {ergonomic}
    uintx NonNMethodCodeHeapSize                   = 7602480                                {pd product} {ergonomic}
    uintx NonProfiledCodeHeapSize                  = 122027880                              {pd product} {ergonomic}
    uintx ProfiledCodeHeapSize                     = 122027880                              {pd product} {ergonomic}
    uintx ReservedCodeCacheSize                    = 251658240                              {pd product} {ergonomic}
     bool SegmentedCodeCache                       = true                                      {product} {ergonomic}
   size_t SoftMaxHeapSize                          = 8212447232                             {manageable} {ergonomic}
     bool UseCompressedOops                        = true                           {product lp64_product} {ergonomic}
     bool UseG1GC                                  = true                                      {product} {ergonomic}

Logging:
Log output configuration:
 #0: stdout all=warning uptime,level,tags foldmultilines=false
 #1: stderr all=off uptime,level,tags foldmultilines=false

Environment Variables:
PATH=/usr/local/sbin:/usr/local/bin:/usr/sbin:/usr/bin:/sbin:/bin:/usr/games:/usr/local/games:/snap/bin:/snap/bin
USERNAME=dov
SHELL=/bin/bash
DISPLAY=:1
LANG=en_US.UTF-8

Active Locale:
LC_ALL=en_US.UTF-8
LC_COLLATE=en_US.UTF-8
LC_CTYPE=en_US.UTF-8
LC_MESSAGES=en_US.UTF-8
LC_MONETARY=en_US.UTF-8
LC_NUMERIC=en_US.UTF-8
LC_TIME=en_US.UTF-8

Signal Handlers:
   SIGSEGV: crash_handler in libjvm.so, mask=11100100010111111101111111111110, flags=SA_RESTART|SA_SIGINFO, unblocked
    SIGBUS: crash_handler in libjvm.so, mask=11100100010111111101111111111110, flags=SA_RESTART|SA_SIGINFO, unblocked
    SIGFPE: crash_handler in libjvm.so, mask=11100100010111111101111111111110, flags=SA_RESTART|SA_SIGINFO, unblocked
   SIGPIPE: javaSignalHandler in libjvm.so, mask=11100100010111111101111111111110, flags=SA_RESTART|SA_SIGINFO, blocked
   SIGXFSZ: javaSignalHandler in libjvm.so, mask=11100100010111111101111111111110, flags=SA_RESTART|SA_SIGINFO, blocked
    SIGILL: crash_handler in libjvm.so, mask=11100100010111111101111111111110, flags=SA_RESTART|SA_SIGINFO, unblocked
   SIGUSR2: SR_handler in libjvm.so, mask=00000000000000000000000000000000, flags=SA_RESTART|SA_SIGINFO, blocked
    SIGHUP: UserHandler in libjvm.so, mask=11100100010111111101111111111110, flags=SA_RESTART|SA_SIGINFO, blocked
    SIGINT: SIG_IGN, mask=00000000000000000000000000000000, flags=none, blocked
   SIGTERM: UserHandler in libjvm.so, mask=11100100010111111101111111111110, flags=SA_RESTART|SA_SIGINFO, blocked
   SIGQUIT: UserHandler in libjvm.so, mask=11100100010111111101111111111110, flags=SA_RESTART|SA_SIGINFO, blocked
   SIGTRAP: crash_handler in libjvm.so, mask=11100100010111111101111111111110, flags=SA_RESTART|SA_SIGINFO, unblocked


Periodic native trim disabled

---------------  S Y S T E M  ---------------

OS:
DISTRIB_ID=Ubuntu
DISTRIB_RELEASE=24.04
DISTRIB_CODENAME=noble
DISTRIB_DESCRIPTION="Ubuntu 24.04.1 LTS"
uname: Linux 6.8.0-47-generic #47-Ubuntu SMP PREEMPT_DYNAMIC Fri Sep 27 21:40:26 UTC 2024 x86_64
OS uptime: 0 days 23:46 hours
libc: glibc 2.39 NPTL 2.39 
rlimit (soft/hard): STACK 8192k/infinity , CORE 0k/infinity , NPROC 125013/125013 , NOFILE 1048576/1048576 , AS infinity/infinity , CPU infinity/infinity , DATA infinity/infinity , FSIZE infinity/infinity , MEMLOCK 4009332k/4009332k
load average: 1.70 0.54 0.32

/proc/meminfo:
MemTotal:       32074672 kB
MemFree:        20058892 kB
MemAvailable:   25174652 kB
Buffers:          590548 kB
Cached:          4858636 kB
SwapCached:            0 kB
Active:          6758640 kB
Inactive:        3379900 kB
Active(anon):    4766296 kB
Inactive(anon):        0 kB
Active(file):    1992344 kB
Inactive(file):  3379900 kB
Unevictable:          32 kB
Mlocked:              32 kB
SwapTotal:       8388604 kB
SwapFree:        8388604 kB
Zswap:                 0 kB
Zswapped:              0 kB
Dirty:                96 kB
Writeback:             0 kB
AnonPages:       4689512 kB
Mapped:           891872 kB
Shmem:             76936 kB
KReclaimable:     207996 kB
Slab:             507424 kB
SReclaimable:     207996 kB
SUnreclaim:       299428 kB
KernelStack:       20416 kB
PageTables:        52856 kB
SecPageTables:         0 kB
NFS_Unstable:          0 kB
Bounce:                0 kB
WritebackTmp:          0 kB
CommitLimit:    24425940 kB
Committed_AS:   21898660 kB
VmallocTotal:   34359738367 kB
VmallocUsed:      163316 kB
VmallocChunk:          0 kB
Percpu:            23360 kB
HardwareCorrupted:     0 kB
AnonHugePages:         0 kB
ShmemHugePages:        0 kB
ShmemPmdMapped:        0 kB
FileHugePages:         0 kB
FilePmdMapped:         0 kB
Unaccepted:            0 kB
HugePages_Total:       0
HugePages_Free:        0
HugePages_Rsvd:        0
HugePages_Surp:        0
Hugepagesize:       2048 kB
Hugetlb:               0 kB
DirectMap4k:     1726952 kB
DirectMap2M:    16351232 kB
DirectMap1G:    15728640 kB

/sys/kernel/mm/transparent_hugepage/enabled: always [madvise] never
/sys/kernel/mm/transparent_hugepage/hpage_pmd_size: 2097152
/sys/kernel/mm/transparent_hugepage/defrag (defrag/compaction efforts parameter): always defer defer+madvise [madvise] never

Process Memory:
Virtual Size: 17093100K (peak: 17113160K)
Resident Set Size: 276184K (peak: 276184K) (anon: 110988K, file: 157004K, shmem: 8192K)
Swapped out: 0K
C-Heap outstanding allocations: 86186K, retained: 3017K
glibc malloc tunables: (default)

/proc/sys/kernel/threads-max (system-wide limit on the number of threads): 250026
/proc/sys/vm/max_map_count (maximum number of memory map areas a process may have): 1048576
/proc/sys/vm/swappiness (control to define how aggressively the kernel swaps out anonymous memory): 60
/proc/sys/kernel/pid_max (system-wide limit on number of process identifiers): 4194304

container (cgroup) information:
container_type: cgroupv2
cpu_cpuset_cpus: not supported
cpu_memory_nodes: not supported
active_processor_count: 16
cpu_quota: not supported
cpu_period: not supported
cpu_shares: not supported
memory_limit_in_bytes: unlimited
memory_and_swap_limit_in_bytes: unlimited
memory_soft_limit_in_bytes: unlimited
memory_usage_in_bytes: 3044792 k
memory_max_usage_in_bytes: not supported
memory_swap_current_in_bytes: unlimited
memory_swap_max_limit_in_bytes: unlimited
maximum number of tasks: 37503
current number of tasks: 103

Steal ticks since vm start: 0
Steal ticks percentage since vm start:  0.000

CPU: total 16 (initial active 16) (16 cores per cpu, 2 threads per core) family 25 model 68 stepping 1 microcode 0xa404101, cx8, cmov, fxsr, ht, mmx, 3dnowpref, sse, sse2, sse3, ssse3, sse4a, sse4.1, sse4.2, popcnt, lzcnt, tsc, tscinvbit, avx, avx2, aes, clmul, bmi1, bmi2, adx, sha, fma, vzeroupper, clflush, clflushopt, rdtscp, rdpid, f16c, pku, ospke, cet_ss
CPU Model and flags from /proc/cpuinfo:
model name	: AMD Ryzen 9 6900HS with Radeon Graphics
flags		: fpu vme de pse tsc msr pae mce cx8 apic sep mtrr pge mca cmov pat pse36 clflush mmx fxsr sse sse2 ht syscall nx mmxext fxsr_opt pdpe1gb rdtscp lm constant_tsc rep_good nopl nonstop_tsc cpuid extd_apicid aperfmperf rapl pni pclmulqdq monitor ssse3 fma cx16 sse4_1 sse4_2 x2apic movbe popcnt aes xsave avx f16c rdrand lahf_lm cmp_legacy svm extapic cr8_legacy abm sse4a misalignsse 3dnowprefetch osvw ibs skinit wdt tce topoext perfctr_core perfctr_nb bpext perfctr_llc mwaitx cpb cat_l3 cdp_l3 hw_pstate ssbd mba ibrs ibpb stibp vmmcall fsgsbase bmi1 avx2 smep bmi2 invpcid cqm rdt_a rdseed adx smap clflushopt clwb sha_ni xsaveopt xsavec xgetbv1 xsaves cqm_llc cqm_occup_llc cqm_mbm_total cqm_mbm_local user_shstk clzero irperf xsaveerptr rdpru wbnoinvd cppc arat npt lbrv svm_lock nrip_save tsc_scale vmcb_clean flushbyasid decodeassists pausefilter pfthreshold avic v_vmsave_vmload vgif v_spec_ctrl umip pku ospke vaes vpclmulqdq rdpid overflow_recov succor smca debug_swap

Online cpus: 0-15
Offline cpus: 
BIOS frequency limitation: <Not Available>
Frequency switch latency (ns): 0
Available cpu frequencies: <Not Available>
Current governor: powersave
Core performance/turbo boost: <Not Available>

Memory: 4k page, physical 32074672k(25174652k free), swap 8388604k(8388604k free)
Page Sizes: 4k

vm_info: OpenJDK 64-Bit Server VM (21.0.4+7-Ubuntu-1ubuntu224.04) for linux-amd64 JRE (21.0.4+7-Ubuntu-1ubuntu224.04), built on 2024-07-23T01:34:52Z by "buildd" with gcc 13.2.0

END.
