#
# A fatal error has been detected by the Java Runtime Environment:
#
#  SIGSEGV (0xb) at pc=0x00000098840f0866, pid=20714, tid=20719
#
# JRE version: OpenJDK Runtime Environment (21.0.5+11) (build 21.0.5+11-Ubuntu-1ubuntu124.04)
# Java VM: OpenJDK 64-Bit Server VM (21.0.5+11-Ubuntu-1ubuntu124.04, mixed mode, sharing, tiered, compressed oops, compressed class ptrs, g1 gc, linux-amd64)
# Problematic frame:
# j  JCudaWrapper.array.Array.get(LJCudaWrapper/resourceManagement/Handle;Ljcuda/Pointer;III)V+48
#
# Core dump will be written. Default location: Core dumps may be processed with "/usr/share/apport/apport -p%p -s%s -c%c -d%d -P%P -u%u -g%g -- %E" (or dumping to /home/dov/projects/NeighborhoodPIG/core.20714)
#
# If you would like to submit a bug report, please visit:
#   https://bugs.launchpad.net/ubuntu/+source/openjdk-21
#

---------------  S U M M A R Y ------------

Command Line: -Dfile.encoding=UTF-8 --module-path=/home/dov/projects/NeighborhoodPIG/build/classes main.NeighborhoodPIG

Host: AMD Ryzen 9 6900HS with Radeon Graphics, 16 cores, 30G, Ubuntu 24.04.1 LTS
Time: Sun Nov 24 18:41:00 2024 IST elapsed time: 0.349472 seconds (0d 0h 0m 0s)

---------------  T H R E A D  ---------------

Current thread (0x0000709abc01a0a0):  JavaThread "main"             [_thread_in_Java, id=20719, stack(0x0000709ac1500000,0x0000709ac1600000) (1024K)]

Stack: [0x0000709ac1500000,0x0000709ac1600000],  sp=0x0000709ac15fe538,  free space=1017k
Native frames: (J=compiled Java code, j=interpreted, Vv=VM code, C=native code)
j  JCudaWrapper.array.Array.get(LJCudaWrapper/resourceManagement/Handle;Ljcuda/Pointer;III)V+48
j  JCudaWrapper.array.DArray.getIncremented(LJCudaWrapper/resourceManagement/Handle;I)[D+37
j  JCudaWrapper.algebra.Vector.vecGet()[D+12
j  JCudaWrapper.algebra.Matrix.lambda$get$1(I)[D+5
j  JCudaWrapper.algebra.Matrix$$Lambda+0x0000709a3c0201e8.apply(I)Ljava/lang/Object;+5
j  java.util.Arrays.setAll([Ljava/lang/Object;Ljava/util/function/IntFunction;)V+17 java.base@21.0.5
j  JCudaWrapper.algebra.Matrix.get()[[D+15
j  main.StructureTensorMatrix.getRGB()[[[D+78
j  main.NeighborhoodPIG.orientationColored(Ljava/lang/String;)V+4
j  main.NeighborhoodPIG.main([Ljava/lang/String;)V+14
v  ~StubRoutines::call_stub 0x0000709aabc5fcc6
V  [libjvm.so+0x90b55a]  JavaCalls::call_helper(JavaValue*, methodHandle const&, JavaCallArguments*, JavaThread*)+0x2da
V  [libjvm.so+0x9b29bd]  jni_invoke_static(JNIEnv_*, JavaValue*, _jobject*, JNICallType, _jmethodID*, JNI_ArgumentPusher*, JavaThread*) [clone .constprop.1]+0x35d
V  [libjvm.so+0x9b426b]  jni_CallStaticVoidMethod+0x16b
C  [libjli.so+0x55be]  JavaMain+0xfde
C  [libjli.so+0x844d]  ThreadJavaMain+0xd
C  [libc.so.6+0x9ca94]

siginfo: si_signo: 11 (SIGSEGV), si_code: 1 (SEGV_MAPERR), si_addr: 0x00000098840f0866

Registers:
RAX=0x0000709a3b000000, RBX=0x0000709ac1ed7130, RCX=0x00000006348b4b28, RDX=0x0000000000000000
RSP=0x0000709ac15fe530, RBP=0x0000709ac15fe598, RSI=0x0000000000000001, RDI=0x0000709a304b5110
R8 =0x0000000000000045, R9 =0x000000000000004d, R10=0x0000709a3b000000, R11=0x0000709aa48d7ae0
R12=0x0000000000000000, R13=0x0000709ac15fe538, R14=0x0000000000000000, R15=0x0000709abc01a0a0
RIP=0x00000098840f0866, EFLAGS=0x0000000000010246, CSGSFS=0x002b000000000033, ERR=0x0000000000000014
  TRAPNO=0x000000000000000e


Register to memory mapping:

RAX=0x0000709a3b000000 is pointing into metadata
RBX=0x0000709ac1ed7130: <offset 0x00000000008d7130> in /usr/lib/jvm/java-21-openjdk-amd64/lib/server/libjvm.so at 0x0000709ac1600000
RCX=
[error occurred during error reporting (printing register info), id 0xb, SIGSEGV (0xb) at pc=0x0000709ac1dbee53]
RDX=0x0 is null
RSP=0x0000709ac15fe530 is pointing into the stack for thread: 0x0000709abc01a0a0
RBP=0x0000709ac15fe598 is pointing into the stack for thread: 0x0000709abc01a0a0
RSI=0x0000000000000001 is an unknown value
RDI=0x0000709a304b5110 is pointing into metadata
R8 =0x0000000000000045 is an unknown value
R9 =0x000000000000004d is an unknown value
R10=0x0000709a3b000000 is pointing into metadata
R11=0x0000709aa48d7ae0 is at entry_point+32 in (nmethod*)0x0000709aa48d7910
Compiled method (c1) 353  628       3       JCudaWrapper.array.Array::checkAgainstLength (10 bytes)
 total in heap  [0x0000709aa48d7910,0x0000709aa48d7d00] = 1008
 relocation     [0x0000709aa48d7a68,0x0000709aa48d7aa8] = 64
 main code      [0x0000709aa48d7ac0,0x0000709aa48d7c40] = 384
 stub code      [0x0000709aa48d7c40,0x0000709aa48d7c80] = 64
 oops           [0x0000709aa48d7c80,0x0000709aa48d7c88] = 8
 metadata       [0x0000709aa48d7c88,0x0000709aa48d7ca0] = 24
 scopes data    [0x0000709aa48d7ca0,0x0000709aa48d7cb8] = 24
 scopes pcs     [0x0000709aa48d7cb8,0x0000709aa48d7cf8] = 64
 dependencies   [0x0000709aa48d7cf8,0x0000709aa48d7d00] = 8
R12=0x0 is null
R13=0x0000709ac15fe538 is pointing into the stack for thread: 0x0000709abc01a0a0
R14=0x0 is null
R15=0x0000709abc01a0a0 is a thread

Top of Stack: (sp=0x0000709ac15fe530)
0x0000709ac15fe530:   0000709aabc672f2 0000000000000070
0x0000709ac15fe540:   0000000000000000 00000006348b4b28
0x0000709ac15fe550:   0000709ac15fe550 0000709a3048e768
0x0000709ac15fe560:   0000000000000008 0000709a304995b8
0x0000709ac15fe570:   0000000000000000 0000000634e276a8
0x0000709ac15fe580:   0000709a3048e820 0000709ac15fe538
0x0000709ac15fe590:   0000709ac15fe5b0 0000709ac15fe628
0x0000709ac15fe5a0:   0000709aabc67180 0000000000000000
0x0000709ac15fe5b0:   0000000000000001 0000000000000002
0x0000709ac15fe5c0:   000000000000000e 00000006348b4b28
0x0000709ac15fe5d0:   00000006353ff290 00000006348b47b8
0x0000709ac15fe5e0:   0000709ac15fe5e0 0000709a3049242d
0x0000709ac15fe5f0:   0000000000000007 0000709a30499c38
0x0000709ac15fe600:   0000000000000000 0000000634e33d10
0x0000709ac15fe610:   0000709a304924a0 0000709ac15fe5b0
0x0000709ac15fe620:   0000709ac15fe650 0000709ac15fe6b0
0x0000709ac15fe630:   0000709aabc672f2 0000000000000002
0x0000709ac15fe640:   00000006348b4b28 00000006348b4ae8
0x0000709ac15fe650:   0000000000000007 00000006353ff290
0x0000709ac15fe660:   00000006348b47b8 0000709ac15fe668
0x0000709ac15fe670:   0000709a304a1d4c 0000000000000002
0x0000709ac15fe680:   0000709a304a6000 0000000000000000
0x0000709ac15fe690:   0000000634ee9308 0000709a304a1d68
0x0000709ac15fe6a0:   0000709ac15fe650 0000709ac15fe6c0
0x0000709ac15fe6b0:   0000709ac15fe710 0000709aabc672f2
0x0000709ac15fe6c0:   00000006348b46c8 0000709ac15fe6c8
0x0000709ac15fe6d0:   0000709a30409ded 0000000000000003
0x0000709ac15fe6e0:   0000709a30498000 0000000000000000
0x0000709ac15fe6f0:   00000006353fef08 0000709a30409e10
0x0000709ac15fe700:   0000709ac15fe6c0 0000709ac15fe720
0x0000709ac15fe710:   0000709ac15fe778 0000709aabc672f2
0x0000709ac15fe720:   0000000000000000 00000006348b1978 

Instructions: (pc=0x0000709aabc672f2)
0x0000709aabc671f2:   50 81 e3 ff 00 00 00 48 8d 24 dc 41 0f b6 5d 03
0x0000709aabc67202:   49 83 c5 03 49 ba 40 a2 b3 c2 9a 70 00 00 41 ff
0x0000709aabc67212:   24 da 48 8b 65 f0 48 c7 45 f0 00 00 00 00 4c 8b
0x0000709aabc67222:   6d c0 4c 8b 75 c8 4e 8d 74 f5 00 41 0f b7 4d 01
0x0000709aabc67232:   48 8b 5d d0 c1 e1 02 8b 5c cb 50 81 e3 ff 00 00
0x0000709aabc67242:   00 48 8d 24 dc 41 0f b6 5d 03 49 83 c5 03 49 ba
0x0000709aabc67252:   40 9a b3 c2 9a 70 00 00 41 ff 24 da 48 8b 65 f0
0x0000709aabc67262:   48 c7 45 f0 00 00 00 00 4c 8b 6d c0 4c 8b 75 c8
0x0000709aabc67272:   4e 8d 74 f5 00 41 0f b7 4d 01 48 8b 5d d0 c1 e1
0x0000709aabc67282:   02 8b 5c cb 50 81 e3 ff 00 00 00 48 8d 24 dc 41
0x0000709aabc67292:   0f b6 5d 03 49 83 c5 03 49 ba 40 92 b3 c2 9a 70
0x0000709aabc672a2:   00 00 41 ff 24 da 48 8b 65 f0 48 c7 45 f0 00 00
0x0000709aabc672b2:   00 00 4c 8b 6d c0 4c 8b 75 c8 4e 8d 74 f5 00 41
0x0000709aabc672c2:   0f b7 4d 01 48 8b 5d d0 c1 e1 02 8b 5c cb 50 81
0x0000709aabc672d2:   e3 ff 00 00 00 48 8d 24 dc 41 0f b6 5d 03 49 83
0x0000709aabc672e2:   c5 03 49 ba 40 8a b3 c2 9a 70 00 00 41 ff 24 da
0x0000709aabc672f2:   48 8b 65 f0 48 c7 45 f0 00 00 00 00 4c 8b 6d c0
0x0000709aabc67302:   4c 8b 75 c8 4e 8d 74 f5 00 48 8b 5d d8 48 85 db
0x0000709aabc67312:   0f 84 8a 00 00 00 41 80 7d 00 ba 0f 84 1b 00 00
0x0000709aabc67322:   00 41 80 7d 00 e9 0f 84 10 00 00 00 48 8b 4d e8
0x0000709aabc67332:   66 81 79 34 8e 01 0f 85 64 00 00 00 48 8b c8 48
0x0000709aabc67342:   85 c9 75 0e f6 43 f8 01 75 56 f0 48 83 4b f8 01
0x0000709aabc67352:   eb 4e 8b 49 08 49 ba 00 00 00 3b 9a 70 00 00 49
0x0000709aabc67362:   03 ca 4c 8b d1 48 33 4b f8 48 f7 c1 fc ff ff ff
0x0000709aabc67372:   74 2e f6 c1 02 75 29 48 83 7b f8 00 74 1e 48 83
0x0000709aabc67382:   7b f8 01 74 17 49 8b ca 48 33 4b f8 48 f7 c1 fc
0x0000709aabc67392:   ff ff ff 74 0b 48 83 4b f8 02 eb 04 48 89 4b f8
0x0000709aabc673a2:   41 0f b7 4d 01 48 8b 5d d0 c1 e1 02 8b 5c cb 50
0x0000709aabc673b2:   81 e3 ff 00 00 00 48 8d 24 dc 41 0f b6 5d 03 49
0x0000709aabc673c2:   83 c5 03 49 ba 40 aa b3 c2 9a 70 00 00 41 ff 24
0x0000709aabc673d2:   da 48 8b 65 f0 48 c7 45 f0 00 00 00 00 4c 8b 6d
0x0000709aabc673e2:   c0 4c 8b 75 c8 4e 8d 74 f5 00 41 0f b7 4d 01 48 


Stack slot to memory mapping:

stack at sp + 0 slots: 0x0000000000000070 is an unknown value
stack at sp + 1 slots: 0x0 is null
stack at sp + 2 slots: 
[error occurred during error reporting (inspecting top of stack), id 0xb, SIGSEGV (0xb) at pc=0x0000709ac1dbee53]
stack at sp + 3 slots: 0x0000709ac15fe550 is pointing into the stack for thread: 0x0000709abc01a0a0
stack at sp + 4 slots: 0x0000709a3048e768 is pointing into metadata
stack at sp + 5 slots: 0x0000000000000008 is an unknown value
stack at sp + 6 slots: 0x0000709a304995b8 is pointing into metadata
stack at sp + 7 slots: 0x0 is null


---------------  P R O C E S S  ---------------

Threads class SMR info:
_java_thread_list=0x00007099f40ad890, length=15, elements={
0x0000709abc01a0a0, 0x0000709abc12cc90, 0x0000709abc12e200, 0x0000709abc12f9a0,
0x0000709abc130fe0, 0x0000709abc132580, 0x0000709abc134140, 0x0000709abc135800,
0x0000709abc149350, 0x0000709a0005f0c0, 0x0000709abc17f770, 0x0000709abd66d600,
0x0000709abd698890, 0x0000709a000d3b50, 0x00007099f40ac8e0
}

Java Threads: ( => current thread )
=>0x0000709abc01a0a0 JavaThread "main"                              [_thread_in_Java, id=20719, stack(0x0000709ac1500000,0x0000709ac1600000) (1024K)]
  0x0000709abc12cc90 JavaThread "Reference Handler"          daemon [_thread_blocked, id=20727, stack(0x0000709a939fb000,0x0000709a93afb000) (1024K)]
  0x0000709abc12e200 JavaThread "Finalizer"                  daemon [_thread_blocked, id=20728, stack(0x0000709a92b00000,0x0000709a92c00000) (1024K)]
  0x0000709abc12f9a0 JavaThread "Signal Dispatcher"          daemon [_thread_blocked, id=20729, stack(0x0000709a92a00000,0x0000709a92b00000) (1024K)]
  0x0000709abc130fe0 JavaThread "Service Thread"             daemon [_thread_blocked, id=20730, stack(0x0000709a92900000,0x0000709a92a00000) (1024K)]
  0x0000709abc132580 JavaThread "Monitor Deflation Thread"   daemon [_thread_blocked, id=20731, stack(0x0000709a92800000,0x0000709a92900000) (1024K)]
  0x0000709abc134140 JavaThread "C2 CompilerThread0"         daemon [_thread_blocked, id=20732, stack(0x0000709a92700000,0x0000709a92800000) (1024K)]
  0x0000709abc135800 JavaThread "C1 CompilerThread0"         daemon [_thread_blocked, id=20733, stack(0x0000709a92600000,0x0000709a92700000) (1024K)]
  0x0000709abc149350 JavaThread "Common-Cleaner"             daemon [_thread_blocked, id=20734, stack(0x0000709a92500000,0x0000709a92600000) (1024K)]
  0x0000709a0005f0c0 JavaThread "C1 CompilerThread1"         daemon [_thread_blocked, id=20735, stack(0x0000709a92400000,0x0000709a92500000) (1024K)]
  0x0000709abc17f770 JavaThread "Notification Thread"        daemon [_thread_blocked, id=20736, stack(0x0000709a92300000,0x0000709a92400000) (1024K)]
  0x0000709abd66d600 JavaThread "pool-1-thread-1"            daemon [_thread_blocked, id=20742, stack(0x0000709a92200000,0x0000709a92300000) (1024K)]
  0x0000709abd698890 JavaThread "Java2D Disposer"            daemon [_thread_blocked, id=20743, stack(0x0000709a92100000,0x0000709a92200000) (1024K)]
  0x0000709a000d3b50 JavaThread "C1 CompilerThread2"         daemon [_thread_blocked, id=20744, stack(0x0000709a90a7d000,0x0000709a90b7d000) (1024K)]
  0x00007099f40ac8e0 JavaThread "C1 CompilerThread3"         daemon [_thread_blocked, id=20745, stack(0x0000709a90100000,0x0000709a90200000) (1024K)]
Total: 15

Other Threads:
  0x0000709abc123890 VMThread "VM Thread"                           [id=20726, stack(0x0000709a93afc000,0x0000709a93bfc000) (1024K)]
  0x0000709abc111260 WatcherThread "VM Periodic Task Thread"        [id=20725, stack(0x0000709a93bfd000,0x0000709a93cfd000) (1024K)]
  0x0000709abc045410 WorkerThread "GC Thread#0"                     [id=20720, stack(0x0000709ac0165000,0x0000709ac0265000) (1024K)]
  0x0000709abc055f10 ConcurrentGCThread "G1 Main Marker"            [id=20721, stack(0x0000709ac0064000,0x0000709ac0164000) (1024K)]
  0x0000709abc056ec0 WorkerThread "G1 Conc#0"                       [id=20722, stack(0x0000709abbf00000,0x0000709abc000000) (1024K)]
  0x0000709abc0fead0 ConcurrentGCThread "G1 Refine#0"               [id=20723, stack(0x0000709a93dff000,0x0000709a93eff000) (1024K)]
  0x0000709abc0ffa90 ConcurrentGCThread "G1 Service"                [id=20724, stack(0x0000709a93cfe000,0x0000709a93dfe000) (1024K)]
Total: 7

Threads with active compile tasks:
Total: 0

VM state: not at safepoint (normal execution)

VM Mutex/Monitor currently owned by a thread: None

Heap address: 0x0000000616800000, size: 7832 MB, Compressed Oops mode: Zero based, Oop shift amount: 3

CDS archive(s) mapped at: [0x0000709a3b000000-0x0000709a3bc97000-0x0000709a3bc97000), size 13201408, SharedBaseAddress: 0x0000709a3b000000, ArchiveRelocationMode: 1.
Compressed class space mapped at: 0x0000709a3c000000-0x0000709a7c000000, reserved size: 1073741824
Narrow klass base: 0x0000709a3b000000, Narrow klass shift: 0, Narrow klass range: 0x100000000

GC Precious Log:
 CardTable entry size: 512
 Card Set container configuration: InlinePtr #cards 4 size 8 Array Of Cards #cards 32 size 80 Howl #buckets 8 coarsen threshold 7372 Howl Bitmap #cards 1024 size 144 coarsen threshold 921 Card regions per heap region 1 cards per card region 8192
 CPUs: 16 total, 16 available
 Memory: 31322M
 Large Page Support: Disabled
 NUMA Support: Disabled
 Compressed Oops: Enabled (Zero based)
 Heap Region Size: 4M
 Heap Min Capacity: 8M
 Heap Initial Capacity: 492M
 Heap Max Capacity: 7832M
 Pre-touch: Disabled
 Parallel Workers: 13
 Concurrent Workers: 3
 Concurrent Refinement Workers: 13
 Periodic GC: Disabled

Heap:
 garbage-first heap   total 507904K, used 9265K [0x0000000616800000, 0x0000000800000000)
  region size 4096K, 3 young (12288K), 0 survivors (0K)
 Metaspace       used 3382K, committed 3584K, reserved 1114112K
  class space    used 287K, committed 384K, reserved 1048576K

Heap Regions: E=young(eden), S=young(survivor), O=old, HS=humongous(starts), HC=humongous(continues), CS=collection set, F=free, TAMS=top-at-mark-start, PB=parsable bottom
|   0|0x0000000616800000, 0x0000000616800000, 0x0000000616c00000|  0%| F|  |TAMS 0x0000000616800000| PB 0x0000000616800000| Untracked 
|   1|0x0000000616c00000, 0x0000000616c00000, 0x0000000617000000|  0%| F|  |TAMS 0x0000000616c00000| PB 0x0000000616c00000| Untracked 
|   2|0x0000000617000000, 0x0000000617000000, 0x0000000617400000|  0%| F|  |TAMS 0x0000000617000000| PB 0x0000000617000000| Untracked 
|   3|0x0000000617400000, 0x0000000617400000, 0x0000000617800000|  0%| F|  |TAMS 0x0000000617400000| PB 0x0000000617400000| Untracked 
|   4|0x0000000617800000, 0x0000000617800000, 0x0000000617c00000|  0%| F|  |TAMS 0x0000000617800000| PB 0x0000000617800000| Untracked 
|   5|0x0000000617c00000, 0x0000000617c00000, 0x0000000618000000|  0%| F|  |TAMS 0x0000000617c00000| PB 0x0000000617c00000| Untracked 
|   6|0x0000000618000000, 0x0000000618000000, 0x0000000618400000|  0%| F|  |TAMS 0x0000000618000000| PB 0x0000000618000000| Untracked 
|   7|0x0000000618400000, 0x0000000618400000, 0x0000000618800000|  0%| F|  |TAMS 0x0000000618400000| PB 0x0000000618400000| Untracked 
|   8|0x0000000618800000, 0x0000000618800000, 0x0000000618c00000|  0%| F|  |TAMS 0x0000000618800000| PB 0x0000000618800000| Untracked 
|   9|0x0000000618c00000, 0x0000000618c00000, 0x0000000619000000|  0%| F|  |TAMS 0x0000000618c00000| PB 0x0000000618c00000| Untracked 
|  10|0x0000000619000000, 0x0000000619000000, 0x0000000619400000|  0%| F|  |TAMS 0x0000000619000000| PB 0x0000000619000000| Untracked 
|  11|0x0000000619400000, 0x0000000619400000, 0x0000000619800000|  0%| F|  |TAMS 0x0000000619400000| PB 0x0000000619400000| Untracked 
|  12|0x0000000619800000, 0x0000000619800000, 0x0000000619c00000|  0%| F|  |TAMS 0x0000000619800000| PB 0x0000000619800000| Untracked 
|  13|0x0000000619c00000, 0x0000000619c00000, 0x000000061a000000|  0%| F|  |TAMS 0x0000000619c00000| PB 0x0000000619c00000| Untracked 
|  14|0x000000061a000000, 0x000000061a000000, 0x000000061a400000|  0%| F|  |TAMS 0x000000061a000000| PB 0x000000061a000000| Untracked 
|  15|0x000000061a400000, 0x000000061a400000, 0x000000061a800000|  0%| F|  |TAMS 0x000000061a400000| PB 0x000000061a400000| Untracked 
|  16|0x000000061a800000, 0x000000061a800000, 0x000000061ac00000|  0%| F|  |TAMS 0x000000061a800000| PB 0x000000061a800000| Untracked 
|  17|0x000000061ac00000, 0x000000061ac00000, 0x000000061b000000|  0%| F|  |TAMS 0x000000061ac00000| PB 0x000000061ac00000| Untracked 
|  18|0x000000061b000000, 0x000000061b000000, 0x000000061b400000|  0%| F|  |TAMS 0x000000061b000000| PB 0x000000061b000000| Untracked 
|  19|0x000000061b400000, 0x000000061b400000, 0x000000061b800000|  0%| F|  |TAMS 0x000000061b400000| PB 0x000000061b400000| Untracked 
|  20|0x000000061b800000, 0x000000061b800000, 0x000000061bc00000|  0%| F|  |TAMS 0x000000061b800000| PB 0x000000061b800000| Untracked 
|  21|0x000000061bc00000, 0x000000061bc00000, 0x000000061c000000|  0%| F|  |TAMS 0x000000061bc00000| PB 0x000000061bc00000| Untracked 
|  22|0x000000061c000000, 0x000000061c000000, 0x000000061c400000|  0%| F|  |TAMS 0x000000061c000000| PB 0x000000061c000000| Untracked 
|  23|0x000000061c400000, 0x000000061c400000, 0x000000061c800000|  0%| F|  |TAMS 0x000000061c400000| PB 0x000000061c400000| Untracked 
|  24|0x000000061c800000, 0x000000061c800000, 0x000000061cc00000|  0%| F|  |TAMS 0x000000061c800000| PB 0x000000061c800000| Untracked 
|  25|0x000000061cc00000, 0x000000061cc00000, 0x000000061d000000|  0%| F|  |TAMS 0x000000061cc00000| PB 0x000000061cc00000| Untracked 
|  26|0x000000061d000000, 0x000000061d000000, 0x000000061d400000|  0%| F|  |TAMS 0x000000061d000000| PB 0x000000061d000000| Untracked 
|  27|0x000000061d400000, 0x000000061d400000, 0x000000061d800000|  0%| F|  |TAMS 0x000000061d400000| PB 0x000000061d400000| Untracked 
|  28|0x000000061d800000, 0x000000061d800000, 0x000000061dc00000|  0%| F|  |TAMS 0x000000061d800000| PB 0x000000061d800000| Untracked 
|  29|0x000000061dc00000, 0x000000061dc00000, 0x000000061e000000|  0%| F|  |TAMS 0x000000061dc00000| PB 0x000000061dc00000| Untracked 
|  30|0x000000061e000000, 0x000000061e000000, 0x000000061e400000|  0%| F|  |TAMS 0x000000061e000000| PB 0x000000061e000000| Untracked 
|  31|0x000000061e400000, 0x000000061e400000, 0x000000061e800000|  0%| F|  |TAMS 0x000000061e400000| PB 0x000000061e400000| Untracked 
|  32|0x000000061e800000, 0x000000061e800000, 0x000000061ec00000|  0%| F|  |TAMS 0x000000061e800000| PB 0x000000061e800000| Untracked 
|  33|0x000000061ec00000, 0x000000061ec00000, 0x000000061f000000|  0%| F|  |TAMS 0x000000061ec00000| PB 0x000000061ec00000| Untracked 
|  34|0x000000061f000000, 0x000000061f000000, 0x000000061f400000|  0%| F|  |TAMS 0x000000061f000000| PB 0x000000061f000000| Untracked 
|  35|0x000000061f400000, 0x000000061f400000, 0x000000061f800000|  0%| F|  |TAMS 0x000000061f400000| PB 0x000000061f400000| Untracked 
|  36|0x000000061f800000, 0x000000061f800000, 0x000000061fc00000|  0%| F|  |TAMS 0x000000061f800000| PB 0x000000061f800000| Untracked 
|  37|0x000000061fc00000, 0x000000061fc00000, 0x0000000620000000|  0%| F|  |TAMS 0x000000061fc00000| PB 0x000000061fc00000| Untracked 
|  38|0x0000000620000000, 0x0000000620000000, 0x0000000620400000|  0%| F|  |TAMS 0x0000000620000000| PB 0x0000000620000000| Untracked 
|  39|0x0000000620400000, 0x0000000620400000, 0x0000000620800000|  0%| F|  |TAMS 0x0000000620400000| PB 0x0000000620400000| Untracked 
|  40|0x0000000620800000, 0x0000000620800000, 0x0000000620c00000|  0%| F|  |TAMS 0x0000000620800000| PB 0x0000000620800000| Untracked 
|  41|0x0000000620c00000, 0x0000000620c00000, 0x0000000621000000|  0%| F|  |TAMS 0x0000000620c00000| PB 0x0000000620c00000| Untracked 
|  42|0x0000000621000000, 0x0000000621000000, 0x0000000621400000|  0%| F|  |TAMS 0x0000000621000000| PB 0x0000000621000000| Untracked 
|  43|0x0000000621400000, 0x0000000621400000, 0x0000000621800000|  0%| F|  |TAMS 0x0000000621400000| PB 0x0000000621400000| Untracked 
|  44|0x0000000621800000, 0x0000000621800000, 0x0000000621c00000|  0%| F|  |TAMS 0x0000000621800000| PB 0x0000000621800000| Untracked 
|  45|0x0000000621c00000, 0x0000000621c00000, 0x0000000622000000|  0%| F|  |TAMS 0x0000000621c00000| PB 0x0000000621c00000| Untracked 
|  46|0x0000000622000000, 0x0000000622000000, 0x0000000622400000|  0%| F|  |TAMS 0x0000000622000000| PB 0x0000000622000000| Untracked 
|  47|0x0000000622400000, 0x0000000622400000, 0x0000000622800000|  0%| F|  |TAMS 0x0000000622400000| PB 0x0000000622400000| Untracked 
|  48|0x0000000622800000, 0x0000000622800000, 0x0000000622c00000|  0%| F|  |TAMS 0x0000000622800000| PB 0x0000000622800000| Untracked 
|  49|0x0000000622c00000, 0x0000000622c00000, 0x0000000623000000|  0%| F|  |TAMS 0x0000000622c00000| PB 0x0000000622c00000| Untracked 
|  50|0x0000000623000000, 0x0000000623000000, 0x0000000623400000|  0%| F|  |TAMS 0x0000000623000000| PB 0x0000000623000000| Untracked 
|  51|0x0000000623400000, 0x0000000623400000, 0x0000000623800000|  0%| F|  |TAMS 0x0000000623400000| PB 0x0000000623400000| Untracked 
|  52|0x0000000623800000, 0x0000000623800000, 0x0000000623c00000|  0%| F|  |TAMS 0x0000000623800000| PB 0x0000000623800000| Untracked 
|  53|0x0000000623c00000, 0x0000000623c00000, 0x0000000624000000|  0%| F|  |TAMS 0x0000000623c00000| PB 0x0000000623c00000| Untracked 
|  54|0x0000000624000000, 0x0000000624000000, 0x0000000624400000|  0%| F|  |TAMS 0x0000000624000000| PB 0x0000000624000000| Untracked 
|  55|0x0000000624400000, 0x0000000624400000, 0x0000000624800000|  0%| F|  |TAMS 0x0000000624400000| PB 0x0000000624400000| Untracked 
|  56|0x0000000624800000, 0x0000000624800000, 0x0000000624c00000|  0%| F|  |TAMS 0x0000000624800000| PB 0x0000000624800000| Untracked 
|  57|0x0000000624c00000, 0x0000000624c00000, 0x0000000625000000|  0%| F|  |TAMS 0x0000000624c00000| PB 0x0000000624c00000| Untracked 
|  58|0x0000000625000000, 0x0000000625000000, 0x0000000625400000|  0%| F|  |TAMS 0x0000000625000000| PB 0x0000000625000000| Untracked 
|  59|0x0000000625400000, 0x0000000625400000, 0x0000000625800000|  0%| F|  |TAMS 0x0000000625400000| PB 0x0000000625400000| Untracked 
|  60|0x0000000625800000, 0x0000000625800000, 0x0000000625c00000|  0%| F|  |TAMS 0x0000000625800000| PB 0x0000000625800000| Untracked 
|  61|0x0000000625c00000, 0x0000000625c00000, 0x0000000626000000|  0%| F|  |TAMS 0x0000000625c00000| PB 0x0000000625c00000| Untracked 
|  62|0x0000000626000000, 0x0000000626000000, 0x0000000626400000|  0%| F|  |TAMS 0x0000000626000000| PB 0x0000000626000000| Untracked 
|  63|0x0000000626400000, 0x0000000626400000, 0x0000000626800000|  0%| F|  |TAMS 0x0000000626400000| PB 0x0000000626400000| Untracked 
|  64|0x0000000626800000, 0x0000000626800000, 0x0000000626c00000|  0%| F|  |TAMS 0x0000000626800000| PB 0x0000000626800000| Untracked 
|  65|0x0000000626c00000, 0x0000000626c00000, 0x0000000627000000|  0%| F|  |TAMS 0x0000000626c00000| PB 0x0000000626c00000| Untracked 
|  66|0x0000000627000000, 0x0000000627000000, 0x0000000627400000|  0%| F|  |TAMS 0x0000000627000000| PB 0x0000000627000000| Untracked 
|  67|0x0000000627400000, 0x0000000627400000, 0x0000000627800000|  0%| F|  |TAMS 0x0000000627400000| PB 0x0000000627400000| Untracked 
|  68|0x0000000627800000, 0x0000000627800000, 0x0000000627c00000|  0%| F|  |TAMS 0x0000000627800000| PB 0x0000000627800000| Untracked 
|  69|0x0000000627c00000, 0x0000000627c00000, 0x0000000628000000|  0%| F|  |TAMS 0x0000000627c00000| PB 0x0000000627c00000| Untracked 
|  70|0x0000000628000000, 0x0000000628000000, 0x0000000628400000|  0%| F|  |TAMS 0x0000000628000000| PB 0x0000000628000000| Untracked 
|  71|0x0000000628400000, 0x0000000628400000, 0x0000000628800000|  0%| F|  |TAMS 0x0000000628400000| PB 0x0000000628400000| Untracked 
|  72|0x0000000628800000, 0x0000000628800000, 0x0000000628c00000|  0%| F|  |TAMS 0x0000000628800000| PB 0x0000000628800000| Untracked 
|  73|0x0000000628c00000, 0x0000000628c00000, 0x0000000629000000|  0%| F|  |TAMS 0x0000000628c00000| PB 0x0000000628c00000| Untracked 
|  74|0x0000000629000000, 0x0000000629000000, 0x0000000629400000|  0%| F|  |TAMS 0x0000000629000000| PB 0x0000000629000000| Untracked 
|  75|0x0000000629400000, 0x0000000629400000, 0x0000000629800000|  0%| F|  |TAMS 0x0000000629400000| PB 0x0000000629400000| Untracked 
|  76|0x0000000629800000, 0x0000000629800000, 0x0000000629c00000|  0%| F|  |TAMS 0x0000000629800000| PB 0x0000000629800000| Untracked 
|  77|0x0000000629c00000, 0x0000000629c00000, 0x000000062a000000|  0%| F|  |TAMS 0x0000000629c00000| PB 0x0000000629c00000| Untracked 
|  78|0x000000062a000000, 0x000000062a000000, 0x000000062a400000|  0%| F|  |TAMS 0x000000062a000000| PB 0x000000062a000000| Untracked 
|  79|0x000000062a400000, 0x000000062a400000, 0x000000062a800000|  0%| F|  |TAMS 0x000000062a400000| PB 0x000000062a400000| Untracked 
|  80|0x000000062a800000, 0x000000062a800000, 0x000000062ac00000|  0%| F|  |TAMS 0x000000062a800000| PB 0x000000062a800000| Untracked 
|  81|0x000000062ac00000, 0x000000062ac00000, 0x000000062b000000|  0%| F|  |TAMS 0x000000062ac00000| PB 0x000000062ac00000| Untracked 
|  82|0x000000062b000000, 0x000000062b000000, 0x000000062b400000|  0%| F|  |TAMS 0x000000062b000000| PB 0x000000062b000000| Untracked 
|  83|0x000000062b400000, 0x000000062b400000, 0x000000062b800000|  0%| F|  |TAMS 0x000000062b400000| PB 0x000000062b400000| Untracked 
|  84|0x000000062b800000, 0x000000062b800000, 0x000000062bc00000|  0%| F|  |TAMS 0x000000062b800000| PB 0x000000062b800000| Untracked 
|  85|0x000000062bc00000, 0x000000062bc00000, 0x000000062c000000|  0%| F|  |TAMS 0x000000062bc00000| PB 0x000000062bc00000| Untracked 
|  86|0x000000062c000000, 0x000000062c000000, 0x000000062c400000|  0%| F|  |TAMS 0x000000062c000000| PB 0x000000062c000000| Untracked 
|  87|0x000000062c400000, 0x000000062c400000, 0x000000062c800000|  0%| F|  |TAMS 0x000000062c400000| PB 0x000000062c400000| Untracked 
|  88|0x000000062c800000, 0x000000062c800000, 0x000000062cc00000|  0%| F|  |TAMS 0x000000062c800000| PB 0x000000062c800000| Untracked 
|  89|0x000000062cc00000, 0x000000062cc00000, 0x000000062d000000|  0%| F|  |TAMS 0x000000062cc00000| PB 0x000000062cc00000| Untracked 
|  90|0x000000062d000000, 0x000000062d000000, 0x000000062d400000|  0%| F|  |TAMS 0x000000062d000000| PB 0x000000062d000000| Untracked 
|  91|0x000000062d400000, 0x000000062d400000, 0x000000062d800000|  0%| F|  |TAMS 0x000000062d400000| PB 0x000000062d400000| Untracked 
|  92|0x000000062d800000, 0x000000062d800000, 0x000000062dc00000|  0%| F|  |TAMS 0x000000062d800000| PB 0x000000062d800000| Untracked 
|  93|0x000000062dc00000, 0x000000062dc00000, 0x000000062e000000|  0%| F|  |TAMS 0x000000062dc00000| PB 0x000000062dc00000| Untracked 
|  94|0x000000062e000000, 0x000000062e000000, 0x000000062e400000|  0%| F|  |TAMS 0x000000062e000000| PB 0x000000062e000000| Untracked 
|  95|0x000000062e400000, 0x000000062e400000, 0x000000062e800000|  0%| F|  |TAMS 0x000000062e400000| PB 0x000000062e400000| Untracked 
|  96|0x000000062e800000, 0x000000062e800000, 0x000000062ec00000|  0%| F|  |TAMS 0x000000062e800000| PB 0x000000062e800000| Untracked 
|  97|0x000000062ec00000, 0x000000062ec00000, 0x000000062f000000|  0%| F|  |TAMS 0x000000062ec00000| PB 0x000000062ec00000| Untracked 
|  98|0x000000062f000000, 0x000000062f000000, 0x000000062f400000|  0%| F|  |TAMS 0x000000062f000000| PB 0x000000062f000000| Untracked 
|  99|0x000000062f400000, 0x000000062f400000, 0x000000062f800000|  0%| F|  |TAMS 0x000000062f400000| PB 0x000000062f400000| Untracked 
| 100|0x000000062f800000, 0x000000062f800000, 0x000000062fc00000|  0%| F|  |TAMS 0x000000062f800000| PB 0x000000062f800000| Untracked 
| 101|0x000000062fc00000, 0x000000062fc00000, 0x0000000630000000|  0%| F|  |TAMS 0x000000062fc00000| PB 0x000000062fc00000| Untracked 
| 102|0x0000000630000000, 0x0000000630000000, 0x0000000630400000|  0%| F|  |TAMS 0x0000000630000000| PB 0x0000000630000000| Untracked 
| 103|0x0000000630400000, 0x0000000630400000, 0x0000000630800000|  0%| F|  |TAMS 0x0000000630400000| PB 0x0000000630400000| Untracked 
| 104|0x0000000630800000, 0x0000000630800000, 0x0000000630c00000|  0%| F|  |TAMS 0x0000000630800000| PB 0x0000000630800000| Untracked 
| 105|0x0000000630c00000, 0x0000000630c00000, 0x0000000631000000|  0%| F|  |TAMS 0x0000000630c00000| PB 0x0000000630c00000| Untracked 
| 106|0x0000000631000000, 0x0000000631000000, 0x0000000631400000|  0%| F|  |TAMS 0x0000000631000000| PB 0x0000000631000000| Untracked 
| 107|0x0000000631400000, 0x0000000631400000, 0x0000000631800000|  0%| F|  |TAMS 0x0000000631400000| PB 0x0000000631400000| Untracked 
| 108|0x0000000631800000, 0x0000000631800000, 0x0000000631c00000|  0%| F|  |TAMS 0x0000000631800000| PB 0x0000000631800000| Untracked 
| 109|0x0000000631c00000, 0x0000000631c00000, 0x0000000632000000|  0%| F|  |TAMS 0x0000000631c00000| PB 0x0000000631c00000| Untracked 
| 110|0x0000000632000000, 0x0000000632000000, 0x0000000632400000|  0%| F|  |TAMS 0x0000000632000000| PB 0x0000000632000000| Untracked 
| 111|0x0000000632400000, 0x0000000632400000, 0x0000000632800000|  0%| F|  |TAMS 0x0000000632400000| PB 0x0000000632400000| Untracked 
| 112|0x0000000632800000, 0x0000000632800000, 0x0000000632c00000|  0%| F|  |TAMS 0x0000000632800000| PB 0x0000000632800000| Untracked 
| 113|0x0000000632c00000, 0x0000000632c00000, 0x0000000633000000|  0%| F|  |TAMS 0x0000000632c00000| PB 0x0000000632c00000| Untracked 
| 114|0x0000000633000000, 0x0000000633000000, 0x0000000633400000|  0%| F|  |TAMS 0x0000000633000000| PB 0x0000000633000000| Untracked 
| 115|0x0000000633400000, 0x0000000633400000, 0x0000000633800000|  0%| F|  |TAMS 0x0000000633400000| PB 0x0000000633400000| Untracked 
| 116|0x0000000633800000, 0x0000000633800000, 0x0000000633c00000|  0%| F|  |TAMS 0x0000000633800000| PB 0x0000000633800000| Untracked 
| 117|0x0000000633c00000, 0x0000000633c00000, 0x0000000634000000|  0%| F|  |TAMS 0x0000000633c00000| PB 0x0000000633c00000| Untracked 
| 118|0x0000000634000000, 0x0000000634000000, 0x0000000634400000|  0%| F|  |TAMS 0x0000000634000000| PB 0x0000000634000000| Untracked 
| 119|0x0000000634400000, 0x0000000634400000, 0x0000000634800000|  0%| F|  |TAMS 0x0000000634400000| PB 0x0000000634400000| Untracked 
| 120|0x0000000634800000, 0x00000006348f6560, 0x0000000634c00000| 24%| E|  |TAMS 0x0000000634800000| PB 0x0000000634800000| Complete 
| 121|0x0000000634c00000, 0x0000000635000000, 0x0000000635000000|100%| E|CS|TAMS 0x0000000634c00000| PB 0x0000000634c00000| Complete 
| 122|0x0000000635000000, 0x0000000635400000, 0x0000000635400000|100%| E|CS|TAMS 0x0000000635000000| PB 0x0000000635000000| Complete 
|1957|0x00000007ffc00000, 0x00000007ffd0c710, 0x0000000800000000| 26%| O|  |TAMS 0x00000007ffc00000| PB 0x00000007ffc00000| Untracked 

Card table byte_map: [0x0000709aa2800000,0x0000709aa374c000] _byte_map_base: 0x0000709a9f74c000

Marking Bits: (CMBitMap*) 0x0000709abc045f40
 Bits: [0x0000709a9ac00000, 0x0000709aa2660000)

Polling page: 0x0000709ac3007000

Metaspace:

Usage:
  Non-class:      3.02 MB used.
      Class:    287.41 KB used.
       Both:      3.30 MB used.

Virtual space:
  Non-class space:       64.00 MB reserved,       3.12 MB (  5%) committed,  1 nodes.
      Class space:        1.00 GB reserved,     384.00 KB ( <1%) committed,  1 nodes.
             Both:        1.06 GB reserved,       3.50 MB ( <1%) committed. 

Chunk freelists:
   Non-Class:  11.02 MB
       Class:  15.61 MB
        Both:  26.62 MB

MaxMetaspaceSize: unlimited
CompressedClassSpaceSize: 1.00 GB
Initial GC threshold: 21.00 MB
Current GC threshold: 21.00 MB
CDS: on
 - commit_granule_bytes: 65536.
 - commit_granule_words: 8192.
 - virtual_space_node_default_size: 8388608.
 - enlarge_chunks_in_place: 1.
 - use_allocation_guard: 0.


Internal statistics:

num_allocs_failed_limit: 0.
num_arena_births: 104.
num_arena_deaths: 0.
num_vsnodes_births: 2.
num_vsnodes_deaths: 0.
num_space_committed: 56.
num_space_uncommitted: 0.
num_chunks_returned_to_freelist: 0.
num_chunks_taken_from_freelist: 183.
num_chunk_merges: 0.
num_chunk_splits: 108.
num_chunks_enlarged: 45.
num_inconsistent_stats: 0.

CodeHeap 'non-profiled nmethods': size=119168Kb used=217Kb max_used=217Kb free=118950Kb
 bounds [0x0000709aac3a0000, 0x0000709aac610000, 0x0000709ab3800000]
CodeHeap 'profiled nmethods': size=119164Kb used=1004Kb max_used=1004Kb free=118160Kb
 bounds [0x0000709aa4800000, 0x0000709aa4a70000, 0x0000709aabc5f000]
CodeHeap 'non-nmethods': size=7428Kb used=3197Kb max_used=3210Kb free=4230Kb
 bounds [0x0000709aabc5f000, 0x0000709aabf8f000, 0x0000709aac3a0000]
 total_blobs=1312 nmethods=714 adapters=501
 compilation: enabled
              stopped_count=0, restarted_count=0
 full_count=0

Compilation events (20 events):
Event: 0.343 Thread 0x0000709a0005f0c0 nmethod 705 0x0000709aa48f3290 code [0x0000709aa48f34c0, 0x0000709aa48f3ad8]
Event: 0.344 Thread 0x0000709abc135800 nmethod 702 0x0000709aa48f3d10 code [0x0000709aa48f3fe0, 0x0000709aa48f4ec0]
Event: 0.344 Thread 0x0000709a000d3b50 nmethod 698 0x0000709aa48f5510 code [0x0000709aa48f5960, 0x0000709aa48f7ba0]
Event: 0.344 Thread 0x00007099f40ac8e0  707       1       jdk.internal.loader.URLClassPath$Loader::getBaseURL (5 bytes)
Event: 0.344 Thread 0x00007099f40ac8e0 nmethod 707 0x0000709aac3d5c90 code [0x0000709aac3d5e20, 0x0000709aac3d5ee8]
Event: 0.345 Thread 0x0000709a000d3b50  708       3       java.util.jar.JarFile::maybeInstantiateVerifier (42 bytes)
Event: 0.345 Thread 0x0000709a000d3b50 nmethod 708 0x0000709aa48f8c10 code [0x0000709aa48f8de0, 0x0000709aa48f9130]
Event: 0.345 Thread 0x0000709abc135800  709       1       java.net.URLStreamHandler::getDefaultPort (2 bytes)
Event: 0.345 Thread 0x0000709abc135800 nmethod 709 0x0000709aac3d5f90 code [0x0000709aac3d6120, 0x0000709aac3d61e0]
Event: 0.345 Thread 0x00007099f40ac8e0  710       3       jdk.internal.ref.CleanerFactory::cleaner (4 bytes)
Event: 0.345 Thread 0x00007099f40ac8e0 nmethod 710 0x0000709aa48f9290 code [0x0000709aa48f9420, 0x0000709aa48f9510]
Event: 0.346 Thread 0x0000709abc134140  711       4       java.lang.invoke.MethodType::parameterCount (6 bytes)
Event: 0.346 Thread 0x0000709abc134140 nmethod 711 0x0000709aac3d6290 code [0x0000709aac3d6400, 0x0000709aac3d64a0]
Event: 0.348 Thread 0x0000709a000d3b50  712       3       java.lang.invoke.DirectMethodHandle::internalMemberName (8 bytes)
Event: 0.348 Thread 0x0000709a000d3b50 nmethod 712 0x0000709aa48f9590 code [0x0000709aa48f9720, 0x0000709aa48f9908]
Event: 0.348 Thread 0x0000709a0005f0c0  713       3       java.lang.String::indexOf (64 bytes)
Event: 0.348 Thread 0x0000709a000d3b50  714       3       java.lang.StringLatin1::indexOf (25 bytes)
Event: 0.349 Thread 0x0000709a000d3b50 nmethod 714 0x0000709aa48f9a10 code [0x0000709aa48f9bc0, 0x0000709aa48f9db0]
Event: 0.349 Thread 0x0000709a0005f0c0 nmethod 713 0x0000709aa48f9e90 code [0x0000709aa48fa0a0, 0x0000709aa48fa548]
Event: 0.349 Thread 0x0000709a000d3b50  715       3       jdk.internal.org.objectweb.asm.Label::resolve (219 bytes)

GC Heap History (0 events):
No events

Dll operation events (11 events):
Event: 0.002 Loaded shared library /usr/lib/jvm/java-21-openjdk-amd64/lib/libjava.so
Event: 0.023 Loaded shared library /usr/lib/jvm/java-21-openjdk-amd64/lib/libjsvml.so
Event: 0.024 Loaded shared library /usr/lib/jvm/java-21-openjdk-amd64/lib/libnio.so
Event: 0.059 Loaded shared library /usr/lib/jvm/java-21-openjdk-amd64/lib/libzip.so
Event: 0.081 Loaded shared library /usr/lib/jvm/java-21-openjdk-amd64/lib/libjimage.so
Event: 0.132 Loaded shared library /tmp/libJCublas2-12.0.0-linux-x86_64.so
Event: 0.230 Loaded shared library /tmp/libJCudaRuntime-12.0.0-linux-x86_64.so
Event: 0.245 Loaded shared library /usr/lib/jvm/java-21-openjdk-amd64/lib/libawt.so
Event: 0.248 Loaded shared library /usr/lib/jvm/java-21-openjdk-amd64/lib/libawt_xawt.so
Event: 0.272 Loaded shared library /usr/lib/jvm/java-21-openjdk-amd64/lib/libjavajpeg.so
Event: 0.340 Loaded shared library /tmp/libJCudaDriver-12.0.0-linux-x86_64.so

Deoptimization events (20 events):
Event: 0.246 Thread 0x0000709abc01a0a0 DEOPT PACKING pc=0x0000709aac3b512c sp=0x0000709ac15fa7a0
Event: 0.246 Thread 0x0000709abc01a0a0 DEOPT UNPACKING pc=0x0000709aabcb2f99 sp=0x0000709ac15fa770 mode 2
Event: 0.339 Thread 0x0000709abc01a0a0 DEOPT PACKING pc=0x0000709aa4816d48 sp=0x0000709ac15fd6c0
Event: 0.339 Thread 0x0000709abc01a0a0 DEOPT UNPACKING pc=0x0000709aabcb372f sp=0x0000709ac15fcb00 mode 0
Event: 0.346 Thread 0x0000709abc01a0a0 Uncommon trap: trap_request=0xffffffc6 fr.pc=0x0000709aac3b337c relative=0x0000000000000b3c
Event: 0.346 Thread 0x0000709abc01a0a0 Uncommon trap: reason=bimorphic_or_optimized_type_check action=maybe_recompile pc=0x0000709aac3b337c method=java.util.HashMap.putVal(ILjava/lang/Object;Ljava/lang/Object;ZZ)Ljava/lang/Object; @ 56 c2
Event: 0.346 Thread 0x0000709abc01a0a0 DEOPT PACKING pc=0x0000709aac3b337c sp=0x0000709ac15fe530
Event: 0.346 Thread 0x0000709abc01a0a0 DEOPT UNPACKING pc=0x0000709aabcb2f99 sp=0x0000709ac15fe4b8 mode 2
Event: 0.347 Thread 0x0000709abc01a0a0 Uncommon trap: trap_request=0xffffffc6 fr.pc=0x0000709aac3b337c relative=0x0000000000000b3c
Event: 0.347 Thread 0x0000709abc01a0a0 Uncommon trap: reason=bimorphic_or_optimized_type_check action=maybe_recompile pc=0x0000709aac3b337c method=java.util.HashMap.putVal(ILjava/lang/Object;Ljava/lang/Object;ZZ)Ljava/lang/Object; @ 56 c2
Event: 0.347 Thread 0x0000709abc01a0a0 DEOPT PACKING pc=0x0000709aac3b337c sp=0x0000709ac15fe4b0
Event: 0.347 Thread 0x0000709abc01a0a0 DEOPT UNPACKING pc=0x0000709aabcb2f99 sp=0x0000709ac15fe438 mode 2
Event: 0.348 Thread 0x0000709abc01a0a0 Uncommon trap: trap_request=0xffffffc6 fr.pc=0x0000709aac3b337c relative=0x0000000000000b3c
Event: 0.348 Thread 0x0000709abc01a0a0 Uncommon trap: reason=bimorphic_or_optimized_type_check action=maybe_recompile pc=0x0000709aac3b337c method=java.util.HashMap.putVal(ILjava/lang/Object;Ljava/lang/Object;ZZ)Ljava/lang/Object; @ 56 c2
Event: 0.348 Thread 0x0000709abc01a0a0 DEOPT PACKING pc=0x0000709aac3b337c sp=0x0000709ac15fe610
Event: 0.348 Thread 0x0000709abc01a0a0 DEOPT UNPACKING pc=0x0000709aabcb2f99 sp=0x0000709ac15fe598 mode 2
Event: 0.348 Thread 0x0000709abc01a0a0 Uncommon trap: trap_request=0xffffffc6 fr.pc=0x0000709aac3b337c relative=0x0000000000000b3c
Event: 0.348 Thread 0x0000709abc01a0a0 Uncommon trap: reason=bimorphic_or_optimized_type_check action=maybe_recompile pc=0x0000709aac3b337c method=java.util.HashMap.putVal(ILjava/lang/Object;Ljava/lang/Object;ZZ)Ljava/lang/Object; @ 56 c2
Event: 0.348 Thread 0x0000709abc01a0a0 DEOPT PACKING pc=0x0000709aac3b337c sp=0x0000709ac15fe610
Event: 0.348 Thread 0x0000709abc01a0a0 DEOPT UNPACKING pc=0x0000709aabcb2f99 sp=0x0000709ac15fe598 mode 2

Classes loaded (20 events):
Event: 0.281 Loading class java/util/stream/MatchOps
Event: 0.281 Loading class java/util/stream/MatchOps done
Event: 0.281 Loading class java/util/stream/MatchOps$MatchOp
Event: 0.281 Loading class java/util/stream/MatchOps$MatchOp done
Event: 0.281 Loading class java/util/stream/MatchOps$BooleanTerminalSink
Event: 0.281 Loading class java/util/stream/MatchOps$BooleanTerminalSink done
Event: 0.282 Loading class java/util/stream/MatchOps$2MatchSink
Event: 0.282 Loading class java/util/stream/Sink$OfInt
Event: 0.282 Loading class java/util/stream/Sink$OfInt done
Event: 0.282 Loading class java/util/stream/MatchOps$2MatchSink done
Event: 0.282 Loading class java/util/stream/MatchOps$1MatchSink
Event: 0.282 Loading class java/util/stream/MatchOps$1MatchSink done
Event: 0.283 Loading class java/nio/HeapDoubleBuffer
Event: 0.283 Loading class java/nio/HeapDoubleBuffer done
Event: 0.288 Loading class java/awt/Dimension
Event: 0.288 Loading class java/awt/geom/Dimension2D
Event: 0.289 Loading class java/awt/geom/Dimension2D done
Event: 0.289 Loading class java/awt/Dimension done
Event: 0.346 Loading class java/nio/HeapIntBuffer
Event: 0.346 Loading class java/nio/HeapIntBuffer done

Classes unloaded (0 events):
No events

Classes redefined (0 events):
No events

Internal exceptions (13 events):
Event: 0.045 Thread 0x0000709abc01a0a0 Exception <a 'sun/nio/fs/UnixException'{0x0000000635073bb8}> (0x0000000635073bb8) 
thrown [./src/hotspot/share/prims/jni.cpp, line 520]
Event: 0.045 Thread 0x0000709abc01a0a0 Exception <a 'sun/nio/fs/UnixException'{0x0000000635074328}> (0x0000000635074328) 
thrown [./src/hotspot/share/prims/jni.cpp, line 520]
Event: 0.045 Thread 0x0000709abc01a0a0 Exception <a 'sun/nio/fs/UnixException'{0x0000000635074b58}> (0x0000000635074b58) 
thrown [./src/hotspot/share/prims/jni.cpp, line 520]
Event: 0.045 Thread 0x0000709abc01a0a0 Exception <a 'sun/nio/fs/UnixException'{0x0000000635075150}> (0x0000000635075150) 
thrown [./src/hotspot/share/prims/jni.cpp, line 520]
Event: 0.045 Thread 0x0000709abc01a0a0 Exception <a 'sun/nio/fs/UnixException'{0x0000000635075720}> (0x0000000635075720) 
thrown [./src/hotspot/share/prims/jni.cpp, line 520]
Event: 0.045 Thread 0x0000709abc01a0a0 Exception <a 'sun/nio/fs/UnixException'{0x0000000635075d00}> (0x0000000635075d00) 
thrown [./src/hotspot/share/prims/jni.cpp, line 520]
Event: 0.045 Thread 0x0000709abc01a0a0 Exception <a 'sun/nio/fs/UnixException'{0x0000000635076550}> (0x0000000635076550) 
thrown [./src/hotspot/share/prims/jni.cpp, line 520]
Event: 0.236 Thread 0x0000709abc01a0a0 Exception <a 'java/lang/NoSuchMethodError'{0x0000000634cd44a8}: 'void java.lang.invoke.DirectMethodHandle$Holder.invokeStatic(java.lang.Object, java.lang.Object)'> (0x0000000634cd44a8) 
thrown [./src/hotspot/share/interpreter/linkResolver.cpp, line 772]
Event: 0.240 Thread 0x0000709abc01a0a0 Implicit null exception at 0x0000709aac3b54e3 to 0x0000709aac3b5644
Event: 0.243 Thread 0x0000709abc01a0a0 Exception <a 'java/lang/ClassNotFoundException'{0x0000000634ce8ad0}: sun/awt/resources/spi/awtProvider> (0x0000000634ce8ad0) 
thrown [./src/hotspot/share/classfile/systemDictionary.cpp, line 312]
Event: 0.255 Thread 0x0000709abc01a0a0 Exception <a 'java/io/FileNotFoundException'{0x0000000634db6dc8}> (0x0000000634db6dc8) 
thrown [./src/hotspot/share/prims/jni.cpp, line 520]
Event: 0.284 Thread 0x0000709abc01a0a0 Exception <a 'java/lang/NoSuchMethodError'{0x0000000634eebaa0}: 'java.lang.Object java.lang.invoke.DirectMethodHandle$Holder.invokeStatic(java.lang.Object, java.lang.Object, int)'> (0x0000000634eebaa0) 
thrown [./src/hotspot/share/interpreter/linkResolver.cpp, line 772]
Event: 0.331 Thread 0x0000709abc01a0a0 Exception <a 'java/lang/NoSuchMethodError'{0x0000000634f5e430}: 'java.lang.Object java.lang.invoke.DirectMethodHandle$Holder.newInvokeSpecial(java.lang.Object, java.lang.Object, int)'> (0x0000000634f5e430) 
thrown [./src/hotspot/share/interpreter/linkResolver.cpp, line 772]

ZGC Phase Switch (0 events):
No events

VM Operations (6 events):
Event: 0.047 Executing VM operation: HandshakeAllThreads (Deoptimize)
Event: 0.047 Executing VM operation: HandshakeAllThreads (Deoptimize) done
Event: 0.238 Executing VM operation: HandshakeAllThreads (Deoptimize)
Event: 0.238 Executing VM operation: HandshakeAllThreads (Deoptimize) done
Event: 0.241 Executing VM operation: HandshakeAllThreads (Deoptimize)
Event: 0.241 Executing VM operation: HandshakeAllThreads (Deoptimize) done

Memory protections (17 events):
Event: 0.002 Protecting memory [0x0000709ac1500000,0x0000709ac1504000] with protection modes 0
Event: 0.021 Protecting memory [0x0000709a939fb000,0x0000709a939ff000] with protection modes 0
Event: 0.021 Protecting memory [0x0000709a92b00000,0x0000709a92b04000] with protection modes 0
Event: 0.022 Protecting memory [0x0000709a92a00000,0x0000709a92a04000] with protection modes 0
Event: 0.022 Protecting memory [0x0000709a92900000,0x0000709a92904000] with protection modes 0
Event: 0.022 Protecting memory [0x0000709a92800000,0x0000709a92804000] with protection modes 0
Event: 0.022 Protecting memory [0x0000709a92700000,0x0000709a92704000] with protection modes 0
Event: 0.022 Protecting memory [0x0000709a92600000,0x0000709a92604000] with protection modes 0
Event: 0.037 Protecting memory [0x0000709a92500000,0x0000709a92504000] with protection modes 0
Event: 0.043 Protecting memory [0x0000709a92400000,0x0000709a92404000] with protection modes 0
Event: 0.055 Protecting memory [0x0000709a92300000,0x0000709a92304000] with protection modes 0
Event: 0.057 Protecting memory [0x0000709a92200000,0x0000709a92204000] with protection modes 0
Event: 0.064 Protecting memory [0x0000709a92100000,0x0000709a92104000] with protection modes 0
Event: 0.237 Protecting memory [0x0000709a92200000,0x0000709a92204000] with protection modes 0
Event: 0.270 Protecting memory [0x0000709a92100000,0x0000709a92104000] with protection modes 0
Event: 0.328 Protecting memory [0x0000709a90a7d000,0x0000709a90a81000] with protection modes 0
Event: 0.328 Protecting memory [0x0000709a90100000,0x0000709a90104000] with protection modes 0

Nmethod flushes (0 events):
No events

Events (19 events):
Event: 0.015 Thread 0x0000709abc01a0a0 Thread added: 0x0000709abc01a0a0
Event: 0.021 Thread 0x0000709abc01a0a0 Thread added: 0x0000709abc12cc90
Event: 0.021 Thread 0x0000709abc01a0a0 Thread added: 0x0000709abc12e200
Event: 0.022 Thread 0x0000709abc01a0a0 Thread added: 0x0000709abc12f9a0
Event: 0.022 Thread 0x0000709abc01a0a0 Thread added: 0x0000709abc130fe0
Event: 0.022 Thread 0x0000709abc01a0a0 Thread added: 0x0000709abc132580
Event: 0.022 Thread 0x0000709abc01a0a0 Thread added: 0x0000709abc134140
Event: 0.022 Thread 0x0000709abc01a0a0 Thread added: 0x0000709abc135800
Event: 0.037 Thread 0x0000709abc01a0a0 Thread added: 0x0000709abc149350
Event: 0.043 Thread 0x0000709abc135800 Thread added: 0x0000709a0005f0c0
Event: 0.055 Thread 0x0000709abc01a0a0 Thread added: 0x0000709abc17f770
Event: 0.057 Thread 0x0000709a0005f0c0 Thread added: 0x00007099f405aa70
Event: 0.064 Thread 0x0000709abc134140 Thread added: 0x0000709a040c0400
Event: 0.228 Thread 0x0000709a040c0400 Thread exited: 0x0000709a040c0400
Event: 0.228 Thread 0x00007099f405aa70 Thread exited: 0x00007099f405aa70
Event: 0.237 Thread 0x0000709abc01a0a0 Thread added: 0x0000709abd66d600
Event: 0.270 Thread 0x0000709abc01a0a0 Thread added: 0x0000709abd698890
Event: 0.328 Thread 0x0000709abc135800 Thread added: 0x0000709a000d3b50
Event: 0.328 Thread 0x0000709a0005f0c0 Thread added: 0x00007099f40ac8e0


Dynamic libraries:
200000000-200200000 ---p 00000000 00:00 0 
200200000-200400000 rw-s 00000000 00:05 1104                             /dev/nvidia0
200400000-203400000 rw-s 00000000 00:05 1103                             /dev/nvidiactl
203400000-204400000 ---p 00000000 00:00 0 
204400000-204600000 rw-s 00000000 00:05 1103                             /dev/nvidiactl
204600000-204800000 rw-s 00000000 00:05 1103                             /dev/nvidiactl
204800000-204a00000 rw-s 00000000 00:05 1103                             /dev/nvidiactl
204a00000-204c00000 rw-s 204a00000 00:05 1105                            /dev/nvidia-uvm
204c00000-204e00000 rw-s 00000000 00:05 1103                             /dev/nvidiactl
204e00000-205000000 ---p 00000000 00:00 0 
205000000-205200000 rw-s 00000000 00:05 1103                             /dev/nvidiactl
205200000-300200000 ---p 00000000 00:00 0 
616800000-635400000 rw-p 00000000 00:00 0 
635400000-7ffc00000 ---p 00000000 00:00 0 
7ffc00000-7ffd0d000 rw-p 00cd6000 103:02 17173446                        /usr/lib/jvm/java-21-openjdk-amd64/lib/server/classes.jsa
7ffd0d000-800000000 rw-p 00000000 00:00 0 
10000000000-10004000000 ---p 00000000 00:00 0 
5e8b9fa11000-5e8b9fa12000 r--p 00000000 103:02 17173371                  /usr/lib/jvm/java-21-openjdk-amd64/bin/java
5e8b9fa12000-5e8b9fa13000 r-xp 00001000 103:02 17173371                  /usr/lib/jvm/java-21-openjdk-amd64/bin/java
5e8b9fa13000-5e8b9fa14000 r--p 00002000 103:02 17173371                  /usr/lib/jvm/java-21-openjdk-amd64/bin/java
5e8b9fa14000-5e8b9fa15000 r--p 00002000 103:02 17173371                  /usr/lib/jvm/java-21-openjdk-amd64/bin/java
5e8b9fa15000-5e8b9fa16000 rw-p 00003000 103:02 17173371                  /usr/lib/jvm/java-21-openjdk-amd64/bin/java
5e8ba0c21000-5e8ba0c68000 rw-p 00000000 00:00 0                          [heap]
70996c000000-70996c021000 rw-p 00000000 00:00 0 
70996c021000-709970000000 ---p 00000000 00:00 0 
709970000000-709970021000 rw-p 00000000 00:00 0 
709970021000-709974000000 ---p 00000000 00:00 0 
709978000000-709978758000 rw-p 00000000 00:00 0 
709978758000-70997c000000 ---p 00000000 00:00 0 
70997e000000-709986000000 ---p 00000000 00:00 0 
709988000000-70998a000000 ---p 00000000 00:00 0 
70998c000000-70998c400000 ---p 00000000 00:00 0 
70998c400000-70998c600000 rw-s 00000000 00:05 1103                       /dev/nvidiactl
70998c600000-70998c800000 rw-s 00000000 00:01 257                        /dev/zero (deleted)
70998c800000-70998ca00000 rw-s 00000000 00:01 258                        /dev/zero (deleted)
70998ca00000-70998d000000 ---p 00000000 00:00 0 
70998d000000-70998d200000 rw-s 00000000 00:05 1103                       /dev/nvidiactl
70998d200000-70998d400000 ---p 00000000 00:00 0 
70998d400000-70998d600000 rw-s 00000000 00:01 260                        /dev/zero (deleted)
70998d600000-70998db33000 rw-s 00000000 00:05 1103                       /dev/nvidiactl
70998db33000-70998e000000 ---p 00000000 00:00 0 
709990000000-7099a0000000 ---p 00000000 00:00 0 
7099a4000000-7099a4021000 rw-p 00000000 00:00 0 
7099a4021000-7099a8000000 ---p 00000000 00:00 0 
7099aa000000-7099b0000000 ---p 00000000 00:00 0 
7099b0000000-7099b0021000 rw-p 00000000 00:00 0 
7099b0021000-7099b4000000 ---p 00000000 00:00 0 
7099b7800000-7099d1068000 r-xp 00000000 103:02 17325507                  /usr/local/cuda-12.6/targets/x86_64-linux/lib/libcublasLt.so.12.6.3.3
7099d1068000-7099d1268000 ---p 19868000 103:02 17325507                  /usr/local/cuda-12.6/targets/x86_64-linux/lib/libcublasLt.so.12.6.3.3
7099d1268000-7099d14a6000 r--p 19868000 103:02 17325507                  /usr/local/cuda-12.6/targets/x86_64-linux/lib/libcublasLt.so.12.6.3.3
7099d14a6000-7099d4e5a000 rw-p 19aa6000 103:02 17325507                  /usr/local/cuda-12.6/targets/x86_64-linux/lib/libcublasLt.so.12.6.3.3
7099d4e5a000-7099d902b000 rw-p 00000000 00:00 0 
7099d9400000-7099dfb28000 r-xp 00000000 103:02 17325506                  /usr/local/cuda-12.6/targets/x86_64-linux/lib/libcublas.so.12.6.3.3
7099dfb28000-7099dfd28000 ---p 06728000 103:02 17325506                  /usr/local/cuda-12.6/targets/x86_64-linux/lib/libcublas.so.12.6.3.3
7099dfd28000-7099dfd34000 r--p 06728000 103:02 17325506                  /usr/local/cuda-12.6/targets/x86_64-linux/lib/libcublas.so.12.6.3.3
7099dfd34000-7099dfd3b000 rw-p 06734000 103:02 17325506                  /usr/local/cuda-12.6/targets/x86_64-linux/lib/libcublas.so.12.6.3.3
7099dfd3b000-7099dfd47000 rw-p 00000000 00:00 0 
7099e0000000-7099e0021000 rw-p 00000000 00:00 0 
7099e0021000-7099e4000000 ---p 00000000 00:00 0 
7099e8000000-7099e8083000 rw-p 00000000 00:00 0 
7099e8083000-7099ec000000 ---p 00000000 00:00 0 
7099ec000000-7099ec021000 rw-p 00000000 00:00 0 
7099ec021000-7099f0000000 ---p 00000000 00:00 0 
7099f4000000-7099f40b0000 rw-p 00000000 00:00 0 
7099f40b0000-7099f8000000 ---p 00000000 00:00 0 
7099f8000000-7099f8021000 rw-p 00000000 00:00 0 
7099f8021000-7099fc000000 ---p 00000000 00:00 0 
709a00000000-709a000e6000 rw-p 00000000 00:00 0 
709a000e6000-709a04000000 ---p 00000000 00:00 0 
709a04000000-709a04124000 rw-p 00000000 00:00 0 
709a04124000-709a08000000 ---p 00000000 00:00 0 
709a0c000000-709a0c021000 rw-p 00000000 00:00 0 
709a0c021000-709a10000000 ---p 00000000 00:00 0 
709a10000000-709a10021000 rw-p 00000000 00:00 0 
709a10021000-709a14000000 ---p 00000000 00:00 0 
709a18000000-709a18021000 rw-p 00000000 00:00 0 
709a18021000-709a1c000000 ---p 00000000 00:00 0 
709a1c000000-709a1c021000 rw-p 00000000 00:00 0 
709a1c021000-709a20000000 ---p 00000000 00:00 0 
709a24000000-709a24021000 rw-p 00000000 00:00 0 
709a24021000-709a28000000 ---p 00000000 00:00 0 
709a28000000-709a28021000 rw-p 00000000 00:00 0 
709a28021000-709a2c000000 ---p 00000000 00:00 0 
709a30000000-709a30220000 rw-p 00000000 00:00 0 
709a30220000-709a30400000 ---p 00000000 00:00 0 
709a30400000-709a30500000 rw-p 00000000 00:00 0 
709a30500000-709a34000000 ---p 00000000 00:00 0 
709a34000000-709a34021000 rw-p 00000000 00:00 0 
709a34021000-709a38000000 ---p 00000000 00:00 0 
709a39400000-709a396dd000 rw-p 00000000 00:00 0 
709a39800000-709a398e4000 r-xp 00000000 103:02 18219037                  /tmp/libJCudaDriver-12.0.0-linux-x86_64.so
709a398e4000-709a39ae4000 ---p 000e4000 103:02 18219037                  /tmp/libJCudaDriver-12.0.0-linux-x86_64.so
709a39ae4000-709a39ae9000 r--p 000e4000 103:02 18219037                  /tmp/libJCudaDriver-12.0.0-linux-x86_64.so
709a39ae9000-709a39aeb000 rw-p 000e9000 103:02 18219037                  /tmp/libJCudaDriver-12.0.0-linux-x86_64.so
709a39aeb000-709a39aed000 rw-p 00000000 00:00 0 
709a39e00000-709a39e01000 rw-s 00000000 00:05 1103                       /dev/nvidiactl
709a39e01000-709a39e02000 rw-s 00000000 00:05 1103                       /dev/nvidiactl
709a39e02000-709a39e03000 rw-s 00000000 00:05 1103                       /dev/nvidiactl
709a39e03000-709a39e04000 rw-s 00000000 00:05 1103                       /dev/nvidiactl
709a39e04000-709a39e05000 rw-s 00000000 00:05 1103                       /dev/nvidiactl
709a39e05000-709a39e06000 rw-s 00000000 00:05 1103                       /dev/nvidiactl
709a39e06000-709a39e07000 rw-s 00000000 00:05 1103                       /dev/nvidiactl
709a39e07000-709a39e08000 rw-s 00000000 00:05 1103                       /dev/nvidiactl
709a39e08000-709a39e09000 rw-s 00000000 00:05 1103                       /dev/nvidiactl
709a39e09000-709a39e0a000 rw-s 00000000 00:05 1103                       /dev/nvidiactl
709a39e0a000-709a39e0b000 rw-s 00000000 00:05 1103                       /dev/nvidiactl
709a39e0b000-709a39e0c000 rw-s 00000000 00:05 1103                       /dev/nvidiactl
709a39e0c000-709a39e0d000 rw-s 00000000 00:05 1103                       /dev/nvidiactl
709a39e0d000-709a39e0e000 rw-s 00000000 00:05 1103                       /dev/nvidiactl
709a39e0e000-709a39e0f000 rw-s 00000000 00:05 1103                       /dev/nvidiactl
709a39e0f000-709a39e10000 rw-s 00000000 00:05 1103                       /dev/nvidiactl
709a39e10000-709a3ae21000 ---p 00000000 00:00 0 
709a3b000000-709a3bc97000 rw-p 00001000 103:02 17173446                  /usr/lib/jvm/java-21-openjdk-amd64/lib/server/classes.jsa
709a3bc97000-709a3c000000 ---p 00000000 00:00 0 
709a3c000000-709a3c030000 rw-p 00000000 00:00 0 
709a3c030000-709a3c040000 ---p 00000000 00:00 0 
709a3c040000-709a3c070000 rw-p 00000000 00:00 0 
709a3c070000-709a7c000000 ---p 00000000 00:00 0 
709a7c000000-709a7c021000 rw-p 00000000 00:00 0 
709a7c021000-709a80000000 ---p 00000000 00:00 0 
709a80000000-709a80021000 rw-p 00000000 00:00 0 
709a80021000-709a84000000 ---p 00000000 00:00 0 
709a84200000-709a842c7000 r-xp 00000000 103:02 18219035                  /tmp/libJCudaRuntime-12.0.0-linux-x86_64.so
709a842c7000-709a844c7000 ---p 000c7000 103:02 18219035                  /tmp/libJCudaRuntime-12.0.0-linux-x86_64.so
709a844c7000-709a844cc000 r--p 000c7000 103:02 18219035                  /tmp/libJCudaRuntime-12.0.0-linux-x86_64.so
709a844cc000-709a844cd000 rw-p 000cc000 103:02 18219035                  /tmp/libJCudaRuntime-12.0.0-linux-x86_64.so
709a844cd000-709a844cf000 rw-p 00000000 00:00 0 
709a84800000-709a84801000 ---p 00000000 00:00 0 
709a84801000-709a85001000 rw-p 00000000 00:00 0 
709a85200000-709a86221000 ---p 00000000 00:00 0 
709a86400000-709a864de000 r--p 00000000 103:02 16527986                  /usr/lib/x86_64-linux-gnu/libcuda.so.550.120
709a864de000-709a869b3000 r-xp 000de000 103:02 16527986                  /usr/lib/x86_64-linux-gnu/libcuda.so.550.120
709a869b3000-709a87e4f000 r--p 005b3000 103:02 16527986                  /usr/lib/x86_64-linux-gnu/libcuda.so.550.120
709a87e4f000-709a87e50000 ---p 01a4f000 103:02 16527986                  /usr/lib/x86_64-linux-gnu/libcuda.so.550.120
709a87e50000-709a87e68000 r--p 01a4f000 103:02 16527986                  /usr/lib/x86_64-linux-gnu/libcuda.so.550.120
709a87e68000-709a87f63000 rw-p 01a67000 103:02 16527986                  /usr/lib/x86_64-linux-gnu/libcuda.so.550.120
709a87f63000-709a87fcc000 rw-p 00000000 00:00 0 
709a88000000-709a88021000 rw-p 00000000 00:00 0 
709a88021000-709a8c000000 ---p 00000000 00:00 0 
709a8c000000-709a8c021000 rw-p 00000000 00:00 0 
709a8c021000-709a90000000 ---p 00000000 00:00 0 
709a90100000-709a90104000 ---p 00000000 00:00 0 
709a90104000-709a90200000 rw-p 00000000 00:00 0 
709a90200000-709a90201000 ---p 00000000 00:00 0 
709a90201000-709a90a01000 rw-p 00000000 00:00 0 
709a90a7d000-709a90a81000 ---p 00000000 00:00 0 
709a90a81000-709a90b7d000 rw-p 00000000 00:00 0 
709a90b7d000-709a90b81000 r--p 00000000 103:02 16530777                  /usr/lib/x86_64-linux-gnu/libjpeg.so.8.2.2
709a90b81000-709a90bce000 r-xp 00004000 103:02 16530777                  /usr/lib/x86_64-linux-gnu/libjpeg.so.8.2.2
709a90bce000-709a90bfe000 r--p 00051000 103:02 16530777                  /usr/lib/x86_64-linux-gnu/libjpeg.so.8.2.2
709a90bfe000-709a90bff000 r--p 00081000 103:02 16530777                  /usr/lib/x86_64-linux-gnu/libjpeg.so.8.2.2
709a90bff000-709a90c00000 rw-p 00082000 103:02 16530777                  /usr/lib/x86_64-linux-gnu/libjpeg.so.8.2.2
709a90c00000-709a90e5a000 rw-p 00000000 00:00 0 
709a90ec3000-709a90edc000 r--p 00000000 103:02 16530316                  /usr/lib/x86_64-linux-gnu/libX11.so.6.4.0
709a90edc000-709a90f6c000 r-xp 00019000 103:02 16530316                  /usr/lib/x86_64-linux-gnu/libX11.so.6.4.0
709a90f6c000-709a90ffb000 r--p 000a9000 103:02 16530316                  /usr/lib/x86_64-linux-gnu/libX11.so.6.4.0
709a90ffb000-709a90ffc000 r--p 00138000 103:02 16530316                  /usr/lib/x86_64-linux-gnu/libX11.so.6.4.0
709a90ffc000-709a91000000 rw-p 00139000 103:02 16530316                  /usr/lib/x86_64-linux-gnu/libX11.so.6.4.0
709a91000000-709a91001000 ---p 00000000 00:00 0 
709a91001000-709a91801000 rw-p 00000000 00:00 0 
709a91844000-709a91856000 r--p 00000000 103:02 17173342                  /usr/lib/jvm/java-21-openjdk-amd64/lib/libawt_xawt.so
709a91856000-709a9189d000 r-xp 00012000 103:02 17173342                  /usr/lib/jvm/java-21-openjdk-amd64/lib/libawt_xawt.so
709a9189d000-709a918b5000 r--p 00059000 103:02 17173342                  /usr/lib/jvm/java-21-openjdk-amd64/lib/libawt_xawt.so
709a918b5000-709a918ba000 r--p 00071000 103:02 17173342                  /usr/lib/jvm/java-21-openjdk-amd64/lib/libawt_xawt.so
709a918ba000-709a918bc000 rw-p 00076000 103:02 17173342                  /usr/lib/jvm/java-21-openjdk-amd64/lib/libawt_xawt.so
709a918bc000-709a91a00000 rw-p 00000000 00:00 0 
709a91a00000-709a91b38000 r-xp 00000000 103:02 18219034                  /tmp/libJCublas2-12.0.0-linux-x86_64.so
709a91b38000-709a91d38000 ---p 00138000 103:02 18219034                  /tmp/libJCublas2-12.0.0-linux-x86_64.so
709a91d38000-709a91d3d000 r--p 00138000 103:02 18219034                  /tmp/libJCublas2-12.0.0-linux-x86_64.so
709a91d3d000-709a91d3f000 rw-p 0013d000 103:02 18219034                  /tmp/libJCublas2-12.0.0-linux-x86_64.so
709a91d3f000-709a91d41000 rw-p 00000000 00:00 0 
709a91d63000-709a91d6e000 r--p 00000000 103:02 16531187                  /usr/lib/x86_64-linux-gnu/libxcb.so.1.1.0
709a91d6e000-709a91d81000 r-xp 0000b000 103:02 16531187                  /usr/lib/x86_64-linux-gnu/libxcb.so.1.1.0
709a91d81000-709a91d8a000 r--p 0001e000 103:02 16531187                  /usr/lib/x86_64-linux-gnu/libxcb.so.1.1.0
709a91d8a000-709a91d8b000 r--p 00026000 103:02 16531187                  /usr/lib/x86_64-linux-gnu/libxcb.so.1.1.0
709a91d8b000-709a91d8c000 rw-p 00027000 103:02 16531187                  /usr/lib/x86_64-linux-gnu/libxcb.so.1.1.0
709a91d8c000-709a91daa000 r--p 00000000 103:02 17173412                  /usr/lib/jvm/java-21-openjdk-amd64/lib/libawt.so
709a91daa000-709a91e41000 r-xp 0001e000 103:02 17173412                  /usr/lib/jvm/java-21-openjdk-amd64/lib/libawt.so
709a91e41000-709a91e4e000 r--p 000b5000 103:02 17173412                  /usr/lib/jvm/java-21-openjdk-amd64/lib/libawt.so
709a91e4e000-709a91e4f000 r--p 000c1000 103:02 17173412                  /usr/lib/jvm/java-21-openjdk-amd64/lib/libawt.so
709a91e4f000-709a91e5a000 rw-p 000c2000 103:02 17173412                  /usr/lib/jvm/java-21-openjdk-amd64/lib/libawt.so
709a91e5a000-709a91e7f000 rw-p 00000000 00:00 0 
709a91e7f000-709a9207f000 rw-s 00000000 00:01 259                        /dev/zero (deleted)
709a9207f000-709a92100000 rw-p 00000000 00:00 0 
709a92100000-709a92104000 ---p 00000000 00:00 0 
709a92104000-709a92200000 rw-p 00000000 00:00 0 
709a92200000-709a92204000 ---p 00000000 00:00 0 
709a92204000-709a92300000 rw-p 00000000 00:00 0 
709a92300000-709a92304000 ---p 00000000 00:00 0 
709a92304000-709a92400000 rw-p 00000000 00:00 0 
709a92400000-709a92404000 ---p 00000000 00:00 0 
709a92404000-709a92500000 rw-p 00000000 00:00 0 
709a92500000-709a92504000 ---p 00000000 00:00 0 
709a92504000-709a92600000 rw-p 00000000 00:00 0 
709a92600000-709a92604000 ---p 00000000 00:00 0 
709a92604000-709a92700000 rw-p 00000000 00:00 0 
709a92700000-709a92704000 ---p 00000000 00:00 0 
709a92704000-709a92800000 rw-p 00000000 00:00 0 
709a92800000-709a92804000 ---p 00000000 00:00 0 
709a92804000-709a92900000 rw-p 00000000 00:00 0 
709a92900000-709a92904000 ---p 00000000 00:00 0 
709a92904000-709a92a00000 rw-p 00000000 00:00 0 
709a92a00000-709a92a04000 ---p 00000000 00:00 0 
709a92a04000-709a92b00000 rw-p 00000000 00:00 0 
709a92b00000-709a92b04000 ---p 00000000 00:00 0 
709a92b04000-709a92c00000 rw-p 00000000 00:00 0 
709a92c00000-709a939ec000 r--p 00000000 103:02 16521112                  /usr/lib/locale/locale-archive
709a939fb000-709a939ff000 ---p 00000000 00:00 0 
709a939ff000-709a93afb000 rw-p 00000000 00:00 0 
709a93afb000-709a93afc000 ---p 00000000 00:00 0 
709a93afc000-709a93bfc000 rw-p 00000000 00:00 0 
709a93bfc000-709a93bfd000 ---p 00000000 00:00 0 
709a93bfd000-709a93cfd000 rw-p 00000000 00:00 0 
709a93cfd000-709a93cfe000 ---p 00000000 00:00 0 
709a93cfe000-709a93dfe000 rw-p 00000000 00:00 0 
709a93dfe000-709a93dff000 ---p 00000000 00:00 0 
709a93dff000-709a93eff000 rw-p 00000000 00:00 0 
709a93eff000-709a94021000 rw-p 00000000 00:00 0 
709a94021000-709a98000000 ---p 00000000 00:00 0 
709a98024000-709a98029000 r--p 00000000 103:02 17173429                  /usr/lib/jvm/java-21-openjdk-amd64/lib/libjsvml.so
709a98029000-709a9806a000 r-xp 00005000 103:02 17173429                  /usr/lib/jvm/java-21-openjdk-amd64/lib/libjsvml.so
709a9806a000-709a980f3000 r--p 00046000 103:02 17173429                  /usr/lib/jvm/java-21-openjdk-amd64/lib/libjsvml.so
709a980f3000-709a980f4000 r--p 000ce000 103:02 17173429                  /usr/lib/jvm/java-21-openjdk-amd64/lib/libjsvml.so
709a980f4000-709a980f5000 rw-p 000cf000 103:02 17173429                  /usr/lib/jvm/java-21-openjdk-amd64/lib/libjsvml.so
709a980f5000-709a9b3b0000 rw-p 00000000 00:00 0 
709a9b3b0000-709aa2650000 ---p 00000000 00:00 0 
709aa2650000-709aa2660000 rw-p 00000000 00:00 0 
709aa267e000-709aa28f6000 rw-p 00000000 00:00 0 
709aa28f6000-709aa374a000 ---p 00000000 00:00 0 
709aa374a000-709aa374c000 rw-p 00000000 00:00 0 
709aa374c000-709aa38f6000 rw-p 00000000 00:00 0 
709aa38f6000-709aa474a000 ---p 00000000 00:00 0 
709aa474a000-709aa474c000 rw-p 00000000 00:00 0 
709aa4750000-709aa4752000 r--p 00000000 103:02 16530828                  /usr/lib/x86_64-linux-gnu/libmd.so.0.1.0
709aa4752000-709aa475b000 r-xp 00002000 103:02 16530828                  /usr/lib/x86_64-linux-gnu/libmd.so.0.1.0
709aa475b000-709aa475d000 r--p 0000b000 103:02 16530828                  /usr/lib/x86_64-linux-gnu/libmd.so.0.1.0
709aa475d000-709aa475e000 r--p 0000c000 103:02 16530828                  /usr/lib/x86_64-linux-gnu/libmd.so.0.1.0
709aa475e000-709aa475f000 rw-p 0000d000 103:02 16530828                  /usr/lib/x86_64-linux-gnu/libmd.so.0.1.0
709aa475f000-709aa4800000 rw-p 00000000 00:00 0 
709aa4800000-709aa4a70000 rwxp 00000000 00:00 0 
709aa4a70000-709aabc5f000 ---p 00000000 00:00 0 
709aabc5f000-709aabf8f000 rwxp 00000000 00:00 0 
709aabf8f000-709aac3a0000 ---p 00000000 00:00 0 
709aac3a0000-709aac610000 rwxp 00000000 00:00 0 
709aac610000-709ab3800000 ---p 00000000 00:00 0 
709ab3800000-709abbe0c000 r--s 00000000 103:02 17173445                  /usr/lib/jvm/java-21-openjdk-amd64/lib/modules
709abbe12000-709abbe16000 r--p 00000000 103:02 16530470                  /usr/lib/x86_64-linux-gnu/libbsd.so.0.12.1
709abbe16000-709abbe22000 r-xp 00004000 103:02 16530470                  /usr/lib/x86_64-linux-gnu/libbsd.so.0.12.1
709abbe22000-709abbe25000 r--p 00010000 103:02 16530470                  /usr/lib/x86_64-linux-gnu/libbsd.so.0.12.1
709abbe25000-709abbe26000 r--p 00012000 103:02 16530470                  /usr/lib/x86_64-linux-gnu/libbsd.so.0.12.1
709abbe26000-709abbe27000 rw-p 00013000 103:02 16530470                  /usr/lib/x86_64-linux-gnu/libbsd.so.0.12.1
709abbe27000-709abbe28000 rw-p 00000000 00:00 0 
709abbe28000-709abbe2b000 r--p 00000000 103:02 16530328                  /usr/lib/x86_64-linux-gnu/libXi.so.6.1.0
709abbe2b000-709abbe37000 r-xp 00003000 103:02 16530328                  /usr/lib/x86_64-linux-gnu/libXi.so.6.1.0
709abbe37000-709abbe39000 r--p 0000f000 103:02 16530328                  /usr/lib/x86_64-linux-gnu/libXi.so.6.1.0
709abbe39000-709abbe3a000 r--p 00011000 103:02 16530328                  /usr/lib/x86_64-linux-gnu/libXi.so.6.1.0
709abbe3a000-709abbe3b000 rw-p 00012000 103:02 16530328                  /usr/lib/x86_64-linux-gnu/libXi.so.6.1.0
709abbe3b000-709abbeff000 rw-p 00000000 00:00 0 
709abbeff000-709abbf00000 ---p 00000000 00:00 0 
709abbf00000-709abc000000 rw-p 00000000 00:00 0 
709abc000000-709abfffd000 rw-p 00000000 00:00 0 
709abfffd000-709ac0000000 ---p 00000000 00:00 0 
709ac000e000-709ac0012000 r--p 00000000 103:02 16530324                  /usr/lib/x86_64-linux-gnu/libXext.so.6.4.0
709ac0012000-709ac001d000 r-xp 00004000 103:02 16530324                  /usr/lib/x86_64-linux-gnu/libXext.so.6.4.0
709ac001d000-709ac0020000 r--p 0000f000 103:02 16530324                  /usr/lib/x86_64-linux-gnu/libXext.so.6.4.0
709ac0020000-709ac0021000 r--p 00011000 103:02 16530324                  /usr/lib/x86_64-linux-gnu/libXext.so.6.4.0
709ac0021000-709ac0022000 rw-p 00012000 103:02 16530324                  /usr/lib/x86_64-linux-gnu/libXext.so.6.4.0
709ac0022000-709ac0063000 rw-p 00000000 00:00 0 
709ac0063000-709ac0064000 ---p 00000000 00:00 0 
709ac0064000-709ac0164000 rw-p 00000000 00:00 0 
709ac0164000-709ac0165000 ---p 00000000 00:00 0 
709ac0165000-709ac0265000 rw-p 00000000 00:00 0 
709ac0265000-709ac1033000 rw-p 00000000 00:00 0 
709ac1033000-709ac1117000 ---p 00000000 00:00 0 
709ac1117000-709ac111c000 rw-p 00000000 00:00 0 
709ac111c000-709ac1200000 ---p 00000000 00:00 0 
709ac1200000-709ac129d000 r--p 00000000 103:02 16543594                  /usr/lib/x86_64-linux-gnu/libstdc++.so.6.0.33
709ac129d000-709ac13e5000 r-xp 0009d000 103:02 16543594                  /usr/lib/x86_64-linux-gnu/libstdc++.so.6.0.33
709ac13e5000-709ac146c000 r--p 001e5000 103:02 16543594                  /usr/lib/x86_64-linux-gnu/libstdc++.so.6.0.33
709ac146c000-709ac1477000 r--p 0026b000 103:02 16543594                  /usr/lib/x86_64-linux-gnu/libstdc++.so.6.0.33
709ac1477000-709ac147a000 rw-p 00276000 103:02 16543594                  /usr/lib/x86_64-linux-gnu/libstdc++.so.6.0.33
709ac147a000-709ac147e000 rw-p 00000000 00:00 0 
709ac147f000-709ac1481000 r--p 00000000 103:02 16530323                  /usr/lib/x86_64-linux-gnu/libXdmcp.so.6.0.0
709ac1481000-709ac1483000 r-xp 00002000 103:02 16530323                  /usr/lib/x86_64-linux-gnu/libXdmcp.so.6.0.0
709ac1483000-709ac1485000 r--p 00004000 103:02 16530323                  /usr/lib/x86_64-linux-gnu/libXdmcp.so.6.0.0
709ac1485000-709ac1486000 r--p 00005000 103:02 16530323                  /usr/lib/x86_64-linux-gnu/libXdmcp.so.6.0.0
709ac1486000-709ac1487000 rw-p 00006000 103:02 16530323                  /usr/lib/x86_64-linux-gnu/libXdmcp.so.6.0.0
709ac1487000-709ac1489000 r--p 00000000 103:02 16530337                  /usr/lib/x86_64-linux-gnu/libXtst.so.6.1.0
709ac1489000-709ac148c000 r-xp 00002000 103:02 16530337                  /usr/lib/x86_64-linux-gnu/libXtst.so.6.1.0
709ac148c000-709ac148d000 r--p 00005000 103:02 16530337                  /usr/lib/x86_64-linux-gnu/libXtst.so.6.1.0
709ac148d000-709ac148e000 r--p 00005000 103:02 16530337                  /usr/lib/x86_64-linux-gnu/libXtst.so.6.1.0
709ac148e000-709ac148f000 rw-p 00006000 103:02 16530337                  /usr/lib/x86_64-linux-gnu/libXtst.so.6.1.0
709ac1492000-709ac1499000 r--s 00000000 103:02 16532226                  /usr/lib/x86_64-linux-gnu/gconv/gconv-modules.cache
709ac1499000-709ac149b000 r--p 00000000 103:02 17173423                  /usr/lib/jvm/java-21-openjdk-amd64/lib/libjavajpeg.so
709ac149b000-709ac14a2000 r-xp 00002000 103:02 17173423                  /usr/lib/jvm/java-21-openjdk-amd64/lib/libjavajpeg.so
709ac14a2000-709ac14a3000 r--p 00009000 103:02 17173423                  /usr/lib/jvm/java-21-openjdk-amd64/lib/libjavajpeg.so
709ac14a3000-709ac14a4000 r--p 0000a000 103:02 17173423                  /usr/lib/jvm/java-21-openjdk-amd64/lib/libjavajpeg.so
709ac14a4000-709ac14a5000 rw-p 0000b000 103:02 17173423                  /usr/lib/jvm/java-21-openjdk-amd64/lib/libjavajpeg.so
709ac14a5000-709ac1500000 rw-p 00000000 00:00 0 
709ac1500000-709ac1504000 ---p 00000000 00:00 0 
709ac1504000-709ac1600000 rw-p 00000000 00:00 0 
709ac1600000-709ac18a1000 r--p 00000000 103:02 17173449                  /usr/lib/jvm/java-21-openjdk-amd64/lib/server/libjvm.so
709ac18a1000-709ac2711000 r-xp 002a1000 103:02 17173449                  /usr/lib/jvm/java-21-openjdk-amd64/lib/server/libjvm.so
709ac2711000-709ac29e5000 r--p 01111000 103:02 17173449                  /usr/lib/jvm/java-21-openjdk-amd64/lib/server/libjvm.so
709ac29e5000-709ac2ab8000 r--p 013e4000 103:02 17173449                  /usr/lib/jvm/java-21-openjdk-amd64/lib/server/libjvm.so
709ac2ab8000-709ac2ae8000 rw-p 014b7000 103:02 17173449                  /usr/lib/jvm/java-21-openjdk-amd64/lib/server/libjvm.so
709ac2ae8000-709ac2b4e000 rw-p 00000000 00:00 0 
709ac2b50000-709ac2b52000 r--p 00000000 103:02 16530334                  /usr/lib/x86_64-linux-gnu/libXrender.so.1.3.0
709ac2b52000-709ac2b59000 r-xp 00002000 103:02 16530334                  /usr/lib/x86_64-linux-gnu/libXrender.so.1.3.0
709ac2b59000-709ac2b5a000 r--p 00009000 103:02 16530334                  /usr/lib/x86_64-linux-gnu/libXrender.so.1.3.0
709ac2b5a000-709ac2b5b000 r--p 00009000 103:02 16530334                  /usr/lib/x86_64-linux-gnu/libXrender.so.1.3.0
709ac2b5b000-709ac2b5c000 rw-p 0000a000 103:02 16530334                  /usr/lib/x86_64-linux-gnu/libXrender.so.1.3.0
709ac2b5c000-709ac2b5d000 r--p 00000000 103:02 16530540                  /usr/lib/x86_64-linux-gnu/libdl.so.2
709ac2b5d000-709ac2b5e000 r-xp 00001000 103:02 16530540                  /usr/lib/x86_64-linux-gnu/libdl.so.2
709ac2b5e000-709ac2b5f000 r--p 00002000 103:02 16530540                  /usr/lib/x86_64-linux-gnu/libdl.so.2
709ac2b5f000-709ac2b60000 r--p 00002000 103:02 16530540                  /usr/lib/x86_64-linux-gnu/libdl.so.2
709ac2b60000-709ac2b61000 rw-p 00003000 103:02 16530540                  /usr/lib/x86_64-linux-gnu/libdl.so.2
709ac2b61000-709ac2b62000 r--p 00000000 103:02 16531006                  /usr/lib/x86_64-linux-gnu/librt.so.1
709ac2b62000-709ac2b63000 r-xp 00001000 103:02 16531006                  /usr/lib/x86_64-linux-gnu/librt.so.1
709ac2b63000-709ac2b64000 r--p 00002000 103:02 16531006                  /usr/lib/x86_64-linux-gnu/librt.so.1
709ac2b64000-709ac2b65000 r--p 00002000 103:02 16531006                  /usr/lib/x86_64-linux-gnu/librt.so.1
709ac2b65000-709ac2b66000 rw-p 00003000 103:02 16531006                  /usr/lib/x86_64-linux-gnu/librt.so.1
709ac2b66000-709ac2b67000 r--p 00000000 103:02 16530978                  /usr/lib/x86_64-linux-gnu/libpthread.so.0
709ac2b67000-709ac2b68000 r-xp 00001000 103:02 16530978                  /usr/lib/x86_64-linux-gnu/libpthread.so.0
709ac2b68000-709ac2b69000 r--p 00002000 103:02 16530978                  /usr/lib/x86_64-linux-gnu/libpthread.so.0
709ac2b69000-709ac2b6a000 r--p 00002000 103:02 16530978                  /usr/lib/x86_64-linux-gnu/libpthread.so.0
709ac2b6a000-709ac2b6b000 rw-p 00003000 103:02 16530978                  /usr/lib/x86_64-linux-gnu/libpthread.so.0
709ac2b6b000-709ac2b6c000 r--p 00000000 103:02 16530318                  /usr/lib/x86_64-linux-gnu/libXau.so.6.0.0
709ac2b6c000-709ac2b6e000 r-xp 00001000 103:02 16530318                  /usr/lib/x86_64-linux-gnu/libXau.so.6.0.0
709ac2b6e000-709ac2b6f000 r--p 00003000 103:02 16530318                  /usr/lib/x86_64-linux-gnu/libXau.so.6.0.0
709ac2b6f000-709ac2b70000 r--p 00003000 103:02 16530318                  /usr/lib/x86_64-linux-gnu/libXau.so.6.0.0
709ac2b70000-709ac2b71000 rw-p 00004000 103:02 16530318                  /usr/lib/x86_64-linux-gnu/libXau.so.6.0.0
709ac2b71000-709ac2b81000 -w-s 00000000 00:05 1104                       /dev/nvidia0
709ac2b81000-709ac2c00000 rw-p 00000000 00:00 0 
709ac2c00000-709ac2c28000 r--p 00000000 103:02 16530474                  /usr/lib/x86_64-linux-gnu/libc.so.6
709ac2c28000-709ac2db0000 r-xp 00028000 103:02 16530474                  /usr/lib/x86_64-linux-gnu/libc.so.6
709ac2db0000-709ac2dff000 r--p 001b0000 103:02 16530474                  /usr/lib/x86_64-linux-gnu/libc.so.6
709ac2dff000-709ac2e03000 r--p 001fe000 103:02 16530474                  /usr/lib/x86_64-linux-gnu/libc.so.6
709ac2e03000-709ac2e05000 rw-p 00202000 103:02 16530474                  /usr/lib/x86_64-linux-gnu/libc.so.6
709ac2e05000-709ac2e12000 rw-p 00000000 00:00 0 
709ac2e15000-709ac2e17000 r--p 00000000 103:02 17173444                  /usr/lib/jvm/java-21-openjdk-amd64/lib/libzip.so
709ac2e17000-709ac2e1c000 r-xp 00002000 103:02 17173444                  /usr/lib/jvm/java-21-openjdk-amd64/lib/libzip.so
709ac2e1c000-709ac2e1e000 r--p 00007000 103:02 17173444                  /usr/lib/jvm/java-21-openjdk-amd64/lib/libzip.so
709ac2e1e000-709ac2e1f000 r--p 00008000 103:02 17173444                  /usr/lib/jvm/java-21-openjdk-amd64/lib/libzip.so
709ac2e1f000-709ac2e20000 rw-p 00009000 103:02 17173444                  /usr/lib/jvm/java-21-openjdk-amd64/lib/libzip.so
709ac2e20000-709ac2e23000 r--p 00000000 103:02 17173436                  /usr/lib/jvm/java-21-openjdk-amd64/lib/libnet.so
709ac2e23000-709ac2e2b000 r-xp 00003000 103:02 17173436                  /usr/lib/jvm/java-21-openjdk-amd64/lib/libnet.so
709ac2e2b000-709ac2e2d000 r--p 0000b000 103:02 17173436                  /usr/lib/jvm/java-21-openjdk-amd64/lib/libnet.so
709ac2e2d000-709ac2e2e000 r--p 0000c000 103:02 17173436                  /usr/lib/jvm/java-21-openjdk-amd64/lib/libnet.so
709ac2e2e000-709ac2e2f000 rw-p 0000d000 103:02 17173436                  /usr/lib/jvm/java-21-openjdk-amd64/lib/libnet.so
709ac2e2f000-709ac2e36000 r--p 00000000 103:02 17173437                  /usr/lib/jvm/java-21-openjdk-amd64/lib/libnio.so
709ac2e36000-709ac2e3f000 r-xp 00007000 103:02 17173437                  /usr/lib/jvm/java-21-openjdk-amd64/lib/libnio.so
709ac2e3f000-709ac2e43000 r--p 00010000 103:02 17173437                  /usr/lib/jvm/java-21-openjdk-amd64/lib/libnio.so
709ac2e43000-709ac2e44000 r--p 00014000 103:02 17173437                  /usr/lib/jvm/java-21-openjdk-amd64/lib/libnio.so
709ac2e44000-709ac2e45000 rw-p 00015000 103:02 17173437                  /usr/lib/jvm/java-21-openjdk-amd64/lib/libnio.so
709ac2e45000-709ac2e8a000 rw-p 00000000 00:00 0 
709ac2e8a000-709ac2e92000 ---p 00000000 00:00 0 
709ac2e92000-709ac2e9f000 r--p 00000000 103:02 17173422                  /usr/lib/jvm/java-21-openjdk-amd64/lib/libjava.so
709ac2e9f000-709ac2eae000 r-xp 0000d000 103:02 17173422                  /usr/lib/jvm/java-21-openjdk-amd64/lib/libjava.so
709ac2eae000-709ac2eb3000 r--p 0001c000 103:02 17173422                  /usr/lib/jvm/java-21-openjdk-amd64/lib/libjava.so
709ac2eb3000-709ac2eb4000 r--p 00021000 103:02 17173422                  /usr/lib/jvm/java-21-openjdk-amd64/lib/libjava.so
709ac2eb4000-709ac2eb5000 rw-p 00022000 103:02 17173422                  /usr/lib/jvm/java-21-openjdk-amd64/lib/libjava.so
709ac2eb5000-709ac2eb6000 rw-p 00000000 00:00 0 
709ac2eb6000-709ac2eba000 r--p 00000000 103:02 16528598                  /usr/lib/x86_64-linux-gnu/libgcc_s.so.1
709ac2eba000-709ac2ede000 r-xp 00004000 103:02 16528598                  /usr/lib/x86_64-linux-gnu/libgcc_s.so.1
709ac2ede000-709ac2ee2000 r--p 00028000 103:02 16528598                  /usr/lib/x86_64-linux-gnu/libgcc_s.so.1
709ac2ee2000-709ac2ee3000 r--p 0002b000 103:02 16528598                  /usr/lib/x86_64-linux-gnu/libgcc_s.so.1
709ac2ee3000-709ac2ee4000 rw-p 0002c000 103:02 16528598                  /usr/lib/x86_64-linux-gnu/libgcc_s.so.1
709ac2ee4000-709ac2ef4000 r--p 00000000 103:02 16530817                  /usr/lib/x86_64-linux-gnu/libm.so.6
709ac2ef4000-709ac2f73000 r-xp 00010000 103:02 16530817                  /usr/lib/x86_64-linux-gnu/libm.so.6
709ac2f73000-709ac2fcb000 r--p 0008f000 103:02 16530817                  /usr/lib/x86_64-linux-gnu/libm.so.6
709ac2fcb000-709ac2fcc000 r--p 000e7000 103:02 16530817                  /usr/lib/x86_64-linux-gnu/libm.so.6
709ac2fcc000-709ac2fcd000 rw-p 000e8000 103:02 16530817                  /usr/lib/x86_64-linux-gnu/libm.so.6
709ac2fcd000-709ac2fcf000 rw-p 00000000 00:00 0 
709ac2fcf000-709ac2fd1000 r--p 00000000 103:02 17173426                  /usr/lib/jvm/java-21-openjdk-amd64/lib/libjli.so
709ac2fd1000-709ac2fdb000 r-xp 00002000 103:02 17173426                  /usr/lib/jvm/java-21-openjdk-amd64/lib/libjli.so
709ac2fdb000-709ac2fde000 r--p 0000c000 103:02 17173426                  /usr/lib/jvm/java-21-openjdk-amd64/lib/libjli.so
709ac2fde000-709ac2fdf000 r--p 0000f000 103:02 17173426                  /usr/lib/jvm/java-21-openjdk-amd64/lib/libjli.so
709ac2fdf000-709ac2fe0000 rw-p 00010000 103:02 17173426                  /usr/lib/jvm/java-21-openjdk-amd64/lib/libjli.so
709ac2fe0000-709ac2fe2000 r--p 00000000 103:02 16531205                  /usr/lib/x86_64-linux-gnu/libz.so.1.3
709ac2fe2000-709ac2ff4000 r-xp 00002000 103:02 16531205                  /usr/lib/x86_64-linux-gnu/libz.so.1.3
709ac2ff4000-709ac2ffa000 r--p 00014000 103:02 16531205                  /usr/lib/x86_64-linux-gnu/libz.so.1.3
709ac2ffa000-709ac2ffb000 r--p 0001a000 103:02 16531205                  /usr/lib/x86_64-linux-gnu/libz.so.1.3
709ac2ffb000-709ac2ffc000 rw-p 0001b000 103:02 16531205                  /usr/lib/x86_64-linux-gnu/libz.so.1.3
709ac2fff000-709ac3007000 rw-s 00000000 103:02 18350261                  /tmp/hsperfdata_dov/20714
709ac3007000-709ac3008000 ---p 00000000 00:00 0 
709ac3008000-709ac3009000 r--p 00000000 00:00 0 
709ac3009000-709ac300a000 ---p 00000000 00:00 0 
709ac300a000-709ac300c000 r--p 00000000 103:02 17173425                  /usr/lib/jvm/java-21-openjdk-amd64/lib/libjimage.so
709ac300c000-709ac300f000 r-xp 00002000 103:02 17173425                  /usr/lib/jvm/java-21-openjdk-amd64/lib/libjimage.so
709ac300f000-709ac3010000 r--p 00005000 103:02 17173425                  /usr/lib/jvm/java-21-openjdk-amd64/lib/libjimage.so
709ac3010000-709ac3011000 r--p 00006000 103:02 17173425                  /usr/lib/jvm/java-21-openjdk-amd64/lib/libjimage.so
709ac3011000-709ac3012000 rw-p 00007000 103:02 17173425                  /usr/lib/jvm/java-21-openjdk-amd64/lib/libjimage.so
709ac3012000-709ac3014000 rw-p 00000000 00:00 0 
709ac3014000-709ac3015000 r--p 00000000 103:02 16530286                  /usr/lib/x86_64-linux-gnu/ld-linux-x86-64.so.2
709ac3015000-709ac3040000 r-xp 00001000 103:02 16530286                  /usr/lib/x86_64-linux-gnu/ld-linux-x86-64.so.2
709ac3040000-709ac304a000 r--p 0002c000 103:02 16530286                  /usr/lib/x86_64-linux-gnu/ld-linux-x86-64.so.2
709ac304a000-709ac304c000 r--p 00036000 103:02 16530286                  /usr/lib/x86_64-linux-gnu/ld-linux-x86-64.so.2
709ac304c000-709ac304e000 rw-p 00038000 103:02 16530286                  /usr/lib/x86_64-linux-gnu/ld-linux-x86-64.so.2
7ffe14338000-7ffe14359000 rw-p 00000000 00:00 0                          [stack]
7ffe14373000-7ffe14377000 r--p 00000000 00:00 0                          [vvar]
7ffe14377000-7ffe14379000 r-xp 00000000 00:00 0                          [vdso]
ffffffffff600000-ffffffffff601000 --xp 00000000 00:00 0                  [vsyscall]
Total number of mappings: 403


VM Arguments:
jvm_args: -Dfile.encoding=UTF-8 --module-path=/home/dov/projects/NeighborhoodPIG/build/classes 
java_command: main.NeighborhoodPIG
java_class_path (initial): /home/dov/projects/Libraries/commons-math3/commons-math3-3.6.1-javadoc.jar:/home/dov/projects/Libraries/commons-math3/commons-math3-3.6.1-sources.jar:/home/dov/projects/Libraries/commons-math3/commons-math3-3.6.1-test-sources.jar:/home/dov/projects/Libraries/commons-math3/commons-math3-3.6.1-tests.jar:/home/dov/projects/Libraries/commons-math3/commons-math3-3.6.1-tools.jar:/home/dov/projects/Libraries/commons-math3/commons-math3-3.6.1.jar:/home/dov/projects/JCudaWrapper/jcuda12/jcublas-12.0.0.jar:/home/dov/projects/JCudaWrapper/jcuda12/jcublas-natives-12.0.0-linux-x86_64.jar:/home/dov/projects/JCudaWrapper/jcuda12/jcuda-12.0.0.jar:/home/dov/projects/JCudaWrapper/jcuda12/jcuda-natives-12.0.0-linux-x86_64.jar:/home/dov/projects/JCudaWrapper/jcuda12/jcudnn-12.0.0.jar:/home/dov/projects/JCudaWrapper/jcuda12/jcudnn-natives-12.0.0-linux-x86_64.jar:/home/dov/projects/JCudaWrapper/jcuda12/jcufft-12.0.0.jar:/home/dov/projects/JCudaWrapper/jcuda12/jcufft-natives-12.0.0-linux-x86_64.jar:/home/dov/projects/JCudaWrapper/jcuda12/jcurand-12.0.0.jar:/home/dov/projects/JCudaWrapper/jcuda12/jcurand-natives-12.0.0-linux-x86_64.jar:/home/dov/projects/JCudaWrapper/jcuda12/jcusolver-12.0.0.jar:/home/dov/projects/JCudaWrapper/jcuda12/jcusolver-natives-12.0.0-linux-x86_64.jar:/home/dov/projects/JCudaWrapper/jcuda12/jcusparse-12.0.0.jar:/home/dov/projects/JCudaWrapper/jcuda12/jcusparse-natives-12.0.0-linux-x86_64.jar:/home/dov/projects/NeighborhoodPIG/build/classes
Launcher Type: SUN_STANDARD

[Global flags]
     intx CICompilerCount                          = 12                                        {product} {ergonomic}
     uint ConcGCThreads                            = 3                                         {product} {ergonomic}
     uint G1ConcRefinementThreads                  = 13                                        {product} {ergonomic}
   size_t G1HeapRegionSize                         = 4194304                                   {product} {ergonomic}
    uintx GCDrainStackTargetSize                   = 64                                        {product} {ergonomic}
   size_t InitialHeapSize                          = 515899392                                 {product} {ergonomic}
   size_t MarkStackSize                            = 4194304                                   {product} {ergonomic}
   size_t MaxHeapSize                              = 8212447232                                {product} {ergonomic}
   size_t MaxNewSize                               = 4924112896                                {product} {ergonomic}
   size_t MinHeapDeltaBytes                        = 4194304                                   {product} {ergonomic}
   size_t MinHeapSize                              = 8388608                                   {product} {ergonomic}
    uintx NonNMethodCodeHeapSize                   = 7602480                                {pd product} {ergonomic}
    uintx NonProfiledCodeHeapSize                  = 122027880                              {pd product} {ergonomic}
    uintx ProfiledCodeHeapSize                     = 122027880                              {pd product} {ergonomic}
    uintx ReservedCodeCacheSize                    = 251658240                              {pd product} {ergonomic}
     bool SegmentedCodeCache                       = true                                      {product} {ergonomic}
   size_t SoftMaxHeapSize                          = 8212447232                             {manageable} {ergonomic}
     bool UseCompressedOops                        = true                           {product lp64_product} {ergonomic}
     bool UseG1GC                                  = true                                      {product} {ergonomic}

Logging:
Log output configuration:
 #0: stdout all=warning uptime,level,tags foldmultilines=false
 #1: stderr all=off uptime,level,tags foldmultilines=false

Environment Variables:
PATH=/usr/local/sbin:/usr/local/bin:/usr/sbin:/usr/bin:/sbin:/bin:/usr/games:/usr/local/games:/snap/bin:/snap/bin
USERNAME=dov
SHELL=/bin/bash
DISPLAY=:1
LANG=en_US.UTF-8

Active Locale:
LC_ALL=en_US.UTF-8
LC_COLLATE=en_US.UTF-8
LC_CTYPE=en_US.UTF-8
LC_MESSAGES=en_US.UTF-8
LC_MONETARY=en_US.UTF-8
LC_NUMERIC=en_US.UTF-8
LC_TIME=en_US.UTF-8

Signal Handlers:
   SIGSEGV: crash_handler in libjvm.so, mask=11100100010111111101111111111110, flags=SA_RESTART|SA_SIGINFO, unblocked
    SIGBUS: crash_handler in libjvm.so, mask=11100100010111111101111111111110, flags=SA_RESTART|SA_SIGINFO, unblocked
    SIGFPE: crash_handler in libjvm.so, mask=11100100010111111101111111111110, flags=SA_RESTART|SA_SIGINFO, unblocked
   SIGPIPE: javaSignalHandler in libjvm.so, mask=11100100010111111101111111111110, flags=SA_RESTART|SA_SIGINFO, blocked
   SIGXFSZ: javaSignalHandler in libjvm.so, mask=11100100010111111101111111111110, flags=SA_RESTART|SA_SIGINFO, blocked
    SIGILL: crash_handler in libjvm.so, mask=11100100010111111101111111111110, flags=SA_RESTART|SA_SIGINFO, unblocked
   SIGUSR2: SR_handler in libjvm.so, mask=00000000000000000000000000000000, flags=SA_RESTART|SA_SIGINFO, blocked
    SIGHUP: UserHandler in libjvm.so, mask=11100100010111111101111111111110, flags=SA_RESTART|SA_SIGINFO, blocked
    SIGINT: SIG_IGN, mask=00000000000000000000000000000000, flags=none, blocked
   SIGTERM: UserHandler in libjvm.so, mask=11100100010111111101111111111110, flags=SA_RESTART|SA_SIGINFO, blocked
   SIGQUIT: UserHandler in libjvm.so, mask=11100100010111111101111111111110, flags=SA_RESTART|SA_SIGINFO, blocked
   SIGTRAP: crash_handler in libjvm.so, mask=11100100010111111101111111111110, flags=SA_RESTART|SA_SIGINFO, unblocked


Periodic native trim disabled

---------------  S Y S T E M  ---------------

OS:
DISTRIB_ID=Ubuntu
DISTRIB_RELEASE=24.04
DISTRIB_CODENAME=noble
DISTRIB_DESCRIPTION="Ubuntu 24.04.1 LTS"
uname: Linux 6.8.0-49-generic #49-Ubuntu SMP PREEMPT_DYNAMIC Mon Nov  4 02:06:24 UTC 2024 x86_64
OS uptime: 0 days 7:22 hours
libc: glibc 2.39 NPTL 2.39 
rlimit (soft/hard): STACK 8192k/infinity , CORE 0k/infinity , NPROC 125013/125013 , NOFILE 1048576/1048576 , AS infinity/infinity , CPU infinity/infinity , DATA infinity/infinity , FSIZE infinity/infinity , MEMLOCK 4009332k/4009332k
load average: 0.07 0.07 0.17

/proc/meminfo:
MemTotal:       32074664 kB
MemFree:        22158076 kB
MemAvailable:   25159012 kB
Buffers:          291816 kB
Cached:          3107796 kB
SwapCached:            0 kB
Active:          6070792 kB
Inactive:        1929724 kB
Active(anon):    4708084 kB
Inactive(anon):        0 kB
Active(file):    1362708 kB
Inactive(file):  1929724 kB
Unevictable:          32 kB
Mlocked:              32 kB
SwapTotal:       8388604 kB
SwapFree:        8388604 kB
Zswap:                 0 kB
Zswapped:              0 kB
Dirty:               584 kB
Writeback:             0 kB
AnonPages:       4601112 kB
Mapped:          1009808 kB
Shmem:            107180 kB
KReclaimable:     146556 kB
Slab:             445148 kB
SReclaimable:     146556 kB
SUnreclaim:       298592 kB
KernelStack:       24448 kB
PageTables:        61300 kB
SecPageTables:         0 kB
NFS_Unstable:          0 kB
Bounce:                0 kB
WritebackTmp:          0 kB
CommitLimit:    24425936 kB
Committed_AS:   28800860 kB
VmallocTotal:   34359738367 kB
VmallocUsed:      166496 kB
VmallocChunk:          0 kB
Percpu:            19456 kB
HardwareCorrupted:     0 kB
AnonHugePages:         0 kB
ShmemHugePages:        0 kB
ShmemPmdMapped:        0 kB
FileHugePages:         0 kB
FilePmdMapped:         0 kB
Unaccepted:            0 kB
HugePages_Total:       0
HugePages_Free:        0
HugePages_Rsvd:        0
HugePages_Surp:        0
Hugepagesize:       2048 kB
Hugetlb:               0 kB
DirectMap4k:     1692136 kB
DirectMap2M:    14288896 kB
DirectMap1G:    17825792 kB

/sys/kernel/mm/transparent_hugepage/enabled: always [madvise] never
/sys/kernel/mm/transparent_hugepage/hpage_pmd_size: 2097152
/sys/kernel/mm/transparent_hugepage/defrag (defrag/compaction efforts parameter): always defer defer+madvise [madvise] never

Process Memory:
Virtual Size: 17045616K (peak: 17045616K)
Resident Set Size: 339016K (peak: 339016K) (anon: 162052K, file: 168772K, shmem: 8192K)
Swapped out: 0K
C-Heap outstanding allocations: 113964K, retained: 3123K
glibc malloc tunables: (default)

/proc/sys/kernel/threads-max (system-wide limit on the number of threads): 250026
/proc/sys/vm/max_map_count (maximum number of memory map areas a process may have): 1048576
/proc/sys/vm/swappiness (control to define how aggressively the kernel swaps out anonymous memory): 60
/proc/sys/kernel/pid_max (system-wide limit on number of process identifiers): 4194304

container (cgroup) information:
container_type: cgroupv2
cpu_cpuset_cpus: not supported
cpu_memory_nodes: not supported
active_processor_count: 16
cpu_quota: not supported
cpu_period: not supported
cpu_shares: not supported
memory_limit_in_bytes: unlimited
memory_and_swap_limit_in_bytes: unlimited
memory_soft_limit_in_bytes: unlimited
memory_usage_in_bytes: 2280648 k
memory_max_usage_in_bytes: not supported
memory_swap_current_in_bytes: unlimited
memory_swap_max_limit_in_bytes: unlimited
maximum number of tasks: 37503
current number of tasks: 139

Steal ticks since vm start: 0
Steal ticks percentage since vm start:  0.000

CPU: total 16 (initial active 16) (16 cores per cpu, 2 threads per core) family 25 model 68 stepping 1 microcode 0xa404101, cx8, cmov, fxsr, ht, mmx, 3dnowpref, sse, sse2, sse3, ssse3, sse4a, sse4.1, sse4.2, popcnt, lzcnt, tsc, tscinvbit, avx, avx2, aes, clmul, bmi1, bmi2, adx, sha, fma, vzeroupper, clflush, clflushopt, rdtscp, rdpid, f16c, pku, ospke, cet_ss
CPU Model and flags from /proc/cpuinfo:
model name	: AMD Ryzen 9 6900HS with Radeon Graphics
flags		: fpu vme de pse tsc msr pae mce cx8 apic sep mtrr pge mca cmov pat pse36 clflush mmx fxsr sse sse2 ht syscall nx mmxext fxsr_opt pdpe1gb rdtscp lm constant_tsc rep_good nopl nonstop_tsc cpuid extd_apicid aperfmperf rapl pni pclmulqdq monitor ssse3 fma cx16 sse4_1 sse4_2 x2apic movbe popcnt aes xsave avx f16c rdrand lahf_lm cmp_legacy svm extapic cr8_legacy abm sse4a misalignsse 3dnowprefetch osvw ibs skinit wdt tce topoext perfctr_core perfctr_nb bpext perfctr_llc mwaitx cpb cat_l3 cdp_l3 hw_pstate ssbd mba ibrs ibpb stibp vmmcall fsgsbase bmi1 avx2 smep bmi2 invpcid cqm rdt_a rdseed adx smap clflushopt clwb sha_ni xsaveopt xsavec xgetbv1 xsaves cqm_llc cqm_occup_llc cqm_mbm_total cqm_mbm_local user_shstk clzero irperf xsaveerptr rdpru wbnoinvd cppc arat npt lbrv svm_lock nrip_save tsc_scale vmcb_clean flushbyasid decodeassists pausefilter pfthreshold avic v_vmsave_vmload vgif v_spec_ctrl umip pku ospke vaes vpclmulqdq rdpid overflow_recov succor smca debug_swap

Online cpus: 0-15
Offline cpus: 
BIOS frequency limitation: <Not Available>
Frequency switch latency (ns): 0
Available cpu frequencies: <Not Available>
Current governor: powersave
Core performance/turbo boost: <Not Available>

Memory: 4k page, physical 32074664k(25159012k free), swap 8388604k(8388604k free)
Page Sizes: 4k

vm_info: OpenJDK 64-Bit Server VM (21.0.5+11-Ubuntu-1ubuntu124.04) for linux-amd64 JRE (21.0.5+11-Ubuntu-1ubuntu124.04), built on 2024-10-22T07:47:02Z by "buildd" with gcc 13.2.0

END.
