#
# A fatal error has been detected by the Java Runtime Environment:
#
#  SIGSEGV (0xb) at pc=0x0000000000e003b8, pid=17985, tid=17990
#
# JRE version: OpenJDK Runtime Environment (21.0.4+7) (build 21.0.4+7-Ubuntu-1ubuntu224.04)
# Java VM: OpenJDK 64-Bit Server VM (21.0.4+7-Ubuntu-1ubuntu224.04, mixed mode, sharing, tiered, compressed oops, compressed class ptrs, g1 gc, linux-amd64)
# Problematic frame:
# C  [libJCudaRuntime-12.0.0-linux-x86_64.so+0x54ad6]  __cudart784+0x46
#
# Core dump will be written. Default location: Core dumps may be processed with "/usr/share/apport/apport -p%p -s%s -c%c -d%d -P%P -u%u -g%g -- %E" (or dumping to /home/dov/projects/NeighborhoodPIG/core.17985)
#
# If you would like to submit a bug report, please visit:
#   https://bugs.launchpad.net/ubuntu/+source/openjdk-21
# The crash happened outside the Java Virtual Machine in native code.
# See problematic frame for where to report the bug.
#

---------------  S U M M A R Y ------------

Command Line: -Dfile.encoding=UTF-8 -agentlib:jdwp=transport=dt_socket,address=localhost:46433 --module-path=/home/dov/projects/NeighborhoodPIG/build/classes main.NeighborhoodPIG

Host: AMD Ryzen 9 6900HS with Radeon Graphics, 16 cores, 30G, Ubuntu 24.04.1 LTS
Time: Tue Oct 29 11:34:55 2024 IST elapsed time: 45.505617 seconds (0d 0h 0m 45s)

---------------  T H R E A D  ---------------

Current thread (0x00007001dc01b940):  JavaThread "main"             [_thread_in_native, id=17990, stack(0x00007001e0f00000,0x00007001e1000000) (1024K)]

Stack: [0x00007001e0f00000,0x00007001e1000000],  sp=0x00007001e0ffd6c0,  free space=1013k
Native frames: (J=compiled Java code, j=interpreted, Vv=VM code, C=native code)
C  [libJCudaRuntime-12.0.0-linux-x86_64.so+0x54ad6]  __cudart784+0x46
Java frames: (J=compiled Java code, j=interpreted, Vv=VM code)
j  jcuda.runtime.JCuda.cudaMemcpyAsyncNative(Ljcuda/Pointer;Ljcuda/Pointer;JILjcuda/runtime/cudaStream_t;)I+0
j  jcuda.runtime.JCuda.cudaMemcpyAsync(Ljcuda/Pointer;Ljcuda/Pointer;JILjcuda/runtime/cudaStream_t;)I+7
j  JCudaWrapper.array.Array.get(LJCudaWrapper/resourceManagement/Handle;Ljcuda/Pointer;III)V+73
j  JCudaWrapper.array.DArray.get(LJCudaWrapper/resourceManagement/Handle;[DIII)V+22
j  JCudaWrapper.array.DArray.get(LJCudaWrapper/resourceManagement/Handle;II)[D+12
j  JCudaWrapper.array.DArray.get(LJCudaWrapper/resourceManagement/Handle;)[D+7
j  JCudaWrapper.array.DSingleton.getVal(LJCudaWrapper/resourceManagement/Handle;)D+2
j  JCudaWrapper.algebra.Matrix.getEntry(II)D+17
j  JCudaWrapper.algebra.Matrix.toString()Ljava/lang/String;+46
j  java.lang.String.valueOf(Ljava/lang/Object;)Ljava/lang/String;+11 java.base@21.0.4
j  java.lang.StringBuilder.append(Ljava/lang/Object;)Ljava/lang/StringBuilder;+2 java.base@21.0.4
j  JCudaWrapper.algebra.MatricesStride.toString()Ljava/lang/String;+27
v  ~StubRoutines::call_stub 0x00007001cbc5fcc6
j  JCudaWrapper.algebra.MatricesStride.computeVals2x2(LJCudaWrapper/algebra/Vector;)LJCudaWrapper/algebra/VectorsStride;+29
j  JCudaWrapper.algebra.Eigen.<init>(LJCudaWrapper/algebra/MatricesStride;Z)V+42
j  main.StructureTensorMatrix.<init>(LJCudaWrapper/algebra/Matrix;LJCudaWrapper/algebra/Matrix;I)V+199
j  main.NeighborhoodPIG.<init>(Ljava/lang/String;I)V+63
j  main.NeighborhoodPIG.main([Ljava/lang/String;)V+7
v  ~StubRoutines::call_stub 0x00007001cbc5fcc6

siginfo: si_signo: 11 (SIGSEGV), si_code: 1 (SEGV_MAPERR), si_addr: 0x0000000000e003b8

Registers:
RAX=0x00000007001dc2e5, RBX=0x00007001dc2e5340, RCX=0x00007001e2c05780, RDX=0x00007001dc2e5340
RSP=0x00007001e0ffd6b8, RBP=0x00007001dc2e5340, RSI=0x0000000000000000, RDI=0x00007001e0ffd6d8
R8 =0x0000000000000000, R9 =0x00000007203457f0, R10=0x0000000000000018, R11=0x0000000000000040
R12=0x00007001e0ffd748, R13=0x00007001e0ffd747, R14=0x0000000000000002, R15=0x00007001dc4afe20
RIP=0x0000000000e003b8, EFLAGS=0x0000000000010246, CSGSFS=0x002b000000000033, ERR=0x0000000000000014
  TRAPNO=0x000000000000000e


Register to memory mapping:

RAX=0x00000007001dc2e5 points into unknown readable memory: 00 00 00
RBX=0x00007001dc2e5340 points into unknown readable memory: 0x00000007001dc2e5 | e5 c2 1d 00 07 00 00 00
RCX=0x00007001e2c05780: __pthread_keys+0x0000000000000000 in /lib/x86_64-linux-gnu/libc.so.6 at 0x00007001e2a00000
RDX=0x00007001dc2e5340 points into unknown readable memory: 0x00000007001dc2e5 | e5 c2 1d 00 07 00 00 00
RSP=0x00007001e0ffd6b8 is pointing into the stack for thread: 0x00007001dc01b940
RBP=0x00007001dc2e5340 points into unknown readable memory: 0x00000007001dc2e5 | e5 c2 1d 00 07 00 00 00
RSI=0x0 is null
RDI=0x00007001e0ffd6d8 is pointing into the stack for thread: 0x00007001dc01b940
R8 =0x0 is null
R9 =0x00000007203457f0 is an oop: jcuda.driver.CUdeviceptr 
{0x00000007203457f0} - klass: 'jcuda/driver/CUdeviceptr'
 - ---- fields (total size 5 words):
 - private 'nativePointer' 'J' @16  123147516903424 (0x0000700084000000)
 - private 'buffer' 'Ljava/nio/Buffer;' @12  null (0x00000000)
 - private 'byteOffset' 'J' @24  2713984 (0x0000000000296980)
 - private 'pointers' '[Ljcuda/NativePointerObject;' @32  null (0x00000000)
R10=0x0000000000000018 is an unknown value
R11=0x0000000000000040 is an unknown value
R12=0x00007001e0ffd748 is pointing into the stack for thread: 0x00007001dc01b940
R13=0x00007001e0ffd747 is pointing into the stack for thread: 0x00007001dc01b940
R14=0x0000000000000002 is an unknown value
R15=0x00007001dc4afe20 points into unknown readable memory: 0x00007001dc869af0 | f0 9a 86 dc 01 70 00 00

Top of Stack: (sp=0x00007001e0ffd6b8)
0x00007001e0ffd6b8:   00007001a4254ad6 0000000000000000
0x00007001e0ffd6c8:   00007001dc2e5340 00000000ffffffff
0x00007001e0ffd6d8:   0000000000000000 0000000000000000
0x00007001e0ffd6e8:   00007001dc68bd90 00007001dd5a9580
0x00007001e0ffd6f8:   00007001dc2e5340 00007001e0ffd788
0x00007001e0ffd708:   00007001e0ffd748 00007001e0ffd747
0x00007001e0ffd718:   0000000000000002 00007001dc4afe20
0x00007001e0ffd728:   00007001a4255124 000070010000000c
0x00007001e0ffd738:   00007001dc148b50 00007001dc01b940
0x00007001e0ffd748:   0000000000000000 00007001dc01b940
0x00007001e0ffd758:   00007001dc4afe20 00000007203454c8
0x00007001e0ffd768:   0000700084296980 0000000000000008
0x00007001e0ffd778:   00007001a424a8af 00007001e0ffd660
0x00007001e0ffd788:   0000000000000000 00007001e0ffd8c0
0x00007001e0ffd798:   00007001a422abf2 00007001e0ffd8d0
0x00007001e0ffd7a8:   00007001dc01bcf8 00007001e0ffda28
0x00007001e0ffd7b8:   00007001dc4afe20 00000007203454c8
0x00007001e0ffd7c8:   00007001dd594560 0000700084296980
0x00007001e0ffd7d8:   0000000000000008 0000000000000002
0x00007001e0ffd7e8:   00007001a4281295 00000007203454c8
0x00007001e0ffd7f8:   00007001e209d71a 00000000dc125fe0
0x00007001e0ffd808:   0000000000000000 00007001e0ffd840
0x00007001e0ffd818:   b0c82e0400259c00 0000700084000000
0x00007001e0ffd828:   0000000000000031 00000007203454c8
0x00007001e0ffd838:   0000000000000000 0000000000000005
0x00007001e0ffd848:   00000007203457f0 0000000000000008
0x00007001e0ffd858:   0000000000000031 0000000000000005
0x00007001e0ffd868:   00007001dc01b940 00007001e0ffd8d0
0x00007001e0ffd878:   00007001e1da5b0a 00007001dc01b940
0x00007001e0ffd888:   00007001e0ffda28 00007001dc01b940
0x00007001e0ffd898:   0000000000000000 00007001e0ffd8c0
0x00007001e0ffd8a8:   00007001dc01bcf8 000070010001ba80 

Instructions: (pc=0x00007001a4254ad6)
0x00007001a42549d6:   89 2b 74 46 8b 41 18 31 d2 4c 8b 29 41 f7 f7 4d
0x00007001a42549e6:   85 ed 89 d5 4d 8d 0c ec 49 8b 39 48 89 39 49 89
0x00007001a42549f6:   09 74 27 41 8b 45 18 31 d2 49 8b 4d 00 41 f7 f7
0x00007001a4254a06:   48 85 c9 41 89 d2 4f 8d 1c d4 49 8b 33 49 89 75
0x00007001a4254a16:   00 4d 89 2b 0f 85 78 ff ff ff 45 8b 6e 58 49 8b
0x00007001a4254a26:   7e 68 41 83 c0 01 45 39 e8 0f 82 53 ff ff ff 45
0x00007001a4254a36:   89 7e 58 e8 62 dd 03 00 4d 89 66 68 e9 0a fe ff
0x00007001a4254a46:   ff 66 0f 1f 84 00 00 00 00 00 41 be 02 00 00 00
0x00007001a4254a56:   e9 f9 fd ff ff 0f 1f 44 00 00 41 8b 6e 58 85 ed
0x00007001a4254a66:   0f 84 e5 fd ff ff 49 8b 7e 68 45 31 ff 45 31 e4
0x00007001a4254a76:   eb bd 49 8b 7e 68 45 31 e4 eb b4 90 0f 1f 40 00
0x00007001a4254a86:   66 2e 0f 1f 84 00 00 00 00 00 41 57 41 56 41 55
0x00007001a4254a96:   41 54 49 89 f4 55 53 48 89 fd 48 89 ea 48 83 ec
0x00007001a4254aa6:   38 48 c7 06 00 00 00 00 48 8b 45 00 31 f6 48 c7
0x00007001a4254ab6:   44 24 18 00 00 00 00 48 c7 44 24 20 00 00 00 00
0x00007001a4254ac6:   c7 44 24 14 00 00 00 00 48 8d 7c 24 18 ff 50 10
0x00007001a4254ad6:   85 c0 75 1e 4c 8b 6c 24 18 31 c0 4d 89 2c 24 48
0x00007001a4254ae6:   83 c4 38 5b 5d 41 5c 41 5d 41 5e 41 5f c3 0f 1f
0x00007001a4254af6:   40 00 48 8d 1d 41 8e 27 00 48 8d 7c 24 20 ff 13
0x00007001a4254b06:   85 c0 0f 85 d2 03 00 00 4c 8d 2d 13 8e 27 00 48
0x00007001a4254b16:   8d 7c 24 14 41 ff 55 00 85 c0 0f 85 ba 03 00 00
0x00007001a4254b26:   44 8b 74 24 14 e8 f0 38 ff ff 8b 50 48 48 8b 78
0x00007001a4254b36:   58 48 8d 74 24 28 44 89 f2 e8 1c 53 ff ff 85 c0
0x00007001a4254b46:   75 9d bf b8 00 00 00 e8 3e dc 03 00 48 8b 54 24
0x00007001a4254b56:   20 48 8b 74 24 28 48 89 c3 48 89 c7 e8 39 60 ff
0x00007001a4254b66:   ff 48 85 db 48 89 5c 24 18 0f 84 81 03 00 00 48
0x00007001a4254b76:   8b 55 20 8b 0a 4c 8b 7a 10 4d 8d 2c cf 4d 39 ef
0x00007001a4254b86:   0f 84 74 03 00 00 4d 8b 37 4d 85 f6 0f 85 53 01
0x00007001a4254b96:   00 00 49 8d 77 08 4c 89 ef 48 29 f7 48 c1 ef 03
0x00007001a4254ba6:   83 e7 07 0f 84 af 00 00 00 49 89 f7 48 83 c6 08
0x00007001a4254bb6:   4c 8b 76 f8 4d 85 f6 0f 85 28 01 00 00 48 83 ff
0x00007001a4254bc6:   01 0f 84 91 00 00 00 48 83 ff 02 74 77 48 83 ff 


Stack slot to memory mapping:

stack at sp + 0 slots: 0x0 is null
stack at sp + 1 slots: 0x00007001dc2e5340 points into unknown readable memory: 0x00000007001dc2e5 | e5 c2 1d 00 07 00 00 00
stack at sp + 2 slots: 0x00000000ffffffff is an unknown value
stack at sp + 3 slots: 0x0 is null
stack at sp + 4 slots: 0x0 is null
stack at sp + 5 slots: 0x00007001dc68bd90 points into unknown readable memory: 0x0000000100000000 | 00 00 00 00 01 00 00 00
stack at sp + 6 slots: 0x00007001dd5a9580 points into unknown readable memory: 0x00007001dc000810 | 10 08 00 dc 01 70 00 00
stack at sp + 7 slots: 0x00007001dc2e5340 points into unknown readable memory: 0x00000007001dc2e5 | e5 c2 1d 00 07 00 00 00


---------------  P R O C E S S  ---------------

Threads class SMR info:
_java_thread_list=0x000070010001bc20, length=14, elements={
0x00007001dc01b940, 0x00007001dc139ff0, 0x00007001dc13b680, 0x00007001dc13d150,
0x00007001dc13e7a0, 0x00007001dc13fd50, 0x00007001dc141920, 0x00007001dc142ff0,
0x00007001dc162120, 0x00007001dc1a58b0, 0x00007001dc1bd020, 0x00007001dc1be270,
0x00007001dc2de320, 0x00007001dd5be760
}

Java Threads: ( => current thread )
=>0x00007001dc01b940 JavaThread "main"                              [_thread_in_native, id=17990, stack(0x00007001e0f00000,0x00007001e1000000) (1024K)]
  0x00007001dc139ff0 JavaThread "Reference Handler"          daemon [_thread_blocked, id=17998, stack(0x00007001b2900000,0x00007001b2a00000) (1024K)]
  0x00007001dc13b680 JavaThread "Finalizer"                  daemon [_thread_blocked, id=17999, stack(0x00007001b2800000,0x00007001b2900000) (1024K)]
  0x00007001dc13d150 JavaThread "Signal Dispatcher"          daemon [_thread_blocked, id=18000, stack(0x00007001b2700000,0x00007001b2800000) (1024K)]
  0x00007001dc13e7a0 JavaThread "Service Thread"             daemon [_thread_blocked, id=18001, stack(0x00007001b2600000,0x00007001b2700000) (1024K)]
  0x00007001dc13fd50 JavaThread "Monitor Deflation Thread"   daemon [_thread_blocked, id=18002, stack(0x00007001b2500000,0x00007001b2600000) (1024K)]
  0x00007001dc141920 JavaThread "C2 CompilerThread0"         daemon [_thread_blocked, id=18003, stack(0x00007001b2400000,0x00007001b2500000) (1024K)]
  0x00007001dc142ff0 JavaThread "C1 CompilerThread0"         daemon [_thread_blocked, id=18004, stack(0x00007001b2300000,0x00007001b2400000) (1024K)]
  0x00007001dc162120 JavaThread "Common-Cleaner"             daemon [_thread_blocked, id=18005, stack(0x00007001b2200000,0x00007001b2300000) (1024K)]
  0x00007001dc1a58b0 JavaThread "JDWP Transport Listener: dt_socket" daemon [_thread_in_native, id=18009, stack(0x00007001b1f00000,0x00007001b2000000) (1024K)]
  0x00007001dc1bd020 JavaThread "JDWP Event Helper Thread"   daemon [_thread_blocked, id=18011, stack(0x00007001b1e00000,0x00007001b1f00000) (1024K)]
  0x00007001dc1be270 JavaThread "Notification Thread"        daemon [_thread_blocked, id=18016, stack(0x00007001b1c00000,0x00007001b1d00000) (1024K)]
  0x00007001dc2de320 JavaThread "Java2D Disposer"            daemon [_thread_blocked, id=18017, stack(0x00007001b19c3000,0x00007001b1ac3000) (1024K)]
  0x00007001dd5be760 JavaThread "pool-1-thread-1"            daemon [_thread_blocked, id=18024, stack(0x00007001b2000000,0x00007001b2100000) (1024K)]
Total: 14

Other Threads:
  0x00007001dc12cca0 VMThread "VM Thread"                           [id=17997, stack(0x00007001b37f9000,0x00007001b38f9000) (1024K)]
  0x00007001dc112450 WatcherThread "VM Periodic Task Thread"        [id=17996, stack(0x00007001b38fa000,0x00007001b39fa000) (1024K)]
  0x00007001dc046600 WorkerThread "GC Thread#0"                     [id=17991, stack(0x00007001dbe44000,0x00007001dbf44000) (1024K)]
  0x0000700148009280 WorkerThread "GC Thread#1"                     [id=18034, stack(0x0000700159d00000,0x0000700159e00000) (1024K)]
  0x0000700148009cd0 WorkerThread "GC Thread#2"                     [id=18035, stack(0x0000700159300000,0x0000700159400000) (1024K)]
  0x000070014800a720 WorkerThread "GC Thread#3"                     [id=18036, stack(0x00007001591ff000,0x00007001592ff000) (1024K)]
  0x000070014800b170 WorkerThread "GC Thread#4"                     [id=18037, stack(0x00007001590fe000,0x00007001591fe000) (1024K)]
  0x000070014800bbc0 WorkerThread "GC Thread#5"                     [id=18038, stack(0x0000700158ffd000,0x00007001590fd000) (1024K)]
  0x000070014800c660 WorkerThread "GC Thread#6"                     [id=18039, stack(0x0000700158efc000,0x0000700158ffc000) (1024K)]
  0x000070014800d100 WorkerThread "GC Thread#7"                     [id=18040, stack(0x0000700158dfb000,0x0000700158efb000) (1024K)]
  0x000070014800dca0 WorkerThread "GC Thread#8"                     [id=18041, stack(0x0000700158cfa000,0x0000700158dfa000) (1024K)]
  0x000070014800e840 WorkerThread "GC Thread#9"                     [id=18042, stack(0x0000700158bf9000,0x0000700158cf9000) (1024K)]
  0x000070014800f3e0 WorkerThread "GC Thread#10"                    [id=18043, stack(0x0000700158af8000,0x0000700158bf8000) (1024K)]
  0x000070014801bf90 WorkerThread "GC Thread#11"                    [id=18047, stack(0x00007001589f7000,0x0000700158af7000) (1024K)]
  0x000070014801c650 WorkerThread "GC Thread#12"                    [id=18048, stack(0x00007001588f6000,0x00007001589f6000) (1024K)]
  0x00007001dc057100 ConcurrentGCThread "G1 Main Marker"            [id=17992, stack(0x00007001c2700000,0x00007001c2800000) (1024K)]
  0x00007001dc0580b0 WorkerThread "G1 Conc#0"                       [id=17993, stack(0x00007001bab00000,0x00007001bac00000) (1024K)]
  0x00007001dc0ffcc0 ConcurrentGCThread "G1 Refine#0"               [id=17994, stack(0x00007001b3afc000,0x00007001b3bfc000) (1024K)]
  0x00007001dc100c80 ConcurrentGCThread "G1 Service"                [id=17995, stack(0x00007001b39fb000,0x00007001b3afb000) (1024K)]
Total: 19

Threads with active compile tasks:
Total: 0

VM state: not at safepoint (normal execution)

VM Mutex/Monitor currently owned by a thread: None

Heap address: 0x0000000616800000, size: 7832 MB, Compressed Oops mode: Zero based, Oop shift amount: 3

CDS archive(s) mapped at: [0x000070015b000000-0x000070015bcae000-0x000070015bcae000), size 13295616, SharedBaseAddress: 0x000070015b000000, ArchiveRelocationMode: 1.
Compressed class space mapped at: 0x000070015c000000-0x000070019c000000, reserved size: 1073741824
Narrow klass base: 0x000070015b000000, Narrow klass shift: 0, Narrow klass range: 0x100000000

GC Precious Log:
 CardTable entry size: 512
 Card Set container configuration: InlinePtr #cards 4 size 8 Array Of Cards #cards 32 size 80 Howl #buckets 8 coarsen threshold 7372 Howl Bitmap #cards 1024 size 144 coarsen threshold 921 Card regions per heap region 1 cards per card region 8192
 CPUs: 16 total, 16 available
 Memory: 31322M
 Large Page Support: Disabled
 NUMA Support: Disabled
 Compressed Oops: Enabled (Zero based)
 Heap Region Size: 4M
 Heap Min Capacity: 8M
 Heap Initial Capacity: 492M
 Heap Max Capacity: 7832M
 Pre-touch: Disabled
 Parallel Workers: 13
 Concurrent Workers: 3
 Concurrent Refinement Workers: 13
 Periodic GC: Disabled

Heap:
 garbage-first heap   total 4460544K, used 363606K [0x0000000616800000, 0x0000000800000000)
  region size 4096K, 58 young (237568K), 32 survivors (131072K)
 Metaspace       used 4858K, committed 4928K, reserved 1114112K
  class space    used 415K, committed 448K, reserved 1048576K

Heap Regions: E=young(eden), S=young(survivor), O=old, HS=humongous(starts), HC=humongous(continues), CS=collection set, F=free, TAMS=top-at-mark-start, PB=parsable bottom
|   0|0x0000000616800000, 0x0000000616c00000, 0x0000000616c00000|100%|HS|  |TAMS 0x0000000616800000| PB 0x0000000616800000| Complete 
|   1|0x0000000616c00000, 0x0000000616c00000, 0x0000000617000000|  0%| F|  |TAMS 0x0000000616c00000| PB 0x0000000616c00000| Untracked 
|   2|0x0000000617000000, 0x000000061720e150, 0x0000000617400000| 51%| O|  |TAMS 0x0000000617000000| PB 0x0000000617000000| Untracked 
|   3|0x0000000617400000, 0x0000000617800000, 0x0000000617800000|100%|HS|  |TAMS 0x0000000617400000| PB 0x0000000617400000| Complete 
|   4|0x0000000617800000, 0x0000000617c00000, 0x0000000617c00000|100%|HC|  |TAMS 0x0000000617800000| PB 0x0000000617800000| Complete 
|   5|0x0000000617c00000, 0x0000000618000000, 0x0000000618000000|100%|HC|  |TAMS 0x0000000617c00000| PB 0x0000000617c00000| Complete 
|   6|0x0000000618000000, 0x0000000618400000, 0x0000000618400000|100%|HC|  |TAMS 0x0000000618000000| PB 0x0000000618000000| Complete 
|   7|0x0000000618400000, 0x0000000618800000, 0x0000000618800000|100%|HC|  |TAMS 0x0000000618400000| PB 0x0000000618400000| Complete 
|   8|0x0000000618800000, 0x0000000618c00000, 0x0000000618c00000|100%|HC|  |TAMS 0x0000000618800000| PB 0x0000000618800000| Complete 
|   9|0x0000000618c00000, 0x0000000619000000, 0x0000000619000000|100%|HC|  |TAMS 0x0000000618c00000| PB 0x0000000618c00000| Complete 
|  10|0x0000000619000000, 0x0000000619400000, 0x0000000619400000|100%|HC|  |TAMS 0x0000000619000000| PB 0x0000000619000000| Complete 
|  11|0x0000000619400000, 0x0000000619800000, 0x0000000619800000|100%|HC|  |TAMS 0x0000000619400000| PB 0x0000000619400000| Complete 
|  12|0x0000000619800000, 0x0000000619c00000, 0x0000000619c00000|100%|HC|  |TAMS 0x0000000619800000| PB 0x0000000619800000| Complete 
|  13|0x0000000619c00000, 0x000000061a000000, 0x000000061a000000|100%|HC|  |TAMS 0x0000000619c00000| PB 0x0000000619c00000| Complete 
|  14|0x000000061a000000, 0x000000061a000000, 0x000000061a400000|  0%| F|  |TAMS 0x000000061a000000| PB 0x000000061a000000| Untracked 
|  15|0x000000061a400000, 0x000000061a400000, 0x000000061a800000|  0%| F|  |TAMS 0x000000061a400000| PB 0x000000061a400000| Untracked 
|  16|0x000000061a800000, 0x000000061a800000, 0x000000061ac00000|  0%| F|  |TAMS 0x000000061a800000| PB 0x000000061a800000| Untracked 
|  17|0x000000061ac00000, 0x000000061ac00000, 0x000000061b000000|  0%| F|  |TAMS 0x000000061ac00000| PB 0x000000061ac00000| Untracked 
|  18|0x000000061b000000, 0x000000061b000000, 0x000000061b400000|  0%| F|  |TAMS 0x000000061b000000| PB 0x000000061b000000| Untracked 
|  19|0x000000061b400000, 0x000000061b400000, 0x000000061b800000|  0%| F|  |TAMS 0x000000061b400000| PB 0x000000061b400000| Untracked 
|  20|0x000000061b800000, 0x000000061b800000, 0x000000061bc00000|  0%| F|  |TAMS 0x000000061b800000| PB 0x000000061b800000| Untracked 
|  21|0x000000061bc00000, 0x000000061bc00000, 0x000000061c000000|  0%| F|  |TAMS 0x000000061bc00000| PB 0x000000061bc00000| Untracked 
|  22|0x000000061c000000, 0x000000061c000000, 0x000000061c400000|  0%| F|  |TAMS 0x000000061c000000| PB 0x000000061c000000| Untracked 
|  23|0x000000061c400000, 0x000000061c800000, 0x000000061c800000|100%|HS|  |TAMS 0x000000061c400000| PB 0x000000061c400000| Complete 
|  24|0x000000061c800000, 0x000000061cc00000, 0x000000061cc00000|100%|HC|  |TAMS 0x000000061c800000| PB 0x000000061c800000| Complete 
|  25|0x000000061cc00000, 0x000000061d000000, 0x000000061d000000|100%|HC|  |TAMS 0x000000061cc00000| PB 0x000000061cc00000| Complete 
|  26|0x000000061d000000, 0x000000061d400000, 0x000000061d400000|100%|HC|  |TAMS 0x000000061d000000| PB 0x000000061d000000| Complete 
|  27|0x000000061d400000, 0x000000061d800000, 0x000000061d800000|100%|HC|  |TAMS 0x000000061d400000| PB 0x000000061d400000| Complete 
|  28|0x000000061d800000, 0x000000061dc00000, 0x000000061dc00000|100%|HC|  |TAMS 0x000000061d800000| PB 0x000000061d800000| Complete 
|  29|0x000000061dc00000, 0x000000061e000000, 0x000000061e000000|100%|HC|  |TAMS 0x000000061dc00000| PB 0x000000061dc00000| Complete 
|  30|0x000000061e000000, 0x000000061e400000, 0x000000061e400000|100%|HC|  |TAMS 0x000000061e000000| PB 0x000000061e000000| Complete 
|  31|0x000000061e400000, 0x000000061e800000, 0x000000061e800000|100%|HC|  |TAMS 0x000000061e400000| PB 0x000000061e400000| Complete 
|  32|0x000000061e800000, 0x000000061ec00000, 0x000000061ec00000|100%|HC|  |TAMS 0x000000061e800000| PB 0x000000061e800000| Complete 
|  33|0x000000061ec00000, 0x000000061f000000, 0x000000061f000000|100%|HC|  |TAMS 0x000000061ec00000| PB 0x000000061ec00000| Complete 
|  34|0x000000061f000000, 0x000000061f400000, 0x000000061f400000|100%|HC|  |TAMS 0x000000061f000000| PB 0x000000061f000000| Complete 
|  35|0x000000061f400000, 0x000000061f800000, 0x000000061f800000|100%|HC|  |TAMS 0x000000061f400000| PB 0x000000061f400000| Complete 
|  36|0x000000061f800000, 0x000000061fc00000, 0x000000061fc00000|100%|HC|  |TAMS 0x000000061f800000| PB 0x000000061f800000| Complete 
|  37|0x000000061fc00000, 0x0000000620000000, 0x0000000620000000|100%|HC|  |TAMS 0x000000061fc00000| PB 0x000000061fc00000| Complete 
|  38|0x0000000620000000, 0x0000000620400000, 0x0000000620400000|100%|HC|  |TAMS 0x0000000620000000| PB 0x0000000620000000| Complete 
|  39|0x0000000620400000, 0x0000000620800000, 0x0000000620800000|100%|HC|  |TAMS 0x0000000620400000| PB 0x0000000620400000| Complete 
|  40|0x0000000620800000, 0x0000000620c00000, 0x0000000620c00000|100%|HC|  |TAMS 0x0000000620800000| PB 0x0000000620800000| Complete 
|  41|0x0000000620c00000, 0x0000000621000000, 0x0000000621000000|100%|HC|  |TAMS 0x0000000620c00000| PB 0x0000000620c00000| Complete 
|  42|0x0000000621000000, 0x0000000621000000, 0x0000000621400000|  0%| F|  |TAMS 0x0000000621000000| PB 0x0000000621000000| Untracked 
|  43|0x0000000621400000, 0x0000000621400000, 0x0000000621800000|  0%| F|  |TAMS 0x0000000621400000| PB 0x0000000621400000| Untracked 
|  44|0x0000000621800000, 0x0000000621800000, 0x0000000621c00000|  0%| F|  |TAMS 0x0000000621800000| PB 0x0000000621800000| Untracked 
|  45|0x0000000621c00000, 0x0000000621c00000, 0x0000000622000000|  0%| F|  |TAMS 0x0000000621c00000| PB 0x0000000621c00000| Untracked 
|  46|0x0000000622000000, 0x0000000622000000, 0x0000000622400000|  0%| F|  |TAMS 0x0000000622000000| PB 0x0000000622000000| Untracked 
|  47|0x0000000622400000, 0x0000000622400000, 0x0000000622800000|  0%| F|  |TAMS 0x0000000622400000| PB 0x0000000622400000| Untracked 
|  48|0x0000000622800000, 0x0000000622800000, 0x0000000622c00000|  0%| F|  |TAMS 0x0000000622800000| PB 0x0000000622800000| Untracked 
|  49|0x0000000622c00000, 0x0000000622c00000, 0x0000000623000000|  0%| F|  |TAMS 0x0000000622c00000| PB 0x0000000622c00000| Untracked 
|  50|0x0000000623000000, 0x0000000623000000, 0x0000000623400000|  0%| F|  |TAMS 0x0000000623000000| PB 0x0000000623000000| Untracked 
|  51|0x0000000623400000, 0x0000000623400000, 0x0000000623800000|  0%| F|  |TAMS 0x0000000623400000| PB 0x0000000623400000| Untracked 
|  52|0x0000000623800000, 0x0000000623800000, 0x0000000623c00000|  0%| F|  |TAMS 0x0000000623800000| PB 0x0000000623800000| Untracked 
|  53|0x0000000623c00000, 0x0000000623c00000, 0x0000000624000000|  0%| F|  |TAMS 0x0000000623c00000| PB 0x0000000623c00000| Untracked 
|  54|0x0000000624000000, 0x0000000624000000, 0x0000000624400000|  0%| F|  |TAMS 0x0000000624000000| PB 0x0000000624000000| Untracked 
|  55|0x0000000624400000, 0x0000000624400000, 0x0000000624800000|  0%| F|  |TAMS 0x0000000624400000| PB 0x0000000624400000| Untracked 
|  56|0x0000000624800000, 0x0000000624800000, 0x0000000624c00000|  0%| F|  |TAMS 0x0000000624800000| PB 0x0000000624800000| Untracked 
|  57|0x0000000624c00000, 0x0000000624c00000, 0x0000000625000000|  0%| F|  |TAMS 0x0000000624c00000| PB 0x0000000624c00000| Untracked 
|  58|0x0000000625000000, 0x0000000625000000, 0x0000000625400000|  0%| F|  |TAMS 0x0000000625000000| PB 0x0000000625000000| Untracked 
|  59|0x0000000625400000, 0x0000000625400000, 0x0000000625800000|  0%| F|  |TAMS 0x0000000625400000| PB 0x0000000625400000| Untracked 
|  60|0x0000000625800000, 0x0000000625800000, 0x0000000625c00000|  0%| F|  |TAMS 0x0000000625800000| PB 0x0000000625800000| Untracked 
|  61|0x0000000625c00000, 0x0000000625c00000, 0x0000000626000000|  0%| F|  |TAMS 0x0000000625c00000| PB 0x0000000625c00000| Untracked 
|  62|0x0000000626000000, 0x0000000626000000, 0x0000000626400000|  0%| F|  |TAMS 0x0000000626000000| PB 0x0000000626000000| Untracked 
|  63|0x0000000626400000, 0x0000000626400000, 0x0000000626800000|  0%| F|  |TAMS 0x0000000626400000| PB 0x0000000626400000| Untracked 
|  64|0x0000000626800000, 0x0000000626800000, 0x0000000626c00000|  0%| F|  |TAMS 0x0000000626800000| PB 0x0000000626800000| Untracked 
|  65|0x0000000626c00000, 0x0000000626c00000, 0x0000000627000000|  0%| F|  |TAMS 0x0000000626c00000| PB 0x0000000626c00000| Untracked 
|  66|0x0000000627000000, 0x0000000627000000, 0x0000000627400000|  0%| F|  |TAMS 0x0000000627000000| PB 0x0000000627000000| Untracked 
|  67|0x0000000627400000, 0x0000000627400000, 0x0000000627800000|  0%| F|  |TAMS 0x0000000627400000| PB 0x0000000627400000| Untracked 
|  68|0x0000000627800000, 0x0000000627800000, 0x0000000627c00000|  0%| F|  |TAMS 0x0000000627800000| PB 0x0000000627800000| Untracked 
|  69|0x0000000627c00000, 0x0000000627c00000, 0x0000000628000000|  0%| F|  |TAMS 0x0000000627c00000| PB 0x0000000627c00000| Untracked 
|  70|0x0000000628000000, 0x0000000628000000, 0x0000000628400000|  0%| F|  |TAMS 0x0000000628000000| PB 0x0000000628000000| Untracked 
|  71|0x0000000628400000, 0x0000000628400000, 0x0000000628800000|  0%| F|  |TAMS 0x0000000628400000| PB 0x0000000628400000| Untracked 
|  72|0x0000000628800000, 0x0000000628800000, 0x0000000628c00000|  0%| F|  |TAMS 0x0000000628800000| PB 0x0000000628800000| Untracked 
|  73|0x0000000628c00000, 0x0000000628c00000, 0x0000000629000000|  0%| F|  |TAMS 0x0000000628c00000| PB 0x0000000628c00000| Untracked 
|  74|0x0000000629000000, 0x0000000629000000, 0x0000000629400000|  0%| F|  |TAMS 0x0000000629000000| PB 0x0000000629000000| Untracked 
|  75|0x0000000629400000, 0x0000000629400000, 0x0000000629800000|  0%| F|  |TAMS 0x0000000629400000| PB 0x0000000629400000| Untracked 
|  76|0x0000000629800000, 0x0000000629800000, 0x0000000629c00000|  0%| F|  |TAMS 0x0000000629800000| PB 0x0000000629800000| Untracked 
|  77|0x0000000629c00000, 0x0000000629c00000, 0x000000062a000000|  0%| F|  |TAMS 0x0000000629c00000| PB 0x0000000629c00000| Untracked 
|  78|0x000000062a000000, 0x000000062a000000, 0x000000062a400000|  0%| F|  |TAMS 0x000000062a000000| PB 0x000000062a000000| Untracked 
|  79|0x000000062a400000, 0x000000062a400000, 0x000000062a800000|  0%| F|  |TAMS 0x000000062a400000| PB 0x000000062a400000| Untracked 
|  80|0x000000062a800000, 0x000000062a800000, 0x000000062ac00000|  0%| F|  |TAMS 0x000000062a800000| PB 0x000000062a800000| Untracked 
|  81|0x000000062ac00000, 0x000000062ac00000, 0x000000062b000000|  0%| F|  |TAMS 0x000000062ac00000| PB 0x000000062ac00000| Untracked 
|  82|0x000000062b000000, 0x000000062b000000, 0x000000062b400000|  0%| F|  |TAMS 0x000000062b000000| PB 0x000000062b000000| Untracked 
|  83|0x000000062b400000, 0x000000062b400000, 0x000000062b800000|  0%| F|  |TAMS 0x000000062b400000| PB 0x000000062b400000| Untracked 
|  84|0x000000062b800000, 0x000000062b800000, 0x000000062bc00000|  0%| F|  |TAMS 0x000000062b800000| PB 0x000000062b800000| Untracked 
|  85|0x000000062bc00000, 0x000000062bc00000, 0x000000062c000000|  0%| F|  |TAMS 0x000000062bc00000| PB 0x000000062bc00000| Untracked 
|  86|0x000000062c000000, 0x000000062c000000, 0x000000062c400000|  0%| F|  |TAMS 0x000000062c000000| PB 0x000000062c000000| Untracked 
|  87|0x000000062c400000, 0x000000062c400000, 0x000000062c800000|  0%| F|  |TAMS 0x000000062c400000| PB 0x000000062c400000| Untracked 
|  88|0x000000062c800000, 0x000000062c800000, 0x000000062cc00000|  0%| F|  |TAMS 0x000000062c800000| PB 0x000000062c800000| Untracked 
|  89|0x000000062cc00000, 0x000000062cc00000, 0x000000062d000000|  0%| F|  |TAMS 0x000000062cc00000| PB 0x000000062cc00000| Untracked 
|  90|0x000000062d000000, 0x000000062d000000, 0x000000062d400000|  0%| F|  |TAMS 0x000000062d000000| PB 0x000000062d000000| Untracked 
|  91|0x000000062d400000, 0x000000062d400000, 0x000000062d800000|  0%| F|  |TAMS 0x000000062d400000| PB 0x000000062d400000| Untracked 
|  92|0x000000062d800000, 0x000000062d800000, 0x000000062dc00000|  0%| F|  |TAMS 0x000000062d800000| PB 0x000000062d800000| Untracked 
|  93|0x000000062dc00000, 0x000000062dc00000, 0x000000062e000000|  0%| F|  |TAMS 0x000000062dc00000| PB 0x000000062dc00000| Untracked 
|  94|0x000000062e000000, 0x000000062e000000, 0x000000062e400000|  0%| F|  |TAMS 0x000000062e000000| PB 0x000000062e000000| Untracked 
|  95|0x000000062e400000, 0x000000062e400000, 0x000000062e800000|  0%| F|  |TAMS 0x000000062e400000| PB 0x000000062e400000| Untracked 
|  96|0x000000062e800000, 0x000000062e800000, 0x000000062ec00000|  0%| F|  |TAMS 0x000000062e800000| PB 0x000000062e800000| Untracked 
|  97|0x000000062ec00000, 0x000000062ec00000, 0x000000062f000000|  0%| F|  |TAMS 0x000000062ec00000| PB 0x000000062ec00000| Untracked 
|  98|0x000000062f000000, 0x000000062f000000, 0x000000062f400000|  0%| F|  |TAMS 0x000000062f000000| PB 0x000000062f000000| Untracked 
|  99|0x000000062f400000, 0x000000062f400000, 0x000000062f800000|  0%| F|  |TAMS 0x000000062f400000| PB 0x000000062f400000| Untracked 
| 100|0x000000062f800000, 0x000000062f800000, 0x000000062fc00000|  0%| F|  |TAMS 0x000000062f800000| PB 0x000000062f800000| Untracked 
| 101|0x000000062fc00000, 0x000000062fc00000, 0x0000000630000000|  0%| F|  |TAMS 0x000000062fc00000| PB 0x000000062fc00000| Untracked 
| 102|0x0000000630000000, 0x0000000630000000, 0x0000000630400000|  0%| F|  |TAMS 0x0000000630000000| PB 0x0000000630000000| Untracked 
| 103|0x0000000630400000, 0x0000000630400000, 0x0000000630800000|  0%| F|  |TAMS 0x0000000630400000| PB 0x0000000630400000| Untracked 
| 104|0x0000000630800000, 0x0000000630800000, 0x0000000630c00000|  0%| F|  |TAMS 0x0000000630800000| PB 0x0000000630800000| Untracked 
| 105|0x0000000630c00000, 0x0000000630c00000, 0x0000000631000000|  0%| F|  |TAMS 0x0000000630c00000| PB 0x0000000630c00000| Untracked 
| 106|0x0000000631000000, 0x0000000631000000, 0x0000000631400000|  0%| F|  |TAMS 0x0000000631000000| PB 0x0000000631000000| Untracked 
| 107|0x0000000631400000, 0x0000000631400000, 0x0000000631800000|  0%| F|  |TAMS 0x0000000631400000| PB 0x0000000631400000| Untracked 
| 108|0x0000000631800000, 0x0000000631800000, 0x0000000631c00000|  0%| F|  |TAMS 0x0000000631800000| PB 0x0000000631800000| Untracked 
| 109|0x0000000631c00000, 0x0000000631c00000, 0x0000000632000000|  0%| F|  |TAMS 0x0000000631c00000| PB 0x0000000631c00000| Untracked 
| 110|0x0000000632000000, 0x0000000632000000, 0x0000000632400000|  0%| F|  |TAMS 0x0000000632000000| PB 0x0000000632000000| Untracked 
| 111|0x0000000632400000, 0x0000000632400000, 0x0000000632800000|  0%| F|  |TAMS 0x0000000632400000| PB 0x0000000632400000| Untracked 
| 112|0x0000000632800000, 0x0000000632800000, 0x0000000632c00000|  0%| F|  |TAMS 0x0000000632800000| PB 0x0000000632800000| Untracked 
| 113|0x0000000632c00000, 0x0000000632c00000, 0x0000000633000000|  0%| F|  |TAMS 0x0000000632c00000| PB 0x0000000632c00000| Untracked 
| 114|0x0000000633000000, 0x0000000633000000, 0x0000000633400000|  0%| F|  |TAMS 0x0000000633000000| PB 0x0000000633000000| Untracked 
| 115|0x0000000633400000, 0x0000000633400000, 0x0000000633800000|  0%