#
# A fatal error has been detected by the Java Runtime Environment:
#
#  SIGSEGV (0xb) at pc=0x00007a22b204b06e, pid=4169, tid=4173
#
# JRE version: OpenJDK Runtime Environment (21.0.4+7) (build 21.0.4+7-Ubuntu-1ubuntu224.04)
# Java VM: OpenJDK 64-Bit Server VM (21.0.4+7-Ubuntu-1ubuntu224.04, mixed mode, sharing, tiered, compressed oops, compressed class ptrs, g1 gc, linux-amd64)
# Problematic frame:
# C  [libcuda.so.1+0x24b06e]
#
# Core dump will be written. Default location: Core dumps may be processed with "/usr/share/apport/apport -p%p -s%s -c%c -d%d -P%P -u%u -g%g -- %E" (or dumping to /home/dov/projects/NeighborhoodPIG/core.4169)
#
# If you would like to submit a bug report, please visit:
#   https://bugs.launchpad.net/ubuntu/+source/openjdk-21
# The crash happened outside the Java Virtual Machine in native code.
# See problematic frame for where to report the bug.
#

---------------  S U M M A R Y ------------

Command Line: -Dfile.encoding=UTF-8 -agentlib:jdwp=transport=dt_socket,address=localhost:40053 --module-path=/home/dov/projects/NeighborhoodPIG/build/classes main.NeighborhoodPIG

Host: AMD Ryzen 9 6900HS with Radeon Graphics, 16 cores, 30G, Ubuntu 24.04.1 LTS
Time: Thu Oct 31 12:14:36 2024 IST elapsed time: 5.476211 seconds (0d 0h 0m 5s)

---------------  T H R E A D  ---------------

Current thread (0x00007a22e401b940):  JavaThread "main"             [_thread_in_native, id=4173, stack(0x00007a22eb700000,0x00007a22eb800000) (1024K)]

Stack: [0x00007a22eb700000,0x00007a22eb800000],  sp=0x00007a22eb7fe280,  free space=1016k
Native frames: (J=compiled Java code, j=interpreted, Vv=VM code, C=native code)
C  [libcuda.so.1+0x24b06e]
C  [libcuda.so.1+0x24b5f8]
C  [libcuda.so.1+0x2f19c3]
j  jcuda.driver.JCudaDriver.cuStreamSynchronizeNative(Ljcuda/driver/CUstream;)I+0
j  jcuda.driver.JCudaDriver.cuStreamSynchronize(Ljcuda/driver/CUstream;)I+1
j  JCudaWrapper.resourceManagement.Handle.get()Ljcuda/jcublas/cublasHandle;+11
j  JCudaWrapper.array.DStrideArray.multMatMatStridedBatched(LJCudaWrapper/resourceManagement/Handle;ZZIIIDLJCudaWrapper/array/DStrideArray;ILJCudaWrapper/array/DStrideArray;IDI)V+70
j  JCudaWrapper.algebra.VectorsStride.addVecMatMult(ZLJCudaWrapper/algebra/VectorsStride;LJCudaWrapper/algebra/MatricesStride;DD)V+54
j  JCudaWrapper.algebra.VectorsStride.addMatVecMult(ZLJCudaWrapper/algebra/MatricesStride;LJCudaWrapper/algebra/VectorsStride;DD)V+16
j  JCudaWrapper.algebra.VectorsStride.setMatVecMult(LJCudaWrapper/algebra/MatricesStride;LJCudaWrapper/algebra/VectorsStride;)V+6
j  main.StructureTensorMatrix.cosOf(DLJCudaWrapper/algebra/VectorsStride;LJCudaWrapper/algebra/Matrix;)LJCudaWrapper/algebra/Vector;+41
j  main.StructureTensorMatrix.getRGB()[[[D+90
j  main.NeighborhoodPIG.orientationColored(Ljava/lang/String;)V+4
j  main.NeighborhoodPIG.main([Ljava/lang/String;)V+14
v  ~StubRoutines::call_stub 0x00007a22d3c5fcc6
V  [libjvm.so+0x90841a]  JavaCalls::call_helper(JavaValue*, methodHandle const&, JavaCallArguments*, JavaThread*)+0x2da
V  [libjvm.so+0x9ae72d]  jni_invoke_static(JNIEnv_*, JavaValue*, _jobject*, JNICallType, _jmethodID*, JNI_ArgumentPusher*, JavaThread*) [clone .constprop.1]+0x35d
V  [libjvm.so+0x9b0c7f]  jni_CallStaticVoidMethod+0x12f
C  [libjli.so+0x55be]  JavaMain+0xfde
C  [libjli.so+0x844d]  ThreadJavaMain+0xd
C  [libc.so.6+0x9ca94]
Java frames: (J=compiled Java code, j=interpreted, Vv=VM code)
j  jcuda.driver.JCudaDriver.cuStreamSynchronizeNative(Ljcuda/driver/CUstream;)I+0
j  jcuda.driver.JCudaDriver.cuStreamSynchronize(Ljcuda/driver/CUstream;)I+1
j  JCudaWrapper.resourceManagement.Handle.get()Ljcuda/jcublas/cublasHandle;+11
j  JCudaWrapper.array.DStrideArray.multMatMatStridedBatched(LJCudaWrapper/resourceManagement/Handle;ZZIIIDLJCudaWrapper/array/DStrideArray;ILJCudaWrapper/array/DStrideArray;IDI)V+70
j  JCudaWrapper.algebra.VectorsStride.addVecMatMult(ZLJCudaWrapper/algebra/VectorsStride;LJCudaWrapper/algebra/MatricesStride;DD)V+54
j  JCudaWrapper.algebra.VectorsStride.addMatVecMult(ZLJCudaWrapper/algebra/MatricesStride;LJCudaWrapper/algebra/VectorsStride;DD)V+16
j  JCudaWrapper.algebra.VectorsStride.setMatVecMult(LJCudaWrapper/algebra/MatricesStride;LJCudaWrapper/algebra/VectorsStride;)V+6
j  main.StructureTensorMatrix.cosOf(DLJCudaWrapper/algebra/VectorsStride;LJCudaWrapper/algebra/Matrix;)LJCudaWrapper/algebra/Vector;+41
j  main.StructureTensorMatrix.getRGB()[[[D+90
j  main.NeighborhoodPIG.orientationColored(Ljava/lang/String;)V+4
j  main.NeighborhoodPIG.main([Ljava/lang/String;)V+14
v  ~StubRoutines::call_stub 0x00007a22d3c5fcc6

siginfo: si_signo: 11 (SIGSEGV), si_code: 1 (SEGV_MAPERR), si_addr: 0x00007a254605dad5

Registers:
RAX=0x00007a22e4634990, RBX=0x00007a22eb7fe398, RCX=0x0000000000000002, RDX=0x00007a22e67bdc00
RSP=0x00007a22eb7fe280, RBP=0x00007a22eb7fe2e0, RSI=0x0000000000000000, RDI=0x00007a22e4634990
R8 =0x00007a22eb7fe318, R9 =0x0000000000000000, R10=0x00007a22e67bdc00, R11=0x00007a254605d6ed
R12=0x00007a22eb7fe318, R13=0x00007a22e4634990, R14=0x00007a22eb7fe4a8, R15=0x00007a22e401b940
RIP=0x00007a22b204b06e, EFLAGS=0x0000000000010206, CSGSFS=0x002b000000000033, ERR=0x0000000000000004
  TRAPNO=0x000000000000000e


Register to memory mapping:

RAX=0x00007a22e4634990 points into unknown readable memory: 0x00007a22e46146b0 | b0 46 61 e4 22 7a 00 00
RBX=0x00007a22eb7fe398 is pointing into the stack for thread: 0x00007a22e401b940
RCX=0x0000000000000002 is an unknown value
RDX=0x00007a22e67bdc00 points into unknown readable memory: 0x00007a254605d6ed | ed d6 05 46 25 7a 00 00
RSP=0x00007a22eb7fe280 is pointing into the stack for thread: 0x00007a22e401b940
RBP=0x00007a22eb7fe2e0 is pointing into the stack for thread: 0x00007a22e401b940
RSI=0x0 is null
RDI=0x00007a22e4634990 points into unknown readable memory: 0x00007a22e46146b0 | b0 46 61 e4 22 7a 00 00
R8 =0x00007a22eb7fe318 is pointing into the stack for thread: 0x00007a22e401b940
R9 =0x0 is null
R10=0x00007a22e67bdc00 points into unknown readable memory: 0x00007a254605d6ed | ed d6 05 46 25 7a 00 00
R11=0x00007a254605d6ed is an unknown value
R12=0x00007a22eb7fe318 is pointing into the stack for thread: 0x00007a22e401b940
R13=0x00007a22e4634990 points into unknown readable memory: 0x00007a22e46146b0 | b0 46 61 e4 22 7a 00 00
R14=0x00007a22eb7fe4a8 is pointing into the stack for thread: 0x00007a22e401b940
R15=0x00007a22e401b940 is a thread

Top of Stack: (sp=0x00007a22eb7fe280)
0x00007a22eb7fe280:   00007a22e401c5a8 00000000000000d8
0x00007a22eb7fe290:   00007a22eb7feab0 00007a22e401b940
0x00007a22eb7fe2a0:   00007a22e401b940 00007a22e401c480
0x00007a22eb7fe2b0:   00007a22e401c4c0 00007a22eb7fe398
0x00007a22eb7fe2c0:   0000000000000000 00007a22eb7fe390
0x00007a22eb7fe2d0:   00007a22eb7fe4a8 00007a22e401b940
0x00007a22eb7fe2e0:   00007a22eb7fe350 00007a22b204b5f8
0x00007a22eb7fe2f0:   00007a22e401c5a8 00000000000000d8
0x00007a22eb7fe300:   00007a22eb7feab0 00007a22e401b940
0x00007a22eb7fe310:   00007a22e401b940 0000000000000000
0x00007a22eb7fe320:   0000000000000000 00007a225c4df230
0x00007a22eb7fe330:   00007a22e67bdc00 00007a225c4df230
0x00007a22eb7fe340:   00007a22eb7fe4a8 00007a22e401b940
0x00007a22eb7fe350:   00007a22eb7fe420 00007a22b20f19c3
0x00007a22eb7fe360:   00007a22eb7fe4a8 0000000000000001
0x00007a22eb7fe370:   000003e700000002 0000000000000000
0x00007a22eb7fe380:   0000000000000000 00007a22e4634990
0x00007a22eb7fe390:   0000000000000000 0000000000000000
0x00007a22eb7fe3a0:   00007a22d3c66a90 0000000000000000
0x00007a22eb7fe3b0:   00007a0000000000 00007a22eb7fe488
0x00007a22eb7fe3c0:   00007a22eb7fe440 00007a22d3c6d2f1
0x00007a22eb7fe3d0:   00007a22eb7fe440 00007a22d3c6e738
0x00007a22eb7fe3e0:   00007a22d3c66a90 0000000000000000
0x00007a22eb7fe3f0:   00007a0000000000 00007a22eb7fe488
0x00007a22eb7fe400:   00007a22e401bcf8 00007a224f43604a
0x00007a22eb7fe410:   00007a225c4df230 0000000000000000
0x00007a22eb7fe420:   00007a22eb7fe488 00007a22d3c6eb6d
0x00007a22eb7fe430:   00007a22eb7fe4b0 00007a22d3c6e738
0x00007a22eb7fe440:   00007a22eb7fe440 00007a225c4df230
0x00007a22eb7fe450:   0000000000000004 00007a225c4e3af0
0x00007a22eb7fe460:   0000000000000000 0000000634fcb330
0x00007a22eb7fe470:   00007a225c4df230 0000000000000000 

Instructions: (pc=0x00007a22b204b06e)
0x00007a22b204af6e:   f6 c2 10 75 ba 83 e2 08 b8 8a 03 00 00 75 da 48
0x00007a22b204af7e:   8b 59 08 4c 8d 63 08 4c 89 e7 e8 23 3a e9 ff 48
0x00007a22b204af8e:   8b 5b 38 48 85 db 74 2d 66 2e 0f 1f 84 00 00 00
0x00007a22b204af9e:   00 00 48 8b bb e8 03 00 00 48 85 ff 74 0b f6 43
0x00007a22b204afae:   50 04 74 05 e8 c9 9a 29 00 48 8b 9b 58 01 00 00
0x00007a22b204afbe:   48 85 db 75 dd 4c 89 e7 e8 15 35 e9 ff b8 8a 03
0x00007a22b204afce:   00 00 eb 85 66 0f 1f 44 00 00 83 f8 02 ba 91 01
0x00007a22b204afde:   00 00 b8 00 00 00 00 5b 0f 44 c2 41 5c 5d c3 0f
0x00007a22b204afee:   1f 00 e8 8b 9a 29 00 b8 84 03 00 00 e9 58 ff ff
0x00007a22b204affe:   ff 90 55 48 89 e5 41 57 41 56 41 55 49 89 fd 41
0x00007a22b204b00e:   54 4d 89 c4 53 48 83 ec 38 49 c7 00 00 00 00 00
0x00007a22b204b01e:   48 85 f6 0f 84 b9 00 00 00 44 8b 0e 41 ba 00 00
0x00007a22b204b02e:   00 00 48 89 f3 45 85 c9 4c 0f 45 d6 48 83 fa 02
0x00007a22b204b03e:   77 20 48 85 d2 74 5b 48 83 fa 02 0f 85 81 00 00
0x00007a22b204b04e:   00 4d 85 d2 0f 84 a8 00 00 00 41 b8 90 01 00 00
0x00007a22b204b05e:   eb 28 4c 8b 1a 4d 85 db 74 f0 49 39 5b 10 75 ea
0x00007a22b204b06e:   49 83 bb e8 03 00 00 00 75 09 4d 85 ed 0f 85 57
0x00007a22b204b07e:   01 00 00 4d 89 1c 24 45 31 c0 48 8d 65 d8 44 89
0x00007a22b204b08e:   c0 5b 41 5c 41 5d 41 5e 41 5f 5d c3 66 0f 1f 44
0x00007a22b204b09e:   00 00 83 f9 02 0f 84 27 02 00 00 83 f9 03 0f 84
0x00007a22b204b0ae:   06 02 00 00 83 f9 01 0f 84 e5 01 00 00 0f b6 05
0x00007a22b204b0be:   66 ac 91 01 c0 e8 03 83 e0 01 84 c0 0f 85 7f ff
0x00007a22b204b0ce:   ff ff 4d 85 d2 0f 84 ef 00 00 00 4d 8b 5a 68 eb
0x00007a22b204b0de:   84 90 48 83 fa 02 0f 86 6e ff ff ff 4c 8b 1a 4d
0x00007a22b204b0ee:   85 db 0f 85 78 ff ff ff e9 5d ff ff ff 0f 1f 44
0x00007a22b204b0fe:   00 00 4d 8b 5d 18 4d 85 db 74 0d 8b 43 38 41 39
0x00007a22b204b10e:   45 20 0f 84 9f 00 00 00 4c 8d b3 a0 03 00 00 4c
0x00007a22b204b11e:   89 55 a8 4d 8b 7d 10 4c 89 f7 e8 83 38 e9 ff 4c
0x00007a22b204b12e:   8b 9b c8 03 00 00 45 31 c0 4c 89 fe 4c 89 c2 41
0x00007a22b204b13e:   8b 3b 4c 89 5d b0 89 7d b8 e8 14 72 0d 00 4c 8b
0x00007a22b204b14e:   5d b0 48 83 ec 08 8b 7d b8 45 31 c0 41 89 c1 4c
0x00007a22b204b15e:   89 f9 49 8b 53 10 41 8b 73 0c 6a 00 e8 21 ee 2a 


Stack slot to memory mapping:

stack at sp + 0 slots: 0x00007a22e401c5a8 points into unknown readable memory: 0x0000000000000045 | 45 00 00 00 00 00 00 00
stack at sp + 1 slots: 0x00000000000000d8 is an unknown value
stack at sp + 2 slots: 0x00007a22eb7feab0 is pointing into the stack for thread: 0x00007a22e401b940
stack at sp + 3 slots: 0x00007a22e401b940 is a thread
stack at sp + 4 slots: 0x00007a22e401b940 is a thread
stack at sp + 5 slots: 0x00007a22e401c480 points into unknown readable memory: 0x00007a22e4000002 | 02 00 00 e4 22 7a 00 00
stack at sp + 6 slots: 0x00007a22e401c4c0 points into unknown readable memory: 0x0000000000000000 | 00 00 00 00 00 00 00 00
stack at sp + 7 slots: 0x00007a22eb7fe398 is pointing into the stack for thread: 0x00007a22e401b940


---------------  P R O C E S S  ---------------

Threads class SMR info:
_java_thread_list=0x00007a22e55714c0, length=17, elements={
0x00007a22e401b940, 0x00007a22e413a1f0, 0x00007a22e413b680, 0x00007a22e413d150,
0x00007a22e413e7a0, 0x00007a22e413fd50, 0x00007a22e4141920, 0x00007a22e4142ff0,
0x00007a22e4162190, 0x00007a222c078850, 0x00007a222c079900, 0x00007a22e41ae080,
0x00007a22e41c56e0, 0x00007a2214001270, 0x00007a22e41c6930, 0x00007a22e5540270,
0x00007a22e5570570
}

Java Threads: ( => current thread )
=>0x00007a22e401b940 JavaThread "main"                              [_thread_in_native, id=4173, stack(0x00007a22eb700000,0x00007a22eb800000) (1024K)]
  0x00007a22e413a1f0 JavaThread "Reference Handler"          daemon [_thread_blocked, id=4181, stack(0x00007a22bdbfd000,0x00007a22bdcfd000) (1024K)]
  0x00007a22e413b680 JavaThread "Finalizer"                  daemon [_thread_blocked, id=4182, stack(0x00007a22bcd00000,0x00007a22bce00000) (1024K)]
  0x00007a22e413d150 JavaThread "Signal Dispatcher"          daemon [_thread_blocked, id=4183, stack(0x00007a22bcc00000,0x00007a22bcd00000) (1024K)]
  0x00007a22e413e7a0 JavaThread "Service Thread"             daemon [_thread_blocked, id=4184, stack(0x00007a22bcb00000,0x00007a22bcc00000) (1024K)]
  0x00007a22e413fd50 JavaThread "Monitor Deflation Thread"   daemon [_thread_blocked, id=4185, stack(0x00007a22bca00000,0x00007a22bcb00000) (1024K)]
  0x00007a22e4141920 JavaThread "C2 CompilerThread0"         daemon [_thread_blocked, id=4186, stack(0x00007a22bc900000,0x00007a22bca00000) (1024K)]
  0x00007a22e4142ff0 JavaThread "C1 CompilerThread0"         daemon [_thread_blocked, id=4187, stack(0x00007a22bc800000,0x00007a22bc900000) (1024K)]
  0x00007a22e4162190 JavaThread "Common-Cleaner"             daemon [_thread_blocked, id=4188, stack(0x00007a22bc700000,0x00007a22bc800000) (1024K)]
  0x00007a222c078850 JavaThread "C1 CompilerThread1"         daemon [_thread_blocked, id=4189, stack(0x00007a22bc600000,0x00007a22bc700000) (1024K)]
  0x00007a222c079900 JavaThread "C1 CompilerThread2"         daemon [_thread_blocked, id=4190, stack(0x00007a22bc500000,0x00007a22bc600000) (1024K)]
  0x00007a22e41ae080 JavaThread "JDWP Transport Listener: dt_socket" daemon [_thread_blocked, id=4191, stack(0x00007a22bc400000,0x00007a22bc500000) (1024K)]
  0x00007a22e41c56e0 JavaThread "JDWP Event Helper Thread"   daemon [_thread_blocked, id=4192, stack(0x00007a22bc300000,0x00007a22bc400000) (1024K)]
  0x00007a2214001270 JavaThread "JDWP Command Reader"        daemon [_thread_in_native, id=4193, stack(0x00007a22bc200000,0x00007a22bc300000) (1024K)]
  0x00007a22e41c6930 JavaThread "Notification Thread"        daemon [_thread_blocked, id=4200, stack(0x00007a22bc100000,0x00007a22bc200000) (1024K)]
  0x00007a22e5540270 JavaThread "pool-1-thread-1"            daemon [_thread_blocked, id=4208, stack(0x00007a22bc000000,0x00007a22bc100000) (1024K)]
  0x00007a22e5570570 JavaThread "Java2D Disposer"            daemon [_thread_blocked, id=4209, stack(0x00007a22b0500000,0x00007a22b0600000) (1024K)]
Total: 17

Other Threads:
  0x00007a22e412cca0 VMThread "VM Thread"                           [id=4180, stack(0x00007a22bdcfe000,0x00007a22bddfe000) (1024K)]
  0x00007a22e4112450 WatcherThread "VM Periodic Task Thread"        [id=4179, stack(0x00007a22bddff000,0x00007a22bdeff000) (1024K)]
  0x00007a22e4046600 WorkerThread "GC Thread#0"                     [id=4174, stack(0x00007a22ea421000,0x00007a22ea521000) (1024K)]
  0x00007a22e4057100 ConcurrentGCThread "G1 Main Marker"            [id=4175, stack(0x00007a22e8300000,0x00007a22e8400000) (1024K)]
  0x00007a22e40580b0 WorkerThread "G1 Conc#0"                       [id=4176, stack(0x00007a22e81ff000,0x00007a22e82ff000) (1024K)]
  0x00007a22e40ffcc0 ConcurrentGCThread "G1 Refine#0"               [id=4177, stack(0x00007a22c40f6000,0x00007a22c41f6000) (1024K)]
  0x00007a22e4100c80 ConcurrentGCThread "G1 Service"                [id=4178, stack(0x00007a22bdf00000,0x00007a22be000000) (1024K)]
Total: 7

Threads with active compile tasks:
Total: 0

VM state: not at safepoint (normal execution)

VM Mutex/Monitor currently owned by a thread: None

Heap address: 0x0000000616800000, size: 7832 MB, Compressed Oops mode: Zero based, Oop shift amount: 3

CDS archive(s) mapped at: [0x00007a2267000000-0x00007a2267cae000-0x00007a2267cae000), size 13295616, SharedBaseAddress: 0x00007a2267000000, ArchiveRelocationMode: 1.
Compressed class space mapped at: 0x00007a2268000000-0x00007a22a8000000, reserved size: 1073741824
Narrow klass base: 0x00007a2267000000, Narrow klass shift: 0, Narrow klass range: 0x100000000

GC Precious Log:
 CardTable entry size: 512
 Card Set container configuration: InlinePtr #cards 4 size 8 Array Of Cards #cards 32 size 80 Howl #buckets 8 coarsen threshold 7372 Howl Bitmap #cards 1024 size 144 coarsen threshold 921 Card regions per heap region 1 cards per card region 8192
 CPUs: 16 total, 16 available
 Memory: 31322M
 Large Page Support: Disabled
 NUMA Support: Disabled
 Compressed Oops: Enabled (Zero based)
 Heap Region Size: 4M
 Heap Min Capacity: 8M
 Heap Initial Capacity: 492M
 Heap Max Capacity: 7832M
 Pre-touch: Disabled
 Parallel Workers: 13
 Concurrent Workers: 3
 Concurrent Refinement Workers: 13
 Periodic GC: Disabled

Heap:
 garbage-first heap   total 507904K, used 9246K [0x0000000616800000, 0x0000000800000000)
  region size 4096K, 3 young (12288K), 0 survivors (0K)
 Metaspace       used 3416K, committed 3584K, reserved 1114112K
  class space    used 290K, committed 384K, reserved 1048576K

Heap Regions: E=young(eden), S=young(survivor), O=old, HS=humongous(starts), HC=humongous(continues), CS=collection set, F=free, TAMS=top-at-mark-start, PB=parsable bottom
|   0|0x0000000616800000, 0x0000000616800000, 0x0000000616c00000|  0%| F|  |TAMS 0x0000000616800000| PB 0x0000000616800000| Untracked 
|   1|0x0000000616c00000, 0x0000000616c00000, 0x0000000617000000|  0%| F|  |TAMS 0x0000000616c00000| PB 0x0000000616c00000| Untracked 
|   2|0x0000000617000000, 0x0000000617000000, 0x0000000617400000|  0%| F|  |TAMS 0x0000000617000000| PB 0x0000000617000000| Untracked 
|   3|0x0000000617400000, 0x0000000617400000, 0x0000000617800000|  0%| F|  |TAMS 0x0000000617400000| PB 0x0000000617400000| Untracked 
|   4|0x0000000617800000, 0x0000000617800000, 0x0000000617c00000|  0%| F|  |TAMS 0x0000000617800000| PB 0x0000000617800000| Untracked 
|   5|0x0000000617c00000, 0x0000000617c00000, 0x0000000618000000|  0%| F|  |TAMS 0x0000000617c00000| PB 0x0000000617c00000| Untracked 
|   6|0x0000000618000000, 0x0000000618000000, 0x0000000618400000|  0%| F|  |TAMS 0x0000000618000000| PB 0x0000000618000000| Untracked 
|   7|0x0000000618400000, 0x0000000618400000, 0x0000000618800000|  0%| F|  |TAMS 0x0000000618400000| PB 0x0000000618400000| Untracked 
|   8|0x0000000618800000, 0x0000000618800000, 0x0000000618c00000|  0%| F|  |TAMS 0x0000000618800000| PB 0x0000000618800000| Untracked 
|   9|0x0000000618c00000, 0x0000000618c00000, 0x0000000619000000|  0%| F|  |TAMS 0x0000000618c00000| PB 0x0000000618c00000| Untracked 
|  10|0x0000000619000000, 0x0000000619000000, 0x0000000619400000|  0%| F|  |TAMS 0x0000000619000000| PB 0x0000000619000000| Untracked 
|  11|0x0000000619400000, 0x0000000619400000, 0x0000000619800000|  0%| F|  |TAMS 0x0000000619400000| PB 0x0000000619400000| Untracked 
|  12|0x0000000619800000, 0x0000000619800000, 0x0000000619c00000|  0%| F|  |TAMS 0x0000000619800000| PB 0x0000000619800000| Untracked 
|  13|0x0000000619c00000, 0x0000000619c00000, 0x000000061a000000|  0%| F|  |TAMS 0x0000000619c00000| PB 0x0000000619c00000| Untracked 
|  14|0x000000061a000000, 0x000000061a000000, 0x000000061a400000|  0%| F|  |TAMS 0x000000061a000000| PB 0x000000061a000000| Untracked 
|  15|0x000000061a400000, 0x000000061a400000, 0x000000061a800000|  0%| F|  |TAMS 0x000000061a400000| PB 0x000000061a400000| Untracked 
|  16|0x000000061a800000, 0x000000061a800000, 0x000000061ac00000|  0%| F|  |TAMS 0x000000061a800000| PB 0x000000061a800000| Untracked 
|  17|0x000000061ac00000, 0x000000061ac00000, 0x000000061b000000|  0%| F|  |TAMS 0x000000061ac00000| PB 0x000000061ac00000| Untracked 
|  18|0x000000061b000000, 0x000000061b000000, 0x000000061b400000|  0%| F|  |TAMS 0x000000061b000000| PB 0x000000061b000000| Untracked 
|  19|0x000000061b400000, 0x000000061b400000, 0x000000061b800000|  0%| F|  |TAMS 0x000000061b400000| PB 0x000000061b400000| Untracked 
|  20|0x000000061b800000, 0x000000061b800000, 0x000000061bc00000|  0%| F|  |TAMS 0x000000061b800000| PB 0x000000061b800000| Untracked 
|  21|0x000000061bc00000, 0x000000061bc00000, 0x000000061c000000|  0%| F|  |TAMS 0x000000061bc00000| PB 0x000000061bc00000| Untracked 
|  22|0x000000061c000000, 0x000000061c000000, 0x000000061c400000|  0%| F|  |TAMS 0x000000061c000000| PB 0x000000061c000000| Untracked 
|  23|0x000000061c400000, 0x000000061c400000, 0x000000061c800000|  0%| F|  |TAMS 0x000000061c400000| PB 0x000000061c400000| Untracked 
|  24|0x000000061c800000, 0x000000061c800000, 0x000000061cc00000|  0%| F|  |TAMS 0x000000061c800000| PB 0x000000061c800000| Untracked 
|  25|0x000000061cc00000, 0x000000061cc00000, 0x000000061d000000|  0%| F|  |TAMS 0x000000061cc00000| PB 0x000000061cc00000| Untracked 
|  26|0x000000061d000000, 0x000000061d000000, 0x000000061d400000|  0%| F|  |TAMS 0x000000061d000000| PB 0x000000061d000000| Untracked 
|  27|0x000000061d400000, 0x000000061d400000, 0x000000061d800000|  0%| F|  |TAMS 0x000000061d400000| PB 0x000000061d400000| Untracked 
|  28|0x000000061d800000, 0x000000061d800000, 0x000000061dc00000|  0%| F|  |TAMS 0x000000061d800000| PB 0x000000061d800000| Untracked 
|  29|0x000000061dc00000, 0x000000061dc00000, 0x000000061e000000|  0%| F|  |TAMS 0x000000061dc00000| PB 0x000000061dc00000| Untracked 
|  30|0x000000061e000000, 0x000000061e000000, 0x000000061e400000|  0%| F|  |TAMS 0x000000061e000000| PB 0x000000061e000000| Untracked 
|  31|0x000000061e400000, 0x000000061e400000, 0x000000061e800000|  0%| F|  |TAMS 0x000000061e400000| PB 0x000000061e400000| Untracked 
|  32|0x000000061e800000, 0x000000061e800000, 0x000000061ec00000|  0%| F|  |TAMS 0x000000061e800000| PB 0x000000061e800000| Untracked 
|  33|0x000000061ec00000, 0x000000061ec00000, 0x000000061f000000|  0%| F|  |TAMS 0x000000061ec00000| PB 0x000000061ec00000| Untracked 
|  34|0x000000061f000000, 0x000000061f000000, 0x000000061f400000|  0%| F|  |TAMS 0x000000061f000000| PB 0x000000061f000000| Untracked 
|  35|0x000000061f400000, 0x000000061f400000, 0x000000061f800000|  0%| F|  |TAMS 0x000000061f400000| PB 0x000000061f400000| Untracked 
|  36|0x000000061f800000, 0x000000061f800000, 0x000000061fc00000|  0%| F|  |TAMS 0x000000061f800000| PB 0x000000061f800000| Untracked 
|  37|0x000000061fc00000, 0x000000061fc00000, 0x0000000620000000|  0%| F|  |TAMS 0x000000061fc00000| PB 0x000000061fc00000| Untracked 
|  38|0x0000000620000000, 0x0000000620000000, 0x0000000620400000|  0%| F|  |TAMS 0x0000000620000000| PB 0x0000000620000000| Untracked 
|  39|0x0000000620400000, 0x0000000620400000, 0x0000000620800000|  0%| F|  |TAMS 0x0000000620400000| PB 0x0000000620400000| Untracked 
|  40|0x0000000620800000, 0x0000000620800000, 0x0000000620c00000|  0%| F|  |TAMS 0x0000000620800000| PB 0x0000000620800000| Untracked 
|  41|0x0000000620c00000, 0x0000000620c00000, 0x0000000621000000|  0%| F|  |TAMS 0x0000000620c00000| PB 0x0000000620c00000| Untracked 
|  42|0x0000000621000000, 0x0000000621000000, 0x0000000621400000|  0%| F|  |TAMS 0x0000000621000000| PB 0x0000000621000000| Untracked 
|  43|0x0000000621400000, 0x0000000621400000, 0x0000000621800000|  0%| F|  |TAMS 0x0000000621400000| PB 0x0000000621400000| Untracked 
|  44|0x0000000621800000, 0x0000000621800000, 0x0000000621c00000|  0%| F|  |TAMS 0x0000000621800000| PB 0x0000000621800000| Untracked 
|  45|0x0000000621c00000, 0x0000000621c00000, 0x0000000622000000|  0%| F|  |TAMS 0x0000000621c00000| PB 0x0000000621c00000| Untracked 
|  46|0x0000000622000000, 0x0000000622000000, 0x0000000622400000|  0%| F|  |TAMS 0x0000000622000000| PB 0x0000000622000000| Untracked 
|  47|0x0000000622400000, 0x0000000622400000, 0x0000000622800000|  0%| F|  |TAMS 0x0000000622400000| PB 0x0000000622400000| Untracked 
|  48|0x0000000622800000, 0x0000000622800000, 0x0000000622c00000|  0%| F|  |TAMS 0x0000000622800000| PB 0x0000000622800000| Untracked 
|  49|0x0000000622c00000, 0x0000000622c00000, 0x0000000623000000|  0%| F|  |TAMS 0x0000000622c00000| PB 0x0000000622c00000| Untracked 
|  50|0x0000000623000000, 0x0000000623000000, 0x0000000623400000|  0%| F|  |TAMS 0x0000000623000000| PB 0x0000000623000000| Untracked 
|  51|0x0000000623400000, 0x0000000623400000, 0x0000000623800000|  0%| F|  |TAMS 0x0000000623400000| PB 0x0000000623400000| Untracked 
|  52|0x0000000623800000, 0x0000000623800000, 0x0000000623c00000|  0%| F|  |TAMS 0x0000000623800000| PB 0x0000000623800000| Untracked 
|  53|0x0000000623c00000, 0x0000000623c00000, 0x0000000624000000|  0%| F|  |TAMS 0x0000000623c00000| PB 0x0000000623c00000| Untracked 
|  54|0x0000000624000000, 0x0000000624000000, 0x0000000624400000|  0%| F|  |TAMS 0x0000000624000000| PB 0x0000000624000000| Untracked 
|  55|0x0000000624400000, 0x0000000624400000, 0x0000000624800000|  0%| F|  |TAMS 0x0000000624400000| PB 0x0000000624400000| Untracked 
|  56|0x0000000624800000, 0x0000000624800000, 0x0000000624c00000|  0%| F|  |TAMS 0x0000000624800000| PB 0x0000000624800000| Untracked 
|  57|0x0000000624c00000, 0x0000000624c00000, 0x0000000625000000|  0%| F|  |TAMS 0x0000000624c00000| PB 0x0000000624c00000| Untracked 
|  58|0x0000000625000000, 0x0000000625000000, 0x0000000625400000|  0%| F|  |TAMS 0x0000000625000000| PB 0x0000000625000000| Untracked 
|  59|0x0000000625400000, 0x0000000625400000, 0x0000000625800000|  0%| F|  |TAMS 0x0000000625400000| PB 0x0000000625400000| Untracked 
|  60|0x0000000625800000, 0x0000000625800000, 0x0000000625c00000|  0%| F|  |TAMS 0x0000000625800000| PB 0x0000000625800000| Untracked 
|  61|0x0000000625c00000, 0x0000000625c00000, 0x0000000626000000|  0%| F|  |TAMS 0x0000000625c00000| PB 0x0000000625c00000| Untracked 
|  62|0x0000000626000000, 0x0000000626000000, 0x0000000626400000|  0%| F|  |TAMS 0x0000000626000000| PB 0x0000000626000000| Untracked 
|  63|0x0000000626400000, 0x0000000626400000, 0x0000000626800000|  0%| F|  |TAMS 0x0000000626400000| PB 0x0000000626400000| Untracked 
|  64|0x0000000626800000, 0x0000000626800000, 0x0000000626c00000|  0%| F|  |TAMS 0x0000000626800000| PB 0x0000000626800000| Untracked 
|  65|0x0000000626c00000, 0x0000000626c00000, 0x0000000627000000|  0%| F|  |TAMS 0x0000000626c00000| PB 0x0000000626c00000| Untracked 
|  66|0x0000000627000000, 0x0000000627000000, 0x0000000627400000|  0%| F|  |TAMS 0x0000000627000000| PB 0x0000000627000000| Untracked 
|  67|0x0000000627400000, 0x0000000627400000, 0x0000000627800000|  0%| F|  |TAMS 0x0000000627400000| PB 0x0000000627400000| Untracked 
|  68|0x0000000627800000, 0x0000000627800000, 0x0000000627c00000|  0%| F|  |TAMS 0x0000000627800000| PB 0x0000000627800000| Untracked 
|  69|0x0000000627c00000, 0x0000000627c00000, 0x0000000628000000|  0%| F|  |TAMS 0x0000000627c00000| PB 0x0000000627c00000| Untracked 
|  70|0x0000000628000000, 0x0000000628000000, 0x0000000628400000|  0%| F|  |TAMS 0x0000000628000000| PB 0x0000000628000000| Untracked 
|  71|0x0000000628400000, 0x0000000628400000, 0x0000000628800000|  0%| F|  |TAMS 0x0000000628400000| PB 0x0000000628400000| Untracked 
|  72|0x0000000628800000, 0x0000000628800000, 0x0000000628c00000|  0%| F|  |TAMS 0x0000000628800000| PB 0x0000000628800000| Untracked 
|  73|0x0000000628c00000, 0x0000000628c00000, 0x0000000629000000|  0%| F|  |TAMS 0x0000000628c00000| PB 0x0000000628c00000| Untracked 
|  74|0x0000000629000000, 0x0000000629000000, 0x0000000629400000|  0%| F|  |TAMS 0x0000000629000000| PB 0x0000000629000000| Untracked 
|  75|0x0000000629400000, 0x0000000629400000, 0x0000000629800000|  0%| F|  |TAMS 0x0000000629400000| PB 0x0000000629400000| Untracked 
|  76|0x0000000629800000, 0x0000000629800000, 0x0000000629c00000|  0%| F|  |TAMS 0x0000000629800000| PB 0x0000000629800000| Untracked 
|  77|0x0000000629c00000, 0x0000000629c00000, 0x000000062a000000|  0%| F|  |TAMS 0x0000000629c00000| PB 0x0000000629c00000| Untracked 
|  78|0x000000062a000000, 0x000000062a000000, 0x000000062a400000|  0%| F|  |TAMS 0x000000062a000000| PB 0x000000062a000000| Untracked 
|  79|0x000000062a400000, 0x000000062a400000, 0x000000062a800000|  0%| F|  |TAMS 0x000000062a400000| PB 0x000000062a400000| Untracked 
|  80|0x000000062a800000, 0x000000062a800000, 0x000000062ac00000|  0%| F|  |TAMS 0x000000062a800000| PB 0x000000062a800000| Untracked 
|  81|0x000000062ac00000, 0x000000062ac00000, 0x000000062b000000|  0%| F|  |TAMS 0x000000062ac00000| PB 0x000000062ac00000| Untracked 
|  82|0x000000062b000000, 0x000000062b000000, 0x000000062b400000|  0%| F|  |TAMS 0x000000062b000000| PB 0x000000062b000000| Untracked 
|  83|0x000000062b400000, 0x000000062b400000, 0x000000062b800000|  0%| F|  |TAMS 0x000000062b400000| PB 0x000000062b400000| Untracked 
|  84|0x000000062b800000, 0x000000062b800000, 0x000000062bc00000|  0%| F|  |TAMS 0x000000062b800000| PB 0x000000062b800000| Untracked 
|  85|0x000000062bc00000, 0x000000062bc00000, 0x000000062c000000|  0%| F|  |TAMS 0x000000062bc00000| PB 0x000000062bc00000| Untracked 
|  86|0x000000062c000000, 0x000000062c000000, 0x000000062c400000|  0%| F|  |TAMS 0x000000062c000000| PB 0x000000062c000000| Untracked 
|  87|0x000000062c400000, 0x000000062c400000, 0x000000062c800000|  0%| F|  |TAMS 0x000000062c400000| PB 0x000000062c400000| Untracked 
|  88|0x000000062c800000, 0x000000062c800000, 0x000000062cc00000|  0%| F|  |TAMS 0x000000062c800000| PB 0x000000062c800000| Untracked 
|  89|0x000000062cc00000, 0x000000062cc00000, 0x000000062d000000|  0%| F|  |TAMS 0x000000062cc00000| PB 0x000000062cc00000| Untracked 
|  90|0x000000062d000000, 0x000000062d000000, 0x000000062d400000|  0%| F|  |TAMS 0x000000062d000000| PB 0x000000062d000000| Untracked 
|  91|0x000000062d400000, 0x000000062d400000, 0x000000062d800000|  0%| F|  |TAMS 0x000000062d400000| PB 0x000000062d400000| Untracked 
|  92|0x000000062d800000, 0x000000062d800000, 0x000000062dc00000|  0%| F|  |TAMS 0x000000062d800000| PB 0x000000062d800000| Untracked 
|  93|0x000000062dc00000, 0x000000062dc00000, 0x000000062e000000|  0%| F|  |TAMS 0x000000062dc00000| PB 0x000000062dc00000| Untracked 
|  94|0x000000062e000000, 0x000000062e000000, 0x000000062e400000|  0%| F|  |TAMS 0x000000062e000000| PB 0x000000062e000000| Untracked 
|  95|0x000000062e400000, 0x000000062e400000, 0x000000062e800000|  0%| F|  |TAMS 0x000000062e400000| PB 0x000000062e400000| Untracked 
|  96|0x000000062e800000, 0x000000062e800000, 0x000000062ec00000|  0%| F|  |TAMS 0x000000062e800000| PB 0x000000062e800000| Untracked 
|  97|0x000000062ec00000, 0x000000062ec00000, 0x000000062f000000|  0%| F|  |TAMS 0x000000062ec00000| PB 0x000000062ec00000| Untracked 
|  98|0x000000062f000000, 0x000000062f000000, 0x000000062f400000|  0%| F|  |TAMS 0x000000062f000000| PB 0x000000062f000000| Untracked 
|  99|0x000000062f400000, 0x000000062f400000, 0x000000062f800000|  0%| F|  |TAMS 0x000000062f400000| PB 0x000000062f400000| Untracked 
| 100|0x000000062f800000, 0x000000062f800000, 0x000000062fc00000|  0%| F|  |TAMS 0x000000062f800000| PB 0x000000062f800000| Untracked 
| 101|0x000000062fc00000, 0x000000062fc00000, 0x0000000630000000|  0%| F|  |TAMS 0x000000062fc00000| PB 0x000000062fc00000| Untracked 
| 102|0x0000000630000000, 0x0000000630000000, 0x0000000630400000|  0%| F|  |TAMS 0x0000000630000000| PB 0x0000000630000000| Untracked 
| 103|0x0000000630400000, 0x0000000630400000, 0x0000000630800000|  0%| F|  |TAMS 0x0000000630400000| PB 0x0000000630400000| Untracked 
| 104|0x0000000630800000, 0x0000000630800000, 0x0000000630c00000|  0%| F|  |TAMS 0x0000000630800000| PB 0x0000000630800000| Untracked 
| 105|0x0000000630c00000, 0x0000000630c00000, 0x0000000631000000|  0%| F|  |TAMS 0x0000000630c00000| PB 0x0000000630c00000| Untracked 
| 106|0x0000000631000000, 0x0000000631000000, 0x0000000631400000|  0%| F|  |TAMS 0x0000000631000000| PB 0x0000000631000000| Untracked 
| 107|0x0000000631400000, 0x0000000631400000, 0x0000000631800000|  0%| F|  |TAMS 0x0000000631400000| PB 0x0000000631400000| Untracked 
| 108|0x0000000631800000, 0x0000000631800000, 0x0000000631c00000|  0%| F|  |TAMS 0x0000000631800000| PB 0x0000000631800000| Untracked 
| 109|0x0000000631c00000, 0x0000000631c00000, 0x0000000632000000|  0%| F|  |TAMS 0x0000000631c00000| PB 0x0000000631c00000| Untracked 
| 110|0x0000000632000000, 0x0000000632000000, 0x0000000632400000|  0%| F|  |TAMS 0x0000000632000000| PB 0x0000000632000000| Untracked 
| 111|0x0000000632400000, 0x0000000632400000, 0x0000000632800000|  0%| F|  |TAMS 0x0000000632400000| PB 0x0000000632400000| Untracked 
| 112|0x0000000632800000, 0x0000000632800000, 0x0000000632c00000|  0%| F|  |TAMS 0x0000000632800000| PB 0x0000000632800000| Untracked 
| 113|0x0000000632c00000, 0x0000000632c00000, 0x0000000633000000|  0%| F|  |TAMS 0x0000000632c00000| PB 0x0000000632c00000| Untracked 
| 114|0x0000000633000000, 0x0000000633000000, 0x0000000633400000|  0%| F|  |TAMS 0x0000000633000000| PB 0x0000000633000000| Untracked 
| 115|0x0000000633400000, 0x0000000633400000, 0x0000000633800000|  0%| F|  |TAMS 0x0000000633400000| PB 0x0000000633400000| Untracked 
| 116|0x0000000633800000, 0x0000000633800000, 0x0000000633c00000|  0%| F|  |TAMS 0x0000000633800000| PB 0x0000000633800000| Untracked 
| 117|0x0000000633c00000, 0x0000000633c00000, 0x0000000634000000|  0%| F|  |TAMS 0x0000000633c00000| PB 0x0000000633c00000| Untracked 
| 118|0x0000000634000000, 0x0000000634000000, 0x0000000634400000|  0%| F|  |TAMS 0x0000000634000000| PB 0x0000000634000000| Untracked 
| 119|0x0000000634400000, 0x0000000634400000, 0x0000000634800000|  0%| F|  |TAMS 0x0000000634400000| PB 0x0000000634400000| Untracked 
| 120|0x0000000634800000, 0x000000063487b660, 0x0000000634c00000| 12%| E|  |TAMS 0x0000000634800000| PB 0x0000000634800000| Complete 
| 121|0x0000000634c00000, 0x0000000635000000, 0x0000000635000000|100%| E|CS|TAMS 0x0000000634c00000| PB 0x0000000634c00000| Complete 
| 122|0x0000000635000000, 0x0000000635400000, 0x0000000635400000|100%| E|CS|TAMS 0x0000000635000000| PB 0x0000000635000000| Complete 
|1957|0x00000007ffc00000, 0x00000007ffd079d8, 0x0000000800000000| 25%| O|  |TAMS 0x00000007ffc00000| PB 0x00000007ffc00000| Untracked 

Card table byte_map: [0x00007a22e8400000,0x00007a22e934c000] _byte_map_base: 0x00007a22e534c000

Marking Bits: (CMBitMap*) 0x00007a22e4047130
 Bits: [0x00007a22c4c00000, 0x00007a22cc660000)

Polling page: 0x00007a22ed231000

Metaspace:

Usage:
  Non-class:      3.05 MB used.
      Class:    290.41 KB used.
       Both:      3.34 MB used.

Virtual space:
  Non-class space:       64.00 MB reserved,       3.12 MB (  5%) committed,  1 nodes.
      Class space:        1.00 GB reserved,     384.00 KB ( <1%) committed,  1 nodes.
             Both:        1.06 GB reserved,       3.50 MB ( <1%) committed. 

Chunk freelists:
   Non-Class:  11.00 MB
       Class:  15.61 MB
        Both:  26.61 MB

MaxMetaspaceSize: unlimited
CompressedClassSpaceSize: 1.00 GB
Initial GC threshold: 21.00 MB
Current GC threshold: 21.00 MB
CDS: on
 - commit_granule_bytes: 65536.
 - commit_granule_words: 8192.
 - virtual_space_node_default_size: 8388608.
 - enlarge_chunks_in_place: 1.
 - use_allocation_guard: 0.


Internal statistics:

num_allocs_failed_limit: 0.
num_arena_births: 104.
num_arena_deaths: 0.
num_vsnodes_births: 2.
num_vsnodes_deaths: 0.
num_space_committed: 56.
num_space_uncommitted: 0.
num_chunks_returned_to_freelist: 0.
num_chunks_taken_from_freelist: 180.
num_chunk_merges: 0.
num_chunk_splits: 108.
num_chunks_enlarged: 49.
num_inconsistent_stats: 0.

CodeHeap 'non-profiled nmethods': size=119168Kb used=202Kb max_used=202Kb free=118965Kb
 bounds [0x00007a22d43a0000, 0x00007a22d4610000, 0x00007a22db800000]
CodeHeap 'profiled nmethods': size=119164Kb used=1066Kb max_used=1066Kb free=118097Kb
 bounds [0x00007a22cc800000, 0x00007a22cca70000, 0x00007a22d3c5f000]
CodeHeap 'non-nmethods': size=7428Kb used=2694Kb max_used=2703Kb free=4733Kb
 bounds [0x00007a22d3c5f000, 0x00007a22d3f0f000, 0x00007a22d43a0000]
 total_blobs=1309 nmethods=704 adapters=509
 compilation: enabled
              stopped_count=0, restarted_count=0
 full_count=0

Compilation events (20 events):
Event: 0.544 Thread 0x00007a222c079900  695       3       java.util.zip.Inflater::ensureOpen (47 bytes)
Event: 0.544 Thread 0x00007a222c079900 nmethod 695 0x00007a22cc904090 code [0x00007a22cc904240, 0x00007a22cc9044b0]
Event: 0.545 Thread 0x00007a222c079900  696       1       jdk.internal.loader.URLClassPath$Loader::getBaseURL (5 bytes)
Event: 0.545 Thread 0x00007a222c078850 nmethod 692 0x00007a22cc904610 code [0x00007a22cc904820, 0x00007a22cc904e78]
Event: 0.545 Thread 0x00007a222c079900 nmethod 696 0x00007a22d43d1a90 code [0x00007a22d43d1c20, 0x00007a22d43d1ce8]
Event: 0.545 Thread 0x00007a22e4142ff0 nmethod 687 0x00007a22cc905110 code [0x00007a22cc905560, 0x00007a22cc907c10]
Event: 0.546 Thread 0x00007a222c079900  697       3       java.util.jar.JarFile::maybeInstantiateVerifier (42 bytes)
Event: 0.546 Thread 0x00007a222c078850  698       1       java.net.URLStreamHandler::getDefaultPort (2 bytes)
Event: 0.546 Thread 0x00007a222c078850 nmethod 698 0x00007a22d43d1d90 code [0x00007a22d43d1f20, 0x00007a22d43d1fe0]
Event: 0.546 Thread 0x00007a222c079900 nmethod 697 0x00007a22cc908e10 code [0x00007a22cc908fe0, 0x00007a22cc909350]
Event: 0.546 Thread 0x00007a222c078850  699       3       jdk.internal.ref.CleanerFactory::cleaner (4 bytes)
Event: 0.546 Thread 0x00007a222c078850 nmethod 699 0x00007a22cc909490 code [0x00007a22cc909620, 0x00007a22cc909710]
Event: 0.546 Thread 0x00007a222c079900  700       3       jdk.internal.util.ArraysSupport::newLength (27 bytes)
Event: 0.546 Thread 0x00007a222c079900 nmethod 700 0x00007a22cc909790 code [0x00007a22cc909940, 0x00007a22cc909bb8]
Event: 0.547 Thread 0x00007a22e4141920  701       4       java.lang.invoke.MethodType::parameterCount (6 bytes)
Event: 0.548 Thread 0x00007a22e4141920 nmethod 701 0x00007a22d43d2610 code [0x00007a22d43d2780, 0x00007a22d43d2828]
Event: 0.548 Thread 0x00007a22e4142ff0  703       3       java.lang.String::indexOf (64 bytes)
Event: 0.548 Thread 0x00007a222c078850  704       3       java.lang.StringLatin1::indexOf (25 bytes)
Event: 0.548 Thread 0x00007a222c078850 nmethod 704 0x00007a22cc909c90 code [0x00007a22cc909e40, 0x00007a22cc90a050]
Event: 0.548 Thread 0x00007a22e4142ff0 nmethod 703 0x00007a22cc90a110 code [0x00007a22cc90a320, 0x00007a22cc90a808]

GC Heap History (0 events):
No events

Dll operation events (11 events):
Event: 0.003 Loaded shared library /usr/lib/jvm/java-21-openjdk-amd64/lib/libjava.so
Event: 0.025 Loaded shared library /usr/lib/jvm/java-21-openjdk-amd64/lib/libjsvml.so
Event: 0.026 Loaded shared library /usr/lib/jvm/java-21-openjdk-amd64/lib/libnio.so
Event: 0.280 Loaded shared library /usr/lib/jvm/java-21-openjdk-amd64/lib/libzip.so
Event: 0.323 Loaded shared library /usr/lib/jvm/java-21-openjdk-amd64/lib/libjimage.so
Event: 0.360 Loaded shared library /tmp/libJCublas2-12.0.0-linux-x86_64.so
Event: 0.462 Loaded shared library /tmp/libJCudaRuntime-12.0.0-linux-x86_64.so
Event: 0.476 Loaded shared library /usr/lib/jvm/java-21-openjdk-amd64/lib/libawt.so
Event: 0.478 Loaded shared library /usr/lib/jvm/java-21-openjdk-amd64/lib/libawt_xawt.so
Event: 0.504 Loaded shared library /usr/lib/jvm/java-21-openjdk-amd64/lib/libjavajpeg.so
Event: 0.541 Loaded shared library /tmp/libJCudaDriver-12.0.0-linux-x86_64.so

Deoptimization events (20 events):
Event: 0.471 Thread 0x00007a22e401b940 DEOPT PACKING pc=0x00007a22d43b15e0 sp=0x00007a22eb7fcda0
Event: 0.471 Thread 0x00007a22e401b940 DEOPT UNPACKING pc=0x00007a22d3cb2f99 sp=0x00007a22eb7fcd68 mode 2
Event: 0.477 Thread 0x00007a22e401b940 Uncommon trap: trap_request=0xffffff45 fr.pc=0x00007a22d43b336c relative=0x00000000000001cc
Event: 0.477 Thread 0x00007a22e401b940 Uncommon trap: reason=unstable_if action=reinterpret pc=0x00007a22d43b336c method=jdk.internal.util.ArraysSupport.vectorizedHashCode(Ljava/lang/Object;IIII)I @ 2 c2
Event: 0.477 Thread 0x00007a22e401b940 DEOPT PACKING pc=0x00007a22d43b336c sp=0x00007a22eb7fa820
Event: 0.477 Thread 0x00007a22e401b940 DEOPT UNPACKING pc=0x00007a22d3cb2f99 sp=0x00007a22eb7fa810 mode 2
Event: 0.539 Thread 0x00007a22e401b940 DEOPT PACKING pc=0x00007a22cc817459 sp=0x00007a22eb7fe340
Event: 0.539 Thread 0x00007a22e401b940 DEOPT UNPACKING pc=0x00007a22d3cb372f sp=0x00007a22eb7fd780 mode 0
Event: 0.547 Thread 0x00007a22e401b940 Uncommon trap: trap_request=0xffffffc6 fr.pc=0x00007a22d43b08d8 relative=0x0000000000000e18
Event: 0.547 Thread 0x00007a22e401b940 Uncommon trap: reason=bimorphic_or_optimized_type_check action=maybe_recompile pc=0x00007a22d43b08d8 method=java.util.HashMap.putVal(ILjava/lang/Object;Ljava/lang/Object;ZZ)Ljava/lang/Object; @ 56 c2
Event: 0.547 Thread 0x00007a22e401b940 DEOPT PACKING pc=0x00007a22d43b08d8 sp=0x00007a22eb7fe4e0
Event: 0.547 Thread 0x00007a22e401b940 DEOPT UNPACKING pc=0x00007a22d3cb2f99 sp=0x00007a22eb7fe488 mode 2
Event: 0.549 Thread 0x00007a22e401b940 Uncommon trap: trap_request=0xffffffc6 fr.pc=0x00007a22d43b08d8 relative=0x0000000000000e18
Event: 0.549 Thread 0x00007a22e401b940 Uncommon trap: reason=bimorphic_or_optimized_type_check action=maybe_recompile pc=0x00007a22d43b08d8 method=java.util.HashMap.putVal(ILjava/lang/Object;Ljava/lang/Object;ZZ)Ljava/lang/Object; @ 56 c2
Event: 0.549 Thread 0x00007a22e401b940 DEOPT PACKING pc=0x00007a22d43b08d8 sp=0x00007a22eb7fe260
Event: 0.549 Thread 0x00007a22e401b940 DEOPT UNPACKING pc=0x00007a22d3cb2f99 sp=0x00007a22eb7fe208 mode 2
Event: 0.550 Thread 0x00007a22e401b940 Uncommon trap: trap_request=0xffffffc6 fr.pc=0x00007a22d43b08d8 relative=0x0000000000000e18
Event: 0.550 Thread 0x00007a22e401b940 Uncommon trap: reason=bimorphic_or_optimized_type_check action=maybe_recompile pc=0x00007a22d43b08d8 method=java.util.HashMap.putVal(ILjava/lang/Object;Ljava/lang/Object;ZZ)Ljava/lang/Object; @ 56 c2
Event: 0.550 Thread 0x00007a22e401b940 DEOPT PACKING pc=0x00007a22d43b08d8 sp=0x00007a22eb7fe440
Event: 0.550 Thread 0x00007a22e401b940 DEOPT UNPACKING pc=0x00007a22d3cb2f99 sp=0x00007a22eb7fe3e8 mode 2

Classes loaded (20 events):
Event: 0.512 Loading class java/util/stream/MatchOps$MatchKind
Event: 0.512 Loading class java/util/stream/MatchOps$MatchKind done
Event: 0.512 Loading class java/util/stream/MatchOps
Event: 0.512 Loading class java/util/stream/MatchOps done
Event: 0.512 Loading class java/util/stream/MatchOps$MatchOp
Event: 0.512 Loading class java/util/stream/MatchOps$MatchOp done
Event: 0.512 Loading class java/util/stream/MatchOps$BooleanTerminalSink
Event: 0.512 Loading class java/util/stream/MatchOps$BooleanTerminalSink done
Event: 0.512 Loading class java/util/stream/MatchOps$2MatchSink
Event: 0.512 Loading class java/util/stream/MatchOps$2MatchSink done
Event: 0.512 Loading class java/util/stream/MatchOps$1MatchSink
Event: 0.513 Loading class java/util/stream/MatchOps$1MatchSink done
Event: 0.513 Loading class java/nio/HeapDoubleBuffer
Event: 0.513 Loading class java/nio/HeapDoubleBuffer done
Event: 0.529 Loading class java/awt/Dimension
Event: 0.529 Loading class java/awt/geom/Dimension2D
Event: 0.529 Loading class java/awt/geom/Dimension2D done
Event: 0.529 Loading class java/awt/Dimension done
Event: 0.547 Loading class java/nio/HeapIntBuffer
Event: 0.547 Loading class java/nio/HeapIntBuffer done

Classes unloaded (0 events):
No events

Classes redefined (0 events):
No events

Internal exceptions (13 events):
Event: 0.055 Thread 0x00007a22e401b940 Exception <a 'sun/nio/fs/UnixException'{0x0000000635070ea8}> (0x0000000635070ea8) 
thrown [./src/hotspot/share/prims/jni.cpp, line 520]
Event: 0.055 Thread 0x00007a22e401b940 Exception <a 'sun/nio/fs/UnixException'{0x00000006350715e8}> (0x00000006350715e8) 
thrown [./src/hotspot/share/prims/jni.cpp, line 520]
Event: 0.055 Thread 0x00007a22e401b940 Exception <a 'sun/nio/fs/UnixException'{0x0000000635071e18}> (0x0000000635071e18) 
thrown [./src/hotspot/share/prims/jni.cpp, line 520]
Event: 0.055 Thread 0x00007a22e401b940 Exception <a 'sun/nio/fs/UnixException'{0x0000000635072410}> (0x0000000635072410) 
thrown [./src/hotspot/share/prims/jni.cpp, line 520]
Event: 0.055 Thread 0x00007a22e401b940 Exception <a 'sun/nio/fs/UnixException'{0x00000006350729e0}> (0x00000006350729e0) 
thrown [./src/hotspot/share/prims/jni.cpp, line 520]
Event: 0.055 Thread 0x00007a22e401b940 Exception <a 'sun/nio/fs/UnixException'{0x0000000635072fc0}> (0x0000000635072fc0) 
thrown [./src/hotspot/share/prims/jni.cpp, line 520]
Event: 0.056 Thread 0x00007a22e401b940 Exception <a 'sun/nio/fs/UnixException'{0x0000000635073810}> (0x0000000635073810) 
thrown [./src/hotspot/share/prims/jni.cpp, line 520]
Event: 0.467 Thread 0x00007a22e401b940 Exception <a 'java/lang/NoSuchMethodError'{0x0000000634cd2998}: 'void java.lang.invoke.DirectMethodHandle$Holder.invokeStatic(java.lang.Object, java.lang.Object)'> (0x0000000634cd2998) 
thrown [./src/hotspot/share/interpreter/linkResolver.cpp, line 772]
Event: 0.471 Thread 0x00007a22e401b940 Implicit null exception at 0x00007a22d43b1463 to 0x00007a22d43b15d0
Event: 0.474 Thread 0x00007a22e401b940 Exception <a 'java/lang/ClassNotFoundException'{0x0000000634ce7080}: sun/awt/resources/spi/awtProvider> (0x0000000634ce7080) 
thrown [./src/hotspot/share/classfile/systemDictionary.cpp, line 312]
Event: 0.483 Thread 0x00007a22e401b940 Exception <a 'java/io/FileNotFoundException'{0x0000000634db5010}> (0x0000000634db5010) 
thrown [./src/hotspot/share/prims/jni.cpp, line 520]
Event: 0.516 Thread 0x00007a22e401b940 Exception <a 'java/lang/NoSuchMethodError'{0x0000000634ee6a00}: 'java.lang.Object java.lang.invoke.DirectMethodHandle$Holder.invokeStatic(java.lang.Object, java.lang.Object, int)'> (0x0000000634ee6a00) 
thrown [./src/hotspot/share/interpreter/linkResolver.cpp, line 772]
Event: 0.534 Thread 0x00007a22e401b940 Exception <a 'java/lang/NoSuchMethodError'{0x0000000634f533a8}: 'java.lang.Object java.lang.invoke.DirectMethodHandle$Holder.newInvokeSpecial(java.lang.Object, java.lang.Object, int)'> (0x0000000634f533a8) 
thrown [./src/hotspot/share/interpreter/linkResolver.cpp, line 772]

ZGC Phase Switch (0 events):
No events

VM Operations (20 events):
Event: 4.665 Executing VM operation: ChangeSingleStep
Event: 4.665 Executing VM operation: ChangeSingleStep done
Event: 4.666 Executing VM operation: ChangeSingleStep
Event: 4.666 Executing VM operation: ChangeSingleStep done
Event: 4.673 Executing VM operation: ChangeSingleStep
Event: 4.673 Executing VM operation: ChangeSingleStep done
Event: 4.673 Executing VM operation: ChangeSingleStep
Event: 4.673 Executing VM operation: ChangeSingleStep done
Event: 5.065 Executing VM operation: ChangeSingleStep
Event: 5.065 Executing VM operation: ChangeSingleStep done
Event: 5.067 Executing VM operation: ChangeSingleStep
Event: 5.067 Executing VM operation: ChangeSingleStep done
Event: 5.067 Executing VM operation: ChangeSingleStep
Event: 5.067 Executing VM operation: ChangeSingleStep done
Event: 5.067 Executing VM operation: ChangeSingleStep
Event: 5.067 Executing VM operation: ChangeSingleStep done
Event: 5.473 Executing VM operation: ChangeSingleStep
Event: 5.473 Executing VM operation: ChangeSingleStep done
Event: 5.475 Executing VM operation: ChangeSingleStep
Event: 5.475 Executing VM operation: ChangeSingleStep done

Memory protections (18 events):
Event: 0.003 Protecting memory [0x00007a22eb700000,0x00007a22eb704000] with protection modes 0
Event: 0.023 Protecting memory [0x00007a22bdbfd000,0x00007a22bdc01000] with protection modes 0
Event: 0.023 Protecting memory [0x00007a22bcd00000,0x00007a22bcd04000] with protection modes 0
Event: 0.024 Protecting memory [0x00007a22bcc00000,0x00007a22bcc04000] with protection modes 0
Event: 0.024 Protecting memory [0x00007a22bcb00000,0x00007a22bcb04000] with protection modes 0
Event: 0.024 Protecting memory [0x00007a22bca00000,0x00007a22bca04000] with protection modes 0
Event: 0.024 Protecting memory [0x00007a22bc900000,0x00007a22bc904000] with protection modes 0
Event: 0.024 Protecting memory [0x00007a22bc800000,0x00007a22bc804000] with protection modes 0
Event: 0.044 Protecting memory [0x00007a22bc700000,0x00007a22bc704000] with protection modes 0
Event: 0.059 Protecting memory [0x00007a22bc600000,0x00007a22bc604000] with protection modes 0
Event: 0.059 Protecting memory [0x00007a22bc500000,0x00007a22bc504000] with protection modes 0
Event: 0.189 Protecting memory [0x00007a22bc400000,0x00007a22bc404000] with protection modes 0
Event: 0.189 Protecting memory [0x00007a22bc300000,0x00007a22bc304000] with protection modes 0
Event: 0.189 Protecting memory [0x00007a22bc200000,0x00007a22bc204000] with protection modes 0
Event: 0.275 Protecting memory [0x00007a22bc100000,0x00007a22bc104000] with protection modes 0
Event: 0.287 Protecting memory [0x00007a22bc000000,0x00007a22bc004000] with protection modes 0
Event: 0.468 Protecting memory [0x00007a22bc000000,0x00007a22bc004000] with protection modes 0
Event: 0.503 Protecting memory [0x00007a22b0500000,0x00007a22b0504000] with protection modes 0

Nmethod flushes (0 events):
No events

Events (19 events):
Event: 0.017 Thread 0x00007a22e401b940 Thread added: 0x00007a22e401b940
Event: 0.023 Thread 0x00007a22e401b940 Thread added: 0x00007a22e413a1f0
Event: 0.023 Thread 0x00007a22e401b940 Thread added: 0x00007a22e413b680
Event: 0.024 Thread 0x00007a22e401b940 Thread added: 0x00007a22e413d150
Event: 0.024 Thread 0x00007a22e401b940 Thread added: 0x00007a22e413e7a0
Event: 0.024 Thread 0x00007a22e401b940 Thread added: 0x00007a22e413fd50
Event: 0.024 Thread 0x00007a22e401b940 Thread added: 0x00007a22e4141920
Event: 0.024 Thread 0x00007a22e401b940 Thread added: 0x00007a22e4142ff0
Event: 0.044 Thread 0x00007a22e401b940 Thread added: 0x00007a22e4162190
Event: 0.059 Thread 0x00007a22e4142ff0 Thread added: 0x00007a222c078850
Event: 0.059 Thread 0x00007a22e4142ff0 Thread added: 0x00007a222c079900
Event: 0.189 Thread 0x00007a22e401b940 Thread added: 0x00007a22e41ae080
Event: 0.189 Thread 0x00007a22e401b940 Thread added: 0x00007a22e41c56e0
Event: 0.189 Thread 0x00007a22e41ae080 Thread added: 0x00007a2214001270
Event: 0.275 Thread 0x00007a22e401b940 Thread added: 0x00007a22e41c6930
Event: 0.287 Thread 0x00007a222c079900 Thread added: 0x00007a221803a750
Event: 0.460 Thread 0x00007a221803a750 Thread exited: 0x00007a221803a750
Event: 0.468 Thread 0x00007a22e401b940 Thread added: 0x00007a22e5540270
Event: 0.503 Thread 0x00007a22e401b940 Thread added: 0x00007a22e5570570


Dynamic libraries:
200000000-200200000 ---p 00000000 00:00 0 
200200000-200400000 rw-s 00000000 00:05 1107                             /dev/nvidia0
200400000-203400000 rw-s 00000000 00:05 1106                             /dev/nvidiactl
203400000-204400000 ---p 00000000 00:00 0 
204400000-204600000 rw-s 00000000 00:05 1106                             /dev/nvidiactl
204600000-204800000 rw-s 00000000 00:05 1106                             /dev/nvidiactl
204800000-204a00000 rw-s 00000000 00:05 1106                             /dev/nvidiactl
204a00000-204c00000 rw-s 204a00000 00:05 1108                            /dev/nvidia-uvm
204c00000-204e00000 rw-s 00000000 00:05 1106                             /dev/nvidiactl
204e00000-205000000 ---p 00000000 00:00 0 
205000000-205200000 rw-s 00000000 00:05 1106                             /dev/nvidiactl
205200000-300200000 ---p 00000000 00:00 0 
616800000-635400000 rw-p 00000000 00:00 0 
635400000-7ffc00000 ---p 00000000 00:00 0 
7ffc00000-7ffd08000 rw-p 00ced000 103:02 17172987                        /usr/lib/jvm/java-21-openjdk-amd64/lib/server/classes.jsa
7ffd08000-800000000 rw-p 00000000 00:00 0 
10000000000-10004000000 ---p 00000000 00:00 0 
628fd4e77000-628fd4e78000 r--p 00000000 103:02 17172834                  /usr/lib/jvm/java-21-openjdk-amd64/bin/java
628fd4e78000-628fd4e79000 r-xp 00001000 103:02 17172834                  /usr/lib/jvm/java-21-openjdk-amd64/bin/java
628fd4e79000-628fd4e7a000 r--p 00002000 103:02 17172834                  /usr/lib/jvm/java-21-openjdk-amd64/bin/java
628fd4e7a000-628fd4e7b000 r--p 00002000 103:02 17172834                  /usr/lib/jvm/java-21-openjdk-amd64/bin/java
628fd4e7b000-628fd4e7c000 rw-p 00003000 103:02 17172834                  /usr/lib/jvm/java-21-openjdk-amd64/bin/java
628fd6155000-628fd619d000 rw-p 00000000 00:00 0                          [heap]
7a2198000000-7a2198021000 rw-p 00000000 00:00 0 
7a2198021000-7a219c000000 ---p 00000000 00:00 0 
7a219e000000-7a21a6000000 ---p 00000000 00:00 0 
7a21a8000000-7a21aa000000 ---p 00000000 00:00 0 
7a21ac000000-7a21ac400000 ---p 00000000 00:00 0 
7a21ac400000-7a21ac600000 rw-s 00000000 00:05 1106                       /dev/nvidiactl
7a21ac600000-7a21ac800000 rw-s 00000000 00:01 7190                       /dev/zero (deleted)
7a21ac800000-7a21aca00000 rw-s 00000000 00:01 7191                       /dev/zero (deleted)
7a21aca00000-7a21ad000000 ---p 00000000 00:00 0 
7a21ad000000-7a21ad200000 rw-s 00000000 00:05 1106                       /dev/nvidiactl
7a21ad200000-7a21ad400000 ---p 00000000 00:00 0 
7a21ad400000-7a21ad600000 rw-s 00000000 00:01 7193                       /dev/zero (deleted)
7a21ad600000-7a21adb33000 rw-s 00000000 00:05 1106                       /dev/nvidiactl
7a21adb33000-7a21ae000000 ---p 00000000 00:00 0 
7a21b0000000-7a21c0000000 ---p 00000000 00:00 0 
7a21c4000000-7a21c4021000 rw-p 00000000 00:00 0 
7a21c4021000-7a21c8000000 ---p 00000000 00:00 0 
7a21ca000000-7a21d0000000 ---p 00000000 00:00 0 
7a21d0000000-7a21d0021000 rw-p 00000000 00:00 0 
7a21d0021000-7a21d4000000 ---p 00000000 00:00 0 
7a21d4200000-7a21f1463000 r-xp 00000000 103:02 16524125                  /usr/lib/x86_64-linux-gnu/libcublasLt.so.12.0.2.224
7a21f1463000-7a21f1663000 ---p 1d263000 103:02 16524125                  /usr/lib/x86_64-linux-gnu/libcublasLt.so.12.0.2.224
7a21f1663000-7a21f1893000 r--p 1d263000 103:02 16524125                  /usr/lib/x86_64-linux-gnu/libcublasLt.so.12.0.2.224
7a21f1893000-7a21f2827000 rw-p 1d493000 103:02 16524125                  /usr/lib/x86_64-linux-gnu/libcublasLt.so.12.0.2.224
7a21f2827000-7a21f500f000 rw-p 00000000 00:00 0 
7a21f5400000-7a21fba67000 r-xp 00000000 103:02 16524127                  /usr/lib/x86_64-linux-gnu/libcublas.so.12.0.2.224
7a21fba67000-7a21fbc67000 ---p 06667000 103:02 16524127                  /usr/lib/x86_64-linux-gnu/libcublas.so.12.0.2.224
7a21fbc67000-7a21fbc6e000 r--p 06667000 103:02 16524127                  /usr/lib/x86_64-linux-gnu/libcublas.so.12.0.2.224
7a21fbc6e000-7a21fbc75000 rw-p 0666e000 103:02 16524127                  /usr/lib/x86_64-linux-gnu/libcublas.so.12.0.2.224
7a21fbc75000-7a21fbc7d000 rw-p 00000000 00:00 0 
7a21fc000000-7a21fc021000 rw-p 00000000 00:00 0 
7a21fc021000-7a2200000000 ---p 00000000 00:00 0 
7a2200000000-7a2200021000 rw-p 00000000 00:00 0 
7a2200021000-7a2204000000 ---p 00000000 00:00 0 
7a2208000000-7a2208021000 rw-p 00000000 00:00 0 
7a2208021000-7a220c000000 ---p 00000000 00:00 0 
7a220c000000-7a220c021000 rw-p 00000000 00:00 0 
7a220c021000-7a2210000000 ---p 00000000 00:00 0 
7a2214000000-7a2214021000 rw-p 00000000 00:00 0 
7a2214021000-7a2218000000 ---p 00000000 00:00 0 
7a2218000000-7a2218074000 rw-p 00000000 00:00 0 
7a2218074000-7a221c000000 ---p 00000000 00:00 0 
7a2220000000-7a2220077000 rw-p 00000000 00:00 0 
7a2220077000-7a2224000000 ---p 00000000 00:00 0 
7a2224000000-7a2224021000 rw-p 00000000 00:00 0 
7a2224021000-7a2228000000 ---p 00000000 00:00 0 
7a222c000000-7a222c10f000 rw-p 00000000 00:00 0 
7a222c10f000-7a2230000000 ---p 00000000 00:00 0 
7a2230000000-7a223012f000 rw-p 00000000 00:00 0 
7a223012f000-7a2234000000 ---p 00000000 00:00 0 
7a2238000000-7a2238021000 rw-p 00000000 00:00 0 
7a2238021000-7a223c000000 ---p 00000000 00:00 0 
7a223c000000-7a223c021000 rw-p 00000000 00:00 0 
7a223c021000-7a2240000000 ---p 00000000 00:00 0 
7a2244000000-7a2244021000 rw-p 00000000 00:00 0 
7a2244021000-7a2248000000 ---p 00000000 00:00 0 
7a2248000000-7a2248021000 rw-p 00000000 00:00 0 
7a2248021000-7a224c000000 ---p 00000000 00:00 0 
7a224f400000-7a224f4e4000 r-xp 00000000 103:02 18219052                  /tmp/libJCudaDriver-12.0.0-linux-x86_64.so
7a224f4e4000-7a224f6e4000 ---p 000e4000 103:02 18219052                  /tmp/libJCudaDriver-12.0.0-linux-x86_64.so
7a224f6e4000-7a224f6e9000 r--p 000e4000 103:02 18219052                  /tmp/libJCudaDriver-12.0.0-linux-x86_64.so
7a224f6e9000-7a224f6eb000 rw-p 000e9000 103:02 18219052                  /tmp/libJCudaDriver-12.0.0-linux-x86_64.so
7a224f6eb000-7a224f6ed000 rw-p 00000000 00:00 0 
7a224fa00000-7a224fac7000 r-xp 00000000 103:02 18219051                  /tmp/libJCudaRuntime-12.0.0-linux-x86_64.so
7a224fac7000-7a224fcc7000 ---p 000c7000 103:02 18219051                  /tmp/libJCudaRuntime-12.0.0-linux-x86_64.so
7a224fcc7000-7a224fccc000 r--p 000c7000 103:02 18219051                  /tmp/libJCudaRuntime-12.0.0-linux-x86_64.so
7a224fccc000-7a224fccd000 rw-p 000cc000 103:02 18219051                  /tmp/libJCudaRuntime-12.0.0-linux-x86_64.so
7a224fccd000-7a224fccf000 rw-p 00000000 00:00 0 
7a2250000000-7a2250021000 rw-p 00000000 00:00 0 
7a2250021000-7a2254000000 ---p 00000000 00:00 0 
7a2254000000-7a2254021000 rw-p 00000000 00:00 0 
7a2254021000-7a2258000000 ---p 00000000 00:00 0 
7a2258400000-7a225b17c000 r-xp 00000000 103:02 16526206                  /usr/lib/x86_64-linux-gnu/libnvrtc.so.12.0.140
7a225b17c000-7a225b37c000 ---p 02d7c000 103:02 16526206                  /usr/lib/x86_64-linux-gnu/libnvrtc.so.12.0.140
7a225b37c000-7a225ba4f000 r--p 02d7c000 103:02 16526206                  /usr/lib/x86_64-linux-gnu/libnvrtc.so.12.0.140
7a225ba4f000-7a225bb1b000 rw-p 0344f000 103:02 16526206                  /usr/lib/x86_64-linux-gnu/libnvrtc.so.12.0.140
7a225bb1b000-7a225bc1c000 rw-p 00000000 00:00 0 
7a225c000000-7a225c220000 rw-p 00000000 00:00 0 
7a225c220000-7a225c400000 ---p 00000000 00:00 0 
7a225c400000-7a225c500000 rw-p 00000000 00:00 0 
7a225c500000-7a2260000000 ---p 00000000 00:00 0 
7a2260000000-7a2260021000 rw-p 00000000 00:00 0 
7a2260021000-7a2264000000 ---p 00000000 00:00 0 
7a2264200000-7a2264201000 ---p 00000000 00:00 0 
7a2264201000-7a2264a01000 rw-p 00000000 00:00 0 
7a2264c00000-7a2264c01000 rw-s 00000000 00:05 1106                       /dev/nvidiactl
7a2264c01000-7a2264c02000 rw-s 00000000 00:05 1106                       /dev/nvidiactl
7a2264c02000-7a2264c03000 rw-s 00000000 00:05 1106                       /dev/nvidiactl
7a2264c03000-7a2264c04000 rw-s 00000000 00:05 1106                       /dev/nvidiactl
7a2264c04000-7a2264c05000 rw-s 00000000 00:05 1106                       /dev/nvidiactl
7a2264c05000-7a2264c06000 rw-s 00000000 00:05 1106                       /dev/nvidiactl
7a2264c06000-7a2264c07000 rw-s 00000000 00:05 1106                       /dev/nvidiactl
7a2264c07000-7a2264c08000 rw-s 00000000 00:05 1106                       /dev/nvidiactl
7a2264c08000-7a2264c09000 rw-s 00000000 00:05 1106                       /dev/nvidiactl
7a2264c09000-7a2264c0a000 rw-s 00000000 00:05 1106                       /dev/nvidiactl
7a2264c0a000-7a2264c0b000 rw-s 00000000 00:05 1106                       /dev/nvidiactl
7a2264c0b000-7a2264c0c000 rw-s 00000000 00:05 1106                       /dev/nvidiactl
7a2264c0c000-7a2264c0d000 rw-s 00000000 00:05 1106                       /dev/nvidiactl
7a2264c0d000-7a2264c0e000 rw-s 00000000 00:05 1106                       /dev/nvidiactl
7a2264c0e000-7a2264c0f000 rw-s 00000000 00:05 1106                       /dev/nvidiactl
7a2264c0f000-7a2264c10000 rw-s 00000000 00:05 1106                       /dev/nvidiactl
7a2264c10000-7a2265c21000 ---p 00000000 00:00 0 
7a2265e00000-7a2266e21000 ---p 00000000 00:00 0 
7a2267000000-7a2267cae000 rw-p 00001000 103:02 17172987                  /usr/lib/jvm/java-21-openjdk-amd64/lib/server/classes.jsa
7a2267cae000-7a2268000000 ---p 00000000 00:00 0 
7a2268000000-7a2268030000 rw-p 00000000 00:00 0 
7a2268030000-7a2268040000 ---p 00000000 00:00 0 
7a2268040000-7a2268070000 rw-p 00000000 00:00 0 
7a2268070000-7a22a8000000 ---p 00000000 00:00 0 
7a22a8000000-7a22a8021000 rw-p 00000000 00:00 0 
7a22a8021000-7a22ac000000 ---p 00000000 00:00 0 
7a22ac000000-7a22ac021000 rw-p 00000000 00:00 0 
7a22ac021000-7a22b0000000 ---p 00000000 00:00 0 
7a22b0200000-7a22b04dc000 rw-p 00000000 00:00 0 
7a22b0500000-7a22b0504000 ---p 00000000 00:00 0 
7a22b0504000-7a22b0600000 rw-p 00000000 00:00 0 
7a22b0600000-7a22b0601000 ---p 00000000 00:00 0 
7a22b0601000-7a22b0e01000 rw-p 00000000 00:00 0 
7a22b0ec3000-7a22b0edc000 r--p 00000000 103:02 16530316                  /usr/lib/x86_64-linux-gnu/libX11.so.6.4.0
7a22b0edc000-7a22b0f6c000 r-xp 00019000 103:02 16530316                  /usr/lib/x86_64-linux-gnu/libX11.so.6.4.0
7a22b0f6c000-7a22b0ffb000 r--p 000a9000 103:02 16530316                  /usr/lib/x86_64-linux-gnu/libX11.so.6.4.0
7a22b0ffb000-7a22b0ffc000 r--p 00138000 103:02 16530316                  /usr/lib/x86_64-linux-gnu/libX11.so.6.4.0
7a22b0ffc000-7a22b1000000 rw-p 00139000 103:02 16530316                  /usr/lib/x86_64-linux-gnu/libX11.so.6.4.0
7a22b1000000-7a22b125a000 rw-p 00000000 00:00 0 
7a22b128a000-7a22b128e000 r--p 00000000 103:02 16530777                  /usr/lib/x86_64-linux-gnu/libjpeg.so.8.2.2
7a22b128e000-7a22b12db000 r-xp 00004000 103:02 16530777                  /usr/lib/x86_64-linux-gnu/libjpeg.so.8.2.2
7a22b12db000-7a22b130b000 r--p 00051000 103:02 16530777                  /usr/lib/x86_64-linux-gnu/libjpeg.so.8.2.2
7a22b130b000-7a22b130c000 r--p 00081000 103:02 16530777                  /usr/lib/x86_64-linux-gnu/libjpeg.so.8.2.2
7a22b130c000-7a22b130d000 rw-p 00082000 103:02 16530777                  /usr/lib/x86_64-linux-gnu/libjpeg.so.8.2.2
7a22b130d000-7a22b132b000 r--p 00000000 103:02 17172951                  /usr/lib/jvm/java-21-openjdk-amd64/lib/libawt.so
7a22b132b000-7a22b13c2000 r-xp 0001e000 103:02 17172951                  /usr/lib/jvm/java-21-openjdk-amd64/lib/libawt.so
7a22b13c2000-7a22b13cf000 r--p 000b5000 103:02 17172951                  /usr/lib/jvm/java-21-openjdk-amd64/lib/libawt.so
7a22b13cf000-7a22b13d0000 r--p 000c1000 103:02 17172951                  /usr/lib/jvm/java-21-openjdk-amd64/lib/libawt.so
7a22b13d0000-7a22b13db000 rw-p 000c2000 103:02 17172951                  /usr/lib/jvm/java-21-openjdk-amd64/lib/libawt.so
7a22b13db000-7a22b1400000 rw-p 00000000 00:00 0 
7a22b1400000-7a22b1401000 ---p 00000000 00:00 0 
7a22b1401000-7a22b1c01000 rw-p 00000000 00:00 0 
7a22b1c44000-7a22b1c56000 r--p 00000000 103:02 17173114                  /usr/lib/jvm/java-21-openjdk-amd64/lib/libawt_xawt.so
7a22b1c56000-7a22b1c9d000 r-xp 00012000 103:02 17173114                  /usr/lib/jvm/java-21-openjdk-amd64/lib/libawt_xawt.so
7a22b1c9d000-7a22b1cb5000 r--p 00059000 103:02 17173114                  /usr/lib/jvm/java-21-openjdk-amd64/lib/libawt_xawt.so
7a22b1cb5000-7a22b1cba000 r--p 00070000 103:02 17173114                  /usr/lib/jvm/java-21-openjdk-amd64/lib/libawt_xawt.so
7a22b1cba000-7a22b1cbc000 rw-p 00075000 103:02 17173114                  /usr/lib/jvm/java-21-openjdk-amd64/lib/libawt_xawt.so
7a22b1cbc000-7a22b1e00000 rw-p 00000000 00:00 0 
7a22b1e00000-7a22b1ede000 r--p 00000000 103:02 16552573                  /usr/lib/x86_64-linux-gnu/libcuda.so.550.107.02
7a22b1ede000-7a22b23b3000 r-xp 000de000 103:02 16552573                  /usr/lib/x86_64-linux-gnu/libcuda.so.550.107.02
7a22b23b3000-7a22b384e000 r--p 005b3000 103:02 16552573                  /usr/lib/x86_64-linux-gnu/libcuda.so.550.107.02
7a22b384e000-7a22b384f000 ---p 01a4e000 103:02 16552573                  /usr/lib/x86_64-linux-gnu/libcuda.so.550.107.02
7a22b384f000-7a22b3867000 r--p 01a4e000 103:02 16552573                  /usr/lib/x86_64-linux-gnu/libcuda.so.550.107.02
7a22b3867000-7a22b3962000 rw-p 01a66000 103:02 16552573                  /usr/lib/x86_64-linux-gnu/libcuda.so.550.107.02
7a22b3962000-7a22b39cb000 rw-p 00000000 00:00 0 
7a22b3a00000-7a22b3b38000 r-xp 00000000 103:02 18219047                  /tmp/libJCublas2-12.0.0-linux-x86_64.so
7a22b3b38000-7a22b3d38000 ---p 00138000 103:02 18219047                  /tmp/libJCublas2-12.0.0-linux-x86_64.so
7a22b3d38000-7a22b3d3d000 r--p 00138000 103:02 18219047                  /tmp/libJCublas2-12.0.0-linux-x86_64.so
7a22b3d3d000-7a22b3d3f000 rw-p 0013d000 103:02 18219047                  /tmp/libJCublas2-12.0.0-linux-x86_64.so
7a22b3d3f000-7a22b3d41000 rw-p 00000000 00:00 0 
7a22b3d7f000-7a22b3f7f000 rw-s 00000000 00:01 7192                       /dev/zero (deleted)
7a22b3f7f000-7a22b4021000 rw-p 00000000 00:00 0 
7a22b4021000-7a22b8000000 ---p 00000000 00:00 0 
7a22b8000000-7a22b8021000 rw-p 00000000 00:00 0 
7a22b8021000-7a22bc004000 ---p 00000000 00:00 0 
7a22bc004000-7a22bc100000 rw-p 00000000 00:00 0 
7a22bc100000-7a22bc104000 ---p 00000000 00:00 0 
7a22bc104000-7a22bc200000 rw-p 00000000 00:00 0 
7a22bc200000-7a22bc204000 ---p 00000000 00:00 0 
7a22bc204000-7a22bc300000 rw-p 00000000 00:00 0 
7a22bc300000-7a22bc304000 ---p 00000000 00:00 0 
7a22bc304000-7a22bc400000 rw-p 00000000 00:00 0 
7a22bc400000-7a22bc404000 ---p 00000000 00:00 0 
7a22bc404000-7a22bc500000 rw-p 00000000 00:00 0 
7a22bc500000-7a22bc504000 ---p 00000000 00:00 0 
7a22bc504000-7a22bc600000 rw-p 00000000 00:00 0 
7a22bc600000-7a22bc604000 ---p 00000000 00:00 0 
7a22bc604000-7a22bc700000 rw-p 00000000 00:00 0 
7a22bc700000-7a22bc704000 ---p 00000000 00:00 0 
7a22bc704000-7a22bc800000 rw-p 00000000 00:00 0 
7a22bc800000-7a22bc804000 ---p 00000000 00:00 0 
7a22bc804000-7a22bc900000 rw-p 00000000 00:00 0 
7a22bc900000-7a22bc904000 ---p 00000000 00:00 0 
7a22bc904000-7a22bca00000 rw-p 00000000 00:00 0 
7a22bca00000-7a22bca04000 ---p 00000000 00:00 0 
7a22bca04000-7a22bcb00000 rw-p 00000000 00:00 0 
7a22bcb00000-7a22bcb04000 ---p 00000000 00:00 0 
7a22bcb04000-7a22bcc00000 rw-p 00000000 00:00 0 
7a22bcc00000-7a22bcc04000 ---p 00000000 00:00 0 
7a22bcc04000-7a22bcd00000 rw-p 00000000 00:00 0 
7a22bcd00000-7a22bcd04000 ---p 00000000 00:00 0 
7a22bcd04000-7a22bce00000 rw-p 00000000 00:00 0 
7a22bce00000-7a22bdbec000 r--p 00000000 103:02 16521112                  /usr/lib/locale/locale-archive
7a22bdbfd000-7a22bdc01000 ---p 00000000 00:00 0 
7a22bdc01000-7a22bdcfd000 rw-p 00000000 00:00 0 
7a22bdcfd000-7a22bdcfe000 ---p 00000000 00:00 0 
7a22bdcfe000-7a22bddfe000 rw-p 00000000 00:00 0 
7a22bddfe000-7a22bddff000 ---p 00000000 00:00 0 
7a22bddff000-7a22bdeff000 rw-p 00000000 00:00 0 
7a22bdeff000-7a22bdf00000 ---p 00000000 00:00 0 
7a22bdf00000-7a22be000000 rw-p 00000000 00:00 0 
7a22be000000-7a22c0021000 rw-p 00000000 00:00 0 
7a22c0021000-7a22c4000000 ---p 00000000 00:00 0 
7a22c4008000-7a22c4013000 r--p 00000000 103:02 16531187                  /usr/lib/x86_64-linux-gnu/libxcb.so.1.1.0
7a22c4013000-7a22c4026000 r-xp 0000b000 103:02 16531187                  /usr/lib/x86_64-linux-gnu/libxcb.so.1.1.0
7a22c4026000-7a22c402f000 r--p 0001e000 103:02 16531187                  /usr/lib/x86_64-linux-gnu/libxcb.so.1.1.0
7a22c402f000-7a22c4030000 r--p 00026000 103:02 16531187                  /usr/lib/x86_64-linux-gnu/libxcb.so.1.1.0
7a22c4030000-7a22c4031000 rw-p 00027000 103:02 16531187                  /usr/lib/x86_64-linux-gnu/libxcb.so.1.1.0
7a22c4031000-7a22c40f5000 rw-p 00000000 00:00 0 
7a22c40f5000-7a22c40f6000 ---p 00000000 00:00 0 
7a22c40f6000-7a22c41f6000 rw-p 00000000 00:00 0 
7a22c41f6000-7a22c53b0000 rw-p 00000000 00:00 0 
7a22c53b0000-7a22cc650000 ---p 00000000 00:00 0 
7a22cc650000-7a22cc660000 rw-p 00000000 00:00 0 
7a22cc66f000-7a22cc671000 r--p 00000000 103:02 16530828                  /usr/lib/x86_64-linux-gnu/libmd.so.0.1.0
7a22cc671000-7a22cc67a000 r-xp 00002000 103:02 16530828                  /usr/lib/x86_64-linux-gnu/libmd.so.0.1.0
7a22cc67a000-7a22cc67c000 r--p 0000b000 103:02 16530828                  /usr/lib/x86_64-linux-gnu/libmd.so.0.1.0
7a22cc67c000-7a22cc67d000 r--p 0000c000 103:02 16530828                  /usr/lib/x86_64-linux-gnu/libmd.so.0.1.0
7a22cc67d000-7a22cc67e000 rw-p 0000d000 103:02 16530828                  /usr/lib/x86_64-linux-gnu/libmd.so.0.1.0
7a22cc67e000-7a22cc800000 rw-p 00000000 00:00 0 
7a22cc800000-7a22cca70000 rwxp 00000000 00:00 0 
7a22cca70000-7a22d3c5f000 ---p 00000000 00:00 0 
7a22d3c5f000-7a22d3f0f000 rwxp 00000000 00:00 0 
7a22d3f0f000-7a22d43a0000 ---p 00000000 00:00 0 
7a22d43a0000-7a22d4610000 rwxp 00000000 00:00 0 
7a22d4610000-7a22db800000 ---p 00000000 00:00 0 
7a22db800000-7a22e3e02000 r--s 00000000 103:02 17172984                  /usr/lib/jvm/java-21-openjdk-amd64/lib/modules
7a22e3e07000-7a22e3e0b000 r--p 00000000 103:02 16530470                  /usr/lib/x86_64-linux-gnu/libbsd.so.0.12.1
7a22e3e0b000-7a22e3e17000 r-xp 00004000 103:02 16530470                  /usr/lib/x86_64-linux-gnu/libbsd.so.0.12.1
7a22e3e17000-7a22e3e1a000 r--p 00010000 103:02 16530470                  /usr/lib/x86_64-linux-gnu/libbsd.so.0.12.1
7a22e3e1a000-7a22e3e1b000 r--p 00012000 103:02 16530470                  /usr/lib/x86_64-linux-gnu/libbsd.so.0.12.1
7a22e3e1b000-7a22e3e1c000 rw-p 00013000 103:02 16530470                  /usr/lib/x86_64-linux-gnu/libbsd.so.0.12.1
7a22e3e1c000-7a22e6bef000 rw-p 00000000 00:00 0 
7a22e6bef000-7a22e8000000 ---p 00000000 00:00 0 
7a22e800b000-7a22e800d000 r--p 00000000 103:02 16530323                  /usr/lib/x86_64-linux-gnu/libXdmcp.so.6.0.0
7a22e800d000-7a22e800f000 r-xp 00002000 103:02 16530323                  /usr/lib/x86_64-linux-gnu/libXdmcp.so.6.0.0
7a22e800f000-7a22e8011000 r--p 00004000 103:02 16530323                  /usr/lib/x86_64-linux-gnu/libXdmcp.so.6.0.0
7a22e8011000-7a22e8012000 r--p 00005000 103:02 16530323                  /usr/lib/x86_64-linux-gnu/libXdmcp.so.6.0.0
7a22e8012000-7a22e8013000 rw-p 00006000 103:02 16530323                  /usr/lib/x86_64-linux-gnu/libXdmcp.so.6.0.0
7a22e8013000-7a22e8014000 r--p 00000000 103:02 16530318                  /usr/lib/x86_64-linux-gnu/libXau.so.6.0.0
7a22e8014000-7a22e8016000 r-xp 00001000 103:02 16530318                  /usr/lib/x86_64-linux-gnu/libXau.so.6.0.0
7a22e8016000-7a22e8017000 r--p 00003000 103:02 16530318                  /usr/lib/x86_64-linux-gnu/libXau.so.6.0.0
7a22e8017000-7a22e8018000 r--p 00003000 103:02 16530318                  /usr/lib/x86_64-linux-gnu/libXau.so.6.0.0
7a22e8018000-7a22e8019000 rw-p 00004000 103:02 16530318                  /usr/lib/x86_64-linux-gnu/libXau.so.6.0.0
7a22e8019000-7a22e801c000 r--p 00000000 103:02 16530328                  /usr/lib/x86_64-linux-gnu/libXi.so.6.1.0
7a22e801c000-7a22e8028000 r-xp 00003000 103:02 16530328                  /usr/lib/x86_64-linux-gnu/libXi.so.6.1.0
7a22e8028000-7a22e802a000 r--p 0000f000 103:02 16530328                  /usr/lib/x86_64-linux-gnu/libXi.so.6.1.0
7a22e802a000-7a22e802b000 r--p 00011000 103:02 16530328                  /usr/lib/x86_64-linux-gnu/libXi.so.6.1.0
7a22e802b000-7a22e802c000 rw-p 00012000 103:02 16530328                  /usr/lib/x86_64-linux-gnu/libXi.so.6.1.0
7a22e802c000-7a22e8031000 r--p 00000000 103:02 17172968                  /usr/lib/jvm/java-21-openjdk-amd64/lib/libjsvml.so
7a22e8031000-7a22e8072000 r-xp 00005000 103:02 17172968                  /usr/lib/jvm/java-21-openjdk-amd64/lib/libjsvml.so
7a22e8072000-7a22e80fb000 r--p 00046000 103:02 17172968                  /usr/lib/jvm/java-21-openjdk-amd64/lib/libjsvml.so
7a22e80fb000-7a22e80fc000 r--p 000ce000 103:02 17172968                  /usr/lib/jvm/java-21-openjdk-amd64/lib/libjsvml.so
7a22e80fc000-7a22e80fd000 rw-p 000cf000 103:02 17172968                  /usr/lib/jvm/java-21-openjdk-amd64/lib/libjsvml.so
7a22e80fd000-7a22e81fe000 rw-p 00000000 00:00 0 
7a22e81fe000-7a22e81ff000 ---p 00000000 00:00 0 
7a22e81ff000-7a22e82ff000 rw-p 00000000 00:00 0 
7a22e82ff000-7a22e8300000 ---p 00000000 00:00 0 
7a22e8300000-7a22e8400000 rw-p 00000000 00:00 0 
7a22e8400000-7a22e84f6000 rw-p 00000000 00:00 0 
7a22e84f6000-7a22e934a000 ---p 00000000 00:00 0 
7a22e934a000-7a22e934c000 rw-p 00000000 00:00 0 
7a22e934f000-7a22e9351000 r--p 00000000 103:02 16530337                  /usr/lib/x86_64-linux-gnu/libXtst.so.6.1.0
7a22e9351000-7a22e9354000 r-xp 00002000 103:02 16530337                  /usr/lib/x86_64-linux-gnu/libXtst.so.6.1.0
7a22e9354000-7a22e9355000 r--p 00005000 103:02 16530337                  /usr/lib/x86_64-linux-gnu/libXtst.so.6.1.0
7a22e9355000-7a22e9356000 r--p 00005000 103:02 16530337                  /usr/lib/x86_64-linux-gnu/libXtst.so.6.1.0
7a22e9356000-7a22e9357000 rw-p 00006000 103:02 16530337                  /usr/lib/x86_64-linux-gnu/libXtst.so.6.1.0
7a22e9357000-7a22e935b000 r--p 00000000 103:02 16530324                  /usr/lib/x86_64-linux-gnu/libXext.so.6.4.0
7a22e935b000-7a22e9366000 r-xp 00004000 103:02 16530324                  /usr/lib/x86_64-linux-gnu/libXext.so.6.4.0
7a22e9366000-7a22e9369000 r--p 0000f000 103:02 16530324                  /usr/lib/x86_64-linux-gnu/libXext.so.6.4.0
7a22e9369000-7a22e936a000 r--p 00011000 103:02 16530324                  /usr/lib/x86_64-linux-gnu/libXext.so.6.4.0
7a22e936a000-7a22e936b000 rw-p 00012000 103:02 16530324                  /usr/lib/x86_64-linux-gnu/libXext.so.6.4.0
7a22e9373000-7a22e9375000 r--p 00000000 103:02 17172962                  /usr/lib/jvm/java-21-openjdk-amd64/lib/libjavajpeg.so
7a22e9375000-7a22e937c000 r-xp 00002000 103:02 17172962                  /usr/lib/jvm/java-21-openjdk-amd64/lib/libjavajpeg.so
7a22e937c000-7a22e937d000 r--p 00009000 103:02 17172962                  /usr/lib/jvm/java-21-openjdk-amd64/lib/libjavajpeg.so
7a22e937d000-7a22e937e000 r--p 0000a000 103:02 17172962                  /usr/lib/jvm/java-21-openjdk-amd64/lib/libjavajpeg.so
7a22e937e000-7a22e937f000 rw-p 0000b000 103:02 17172962                  /usr/lib/jvm/java-21-openjdk-amd64/lib/libjavajpeg.so
7a22e937f000-7a22e94f6000 rw-p 00000000 00:00 0 
7a22e94f6000-7a22ea34a000 ---p 00000000 00:00 0 
7a22ea34a000-7a22ea34c000 rw-p 00000000 00:00 0 
7a22ea34c000-7a22ea34e000 r--p 00000000 103:02 16530334                  /usr/lib/x86_64-linux-gnu/libXrender.so.1.3.0
7a22ea34e000-7a22ea355000 r-xp 00002000 103:02 16530334                  /usr/lib/x86_64-linux-gnu/libXrender.so.1.3.0
7a22ea355000-7a22ea356000 r--p 00009000 103:02 16530334                  /usr/lib/x86_64-linux-gnu/libXrender.so.1.3.0
7a22ea356000-7a22ea357000 r--p 00009000 103:02 16530334                  /usr/lib/x86_64-linux-gnu/libXrender.so.1.3.0
7a22ea357000-7a22ea358000 rw-p 0000a000 103:02 16530334                  /usr/lib/x86_64-linux-gnu/libXrender.so.1.3.0
7a22ea358000-7a22ea38b000 rw-p 00000000 00:00 0 
7a22ea38b000-7a22ea38c000 r--p 00000000 103:02 16530540                  /usr/lib/x86_64-linux-gnu/libdl.so.2
7a22ea38c000-7a22ea38d000 r-xp 00001000 103:02 16530540                  /usr/lib/x86_64-linux-gnu/libdl.so.2
7a22ea38d000-7a22ea38e000 r--p 00002000 103:02 16530540                  /usr/lib/x86_64-linux-gnu/libdl.so.2
7a22ea38e000-7a22ea38f000 r--p 00002000 103:02 16530540                  /usr/lib/x86_64-linux-gnu/libdl.so.2
7a22ea38f000-7a22ea390000 rw-p 00003000 103:02 16530540                  /usr/lib/x86_64-linux-gnu/libdl.so.2
7a22ea394000-7a22ea3a4000 -w-s 00000000 00:05 1107                       /dev/nvidia0
7a22ea3a4000-7a22ea3a6000 r--p 00000000 103:02 17172983                  /usr/lib/jvm/java-21-openjdk-amd64/lib/libzip.so
7a22ea3a6000-7a22ea3ab000 r-xp 00002000 103:02 17172983                  /usr/lib/jvm/java-21-openjdk-amd64/lib/libzip.so
7a22ea3ab000-7a22ea3ad000 r--p 00007000 103:02 17172983                  /usr/lib/jvm/java-21-openjdk-amd64/lib/libzip.so
7a22ea3ad000-7a22ea3ae000 r--p 00008000 103:02 17172983                  /usr/lib/jvm/java-21-openjdk-amd64/lib/libzip.so
7a22ea3ae000-7a22ea3af000 rw-p 00009000 103:02 17172983                  /usr/lib/jvm/java-21-openjdk-amd64/lib/libzip.so
7a22ea3af000-7a22ea3b0000 r--p 00000000 103:02 17172953                  /usr/lib/jvm/java-21-openjdk-amd64/lib/libdt_socket.so
7a22ea3b0000-7a22ea3b3000 r-xp 00001000 103:02 17172953                  /usr/lib/jvm/java-21-openjdk-amd64/lib/libdt_socket.so
7a22ea3b3000-7a22ea3b4000 r--p 00004000 103:02 17172953                  /usr/lib/jvm/java-21-openjdk-amd64/lib/libdt_socket.so
7a22ea3b4000-7a22ea3b5000 r--p 00005000 103:02 17172953                  /usr/lib/jvm/java-21-openjdk-amd64/lib/libdt_socket.so
7a22ea3b5000-7a22ea3b6000 rw-p 00006000 103:02 17172953                  /usr/lib/jvm/java-21-openjdk-amd64/lib/libdt_socket.so
7a22ea3b6000-7a22ea3b9000 r--p 00000000 103:02 17172975                  /usr/lib/jvm/java-21-openjdk-amd64/lib/libnet.so
7a22ea3b9000-7a22ea3c1000 r-xp 00003000 103:02 17172975                  /usr/lib/jvm/java-21-openjdk-amd64/lib/libnet.so
7a22ea3c1000-7a22ea3c3000 r--p 0000b000 103:02 17172975                  /usr/lib/jvm/java-21-openjdk-amd64/lib/libnet.so
7a22ea3c3000-7a22ea3c4000 r--p 0000c000 103:02 17172975                  /usr/lib/jvm/java-21-openjdk-amd64/lib/libnet.so
7a22ea3c4000-7a22ea3c5000 rw-p 0000d000 103:02 17172975                  /usr/lib/jvm/java-21-openjdk-amd64/lib/libnet.so
7a22ea3c5000-7a22ea420000 rw-p 00000000 00:00 0 
7a22ea420000-7a22ea421000 ---p 00000000 00:00 0 
7a22ea421000-7a22ea521000 rw-p 00000000 00:00 0 
7a22ea521000-7a22eb233000 rw-p 00000000 00:00 0 
7a22eb233000-7a22eb317000 ---p 00000000 00:00 0 
7a22eb317000-7a22eb31c000 rw-p 00000000 00:00 0 
7a22eb31c000-7a22eb400000 ---p 00000000 00:00 0 
7a22eb400000-7a22eb49d000 r--p 00000000 103:02 16543594                  /usr/lib/x86_64-linux-gnu/libstdc++.so.6.0.33
7a22eb49d000-7a22eb5e5000 r-xp 0009d000 103:02 16543594                  /usr/lib/x86_64-linux-gnu/libstdc++.so.6.0.33
7a22eb5e5000-7a22eb66c000 r--p 001e5000 103:02 16543594                  /usr/lib/x86_64-linux-gnu/libstdc++.so.6.0.33
7a22eb66c000-7a22eb677000 r--p 0026b000 103:02 16543594                  /usr/lib/x86_64-linux-gnu/libstdc++.so.6.0.33
7a22eb677000-7a22eb67a000 rw-p 00276000 103:02 16543594                  /usr/lib/x86_64-linux-gnu/libstdc++.so.6.0.33
7a22eb67a000-7a22eb67e000 rw-p 00000000 00:00 0 
7a22eb681000-7a22eb700000 rw-p 00000000 00:00 0 
7a22eb700000-7a22eb704000 ---p 00000000 00:00 0 
7a22eb704000-7a22eb800000 rw-p 00000000 00:00 0 
7a22eb800000-7a22eba96000 r--p 00000000 103:02 17172990                  /usr/lib/jvm/java-21-openjdk-amd64/lib/server/libjvm.so
7a22eba96000-7a22ec8fe000 r-xp 00296000 103:02 17172990                  /usr/lib/jvm/java-21-openjdk-amd64/lib/server/libjvm.so
7a22ec8fe000-7a22ecbd1000 r--p 010fe000 103:02 17172990                  /usr/lib/jvm/java-21-openjdk-amd64/lib/server/libjvm.so
7a22ecbd1000-7a22ecca1000 r--p 013d0000 103:02 17172990                  /usr/lib/jvm/java-21-openjdk-amd64/lib/server/libjvm.so
7a22ecca1000-7a22eccd1000 rw-p 014a0000 103:02 17172990                  /usr/lib/jvm/java-21-openjdk-amd64/lib/server/libjvm.so
7a22eccd1000-7a22ecd37000 rw-p 00000000 00:00 0 
7a22ecd38000-7a22ecd39000 r--p 00000000 103:02 16531006                  /usr/lib/x86_64-linux-gnu/librt.so.1
7a22ecd39000-7a22ecd3a000 r-xp 00001000 103:02 16531006                  /usr/lib/x86_64-linux-gnu/librt.so.1
7a22ecd3a000-7a22ecd3b000 r--p 00002000 103:02 16531006                  /usr/lib/x86_64-linux-gnu/librt.so.1
7a22ecd3b000-7a22ecd3c000 r--p 00002000 103:02 16531006                  /usr/lib/x86_64-linux-gnu/librt.so.1
7a22ecd3c000-7a22ecd3d000 rw-p 00003000 103:02 16531006                  /usr/lib/x86_64-linux-gnu/librt.so.1
7a22ecd3d000-7a22ecd44000 r--s 00000000 103:02 16532226                  /usr/lib/x86_64-linux-gnu/gconv/gconv-modules.cache
7a22ecd44000-7a22ece00000 rw-p 00000000 00:00 0 
7a22ece00000-7a22ece28000 r--p 00000000 103:02 16530474                  /usr/lib/x86_64-linux-gnu/libc.so.6
7a22ece28000-7a22ecfb0000 r-xp 00028000 103:02 16530474                  /usr/lib/x86_64-linux-gnu/libc.so.6
7a22ecfb0000-7a22ecfff000 r--p 001b0000 103:02 16530474                  /usr/lib/x86_64-linux-gnu/libc.so.6
7a22ecfff000-7a22ed003000 r--p 001fe000 103:02 16530474                  /usr/lib/x86_64-linux-gnu/libc.so.6
7a22ed003000-7a22ed005000 rw-p 00202000 103:02 16530474                  /usr/lib/x86_64-linux-gnu/libc.so.6
7a22ed005000-7a22ed012000 rw-p 00000000 00:00 0 
7a22ed012000-7a22ed013000 r--p 00000000 103:02 16530978                  /usr/lib/x86_64-linux-gnu/libpthread.so.0
7a22ed013000-7a22ed014000 r-xp 00001000 103:02 16530978                  /usr/lib/x86_64-linux-gnu/libpthread.so.0
7a22ed014000-7a22ed015000 r--p 00002000 103:02 16530978                  /usr/lib/x86_64-linux-gnu/libpthread.so.0
7a22ed015000-7a22ed016000 r--p 00002000 103:02 16530978                  /usr/lib/x86_64-linux-gnu/libpthread.so.0
7a22ed016000-7a22ed017000 rw-p 00003000 103:02 16530978                  /usr/lib/x86_64-linux-gnu/libpthread.so.0
7a22ed017000-7a22ed01e000 r--p 00000000 103:02 17172976                  /usr/lib/jvm/java-21-openjdk-amd64/lib/libnio.so
7a22ed01e000-7a22ed027000 r-xp 00007000 103:02 17172976                  /usr/lib/jvm/java-21-openjdk-amd64/lib/libnio.so
7a22ed027000-7a22ed02b000 r--p 00010000 103:02 17172976                  /usr/lib/jvm/java-21-openjdk-amd64/lib/libnio.so
7a22ed02b000-7a22ed02c000 r--p 00014000 103:02 17172976                  /usr/lib/jvm/java-21-openjdk-amd64/lib/libnio.so
7a22ed02c000-7a22ed02d000 rw-p 00015000 103:02 17172976                  /usr/lib/jvm/java-21-openjdk-amd64/lib/libnio.so
7a22ed02d000-7a22ed071000 rw-p 00000000 00:00 0 
7a22ed071000-7a22ed07a000 ---p 00000000 00:00 0 
7a22ed07a000-7a22ed087000 r--p 00000000 103:02 17172961                  /usr/lib/jvm/java-21-openjdk-amd64/lib/libjava.so
7a22ed087000-7a22ed096000 r-xp 0000d000 103:02 17172961                  /usr/lib/jvm/java-21-openjdk-amd64/lib/libjava.so
7a22ed096000-7a22ed09b000 r--p 0001c000 103:02 17172961                  /usr/lib/jvm/java-21-openjdk-amd64/lib/libjava.so
7a22ed09b000-7a22ed09c000 r--p 00021000 103:02 17172961                  /usr/lib/jvm/java-21-openjdk-amd64/lib/libjava.so
7a22ed09c000-7a22ed09d000 rw-p 00022000 103:02 17172961                  /usr/lib/jvm/java-21-openjdk-amd64/lib/libjava.so
7a22ed09d000-7a22ed09e000 rw-p 00000000 00:00 0 
7a22ed09e000-7a22ed0a1000 r--p 00000000 103:02 17172963                  /usr/lib/jvm/java-21-openjdk-amd64/lib/libjdwp.so
7a22ed0a1000-7a22ed0d0000 r-xp 00003000 103:02 17172963                  /usr/lib/jvm/java-21-openjdk-amd64/lib/libjdwp.so
7a22ed0d0000-7a22ed0df000 r--p 00032000 103:02 17172963                  /usr/lib/jvm/java-21-openjdk-amd64/lib/libjdwp.so
7a22ed0df000-7a22ed0e0000 r--p 00040000 103:02 17172963                  /usr/lib/jvm/java-21-openjdk-amd64/lib/libjdwp.so
7a22ed0e0000-7a22ed0e1000 rw-p 00041000 103:02 17172963                  /usr/lib/jvm/java-21-openjdk-amd64/lib/libjdwp.so
7a22ed0e1000-7a22ed0e2000 rw-p 00000000 00:00 0 
7a22ed0e2000-7a22ed0e6000 r--p 00000000 103:02 16528598                  /usr/lib/x86_64-linux-gnu/libgcc_s.so.1
7a22ed0e6000-7a22ed10a000 r-xp 00004000 103:02 16528598                  /usr/lib/x86_64-linux-gnu/libgcc_s.so.1
7a22ed10a000-7a22ed10e000 r--p 00028000 103:02 16528598                  /usr/lib/x86_64-linux-gnu/libgcc_s.so.1
7a22ed10e000-7a22ed10f000 r--p 0002b000 103:02 16528598                  /usr/lib/x86_64-linux-gnu/libgcc_s.so.1
7a22ed10f000-7a22ed110000 rw-p 0002c000 103:02 16528598                  /usr/lib/x86_64-linux-gnu/libgcc_s.so.1
7a22ed110000-7a22ed120000 r--p 00000000 103:02 16530817                  /usr/lib/x86_64-linux-gnu/libm.so.6
7a22ed120000-7a22ed19f000 r-xp 00010000 103:02 16530817                  /usr/lib/x86_64-linux-gnu/libm.so.6
7a22ed19f000-7a22ed1f7000 r--p 0008f000 103:02 16530817                  /usr/lib/x86_64-linux-gnu/libm.so.6
7a22ed1f7000-7a22ed1f8000 r--p 000e7000 103:02 16530817                  /usr/lib/x86_64-linux-gnu/libm.so.6
7a22ed1f8000-7a22ed1f9000 rw-p 000e8000 103:02 16530817                  /usr/lib/x86_64-linux-gnu/libm.so.6
7a22ed1f9000-7a22ed1fb000 rw-p 00000000 00:00 0 
7a22ed1fb000-7a22ed1fd000 r--p 00000000 103:02 17172965                  /usr/lib/jvm/java-21-openjdk-amd64/lib/libjli.so
7a22ed1fd000-7a22ed207000 r-xp 00002000 103:02 17172965                  /usr/lib/jvm/java-21-openjdk-amd64/lib/libjli.so
7a22ed207000-7a22ed20a000 r--p 0000c000 103:02 17172965                  /usr/lib/jvm/java-21-openjdk-amd64/lib/libjli.so
7a22ed20a000-7a22ed20b000 r--p 0000f000 103:02 17172965                  /usr/lib/jvm/java-21-openjdk-amd64/lib/libjli.so
7a22ed20b000-7a22ed20c000 rw-p 00010000 103:02 17172965                  /usr/lib/jvm/java-21-openjdk-amd64/lib/libjli.so
7a22ed20c000-7a22ed20e000 r--p 00000000 103:02 16531205                  /usr/lib/x86_64-linux-gnu/libz.so.1.3
7a22ed20e000-7a22ed220000 r-xp 00002000 103:02 16531205                  /usr/lib/x86_64-linux-gnu/libz.so.1.3
7a22ed220000-7a22ed226000 r--p 00014000 103:02 16531205                  /usr/lib/x86_64-linux-gnu/libz.so.1.3
7a22ed226000-7a22ed227000 r--p 0001a000 103:02 16531205                  /usr/lib/x86_64-linux-gnu/libz.so.1.3
7a22ed227000-7a22ed228000 rw-p 0001b000 103:02 16531205                  /usr/lib/x86_64-linux-gnu/libz.so.1.3
7a22ed229000-7a22ed231000 rw-s 00000000 103:02 18219055                  /tmp/hsperfdata_dov/4169
7a22ed231000-7a22ed232000 ---p 00000000 00:00 0 
7a22ed232000-7a22ed233000 r--p 00000000 00:00 0 
7a22ed233000-7a22ed234000 ---p 00000000 00:00 0 
7a22ed234000-7a22ed236000 r--p 00000000 103:02 17172964                  /usr/lib/jvm/java-21-openjdk-amd64/lib/libjimage.so
7a22ed236000-7a22ed239000 r-xp 00002000 103:02 17172964                  /usr/lib/jvm/java-21-openjdk-amd64/lib/libjimage.so
7a22ed239000-7a22ed23a000 r--p 00005000 103:02 17172964                  /usr/lib/jvm/java-21-openjdk-amd64/lib/libjimage.so
7a22ed23a000-7a22ed23b000 r--p 00006000 103:02 17172964                  /usr/lib/jvm/java-21-openjdk-amd64/lib/libjimage.so
7a22ed23b000-7a22ed23c000 rw-p 00007000 103:02 17172964                  /usr/lib/jvm/java-21-openjdk-amd64/lib/libjimage.so
7a22ed23c000-7a22ed23e000 rw-p 00000000 00:00 0 
7a22ed23e000-7a22ed23f000 r--p 00000000 103:02 16530286                  /usr/lib/x86_64-linux-gnu/ld-linux-x86-64.so.2
7a22ed23f000-7a22ed26a000 r-xp 00001000 103:02 16530286                  /usr/lib/x86_64-linux-gnu/ld-linux-x86-64.so.2
7a22ed26a000-7a22ed274000 r--p 0002c000 103:02 16530286                  /usr/lib/x86_64-linux-gnu/ld-linux-x86-64.so.2
7a22ed274000-7a22ed276000 r--p 00036000 103:02 16530286                  /usr/lib/x86_64-linux-gnu/ld-linux-x86-64.so.2
7a22ed276000-7a22ed278000 rw-p 00038000 103:02 16530286                  /usr/lib/x86_64-linux-gnu/ld-linux-x86-64.so.2
7ffdc519e000-7ffdc51bf000 rw-p 00000000 00:00 0                          [stack]
7ffdc51d5000-7ffdc51d9000 r--p 00000000 00:00 0                          [vvar]
7ffdc51d9000-7ffdc51db000 r-xp 00000000 00:00 0                          [vdso]
ffffffffff600000-ffffffffff601000 --xp 00000000 00:00 0                  [vsyscall]
Total number of mappings: 424


VM Arguments:
jvm_args: -Dfile.encoding=UTF-8 -agentlib:jdwp=transport=dt_socket,address=localhost:40053 --module-path=/home/dov/projects/NeighborhoodPIG/build/classes 
java_command: main.NeighborhoodPIG
java_class_path (initial): /home/dov/projects/Libraries/commons-math3/commons-math3-3.6.1-javadoc.jar:/home/dov/projects/Libraries/commons-math3/commons-math3-3.6.1-sources.jar:/home/dov/projects/Libraries/commons-math3/commons-math3-3.6.1-test-sources.jar:/home/dov/projects/Libraries/commons-math3/commons-math3-3.6.1-tests.jar:/home/dov/projects/Libraries/commons-math3/commons-math3-3.6.1-tools.jar:/home/dov/projects/Libraries/commons-math3/commons-math3-3.6.1.jar:/home/dov/projects/JCudaWrapper/jcuda12/jcublas-12.0.0.jar:/home/dov/projects/JCudaWrapper/jcuda12/jcublas-natives-12.0.0-linux-x86_64.jar:/home/dov/projects/JCudaWrapper/jcuda12/jcuda-12.0.0.jar:/home/dov/projects/JCudaWrapper/jcuda12/jcuda-natives-12.0.0-linux-x86_64.jar:/home/dov/projects/JCudaWrapper/jcuda12/jcudnn-12.0.0.jar:/home/dov/projects/JCudaWrapper/jcuda12/jcudnn-natives-12.0.0-linux-x86_64.jar:/home/dov/projects/JCudaWrapper/jcuda12/jcufft-12.0.0.jar:/home/dov/projects/JCudaWrapper/jcuda12/jcufft-natives-12.0.0-linux-x86_64.jar:/home/dov/projects/JCudaWrapper/jcuda12/jcurand-12.0.0.jar:/home/dov/projects/JCudaWrapper/jcuda12/jcurand-natives-12.0.0-linux-x86_64.jar:/home/dov/projects/JCudaWrapper/jcuda12/jcusolver-12.0.0.jar:/home/dov/projects/JCudaWrapper/jcuda12/jcusolver-natives-12.0.0-linux-x86_64.jar:/home/dov/projects/JCudaWrapper/jcuda12/jcusparse-12.0.0.jar:/home/dov/projects/JCudaWrapper/jcuda12/jcusparse-natives-12.0.0-linux-x86_64.jar:/home/dov/projects/NeighborhoodPIG/build/classes
Launcher Type: SUN_STANDARD

[Global flags]
     intx CICompilerCount                          = 12                                        {product} {ergonomic}
     uint ConcGCThreads                            = 3                                         {product} {ergonomic}
     uint G1ConcRefinementThreads                  = 13                                        {product} {ergonomic}
   size_t G1HeapRegionSize                         = 4194304                                   {product} {ergonomic}
    uintx GCDrainStackTargetSize                   = 64                                        {product} {ergonomic}
   size_t InitialHeapSize                          = 515899392                                 {product} {ergonomic}
   size_t MarkStackSize                            = 4194304                                   {product} {ergonomic}
   size_t MaxHeapSize                              = 8212447232                                {product} {ergonomic}
   size_t MaxNewSize                               = 4924112896                                {product} {ergonomic}
   size_t MinHeapDeltaBytes                        = 4194304                                   {product} {ergonomic}
   size_t MinHeapSize                              = 8388608                                   {product} {ergonomic}
    uintx NonNMethodCodeHeapSize                   = 7602480                                {pd product} {ergonomic}
    uintx NonProfiledCodeHeapSize                  = 122027880                              {pd product} {ergonomic}
    uintx ProfiledCodeHeapSize                     = 122027880                              {pd product} {ergonomic}
    uintx ReservedCodeCacheSize                    = 251658240                              {pd product} {ergonomic}
     bool SegmentedCodeCache                       = true                                      {product} {ergonomic}
   size_t SoftMaxHeapSize                          = 8212447232                             {manageable} {ergonomic}
     bool UseCompressedOops                        = true                           {product lp64_product} {ergonomic}
     bool UseG1GC                                  = true                                      {product} {ergonomic}

Logging:
Log output configuration:
 #0: stdout all=warning uptime,level,tags foldmultilines=false
 #1: stderr all=off uptime,level,tags foldmultilines=false

Environment Variables:
PATH=/usr/local/sbin:/usr/local/bin:/usr/sbin:/usr/bin:/sbin:/bin:/usr/games:/usr/local/games:/snap/bin:/snap/bin
USERNAME=dov
SHELL=/bin/bash
DISPLAY=:1
LANG=en_US.UTF-8

Active Locale:
LC_ALL=en_US.UTF-8
LC_COLLATE=en_US.UTF-8
LC_CTYPE=en_US.UTF-8
LC_MESSAGES=en_US.UTF-8
LC_MONETARY=en_US.UTF-8
LC_NUMERIC=en_US.UTF-8
LC_TIME=en_US.UTF-8

Signal Handlers:
   SIGSEGV: crash_handler in libjvm.so, mask=11100100010111111101111111111110, flags=SA_RESTART|SA_SIGINFO, unblocked
    SIGBUS: crash_handler in libjvm.so, mask=11100100010111111101111111111110, flags=SA_RESTART|SA_SIGINFO, unblocked
    SIGFPE: crash_handler in libjvm.so, mask=11100100010111111101111111111110, flags=SA_RESTART|SA_SIGINFO, unblocked
   SIGPIPE: javaSignalHandler in libjvm.so, mask=11100100010111111101111111111110, flags=SA_RESTART|SA_SIGINFO, blocked
   SIGXFSZ: javaSignalHandler in libjvm.so, mask=11100100010111111101111111111110, flags=SA_RESTART|SA_SIGINFO, blocked
    SIGILL: crash_handler in libjvm.so, mask=11100100010111111101111111111110, flags=SA_RESTART|SA_SIGINFO, unblocked
   SIGUSR2: SR_handler in libjvm.so, mask=00000000000000000000000000000000, flags=SA_RESTART|SA_SIGINFO, blocked
    SIGHUP: UserHandler in libjvm.so, mask=11100100010111111101111111111110, flags=SA_RESTART|SA_SIGINFO, blocked
    SIGINT: SIG_IGN, mask=00000000000000000000000000000000, flags=none, blocked
   SIGTERM: UserHandler in libjvm.so, mask=11100100010111111101111111111110, flags=SA_RESTART|SA_SIGINFO, blocked
   SIGQUIT: UserHandler in libjvm.so, mask=11100100010111111101111111111110, flags=SA_RESTART|SA_SIGINFO, blocked
   SIGTRAP: crash_handler in libjvm.so, mask=11100100010111111101111111111110, flags=SA_RESTART|SA_SIGINFO, unblocked


Periodic native trim disabled

---------------  S Y S T E M  ---------------

OS:
DISTRIB_ID=Ubuntu
DISTRIB_RELEASE=24.04
DISTRIB_CODENAME=noble
DISTRIB_DESCRIPTION="Ubuntu 24.04.1 LTS"
uname: Linux 6.8.0-47-generic #47-Ubuntu SMP PREEMPT_DYNAMIC Fri Sep 27 21:40:26 UTC 2024 x86_64
OS uptime: 0 days 0:01 hours
libc: glibc 2.39 NPTL 2.39 
rlimit (soft/hard): STACK 8192k/infinity , CORE 0k/infinity , NPROC 125013/125013 , NOFILE 1048576/1048576 , AS infinity/infinity , CPU infinity/infinity , DATA infinity/infinity , FSIZE infinity/infinity , MEMLOCK 4009332k/4009332k
load average: 1.90 0.55 0.19

/proc/meminfo:
MemTotal:       32074676 kB
MemFree:        27782044 kB
MemAvailable:   28909028 kB
Buffers:           87792 kB
Cached:          1385900 kB
SwapCached:            0 kB
Active:          2502464 kB
Inactive:         694696 kB
Active(anon):    1737200 kB
Inactive(anon):        0 kB
Active(file):     765264 kB
Inactive(file):   694696 kB
Unevictable:          16 kB
Mlocked:              16 kB
SwapTotal:       8388604 kB
SwapFree:        8388604 kB
Zswap:                 0 kB
Zswapped:              0 kB
Dirty:               484 kB
Writeback:             0 kB
AnonPages:       1723752 kB
Mapped:           569992 kB
Shmem:             13724 kB
KReclaimable:      63980 kB
Slab:             296248 kB
SReclaimable:      63980 kB
SUnreclaim:       232268 kB
KernelStack:       14480 kB
PageTables:        22896 kB
SecPageTables:         0 kB
NFS_Unstable:          0 kB
Bounce:                0 kB
WritebackTmp:          0 kB
CommitLimit:    24425940 kB
Committed_AS:    6515420 kB
VmallocTotal:   34359738367 kB
VmallocUsed:      156092 kB
VmallocChunk:          0 kB
Percpu:            17216 kB
HardwareCorrupted:     0 kB
AnonHugePages:         0 kB
ShmemHugePages:        0 kB
ShmemPmdMapped:        0 kB
FileHugePages:         0 kB
FilePmdMapped:         0 kB
Unaccepted:            0 kB
HugePages_Total:       0
HugePages_Free:        0
HugePages_Rsvd:        0
HugePages_Surp:        0
Hugepagesize:       2048 kB
Hugetlb:               0 kB
DirectMap4k:      784872 kB
DirectMap2M:    11001856 kB
DirectMap1G:    22020096 kB

/sys/kernel/mm/transparent_hugepage/enabled: always [madvise] never
/sys/kernel/mm/transparent_hugepage/hpage_pmd_size: 2097152
/sys/kernel/mm/transparent_hugepage/defrag (defrag/compaction efforts parameter): always defer defer+madvise [madvise] never

Process Memory:
Virtual Size: 17159660K (peak: 17218700K)
Resident Set Size: 274192K (peak: 274192K) (anon: 110428K, file: 155572K, shmem: 8192K)
Swapped out: 0K
C-Heap outstanding allocations: 83678K, retained: 5533K
glibc malloc tunables: (default)

/proc/sys/kernel/threads-max (system-wide limit on the number of threads): 250026
/proc/sys/vm/max_map_count (maximum number of memory map areas a process may have): 1048576
/proc/sys/vm/swappiness (control to define how aggressively the kernel swaps out anonymous memory): 60
/proc/sys/kernel/pid_max (system-wide limit on number of process identifiers): 4194304

container (cgroup) information:
container_type: cgroupv2
cpu_cpuset_cpus: not supported
cpu_memory_nodes: not supported
active_processor_count: 16
cpu_quota: not supported
cpu_period: not supported
cpu_shares: not supported
memory_limit_in_bytes: unlimited
memory_and_swap_limit_in_bytes: unlimited
memory_soft_limit_in_bytes: unlimited
memory_usage_in_bytes: 1513716 k
memory_max_usage_in_bytes: not supported
memory_swap_current_in_bytes: unlimited
memory_swap_max_limit_in_bytes: unlimited
maximum number of tasks: 37503
current number of tasks: 107

Steal ticks since vm start: 0
Steal ticks percentage since vm start:  0.000

CPU: total 16 (initial active 16) (16 cores per cpu, 2 threads per core) family 25 model 68 stepping 1 microcode 0xa404101, cx8, cmov, fxsr, ht, mmx, 3dnowpref, sse, sse2, sse3, ssse3, sse4a, sse4.1, sse4.2, popcnt, lzcnt, tsc, tscinvbit, avx, avx2, aes, clmul, bmi1, bmi2, adx, sha, fma, vzeroupper, clflush, clflushopt, rdtscp, rdpid, f16c, pku, ospke, cet_ss
CPU Model and flags from /proc/cpuinfo:
model name	: AMD Ryzen 9 6900HS with Radeon Graphics
flags		: fpu vme de pse tsc msr pae mce cx8 apic sep mtrr pge mca cmov pat pse36 clflush mmx fxsr sse sse2 ht syscall nx mmxext fxsr_opt pdpe1gb rdtscp lm constant_tsc rep_good nopl nonstop_tsc cpuid extd_apicid aperfmperf rapl pni pclmulqdq monitor ssse3 fma cx16 sse4_1 sse4_2 x2apic movbe popcnt aes xsave avx f16c rdrand lahf_lm cmp_legacy svm extapic cr8_legacy abm sse4a misalignsse 3dnowprefetch osvw ibs skinit wdt tce topoext perfctr_core perfctr_nb bpext perfctr_llc mwaitx cpb cat_l3 cdp_l3 hw_pstate ssbd mba ibrs ibpb stibp vmmcall fsgsbase bmi1 avx2 smep bmi2 invpcid cqm rdt_a rdseed adx smap clflushopt clwb sha_ni xsaveopt xsavec xgetbv1 xsaves cqm_llc cqm_occup_llc cqm_mbm_total cqm_mbm_local user_shstk clzero irperf xsaveerptr rdpru wbnoinvd cppc arat npt lbrv svm_lock nrip_save tsc_scale vmcb_clean flushbyasid decodeassists pausefilter pfthreshold avic v_vmsave_vmload vgif v_spec_ctrl umip pku ospke vaes vpclmulqdq rdpid overflow_recov succor smca debug_swap

Online cpus: 0-15
Offline cpus: 
BIOS frequency limitation: <Not Available>
Frequency switch latency (ns): 0
Available cpu frequencies: <Not Available>
Current governor: powersave
Core performance/turbo boost: <Not Available>

Memory: 4k page, physical 32074676k(28909028k free), swap 8388604k(8388604k free)
Page Sizes: 4k

vm_info: OpenJDK 64-Bit Server VM (21.0.4+7-Ubuntu-1ubuntu224.04) for linux-amd64 JRE (21.0.4+7-Ubuntu-1ubuntu224.04), built on 2024-07-23T01:34:52Z by "buildd" with gcc 13.2.0

END.
