#
# A fatal error has been detected by the Java Runtime Environment:
#
#  SIGSEGV (0xb) at pc=0x000074d2d104b06e, pid=5298, tid=5302
#
# JRE version: OpenJDK Runtime Environment (21.0.4+7) (build 21.0.4+7-Ubuntu-1ubuntu224.04)
# Java VM: OpenJDK 64-Bit Server VM (21.0.4+7-Ubuntu-1ubuntu224.04, mixed mode, sharing, tiered, compressed oops, compressed class ptrs, g1 gc, linux-amd64)
# Problematic frame:
# C  [libcuda.so.1+0x24b06e]
#
# Core dump will be written. Default location: Core dumps may be processed with "/usr/share/apport/apport -p%p -s%s -c%c -d%d -P%P -u%u -g%g -- %E" (or dumping to /home/dov/projects/NeighborhoodPIG/core.5298)
#
# If you would like to submit a bug report, please visit:
#   https://bugs.launchpad.net/ubuntu/+source/openjdk-21
# The crash happened outside the Java Virtual Machine in native code.
# See problematic frame for where to report the bug.
#

---------------  S U M M A R Y ------------

Command Line: -Dfile.encoding=UTF-8 -agentlib:jdwp=transport=dt_socket,address=localhost:47915 --module-path=/home/dov/projects/NeighborhoodPIG/build/classes main.NeighborhoodPIG

Host: AMD Ryzen 9 6900HS with Radeon Graphics, 16 cores, 30G, Ubuntu 24.04.1 LTS
Time: Sun Nov  3 07:34:23 2024 IST elapsed time: 11.509928 seconds (0d 0h 0m 11s)

---------------  T H R E A D  ---------------

Current thread (0x000074d2fc01b940):  JavaThread "main"             [_thread_in_native, id=5302, stack(0x000074d302500000,0x000074d302600000) (1024K)]

Stack: [0x000074d302500000,0x000074d302600000],  sp=0x000074d3025fda40,  free space=1014k
Native frames: (J=compiled Java code, j=interpreted, Vv=VM code, C=native code)
C  [libcuda.so.1+0x24b06e]
C  [libcuda.so.1+0x24b5f8]
C  [libcuda.so.1+0x2f19c3]
j  jcuda.driver.JCudaDriver.cuStreamSynchronizeNative(Ljcuda/driver/CUstream;)I+0
j  jcuda.driver.JCudaDriver.cuStreamSynchronize(Ljcuda/driver/CUstream;)I+1
j  JCudaWrapper.resourceManagement.Handle.getStream()Ljcuda/runtime/cudaStream_t;+11
j  JCudaWrapper.array.Array.get(LJCudaWrapper/resourceManagement/Handle;Ljcuda/Pointer;III)V+70
j  JCudaWrapper.array.DArray.get(LJCudaWrapper/resourceManagement/Handle;[DIII)V+22
j  JCudaWrapper.array.DArray.get(LJCudaWrapper/resourceManagement/Handle;II)[D+12
j  JCudaWrapper.array.DArray.get(LJCudaWrapper/resourceManagement/Handle;)[D+7
j  JCudaWrapper.array.DSingleton.getVal(LJCudaWrapper/resourceManagement/Handle;)D+2
j  JCudaWrapper.algebra.Matrix.get(II)D+17
j  JCudaWrapper.algebra.Matrix.toString()Ljava/lang/String;+46
j  java.lang.String.valueOf(Ljava/lang/Object;)Ljava/lang/String;+11 java.base@21.0.4
j  java.lang.StringBuilder.append(Ljava/lang/Object;)Ljava/lang/StringBuilder;+2 java.base@21.0.4
j  JCudaWrapper.algebra.MatricesStride.toString()Ljava/lang/String;+27
v  ~StubRoutines::call_stub 0x000074d2ebc5fcc6
V  [libjvm.so+0x90841a]  JavaCalls::call_helper(JavaValue*, methodHandle const&, JavaCallArguments*, JavaThread*)+0x2da
V  [libjvm.so+0x9aade2]  jni_invoke_nonstatic(JNIEnv_*, JavaValue*, _jobject*, JNICallType, _jmethodID*, JNI_ArgumentPusher*, JavaThread*) [clone .constprop.1]+0x1c2
V  [libjvm.so+0x9ad618]  jni_CallObjectMethodA+0xa8
C  [libjdwp.so+0x200b6]  invoker_doInvoke+0xd36
C  [libjdwp.so+0x17269]  reportEvents.part.0+0xb9
C  [libjdwp.so+0x177c5]  event_callback+0x345
C  [libjdwp.so+0x1ae48]  cbBreakpoint+0xd8
V  [libjvm.so+0xb0ded4]  JvmtiExport::post_raw_breakpoint(JavaThread*, Method*, unsigned char*)+0x234
V  [libjvm.so+0x8fb41d]  InterpreterRuntime::_breakpoint(JavaThread*, Method*, unsigned char*)+0x1d
j  main.StructureTensorMatrix.getRGB()[[[D+18
j  main.NeighborhoodPIG.orientationColored(Ljava/lang/String;)V+4
j  main.NeighborhoodPIG.main([Ljava/lang/String;)V+14
v  ~StubRoutines::call_stub 0x000074d2ebc5fcc6
V  [libjvm.so+0x90841a]  JavaCalls::call_helper(JavaValue*, methodHandle const&, JavaCallArguments*, JavaThread*)+0x2da
V  [libjvm.so+0x9ae72d]  jni_invoke_static(JNIEnv_*, JavaValue*, _jobject*, JNICallType, _jmethodID*, JNI_ArgumentPusher*, JavaThread*) [clone .constprop.1]+0x35d
V  [libjvm.so+0x9b0c7f]  jni_CallStaticVoidMethod+0x12f
C  [libjli.so+0x55be]  JavaMain+0xfde
C  [libjli.so+0x844d]  ThreadJavaMain+0xd
C  [libc.so.6+0x9ca94]
Java frames: (J=compiled Java code, j=interpreted, Vv=VM code)
j  jcuda.driver.JCudaDriver.cuStreamSynchronizeNative(Ljcuda/driver/CUstream;)I+0
j  jcuda.driver.JCudaDriver.cuStreamSynchronize(Ljcuda/driver/CUstream;)I+1
j  JCudaWrapper.resourceManagement.Handle.getStream()Ljcuda/runtime/cudaStream_t;+11
j  JCudaWrapper.array.Array.get(LJCudaWrapper/resourceManagement/Handle;Ljcuda/Pointer;III)V+70
j  JCudaWrapper.array.DArray.get(LJCudaWrapper/resourceManagement/Handle;[DIII)V+22
j  JCudaWrapper.array.DArray.get(LJCudaWrapper/resourceManagement/Handle;II)[D+12
j  JCudaWrapper.array.DArray.get(LJCudaWrapper/resourceManagement/Handle;)[D+7
j  JCudaWrapper.array.DSingleton.getVal(LJCudaWrapper/resourceManagement/Handle;)D+2
j  JCudaWrapper.algebra.Matrix.get(II)D+17
j  JCudaWrapper.algebra.Matrix.toString()Ljava/lang/String;+46
j  java.lang.String.valueOf(Ljava/lang/Object;)Ljava/lang/String;+11 java.base@21.0.4
j  java.lang.StringBuilder.append(Ljava/lang/Object;)Ljava/lang/StringBuilder;+2 java.base@21.0.4
j  JCudaWrapper.algebra.MatricesStride.toString()Ljava/lang/String;+27
v  ~StubRoutines::call_stub 0x000074d2ebc5fcc6
j  main.StructureTensorMatrix.getRGB()[[[D+18
j  main.NeighborhoodPIG.orientationColored(Ljava/lang/String;)V+4
j  main.NeighborhoodPIG.main([Ljava/lang/String;)V+14
v  ~StubRoutines::call_stub 0x000074d2ebc5fcc6

siginfo: si_signo: 11 (SIGSEGV), si_code: 1 (SEGV_MAPERR), si_addr: 0x000074d5b1188248

Registers:
RAX=0x000074d2fc6349b0, RBX=0x000074d3025fdb58, RCX=0x0000000000000002, RDX=0x000074d2fe7c0a30
RSP=0x000074d3025fda40, RBP=0x000074d3025fdaa0, RSI=0x0000000000000000, RDI=0x000074d2fc6349b0
R8 =0x000074d3025fdad8, R9 =0x0000000000000000, R10=0x000074d2fe7c0a30, R11=0x000074d5b1187e60
R12=0x000074d3025fdad8, R13=0x000074d2fc6349b0, R14=0x000074d3025fdc68, R15=0x000074d2fc01b940
RIP=0x000074d2d104b06e, EFLAGS=0x0000000000010206, CSGSFS=0x002b000000000033, ERR=0x0000000000000004
  TRAPNO=0x000000000000000e


Register to memory mapping:

RAX=0x000074d2fc6349b0 points into unknown readable memory: 0x000074d2fc6146d0 | d0 46 61 fc d2 74 00 00
RBX=0x000074d3025fdb58 is pointing into the stack for thread: 0x000074d2fc01b940
RCX=0x0000000000000002 is an unknown value
RDX=0x000074d2fe7c0a30 points into unknown readable memory: 0x000074d2fcf5ba40 | 40 ba f5 fc d2 74 00 00
RSP=0x000074d3025fda40 is pointing into the stack for thread: 0x000074d2fc01b940
RBP=0x000074d3025fdaa0 is pointing into the stack for thread: 0x000074d2fc01b940
RSI=0x0 is null
RDI=0x000074d2fc6349b0 points into unknown readable memory: 0x000074d2fc6146d0 | d0 46 61 fc d2 74 00 00
R8 =0x000074d3025fdad8 is pointing into the stack for thread: 0x000074d2fc01b940
R9 =0x0 is null
R10=0x000074d2fe7c0a30 points into unknown readable memory: 0x000074d2fcf5ba40 | 40 ba f5 fc d2 74 00 00
R11=0x000074d5b1187e60 is an unknown value
R12=0x000074d3025fdad8 is pointing into the stack for thread: 0x000074d2fc01b940
R13=0x000074d2fc6349b0 points into unknown readable memory: 0x000074d2fc6146d0 | d0 46 61 fc d2 74 00 00
R14=0x000074d3025fdc68 is pointing into the stack for thread: 0x000074d2fc01b940
R15=0x000074d2fc01b940 is a thread

Top of Stack: (sp=0x000074d3025fda40)
0x000074d3025fda40:   000074d2fc01b940 000074d3025fdac8
0x000074d3025fda50:   000074d3025fdab0 000074d3039a3f27
0x000074d3025fda60:   0000000000000000 0000000634896cb8
0x000074d3025fda70:   0000000634896c18 000074d3025fdb58
0x000074d3025fda80:   0000000000000000 000074d3025fdb50
0x000074d3025fda90:   000074d3025fdc68 000074d2fc01b940
0x000074d3025fdaa0:   000074d3025fdb10 000074d2d104b5f8
0x000074d3025fdab0:   000074d27040a351 0000000000000004
0x000074d3025fdac0:   000074d27040a858 0000000000000000
0x000074d3025fdad0:   0000000634c055e8 0000000000000000
0x000074d3025fdae0:   0000000000000000 000074d2704e06d0
0x000074d3025fdaf0:   000074d2fe7c0a30 000074d2704e06d0
0x000074d3025fdb00:   000074d3025fdc68 000074d2fc01b940
0x000074d3025fdb10:   000074d3025fdbe0 000074d2d10f19c3
0x000074d3025fdb20:   000074d3025fdc68 000000000000002c
0x000074d3025fdb30:   000003e7000018d2 0000000000000000
0x000074d3025fdb40:   0000000000000000 000074d2fc6349b0
0x000074d3025fdb50:   0000000000000000 0000000000000000
0x000074d3025fdb60:   000074d3025fdbc8 0000000000000000
0x000074d3025fdb70:   0000000000000000 0000000634896ce8
0x000074d3025fdb80:   000074d3025fdb80 000074d270455b72
0x000074d3025fdb90:   0000000000000005 000074d270458000
0x000074d3025fdba0:   0000000000000000 0000000634c7f3e0
0x000074d3025fdbb0:   000074d270455bb0 0000000000000000
0x000074d3025fdbc0:   000074d2fc01bcf8 000074d26e23604a
0x000074d3025fdbd0:   000074d2ebc6789c 0000000000000000
0x000074d3025fdbe0:   000074d3025fdc48 000074d2ebc6eb6d
0x000074d3025fdbf0:   0000000634896ce8 000074d3025fdbf8
0x000074d3025fdc00:   000074d3025fdc00 0000000000000000
0x000074d3025fdc10:   0000000000000004 000074d2704e42f0
0x000074d3025fdc20:   0000000000000000 0000000634849510
0x000074d3025fdc30:   000074d2704e06d0 0000000000000000 

Instructions: (pc=0x000074d2d104b06e)
0x000074d2d104af6e:   f6 c2 10 75 ba 83 e2 08 b8 8a 03 00 00 75 da 48
0x000074d2d104af7e:   8b 59 08 4c 8d 63 08 4c 89 e7 e8 23 3a e9 ff 48
0x000074d2d104af8e:   8b 5b 38 48 85 db 74 2d 66 2e 0f 1f 84 00 00 00
0x000074d2d104af9e:   00 00 48 8b bb e8 03 00 00 48 85 ff 74 0b f6 43
0x000074d2d104afae:   50 04 74 05 e8 c9 9a 29 00 48 8b 9b 58 01 00 00
0x000074d2d104afbe:   48 85 db 75 dd 4c 89 e7 e8 15 35 e9 ff b8 8a 03
0x000074d2d104afce:   00 00 eb 85 66 0f 1f 44 00 00 83 f8 02 ba 91 01
0x000074d2d104afde:   00 00 b8 00 00 00 00 5b 0f 44 c2 41 5c 5d c3 0f
0x000074d2d104afee:   1f 00 e8 8b 9a 29 00 b8 84 03 00 00 e9 58 ff ff
0x000074d2d104affe:   ff 90 55 48 89 e5 41 57 41 56 41 55 49 89 fd 41
0x000074d2d104b00e:   54 4d 89 c4 53 48 83 ec 38 49 c7 00 00 00 00 00
0x000074d2d104b01e:   48 85 f6 0f 84 b9 00 00 00 44 8b 0e 41 ba 00 00
0x000074d2d104b02e:   00 00 48 89 f3 45 85 c9 4c 0f 45 d6 48 83 fa 02
0x000074d2d104b03e:   77 20 48 85 d2 74 5b 48 83 fa 02 0f 85 81 00 00
0x000074d2d104b04e:   00 4d 85 d2 0f 84 a8 00 00 00 41 b8 90 01 00 00
0x000074d2d104b05e:   eb 28 4c 8b 1a 4d 85 db 74 f0 49 39 5b 10 75 ea
0x000074d2d104b06e:   49 83 bb e8 03 00 00 00 75 09 4d 85 ed 0f 85 57
0x000074d2d104b07e:   01 00 00 4d 89 1c 24 45 31 c0 48 8d 65 d8 44 89
0x000074d2d104b08e:   c0 5b 41 5c 41 5d 41 5e 41 5f 5d c3 66 0f 1f 44
0x000074d2d104b09e:   00 00 83 f9 02 0f 84 27 02 00 00 83 f9 03 0f 84
0x000074d2d104b0ae:   06 02 00 00 83 f9 01 0f 84 e5 01 00 00 0f b6 05
0x000074d2d104b0be:   66 ac 91 01 c0 e8 03 83 e0 01 84 c0 0f 85 7f ff
0x000074d2d104b0ce:   ff ff 4d 85 d2 0f 84 ef 00 00 00 4d 8b 5a 68 eb
0x000074d2d104b0de:   84 90 48 83 fa 02 0f 86 6e ff ff ff 4c 8b 1a 4d
0x000074d2d104b0ee:   85 db 0f 85 78 ff ff ff e9 5d ff ff ff 0f 1f 44
0x000074d2d104b0fe:   00 00 4d 8b 5d 18 4d 85 db 74 0d 8b 43 38 41 39
0x000074d2d104b10e:   45 20 0f 84 9f 00 00 00 4c 8d b3 a0 03 00 00 4c
0x000074d2d104b11e:   89 55 a8 4d 8b 7d 10 4c 89 f7 e8 83 38 e9 ff 4c
0x000074d2d104b12e:   8b 9b c8 03 00 00 45 31 c0 4c 89 fe 4c 89 c2 41
0x000074d2d104b13e:   8b 3b 4c 89 5d b0 89 7d b8 e8 14 72 0d 00 4c 8b
0x000074d2d104b14e:   5d b0 48 83 ec 08 8b 7d b8 45 31 c0 41 89 c1 4c
0x000074d2d104b15e:   89 f9 49 8b 53 10 41 8b 73 0c 6a 00 e8 21 ee 2a 


Stack slot to memory mapping:

stack at sp + 0 slots: 0x000074d2fc01b940 is a thread
stack at sp + 1 slots: 0x000074d3025fdac8 is pointing into the stack for thread: 0x000074d2fc01b940
stack at sp + 2 slots: 0x000074d3025fdab0 is pointing into the stack for thread: 0x000074d2fc01b940
stack at sp + 3 slots: 0x000074d3039a3f27: <offset 0x0000000000fa3f27> in /usr/lib/jvm/java-21-openjdk-amd64/lib/server/libjvm.so at 0x000074d302a00000
stack at sp + 4 slots: 0x0 is null
stack at sp + 5 slots: 0x0000000634896cb8 is an oop: java.util.stream.MatchOps$2MatchSink 
{0x0000000634896cb8} - klass: 'java/util/stream/MatchOps$2MatchSink'
 - ---- fields (total size 3 words):
 - 'stop' 'Z' @12  false (0x00)
 - 'value' 'Z' @13  false (0x00)
 - final synthetic 'val$matchKind' 'Ljava/util/stream/MatchOps$MatchKind;' @16  a 'java/util/stream/MatchOps$MatchKind'{0x0000000634e50810} (0xc69ca102)
 - final synthetic 'val$predicate' 'Ljava/util/function/IntPredicate;' @20  a 'JCudaWrapper/array/Array$$Lambda+0x000074d27c00b2f8'{0x0000000634896c78} (0xc6912d8f)
stack at sp + 6 slots: 0x0000000634896c18 is an oop: java.util.Spliterators$IntArraySpliterator 
{0x0000000634896c18} - klass: 'java/util/Spliterators$IntArraySpliterator'
 - ---- fields (total size 5 words):
 - private 'index' 'I' @12  1 (0x00000001)
 - private 'estimatedSize' 'J' @16  -1 (0xffffffffffffffff)
 - private final 'fence' 'I' @24  1 (0x00000001)
 - private final 'characteristics' 'I' @28  17488 (0x00004450)
 - private final 'array' '[I' @32  [I{0x0000000634896c00} (0xc6912d80)
stack at sp + 7 slots: 0x000074d3025fdb58 is pointing into the stack for thread: 0x000074d2fc01b940


---------------  P R O C E S S  ---------------

Threads class SMR info:
_java_thread_list=0x000074d2340015d0, length=15, elements={
0x000074d2fc01b940, 0x000074d2fc139ff0, 0x000074d2fc13b680, 0x000074d2fc13d150,
0x000074d2fc13e7a0, 0x000074d2fc13fd50, 0x000074d2fc141920, 0x000074d2fc142ff0,
0x000074d2fc1622a0, 0x000074d2fc1adeb0, 0x000074d2fc1c55b0, 0x000074d220001110,
0x000074d2fc1c6880, 0x000074d2fd53fd30, 0x000074d2fd570880
}

Java Threads: ( => current thread )
=>0x000074d2fc01b940 JavaThread "main"                              [_thread_in_native, id=5302, stack(0x000074d302500000,0x000074d302600000) (1024K)]
  0x000074d2fc139ff0 JavaThread "Reference Handler"          daemon [_thread_blocked, id=5310, stack(0x000074d2d8df3000,0x000074d2d8ef3000) (1024K)]
  0x000074d2fc13b680 JavaThread "Finalizer"                  daemon [_thread_blocked, id=5311, stack(0x000074d2d8cf3000,0x000074d2d8df3000) (1024K)]
  0x000074d2fc13d150 JavaThread "Signal Dispatcher"          daemon [_thread_blocked, id=5312, stack(0x000074d2d8bf3000,0x000074d2d8cf3000) (1024K)]
  0x000074d2fc13e7a0 JavaThread "Service Thread"             daemon [_thread_blocked, id=5313, stack(0x000074d2d8af3000,0x000074d2d8bf3000) (1024K)]
  0x000074d2fc13fd50 JavaThread "Monitor Deflation Thread"   daemon [_thread_blocked, id=5314, stack(0x000074d2d89f3000,0x000074d2d8af3000) (1024K)]
  0x000074d2fc141920 JavaThread "C2 CompilerThread0"         daemon [_thread_blocked, id=5315, stack(0x000074d2d88f3000,0x000074d2d89f3000) (1024K)]
  0x000074d2fc142ff0 JavaThread "C1 CompilerThread0"         daemon [_thread_blocked, id=5316, stack(0x000074d2d87f3000,0x000074d2d88f3000) (1024K)]
  0x000074d2fc1622a0 JavaThread "Common-Cleaner"             daemon [_thread_blocked, id=5317, stack(0x000074d2d8622000,0x000074d2d8722000) (1024K)]
  0x000074d2fc1adeb0 JavaThread "JDWP Transport Listener: dt_socket" daemon [_thread_blocked, id=5321, stack(0x000074d2d8222000,0x000074d2d8322000) (1024K)]
  0x000074d2fc1c55b0 JavaThread "JDWP Event Helper Thread"   daemon [_thread_blocked, id=5324, stack(0x000074d2d8122000,0x000074d2d8222000) (1024K)]
  0x000074d220001110 JavaThread "JDWP Command Reader"        daemon [_thread_in_native, id=5325, stack(0x000074d2d8022000,0x000074d2d8122000) (1024K)]
  0x000074d2fc1c6880 JavaThread "Notification Thread"        daemon [_thread_blocked, id=5327, stack(0x000074d2d3100000,0x000074d2d3200000) (1024K)]
  0x000074d2fd53fd30 JavaThread "pool-1-thread-1"            daemon [_thread_blocked, id=5334, stack(0x000074d2d8322000,0x000074d2d8422000) (1024K)]
  0x000074d2fd570880 JavaThread "Java2D Disposer"            daemon [_thread_blocked, id=5335, stack(0x000074d2d00d0000,0x000074d2d01d0000) (1024K)]
Total: 15

Other Threads:
  0x000074d2fc12cca0 VMThread "VM Thread"                           [id=5309, stack(0x000074d2d8ef4000,0x000074d2d8ff4000) (1024K)]
  0x000074d2fc112450 WatcherThread "VM Periodic Task Thread"        [id=5308, stack(0x000074d2d8ff5000,0x000074d2d90f5000) (1024K)]
  0x000074d2fc046600 WorkerThread "GC Thread#0"                     [id=5303, stack(0x000074d300500000,0x000074d300600000) (1024K)]
  0x000074d2fc057100 ConcurrentGCThread "G1 Main Marker"            [id=5304, stack(0x000074d3003ff000,0x000074d3004ff000) (1024K)]
  0x000074d2fc0580b0 WorkerThread "G1 Conc#0"                       [id=5305, stack(0x000074d3002fe000,0x000074d3003fe000) (1024K)]
  0x000074d2fc0ffcc0 ConcurrentGCThread "G1 Refine#0"               [id=5306, stack(0x000074d2d91f7000,0x000074d2d92f7000) (1024K)]
  0x000074d2fc100c80 ConcurrentGCThread "G1 Service"                [id=5307, stack(0x000074d2d90f6000,0x000074d2d91f6000) (1024K)]
Total: 7

Threads with active compile tasks:
Total: 0

VM state: not at safepoint (normal execution)

VM Mutex/Monitor currently owned by a thread: None

Heap address: 0x0000000616800000, size: 7832 MB, Compressed Oops mode: Zero based, Oop shift amount: 3

CDS archive(s) mapped at: [0x000074d27b000000-0x000074d27bcae000-0x000074d27bcae000), size 13295616, SharedBaseAddress: 0x000074d27b000000, ArchiveRelocationMode: 1.
Compressed class space mapped at: 0x000074d27c000000-0x000074d2bc000000, reserved size: 1073741824
Narrow klass base: 0x000074d27b000000, Narrow klass shift: 0, Narrow klass range: 0x100000000

GC Precious Log:
 CardTable entry size: 512
 Card Set container configuration: InlinePtr #cards 4 size 8 Array Of Cards #cards 32 size 80 Howl #buckets 8 coarsen threshold 7372 Howl Bitmap #cards 1024 size 144 coarsen threshold 921 Card regions per heap region 1 cards per card region 8192
 CPUs: 16 total, 16 available
 Memory: 31322M
 Large Page Support: Disabled
 NUMA Support: Disabled
 Compressed Oops: Enabled (Zero based)
 Heap Region Size: 4M
 Heap Min Capacity: 8M
 Heap Initial Capacity: 492M
 Heap Max Capacity: 7832M
 Pre-touch: Disabled
 Parallel Workers: 13
 Concurrent Workers: 3
 Concurrent Refinement Workers: 13
 Periodic GC: Disabled

Heap:
 garbage-first heap   total 507904K, used 9246K [0x0000000616800000, 0x0000000800000000)
  region size 4096K, 3 young (12288K), 0 survivors (0K)
 Metaspace       used 3414K, committed 3584K, reserved 1114112K
  class space    used 289K, committed 384K, reserved 1048576K

Heap Regions: E=young(eden), S=young(survivor), O=old, HS=humongous(starts), HC=humongous(continues), CS=collection set, F=free, TAMS=top-at-mark-start, PB=parsable bottom
|   0|0x0000000616800000, 0x0000000616800000, 0x0000000616c00000|  0%| F|  |TAMS 0x0000000616800000| PB 0x0000000616800000| Untracked 
|   1|0x0000000616c00000, 0x0000000616c00000, 0x0000000617000000|  0%| F|  |TAMS 0x0000000616c00000| PB 0x0000000616c00000| Untracked 
|   2|0x0000000617000000, 0x0000000617000000, 0x0000000617400000|  0%| F|  |TAMS 0x0000000617000000| PB 0x0000000617000000| Untracked 
|   3|0x0000000617400000, 0x0000000617400000, 0x0000000617800000|  0%| F|  |TAMS 0x0000000617400000| PB 0x0000000617400000| Untracked 
|   4|0x0000000617800000, 0x0000000617800000, 0x0000000617c00000|  0%| F|  |TAMS 0x0000000617800000| PB 0x0000000617800000| Untracked 
|   5|0x0000000617c00000, 0x0000000617c00000, 0x0000000618000000|  0%| F|  |TAMS 0x0000000617c00000| PB 0x0000000617c00000| Untracked 
|   6|0x0000000618000000, 0x0000000618000000, 0x0000000618400000|  0%| F|  |TAMS 0x0000000618000000| PB 0x0000000618000000| Untracked 
|   7|0x0000000618400000, 0x0000000618400000, 0x0000000618800000|  0%| F|  |TAMS 0x0000000618400000| PB 0x0000000618400000| Untracked 
|   8|0x0000000618800000, 0x0000000618800000, 0x0000000618c00000|  0%| F|  |TAMS 0x0000000618800000| PB 0x0000000618800000| Untracked 
|   9|0x0000000618c00000, 0x0000000618c00000, 0x0000000619000000|  0%| F|  |TAMS 0x0000000618c00000| PB 0x0000000618c00000| Untracked 
|  10|0x0000000619000000, 0x0000000619000000, 0x0000000619400000|  0%| F|  |TAMS 0x0000000619000000| PB 0x0000000619000000| Untracked 
|  11|0x0000000619400000, 0x0000000619400000, 0x0000000619800000|  0%| F|  |TAMS 0x0000000619400000| PB 0x0000000619400000| Untracked 
|  12|0x0000000619800000, 0x0000000619800000, 0x0000000619c00000|  0%| F|  |TAMS 0x0000000619800000| PB 0x0000000619800000| Untracked 
|  13|0x0000000619c00000, 0x0000000619c00000, 0x000000061a000000|  0%| F|  |TAMS 0x0000000619c00000| PB 0x0000000619c00000| Untracked 
|  14|0x000000061a000000, 0x000000061a000000, 0x000000061a400000|  0%| F|  |TAMS 0x000000061a000000| PB 0x000000061a000000| Untracked 
|  15|0x000000061a400000, 0x000000061a400000, 0x000000061a800000|  0%| F|  |TAMS 0x000000061a400000| PB 0x000000061a400000| Untracked 
|  16|0x000000061a800000, 0x000000061a800000, 0x000000061ac00000|  0%| F|  |TAMS 0x000000061a800000| PB 0x000000061a800000| Untracked 
|  17|0x000000061ac00000, 0x000000061ac00000, 0x000000061b000000|  0%| F|  |TAMS 0x000000061ac00000| PB 0x000000061ac00000| Untracked 
|  18|0x000000061b000000, 0x000000061b000000, 0x000000061b400000|  0%| F|  |TAMS 0x000000061b000000| PB 0x000000061b000000| Untracked 
|  19|0x000000061b400000, 0x000000061b400000, 0x000000061b800000|  0%| F|  |TAMS 0x000000061b400000| PB 0x000000061b400000| Untracked 
|  20|0x000000061b800000, 0x000000061b800000, 0x000000061bc00000|  0%| F|  |TAMS 0x000000061b800000| PB 0x000000061b800000| Untracked 
|  21|0x000000061bc00000, 0x000000061bc00000, 0x000000061c000000|  0%| F|  |TAMS 0x000000061bc00000| PB 0x000000061bc00000| Untracked 
|  22|0x000000061c000000, 0x000000061c000000, 0x000000061c400000|  0%| F|  |TAMS 0x000000061c000000| PB 0x000000061c000000| Untracked 
|  23|0x000000061c400000, 0x000000061c400000, 0x000000061c800000|  0%| F|  |TAMS 0x000000061c400000| PB 0x000000061c400000| Untracked 
|  24|0x000000061c800000, 0x000000061c800000, 0x000000061cc00000|  0%| F|  |TAMS 0x000000061c800000| PB 0x000000061c800000| Untracked 
|  25|0x000000061cc00000, 0x000000061cc00000, 0x000000061d000000|  0%| F|  |TAMS 0x000000061cc00000| PB 0x000000061cc00000| Untracked 
|  26|0x000000061d000000, 0x000000061d000000, 0x000000061d400000|  0%| F|  |TAMS 0x000000061d000000| PB 0x000000061d000000| Untracked 
|  27|0x000000061d400000, 0x000000061d400000, 0x000000061d800000|  0%| F|  |TAMS 0x000000061d400000| PB 0x000000061d400000| Untracked 
|  28|0x000000061d800000, 0x000000061d800000, 0x000000061dc00000|  0%| F|  |TAMS 0x000000061d800000| PB 0x000000061d800000| Untracked 
|  29|0x000000061dc00000, 0x000000061dc00000, 0x000000061e000000|  0%| F|  |TAMS 0x000000061dc00000| PB 0x000000061dc00000| Untracked 
|  30|0x000000061e000000, 0x000000061e000000, 0x000000061e400000|  0%| F|  |TAMS 0x000000061e000000| PB 0x000000061e000000| Untracked 
|  31|0x000000061e400000, 0x000000061e400000, 0x000000061e800000|  0%| F|  |TAMS 0x000000061e400000| PB 0x000000061e400000| Untracked 
|  32|0x000000061e800000, 0x000000061e800000, 0x000000061ec00000|  0%| F|  |TAMS 0x000000061e800000| PB 0x000000061e800000| Untracked 
|  33|0x000000061ec00000, 0x000000061ec00000, 0x000000061f000000|  0%| F|  |TAMS 0x000000061ec00000| PB 0x000000061ec00000| Untracked 
|  34|0x000000061f000000, 0x000000061f000000, 0x000000061f400000|  0%| F|  |TAMS 0x000000061f000000| PB 0x000000061f000000| Untracked 
|  35|0x000000061f400000, 0x000000061f400000, 0x000000061f800000|  0%| F|  |TAMS 0x000000061f400000| PB 0x000000061f400000| Untracked 
|  36|0x000000061f800000, 0x000000061f800000, 0x000000061fc00000|  0%| F|  |TAMS 0x000000061f800000| PB 0x000000061f800000| Untracked 
|  37|0x000000061fc00000, 0x000000061fc00000, 0x0000000620000000|  0%| F|  |TAMS 0x000000061fc00000| PB 0x000000061fc00000| Untracked 
|  38|0x0000000620000000, 0x0000000620000000, 0x0000000620400000|  0%| F|  |TAMS 0x0000000620000000| PB 0x0000000620000000| Untracked 
|  39|0x0000000620400000, 0x0000000620400000, 0x0000000620800000|  0%| F|  |TAMS 0x0000000620400000| PB 0x0000000620400000| Untracked 
|  40|0x0000000620800000, 0x0000000620800000, 0x0000000620c00000|  0%| F|  |TAMS 0x0000000620800000| PB 0x0000000620800000| Untracked 
|  41|0x0000000620c00000, 0x0000000620c00000, 0x0000000621000000|  0%| F|  |TAMS 0x0000000620c00000| PB 0x0000000620c00000| Untracked 
|  42|0x0000000621000000, 0x0000000621000000, 0x0000000621400000|  0%| F|  |TAMS 0x0000000621000000| PB 0x0000000621000000| Untracked 
|  43|0x0000000621400000, 0x0000000621400000, 0x0000000621800000|  0%| F|  |TAMS 0x0000000621400000| PB 0x0000000621400000| Untracked 
|  44|0x0000000621800000, 0x0000000621800000, 0x0000000621c00000|  0%| F|  |TAMS 0x0000000621800000| PB 0x0000000621800000| Untracked 
|  45|0x0000000621c00000, 0x0000000621c00000, 0x0000000622000000|  0%| F|  |TAMS 0x0000000621c00000| PB 0x0000000621c00000| Untracked 
|  46|0x0000000622000000, 0x0000000622000000, 0x0000000622400000|  0%| F|  |TAMS 0x0000000622000000| PB 0x0000000622000000| Untracked 
|  47|0x0000000622400000, 0x0000000622400000, 0x0000000622800000|  0%| F|  |TAMS 0x0000000622400000| PB 0x0000000622400000| Untracked 
|  48|0x0000000622800000, 0x0000000622800000, 0x0000000622c00000|  0%| F|  |TAMS 0x0000000622800000| PB 0x0000000622800000| Untracked 
|  49|0x0000000622c00000, 0x0000000622c00000, 0x0000000623000000|  0%| F|  |TAMS 0x0000000622c00000| PB 0x0000000622c00000| Untracked 
|  50|0x0000000623000000, 0x0000000623000000, 0x0000000623400000|  0%| F|  |TAMS 0x0000000623000000| PB 0x0000000623000000| Untracked 
|  51|0x0000000623400000, 0x0000000623400000, 0x0000000623800000|  0%| F|  |TAMS 0x0000000623400000| PB 0x0000000623400000| Untracked 
|  52|0x0000000623800000, 0x0000000623800000, 0x0000000623c00000|  0%| F|  |TAMS 0x0000000623800000| PB 0x0000000623800000| Untracked 
|  53|0x0000000623c00000, 0x0000000623c00000, 0x0000000624000000|  0%| F|  |TAMS 0x0000000623c00000| PB 0x0000000623c00000| Untracked 
|  54|0x0000000624000000, 0x0000000624000000, 0x0000000624400000|  0%| F|  |TAMS 0x0000000624000000| PB 0x0000000624000000| Untracked 
|  55|0x0000000624400000, 0x0000000624400000, 0x0000000624800000|  0%| F|  |TAMS 0x0000000624400000| PB 0x0000000624400000| Untracked 
|  56|0x0000000624800000, 0x0000000624800000, 0x0000000624c00000|  0%| F|  |TAMS 0x0000000624800000| PB 0x0000000624800000| Untracked 
|  57|0x0000000624c00000, 0x0000000624c00000, 0x0000000625000000|  0%| F|  |TAMS 0x0000000624c00000| PB 0x0000000624c00000| Untracked 
|  58|0x0000000625000000, 0x0000000625000000, 0x0000000625400000|  0%| F|  |TAMS 0x0000000625000000| PB 0x0000000625000000| Untracked 
|  59|0x0000000625400000, 0x0000000625400000, 0x0000000625800000|  0%| F|  |TAMS 0x0000000625400000| PB 0x0000000625400000| Untracked 
|  60|0x0000000625800000, 0x0000000625800000, 0x0000000625c00000|  0%| F|  |TAMS 0x0000000625800000| PB 0x0000000625800000| Untracked 
|  61|0x0000000625c00000, 0x0000000625c00000, 0x0000000626000000|  0%| F|  |TAMS 0x0000000625c00000| PB 0x0000000625c00000| Untracked 
|  62|0x0000000626000000, 0x0000000626000000, 0x0000000626400000|  0%| F|  |TAMS 0x0000000626000000| PB 0x0000000626000000| Untracked 
|  63|0x0000000626400000, 0x0000000626400000, 0x0000000626800000|  0%| F|  |TAMS 0x0000000626400000| PB 0x0000000626400000| Untracked 
|  64|0x0000000626800000, 0x0000000626800000, 0x0000000626c00000|  0%| F|  |TAMS 0x0000000626800000| PB 0x0000000626800000| Untracked 
|  65|0x0000000626c00000, 0x0000000626c00000, 0x0000000627000000|  0%| F|  |TAMS 0x0000000626c00000| PB 0x0000000626c00000| Untracked 
|  66|0x0000000627000000, 0x0000000627000000, 0x0000000627400000|  0%| F|  |TAMS 0x0000000627000000| PB 0x0000000627000000| Untracked 
|  67|0x0000000627400000, 0x0000000627400000, 0x0000000627800000|  0%| F|  |TAMS 0x0000000627400000| PB 0x0000000627400000| Untracked 
|  68|0x0000000627800000, 0x0000000627800000, 0x0000000627c00000|  0%| F|  |TAMS 0x0000000627800000| PB 0x0000000627800000| Untracked 
|  69|0x0000000627c00000, 0x0000000627c00000, 0x0000000628000000|  0%| F|  |TAMS 0x0000000627c00000| PB 0x0000000627c00000| Untracked 
|  70|0x0000000628000000, 0x0000000628000000, 0x0000000628400000|  0%| F|  |TAMS 0x0000000628000000| PB 0x0000000628000000| Untracked 
|  71|0x0000000628400000, 0x0000000628400000, 0x0000000628800000|  0%| F|  |TAMS 0x0000000628400000| PB 0x0000000628400000| Untracked 
|  72|0x0000000628800000, 0x0000000628800000, 0x0000000628c00000|  0%| F|  |TAMS 0x0000000628800000| PB 0x0000000628800000| Untracked 
|  73|0x0000000628c00000, 0x0000000628c00000, 0x0000000629000000|  0%| F|  |TAMS 0x0000000628c00000| PB 0x0000000628c00000| Untracked 
|  74|0x0000000629000000, 0x0000000629000000, 0x0000000629400000|  0%| F|  |TAMS 0x0000000629000000| PB 0x0000000629000000| Untracked 
|  75|0x0000000629400000, 0x0000000629400000, 0x0000000629800000|  0%| F|  |TAMS 0x0000000629400000| PB 0x0000000629400000| Untracked 
|  76|0x0000000629800000, 0x0000000629800000, 0x0000000629c00000|  0%| F|  |TAMS 0x0000000629800000| PB 0x0000000629800000| Untracked 
|  77|0x0000000629c00000, 0x0000000629c00000, 0x000000062a000000|  0%| F|  |TAMS 0x0000000629c00000| PB 0x0000000629c00000| Untracked 
|  78|0x000000062a000000, 0x000000062a000000, 0x000000062a400000|  0%| F|  |TAMS 0x000000062a000000| PB 0x000000062a000000| Untracked 
|  79|0x000000062a400000, 0x000000062a400000, 0x000000062a800000|  0%| F|  |TAMS 0x000000062a400000| PB 0x000000062a400000| Untracked 
|  80|0x000000062a800000, 0x000000062a800000, 0x000000062ac00000|  0%| F|  |TAMS 0x000000062a800000| PB 0x000000062a800000| Untracked 
|  81|0x000000062ac00000, 0x000000062ac00000, 0x000000062b000000|  0%| F|  |TAMS 0x000000062ac00000| PB 0x000000062ac00000| Untracked 
|  82|0x000000062b000000, 0x000000062b000000, 0x000000062b400000|  0%| F|  |TAMS 0x000000062b000000| PB 0x000000062b000000| Untracked 
|  83|0x000000062b400000, 0x000000062b400000, 0x000000062b800000|  0%| F|  |TAMS 0x000000062b400000| PB 0x000000062b400000| Untracked 
|  84|0x000000062b800000, 0x000000062b800000, 0x000000062bc00000|  0%| F|  |TAMS 0x000000062b800000| PB 0x000000062b800000| Untracked 
|  85|0x000000062bc00000, 0x000000062bc00000, 0x000000062c000000|  0%| F|  |TAMS 0x000000062bc00000| PB 0x000000062bc00000| Untracked 
|  86|0x000000062c000000, 0x000000062c000000, 0x000000062c400000|  0%| F|  |TAMS 0x000000062c000000| PB 0x000000062c000000| Untracked 
|  87|0x000000062c400000, 0x000000062c400000, 0x000000062c800000|  0%| F|  |TAMS 0x000000062c400000| PB 0x000000062c400000| Untracked 
|  88|0x000000062c800000, 0x000000062c800000, 0x000000062cc00000|  0%| F|  |TAMS 0x000000062c800000| PB 0x000000062c800000| Untracked 
|  89|0x000000062cc00000, 0x000000062cc00000, 0x000000062d000000|  0%| F|  |TAMS 0x000000062cc00000| PB 0x000000062cc00000| Untracked 
|  90|0x000000062d000000, 0x000000062d000000, 0x000000062d400000|  0%| F|  |TAMS 0x000000062d000000| PB 0x000000062d000000| Untracked 
|  91|0x000000062d400000, 0x000000062d400000, 0x000000062d800000|  0%| F|  |TAMS 0x000000062d400000| PB 0x000000062d400000| Untracked 
|  92|0x000000062d800000, 0x000000062d800000, 0x000000062dc00000|  0%| F|  |TAMS 0x000000062d800000| PB 0x000000062d800000| Untracked 
|  93|0x000000062dc00000, 0x000000062dc00000, 0x000000062e000000|  0%| F|  |TAMS 0x000000062dc00000| PB 0x000000062dc00000| Untracked 
|  94|0x000000062e000000, 0x000000062e000000, 0x000000062e400000|  0%| F|  |TAMS 0x000000062e000000| PB 0x000000062e000000| Untracked 
|  95|0x000000062e400000, 0x000000062e400000, 0x000000062e800000|  0%| F|  |TAMS 0x000000062e400000| PB 0x000000062e400000| Untracked 
|  96|0x000000062e800000, 0x000000062e800000, 0x000000062ec00000|  0%| F|  |TAMS 0x000000062e800000| PB 0x000000062e800000| Untracked 
|  97|0x000000062ec00000, 0x000000062ec00000, 0x000000062f000000|  0%| F|  |TAMS 0x000000062ec00000| PB 0x000000062ec00000| Untracked 
|  98|0x000000062f000000, 0x000000062f000000, 0x000000062f400000|  0%| F|  |TAMS 0x000000062f000000| PB 0x000000062f000000| Untracked 
|  99|0x000000062f400000, 0x000000062f400000, 0x000000062f800000|  0%| F|  |TAMS 0x000000062f400000| PB 0x000000062f400000| Untracked 
| 100|0x000000062f800000, 0x000000062f800000, 0x000000062fc00000|  0%| F|  |TAMS 0x000000062f800000| PB 0x000000062f800000| Untracked 
| 101|0x000000062fc00000, 0x000000062fc00000, 0x0000000630000000|  0%| F|  |TAMS 0x000000062fc00000| PB 0x000000062fc00000| Untracked 
| 102|0x0000000630000000, 0x0000000630000000, 0x0000000630400000|  0%| F|  |TAMS 0x0000000630000000| PB 0x0000000630000000| Untracked 
| 103|0x0000000630400000, 0x0000000630400000, 0x0000000630800000|  0%| F|  |TAMS 0x0000000630400000| PB 0x0000000630400000| Untracked 
| 104|0x0000000630800000, 0x0000000630800000, 0x0000000630c00000|  0%| F|  |TAMS 0x0000000630800000| PB 0x0000000630800000| Untracked 
| 105|0x0000000630c00000, 0x0000000630c00000, 0x0000000631000000|  0%| F|  |TAMS 0x0000000630c00000| PB 0x0000000630c00000| Untracked 
| 106|0x0000000631000000, 0x0000000631000000, 0x0000000631400000|  0%| F|  |TAMS 0x0000000631000000| PB 0x0000000631000000| Untracked 
| 107|0x0000000631400000, 0x0000000631400000, 0x0000000631800000|  0%| F|  |TAMS 0x0000000631400000| PB 0x0000000631400000| Untracked 
| 108|0x0000000631800000, 0x0000000631800000, 0x0000000631c00000|  0%| F|  |TAMS 0x0000000631800000| PB 0x0000000631800000| Untracked 
| 109|0x0000000631c00000, 0x0000000631c00000, 0x0000000632000000|  0%| F|  |TAMS 0x0000000631c00000| PB 0x0000000631c00000| Untracked 
| 110|0x0000000632000000, 0x0000000632000000, 0x0000000632400000|  0%| F|  |TAMS 0x0000000632000000| PB 0x0000000632000000| Untracked 
| 111|0x0000000632400000, 0x0000000632400000, 0x0000000632800000|  0%| F|  |TAMS 0x0000000632400000| PB 0x0000000632400000| Untracked 
| 112|0x0000000632800000, 0x0000000632800000, 0x0000000632c00000|  0%| F|  |TAMS 0x0000000632800000| PB 0x0000000632800000| Untracked 
| 113|0x0000000632c00000, 0x0000000632c00000, 0x0000000633000000|  0%| F|  |TAMS 0x0000000632c00000| PB 0x0000000632c00000| Untracked 
| 114|0x0000000633000000, 0x0000000633000000, 0x0000000633400000|  0%| F|  |TAMS 0x0000000633000000| PB 0x0000000633000000| Untracked 
| 115|0x0000000633400000, 0x0000000633400000, 0x0000000633800000|  0%| F|  |TAMS 0x0000000633400000| PB 0x0000000633400000| Untracked 
| 116|0x0000000633800000, 0x0000000633800000, 0x0000000633c00000|  0%| F|  |TAMS 0x0000000633800000| PB 0x0000000633800000| Untracked 
| 117|0x0000000633c00000, 0x0000000633c00000, 0x0000000634000000|  0%| F|  |TAMS 0x0000000633c00000| PB 0x0000000633c00000| Untracked 
| 118|0x0000000634000000, 0x0000000634000000, 0x0000000634400000|  0%| F|  |TAMS 0x0000000634000000| PB 0x0000000634000000| Untracked 
| 119|0x0000000634400000, 0x0000000634400000, 0x0000000634800000|  0%| F|  |TAMS 0x0000000634400000| PB 0x0000000634400000| Untracked 
| 120|0x0000000634800000, 0x00000006348f6648, 0x0000000634c00000| 24%| E|  |TAMS 0x0000000634800000| PB 0x0000000634800000| Complete 
| 121|0x0000000634c00000, 0x0000000635000000, 0x0000000635000000|100%| E|CS|TAMS 0x0000000634c00000| PB 0x0000000634c00000| Complete 
| 122|0x0000000635000000, 0x0000000635400000, 0x0000000635400000|100%| E|CS|TAMS 0x0000000635000000| PB 0x0000000635000000| Complete 
|1957|0x00000007ffc00000, 0x00000007ffd079d8, 0x0000000800000000| 25%| O|  |TAMS 0x00000007ffc00000| PB 0x00000007ffc00000| Untracked 

Card table byte_map: [0x000074d2e3800000,0x000074d2e474c000] _byte_map_base: 0x000074d2e074c000

Marking Bits: (CMBitMap*) 0x000074d2fc047130
 Bits: [0x000074d2dbc00000, 0x000074d2e3660000)

Polling page: 0x000074d304248000

Metaspace:

Usage:
  Non-class:      3.05 MB used.
      Class:    289.82 KB used.
       Both:      3.33 MB used.

Virtual space:
  Non-class space:       64.00 MB reserved,       3.12 MB (  5%) committed,  1 nodes.
      Class space:        1.00 GB reserved,     384.00 KB ( <1%) committed,  1 nodes.
             Both:        1.06 GB reserved,       3.50 MB ( <1%) committed. 

Chunk freelists:
   Non-Class:  11.00 MB
       Class:  15.61 MB
        Both:  26.61 MB

MaxMetaspaceSize: unlimited
CompressedClassSpaceSize: 1.00 GB
Initial GC threshold: 21.00 MB
Current GC threshold: 21.00 MB
CDS: on
 - commit_granule_bytes: 65536.
 - commit_granule_words: 8192.
 - virtual_space_node_default_size: 8388608.
 - enlarge_chunks_in_place: 1.
 - use_allocation_guard: 0.


Internal statistics:

num_allocs_failed_limit: 0.
num_arena_births: 104.
num_arena_deaths: 0.
num_vsnodes_births: 2.
num_vsnodes_deaths: 0.
num_space_committed: 56.
num_space_uncommitted: 0.
num_chunks_returned_to_freelist: 0.
num_chunks_taken_from_freelist: 180.
num_chunk_merges: 0.
num_chunk_splits: 108.
num_chunks_enlarged: 49.
num_inconsistent_stats: 0.

CodeHeap 'non-profiled nmethods': size=119168Kb used=202Kb max_used=202Kb free=118965Kb
 bounds [0x000074d2ec3a0000, 0x000074d2ec610000, 0x000074d2f3800000]
CodeHeap 'profiled nmethods': size=119164Kb used=1065Kb max_used=1065Kb free=118098Kb
 bounds [0x000074d2e4800000, 0x000074d2e4a70000, 0x000074d2ebc5f000]
CodeHeap 'non-nmethods': size=7428Kb used=1567Kb max_used=2702Kb free=5860Kb
 bounds [0x000074d2ebc5f000, 0x000074d2ebf0f000, 0x000074d2ec3a0000]
 total_blobs=1309 nmethods=707 adapters=508
 compilation: enabled
              stopped_count=0, restarted_count=0
 full_count=0

Compilation events (20 events):
Event: 0.349 Thread 0x000074d234001c20  699       3       jdk.internal.loader.BuiltinClassLoader::loadClassOrNull (7 bytes)
Event: 0.349 Thread 0x000074d234001c20 nmethod 699 0x000074d2e4902e90 code [0x000074d2e4903020, 0x000074d2e4903200]
Event: 0.349 Thread 0x000074d234001c20  700       3       java.util.zip.Inflater::ensureOpen (47 bytes)
Event: 0.349 Thread 0x000074d234001c20 nmethod 700 0x000074d2e4903290 code [0x000074d2e4903440, 0x000074d2e49036b0]
Event: 0.349 Thread 0x000074d240077290 nmethod 694 0x000074d2e4903810 code [0x000074d2e4903ae0, 0x000074d2e4904a68]
Event: 0.350 Thread 0x000074d2fc142ff0 nmethod 692 0x000074d2e4905190 code [0x000074d2e49055e0, 0x000074d2e4907c90]
Event: 0.350 Thread 0x000074d234001c20  701       1       jdk.internal.loader.URLClassPath$Loader::getBaseURL (5 bytes)
Event: 0.350 Thread 0x000074d234001c20 nmethod 701 0x000074d2ec3d1d10 code [0x000074d2ec3d1ea0, 0x000074d2ec3d1f68]
Event: 0.351 Thread 0x000074d2fc142ff0  702       3       java.util.jar.JarFile::maybeInstantiateVerifier (42 bytes)
Event: 0.351 Thread 0x000074d2fc142ff0 nmethod 702 0x000074d2e4908e90 code [0x000074d2e4909060, 0x000074d2e49093d0]
Event: 0.351 Thread 0x000074d2fc142ff0  703       1       java.net.URLStreamHandler::getDefaultPort (2 bytes)
Event: 0.351 Thread 0x000074d2fc142ff0 nmethod 703 0x000074d2ec3d2010 code [0x000074d2ec3d21a0, 0x000074d2ec3d2260]
Event: 0.351 Thread 0x000074d234001c20  704       3       jdk.internal.ref.CleanerFactory::cleaner (4 bytes)
Event: 0.351 Thread 0x000074d234001c20 nmethod 704 0x000074d2e4909510 code [0x000074d2e49096a0, 0x000074d2e4909790]
Event: 0.352 Thread 0x000074d2fc141920  705       4       java.lang.invoke.MethodType::parameterCount (6 bytes)
Event: 0.353 Thread 0x000074d2fc141920 nmethod 705 0x000074d2ec3d2310 code [0x000074d2ec3d2480, 0x000074d2ec3d2528]
Event: 0.355 Thread 0x000074d2fc142ff0  707       3       java.lang.String::indexOf (64 bytes)
Event: 0.355 Thread 0x000074d234001c20  708       3       java.lang.StringLatin1::indexOf (25 bytes)
Event: 0.355 Thread 0x000074d234001c20 nmethod 708 0x000074d2e4909810 code [0x000074d2e49099c0, 0x000074d2e4909bd0]
Event: 0.355 Thread 0x000074d2fc142ff0 nmethod 707 0x000074d2e4909c90 code [0x000074d2e4909ea0, 0x000074d2e490a388]

GC Heap History (0 events):
No events

Dll operation events (11 events):
Event: 0.002 Loaded shared library /usr/lib/jvm/java-21-openjdk-amd64/lib/libjava.so
Event: 0.023 Loaded shared library /usr/lib/jvm/java-21-openjdk-amd64/lib/libjsvml.so
Event: 0.025 Loaded shared library /usr/lib/jvm/java-21-openjdk-amd64/lib/libnio.so
Event: 0.091 Loaded shared library /usr/lib/jvm/java-21-openjdk-amd64/lib/libzip.so
Event: 0.117 Loaded shared library /usr/lib/jvm/java-21-openjdk-amd64/lib/libjimage.so
Event: 0.154 Loaded shared library /tmp/libJCublas2-12.0.0-linux-x86_64.so
Event: 0.246 Loaded shared library /tmp/libJCudaRuntime-12.0.0-linux-x86_64.so
Event: 0.262 Loaded shared library /usr/lib/jvm/java-21-openjdk-amd64/lib/libawt.so
Event: 0.265 Loaded shared library /usr/lib/jvm/java-21-openjdk-amd64/lib/libawt_xawt.so
Event: 0.292 Loaded shared library /usr/lib/jvm/java-21-openjdk-amd64/lib/libjavajpeg.so
Event: 0.345 Loaded shared library /tmp/libJCudaDriver-12.0.0-linux-x86_64.so

Deoptimization events (20 events):
Event: 0.257 Thread 0x000074d2fc01b940 DEOPT PACKING pc=0x000074d2ec3afbe0 sp=0x000074d3025fcda0
Event: 0.257 Thread 0x000074d2fc01b940 DEOPT UNPACKING pc=0x000074d2ebcb2f99 sp=0x000074d3025fcd68 mode 2
Event: 0.264 Thread 0x000074d2fc01b940 Uncommon trap: trap_request=0xffffff45 fr.pc=0x000074d2ec3b2f6c relative=0x00000000000001cc
Event: 0.264 Thread 0x000074d2fc01b940 Uncommon trap: reason=unstable_if action=reinterpret pc=0x000074d2ec3b2f6c method=jdk.internal.util.ArraysSupport.vectorizedHashCode(Ljava/lang/Object;IIII)I @ 2 c2
Event: 0.264 Thread 0x000074d2fc01b940 DEOPT PACKING pc=0x000074d2ec3b2f6c sp=0x000074d3025fa820
Event: 0.264 Thread 0x000074d2fc01b940 DEOPT UNPACKING pc=0x000074d2ebcb2f99 sp=0x000074d3025fa810 mode 2
Event: 0.344 Thread 0x000074d2fc01b940 DEOPT PACKING pc=0x000074d2e4816559 sp=0x000074d3025fd060
Event: 0.344 Thread 0x000074d2fc01b940 DEOPT UNPACKING pc=0x000074d2ebcb372f sp=0x000074d3025fc4a0 mode 0
Event: 0.353 Thread 0x000074d2fc01b940 Uncommon trap: trap_request=0xffffffc6 fr.pc=0x000074d2ec3b0c6c relative=0x0000000000000d2c
Event: 0.353 Thread 0x000074d2fc01b940 Uncommon trap: reason=bimorphic_or_optimized_type_check action=maybe_recompile pc=0x000074d2ec3b0c6c method=java.util.HashMap.putVal(ILjava/lang/Object;Ljava/lang/Object;ZZ)Ljava/lang/Object; @ 56 c2
Event: 0.353 Thread 0x000074d2fc01b940 DEOPT PACKING pc=0x000074d2ec3b0c6c sp=0x000074d3025fe4f0
Event: 0.353 Thread 0x000074d2fc01b940 DEOPT UNPACKING pc=0x000074d2ebcb2f99 sp=0x000074d3025fe488 mode 2
Event: 0.356 Thread 0x000074d2fc01b940 Uncommon trap: trap_request=0xffffffc6 fr.pc=0x000074d2ec3b0c6c relative=0x0000000000000d2c
Event: 0.356 Thread 0x000074d2fc01b940 Uncommon trap: reason=bimorphic_or_optimized_type_check action=maybe_recompile pc=0x000074d2ec3b0c6c method=java.util.HashMap.putVal(ILjava/lang/Object;Ljava/lang/Object;ZZ)Ljava/lang/Object; @ 56 c2
Event: 0.356 Thread 0x000074d2fc01b940 DEOPT PACKING pc=0x000074d2ec3b0c6c sp=0x000074d3025fe270
Event: 0.356 Thread 0x000074d2fc01b940 DEOPT UNPACKING pc=0x000074d2ebcb2f99 sp=0x000074d3025fe208 mode 2
Event: 0.357 Thread 0x000074d2fc01b940 Uncommon trap: trap_request=0xffffffc6 fr.pc=0x000074d2ec3b0c6c relative=0x0000000000000d2c
Event: 0.357 Thread 0x000074d2fc01b940 Uncommon trap: reason=bimorphic_or_optimized_type_check action=maybe_recompile pc=0x000074d2ec3b0c6c method=java.util.HashMap.putVal(ILjava/lang/Object;Ljava/lang/Object;ZZ)Ljava/lang/Object; @ 56 c2
Event: 0.357 Thread 0x000074d2fc01b940 DEOPT PACKING pc=0x000074d2ec3b0c6c sp=0x000074d3025fe450
Event: 0.357 Thread 0x000074d2fc01b940 DEOPT UNPACKING pc=0x000074d2ebcb2f99 sp=0x000074d3025fe3e8 mode 2

Classes loaded (20 events):
Event: 0.302 Loading class java/util/stream/MatchOps$MatchKind
Event: 0.302 Loading class java/util/stream/MatchOps$MatchKind done
Event: 0.302 Loading class java/util/stream/MatchOps
Event: 0.302 Loading class java/util/stream/MatchOps done
Event: 0.302 Loading class java/util/stream/MatchOps$MatchOp
Event: 0.302 Loading class java/util/stream/MatchOps$MatchOp done
Event: 0.302 Loading class java/util/stream/MatchOps$BooleanTerminalSink
Event: 0.302 Loading class java/util/stream/MatchOps$BooleanTerminalSink done
Event: 0.302 Loading class java/util/stream/MatchOps$2MatchSink
Event: 0.302 Loading class java/util/stream/MatchOps$2MatchSink done
Event: 0.303 Loading class java/util/stream/MatchOps$1MatchSink
Event: 0.303 Loading class java/util/stream/MatchOps$1MatchSink done
Event: 0.303 Loading class java/nio/HeapDoubleBuffer
Event: 0.303 Loading class java/nio/HeapDoubleBuffer done
Event: 0.327 Loading class java/awt/Dimension
Event: 0.327 Loading class java/awt/geom/Dimension2D
Event: 0.327 Loading class java/awt/geom/Dimension2D done
Event: 0.327 Loading class java/awt/Dimension done
Event: 0.353 Loading class java/nio/HeapIntBuffer
Event: 0.353 Loading class java/nio/HeapIntBuffer done

Classes unloaded (0 events):
No events

Classes redefined (0 events):
No events

Internal exceptions (13 events):
Event: 0.049 Thread 0x000074d2fc01b940 Exception <a 'sun/nio/fs/UnixException'{0x0000000635070ea8}> (0x0000000635070ea8) 
thrown [./src/hotspot/share/prims/jni.cpp, line 520]
Event: 0.049 Thread 0x000074d2fc01b940 Exception <a 'sun/nio/fs/UnixException'{0x00000006350715e8}> (0x00000006350715e8) 
thrown [./src/hotspot/share/prims/jni.cpp, line 520]
Event: 0.049 Thread 0x000074d2fc01b940 Exception <a 'sun/nio/fs/UnixException'{0x0000000635071e18}> (0x0000000635071e18) 
thrown [./src/hotspot/share/prims/jni.cpp, line 520]
Event: 0.049 Thread 0x000074d2fc01b940 Exception <a 'sun/nio/fs/UnixException'{0x0000000635072410}> (0x0000000635072410) 
thrown [./src/hotspot/share/prims/jni.cpp, line 520]
Event: 0.049 Thread 0x000074d2fc01b940 Exception <a 'sun/nio/fs/UnixException'{0x00000006350729e0}> (0x00000006350729e0) 
thrown [./src/hotspot/share/prims/jni.cpp, line 520]
Event: 0.049 Thread 0x000074d2fc01b940 Exception <a 'sun/nio/fs/UnixException'{0x0000000635072fc0}> (0x0000000635072fc0) 
thrown [./src/hotspot/share/prims/jni.cpp, line 520]
Event: 0.049 Thread 0x000074d2fc01b940 Exception <a 'sun/nio/fs/UnixException'{0x0000000635073810}> (0x0000000635073810) 
thrown [./src/hotspot/share/prims/jni.cpp, line 520]
Event: 0.253 Thread 0x000074d2fc01b940 Exception <a 'java/lang/NoSuchMethodError'{0x0000000634cd2998}: 'void java.lang.invoke.DirectMethodHandle$Holder.invokeStatic(java.lang.Object, java.lang.Object)'> (0x0000000634cd2998) 
thrown [./src/hotspot/share/interpreter/linkResolver.cpp, line 772]
Event: 0.257 Thread 0x000074d2fc01b940 Implicit null exception at 0x000074d2ec3afa63 to 0x000074d2ec3afbd0
Event: 0.260 Thread 0x000074d2fc01b940 Exception <a 'java/lang/ClassNotFoundException'{0x0000000634ce7080}: sun/awt/resources/spi/awtProvider> (0x0000000634ce7080) 
thrown [./src/hotspot/share/classfile/systemDictionary.cpp, line 312]
Event: 0.273 Thread 0x000074d2fc01b940 Exception <a 'java/io/FileNotFoundException'{0x0000000634db5040}> (0x0000000634db5040) 
thrown [./src/hotspot/share/prims/jni.cpp, line 520]
Event: 0.306 Thread 0x000074d2fc01b940 Exception <a 'java/lang/NoSuchMethodError'{0x0000000634f61758}: 'java.lang.Object java.lang.invoke.DirectMethodHandle$Holder.invokeStatic(java.lang.Object, java.lang.Object, int)'> (0x0000000634f61758) 
thrown [./src/hotspot/share/interpreter/linkResolver.cpp, line 772]
Event: 0.334 Thread 0x000074d2fc01b940 Exception <a 'java/lang/NoSuchMethodError'{0x0000000634fcf638}: 'java.lang.Object java.lang.invoke.DirectMethodHandle$Holder.newInvokeSpecial(java.lang.Object, java.lang.Object, int)'> (0x0000000634fcf638) 
thrown [./src/hotspot/share/interpreter/linkResolver.cpp, line 772]

ZGC Phase Switch (0 events):
No events

VM Operations (20 events):
Event: 0.102 Executing VM operation: ChangeBreakpoints
Event: 0.102 Executing VM operation: ChangeBreakpoints done
Event: 0.255 Executing VM operation: HandshakeAllThreads (Deoptimize)
Event: 0.255 Executing VM operation: HandshakeAllThreads (Deoptimize) done
Event: 0.258 Executing VM operation: HandshakeAllThreads (Deoptimize)
Event: 0.258 Executing VM operation: HandshakeAllThreads (Deoptimize) done
Event: 0.279 Executing VM operation: ChangeBreakpoints
Event: 0.279 Executing VM operation: ChangeBreakpoints done
Event: 0.279 Executing VM operation: ChangeBreakpoints
Event: 0.279 Executing VM operation: ChangeBreakpoints done
Event: 0.313 Executing VM operation: ChangeBreakpoints
Event: 0.313 Executing VM operation: ChangeBreakpoints done
Event: 0.324 Executing VM operation: ChangeBreakpoints
Event: 0.324 Executing VM operation: ChangeBreakpoints done
Event: 0.353 Executing VM operation: HandshakeAllThreads (Deoptimize)
Event: 0.353 Executing VM operation: HandshakeAllThreads (Deoptimize) done
Event: 1.353 Executing VM operation: Cleanup
Event: 1.353 Executing VM operation: Cleanup done
Event: 2.620 Executing VM operation: get/set locals
Event: 2.620 Executing VM operation: get/set locals done

Memory protections (18 events):
Event: 0.002 Protecting memory [0x000074d302500000,0x000074d302504000] with protection modes 0
Event: 0.022 Protecting memory [0x000074d2d8df3000,0x000074d2d8df7000] with protection modes 0
Event: 0.022 Protecting memory [0x000074d2d8cf3000,0x000074d2d8cf7000] with protection modes 0
Event: 0.022 Protecting memory [0x000074d2d8bf3000,0x000074d2d8bf7000] with protection modes 0
Event: 0.022 Protecting memory [0x000074d2d8af3000,0x000074d2d8af7000] with protection modes 0
Event: 0.022 Protecting memory [0x000074d2d89f3000,0x000074d2d89f7000] with protection modes 0
Event: 0.022 Protecting memory [0x000074d2d88f3000,0x000074d2d88f7000] with protection modes 0
Event: 0.023 Protecting memory [0x000074d2d87f3000,0x000074d2d87f7000] with protection modes 0
Event: 0.039 Protecting memory [0x000074d2d8622000,0x000074d2d8626000] with protection modes 0
Event: 0.046 Protecting memory [0x000074d2d8522000,0x000074d2d8526000] with protection modes 0
Event: 0.053 Protecting memory [0x000074d2d8422000,0x000074d2d8426000] with protection modes 0
Event: 0.056 Protecting memory [0x000074d2d8322000,0x000074d2d8326000] with protection modes 0
Event: 0.061 Protecting memory [0x000074d2d8222000,0x000074d2d8226000] with protection modes 0
Event: 0.061 Protecting memory [0x000074d2d8122000,0x000074d2d8126000] with protection modes 0
Event: 0.061 Protecting memory [0x000074d2d8022000,0x000074d2d8026000] with protection modes 0
Event: 0.086 Protecting memory [0x000074d2d3100000,0x000074d2d3104000] with protection modes 0
Event: 0.254 Protecting memory [0x000074d2d8322000,0x000074d2d8326000] with protection modes 0
Event: 0.291 Protecting memory [0x000074d2d00d0000,0x000074d2d00d4000] with protection modes 0

Nmethod flushes (0 events):
No events

Events (20 events):
Event: 0.022 Thread 0x000074d2fc01b940 Thread added: 0x000074d2fc139ff0
Event: 0.022 Thread 0x000074d2fc01b940 Thread added: 0x000074d2fc13b680
Event: 0.022 Thread 0x000074d2fc01b940 Thread added: 0x000074d2fc13d150
Event: 0.022 Thread 0x000074d2fc01b940 Thread added: 0x000074d2fc13e7a0
Event: 0.022 Thread 0x000074d2fc01b940 Thread added: 0x000074d2fc13fd50
Event: 0.022 Thread 0x000074d2fc01b940 Thread added: 0x000074d2fc141920
Event: 0.023 Thread 0x000074d2fc01b940 Thread added: 0x000074d2fc142ff0
Event: 0.039 Thread 0x000074d2fc01b940 Thread added: 0x000074d2fc1622a0
Event: 0.046 Thread 0x000074d2fc142ff0 Thread added: 0x000074d240077290
Event: 0.053 Thread 0x000074d240077290 Thread added: 0x000074d234001c20
Event: 0.056 Thread 0x000074d2fc141920 Thread added: 0x000074d24407ff30
Event: 0.061 Thread 0x000074d2fc01b940 Thread added: 0x000074d2fc1adeb0
Event: 0.061 Thread 0x000074d2fc01b940 Thread added: 0x000074d2fc1c55b0
Event: 0.061 Thread 0x000074d2fc1adeb0 Thread added: 0x000074d220001110
Event: 0.086 Thread 0x000074d2fc01b940 Thread added: 0x000074d2fc1c6880
Event: 0.244 Thread 0x000074d24407ff30 Thread exited: 0x000074d24407ff30
Event: 0.254 Thread 0x000074d2fc01b940 Thread added: 0x000074d2fd53fd30
Event: 0.291 Thread 0x000074d2fc01b940 Thread added: 0x000074d2fd570880
Event: 5.355 Thread 0x000074d234001c20 Thread exited: 0x000074d234001c20
Event: 10.356 Thread 0x000074d240077290 Thread exited: 0x000074d240077290


Dynamic libraries:
200000000-200200000 ---p 00000000 00:00 0 
200200000-200400000 rw-s 00000000 00:05 1111                             /dev/nvidia0
200400000-203400000 rw-s 00000000 00:05 1110                             /dev/nvidiactl
203400000-204400000 ---p 00000000 00:00 0 
204400000-204600000 rw-s 00000000 00:05 1110                             /dev/nvidiactl
204600000-204800000 rw-s 00000000 00:05 1110                             /dev/nvidiactl
204800000-204a00000 rw-s 00000000 00:05 1110                             /dev/nvidiactl
204a00000-204c00000 rw-s 204a00000 00:05 1112                            /dev/nvidia-uvm
204c00000-204e00000 rw-s 00000000 00:05 1110                             /dev/nvidiactl
204e00000-205000000 ---p 00000000 00:00 0 
205000000-205200000 rw-s 00000000 00:05 1110                             /dev/nvidiactl
205200000-300200000 ---p 00000000 00:00 0 
616800000-635400000 rw-p 00000000 00:00 0 
635400000-7ffc00000 ---p 00000000 00:00 0 
7ffc00000-7ffd08000 rw-p 00ced000 103:02 17172987                        /usr/lib/jvm/java-21-openjdk-amd64/lib/server/classes.jsa
7ffd08000-800000000 rw-p 00000000 00:00 0 
10000000000-10004000000 ---p 00000000 00:00 0 
63d3518ac000-63d3518ad000 r--p 00000000 103:02 17172834                  /usr/lib/jvm/java-21-openjdk-amd64/bin/java
63d3518ad000-63d3518ae000 r-xp 00001000 103:02 17172834                  /usr/lib/jvm/java-21-openjdk-amd64/bin/java
63d3518ae000-63d3518af000 r--p 00002000 103:02 17172834                  /usr/lib/jvm/java-21-openjdk-amd64/bin/java
63d3518af000-63d3518b0000 r--p 00002000 103:02 17172834                  /usr/lib/jvm/java-21-openjdk-amd64/bin/java
63d3518b0000-63d3518b1000 rw-p 00003000 103:02 17172834                  /usr/lib/jvm/java-21-openjdk-amd64/bin/java
63d3534da000-63d353522000 rw-p 00000000 00:00 0                          [heap]
74d1ac000000-74d1ac021000 rw-p 00000000 00:00 0 
74d1ac021000-74d1b0000000 ---p 00000000 00:00 0 
74d1b2000000-74d1ba000000 ---p 00000000 00:00 0 
74d1bc000000-74d1be000000 ---p 00000000 00:00 0 
74d1c0000000-74d1d0000000 ---p 00000000 00:00 0 
74d1d4000000-74d1d4400000 ---p 00000000 00:00 0 
74d1d4400000-74d1d4600000 rw-s 00000000 00:05 1110                       /dev/nvidiactl
74d1d4600000-74d1d4800000 rw-s 00000000 00:01 12315                      /dev/zero (deleted)
74d1d4800000-74d1d4a00000 rw-s 00000000 00:01 12316                      /dev/zero (deleted)
74d1d4a00000-74d1d5000000 ---p 00000000 00:00 0 
74d1d5000000-74d1d5200000 rw-s 00000000 00:05 1110                       /dev/nvidiactl
74d1d5200000-74d1d5400000 ---p 00000000 00:00 0 
74d1d5400000-74d1d5600000 rw-s 00000000 00:01 12318                      /dev/zero (deleted)
74d1d5600000-74d1d5b33000 rw-s 00000000 00:05 1110                       /dev/nvidiactl
74d1d5b33000-74d1d6000000 ---p 00000000 00:00 0 
74d1d8000000-74d1d8021000 rw-p 00000000 00:00 0 
74d1d8021000-74d1dc000000 ---p 00000000 00:00 0 
74d1de000000-74d1e4000000 ---p 00000000 00:00 0 
74d1e4000000-74d1e4021000 rw-p 00000000 00:00 0 
74d1e4021000-74d1e8000000 ---p 00000000 00:00 0 
74d1e8200000-74d205463000 r-xp 00000000 103:02 16524125                  /usr/lib/x86_64-linux-gnu/libcublasLt.so.12.0.2.224
74d205463000-74d205663000 ---p 1d263000 103:02 16524125                  /usr/lib/x86_64-linux-gnu/libcublasLt.so.12.0.2.224
74d205663000-74d205893000 r--p 1d263000 103:02 16524125                  /usr/lib/x86_64-linux-gnu/libcublasLt.so.12.0.2.224
74d205893000-74d206827000 rw-p 1d493000 103:02 16524125                  /usr/lib/x86_64-linux-gnu/libcublasLt.so.12.0.2.224
74d206827000-74d20900f000 rw-p 00000000 00:00 0 
74d209400000-74d20fa67000 r-xp 00000000 103:02 16524127                  /usr/lib/x86_64-linux-gnu/libcublas.so.12.0.2.224
74d20fa67000-74d20fc67000 ---p 06667000 103:02 16524127                  /usr/lib/x86_64-linux-gnu/libcublas.so.12.0.2.224
74d20fc67000-74d20fc6e000 r--p 06667000 103:02 16524127                  /usr/lib/x86_64-linux-gnu/libcublas.so.12.0.2.224
74d20fc6e000-74d20fc75000 rw-p 0666e000 103:02 16524127                  /usr/lib/x86_64-linux-gnu/libcublas.so.12.0.2.224
74d20fc75000-74d20fc7d000 rw-p 00000000 00:00 0 
74d210000000-74d210021000 rw-p 00000000 00:00 0 
74d210021000-74d214000000 ---p 00000000 00:00 0 
74d214000000-74d214021000 rw-p 00000000 00:00 0 
74d214021000-74d218000000 ---p 00000000 00:00 0 
74d21c000000-74d21c021000 rw-p 00000000 00:00 0 
74d21c021000-74d220000000 ---p 00000000 00:00 0 
74d220000000-74d220021000 rw-p 00000000 00:00 0 
74d220021000-74d224000000 ---p 00000000 00:00 0 
74d228000000-74d228054000 rw-p 00000000 00:00 0 
74d228054000-74d22c000000 ---p 00000000 00:00 0 
74d22c000000-74d22c08b000 rw-p 00000000 00:00 0 
74d22c08b000-74d230000000 ---p 00000000 00:00 0 
74d234000000-74d23406e000 rw-p 00000000 00:00 0 
74d23406e000-74d238000000 ---p 00000000 00:00 0 
74d238000000-74d238021000 rw-p 00000000 00:00 0 
74d238021000-74d23c000000 ---p 00000000 00:00 0 
74d240000000-74d2400fe000 rw-p 00000000 00:00 0 
74d2400fe000-74d244000000 ---p 00000000 00:00 0 
74d244000000-74d2440e3000 rw-p 00000000 00:00 0 
74d2440e3000-74d248000000 ---p 00000000 00:00 0 
74d24c000000-74d24c021000 rw-p 00000000 00:00 0 
74d24c021000-74d250000000 ---p 00000000 00:00 0 
74d250000000-74d250021000 rw-p 00000000 00:00 0 
74d250021000-74d254000000 ---p 00000000 00:00 0 
74d258000000-74d258021000 rw-p 00000000 00:00 0 
74d258021000-74d25c000000 ---p 00000000 00:00 0 
74d25c000000-74d25c021000 rw-p 00000000 00:00 0 
74d25c021000-74d260000000 ---p 00000000 00:00 0 
74d264000000-74d264021000 rw-p 00000000 00:00 0 
74d264021000-74d268000000 ---p 00000000 00:00 0 
74d268000000-74d268021000 rw-p 00000000 00:00 0 
74d268021000-74d26c000000 ---p 00000000 00:00 0 
74d26e200000-74d26e2e4000 r-xp 00000000 103:02 18219055                  /tmp/libJCudaDriver-12.0.0-linux-x86_64.so
74d26e2e4000-74d26e4e4000 ---p 000e4000 103:02 18219055                  /tmp/libJCudaDriver-12.0.0-linux-x86_64.so
74d26e4e4000-74d26e4e9000 r--p 000e4000 103:02 18219055                  /tmp/libJCudaDriver-12.0.0-linux-x86_64.so
74d26e4e9000-74d26e4eb000 rw-p 000e9000 103:02 18219055                  /tmp/libJCudaDriver-12.0.0-linux-x86_64.so
74d26e4eb000-74d26e4ed000 rw-p 00000000 00:00 0 
74d26e800000-74d26e8c7000 r-xp 00000000 103:02 18219052                  /tmp/libJCudaRuntime-12.0.0-linux-x86_64.so
74d26e8c7000-74d26eac7000 ---p 000c7000 103:02 18219052                  /tmp/libJCudaRuntime-12.0.0-linux-x86_64.so
74d26eac7000-74d26eacc000 r--p 000c7000 103:02 18219052                  /tmp/libJCudaRuntime-12.0.0-linux-x86_64.so
74d26eacc000-74d26eacd000 rw-p 000cc000 103:02 18219052                  /tmp/libJCudaRuntime-12.0.0-linux-x86_64.so
74d26eacd000-74d26eacf000 rw-p 00000000 00:00 0 
74d26ee00000-74d26ee01000 rw-s 00000000 00:05 1110                       /dev/nvidiactl
74d26ee01000-74d26ee02000 rw-s 00000000 00:05 1110                       /dev/nvidiactl
74d26ee02000-74d26ee03000 rw-s 00000000 00:05 1110                       /dev/nvidiactl
74d26ee03000-74d26ee04000 rw-s 00000000 00:05 1110                       /dev/nvidiactl
74d26ee04000-74d26ee05000 rw-s 00000000 00:05 1110                       /dev/nvidiactl
74d26ee05000-74d26ee06000 rw-s 00000000 00:05 1110                       /dev/nvidiactl
74d26ee06000-74d26ee07000 rw-s 00000000 00:05 1110                       /dev/nvidiactl
74d26ee07000-74d26ee08000 rw-s 00000000 00:05 1110                       /dev/nvidiactl
74d26ee08000-74d26ee09000 rw-s 00000000 00:05 1110                       /dev/nvidiactl
74d26ee09000-74d26ee0a000 rw-s 00000000 00:05 1110                       /dev/nvidiactl
74d26ee0a000-74d26ee0b000 rw-s 00000000 00:05 1110                       /dev/nvidiactl
74d26ee0b000-74d26ee0c000 rw-s 00000000 00:05 1110                       /dev/nvidiactl
74d26ee0c000-74d26ee0d000 rw-s 00000000 00:05 1110                       /dev/nvidiactl
74d26ee0d000-74d26ee0e000 rw-s 00000000 00:05 1110                       /dev/nvidiactl
74d26ee0e000-74d26ee0f000 rw-s 00000000 00:05 1110                       /dev/nvidiactl
74d26ee0f000-74d26ee10000 rw-s 00000000 00:05 1110                       /dev/nvidiactl
74d26ee10000-74d26fe21000 ---p 00000000 00:00 0 
74d270000000-74d270220000 rw-p 00000000 00:00 0 
74d270220000-74d270400000 ---p 00000000 00:00 0 
74d270400000-74d270500000 rw-p 00000000 00:00 0 
74d270500000-74d274000000 ---p 00000000 00:00 0 
74d274000000-74d274021000 rw-p 00000000 00:00 0 
74d274021000-74d278000000 ---p 00000000 00:00 0 
74d278200000-74d2784dc000 rw-p 00000000 00:00 0 
74d278600000-74d278601000 ---p 00000000 00:00 0 
74d278601000-74d278e01000 rw-p 00000000 00:00 0 
74d279000000-74d279001000 ---p 00000000 00:00 0 
74d279001000-74d279801000 rw-p 00000000 00:00 0 
74d279a00000-74d27aa21000 ---p 00000000 00:00 0 
74d27ac00000-74d27ae5a000 rw-p 00000000 00:00 0 
74d27b000000-74d27bcae000 rw-p 00001000 103:02 17172987                  /usr/lib/jvm/java-21-openjdk-amd64/lib/server/classes.jsa
74d27bcae000-74d27c000000 ---p 00000000 00:00 0 
74d27c000000-74d27c030000 rw-p 00000000 00:00 0 
74d27c030000-74d27c040000 ---p 00000000 00:00 0 
74d27c040000-74d27c070000 rw-p 00000000 00:00 0 
74d27c070000-74d2bc000000 ---p 00000000 00:00 0 
74d2bc000000-74d2bc021000 rw-p 00000000 00:00 0 
74d2bc021000-74d2c0000000 ---p 00000000 00:00 0 
74d2c0000000-74d2c0021000 rw-p 00000000 00:00 0 
74d2c0021000-74d2c4000000 ---p 00000000 00:00 0 
74d2c4400000-74d2c717c000 r-xp 00000000 103:02 16526206                  /usr/lib/x86_64-linux-gnu/libnvrtc.so.12.0.140
74d2c717c000-74d2c737c000 ---p 02d7c000 103:02 16526206                  /usr/lib/x86_64-linux-gnu/libnvrtc.so.12.0.140
74d2c737c000-74d2c7a4f000 r--p 02d7c000 103:02 16526206                  /usr/lib/x86_64-linux-gnu/libnvrtc.so.12.0.140
74d2c7a4f000-74d2c7b1b000 rw-p 0344f000 103:02 16526206                  /usr/lib/x86_64-linux-gnu/libnvrtc.so.12.0.140
74d2c7b1b000-74d2c7c1c000 rw-p 00000000 00:00 0 
74d2c8000000-74d2c8021000 rw-p 00000000 00:00 0 
74d2c8021000-74d2cc000000 ---p 00000000 00:00 0 
74d2cc000000-74d2cc021000 rw-p 00000000 00:00 0 
74d2cc021000-74d2d0000000 ---p 00000000 00:00 0 
74d2d00d0000-74d2d00d4000 ---p 00000000 00:00 0 
74d2d00d4000-74d2d01d0000 rw-p 00000000 00:00 0 
74d2d01d0000-74d2d01e9000 r--p 00000000 103:02 16530316                  /usr/lib/x86_64-linux-gnu/libX11.so.6.4.0
74d2d01e9000-74d2d0279000 r-xp 00019000 103:02 16530316                  /usr/lib/x86_64-linux-gnu/libX11.so.6.4.0
74d2d0279000-74d2d0308000 r--p 000a9000 103:02 16530316                  /usr/lib/x86_64-linux-gnu/libX11.so.6.4.0
74d2d0308000-74d2d0309000 r--p 00138000 103:02 16530316                  /usr/lib/x86_64-linux-gnu/libX11.so.6.4.0
74d2d0309000-74d2d030d000 rw-p 00139000 103:02 16530316                  /usr/lib/x86_64-linux-gnu/libX11.so.6.4.0
74d2d030d000-74d2d032b000 r--p 00000000 103:02 17172951                  /usr/lib/jvm/java-21-openjdk-amd64/lib/libawt.so
74d2d032b000-74d2d03c2000 r-xp 0001e000 103:02 17172951                  /usr/lib/jvm/java-21-openjdk-amd64/lib/libawt.so
74d2d03c2000-74d2d03cf000 r--p 000b5000 103:02 17172951                  /usr/lib/jvm/java-21-openjdk-amd64/lib/libawt.so
74d2d03cf000-74d2d03d0000 r--p 000c1000 103:02 17172951                  /usr/lib/jvm/java-21-openjdk-amd64/lib/libawt.so
74d2d03d0000-74d2d03db000 rw-p 000c2000 103:02 17172951                  /usr/lib/jvm/java-21-openjdk-amd64/lib/libawt.so
74d2d03db000-74d2d0400000 rw-p 00000000 00:00 0 
74d2d0400000-74d2d0401000 ---p 00000000 00:00 0 
74d2d0401000-74d2d0c01000 rw-p 00000000 00:00 0 
74d2d0c3b000-74d2d0c3f000 r--p 00000000 103:02 16530777                  /usr/lib/x86_64-linux-gnu/libjpeg.so.8.2.2
74d2d0c3f000-74d2d0c8c000 r-xp 00004000 103:02 16530777                  /usr/lib/x86_64-linux-gnu/libjpeg.so.8.2.2
74d2d0c8c000-74d2d0cbc000 r--p 00051000 103:02 16530777                  /usr/lib/x86_64-linux-gnu/libjpeg.so.8.2.2
74d2d0cbc000-74d2d0cbd000 r--p 00081000 103:02 16530777                  /usr/lib/x86_64-linux-gnu/libjpeg.so.8.2.2
74d2d0cbd000-74d2d0cbe000 rw-p 00082000 103:02 16530777                  /usr/lib/x86_64-linux-gnu/libjpeg.so.8.2.2
74d2d0cbe000-74d2d0e00000 rw-p 00000000 00:00 0 
74d2d0e00000-74d2d0ede000 r--p 00000000 103:02 16552573                  /usr/lib/x86_64-linux-gnu/libcuda.so.550.107.02
74d2d0ede000-74d2d13b3000 r-xp 000de000 103:02 16552573                  /usr/lib/x86_64-linux-gnu/libcuda.so.550.107.02
74d2d13b3000-74d2d284e000 r--p 005b3000 103:02 16552573                  /usr/lib/x86_64-linux-gnu/libcuda.so.550.107.02
74d2d284e000-74d2d284f000 ---p 01a4e000 103:02 16552573                  /usr/lib/x86_64-linux-gnu/libcuda.so.550.107.02
74d2d284f000-74d2d2867000 r--p 01a4e000 103:02 16552573                  /usr/lib/x86_64-linux-gnu/libcuda.so.550.107.02
74d2d2867000-74d2d2962000 rw-p 01a66000 103:02 16552573                  /usr/lib/x86_64-linux-gnu/libcuda.so.550.107.02
74d2d2962000-74d2d29cb000 rw-p 00000000 00:00 0 
74d2d2a00000-74d2d2b38000 r-xp 00000000 103:02 18219051                  /tmp/libJCublas2-12.0.0-linux-x86_64.so
74d2d2b38000-74d2d2d38000 ---p 00138000 103:02 18219051                  /tmp/libJCublas2-12.0.0-linux-x86_64.so
74d2d2d38000-74d2d2d3d000 r--p 00138000 103:02 18219051                  /tmp/libJCublas2-12.0.0-linux-x86_64.so
74d2d2d3d000-74d2d2d3f000 rw-p 0013d000 103:02 18219051                  /tmp/libJCublas2-12.0.0-linux-x86_64.so
74d2d2d3f000-74d2d2d41000 rw-p 00000000 00:00 0 
74d2d2d45000-74d2d2d49000 r--p 00000000 103:02 16530470                  /usr/lib/x86_64-linux-gnu/libbsd.so.0.12.1
74d2d2d49000-74d2d2d55000 r-xp 00004000 103:02 16530470                  /usr/lib/x86_64-linux-gnu/libbsd.so.0.12.1
74d2d2d55000-74d2d2d58000 r--p 00010000 103:02 16530470                  /usr/lib/x86_64-linux-gnu/libbsd.so.0.12.1
74d2d2d58000-74d2d2d59000 r--p 00012000 103:02 16530470                  /usr/lib/x86_64-linux-gnu/libbsd.so.0.12.1
74d2d2d59000-74d2d2d5a000 rw-p 00013000 103:02 16530470                  /usr/lib/x86_64-linux-gnu/libbsd.so.0.12.1
74d2d2d5a000-74d2d2d5b000 rw-p 00000000 00:00 0 
74d2d2d5b000-74d2d2d66000 r--p 00000000 103:02 16531187                  /usr/lib/x86_64-linux-gnu/libxcb.so.1.1.0
74d2d2d66000-74d2d2d79000 r-xp 0000b000 103:02 16531187                  /usr/lib/x86_64-linux-gnu/libxcb.so.1.1.0
74d2d2d79000-74d2d2d82000 r--p 0001e000 103:02 16531187                  /usr/lib/x86_64-linux-gnu/libxcb.so.1.1.0
74d2d2d82000-74d2d2d83000 r--p 00026000 103:02 16531187                  /usr/lib/x86_64-linux-gnu/libxcb.so.1.1.0
74d2d2d83000-74d2d2d84000 rw-p 00027000 103:02 16531187                  /usr/lib/x86_64-linux-gnu/libxcb.so.1.1.0
74d2d2d84000-74d2d2d96000 r--p 00000000 103:02 17173114                  /usr/lib/jvm/java-21-openjdk-amd64/lib/libawt_xawt.so
74d2d2d96000-74d2d2ddd000 r-xp 00012000 103:02 17173114                  /usr/lib/jvm/java-21-openjdk-amd64/lib/libawt_xawt.so
74d2d2ddd000-74d2d2df5000 r--p 00059000 103:02 17173114                  /usr/lib/jvm/java-21-openjdk-amd64/lib/libawt_xawt.so
74d2d2df5000-74d2d2dfa000 r--p 00070000 103:02 17173114                  /usr/lib/jvm/java-21-openjdk-amd64/lib/libawt_xawt.so
74d2d2dfa000-74d2d2dfc000 rw-p 00075000 103:02 17173114                  /usr/lib/jvm/java-21-openjdk-amd64/lib/libawt_xawt.so
74d2d2dfc000-74d2d2dfe000 rw-p 00000000 00:00 0 
74d2d2dfe000-74d2d2ffe000 rw-s 00000000 00:01 12317                      /dev/zero (deleted)
74d2d2ffe000-74d2d3100000 rw-p 00000000 00:00 0 
74d2d3100000-74d2d3104000 ---p 00000000 00:00 0 
74d2d3104000-74d2d3200000 rw-p 00000000 00:00 0 
74d2d3200000-74d2d3fec000 r--p 00000000 103:02 16521112                  /usr/lib/locale/locale-archive
74d2d3ff1000-74d2d3ff3000 r--p 00000000 103:02 16530828                  /usr/lib/x86_64-linux-gnu/libmd.so.0.1.0
74d2d3ff3000-74d2d3ffc000 r-xp 00002000 103:02 16530828                  /usr/lib/x86_64-linux-gnu/libmd.so.0.1.0
74d2d3ffc000-74d2d3ffe000 r--p 0000b000 103:02 16530828                  /usr/lib/x86_64-linux-gnu/libmd.so.0.1.0
74d2d3ffe000-74d2d3fff000 r--p 0000c000 103:02 16530828                  /usr/lib/x86_64-linux-gnu/libmd.so.0.1.0
74d2d3fff000-74d2d4000000 rw-p 0000d000 103:02 16530828                  /usr/lib/x86_64-linux-gnu/libmd.so.0.1.0
74d2d4000000-74d2d4021000 rw-p 00000000 00:00 0 
74d2d4021000-74d2d8000000 ---p 00000000 00:00 0 
74d2d800e000-74d2d8012000 r--p 00000000 103:02 16530324                  /usr/lib/x86_64-linux-gnu/libXext.so.6.4.0
74d2d8012000-74d2d801d000 r-xp 00004000 103:02 16530324                  /usr/lib/x86_64-linux-gnu/libXext.so.6.4.0
74d2d801d000-74d2d8020000 r--p 0000f000 103:02 16530324                  /usr/lib/x86_64-linux-gnu/libXext.so.6.4.0
74d2d8020000-74d2d8021000 r--p 00011000 103:02 16530324                  /usr/lib/x86_64-linux-gnu/libXext.so.6.4.0
74d2d8021000-74d2d8022000 rw-p 00012000 103:02 16530324                  /usr/lib/x86_64-linux-gnu/libXext.so.6.4.0
74d2d8022000-74d2d8026000 ---p 00000000 00:00 0 
74d2d8026000-74d2d8122000 rw-p 00000000 00:00 0 
74d2d8122000-74d2d8126000 ---p 00000000 00:00 0 
74d2d8126000-74d2d8222000 rw-p 00000000 00:00 0 
74d2d8222000-74d2d8226000 ---p 00000000 00:00 0 
74d2d8226000-74d2d8322000 rw-p 00000000 00:00 0 
74d2d8322000-74d2d8326000 ---p 00000000 00:00 0 
74d2d8326000-74d2d8422000 rw-p 00000000 00:00 0 
74d2d8422000-74d2d8426000 ---p 00000000 00:00 0 
74d2d8426000-74d2d8522000 rw-p 00000000 00:00 0 
74d2d8522000-74d2d8526000 ---p 00000000 00:00 0 
74d2d8526000-74d2d8622000 rw-p 00000000 00:00 0 
74d2d8622000-74d2d8626000 ---p 00000000 00:00 0 
74d2d8626000-74d2d8722000 rw-p 00000000 00:00 0 
74d2d8722000-74d2d8727000 r--p 00000000 103:02 17172968                  /usr/lib/jvm/java-21-openjdk-amd64/lib/libjsvml.so
74d2d8727000-74d2d8768000 r-xp 00005000 103:02 17172968                  /usr/lib/jvm/java-21-openjdk-amd64/lib/libjsvml.so
74d2d8768000-74d2d87f1000 r--p 00046000 103:02 17172968                  /usr/lib/jvm/java-21-openjdk-amd64/lib/libjsvml.so
74d2d87f1000-74d2d87f2000 r--p 000ce000 103:02 17172968                  /usr/lib/jvm/java-21-openjdk-amd64/lib/libjsvml.so
74d2d87f2000-74d2d87f3000 rw-p 000cf000 103:02 17172968                  /usr/lib/jvm/java-21-openjdk-amd64/lib/libjsvml.so
74d2d87f3000-74d2d87f7000 ---p 00000000 00:00 0 
74d2d87f7000-74d2d88f3000 rw-p 00000000 00:00 0 
74d2d88f3000-74d2d88f7000 ---p 00000000 00:00 0 
74d2d88f7000-74d2d89f3000 rw-p 00000000 00:00 0 
74d2d89f3000-74d2d89f7000 ---p 00000000 00:00 0 
74d2d89f7000-74d2d8af3000 rw-p 00000000 00:00 0 
74d2d8af3000-74d2d8af7000 ---p 00000000 00:00 0 
74d2d8af7000-74d2d8bf3000 rw-p 00000000 00:00 0 
74d2d8bf3000-74d2d8bf7000 ---p 00000000 00:00 0 
74d2d8bf7000-74d2d8cf3000 rw-p 00000000 00:00 0 
74d2d8cf3000-74d2d8cf7000 ---p 00000000 00:00 0 
74d2d8cf7000-74d2d8df3000 rw-p 00000000 00:00 0 
74d2d8df3000-74d2d8df7000 ---p 00000000 00:00 0 
74d2d8df7000-74d2d8ef3000 rw-p 00000000 00:00 0 
74d2d8ef3000-74d2d8ef4000 ---p 00000000 00:00 0 
74d2d8ef4000-74d2d8ff4000 rw-p 00000000 00:00 0 
74d2d8ff4000-74d2d8ff5000 ---p 00000000 00:00 0 
74d2d8ff5000-74d2d90f5000 rw-p 00000000 00:00 0 
74d2d90f5000-74d2d90f6000 ---p 00000000 00:00 0 
74d2d90f6000-74d2d91f6000 rw-p 00000000 00:00 0 
74d2d91f6000-74d2d91f7000 ---p 00000000 00:00 0 
74d2d91f7000-74d2d92f7000 rw-p 00000000 00:00 0 
74d2d92f7000-74d2dc3b0000 rw-p 00000000 00:00 0 
74d2dc3b0000-74d2e3650000 ---p 00000000 00:00 0 
74d2e3650000-74d2e3660000 rw-p 00000000 00:00 0 
74d2e3662000-74d2e3664000 r--p 00000000 103:02 16530323                  /usr/lib/x86_64-linux-gnu/libXdmcp.so.6.0.0
74d2e3664000-74d2e3666000 r-xp 00002000 103:02 16530323                  /usr/lib/x86_64-linux-gnu/libXdmcp.so.6.0.0
74d2e3666000-74d2e3668000 r--p 00004000 103:02 16530323                  /usr/lib/x86_64-linux-gnu/libXdmcp.so.6.0.0
74d2e3668000-74d2e3669000 r--p 00005000 103:02 16530323                  /usr/lib/x86_64-linux-gnu/libXdmcp.so.6.0.0
74d2e3669000-74d2e366a000 rw-p 00006000 103:02 16530323                  /usr/lib/x86_64-linux-gnu/libXdmcp.so.6.0.0
74d2e3672000-74d2e3674000 r--p 00000000 103:02 17172962                  /usr/lib/jvm/java-21-openjdk-amd64/lib/libjavajpeg.so
74d2e3674000-74d2e367b000 r-xp 00002000 103:02 17172962                  /usr/lib/jvm/java-21-openjdk-amd64/lib/libjavajpeg.so
74d2e367b000-74d2e367c000 r--p 00009000 103:02 17172962                  /usr/lib/jvm/java-21-openjdk-amd64/lib/libjavajpeg.so
74d2e367c000-74d2e367d000 r--p 0000a000 103:02 17172962                  /usr/lib/jvm/java-21-openjdk-amd64/lib/libjavajpeg.so
74d2e367d000-74d2e367e000 rw-p 0000b000 103:02 17172962                  /usr/lib/jvm/java-21-openjdk-amd64/lib/libjavajpeg.so
74d2e367e000-74d2e38f6000 rw-p 00000000 00:00 0 
74d2e38f6000-74d2e474a000 ---p 00000000 00:00 0 
74d2e474a000-74d2e474c000 rw-p 00000000 00:00 0 
74d2e474c000-74d2e474f000 r--p 00000000 103:02 16530328                  /usr/lib/x86_64-linux-gnu/libXi.so.6.1.0
74d2e474f000-74d2e475b000 r-xp 00003000 103:02 16530328                  /usr/lib/x86_64-linux-gnu/libXi.so.6.1.0
74d2e475b000-74d2e475d000 r--p 0000f000 103:02 16530328                  /usr/lib/x86_64-linux-gnu/libXi.so.6.1.0
74d2e475d000-74d2e475e000 r--p 00011000 103:02 16530328                  /usr/lib/x86_64-linux-gnu/libXi.so.6.1.0
74d2e475e000-74d2e475f000 rw-p 00012000 103:02 16530328                  /usr/lib/x86_64-linux-gnu/libXi.so.6.1.0
74d2e475f000-74d2e4800000 rw-p 00000000 00:00 0 
74d2e4800000-74d2e4a70000 rwxp 00000000 00:00 0 
74d2e4a70000-74d2ebc5f000 ---p 00000000 00:00 0 
74d2ebc5f000-74d2ebf0f000 rwxp 00000000 00:00 0 
74d2ebf0f000-74d2ec3a0000 ---p 00000000 00:00 0 
74d2ec3a0000-74d2ec610000 rwxp 00000000 00:00 0 
74d2ec610000-74d2f3800000 ---p 00000000 00:00 0 
74d2f3800000-74d2fbe02000 r--s 00000000 103:02 17172984                  /usr/lib/jvm/java-21-openjdk-amd64/lib/modules
74d2fbe02000-74d2fbe03000 r--p 00000000 103:02 16530318                  /usr/lib/x86_64-linux-gnu/libXau.so.6.0.0
74d2fbe03000-74d2fbe05000 r-xp 00001000 103:02 16530318                  /usr/lib/x86_64-linux-gnu/libXau.so.6.0.0
74d2fbe05000-74d2fbe06000 r--p 00003000 103:02 16530318                  /usr/lib/x86_64-linux-gnu/libXau.so.6.0.0
74d2fbe06000-74d2fbe07000 r--p 00003000 103:02 16530318                  /usr/lib/x86_64-linux-gnu/libXau.so.6.0.0
74d2fbe07000-74d2fbe08000 rw-p 00004000 103:02 16530318                  /usr/lib/x86_64-linux-gnu/libXau.so.6.0.0
74d2fbe08000-74d2febe2000 rw-p 00000000 00:00 0 
74d2febe2000-74d300000000 ---p 00000000 00:00 0 
74d300002000-74d300004000 r--p 00000000 103:02 16530334                  /usr/lib/x86_64-linux-gnu/libXrender.so.1.3.0
74d300004000-74d30000b000 r-xp 00002000 103:02 16530334                  /usr/lib/x86_64-linux-gnu/libXrender.so.1.3.0
74d30000b000-74d30000c000 r--p 00009000 103:02 16530334                  /usr/lib/x86_64-linux-gnu/libXrender.so.1.3.0
74d30000c000-74d30000d000 r--p 00009000 103:02 16530334                  /usr/lib/x86_64-linux-gnu/libXrender.so.1.3.0
74d30000d000-74d30000e000 rw-p 0000a000 103:02 16530334                  /usr/lib/x86_64-linux-gnu/libXrender.so.1.3.0
74d30000e000-74d30004f000 rw-p 00000000 00:00 0 
74d30004f000-74d30005f000 -w-s 00000000 00:05 1111                       /dev/nvidia0
74d30005f000-74d3002fd000 rw-p 00000000 00:00 0 
74d3002fd000-74d3002fe000 ---p 00000000 00:00 0 
74d3002fe000-74d3003fe000 rw-p 00000000 00:00 0 
74d3003fe000-74d3003ff000 ---p 00000000 00:00 0 
74d3003ff000-74d3004ff000 rw-p 00000000 00:00 0 
74d3004ff000-74d300500000 ---p 00000000 00:00 0 
74d300500000-74d300600000 rw-p 00000000 00:00 0 
74d300600000-74d3006f6000 rw-p 00000000 00:00 0 
74d3006f6000-74d30154a000 ---p 00000000 00:00 0 
74d30154a000-74d30154c000 rw-p 00000000 00:00 0 
74d30154d000-74d30154f000 r--p 00000000 103:02 16530337                  /usr/lib/x86_64-linux-gnu/libXtst.so.6.1.0
74d30154f000-74d301552000 r-xp 00002000 103:02 16530337                  /usr/lib/x86_64-linux-gnu/libXtst.so.6.1.0
74d301552000-74d301553000 r--p 00005000 103:02 16530337                  /usr/lib/x86_64-linux-gnu/libXtst.so.6.1.0
74d301553000-74d301554000 r--p 00005000 103:02 16530337                  /usr/lib/x86_64-linux-gnu/libXtst.so.6.1.0
74d301554000-74d301555000 rw-p 00006000 103:02 16530337                  /usr/lib/x86_64-linux-gnu/libXtst.so.6.1.0
74d301555000-74d301556000 r--p 00000000 103:02 16530540                  /usr/lib/x86_64-linux-gnu/libdl.so.2
74d301556000-74d301557000 r-xp 00001000 103:02 16530540                  /usr/lib/x86_64-linux-gnu/libdl.so.2
74d301557000-74d301558000 r--p 00002000 103:02 16530540                  /usr/lib/x86_64-linux-gnu/libdl.so.2
74d301558000-74d301559000 r--p 00002000 103:02 16530540                  /usr/lib/x86_64-linux-gnu/libdl.so.2
74d301559000-74d30155a000 rw-p 00003000 103:02 16530540                  /usr/lib/x86_64-linux-gnu/libdl.so.2
74d30155a000-74d30155c000 r--p 00000000 103:02 17172983                  /usr/lib/jvm/java-21-openjdk-amd64/lib/libzip.so
74d30155c000-74d301561000 r-xp 00002000 103:02 17172983                  /usr/lib/jvm/java-21-openjdk-amd64/lib/libzip.so
74d301561000-74d301563000 r--p 00007000 103:02 17172983                  /usr/lib/jvm/java-21-openjdk-amd64/lib/libzip.so
74d301563000-74d301564000 r--p 00008000 103:02 17172983                  /usr/lib/jvm/java-21-openjdk-amd64/lib/libzip.so
74d301564000-74d301565000 rw-p 00009000 103:02 17172983                  /usr/lib/jvm/java-21-openjdk-amd64/lib/libzip.so
74d301565000-74d302333000 rw-p 00000000 00:00 0 
74d302333000-74d302417000 ---p 00000000 00:00 0 
74d302417000-74d30241c000 rw-p 00000000 00:00 0 
74d30241c000-74d302500000 ---p 00000000 00:00 0 
74d302500000-74d302504000 ---p 00000000 00:00 0 
74d302504000-74d302600000 rw-p 00000000 00:00 0 
74d302600000-74d30269d000 r--p 00000000 103:02 16543594                  /usr/lib/x86_64-linux-gnu/libstdc++.so.6.0.33
74d30269d000-74d3027e5000 r-xp 0009d000 103:02 16543594                  /usr/lib/x86_64-linux-gnu/libstdc++.so.6.0.33
74d3027e5000-74d30286c000 r--p 001e5000 103:02 16543594                  /usr/lib/x86_64-linux-gnu/libstdc++.so.6.0.33
74d30286c000-74d302877000 r--p 0026b000 103:02 16543594                  /usr/lib/x86_64-linux-gnu/libstdc++.so.6.0.33
74d302877000-74d30287a000 rw-p 00276000 103:02 16543594                  /usr/lib/x86_64-linux-gnu/libstdc++.so.6.0.33
74d30287a000-74d30287e000 rw-p 00000000 00:00 0 
74d302880000-74d302881000 r--p 00000000 103:02 16531006                  /usr/lib/x86_64-linux-gnu/librt.so.1
74d302881000-74d302882000 r-xp 00001000 103:02 16531006                  /usr/lib/x86_64-linux-gnu/librt.so.1
74d302882000-74d302883000 r--p 00002000 103:02 16531006                  /usr/lib/x86_64-linux-gnu/librt.so.1
74d302883000-74d302884000 r--p 00002000 103:02 16531006                  /usr/lib/x86_64-linux-gnu/librt.so.1
74d302884000-74d302885000 rw-p 00003000 103:02 16531006                  /usr/lib/x86_64-linux-gnu/librt.so.1
74d302885000-74d302886000 r--p 00000000 103:02 17172953                  /usr/lib/jvm/java-21-openjdk-amd64/lib/libdt_socket.so
74d302886000-74d302889000 r-xp 00001000 103:02 17172953                  /usr/lib/jvm/java-21-openjdk-amd64/lib/libdt_socket.so
74d302889000-74d30288a000 r--p 00004000 103:02 17172953                  /usr/lib/jvm/java-21-openjdk-amd64/lib/libdt_socket.so
74d30288a000-74d30288b000 r--p 00005000 103:02 17172953                  /usr/lib/jvm/java-21-openjdk-amd64/lib/libdt_socket.so
74d30288b000-74d30288c000 rw-p 00006000 103:02 17172953                  /usr/lib/jvm/java-21-openjdk-amd64/lib/libdt_socket.so
74d30288c000-74d30288f000 r--p 00000000 103:02 17172975                  /usr/lib/jvm/java-21-openjdk-amd64/lib/libnet.so
74d30288f000-74d302897000 r-xp 00003000 103:02 17172975                  /usr/lib/jvm/java-21-openjdk-amd64/lib/libnet.so
74d302897000-74d302899000 r--p 0000b000 103:02 17172975                  /usr/lib/jvm/java-21-openjdk-amd64/lib/libnet.so
74d302899000-74d30289a000 r--p 0000c000 103:02 17172975                  /usr/lib/jvm/java-21-openjdk-amd64/lib/libnet.so
74d30289a000-74d30289b000 rw-p 0000d000 103:02 17172975                  /usr/lib/jvm/java-21-openjdk-amd64/lib/libnet.so
74d30289b000-74d302917000 rw-p 00000000 00:00 0 
74d302917000-74d302927000 r--p 00000000 103:02 16530817                  /usr/lib/x86_64-linux-gnu/libm.so.6
74d302927000-74d3029a6000 r-xp 00010000 103:02 16530817                  /usr/lib/x86_64-linux-gnu/libm.so.6
74d3029a6000-74d3029fe000 r--p 0008f000 103:02 16530817                  /usr/lib/x86_64-linux-gnu/libm.so.6
74d3029fe000-74d3029ff000 r--p 000e7000 103:02 16530817                  /usr/lib/x86_64-linux-gnu/libm.so.6
74d3029ff000-74d302a00000 rw-p 000e8000 103:02 16530817                  /usr/lib/x86_64-linux-gnu/libm.so.6
74d302a00000-74d302c96000 r--p 00000000 103:02 17172990                  /usr/lib/jvm/java-21-openjdk-amd64/lib/server/libjvm.so
74d302c96000-74d303afe000 r-xp 00296000 103:02 17172990                  /usr/lib/jvm/java-21-openjdk-amd64/lib/server/libjvm.so
74d303afe000-74d303dd1000 r--p 010fe000 103:02 17172990                  /usr/lib/jvm/java-21-openjdk-amd64/lib/server/libjvm.so
74d303dd1000-74d303ea1000 r--p 013d0000 103:02 17172990                  /usr/lib/jvm/java-21-openjdk-amd64/lib/server/libjvm.so
74d303ea1000-74d303ed1000 rw-p 014a0000 103:02 17172990                  /usr/lib/jvm/java-21-openjdk-amd64/lib/server/libjvm.so
74d303ed1000-74d303f37000 rw-p 00000000 00:00 0 
74d303f37000-74d303f38000 r--p 00000000 103:02 16530978                  /usr/lib/x86_64-linux-gnu/libpthread.so.0
74d303f38000-74d303f39000 r-xp 00001000 103:02 16530978                  /usr/lib/x86_64-linux-gnu/libpthread.so.0
74d303f39000-74d303f3a000 r--p 00002000 103:02 16530978                  /usr/lib/x86_64-linux-gnu/libpthread.so.0
74d303f3a000-74d303f3b000 r--p 00002000 103:02 16530978                  /usr/lib/x86_64-linux-gnu/libpthread.so.0
74d303f3b000-74d303f3c000 rw-p 00003000 103:02 16530978                  /usr/lib/x86_64-linux-gnu/libpthread.so.0
74d303f3c000-74d303f43000 r--s 00000000 103:02 16532226                  /usr/lib/x86_64-linux-gnu/gconv/gconv-modules.cache
74d303f43000-74d303f4a000 r--p 00000000 103:02 17172976                  /usr/lib/jvm/java-21-openjdk-amd64/lib/libnio.so
74d303f4a000-74d303f53000 r-xp 00007000 103:02 17172976                  /usr/lib/jvm/java-21-openjdk-amd64/lib/libnio.so
74d303f53000-74d303f57000 r--p 00010000 103:02 17172976                  /usr/lib/jvm/java-21-openjdk-amd64/lib/libnio.so
74d303f57000-74d303f58000 r--p 00014000 103:02 17172976                  /usr/lib/jvm/java-21-openjdk-amd64/lib/libnio.so
74d303f58000-74d303f59000 rw-p 00015000 103:02 17172976                  /usr/lib/jvm/java-21-openjdk-amd64/lib/libnio.so
74d303f59000-74d303f5f000 rw-p 00000000 00:00 0 
74d303f5f000-74d303f68000 ---p 00000000 00:00 0 
74d303f68000-74d303f75000 r--p 00000000 103:02 17172961                  /usr/lib/jvm/java-21-openjdk-amd64/lib/libjava.so
74d303f75000-74d303f84000 r-xp 0000d000 103:02 17172961                  /usr/lib/jvm/java-21-openjdk-amd64/lib/libjava.so
74d303f84000-74d303f89000 r--p 0001c000 103:02 17172961                  /usr/lib/jvm/java-21-openjdk-amd64/lib/libjava.so
74d303f89000-74d303f8a000 r--p 00021000 103:02 17172961                  /usr/lib/jvm/java-21-openjdk-amd64/lib/libjava.so
74d303f8a000-74d303f8b000 rw-p 00022000 103:02 17172961                  /usr/lib/jvm/java-21-openjdk-amd64/lib/libjava.so
74d303f8b000-74d303f8c000 rw-p 00000000 00:00 0 
74d303f8c000-74d303f8f000 r--p 00000000 103:02 17172963                  /usr/lib/jvm/java-21-openjdk-amd64/lib/libjdwp.so
74d303f8f000-74d303fbe000 r-xp 00003000 103:02 17172963                  /usr/lib/jvm/java-21-openjdk-amd64/lib/libjdwp.so
74d303fbe000-74d303fcd000 r--p 00032000 103:02 17172963                  /usr/lib/jvm/java-21-openjdk-amd64/lib/libjdwp.so
74d303fcd000-74d303fce000 r--p 00040000 103:02 17172963                  /usr/lib/jvm/java-21-openjdk-amd64/lib/libjdwp.so
74d303fce000-74d303fcf000 rw-p 00041000 103:02 17172963                  /usr/lib/jvm/java-21-openjdk-amd64/lib/libjdwp.so
74d303fcf000-74d303fd0000 rw-p 00000000 00:00 0 
74d303fd0000-74d303fd4000 r--p 00000000 103:02 16528598                  /usr/lib/x86_64-linux-gnu/libgcc_s.so.1
74d303fd4000-74d303ff8000 r-xp 00004000 103:02 16528598                  /usr/lib/x86_64-linux-gnu/libgcc_s.so.1
74d303ff8000-74d303ffc000 r--p 00028000 103:02 16528598                  /usr/lib/x86_64-linux-gnu/libgcc_s.so.1
74d303ffc000-74d303ffd000 r--p 0002b000 103:02 16528598                  /usr/lib/x86_64-linux-gnu/libgcc_s.so.1
74d303ffd000-74d303ffe000 rw-p 0002c000 103:02 16528598                  /usr/lib/x86_64-linux-gnu/libgcc_s.so.1
74d303ffe000-74d304000000 rw-p 00000000 00:00 0 
74d304000000-74d304028000 r--p 00000000 103:02 16530474                  /usr/lib/x86_64-linux-gnu/libc.so.6
74d304028000-74d3041b0000 r-xp 00028000 103:02 16530474                  /usr/lib/x86_64-linux-gnu/libc.so.6
74d3041b0000-74d3041ff000 r--p 001b0000 103:02 16530474                  /usr/lib/x86_64-linux-gnu/libc.so.6
74d3041ff000-74d304203000 r--p 001fe000 103:02 16530474                  /usr/lib/x86_64-linux-gnu/libc.so.6
74d304203000-74d304205000 rw-p 00202000 103:02 16530474                  /usr/lib/x86_64-linux-gnu/libc.so.6
74d304205000-74d304212000 rw-p 00000000 00:00 0 
74d304212000-74d304214000 r--p 00000000 103:02 17172965                  /usr/lib/jvm/java-21-openjdk-amd64/lib/libjli.so
74d304214000-74d30421e000 r-xp 00002000 103:02 17172965                  /usr/lib/jvm/java-21-openjdk-amd64/lib/libjli.so
74d30421e000-74d304221000 r--p 0000c000 103:02 17172965                  /usr/lib/jvm/java-21-openjdk-amd64/lib/libjli.so
74d304221000-74d304222000 r--p 0000f000 103:02 17172965                  /usr/lib/jvm/java-21-openjdk-amd64/lib/libjli.so
74d304222000-74d304223000 rw-p 00010000 103:02 17172965                  /usr/lib/jvm/java-21-openjdk-amd64/lib/libjli.so
74d304223000-74d304225000 r--p 00000000 103:02 16531205                  /usr/lib/x86_64-linux-gnu/libz.so.1.3
74d304225000-74d304237000 r-xp 00002000 103:02 16531205                  /usr/lib/x86_64-linux-gnu/libz.so.1.3
74d304237000-74d30423d000 r--p 00014000 103:02 16531205                  /usr/lib/x86_64-linux-gnu/libz.so.1.3
74d30423d000-74d30423e000 r--p 0001a000 103:02 16531205                  /usr/lib/x86_64-linux-gnu/libz.so.1.3
74d30423e000-74d30423f000 rw-p 0001b000 103:02 16531205                  /usr/lib/x86_64-linux-gnu/libz.so.1.3
74d304240000-74d304248000 rw-s 00000000 103:02 18219025                  /tmp/hsperfdata_dov/5298
74d304248000-74d304249000 ---p 00000000 00:00 0 
74d304249000-74d30424a000 r--p 00000000 00:00 0 
74d30424a000-74d30424b000 ---p 00000000 00:00 0 
74d30424b000-74d30424d000 r--p 00000000 103:02 17172964                  /usr/lib/jvm/java-21-openjdk-amd64/lib/libjimage.so
74d30424d000-74d304250000 r-xp 00002000 103:02 17172964                  /usr/lib/jvm/java-21-openjdk-amd64/lib/libjimage.so
74d304250000-74d304251000 r--p 00005000 103:02 17172964                  /usr/lib/jvm/java-21-openjdk-amd64/lib/libjimage.so
74d304251000-74d304252000 r--p 00006000 103:02 17172964                  /usr/lib/jvm/java-21-openjdk-amd64/lib/libjimage.so
74d304252000-74d304253000 rw-p 00007000 103:02 17172964                  /usr/lib/jvm/java-21-openjdk-amd64/lib/libjimage.so
74d304253000-74d304255000 rw-p 00000000 00:00 0 
74d304255000-74d304256000 r--p 00000000 103:02 16530286                  /usr/lib/x86_64-linux-gnu/ld-linux-x86-64.so.2
74d304256000-74d304281000 r-xp 00001000 103:02 16530286                  /usr/lib/x86_64-linux-gnu/ld-linux-x86-64.so.2
74d304281000-74d30428b000 r--p 0002c000 103:02 16530286                  /usr/lib/x86_64-linux-gnu/ld-linux-x86-64.so.2
74d30428b000-74d30428d000 r--p 00036000 103:02 16530286                  /usr/lib/x86_64-linux-gnu/ld-linux-x86-64.so.2
74d30428d000-74d30428f000 rw-p 00038000 103:02 16530286                  /usr/lib/x86_64-linux-gnu/ld-linux-x86-64.so.2
7ffdb5575000-7ffdb5596000 rw-p 00000000 00:00 0                          [stack]
7ffdb55f8000-7ffdb55fc000 r--p 00000000 00:00 0                          [vvar]
7ffdb55fc000-7ffdb55fe000 r-xp 00000000 00:00 0                          [vdso]
ffffffffff600000-ffffffffff601000 --xp 00000000 00:00 0                  [vsyscall]
Total number of mappings: 425


VM Arguments:
jvm_args: -Dfile.encoding=UTF-8 -agentlib:jdwp=transport=dt_socket,address=localhost:47915 --module-path=/home/dov/projects/NeighborhoodPIG/build/classes 
java_command: main.NeighborhoodPIG
java_class_path (initial): /home/dov/projects/Libraries/commons-math3/commons-math3-3.6.1-javadoc.jar:/home/dov/projects/Libraries/commons-math3/commons-math3-3.6.1-sources.jar:/home/dov/projects/Libraries/commons-math3/commons-math3-3.6.1-test-sources.jar:/home/dov/projects/Libraries/commons-math3/commons-math3-3.6.1-tests.jar:/home/dov/projects/Libraries/commons-math3/commons-math3-3.6.1-tools.jar:/home/dov/projects/Libraries/commons-math3/commons-math3-3.6.1.jar:/home/dov/projects/JCudaWrapper/jcuda12/jcublas-12.0.0.jar:/home/dov/projects/JCudaWrapper/jcuda12/jcublas-natives-12.0.0-linux-x86_64.jar:/home/dov/projects/JCudaWrapper/jcuda12/jcuda-12.0.0.jar:/home/dov/projects/JCudaWrapper/jcuda12/jcuda-natives-12.0.0-linux-x86_64.jar:/home/dov/projects/JCudaWrapper/jcuda12/jcudnn-12.0.0.jar:/home/dov/projects/JCudaWrapper/jcuda12/jcudnn-natives-12.0.0-linux-x86_64.jar:/home/dov/projects/JCudaWrapper/jcuda12/jcufft-12.0.0.jar:/home/dov/projects/JCudaWrapper/jcuda12/jcufft-natives-12.0.0-linux-x86_64.jar:/home/dov/projects/JCudaWrapper/jcuda12/jcurand-12.0.0.jar:/home/dov/projects/JCudaWrapper/jcuda12/jcurand-natives-12.0.0-linux-x86_64.jar:/home/dov/projects/JCudaWrapper/jcuda12/jcusolver-12.0.0.jar:/home/dov/projects/JCudaWrapper/jcuda12/jcusolver-natives-12.0.0-linux-x86_64.jar:/home/dov/projects/JCudaWrapper/jcuda12/jcusparse-12.0.0.jar:/home/dov/projects/JCudaWrapper/jcuda12/jcusparse-natives-12.0.0-linux-x86_64.jar:/home/dov/projects/NeighborhoodPIG/build/classes
Launcher Type: SUN_STANDARD

[Global flags]
     intx CICompilerCount                          = 12                                        {product} {ergonomic}
     uint ConcGCThreads                            = 3                                         {product} {ergonomic}
     uint G1ConcRefinementThreads                  = 13                                        {product} {ergonomic}
   size_t G1HeapRegionSize                         = 4194304                                   {product} {ergonomic}
    uintx GCDrainStackTargetSize                   = 64                                        {product} {ergonomic}
   size_t InitialHeapSize                          = 515899392                                 {product} {ergonomic}
   size_t MarkStackSize                            = 4194304                                   {product} {ergonomic}
   size_t MaxHeapSize                              = 8212447232                                {product} {ergonomic}
   size_t MaxNewSize                               = 4924112896                                {product} {ergonomic}
   size_t MinHeapDeltaBytes                        = 4194304                                   {product} {ergonomic}
   size_t MinHeapSize                              = 8388608                                   {product} {ergonomic}
    uintx NonNMethodCodeHeapSize                   = 7602480                                {pd product} {ergonomic}
    uintx NonProfiledCodeHeapSize                  = 122027880                              {pd product} {ergonomic}
    uintx ProfiledCodeHeapSize                     = 122027880                              {pd product} {ergonomic}
    uintx ReservedCodeCacheSize                    = 251658240                              {pd product} {ergonomic}
     bool SegmentedCodeCache                       = true                                      {product} {ergonomic}
   size_t SoftMaxHeapSize                          = 8212447232                             {manageable} {ergonomic}
     bool UseCompressedOops                        = true                           {product lp64_product} {ergonomic}
     bool UseG1GC                                  = true                                      {product} {ergonomic}

Logging:
Log output configuration:
 #0: stdout all=warning uptime,level,tags foldmultilines=false
 #1: stderr all=off uptime,level,tags foldmultilines=false

Environment Variables:
PATH=/usr/local/sbin:/usr/local/bin:/usr/sbin:/usr/bin:/sbin:/bin:/usr/games:/usr/local/games:/snap/bin:/snap/bin
USERNAME=dov
SHELL=/bin/bash
DISPLAY=:1
LANG=en_US.UTF-8

Active Locale:
LC_ALL=en_US.UTF-8
LC_COLLATE=en_US.UTF-8
LC_CTYPE=en_US.UTF-8
LC_MESSAGES=en_US.UTF-8
LC_MONETARY=en_US.UTF-8
LC_NUMERIC=en_US.UTF-8
LC_TIME=en_US.UTF-8

Signal Handlers:
   SIGSEGV: crash_handler in libjvm.so, mask=11100100010111111101111111111110, flags=SA_RESTART|SA_SIGINFO, unblocked
    SIGBUS: crash_handler in libjvm.so, mask=11100100010111111101111111111110, flags=SA_RESTART|SA_SIGINFO, unblocked
    SIGFPE: crash_handler in libjvm.so, mask=11100100010111111101111111111110, flags=SA_RESTART|SA_SIGINFO, unblocked
   SIGPIPE: javaSignalHandler in libjvm.so, mask=11100100010111111101111111111110, flags=SA_RESTART|SA_SIGINFO, blocked
   SIGXFSZ: javaSignalHandler in libjvm.so, mask=11100100010111111101111111111110, flags=SA_RESTART|SA_SIGINFO, blocked
    SIGILL: crash_handler in libjvm.so, mask=11100100010111111101111111111110, flags=SA_RESTART|SA_SIGINFO, unblocked
   SIGUSR2: SR_handler in libjvm.so, mask=00000000000000000000000000000000, flags=SA_RESTART|SA_SIGINFO, blocked
    SIGHUP: UserHandler in libjvm.so, mask=11100100010111111101111111111110, flags=SA_RESTART|SA_SIGINFO, blocked
    SIGINT: SIG_IGN, mask=00000000000000000000000000000000, flags=none, blocked
   SIGTERM: UserHandler in libjvm.so, mask=11100100010111111101111111111110, flags=SA_RESTART|SA_SIGINFO, blocked
   SIGQUIT: UserHandler in libjvm.so, mask=11100100010111111101111111111110, flags=SA_RESTART|SA_SIGINFO, blocked
   SIGTRAP: crash_handler in libjvm.so, mask=11100100010111111101111111111110, flags=SA_RESTART|SA_SIGINFO, unblocked


Periodic native trim disabled

---------------  S Y S T E M  ---------------

OS:
DISTRIB_ID=Ubuntu
DISTRIB_RELEASE=24.04
DISTRIB_CODENAME=noble
DISTRIB_DESCRIPTION="Ubuntu 24.04.1 LTS"
uname: Linux 6.8.0-47-generic #47-Ubuntu SMP PREEMPT_DYNAMIC Fri Sep 27 21:40:26 UTC 2024 x86_64
OS uptime: 0 days 0:11 hours
libc: glibc 2.39 NPTL 2.39 
rlimit (soft/hard): STACK 8192k/infinity , CORE 0k/infinity , NPROC 125013/125013 , NOFILE 1048576/1048576 , AS infinity/infinity , CPU infinity/infinity , DATA infinity/infinity , FSIZE infinity/infinity , MEMLOCK 4009332k/4009332k
load average: 0.55 1.95 1.13

/proc/meminfo:
MemTotal:       32074676 kB
MemFree:        25867452 kB
MemAvailable:   28575988 kB
Buffers:           98604 kB
Cached:          2939056 kB
SwapCached:            0 kB
Active:          3672800 kB
Inactive:        1446096 kB
Active(anon):    2094984 kB
Inactive(anon):        0 kB
Active(file):    1577816 kB
Inactive(file):  1446096 kB
Unevictable:          16 kB
Mlocked:              16 kB
SwapTotal:       8388604 kB
SwapFree:        8388604 kB
Zswap:                 0 kB
Zswapped:              0 kB
Dirty:               136 kB
Writeback:             0 kB
AnonPages:       2081500 kB
Mapped:           573808 kB
Shmem:             13728 kB
KReclaimable:      98800 kB
Slab:             336112 kB
SReclaimable:      98800 kB
SUnreclaim:       237312 kB
KernelStack:       14064 kB
PageTables:        24928 kB
SecPageTables:         0 kB
NFS_Unstable:          0 kB
Bounce:                0 kB
WritebackTmp:          0 kB
CommitLimit:    24425940 kB
Committed_AS:    7243968 kB
VmallocTotal:   34359738367 kB
VmallocUsed:      155572 kB
VmallocChunk:          0 kB
Percpu:            17536 kB
HardwareCorrupted:     0 kB
AnonHugePages:         0 kB
ShmemHugePages:        0 kB
ShmemPmdMapped:        0 kB
FileHugePages:         0 kB
FilePmdMapped:         0 kB
Unaccepted:            0 kB
HugePages_Total:       0
HugePages_Free:        0
HugePages_Rsvd:        0
HugePages_Surp:        0
Hugepagesize:       2048 kB
Hugetlb:               0 kB
DirectMap4k:     1040872 kB
DirectMap2M:    11794432 kB
DirectMap1G:    20971520 kB

/sys/kernel/mm/transparent_hugepage/enabled: always [madvise] never
/sys/kernel/mm/transparent_hugepage/hpage_pmd_size: 2097152
/sys/kernel/mm/transparent_hugepage/defrag (defrag/compaction efforts parameter): always defer defer+madvise [madvise] never

Process Memory:
Virtual Size: 17159660K (peak: 17218700K)
Resident Set Size: 275604K (peak: 275604K) (anon: 110428K, file: 156984K, shmem: 8192K)
Swapped out: 0K
C-Heap outstanding allocations: 83624K, retained: 5419K
glibc malloc tunables: (default)

/proc/sys/kernel/threads-max (system-wide limit on the number of threads): 250026
/proc/sys/vm/max_map_count (maximum number of memory map areas a process may have): 1048576
/proc/sys/vm/swappiness (control to define how aggressively the kernel swaps out anonymous memory): 60
/proc/sys/kernel/pid_max (system-wide limit on number of process identifiers): 4194304

container (cgroup) information:
container_type: cgroupv2
cpu_cpuset_cpus: not supported
cpu_memory_nodes: not supported
active_processor_count: 16
cpu_quota: not supported
cpu_period: not supported
cpu_shares: not supported
memory_limit_in_bytes: unlimited
memory_and_swap_limit_in_bytes: unlimited
memory_soft_limit_in_bytes: unlimited
memory_usage_in_bytes: 2597664 k
memory_max_usage_in_bytes: not supported
memory_swap_current_in_bytes: unlimited
memory_swap_max_limit_in_bytes: unlimited
maximum number of tasks: 37503
current number of tasks: 100

Steal ticks since vm start: 0
Steal ticks percentage since vm start:  0.000

CPU: total 16 (initial active 16) (16 cores per cpu, 2 threads per core) family 25 model 68 stepping 1 microcode 0xa404101, cx8, cmov, fxsr, ht, mmx, 3dnowpref, sse, sse2, sse3, ssse3, sse4a, sse4.1, sse4.2, popcnt, lzcnt, tsc, tscinvbit, avx, avx2, aes, clmul, bmi1, bmi2, adx, sha, fma, vzeroupper, clflush, clflushopt, rdtscp, rdpid, f16c, pku, ospke, cet_ss
CPU Model and flags from /proc/cpuinfo:
model name	: AMD Ryzen 9 6900HS with Radeon Graphics
flags		: fpu vme de pse tsc msr pae mce cx8 apic sep mtrr pge mca cmov pat pse36 clflush mmx fxsr sse sse2 ht syscall nx mmxext fxsr_opt pdpe1gb rdtscp lm constant_tsc rep_good nopl nonstop_tsc cpuid extd_apicid aperfmperf rapl pni pclmulqdq monitor ssse3 fma cx16 sse4_1 sse4_2 x2apic movbe popcnt aes xsave avx f16c rdrand lahf_lm cmp_legacy svm extapic cr8_legacy abm sse4a misalignsse 3dnowprefetch osvw ibs skinit wdt tce topoext perfctr_core perfctr_nb bpext perfctr_llc mwaitx cpb cat_l3 cdp_l3 hw_pstate ssbd mba ibrs ibpb stibp vmmcall fsgsbase bmi1 avx2 smep bmi2 invpcid cqm rdt_a rdseed adx smap clflushopt clwb sha_ni xsaveopt xsavec xgetbv1 xsaves cqm_llc cqm_occup_llc cqm_mbm_total cqm_mbm_local user_shstk clzero irperf xsaveerptr rdpru wbnoinvd cppc arat npt lbrv svm_lock nrip_save tsc_scale vmcb_clean flushbyasid decodeassists pausefilter pfthreshold avic v_vmsave_vmload vgif v_spec_ctrl umip pku ospke vaes vpclmulqdq rdpid overflow_recov succor smca debug_swap

Online cpus: 0-15
Offline cpus: 
BIOS frequency limitation: <Not Available>
Frequency switch latency (ns): 0
Available cpu frequencies: <Not Available>
Current governor: powersave
Core performance/turbo boost: <Not Available>

Memory: 4k page, physical 32074676k(28575988k free), swap 8388604k(8388604k free)
Page Sizes: 4k

vm_info: OpenJDK 64-Bit Server VM (21.0.4+7-Ubuntu-1ubuntu224.04) for linux-amd64 JRE (21.0.4+7-Ubuntu-1ubuntu224.04), built on 2024-07-23T01:34:52Z by "buildd" with gcc 13.2.0

END.
