#
# A fatal error has been detected by the Java Runtime Environment:
#
#  SIGSEGV (0xb) at pc=0x00007416d9ff216d, pid=43367, tid=43372
#
# JRE version: OpenJDK Runtime Environment (21.0.5+11) (build 21.0.5+11-Ubuntu-1ubuntu124.04)
# Java VM: OpenJDK 64-Bit Server VM (21.0.5+11-Ubuntu-1ubuntu124.04, mixed mode, sharing, tiered, compressed oops, compressed class ptrs, g1 gc, linux-amd64)
# Problematic frame:
# C  [libcuda.so.1+0x1f216d]
#
# Core dump will be written. Default location: Core dumps may be processed with "/usr/share/apport/apport -p%p -s%s -c%c -d%d -P%P -u%u -g%g -- %E" (or dumping to /home/dov/projects/NeighborhoodPIG/core.43367)
#
# If you would like to submit a bug report, please visit:
#   https://bugs.launchpad.net/ubuntu/+source/openjdk-21
# The crash happened outside the Java Virtual Machine in native code.
# See problematic frame for where to report the bug.
#

---------------  S U M M A R Y ------------

Command Line: -Dfile.encoding=UTF-8 JCudaWrapper.algebra.Eigen

Host: AMD Ryzen 9 6900HS with Radeon Graphics, 16 cores, 30G, Ubuntu 24.04.1 LTS
Time: Thu Dec 26 16:09:32 2024 IST elapsed time: 1.693464 seconds (0d 0h 0m 1s)

---------------  T H R E A D  ---------------

Current thread (0x000074170c019fc0):  JavaThread "main"             [_thread_in_native, id=43372, stack(0x0000741713500000,0x0000741713600000) (1024K)]

Stack: [0x0000741713500000,0x0000741713600000],  sp=0x00007417135fd900,  free space=1014k
Native frames: (J=compiled Java code, j=interpreted, Vv=VM code, C=native code)
C  [libcuda.so.1+0x1f216d]
C  [libcuda.so.1+0x103b97]
C  [libcuda.so.1+0x4e5b6e]
C  [libcuda.so.1+0x12e455]
C  [libcuda.so.1+0x12ecc8]
C  [libcuda.so.1+0x1358bf]
C  [libcuda.so.1+0x2f25f0]
Java frames: (J=compiled Java code, j=interpreted, Vv=VM code)
j  jcuda.driver.JCudaDriver.cuLaunchKernelNative(Ljcuda/driver/CUfunction;IIIIIIILjcuda/driver/CUstream;Ljcuda/Pointer;Ljcuda/Pointer;)I+0
j  jcuda.driver.JCudaDriver.cuLaunchKernel(Ljcuda/driver/CUfunction;IIIIIIILjcuda/driver/CUstream;Ljcuda/Pointer;Ljcuda/Pointer;)I+18
j  JCudaWrapper.array.KernelManager.map(LJCudaWrapper/resourceManagement/Handle;ILJCudaWrapper/array/Array;[Ljcuda/Pointer;)V+84
j  JCudaWrapper.algebra.MatricesStride.computeVecs3x3(LJCudaWrapper/algebra/VectorsStride;LJCudaWrapper/array/DArray;D)LJCudaWrapper/algebra/MatricesStride;+97
j  JCudaWrapper.algebra.Eigen.<init>(LJCudaWrapper/algebra/MatricesStride;D)V+114
j  JCudaWrapper.algebra.Eigen.main([Ljava/lang/String;)V+114
v  ~StubRoutines::call_stub 0x00007416fbc5fcc6

siginfo: si_signo: 11 (SIGSEGV), si_code: 128 (SI_KERNEL), si_addr: 0x0000000000000000

Registers:
RAX=0x0000000000000008, RBX=0x0000000000000008, RCX=0x000074170d615e60, RDX=0x0000000000000008
RSP=0x00007417135fd900, RBP=0x00007417135fd920, RSI=0x0301b82d1c1b2a0b, RDI=0x00000002010007c8
R8 =0x00007417135fd9a0, R9 =0x0000000000000002, R10=0x000000020100076c, R11=0x000074170d634090
R12=0x000074170f2565c0, R13=0x000074170f257330, R14=0x0000000201000790, R15=0x00007417135fe340
RIP=0x00007416d9ff216d, EFLAGS=0x0000000000010246, CSGSFS=0x002b000000000033, ERR=0x0000000000000000
  TRAPNO=0x000000000000000d


Register to memory mapping:

RAX=0x0000000000000008 is an unknown value
RBX=0x0000000000000008 is an unknown value
RCX=0x000074170d615e60 points into unknown readable memory: 0x0000000000000004 | 04 00 00 00 00 00 00 00
RDX=0x0000000000000008 is an unknown value
RSP=0x00007417135fd900 is pointing into the stack for thread: 0x000074170c019fc0
RBP=0x00007417135fd920 is pointing into the stack for thread: 0x000074170c019fc0
RSI=0x0301b82d1c1b2a0b is an unknown value
RDI=0x00000002010007c8 points into unknown readable memory: 0x0000000000000000 | 00 00 00 00 00 00 00 00
R8 =0x00007417135fd9a0 is pointing into the stack for thread: 0x000074170c019fc0
R9 =0x0000000000000002 is an unknown value
R10=0x000000020100076c points into unknown readable memory: 62 20 02 20
R11=0x000074170d634090 points into unknown readable memory: 0x0000000100000100 | 00 01 00 00 01 00 00 00
R12=0x000074170f2565c0 points into unknown readable memory: 0x0000000100000001 | 01 00 00 00 01 00 00 00
R13=0x000074170f257330 points into unknown readable memory: 0x0000000634e1cb80 | 80 cb e1 34 06 00 00 00
R14=0x0000000201000790 points into unknown readable memory: 0x0000000000000003 | 03 00 00 00 00 00 00 00
R15=0x00007417135fe340 is pointing into the stack for thread: 0x000074170c019fc0

Top of Stack: (sp=0x00007417135fd900)
0x00007417135fd900:   00007416ec04a1f8 00000002010005e8
0x00007417135fd910:   000074170f2565c0 000074170c621040
0x00007417135fd920:   00007417135fdb60 00007416d9f03b97
0x00007417135fd930:   0000000000052f00 0000000000000000
0x00007417135fd940:   00007417135fd958 0000000000000000
0x00007417135fd950:   000074170f256628 00000000010005e8
0x00007417135fd960:   00000002010007d0 00007417135fe368
0x00007417135fd970:   00007417135fd9a0 0000000000000000
0x00007417135fd980:   00007417135fdc20 000074170c621040
0x00007417135fd990:   00007417135fd9c0 00007416da2eb98d
0x00007417135fd9a0:   0000000201000790 00007417135fda48
0x00007417135fd9b0:   00000000000001d0 0000000000000080
0x00007417135fd9c0:   00007417135fdb20 00007416da220c0e
0x00007417135fd9d0:   0000741700000400 000074170f2565c0
0x00007417135fd9e0:   000074170c6840b0 00007417135fdc20
0x00007417135fd9f0:   0000000000000080 000074170c7be160
0x00007417135fda00:   0000200000002000 000074170c7be1d0
0x00007417135fda10:   0000000000000000 000074170c653ee0
0x00007417135fda20:   000074170c6840b0 000074170c621040
0x00007417135fda30:   0000741600000000 00007417135fda48
0x00007417135fda40:   0000741700000004 0000000000000020
0x00007417135fda50:   00007416ec031010 0000000000000085
0x00007417135fda60:   0000000000000000 0000000000000000
0x00007417135fda70:   00007417135fda00 0000000000000000
0x00007417135fda80:   0000741700000000 000074170c653ee0
0x00007417135fda90:   0000741602a52f10 00007416d9f01e7c
0x00007417135fdaa0:   00007417135fe340 000074170f2565c0
0x00007417135fdab0:   00007417135fdae0 00007416d9fc2a31
0x00007417135fdac0:   000074170d633f90 00007417135fe340
0x00007417135fdad0:   000074170c621040 000074170f2565c0
0x00007417135fdae0:   00007417135fdb60 00007416d9f02bfa
0x00007417135fdaf0:   000074170f27a090 000074170d6339a0 

Instructions: (pc=0x00007416d9ff216d)
0x00007416d9ff206d:   5c 41 5d 41 5e 5d c3 0f 1f 40 00 49 8b 46 40 bf
0x00007416d9ff207d:   12 00 00 00 ff 90 f0 3e 00 00 41 89 c4 eb b1 0f
0x00007416d9ff208d:   1f 40 00 48 83 bb 10 04 00 00 00 75 8f 84 c9 75
0x00007416d9ff209d:   8b eb b3 8b 92 6c 01 00 00 85 d2 0f 85 72 ff ff
0x00007416d9ff20ad:   ff 4c 89 f7 e8 2a 30 03 00 84 c0 49 8b 46 40 41
0x00007416d9ff20bd:   0f 95 c5 0f 95 c1 45 0f b6 ed e9 54 ff ff ff 0f
0x00007416d9ff20cd:   1f 40 00 55 48 89 e5 41 56 49 89 d6 41 55 41 54
0x00007416d9ff20dd:   53 48 8b 97 70 02 00 00 48 85 d2 74 70 8b 87 68
0x00007416d9ff20ed:   02 00 00 49 89 fc 85 c0 74 63 49 89 f5 31 db eb
0x00007416d9ff20fd:   22 66 90 83 fa 02 75 7b 0f b7 06 66 89 07 83 c3
0x00007416d9ff210d:   01 41 3b 9c 24 68 02 00 00 73 42 49 8b 94 24 70
0x00007416d9ff211d:   02 00 00 89 d8 48 8d 0c 40 49 8b 74 c5 00 48 8d
0x00007416d9ff212d:   0c 88 48 8d 0c ca 8b 79 08 8b 51 0c 4c 01 f7 83
0x00007416d9ff213d:   fa 04 74 37 77 25 83 fa 01 75 b8 0f b6 06 83 c3
0x00007416d9ff214d:   01 88 07 41 3b 9c 24 68 02 00 00 72 be 5b 41 5c
0x00007416d9ff215d:   41 5d 41 5e 5d c3 0f 1f 44 00 00 83 fa 08 75 13
0x00007416d9ff216d:   48 8b 06 48 89 07 eb 96 0f 1f 00 8b 06 89 07 eb
0x00007416d9ff217d:   8d 66 90 e8 2b ca ee ff eb 84 90 0f 1f 84 00 00
0x00007416d9ff218d:   00 00 00 c3 66 66 2e 0f 1f 84 00 00 00 00 00 0f
0x00007416d9ff219d:   1f 40 00 55 48 89 e5 41 54 49 89 fc 48 83 ec 08
0x00007416d9ff21ad:   48 8b 05 04 37 97 01 ff 50 10 48 85 c0 74 0c 4c
0x00007416d9ff21bd:   8b 65 f8 c9 c3 66 0f 1f 44 00 00 48 8b 05 e9 36
0x00007416d9ff21cd:   97 01 4c 89 e6 4c 8b 65 f8 48 8b 38 c9 e9 c1 ca
0x00007416d9ff21dd:   ee ff 90 55 48 8d 3d e8 25 97 01 48 89 e5 41 54
0x00007416d9ff21ed:   48 83 ec 38 e8 ba c7 ee ff 48 83 3d ba 36 97 01
0x00007416d9ff21fd:   00 74 20 45 31 e4 48 8d 3d c6 25 97 01 e8 d1 c2
0x00007416d9ff220d:   ee ff 44 89 e0 4c 8b 65 f8 c9 c3 0f 1f 84 00 00
0x00007416d9ff221d:   00 00 00 bf 28 00 00 00 be 01 00 00 00 e8 31 c2
0x00007416d9ff222d:   ee ff 48 89 05 82 36 97 01 48 89 c7 48 85 c0 0f
0x00007416d9ff223d:   84 a6 01 00 00 4c 8d 0d 1c a1 65 01 4c 8d 05 20
0x00007416d9ff224d:   a1 65 01 48 8d 0d 2e a1 65 01 48 8d 15 3c a1 65
0x00007416d9ff225d:   01 4c 89 0d 6b db 9b 01 48 8d 35 41 a1 65 01 e8 


Stack slot to memory mapping:

stack at sp + 0 slots: 0x00007416ec04a1f8 points into unknown readable memory: 0x000074170c6840b0 | b0 40 68 0c 17 74 00 00
stack at sp + 1 slots: 0x00000002010005e8 points into unknown readable memory: 0x0000741620022062 | 62 20 02 20 16 74 00 00
stack at sp + 2 slots: 0x000074170f2565c0 points into unknown readable memory: 0x0000000100000001 | 01 00 00 00 01 00 00 00
stack at sp + 3 slots: 0x000074170c621040 points into unknown readable memory: 0x0000000100000000 | 00 00 00 00 01 00 00 00
stack at sp + 4 slots: 0x00007417135fdb60 is pointing into the stack for thread: 0x000074170c019fc0
stack at sp + 5 slots: 0x00007416d9f03b97: <offset 0x0000000000103b97> in /lib/x86_64-linux-gnu/libcuda.so.1 at 0x00007416d9e00000
stack at sp + 6 slots: 0x0000000000052f00 is an unknown value
stack at sp + 7 slots: 0x0 is null


---------------  P R O C E S S  ---------------

Threads class SMR info:
_java_thread_list=0x000074170d607ab0, length=13, elements={
0x000074170c019fc0, 0x000074170c1349d0, 0x000074170c135e60, 0x000074170c137600,
0x000074170c138c40, 0x000074170c13a1e0, 0x000074170c13bda0, 0x000074170c13d460,
0x000074170c149b40, 0x000074170c14cdd0, 0x0000741654023e80, 0x0000741654065a70,
0x000074170d606df0
}

Java Threads: ( => current thread )
=>0x000074170c019fc0 JavaThread "main"                              [_thread_in_native, id=43372, stack(0x0000741713500000,0x0000741713600000) (1024K)]
  0x000074170c1349d0 JavaThread "Reference Handler"          daemon [_thread_blocked, id=43380, stack(0x00007416e59fb000,0x00007416e5afb000) (1024K)]
  0x000074170c135e60 JavaThread "Finalizer"                  daemon [_thread_blocked, id=43381, stack(0x00007416e4b00000,0x00007416e4c00000) (1024K)]
  0x000074170c137600 JavaThread "Signal Dispatcher"          daemon [_thread_blocked, id=43382, stack(0x00007416e4a00000,0x00007416e4b00000) (1024K)]
  0x000074170c138c40 JavaThread "Service Thread"             daemon [_thread_blocked, id=43383, stack(0x00007416e4900000,0x00007416e4a00000) (1024K)]
  0x000074170c13a1e0 JavaThread "Monitor Deflation Thread"   daemon [_thread_blocked, id=43384, stack(0x00007416e4800000,0x00007416e4900000) (1024K)]
  0x000074170c13bda0 JavaThread "C2 CompilerThread0"         daemon [_thread_blocked, id=43385, stack(0x00007416e4700000,0x00007416e4800000) (1024K)]
  0x000074170c13d460 JavaThread "C1 CompilerThread0"         daemon [_thread_blocked, id=43386, stack(0x00007416e4600000,0x00007416e4700000) (1024K)]
  0x000074170c149b40 JavaThread "Notification Thread"        daemon [_thread_blocked, id=43387, stack(0x00007416e4500000,0x00007416e4600000) (1024K)]
  0x000074170c14cdd0 JavaThread "Common-Cleaner"             daemon [_thread_blocked, id=43388, stack(0x00007416e4400000,0x00007416e4500000) (1024K)]
  0x0000741654023e80 JavaThread "C1 CompilerThread1"         daemon [_thread_blocked, id=43389, stack(0x00007416e4300000,0x00007416e4400000) (1024K)]
  0x0000741654065a70 JavaThread "C2 CompilerThread1"         daemon [_thread_blocked, id=43390, stack(0x00007416e4200000,0x00007416e4300000) (1024K)]
  0x000074170d606df0 JavaThread "pool-1-thread-1"            daemon [_thread_blocked, id=43398, stack(0x00007416e4100000,0x00007416e4200000) (1024K)]
Total: 13

Other Threads:
  0x000074170c12b6c0 VMThread "VM Thread"                           [id=43379, stack(0x00007416e5afc000,0x00007416e5bfc000) (1024K)]
  0x000074170c1195d0 WatcherThread "VM Periodic Task Thread"        [id=43378, stack(0x00007416e5bfd000,0x00007416e5cfd000) (1024K)]
  0x000074170c045330 WorkerThread "GC Thread#0"                     [id=43373, stack(0x0000741712165000,0x0000741712265000) (1024K)]
  0x000074170c055e30 ConcurrentGCThread "G1 Main Marker"            [id=43374, stack(0x0000741710100000,0x0000741710200000) (1024K)]
  0x000074170c056de0 WorkerThread "G1 Conc#0"                       [id=43375, stack(0x000074170bf00000,0x000074170c000000) (1024K)]
  0x000074170c0fe9f0 ConcurrentGCThread "G1 Refine#0"               [id=43376, stack(0x00007416e5dff000,0x00007416e5eff000) (1024K)]
  0x000074170c0ff9b0 ConcurrentGCThread "G1 Service"                [id=43377, stack(0x00007416e5cfe000,0x00007416e5dfe000) (1024K)]
Total: 7

Threads with active compile tasks:
Total: 0

VM state: not at safepoint (normal execution)

VM Mutex/Monitor currently owned by a thread: None

Heap address: 0x0000000616800000, size: 7832 MB, Compressed Oops mode: Zero based, Oop shift amount: 3

CDS archive(s) mapped at: [0x000074168f000000-0x000074168fc97000-0x000074168fc97000), size 13201408, SharedBaseAddress: 0x000074168f000000, ArchiveRelocationMode: 1.
Compressed class space mapped at: 0x0000741690000000-0x00007416d0000000, reserved size: 1073741824
Narrow klass base: 0x000074168f000000, Narrow klass shift: 0, Narrow klass range: 0x100000000

GC Precious Log:
 CardTable entry size: 512
 Card Set container configuration: InlinePtr #cards 4 size 8 Array Of Cards #cards 32 size 80 Howl #buckets 8 coarsen threshold 7372 Howl Bitmap #cards 1024 size 144 coarsen threshold 921 Card regions per heap region 1 cards per card region 8192
 CPUs: 16 total, 16 available
 Memory: 31322M
 Large Page Support: Disabled
 NUMA Support: Disabled
 Compressed Oops: Enabled (Zero based)
 Heap Region Size: 4M
 Heap Min Capacity: 8M
 Heap Initial Capacity: 492M
 Heap Max Capacity: 7832M
 Pre-touch: Disabled
 Parallel Workers: 13
 Concurrent Workers: 3
 Concurrent Refinement Workers: 13
 Periodic GC: Disabled

Heap:
 garbage-first heap   total 507904K, used 5169K [0x0000000616800000, 0x0000000800000000)
  region size 4096K, 2 young (8192K), 0 survivors (0K)
 Metaspace       used 1908K, committed 2048K, reserved 1114112K
  class space    used 139K, committed 192K, reserved 1048576K

Heap Regions: E=young(eden), S=young(survivor), O=old, HS=humongous(starts), HC=humongous(continues), CS=collection set, F=free, TAMS=top-at-mark-start, PB=parsable bottom
|   0|0x0000000616800000, 0x0000000616800000, 0x0000000616c00000|  0%| F|  |TAMS 0x0000000616800000| PB 0x0000000616800000| Untracked 
|   1|0x0000000616c00000, 0x0000000616c00000, 0x0000000617000000|  0%| F|  |TAMS 0x0000000616c00000| PB 0x0000000616c00000| Untracked 
|   2|0x0000000617000000, 0x0000000617000000, 0x0000000617400000|  0%| F|  |TAMS 0x0000000617000000| PB 0x0000000617000000| Untracked 
|   3|0x0000000617400000, 0x0000000617400000, 0x0000000617800000|  0%| F|  |TAMS 0x0000000617400000| PB 0x0000000617400000| Untracked 
|   4|0x0000000617800000, 0x0000000617800000, 0x0000000617c00000|  0%| F|  |TAMS 0x0000000617800000| PB 0x0000000617800000| Untracked 
|   5|0x0000000617c00000, 0x0000000617c00000, 0x0000000618000000|  0%| F|  |TAMS 0x0000000617c00000| PB 0x0000000617c00000| Untracked 
|   6|0x0000000618000000, 0x0000000618000000, 0x0000000618400000|  0%| F|  |TAMS 0x0000000618000000| PB 0x0000000618000000| Untracked 
|   7|0x0000000618400000, 0x0000000618400000, 0x0000000618800000|  0%| F|  |TAMS 0x0000000618400000| PB 0x0000000618400000| Untracked 
|   8|0x0000000618800000, 0x0000000618800000, 0x0000000618c00000|  0%| F|  |TAMS 0x0000000618800000| PB 0x0000000618800000| Untracked 
|   9|0x0000000618c00000, 0x0000000618c00000, 0x0000000619000000|  0%| F|  |TAMS 0x0000000618c00000| PB 0x0000000618c00000| Untracked 
|  10|0x0000000619000000, 0x0000000619000000, 0x0000000619400000|  0%| F|  |TAMS 0x0000000619000000| PB 0x0000000619000000| Untracked 
|  11|0x0000000619400000, 0x0000000619400000, 0x0000000619800000|  0%| F|  |TAMS 0x0000000619400000| PB 0x0000000619400000| Untracked 
|  12|0x0000000619800000, 0x0000000619800000, 0x0000000619c00000|  0%| F|  |TAMS 0x0000000619800000| PB 0x0000000619800000| Untracked 
|  13|0x0000000619c00000, 0x0000000619c00000, 0x000000061a000000|  0%| F|  |TAMS 0x0000000619c00000| PB 0x0000000619c00000| Untracked 
|  14|0x000000061a000000, 0x000000061a000000, 0x000000061a400000|  0%| F|  |TAMS 0x000000061a000000| PB 0x000000061a000000| Untracked 
|  15|0x000000061a400000, 0x000000061a400000, 0x000000061a800000|  0%| F|  |TAMS 0x000000061a400000| PB 0x000000061a400000| Untracked 
|  16|0x000000061a800000, 0x000000061a800000, 0x000000061ac00000|  0%| F|  |TAMS 0x000000061a800000| PB 0x000000061a800000| Untracked 
|  17|0x000000061ac00000, 0x000000061ac00000, 0x000000061b000000|  0%| F|  |TAMS 0x000000061ac00000| PB 0x000000061ac00000| Untracked 
|  18|0x000000061b000000, 0x000000061b000000, 0x000000061b400000|  0%| F|  |TAMS 0x000000061b000000| PB 0x000000061b000000| Untracked 
|  19|0x000000061b400000, 0x000000061b400000, 0x000000061b800000|  0%| F|  |TAMS 0x000000061b400000| PB 0x000000061b400000| Untracked 
|  20|0x000000061b800000, 0x000000061b800000, 0x000000061bc00000|  0%| F|  |TAMS 0x000000061b800000| PB 0x000000061b800000| Untracked 
|  21|0x000000061bc00000, 0x000000061bc00000, 0x000000061c000000|  0%| F|  |TAMS 0x000000061bc00000| PB 0x000000061bc00000| Untracked 
|  22|0x000000061c000000, 0x000000061c000000, 0x000000061c400000|  0%| F|  |TAMS 0x000000061c000000| PB 0x000000061c000000| Untracked 
|  23|0x000000061c400000, 0x000000061c400000, 0x000000061c800000|  0%| F|  |TAMS 0x000000061c400000| PB 0x000000061c400000| Untracked 
|  24|0x000000061c800000, 0x000000061c800000, 0x000000061cc00000|  0%| F|  |TAMS 0x000000061c800000| PB 0x000000061c800000| Untracked 
|  25|0x000000061cc00000, 0x000000061cc00000, 0x000000061d000000|  0%| F|  |TAMS 0x000000061cc00000| PB 0x000000061cc00000| Untracked 
|  26|0x000000061d000000, 0x000000061d000000, 0x000000061d400000|  0%| F|  |TAMS 0x000000061d000000| PB 0x000000061d000000| Untracked 
|  27|0x000000061d400000, 0x000000061d400000, 0x000000061d800000|  0%| F|  |TAMS 0x000000061d400000| PB 0x000000061d400000| Untracked 
|  28|0x000000061d800000, 0x000000061d800000, 0x000000061dc00000|  0%| F|  |TAMS 0x000000061d800000| PB 0x000000061d800000| Untracked 
|  29|0x000000061dc00000, 0x000000061dc00000, 0x000000061e000000|  0%| F|  |TAMS 0x000000061dc00000| PB 0x000000061dc00000| Untracked 
|  30|0x000000061e000000, 0x000000061e000000, 0x000000061e400000|  0%| F|  |TAMS 0x000000061e000000| PB 0x000000061e000000| Untracked 
|  31|0x000000061e400000, 0x000000061e400000, 0x000000061e800000|  0%| F|  |TAMS 0x000000061e400000| PB 0x000000061e400000| Untracked 
|  32|0x000000061e800000, 0x000000061e800000, 0x000000061ec00000|  0%| F|  |TAMS 0x000000061e800000| PB 0x000000061e800000| Untracked 
|  33|0x000000061ec00000, 0x000000061ec00000, 0x000000061f000000|  0%| F|  |TAMS 0x000000061ec00000| PB 0x000000061ec00000| Untracked 
|  34|0x000000061f000000, 0x000000061f000000, 0x000000061f400000|  0%| F|  |TAMS 0x000000061f000000| PB 0x000000061f000000| Untracked 
|  35|0x000000061f400000, 0x000000061f400000, 0x000000061f800000|  0%| F|  |TAMS 0x000000061f400000| PB 0x000000061f400000| Untracked 
|  36|0x000000061f800000, 0x000000061f800000, 0x000000061fc00000|  0%| F|  |TAMS 0x000000061f800000| PB 0x000000061f800000| Untracked 
|  37|0x000000061fc00000, 0x000000061fc00000, 0x0000000620000000|  0%| F|  |TAMS 0x000000061fc00000| PB 0x000000061fc00000| Untracked 
|  38|0x0000000620000000, 0x0000000620000000, 0x0000000620400000|  0%| F|  |TAMS 0x0000000620000000| PB 0x0000000620000000| Untracked 
|  39|0x0000000620400000, 0x0000000620400000, 0x0000000620800000|  0%| F|  |TAMS 0x0000000620400000| PB 0x0000000620400000| Untracked 
|  40|0x0000000620800000, 0x0000000620800000, 0x0000000620c00000|  0%| F|  |TAMS 0x0000000620800000| PB 0x0000000620800000| Untracked 
|  41|0x0000000620c00000, 0x0000000620c00000, 0x0000000621000000|  0%| F|  |TAMS 0x0000000620c00000| PB 0x0000000620c00000| Untracked 
|  42|0x0000000621000000, 0x0000000621000000, 0x0000000621400000|  0%| F|  |TAMS 0x0000000621000000| PB 0x0000000621000000| Untracked 
|  43|0x0000000621400000, 0x0000000621400000, 0x0000000621800000|  0%| F|  |TAMS 0x0000000621400000| PB 0x0000000621400000| Untracked 
|  44|0x0000000621800000, 0x0000000621800000, 0x0000000621c00000|  0%| F|  |TAMS 0x0000000621800000| PB 0x0000000621800000| Untracked 
|  45|0x0000000621c00000, 0x0000000621c00000, 0x0000000622000000|  0%| F|  |TAMS 0x0000000621c00000| PB 0x0000000621c00000| Untracked 
|  46|0x0000000622000000, 0x0000000622000000, 0x0000000622400000|  0%| F|  |TAMS 0x0000000622000000| PB 0x0000000622000000| Untracked 
|  47|0x0000000622400000, 0x0000000622400000, 0x0000000622800000|  0%| F|  |TAMS 0x0000000622400000| PB 0x0000000622400000| Untracked 
|  48|0x0000000622800000, 0x0000000622800000, 0x0000000622c00000|  0%| F|  |TAMS 0x0000000622800000| PB 0x0000000622800000| Untracked 
|  49|0x0000000622c00000, 0x0000000622c00000, 0x0000000623000000|  0%| F|  |TAMS 0x0000000622c00000| PB 0x0000000622c00000| Untracked 
|  50|0x0000000623000000, 0x0000000623000000, 0x0000000623400000|  0%| F|  |TAMS 0x0000000623000000| PB 0x0000000623000000| Untracked 
|  51|0x0000000623400000, 0x0000000623400000, 0x0000000623800000|  0%| F|  |TAMS 0x0000000623400000| PB 0x0000000623400000| Untracked 
|  52|0x0000000623800000, 0x0000000623800000, 0x0000000623c00000|  0%| F|  |TAMS 0x0000000623800000| PB 0x0000000623800000| Untracked 
|  53|0x0000000623c00000, 0x0000000623c00000, 0x0000000624000000|  0%| F|  |TAMS 0x0000000623c00000| PB 0x0000000623c00000| Untracked 
|  54|0x0000000624000000, 0x0000000624000000, 0x0000000624400000|  0%| F|  |TAMS 0x0000000624000000| PB 0x0000000624000000| Untracked 
|  55|0x0000000624400000, 0x0000000624400000, 0x0000000624800000|  0%| F|  |TAMS 0x0000000624400000| PB 0x0000000624400000| Untracked 
|  56|0x0000000624800000, 0x0000000624800000, 0x0000000624c00000|  0%| F|  |TAMS 0x0000000624800000| PB 0x0000000624800000| Untracked 
|  57|0x0000000624c00000, 0x0000000624c00000, 0x0000000625000000|  0%| F|  |TAMS 0x0000000624c00000| PB 0x0000000624c00000| Untracked 
|  58|0x0000000625000000, 0x0000000625000000, 0x0000000625400000|  0%| F|  |TAMS 0x0000000625000000| PB 0x0000000625000000| Untracked 
|  59|0x0000000625400000, 0x0000000625400000, 0x0000000625800000|  0%| F|  |TAMS 0x0000000625400000| PB 0x0000000625400000| Untracked 
|  60|0x0000000625800000, 0x0000000625800000, 0x0000000625c00000|  0%| F|  |TAMS 0x0000000625800000| PB 0x0000000625800000| Untracked 
|  61|0x0000000625c00000, 0x0000000625c00000, 0x0000000626000000|  0%| F|  |TAMS 0x0000000625c00000| PB 0x0000000625c00000| Untracked 
|  62|0x0000000626000000, 0x0000000626000000, 0x0000000626400000|  0%| F|  |TAMS 0x0000000626000000| PB 0x0000000626000000| Untracked 
|  63|0x0000000626400000, 0x0000000626400000, 0x0000000626800000|  0%| F|  |TAMS 0x0000000626400000| PB 0x0000000626400000| Untracked 
|  64|0x0000000626800000, 0x0000000626800000, 0x0000000626c00000|  0%| F|  |TAMS 0x0000000626800000| PB 0x0000000626800000| Untracked 
|  65|0x0000000626c00000, 0x0000000626c00000, 0x0000000627000000|  0%| F|  |TAMS 0x0000000626c00000| PB 0x0000000626c00000| Untracked 
|  66|0x0000000627000000, 0x0000000627000000, 0x0000000627400000|  0%| F|  |TAMS 0x0000000627000000| PB 0x0000000627000000| Untracked 
|  67|0x0000000627400000, 0x0000000627400000, 0x0000000627800000|  0%| F|  |TAMS 0x0000000627400000| PB 0x0000000627400000| Untracked 
|  68|0x0000000627800000, 0x0000000627800000, 0x0000000627c00000|  0%| F|  |TAMS 0x0000000627800000| PB 0x0000000627800000| Untracked 
|  69|0x0000000627c00000, 0x0000000627c00000, 0x0000000628000000|  0%| F|  |TAMS 0x0000000627c00000| PB 0x0000000627c00000| Untracked 
|  70|0x0000000628000000, 0x0000000628000000, 0x0000000628400000|  0%| F|  |TAMS 0x0000000628000000| PB 0x0000000628000000| Untracked 
|  71|0x0000000628400000, 0x0000000628400000, 0x0000000628800000|  0%| F|  |TAMS 0x0000000628400000| PB 0x0000000628400000| Untracked 
|  72|0x0000000628800000, 0x0000000628800000, 0x0000000628c00000|  0%| F|  |TAMS 0x0000000628800000| PB 0x0000000628800000| Untracked 
|  73|0x0000000628c00000, 0x0000000628c00000, 0x0000000629000000|  0%| F|  |TAMS 0x0000000628c00000| PB 0x0000000628c00000| Untracked 
|  74|0x0000000629000000, 0x0000000629000000, 0x0000000629400000|  0%| F|  |TAMS 0x0000000629000000| PB 0x0000000629000000| Untracked 
|  75|0x0000000629400000, 0x0000000629400000, 0x0000000629800000|  0%| F|  |TAMS 0x0000000629400000| PB 0x0000000629400000| Untracked 
|  76|0x0000000629800000, 0x0000000629800000, 0x0000000629c00000|  0%| F|  |TAMS 0x0000000629800000| PB 0x0000000629800000| Untracked 
|  77|0x0000000629c00000, 0x0000000629c00000, 0x000000062a000000|  0%| F|  |TAMS 0x0000000629c00000| PB 0x0000000629c00000| Untracked 
|  78|0x000000062a000000, 0x000000062a000000, 0x000000062a400000|  0%| F|  |TAMS 0x000000062a000000| PB 0x000000062a000000| Untracked 
|  79|0x000000062a400000, 0x000000062a400000, 0x000000062a800000|  0%| F|  |TAMS 0x000000062a400000| PB 0x000000062a400000| Untracked 
|  80|0x000000062a800000, 0x000000062a800000, 0x000000062ac00000|  0%| F|  |TAMS 0x000000062a800000| PB 0x000000062a800000| Untracked 
|  81|0x000000062ac00000, 0x000000062ac00000, 0x000000062b000000|  0%| F|  |TAMS 0x000000062ac00000| PB 0x000000062ac00000| Untracked 
|  82|0x000000062b000000, 0x000000062b000000, 0x000000062b400000|  0%| F|  |TAMS 0x000000062b000000| PB 0x000000062b000000| Untracked 
|  83|0x000000062b400000, 0x000000062b400000, 0x000000062b800000|  0%| F|  |TAMS 0x000000062b400000| PB 0x000000062b400000| Untracked 
|  84|0x000000062b800000, 0x000000062b800000, 0x000000062bc00000|  0%| F|  |TAMS 0x000000062b800000| PB 0x000000062b800000| Untracked 
|  85|0x000000062bc00000, 0x000000062bc00000, 0x000000062c000000|  0%| F|  |TAMS 0x000000062bc00000| PB 0x000000062bc00000| Untracked 
|  86|0x000000062c000000, 0x000000062c000000, 0x000000062c400000|  0%| F|  |TAMS 0x000000062c000000| PB 0x000000062c000000| Untracked 
|  87|0x000000062c400000, 0x000000062c400000, 0x000000062c800000|  0%| F|  |TAMS 0x000000062c400000| PB 0x000000062c400000| Untracked 
|  88|0x000000062c800000, 0x000000062c800000, 0x000000062cc00000|  0%| F|  |TAMS 0x000000062c800000| PB 0x000000062c800000| Untracked 
|  89|0x000000062cc00000, 0x000000062cc00000, 0x000000062d000000|  0%| F|  |TAMS 0x000000062cc00000| PB 0x000000062cc00000| Untracked 
|  90|0x000000062d000000, 0x000000062d000000, 0x000000062d400000|  0%| F|  |TAMS 0x000000062d000000| PB 0x000000062d000000| Untracked 
|  91|0x000000062d400000, 0x000000062d400000, 0x000000062d800000|  0%| F|  |TAMS 0x000000062d400000| PB 0x000000062d400000| Untracked 
|  92|0x000000062d800000, 0x000000062d800000, 0x000000062dc00000|  0%| F|  |TAMS 0x000000062d800000| PB 0x000000062d800000| Untracked 
|  93|0x000000062dc00000, 0x000000062dc00000, 0x000000062e000000|  0%| F|  |TAMS 0x000000062dc00000| PB 0x000000062dc00000| Untracked 
|  94|0x000000062e000000, 0x000000062e000000, 0x000000062e400000|  0%| F|  |TAMS 0x000000062e000000| PB 0x000000062e000000| Untracked 
|  95|0x000000062e400000, 0x000000062e400000, 0x000000062e800000|  0%| F|  |TAMS 0x000000062e400000| PB 0x000000062e400000| Untracked 
|  96|0x000000062e800000, 0x000000062e800000, 0x000000062ec00000|  0%| F|  |TAMS 0x000000062e800000| PB 0x000000062e800000| Untracked 
|  97|0x000000062ec00000, 0x000000062ec00000, 0x000000062f000000|  0%| F|  |TAMS 0x000000062ec00000| PB 0x000000062ec00000| Untracked 
|  98|0x000000062f000000, 0x000000062f000000, 0x000000062f400000|  0%| F|  |TAMS 0x000000062f000000| PB 0x000000062f000000| Untracked 
|  99|0x000000062f400000, 0x000000062f400000, 0x000000062f800000|  0%| F|  |TAMS 0x000000062f400000| PB 0x000000062f400000| Untracked 
| 100|0x000000062f800000, 0x000000062f800000, 0x000000062fc00000|  0%| F|  |TAMS 0x000000062f800000| PB 0x000000062f800000| Untracked 
| 101|0x000000062fc00000, 0x000000062fc00000, 0x0000000630000000|  0%| F|  |TAMS 0x000000062fc00000| PB 0x000000062fc00000| Untracked 
| 102|0x0000000630000000, 0x0000000630000000, 0x0000000630400000|  0%| F|  |TAMS 0x0000000630000000| PB 0x0000000630000000| Untracked 
| 103|0x0000000630400000, 0x0000000630400000, 0x0000000630800000|  0%| F|  |TAMS 0x0000000630400000| PB 0x0000000630400000| Untracked 
| 104|0x0000000630800000, 0x0000000630800000, 0x0000000630c00000|  0%| F|  |TAMS 0x0000000630800000| PB 0x0000000630800000| Untracked 
| 105|0x0000000630c00000, 0x0000000630c00000, 0x0000000631000000|  0%| F|  |TAMS 0x0000000630c00000| PB 0x0000000630c00000| Untracked 
| 106|0x0000000631000000, 0x0000000631000000, 0x0000000631400000|  0%| F|  |TAMS 0x0000000631000000| PB 0x0000000631000000| Untracked 
| 107|0x0000000631400000, 0x0000000631400000, 0x0000000631800000|  0%| F|  |TAMS 0x0000000631400000| PB 0x0000000631400000| Untracked 
| 108|0x0000000631800000, 0x0000000631800000, 0x0000000631c00000|  0%| F|  |TAMS 0x0000000631800000| PB 0x0000000631800000| Untracked 
| 109|0x0000000631c00000, 0x0000000631c00000, 0x0000000632000000|  0%| F|  |TAMS 0x0000000631c00000| PB 0x0000000631c00000| Untracked 
| 110|0x0000000632000000, 0x0000000632000000, 0x0000000632400000|  0%| F|  |TAMS 0x0000000632000000| PB 0x0000000632000000| Untracked 
| 111|0x0000000632400000, 0x0000000632400000, 0x0000000632800000|  0%| F|  |TAMS 0x0000000632400000| PB 0x0000000632400000| Untracked 
| 112|0x0000000632800000, 0x0000000632800000, 0x0000000632c00000|  0%| F|  |TAMS 0x0000000632800000| PB 0x0000000632800000| Untracked 
| 113|0x0000000632c00000, 0x0000000632c00000, 0x0000000633000000|  0%| F|  |TAMS 0x0000000632c00000| PB 0x0000000632c00000| Untracked 
| 114|0x0000000633000000, 0x0000000633000000, 0x0000000633400000|  0%| F|  |TAMS 0x0000000633000000| PB 0x0000000633000000| Untracked 
| 115|0x0000000633400000, 0x0000000633400000, 0x0000000633800000|  0%| F|  |TAMS 0x0000000633400000| PB 0x0000000633400000| Untracked 
| 116|0x0000000633800000, 0x0000000633800000, 0x0000000633c00000|  0%| F|  |TAMS 0x0000000633800000| PB 0x0000000633800000| Untracked 
| 117|0x0000000633c00000, 0x0000000633c00000, 0x0000000634000000|  0%| F|  |TAMS 0x0000000633c00000| PB 0x0000000633c00000| Untracked 
| 118|0x0000000634000000, 0x0000000634000000, 0x0000000634400000|  0%| F|  |TAMS 0x0000000634000000| PB 0x0000000634000000| Untracked 
| 119|0x0000000634400000, 0x0000000634400000, 0x0000000634800000|  0%| F|  |TAMS 0x0000000634400000| PB 0x0000000634400000| Untracked 
| 120|0x0000000634800000, 0x0000000634800000, 0x0000000634c00000|  0%| F|  |TAMS 0x0000000634800000| PB 0x0000000634800000| Untracked 
| 121|0x0000000634c00000, 0x0000000634e6b258, 0x0000000635000000| 60%| E|  |TAMS 0x0000000634c00000| PB 0x0000000634c00000| Complete 
| 122|0x0000000635000000, 0x0000000635400000, 0x0000000635400000|100%| E|CS|TAMS 0x0000000635000000| PB 0x0000000635000000| Complete 
|1957|0x00000007ffc00000, 0x00000007ffd0c710, 0x0000000800000000| 26%| O|  |TAMS 0x00000007ffc00000| PB 0x00000007ffc00000| Untracked 

Card table byte_map: [0x0000741710200000,0x000074171114c000] _byte_map_base: 0x000074170d14c000

Marking Bits: (CMBitMap*) 0x000074170c045e60
 Bits: [0x00007416ecc00000, 0x00007416f4660000)

Polling page: 0x0000741714fdf000

Metaspace:

Usage:
  Non-class:      1.73 MB used.
      Class:    139.02 KB used.
       Both:      1.86 MB used.

Virtual space:
  Non-class space:       64.00 MB reserved,       1.81 MB (  3%) committed,  1 nodes.
      Class space:        1.00 GB reserved,     192.00 KB ( <1%) committed,  1 nodes.
             Both:        1.06 GB reserved,       2.00 MB ( <1%) committed. 

Chunk freelists:
   Non-Class:  11.09 MB
       Class:  15.64 MB
        Both:  26.73 MB

MaxMetaspaceSize: unlimited
CompressedClassSpaceSize: 1.00 GB
Initial GC threshold: 21.00 MB
Current GC threshold: 21.00 MB
CDS: on
 - commit_granule_bytes: 65536.
 - commit_granule_words: 8192.
 - virtual_space_node_default_size: 8388608.
 - enlarge_chunks_in_place: 1.
 - use_allocation_guard: 0.


Internal statistics:

num_allocs_failed_limit: 0.
num_arena_births: 62.
num_arena_deaths: 0.
num_vsnodes_births: 2.
num_vsnodes_deaths: 0.
num_space_committed: 32.
num_space_uncommitted: 0.
num_chunks_returned_to_freelist: 0.
num_chunks_taken_from_freelist: 119.
num_chunk_merges: 0.
num_chunk_splits: 74.
num_chunks_enlarged: 41.
num_inconsistent_stats: 0.

CodeHeap 'non-profiled nmethods': size=119168Kb used=138Kb max_used=138Kb free=119030Kb
 bounds [0x00007416fc3a0000, 0x00007416fc610000, 0x0000741703800000]
CodeHeap 'profiled nmethods': size=119164Kb used=604Kb max_used=604Kb free=118559Kb
 bounds [0x00007416f4800000, 0x00007416f4a70000, 0x00007416fbc5f000]
CodeHeap 'non-nmethods': size=7428Kb used=2031Kb max_used=2045Kb free=5396Kb
 bounds [0x00007416fbc5f000, 0x00007416fbecf000, 0x00007416fc3a0000]
 total_blobs=978 nmethods=413 adapters=470
 compilation: enabled
              stopped_count=0, restarted_count=0
 full_count=0

Compilation events (20 events):
Event: 1.688 Thread 0x000074170c13d460 nmethod 401 0x00007416f488ef90 code [0x00007416f488f3e0, 0x00007416f4891620]
Event: 1.688 Thread 0x000074170c13d460  404   !   3       jdk.internal.loader.BuiltinClassLoader::loadClassOrNull (143 bytes)
Event: 1.688 Thread 0x0000741654023e80 nmethod 403 0x00007416f4892690 code [0x00007416f48928c0, 0x00007416f4893218]
Event: 1.688 Thread 0x0000741654023e80  405       3       java.lang.ClassLoader::getClassLoadingLock (35 bytes)
Event: 1.688 Thread 0x0000741654023e80 nmethod 405 0x00007416f4893590 code [0x00007416f4893740, 0x00007416f4893a40]
Event: 1.688 Thread 0x0000741654023e80  406       3       java.lang.ClassLoader::findLoadedClass (15 bytes)
Event: 1.689 Thread 0x0000741654023e80 nmethod 406 0x00007416f4893b90 code [0x00007416f4893d40, 0x00007416f4893f20]
Event: 1.689 Thread 0x0000741654023e80  407       3       jdk.internal.loader.BuiltinClassLoader::findLoadedModule (33 bytes)
Event: 1.689 Thread 0x0000741654023e80 nmethod 407 0x00007416f4894010 code [0x00007416f4894240, 0x00007416f4894858]
Event: 1.689 Thread 0x0000741654023e80  408       3       jdk.internal.loader.BuiltinClassLoader::loadClassOrNull (7 bytes)
Event: 1.689 Thread 0x000074170c13d460 nmethod 404 0x00007416f4894a90 code [0x00007416f4894d60, 0x00007416f4895c40]
Event: 1.689 Thread 0x000074170c13d460  410       3       java.util.jar.JarFile::maybeInstantiateVerifier (42 bytes)
Event: 1.689 Thread 0x0000741654023e80 nmethod 408 0x00007416f4896290 code [0x00007416f4896440, 0x00007416f4896608]
Event: 1.690 Thread 0x000074170c13d460 nmethod 410 0x00007416f4896690 code [0x00007416f4896860, 0x00007416f4896bb0]
Event: 1.690 Thread 0x0000741654023e80  411       3       java.util.ArrayDeque::inc (12 bytes)
Event: 1.690 Thread 0x0000741654023e80 nmethod 411 0x00007416f4896d10 code [0x00007416f4896ea0, 0x00007416f4896fb8]
Event: 1.691 Thread 0x000074170c13d460  412       1       java.net.URLStreamHandler::getDefaultPort (2 bytes)
Event: 1.692 Thread 0x000074170c13d460 nmethod 412 0x00007416fc3c2210 code [0x00007416fc3c23a0, 0x00007416fc3c2460]
Event: 1.692 Thread 0x000074170c13d460  413       1       java.util.Spliterators$IntArraySpliterator::characteristics (5 bytes)
Event: 1.693 Thread 0x000074170c13d460 nmethod 413 0x00007416fc3c2510 code [0x00007416fc3c26a0, 0x00007416fc3c2760]

GC Heap History (0 events):
No events

Dll operation events (10 events):
Event: 0.002 Loaded shared library /usr/lib/jvm/java-21-openjdk-amd64/lib/libjava.so
Event: 0.036 Loaded shared library /usr/lib/jvm/java-21-openjdk-amd64/lib/libjsvml.so
Event: 0.044 Loaded shared library /usr/lib/jvm/java-21-openjdk-amd64/lib/libnio.so
Event: 0.051 Loaded shared library /usr/lib/jvm/java-21-openjdk-amd64/lib/libzip.so
Event: 0.100 Loaded shared library /usr/lib/jvm/java-21-openjdk-amd64/lib/libjimage.so
Event: 0.182 Loaded shared library /tmp/libJCublas2-12.0.0-linux-x86_64.so
Event: 1.571 Loaded shared library /tmp/libJCudaRuntime-12.0.0-linux-x86_64.so
Event: 1.608 Loaded shared library /usr/lib/jvm/java-21-openjdk-amd64/lib/libawt.so
Event: 1.612 Loaded shared library /usr/lib/jvm/java-21-openjdk-amd64/lib/libawt_xawt.so
Event: 1.680 Loaded shared library /tmp/libJCudaDriver-12.0.0-linux-x86_64.so

Deoptimization events (20 events):
Event: 0.058 Thread 0x000074170c019fc0 DEOPT PACKING pc=0x00007416f48032cd sp=0x00007417135fcff0
Event: 0.058 Thread 0x000074170c019fc0 DEOPT UNPACKING pc=0x00007416fbcb372f sp=0x00007417135fc480 mode 0
Event: 0.058 Thread 0x000074170c019fc0 DEOPT PACKING pc=0x00007416f48032cd sp=0x00007417135fcff0
Event: 0.058 Thread 0x000074170c019fc0 DEOPT UNPACKING pc=0x00007416fbcb372f sp=0x00007417135fc480 mode 0
Event: 0.058 Thread 0x000074170c019fc0 DEOPT PACKING pc=0x00007416f48032cd sp=0x00007417135fcff0
Event: 0.058 Thread 0x000074170c019fc0 DEOPT UNPACKING pc=0x00007416fbcb372f sp=0x00007417135fc480 mode 0
Event: 0.058 Thread 0x000074170c019fc0 DEOPT PACKING pc=0x00007416f48032cd sp=0x00007417135fcff0
Event: 0.058 Thread 0x000074170c019fc0 DEOPT UNPACKING pc=0x00007416fbcb372f sp=0x00007417135fc480 mode 0
Event: 0.060 Thread 0x000074170c019fc0 DEOPT PACKING pc=0x00007416f48032cd sp=0x00007417135fcff0
Event: 0.060 Thread 0x000074170c019fc0 DEOPT UNPACKING pc=0x00007416fbcb372f sp=0x00007417135fc480 mode 0
Event: 0.060 Thread 0x000074170c019fc0 DEOPT PACKING pc=0x00007416f48032cd sp=0x00007417135fcff0
Event: 0.060 Thread 0x000074170c019fc0 DEOPT UNPACKING pc=0x00007416fbcb372f sp=0x00007417135fc480 mode 0
Event: 0.064 Thread 0x000074170c019fc0 Uncommon trap: trap_request=0xffffff45 fr.pc=0x00007416fc3a4c3c relative=0x000000000000017c
Event: 0.064 Thread 0x000074170c019fc0 Uncommon trap: reason=unstable_if action=reinterpret pc=0x00007416fc3a4c3c method=java.util.zip.ZipFile$Source.isMetaName([BII)Z @ 43 c2
Event: 0.065 Thread 0x000074170c019fc0 DEOPT PACKING pc=0x00007416fc3a4c3c sp=0x00007417135fd1a0
Event: 0.065 Thread 0x000074170c019fc0 DEOPT UNPACKING pc=0x00007416fbcb2f99 sp=0x00007417135fd168 mode 2
Event: 1.609 Thread 0x000074170c019fc0 Uncommon trap: trap_request=0xffffff45 fr.pc=0x00007416fc3a432c relative=0x000000000000018c
Event: 1.609 Thread 0x000074170c019fc0 Uncommon trap: reason=unstable_if action=reinterpret pc=0x00007416fc3a432c method=jdk.internal.util.ArraysSupport.vectorizedHashCode(Ljava/lang/Object;IIII)I @ 2 c2
Event: 1.609 Thread 0x000074170c019fc0 DEOPT PACKING pc=0x00007416fc3a432c sp=0x00007417135faf40
Event: 1.609 Thread 0x000074170c019fc0 DEOPT UNPACKING pc=0x00007416fbcb2f99 sp=0x00007417135faf10 mode 2

Classes loaded (20 events):
Event: 1.609 Loading class java/lang/ProcessEnvironment$ExternalData done
Event: 1.609 Loading class java/lang/ProcessEnvironment$Variable done
Event: 1.609 Loading class java/lang/ProcessImpl
Event: 1.609 Loading class java/lang/Process
Event: 1.609 Loading class java/lang/Process done
Event: 1.609 Loading class java/lang/ProcessImpl done
Event: 1.609 Loading class java/lang/ProcessImpl$LaunchMechanism
Event: 1.609 Loading class java/lang/ProcessImpl$LaunchMechanism done
Event: 1.609 Loading class java/lang/ProcessEnvironment$Value
Event: 1.609 Loading class java/lang/ProcessEnvironment$Value done
Event: 1.610 Loading class java/lang/ProcessEnvironment$StringEnvironment
Event: 1.610 Loading class java/lang/ProcessEnvironment$StringEnvironment done
Event: 1.612 Loading class java/awt/Toolkit$1
Event: 1.612 Loading class java/awt/Toolkit$1 done
Event: 1.622 Loading class java/io/FileNotFoundException
Event: 1.622 Loading class java/io/FileNotFoundException done
Event: 1.671 Loading class java/lang/invoke/DirectMethodHandle$Special
Event: 1.671 Loading class java/lang/invoke/DirectMethodHandle$Special done
Event: 1.692 Loading class java/nio/HeapIntBuffer
Event: 1.692 Loading class java/nio/HeapIntBuffer done

Classes unloaded (0 events):
No events

Classes redefined (0 events):
No events

Internal exceptions (3 events):
Event: 1.581 Thread 0x000074170c019fc0 Exception <a 'java/lang/NoSuchMethodError'{0x0000000634c25cc0}: 'void java.lang.invoke.DirectMethodHandle$Holder.invokeStatic(java.lang.Object, java.lang.Object)'> (0x0000000634c25cc0) 
thrown [./src/hotspot/share/interpreter/linkResolver.cpp, line 772]
Event: 1.603 Thread 0x000074170c019fc0 Exception <a 'java/lang/ClassNotFoundException'{0x0000000634d0c148}: sun/awt/resources/spi/awtProvider> (0x0000000634d0c148) 
thrown [./src/hotspot/share/classfile/systemDictionary.cpp, line 312]
Event: 1.623 Thread 0x000074170c019fc0 Exception <a 'java/io/FileNotFoundException'{0x0000000634d5fda8}> (0x0000000634d5fda8) 
thrown [./src/hotspot/share/prims/jni.cpp, line 520]

ZGC Phase Switch (0 events):
No events

VM Operations (4 events):
Event: 1.027 Executing VM operation: Cleanup
Event: 1.027 Executing VM operation: Cleanup done
Event: 1.622 Executing VM operation: HandshakeAllThreads (Deoptimize)
Event: 1.623 Executing VM operation: HandshakeAllThreads (Deoptimize) done

Memory protections (14 events):
Event: 0.002 Protecting memory [0x0000741713500000,0x0000741713504000] with protection modes 0
Event: 0.033 Protecting memory [0x00007416e59fb000,0x00007416e59ff000] with protection modes 0
Event: 0.033 Protecting memory [0x00007416e4b00000,0x00007416e4b04000] with protection modes 0
Event: 0.034 Protecting memory [0x00007416e4a00000,0x00007416e4a04000] with protection modes 0
Event: 0.034 Protecting memory [0x00007416e4900000,0x00007416e4904000] with protection modes 0
Event: 0.035 Protecting memory [0x00007416e4800000,0x00007416e4804000] with protection modes 0
Event: 0.035 Protecting memory [0x00007416e4700000,0x00007416e4704000] with protection modes 0
Event: 0.035 Protecting memory [0x00007416e4600000,0x00007416e4604000] with protection modes 0
Event: 0.041 Protecting memory [0x00007416e4500000,0x00007416e4504000] with protection modes 0
Event: 0.043 Protecting memory [0x00007416e4400000,0x00007416e4404000] with protection modes 0
Event: 0.047 Protecting memory [0x00007416e4300000,0x00007416e4304000] with protection modes 0
Event: 0.059 Protecting memory [0x00007416e4200000,0x00007416e4204000] with protection modes 0
Event: 0.059 Protecting memory [0x00007416e4100000,0x00007416e4104000] with protection modes 0
Event: 1.584 Protecting memory [0x00007416e4100000,0x00007416e4104000] with protection modes 0

Nmethod flushes (0 events):
No events

Events (15 events):
Event: 0.024 Thread 0x000074170c019fc0 Thread added: 0x000074170c019fc0
Event: 0.033 Thread 0x000074170c019fc0 Thread added: 0x000074170c1349d0
Event: 0.033 Thread 0x000074170c019fc0 Thread added: 0x000074170c135e60
Event: 0.034 Thread 0x000074170c019fc0 Thread added: 0x000074170c137600
Event: 0.034 Thread 0x000074170c019fc0 Thread added: 0x000074170c138c40
Event: 0.034 Thread 0x000074170c019fc0 Thread added: 0x000074170c13a1e0
Event: 0.035 Thread 0x000074170c019fc0 Thread added: 0x000074170c13bda0
Event: 0.035 Thread 0x000074170c019fc0 Thread added: 0x000074170c13d460
Event: 0.041 Thread 0x000074170c019fc0 Thread added: 0x000074170c149b40
Event: 0.042 Thread 0x000074170c019fc0 Thread added: 0x000074170c14cdd0
Event: 0.047 Thread 0x000074170c13d460 Thread added: 0x0000741654023e80
Event: 0.059 Thread 0x000074170c13d460 Thread added: 0x0000741654065a70
Event: 0.059 Thread 0x000074170c13d460 Thread added: 0x0000741654066c20
Event: 0.184 Thread 0x0000741654066c20 Thread exited: 0x0000741654066c20
Event: 1.584 Thread 0x000074170c019fc0 Thread added: 0x000074170d606df0


Dynamic libraries:
200000000-200200000 ---p 00000000 00:00 0 
200200000-200400000 rw-s 00000000 00:05 1098                             /dev/nvidia0
200400000-203400000 rw-s 00000000 00:05 1097                             /dev/nvidiactl
203400000-204400000 ---p 00000000 00:00 0 
204400000-204600000 rw-s 00000000 00:05 1097                             /dev/nvidiactl
204600000-204800000 rw-s 00000000 00:05 1097                             /dev/nvidiactl
204800000-204a00000 rw-s 00000000 00:05 1097                             /dev/nvidiactl
204a00000-204c00000 rw-s 204a00000 00:05 1099                            /dev/nvidia-uvm
204c00000-204e00000 rw-s 00000000 00:05 1097                             /dev/nvidiactl
204e00000-205000000 ---p 00000000 00:00 0 
205000000-205200000 rw-s 00000000 00:05 1097                             /dev/nvidiactl
205200000-300200000 ---p 00000000 00:00 0 
616800000-635400000 rw-p 00000000 00:00 0 
635400000-7ffc00000 ---p 00000000 00:00 0 
7ffc00000-7ffd0d000 rw-p 00cd6000 103:02 17173446                        /usr/lib/jvm/java-21-openjdk-amd64/lib/server/classes.jsa
7ffd0d000-800000000 rw-p 00000000 00:00 0 
10000000000-10004000000 ---p 00000000 00:00 0 
5e8fd1079000-5e8fd107a000 r--p 00000000 103:02 17173371                  /usr/lib/jvm/java-21-openjdk-amd64/bin/java
5e8fd107a000-5e8fd107b000 r-xp 00001000 103:02 17173371                  /usr/lib/jvm/java-21-openjdk-amd64/bin/java
5e8fd107b000-5e8fd107c000 r--p 00002000 103:02 17173371                  /usr/lib/jvm/java-21-openjdk-amd64/bin/java
5e8fd107c000-5e8fd107d000 r--p 00002000 103:02 17173371                  /usr/lib/jvm/java-21-openjdk-amd64/bin/java
5e8fd107d000-5e8fd107e000 rw-p 00003000 103:02 17173371                  /usr/lib/jvm/java-21-openjdk-amd64/bin/java
5e8ffbd0d000-5e8ffbd54000 rw-p 00000000 00:00 0                          [heap]
7415d4000000-7415d4021000 rw-p 00000000 00:00 0 
7415d4021000-7415d8000000 ---p 00000000 00:00 0 
7415da000000-7415e2000000 ---p 00000000 00:00 0 
7415e4000000-7415e6000000 ---p 00000000 00:00 0 
7415e8000000-7415e8021000 rw-p 00000000 00:00 0 
7415e8021000-7415ec000000 ---p 00000000 00:00 0 
7415f0000000-741600000000 ---p 00000000 00:00 0 
741602000000-741602400000 ---p 00000000 00:00 0 
741602400000-741602600000 rw-s 00000000 00:05 1097                       /dev/nvidiactl
741602600000-741602800000 rw-s 00000000 00:01 3869                       /dev/zero (deleted)
741602800000-741602a00000 rw-s 00000000 00:01 3870                       /dev/zero (deleted)
741602a00000-741603000000 ---p 00000000 00:00 0 
741603000000-741603200000 rw-s 00000000 00:05 1097                       /dev/nvidiactl
741603200000-741603400000 ---p 00000000 00:00 0 
741603400000-741603600000 rw-s 00000000 00:01 3872                       /dev/zero (deleted)
741603600000-741603b33000 rw-s 00000000 00:05 1097                       /dev/nvidiactl
741603b33000-741604000000 ---p 00000000 00:00 0 
741605800000-74160b800000 ---p 00000000 00:00 0 
74160b800000-741625068000 r-xp 00000000 103:02 17325507                  /usr/local/cuda-12.6/targets/x86_64-linux/lib/libcublasLt.so.12.6.3.3
741625068000-741625268000 ---p 19868000 103:02 17325507                  /usr/local/cuda-12.6/targets/x86_64-linux/lib/libcublasLt.so.12.6.3.3
741625268000-7416254a6000 r--p 19868000 103:02 17325507                  /usr/local/cuda-12.6/targets/x86_64-linux/lib/libcublasLt.so.12.6.3.3
7416254a6000-741628e5a000 rw-p 19aa6000 103:02 17325507                  /usr/local/cuda-12.6/targets/x86_64-linux/lib/libcublasLt.so.12.6.3.3
741628e5a000-74162d02b000 rw-p 00000000 00:00 0 
74162d400000-741633b28000 r-xp 00000000 103:02 17325506                  /usr/local/cuda-12.6/targets/x86_64-linux/lib/libcublas.so.12.6.3.3
741633b28000-741633d28000 ---p 06728000 103:02 17325506                  /usr/local/cuda-12.6/targets/x86_64-linux/lib/libcublas.so.12.6.3.3
741633d28000-741633d34000 r--p 06728000 103:02 17325506                  /usr/local/cuda-12.6/targets/x86_64-linux/lib/libcublas.so.12.6.3.3
741633d34000-741633d3b000 rw-p 06734000 103:02 17325506                  /usr/local/cuda-12.6/targets/x86_64-linux/lib/libcublas.so.12.6.3.3
741633d3b000-741633d47000 rw-p 00000000 00:00 0 
741634000000-741634032000 rw-p 00000000 00:00 0 
741634032000-741638000000 ---p 00000000 00:00 0 
74163c000000-74163c063000 rw-p 00000000 00:00 0 
74163c063000-741640000000 ---p 00000000 00:00 0 
741640000000-74164008e000 rw-p 00000000 00:00 0 
74164008e000-741644000000 ---p 00000000 00:00 0 
741648000000-741648021000 rw-p 00000000 00:00 0 
741648021000-74164c000000 ---p 00000000 00:00 0 
74164c000000-74164c021000 rw-p 00000000 00:00 0 
74164c021000-741650000000 ---p 00000000 00:00 0 
741654000000-7416540d2000 rw-p 00000000 00:00 0 
7416540d2000-741658000000 ---p 00000000 00:00 0 
741658000000-7416580ed000 rw-p 00000000 00:00 0 
7416580ed000-74165c000000 ---p 00000000 00:00 0 
741660000000-741660021000 rw-p 00000000 00:00 0 
741660021000-741664000000 ---p 00000000 00:00 0 
741664000000-741664021000 rw-p 00000000 00:00 0 
741664021000-741668000000 ---p 00000000 00:00 0 
74166c000000-74166c021000 rw-p 00000000 00:00 0 
74166c021000-741670000000 ---p 00000000 00:00 0 
741670000000-741670021000 rw-p 00000000 00:00 0 
741670021000-741674000000 ---p 00000000 00:00 0 
741678000000-741678021000 rw-p 00000000 00:00 0 
741678021000-74167c000000 ---p 00000000 00:00 0 
74167c000000-74167c021000 rw-p 00000000 00:00 0 
74167c021000-741680000000 ---p 00000000 00:00 0 
741683400000-7416834e4000 r-xp 00000000 103:02 18219026                  /tmp/libJCudaDriver-12.0.0-linux-x86_64.so
7416834e4000-7416836e4000 ---p 000e4000 103:02 18219026                  /tmp/libJCudaDriver-12.0.0-linux-x86_64.so
7416836e4000-7416836e9000 r--p 000e4000 103:02 18219026                  /tmp/libJCudaDriver-12.0.0-linux-x86_64.so
7416836e9000-7416836eb000 rw-p 000e9000 103:02 18219026                  /tmp/libJCudaDriver-12.0.0-linux-x86_64.so
7416836eb000-7416836ed000 rw-p 00000000 00:00 0 
741683a00000-741683ac7000 r-xp 00000000 103:02 18219025                  /tmp/libJCudaRuntime-12.0.0-linux-x86_64.so
741683ac7000-741683cc7000 ---p 000c7000 103:02 18219025                  /tmp/libJCudaRuntime-12.0.0-linux-x86_64.so
741683cc7000-741683ccc000 r--p 000c7000 103:02 18219025                  /tmp/libJCudaRuntime-12.0.0-linux-x86_64.so
741683ccc000-741683ccd000 rw-p 000cc000 103:02 18219025                  /tmp/libJCudaRuntime-12.0.0-linux-x86_64.so
741683ccd000-741683ccf000 rw-p 00000000 00:00 0 
741684000000-7416840e0000 rw-p 00000000 00:00 0 
7416840e0000-741684400000 ---p 00000000 00:00 0 
741684400000-7416844f0000 rw-p 00000000 00:00 0 
7416844f0000-741688000000 ---p 00000000 00:00 0 
741688000000-741688021000 rw-p 00000000 00:00 0 
741688021000-74168c000000 ---p 00000000 00:00 0 
74168c200000-74168c201000 ---p 00000000 00:00 0 
74168c201000-74168ca01000 rw-p 00000000 00:00 0 
74168cc00000-74168cc01000 rw-s 00000000 00:05 1097                       /dev/nvidiactl
74168cc01000-74168cc02000 rw-s 00000000 00:05 1097                       /dev/nvidiactl
74168cc02000-74168cc03000 rw-s 00000000 00:05 1097                       /dev/nvidiactl
74168cc03000-74168cc04000 rw-s 00000000 00:05 1097                       /dev/nvidiactl
74168cc04000-74168cc05000 rw-s 00000000 00:05 1097                       /dev/nvidiactl
74168cc05000-74168cc06000 rw-s 00000000 00:05 1097                       /dev/nvidiactl
74168cc06000-74168cc07000 rw-s 00000000 00:05 1097                       /dev/nvidiactl
74168cc07000-74168cc08000 rw-s 00000000 00:05 1097                       /dev/nvidiactl
74168cc08000-74168cc09000 rw-s 00000000 00:05 1097                       /dev/nvidiactl
74168cc09000-74168cc0a000 rw-s 00000000 00:05 1097                       /dev/nvidiactl
74168cc0a000-74168cc0b000 rw-s 00000000 00:05 1097                       /dev/nvidiactl
74168cc0b000-74168cc0c000 rw-s 00000000 00:05 1097                       /dev/nvidiactl
74168cc0c000-74168cc0d000 rw-s 00000000 00:05 1097                       /dev/nvidiactl
74168cc0d000-74168cc0e000 rw-s 00000000 00:05 1097                       /dev/nvidiactl
74168cc0e000-74168cc0f000 rw-s 00000000 00:05 1097                       /dev/nvidiactl
74168cc0f000-74168cc10000 rw-s 00000000 00:05 1097                       /dev/nvidiactl
74168cc10000-74168dc21000 ---p 00000000 00:00 0 
74168de00000-74168ee21000 ---p 00000000 00:00 0 
74168f000000-74168fc97000 rw-p 00001000 103:02 17173446                  /usr/lib/jvm/java-21-openjdk-amd64/lib/server/classes.jsa
74168fc97000-741690000000 ---p 00000000 00:00 0 
741690000000-741690020000 rw-p 00000000 00:00 0 
741690020000-741690040000 ---p 00000000 00:00 0 
741690040000-741690050000 rw-p 00000000 00:00 0 
741690050000-7416d0000000 ---p 00000000 00:00 0 
7416d0000000-7416d0021000 rw-p 00000000 00:00 0 
7416d0021000-7416d4000000 ---p 00000000 00:00 0 
7416d4000000-7416d4021000 rw-p 00000000 00:00 0 
7416d4021000-7416d8000000 ---p 00000000 00:00 0 
7416d8600000-7416d8601000 ---p 00000000 00:00 0 
7416d8601000-7416d8e01000 rw-p 00000000 00:00 0 
7416d8ec3000-7416d8edc000 r--p 00000000 103:02 16530316                  /usr/lib/x86_64-linux-gnu/libX11.so.6.4.0
7416d8edc000-7416d8f6c000 r-xp 00019000 103:02 16530316                  /usr/lib/x86_64-linux-gnu/libX11.so.6.4.0
7416d8f6c000-7416d8ffb000 r--p 000a9000 103:02 16530316                  /usr/lib/x86_64-linux-gnu/libX11.so.6.4.0
7416d8ffb000-7416d8ffc000 r--p 00138000 103:02 16530316                  /usr/lib/x86_64-linux-gnu/libX11.so.6.4.0
7416d8ffc000-7416d9000000 rw-p 00139000 103:02 16530316                  /usr/lib/x86_64-linux-gnu/libX11.so.6.4.0
7416d9000000-7416d925a000 rw-p 00000000 00:00 0 
7416d930d000-7416d932b000 r--p 00000000 103:02 17173412                  /usr/lib/jvm/java-21-openjdk-amd64/lib/libawt.so
7416d932b000-7416d93c2000 r-xp 0001e000 103:02 17173412                  /usr/lib/jvm/java-21-openjdk-amd64/lib/libawt.so
7416d93c2000-7416d93cf000 r--p 000b5000 103:02 17173412                  /usr/lib/jvm/java-21-openjdk-amd64/lib/libawt.so
7416d93cf000-7416d93d0000 r--p 000c1000 103:02 17173412                  /usr/lib/jvm/java-21-openjdk-amd64/lib/libawt.so
7416d93d0000-7416d93db000 rw-p 000c2000 103:02 17173412                  /usr/lib/jvm/java-21-openjdk-amd64/lib/libawt.so
7416d93db000-7416d9400000 rw-p 00000000 00:00 0 
7416d9400000-7416d9401000 ---p 00000000 00:00 0 
7416d9401000-7416d9c01000 rw-p 00000000 00:00 0 
7416d9cbe000-7416d9e00000 rw-p 00000000 00:00 0 
7416d9e00000-7416d9ede000 r--p 00000000 103:02 16527986                  /usr/lib/x86_64-linux-gnu/libcuda.so.550.120
7416d9ede000-7416da3b3000 r-xp 000de000 103:02 16527986                  /usr/lib/x86_64-linux-gnu/libcuda.so.550.120
7416da3b3000-7416db84f000 r--p 005b3000 103:02 16527986                  /usr/lib/x86_64-linux-gnu/libcuda.so.550.120
7416db84f000-7416db850000 ---p 01a4f000 103:02 16527986                  /usr/lib/x86_64-linux-gnu/libcuda.so.550.120
7416db850000-7416db868000 r--p 01a4f000 103:02 16527986                  /usr/lib/x86_64-linux-gnu/libcuda.so.550.120
7416db868000-7416db963000 rw-p 01a67000 103:02 16527986                  /usr/lib/x86_64-linux-gnu/libcuda.so.550.120
7416db963000-7416db9cc000 rw-p 00000000 00:00 0 
7416dba00000-7416dbb38000 r-xp 00000000 103:02 18219019                  /tmp/libJCublas2-12.0.0-linux-x86_64.so
7416dbb38000-7416dbd38000 ---p 00138000 103:02 18219019                  /tmp/libJCublas2-12.0.0-linux-x86_64.so
7416dbd38000-7416dbd3d000 r--p 00138000 103:02 18219019                  /tmp/libJCublas2-12.0.0-linux-x86_64.so
7416dbd3d000-7416dbd3f000 rw-p 0013d000 103:02 18219019                  /tmp/libJCublas2-12.0.0-linux-x86_64.so
7416dbd3f000-7416dbd41000 rw-p 00000000 00:00 0 
7416dbd86000-7416dbd98000 r--p 00000000 103:02 17173342                  /usr/lib/jvm/java-21-openjdk-amd64/lib/libawt_xawt.so
7416dbd98000-7416dbddf000 r-xp 00012000 103:02 17173342                  /usr/lib/jvm/java-21-openjdk-amd64/lib/libawt_xawt.so
7416dbddf000-7416dbdf7000 r--p 00059000 103:02 17173342                  /usr/lib/jvm/java-21-openjdk-amd64/lib/libawt_xawt.so
7416dbdf7000-7416dbdfc000 r--p 00071000 103:02 17173342                  /usr/lib/jvm/java-21-openjdk-amd64/lib/libawt_xawt.so
7416dbdfc000-7416dbdfe000 rw-p 00076000 103:02 17173342                  /usr/lib/jvm/java-21-openjdk-amd64/lib/libawt_xawt.so
7416dbdfe000-7416dbe00000 rw-p 00000000 00:00 0 
7416dbe00000-7416dc000000 rw-s 00000000 00:01 3871                       /dev/zero (deleted)
7416dc000000-7416dc021000 rw-p 00000000 00:00 0 
7416dc021000-7416e0000000 ---p 00000000 00:00 0 
7416e0000000-7416e0021000 rw-p 00000000 00:00 0 
7416e0021000-7416e4000000 ---p 00000000 00:00 0 
7416e4023000-7416e402e000 r--p 00000000 103:02 16531187                  /usr/lib/x86_64-linux-gnu/libxcb.so.1.1.0
7416e402e000-7416e4041000 r-xp 0000b000 103:02 16531187                  /usr/lib/x86_64-linux-gnu/libxcb.so.1.1.0
7416e4041000-7416e404a000 r--p 0001e000 103:02 16531187                  /usr/lib/x86_64-linux-gnu/libxcb.so.1.1.0
7416e404a000-7416e404b000 r--p 00026000 103:02 16531187                  /usr/lib/x86_64-linux-gnu/libxcb.so.1.1.0
7416e404b000-7416e404c000 rw-p 00027000 103:02 16531187                  /usr/lib/x86_64-linux-gnu/libxcb.so.1.1.0
7416e404c000-7416e4100000 rw-p 00000000 00:00 0 
7416e4100000-7416e4104000 ---p 00000000 00:00 0 
7416e4104000-7416e4200000 rw-p 00000000 00:00 0 
7416e4200000-7416e4204000 ---p 00000000 00:00 0 
7416e4204000-7416e4300000 rw-p 00000000 00:00 0 
7416e4300000-7416e4304000 ---p 00000000 00:00 0 
7416e4304000-7416e4400000 rw-p 00000000 00:00 0 
7416e4400000-7416e4404000 ---p 00000000 00:00 0 
7416e4404000-7416e4500000 rw-p 00000000 00:00 0 
7416e4500000-7416e4504000 ---p 00000000 00:00 0 
7416e4504000-7416e4600000 rw-p 00000000 00:00 0 
7416e4600000-7416e4604000 ---p 00000000 00:00 0 
7416e4604000-7416e4700000 rw-p 00000000 00:00 0 
7416e4700000-7416e4704000 ---p 00000000 00:00 0 
7416e4704000-7416e4800000 rw-p 00000000 00:00 0 
7416e4800000-7416e4804000 ---p 00000000 00:00 0 
7416e4804000-7416e4900000 rw-p 00000000 00:00 0 
7416e4900000-7416e4904000 ---p 00000000 00:00 0 
7416e4904000-7416e4a00000 rw-p 00000000 00:00 0 
7416e4a00000-7416e4a04000 ---p 00000000 00:00 0 
7416e4a04000-7416e4b00000 rw-p 00000000 00:00 0 
7416e4b00000-7416e4b04000 ---p 00000000 00:00 0 
7416e4b04000-7416e4c00000 rw-p 00000000 00:00 0 
7416e4c00000-7416e59ec000 r--p 00000000 103:02 16521112                  /usr/lib/locale/locale-archive
7416e59fb000-7416e59ff000 ---p 00000000 00:00 0 
7416e59ff000-7416e5afb000 rw-p 00000000 00:00 0 
7416e5afb000-7416e5afc000 ---p 00000000 00:00 0 
7416e5afc000-7416e5bfc000 rw-p 00000000 00:00 0 
7416e5bfc000-7416e5bfd000 ---p 00000000 00:00 0 
7416e5bfd000-7416e5cfd000 rw-p 00000000 00:00 0 
7416e5cfd000-7416e5cfe000 ---p 00000000 00:00 0 
7416e5cfe000-7416e5dfe000 rw-p 00000000 00:00 0 
7416e5dfe000-7416e5dff000 ---p 00000000 00:00 0 
7416e5dff000-7416e5eff000 rw-p 00000000 00:00 0 
7416e5eff000-7416e8021000 rw-p 00000000 00:00 0 
7416e8021000-7416ec000000 ---p 00000000 00:00 0 
7416ec008000-7416ec00c000 r--p 00000000 103:02 16530470                  /usr/lib/x86_64-linux-gnu/libbsd.so.0.12.1
7416ec00c000-7416ec018000 r-xp 00004000 103:02 16530470                  /usr/lib/x86_64-linux-gnu/libbsd.so.0.12.1
7416ec018000-7416ec01b000 r--p 00010000 103:02 16530470                  /usr/lib/x86_64-linux-gnu/libbsd.so.0.12.1
7416ec01b000-7416ec01c000 r--p 00012000 103:02 16530470                  /usr/lib/x86_64-linux-gnu/libbsd.so.0.12.1
7416ec01c000-7416ec01d000 rw-p 00013000 103:02 16530470                  /usr/lib/x86_64-linux-gnu/libbsd.so.0.12.1
7416ec01d000-7416ec01e000 rw-p 00000000 00:00 0 
7416ec01e000-7416ec021000 r--p 00000000 103:02 16530328                  /usr/lib/x86_64-linux-gnu/libXi.so.6.1.0
7416ec021000-7416ec02d000 r-xp 00003000 103:02 16530328                  /usr/lib/x86_64-linux-gnu/libXi.so.6.1.0
7416ec02d000-7416ec02f000 r--p 0000f000 103:02 16530328                  /usr/lib/x86_64-linux-gnu/libXi.so.6.1.0
7416ec02f000-7416ec030000 r--p 00011000 103:02 16530328                  /usr/lib/x86_64-linux-gnu/libXi.so.6.1.0
7416ec030000-7416ec031000 rw-p 00012000 103:02 16530328                  /usr/lib/x86_64-linux-gnu/libXi.so.6.1.0
7416ec031000-7416ed3b0000 rw-p 00000000 00:00 0 
7416ed3b0000-7416f4650000 ---p 00000000 00:00 0 
7416f4650000-7416f4660000 rw-p 00000000 00:00 0 
7416f466a000-7416f466e000 r--p 00000000 103:02 16530324                  /usr/lib/x86_64-linux-gnu/libXext.so.6.4.0
7416f466e000-7416f4679000 r-xp 00004000 103:02 16530324                  /usr/lib/x86_64-linux-gnu/libXext.so.6.4.0
7416f4679000-7416f467c000 r--p 0000f000 103:02 16530324                  /usr/lib/x86_64-linux-gnu/libXext.so.6.4.0
7416f467c000-7416f467d000 r--p 00011000 103:02 16530324                  /usr/lib/x86_64-linux-gnu/libXext.so.6.4.0
7416f467d000-7416f467e000 rw-p 00012000 103:02 16530324                  /usr/lib/x86_64-linux-gnu/libXext.so.6.4.0
7416f467e000-7416f4800000 rw-p 00000000 00:00 0 
7416f4800000-7416f4a70000 rwxp 00000000 00:00 0 
7416f4a70000-7416fbc5f000 ---p 00000000 00:00 0 
7416fbc5f000-7416fbecf000 rwxp 00000000 00:00 0 
7416fbecf000-7416fc3a0000 ---p 00000000 00:00 0 
7416fc3a0000-7416fc610000 rwxp 00000000 00:00 0 
7416fc610000-741703800000 ---p 00000000 00:00 0 
741703800000-74170be0c000 r--s 00000000 103:02 17173445                  /usr/lib/jvm/java-21-openjdk-amd64/lib/modules
74170be0e000-74170be10000 r--p 00000000 103:02 16530828                  /usr/lib/x86_64-linux-gnu/libmd.so.0.1.0
74170be10000-74170be19000 r-xp 00002000 103:02 16530828                  /usr/lib/x86_64-linux-gnu/libmd.so.0.1.0
74170be19000-74170be1b000 r--p 0000b000 103:02 16530828                  /usr/lib/x86_64-linux-gnu/libmd.so.0.1.0
74170be1b000-74170be1c000 r--p 0000c000 103:02 16530828                  /usr/lib/x86_64-linux-gnu/libmd.so.0.1.0
74170be1c000-74170be1d000 rw-p 0000d000 103:02 16530828                  /usr/lib/x86_64-linux-gnu/libmd.so.0.1.0
74170be1d000-74170beff000 rw-p 00000000 00:00 0 
74170beff000-74170bf00000 ---p 00000000 00:00 0 
74170bf00000-74170c000000 rw-p 00000000 00:00 0 
74170c000000-74170f2a1000 rw-p 00000000 00:00 0 
74170f2a1000-741710000000 ---p 00000000 00:00 0 
74171000c000-74171002e000 rw-p 00000000 00:00 0 
74171002e000-741710033000 r--p 00000000 103:02 17173429                  /usr/lib/jvm/java-21-openjdk-amd64/lib/libjsvml.so
741710033000-741710074000 r-xp 00005000 103:02 17173429                  /usr/lib/jvm/java-21-openjdk-amd64/lib/libjsvml.so
741710074000-7417100fd000 r--p 00046000 103:02 17173429                  /usr/lib/jvm/java-21-openjdk-amd64/lib/libjsvml.so
7417100fd000-7417100fe000 r--p 000ce000 103:02 17173429                  /usr/lib/jvm/java-21-openjdk-amd64/lib/libjsvml.so
7417100fe000-7417100ff000 rw-p 000cf000 103:02 17173429                  /usr/lib/jvm/java-21-openjdk-amd64/lib/libjsvml.so
7417100ff000-741710100000 ---p 00000000 00:00 0 
741710100000-741710200000 rw-p 00000000 00:00 0 
741710200000-7417102f6000 rw-p 00000000 00:00 0 
7417102f6000-74171114a000 ---p 00000000 00:00 0 
74171114a000-74171114c000 rw-p 00000000 00:00 0 
74171114d000-74171114f000 r--p 00000000 103:02 16530323                  /usr/lib/x86_64-linux-gnu/libXdmcp.so.6.0.0
74171114f000-741711151000 r-xp 00002000 103:02 16530323                  /usr/lib/x86_64-linux-gnu/libXdmcp.so.6.0.0
741711151000-741711153000 r--p 00004000 103:02 16530323                  /usr/lib/x86_64-linux-gnu/libXdmcp.so.6.0.0
741711153000-741711154000 r--p 00005000 103:02 16530323                  /usr/lib/x86_64-linux-gnu/libXdmcp.so.6.0.0
741711154000-741711155000 rw-p 00006000 103:02 16530323                  /usr/lib/x86_64-linux-gnu/libXdmcp.so.6.0.0
741711155000-741711157000 r--p 00000000 103:02 16530337                  /usr/lib/x86_64-linux-gnu/libXtst.so.6.1.0
741711157000-74171115a000 r-xp 00002000 103:02 16530337                  /usr/lib/x86_64-linux-gnu/libXtst.so.6.1.0
74171115a000-74171115b000 r--p 00005000 103:02 16530337                  /usr/lib/x86_64-linux-gnu/libXtst.so.6.1.0
74171115b000-74171115c000 r--p 00005000 103:02 16530337                  /usr/lib/x86_64-linux-gnu/libXtst.so.6.1.0
74171115c000-74171115d000 rw-p 00006000 103:02 16530337                  /usr/lib/x86_64-linux-gnu/libXtst.so.6.1.0
74171115d000-7417112f6000 rw-p 00000000 00:00 0 
7417112f6000-74171214a000 ---p 00000000 00:00 0 
74171214a000-74171214c000 rw-p 00000000 00:00 0 
74171215d000-741712164000 r--s 00000000 103:02 16532226                  /usr/lib/x86_64-linux-gnu/gconv/gconv-modules.cache
741712164000-741712165000 ---p 00000000 00:00 0 
741712165000-741712265000 rw-p 00000000 00:00 0 
741712265000-741713033000 rw-p 00000000 00:00 0 
741713033000-741713117000 ---p 00000000 00:00 0 
741713117000-74171311c000 rw-p 00000000 00:00 0 
74171311c000-741713200000 ---p 00000000 00:00 0 
741713200000-74171329d000 r--p 00000000 103:02 16543594                  /usr/lib/x86_64-linux-gnu/libstdc++.so.6.0.33
74171329d000-7417133e5000 r-xp 0009d000 103:02 16543594                  /usr/lib/x86_64-linux-gnu/libstdc++.so.6.0.33
7417133e5000-74171346c000 r--p 001e5000 103:02 16543594                  /usr/lib/x86_64-linux-gnu/libstdc++.so.6.0.33
74171346c000-741713477000 r--p 0026b000 103:02 16543594                  /usr/lib/x86_64-linux-gnu/libstdc++.so.6.0.33
741713477000-74171347a000 rw-p 00276000 103:02 16543594                  /usr/lib/x86_64-linux-gnu/libstdc++.so.6.0.33
74171347a000-74171347e000 rw-p 00000000 00:00 0 
74171347e000-741713480000 r--p 00000000 103:02 16530334                  /usr/lib/x86_64-linux-gnu/libXrender.so.1.3.0
741713480000-741713487000 r-xp 00002000 103:02 16530334                  /usr/lib/x86_64-linux-gnu/libXrender.so.1.3.0
741713487000-741713488000 r--p 00009000 103:02 16530334                  /usr/lib/x86_64-linux-gnu/libXrender.so.1.3.0
741713488000-741713489000 r--p 00009000 103:02 16530334                  /usr/lib/x86_64-linux-gnu/libXrender.so.1.3.0
741713489000-74171348a000 rw-p 0000a000 103:02 16530334                  /usr/lib/x86_64-linux-gnu/libXrender.so.1.3.0
74171348a000-74171348b000 r--p 00000000 103:02 16530540                  /usr/lib/x86_64-linux-gnu/libdl.so.2
74171348b000-74171348c000 r-xp 00001000 103:02 16530540                  /usr/lib/x86_64-linux-gnu/libdl.so.2
74171348c000-74171348d000 r--p 00002000 103:02 16530540                  /usr/lib/x86_64-linux-gnu/libdl.so.2
74171348d000-74171348e000 r--p 00002000 103:02 16530540                  /usr/lib/x86_64-linux-gnu/libdl.so.2
74171348e000-74171348f000 rw-p 00003000 103:02 16530540                  /usr/lib/x86_64-linux-gnu/libdl.so.2
74171348f000-741713490000 r--p 00000000 103:02 16530318                  /usr/lib/x86_64-linux-gnu/libXau.so.6.0.0
741713490000-741713492000 r-xp 00001000 103:02 16530318                  /usr/lib/x86_64-linux-gnu/libXau.so.6.0.0
741713492000-741713493000 r--p 00003000 103:02 16530318                  /usr/lib/x86_64-linux-gnu/libXau.so.6.0.0
741713493000-741713494000 r--p 00003000 103:02 16530318                  /usr/lib/x86_64-linux-gnu/libXau.so.6.0.0
741713494000-741713495000 rw-p 00004000 103:02 16530318                  /usr/lib/x86_64-linux-gnu/libXau.so.6.0.0
741713495000-7417134a5000 -w-s 00000000 00:05 1098                       /dev/nvidia0
7417134a5000-741713500000 rw-p 00000000 00:00 0 
741713500000-741713504000 ---p 00000000 00:00 0 
741713504000-741713600000 rw-p 00000000 00:00 0 
741713600000-7417138a1000 r--p 00000000 103:02 17173449                  /usr/lib/jvm/java-21-openjdk-amd64/lib/server/libjvm.so
7417138a1000-741714711000 r-xp 002a1000 103:02 17173449                  /usr/lib/jvm/java-21-openjdk-amd64/lib/server/libjvm.so
741714711000-7417149e5000 r--p 01111000 103:02 17173449                  /usr/lib/jvm/java-21-openjdk-amd64/lib/server/libjvm.so
7417149e5000-741714ab8000 r--p 013e4000 103:02 17173449                  /usr/lib/jvm/java-21-openjdk-amd64/lib/server/libjvm.so
741714ab8000-741714ae8000 rw-p 014b7000 103:02 17173449                  /usr/lib/jvm/java-21-openjdk-amd64/lib/server/libjvm.so
741714ae8000-741714b4e000 rw-p 00000000 00:00 0 
741714b52000-741714b53000 r--p 00000000 103:02 16531006                  /usr/lib/x86_64-linux-gnu/librt.so.1
741714b53000-741714b54000 r-xp 00001000 103:02 16531006                  /usr/lib/x86_64-linux-gnu/librt.so.1
741714b54000-741714b55000 r--p 00002000 103:02 16531006                  /usr/lib/x86_64-linux-gnu/librt.so.1
741714b55000-741714b56000 r--p 00002000 103:02 16531006                  /usr/lib/x86_64-linux-gnu/librt.so.1
741714b56000-741714b57000 rw-p 00003000 103:02 16531006                  /usr/lib/x86_64-linux-gnu/librt.so.1
741714b57000-741714b58000 r--p 00000000 103:02 16530978                  /usr/lib/x86_64-linux-gnu/libpthread.so.0
741714b58000-741714b59000 r-xp 00001000 103:02 16530978                  /usr/lib/x86_64-linux-gnu/libpthread.so.0
741714b59000-741714b5a000 r--p 00002000 103:02 16530978                  /usr/lib/x86_64-linux-gnu/libpthread.so.0
741714b5a000-741714b5b000 r--p 00002000 103:02 16530978                  /usr/lib/x86_64-linux-gnu/libpthread.so.0
741714b5b000-741714b5c000 rw-p 00003000 103:02 16530978                  /usr/lib/x86_64-linux-gnu/libpthread.so.0
741714b5c000-741714b5f000 r--p 00000000 103:02 17173436                  /usr/lib/jvm/java-21-openjdk-amd64/lib/libnet.so
741714b5f000-741714b67000 r-xp 00003000 103:02 17173436                  /usr/lib/jvm/java-21-openjdk-amd64/lib/libnet.so
741714b67000-741714b69000 r--p 0000b000 103:02 17173436                  /usr/lib/jvm/java-21-openjdk-amd64/lib/libnet.so
741714b69000-741714b6a000 r--p 0000c000 103:02 17173436                  /usr/lib/jvm/java-21-openjdk-amd64/lib/libnet.so
741714b6a000-741714b6b000 rw-p 0000d000 103:02 17173436                  /usr/lib/jvm/java-21-openjdk-amd64/lib/libnet.so
741714b6b000-741714b72000 r--p 00000000 103:02 17173437                  /usr/lib/jvm/java-21-openjdk-amd64/lib/libnio.so
741714b72000-741714b7b000 r-xp 00007000 103:02 17173437                  /usr/lib/jvm/java-21-openjdk-amd64/lib/libnio.so
741714b7b000-741714b7f000 r--p 00010000 103:02 17173437                  /usr/lib/jvm/java-21-openjdk-amd64/lib/libnio.so
741714b7f000-741714b80000 r--p 00014000 103:02 17173437                  /usr/lib/jvm/java-21-openjdk-amd64/lib/libnio.so
741714b80000-741714b81000 rw-p 00015000 103:02 17173437                  /usr/lib/jvm/java-21-openjdk-amd64/lib/libnio.so
741714b81000-741714c00000 rw-p 00000000 00:00 0 
741714c00000-741714c28000 r--p 00000000 103:02 16530474                  /usr/lib/x86_64-linux-gnu/libc.so.6
741714c28000-741714db0000 r-xp 00028000 103:02 16530474                  /usr/lib/x86_64-linux-gnu/libc.so.6
741714db0000-741714dff000 r--p 001b0000 103:02 16530474                  /usr/lib/x86_64-linux-gnu/libc.so.6
741714dff000-741714e03000 r--p 001fe000 103:02 16530474                  /usr/lib/x86_64-linux-gnu/libc.so.6
741714e03000-741714e05000 rw-p 00202000 103:02 16530474                  /usr/lib/x86_64-linux-gnu/libc.so.6
741714e05000-741714e12000 rw-p 00000000 00:00 0 
741714e12000-741714e14000 r--p 00000000 103:02 17173444                  /usr/lib/jvm/java-21-openjdk-amd64/lib/libzip.so
741714e14000-741714e19000 r-xp 00002000 103:02 17173444                  /usr/lib/jvm/java-21-openjdk-amd64/lib/libzip.so
741714e19000-741714e1b000 r--p 00007000 103:02 17173444                  /usr/lib/jvm/java-21-openjdk-amd64/lib/libzip.so
741714e1b000-741714e1c000 r--p 00008000 103:02 17173444                  /usr/lib/jvm/java-21-openjdk-amd64/lib/libzip.so
741714e1c000-741714e1d000 rw-p 00009000 103:02 17173444                  /usr/lib/jvm/java-21-openjdk-amd64/lib/libzip.so
741714e1d000-741714e60000 rw-p 00000000 00:00 0 
741714e60000-741714e6a000 ---p 00000000 00:00 0 
741714e6a000-741714e77000 r--p 00000000 103:02 17173422                  /usr/lib/jvm/java-21-openjdk-amd64/lib/libjava.so
741714e77000-741714e86000 r-xp 0000d000 103:02 17173422                  /usr/lib/jvm/java-21-openjdk-amd64/lib/libjava.so
741714e86000-741714e8b000 r--p 0001c000 103:02 17173422                  /usr/lib/jvm/java-21-openjdk-amd64/lib/libjava.so
741714e8b000-741714e8c000 r--p 00021000 103:02 17173422                  /usr/lib/jvm/java-21-openjdk-amd64/lib/libjava.so
741714e8c000-741714e8d000 rw-p 00022000 103:02 17173422                  /usr/lib/jvm/java-21-openjdk-amd64/lib/libjava.so
741714e8d000-741714e8e000 rw-p 00000000 00:00 0 
741714e8e000-741714e92000 r--p 00000000 103:02 16528598                  /usr/lib/x86_64-linux-gnu/libgcc_s.so.1
741714e92000-741714eb6000 r-xp 00004000 103:02 16528598                  /usr/lib/x86_64-linux-gnu/libgcc_s.so.1
741714eb6000-741714eba000 r--p 00028000 103:02 16528598                  /usr/lib/x86_64-linux-gnu/libgcc_s.so.1
741714eba000-741714ebb000 r--p 0002b000 103:02 16528598                  /usr/lib/x86_64-linux-gnu/libgcc_s.so.1
741714ebb000-741714ebc000 rw-p 0002c000 103:02 16528598                  /usr/lib/x86_64-linux-gnu/libgcc_s.so.1
741714ebc000-741714ecc000 r--p 00000000 103:02 16530817                  /usr/lib/x86_64-linux-gnu/libm.so.6
741714ecc000-741714f4b000 r-xp 00010000 103:02 16530817                  /usr/lib/x86_64-linux-gnu/libm.so.6
741714f4b000-741714fa3000 r--p 0008f000 103:02 16530817                  /usr/lib/x86_64-linux-gnu/libm.so.6
741714fa3000-741714fa4000 r--p 000e7000 103:02 16530817                  /usr/lib/x86_64-linux-gnu/libm.so.6
741714fa4000-741714fa5000 rw-p 000e8000 103:02 16530817                  /usr/lib/x86_64-linux-gnu/libm.so.6
741714fa5000-741714fa7000 rw-p 00000000 00:00 0 
741714fa7000-741714fa9000 r--p 00000000 103:02 17173426                  /usr/lib/jvm/java-21-openjdk-amd64/lib/libjli.so
741714fa9000-741714fb3000 r-xp 00002000 103:02 17173426                  /usr/lib/jvm/java-21-openjdk-amd64/lib/libjli.so
741714fb3000-741714fb6000 r--p 0000c000 103:02 17173426                  /usr/lib/jvm/java-21-openjdk-amd64/lib/libjli.so
741714fb6000-741714fb7000 r--p 0000f000 103:02 17173426                  /usr/lib/jvm/java-21-openjdk-amd64/lib/libjli.so
741714fb7000-741714fb8000 rw-p 00010000 103:02 17173426                  /usr/lib/jvm/java-21-openjdk-amd64/lib/libjli.so
741714fb8000-741714fba000 r--p 00000000 103:02 16531205                  /usr/lib/x86_64-linux-gnu/libz.so.1.3
741714fba000-741714fcc000 r-xp 00002000 103:02 16531205                  /usr/lib/x86_64-linux-gnu/libz.so.1.3
741714fcc000-741714fd2000 r--p 00014000 103:02 16531205                  /usr/lib/x86_64-linux-gnu/libz.so.1.3
741714fd2000-741714fd3000 r--p 0001a000 103:02 16531205                  /usr/lib/x86_64-linux-gnu/libz.so.1.3
741714fd3000-741714fd4000 rw-p 0001b000 103:02 16531205                  /usr/lib/x86_64-linux-gnu/libz.so.1.3
741714fd7000-741714fdf000 rw-s 00000000 103:02 18481318                  /tmp/hsperfdata_dov/43367
741714fdf000-741714fe0000 ---p 00000000 00:00 0 
741714fe0000-741714fe1000 r--p 00000000 00:00 0 
741714fe1000-741714fe2000 ---p 00000000 00:00 0 
741714fe2000-741714fe4000 r--p 00000000 103:02 17173425                  /usr/lib/jvm/java-21-openjdk-amd64/lib/libjimage.so
741714fe4000-741714fe7000 r-xp 00002000 103:02 17173425                  /usr/lib/jvm/java-21-openjdk-amd64/lib/libjimage.so
741714fe7000-741714fe8000 r--p 00005000 103:02 17173425                  /usr/lib/jvm/java-21-openjdk-amd64/lib/libjimage.so
741714fe8000-741714fe9000 r--p 00006000 103:02 17173425                  /usr/lib/jvm/java-21-openjdk-amd64/lib/libjimage.so
741714fe9000-741714fea000 rw-p 00007000 103:02 17173425                  /usr/lib/jvm/java-21-openjdk-amd64/lib/libjimage.so
741714fea000-741714fec000 rw-p 00000000 00:00 0 
741714fec000-741714fed000 r--p 00000000 103:02 16530286                  /usr/lib/x86_64-linux-gnu/ld-linux-x86-64.so.2
741714fed000-741715018000 r-xp 00001000 103:02 16530286                  /usr/lib/x86_64-linux-gnu/ld-linux-x86-64.so.2
741715018000-741715022000 r--p 0002c000 103:02 16530286                  /usr/lib/x86_64-linux-gnu/ld-linux-x86-64.so.2
741715022000-741715024000 r--p 00036000 103:02 16530286                  /usr/lib/x86_64-linux-gnu/ld-linux-x86-64.so.2
741715024000-741715026000 rw-p 00038000 103:02 16530286                  /usr/lib/x86_64-linux-gnu/ld-linux-x86-64.so.2
7ffcdb2b4000-7ffcdb2d5000 rw-p 00000000 00:00 0                          [stack]
7ffcdb38c000-7ffcdb390000 r--p 00000000 00:00 0                          [vvar]
7ffcdb390000-7ffcdb392000 r-xp 00000000 00:00 0                          [vdso]
ffffffffff600000-ffffffffff601000 --xp 00000000 00:00 0                  [vsyscall]
Total number of mappings: 383


VM Arguments:
jvm_args: -Dfile.encoding=UTF-8 
java_command: JCudaWrapper.algebra.Eigen
java_class_path (initial): /home/dov/projects/Libraries/commons-math3/commons-math3-3.6.1-javadoc.jar:/home/dov/projects/Libraries/commons-math3/commons-math3-3.6.1-sources.jar:/home/dov/projects/Libraries/commons-math3/commons-math3-3.6.1-test-sources.jar:/home/dov/projects/Libraries/commons-math3/commons-math3-3.6.1-tests.jar:/home/dov/projects/Libraries/commons-math3/commons-math3-3.6.1-tools.jar:/home/dov/projects/Libraries/commons-math3/commons-math3-3.6.1.jar:/home/dov/projects/JCudaWrapper/jcuda12/jcublas-12.0.0.jar:/home/dov/projects/JCudaWrapper/jcuda12/jcublas-natives-12.0.0-linux-x86_64.jar:/home/dov/projects/JCudaWrapper/jcuda12/jcuda-12.0.0.jar:/home/dov/projects/JCudaWrapper/jcuda12/jcuda-natives-12.0.0-linux-x86_64.jar:/home/dov/projects/JCudaWrapper/jcuda12/jcudnn-12.0.0.jar:/home/dov/projects/JCudaWrapper/jcuda12/jcudnn-natives-12.0.0-linux-x86_64.jar:/home/dov/projects/JCudaWrapper/jcuda12/jcufft-12.0.0.jar:/home/dov/projects/JCudaWrapper/jcuda12/jcufft-natives-12.0.0-linux-x86_64.jar:/home/dov/projects/JCudaWrapper/jcuda12/jcurand-12.0.0.jar:/home/dov/projects/JCudaWrapper/jcuda12/jcurand-natives-12.0.0-linux-x86_64.jar:/home/dov/projects/JCudaWrapper/jcuda12/jcusolver-12.0.0.jar:/home/dov/projects/JCudaWrapper/jcuda12/jcusolver-natives-12.0.0-linux-x86_64.jar:/home/dov/projects/JCudaWrapper/jcuda12/jcusparse-12.0.0.jar:/home/dov/projects/JCudaWrapper/jcuda12/jcusparse-natives-12.0.0-linux-x86_64.jar:/home/dov/projects/Libraries/ij.jar:/home/dov/projects/NeighborhoodPIG/build/classes
Launcher Type: SUN_STANDARD

[Global flags]
     intx CICompilerCount                          = 12                                        {product} {ergonomic}
     uint ConcGCThreads                            = 3                                         {product} {ergonomic}
     uint G1ConcRefinementThreads                  = 13                                        {product} {ergonomic}
   size_t G1HeapRegionSize                         = 4194304                                   {product} {ergonomic}
    uintx GCDrainStackTargetSize                   = 64                                        {product} {ergonomic}
   size_t InitialHeapSize                          = 515899392                                 {product} {ergonomic}
   size_t MarkStackSize                            = 4194304                                   {product} {ergonomic}
   size_t MaxHeapSize                              = 8212447232                                {product} {ergonomic}
   size_t MaxNewSize                               = 4924112896                                {product} {ergonomic}
   size_t MinHeapDeltaBytes                        = 4194304                                   {product} {ergonomic}
   size_t MinHeapSize                              = 8388608                                   {product} {ergonomic}
    uintx NonNMethodCodeHeapSize                   = 7602480                                {pd product} {ergonomic}
    uintx NonProfiledCodeHeapSize                  = 122027880                              {pd product} {ergonomic}
    uintx ProfiledCodeHeapSize                     = 122027880                              {pd product} {ergonomic}
    uintx ReservedCodeCacheSize                    = 251658240                              {pd product} {ergonomic}
     bool SegmentedCodeCache                       = true                                      {product} {ergonomic}
   size_t SoftMaxHeapSize                          = 8212447232                             {manageable} {ergonomic}
     bool UseCompressedOops                        = true                           {product lp64_product} {ergonomic}
     bool UseG1GC                                  = true                                      {product} {ergonomic}

Logging:
Log output configuration:
 #0: stdout all=warning uptime,level,tags foldmultilines=false
 #1: stderr all=off uptime,level,tags foldmultilines=false

Environment Variables:
PATH=/usr/local/sbin:/usr/local/bin:/usr/sbin:/usr/bin:/sbin:/bin:/usr/games:/usr/local/games:/snap/bin:/snap/bin
USERNAME=dov
SHELL=/bin/bash
DISPLAY=:1
LANG=en_US.UTF-8

Active Locale:
LC_ALL=en_US.UTF-8
LC_COLLATE=en_US.UTF-8
LC_CTYPE=en_US.UTF-8
LC_MESSAGES=en_US.UTF-8
LC_MONETARY=en_US.UTF-8
LC_NUMERIC=en_US.UTF-8
LC_TIME=en_US.UTF-8

Signal Handlers:
   SIGSEGV: crash_handler in libjvm.so, mask=11100100010111111101111111111110, flags=SA_RESTART|SA_SIGINFO, unblocked
    SIGBUS: crash_handler in libjvm.so, mask=11100100010111111101111111111110, flags=SA_RESTART|SA_SIGINFO, unblocked
    SIGFPE: crash_handler in libjvm.so, mask=11100100010111111101111111111110, flags=SA_RESTART|SA_SIGINFO, unblocked
   SIGPIPE: javaSignalHandler in libjvm.so, mask=11100100010111111101111111111110, flags=SA_RESTART|SA_SIGINFO, blocked
   SIGXFSZ: javaSignalHandler in libjvm.so, mask=11100100010111111101111111111110, flags=SA_RESTART|SA_SIGINFO, blocked
    SIGILL: crash_handler in libjvm.so, mask=11100100010111111101111111111110, flags=SA_RESTART|SA_SIGINFO, unblocked
   SIGUSR2: SR_handler in libjvm.so, mask=00000000000000000000000000000000, flags=SA_RESTART|SA_SIGINFO, blocked
    SIGHUP: UserHandler in libjvm.so, mask=11100100010111111101111111111110, flags=SA_RESTART|SA_SIGINFO, blocked
    SIGINT: SIG_IGN, mask=00000000000000000000000000000000, flags=none, blocked
   SIGTERM: UserHandler in libjvm.so, mask=11100100010111111101111111111110, flags=SA_RESTART|SA_SIGINFO, blocked
   SIGQUIT: UserHandler in libjvm.so, mask=11100100010111111101111111111110, flags=SA_RESTART|SA_SIGINFO, blocked
   SIGTRAP: crash_handler in libjvm.so, mask=11100100010111111101111111111110, flags=SA_RESTART|SA_SIGINFO, unblocked


Periodic native trim disabled

---------------  S Y S T E M  ---------------

OS:
DISTRIB_ID=Ubuntu
DISTRIB_RELEASE=24.04
DISTRIB_CODENAME=noble
DISTRIB_DESCRIPTION="Ubuntu 24.04.1 LTS"
uname: Linux 6.8.0-51-generic #52-Ubuntu SMP PREEMPT_DYNAMIC Thu Dec  5 13:09:44 UTC 2024 x86_64
OS uptime: 1 days 4:55 hours
libc: glibc 2.39 NPTL 2.39 
rlimit (soft/hard): STACK 8192k/infinity , CORE 0k/infinity , NPROC 125013/125013 , NOFILE 1048576/1048576 , AS infinity/infinity , CPU infinity/infinity , DATA infinity/infinity , FSIZE infinity/infinity , MEMLOCK 4009328k/4009328k
load average: 0.12 1.69 2.09

/proc/meminfo:
MemTotal:       32074648 kB
MemFree:        18140708 kB
MemAvailable:   25494884 kB
Buffers:          206880 kB
Cached:          7697644 kB
SwapCached:          120 kB
Active:          6317856 kB
Inactive:        5587688 kB
Active(anon):    4402616 kB
Inactive(anon):    22228 kB
Active(file):    1915240 kB
Inactive(file):  5565460 kB
Unevictable:          32 kB
Mlocked:              32 kB
SwapTotal:       8388604 kB
SwapFree:        8388348 kB
Zswap:                 0 kB
Zswapped:              0 kB
Dirty:               252 kB
Writeback:             0 kB
AnonPages:       4001256 kB
Mapped:          1272856 kB
Shmem:            423856 kB
KReclaimable:     337944 kB
Slab:             678028 kB
SReclaimable:     337944 kB
SUnreclaim:       340084 kB
KernelStack:       20688 kB
PageTables:        52168 kB
SecPageTables:         0 kB
NFS_Unstable:          0 kB
Bounce:                0 kB
WritebackTmp:          0 kB
CommitLimit:    24425928 kB
Committed_AS:   23255036 kB
VmallocTotal:   34359738367 kB
VmallocUsed:      164820 kB
VmallocChunk:          0 kB
Percpu:            19840 kB
HardwareCorrupted:     0 kB
AnonHugePages:         0 kB
ShmemHugePages:        0 kB
ShmemPmdMapped:        0 kB
FileHugePages:         0 kB
FilePmdMapped:         0 kB
Unaccepted:            0 kB
HugePages_Total:       0
HugePages_Free:        0
HugePages_Rsvd:        0
HugePages_Surp:        0
Hugepagesize:       2048 kB
Hugetlb:               0 kB
DirectMap4k:     2494952 kB
DirectMap2M:    26068992 kB
DirectMap1G:     5242880 kB

/sys/kernel/mm/transparent_hugepage/enabled: always [madvise] never
/sys/kernel/mm/transparent_hugepage/hpage_pmd_size: 2097152
/sys/kernel/mm/transparent_hugepage/defrag (defrag/compaction efforts parameter): always defer defer+madvise [madvise] never

Process Memory:
Virtual Size: 16846660K (peak: 16902908K)
Resident Set Size: 322828K (peak: 322828K) (anon: 147956K, file: 166680K, shmem: 8192K)
Swapped out: 0K
C-Heap outstanding allocations: 94161K, retained: 2714K
glibc malloc tunables: (default)

/proc/sys/kernel/threads-max (system-wide limit on the number of threads): 250026
/proc/sys/vm/max_map_count (maximum number of memory map areas a process may have): 1048576
/proc/sys/vm/swappiness (control to define how aggressively the kernel swaps out anonymous memory): 60
/proc/sys/kernel/pid_max (system-wide limit on number of process identifiers): 4194304

container (cgroup) information:
container_type: cgroupv2
cpu_cpuset_cpus: not supported
cpu_memory_nodes: not supported
active_processor_count: 16
cpu_quota: not supported
cpu_period: not supported
cpu_shares: not supported
memory_limit_in_bytes: unlimited
memory_and_swap_limit_in_bytes: unlimited
memory_soft_limit_in_bytes: unlimited
memory_usage_in_bytes: 2710164 k
memory_max_usage_in_bytes: not supported
memory_swap_current_in_bytes: unlimited
memory_swap_max_limit_in_bytes: unlimited
maximum number of tasks: 37503
current number of tasks: 94

Steal ticks since vm start: 0
Steal ticks percentage since vm start:  0.000

CPU: total 16 (initial active 16) (16 cores per cpu, 2 threads per core) family 25 model 68 stepping 1 microcode 0xa404101, cx8, cmov, fxsr, ht, mmx, 3dnowpref, sse, sse2, sse3, ssse3, sse4a, sse4.1, sse4.2, popcnt, lzcnt, tsc, tscinvbit, avx, avx2, aes, clmul, bmi1, bmi2, adx, sha, fma, vzeroupper, clflush, clflushopt, rdtscp, rdpid, f16c, pku, ospke, cet_ss
CPU Model and flags from /proc/cpuinfo:
model name	: AMD Ryzen 9 6900HS with Radeon Graphics
flags		: fpu vme de pse tsc msr pae mce cx8 apic sep mtrr pge mca cmov pat pse36 clflush mmx fxsr sse sse2 ht syscall nx mmxext fxsr_opt pdpe1gb rdtscp lm constant_tsc rep_good nopl nonstop_tsc cpuid extd_apicid aperfmperf rapl pni pclmulqdq monitor ssse3 fma cx16 sse4_1 sse4_2 x2apic movbe popcnt aes xsave avx f16c rdrand lahf_lm cmp_legacy svm extapic cr8_legacy abm sse4a misalignsse 3dnowprefetch osvw ibs skinit wdt tce topoext perfctr_core perfctr_nb bpext perfctr_llc mwaitx cpb cat_l3 cdp_l3 hw_pstate ssbd mba ibrs ibpb stibp vmmcall fsgsbase bmi1 avx2 smep bmi2 invpcid cqm rdt_a rdseed adx smap clflushopt clwb sha_ni xsaveopt xsavec xgetbv1 xsaves cqm_llc cqm_occup_llc cqm_mbm_total cqm_mbm_local user_shstk clzero irperf xsaveerptr rdpru wbnoinvd cppc arat npt lbrv svm_lock nrip_save tsc_scale vmcb_clean flushbyasid decodeassists pausefilter pfthreshold avic v_vmsave_vmload vgif v_spec_ctrl umip pku ospke vaes vpclmulqdq rdpid overflow_recov succor smca debug_swap

Online cpus: 0-15
Offline cpus: 
BIOS frequency limitation: <Not Available>
Frequency switch latency (ns): 0
Available cpu frequencies: <Not Available>
Current governor: powersave
Core performance/turbo boost: <Not Available>

Memory: 4k page, physical 32074648k(25494884k free), swap 8388604k(8388348k free)
Page Sizes: 4k

vm_info: OpenJDK 64-Bit Server VM (21.0.5+11-Ubuntu-1ubuntu124.04) for linux-amd64 JRE (21.0.5+11-Ubuntu-1ubuntu124.04), built on 2024-10-22T07:47:02Z by "buildd" with gcc 13.2.0

END.
