#
# A fatal error has been detected by the Java Runtime Environment:
#
#  SIGSEGV (0xb) at pc=0x000074323264b06e, pid=4867, tid=4871
#
# JRE version: OpenJDK Runtime Environment (21.0.4+7) (build 21.0.4+7-Ubuntu-1ubuntu224.04)
# Java VM: OpenJDK 64-Bit Server VM (21.0.4+7-Ubuntu-1ubuntu224.04, mixed mode, sharing, tiered, compressed oops, compressed class ptrs, g1 gc, linux-amd64)
# Problematic frame:
# C  [libcuda.so.1+0x24b06e]
#
# Core dump will be written. Default location: Core dumps may be processed with "/usr/share/apport/apport -p%p -s%s -c%c -d%d -P%P -u%u -g%g -- %E" (or dumping to /home/dov/projects/NeighborhoodPIG/core.4867)
#
# If you would like to submit a bug report, please visit:
#   https://bugs.launchpad.net/ubuntu/+source/openjdk-21
# The crash happened outside the Java Virtual Machine in native code.
# See problematic frame for where to report the bug.
#

---------------  S U M M A R Y ------------

Command Line: -Dfile.encoding=UTF-8 --module-path=/home/dov/projects/NeighborhoodPIG/build/classes main.NeighborhoodPIG

Host: AMD Ryzen 9 6900HS with Radeon Graphics, 16 cores, 30G, Ubuntu 24.04.1 LTS
Time: Tue Oct 29 12:06:43 2024 IST elapsed time: 0.299258 seconds (0d 0h 0m 0s)

---------------  T H R E A D  ---------------

Current thread (0x000074326801a060):  JavaThread "main"             [_thread_in_native, id=4871, stack(0x000074326d300000,0x000074326d400000) (1024K)]

Stack: [0x000074326d300000,0x000074326d400000],  sp=0x000074326d3fe3e0,  free space=1016k
Native frames: (J=compiled Java code, j=interpreted, Vv=VM code, C=native code)
C  [libcuda.so.1+0x24b06e]
C  [libcuda.so.1+0x24b5f8]
C  [libcuda.so.1+0x2f19c3]
Java frames: (J=compiled Java code, j=interpreted, Vv=VM code)
j  jcuda.runtime.JCuda.cudaStreamSynchronizeNative(Ljcuda/runtime/cudaStream_t;)I+0
j  jcuda.runtime.JCuda.cudaStreamSynchronize(Ljcuda/runtime/cudaStream_t;)I+1
j  JCudaWrapper.resourceManagement.Handle.synch()V+4
j  main.Gradient.computeBoundaryGradients(LJCudaWrapper/algebra/Matrix;LJCudaWrapper/algebra/Matrix;LJCudaWrapper/algebra/Matrix;II)V+30
j  main.Gradient.<init>(LJCudaWrapper/algebra/Matrix;LJCudaWrapper/resourceManagement/Handle;)V+58
j  main.NeighborhoodPIG.<init>(Ljava/lang/String;I)V+47
j  main.NeighborhoodPIG.main([Ljava/lang/String;)V+7
v  ~StubRoutines::call_stub 0x0000743257c5fcc6

siginfo: si_signo: 11 (SIGSEGV), si_code: 1 (SEGV_MAPERR), si_addr: 0x000001005c00046c

Registers:
RAX=0x0000743268670f70, RBX=0x000074326d3fe4f8, RCX=0x0000000000000002, RDX=0x00007432683bcda0
RSP=0x000074326d3fe3e0, RBP=0x000074326d3fe440, RSI=0x0000000000000000, RDI=0x0000743268670f70
R8 =0x000074326d3fe478, R9 =0x0000000000000000, R10=0x00007432683bcda0, R11=0x000001005c000084
R12=0x000074326d3fe478, R13=0x0000743268670f70, R14=0x000074326d3fe708, R15=0x000074326801a060
RIP=0x000074323264b06e, EFLAGS=0x0000000000010206, CSGSFS=0x002b000000000033, ERR=0x0000000000000004
  TRAPNO=0x000000000000000e


Register to memory mapping:

RAX=0x0000743268670f70 points into unknown readable memory: 0x000074326864f310 | 10 f3 64 68 32 74 00 00
RBX=0x000074326d3fe4f8 is pointing into the stack for thread: 0x000074326801a060
RCX=0x0000000000000002 is an unknown value
RDX=0x00007432683bcda0 points into unknown readable memory: 0x000001005c000084 | 84 00 00 5c 00 01 00 00
RSP=0x000074326d3fe3e0 is pointing into the stack for thread: 0x000074326801a060
RBP=0x000074326d3fe440 is pointing into the stack for thread: 0x000074326801a060
RSI=0x0 is null
RDI=0x0000743268670f70 points into unknown readable memory: 0x000074326864f310 | 10 f3 64 68 32 74 00 00
R8 =0x000074326d3fe478 is pointing into the stack for thread: 0x000074326801a060
R9 =0x0 is null
R10=0x00007432683bcda0 points into unknown readable memory: 0x000001005c000084 | 84 00 00 5c 00 01 00 00
R11=0x000001005c000084 is an unknown value
R12=0x000074326d3fe478 is pointing into the stack for thread: 0x000074326801a060
R13=0x0000743268670f70 points into unknown readable memory: 0x000074326864f310 | 10 f3 64 68 32 74 00 00
R14=0x000074326d3fe708 is pointing into the stack for thread: 0x000074326801a060
R15=0x000074326801a060 is a thread

Top of Stack: (sp=0x000074326d3fe3e0)
0x000074326d3fe3e0:   0000000000000000 0000000000000010
0x000074326d3fe3f0:   0000000000000000 0000000635004d40
0x000074326d3fe400:   000074326d3fe400 00007431e788a960
0x000074326d3fe410:   0000000000000003 000074326d3fe4f8
0x000074326d3fe420:   0000000000000000 000074326d3fe4f0
0x000074326d3fe430:   000074326d3fe708 000074326801a060
0x000074326d3fe440:   000074326d3fe4b0 000074323264b5f8
0x000074326d3fe450:   000074326d3fe550 000074326df7467b
0x000074326d3fe460:   0000000635004d40 000074326d3fe468
0x000074326d3fe470:   00007431e788c416 0000000000000000
0x000074326d3fe480:   000074326d3fe4c0 0000000000000000
0x000074326d3fe490:   00007432683bcda0 00007431dc485c70
0x000074326d3fe4a0:   000074326d3fe708 000074326801a060
0x000074326d3fe4b0:   000074326d3fe580 00007432326f19c3
0x000074326d3fe4c0:   000074326d3fe510 0000743232579a02
0x000074326d3fe4d0:   000003e7350092f0 0000000000000000
0x000074326d3fe4e0:   0000000000000000 0000743268670f70
0x000074326d3fe4f0:   0000000000000000 0000000000000000
0x000074326d3fe500:   0000000000000001 000074326d3fe708
0x000074326d3fe510:   000074326d3fe578 00007432302550b6
0x000074326d3fe520:   000074326d3fe580 000074326d3fe5e0
0x000074326d3fe530:   000074326801ac60 00007432695776f0
0x000074326d3fe540:   000074326d3fe5c0 000074326954f8d0
0x000074326d3fe550:   00007432683bcda0 0000000000000000
0x000074326d3fe560:   00007431dc485c70 000074323024a8af
0x000074326d3fe570:   000074326d3fe5c0 0000000000000000
0x000074326d3fe580:   00007432683bcda0 0000743230226dc0
0x000074326d3fe590:   00007431dc4c89e8 0000743230290759
0x000074326d3fe5a0:   000074326801ac60 000074326954f8d0
0x000074326d3fe5b0:   00007432683bcda0 0000743230283ec8
0x000074326d3fe5c0:   000074326d3fe708 0000000000000008
0x000074326d3fe5d0:   0000000000000002 0000000000000001 

Instructions: (pc=0x000074323264b06e)
0x000074323264af6e:   f6 c2 10 75 ba 83 e2 08 b8 8a 03 00 00 75 da 48
0x000074323264af7e:   8b 59 08 4c 8d 63 08 4c 89 e7 e8 23 3a e9 ff 48
0x000074323264af8e:   8b 5b 38 48 85 db 74 2d 66 2e 0f 1f 84 00 00 00
0x000074323264af9e:   00 00 48 8b bb e8 03 00 00 48 85 ff 74 0b f6 43
0x000074323264afae:   50 04 74 05 e8 c9 9a 29 00 48 8b 9b 58 01 00 00
0x000074323264afbe:   48 85 db 75 dd 4c 89 e7 e8 15 35 e9 ff b8 8a 03
0x000074323264afce:   00 00 eb 85 66 0f 1f 44 00 00 83 f8 02 ba 91 01
0x000074323264afde:   00 00 b8 00 00 00 00 5b 0f 44 c2 41 5c 5d c3 0f
0x000074323264afee:   1f 00 e8 8b 9a 29 00 b8 84 03 00 00 e9 58 ff ff
0x000074323264affe:   ff 90 55 48 89 e5 41 57 41 56 41 55 49 89 fd 41
0x000074323264b00e:   54 4d 89 c4 53 48 83 ec 38 49 c7 00 00 00 00 00
0x000074323264b01e:   48 85 f6 0f 84 b9 00 00 00 44 8b 0e 41 ba 00 00
0x000074323264b02e:   00 00 48 89 f3 45 85 c9 4c 0f 45 d6 48 83 fa 02
0x000074323264b03e:   77 20 48 85 d2 74 5b 48 83 fa 02 0f 85 81 00 00
0x000074323264b04e:   00 4d 85 d2 0f 84 a8 00 00 00 41 b8 90 01 00 00
0x000074323264b05e:   eb 28 4c 8b 1a 4d 85 db 74 f0 49 39 5b 10 75 ea
0x000074323264b06e:   49 83 bb e8 03 00 00 00 75 09 4d 85 ed 0f 85 57
0x000074323264b07e:   01 00 00 4d 89 1c 24 45 31 c0 48 8d 65 d8 44 89
0x000074323264b08e:   c0 5b 41 5c 41 5d 41 5e 41 5f 5d c3 66 0f 1f 44
0x000074323264b09e:   00 00 83 f9 02 0f 84 27 02 00 00 83 f9 03 0f 84
0x000074323264b0ae:   06 02 00 00 83 f9 01 0f 84 e5 01 00 00 0f b6 05
0x000074323264b0be:   66 ac 91 01 c0 e8 03 83 e0 01 84 c0 0f 85 7f ff
0x000074323264b0ce:   ff ff 4d 85 d2 0f 84 ef 00 00 00 4d 8b 5a 68 eb
0x000074323264b0de:   84 90 48 83 fa 02 0f 86 6e ff ff ff 4c 8b 1a 4d
0x000074323264b0ee:   85 db 0f 85 78 ff ff ff e9 5d ff ff ff 0f 1f 44
0x000074323264b0fe:   00 00 4d 8b 5d 18 4d 85 db 74 0d 8b 43 38 41 39
0x000074323264b10e:   45 20 0f 84 9f 00 00 00 4c 8d b3 a0 03 00 00 4c
0x000074323264b11e:   89 55 a8 4d 8b 7d 10 4c 89 f7 e8 83 38 e9 ff 4c
0x000074323264b12e:   8b 9b c8 03 00 00 45 31 c0 4c 89 fe 4c 89 c2 41
0x000074323264b13e:   8b 3b 4c 89 5d b0 89 7d b8 e8 14 72 0d 00 4c 8b
0x000074323264b14e:   5d b0 48 83 ec 08 8b 7d b8 45 31 c0 41 89 c1 4c
0x000074323264b15e:   89 f9 49 8b 53 10 41 8b 73 0c 6a 00 e8 21 ee 2a 


Stack slot to memory mapping:

stack at sp + 0 slots: 0x0 is null
stack at sp + 1 slots: 0x0000000000000010 is an unknown value
stack at sp + 2 slots: 0x0 is null
stack at sp + 3 slots: 0x0000000635004d40 is an oop: java.util.concurrent.locks.ReentrantLock$NonfairSync 
{0x0000000635004d40} - klass: 'java/util/concurrent/locks/ReentrantLock$NonfairSync'
 - ---- fields (total size 4 words):
 - private transient 'exclusiveOwnerThread' 'Ljava/lang/Thread;' @12  null (0x00000000)
 - private volatile 'state' 'I' @16  0 (0x00000000)
 - private volatile transient 'head' 'Ljava/util/concurrent/locks/AbstractQueuedSynchronizer$Node;' @20  null (0x00000000)
 - private volatile transient 'tail' 'Ljava/util/concurrent/locks/AbstractQueuedSynchronizer$Node;' @24  null (0x00000000)
stack at sp + 4 slots: 0x000074326d3fe400 is pointing into the stack for thread: 0x000074326801a060
stack at sp + 5 slots: 0x00007431e788a960 is pointing into metadata
stack at sp + 6 slots: 0x0000000000000003 is an unknown value
stack at sp + 7 slots: 0x000074326d3fe4f8 is pointing into the stack for thread: 0x000074326801a060


---------------  P R O C E S S  ---------------

Threads class SMR info:
_java_thread_list=0x0000743269578430, length=14, elements={
0x000074326801a060, 0x0000743268138d50, 0x000074326813a3e0, 0x000074326813beb0,
0x000074326813d500, 0x000074326813eab0, 0x0000743268140680, 0x0000743268141d50,
0x0000743268160f50, 0x00007431ac05e810, 0x00007431ac05fa20, 0x000074326819caa0,
0x00007432682a1f00, 0x0000743269578db0
}

Java Threads: ( => current thread )
=>0x000074326801a060 JavaThread "main"                              [_thread_in_native, id=4871, stack(0x000074326d300000,0x000074326d400000) (1024K)]
  0x0000743268138d50 JavaThread "Reference Handler"          daemon [_thread_blocked, id=4879, stack(0x000074323e900000,0x000074323ea00000) (1024K)]
  0x000074326813a3e0 JavaThread "Finalizer"                  daemon [_thread_blocked, id=4880, stack(0x000074323e800000,0x000074323e900000) (1024K)]
  0x000074326813beb0 JavaThread "Signal Dispatcher"          daemon [_thread_blocked, id=4881, stack(0x000074323e700000,0x000074323e800000) (1024K)]
  0x000074326813d500 JavaThread "Service Thread"             daemon [_thread_blocked, id=4882, stack(0x000074323e600000,0x000074323e700000) (1024K)]
  0x000074326813eab0 JavaThread "Monitor Deflation Thread"   daemon [_thread_blocked, id=4883, stack(0x000074323e500000,0x000074323e600000) (1024K)]
  0x0000743268140680 JavaThread "C2 CompilerThread0"         daemon [_thread_blocked, id=4884, stack(0x000074323e400000,0x000074323e500000) (1024K)]
  0x0000743268141d50 JavaThread "C1 CompilerThread0"         daemon [_thread_blocked, id=4885, stack(0x000074323e300000,0x000074323e400000) (1024K)]
  0x0000743268160f50 JavaThread "Common-Cleaner"             daemon [_thread_blocked, id=4886, stack(0x000074323e200000,0x000074323e300000) (1024K)]
  0x00007431ac05e810 JavaThread "C1 CompilerThread1"         daemon [_thread_blocked, id=4887, stack(0x000074323e100000,0x000074323e200000) (1024K)]
  0x00007431ac05fa20 JavaThread "C1 CompilerThread2"         daemon [_thread_blocked, id=4888, stack(0x000074323e000000,0x000074323e100000) (1024K)]
  0x000074326819caa0 JavaThread "Notification Thread"        daemon [_thread_blocked, id=4889, stack(0x000074323df00000,0x000074323e000000) (1024K)]
  0x00007432682a1f00 JavaThread "Java2D Disposer"            daemon [_thread_blocked, id=4892, stack(0x000074323dac3000,0x000074323dbc3000) (1024K)]
  0x0000743269578db0 JavaThread "pool-1-thread-1"            daemon [_thread_blocked, id=4899, stack(0x000074323de00000,0x000074323df00000) (1024K)]
Total: 14

Other Threads:
  0x000074326812ba00 VMThread "VM Thread"                           [id=4878, stack(0x000074323f7f9000,0x000074323f8f9000) (1024K)]
  0x0000743268111250 WatcherThread "VM Periodic Task Thread"        [id=4877, stack(0x000074323f8fa000,0x000074323f9fa000) (1024K)]
  0x0000743268045400 WorkerThread "GC Thread#0"                     [id=4872, stack(0x0000743267f00000,0x0000743268000000) (1024K)]
  0x0000743268055f00 ConcurrentGCThread "G1 Main Marker"            [id=4873, stack(0x000074324e700000,0x000074324e800000) (1024K)]
  0x0000743268056eb0 WorkerThread "G1 Conc#0"                       [id=4874, stack(0x0000743246b00000,0x0000743246c00000) (1024K)]
  0x00007432680feac0 ConcurrentGCThread "G1 Refine#0"               [id=4875, stack(0x000074323fafc000,0x000074323fbfc000) (1024K)]
  0x00007432680ffa80 ConcurrentGCThread "G1 Service"                [id=4876, stack(0x000074323f9fb000,0x000074323fafb000) (1024K)]
Total: 7

Threads with active compile tasks:
Total: 0

VM state: not at safepoint (normal execution)

VM Mutex/Monitor currently owned by a thread: None

Heap address: 0x0000000616800000, size: 7832 MB, Compressed Oops mode: Zero based, Oop shift amount: 3

CDS archive(s) mapped at: [0x00007431e7000000-0x00007431e7cae000-0x00007431e7cae000), size 13295616, SharedBaseAddress: 0x00007431e7000000, ArchiveRelocationMode: 1.
Compressed class space mapped at: 0x00007431e8000000-0x0000743228000000, reserved size: 1073741824
Narrow klass base: 0x00007431e7000000, Narrow klass shift: 0, Narrow klass range: 0x100000000

GC Precious Log:
 CardTable entry size: 512
 Card Set container configuration: InlinePtr #cards 4 size 8 Array Of Cards #cards 32 size 80 Howl #buckets 8 coarsen threshold 7372 Howl Bitmap #cards 1024 size 144 coarsen threshold 921 Card regions per heap region 1 cards per card region 8192
 CPUs: 16 total, 16 available
 Memory: 31322M
 Large Page Support: Disabled
 NUMA Support: Disabled
 Compressed Oops: Enabled (Zero based)
 Heap Region Size: 4M
 Heap Min Capacity: 8M
 Heap Initial Capacity: 492M
 Heap Max Capacity: 7832M
 Pre-touch: Disabled
 Parallel Workers: 13
 Concurrent Workers: 3
 Concurrent Refinement Workers: 13
 Periodic GC: Disabled

Heap:
 garbage-first heap   total 507904K, used 37918K [0x0000000616800000, 0x0000000800000000)
  region size 4096K, 4 young (16384K), 0 survivors (0K)
 Metaspace       used 4495K, committed 4608K, reserved 1114112K
  class space    used 395K, committed 448K, reserved 1048576K

Heap Regions: E=young(eden), S=young(survivor), O=old, HS=humongous(starts), HC=humongous(continues), CS=collection set, F=free, TAMS=top-at-mark-start, PB=parsable bottom
|   0|0x0000000616800000, 0x0000000616c00000, 0x0000000616c00000|100%|HS|  |TAMS 0x0000000616800000| PB 0x0000000616800000| Complete 
|   1|0x0000000616c00000, 0x0000000617000000, 0x0000000617000000|100%|HC|  |TAMS 0x0000000616c00000| PB 0x0000000616c00000| Complete 
|   2|0x0000000617000000, 0x0000000617400000, 0x0000000617400000|100%|HS|  |TAMS 0x0000000617000000| PB 0x0000000617000000| Complete 
|   3|0x0000000617400000, 0x0000000617800000, 0x0000000617800000|100%|HC|  |TAMS 0x0000000617400000| PB 0x0000000617400000| Complete 
|   4|0x0000000617800000, 0x0000000617c00000, 0x0000000617c00000|100%|HC|  |TAMS 0x0000000617800000| PB 0x0000000617800000| Complete 
|   5|0x0000000617c00000, 0x0000000618000000, 0x0000000618000000|100%|HC|  |TAMS 0x0000000617c00000| PB 0x0000000617c00000| Complete 
|   6|0x0000000618000000, 0x0000000618000000, 0x0000000618400000|  0%| F|  |TAMS 0x0000000618000000| PB 0x0000000618000000| Untracked 
|   7|0x0000000618400000, 0x0000000618400000, 0x0000000618800000|  0%| F|  |TAMS 0x0000000618400000| PB 0x0000000618400000| Untracked 
|   8|0x0000000618800000, 0x0000000618800000, 0x0000000618c00000|  0%| F|  |TAMS 0x0000000618800000| PB 0x0000000618800000| Untracked 
|   9|0x0000000618c00000, 0x0000000618c00000, 0x0000000619000000|  0%| F|  |TAMS 0x0000000618c00000| PB 0x0000000618c00000| Untracked 
|  10|0x0000000619000000, 0x0000000619000000, 0x0000000619400000|  0%| F|  |TAMS 0x0000000619000000| PB 0x0000000619000000| Untracked 
|  11|0x0000000619400000, 0x0000000619400000, 0x0000000619800000|  0%| F|  |TAMS 0x0000000619400000| PB 0x0000000619400000| Untracked 
|  12|0x0000000619800000, 0x0000000619800000, 0x0000000619c00000|  0%| F|  |TAMS 0x0000000619800000| PB 0x0000000619800000| Untracked 
|  13|0x0000000619c00000, 0x0000000619c00000, 0x000000061a000000|  0%| F|  |TAMS 0x0000000619c00000| PB 0x0000000619c00000| Untracked 
|  14|0x000000061a000000, 0x000000061a000000, 0x000000061a400000|  0%| F|  |TAMS 0x000000061a000000| PB 0x000000061a000000| Untracked 
|  15|0x000000061a400000, 0x000000061a400000, 0x000000061a800000|  0%| F|  |TAMS 0x000000061a400000| PB 0x000000061a400000| Untracked 
|  16|0x000000061a800000, 0x000000061a800000, 0x000000061ac00000|  0%| F|  |TAMS 0x000000061a800000| PB 0x000000061a800000| Untracked 
|  17|0x000000061ac00000, 0x000000061ac00000, 0x000000061b000000|  0%| F|  |TAMS 0x000000061ac00000| PB 0x000000061ac00000| Untracked 
|  18|0x000000061b000000, 0x000000061b000000, 0x000000061b400000|  0%| F|  |TAMS 0x000000061b000000| PB 0x000000061b000000| Untracked 
|  19|0x000000061b400000, 0x000000061b400000, 0x000000061b800000|  0%| F|  |TAMS 0x000000061b400000| PB 0x000000061b400000| Untracked 
|  20|0x000000061b800000, 0x000000061b800000, 0x000000061bc00000|  0%| F|  |TAMS 0x000000061b800000| PB 0x000000061b800000| Untracked 
|  21|0x000000061bc00000, 0x000000061bc00000, 0x000000061c000000|  0%| F|  |TAMS 0x000000061bc00000| PB 0x000000061bc00000| Untracked 
|  22|0x000000061c000000, 0x000000061c000000, 0x000000061c400000|  0%| F|  |TAMS 0x000000061c000000| PB 0x000000061c000000| Untracked 
|  23|0x000000061c400000, 0x000000061c400000, 0x000000061c800000|  0%| F|  |TAMS 0x000000061c400000| PB 0x000000061c400000| Untracked 
|  24|0x000000061c800000, 0x000000061c800000, 0x000000061cc00000|  0%| F|  |TAMS 0x000000061c800000| PB 0x000000061c800000| Untracked 
|  25|0x000000061cc00000, 0x000000061cc00000, 0x000000061d000000|  0%| F|  |TAMS 0x000000061cc00000| PB 0x000000061cc00000| Untracked 
|  26|0x000000061d000000, 0x000000061d000000, 0x000000061d400000|  0%| F|  |TAMS 0x000000061d000000| PB 0x000000061d000000| Untracked 
|  27|0x000000061d400000, 0x000000061d400000, 0x000000061d800000|  0%| F|  |TAMS 0x000000061d400000| PB 0x000000061d400000| Untracked 
|  28|0x000000061d800000, 0x000000061d800000, 0x000000061dc00000|  0%| F|  |TAMS 0x000000061d800000| PB 0x000000061d800000| Untracked 
|  29|0x000000061dc00000, 0x000000061dc00000, 0x000000061e000000|  0%| F|  |TAMS 0x000000061dc00000| PB 0x000000061dc00000| Untracked 
|  30|0x000000061e000000, 0x000000061e000000, 0x000000061e400000|  0%| F|  |TAMS 0x000000061e000000| PB 0x000000061e000000| Untracked 
|  31|0x000000061e400000, 0x000000061e400000, 0x000000061e800000|  0%| F|  |TAMS 0x000000061e400000| PB 0x000000061e400000| Untracked 
|  32|0x000000061e800000, 0x000000061e800000, 0x000000061ec00000|  0%| F|  |TAMS 0x000000061e800000| PB 0x000000061e800000| Untracked 
|  33|0x000000061ec00000, 0x000000061ec00000, 0x000000061f000000|  0%| F|  |TAMS 0x000000061ec00000| PB 0x000000061ec00000| Untracked 
|  34|0x000000061f000000, 0x000000061f000000, 0x000000061f400000|  0%| F|  |TAMS 0x000000061f000000| PB 0x000000061f000000| Untracked 
|  35|0x000000061f400000, 0x000000061f400000, 0x000000061f800000|  0%| F|  |TAMS 0x000000061f400000| PB 0x000000061f400000| Untracked 
|  36|0x000000061f800000, 0x000000061f800000, 0x000000061fc00000|  0%| F|  |TAMS 0x000000061f800000| PB 0x000000061f800000| Untracked 
|  37|0x000000061fc00000, 0x000000061fc00000, 0x0000000620000000|  0%| F|  |TAMS 0x000000061fc00000| PB 0x000000061fc00000| Untracked 
|  38|0x0000000620000000, 0x0000000620000000, 0x0000000620400000|  0%| F|  |TAMS 0x0000000620000000| PB 0x0000000620000000| Untracked 
|  39|0x0000000620400000, 0x0000000620400000, 0x0000000620800000|  0%| F|  |TAMS 0x0000000620400000| PB 0x0000000620400000| Untracked 
|  40|0x0000000620800000, 0x0000000620800000, 0x0000000620c00000|  0%| F|  |TAMS 0x0000000620800000| PB 0x0000000620800000| Untracked 
|  41|0x0000000620c00000, 0x0000000620c00000, 0x0000000621000000|  0%| F|  |TAMS 0x0000000620c00000| PB 0x0000000620c00000| Untracked 
|  42|0x0000000621000000, 0x0000000621000000, 0x0000000621400000|  0%| F|  |TAMS 0x0000000621000000| PB 0x0000000621000000| Untracked 
|  43|0x0000000621400000, 0x0000000621400000, 0x0000000621800000|  0%| F|  |TAMS 0x0000000621400000| PB 0x0000000621400000| Untracked 
|  44|0x0000000621800000, 0x0000000621800000, 0x0000000621c00000|  0%| F|  |TAMS 0x0000000621800000| PB 0x0000000621800000| Untracked 
|  45|0x0000000621c00000, 0x0000000621c00000, 0x0000000622000000|  0%| F|  |TAMS 0x0000000621c00000| PB 0x0000000621c00000| Untracked 
|  46|0x0000000622000000, 0x0000000622000000, 0x0000000622400000|  0%| F|  |TAMS 0x0000000622000000| PB 0x0000000622000000| Untracked 
|  47|0x0000000622400000, 0x0000000622400000, 0x0000000622800000|  0%| F|  |TAMS 0x0000000622400000| PB 0x0000000622400000| Untracked 
|  48|0x0000000622800000, 0x0000000622800000, 0x0000000622c00000|  0%| F|  |TAMS 0x0000000622800000| PB 0x0000000622800000| Untracked 
|  49|0x0000000622c00000, 0x0000000622c00000, 0x0000000623000000|  0%| F|  |TAMS 0x0000000622c00000| PB 0x0000000622c00000| Untracked 
|  50|0x0000000623000000, 0x0000000623000000, 0x0000000623400000|  0%| F|  |TAMS 0x0000000623000000| PB 0x0000000623000000| Untracked 
|  51|0x0000000623400000, 0x0000000623400000, 0x0000000623800000|  0%| F|  |TAMS 0x0000000623400000| PB 0x0000000623400000| Untracked 
|  52|0x0000000623800000, 0x0000000623800000, 0x0000000623c00000|  0%| F|  |TAMS 0x0000000623800000| PB 0x0000000623800000| Untracked 
|  53|0x0000000623c00000, 0x0000000623c00000, 0x0000000624000000|  0%| F|  |TAMS 0x0000000623c00000| PB 0x0000000623c00000| Untracked 
|  54|0x0000000624000000, 0x0000000624000000, 0x0000000624400000|  0%| F|  |TAMS 0x0000000624000000| PB 0x0000000624000000| Untracked 
|  55|0x0000000624400000, 0x0000000624400000, 0x0000000624800000|  0%| F|  |TAMS 0x0000000624400000| PB 0x0000000624400000| Untracked 
|  56|0x0000000624800000, 0x0000000624800000, 0x0000000624c00000|  0%| F|  |TAMS 0x0000000624800000| PB 0x0000000624800000| Untracked 
|  57|0x0000000624c00000, 0x0000000624c00000, 0x0000000625000000|  0%| F|  |TAMS 0x0000000624c00000| PB 0x0000000624c00000| Untracked 
|  58|0x0000000625000000, 0x0000000625000000, 0x0000000625400000|  0%| F|  |TAMS 0x0000000625000000| PB 0x0000000625000000| Untracked 
|  59|0x0000000625400000, 0x0000000625400000, 0x0000000625800000|  0%| F|  |TAMS 0x0000000625400000| PB 0x0000000625400000| Untracked 
|  60|0x0000000625800000, 0x0000000625800000, 0x0000000625c00000|  0%| F|  |TAMS 0x0000000625800000| PB 0x0000000625800000| Untracked 
|  61|0x0000000625c00000, 0x0000000625c00000, 0x0000000626000000|  0%| F|  |TAMS 0x0000000625c00000| PB 0x0000000625c00000| Untracked 
|  62|0x0000000626000000, 0x0000000626000000, 0x0000000626400000|  0%| F|  |TAMS 0x0000000626000000| PB 0x0000000626000000| Untracked 
|  63|0x0000000626400000, 0x0000000626400000, 0x0000000626800000|  0%| F|  |TAMS 0x0000000626400000| PB 0x0000000626400000| Untracked 
|  64|0x0000000626800000, 0x0000000626800000, 0x0000000626c00000|  0%| F|  |TAMS 0x0000000626800000| PB 0x0000000626800000| Untracked 
|  65|0x0000000626c00000, 0x0000000626c00000, 0x0000000627000000|  0%| F|  |TAMS 0x0000000626c00000| PB 0x0000000626c00000| Untracked 
|  66|0x0000000627000000, 0x0000000627000000, 0x0000000627400000|  0%| F|  |TAMS 0x0000000627000000| PB 0x0000000627000000| Untracked 
|  67|0x0000000627400000, 0x0000000627400000, 0x0000000627800000|  0%| F|  |TAMS 0x0000000627400000| PB 0x0000000627400000| Untracked 
|  68|0x0000000627800000, 0x0000000627800000, 0x0000000627c00000|  0%| F|  |TAMS 0x0000000627800000| PB 0x0000000627800000| Untracked 
|  69|0x0000000627c00000, 0x0000000627c00000, 0x0000000628000000|  0%| F|  |TAMS 0x0000000627c00000| PB 0x0000000627c00000| Untracked 
|  70|0x0000000628000000, 0x0000000628000000, 0x0000000628400000|  0%| F|  |TAMS 0x0000000628000000| PB 0x0000000628000000| Untracked 
|  71|0x0000000628400000, 0x0000000628400000, 0x0000000628800000|  0%| F|  |TAMS 0x0000000628400000| PB 0x0000000628400000| Untracked 
|  72|0x0000000628800000, 0x0000000628800000, 0x0000000628c00000|  0%| F|  |TAMS 0x0000000628800000| PB 0x0000000628800000| Untracked 
|  73|0x0000000628c00000, 0x0000000628c00000, 0x0000000629000000|  0%| F|  |TAMS 0x0000000628c00000| PB 0x0000000628c00000| Untracked 
|  74|0x0000000629000000, 0x0000000629000000, 0x0000000629400000|  0%| F|  |TAMS 0x0000000629000000| PB 0x0000000629000000| Untracked 
|  75|0x0000000629400000, 0x0000000629400000, 0x0000000629800000|  0%| F|  |TAMS 0x0000000629400000| PB 0x0000000629400000| Untracked 
|  76|0x0000000629800000, 0x0000000629800000, 0x0000000629c00000|  0%| F|  |TAMS 0x0000000629800000| PB 0x0000000629800000| Untracked 
|  77|0x0000000629c00000, 0x0000000629c00000, 0x000000062a000000|  0%| F|  |TAMS 0x0000000629c00000| PB 0x0000000629c00000| Untracked 
|  78|0x000000062a000000, 0x000000062a000000, 0x000000062a400000|  0%| F|  |TAMS 0x000000062a000000| PB 0x000000062a000000| Untracked 
|  79|0x000000062a400000, 0x000000062a400000, 0x000000062a800000|  0%| F|  |TAMS 0x000000062a400000| PB 0x000000062a400000| Untracked 
|  80|0x000000062a800000, 0x000000062a800000, 0x000000062ac00000|  0%| F|  |TAMS 0x000000062a800000| PB 0x000000062a800000| Untracked 
|  81|0x000000062ac00000, 0x000000062ac00000, 0x000000062b000000|  0%| F|  |TAMS 0x000000062ac00000| PB 0x000000062ac00000| Untracked 
|  82|0x000000062b000000, 0x000000062b000000, 0x000000062b400000|  0%| F|  |TAMS 0x000000062b000000| PB 0x000000062b000000| Untracked 
|  83|0x000000062b400000, 0x000000062b400000, 0x000000062b800000|  0%| F|  |TAMS 0x000000062b400000| PB 0x000000062b400000| Untracked 
|  84|0x000000062b800000, 0x000000062b800000, 0x000000062bc00000|  0%| F|  |TAMS 0x000000062b800000| PB 0x000000062b800000| Untracked 
|  85|0x000000062bc00000, 0x000000062bc00000, 0x000000062c000000|  0%| F|  |TAMS 0x000000062bc00000| PB 0x000000062bc00000| Untracked 
|  86|0x000000062c000000, 0x000000062c000000, 0x000000062c400000|  0%| F|  |TAMS 0x000000062c000000| PB 0x000000062c000000| Untracked 
|  87|0x000000062c400000, 0x000000062c400000, 0x000000062c800000|  0%| F|  |TAMS 0x000000062c400000| PB 0x000000062c400000| Untracked 
|  88|0x000000062c800000, 0x000000062c800000, 0x000000062cc00000|  0%| F|  |TAMS 0x000000062c800000| PB 0x000000062c800000| Untracked 
|  89|0x000000062cc00000, 0x000000062cc00000, 0x000000062d000000|  0%| F|  |TAMS 0x000000062cc00000| PB 0x000000062cc00000| Untracked 
|  90|0x000000062d000000, 0x000000062d000000, 0x000000062d400000|  0%| F|  |TAMS 0x000000062d000000| PB 0x000000062d000000| Untracked 
|  91|0x000000062d400000, 0x000000062d400000, 0x000000062d800000|  0%| F|  |TAMS 0x000000062d400000| PB 0x000000062d400000| Untracked 
|  92|0x000000062d800000, 0x000000062d800000, 0x000000062dc00000|  0%| F|  |TAMS 0x000000062d800000| PB 0x000000062d800000| Untracked 
|  93|0x000000062dc00000, 0x000000062dc00000, 0x000000062e000000|  0%| F|  |TAMS 0x000000062dc00000| PB 0x000000062dc00000| Untracked 
|  94|0x000000062e000000, 0x000000062e000000, 0x000000062e400000|  0%| F|  |TAMS 0x000000062e000000| PB 0x000000062e000000| Untracked 
|  95|0x000000062e400000, 0x000000062e400000, 0x000000062e800000|  0%| F|  |TAMS 0x000000062e400000| PB 0x000000062e400000| Untracked 
|  96|0x000000062e800000, 0x000000062e800000, 0x000000062ec00000|  0%| F|  |TAMS 0x000000062e800000| PB 0x000000062e800000| Untracked 
|  97|0x000000062ec00000, 0x000000062ec00000, 0x000000062f000000|  0%| F|  |TAMS 0x000000062ec00000| PB 0x000000062ec00000| Untracked 
|  98|0x000000062f000000, 0x000000062f000000, 0x000000062f400000|  0%| F|  |TAMS 0x000000062f000000| PB 0x000000062f000000| Untracked 
|  99|0x000000062f400000, 0x000000062f400000, 0x000000062f800000|  0%| F|  |TAMS 0x000000062f400000| PB 0x000000062f400000| Untracked 
| 100|0x000000062f800000, 0x000000062f800000, 0x000000062fc00000|  0%| F|  |TAMS 0x000000062f800000| PB 0x000000062f800000| Untracked 
| 101|0x000000062fc00000, 0x000000062fc00000, 0x0000000630000000|  0%| F|  |TAMS 0x000000062fc00000| PB 0x000000062fc00000| Untracked 
| 102|0x0000000630000000, 0x0000000630000000, 0x0000000630400000|  0%| F|  |TAMS 0x0000000630000000| PB 0x0000000630000000| Untracked 
| 103|0x0000000630400000, 0x0000000630400000, 0x0000000630800000|  0%| F|  |TAMS 0x0000000630400000| PB 0x0000000630400000| Untracked 
| 104|0x0000000630800000, 0x0000000630800000, 0x0000000630c00000|  0%| F|  |TAMS 0x0000000630800000| PB 0x0000000630800000| Untracked 
| 105|0x0000000630c00000, 0x0000000630c00000, 0x0000000631000000|  0%| F|  |TAMS 0x0000000630c00000| PB 0x0000000630c00000| Untracked 
| 106|0x0000000631000000, 0x0000000631000000, 0x0000000631400000|  0%| F|  |TAMS 0x0000000631000000| PB 0x0000000631000000| Untracked 
| 107|0x0000000631400000, 0x0000000631400000, 0x0000000631800000|  0%| F|  |TAMS 0x0000000631400000| PB 0x0000000631400000| Untracked 
| 108|0x0000000631800000, 0x0000000631800000, 0x0000000631c00000|  0%| F|  |TAMS 0x0000000631800000| PB 0x0000000631800000| Untracked 
| 109|0x0000000631c00000, 0x0000000631c00000, 0x0000000632000000|  0%| F|  |TAMS 0x0000000631c00000| PB 0x0000000631c00000| Untracked 
| 110|0x0000000632000000, 0x0000000632000000, 0x0000000632400000|  0%| F|  |TAMS 0x0000000632000000| PB 0x0000000632000000| Untracked 
| 111|0x0000000632400000, 0x0000000632400000, 0x0000000632800000|  0%| F|  |TAMS 0x0000000632400000| PB 0x0000000632400000| Untracked 
| 112|0x0000000632800000, 0x0000000632800000, 0x0000000632c00000|  0%| F|  |TAMS 0x0000000632800000| PB 0x0000000632800000| Untracked 
| 113|0x0000000632c00000, 0x0000000632c00000, 0x0000000633000000|  0%| F|  |TAMS 0x0000000632c00000| PB 0x0000000632c00000| Untracked 
| 114|0x0000000633000000, 0x0000000633000000, 0x0000000633400000|  0%| F|  |TAMS 0x0000000633000000| PB 0x0000000633000000| Untracked 
| 115|0x0000000633400000, 0x0000000633400000, 0x0000000633800000|  0%| F|  |TAMS 0x0000000633400000| PB 0x0000000633400000| Untracked 
| 116|0x0000000633800000, 0x0000000633800000, 0x0000000633c00000|  0%| F|  |TAMS 0x0000000633800000| PB 0x0000000633800000| Untracked 
| 117|0x0000000633c00000, 0x0000000633c00000, 0x0000000634000000|  0%| F|  |TAMS 0x0000000633c00000| PB 0x0000000633c00000| Untracked 
| 118|0x0000000634000000, 0x0000000634000000, 0x0000000634400000|  0%| F|  |TAMS 0x0000000634000000| PB 0x0000000634000000| Untracked 
| 119|0x0000000634400000, 0x00000006345f43b8, 0x0000000634800000| 48%| E|  |TAMS 0x0000000634400000| PB 0x0000000634400000| Complete 
| 120|0x0000000634800000, 0x0000000634c00000, 0x0000000634c00000|100%| E|CS|TAMS 0x0000000634800000| PB 0x0000000634800000| Complete 
| 121|0x0000000634c00000, 0x0000000635000000, 0x0000000635000000|100%| E|CS|TAMS 0x0000000634c00000| PB 0x0000000634c00000| Complete 
| 122|0x0000000635000000, 0x0000000635400000, 0x0000000635400000|100%| E|CS|TAMS 0x0000000635000000| PB 0x0000000635000000| Complete 
|1957|0x00000007ffc00000, 0x00000007ffd079d8, 0x0000000800000000| 25%| O|  |TAMS 0x00000007ffc00000| PB 0x00000007ffc00000| Untracked 

Card table byte_map: [0x000074324e800000,0x000074324f74c000] _byte_map_base: 0x000074324b74c000

Marking Bits: (CMBitMap*) 0x0000743268045f30
 Bits: [0x0000743246c00000, 0x000074324e660000)

Polling page: 0x000074326edbc000

Metaspace:

Usage:
  Non-class:      4.00 MB used.
      Class:    395.71 KB used.
       Both:      4.39 MB used.

Virtual space:
  Non-class space:       64.00 MB reserved,       4.06 MB (  6%) committed,  1 nodes.
      Class space:        1.00 GB reserved,     448.00 KB ( <1%) committed,  1 nodes.
             Both:        1.06 GB reserved,       4.50 MB ( <1%) committed. 

Chunk freelists:
   Non-Class:  11.20 MB
       Class:  15.52 MB
        Both:  26.72 MB

MaxMetaspaceSize: unlimited
CompressedClassSpaceSize: 1.00 GB
Initial GC threshold: 21.00 MB
Current GC threshold: 21.00 MB
CDS: on
 - commit_granule_bytes: 65536.
 - commit_granule_words: 8192.
 - virtual_space_node_default_size: 8388608.
 - enlarge_chunks_in_place: 1.
 - use_allocation_guard: 0.


Internal statistics:

num_allocs_failed_limit: 0.
num_arena_births: 98.
num_arena_deaths: 0.
num_vsnodes_births: 2.
num_vsnodes_deaths: 0.
num_space_committed: 72.
num_space_uncommitted: 0.
num_chunks_returned_to_freelist: 0.
num_chunks_taken_from_freelist: 159.
num_chunk_merges: 0.
num_chunk_splits: 98.
num_chunks_enlarged: 45.
num_inconsistent_stats: 0.

CodeHeap 'non-profiled nmethods': size=119168Kb used=219Kb max_used=219Kb free=118948Kb
 bounds [0x00007432583a0000, 0x0000743258610000, 0x000074325f800000]
CodeHeap 'profiled nmethods': size=119164Kb used=926Kb max_used=926Kb free=118237Kb
 bounds [0x0000743250800000, 0x0000743250a70000, 0x0000743257c5f000]
CodeHeap 'non-nmethods': size=7428Kb used=2756Kb max_used=2772Kb free=4671Kb
 bounds [0x0000743257c5f000, 0x0000743257f1f000, 0x00007432583a0000]
 total_blobs=1353 nmethods=651 adapters=606
 compilation: enabled
              stopped_count=0, restarted_count=0
 full_count=0

Compilation events (20 events):
Event: 0.294 Thread 0x00007431ac05e810  640       3       java.io.InputStream::<init> (5 bytes)
Event: 0.294 Thread 0x00007431ac05e810 nmethod 640 0x00007432508e4e10 code [0x00007432508e4fa0, 0x00007432508e5100]
Event: 0.294 Thread 0x0000743268141d50  641       3       sun.net.www.ParseUtil::firstEncodeIndex (86 bytes)
Event: 0.294 Thread 0x00007431ac05fa20  642       3       sun.net.util.IPAddressUtil::earlyURLParsing (12 bytes)
Event: 0.294 Thread 0x00007431ac05fa20 nmethod 642 0x00007432508e5190 code [0x00007432508e5320, 0x00007432508e5428]
Event: 0.295 Thread 0x0000743268141d50 nmethod 641 0x00007432508e5490 code [0x00007432508e56c0, 0x00007432508e6060]
Event: 0.295 Thread 0x00007431ac05e810  645       3       jdk.internal.org.objectweb.asm.Handler::getExceptionTableSize (10 bytes)
Event: 0.295 Thread 0x00007431ac05fa20  644       1       jdk.internal.org.objectweb.asm.MethodWriter::hasAsmInstructions (5 bytes)
Event: 0.295 Thread 0x0000743268141d50  646       3       java.lang.invoke.MethodHandles$Lookup::isClassAccessible (53 bytes)
Event: 0.295 Thread 0x00007431ac05fa20 nmethod 644 0x00007432583d4810 code [0x00007432583d49a0, 0x00007432583d4a68]
Event: 0.295 Thread 0x00007431ac05fa20  647       1       java.lang.invoke.MethodType::rtype (5 bytes)
Event: 0.295 Thread 0x00007431ac05e810 nmethod 645 0x00007432508e6410 code [0x00007432508e65a0, 0x00007432508e6798]
Event: 0.295 Thread 0x00007431ac05fa20 nmethod 647 0x00007432583d4b10 code [0x00007432583d4ca0, 0x00007432583d4d68]
Event: 0.295 Thread 0x00007431ac05e810  648       3       jdk.internal.org.objectweb.asm.AnnotationWriter::putAnnotations (67 bytes)
Event: 0.296 Thread 0x00007431ac05e810 nmethod 648 0x00007432508e6890 code [0x00007432508e6aa0, 0x00007432508e6e90]
Event: 0.296 Thread 0x0000743268141d50 nmethod 646 0x00007432508e7110 code [0x00007432508e7320, 0x00007432508e78e0]
Event: 0.298 Thread 0x00007431ac05e810  651       1       java.util.concurrent.locks.AbstractQueuedSynchronizer::getState (5 bytes)
Event: 0.298 Thread 0x00007431ac05e810 nmethod 651 0x00007432583d5510 code [0x00007432583d56a0, 0x00007432583d5760]
Event: 0.299 Thread 0x0000743268140680 nmethod 634 0x00007432583d5810 code [0x00007432583d5a00, 0x00007432583d6158]
Event: 0.299 Thread 0x0000743268140680  639       4       java.lang.StringUTF16::getChar (60 bytes)

GC Heap History (0 events):
No events

Dll operation events (12 events):
Event: 0.002 Loaded shared library /usr/lib/jvm/java-21-openjdk-amd64/lib/libjava.so
Event: 0.022 Loaded shared library /usr/lib/jvm/java-21-openjdk-amd64/lib/libjsvml.so
Event: 0.024 Loaded shared library /usr/lib/jvm/java-21-openjdk-amd64/lib/libnio.so
Event: 0.058 Loaded shared library /usr/lib/jvm/java-21-openjdk-amd64/lib/libzip.so
Event: 0.072 Loaded shared library /usr/lib/jvm/java-21-openjdk-amd64/lib/libjimage.so
Event: 0.081 Loaded shared library /usr/lib/jvm/java-21-openjdk-amd64/lib/libawt.so
Event: 0.084 Loaded shared library /usr/lib/jvm/java-21-openjdk-amd64/lib/libawt_xawt.so
Event: 0.108 Loaded shared library /usr/lib/jvm/java-21-openjdk-amd64/lib/libjavajpeg.so
Event: 0.137 Loaded shared library /usr/lib/jvm/java-21-openjdk-amd64/lib/libfontmanager.so
Event: 0.193 Loaded shared library /tmp/libJCublas2-12.0.0-linux-x86_64.so
Event: 0.278 Loaded shared library /tmp/libJCudaRuntime-12.0.0-linux-x86_64.so
Event: 0.283 Loaded shared library /usr/lib/jvm/java-21-openjdk-amd64/lib/libverify.so

Deoptimization events (20 events):
Event: 0.127 Thread 0x000074326801a060 DEOPT PACKING pc=0x00007432508a0428 sp=0x000074326d3fdad0
Event: 0.127 Thread 0x000074326801a060 DEOPT UNPACKING pc=0x0000743257cb372f sp=0x000074326d3fcfc8 mode 0
Event: 0.128 Thread 0x000074326801a060 DEOPT PACKING pc=0x00007432508a0428 sp=0x000074326d3fdad0
Event: 0.128 Thread 0x000074326801a060 DEOPT UNPACKING pc=0x0000743257cb372f sp=0x000074326d3fcfc8 mode 0
Event: 0.128 Thread 0x000074326801a060 DEOPT PACKING pc=0x00007432508a0428 sp=0x000074326d3fdad0
Event: 0.128 Thread 0x000074326801a060 DEOPT UNPACKING pc=0x0000743257cb372f sp=0x000074326d3fcfc8 mode 0
Event: 0.128 Thread 0x000074326801a060 DEOPT PACKING pc=0x00007432508a0428 sp=0x000074326d3fdad0
Event: 0.128 Thread 0x000074326801a060 DEOPT UNPACKING pc=0x0000743257cb372f sp=0x000074326d3fcfc8 mode 0
Event: 0.128 Thread 0x000074326801a060 DEOPT PACKING pc=0x00007432508a0428 sp=0x000074326d3fdad0
Event: 0.128 Thread 0x000074326801a060 DEOPT UNPACKING pc=0x0000743257cb372f sp=0x000074326d3fcfc8 mode 0
Event: 0.160 Thread 0x000074326801a060 DEOPT PACKING pc=0x00007432508c037e sp=0x000074326d3fe780
Event: 0.160 Thread 0x000074326801a060 DEOPT UNPACKING pc=0x0000743257cb372f sp=0x000074326d3fdcd0 mode 0
Event: 0.162 Thread 0x000074326801a060 Uncommon trap: trap_request=0xffffff45 fr.pc=0x00007432583cea7c relative=0x000000000000061c
Event: 0.162 Thread 0x000074326801a060 Uncommon trap: reason=unstable_if action=reinterpret pc=0x00007432583cea7c method=java.util.Arrays.setAll([DLjava/util/function/IntToDoubleFunction;)V @ 10 c2
Event: 0.162 Thread 0x000074326801a060 DEOPT PACKING pc=0x00007432583cea7c sp=0x000074326d3fe800
Event: 0.162 Thread 0x000074326801a060 DEOPT UNPACKING pc=0x0000743257cb2f99 sp=0x000074326d3fe7d0 mode 2
Event: 0.293 Thread 0x000074326801a060 Uncommon trap: trap_request=0xffffff45 fr.pc=0x00007432583cc9ec relative=0x000000000000006c
Event: 0.293 Thread 0x000074326801a060 Uncommon trap: reason=unstable_if action=reinterpret pc=0x00007432583cc9ec method=java.lang.String.isLatin1()Z @ 10 c2
Event: 0.293 Thread 0x000074326801a060 DEOPT PACKING pc=0x00007432583cc9ec sp=0x000074326d3fdc10
Event: 0.293 Thread 0x000074326801a060 DEOPT UNPACKING pc=0x0000743257cb2f99 sp=0x000074326d3fdbc0 mode 2

Classes loaded (20 events):
Event: 0.294 Loading class java/lang/ArrayIndexOutOfBoundsException
Event: 0.294 Loading class java/lang/IndexOutOfBoundsException
Event: 0.294 Loading class java/lang/IndexOutOfBoundsException done
Event: 0.294 Loading class java/lang/ArrayIndexOutOfBoundsException done
Event: 0.294 Loading class java/util/Spliterators$IntArraySpliterator
Event: 0.294 Loading class java/util/Spliterators$IntArraySpliterator done
Event: 0.294 Loading class java/util/stream/MatchOps$MatchKind
Event: 0.295 Loading class java/util/stream/MatchOps$MatchKind done
Event: 0.295 Loading class java/util/stream/MatchOps
Event: 0.295 Loading class java/util/stream/MatchOps done
Event: 0.295 Loading class java/util/stream/MatchOps$MatchOp
Event: 0.295 Loading class java/util/stream/MatchOps$MatchOp done
Event: 0.295 Loading class java/util/stream/MatchOps$BooleanTerminalSink
Event: 0.295 Loading class java/util/stream/MatchOps$BooleanTerminalSink done
Event: 0.295 Loading class java/util/stream/MatchOps$2MatchSink
Event: 0.295 Loading class java/util/stream/MatchOps$2MatchSink done
Event: 0.295 Loading class java/util/stream/MatchOps$1MatchSink
Event: 0.295 Loading class java/util/stream/MatchOps$1MatchSink done
Event: 0.296 Loading class java/nio/HeapDoubleBuffer
Event: 0.296 Loading class java/nio/HeapDoubleBuffer done

Classes unloaded (0 events):
No events

Classes redefined (0 events):
No events

Internal exceptions (11 events):
Event: 0.045 Thread 0x000074326801a060 Exception <a 'sun/nio/fs/UnixException'{0x0000000635070ea8}> (0x0000000635070ea8) 
thrown [./src/hotspot/share/prims/jni.cpp, line 520]
Event: 0.045 Thread 0x000074326801a060 Exception <a 'sun/nio/fs/UnixException'{0x00000006350715e8}> (0x00000006350715e8) 
thrown [./src/hotspot/share/prims/jni.cpp, line 520]
Event: 0.045 Thread 0x000074326801a060 Exception <a 'sun/nio/fs/UnixException'{0x0000000635071e18}> (0x0000000635071e18) 
thrown [./src/hotspot/share/prims/jni.cpp, line 520]
Event: 0.045 Thread 0x000074326801a060 Exception <a 'sun/nio/fs/UnixException'{0x0000000635072410}> (0x0000000635072410) 
thrown [./src/hotspot/share/prims/jni.cpp, line 520]
Event: 0.045 Thread 0x000074326801a060 Exception <a 'sun/nio/fs/UnixException'{0x00000006350729e0}> (0x00000006350729e0) 
thrown [./src/hotspot/share/prims/jni.cpp, line 520]
Event: 0.045 Thread 0x000074326801a060 Exception <a 'sun/nio/fs/UnixException'{0x0000000635072fc0}> (0x0000000635072fc0) 
thrown [./src/hotspot/share/prims/jni.cpp, line 520]
Event: 0.045 Thread 0x000074326801a060 Exception <a 'sun/nio/fs/UnixException'{0x0000000635073810}> (0x0000000635073810) 
thrown [./src/hotspot/share/prims/jni.cpp, line 520]
Event: 0.076 Thread 0x000074326801a060 Exception <a 'java/lang/ClassNotFoundException'{0x00000006353b4fc0}: sun/awt/resources/spi/awtProvider> (0x00000006353b4fc0) 
thrown [./src/hotspot/share/classfile/systemDictionary.cpp, line 312]
Event: 0.080 Thread 0x000074326801a060 Implicit null exception at 0x00007432583ace63 to 0x00007432583acfc4
Event: 0.092 Thread 0x000074326801a060 Exception <a 'java/io/FileNotFoundException'{0x0000000634c12858}> (0x0000000634c12858) 
thrown [./src/hotspot/share/prims/jni.cpp, line 520]
Event: 0.282 Thread 0x000074326801a060 Exception <a 'java/lang/NoSuchMethodError'{0x000000063445d0e8}: 'void java.lang.invoke.DirectMethodHandle$Holder.invokeStatic(java.lang.Object, java.lang.Object)'> (0x000000063445d0e8) 
thrown [./src/hotspot/share/interpreter/linkResolver.cpp, line 772]

ZGC Phase Switch (0 events):
No events

VM Operations (6 events):
Event: 0.046 Executing VM operation: HandshakeAllThreads (Deoptimize)
Event: 0.047 Executing VM operation: HandshakeAllThreads (Deoptimize) done
Event: 0.070 Executing VM operation: HandshakeAllThreads (Deoptimize)
Event: 0.070 Executing VM operation: HandshakeAllThreads (Deoptimize) done
Event: 0.291 Executing VM operation: HandshakeAllThreads (Deoptimize)
Event: 0.291 Executing VM operation: HandshakeAllThreads (Deoptimize) done

Memory protections (16 events):
Event: 0.002 Protecting memory [0x000074326d300000,0x000074326d304000] with protection modes 0
Event: 0.020 Protecting memory [0x000074323e900000,0x000074323e904000] with protection modes 0
Event: 0.020 Protecting memory [0x000074323e800000,0x000074323e804000] with protection modes 0
Event: 0.021 Protecting memory [0x000074323e700000,0x000074323e704000] with protection modes 0
Event: 0.021 Protecting memory [0x000074323e600000,0x000074323e604000] with protection modes 0
Event: 0.021 Protecting memory [0x000074323e500000,0x000074323e504000] with protection modes 0
Event: 0.021 Protecting memory [0x000074323e400000,0x000074323e404000] with protection modes 0
Event: 0.022 Protecting memory [0x000074323e300000,0x000074323e304000] with protection modes 0
Event: 0.036 Protecting memory [0x000074323e200000,0x000074323e204000] with protection modes 0
Event: 0.042 Protecting memory [0x000074323e100000,0x000074323e104000] with protection modes 0
Event: 0.043 Protecting memory [0x000074323e000000,0x000074323e004000] with protection modes 0
Event: 0.054 Protecting memory [0x000074323df00000,0x000074323df04000] with protection modes 0
Event: 0.057 Protecting memory [0x000074323de00000,0x000074323de04000] with protection modes 0
Event: 0.063 Protecting memory [0x000074323dd00000,0x000074323dd04000] with protection modes 0
Event: 0.106 Protecting memory [0x000074323dac3000,0x000074323dac7000] with protection modes 0
Event: 0.283 Protecting memory [0x000074323de00000,0x000074323de04000] with protection modes 0

Nmethod flushes (0 events):
No events

Events (18 events):
Event: 0.014 Thread 0x000074326801a060 Thread added: 0x000074326801a060
Event: 0.020 Thread 0x000074326801a060 Thread added: 0x0000743268138d50
Event: 0.020 Thread 0x000074326801a060 Thread added: 0x000074326813a3e0
Event: 0.021 Thread 0x000074326801a060 Thread added: 0x000074326813beb0
Event: 0.021 Thread 0x000074326801a060 Thread added: 0x000074326813d500
Event: 0.021 Thread 0x000074326801a060 Thread added: 0x000074326813eab0
Event: 0.021 Thread 0x000074326801a060 Thread added: 0x0000743268140680
Event: 0.022 Thread 0x000074326801a060 Thread added: 0x0000743268141d50
Event: 0.036 Thread 0x000074326801a060 Thread added: 0x0000743268160f50
Event: 0.042 Thread 0x0000743268141d50 Thread added: 0x00007431ac05e810
Event: 0.043 Thread 0x0000743268141d50 Thread added: 0x00007431ac05fa20
Event: 0.054 Thread 0x000074326801a060 Thread added: 0x000074326819caa0
Event: 0.057 Thread 0x00007431ac05e810 Thread added: 0x00007431a00321d0
Event: 0.063 Thread 0x00007431ac05fa20 Thread added: 0x000074319806abc0
Event: 0.106 Thread 0x000074326801a060 Thread added: 0x00007432682a1f00
Event: 0.278 Thread 0x000074319806abc0 Thread exited: 0x000074319806abc0
Event: 0.279 Thread 0x00007431a00321d0 Thread exited: 0x00007431a00321d0
Event: 0.283 Thread 0x000074326801a060 Thread added: 0x0000743269578db0


Dynamic libraries:
200000000-200200000 ---p 00000000 00:00 0 
200200000-200400000 rw-s 00000000 00:05 1111                             /dev/nvidia0
200400000-203400000 rw-s 00000000 00:05 1110                             /dev/nvidiactl
203400000-204400000 ---p 00000000 00:00 0 
204400000-204600000 rw-s 00000000 00:05 1110                             /dev/nvidiactl
204600000-204800000 rw-s 00000000 00:05 1110                             /dev/nvidiactl
204800000-204a00000 rw-s 00000000 00:05 1110                             /dev/nvidiactl
204a00000-204c00000 rw-s 204a00000 00:05 1112                            /dev/nvidia-uvm
204c00000-204e00000 rw-s 00000000 00:05 1110                             /dev/nvidiactl
204e00000-205000000 ---p 00000000 00:00 0 
205000000-205200000 rw-s 00000000 00:05 1110                             /dev/nvidiactl
205200000-300200000 ---p 00000000 00:00 0 
616800000-635400000 rw-p 00000000 00:00 0 
635400000-7ffc00000 ---p 00000000 00:00 0 
7ffc00000-7ffd08000 rw-p 00ced000 103:02 17172987                        /usr/lib/jvm/java-21-openjdk-amd64/lib/server/classes.jsa
7ffd08000-800000000 rw-p 00000000 00:00 0 
10000000000-10004000000 ---p 00000000 00:00 0 
601e4e437000-601e4e438000 r--p 00000000 103:02 17172834                  /usr/lib/jvm/java-21-openjdk-amd64/bin/java
601e4e438000-601e4e439000 r-xp 00001000 103:02 17172834                  /usr/lib/jvm/java-21-openjdk-amd64/bin/java
601e4e439000-601e4e43a000 r--p 00002000 103:02 17172834                  /usr/lib/jvm/java-21-openjdk-amd64/bin/java
601e4e43a000-601e4e43b000 r--p 00002000 103:02 17172834                  /usr/lib/jvm/java-21-openjdk-amd64/bin/java
601e4e43b000-601e4e43c000 rw-p 00003000 103:02 17172834                  /usr/lib/jvm/java-21-openjdk-amd64/bin/java
601e4f33a000-601e4f381000 rw-p 00000000 00:00 0                          [heap]
74311a000000-74311c000000 ---p 00000000 00:00 0 
74311e000000-743120000000 ---p 00000000 00:00 0 
743122000000-74312a000000 ---p 00000000 00:00 0 
74312c000000-74312e000000 ---p 00000000 00:00 0 
743130000000-743140000000 ---p 00000000 00:00 0 
743144000000-743144400000 ---p 00000000 00:00 0 
743144400000-743144600000 rw-s 00000000 00:05 1110                       /dev/nvidiactl
743144600000-743144800000 rw-s 00000000 00:01 11278                      /dev/zero (deleted)
743144800000-743144a00000 rw-s 00000000 00:01 11279                      /dev/zero (deleted)
743144a00000-743145000000 ---p 00000000 00:00 0 
743145000000-743145200000 rw-s 00000000 00:05 1110                       /dev/nvidiactl
743145200000-743145400000 ---p 00000000 00:00 0 
743145400000-743145600000 rw-s 00000000 00:01 11281                      /dev/zero (deleted)
743145600000-743145b33000 rw-s 00000000 00:05 1110                       /dev/nvidiactl
743145b33000-743146000000 ---p 00000000 00:00 0 
743148000000-743148021000 rw-p 00000000 00:00 0 
743148021000-74314c000000 ---p 00000000 00:00 0 
74314e000000-743154000000 ---p 00000000 00:00 0 
743154000000-743154021000 rw-p 00000000 00:00 0 
743154021000-743158000000 ---p 00000000 00:00 0 
743158200000-743175463000 r-xp 00000000 103:02 16524125                  /usr/lib/x86_64-linux-gnu/libcublasLt.so.12.0.2.224
743175463000-743175663000 ---p 1d263000 103:02 16524125                  /usr/lib/x86_64-linux-gnu/libcublasLt.so.12.0.2.224
743175663000-743175893000 r--p 1d263000 103:02 16524125                  /usr/lib/x86_64-linux-gnu/libcublasLt.so.12.0.2.224
743175893000-743176827000 rw-p 1d493000 103:02 16524125                  /usr/lib/x86_64-linux-gnu/libcublasLt.so.12.0.2.224
743176827000-74317900f000 rw-p 00000000 00:00 0 
743179400000-74317fa67000 r-xp 00000000 103:02 16524127                  /usr/lib/x86_64-linux-gnu/libcublas.so.12.0.2.224
74317fa67000-74317fc67000 ---p 06667000 103:02 16524127                  /usr/lib/x86_64-linux-gnu/libcublas.so.12.0.2.224
74317fc67000-74317fc6e000 r--p 06667000 103:02 16524127                  /usr/lib/x86_64-linux-gnu/libcublas.so.12.0.2.224
74317fc6e000-74317fc75000 rw-p 0666e000 103:02 16524127                  /usr/lib/x86_64-linux-gnu/libcublas.so.12.0.2.224
74317fc75000-74317fc7d000 rw-p 00000000 00:00 0 
743180000000-743180021000 rw-p 00000000 00:00 0 
743180021000-743184000000 ---p 00000000 00:00 0 
743188000000-743188064000 rw-p 00000000 00:00 0 
743188064000-74318c000000 ---p 00000000 00:00 0 
74318c000000-74318c07a000 rw-p 00000000 00:00 0 
74318c07a000-743190000000 ---p 00000000 00:00 0 
743194000000-743194021000 rw-p 00000000 00:00 0 
743194021000-743198000000 ---p 00000000 00:00 0 
743198000000-743198073000 rw-p 00000000 00:00 0 
743198073000-74319c000000 ---p 00000000 00:00 0 
7431a0000000-7431a0085000 rw-p 00000000 00:00 0 
7431a0085000-7431a4000000 ---p 00000000 00:00 0 
7431a4000000-7431a4021000 rw-p 00000000 00:00 0 
7431a4021000-7431a8000000 ---p 00000000 00:00 0 
7431ac000000-7431ac0ea000 rw-p 00000000 00:00 0 
7431ac0ea000-7431b0000000 ---p 00000000 00:00 0 
7431b0000000-7431b013e000 rw-p 00000000 00:00 0 
7431b013e000-7431b4000000 ---p 00000000 00:00 0 
7431b8000000-7431b8021000 rw-p 00000000 00:00 0 
7431b8021000-7431bc000000 ---p 00000000 00:00 0 
7431bc000000-7431bc021000 rw-p 00000000 00:00 0 
7431bc021000-7431c0000000 ---p 00000000 00:00 0 
7431c4000000-7431c4021000 rw-p 00000000 00:00 0 
7431c4021000-7431c8000000 ---p 00000000 00:00 0 
7431c8000000-7431c8021000 rw-p 00000000 00:00 0 
7431c8021000-7431cc000000 ---p 00000000 00:00 0 
7431d0000000-7431d0021000 rw-p 00000000 00:00 0 
7431d0021000-7431d4000000 ---p 00000000 00:00 0 
7431d4000000-7431d4021000 rw-p 00000000 00:00 0 
7431d4021000-7431d8000000 ---p 00000000 00:00 0 
7431d8400000-7431db17c000 r-xp 00000000 103:02 16526206                  /usr/lib/x86_64-linux-gnu/libnvrtc.so.12.0.140
7431db17c000-7431db37c000 ---p 02d7c000 103:02 16526206                  /usr/lib/x86_64-linux-gnu/libnvrtc.so.12.0.140
7431db37c000-7431dba4f000 r--p 02d7c000 103:02 16526206                  /usr/lib/x86_64-linux-gnu/libnvrtc.so.12.0.140
7431dba4f000-7431dbb1b000 rw-p 0344f000 103:02 16526206                  /usr/lib/x86_64-linux-gnu/libnvrtc.so.12.0.140
7431dbb1b000-7431dbc1c000 rw-p 00000000 00:00 0 
7431dc000000-7431dc340000 rw-p 00000000 00:00 0 
7431dc340000-7431dc400000 ---p 00000000 00:00 0 
7431dc400000-7431dc4d0000 rw-p 00000000 00:00 0 
7431dc4d0000-7431e0000000 ---p 00000000 00:00 0 
7431e0000000-7431e0021000 rw-p 00000000 00:00 0 
7431e0021000-7431e4000000 ---p 00000000 00:00 0 
7431e5400000-7431e5401000 ---p 00000000 00:00 0 
7431e5401000-7431e5c01000 rw-p 00000000 00:00 0 
7431e5e00000-7431e5e01000 rw-s 00000000 00:05 1110                       /dev/nvidiactl
7431e5e01000-7431e5e02000 rw-s 00000000 00:05 1110                       /dev/nvidiactl
7431e5e02000-7431e5e03000 rw-s 00000000 00:05 1110                       /dev/nvidiactl
7431e5e03000-7431e5e04000 rw-s 00000000 00:05 1110                       /dev/nvidiactl
7431e5e04000-7431e5e05000 rw-s 00000000 00:05 1110                       /dev/nvidiactl
7431e5e05000-7431e5e06000 rw-s 00000000 00:05 1110                       /dev/nvidiactl
7431e5e06000-7431e5e07000 rw-s 00000000 00:05 1110                       /dev/nvidiactl
7431e5e07000-7431e5e08000 rw-s 00000000 00:05 1110                       /dev/nvidiactl
7431e5e08000-7431e5e09000 rw-s 00000000 00:05 1110                       /dev/nvidiactl
7431e5e09000-7431e5e0a000 rw-s 00000000 00:05 1110                       /dev/nvidiactl
7431e5e0a000-7431e5e0b000 rw-s 00000000 00:05 1110                       /dev/nvidiactl
7431e5e0b000-7431e5e0c000 rw-s 00000000 00:05 1110                       /dev/nvidiactl
7431e5e0c000-7431e5e0d000 rw-s 00000000 00:05 1110                       /dev/nvidiactl
7431e5e0d000-7431e5e0e000 rw-s 00000000 00:05 1110                       /dev/nvidiactl
7431e5e0e000-7431e5e0f000 rw-s 00000000 00:05 1110                       /dev/nvidiactl
7431e5e0f000-7431e5e10000 rw-s 00000000 00:05 1110                       /dev/nvidiactl
7431e5e10000-7431e6e21000 ---p 00000000 00:00 0 
7431e7000000-7431e7cae000 rw-p 00001000 103:02 17172987                  /usr/lib/jvm/java-21-openjdk-amd64/lib/server/classes.jsa
7431e7cae000-7431e8000000 ---p 00000000 00:00 0 
7431e8000000-7431e8010000 rw-p 00000000 00:00 0 
7431e8010000-7431e8030000 rw-p 00000000 00:00 0 
7431e8030000-7431e8040000 ---p 00000000 00:00 0 
7431e8040000-7431e8080000 rw-p 00000000 00:00 0 
7431e8080000-743228000000 ---p 00000000 00:00 0 
743228000000-743228021000 rw-p 00000000 00:00 0 
743228021000-74322c000000 ---p 00000000 00:00 0 
74322c000000-74322c021000 rw-p 00000000 00:00 0 
74322c021000-743230000000 ---p 00000000 00:00 0 
743230200000-7432302c7000 r-xp 00000000 103:02 18219096                  /tmp/libJCudaRuntime-12.0.0-linux-x86_64.so
7432302c7000-7432304c7000 ---p 000c7000 103:02 18219096                  /tmp/libJCudaRuntime-12.0.0-linux-x86_64.so
7432304c7000-7432304cc000 r--p 000c7000 103:02 18219096                  /tmp/libJCudaRuntime-12.0.0-linux-x86_64.so
7432304cc000-7432304cd000 rw-p 000cc000 103:02 18219096                  /tmp/libJCudaRuntime-12.0.0-linux-x86_64.so
7432304cd000-7432304cf000 rw-p 00000000 00:00 0 
743230800000-743230801000 ---p 00000000 00:00 0 
743230801000-743231001000 rw-p 00000000 00:00 0 
743231200000-743232221000 ---p 00000000 00:00 0 
743232400000-7432324de000 r--p 00000000 103:02 16552573                  /usr/lib/x86_64-linux-gnu/libcuda.so.550.107.02
7432324de000-7432329b3000 r-xp 000de000 103:02 16552573                  /usr/lib/x86_64-linux-gnu/libcuda.so.550.107.02
7432329b3000-743233e4e000 r--p 005b3000 103:02 16552573                  /usr/lib/x86_64-linux-gnu/libcuda.so.550.107.02
743233e4e000-743233e4f000 ---p 01a4e000 103:02 16552573                  /usr/lib/x86_64-linux-gnu/libcuda.so.550.107.02
743233e4f000-743233e67000 r--p 01a4e000 103:02 16552573                  /usr/lib/x86_64-linux-gnu/libcuda.so.550.107.02
743233e67000-743233f62000 rw-p 01a66000 103:02 16552573                  /usr/lib/x86_64-linux-gnu/libcuda.so.550.107.02
743233f62000-743233fcb000 rw-p 00000000 00:00 0 
743234000000-743234021000 rw-p 00000000 00:00 0 
743234021000-743238000000 ---p 00000000 00:00 0 
743238000000-743238021000 rw-p 00000000 00:00 0 
743238021000-74323c000000 ---p 00000000 00:00 0 
74323c000000-74323c200000 rw-s 00000000 00:01 11280                      /dev/zero (deleted)
74323c200000-74323c45a000 rw-p 00000000 00:00 0 
74323c600000-74323c601000 ---p 00000000 00:00 0 
74323c601000-74323ce01000 rw-p 00000000 00:00 0 
74323cebe000-74323d000000 rw-p 00000000 00:00 0 
74323d000000-74323d138000 r-xp 00000000 103:02 18219095                  /tmp/libJCublas2-12.0.0-linux-x86_64.so
74323d138000-74323d338000 ---p 00138000 103:02 18219095                  /tmp/libJCublas2-12.0.0-linux-x86_64.so
74323d338000-74323d33d000 r--p 00138000 103:02 18219095                  /tmp/libJCublas2-12.0.0-linux-x86_64.so
74323d33d000-74323d33f000 rw-p 0013d000 103:02 18219095                  /tmp/libJCublas2-12.0.0-linux-x86_64.so
74323d33f000-74323d341000 rw-p 00000000 00:00 0 
74323d46d000-74323d707000 rw-p 00000000 00:00 0 
74323d707000-74323d709000 r--p 00000000 103:02 16530942                  /usr/lib/x86_64-linux-gnu/libpcre2-8.so.0.11.2
74323d709000-74323d777000 r-xp 00002000 103:02 16530942                  /usr/lib/x86_64-linux-gnu/libpcre2-8.so.0.11.2
74323d777000-74323d79f000 r--p 00070000 103:02 16530942                  /usr/lib/x86_64-linux-gnu/libpcre2-8.so.0.11.2
74323d79f000-74323d7a0000 r--p 00097000 103:02 16530942                  /usr/lib/x86_64-linux-gnu/libpcre2-8.so.0.11.2
74323d7a0000-74323d7a1000 rw-p 00098000 103:02 16530942                  /usr/lib/x86_64-linux-gnu/libpcre2-8.so.0.11.2
74323d7a1000-74323d7bf000 r--p 00000000 103:02 16530649                  /usr/lib/x86_64-linux-gnu/libglib-2.0.so.0.8000.0
74323d7bf000-74323d85f000 r-xp 0001e000 103:02 16530649                  /usr/lib/x86_64-linux-gnu/libglib-2.0.so.0.8000.0
74323d85f000-74323d8e7000 r--p 000be000 103:02 16530649                  /usr/lib/x86_64-linux-gnu/libglib-2.0.so.0.8000.0
74323d8e7000-74323d8e8000 r--p 00146000 103:02 16530649                  /usr/lib/x86_64-linux-gnu/libglib-2.0.so.0.8000.0
74323d8e8000-74323d8e9000 rw-p 00147000 103:02 16530649                  /usr/lib/x86_64-linux-gnu/libglib-2.0.so.0.8000.0
74323d8e9000-74323d8ea000 rw-p 00000000 00:00 0 
74323d8ea000-74323d8f7000 r--p 00000000 103:02 16530615                  /usr/lib/x86_64-linux-gnu/libfreetype.so.6.20.1
74323d8f7000-74323d988000 r-xp 0000d000 103:02 16530615                  /usr/lib/x86_64-linux-gnu/libfreetype.so.6.20.1
74323d988000-74323d9ae000 r--p 0009e000 103:02 16530615                  /usr/lib/x86_64-linux-gnu/libfreetype.so.6.20.1
74323d9ae000-74323d9b5000 r--p 000c4000 103:02 16530615                  /usr/lib/x86_64-linux-gnu/libfreetype.so.6.20.1
74323d9b5000-74323d9b6000 rw-p 000cb000 103:02 16530615                  /usr/lib/x86_64-linux-gnu/libfreetype.so.6.20.1
74323d9b6000-74323d9c1000 r--p 00000000 103:02 16530725                  /usr/lib/x86_64-linux-gnu/libharfbuzz.so.0.60830.0
74323d9c1000-74323da8f000 r-xp 0000b000 103:02 16530725                  /usr/lib/x86_64-linux-gnu/libharfbuzz.so.0.60830.0
74323da8f000-74323dac1000 r--p 000d9000 103:02 16530725                  /usr/lib/x86_64-linux-gnu/libharfbuzz.so.0.60830.0
74323dac1000-74323dac2000 r--p 0010b000 103:02 16530725                  /usr/lib/x86_64-linux-gnu/libharfbuzz.so.0.60830.0
74323dac2000-74323dac3000 rw-p 0010c000 103:02 16530725                  /usr/lib/x86_64-linux-gnu/libharfbuzz.so.0.60830.0
74323dac3000-74323dac7000 ---p 00000000 00:00 0 
74323dac7000-74323dbc3000 rw-p 00000000 00:00 0 
74323dbc3000-74323dbdc000 r--p 00000000 103:02 16530316                  /usr/lib/x86_64-linux-gnu/libX11.so.6.4.0
74323dbdc000-74323dc6c000 r-xp 00019000 103:02 16530316                  /usr/lib/x86_64-linux-gnu/libX11.so.6.4.0
74323dc6c000-74323dcfb000 r--p 000a9000 103:02 16530316                  /usr/lib/x86_64-linux-gnu/libX11.so.6.4.0
74323dcfb000-74323dcfc000 r--p 00138000 103:02 16530316                  /usr/lib/x86_64-linux-gnu/libX11.so.6.4.0
74323dcfc000-74323dd00000 rw-p 00139000 103:02 16530316                  /usr/lib/x86_64-linux-gnu/libX11.so.6.4.0
74323dd00000-74323dd04000 ---p 00000000 00:00 0 
74323dd04000-74323de00000 rw-p 00000000 00:00 0 
74323de00000-74323de04000 ---p 00000000 00:00 0 
74323de04000-74323df00000 rw-p 00000000 00:00 0 
74323df00000-74323df04000 ---p 00000000 00:00 0 
74323df04000-74323e000000 rw-p 00000000 00:00 0 
74323e000000-74323e004000 ---p 00000000 00:00 0 
74323e004000-74323e100000 rw-p 00000000 00:00 0 
74323e100000-74323e104000 ---p 00000000 00:00 0 
74323e104000-74323e200000 rw-p 00000000 00:00 0 
74323e200000-74323e204000 ---p 00000000 00:00 0 
74323e204000-74323e300000 rw-p 00000000 00:00 0 
74323e300000-74323e304000 ---p 00000000 00:00 0 
74323e304000-74323e400000 rw-p 00000000 00:00 0 
74323e400000-74323e404000 ---p 00000000 00:00 0 
74323e404000-74323e500000 rw-p 00000000 00:00 0 
74323e500000-74323e504000 ---p 00000000 00:00 0 
74323e504000-74323e600000 rw-p 00000000 00:00 0 
74323e600000-74323e604000 ---p 00000000 00:00 0 
74323e604000-74323e700000 rw-p 00000000 00:00 0 
74323e700000-74323e704000 ---p 00000000 00:00 0 
74323e704000-74323e800000 rw-p 00000000 00:00 0 
74323e800000-74323e804000 ---p 00000000 00:00 0 
74323e804000-74323e900000 rw-p 00000000 00:00 0 
74323e900000-74323e904000 ---p 00000000 00:00 0 
74323e904000-74323ea00000 rw-p 00000000 00:00 0 
74323ea00000-74323f7ec000 r--p 00000000 103:02 16521112                  /usr/lib/locale/locale-archive
74323f7f8000-74323f7f9000 ---p 00000000 00:00 0 
74323f7f9000-74323f8f9000 rw-p 00000000 00:00 0 
74323f8f9000-74323f8fa000 ---p 00000000 00:00 0 
74323f8fa000-74323f9fa000 rw-p 00000000 00:00 0 
74323f9fa000-74323f9fb000 ---p 00000000 00:00 0 
74323f9fb000-74323fafb000 rw-p 00000000 00:00 0 
74323fafb000-74323fafc000 ---p 00000000 00:00 0 
74323fafc000-74323fbfc000 rw-p 00000000 00:00 0 
74323fbfc000-743240021000 rw-p 00000000 00:00 0 
743240021000-743244000000 ---p 00000000 00:00 0 
743244004000-743244022000 r--p 00000000 103:02 17172951                  /usr/lib/jvm/java-21-openjdk-amd64/lib/libawt.so
743244022000-7432440b9000 r-xp 0001e000 103:02 17172951                  /usr/lib/jvm/java-21-openjdk-amd64/lib/libawt.so
7432440b9000-7432440c6000 r--p 000b5000 103:02 17172951                  /usr/lib/jvm/java-21-openjdk-amd64/lib/libawt.so
7432440c6000-7432440c7000 r--p 000c1000 103:02 17172951                  /usr/lib/jvm/java-21-openjdk-amd64/lib/libawt.so
7432440c7000-7432440d2000 rw-p 000c2000 103:02 17172951                  /usr/lib/jvm/java-21-openjdk-amd64/lib/libawt.so
7432440d2000-743246a00000 rw-p 00000000 00:00 0 
743246a2e000-743246a33000 r--p 00000000 103:02 17172968                  /usr/lib/jvm/java-21-openjdk-amd64/lib/libjsvml.so
743246a33000-743246a74000 r-xp 00005000 103:02 17172968                  /usr/lib/jvm/java-21-openjdk-amd64/lib/libjsvml.so
743246a74000-743246afd000 r--p 00046000 103:02 17172968                  /usr/lib/jvm/java-21-openjdk-amd64/lib/libjsvml.so
743246afd000-743246afe000 r--p 000ce000 103:02 17172968                  /usr/lib/jvm/java-21-openjdk-amd64/lib/libjsvml.so
743246afe000-743246aff000 rw-p 000cf000 103:02 17172968                  /usr/lib/jvm/java-21-openjdk-amd64/lib/libjsvml.so
743246aff000-743246b00000 ---p 00000000 00:00 0 
743246b00000-743246c00000 rw-p 00000000 00:00 0 
743246c00000-7432473b0000 rw-p 00000000 00:00 0 
7432473b0000-74324e650000 ---p 00000000 00:00 0 
74324e650000-74324e660000 rw-p 00000000 00:00 0 
74324e686000-74324e6c7000 rw-p 00000000 00:00 0 
74324e6c7000-74324e6cc000 r--p 00000000 103:02 16530960                  /usr/lib/x86_64-linux-gnu/libpng16.so.16.43.0
74324e6cc000-74324e6f4000 r-xp 00005000 103:02 16530960                  /usr/lib/x86_64-linux-gnu/libpng16.so.16.43.0
74324e6f4000-74324e6fd000 r--p 0002d000 103:02 16530960                  /usr/lib/x86_64-linux-gnu/libpng16.so.16.43.0
74324e6fd000-74324e6fe000 r--p 00035000 103:02 16530960                  /usr/lib/x86_64-linux-gnu/libpng16.so.16.43.0
74324e6fe000-74324e6ff000 rw-p 00036000 103:02 16530960                  /usr/lib/x86_64-linux-gnu/libpng16.so.16.43.0
74324e6ff000-74324e700000 ---p 00000000 00:00 0 
74324e700000-74324e800000 rw-p 00000000 00:00 0 
74324e800000-74324e8f6000 rw-p 00000000 00:00 0 
74324e8f6000-74324f74a000 ---p 00000000 00:00 0 
74324f74a000-74324f74c000 rw-p 00000000 00:00 0 
74324f75c000-74324f763000 r--s 00000000 103:02 16532226                  /usr/lib/x86_64-linux-gnu/gconv/gconv-modules.cache
74324f763000-74324f767000 r--p 00000000 103:02 17172982                  /usr/lib/jvm/java-21-openjdk-amd64/lib/libverify.so
74324f767000-74324f76e000 r-xp 00004000 103:02 17172982                  /usr/lib/jvm/java-21-openjdk-amd64/lib/libverify.so
74324f76e000-74324f770000 r--p 0000b000 103:02 17172982                  /usr/lib/jvm/java-21-openjdk-amd64/lib/libverify.so
74324f770000-74324f772000 r--p 0000c000 103:02 17172982                  /usr/lib/jvm/java-21-openjdk-amd64/lib/libverify.so
74324f772000-74324f773000 rw-p 0000e000 103:02 17172982                  /usr/lib/jvm/java-21-openjdk-amd64/lib/libverify.so
74324f773000-74324f774000 r--p 00000000 103:02 16530540                  /usr/lib/x86_64-linux-gnu/libdl.so.2
74324f774000-74324f775000 r-xp 00001000 103:02 16530540                  /usr/lib/x86_64-linux-gnu/libdl.so.2
74324f775000-74324f776000 r--p 00002000 103:02 16530540                  /usr/lib/x86_64-linux-gnu/libdl.so.2
74324f776000-74324f777000 r--p 00002000 103:02 16530540                  /usr/lib/x86_64-linux-gnu/libdl.so.2
74324f777000-74324f778000 rw-p 00003000 103:02 16530540                  /usr/lib/x86_64-linux-gnu/libdl.so.2
74324f778000-74324f779000 r--p 00000000 103:02 16531006                  /usr/lib/x86_64-linux-gnu/librt.so.1
74324f779000-74324f77a000 r-xp 00001000 103:02 16531006                  /usr/lib/x86_64-linux-gnu/librt.so.1
74324f77a000-74324f77b000 r--p 00002000 103:02 16531006                  /usr/lib/x86_64-linux-gnu/librt.so.1
74324f77b000-74324f77c000 r--p 00002000 103:02 16531006                  /usr/lib/x86_64-linux-gnu/librt.so.1
74324f77c000-74324f77d000 rw-p 00003000 103:02 16531006                  /usr/lib/x86_64-linux-gnu/librt.so.1
74324f77d000-74324f781000 r--p 00000000 103:02 16530777                  /usr/lib/x86_64-linux-gnu/libjpeg.so.8.2.2
74324f781000-74324f7ce000 r-xp 00004000 103:02 16530777                  /usr/lib/x86_64-linux-gnu/libjpeg.so.8.2.2
74324f7ce000-74324f7fe000 r--p 00051000 103:02 16530777                  /usr/lib/x86_64-linux-gnu/libjpeg.so.8.2.2
74324f7fe000-74324f7ff000 r--p 00081000 103:02 16530777                  /usr/lib/x86_64-linux-gnu/libjpeg.so.8.2.2
74324f7ff000-74324f800000 rw-p 00082000 103:02 16530777                  /usr/lib/x86_64-linux-gnu/libjpeg.so.8.2.2
74324f800000-74324f8f6000 rw-p 00000000 00:00 0 
74324f8f6000-74325074a000 ---p 00000000 00:00 0 
74325074a000-74325074c000 rw-p 00000000 00:00 0 
74325074c000-74325074d000 r--p 00000000 103:02 16530467                  /usr/lib/x86_64-linux-gnu/libbrotlicommon.so.1.1.0
74325074d000-74325074e000 r-xp 00001000 103:02 16530467                  /usr/lib/x86_64-linux-gnu/libbrotlicommon.so.1.1.0
74325074e000-74325076d000 r--p 00002000 103:02 16530467                  /usr/lib/x86_64-linux-gnu/libbrotlicommon.so.1.1.0
74325076d000-74325076e000 r--p 00021000 103:02 16530467                  /usr/lib/x86_64-linux-gnu/libbrotlicommon.so.1.1.0
74325076e000-74325076f000 rw-p 00022000 103:02 16530467                  /usr/lib/x86_64-linux-gnu/libbrotlicommon.so.1.1.0
74325076f000-743250770000 r--p 00000000 103:02 16530468                  /usr/lib/x86_64-linux-gnu/libbrotlidec.so.1.1.0
743250770000-743250778000 r-xp 00001000 103:02 16530468                  /usr/lib/x86_64-linux-gnu/libbrotlidec.so.1.1.0
743250778000-74325077b000 r--p 00009000 103:02 16530468                  /usr/lib/x86_64-linux-gnu/libbrotlidec.so.1.1.0
74325077b000-74325077c000 r--p 0000b000 103:02 16530468                  /usr/lib/x86_64-linux-gnu/libbrotlidec.so.1.1.0
74325077c000-74325077d000 rw-p 0000c000 103:02 16530468                  /usr/lib/x86_64-linux-gnu/libbrotlidec.so.1.1.0
74325077d000-74325077f000 r--p 00000000 103:02 16530473                  /usr/lib/x86_64-linux-gnu/libbz2.so.1.0.4
74325077f000-74325078d000 r-xp 00002000 103:02 16530473                  /usr/lib/x86_64-linux-gnu/libbz2.so.1.0.4
74325078d000-74325078f000 r--p 00010000 103:02 16530473                  /usr/lib/x86_64-linux-gnu/libbz2.so.1.0.4
74325078f000-743250790000 r--p 00011000 103:02 16530473                  /usr/lib/x86_64-linux-gnu/libbz2.so.1.0.4
743250790000-743250791000 rw-p 00012000 103:02 16530473                  /usr/lib/x86_64-linux-gnu/libbz2.so.1.0.4
743250791000-743250794000 r--p 00000000 103:02 16530678                  /usr/lib/x86_64-linux-gnu/libgraphite2.so.3.2.1
743250794000-7432507b1000 r-xp 00003000 103:02 16530678                  /usr/lib/x86_64-linux-gnu/libgraphite2.so.3.2.1
7432507b1000-7432507b4000 r--p 00020000 103:02 16530678                  /usr/lib/x86_64-linux-gnu/libgraphite2.so.3.2.1
7432507b4000-7432507b6000 r--p 00022000 103:02 16530678                  /usr/lib/x86_64-linux-gnu/libgraphite2.so.3.2.1
7432507b6000-7432507b7000 rw-p 00024000 103:02 16530678                  /usr/lib/x86_64-linux-gnu/libgraphite2.so.3.2.1
7432507bb000-7432507cb000 -w-s 00000000 00:05 1111                       /dev/nvidia0
7432507cb000-7432507ce000 r--p 00000000 103:02 17172955                  /usr/lib/jvm/java-21-openjdk-amd64/lib/libfontmanager.so
7432507ce000-7432507d7000 r-xp 00003000 103:02 17172955                  /usr/lib/jvm/java-21-openjdk-amd64/lib/libfontmanager.so
7432507d7000-7432507d9000 r--p 0000c000 103:02 17172955                  /usr/lib/jvm/java-21-openjdk-amd64/lib/libfontmanager.so
7432507d9000-7432507da000 r--p 0000d000 103:02 17172955                  /usr/lib/jvm/java-21-openjdk-amd64/lib/libfontmanager.so
7432507da000-7432507db000 rw-p 0000e000 103:02 17172955                  /usr/lib/jvm/java-21-openjdk-amd64/lib/libfontmanager.so
7432507db000-7432507dd000 r--p 00000000 103:02 16530828                  /usr/lib/x86_64-linux-gnu/libmd.so.0.1.0
7432507dd000-7432507e6000 r-xp 00002000 103:02 16530828                  /usr/lib/x86_64-linux-gnu/libmd.so.0.1.0
7432507e6000-7432507e8000 r--p 0000b000 103:02 16530828                  /usr/lib/x86_64-linux-gnu/libmd.so.0.1.0
7432507e8000-7432507e9000 r--p 0000c000 103:02 16530828                  /usr/lib/x86_64-linux-gnu/libmd.so.0.1.0
7432507e9000-7432507ea000 rw-p 0000d000 103:02 16530828                  /usr/lib/x86_64-linux-gnu/libmd.so.0.1.0
7432507ea000-7432507ee000 r--p 00000000 103:02 16530470                  /usr/lib/x86_64-linux-gnu/libbsd.so.0.12.1
7432507ee000-7432507fa000 r-xp 00004000 103:02 16530470                  /usr/lib/x86_64-linux-gnu/libbsd.so.0.12.1
7432507fa000-7432507fd000 r--p 00010000 103:02 16530470                  /usr/lib/x86_64-linux-gnu/libbsd.so.0.12.1
7432507fd000-7432507fe000 r--p 00012000 103:02 16530470                  /usr/lib/x86_64-linux-gnu/libbsd.so.0.12.1
7432507fe000-7432507ff000 rw-p 00013000 103:02 16530470                  /usr/lib/x86_64-linux-gnu/libbsd.so.0.12.1
7432507ff000-743250800000 rw-p 00000000 00:00 0 
743250800000-743250a70000 rwxp 00000000 00:00 0 
743250a70000-743257c5f000 ---p 00000000 00:00 0 
743257c5f000-743257f1f000 rwxp 00000000 00:00 0 
743257f1f000-7432583a0000 ---p 00000000 00:00 0 
7432583a0000-743258610000 rwxp 00000000 00:00 0 
743258610000-74325f800000 ---p 00000000 00:00 0 
74325f800000-743267e02000 r--s 00000000 103:02 17172984                  /usr/lib/jvm/java-21-openjdk-amd64/lib/modules
743267e04000-743267e16000 r--p 00000000 103:02 17173114                  /usr/lib/jvm/java-21-openjdk-amd64/lib/libawt_xawt.so
743267e16000-743267e5d000 r-xp 00012000 103:02 17173114                  /usr/lib/jvm/java-21-openjdk-amd64/lib/libawt_xawt.so
743267e5d000-743267e75000 r--p 00059000 103:02 17173114                  /usr/lib/jvm/java-21-openjdk-amd64/lib/libawt_xawt.so
743267e75000-743267e7a000 r--p 00070000 103:02 17173114                  /usr/lib/jvm/java-21-openjdk-amd64/lib/libawt_xawt.so
743267e7a000-743267e7c000 rw-p 00075000 103:02 17173114                  /usr/lib/jvm/java-21-openjdk-amd64/lib/libawt_xawt.so
743267e7c000-743267eff000 rw-p 00000000 00:00 0 
743267eff000-743267f00000 ---p 00000000 00:00 0 
743267f00000-743268000000 rw-p 00000000 00:00 0 
743268000000-7432695b4000 rw-p 00000000 00:00 0 
7432695b4000-74326c000000 ---p 00000000 00:00 0 
74326c000000-74326c001000 r--p 00000000 103:02 16530978                  /usr/lib/x86_64-linux-gnu/libpthread.so.0
74326c001000-74326c002000 r-xp 00001000 103:02 16530978                  /usr/lib/x86_64-linux-gnu/libpthread.so.0
74326c002000-74326c003000 r--p 00002000 103:02 16530978                  /usr/lib/x86_64-linux-gnu/libpthread.so.0
74326c003000-74326c004000 r--p 00002000 103:02 16530978                  /usr/lib/x86_64-linux-gnu/libpthread.so.0
74326c004000-74326c005000 rw-p 00003000 103:02 16530978                  /usr/lib/x86_64-linux-gnu/libpthread.so.0
74326c005000-74326c007000 r--p 00000000 103:02 16530323                  /usr/lib/x86_64-linux-gnu/libXdmcp.so.6.0.0
74326c007000-74326c009000 r-xp 00002000 103:02 16530323                  /usr/lib/x86_64-linux-gnu/libXdmcp.so.6.0.0
74326c009000-74326c00b000 r--p 00004000 103:02 16530323                  /usr/lib/x86_64-linux-gnu/libXdmcp.so.6.0.0
74326c00b000-74326c00c000 r--p 00005000 103:02 16530323                  /usr/lib/x86_64-linux-gnu/libXdmcp.so.6.0.0
74326c00c000-74326c00d000 rw-p 00006000 103:02 16530323                  /usr/lib/x86_64-linux-gnu/libXdmcp.so.6.0.0
74326c00d000-74326c018000 r--p 00000000 103:02 16531187                  /usr/lib/x86_64-linux-gnu/libxcb.so.1.1.0
74326c018000-74326c02b000 r-xp 0000b000 103:02 16531187                  /usr/lib/x86_64-linux-gnu/libxcb.so.1.1.0
74326c02b000-74326c034000 r--p 0001e000 103:02 16531187                  /usr/lib/x86_64-linux-gnu/libxcb.so.1.1.0
74326c034000-74326c035000 r--p 00026000 103:02 16531187                  /usr/lib/x86_64-linux-gnu/libxcb.so.1.1.0
74326c035000-74326c036000 rw-p 00027000 103:02 16531187                  /usr/lib/x86_64-linux-gnu/libxcb.so.1.1.0
74326c036000-74326c039000 r--p 00000000 103:02 16530328                  /usr/lib/x86_64-linux-gnu/libXi.so.6.1.0
74326c039000-74326c045000 r-xp 00003000 103:02 16530328                  /usr/lib/x86_64-linux-gnu/libXi.so.6.1.0
74326c045000-74326c047000 r--p 0000f000 103:02 16530328                  /usr/lib/x86_64-linux-gnu/libXi.so.6.1.0
74326c047000-74326c048000 r--p 00011000 103:02 16530328                  /usr/lib/x86_64-linux-gnu/libXi.so.6.1.0
74326c048000-74326c049000 rw-p 00012000 103:02 16530328                  /usr/lib/x86_64-linux-gnu/libXi.so.6.1.0
74326c049000-74326c04b000 r--p 00000000 103:02 16530337                  /usr/lib/x86_64-linux-gnu/libXtst.so.6.1.0
74326c04b000-74326c04e000 r-xp 00002000 103:02 16530337                  /usr/lib/x86_64-linux-gnu/libXtst.so.6.1.0
74326c04e000-74326c04f000 r--p 00005000 103:02 16530337                  /usr/lib/x86_64-linux-gnu/libXtst.so.6.1.0
74326c04f000-74326c050000 r--p 00005000 103:02 16530337                  /usr/lib/x86_64-linux-gnu/libXtst.so.6.1.0
74326c050000-74326c051000 rw-p 00006000 103:02 16530337                  /usr/lib/x86_64-linux-gnu/libXtst.so.6.1.0
74326c051000-74326c055000 r--p 00000000 103:02 16530324                  /usr/lib/x86_64-linux-gnu/libXext.so.6.4.0
74326c055000-74326c060000 r-xp 00004000 103:02 16530324                  /usr/lib/x86_64-linux-gnu/libXext.so.6.4.0
74326c060000-74326c063000 r--p 0000f000 103:02 16530324                  /usr/lib/x86_64-linux-gnu/libXext.so.6.4.0
74326c063000-74326c064000 r--p 00011000 103:02 16530324                  /usr/lib/x86_64-linux-gnu/libXext.so.6.4.0
74326c064000-74326c065000 rw-p 00012000 103:02 16530324                  /usr/lib/x86_64-linux-gnu/libXext.so.6.4.0
74326c065000-74326ce33000 rw-p 00000000 00:00 0 
74326ce33000-74326cf17000 ---p 00000000 00:00 0 
74326cf17000-74326cf1c000 rw-p 00000000 00:00 0 
74326cf1c000-74326d000000 ---p 00000000 00:00 0 
74326d000000-74326d09d000 r--p 00000000 103:02 16543594                  /usr/lib/x86_64-linux-gnu/libstdc++.so.6.0.33
74326d09d000-74326d1e5000 r-xp 0009d000 103:02 16543594                  /usr/lib/x86_64-linux-gnu/libstdc++.so.6.0.33
74326d1e5000-74326d26c000 r--p 001e5000 103:02 16543594                  /usr/lib/x86_64-linux-gnu/libstdc++.so.6.0.33
74326d26c000-74326d277000 r--p 0026b000 103:02 16543594                  /usr/lib/x86_64-linux-gnu/libstdc++.so.6.0.33
74326d277000-74326d27a000 rw-p 00276000 103:02 16543594                  /usr/lib/x86_64-linux-gnu/libstdc++.so.6.0.33
74326d27a000-74326d27e000 rw-p 00000000 00:00 0 
74326d27f000-74326d280000 r--p 00000000 103:02 16530318                  /usr/lib/x86_64-linux-gnu/libXau.so.6.0.0
74326d280000-74326d282000 r-xp 00001000 103:02 16530318                  /usr/lib/x86_64-linux-gnu/libXau.so.6.0.0
74326d282000-74326d283000 r--p 00003000 103:02 16530318                  /usr/lib/x86_64-linux-gnu/libXau.so.6.0.0
74326d283000-74326d284000 r--p 00003000 103:02 16530318                  /usr/lib/x86_64-linux-gnu/libXau.so.6.0.0
74326d284000-74326d285000 rw-p 00004000 103:02 16530318                  /usr/lib/x86_64-linux-gnu/libXau.so.6.0.0
74326d285000-74326d287000 r--p 00000000 103:02 16530334                  /usr/lib/x86_64-linux-gnu/libXrender.so.1.3.0
74326d287000-74326d28e000 r-xp 00002000 103:02 16530334                  /usr/lib/x86_64-linux-gnu/libXrender.so.1.3.0
74326d28e000-74326d28f000 r--p 00009000 103:02 16530334                  /usr/lib/x86_64-linux-gnu/libXrender.so.1.3.0
74326d28f000-74326d290000 r--p 00009000 103:02 16530334                  /usr/lib/x86_64-linux-gnu/libXrender.so.1.3.0
74326d290000-74326d291000 rw-p 0000a000 103:02 16530334                  /usr/lib/x86_64-linux-gnu/libXrender.so.1.3.0
74326d294000-74326d295000 r--p 00000000 103:02 16530329                  /usr/lib/x86_64-linux-gnu/libXinerama.so.1.0.0
74326d295000-74326d296000 r-xp 00001000 103:02 16530329                  /usr/lib/x86_64-linux-gnu/libXinerama.so.1.0.0
74326d296000-74326d297000 r--p 00002000 103:02 16530329                  /usr/lib/x86_64-linux-gnu/libXinerama.so.1.0.0
74326d297000-74326d298000 r--p 00002000 103:02 16530329                  /usr/lib/x86_64-linux-gnu/libXinerama.so.1.0.0
74326d298000-74326d299000 rw-p 00003000 103:02 16530329                  /usr/lib/x86_64-linux-gnu/libXinerama.so.1.0.0
74326d299000-74326d29b000 r--p 00000000 103:02 17172962                  /usr/lib/jvm/java-21-openjdk-amd64/lib/libjavajpeg.so
74326d29b000-74326d2a2000 r-xp 00002000 103:02 17172962                  /usr/lib/jvm/java-21-openjdk-amd64/lib/libjavajpeg.so
74326d2a2000-74326d2a3000 r--p 00009000 103:02 17172962                  /usr/lib/jvm/java-21-openjdk-amd64/lib/libjavajpeg.so
74326d2a3000-74326d2a4000 r--p 0000a000 103:02 17172962                  /usr/lib/jvm/java-21-openjdk-amd64/lib/libjavajpeg.so
74326d2a4000-74326d2a5000 rw-p 0000b000 103:02 17172962                  /usr/lib/jvm/java-21-openjdk-amd64/lib/libjavajpeg.so
74326d2a5000-74326d300000 rw-p 00000000 00:00 0 
74326d300000-74326d304000 ---p 00000000 00:00 0 
74326d304000-74326d400000 rw-p 00000000 00:00 0 
74326d400000-74326d696000 r--p 00000000 103:02 17172990                  /usr/lib/jvm/java-21-openjdk-amd64/lib/server/libjvm.so
74326d696000-74326e4fe000 r-xp 00296000 103:02 17172990                  /usr/lib/jvm/java-21-openjdk-amd64/lib/server/libjvm.so
74326e4fe000-74326e7d1000 r--p 010fe000 103:02 17172990                  /usr/lib/jvm/java-21-openjdk-amd64/lib/server/libjvm.so
74326e7d1000-74326e8a1000 r--p 013d0000 103:02 17172990                  /usr/lib/jvm/java-21-openjdk-amd64/lib/server/libjvm.so
74326e8a1000-74326e8d1000 rw-p 014a0000 103:02 17172990                  /usr/lib/jvm/java-21-openjdk-amd64/lib/server/libjvm.so
74326e8d1000-74326e937000 rw-p 00000000 00:00 0 
74326e938000-74326e93a000 r--p 00000000 103:02 17172983                  /usr/lib/jvm/java-21-openjdk-amd64/lib/libzip.so
74326e93a000-74326e93f000 r-xp 00002000 103:02 17172983                  /usr/lib/jvm/java-21-openjdk-amd64/lib/libzip.so
74326e93f000-74326e941000 r--p 00007000 103:02 17172983                  /usr/lib/jvm/java-21-openjdk-amd64/lib/libzip.so
74326e941000-74326e942000 r--p 00008000 103:02 17172983                  /usr/lib/jvm/java-21-openjdk-amd64/lib/libzip.so
74326e942000-74326e943000 rw-p 00009000 103:02 17172983                  /usr/lib/jvm/java-21-openjdk-amd64/lib/libzip.so
74326e943000-74326ea00000 rw-p 00000000 00:00 0 
74326ea00000-74326ea28000 r--p 00000000 103:02 16530474                  /usr/lib/x86_64-linux-gnu/libc.so.6
74326ea28000-74326ebb0000 r-xp 00028000 103:02 16530474                  /usr/lib/x86_64-linux-gnu/libc.so.6
74326ebb0000-74326ebff000 r--p 001b0000 103:02 16530474                  /usr/lib/x86_64-linux-gnu/libc.so.6
74326ebff000-74326ec03000 r--p 001fe000 103:02 16530474                  /usr/lib/x86_64-linux-gnu/libc.so.6
74326ec03000-74326ec05000 rw-p 00202000 103:02 16530474                  /usr/lib/x86_64-linux-gnu/libc.so.6
74326ec05000-74326ec12000 rw-p 00000000 00:00 0 
74326ec15000-74326ec18000 r--p 00000000 103:02 17172975                  /usr/lib/jvm/java-21-openjdk-amd64/lib/libnet.so
74326ec18000-74326ec20000 r-xp 00003000 103:02 17172975                  /usr/lib/jvm/java-21-openjdk-amd64/lib/libnet.so
74326ec20000-74326ec22000 r--p 0000b000 103:02 17172975                  /usr/lib/jvm/java-21-openjdk-amd64/lib/libnet.so
74326ec22000-74326ec23000 r--p 0000c000 103:02 17172975                  /usr/lib/jvm/java-21-openjdk-amd64/lib/libnet.so
74326ec23000-74326ec24000 rw-p 0000d000 103:02 17172975                  /usr/lib/jvm/java-21-openjdk-amd64/lib/libnet.so
74326ec24000-74326ec2b000 r--p 00000000 103:02 17172976                  /usr/lib/jvm/java-21-openjdk-amd64/lib/libnio.so
74326ec2b000-74326ec34000 r-xp 00007000 103:02 17172976                  /usr/lib/jvm/java-21-openjdk-amd64/lib/libnio.so
74326ec34000-74326ec38000 r--p 00010000 103:02 17172976                  /usr/lib/jvm/java-21-openjdk-amd64/lib/libnio.so
74326ec38000-74326ec39000 r--p 00014000 103:02 17172976                  /usr/lib/jvm/java-21-openjdk-amd64/lib/libnio.so
74326ec39000-74326ec3a000 rw-p 00015000 103:02 17172976                  /usr/lib/jvm/java-21-openjdk-amd64/lib/libnio.so
74326ec3a000-74326ec40000 rw-p 00000000 00:00 0 
74326ec40000-74326ec49000 ---p 00000000 00:00 0 
74326ec49000-74326ec56000 r--p 00000000 103:02 17172961                  /usr/lib/jvm/java-21-openjdk-amd64/lib/libjava.so
74326ec56000-74326ec65000 r-xp 0000d000 103:02 17172961                  /usr/lib/jvm/java-21-openjdk-amd64/lib/libjava.so
74326ec65000-74326ec6a000 r--p 0001c000 103:02 17172961                  /usr/lib/jvm/java-21-openjdk-amd64/lib/libjava.so
74326ec6a000-74326ec6b000 r--p 00021000 103:02 17172961                  /usr/lib/jvm/java-21-openjdk-amd64/lib/libjava.so
74326ec6b000-74326ec6c000 rw-p 00022000 103:02 17172961                  /usr/lib/jvm/java-21-openjdk-amd64/lib/libjava.so
74326ec6c000-74326ec6d000 rw-p 00000000 00:00 0 
74326ec6d000-74326ec71000 r--p 00000000 103:02 16528598                  /usr/lib/x86_64-linux-gnu/libgcc_s.so.1
74326ec71000-74326ec95000 r-xp 00004000 103:02 16528598                  /usr/lib/x86_64-linux-gnu/libgcc_s.so.1
74326ec95000-74326ec99000 r--p 00028000 103:02 16528598                  /usr/lib/x86_64-linux-gnu/libgcc_s.so.1
74326ec99000-74326ec9a000 r--p 0002b000 103:02 16528598                  /usr/lib/x86_64-linux-gnu/libgcc_s.so.1
74326ec9a000-74326ec9b000 rw-p 0002c000 103:02 16528598                  /usr/lib/x86_64-linux-gnu/libgcc_s.so.1
74326ec9b000-74326ecab000 r--p 00000000 103:02 16530817                  /usr/lib/x86_64-linux-gnu/libm.so.6
74326ecab000-74326ed2a000 r-xp 00010000 103:02 16530817                  /usr/lib/x86_64-linux-gnu/libm.so.6
74326ed2a000-74326ed82000 r--p 0008f000 103:02 16530817                  /usr/lib/x86_64-linux-gnu/libm.so.6
74326ed82000-74326ed83000 r--p 000e7000 103:02 16530817                  /usr/lib/x86_64-linux-gnu/libm.so.6
74326ed83000-74326ed84000 rw-p 000e8000 103:02 16530817                  /usr/lib/x86_64-linux-gnu/libm.so.6
74326ed84000-74326ed86000 rw-p 00000000 00:00 0 
74326ed86000-74326ed88000 r--p 00000000 103:02 17172965                  /usr/lib/jvm/java-21-openjdk-amd64/lib/libjli.so
74326ed88000-74326ed92000 r-xp 00002000 103:02 17172965                  /usr/lib/jvm/java-21-openjdk-amd64/lib/libjli.so
74326ed92000-74326ed95000 r--p 0000c000 103:02 17172965                  /usr/lib/jvm/java-21-openjdk-amd64/lib/libjli.so
74326ed95000-74326ed96000 r--p 0000f000 103:02 17172965                  /usr/lib/jvm/java-21-openjdk-amd64/lib/libjli.so
74326ed96000-74326ed97000 rw-p 00010000 103:02 17172965                  /usr/lib/jvm/java-21-openjdk-amd64/lib/libjli.so
74326ed97000-74326ed99000 r--p 00000000 103:02 16531205                  /usr/lib/x86_64-linux-gnu/libz.so.1.3
74326ed99000-74326edab000 r-xp 00002000 103:02 16531205                  /usr/lib/x86_64-linux-gnu/libz.so.1.3
74326edab000-74326edb1000 r--p 00014000 103:02 16531205                  /usr/lib/x86_64-linux-gnu/libz.so.1.3
74326edb1000-74326edb2000 r--p 0001a000 103:02 16531205                  /usr/lib/x86_64-linux-gnu/libz.so.1.3
74326edb2000-74326edb3000 rw-p 0001b000 103:02 16531205                  /usr/lib/x86_64-linux-gnu/libz.so.1.3
74326edb4000-74326edbc000 rw-s 00000000 103:02 18219097                  /tmp/hsperfdata_dov/4867
74326edbc000-74326edbd000 ---p 00000000 00:00 0 
74326edbd000-74326edbe000 r--p 00000000 00:00 0 
74326edbe000-74326edbf000 ---p 00000000 00:00 0 
74326edbf000-74326edc1000 r--p 00000000 103:02 17172964                  /usr/lib/jvm/java-21-openjdk-amd64/lib/libjimage.so
74326edc1000-74326edc4000 r-xp 00002000 103:02 17172964                  /usr/lib/jvm/java-21-openjdk-amd64/lib/libjimage.so
74326edc4000-74326edc5000 r--p 00005000 103:02 17172964                  /usr/lib/jvm/java-21-openjdk-amd64/lib/libjimage.so
74326edc5000-74326edc6000 r--p 00006000 103:02 17172964                  /usr/lib/jvm/java-21-openjdk-amd64/lib/libjimage.so
74326edc6000-74326edc7000 rw-p 00007000 103:02 17172964                  /usr/lib/jvm/java-21-openjdk-amd64/lib/libjimage.so
74326edc7000-74326edc9000 rw-p 00000000 00:00 0 
74326edc9000-74326edca000 r--p 00000000 103:02 16530286                  /usr/lib/x86_64-linux-gnu/ld-linux-x86-64.so.2
74326edca000-74326edf5000 r-xp 00001000 103:02 16530286                  /usr/lib/x86_64-linux-gnu/ld-linux-x86-64.so.2
74326edf5000-74326edff000 r--p 0002c000 103:02 16530286                  /usr/lib/x86_64-linux-gnu/ld-linux-x86-64.so.2
74326edff000-74326ee01000 r--p 00036000 103:02 16530286                  /usr/lib/x86_64-linux-gnu/ld-linux-x86-64.so.2
74326ee01000-74326ee03000 rw-p 00038000 103:02 16530286                  /usr/lib/x86_64-linux-gnu/ld-linux-x86-64.so.2
7ffe6cae6000-7ffe6cb07000 rw-p 00000000 00:00 0                          [stack]
7ffe6cb8c000-7ffe6cb90000 r--p 00000000 00:00 0                          [vvar]
7ffe6cb90000-7ffe6cb92000 r-xp 00000000 00:00 0                          [vdso]
ffffffffff600000-ffffffffff601000 --xp 00000000 00:00 0                  [vsyscall]
Total number of mappings: 463


VM Arguments:
jvm_args: -Dfile.encoding=UTF-8 --module-path=/home/dov/projects/NeighborhoodPIG/build/classes 
java_command: main.NeighborhoodPIG
java_class_path (initial): /home/dov/projects/Libraries/commons-math3/commons-math3-3.6.1-javadoc.jar:/home/dov/projects/Libraries/commons-math3/commons-math3-3.6.1-sources.jar:/home/dov/projects/Libraries/commons-math3/commons-math3-3.6.1-test-sources.jar:/home/dov/projects/Libraries/commons-math3/commons-math3-3.6.1-tests.jar:/home/dov/projects/Libraries/commons-math3/commons-math3-3.6.1-tools.jar:/home/dov/projects/Libraries/commons-math3/commons-math3-3.6.1.jar:/home/dov/projects/JCudaWrapper/jcuda12/jcublas-12.0.0.jar:/home/dov/projects/JCudaWrapper/jcuda12/jcublas-natives-12.0.0-linux-x86_64.jar:/home/dov/projects/JCudaWrapper/jcuda12/jcuda-12.0.0.jar:/home/dov/projects/JCudaWrapper/jcuda12/jcuda-natives-12.0.0-linux-x86_64.jar:/home/dov/projects/JCudaWrapper/jcuda12/jcudnn-12.0.0.jar:/home/dov/projects/JCudaWrapper/jcuda12/jcudnn-natives-12.0.0-linux-x86_64.jar:/home/dov/projects/JCudaWrapper/jcuda12/jcufft-12.0.0.jar:/home/dov/projects/JCudaWrapper/jcuda12/jcufft-natives-12.0.0-linux-x86_64.jar:/home/dov/projects/JCudaWrapper/jcuda12/jcurand-12.0.0.jar:/home/dov/projects/JCudaWrapper/jcuda12/jcurand-natives-12.0.0-linux-x86_64.jar:/home/dov/projects/JCudaWrapper/jcuda12/jcusolver-12.0.0.jar:/home/dov/projects/JCudaWrapper/jcuda12/jcusolver-natives-12.0.0-linux-x86_64.jar:/home/dov/projects/JCudaWrapper/jcuda12/jcusparse-12.0.0.jar:/home/dov/projects/JCudaWrapper/jcuda12/jcusparse-natives-12.0.0-linux-x86_64.jar:/home/dov/projects/NeighborhoodPIG/build/classes
Launcher Type: SUN_STANDARD

[Global flags]
     intx CICompilerCount                          = 12                                        {product} {ergonomic}
     uint ConcGCThreads                            = 3                                         {product} {ergonomic}
     uint G1ConcRefinementThreads                  = 13                                        {product} {ergonomic}
   size_t G1HeapRegionSize                         = 4194304                                   {product} {ergonomic}
    uintx GCDrainStackTargetSize                   = 64                                        {product} {ergonomic}
   size_t InitialHeapSize                          = 515899392                                 {product} {ergonomic}
   size_t MarkStackSize                            = 4194304                                   {product} {ergonomic}
   size_t MaxHeapSize                              = 8212447232                                {product} {ergonomic}
   size_t MaxNewSize                               = 4924112896                                {product} {ergonomic}
   size_t MinHeapDeltaBytes                        = 4194304                                   {product} {ergonomic}
   size_t MinHeapSize                              = 8388608                                   {product} {ergonomic}
    uintx NonNMethodCodeHeapSize                   = 7602480                                {pd product} {ergonomic}
    uintx NonProfiledCodeHeapSize                  = 122027880                              {pd product} {ergonomic}
    uintx ProfiledCodeHeapSize                     = 122027880                              {pd product} {ergonomic}
    uintx ReservedCodeCacheSize                    = 251658240                              {pd product} {ergonomic}
     bool SegmentedCodeCache                       = true                                      {product} {ergonomic}
   size_t SoftMaxHeapSize                          = 8212447232                             {manageable} {ergonomic}
     bool UseCompressedOops                        = true                           {product lp64_product} {ergonomic}
     bool UseG1GC                                  = true                                      {product} {ergonomic}

Logging:
Log output configuration:
 #0: stdout all=warning uptime,level,tags foldmultilines=false
 #1: stderr all=off uptime,level,tags foldmultilines=false

Environment Variables:
PATH=/usr/local/sbin:/usr/local/bin:/usr/sbin:/usr/bin:/sbin:/bin:/usr/games:/usr/local/games:/snap/bin:/snap/bin
USERNAME=dov
SHELL=/bin/bash
DISPLAY=:1
LANG=en_US.UTF-8

Active Locale:
LC_ALL=en_US.UTF-8
LC_COLLATE=en_US.UTF-8
LC_CTYPE=en_US.UTF-8
LC_MESSAGES=en_US.UTF-8
LC_MONETARY=en_US.UTF-8
LC_NUMERIC=en_US.UTF-8
LC_TIME=en_US.UTF-8

Signal Handlers:
   SIGSEGV: crash_handler in libjvm.so, mask=11100100010111111101111111111110, flags=SA_RESTART|SA_SIGINFO, unblocked
    SIGBUS: crash_handler in libjvm.so, mask=11100100010111111101111111111110, flags=SA_RESTART|SA_SIGINFO, unblocked
    SIGFPE: crash_handler in libjvm.so, mask=11100100010111111101111111111110, flags=SA_RESTART|SA_SIGINFO, unblocked
   SIGPIPE: javaSignalHandler in libjvm.so, mask=11100100010111111101111111111110, flags=SA_RESTART|SA_SIGINFO, blocked
   SIGXFSZ: javaSignalHandler in libjvm.so, mask=11100100010111111101111111111110, flags=SA_RESTART|SA_SIGINFO, blocked
    SIGILL: crash_handler in libjvm.so, mask=11100100010111111101111111111110, flags=SA_RESTART|SA_SIGINFO, unblocked
   SIGUSR2: SR_handler in libjvm.so, mask=00000000000000000000000000000000, flags=SA_RESTART|SA_SIGINFO, blocked
    SIGHUP: UserHandler in libjvm.so, mask=11100100010111111101111111111110, flags=SA_RESTART|SA_SIGINFO, blocked
    SIGINT: SIG_IGN, mask=00000000000000000000000000000000, flags=none, blocked
   SIGTERM: UserHandler in libjvm.so, mask=11100100010111111101111111111110, flags=SA_RESTART|SA_SIGINFO, blocked
   SIGQUIT: UserHandler in libjvm.so, mask=11100100010111111101111111111110, flags=SA_RESTART|SA_SIGINFO, blocked
   SIGTRAP: crash_handler in libjvm.so, mask=11100100010111111101111111111110, flags=SA_RESTART|SA_SIGINFO, unblocked


Periodic native trim disabled

---------------  S Y S T E M  ---------------

OS:
DISTRIB_ID=Ubuntu
DISTRIB_RELEASE=24.04
DISTRIB_CODENAME=noble
DISTRIB_DESCRIPTION="Ubuntu 24.04.1 LTS"
uname: Linux 6.8.0-47-generic #47-Ubuntu SMP PREEMPT_DYNAMIC Fri Sep 27 21:40:26 UTC 2024 x86_64
OS uptime: 0 days 0:02 hours
libc: glibc 2.39 NPTL 2.39 
rlimit (soft/hard): STACK 8192k/infinity , CORE 0k/infinity , NPROC 125013/125013 , NOFILE 1048576/1048576 , AS infinity/infinity , CPU infinity/infinity , DATA infinity/infinity , FSIZE infinity/infinity , MEMLOCK 4009332k/4009332k
load average: 2.62 1.21 0.48

/proc/meminfo:
MemTotal:       32074672 kB
MemFree:        26827924 kB
MemAvailable:   28513168 kB
Buffers:           90708 kB
Cached:          1966288 kB
SwapCached:            0 kB
Active:          3235660 kB
Inactive:         860076 kB
Active(anon):    2083232 kB
Inactive(anon):        0 kB
Active(file):    1152428 kB
Inactive(file):   860076 kB
Unevictable:          32 kB
Mlocked:              32 kB
SwapTotal:       8388604 kB
SwapFree:        8388604 kB
Zswap:                 0 kB
Zswapped:              0 kB
Dirty:              1984 kB
Writeback:             0 kB
AnonPages:       2039012 kB
Mapped:           805692 kB
Shmem:             44492 kB
KReclaimable:      75028 kB
Slab:             318812 kB
SReclaimable:      75028 kB
SUnreclaim:       243784 kB
KernelStack:       18176 kB
PageTables:        34684 kB
SecPageTables:         0 kB
NFS_Unstable:          0 kB
Bounce:                0 kB
WritebackTmp:          0 kB
CommitLimit:    24425940 kB
Committed_AS:   12708016 kB
VmallocTotal:   34359738367 kB
VmallocUsed:      159908 kB
VmallocChunk:          0 kB
Percpu:            17216 kB
HardwareCorrupted:     0 kB
AnonHugePages:         0 kB
ShmemHugePages:        0 kB
ShmemPmdMapped:        0 kB
FileHugePages:         0 kB
FilePmdMapped:         0 kB
Unaccepted:            0 kB
HugePages_Total:       0
HugePages_Free:        0
HugePages_Rsvd:        0
HugePages_Surp:        0
Hugepagesize:       2048 kB
Hugetlb:               0 kB
DirectMap4k:      840168 kB
DirectMap2M:    11995136 kB
DirectMap1G:    20971520 kB

/sys/kernel/mm/transparent_hugepage/enabled: always [madvise] never
/sys/kernel/mm/transparent_hugepage/hpage_pmd_size: 2097152
/sys/kernel/mm/transparent_hugepage/defrag (defrag/compaction efforts parameter): always defer defer+madvise [madvise] never

Process Memory:
Virtual Size: 17093400K (peak: 17123208K)
Resident Set Size: 284648K (peak: 284648K) (anon: 125100K, file: 151356K, shmem: 8192K)
Swapped out: 0K
C-Heap outstanding allocations: 64693K, retained: 3590K
glibc malloc tunables: (default)

/proc/sys/kernel/threads-max (system-wide limit on the number of threads): 250026
/proc/sys/vm/max_map_count (maximum number of memory map areas a process may have): 1048576
/proc/sys/vm/swappiness (control to define how aggressively the kernel swaps out anonymous memory): 60
/proc/sys/kernel/pid_max (system-wide limit on number of process identifiers): 4194304

container (cgroup) information:
container_type: cgroupv2
cpu_cpuset_cpus: not supported
cpu_memory_nodes: not supported
active_processor_count: 16
cpu_quota: not supported
cpu_period: not supported
cpu_shares: not supported
memory_limit_in_bytes: unlimited
memory_and_swap_limit_in_bytes: unlimited
memory_soft_limit_in_bytes: unlimited
memory_usage_in_bytes: 1385028 k
memory_max_usage_in_bytes: not supported
memory_swap_current_in_bytes: unlimited
memory_swap_max_limit_in_bytes: unlimited
maximum number of tasks: 37503
current number of tasks: 103

Steal ticks since vm start: 0
Steal ticks percentage since vm start:  0.000

CPU: total 16 (initial active 16) (16 cores per cpu, 2 threads per core) family 25 model 68 stepping 1 microcode 0xa404101, cx8, cmov, fxsr, ht, mmx, 3dnowpref, sse, sse2, sse3, ssse3, sse4a, sse4.1, sse4.2, popcnt, lzcnt, tsc, tscinvbit, avx, avx2, aes, clmul, bmi1, bmi2, adx, sha, fma, vzeroupper, clflush, clflushopt, rdtscp, rdpid, f16c, pku, ospke, cet_ss
CPU Model and flags from /proc/cpuinfo:
model name	: AMD Ryzen 9 6900HS with Radeon Graphics
flags		: fpu vme de pse tsc msr pae mce cx8 apic sep mtrr pge mca cmov pat pse36 clflush mmx fxsr sse sse2 ht syscall nx mmxext fxsr_opt pdpe1gb rdtscp lm constant_tsc rep_good nopl nonstop_tsc cpuid extd_apicid aperfmperf rapl pni pclmulqdq monitor ssse3 fma cx16 sse4_1 sse4_2 x2apic movbe popcnt aes xsave avx f16c rdrand lahf_lm cmp_legacy svm extapic cr8_legacy abm sse4a misalignsse 3dnowprefetch osvw ibs skinit wdt tce topoext perfctr_core perfctr_nb bpext perfctr_llc mwaitx cpb cat_l3 cdp_l3 hw_pstate ssbd mba ibrs ibpb stibp vmmcall fsgsbase bmi1 avx2 smep bmi2 invpcid cqm rdt_a rdseed adx smap clflushopt clwb sha_ni xsaveopt xsavec xgetbv1 xsaves cqm_llc cqm_occup_llc cqm_mbm_total cqm_mbm_local user_shstk clzero irperf xsaveerptr rdpru wbnoinvd cppc arat npt lbrv svm_lock nrip_save tsc_scale vmcb_clean flushbyasid decodeassists pausefilter pfthreshold avic v_vmsave_vmload vgif v_spec_ctrl umip pku ospke vaes vpclmulqdq rdpid overflow_recov succor smca debug_swap

Online cpus: 0-15
Offline cpus: 
BIOS frequency limitation: <Not Available>
Frequency switch latency (ns): 0
Available cpu frequencies: <Not Available>
Current governor: powersave
Core performance/turbo boost: <Not Available>

Memory: 4k page, physical 32074672k(28513168k free), swap 8388604k(8388604k free)
Page Sizes: 4k

vm_info: OpenJDK 64-Bit Server VM (21.0.4+7-Ubuntu-1ubuntu224.04) for linux-amd64 JRE (21.0.4+7-Ubuntu-1ubuntu224.04), built on 2024-07-23T01:34:52Z by "buildd" with gcc 13.2.0

END.
