#
# A fatal error has been detected by the Java Runtime Environment:
#
#  SIGSEGV (0xb) at pc=0x00007e16026327ba, pid=49136, tid=49141
#
# JRE version: OpenJDK Runtime Environment (21.0.5+11) (build 21.0.5+11-Ubuntu-1ubuntu124.04)
# Java VM: OpenJDK 64-Bit Server VM (21.0.5+11-Ubuntu-1ubuntu124.04, mixed mode, sharing, tiered, compressed oops, compressed class ptrs, g1 gc, linux-amd64)
# Problematic frame:
# C  [libcuda.so.1+0x2327ba]
#
# Core dump will be written. Default location: Core dumps may be processed with "/usr/share/apport/apport -p%p -s%s -c%c -d%d -P%P -u%u -g%g -- %E" (or dumping to /home/dov/projects/NeighborhoodPIG/core.49136)
#
# If you would like to submit a bug report, please visit:
#   https://bugs.launchpad.net/ubuntu/+source/openjdk-21
# The crash happened outside the Java Virtual Machine in native code.
# See problematic frame for where to report the bug.
#

---------------  S U M M A R Y ------------

Command Line: -Dfile.encoding=UTF-8 --module-path=/home/dov/projects/NeighborhoodPIG/build/classes JCudaWrapper.array.DArray

Host: AMD Ryzen 9 6900HS with Radeon Graphics, 16 cores, 30G, Ubuntu 24.04.1 LTS
Time: Wed Nov 27 13:11:26 2024 IST elapsed time: 0.415713 seconds (0d 0h 0m 0s)

---------------  T H R E A D  ---------------

Current thread (0x00007e163801a0c0):  JavaThread "main"             [_thread_in_native, id=49141, stack(0x00007e163cf00000,0x00007e163d000000) (1024K)]

Stack: [0x00007e163cf00000,0x00007e163d000000],  sp=0x00007e163cffdf40,  free space=1015k
Native frames: (J=compiled Java code, j=interpreted, Vv=VM code, C=native code)
C  [libcuda.so.1+0x2327ba]
C  [libcuda.so.1+0x4e22e7]
C  [libcuda.so.1+0x141496]
C  [libcuda.so.1+0x1419b0]
C  [libcuda.so.1+0x142707]
C  [libcuda.so.1+0x2ec0e1]
Java frames: (J=compiled Java code, j=interpreted, Vv=VM code)
J 522  jcuda.runtime.JCuda.cudaMemcpyAsyncNative(Ljcuda/Pointer;Ljcuda/Pointer;JILjcuda/runtime/cudaStream_t;)I (0 bytes) @ 0x00007e16283c67bc [0x00007e16283c6720+0x000000000000009c]
J 718 c2 jcuda.runtime.JCuda.cudaMemcpyAsync(Ljcuda/Pointer;Ljcuda/Pointer;JILjcuda/runtime/cudaStream_t;)I (14 bytes) @ 0x00007e16283e8fc0 [0x00007e16283e8fa0+0x0000000000000020]
j  JCudaWrapper.array.DArray.main([Ljava/lang/String;)V+75
v  ~StubRoutines::call_stub 0x00007e1627c5fcc6

siginfo: si_signo: 11 (SIGSEGV), si_code: 1 (SEGV_MAPERR), si_addr: 0x00007e132aff8050

Registers:
RAX=0x0000000000000001, RBX=0x00007e163cffe578, RCX=0x0000000000000001, RDX=0x0000000000000005
RSP=0x00007e163cffdf40, RBP=0x00007e163cffdf60, RSI=0x00007e132aff8000, RDI=0x00007e1638bf7990
R8 =0x0000000000000002, R9 =0x0000000000000000, R10=0x0000000000000000, R11=0x0000000000000246
R12=0x00007e163cffe3e8, R13=0x00007e163cffe578, R14=0x00007e163cffe3e8, R15=0x0000000000000001
RIP=0x00007e16026327ba, EFLAGS=0x0000000000010202, CSGSFS=0x002b000000000033, ERR=0x0000000000000004
  TRAPNO=0x000000000000000e


Register to memory mapping:

RAX=0x0000000000000001 is an unknown value
RBX=0x00007e163cffe578 is pointing into the stack for thread: 0x00007e163801a0c0
RCX=0x0000000000000001 is an unknown value
RDX=0x0000000000000005 is an unknown value
RSP=0x00007e163cffdf40 is pointing into the stack for thread: 0x00007e163801a0c0
RBP=0x00007e163cffdf60 is pointing into the stack for thread: 0x00007e163801a0c0
RSI=0x00007e132aff8000 is an unknown value
RDI=0x00007e1638bf7990 points into unknown readable memory: 0x00000007e1638bf7 | f7 8b 63 e1 07 00 00 00
R8 =0x0000000000000002 is an unknown value
R9 =0x0 is null
R10=0x0 is null
R11=0x0000000000000246 is an unknown value
R12=0x00007e163cffe3e8 is pointing into the stack for thread: 0x00007e163801a0c0
R13=0x00007e163cffe578 is pointing into the stack for thread: 0x00007e163801a0c0
R14=0x00007e163cffe3e8 is pointing into the stack for thread: 0x00007e163801a0c0
R15=0x0000000000000001 is an unknown value

Top of Stack: (sp=0x00007e163cffdf40)
0x00007e163cffdf40:   00007e16384826b0 0000000000000000
0x00007e163cffdf50:   00007e16382a3bd0 00007e16384826b0
0x00007e163cffdf60:   00007e163cffe190 00007e16028e22e7
0x00007e163cffdf70:   0000000000000000 0000000000000000
0x00007e163cffdf80:   0000000000000000 00007e163cffe020
0x00007e163cffdf90:   00007e1600000000 0000000000000000
0x00007e163cffdfa0:   0000000200000000 00007e16384826b0
0x00007e163cffdfb0:   9999999999999999 0000000520202020
0x00007e163cffdfc0:   0000000000000000 0000000000000000
0x00007e163cffdfd0:   0000000000000001 0000000000000000
0x00007e163cffdfe0:   0000000000000000 0000000000000000
0x00007e163cffdff0:   0000000000000000 00007e16384826b0
0x00007e163cffe000:   0000000000000000 00007e163cffe398
0x00007e163cffe010:   0000000000000101 00007e16384826b0
0x00007e163cffe020:   0000000000000001 0000000000000000
0x00007e163cffe030:   0000000000000000 0000000000000000
0x00007e163cffe040:   0000000000000000 00007e16384826b0
0x00007e163cffe050:   0000000000000000 00007e163cffe3e8
0x00007e163cffe060:   0000000000000101 00007e16384826b0
0x00007e163cffe070:   00007e1638415290 0000000000000003
0x00007e163cffe080:   0000000000000000 0000000635006030
0x00007e163cffe090:   0000000635006538 00007e163801a0c0
0x00007e163cffe0a0:   00007e163cffe520 00007e1627d74ce5
0x00007e163cffe0b0:   0000000633c00000 00007e163cffe1d8
0x00007e163cffe0c0:   00007e163cffe0f0 00007e16283e9410
0x00007e163cffe0d0:   00007e163cffe338 00007e163d8aa0b0
0x00007e163cffe0e0:   00007e163cffe1c0 00007e163e0b7f70
0x00007e163cffe0f0:   0000000000000000 00007e16283e9588
0x00007e163cffe100:   00007e16283e9588 00007e16283e9410
0x00007e163cffe110:   00007e16283e965f 00007e16283e0039
0x00007e163cffe120:   00007e16382a3be8 ef26ce2ef494d100
0x00007e163cffe130:   00007e163cffe180 00007e16382a3bd0 

Instructions: (pc=0x00007e16026327ba)
0x00007e16026326ba:   00 02 00 00 00 48 83 c4 08 31 c0 5b 41 5c 41 5d
0x00007e16026326ca:   5d c3 0f 1f 40 00 48 8b 42 48 0f b6 80 09 01 00
0x00007e16026326da:   00 83 e0 7e 3c 1e 0f 94 c0 e9 ff fe ff ff 0f 1f
0x00007e16026326ea:   84 00 00 00 00 00 4d 8b ad 68 01 00 00 e9 56 ff
0x00007e16026326fa:   ff ff 0f 1f 40 00 48 89 df e8 78 fc ff ff 89 83
0x00007e160263270a:   a4 00 00 00 83 f8 ff 0f 85 10 ff ff ff eb 9c 31
0x00007e160263271a:   c0 e9 a8 fe ff ff 31 c0 48 83 3e 00 0f 84 14 01
0x00007e160263272a:   00 00 55 48 89 e5 41 54 53 48 89 f3 48 83 ec 10
0x00007e160263273a:   48 83 7e 08 00 0f 84 e8 00 00 00 48 83 7e 10 00
0x00007e160263274a:   0f 84 dd 00 00 00 8b 07 49 89 fc 89 c1 83 f8 02
0x00007e160263275a:   0f 84 98 00 00 00 85 c0 0f 84 18 02 00 00 83 f8
0x00007e160263276a:   01 0f 85 9f 01 00 00 48 8b 77 20 48 85 f6 0f 84
0x00007e160263277a:   ca 00 00 00 48 83 be 10 02 00 00 00 0f 85 c7 02
0x00007e160263278a:   00 00 48 8b 76 48 48 8b b6 88 02 00 00 48 8b 76
0x00007e160263279a:   08 85 c0 0f 85 05 02 00 00 49 8b 7c 24 18 48 85
0x00007e16026327aa:   f6 0f 95 c0 48 85 ff 0f 95 c1 21 c8 84 c0 74 12
0x00007e16026327ba:   48 8b 76 50 89 55 ec e8 7a d7 15 00 8b 55 ec 48
0x00007e16026327ca:   89 c7 48 85 ff 74 70 48 8b 47 48 48 8b 80 08 01
0x00007e16026327da:   00 00 48 c1 e8 28 83 e0 0e 3c 02 75 05 f6 c2 04
0x00007e16026327ea:   74 3c 41 8b 0c 24 eb 58 66 0f 1f 44 00 00 48 8b
0x00007e16026327fa:   47 60 48 85 c0 0f 84 73 01 00 00 48 8b 40 40 48
0x00007e160263280a:   8b 8f 90 00 00 00 8b 00 48 0f a3 c1 0f 82 5c 01
0x00007e160263281a:   00 00 83 e2 04 0f 85 53 01 00 00 0f 1f 00 b8 01
0x00007e160263282a:   00 00 00 48 83 c4 10 5b 41 5c 5d c3 66 2e 0f 1f
0x00007e160263283a:   84 00 00 00 00 00 c3 41 8b 04 24 0f 1f 00 89 c1
0x00007e160263284a:   83 f9 01 0f 84 6d 01 00 00 0f 87 b7 00 00 00 49
0x00007e160263285a:   8b 4c 24 08 49 8b 84 24 b0 00 00 00 8b 51 70 48
0x00007e160263286a:   39 d0 73 ba 48 8b 33 48 8d 3c 30 48 39 fa 72 ae
0x00007e160263287a:   44 0f b6 41 18 8b 79 10 41 8d 90 6f ff ff ff 83
0x00007e160263288a:   fa 0d 0f 87 ba 01 00 00 8b 51 6c 48 09 f0 83 ea
0x00007e160263289a:   01 48 85 c2 75 88 8b b1 98 00 00 00 31 d2 8d 44
0x00007e16026328aa:   37 ff f7 f6 49 8b 94 24 b8 00 00 00 85 ff 0f 84 


Stack slot to memory mapping:

stack at sp + 0 slots: 0x00007e16384826b0 points into unknown readable memory: 0x0000000000000001 | 01 00 00 00 00 00 00 00
stack at sp + 1 slots: 0x0 is null
stack at sp + 2 slots: 0x00007e16382a3bd0 points into unknown readable memory: 0x0000000100000000 | 00 00 00 00 01 00 00 00
stack at sp + 3 slots: 0x00007e16384826b0 points into unknown readable memory: 0x0000000000000001 | 01 00 00 00 00 00 00 00
stack at sp + 4 slots: 0x00007e163cffe190 is pointing into the stack for thread: 0x00007e163801a0c0
stack at sp + 5 slots: 0x00007e16028e22e7: <offset 0x00000000004e22e7> in /lib/x86_64-linux-gnu/libcuda.so.1 at 0x00007e1602400000
stack at sp + 6 slots: 0x0 is null
stack at sp + 7 slots: 0x0 is null


Compiled method (n/a) 424  522     n 0       jcuda.runtime.JCuda::cudaMemcpyAsyncNative (native)
 total in heap  [0x00007e16283c6590,0x00007e16283c6950] = 960
 relocation     [0x00007e16283c66e8,0x00007e16283c6720] = 56
 main code      [0x00007e16283c6720,0x00007e16283c6948] = 552
 oops           [0x00007e16283c6948,0x00007e16283c6950] = 8

[Constant Pool (empty)]

[MachCode]
[Entry Point]
  # {method} {0x00007e15ac41df78} 'cudaMemcpyAsyncNative' '(Ljcuda/Pointer;Ljcuda/Pointer;JILjcuda/runtime/cudaStream_t;)I' in 'jcuda/runtime/JCuda'
  # parm0:    rsi:rsi   = 'jcuda/Pointer'
  # parm1:    rdx:rdx   = 'jcuda/Pointer'
  # parm2:    rcx:rcx   = long
  # parm3:    r8        = int
  # parm4:    r9:r9     = 'jcuda/runtime/cudaStream_t'
  #           [sp+0x60]  (sp of caller)
  0x00007e16283c6720: 448b 5608 | 49bb 0000 | 00b7 157e | 0000 4d03 | d349 3bc2 | 0f84 0600 

  0x00007e16283c6738: ;   {runtime_call ic_miss_stub}
  0x00007e16283c6738: 0000 e941 | 698e ff90 
[Verified Entry Point]
  0x00007e16283c6740: 8984 2400 | c0fe ff55 | 488b ec48 | 83ec 5090 | 4181 7f20 | 0100 0000 

  0x00007e16283c6758: ;   {runtime_call StubRoutines (final stubs)}
  0x00007e16283c6758: 7405 e841 | cd8c ff4c | 894c 2428 | 4983 f900 | 488d 4424 | 2848 0f44 | 4424 2848 | 8904 244d 
  0x00007e16283c6778: 8bc8 4c8b | c148 8954 | 2410 4883 | fa00 488d | 4c24 1048 | 0f44 4c24 | 1048 8974 | 2408 4883 
  0x00007e16283c6798: fe00 488d | 5424 0848 | 0f44 5424 

  0x00007e16283c67a4: ;   {oop(a 'java/lang/Class'{0x0000000633805420} = 'jcuda/runtime/JCuda')}
  0x00007e16283c67a4: 0849 be20 | 5480 3306 | 0000 004c | 8974 2438 | 4c8d 7424 | 3849 8bf6 

  0x00007e16283c67bc: ;   {internal_word}
  0x00007e16283c67bc: c5f8 7749 | babc 673c | 2816 7e00 | 004d 8997 | a003 0000 | 4989 a798 

  0x00007e16283c67d4: ;   {external_word}
  0x00007e16283c67d4: 0300 0080 | 3daf 7853 | 1600 0f84 | 3c00 0000 | 5652 5141 

  0x00007e16283c67e8: ;   {metadata({method} {0x00007e15ac41df78} 'cudaMemcpyAsyncNative' '(Ljcuda/Pointer;Ljcuda/Pointer;JILjcuda/runtime/cudaStream_t;)I' in 'jcuda/runtime/JCuda')}
  0x00007e16283c67e8: 5041 5148 | be78 df41 | ac15 7e00 | 0049 8bff | 40f6 c40f | 0f84 1200 | 0000 4883 

  0x00007e16283c6804: ;   {runtime_call SharedRuntime::dtrace_method_entry(JavaThread*, Method*)}
  0x00007e16283c6804: ec08 e885 | 38df 1548 | 83c4 08e9 | 0500 0000 

  0x00007e16283c6814: ;   {runtime_call SharedRuntime::dtrace_method_entry(JavaThread*, Method*)}
  0x00007e16283c6814: e877 38df | 1541 5941 | 5859 5a5e | 498d bfb8 | 0300 0041 | c787 4404 | 0000 0400 

  0x00007e16283c6830: ;   {runtime_call Java_jcuda_runtime_JCuda_cudaMemcpyAsyncNative}
  0x00007e16283c6830: 0000 e8d9 | 9445 e5c5 | f877 41c7 | 8744 0400 | 0005 0000 | 00f0 8344 | 24c0 0049 | 3baf 4804 
  0x00007e16283c6850: 0000 0f87 | 0e00 0000 | 4183 bf40 | 0400 0000 | 0f84 2400 | 0000 c5f8 | 7748 8945 | f849 8bff 
  0x00007e16283c6870: 4c8b e448 | 83ec 0048 

  0x00007e16283c6878: ;   {runtime_call JavaThread::check_special_condition_for_native_trans(JavaThread*)}
  0x00007e16283c6878: 83e4 f0e8 | d0db 9515 | 498b e44d | 33e4 488b | 45f8 41c7 | 8744 0400 | 0008 0000 | 0041 83bf 
  0x00007e16283c6898: c004 0000 | 020f 847f 

  0x00007e16283c68a0: ;   {external_word}
  0x00007e16283c68a0: 0000 0080 | 3de3 7753 | 1600 0f84 | 3600 0000 | 4889 45f8 

  0x00007e16283c68b4: ;   {metadata({method} {0x00007e15ac41df78} 'cudaMemcpyAsyncNative' '(Ljcuda/Pointer;Ljcuda/Pointer;JILjcuda/runtime/cudaStream_t;)I' in 'jcuda/runtime/JCuda')}
  0x00007e16283c68b4: 48be 78df | 41ac 157e | 0000 498b | ff40 f6c4 | 0f0f 8412 | 0000 0048 

  0x00007e16283c68cc: ;   {runtime_call SharedRuntime::dtrace_method_exit(JavaThread*, Method*)}
  0x00007e16283c68cc: 83ec 08e8 | ac38 df15 | 4883 c408 | e905 0000 

  0x00007e16283c68dc: ;   {runtime_call SharedRuntime::dtrace_method_exit(JavaThread*, Method*)}
  0x00007e16283c68dc: 00e8 9e38 | df15 488b | 45f8 49c7 | 8798 0300 | 0000 0000 | 0049 c787 | a003 0000 | 0000 0000 
  0x00007e16283c68fc: c5f8 7749 | 8b8f 2804 | 0000 c781 | 0001 0000 | 0000 0000 | c949 837f | 0800 0f85 | 0100 0000 
  0x00007e16283c691c: ;   {runtime_call StubRoutines (initial stubs)}
  0x00007e16283c691c: c3e9 de92 | 89ff c5f8 | 7748 8945 | f84c 8be4 | 4883 ec00 | 4883 e4f0 

  0x00007e16283c6934: ;   {runtime_call SharedRuntime::reguard_yellow_pages()}
  0x00007e16283c6934: e8b7 47df | 1549 8be4 | 4d33 e448 | 8b45 f8e9 | 5bff ffff 
[/MachCode]


Compiled method (c2) 437  718       4       jcuda.runtime.JCuda::cudaMemcpyAsync (14 bytes)
 total in heap  [0x00007e16283e8e10,0x00007e16283e9100] = 752
 relocation     [0x00007e16283e8f68,0x00007e16283e8f90] = 40
 main code      [0x00007e16283e8fa0,0x00007e16283e9038] = 152
 stub code      [0x00007e16283e9038,0x00007e16283e9060] = 40
 oops           [0x00007e16283e9060,0x00007e16283e9068] = 8
 metadata       [0x00007e16283e9068,0x00007e16283e9078] = 16
 scopes data    [0x00007e16283e9078,0x00007e16283e90a0] = 40
 scopes pcs     [0x00007e16283e90a0,0x00007e16283e90e0] = 64
 dependencies   [0x00007e16283e90e0,0x00007e16283e90e8] = 8
 handler table  [0x00007e16283e90e8,0x00007e16283e9100] = 24

[Constant Pool (empty)]

[MachCode]
[Verified Entry Point]
  # {method} {0x00007e15ac41dee8} 'cudaMemcpyAsync' '(Ljcuda/Pointer;Ljcuda/Pointer;JILjcuda/runtime/cudaStream_t;)I' in 'jcuda/runtime/JCuda'
  # parm0:    rsi:rsi   = 'jcuda/Pointer'
  # parm1:    rdx:rdx   = 'jcuda/Pointer'
  # parm2:    rcx:rcx   = long
  # parm3:    r8        = int
  # parm4:    r9:r9     = 'jcuda/runtime/cudaStream_t'
  #           [sp+0x30]  (sp of caller)
  0x00007e16283e8fa0: 8984 2400 | c0fe ff55 | 4883 ec20 | 4181 7f20 | 0100 0000 | 0f85 7100 

  0x00007e16283e8fb8: ;   {static_call}
  0x00007e16283e8fb8: 0000 90e8 

  0x00007e16283e8fbc: ; ImmutableOopMap {}
                      ;*invokestatic cudaMemcpyAsyncNative {reexecute=0 rethrow=0 return_oop=0}
                      ; - jcuda.runtime.JCuda::cudaMemcpyAsync@7 (line 5696)
  0x00007e16283e8fbc: 80d7 fdff 

  0x00007e16283e8fc0: ;   {other}
  0x00007e16283e8fc0: 0f1f 8400 | b001 0000 

  0x00007e16283e8fc8: ;   {oop(a 'java/lang/Class'{0x0000000633805420} = 'jcuda/runtime/JCuda')}
  0x00007e16283e8fc8: 49ba 2054 | 8033 0600 | 0000 410f | b6aa 7d01 | 0000 85ed | 7513 4883 

  0x00007e16283e8fe0: ;   {poll_return}
  0x00007e16283e8fe0: c420 5d49 | 3ba7 4804 | 0000 0f87 | 2500 0000 | c3be 45ff | ffff 8904 

  0x00007e16283e8ff8: ;   {runtime_call UncommonTrapBlob}
  0x00007e16283e8ff8: 2466 90e8 

  0x00007e16283e8ffc: ; ImmutableOopMap {}
                      ;*ifeq {reexecute=1 rethrow=0 return_oop=0}
                      ; - (reexecute) jcuda.runtime.JCuda::checkResult@3 (line 514)
                      ; - jcuda.runtime.JCuda::cudaMemcpyAsync@10 (line 5696)
  0x00007e16283e8ffc: 009f 8cff 

  0x00007e16283e9000: ;   {other}
  0x00007e16283e9000: 0f1f 8400 | f001 0001 | 488b f048 | 83c4 205d 

  0x00007e16283e9010: ;   {runtime_call _rethrow_Java}
  0x00007e16283e9010: e96b 9799 

  0x00007e16283e9014: ;   {internal_word}
  0x00007e16283e9014: ff49 bae3 | 8f3e 2816 | 7e00 004d | 8997 6004 

  0x00007e16283e9024: ;   {runtime_call SafepointBlob}
  0x00007e16283e9024: 0000 e9d5 

  0x00007e16283e9028: ;   {runtime_call StubRoutines (final stubs)}
  0x00007e16283e9028: af8c ffe8 | 70a4 8aff | e985 ffff | fff4 f4f4 
[Stub Code]
  0x00007e16283e9038: ;   {no_reloc}
  0x00007e16283e9038: 48bb 0000 | 0000 0000 

  0x00007e16283e9040: ;   {runtime_call nmethod}
  0x00007e16283e9040: 0000 e9fb 

  0x00007e16283e9044: ;   {runtime_call ExceptionBlob}
  0x00007e16283e9044: ffff ffe9 | 34d1 98ff 
[Deopt Handler Code]
  0x00007e16283e904c: e800 0000 | 0048 832c 

  0x00007e16283e9054: ;   {runtime_call DeoptimizationBlob}
  0x00007e16283e9054: 2405 e945 | a28c fff4 | f4f4 f4f4 
[/MachCode]


---------------  P R O C E S S  ---------------

Threads class SMR info:
_java_thread_list=0x00007e15643ae980, length=21, elements={
0x00007e163801a0c0, 0x00007e163812cc90, 0x00007e163812e200, 0x00007e163812f9a0,
0x00007e1638130fe0, 0x00007e1638132580, 0x00007e1638134140, 0x00007e1638135800,
0x00007e1638149310, 0x00007e157c066c90, 0x00007e163817f760, 0x00007e157c091fd0,
0x00007e1638bfa8d0, 0x00007e1570089420, 0x00007e157c0ebbf0, 0x00007e156405e4b0,
0x00007e156413ada0, 0x00007e1564070660, 0x00007e156416b5c0, 0x00007e156416c590,
0x00007e156416d790
}

Java Threads: ( => current thread )
=>0x00007e163801a0c0 JavaThread "main"                              [_thread_in_native, id=49141, stack(0x00007e163cf00000,0x00007e163d000000) (1024K)]
  0x00007e163812cc90 JavaThread "Reference Handler"          daemon [_thread_blocked, id=49149, stack(0x00007e160e900000,0x00007e160ea00000) (1024K)]
  0x00007e163812e200 JavaThread "Finalizer"                  daemon [_thread_blocked, id=49150, stack(0x00007e160e800000,0x00007e160e900000) (1024K)]
  0x00007e163812f9a0 JavaThread "Signal Dispatcher"          daemon [_thread_blocked, id=49151, stack(0x00007e160e700000,0x00007e160e800000) (1024K)]
  0x00007e1638130fe0 JavaThread "Service Thread"             daemon [_thread_blocked, id=49152, stack(0x00007e160e600000,0x00007e160e700000) (1024K)]
  0x00007e1638132580 JavaThread "Monitor Deflation Thread"   daemon [_thread_blocked, id=49153, stack(0x00007e160e500000,0x00007e160e600000) (1024K)]
  0x00007e1638134140 JavaThread "C2 CompilerThread0"         daemon [_thread_blocked, id=49154, stack(0x00007e160e400000,0x00007e160e500000) (1024K)]
  0x00007e1638135800 JavaThread "C1 CompilerThread0"         daemon [_thread_blocked, id=49155, stack(0x00007e160e300000,0x00007e160e400000) (1024K)]
  0x00007e1638149310 JavaThread "Common-Cleaner"             daemon [_thread_blocked, id=49156, stack(0x00007e160e200000,0x00007e160e300000) (1024K)]
  0x00007e157c066c90 JavaThread "C1 CompilerThread1"         daemon [_thread_blocked, id=49157, stack(0x00007e160e100000,0x00007e160e200000) (1024K)]
  0x00007e163817f760 JavaThread "Notification Thread"        daemon [_thread_blocked, id=49158, stack(0x00007e160e000000,0x00007e160e100000) (1024K)]
  0x00007e157c091fd0 JavaThread "C2 CompilerThread1"         daemon [_thread_blocked, id=49159, stack(0x00007e160df00000,0x00007e160e000000) (1024K)]
  0x00007e1638bfa8d0 JavaThread "pool-1-thread-1"            daemon [_thread_blocked, id=49164, stack(0x00007e160cd00000,0x00007e160ce00000) (1024K)]
  0x00007e1570089420 JavaThread "C1 CompilerThread2"         daemon [_thread_blocked, id=49165, stack(0x00007e160de00000,0x00007e160df00000) (1024K)]
  0x00007e157c0ebbf0 JavaThread "C1 CompilerThread3"         daemon [_thread_blocked, id=49166, stack(0x00007e160c900000,0x00007e160ca00000) (1024K)]
  0x00007e156405e4b0 JavaThread "C2 CompilerThread2"         daemon [_thread_blocked, id=49167, stack(0x00007e160c800000,0x00007e160c900000) (1024K)]
  0x00007e156413ada0 JavaThread "C2 CompilerThread3"         daemon [_thread_blocked, id=49168, stack(0x00007e160c700000,0x00007e160c800000) (1024K)]
  0x00007e1564070660 JavaThread "C2 CompilerThread4"         daemon [_thread_blocked, id=49169, stack(0x00007e160c600000,0x00007e160c700000) (1024K)]
  0x00007e156416b5c0 JavaThread "C2 CompilerThread5"         daemon [_thread_blocked, id=49170, stack(0x00007e160c500000,0x00007e160c600000) (1024K)]
  0x00007e156416c590 JavaThread "C2 CompilerThread6"         daemon [_thread_blocked, id=49171, stack(0x00007e160c400000,0x00007e160c500000) (1024K)]
  0x00007e156416d790 JavaThread "C2 CompilerThread7"         daemon [_thread_blocked, id=49172, stack(0x00007e160c300000,0x00007e160c400000) (1024K)]
Total: 21

Other Threads:
  0x00007e1638123890 VMThread "VM Thread"                           [id=49148, stack(0x00007e160f7f9000,0x00007e160f8f9000) (1024K)]
  0x00007e1638111280 WatcherThread "VM Periodic Task Thread"        [id=49147, stack(0x00007e160f8fa000,0x00007e160f9fa000) (1024K)]
  0x00007e1638045430 WorkerThread "GC Thread#0"                     [id=49142, stack(0x00007e1637e44000,0x00007e1637f44000) (1024K)]
  0x00007e15a4008d40 WorkerThread "GC Thread#1"                     [id=49173, stack(0x00007e160c200000,0x00007e160c300000) (1024K)]
  0x00007e15a4009740 WorkerThread "GC Thread#2"                     [id=49174, stack(0x00007e160c0ff000,0x00007e160c1ff000) (1024K)]
  0x00007e15a400a160 WorkerThread "GC Thread#3"                     [id=49175, stack(0x00007e1602300000,0x00007e1602400000) (1024K)]
  0x00007e15a400ac80 WorkerThread "GC Thread#4"                     [id=49176, stack(0x00007e1601100000,0x00007e1601200000) (1024K)]
  0x00007e15a400b7a0 WorkerThread "GC Thread#5"                     [id=49177, stack(0x00007e1600700000,0x00007e1600800000) (1024K)]
  0x00007e15a400c2f0 WorkerThread "GC Thread#6"                     [id=49178, stack(0x00007e16005ff000,0x00007e16006ff000) (1024K)]
  0x00007e15a400ce40 WorkerThread "GC Thread#7"                     [id=49179, stack(0x00007e16004fe000,0x00007e16005fe000) (1024K)]
  0x00007e15a400d990 WorkerThread "GC Thread#8"                     [id=49180, stack(0x00007e16003fd000,0x00007e16004fd000) (1024K)]
  0x00007e15a400e500 WorkerThread "GC Thread#9"                     [id=49181, stack(0x00007e16002fc000,0x00007e16003fc000) (1024K)]
  0x00007e15a400f070 WorkerThread "GC Thread#10"                    [id=49182, stack(0x00007e16001fb000,0x00007e16002fb000) (1024K)]
  0x00007e1638055f30 ConcurrentGCThread "G1 Main Marker"            [id=49143, stack(0x00007e161e700000,0x00007e161e800000) (1024K)]
  0x00007e1638056ee0 WorkerThread "G1 Conc#0"                       [id=49144, stack(0x00007e1616b00000,0x00007e1616c00000) (1024K)]
  0x00007e16380feaf0 ConcurrentGCThread "G1 Refine#0"               [id=49145, stack(0x00007e160fafc000,0x00007e160fbfc000) (1024K)]
  0x00007e16380ffab0 ConcurrentGCThread "G1 Service"                [id=49146, stack(0x00007e160f9fb000,0x00007e160fafb000) (1024K)]
Total: 17

Threads with active compile tasks:
Total: 0

VM state: not at safepoint (normal execution)

VM Mutex/Monitor currently owned by a thread: None

Heap address: 0x0000000616800000, size: 7832 MB, Compressed Oops mode: Zero based, Oop shift amount: 3

CDS archive(s) mapped at: [0x00007e15b7000000-0x00007e15b7c97000-0x00007e15b7c97000), size 13201408, SharedBaseAddress: 0x00007e15b7000000, ArchiveRelocationMode: 1.
Compressed class space mapped at: 0x00007e15b8000000-0x00007e15f8000000, reserved size: 1073741824
Narrow klass base: 0x00007e15b7000000, Narrow klass shift: 0, Narrow klass range: 0x100000000

GC Precious Log:
 CardTable entry size: 512
 Card Set container configuration: InlinePtr #cards 4 size 8 Array Of Cards #cards 32 size 80 Howl #buckets 8 coarsen threshold 7372 Howl Bitmap #cards 1024 size 144 coarsen threshold 921 Card regions per heap region 1 cards per card region 8192
 CPUs: 16 total, 16 available
 Memory: 31322M
 Large Page Support: Disabled
 NUMA Support: Disabled
 Compressed Oops: Enabled (Zero based)
 Heap Region Size: 4M
 Heap Min Capacity: 8M
 Heap Initial Capacity: 492M
 Heap Max Capacity: 7832M
 Pre-touch: Disabled
 Parallel Workers: 13
 Concurrent Workers: 3
 Concurrent Refinement Workers: 13
 Periodic GC: Disabled

Heap:
 garbage-first heap   total 507904K, used 5000K [0x0000000616800000, 0x0000000800000000)
  region size 4096K, 2 young (8192K), 1 survivors (4096K)
 Metaspace       used 1248K, committed 1344K, reserved 1114112K
  class space    used 87K, committed 128K, reserved 1048576K

Heap Regions: E=young(eden), S=young(survivor), O=old, HS=humongous(starts), HC=humongous(continues), CS=collection set, F=free, TAMS=top-at-mark-start, PB=parsable bottom
|   0|0x0000000616800000, 0x0000000616800000, 0x0000000616c00000|  0%| F|  |TAMS 0x0000000616800000| PB 0x0000000616800000| Untracked 
|   1|0x0000000616c00000, 0x0000000616c00000, 0x0000000617000000|  0%| F|  |TAMS 0x0000000616c00000| PB 0x0000000616c00000| Untracked 
|   2|0x0000000617000000, 0x0000000617000000, 0x0000000617400000|  0%| F|  |TAMS 0x0000000617000000| PB 0x0000000617000000| Untracked 
|   3|0x0000000617400000, 0x0000000617400000, 0x0000000617800000|  0%| F|  |TAMS 0x0000000617400000| PB 0x0000000617400000| Untracked 
|   4|0x0000000617800000, 0x0000000617800000, 0x0000000617c00000|  0%| F|  |TAMS 0x0000000617800000| PB 0x0000000617800000| Untracked 
|   5|0x0000000617c00000, 0x0000000617c00000, 0x0000000618000000|  0%| F|  |TAMS 0x0000000617c00000| PB 0x0000000617c00000| Untracked 
|   6|0x0000000618000000, 0x0000000618000000, 0x0000000618400000|  0%| F|  |TAMS 0x0000000618000000| PB 0x0000000618000000| Untracked 
|   7|0x0000000618400000, 0x0000000618400000, 0x0000000618800000|  0%| F|  |TAMS 0x0000000618400000| PB 0x0000000618400000| Untracked 
|   8|0x0000000618800000, 0x0000000618800000, 0x0000000618c00000|  0%| F|  |TAMS 0x0000000618800000| PB 0x0000000618800000| Untracked 
|   9|0x0000000618c00000, 0x0000000618c00000, 0x0000000619000000|  0%| F|  |TAMS 0x0000000618c00000| PB 0x0000000618c00000| Untracked 
|  10|0x0000000619000000, 0x0000000619000000, 0x0000000619400000|  0%| F|  |TAMS 0x0000000619000000| PB 0x0000000619000000| Untracked 
|  11|0x0000000619400000, 0x0000000619400000, 0x0000000619800000|  0%| F|  |TAMS 0x0000000619400000| PB 0x0000000619400000| Untracked 
|  12|0x0000000619800000, 0x0000000619800000, 0x0000000619c00000|  0%| F|  |TAMS 0x0000000619800000| PB 0x0000000619800000| Untracked 
|  13|0x0000000619c00000, 0x0000000619c00000, 0x000000061a000000|  0%| F|  |TAMS 0x0000000619c00000| PB 0x0000000619c00000| Untracked 
|  14|0x000000061a000000, 0x000000061a000000, 0x000000061a400000|  0%| F|  |TAMS 0x000000061a000000| PB 0x000000061a000000| Untracked 
|  15|0x000000061a400000, 0x000000061a400000, 0x000000061a800000|  0%| F|  |TAMS 0x000000061a400000| PB 0x000000061a400000| Untracked 
|  16|0x000000061a800000, 0x000000061a800000, 0x000000061ac00000|  0%| F|  |TAMS 0x000000061a800000| PB 0x000000061a800000| Untracked 
|  17|0x000000061ac00000, 0x000000061ac00000, 0x000000061b000000|  0%| F|  |TAMS 0x000000061ac00000| PB 0x000000061ac00000| Untracked 
|  18|0x000000061b000000, 0x000000061b000000, 0x000000061b400000|  0%| F|  |TAMS 0x000000061b000000| PB 0x000000061b000000| Untracked 
|  19|0x000000061b400000, 0x000000061b400000, 0x000000061b800000|  0%| F|  |TAMS 0x000000061b400000| PB 0x000000061b400000| Untracked 
|  20|0x000000061b800000, 0x000000061b800000, 0x000000061bc00000|  0%| F|  |TAMS 0x000000061b800000| PB 0x000000061b800000| Untracked 
|  21|0x000000061bc00000, 0x000000061bc00000, 0x000000061c000000|  0%| F|  |TAMS 0x000000061bc00000| PB 0x000000061bc00000| Untracked 
|  22|0x000000061c000000, 0x000000061c000000, 0x000000061c400000|  0%| F|  |TAMS 0x000000061c000000| PB 0x000000061c000000| Untracked 
|  23|0x000000061c400000, 0x000000061c400000, 0x000000061c800000|  0%| F|  |TAMS 0x000000061c400000| PB 0x000000061c400000| Untracked 
|  24|0x000000061c800000, 0x000000061c800000, 0x000000061cc00000|  0%| F|  |TAMS 0x000000061c800000| PB 0x000000061c800000| Untracked 
|  25|0x000000061cc00000, 0x000000061cc00000, 0x000000061d000000|  0%| F|  |TAMS 0x000000061cc00000| PB 0x000000061cc00000| Untracked 
|  26|0x000000061d000000, 0x000000061d000000, 0x000000061d400000|  0%| F|  |TAMS 0x000000061d000000| PB 0x000000061d000000| Untracked 
|  27|0x000000061d400000, 0x000000061d400000, 0x000000061d800000|  0%| F|  |TAMS 0x000000061d400000| PB 0x000000061d400000| Untracked 
|  28|0x000000061d800000, 0x000000061d800000, 0x000000061dc00000|  0%| F|  |TAMS 0x000000061d800000| PB 0x000000061d800000| Untracked 
|  29|0x000000061dc00000, 0x000000061dc00000, 0x000000061e000000|  0%| F|  |TAMS 0x000000061dc00000| PB 0x000000061dc00000| Untracked 
|  30|0x000000061e000000, 0x000000061e000000, 0x000000061e400000|  0%| F|  |TAMS 0x000000061e000000| PB 0x000000061e000000| Untracked 
|  31|0x000000061e400000, 0x000000061e400000, 0x000000061e800000|  0%| F|  |TAMS 0x000000061e400000| PB 0x000000061e400000| Untracked 
|  32|0x000000061e800000, 0x000000061e800000, 0x000000061ec00000|  0%| F|  |TAMS 0x000000061e800000| PB 0x000000061e800000| Untracked 
|  33|0x000000061ec00000, 0x000000061ec00000, 0x000000061f000000|  0%| F|  |TAMS 0x000000061ec00000| PB 0x000000061ec00000| Untracked 
|  34|0x000000061f000000, 0x000000061f000000, 0x000000061f400000|  0%| F|  |TAMS 0x000000061f000000| PB 0x000000061f000000| Untracked 
|  35|0x000000061f400000, 0x000000061f400000, 0x000000061f800000|  0%| F|  |TAMS 0x000000061f400000| PB 0x000000061f400000| Untracked 
|  36|0x000000061f800000, 0x000000061f800000, 0x000000061fc00000|  0%| F|  |TAMS 0x000000061f800000| PB 0x000000061f800000| Untracked 
|  37|0x000000061fc00000, 0x000000061fc00000, 0x0000000620000000|  0%| F|  |TAMS 0x000000061fc00000| PB 0x000000061fc00000| Untracked 
|  38|0x0000000620000000, 0x0000000620000000, 0x0000000620400000|  0%| F|  |TAMS 0x0000000620000000| PB 0x0000000620000000| Untracked 
|  39|0x0000000620400000, 0x0000000620400000, 0x0000000620800000|  0%| F|  |TAMS 0x0000000620400000| PB 0x0000000620400000| Untracked 
|  40|0x0000000620800000, 0x0000000620800000, 0x0000000620c00000|  0%| F|  |TAMS 0x0000000620800000| PB 0x0000000620800000| Untracked 
|  41|0x0000000620c00000, 0x0000000620c00000, 0x0000000621000000|  0%| F|  |TAMS 0x0000000620c00000| PB 0x0000000620c00000| Untracked 
|  42|0x0000000621000000, 0x0000000621000000, 0x0000000621400000|  0%| F|  |TAMS 0x0000000621000000| PB 0x0000000621000000| Untracked 
|  43|0x0000000621400000, 0x0000000621400000, 0x0000000621800000|  0%| F|  |TAMS 0x0000000621400000| PB 0x0000000621400000| Untracked 
|  44|0x0000000621800000, 0x0000000621800000, 0x0000000621c00000|  0%| F|  |TAMS 0x0000000621800000| PB 0x0000000621800000| Untracked 
|  45|0x0000000621c00000, 0x0000000621c00000, 0x0000000622000000|  0%| F|  |TAMS 0x0000000621c00000| PB 0x0000000621c00000| Untracked 
|  46|0x0000000622000000, 0x0000000622000000, 0x0000000622400000|  0%| F|  |TAMS 0x0000000622000000| PB 0x0000000622000000| Untracked 
|  47|0x0000000622400000, 0x0000000622400000, 0x0000000622800000|  0%| F|  |TAMS 0x0000000622400000| PB 0x0000000622400000| Untracked 
|  48|0x0000000622800000, 0x0000000622800000, 0x0000000622c00000|  0%| F|  |TAMS 0x0000000622800000| PB 0x0000000622800000| Untracked 
|  49|0x0000000622c00000, 0x0000000622c00000, 0x0000000623000000|  0%| F|  |TAMS 0x0000000622c00000| PB 0x0000000622c00000| Untracked 
|  50|0x0000000623000000, 0x0000000623000000, 0x0000000623400000|  0%| F|  |TAMS 0x0000000623000000| PB 0x0000000623000000| Untracked 
|  51|0x0000000623400000, 0x0000000623400000, 0x0000000623800000|  0%| F|  |TAMS 0x0000000623400000| PB 0x0000000623400000| Untracked 
|  52|0x0000000623800000, 0x0000000623800000, 0x0000000623c00000|  0%| F|  |TAMS 0x0000000623800000| PB 0x0000000623800000| Untracked 
|  53|0x0000000623c00000, 0x0000000623c00000, 0x0000000624000000|  0%| F|  |TAMS 0x0000000623c00000| PB 0x0000000623c00000| Untracked 
|  54|0x0000000624000000, 0x0000000624000000, 0x0000000624400000|  0%| F|  |TAMS 0x0000000624000000| PB 0x0000000624000000| Untracked 
|  55|0x0000000624400000, 0x0000000624400000, 0x0000000624800000|  0%| F|  |TAMS 0x0000000624400000| PB 0x0000000624400000| Untracked 
|  56|0x0000000624800000, 0x0000000624800000, 0x0000000624c00000|  0%| F|  |TAMS 0x0000000624800000| PB 0x0000000624800000| Untracked 
|  57|0x0000000624c00000, 0x0000000624c00000, 0x0000000625000000|  0%| F|  |TAMS 0x0000000624c00000| PB 0x0000000624c00000| Untracked 
|  58|0x0000000625000000, 0x0000000625000000, 0x0000000625400000|  0%| F|  |TAMS 0x0000000625000000| PB 0x0000000625000000| Untracked 
|  59|0x0000000625400000, 0x0000000625400000, 0x0000000625800000|  0%| F|  |TAMS 0x0000000625400000| PB 0x0000000625400000| Untracked 
|  60|0x0000000625800000, 0x0000000625800000, 0x0000000625c00000|  0%| F|  |TAMS 0x0000000625800000| PB 0x0000000625800000| Untracked 
|  61|0x0000000625c00000, 0x0000000625c00000, 0x0000000626000000|  0%| F|  |TAMS 0x0000000625c00000| PB 0x0000000625c00000| Untracked 
|  62|0x0000000626000000, 0x0000000626000000, 0x0000000626400000|  0%| F|  |TAMS 0x0000000626000000| PB 0x0000000626000000| Untracked 
|  63|0x0000000626400000, 0x0000000626400000, 0x0000000626800000|  0%| F|  |TAMS 0x0000000626400000| PB 0x0000000626400000| Untracked 
|  64|0x0000000626800000, 0x0000000626800000, 0x0000000626c00000|  0%| F|  |TAMS 0x0000000626800000| PB 0x0000000626800000| Untracked 
|  65|0x0000000626c00000, 0x0000000626c00000, 0x0000000627000000|  0%| F|  |TAMS 0x0000000626c00000| PB 0x0000000626c00000| Untracked 
|  66|0x0000000627000000, 0x0000000627000000, 0x0000000627400000|  0%| F|  |TAMS 0x0000000627000000| PB 0x0000000627000000| Untracked 
|  67|0x0000000627400000, 0x0000000627400000, 0x0000000627800000|  0%| F|  |TAMS 0x0000000627400000| PB 0x0000000627400000| Untracked 
|  68|0x0000000627800000, 0x0000000627800000, 0x0000000627c00000|  0%| F|  |TAMS 0x0000000627800000| PB 0x0000000627800000| Untracked 
|  69|0x0000000627c00000, 0x0000000627c00000, 0x0000000628000000|  0%| F|  |TAMS 0x0000000627c00000| PB 0x0000000627c00000| Untracked 
|  70|0x0000000628000000, 0x0000000628000000, 0x0000000628400000|  0%| F|  |TAMS 0x0000000628000000| PB 0x0000000628000000| Untracked 
|  71|0x0000000628400000, 0x0000000628400000, 0x0000000628800000|  0%| F|  |TAMS 0x0000000628400000| PB 0x0000000628400000| Untracked 
|  72|0x0000000628800000, 0x0000000628800000, 0x0000000628c00000|  0%| F|  |TAMS 0x0000000628800000| PB 0x0000000628800000| Untracked 
|  73|0x0000000628c00000, 0x0000000628c00000, 0x0000000629000000|  0%| F|  |TAMS 0x0000000628c00000| PB 0x0000000628c00000| Untracked 
|  74|0x0000000629000000, 0x0000000629000000, 0x0000000629400000|  0%| F|  |TAMS 0x0000000629000000| PB 0x0000000629000000| Untracked 
|  75|0x0000000629400000, 0x0000000629400000, 0x0000000629800000|  0%| F|  |TAMS 0x0000000629400000| PB 0x0000000629400000| Untracked 
|  76|0x0000000629800000, 0x0000000629800000, 0x0000000629c00000|  0%| F|  |TAMS 0x0000000629800000| PB 0x0000000629800000| Untracked 
|  77|0x0000000629c00000, 0x0000000629c00000, 0x000000062a000000|  0%| F|  |TAMS 0x0000000629c00000| PB 0x0000000629c00000| Untracked 
|  78|0x000000062a000000, 0x000000062a000000, 0x000000062a400000|  0%| F|  |TAMS 0x000000062a000000| PB 0x000000062a000000| Untracked 
|  79|0x000000062a400000, 0x000000062a400000, 0x000000062a800000|  0%| F|  |TAMS 0x000000062a400000| PB 0x000000062a400000| Untracked 
|  80|0x000000062a800000, 0x000000062a800000, 0x000000062ac00000|  0%| F|  |TAMS 0x000000062a800000| PB 0x000000062a800000| Untracked 
|  81|0x000000062ac00000, 0x000000062ac00000, 0x000000062b000000|  0%| F|  |TAMS 0x000000062ac00000| PB 0x000000062ac00000| Untracked 
|  82|0x000000062b000000, 0x000000062b000000, 0x000000062b400000|  0%| F|  |TAMS 0x000000062b000000| PB 0x000000062b000000| Untracked 
|  83|0x000000062b400000, 0x000000062b400000, 0x000000062b800000|  0%| F|  |TAMS 0x000000062b400000| PB 0x000000062b400000| Untracked 
|  84|0x000000062b800000, 0x000000062b800000, 0x000000062bc00000|  0%| F|  |TAMS 0x000000062b800000| PB 0x000000062b800000| Untracked 
|  85|0x000000062bc00000, 0x000000062bc00000, 0x000000062c000000|  0%| F|  |TAMS 0x000000062bc00000| PB 0x000000062bc00000| Untracked 
|  86|0x000000062c000000, 0x000000062c000000, 0x000000062c400000|  0%| F|  |TAMS 0x000000062c000000| PB 0x000000062c000000| Untracked 
|  87|0x000000062c400000, 0x000000062c400000, 0x000000062c800000|  0%| F|  |TAMS 0x000000062c400000| PB 0x000000062c400000| Untracked 
|  88|0x000000062c800000, 0x000000062c800000, 0x000000062cc00000|  0%| F|  |TAMS 0x000000062c800000| PB 0x000000062c800000| Untracked 
|  89|0x000000062cc00000, 0x000000062cc00000, 0x000000062d000000|  0%| F|  |TAMS 0x000000062cc00000| PB 0x000000062cc00000| Untracked 
|  90|0x000000062d000000, 0x000000062d000000, 0x000000062d400000|  0%| F|  |TAMS 0x000000062d000000| PB 0x000000062d000000| Untracked 
|  91|0x000000062d400000, 0x000000062d400000, 0x000000062d800000|  0%| F|  |TAMS 0x000000062d400000| PB 0x000000062d400000| Untracked 
|  92|0x000000062d800000, 0x000000062d800000, 0x000000062dc00000|  0%| F|  |TAMS 0x000000062d800000| PB 0x000000062d800000| Untracked 
|  93|0x000000062dc00000, 0x000000062dc00000, 0x000000062e000000|  0%| F|  |TAMS 0x000000062dc00000| PB 0x000000062dc00000| Untracked 
|  94|0x000000062e000000, 0x000000062e000000, 0x000000062e400000|  0%| F|  |TAMS 0x000000062e000000| PB 0x000000062e000000| Untracked 
|  95|0x000000062e400000, 0x000000062e400000, 0x000000062e800000|  0%| F|  |TAMS 0x000000062e400000| PB 0x000000062e400000| Untracked 
|  96|0x000000062e800000, 0x000000062e800000, 0x000000062ec00000|  0%| F|  |TAMS 0x000000062e800000| PB 0x000000062e800000| Untracked 
|  97|0x000000062ec00000, 0x000000062ec00000, 0x000000062f000000|  0%| F|  |TAMS 0x000000062ec00000| PB 0x000000062ec00000| Untracked 
|  98|0x000000062f000000, 0x000000062f000000, 0x000000062f400000|  0%| F|  |TAMS 0x000000062f000000| PB 0x000000062f000000| Untracked 
|  99|0x000000062f400000, 0x000000062f400000, 0x000000062f800000|  0%| F|  |TAMS 0x000000062f400000| PB 0x000000062f400000| Untracked 
| 100|0x000000062f800000, 0x000000062f800000, 0x000000062fc00000|  0%| F|  |TAMS 0x000000062f800000| PB 0x000000062f800000| Untracked 
| 101|0x000000062fc00000, 0x000000062fc00000, 0x0000000630000000|  0%| F|  |TAMS 0x000000062fc00000| PB 0x000000062fc00000| Untracked 
| 102|0x0000000630000000, 0x0000000630000000, 0x0000000630400000|  0%| F|  |TAMS 0x0000000630000000| PB 0x0000000630000000| Untracked 
| 103|0x0000000630400000, 0x0000000630400000, 0x0000000630800000|  0%| F|  |TAMS 0x0000000630400000| PB 0x0000000630400000| Untracked 
| 104|0x0000000630800000, 0x0000000630800000, 0x0000000630c00000|  0%| F|  |TAMS 0x0000000630800000| PB 0x0000000630800000| Untracked 
| 105|0x0000000630c00000, 0x0000000630c00000, 0x0000000631000000|  0%| F|  |TAMS 0x0000000630c00000| PB 0x0000000630c00000| Untracked 
| 106|0x0000000631000000, 0x0000000631000000, 0x0000000631400000|  0%| F|  |TAMS 0x0000000631000000| PB 0x0000000631000000| Untracked 
| 107|0x0000000631400000, 0x0000000631400000, 0x0000000631800000|  0%| F|  |TAMS 0x0000000631400000| PB 0x0000000631400000| Untracked 
| 108|0x0000000631800000, 0x0000000631800000, 0x0000000631c00000|  0%| F|  |TAMS 0x0000000631800000| PB 0x0000000631800000| Untracked 
| 109|0x0000000631c00000, 0x0000000631c00000, 0x0000000632000000|  0%| F|  |TAMS 0x0000000631c00000| PB 0x0000000631c00000| Untracked 
| 110|0x0000000632000000, 0x0000000632000000, 0x0000000632400000|  0%| F|  |TAMS 0x0000000632000000| PB 0x0000000632000000| Untracked 
| 111|0x0000000632400000, 0x0000000632400000, 0x0000000632800000|  0%| F|  |TAMS 0x0000000632400000| PB 0x0000000632400000| Untracked 
| 112|0x0000000632800000, 0x0000000632800000, 0x0000000632c00000|  0%| F|  |TAMS 0x0000000632800000| PB 0x0000000632800000| Untracked 
| 113|0x0000000632c00000, 0x0000000632c00000, 0x0000000633000000|  0%| F|  |TAMS 0x0000000632c00000| PB 0x0000000632c00000| Untracked 
| 114|0x0000000633000000, 0x0000000633000000, 0x0000000633400000|  0%| F|  |TAMS 0x0000000633000000| PB 0x0000000633000000| Untracked 
| 115|0x0000000633400000, 0x0000000633400000, 0x0000000633800000|  0%| F|  |TAMS 0x0000000633400000| PB 0x0000000633400000| Untracked 
| 116|0x0000000633800000, 0x0000000633bd59d8, 0x0000000633c00000| 95%| S|CS|TAMS 0x0000000633800000| PB 0x0000000633800000| Complete 
| 117|0x0000000633c00000, 0x0000000633c00000, 0x0000000634000000|  0%| F|  |TAMS 0x0000000633c00000| PB 0x0000000633c00000| Untracked 
| 118|0x0000000634000000, 0x0000000634000000, 0x0000000634400000|  0%| F|  |TAMS 0x0000000634000000| PB 0x0000000634000000| Untracked 
| 119|0x0000000634400000, 0x0000000634400000, 0x0000000634800000|  0%| F|  |TAMS 0x0000000634400000| PB 0x0000000634400000| Untracked 
| 120|0x0000000634800000, 0x0000000634800000, 0x0000000634c00000|  0%| F|  |TAMS 0x0000000634800000| PB 0x0000000634800000| Untracked 
| 121|0x0000000634c00000, 0x0000000634c00000, 0x0000000635000000|  0%| F|  |TAMS 0x0000000634c00000| PB 0x0000000634c00000| Untracked 
| 122|0x0000000635000000, 0x0000000635114818, 0x0000000635400000| 27%| E|  |TAMS 0x0000000635000000| PB 0x0000000635000000| Complete 
|1957|0x00000007ffc00000, 0x00000007ffd0c710, 0x0000000800000000| 26%| O|  |TAMS 0x00000007ffc00000| PB 0x00000007ffc00000| Untracked 

Card table byte_map: [0x00007e161e800000,0x00007e161f74c000] _byte_map_base: 0x00007e161b74c000

Marking Bits: (CMBitMap*) 0x00007e1638045f60
 Bits: [0x00007e1616c00000, 0x00007e161e660000)

Polling page: 0x00007e163ed2b000

Metaspace:

Usage:
  Non-class:      1.13 MB used.
      Class:     87.04 KB used.
       Both:      1.22 MB used.

Virtual space:
  Non-class space:       64.00 MB reserved,       1.19 MB (  2%) committed,  1 nodes.
      Class space:        1.00 GB reserved,     128.00 KB ( <1%) committed,  1 nodes.
             Both:        1.06 GB reserved,       1.31 MB ( <1%) committed. 

Chunk freelists:
   Non-Class:  11.72 MB
       Class:  15.70 MB
        Both:  27.42 MB

MaxMetaspaceSize: unlimited
CompressedClassSpaceSize: 1.00 GB
Initial GC threshold: 21.00 MB
Current GC threshold: 21.00 MB
CDS: on
 - commit_granule_bytes: 65536.
 - commit_granule_words: 8192.
 - virtual_space_node_default_size: 8388608.
 - enlarge_chunks_in_place: 1.
 - use_allocation_guard: 0.


Internal statistics:

num_allocs_failed_limit: 0.
num_arena_births: 24.
num_arena_deaths: 0.
num_vsnodes_births: 2.
num_vsnodes_deaths: 0.
num_space_committed: 21.
num_space_uncommitted: 0.
num_chunks_returned_to_freelist: 0.
num_chunks_taken_from_freelist: 47.
num_chunk_merges: 0.
num_chunk_splits: 30.
num_chunks_enlarged: 21.
num_inconsistent_stats: 0.

CodeHeap 'non-profiled nmethods': size=119168Kb used=459Kb max_used=459Kb free=118708Kb
 bounds [0x00007e16283a0000, 0x00007e1628610000, 0x00007e162f800000]
CodeHeap 'profiled nmethods': size=119164Kb used=966Kb max_used=966Kb free=118198Kb
 bounds [0x00007e1620800000, 0x00007e1620a70000, 0x00007e1627c5f000]
CodeHeap 'non-nmethods': size=7428Kb used=3006Kb max_used=3047Kb free=4421Kb
 bounds [0x00007e1627c5f000, 0x00007e1627f6f000, 0x00007e16283a0000]
 total_blobs=1215 nmethods=771 adapters=347
 compilation: enabled
              stopped_count=0, restarted_count=0
 full_count=0

Compilation events (20 events):
Event: 0.357 Thread 0x00007e156416c590 nmethod 716 0x00007e16283ed090 code [0x00007e16283ed240, 0x00007e16283ed6c8]
Event: 0.358 Thread 0x00007e156416b5c0 nmethod 705 0x00007e16283ed990 code [0x00007e16283edca0, 0x00007e16283ef2b0]
Event: 0.360 Thread 0x00007e156416d790 nmethod 700 0x00007e16283f0190 code [0x00007e16283f04e0, 0x00007e16283f1fb0]
Event: 0.372 Thread 0x00007e156405e4b0 nmethod 691 0x00007e16283f3190 code [0x00007e16283f36e0, 0x00007e16283f70b0]
Event: 0.379 Thread 0x00007e157c091fd0 nmethod 712 0x00007e16283f9610 code [0x00007e16283f98a0, 0x00007e16283fa838]
Event: 0.385 Thread 0x00007e1638134140 nmethod 690 0x00007e16283fbc10 code [0x00007e16283fc160, 0x00007e16283ffa68]
Event: 0.392 Thread 0x00007e156413ada0 nmethod 695 0x00007e1628402090 code [0x00007e16284025a0, 0x00007e1628405d40]
Event: 0.414 Thread 0x00007e157c066c90  721       3       java.util.concurrent.locks.AbstractQueuedSynchronizer::signalNext (34 bytes)
Event: 0.414 Thread 0x00007e156416c590  722       4       java.util.concurrent.locks.ReentrantLock::lock (8 bytes)
Event: 0.414 Thread 0x00007e1638134140  723       4       java.util.concurrent.locks.ReentrantLock::unlock (10 bytes)
Event: 0.414 Thread 0x00007e157c0ebbf0  724       3       java.util.concurrent.locks.ReentrantLock$Sync::isHeldExclusively (16 bytes)
Event: 0.415 Thread 0x00007e1638135800  726       3       java.lang.invoke.MethodHandles$Lookup::lookupClassOrNull (17 bytes)
Event: 0.415 Thread 0x00007e157c0ebbf0 nmethod 724 0x00007e16208e0610 code [0x00007e16208e07a0, 0x00007e16208e0930]
Event: 0.415 Thread 0x00007e157c066c90 nmethod 721 0x00007e16208e0990 code [0x00007e16208e0b80, 0x00007e16208e1008]
Event: 0.415 Thread 0x00007e1638135800 nmethod 726 0x00007e16208e1190 code [0x00007e16208e1340, 0x00007e16208e14c0]
Event: 0.415 Thread 0x00007e157c0ebbf0  725       3       java.lang.ref.Reference::enqueueFromPending (19 bytes)
Event: 0.415 Thread 0x00007e157c066c90  727   !   3       java.lang.ref.ReferenceQueue::enqueue (32 bytes)
Event: 0.415 Thread 0x00007e1638135800  729       3       java.lang.ref.ReferenceQueue::enqueue0 (98 bytes)
Event: 0.415 Thread 0x00007e157c0ebbf0 nmethod 725 0x00007e16208e1590 code [0x00007e16208e1740, 0x00007e16208e1958]
Event: 0.415 Thread 0x00007e157c0ebbf0  730       3       java.lang.ref.ReferenceQueue::signal (10 bytes)

GC Heap History (2 events):
Event: 0.409 GC heap before
{Heap before GC invocations=0 (full 0):
 garbage-first heap   total 507904K, used 25649K [0x0000000616800000, 0x0000000800000000)
  region size 4096K, 6 young (24576K), 0 survivors (0K)
 Metaspace       used 1214K, committed 1344K, reserved 1114112K
  class space    used 87K, committed 128K, reserved 1048576K
}
Event: 0.414 GC heap after
{Heap after GC invocations=1 (full 0):
 garbage-first heap   total 507904K, used 5000K [0x0000000616800000, 0x0000000800000000)
  region size 4096K, 1 young (4096K), 1 survivors (4096K)
 Metaspace       used 1214K, committed 1344K, reserved 1114112K
  class space    used 87K, committed 128K, reserved 1048576K
}

Dll operation events (6 events):
Event: 0.002 Loaded shared library /usr/lib/jvm/java-21-openjdk-amd64/lib/libjava.so
Event: 0.023 Loaded shared library /usr/lib/jvm/java-21-openjdk-amd64/lib/libjsvml.so
Event: 0.024 Loaded shared library /usr/lib/jvm/java-21-openjdk-amd64/lib/libnio.so
Event: 0.059 Loaded shared library /usr/lib/jvm/java-21-openjdk-amd64/lib/libzip.so
Event: 0.082 Loaded shared library /usr/lib/jvm/java-21-openjdk-amd64/lib/libjimage.so
Event: 0.085 Loaded shared library /tmp/libJCudaRuntime-12.0.0-linux-x86_64.so

Deoptimization events (20 events):
Event: 0.063 Thread 0x00007e163801a0c0 DEOPT PACKING pc=0x00007e16208363cd sp=0x00007e163cffcff0
Event: 0.063 Thread 0x00007e163801a0c0 DEOPT UNPACKING pc=0x00007e1627cb372f sp=0x00007e163cffc480 mode 0
Event: 0.063 Thread 0x00007e163801a0c0 DEOPT PACKING pc=0x00007e16208363cd sp=0x00007e163cffcff0
Event: 0.063 Thread 0x00007e163801a0c0 DEOPT UNPACKING pc=0x00007e1627cb372f sp=0x00007e163cffc480 mode 0
Event: 0.063 Thread 0x00007e163801a0c0 DEOPT PACKING pc=0x00007e16208363cd sp=0x00007e163cffcff0
Event: 0.063 Thread 0x00007e163801a0c0 DEOPT UNPACKING pc=0x00007e1627cb372f sp=0x00007e163cffc480 mode 0
Event: 0.063 Thread 0x00007e163801a0c0 DEOPT PACKING pc=0x00007e16208363cd sp=0x00007e163cffcff0
Event: 0.063 Thread 0x00007e163801a0c0 DEOPT UNPACKING pc=0x00007e1627cb372f sp=0x00007e163cffc480 mode 0
Event: 0.063 Thread 0x00007e163801a0c0 DEOPT PACKING pc=0x00007e16208363cd sp=0x00007e163cffcff0
Event: 0.063 Thread 0x00007e163801a0c0 DEOPT UNPACKING pc=0x00007e1627cb372f sp=0x00007e163cffc480 mode 0
Event: 0.063 Thread 0x00007e163801a0c0 DEOPT PACKING pc=0x00007e16208363cd sp=0x00007e163cffcff0
Event: 0.063 Thread 0x00007e163801a0c0 DEOPT UNPACKING pc=0x00007e1627cb372f sp=0x00007e163cffc480 mode 0
Event: 0.414 Thread 0x00007e163812cc90 Uncommon trap: trap_request=0xffffff45 fr.pc=0x00007e16283c7e40 relative=0x0000000000000040
Event: 0.414 Thread 0x00007e163812cc90 Uncommon trap: reason=unstable_if action=reinterpret pc=0x00007e16283c7e40 method=java.util.concurrent.locks.AbstractQueuedSynchronizer.signalNext(Ljava/util/concurrent/locks/AbstractQueuedSynchronizer$Node;)V @ 1 c2
Event: 0.414 Thread 0x00007e163812cc90 DEOPT PACKING pc=0x00007e16283c7e40 sp=0x00007e160e9fe7f0
Event: 0.414 Thread 0x00007e163812cc90 DEOPT UNPACKING pc=0x00007e1627cb2f99 sp=0x00007e160e9fe7a0 mode 2
Event: 0.415 Thread 0x00007e1638bfa8d0 Uncommon trap: trap_request=0xffffff45 fr.pc=0x00007e16283c7bac relative=0x000000000000018c
Event: 0.415 Thread 0x00007e1638bfa8d0 Uncommon trap: reason=unstable_if action=reinterpret pc=0x00007e16283c7bac method=java.util.concurrent.locks.ReentrantLock$NonfairSync.initialTryLock()Z @ 25 c2
Event: 0.415 Thread 0x00007e1638bfa8d0 DEOPT PACKING pc=0x00007e16283c7bac sp=0x00007e160cdfe7f0
Event: 0.415 Thread 0x00007e1638bfa8d0 DEOPT UNPACKING pc=0x00007e1627cb2f99 sp=0x00007e160cdfe790 mode 2

Classes loaded (20 events):
Event: 0.175 Loading class java/util/stream/MatchOps$2MatchSink
Event: 0.175 Loading class java/util/stream/Sink$OfInt
Event: 0.175 Loading class java/util/stream/Sink$OfInt done
Event: 0.175 Loading class java/util/stream/MatchOps$2MatchSink done
Event: 0.176 Loading class java/util/stream/MatchOps$1MatchSink
Event: 0.176 Loading class java/util/stream/MatchOps$1MatchSink done
Event: 0.177 Loading class java/util/concurrent/Executors
Event: 0.177 Loading class java/util/concurrent/Executors done
Event: 0.177 Loading class java/util/concurrent/Executors$DefaultThreadFactory
Event: 0.177 Loading class java/util/concurrent/Executors$DefaultThreadFactory done
Event: 0.178 Loading class java/util/concurrent/atomic/AtomicBoolean
Event: 0.178 Loading class java/util/concurrent/atomic/AtomicBoolean done
Event: 0.178 Loading class java/lang/invoke/VarHandleInts$FieldInstanceReadWrite
Event: 0.178 Loading class java/lang/invoke/VarHandleInts$FieldInstanceReadOnly
Event: 0.178 Loading class java/lang/invoke/VarHandleInts$FieldInstanceReadOnly done
Event: 0.178 Loading class java/lang/invoke/VarHandleInts$FieldInstanceReadWrite done
Event: 0.183 Loading class java/nio/HeapDoubleBuffer
Event: 0.183 Loading class java/nio/HeapDoubleBuffer done
Event: 0.242 Loading class java/lang/foreign/MemorySegment
Event: 0.243 Loading class java/lang/foreign/MemorySegment done

Classes unloaded (0 events):
No events

Classes redefined (0 events):
No events

Internal exceptions (8 events):
Event: 0.045 Thread 0x00007e163801a0c0 Exception <a 'sun/nio/fs/UnixException'{0x0000000635073bc0}> (0x0000000635073bc0) 
thrown [./src/hotspot/share/prims/jni.cpp, line 520]
Event: 0.045 Thread 0x00007e163801a0c0 Exception <a 'sun/nio/fs/UnixException'{0x0000000635074330}> (0x0000000635074330) 
thrown [./src/hotspot/share/prims/jni.cpp, line 520]
Event: 0.045 Thread 0x00007e163801a0c0 Exception <a 'sun/nio/fs/UnixException'{0x0000000635074b60}> (0x0000000635074b60) 
thrown [./src/hotspot/share/prims/jni.cpp, line 520]
Event: 0.045 Thread 0x00007e163801a0c0 Exception <a 'sun/nio/fs/UnixException'{0x0000000635075158}> (0x0000000635075158) 
thrown [./src/hotspot/share/prims/jni.cpp, line 520]
Event: 0.045 Thread 0x00007e163801a0c0 Exception <a 'sun/nio/fs/UnixException'{0x0000000635075728}> (0x0000000635075728) 
thrown [./src/hotspot/share/prims/jni.cpp, line 520]
Event: 0.045 Thread 0x00007e163801a0c0 Exception <a 'sun/nio/fs/UnixException'{0x0000000635075d08}> (0x0000000635075d08) 
thrown [./src/hotspot/share/prims/jni.cpp, line 520]
Event: 0.045 Thread 0x00007e163801a0c0 Exception <a 'sun/nio/fs/UnixException'{0x0000000635076558}> (0x0000000635076558) 
thrown [./src/hotspot/share/prims/jni.cpp, line 520]
Event: 0.176 Thread 0x00007e163801a0c0 Exception <a 'java/lang/NoSuchMethodError'{0x0000000634cbaa00}: 'void java.lang.invoke.DirectMethodHandle$Holder.invokeStatic(java.lang.Object, java.lang.Object)'> (0x0000000634cbaa00) 
thrown [./src/hotspot/share/interpreter/linkResolver.cpp, line 772]

ZGC Phase Switch (0 events):
No events

VM Operations (4 events):
Event: 0.047 Executing VM operation: HandshakeAllThreads (Deoptimize)
Event: 0.047 Executing VM operation: HandshakeAllThreads (Deoptimize) done
Event: 0.409 Executing VM operation: G1CollectForAllocation (G1 Evacuation Pause)
Event: 0.414 Executing VM operation: G1CollectForAllocation (G1 Evacuation Pause) done

Memory protections (20 events):
Event: 0.021 Protecting memory [0x00007e160e800000,0x00007e160e804000] with protection modes 0
Event: 0.021 Protecting memory [0x00007e160e700000,0x00007e160e704000] with protection modes 0
Event: 0.022 Protecting memory [0x00007e160e600000,0x00007e160e604000] with protection modes 0
Event: 0.022 Protecting memory [0x00007e160e500000,0x00007e160e504000] with protection modes 0
Event: 0.022 Protecting memory [0x00007e160e400000,0x00007e160e404000] with protection modes 0
Event: 0.022 Protecting memory [0x00007e160e300000,0x00007e160e304000] with protection modes 0
Event: 0.036 Protecting memory [0x00007e160e200000,0x00007e160e204000] with protection modes 0
Event: 0.042 Protecting memory [0x00007e160e100000,0x00007e160e104000] with protection modes 0
Event: 0.055 Protecting memory [0x00007e160e000000,0x00007e160e004000] with protection modes 0
Event: 0.057 Protecting memory [0x00007e160df00000,0x00007e160df04000] with protection modes 0
Event: 0.064 Protecting memory [0x00007e160de00000,0x00007e160de04000] with protection modes 0
Event: 0.178 Protecting memory [0x00007e160cd00000,0x00007e160cd04000] with protection modes 0
Event: 0.195 Protecting memory [0x00007e160de00000,0x00007e160de04000] with protection modes 0
Event: 0.202 Protecting memory [0x00007e160c900000,0x00007e160c904000] with protection modes 0
Event: 0.222 Protecting memory [0x00007e160c800000,0x00007e160c804000] with protection modes 0
Event: 0.332 Protecting memory [0x00007e160c700000,0x00007e160c704000] with protection modes 0
Event: 0.332 Protecting memory [0x00007e160c600000,0x00007e160c604000] with protection modes 0
Event: 0.332 Protecting memory [0x00007e160c500000,0x00007e160c504000] with protection modes 0
Event: 0.332 Protecting memory [0x00007e160c400000,0x00007e160c404000] with protection modes 0
Event: 0.332 Protecting memory [0x00007e160c300000,0x00007e160c304000] with protection modes 0

Nmethod flushes (0 events):
No events

Events (20 events):
Event: 0.021 Thread 0x00007e163801a0c0 Thread added: 0x00007e163812f9a0
Event: 0.021 Thread 0x00007e163801a0c0 Thread added: 0x00007e1638130fe0
Event: 0.022 Thread 0x00007e163801a0c0 Thread added: 0x00007e1638132580
Event: 0.022 Thread 0x00007e163801a0c0 Thread added: 0x00007e1638134140
Event: 0.022 Thread 0x00007e163801a0c0 Thread added: 0x00007e1638135800
Event: 0.036 Thread 0x00007e163801a0c0 Thread added: 0x00007e1638149310
Event: 0.042 Thread 0x00007e1638135800 Thread added: 0x00007e157c066c90
Event: 0.055 Thread 0x00007e163801a0c0 Thread added: 0x00007e163817f760
Event: 0.057 Thread 0x00007e1638135800 Thread added: 0x00007e157c091fd0
Event: 0.064 Thread 0x00007e1638134140 Thread added: 0x00007e15800d03e0
Event: 0.178 Thread 0x00007e163801a0c0 Thread added: 0x00007e1638bfa8d0
Event: 0.183 Thread 0x00007e15800d03e0 Thread exited: 0x00007e15800d03e0
Event: 0.195 Thread 0x00007e157c066c90 Thread added: 0x00007e1570089420
Event: 0.202 Thread 0x00007e1638135800 Thread added: 0x00007e157c0ebbf0
Event: 0.222 Thread 0x00007e157c091fd0 Thread added: 0x00007e156405e4b0
Event: 0.332 Thread 0x00007e157c091fd0 Thread added: 0x00007e156413ada0
Event: 0.332 Thread 0x00007e157c091fd0 Thread added: 0x00007e1564070660
Event: 0.332 Thread 0x00007e157c091fd0 Thread added: 0x00007e156416b5c0
Event: 0.332 Thread 0x00007e157c091fd0 Thread added: 0x00007e156416c590
Event: 0.332 Thread 0x00007e157c091fd0 Thread added: 0x00007e156416d790


Dynamic libraries:
200000000-200200000 ---p 00000000 00:00 0 
200200000-200400000 rw-s 00000000 00:05 1108                             /dev/nvidia0
200400000-203400000 rw-s 00000000 00:05 1107                             /dev/nvidiactl
203400000-204400000 ---p 00000000 00:00 0 
204400000-204600000 rw-s 00000000 00:05 1107                             /dev/nvidiactl
204600000-204800000 rw-s 00000000 00:05 1107                             /dev/nvidiactl
204800000-204a00000 rw-s 00000000 00:05 1107                             /dev/nvidiactl
204a00000-204c00000 rw-s 204a00000 00:05 1109                            /dev/nvidia-uvm
204c00000-204e00000 rw-s 00000000 00:05 1107                             /dev/nvidiactl
204e00000-205000000 ---p 00000000 00:00 0 
205000000-205200000 rw-s 00000000 00:05 1107                             /dev/nvidiactl
205200000-300200000 ---p 00000000 00:00 0 
616800000-635400000 rw-p 00000000 00:00 0 
635400000-7ffc00000 ---p 00000000 00:00 0 
7ffc00000-7ffd0d000 rw-p 00cd6000 103:02 17173446                        /usr/lib/jvm/java-21-openjdk-amd64/lib/server/classes.jsa
7ffd0d000-800000000 rw-p 00000000 00:00 0 
10000000000-10004000000 ---p 00000000 00:00 0 
5a95b5627000-5a95b5628000 r--p 00000000 103:02 17173371                  /usr/lib/jvm/java-21-openjdk-amd64/bin/java
5a95b5628000-5a95b5629000 r-xp 00001000 103:02 17173371                  /usr/lib/jvm/java-21-openjdk-amd64/bin/java
5a95b5629000-5a95b562a000 r--p 00002000 103:02 17173371                  /usr/lib/jvm/java-21-openjdk-amd64/bin/java
5a95b562a000-5a95b562b000 r--p 00002000 103:02 17173371                  /usr/lib/jvm/java-21-openjdk-amd64/bin/java
5a95b562b000-5a95b562c000 rw-p 00003000 103:02 17173371                  /usr/lib/jvm/java-21-openjdk-amd64/bin/java
5a95b5cbb000-5a95b5d02000 rw-p 00000000 00:00 0                          [heap]
7e14b8000000-7e14b8021000 rw-p 00000000 00:00 0 
7e14b8021000-7e14bc000000 ---p 00000000 00:00 0 
7e14c0000000-7e14c0021000 rw-p 00000000 00:00 0 
7e14c0021000-7e14c4000000 ---p 00000000 00:00 0 
7e14c4000000-7e14c4021000 rw-p 00000000 00:00 0 
7e14c4021000-7e14c8000000 ---p 00000000 00:00 0 
7e14cc000000-7e14cc021000 rw-p 00000000 00:00 0 
7e14cc021000-7e14d0000000 ---p 00000000 00:00 0 
7e14d0000000-7e14d0021000 rw-p 00000000 00:00 0 
7e14d0021000-7e14d4000000 ---p 00000000 00:00 0 
7e14d8000000-7e14d8021000 rw-p 00000000 00:00 0 
7e14d8021000-7e14dc000000 ---p 00000000 00:00 0 
7e14dc000000-7e14dc021000 rw-p 00000000 00:00 0 
7e14dc021000-7e14e0000000 ---p 00000000 00:00 0 
7e14e4000000-7e14e4021000 rw-p 00000000 00:00 0 
7e14e4021000-7e14e8000000 ---p 00000000 00:00 0 
7e14e8000000-7e14e8021000 rw-p 00000000 00:00 0 
7e14e8021000-7e14ec000000 ---p 00000000 00:00 0 
7e14f0000000-7e14f0021000 rw-p 00000000 00:00 0 
7e14f0021000-7e14f4000000 ---p 00000000 00:00 0 
7e14f4000000-7e14f4298000 rw-p 00000000 00:00 0 
7e14f4298000-7e14f8000000 ---p 00000000 00:00 0 
7e14fc000000-7e14fc1cf000 rw-p 00000000 00:00 0 
7e14fc1cf000-7e1500000000 ---p 00000000 00:00 0 
7e1500000000-7e150024a000 rw-p 00000000 00:00 0 
7e150024a000-7e1504000000 ---p 00000000 00:00 0 
7e1508000000-7e15081fe000 rw-p 00000000 00:00 0 
7e15081fe000-7e150c000000 ---p 00000000 00:00 0 
7e150c000000-7e150c447000 rw-p 00000000 00:00 0 
7e150c447000-7e1510000000 ---p 00000000 00:00 0 
7e1514000000-7e151485e000 rw-p 00000000 00:00 0 
7e151485e000-7e1518000000 ---p 00000000 00:00 0 
7e1518000000-7e1518021000 rw-p 00000000 00:00 0 
7e1518021000-7e151c000000 ---p 00000000 00:00 0 
7e1520000000-7e1520021000 rw-p 00000000 00:00 0 
7e1520021000-7e1524000000 ---p 00000000 00:00 0 
7e1526000000-7e152e000000 ---p 00000000 00:00 0 
7e1530000000-7e1532000000 ---p 00000000 00:00 0 
7e1534000000-7e1534400000 ---p 00000000 00:00 0 
7e1534400000-7e1534600000 rw-s 00000000 00:05 1107                       /dev/nvidiactl
7e1534600000-7e1534800000 rw-s 00000000 00:01 10450                      /dev/zero (deleted)
7e1534800000-7e1534a00000 rw-s 00000000 00:01 10451                      /dev/zero (deleted)
7e1534a00000-7e1535000000 ---p 00000000 00:00 0 
7e1535000000-7e1535200000 rw-s 00000000 00:05 1107                       /dev/nvidiactl
7e1535200000-7e1535400000 ---p 00000000 00:00 0 
7e1535400000-7e1535600000 rw-s 00000000 00:01 10453                      /dev/zero (deleted)
7e1535600000-7e1535b33000 rw-s 00000000 00:05 1107                       /dev/nvidiactl
7e1535b33000-7e1536000000 ---p 00000000 00:00 0 
7e1538000000-7e1538021000 rw-p 00000000 00:00 0 
7e1538021000-7e153c000000 ---p 00000000 00:00 0 
7e1540000000-7e1550000000 ---p 00000000 00:00 0 
7e1552000000-7e1558000000 ---p 00000000 00:00 0 
7e1558000000-7e1558021000 rw-p 00000000 00:00 0 
7e1558021000-7e155c000000 ---p 00000000 00:00 0 
7e155c000000-7e155c021000 rw-p 00000000 00:00 0 
7e155c021000-7e1560000000 ---p 00000000 00:00 0 
7e1564000000-7e1564705000 rw-p 00000000 00:00 0 
7e1564705000-7e1568000000 ---p 00000000 00:00 0 
7e1568000000-7e1568021000 rw-p 00000000 00:00 0 
7e1568021000-7e156c000000 ---p 00000000 00:00 0 
7e1570000000-7e157008e000 rw-p 00000000 00:00 0 
7e157008e000-7e1574000000 ---p 00000000 00:00 0 
7e1574000000-7e1574021000 rw-p 00000000 00:00 0 
7e1574021000-7e1578000000 ---p 00000000 00:00 0 
7e157c000000-7e157c0f0000 rw-p 00000000 00:00 0 
7e157c0f0000-7e1580000000 ---p 00000000 00:00 0 
7e1580000000-7e158086a000 rw-p 00000000 00:00 0 
7e158086a000-7e1584000000 ---p 00000000 00:00 0 
7e1588000000-7e1588021000 rw-p 00000000 00:00 0 
7e1588021000-7e158c000000 ---p 00000000 00:00 0 
7e158c000000-7e158c021000 rw-p 00000000 00:00 0 
7e158c021000-7e1590000000 ---p 00000000 00:00 0 
7e1594000000-7e1594021000 rw-p 00000000 00:00 0 
7e1594021000-7e1598000000 ---p 00000000 00:00 0 
7e1598000000-7e1598021000 rw-p 00000000 00:00 0 
7e1598021000-7e159c000000 ---p 00000000 00:00 0 
7e15a0000000-7e15a0021000 rw-p 00000000 00:00 0 
7e15a0021000-7e15a4000000 ---p 00000000 00:00 0 
7e15a4000000-7e15a4021000 rw-p 00000000 00:00 0 
7e15a4021000-7e15a8000000 ---p 00000000 00:00 0 
7e15ac000000-7e15ac0e0000 rw-p 00000000 00:00 0 
7e15ac0e0000-7e15ac400000 ---p 00000000 00:00 0 
7e15ac400000-7e15ac450000 rw-p 00000000 00:00 0 
7e15ac450000-7e15b0000000 ---p 00000000 00:00 0 
7e15b0000000-7e15b0021000 rw-p 00000000 00:00 0 
7e15b0021000-7e15b4000000 ---p 00000000 00:00 0 
7e15b5000000-7e15b52dd000 rw-p 00000000 00:00 0 
7e15b5400000-7e15b5401000 ---p 00000000 00:00 0 
7e15b5401000-7e15b5c01000 rw-p 00000000 00:00 0 
7e15b5e00000-7e15b5e01000 rw-s 00000000 00:05 1107                       /dev/nvidiactl
7e15b5e01000-7e15b5e02000 rw-s 00000000 00:05 1107                       /dev/nvidiactl
7e15b5e02000-7e15b5e03000 rw-s 00000000 00:05 1107                       /dev/nvidiactl
7e15b5e03000-7e15b5e04000 rw-s 00000000 00:05 1107                       /dev/nvidiactl
7e15b5e04000-7e15b5e05000 rw-s 00000000 00:05 1107                       /dev/nvidiactl
7e15b5e05000-7e15b5e06000 rw-s 00000000 00:05 1107                       /dev/nvidiactl
7e15b5e06000-7e15b5e07000 rw-s 00000000 00:05 1107                       /dev/nvidiactl
7e15b5e07000-7e15b5e08000 rw-s 00000000 00:05 1107                       /dev/nvidiactl
7e15b5e08000-7e15b5e09000 rw-s 00000000 00:05 1107                       /dev/nvidiactl
7e15b5e09000-7e15b5e0a000 rw-s 00000000 00:05 1107                       /dev/nvidiactl
7e15b5e0a000-7e15b5e0b000 rw-s 00000000 00:05 1107                       /dev/nvidiactl
7e15b5e0b000-7e15b5e0c000 rw-s 00000000 00:05 1107                       /dev/nvidiactl
7e15b5e0c000-7e15b5e0d000 rw-s 00000000 00:05 1107                       /dev/nvidiactl
7e15b5e0d000-7e15b5e0e000 rw-s 00000000 00:05 1107                       /dev/nvidiactl
7e15b5e0e000-7e15b5e0f000 rw-s 00000000 00:05 1107                       /dev/nvidiactl
7e15b5e0f000-7e15b5e10000 rw-s 00000000 00:05 1107                       /dev/nvidiactl
7e15b5e10000-7e15b6e21000 ---p 00000000 00:00 0 
7e15b7000000-7e15b7c97000 rw-p 00001000 103:02 17173446                  /usr/lib/jvm/java-21-openjdk-amd64/lib/server/classes.jsa
7e15b7c97000-7e15b8000000 ---p 00000000 00:00 0 
7e15b8000000-7e15b8010000 rw-p 00000000 00:00 0 
7e15b8010000-7e15b8040000 ---p 00000000 00:00 0 
7e15b8040000-7e15b8050000 rw-p 00000000 00:00 0 
7e15b8050000-7e15f8000000 ---p 00000000 00:00 0 
7e15f8000000-7e15f8021000 rw-p 00000000 00:00 0 
7e15f8021000-7e15fc000000 ---p 00000000 00:00 0 
7e15fc000000-7e15fc021000 rw-p 00000000 00:00 0 
7e15fc021000-7e1600000000 ---p 00000000 00:00 0 
7e16001fa000-7e16001fb000 ---p 00000000 00:00 0 
7e16001fb000-7e16002fb000 rw-p 00000000 00:00 0 
7e16002fb000-7e16002fc000 ---p 00000000 00:00 0 
7e16002fc000-7e16003fc000 rw-p 00000000 00:00 0 
7e16003fc000-7e16003fd000 ---p 00000000 00:00 0 
7e16003fd000-7e16004fd000 rw-p 00000000 00:00 0 
7e16004fd000-7e16004fe000 ---p 00000000 00:00 0 
7e16004fe000-7e16005fe000 rw-p 00000000 00:00 0 
7e16005fe000-7e16005ff000 ---p 00000000 00:00 0 
7e16005ff000-7e16006ff000 rw-p 00000000 00:00 0 
7e16006ff000-7e1600700000 ---p 00000000 00:00 0 
7e1600700000-7e1600800000 rw-p 00000000 00:00 0 
7e1600800000-7e1600801000 ---p 00000000 00:00 0 
7e1600801000-7e1601001000 rw-p 00000000 00:00 0 
7e16010ff000-7e1601100000 ---p 00000000 00:00 0 
7e1601100000-7e1601200000 rw-p 00000000 00:00 0 
7e1601200000-7e1602221000 ---p 00000000 00:00 0 
7e16022ff000-7e1602300000 ---p 00000000 00:00 0 
7e1602300000-7e1602400000 rw-p 00000000 00:00 0 
7e1602400000-7e16024de000 r--p 00000000 103:02 16527986                  /usr/lib/x86_64-linux-gnu/libcuda.so.550.120
7e16024de000-7e16029b3000 r-xp 000de000 103:02 16527986                  /usr/lib/x86_64-linux-gnu/libcuda.so.550.120
7e16029b3000-7e1603e4f000 r--p 005b3000 103:02 16527986                  /usr/lib/x86_64-linux-gnu/libcuda.so.550.120
7e1603e4f000-7e1603e50000 ---p 01a4f000 103:02 16527986                  /usr/lib/x86_64-linux-gnu/libcuda.so.550.120
7e1603e50000-7e1603e68000 r--p 01a4f000 103:02 16527986                  /usr/lib/x86_64-linux-gnu/libcuda.so.550.120
7e1603e68000-7e1603f63000 rw-p 01a67000 103:02 16527986                  /usr/lib/x86_64-linux-gnu/libcuda.so.550.120
7e1603f63000-7e1603fcc000 rw-p 00000000 00:00 0 
7e1604000000-7e1604021000 rw-p 00000000 00:00 0 
7e1604021000-7e1608000000 ---p 00000000 00:00 0 
7e1608000000-7e1608021000 rw-p 00000000 00:00 0 
7e1608021000-7e160c000000 ---p 00000000 00:00 0 
7e160c0fe000-7e160c0ff000 ---p 00000000 00:00 0 
7e160c0ff000-7e160c1ff000 rw-p 00000000 00:00 0 
7e160c1ff000-7e160c200000 ---p 00000000 00:00 0 
7e160c200000-7e160c300000 rw-p 00000000 00:00 0 
7e160c300000-7e160c304000 ---p 00000000 00:00 0 
7e160c304000-7e160c400000 rw-p 00000000 00:00 0 
7e160c400000-7e160c404000 ---p 00000000 00:00 0 
7e160c404000-7e160c500000 rw-p 00000000 00:00 0 
7e160c500000-7e160c504000 ---p 00000000 00:00 0 
7e160c504000-7e160c600000 rw-p 00000000 00:00 0 
7e160c600000-7e160c604000 ---p 00000000 00:00 0 
7e160c604000-7e160c700000 rw-p 00000000 00:00 0 
7e160c700000-7e160c704000 ---p 00000000 00:00 0 
7e160c704000-7e160c800000 rw-p 00000000 00:00 0 
7e160c800000-7e160c804000 ---p 00000000 00:00 0 
7e160c804000-7e160c900000 rw-p 00000000 00:00 0 
7e160c900000-7e160c904000 ---p 00000000 00:00 0 
7e160c904000-7e160ca00000 rw-p 00000000 00:00 0 
7e160ca00000-7e160cc5a000 rw-p 00000000 00:00 0 
7e160cd00000-7e160cd04000 ---p 00000000 00:00 0 
7e160cd04000-7e160ce00000 rw-p 00000000 00:00 0 
7e160ce00000-7e160ce01000 ---p 00000000 00:00 0 
7e160ce01000-7e160d601000 rw-p 00000000 00:00 0 
7e160d6be000-7e160d800000 rw-p 00000000 00:00 0 
7e160d800000-7e160d8c7000 r-xp 00000000 103:02 18219053                  /tmp/libJCudaRuntime-12.0.0-linux-x86_64.so
7e160d8c7000-7e160dac7000 ---p 000c7000 103:02 18219053                  /tmp/libJCudaRuntime-12.0.0-linux-x86_64.so
7e160dac7000-7e160dacc000 r--p 000c7000 103:02 18219053                  /tmp/libJCudaRuntime-12.0.0-linux-x86_64.so
7e160dacc000-7e160dacd000 rw-p 000cc000 103:02 18219053                  /tmp/libJCudaRuntime-12.0.0-linux-x86_64.so
7e160dacd000-7e160dacf000 rw-p 00000000 00:00 0 
7e160db7f000-7e160dd7f000 rw-s 00000000 00:01 10452                      /dev/zero (deleted)
7e160dd7f000-7e160de00000 rw-p 00000000 00:00 0 
7e160de00000-7e160de04000 ---p 00000000 00:00 0 
7e160de04000-7e160df00000 rw-p 00000000 00:00 0 
7e160df00000-7e160df04000 ---p 00000000 00:00 0 
7e160df04000-7e160e000000 rw-p 00000000 00:00 0 
7e160e000000-7e160e004000 ---p 00000000 00:00 0 
7e160e004000-7e160e100000 rw-p 00000000 00:00 0 
7e160e100000-7e160e104000 ---p 00000000 00:00 0 
7e160e104000-7e160e200000 rw-p 00000000 00:00 0 
7e160e200000-7e160e204000 ---p 00000000 00:00 0 
7e160e204000-7e160e300000 rw-p 00000000 00:00 0 
7e160e300000-7e160e304000 ---p 00000000 00:00 0 
7e160e304000-7e160e400000 rw-p 00000000 00:00 0 
7e160e400000-7e160e404000 ---p 00000000 00:00 0 
7e160e404000-7e160e500000 rw-p 00000000 00:00 0 
7e160e500000-7e160e504000 ---p 00000000 00:00 0 
7e160e504000-7e160e600000 rw-p 00000000 00:00 0 
7e160e600000-7e160e604000 ---p 00000000 00:00 0 
7e160e604000-7e160e700000 rw-p 00000000 00:00 0 
7e160e700000-7e160e704000 ---p 00000000 00:00 0 
7e160e704000-7e160e800000 rw-p 00000000 00:00 0 
7e160e800000-7e160e804000 ---p 00000000 00:00 0 
7e160e804000-7e160e900000 rw-p 00000000 00:00 0 
7e160e900000-7e160e904000 ---p 00000000 00:00 0 
7e160e904000-7e160ea00000 rw-p 00000000 00:00 0 
7e160ea00000-7e160f7ec000 r--p 00000000 103:02 16521112                  /usr/lib/locale/locale-archive
7e160f7f8000-7e160f7f9000 ---p 00000000 00:00 0 
7e160f7f9000-7e160f8f9000 rw-p 00000000 00:00 0 
7e160f8f9000-7e160f8fa000 ---p 00000000 00:00 0 
7e160f8fa000-7e160f9fa000 rw-p 00000000 00:00 0 
7e160f9fa000-7e160f9fb000 ---p 00000000 00:00 0 
7e160f9fb000-7e160fafb000 rw-p 00000000 00:00 0 
7e160fafb000-7e160fafc000 ---p 00000000 00:00 0 
7e160fafc000-7e160fbfc000 rw-p 00000000 00:00 0 
7e160fbfc000-7e1610021000 rw-p 00000000 00:00 0 
7e1610021000-7e1614000000 ---p 00000000 00:00 0 
7e1614043000-7e1616a00000 rw-p 00000000 00:00 0 
7e1616a2e000-7e1616a33000 r--p 00000000 103:02 17173429                  /usr/lib/jvm/java-21-openjdk-amd64/lib/libjsvml.so
7e1616a33000-7e1616a74000 r-xp 00005000 103:02 17173429                  /usr/lib/jvm/java-21-openjdk-amd64/lib/libjsvml.so
7e1616a74000-7e1616afd000 r--p 00046000 103:02 17173429                  /usr/lib/jvm/java-21-openjdk-amd64/lib/libjsvml.so
7e1616afd000-7e1616afe000 r--p 000ce000 103:02 17173429                  /usr/lib/jvm/java-21-openjdk-amd64/lib/libjsvml.so
7e1616afe000-7e1616aff000 rw-p 000cf000 103:02 17173429                  /usr/lib/jvm/java-21-openjdk-amd64/lib/libjsvml.so
7e1616aff000-7e1616b00000 ---p 00000000 00:00 0 
7e1616b00000-7e1616c00000 rw-p 00000000 00:00 0 
7e1616c00000-7e16173b0000 rw-p 00000000 00:00 0 
7e16173b0000-7e161e650000 ---p 00000000 00:00 0 
7e161e650000-7e161e660000 rw-p 00000000 00:00 0 
7e161e67e000-7e161e6ff000 rw-p 00000000 00:00 0 
7e161e6ff000-7e161e700000 ---p 00000000 00:00 0 
7e161e700000-7e161e800000 rw-p 00000000 00:00 0 
7e161e800000-7e161e8f6000 rw-p 00000000 00:00 0 
7e161e8f6000-7e161f74a000 ---p 00000000 00:00 0 
7e161f74a000-7e161f74c000 rw-p 00000000 00:00 0 
7e161f77c000-7e161f8f6000 rw-p 00000000 00:00 0 
7e161f8f6000-7e162074a000 ---p 00000000 00:00 0 
7e162074a000-7e162074c000 rw-p 00000000 00:00 0 
7e162075f000-7e1620800000 rw-p 00000000 00:00 0 
7e1620800000-7e1620a70000 rwxp 00000000 00:00 0 
7e1620a70000-7e1627c5f000 ---p 00000000 00:00 0 
7e1627c5f000-7e1627f6f000 rwxp 00000000 00:00 0 
7e1627f6f000-7e16283a0000 ---p 00000000 00:00 0 
7e16283a0000-7e1628610000 rwxp 00000000 00:00 0 
7e1628610000-7e162f800000 ---p 00000000 00:00 0 
7e162f800000-7e1637e0c000 r--s 00000000 103:02 17173445                  /usr/lib/jvm/java-21-openjdk-amd64/lib/modules
7e1637e32000-7e1637e39000 r--s 00000000 103:02 16532226                  /usr/lib/x86_64-linux-gnu/gconv/gconv-modules.cache
7e1637e39000-7e1637e3a000 r--p 00000000 103:02 16530540                  /usr/lib/x86_64-linux-gnu/libdl.so.2
7e1637e3a000-7e1637e3b000 r-xp 00001000 103:02 16530540                  /usr/lib/x86_64-linux-gnu/libdl.so.2
7e1637e3b000-7e1637e3c000 r--p 00002000 103:02 16530540                  /usr/lib/x86_64-linux-gnu/libdl.so.2
7e1637e3c000-7e1637e3d000 r--p 00002000 103:02 16530540                  /usr/lib/x86_64-linux-gnu/libdl.so.2
7e1637e3d000-7e1637e3e000 rw-p 00003000 103:02 16530540                  /usr/lib/x86_64-linux-gnu/libdl.so.2
7e1637e3e000-7e1637e3f000 r--p 00000000 103:02 16531006                  /usr/lib/x86_64-linux-gnu/librt.so.1
7e1637e3f000-7e1637e40000 r-xp 00001000 103:02 16531006                  /usr/lib/x86_64-linux-gnu/librt.so.1
7e1637e40000-7e1637e41000 r--p 00002000 103:02 16531006                  /usr/lib/x86_64-linux-gnu/librt.so.1
7e1637e41000-7e1637e42000 r--p 00002000 103:02 16531006                  /usr/lib/x86_64-linux-gnu/librt.so.1
7e1637e42000-7e1637e43000 rw-p 00003000 103:02 16531006                  /usr/lib/x86_64-linux-gnu/librt.so.1
7e1637e43000-7e1637e44000 ---p 00000000 00:00 0 
7e1637e44000-7e1637f44000 rw-p 00000000 00:00 0 
7e1637f44000-7e1638df6000 rw-p 00000000 00:00 0 
7e1638df6000-7e163c000000 ---p 00000000 00:00 0 
7e163c006000-7e163c016000 -w-s 00000000 00:05 1108                       /dev/nvidia0
7e163c016000-7e163c018000 r--p 00000000 103:02 17173444                  /usr/lib/jvm/java-21-openjdk-amd64/lib/libzip.so
7e163c018000-7e163c01d000 r-xp 00002000 103:02 17173444                  /usr/lib/jvm/java-21-openjdk-amd64/lib/libzip.so
7e163c01d000-7e163c01f000 r--p 00007000 103:02 17173444                  /usr/lib/jvm/java-21-openjdk-amd64/lib/libzip.so
7e163c01f000-7e163c020000 r--p 00008000 103:02 17173444                  /usr/lib/jvm/java-21-openjdk-amd64/lib/libzip.so
7e163c020000-7e163c021000 rw-p 00009000 103:02 17173444                  /usr/lib/jvm/java-21-openjdk-amd64/lib/libzip.so
7e163c021000-7e163cd33000 rw-p 00000000 00:00 0 
7e163cd33000-7e163ce17000 ---p 00000000 00:00 0 
7e163ce17000-7e163ce1c000 rw-p 00000000 00:00 0 
7e163ce1c000-7e163cf00000 ---p 00000000 00:00 0 
7e163cf00000-7e163cf04000 ---p 00000000 00:00 0 
7e163cf04000-7e163d000000 rw-p 00000000 00:00 0 
7e163d000000-7e163d09d000 r--p 00000000 103:02 16543594                  /usr/lib/x86_64-linux-gnu/libstdc++.so.6.0.33
7e163d09d000-7e163d1e5000 r-xp 0009d000 103:02 16543594                  /usr/lib/x86_64-linux-gnu/libstdc++.so.6.0.33
7e163d1e5000-7e163d26c000 r--p 001e5000 103:02 16543594                  /usr/lib/x86_64-linux-gnu/libstdc++.so.6.0.33
7e163d26c000-7e163d277000 r--p 0026b000 103:02 16543594                  /usr/lib/x86_64-linux-gnu/libstdc++.so.6.0.33
7e163d277000-7e163d27a000 rw-p 00276000 103:02 16543594                  /usr/lib/x86_64-linux-gnu/libstdc++.so.6.0.33
7e163d27a000-7e163d27e000 rw-p 00000000 00:00 0 
7e163d282000-7e163d283000 r--p 00000000 103:02 16530978                  /usr/lib/x86_64-linux-gnu/libpthread.so.0
7e163d283000-7e163d284000 r-xp 00001000 103:02 16530978                  /usr/lib/x86_64-linux-gnu/libpthread.so.0
7e163d284000-7e163d285000 r--p 00002000 103:02 16530978                  /usr/lib/x86_64-linux-gnu/libpthread.so.0
7e163d285000-7e163d286000 r--p 00002000 103:02 16530978                  /usr/lib/x86_64-linux-gnu/libpthread.so.0
7e163d286000-7e163d287000 rw-p 00003000 103:02 16530978                  /usr/lib/x86_64-linux-gnu/libpthread.so.0
7e163d287000-7e163d28a000 r--p 00000000 103:02 17173436                  /usr/lib/jvm/java-21-openjdk-amd64/lib/libnet.so
7e163d28a000-7e163d292000 r-xp 00003000 103:02 17173436                  /usr/lib/jvm/java-21-openjdk-amd64/lib/libnet.so
7e163d292000-7e163d294000 r--p 0000b000 103:02 17173436                  /usr/lib/jvm/java-21-openjdk-amd64/lib/libnet.so
7e163d294000-7e163d295000 r--p 0000c000 103:02 17173436                  /usr/lib/jvm/java-21-openjdk-amd64/lib/libnet.so
7e163d295000-7e163d296000 rw-p 0000d000 103:02 17173436                  /usr/lib/jvm/java-21-openjdk-amd64/lib/libnet.so
7e163d296000-7e163d317000 rw-p 00000000 00:00 0 
7e163d317000-7e163d327000 r--p 00000000 103:02 16530817                  /usr/lib/x86_64-linux-gnu/libm.so.6
7e163d327000-7e163d3a6000 r-xp 00010000 103:02 16530817                  /usr/lib/x86_64-linux-gnu/libm.so.6
7e163d3a6000-7e163d3fe000 r--p 0008f000 103:02 16530817                  /usr/lib/x86_64-linux-gnu/libm.so.6
7e163d3fe000-7e163d3ff000 r--p 000e7000 103:02 16530817                  /usr/lib/x86_64-linux-gnu/libm.so.6
7e163d3ff000-7e163d400000 rw-p 000e8000 103:02 16530817                  /usr/lib/x86_64-linux-gnu/libm.so.6
7e163d400000-7e163d6a1000 r--p 00000000 103:02 17173449                  /usr/lib/jvm/java-21-openjdk-amd64/lib/server/libjvm.so
7e163d6a1000-7e163e511000 r-xp 002a1000 103:02 17173449                  /usr/lib/jvm/java-21-openjdk-amd64/lib/server/libjvm.so
7e163e511000-7e163e7e5000 r--p 01111000 103:02 17173449                  /usr/lib/jvm/java-21-openjdk-amd64/lib/server/libjvm.so
7e163e7e5000-7e163e8b8000 r--p 013e4000 103:02 17173449                  /usr/lib/jvm/java-21-openjdk-amd64/lib/server/libjvm.so
7e163e8b8000-7e163e8e8000 rw-p 014b7000 103:02 17173449                  /usr/lib/jvm/java-21-openjdk-amd64/lib/server/libjvm.so
7e163e8e8000-7e163e94e000 rw-p 00000000 00:00 0 
7e163e94e000-7e163e955000 r--p 00000000 103:02 17173437                  /usr/lib/jvm/java-21-openjdk-amd64/lib/libnio.so
7e163e955000-7e163e95e000 r-xp 00007000 103:02 17173437                  /usr/lib/jvm/java-21-openjdk-amd64/lib/libnio.so
7e163e95e000-7e163e962000 r--p 00010000 103:02 17173437                  /usr/lib/jvm/java-21-openjdk-amd64/lib/libnio.so
7e163e962000-7e163e963000 r--p 00014000 103:02 17173437                  /usr/lib/jvm/java-21-openjdk-amd64/lib/libnio.so
7e163e963000-7e163e964000 rw-p 00015000 103:02 17173437                  /usr/lib/jvm/java-21-openjdk-amd64/lib/libnio.so
7e163e964000-7e163ea00000 rw-p 00000000 00:00 0 
7e163ea00000-7e163ea28000 r--p 00000000 103:02 16530474                  /usr/lib/x86_64-linux-gnu/libc.so.6
7e163ea28000-7e163ebb0000 r-xp 00028000 103:02 16530474                  /usr/lib/x86_64-linux-gnu/libc.so.6
7e163ebb0000-7e163ebff000 r--p 001b0000 103:02 16530474                  /usr/lib/x86_64-linux-gnu/libc.so.6
7e163ebff000-7e163ec03000 r--p 001fe000 103:02 16530474                  /usr/lib/x86_64-linux-gnu/libc.so.6
7e163ec03000-7e163ec05000 rw-p 00202000 103:02 16530474                  /usr/lib/x86_64-linux-gnu/libc.so.6
7e163ec05000-7e163ec12000 rw-p 00000000 00:00 0 
7e163ec14000-7e163ec97000 rw-p 00000000 00:00 0 
7e163ec97000-7e163ec9f000 ---p 00000000 00:00 0 
7e163ec9f000-7e163ecac000 r--p 00000000 103:02 17173422                  /usr/lib/jvm/java-21-openjdk-amd64/lib/libjava.so
7e163ecac000-7e163ecbb000 r-xp 0000d000 103:02 17173422                  /usr/lib/jvm/java-21-openjdk-amd64/lib/libjava.so
7e163ecbb000-7e163ecc0000 r--p 0001c000 103:02 17173422                  /usr/lib/jvm/java-21-openjdk-amd64/lib/libjava.so
7e163ecc0000-7e163ecc1000 r--p 00021000 103:02 17173422                  /usr/lib/jvm/java-21-openjdk-amd64/lib/libjava.so
7e163ecc1000-7e163ecc2000 rw-p 00022000 103:02 17173422                  /usr/lib/jvm/java-21-openjdk-amd64/lib/libjava.so
7e163ecc2000-7e163ecc3000 rw-p 00000000 00:00 0 
7e163ecc3000-7e163ecc7000 r--p 00000000 103:02 16528598                  /usr/lib/x86_64-linux-gnu/libgcc_s.so.1
7e163ecc7000-7e163eceb000 r-xp 00004000 103:02 16528598                  /usr/lib/x86_64-linux-gnu/libgcc_s.so.1
7e163eceb000-7e163ecef000 r--p 00028000 103:02 16528598                  /usr/lib/x86_64-linux-gnu/libgcc_s.so.1
7e163ecef000-7e163ecf0000 r--p 0002b000 103:02 16528598                  /usr/lib/x86_64-linux-gnu/libgcc_s.so.1
7e163ecf0000-7e163ecf1000 rw-p 0002c000 103:02 16528598                  /usr/lib/x86_64-linux-gnu/libgcc_s.so.1
7e163ecf1000-7e163ecf3000 rw-p 00000000 00:00 0 
7e163ecf3000-7e163ecf5000 r--p 00000000 103:02 17173426                  /usr/lib/jvm/java-21-openjdk-amd64/lib/libjli.so
7e163ecf5000-7e163ecff000 r-xp 00002000 103:02 17173426                  /usr/lib/jvm/java-21-openjdk-amd64/lib/libjli.so
7e163ecff000-7e163ed02000 r--p 0000c000 103:02 17173426                  /usr/lib/jvm/java-21-openjdk-amd64/lib/libjli.so
7e163ed02000-7e163ed03000 r--p 0000f000 103:02 17173426                  /usr/lib/jvm/java-21-openjdk-amd64/lib/libjli.so
7e163ed03000-7e163ed04000 rw-p 00010000 103:02 17173426                  /usr/lib/jvm/java-21-openjdk-amd64/lib/libjli.so
7e163ed04000-7e163ed06000 r--p 00000000 103:02 16531205                  /usr/lib/x86_64-linux-gnu/libz.so.1.3
7e163ed06000-7e163ed18000 r-xp 00002000 103:02 16531205                  /usr/lib/x86_64-linux-gnu/libz.so.1.3
7e163ed18000-7e163ed1e000 r--p 00014000 103:02 16531205                  /usr/lib/x86_64-linux-gnu/libz.so.1.3
7e163ed1e000-7e163ed1f000 r--p 0001a000 103:02 16531205                  /usr/lib/x86_64-linux-gnu/libz.so.1.3
7e163ed1f000-7e163ed20000 rw-p 0001b000 103:02 16531205                  /usr/lib/x86_64-linux-gnu/libz.so.1.3
7e163ed23000-7e163ed2b000 rw-s 00000000 103:02 18219064                  /tmp/hsperfdata_dov/49136
7e163ed2b000-7e163ed2c000 ---p 00000000 00:00 0 
7e163ed2c000-7e163ed2d000 r--p 00000000 00:00 0 
7e163ed2d000-7e163ed2e000 ---p 00000000 00:00 0 
7e163ed2e000-7e163ed30000 r--p 00000000 103:02 17173425                  /usr/lib/jvm/java-21-openjdk-amd64/lib/libjimage.so
7e163ed30000-7e163ed33000 r-xp 00002000 103:02 17173425                  /usr/lib/jvm/java-21-openjdk-amd64/lib/libjimage.so
7e163ed33000-7e163ed34000 r--p 00005000 103:02 17173425                  /usr/lib/jvm/java-21-openjdk-amd64/lib/libjimage.so
7e163ed34000-7e163ed35000 r--p 00006000 103:02 17173425                  /usr/lib/jvm/java-21-openjdk-amd64/lib/libjimage.so
7e163ed35000-7e163ed36000 rw-p 00007000 103:02 17173425                  /usr/lib/jvm/java-21-openjdk-amd64/lib/libjimage.so
7e163ed36000-7e163ed38000 rw-p 00000000 00:00 0 
7e163ed38000-7e163ed39000 r--p 00000000 103:02 16530286                  /usr/lib/x86_64-linux-gnu/ld-linux-x86-64.so.2
7e163ed39000-7e163ed64000 r-xp 00001000 103:02 16530286                  /usr/lib/x86_64-linux-gnu/ld-linux-x86-64.so.2
7e163ed64000-7e163ed6e000 r--p 0002c000 103:02 16530286                  /usr/lib/x86_64-linux-gnu/ld-linux-x86-64.so.2
7e163ed6e000-7e163ed70000 r--p 00036000 103:02 16530286                  /usr/lib/x86_64-linux-gnu/ld-linux-x86-64.so.2
7e163ed70000-7e163ed72000 rw-p 00038000 103:02 16530286                  /usr/lib/x86_64-linux-gnu/ld-linux-x86-64.so.2
7ffe39209000-7ffe3922a000 rw-p 00000000 00:00 0                          [stack]
7ffe392ab000-7ffe392af000 r--p 00000000 00:00 0                          [vvar]
7ffe392af000-7ffe392b1000 r-xp 00000000 00:00 0                          [vdso]
ffffffffff600000-ffffffffff601000 --xp 00000000 00:00 0                  [vsyscall]
Total number of mappings: 373


VM Arguments:
jvm_args: -Dfile.encoding=UTF-8 --module-path=/home/dov/projects/NeighborhoodPIG/build/classes 
java_command: JCudaWrapper.array.DArray
java_class_path (initial): /home/dov/projects/Libraries/commons-math3/commons-math3-3.6.1-javadoc.jar:/home/dov/projects/Libraries/commons-math3/commons-math3-3.6.1-sources.jar:/home/dov/projects/Libraries/commons-math3/commons-math3-3.6.1-test-sources.jar:/home/dov/projects/Libraries/commons-math3/commons-math3-3.6.1-tests.jar:/home/dov/projects/Libraries/commons-math3/commons-math3-3.6.1-tools.jar:/home/dov/projects/Libraries/commons-math3/commons-math3-3.6.1.jar:/home/dov/projects/JCudaWrapper/jcuda12/jcublas-12.0.0.jar:/home/dov/projects/JCudaWrapper/jcuda12/jcublas-natives-12.0.0-linux-x86_64.jar:/home/dov/projects/JCudaWrapper/jcuda12/jcuda-12.0.0.jar:/home/dov/projects/JCudaWrapper/jcuda12/jcuda-natives-12.0.0-linux-x86_64.jar:/home/dov/projects/JCudaWrapper/jcuda12/jcudnn-12.0.0.jar:/home/dov/projects/JCudaWrapper/jcuda12/jcudnn-natives-12.0.0-linux-x86_64.jar:/home/dov/projects/JCudaWrapper/jcuda12/jcufft-12.0.0.jar:/home/dov/projects/JCudaWrapper/jcuda12/jcufft-natives-12.0.0-linux-x86_64.jar:/home/dov/projects/JCudaWrapper/jcuda12/jcurand-12.0.0.jar:/home/dov/projects/JCudaWrapper/jcuda12/jcurand-natives-12.0.0-linux-x86_64.jar:/home/dov/projects/JCudaWrapper/jcuda12/jcusolver-12.0.0.jar:/home/dov/projects/JCudaWrapper/jcuda12/jcusolver-natives-12.0.0-linux-x86_64.jar:/home/dov/projects/JCudaWrapper/jcuda12/jcusparse-12.0.0.jar:/home/dov/projects/JCudaWrapper/jcuda12/jcusparse-natives-12.0.0-linux-x86_64.jar:/home/dov/projects/NeighborhoodPIG/build/classes
Launcher Type: SUN_STANDARD

[Global flags]
     intx CICompilerCount                          = 12                                        {product} {ergonomic}
     uint ConcGCThreads                            = 3                                         {product} {ergonomic}
     uint G1ConcRefinementThreads                  = 13                                        {product} {ergonomic}
   size_t G1HeapRegionSize                         = 4194304                                   {product} {ergonomic}
    uintx GCDrainStackTargetSize                   = 64                                        {product} {ergonomic}
   size_t InitialHeapSize                          = 515899392                                 {product} {ergonomic}
   size_t MarkStackSize                            = 4194304                                   {product} {ergonomic}
   size_t MaxHeapSize                              = 8212447232                                {product} {ergonomic}
   size_t MaxNewSize                               = 4924112896                                {product} {ergonomic}
   size_t MinHeapDeltaBytes                        = 4194304                                   {product} {ergonomic}
   size_t MinHeapSize                              = 8388608                                   {product} {ergonomic}
    uintx NonNMethodCodeHeapSize                   = 7602480                                {pd product} {ergonomic}
    uintx NonProfiledCodeHeapSize                  = 122027880                              {pd product} {ergonomic}
    uintx ProfiledCodeHeapSize                     = 122027880                              {pd product} {ergonomic}
    uintx ReservedCodeCacheSize                    = 251658240                              {pd product} {ergonomic}
     bool SegmentedCodeCache                       = true                                      {product} {ergonomic}
   size_t SoftMaxHeapSize                          = 8212447232                             {manageable} {ergonomic}
     bool UseCompressedOops                        = true                           {product lp64_product} {ergonomic}
     bool UseG1GC                                  = true                                      {product} {ergonomic}

Logging:
Log output configuration:
 #0: stdout all=warning uptime,level,tags foldmultilines=false
 #1: stderr all=off uptime,level,tags foldmultilines=false

Environment Variables:
PATH=/usr/local/sbin:/usr/local/bin:/usr/sbin:/usr/bin:/sbin:/bin:/usr/games:/usr/local/games:/snap/bin:/snap/bin
USERNAME=dov
SHELL=/bin/bash
DISPLAY=:1
LANG=en_US.UTF-8

Active Locale:
LC_ALL=en_US.UTF-8
LC_COLLATE=en_US.UTF-8
LC_CTYPE=en_US.UTF-8
LC_MESSAGES=en_US.UTF-8
LC_MONETARY=en_US.UTF-8
LC_NUMERIC=en_US.UTF-8
LC_TIME=en_US.UTF-8

Signal Handlers:
   SIGSEGV: crash_handler in libjvm.so, mask=11100100010111111101111111111110, flags=SA_RESTART|SA_SIGINFO, unblocked
    SIGBUS: crash_handler in libjvm.so, mask=11100100010111111101111111111110, flags=SA_RESTART|SA_SIGINFO, unblocked
    SIGFPE: crash_handler in libjvm.so, mask=11100100010111111101111111111110, flags=SA_RESTART|SA_SIGINFO, unblocked
   SIGPIPE: javaSignalHandler in libjvm.so, mask=11100100010111111101111111111110, flags=SA_RESTART|SA_SIGINFO, blocked
   SIGXFSZ: javaSignalHandler in libjvm.so, mask=11100100010111111101111111111110, flags=SA_RESTART|SA_SIGINFO, blocked
    SIGILL: crash_handler in libjvm.so, mask=11100100010111111101111111111110, flags=SA_RESTART|SA_SIGINFO, unblocked
   SIGUSR2: SR_handler in libjvm.so, mask=00000000000000000000000000000000, flags=SA_RESTART|SA_SIGINFO, blocked
    SIGHUP: UserHandler in libjvm.so, mask=11100100010111111101111111111110, flags=SA_RESTART|SA_SIGINFO, blocked
    SIGINT: SIG_IGN, mask=00000000000000000000000000000000, flags=none, blocked
   SIGTERM: UserHandler in libjvm.so, mask=11100100010111111101111111111110, flags=SA_RESTART|SA_SIGINFO, blocked
   SIGQUIT: UserHandler in libjvm.so, mask=11100100010111111101111111111110, flags=SA_RESTART|SA_SIGINFO, blocked
   SIGTRAP: crash_handler in libjvm.so, mask=11100100010111111101111111111110, flags=SA_RESTART|SA_SIGINFO, unblocked


Periodic native trim disabled

---------------  S Y S T E M  ---------------

OS:
DISTRIB_ID=Ubuntu
DISTRIB_RELEASE=24.04
DISTRIB_CODENAME=noble
DISTRIB_DESCRIPTION="Ubuntu 24.04.1 LTS"
uname: Linux 6.8.0-49-generic #49-Ubuntu SMP PREEMPT_DYNAMIC Mon Nov  4 02:06:24 UTC 2024 x86_64
OS uptime: 0 days 22:31 hours
libc: glibc 2.39 NPTL 2.39 
rlimit (soft/hard): STACK 8192k/infinity , CORE 0k/infinity , NPROC 125013/125013 , NOFILE 1048576/1048576 , AS infinity/infinity , CPU infinity/infinity , DATA infinity/infinity , FSIZE infinity/infinity , MEMLOCK 4009332k/4009332k
load average: 0.07 0.34 0.32

/proc/meminfo:
MemTotal:       32074664 kB
MemFree:        18906932 kB
MemAvailable:   23951764 kB
Buffers:          605716 kB
Cached:          4857944 kB
SwapCached:            0 kB
Active:          7485668 kB
Inactive:        3434976 kB
Active(anon):    5626148 kB
Inactive(anon):        0 kB
Active(file):    1859520 kB
Inactive(file):  3434976 kB
Unevictable:          32 kB
Mlocked:              32 kB
SwapTotal:       8388604 kB
SwapFree:        8388604 kB
Zswap:                 0 kB
Zswapped:              0 kB
Dirty:             13060 kB
Writeback:           184 kB
AnonPages:       5457304 kB
Mapped:          1114352 kB
Shmem:            169160 kB
KReclaimable:     214816 kB
Slab:             530808 kB
SReclaimable:     214816 kB
SUnreclaim:       315992 kB
KernelStack:       25596 kB
PageTables:        67280 kB
SecPageTables:         0 kB
NFS_Unstable:          0 kB
Bounce:                0 kB
WritebackTmp:          0 kB
CommitLimit:    24425936 kB
Committed_AS:   32163868 kB
VmallocTotal:   34359738367 kB
VmallocUsed:      168792 kB
VmallocChunk:          0 kB
Percpu:            22912 kB
HardwareCorrupted:     0 kB
AnonHugePages:         0 kB
ShmemHugePages:        0 kB
ShmemPmdMapped:        0 kB
FileHugePages:         0 kB
FilePmdMapped:         0 kB
Unaccepted:            0 kB
HugePages_Total:       0
HugePages_Free:        0
HugePages_Rsvd:        0
HugePages_Surp:        0
Hugepagesize:       2048 kB
Hugetlb:               0 kB
DirectMap4k:     1915368 kB
DirectMap2M:    17211392 kB
DirectMap1G:    14680064 kB

/sys/kernel/mm/transparent_hugepage/enabled: always [madvise] never
/sys/kernel/mm/transparent_hugepage/hpage_pmd_size: 2097152
/sys/kernel/mm/transparent_hugepage/defrag (defrag/compaction efforts parameter): always defer defer+madvise [madvise] never

Process Memory:
Virtual Size: 17378008K (peak: 17440584K)
Resident Set Size: 209468K (peak: 209468K) (anon: 98636K, file: 102640K, shmem: 8192K)
Swapped out: 0K
C-Heap outstanding allocations: 76245K, retained: 19250K
glibc malloc tunables: (default)

/proc/sys/kernel/threads-max (system-wide limit on the number of threads): 250026
/proc/sys/vm/max_map_count (maximum number of memory map areas a process may have): 1048576
/proc/sys/vm/swappiness (control to define how aggressively the kernel swaps out anonymous memory): 60
/proc/sys/kernel/pid_max (system-wide limit on number of process identifiers): 4194304

container (cgroup) information:
container_type: cgroupv2
cpu_cpuset_cpus: not supported
cpu_memory_nodes: not supported
active_processor_count: 16
cpu_quota: not supported
cpu_period: not supported
cpu_shares: not supported
memory_limit_in_bytes: unlimited
memory_and_swap_limit_in_bytes: unlimited
memory_soft_limit_in_bytes: unlimited
memory_usage_in_bytes: 3441756 k
memory_max_usage_in_bytes: not supported
memory_swap_current_in_bytes: unlimited
memory_swap_max_limit_in_bytes: unlimited
maximum number of tasks: 37503
current number of tasks: 181

Steal ticks since vm start: 0
Steal ticks percentage since vm start:  0.000

CPU: total 16 (initial active 16) (16 cores per cpu, 2 threads per core) family 25 model 68 stepping 1 microcode 0xa404101, cx8, cmov, fxsr, ht, mmx, 3dnowpref, sse, sse2, sse3, ssse3, sse4a, sse4.1, sse4.2, popcnt, lzcnt, tsc, tscinvbit, avx, avx2, aes, clmul, bmi1, bmi2, adx, sha, fma, vzeroupper, clflush, clflushopt, rdtscp, rdpid, f16c, pku, ospke, cet_ss
CPU Model and flags from /proc/cpuinfo:
model name	: AMD Ryzen 9 6900HS with Radeon Graphics
flags		: fpu vme de pse tsc msr pae mce cx8 apic sep mtrr pge mca cmov pat pse36 clflush mmx fxsr sse sse2 ht syscall nx mmxext fxsr_opt pdpe1gb rdtscp lm constant_tsc rep_good nopl nonstop_tsc cpuid extd_apicid aperfmperf rapl pni pclmulqdq monitor ssse3 fma cx16 sse4_1 sse4_2 x2apic movbe popcnt aes xsave avx f16c rdrand lahf_lm cmp_legacy svm extapic cr8_legacy abm sse4a misalignsse 3dnowprefetch osvw ibs skinit wdt tce topoext perfctr_core perfctr_nb bpext perfctr_llc mwaitx cpb cat_l3 cdp_l3 hw_pstate ssbd mba ibrs ibpb stibp vmmcall fsgsbase bmi1 avx2 smep bmi2 invpcid cqm rdt_a rdseed adx smap clflushopt clwb sha_ni xsaveopt xsavec xgetbv1 xsaves cqm_llc cqm_occup_llc cqm_mbm_total cqm_mbm_local user_shstk clzero irperf xsaveerptr rdpru wbnoinvd cppc arat npt lbrv svm_lock nrip_save tsc_scale vmcb_clean flushbyasid decodeassists pausefilter pfthreshold avic v_vmsave_vmload vgif v_spec_ctrl umip pku ospke vaes vpclmulqdq rdpid overflow_recov succor smca debug_swap

Online cpus: 0-15
Offline cpus: 
BIOS frequency limitation: <Not Available>
Frequency switch latency (ns): 0
Available cpu frequencies: <Not Available>
Current governor: powersave
Core performance/turbo boost: <Not Available>

Memory: 4k page, physical 32074664k(23951764k free), swap 8388604k(8388604k free)
Page Sizes: 4k

vm_info: OpenJDK 64-Bit Server VM (21.0.5+11-Ubuntu-1ubuntu124.04) for linux-amd64 JRE (21.0.5+11-Ubuntu-1ubuntu124.04), built on 2024-10-22T07:47:02Z by "buildd" with gcc 13.2.0

END.
