#
# A fatal error has been detected by the Java Runtime Environment:
#
#  SIGSEGV (0xb) at pc=0x000075808e04b06e, pid=39273, tid=39277
#
# JRE version: OpenJDK Runtime Environment (21.0.4+7) (build 21.0.4+7-Ubuntu-1ubuntu224.04)
# Java VM: OpenJDK 64-Bit Server VM (21.0.4+7-Ubuntu-1ubuntu224.04, mixed mode, sharing, tiered, compressed oops, compressed class ptrs, g1 gc, linux-amd64)
# Problematic frame:
# C  [libcuda.so.1+0x24b06e]
#
# Core dump will be written. Default location: Core dumps may be processed with "/usr/share/apport/apport -p%p -s%s -c%c -d%d -P%P -u%u -g%g -- %E" (or dumping to /home/dov/projects/NeighborhoodPIG/core.39273)
#
# If you would like to submit a bug report, please visit:
#   https://bugs.launchpad.net/ubuntu/+source/openjdk-21
# The crash happened outside the Java Virtual Machine in native code.
# See problematic frame for where to report the bug.
#

---------------  S U M M A R Y ------------

Command Line: -Dfile.encoding=UTF-8 -agentlib:jdwp=transport=dt_socket,address=localhost:53313 --module-path=/home/dov/projects/NeighborhoodPIG/build/classes main.NeighborhoodPIG

Host: AMD Ryzen 9 6900HS with Radeon Graphics, 16 cores, 30G, Ubuntu 24.04.1 LTS
Time: Thu Oct 31 12:12:45 2024 IST elapsed time: 4.882620 seconds (0d 0h 0m 4s)

---------------  T H R E A D  ---------------

Current thread (0x00007580c001b940):  JavaThread "main"             [_thread_in_native, id=39277, stack(0x00007580c7500000,0x00007580c7600000) (1024K)]

Stack: [0x00007580c7500000,0x00007580c7600000],  sp=0x00007580c75fe280,  free space=1016k
Native frames: (J=compiled Java code, j=interpreted, Vv=VM code, C=native code)
C  [libcuda.so.1+0x24b06e]
C  [libcuda.so.1+0x24b5f8]
C  [libcuda.so.1+0x2f19c3]
j  jcuda.driver.JCudaDriver.cuStreamSynchronizeNative(Ljcuda/driver/CUstream;)I+0
j  jcuda.driver.JCudaDriver.cuStreamSynchronize(Ljcuda/driver/CUstream;)I+1
j  JCudaWrapper.resourceManagement.Handle.get()Ljcuda/jcublas/cublasHandle;+11
j  JCudaWrapper.array.DStrideArray.multMatMatStridedBatched(LJCudaWrapper/resourceManagement/Handle;ZZIIIDLJCudaWrapper/array/DStrideArray;ILJCudaWrapper/array/DStrideArray;IDI)V+70
j  JCudaWrapper.algebra.VectorsStride.addVecMatMult(ZLJCudaWrapper/algebra/VectorsStride;LJCudaWrapper/algebra/MatricesStride;DD)V+54
j  JCudaWrapper.algebra.VectorsStride.addMatVecMult(ZLJCudaWrapper/algebra/MatricesStride;LJCudaWrapper/algebra/VectorsStride;DD)V+16
j  JCudaWrapper.algebra.VectorsStride.setMatVecMult(LJCudaWrapper/algebra/MatricesStride;LJCudaWrapper/algebra/VectorsStride;)V+6
j  main.StructureTensorMatrix.cosOf(DLJCudaWrapper/algebra/VectorsStride;LJCudaWrapper/algebra/Matrix;)LJCudaWrapper/algebra/Vector;+41
j  main.StructureTensorMatrix.getRGB()[[[D+90
j  main.NeighborhoodPIG.orientationColored(Ljava/lang/String;)V+4
j  main.NeighborhoodPIG.main([Ljava/lang/String;)V+14
v  ~StubRoutines::call_stub 0x00007580afc5fcc6
V  [libjvm.so+0x90841a]  JavaCalls::call_helper(JavaValue*, methodHandle const&, JavaCallArguments*, JavaThread*)+0x2da
V  [libjvm.so+0x9ae72d]  jni_invoke_static(JNIEnv_*, JavaValue*, _jobject*, JNICallType, _jmethodID*, JNI_ArgumentPusher*, JavaThread*) [clone .constprop.1]+0x35d
V  [libjvm.so+0x9b0c7f]  jni_CallStaticVoidMethod+0x12f
C  [libjli.so+0x55be]  JavaMain+0xfde
C  [libjli.so+0x844d]  ThreadJavaMain+0xd
C  [libc.so.6+0x9ca94]
Java frames: (J=compiled Java code, j=interpreted, Vv=VM code)
j  jcuda.driver.JCudaDriver.cuStreamSynchronizeNative(Ljcuda/driver/CUstream;)I+0
j  jcuda.driver.JCudaDriver.cuStreamSynchronize(Ljcuda/driver/CUstream;)I+1
j  JCudaWrapper.resourceManagement.Handle.get()Ljcuda/jcublas/cublasHandle;+11
j  JCudaWrapper.array.DStrideArray.multMatMatStridedBatched(LJCudaWrapper/resourceManagement/Handle;ZZIIIDLJCudaWrapper/array/DStrideArray;ILJCudaWrapper/array/DStrideArray;IDI)V+70
j  JCudaWrapper.algebra.VectorsStride.addVecMatMult(ZLJCudaWrapper/algebra/VectorsStride;LJCudaWrapper/algebra/MatricesStride;DD)V+54
j  JCudaWrapper.algebra.VectorsStride.addMatVecMult(ZLJCudaWrapper/algebra/MatricesStride;LJCudaWrapper/algebra/VectorsStride;DD)V+16
j  JCudaWrapper.algebra.VectorsStride.setMatVecMult(LJCudaWrapper/algebra/MatricesStride;LJCudaWrapper/algebra/VectorsStride;)V+6
j  main.StructureTensorMatrix.cosOf(DLJCudaWrapper/algebra/VectorsStride;LJCudaWrapper/algebra/Matrix;)LJCudaWrapper/algebra/Vector;+41
j  main.StructureTensorMatrix.getRGB()[[[D+90
j  main.NeighborhoodPIG.orientationColored(Ljava/lang/String;)V+4
j  main.NeighborhoodPIG.main([Ljava/lang/String;)V+14
v  ~StubRoutines::call_stub 0x00007580afc5fcc6

siginfo: si_signo: 11 (SIGSEGV), si_code: 1 (SEGV_MAPERR), si_addr: 0x00007587984d23f7

Registers:
RAX=0x00007580c06346e0, RBX=0x00007580c75fe398, RCX=0x0000000000000002, RDX=0x00007580c27bffd0
RSP=0x00007580c75fe280, RBP=0x00007580c75fe2e0, RSI=0x0000000000000000, RDI=0x00007580c06346e0
R8 =0x00007580c75fe318, R9 =0x0000000000000000, R10=0x00007580c27bffd0, R11=0x00007587984d200f
R12=0x00007580c75fe318, R13=0x00007580c06346e0, R14=0x00007580c75fe4a8, R15=0x00007580c001b940
RIP=0x000075808e04b06e, EFLAGS=0x0000000000010206, CSGSFS=0x002b000000000033, ERR=0x0000000000000004
  TRAPNO=0x000000000000000e


Register to memory mapping:

RAX=0x00007580c06346e0 points into unknown readable memory: 0x00007580c0614400 | 00 44 61 c0 80 75 00 00
RBX=0x00007580c75fe398 is pointing into the stack for thread: 0x00007580c001b940
RCX=0x0000000000000002 is an unknown value
RDX=0x00007580c27bffd0 points into unknown readable memory: 0x00007587984d200f | 0f 20 4d 98 87 75 00 00
RSP=0x00007580c75fe280 is pointing into the stack for thread: 0x00007580c001b940
RBP=0x00007580c75fe2e0 is pointing into the stack for thread: 0x00007580c001b940
RSI=0x0 is null
RDI=0x00007580c06346e0 points into unknown readable memory: 0x00007580c0614400 | 00 44 61 c0 80 75 00 00
R8 =0x00007580c75fe318 is pointing into the stack for thread: 0x00007580c001b940
R9 =0x0 is null
R10=0x00007580c27bffd0 points into unknown readable memory: 0x00007587984d200f | 0f 20 4d 98 87 75 00 00
R11=0x00007587984d200f is an unknown value
R12=0x00007580c75fe318 is pointing into the stack for thread: 0x00007580c001b940
R13=0x00007580c06346e0 points into unknown readable memory: 0x00007580c0614400 | 00 44 61 c0 80 75 00 00
R14=0x00007580c75fe4a8 is pointing into the stack for thread: 0x00007580c001b940
R15=0x00007580c001b940 is a thread

Top of Stack: (sp=0x00007580c75fe280)
0x00007580c75fe280:   00007580c001c5a8 00000000000000d8
0x00007580c75fe290:   00007580c75feab0 00007580c001b940
0x00007580c75fe2a0:   00007580c001b940 00007580c001c480
0x00007580c75fe2b0:   00007580c001c4c0 00007580c75fe398
0x00007580c75fe2c0:   0000000000000000 00007580c75fe390
0x00007580c75fe2d0:   00007580c75fe4a8 00007580c001b940
0x00007580c75fe2e0:   00007580c75fe350 000075808e04b5f8
0x00007580c75fe2f0:   00007580c001c5a8 00000000000000d8
0x00007580c75fe300:   00007580c75feab0 00007580c001b940
0x00007580c75fe310:   00007580c001b940 0000000000000000
0x00007580c75fe320:   0000000000000000 00007580384df210
0x00007580c75fe330:   00007580c27bffd0 00007580384df210
0x00007580c75fe340:   00007580c75fe4a8 00007580c001b940
0x00007580c75fe350:   00007580c75fe420 000075808e0f19c3
0x00007580c75fe360:   00007580c75fe4a8 0000000000000001
0x00007580c75fe370:   000003e700000002 0000000000000000
0x00007580c75fe380:   0000000000000000 00007580c06346e0
0x00007580c75fe390:   0000000000000000 0000000000000000
0x00007580c75fe3a0:   00007580afc66a90 0000000000000000
0x00007580c75fe3b0:   0000750000000000 00007580c75fe488
0x00007580c75fe3c0:   00007580c75fe440 00007580afc6d2f1
0x00007580c75fe3d0:   00007580c75fe440 00007580afc6e738
0x00007580c75fe3e0:   00007580afc66a90 0000000000000000
0x00007580c75fe3f0:   0000750000000000 00007580c75fe488
0x00007580c75fe400:   00007580c001bcf8 000075802b43604a
0x00007580c75fe410:   00007580384df210 0000000000000000
0x00007580c75fe420:   00007580c75fe488 00007580afc6eb6d
0x00007580c75fe430:   00007580c75fe4b0 00007580afc6e738
0x00007580c75fe440:   00007580c75fe440 00007580384df210
0x00007580c75fe450:   0000000000000004 00007580384e3ae0
0x00007580c75fe460:   0000000000000000 0000000634846610
0x00007580c75fe470:   00007580384df210 0000000000000000 

Instructions: (pc=0x000075808e04b06e)
0x000075808e04af6e:   f6 c2 10 75 ba 83 e2 08 b8 8a 03 00 00 75 da 48
0x000075808e04af7e:   8b 59 08 4c 8d 63 08 4c 89 e7 e8 23 3a e9 ff 48
0x000075808e04af8e:   8b 5b 38 48 85 db 74 2d 66 2e 0f 1f 84 00 00 00
0x000075808e04af9e:   00 00 48 8b bb e8 03 00 00 48 85 ff 74 0b f6 43
0x000075808e04afae:   50 04 74 05 e8 c9 9a 29 00 48 8b 9b 58 01 00 00
0x000075808e04afbe:   48 85 db 75 dd 4c 89 e7 e8 15 35 e9 ff b8 8a 03
0x000075808e04afce:   00 00 eb 85 66 0f 1f 44 00 00 83 f8 02 ba 91 01
0x000075808e04afde:   00 00 b8 00 00 00 00 5b 0f 44 c2 41 5c 5d c3 0f
0x000075808e04afee:   1f 00 e8 8b 9a 29 00 b8 84 03 00 00 e9 58 ff ff
0x000075808e04affe:   ff 90 55 48 89 e5 41 57 41 56 41 55 49 89 fd 41
0x000075808e04b00e:   54 4d 89 c4 53 48 83 ec 38 49 c7 00 00 00 00 00
0x000075808e04b01e:   48 85 f6 0f 84 b9 00 00 00 44 8b 0e 41 ba 00 00
0x000075808e04b02e:   00 00 48 89 f3 45 85 c9 4c 0f 45 d6 48 83 fa 02
0x000075808e04b03e:   77 20 48 85 d2 74 5b 48 83 fa 02 0f 85 81 00 00
0x000075808e04b04e:   00 4d 85 d2 0f 84 a8 00 00 00 41 b8 90 01 00 00
0x000075808e04b05e:   eb 28 4c 8b 1a 4d 85 db 74 f0 49 39 5b 10 75 ea
0x000075808e04b06e:   49 83 bb e8 03 00 00 00 75 09 4d 85 ed 0f 85 57
0x000075808e04b07e:   01 00 00 4d 89 1c 24 45 31 c0 48 8d 65 d8 44 89
0x000075808e04b08e:   c0 5b 41 5c 41 5d 41 5e 41 5f 5d c3 66 0f 1f 44
0x000075808e04b09e:   00 00 83 f9 02 0f 84 27 02 00 00 83 f9 03 0f 84
0x000075808e04b0ae:   06 02 00 00 83 f9 01 0f 84 e5 01 00 00 0f b6 05
0x000075808e04b0be:   66 ac 91 01 c0 e8 03 83 e0 01 84 c0 0f 85 7f ff
0x000075808e04b0ce:   ff ff 4d 85 d2 0f 84 ef 00 00 00 4d 8b 5a 68 eb
0x000075808e04b0de:   84 90 48 83 fa 02 0f 86 6e ff ff ff 4c 8b 1a 4d
0x000075808e04b0ee:   85 db 0f 85 78 ff ff ff e9 5d ff ff ff 0f 1f 44
0x000075808e04b0fe:   00 00 4d 8b 5d 18 4d 85 db 74 0d 8b 43 38 41 39
0x000075808e04b10e:   45 20 0f 84 9f 00 00 00 4c 8d b3 a0 03 00 00 4c
0x000075808e04b11e:   89 55 a8 4d 8b 7d 10 4c 89 f7 e8 83 38 e9 ff 4c
0x000075808e04b12e:   8b 9b c8 03 00 00 45 31 c0 4c 89 fe 4c 89 c2 41
0x000075808e04b13e:   8b 3b 4c 89 5d b0 89 7d b8 e8 14 72 0d 00 4c 8b
0x000075808e04b14e:   5d b0 48 83 ec 08 8b 7d b8 45 31 c0 41 89 c1 4c
0x000075808e04b15e:   89 f9 49 8b 53 10 41 8b 73 0c 6a 00 e8 21 ee 2a 


Stack slot to memory mapping:

stack at sp + 0 slots: 0x00007580c001c5a8 points into unknown readable memory: 0x0000000000000045 | 45 00 00 00 00 00 00 00
stack at sp + 1 slots: 0x00000000000000d8 is an unknown value
stack at sp + 2 slots: 0x00007580c75feab0 is pointing into the stack for thread: 0x00007580c001b940
stack at sp + 3 slots: 0x00007580c001b940 is a thread
stack at sp + 4 slots: 0x00007580c001b940 is a thread
stack at sp + 5 slots: 0x00007580c001c480 points into unknown readable memory: 0x00007580c0000002 | 02 00 00 c0 80 75 00 00
stack at sp + 6 slots: 0x00007580c001c4c0 points into unknown readable memory: 0x0000000000000000 | 00 00 00 00 00 00 00 00
stack at sp + 7 slots: 0x00007580c75fe398 is pointing into the stack for thread: 0x00007580c001b940


---------------  P R O C E S S  ---------------

Threads class SMR info:
_java_thread_list=0x00007580c1570fc0, length=17, elements={
0x00007580c001b940, 0x00007580c0139ff0, 0x00007580c013b680, 0x00007580c013d150,
0x00007580c013e7a0, 0x00007580c013fd50, 0x00007580c0141920, 0x00007580c0142ff0,
0x00007580c0162170, 0x00007580080787d0, 0x0000757ffc019380, 0x00007580c01add30,
0x00007580c01c54a0, 0x0000757ff0001110, 0x00007580c01c66f0, 0x00007580c153fbe0,
0x00007580c1570070
}

Java Threads: ( => current thread )
=>0x00007580c001b940 JavaThread "main"                              [_thread_in_native, id=39277, stack(0x00007580c7500000,0x00007580c7600000) (1024K)]
  0x00007580c0139ff0 JavaThread "Reference Handler"          daemon [_thread_blocked, id=39285, stack(0x0000758098f00000,0x0000758099000000) (1024K)]
  0x00007580c013b680 JavaThread "Finalizer"                  daemon [_thread_blocked, id=39286, stack(0x0000758098e00000,0x0000758098f00000) (1024K)]
  0x00007580c013d150 JavaThread "Signal Dispatcher"          daemon [_thread_blocked, id=39287, stack(0x0000758098d00000,0x0000758098e00000) (1024K)]
  0x00007580c013e7a0 JavaThread "Service Thread"             daemon [_thread_blocked, id=39288, stack(0x0000758098c00000,0x0000758098d00000) (1024K)]
  0x00007580c013fd50 JavaThread "Monitor Deflation Thread"   daemon [_thread_blocked, id=39289, stack(0x0000758098b00000,0x0000758098c00000) (1024K)]
  0x00007580c0141920 JavaThread "C2 CompilerThread0"         daemon [_thread_blocked, id=39290, stack(0x0000758098a00000,0x0000758098b00000) (1024K)]
  0x00007580c0142ff0 JavaThread "C1 CompilerThread0"         daemon [_thread_blocked, id=39291, stack(0x0000758098900000,0x0000758098a00000) (1024K)]
  0x00007580c0162170 JavaThread "Common-Cleaner"             daemon [_thread_blocked, id=39292, stack(0x0000758098800000,0x0000758098900000) (1024K)]
  0x00007580080787d0 JavaThread "C1 CompilerThread1"         daemon [_thread_blocked, id=39293, stack(0x0000758098700000,0x0000758098800000) (1024K)]
  0x0000757ffc019380 JavaThread "C1 CompilerThread2"         daemon [_thread_blocked, id=39294, stack(0x0000758098600000,0x0000758098700000) (1024K)]
  0x00007580c01add30 JavaThread "JDWP Transport Listener: dt_socket" daemon [_thread_blocked, id=39295, stack(0x0000758098500000,0x0000758098600000) (1024K)]
  0x00007580c01c54a0 JavaThread "JDWP Event Helper Thread"   daemon [_thread_blocked, id=39297, stack(0x0000758098400000,0x0000758098500000) (1024K)]
  0x0000757ff0001110 JavaThread "JDWP Command Reader"        daemon [_thread_in_native, id=39299, stack(0x0000758098300000,0x0000758098400000) (1024K)]
  0x00007580c01c66f0 JavaThread "Notification Thread"        daemon [_thread_blocked, id=39301, stack(0x0000758098200000,0x0000758098300000) (1024K)]
  0x00007580c153fbe0 JavaThread "pool-1-thread-1"            daemon [_thread_blocked, id=39309, stack(0x0000758098100000,0x0000758098200000) (1024K)]
  0x00007580c1570070 JavaThread "Java2D Disposer"            daemon [_thread_blocked, id=39310, stack(0x000075808c500000,0x000075808c600000) (1024K)]
Total: 17

Other Threads:
  0x00007580c012cca0 VMThread "VM Thread"                           [id=39284, stack(0x0000758099dff000,0x0000758099eff000) (1024K)]
  0x00007580c0112450 WatcherThread "VM Periodic Task Thread"        [id=39283, stack(0x0000758099f00000,0x000075809a000000) (1024K)]
  0x00007580c0046600 WorkerThread "GC Thread#0"                     [id=39278, stack(0x00007580c4500000,0x00007580c4600000) (1024K)]
  0x00007580c0057100 ConcurrentGCThread "G1 Main Marker"            [id=39279, stack(0x00007580c43ff000,0x00007580c44ff000) (1024K)]
  0x00007580c00580b0 WorkerThread "G1 Conc#0"                       [id=39280, stack(0x00007580c42fe000,0x00007580c43fe000) (1024K)]
  0x00007580c00ffcc0 ConcurrentGCThread "G1 Refine#0"               [id=39281, stack(0x00007580a01f7000,0x00007580a02f7000) (1024K)]
  0x00007580c0100c80 ConcurrentGCThread "G1 Service"                [id=39282, stack(0x00007580a00f6000,0x00007580a01f6000) (1024K)]
Total: 7

Threads with active compile tasks:
Total: 0

VM state: not at safepoint (normal execution)

VM Mutex/Monitor currently owned by a thread: None

Heap address: 0x0000000616800000, size: 7832 MB, Compressed Oops mode: Zero based, Oop shift amount: 3

CDS archive(s) mapped at: [0x0000758043000000-0x0000758043cae000-0x0000758043cae000), size 13295616, SharedBaseAddress: 0x0000758043000000, ArchiveRelocationMode: 1.
Compressed class space mapped at: 0x0000758044000000-0x0000758084000000, reserved size: 1073741824
Narrow klass base: 0x0000758043000000, Narrow klass shift: 0, Narrow klass range: 0x100000000

GC Precious Log:
 CardTable entry size: 512
 Card Set container configuration: InlinePtr #cards 4 size 8 Array Of Cards #cards 32 size 80 Howl #buckets 8 coarsen threshold 7372 Howl Bitmap #cards 1024 size 144 coarsen threshold 921 Card regions per heap region 1 cards per card region 8192
 CPUs: 16 total, 16 available
 Memory: 31322M
 Large Page Support: Disabled
 NUMA Support: Disabled
 Compressed Oops: Enabled (Zero based)
 Heap Region Size: 4M
 Heap Min Capacity: 8M
 Heap Initial Capacity: 492M
 Heap Max Capacity: 7832M
 Pre-touch: Disabled
 Parallel Workers: 13
 Concurrent Workers: 3
 Concurrent Refinement Workers: 13
 Periodic GC: Disabled

Heap:
 garbage-first heap   total 507904K, used 9246K [0x0000000616800000, 0x0000000800000000)
  region size 4096K, 3 young (12288K), 0 survivors (0K)
 Metaspace       used 3404K, committed 3584K, reserved 1114112K
  class space    used 290K, committed 384K, reserved 1048576K

Heap Regions: E=young(eden), S=young(survivor), O=old, HS=humongous(starts), HC=humongous(continues), CS=collection set, F=free, TAMS=top-at-mark-start, PB=parsable bottom
|   0|0x0000000616800000, 0x0000000616800000, 0x0000000616c00000|  0%| F|  |TAMS 0x0000000616800000| PB 0x0000000616800000| Untracked 
|   1|0x0000000616c00000, 0x0000000616c00000, 0x0000000617000000|  0%| F|  |TAMS 0x0000000616c00000| PB 0x0000000616c00000| Untracked 
|   2|0x0000000617000000, 0x0000000617000000, 0x0000000617400000|  0%| F|  |TAMS 0x0000000617000000| PB 0x0000000617000000| Untracked 
|   3|0x0000000617400000, 0x0000000617400000, 0x0000000617800000|  0%| F|  |TAMS 0x0000000617400000| PB 0x0000000617400000| Untracked 
|   4|0x0000000617800000, 0x0000000617800000, 0x0000000617c00000|  0%| F|  |TAMS 0x0000000617800000| PB 0x0000000617800000| Untracked 
|   5|0x0000000617c00000, 0x0000000617c00000, 0x0000000618000000|  0%| F|  |TAMS 0x0000000617c00000| PB 0x0000000617c00000| Untracked 
|   6|0x0000000618000000, 0x0000000618000000, 0x0000000618400000|  0%| F|  |TAMS 0x0000000618000000| PB 0x0000000618000000| Untracked 
|   7|0x0000000618400000, 0x0000000618400000, 0x0000000618800000|  0%| F|  |TAMS 0x0000000618400000| PB 0x0000000618400000| Untracked 
|   8|0x0000000618800000, 0x0000000618800000, 0x0000000618c00000|  0%| F|  |TAMS 0x0000000618800000| PB 0x0000000618800000| Untracked 
|   9|0x0000000618c00000, 0x0000000618c00000, 0x0000000619000000|  0%| F|  |TAMS 0x0000000618c00000| PB 0x0000000618c00000| Untracked 
|  10|0x0000000619000000, 0x0000000619000000, 0x0000000619400000|  0%| F|  |TAMS 0x0000000619000000| PB 0x0000000619000000| Untracked 
|  11|0x0000000619400000, 0x0000000619400000, 0x0000000619800000|  0%| F|  |TAMS 0x0000000619400000| PB 0x0000000619400000| Untracked 
|  12|0x0000000619800000, 0x0000000619800000, 0x0000000619c00000|  0%| F|  |TAMS 0x0000000619800000| PB 0x0000000619800000| Untracked 
|  13|0x0000000619c00000, 0x0000000619c00000, 0x000000061a000000|  0%| F|  |TAMS 0x0000000619c00000| PB 0x0000000619c00000| Untracked 
|  14|0x000000061a000000, 0x000000061a000000, 0x000000061a400000|  0%| F|  |TAMS 0x000000061a000000| PB 0x000000061a000000| Untracked 
|  15|0x000000061a400000, 0x000000061a400000, 0x000000061a800000|  0%| F|  |TAMS 0x000000061a400000| PB 0x000000061a400000| Untracked 
|  16|0x000000061a800000, 0x000000061a800000, 0x000000061ac00000|  0%| F|  |TAMS 0x000000061a800000| PB 0x000000061a800000| Untracked 
|  17|0x000000061ac00000, 0x000000061ac00000, 0x000000061b000000|  0%| F|  |TAMS 0x000000061ac00000| PB 0x000000061ac00000| Untracked 
|  18|0x000000061b000000, 0x000000061b000000, 0x000000061b400000|  0%| F|  |TAMS 0x000000061b000000| PB 0x000000061b000000| Untracked 
|  19|0x000000061b400000, 0x000000061b400000, 0x000000061b800000|  0%| F|  |TAMS 0x000000061b400000| PB 0x000000061b400000| Untracked 
|  20|0x000000061b800000, 0x000000061b800000, 0x000000061bc00000|  0%| F|  |TAMS 0x000000061b800000| PB 0x000000061b800000| Untracked 
|  21|0x000000061bc00000, 0x000000061bc00000, 0x000000061c000000|  0%| F|  |TAMS 0x000000061bc00000| PB 0x000000061bc00000| Untracked 
|  22|0x000000061c000000, 0x000000061c000000, 0x000000061c400000|  0%| F|  |TAMS 0x000000061c000000| PB 0x000000061c000000| Untracked 
|  23|0x000000061c400000, 0x000000061c400000, 0x000000061c800000|  0%| F|  |TAMS 0x000000061c400000| PB 0x000000061c400000| Untracked 
|  24|0x000000061c800000, 0x000000061c800000, 0x000000061cc00000|  0%| F|  |TAMS 0x000000061c800000| PB 0x000000061c800000| Untracked 
|  25|0x000000061cc00000, 0x000000061cc00000, 0x000000061d000000|  0%| F|  |TAMS 0x000000061cc00000| PB 0x000000061cc00000| Untracked 
|  26|0x000000061d000000, 0x000000061d000000, 0x000000061d400000|  0%| F|  |TAMS 0x000000061d000000| PB 0x000000061d000000| Untracked 
|  27|0x000000061d400000, 0x000000061d400000, 0x000000061d800000|  0%| F|  |TAMS 0x000000061d400000| PB 0x000000061d400000| Untracked 
|  28|0x000000061d800000, 0x000000061d800000, 0x000000061dc00000|  0%| F|  |TAMS 0x000000061d800000| PB 0x000000061d800000| Untracked 
|  29|0x000000061dc00000, 0x000000061dc00000, 0x000000061e000000|  0%| F|  |TAMS 0x000000061dc00000| PB 0x000000061dc00000| Untracked 
|  30|0x000000061e000000, 0x000000061e000000, 0x000000061e400000|  0%| F|  |TAMS 0x000000061e000000| PB 0x000000061e000000| Untracked 
|  31|0x000000061e400000, 0x000000061e400000, 0x000000061e800000|  0%| F|  |TAMS 0x000000061e400000| PB 0x000000061e400000| Untracked 
|  32|0x000000061e800000, 0x000000061e800000, 0x000000061ec00000|  0%| F|  |TAMS 0x000000061e800000| PB 0x000000061e800000| Untracked 
|  33|0x000000061ec00000, 0x000000061ec00000, 0x000000061f000000|  0%| F|  |TAMS 0x000000061ec00000| PB 0x000000061ec00000| Untracked 
|  34|0x000000061f000000, 0x000000061f000000, 0x000000061f400000|  0%| F|  |TAMS 0x000000061f000000| PB 0x000000061f000000| Untracked 
|  35|0x000000061f400000, 0x000000061f400000, 0x000000061f800000|  0%| F|  |TAMS 0x000000061f400000| PB 0x000000061f400000| Untracked 
|  36|0x000000061f800000, 0x000000061f800000, 0x000000061fc00000|  0%| F|  |TAMS 0x000000061f800000| PB 0x000000061f800000| Untracked 
|  37|0x000000061fc00000, 0x000000061fc00000, 0x0000000620000000|  0%| F|  |TAMS 0x000000061fc00000| PB 0x000000061fc00000| Untracked 
|  38|0x0000000620000000, 0x0000000620000000, 0x0000000620400000|  0%| F|  |TAMS 0x0000000620000000| PB 0x0000000620000000| Untracked 
|  39|0x0000000620400000, 0x0000000620400000, 0x0000000620800000|  0%| F|  |TAMS 0x0000000620400000| PB 0x0000000620400000| Untracked 
|  40|0x0000000620800000, 0x0000000620800000, 0x0000000620c00000|  0%| F|  |TAMS 0x0000000620800000| PB 0x0000000620800000| Untracked 
|  41|0x0000000620c00000, 0x0000000620c00000, 0x0000000621000000|  0%| F|  |TAMS 0x0000000620c00000| PB 0x0000000620c00000| Untracked 
|  42|0x0000000621000000, 0x0000000621000000, 0x0000000621400000|  0%| F|  |TAMS 0x0000000621000000| PB 0x0000000621000000| Untracked 
|  43|0x0000000621400000, 0x0000000621400000, 0x0000000621800000|  0%| F|  |TAMS 0x0000000621400000| PB 0x0000000621400000| Untracked 
|  44|0x0000000621800000, 0x0000000621800000, 0x0000000621c00000|  0%| F|  |TAMS 0x0000000621800000| PB 0x0000000621800000| Untracked 
|  45|0x0000000621c00000, 0x0000000621c00000, 0x0000000622000000|  0%| F|  |TAMS 0x0000000621c00000| PB 0x0000000621c00000| Untracked 
|  46|0x0000000622000000, 0x0000000622000000, 0x0000000622400000|  0%| F|  |TAMS 0x0000000622000000| PB 0x0000000622000000| Untracked 
|  47|0x0000000622400000, 0x0000000622400000, 0x0000000622800000|  0%| F|  |TAMS 0x0000000622400000| PB 0x0000000622400000| Untracked 
|  48|0x0000000622800000, 0x0000000622800000, 0x0000000622c00000|  0%| F|  |TAMS 0x0000000622800000| PB 0x0000000622800000| Untracked 
|  49|0x0000000622c00000, 0x0000000622c00000, 0x0000000623000000|  0%| F|  |TAMS 0x0000000622c00000| PB 0x0000000622c00000| Untracked 
|  50|0x0000000623000000, 0x0000000623000000, 0x0000000623400000|  0%| F|  |TAMS 0x0000000623000000| PB 0x0000000623000000| Untracked 
|  51|0x0000000623400000, 0x0000000623400000, 0x0000000623800000|  0%| F|  |TAMS 0x0000000623400000| PB 0x0000000623400000| Untracked 
|  52|0x0000000623800000, 0x0000000623800000, 0x0000000623c00000|  0%| F|  |TAMS 0x0000000623800000| PB 0x0000000623800000| Untracked 
|  53|0x0000000623c00000, 0x0000000623c00000, 0x0000000624000000|  0%| F|  |TAMS 0x0000000623c00000| PB 0x0000000623c00000| Untracked 
|  54|0x0000000624000000, 0x0000000624000000, 0x0000000624400000|  0%| F|  |TAMS 0x0000000624000000| PB 0x0000000624000000| Untracked 
|  55|0x0000000624400000, 0x0000000624400000, 0x0000000624800000|  0%| F|  |TAMS 0x0000000624400000| PB 0x0000000624400000| Untracked 
|  56|0x0000000624800000, 0x0000000624800000, 0x0000000624c00000|  0%| F|  |TAMS 0x0000000624800000| PB 0x0000000624800000| Untracked 
|  57|0x0000000624c00000, 0x0000000624c00000, 0x0000000625000000|  0%| F|  |TAMS 0x0000000624c00000| PB 0x0000000624c00000| Untracked 
|  58|0x0000000625000000, 0x0000000625000000, 0x0000000625400000|  0%| F|  |TAMS 0x0000000625000000| PB 0x0000000625000000| Untracked 
|  59|0x0000000625400000, 0x0000000625400000, 0x0000000625800000|  0%| F|  |TAMS 0x0000000625400000| PB 0x0000000625400000| Untracked 
|  60|0x0000000625800000, 0x0000000625800000, 0x0000000625c00000|  0%| F|  |TAMS 0x0000000625800000| PB 0x0000000625800000| Untracked 
|  61|0x0000000625c00000, 0x0000000625c00000, 0x0000000626000000|  0%| F|  |TAMS 0x0000000625c00000| PB 0x0000000625c00000| Untracked 
|  62|0x0000000626000000, 0x0000000626000000, 0x0000000626400000|  0%| F|  |TAMS 0x0000000626000000| PB 0x0000000626000000| Untracked 
|  63|0x0000000626400000, 0x0000000626400000, 0x0000000626800000|  0%| F|  |TAMS 0x0000000626400000| PB 0x0000000626400000| Untracked 
|  64|0x0000000626800000, 0x0000000626800000, 0x0000000626c00000|  0%| F|  |TAMS 0x0000000626800000| PB 0x0000000626800000| Untracked 
|  65|0x0000000626c00000, 0x0000000626c00000, 0x0000000627000000|  0%| F|  |TAMS 0x0000000626c00000| PB 0x0000000626c00000| Untracked 
|  66|0x0000000627000000, 0x0000000627000000, 0x0000000627400000|  0%| F|  |TAMS 0x0000000627000000| PB 0x0000000627000000| Untracked 
|  67|0x0000000627400000, 0x0000000627400000, 0x0000000627800000|  0%| F|  |TAMS 0x0000000627400000| PB 0x0000000627400000| Untracked 
|  68|0x0000000627800000, 0x0000000627800000, 0x0000000627c00000|  0%| F|  |TAMS 0x0000000627800000| PB 0x0000000627800000| Untracked 
|  69|0x0000000627c00000, 0x0000000627c00000, 0x0000000628000000|  0%| F|  |TAMS 0x0000000627c00000| PB 0x0000000627c00000| Untracked 
|  70|0x0000000628000000, 0x0000000628000000, 0x0000000628400000|  0%| F|  |TAMS 0x0000000628000000| PB 0x0000000628000000| Untracked 
|  71|0x0000000628400000, 0x0000000628400000, 0x0000000628800000|  0%| F|  |TAMS 0x0000000628400000| PB 0x0000000628400000| Untracked 
|  72|0x0000000628800000, 0x0000000628800000, 0x0000000628c00000|  0%| F|  |TAMS 0x0000000628800000| PB 0x0000000628800000| Untracked 
|  73|0x0000000628c00000, 0x0000000628c00000, 0x0000000629000000|  0%| F|  |TAMS 0x0000000628c00000| PB 0x0000000628c00000| Untracked 
|  74|0x0000000629000000, 0x0000000629000000, 0x0000000629400000|  0%| F|  |TAMS 0x0000000629000000| PB 0x0000000629000000| Untracked 
|  75|0x0000000629400000, 0x0000000629400000, 0x0000000629800000|  0%| F|  |TAMS 0x0000000629400000| PB 0x0000000629400000| Untracked 
|  76|0x0000000629800000, 0x0000000629800000, 0x0000000629c00000|  0%| F|  |TAMS 0x0000000629800000| PB 0x0000000629800000| Untracked 
|  77|0x0000000629c00000, 0x0000000629c00000, 0x000000062a000000|  0%| F|  |TAMS 0x0000000629c00000| PB 0x0000000629c00000| Untracked 
|  78|0x000000062a000000, 0x000000062a000000, 0x000000062a400000|  0%| F|  |TAMS 0x000000062a000000| PB 0x000000062a000000| Untracked 
|  79|0x000000062a400000, 0x000000062a400000, 0x000000062a800000|  0%| F|  |TAMS 0x000000062a400000| PB 0x000000062a400000| Untracked 
|  80|0x000000062a800000, 0x000000062a800000, 0x000000062ac00000|  0%| F|  |TAMS 0x000000062a800000| PB 0x000000062a800000| Untracked 
|  81|0x000000062ac00000, 0x000000062ac00000, 0x000000062b000000|  0%| F|  |TAMS 0x000000062ac00000| PB 0x000000062ac00000| Untracked 
|  82|0x000000062b000000, 0x000000062b000000, 0x000000062b400000|  0%| F|  |TAMS 0x000000062b000000| PB 0x000000062b000000| Untracked 
|  83|0x000000062b400000, 0x000000062b400000, 0x000000062b800000|  0%| F|  |TAMS 0x000000062b400000| PB 0x000000062b400000| Untracked 
|  84|0x000000062b800000, 0x000000062b800000, 0x000000062bc00000|  0%| F|  |TAMS 0x000000062b800000| PB 0x000000062b800000| Untracked 
|  85|0x000000062bc00000, 0x000000062bc00000, 0x000000062c000000|  0%| F|  |TAMS 0x000000062bc00000| PB 0x000000062bc00000| Untracked 
|  86|0x000000062c000000, 0x000000062c000000, 0x000000062c400000|  0%| F|  |TAMS 0x000000062c000000| PB 0x000000062c000000| Untracked 
|  87|0x000000062c400000, 0x000000062c400000, 0x000000062c800000|  0%| F|  |TAMS 0x000000062c400000| PB 0x000000062c400000| Untracked 
|  88|0x000000062c800000, 0x000000062c800000, 0x000000062cc00000|  0%| F|  |TAMS 0x000000062c800000| PB 0x000000062c800000| Untracked 
|  89|0x000000062cc00000, 0x000000062cc00000, 0x000000062d000000|  0%| F|  |TAMS 0x000000062cc00000| PB 0x000000062cc00000| Untracked 
|  90|0x000000062d000000, 0x000000062d000000, 0x000000062d400000|  0%| F|  |TAMS 0x000000062d000000| PB 0x000000062d000000| Untracked 
|  91|0x000000062d400000, 0x000000062d400000, 0x000000062d800000|  0%| F|  |TAMS 0x000000062d400000| PB 0x000000062d400000| Untracked 
|  92|0x000000062d800000, 0x000000062d800000, 0x000000062dc00000|  0%| F|  |TAMS 0x000000062d800000| PB 0x000000062d800000| Untracked 
|  93|0x000000062dc00000, 0x000000062dc00000, 0x000000062e000000|  0%| F|  |TAMS 0x000000062dc00000| PB 0x000000062dc00000| Untracked 
|  94|0x000000062e000000, 0x000000062e000000, 0x000000062e400000|  0%| F|  |TAMS 0x000000062e000000| PB 0x000000062e000000| Untracked 
|  95|0x000000062e400000, 0x000000062e400000, 0x000000062e800000|  0%| F|  |TAMS 0x000000062e400000| PB 0x000000062e400000| Untracked 
|  96|0x000000062e800000, 0x000000062e800000, 0x000000062ec00000|  0%| F|  |TAMS 0x000000062e800000| PB 0x000000062e800000| Untracked 
|  97|0x000000062ec00000, 0x000000062ec00000, 0x000000062f000000|  0%| F|  |TAMS 0x000000062ec00000| PB 0x000000062ec00000| Untracked 
|  98|0x000000062f000000, 0x000000062f000000, 0x000000062f400000|  0%| F|  |TAMS 0x000000062f000000| PB 0x000000062f000000| Untracked 
|  99|0x000000062f400000, 0x000000062f400000, 0x000000062f800000|  0%| F|  |TAMS 0x000000062f400000| PB 0x000000062f400000| Untracked 
| 100|0x000000062f800000, 0x000000062f800000, 0x000000062fc00000|  0%| F|  |TAMS 0x000000062f800000| PB 0x000000062f800000| Untracked 
| 101|0x000000062fc00000, 0x000000062fc00000, 0x0000000630000000|  0%| F|  |TAMS 0x000000062fc00000| PB 0x000000062fc00000| Untracked 
| 102|0x0000000630000000, 0x0000000630000000, 0x0000000630400000|  0%| F|  |TAMS 0x0000000630000000| PB 0x0000000630000000| Untracked 
| 103|0x0000000630400000, 0x0000000630400000, 0x0000000630800000|  0%| F|  |TAMS 0x0000000630400000| PB 0x0000000630400000| Untracked 
| 104|0x0000000630800000, 0x0000000630800000, 0x0000000630c00000|  0%| F|  |TAMS 0x0000000630800000| PB 0x0000000630800000| Untracked 
| 105|0x0000000630c00000, 0x0000000630c00000, 0x0000000631000000|  0%| F|  |TAMS 0x0000000630c00000| PB 0x0000000630c00000| Untracked 
| 106|0x0000000631000000, 0x0000000631000000, 0x0000000631400000|  0%| F|  |TAMS 0x0000000631000000| PB 0x0000000631000000| Untracked 
| 107|0x0000000631400000, 0x0000000631400000, 0x0000000631800000|  0%| F|  |TAMS 0x0000000631400000| PB 0x0000000631400000| Untracked 
| 108|0x0000000631800000, 0x0000000631800000, 0x0000000631c00000|  0%| F|  |TAMS 0x0000000631800000| PB 0x0000000631800000| Untracked 
| 109|0x0000000631c00000, 0x0000000631c00000, 0x0000000632000000|  0%| F|  |TAMS 0x0000000631c00000| PB 0x0000000631c00000| Untracked 
| 110|0x0000000632000000, 0x0000000632000000, 0x0000000632400000|  0%| F|  |TAMS 0x0000000632000000| PB 0x0000000632000000| Untracked 
| 111|0x0000000632400000, 0x0000000632400000, 0x0000000632800000|  0%| F|  |TAMS 0x0000000632400000| PB 0x0000000632400000| Untracked 
| 112|0x0000000632800000, 0x0000000632800000, 0x0000000632c00000|  0%| F|  |TAMS 0x0000000632800000| PB 0x0000000632800000| Untracked 
| 113|0x0000000632c00000, 0x0000000632c00000, 0x0000000633000000|  0%| F|  |TAMS 0x0000000632c00000| PB 0x0000000632c00000| Untracked 
| 114|0x0000000633000000, 0x0000000633000000, 0x0000000633400000|  0%| F|  |TAMS 0x0000000633000000| PB 0x0000000633000000| Untracked 
| 115|0x0000000633400000, 0x0000000633400000, 0x0000000633800000|  0%| F|  |TAMS 0x0000000633400000| PB 0x0000000633400000| Untracked 
| 116|0x0000000633800000, 0x0000000633800000, 0x0000000633c00000|  0%| F|  |TAMS 0x0000000633800000| PB 0x0000000633800000| Untracked 
| 117|0x0000000633c00000, 0x0000000633c00000, 0x0000000634000000|  0%| F|  |TAMS 0x0000000633c00000| PB 0x0000000633c00000| Untracked 
| 118|0x0000000634000000, 0x0000000634000000, 0x0000000634400000|  0%| F|  |TAMS 0x0000000634000000| PB 0x0000000634000000| Untracked 
| 119|0x0000000634400000, 0x0000000634400000, 0x0000000634800000|  0%| F|  |TAMS 0x0000000634400000| PB 0x0000000634400000| Untracked 
| 120|0x0000000634800000, 0x00000006348f6498, 0x0000000634c00000| 24%| E|  |TAMS 0x0000000634800000| PB 0x0000000634800000| Complete 
| 121|0x0000000634c00000, 0x0000000635000000, 0x0000000635000000|100%| E|CS|TAMS 0x0000000634c00000| PB 0x0000000634c00000| Complete 
| 122|0x0000000635000000, 0x0000000635400000, 0x0000000635400000|100%| E|CS|TAMS 0x0000000635000000| PB 0x0000000635000000| Complete 
|1957|0x00000007ffc00000, 0x00000007ffd079d8, 0x0000000800000000| 25%| O|  |TAMS 0x00000007ffc00000| PB 0x00000007ffc00000| Untracked 

Card table byte_map: [0x00007580c4600000,0x00007580c554c000] _byte_map_base: 0x00007580c154c000

Marking Bits: (CMBitMap*) 0x00007580c0047130
 Bits: [0x00007580a0c00000, 0x00007580a8660000)

Polling page: 0x00007580c92dc000

Metaspace:

Usage:
  Non-class:      3.04 MB used.
      Class:    290.41 KB used.
       Both:      3.33 MB used.

Virtual space:
  Non-class space:       64.00 MB reserved,       3.12 MB (  5%) committed,  1 nodes.
      Class space:        1.00 GB reserved,     384.00 KB ( <1%) committed,  1 nodes.
             Both:        1.06 GB reserved,       3.50 MB ( <1%) committed. 

Chunk freelists:
   Non-Class:  11.00 MB
       Class:  15.61 MB
        Both:  26.61 MB

MaxMetaspaceSize: unlimited
CompressedClassSpaceSize: 1.00 GB
Initial GC threshold: 21.00 MB
Current GC threshold: 21.00 MB
CDS: on
 - commit_granule_bytes: 65536.
 - commit_granule_words: 8192.
 - virtual_space_node_default_size: 8388608.
 - enlarge_chunks_in_place: 1.
 - use_allocation_guard: 0.


Internal statistics:

num_allocs_failed_limit: 0.
num_arena_births: 104.
num_arena_deaths: 0.
num_vsnodes_births: 2.
num_vsnodes_deaths: 0.
num_space_committed: 56.
num_space_uncommitted: 0.
num_chunks_returned_to_freelist: 0.
num_chunks_taken_from_freelist: 180.
num_chunk_merges: 0.
num_chunk_splits: 108.
num_chunks_enlarged: 49.
num_inconsistent_stats: 0.

CodeHeap 'non-profiled nmethods': size=119168Kb used=205Kb max_used=205Kb free=118963Kb
 bounds [0x00007580b03a0000, 0x00007580b0610000, 0x00007580b7800000]
CodeHeap 'profiled nmethods': size=119164Kb used=1022Kb max_used=1022Kb free=118141Kb
 bounds [0x00007580a8800000, 0x00007580a8a70000, 0x00007580afc5f000]
CodeHeap 'non-nmethods': size=7428Kb used=2696Kb max_used=2705Kb free=4731Kb
 bounds [0x00007580afc5f000, 0x00007580aff0f000, 0x00007580b03a0000]
 total_blobs=1301 nmethods=696 adapters=509
 compilation: enabled
              stopped_count=0, restarted_count=0
 full_count=0

Compilation events (20 events):
Event: 0.351 Thread 0x00007580080787d0  687       3       java.util.ArrayDeque::elementAt (4 bytes)
Event: 0.351 Thread 0x00007580c0142ff0 nmethod 681 0x00007580a88f8410 code [0x00007580a88f86e0, 0x00007580a88f9668]
Event: 0.351 Thread 0x00007580c0142ff0  688       3       java.util.zip.Inflater::ensureOpen (47 bytes)
Event: 0.351 Thread 0x00007580080787d0 nmethod 687 0x00007580a88f9d90 code [0x00007580a88f9f20, 0x00007580a88fa030]
Event: 0.351 Thread 0x00007580c0142ff0 nmethod 688 0x00007580a88fa110 code [0x00007580a88fa2c0, 0x00007580a88fa530]
Event: 0.352 Thread 0x00007580080787d0  689       1       jdk.internal.loader.URLClassPath$Loader::getBaseURL (5 bytes)
Event: 0.352 Thread 0x00007580080787d0 nmethod 689 0x00007580b03d2590 code [0x00007580b03d2720, 0x00007580b03d27e8]
Event: 0.352 Thread 0x0000757ffc019380 nmethod 680 0x00007580a88fa690 code [0x00007580a88faae0, 0x00007580a88fd190]
Event: 0.353 Thread 0x00007580c0142ff0  690       3       java.util.jar.JarFile::maybeInstantiateVerifier (42 bytes)
Event: 0.353 Thread 0x00007580080787d0  691       1       java.net.URLStreamHandler::getDefaultPort (2 bytes)
Event: 0.353 Thread 0x00007580080787d0 nmethod 691 0x00007580b03d2890 code [0x00007580b03d2a20, 0x00007580b03d2ae0]
Event: 0.353 Thread 0x0000757ffc019380  692       3       jdk.internal.ref.CleanerFactory::cleaner (4 bytes)
Event: 0.353 Thread 0x00007580c0142ff0 nmethod 690 0x00007580a88fe390 code [0x00007580a88fe560, 0x00007580a88fe8d0]
Event: 0.353 Thread 0x0000757ffc019380 nmethod 692 0x00007580a88fea10 code [0x00007580a88feba0, 0x00007580a88fec90]
Event: 0.354 Thread 0x00007580c0141920  693       4       java.lang.invoke.MethodType::parameterCount (6 bytes)
Event: 0.354 Thread 0x00007580c0141920 nmethod 693 0x00007580b03d2b90 code [0x00007580b03d2d00, 0x00007580b03d2da8]
Event: 0.356 Thread 0x00007580c0142ff0  695       3       java.lang.String::indexOf (64 bytes)
Event: 0.356 Thread 0x0000757ffc019380  696       3       java.lang.StringLatin1::indexOf (25 bytes)
Event: 0.356 Thread 0x0000757ffc019380 nmethod 696 0x00007580a88fed10 code [0x00007580a88feec0, 0x00007580a88ff0d0]
Event: 0.356 Thread 0x00007580c0142ff0 nmethod 695 0x00007580a88ff190 code [0x00007580a88ff3a0, 0x00007580a88ff888]

GC Heap History (0 events):
No events

Dll operation events (11 events):
Event: 0.002 Loaded shared library /usr/lib/jvm/java-21-openjdk-amd64/lib/libjava.so
Event: 0.024 Loaded shared library /usr/lib/jvm/java-21-openjdk-amd64/lib/libjsvml.so
Event: 0.025 Loaded shared library /usr/lib/jvm/java-21-openjdk-amd64/lib/libnio.so
Event: 0.075 Loaded shared library /usr/lib/jvm/java-21-openjdk-amd64/lib/libzip.so
Event: 0.100 Loaded shared library /usr/lib/jvm/java-21-openjdk-amd64/lib/libjimage.so
Event: 0.140 Loaded shared library /tmp/libJCublas2-12.0.0-linux-x86_64.so
Event: 0.253 Loaded shared library /tmp/libJCudaRuntime-12.0.0-linux-x86_64.so
Event: 0.270 Loaded shared library /usr/lib/jvm/java-21-openjdk-amd64/lib/libawt.so
Event: 0.273 Loaded shared library /usr/lib/jvm/java-21-openjdk-amd64/lib/libawt_xawt.so
Event: 0.300 Loaded shared library /usr/lib/jvm/java-21-openjdk-amd64/lib/libjavajpeg.so
Event: 0.347 Loaded shared library /tmp/libJCudaDriver-12.0.0-linux-x86_64.so

Deoptimization events (20 events):
Event: 0.265 Thread 0x00007580c001b940 DEOPT PACKING pc=0x00007580b03b0fe0 sp=0x00007580c75fcda0
Event: 0.265 Thread 0x00007580c001b940 DEOPT UNPACKING pc=0x00007580afcb2f99 sp=0x00007580c75fcd68 mode 2
Event: 0.271 Thread 0x00007580c001b940 Uncommon trap: trap_request=0xffffff45 fr.pc=0x00007580b03b32ec relative=0x00000000000001cc
Event: 0.271 Thread 0x00007580c001b940 Uncommon trap: reason=unstable_if action=reinterpret pc=0x00007580b03b32ec method=jdk.internal.util.ArraysSupport.vectorizedHashCode(Ljava/lang/Object;IIII)I @ 2 c2
Event: 0.271 Thread 0x00007580c001b940 DEOPT PACKING pc=0x00007580b03b32ec sp=0x00007580c75fa820
Event: 0.271 Thread 0x00007580c001b940 DEOPT UNPACKING pc=0x00007580afcb2f99 sp=0x00007580c75fa810 mode 2
Event: 0.346 Thread 0x00007580c001b940 DEOPT PACKING pc=0x00007580a8816ed9 sp=0x00007580c75fd2f0
Event: 0.346 Thread 0x00007580c001b940 DEOPT UNPACKING pc=0x00007580afcb372f sp=0x00007580c75fc730 mode 0
Event: 0.354 Thread 0x00007580c001b940 Uncommon trap: trap_request=0xffffffc6 fr.pc=0x00007580b03afa58 relative=0x0000000000000d18
Event: 0.354 Thread 0x00007580c001b940 Uncommon trap: reason=bimorphic_or_optimized_type_check action=maybe_recompile pc=0x00007580b03afa58 method=java.util.HashMap.putVal(ILjava/lang/Object;Ljava/lang/Object;ZZ)Ljava/lang/Object; @ 56 c2
Event: 0.354 Thread 0x00007580c001b940 DEOPT PACKING pc=0x00007580b03afa58 sp=0x00007580c75fe4e0
Event: 0.354 Thread 0x00007580c001b940 DEOPT UNPACKING pc=0x00007580afcb2f99 sp=0x00007580c75fe488 mode 2
Event: 0.357 Thread 0x00007580c001b940 Uncommon trap: trap_request=0xffffffc6 fr.pc=0x00007580b03afa58 relative=0x0000000000000d18
Event: 0.357 Thread 0x00007580c001b940 Uncommon trap: reason=bimorphic_or_optimized_type_check action=maybe_recompile pc=0x00007580b03afa58 method=java.util.HashMap.putVal(ILjava/lang/Object;Ljava/lang/Object;ZZ)Ljava/lang/Object; @ 56 c2
Event: 0.357 Thread 0x00007580c001b940 DEOPT PACKING pc=0x00007580b03afa58 sp=0x00007580c75fe260
Event: 0.357 Thread 0x00007580c001b940 DEOPT UNPACKING pc=0x00007580afcb2f99 sp=0x00007580c75fe208 mode 2
Event: 0.358 Thread 0x00007580c001b940 Uncommon trap: trap_request=0xffffffc6 fr.pc=0x00007580b03afa58 relative=0x0000000000000d18
Event: 0.358 Thread 0x00007580c001b940 Uncommon trap: reason=bimorphic_or_optimized_type_check action=maybe_recompile pc=0x00007580b03afa58 method=java.util.HashMap.putVal(ILjava/lang/Object;Ljava/lang/Object;ZZ)Ljava/lang/Object; @ 56 c2
Event: 0.358 Thread 0x00007580c001b940 DEOPT PACKING pc=0x00007580b03afa58 sp=0x00007580c75fe440
Event: 0.358 Thread 0x00007580c001b940 DEOPT UNPACKING pc=0x00007580afcb2f99 sp=0x00007580c75fe3e8 mode 2

Classes loaded (20 events):
Event: 0.310 Loading class java/util/stream/MatchOps$MatchKind
Event: 0.310 Loading class java/util/stream/MatchOps$MatchKind done
Event: 0.310 Loading class java/util/stream/MatchOps
Event: 0.310 Loading class java/util/stream/MatchOps done
Event: 0.310 Loading class java/util/stream/MatchOps$MatchOp
Event: 0.310 Loading class java/util/stream/MatchOps$MatchOp done
Event: 0.310 Loading class java/util/stream/MatchOps$BooleanTerminalSink
Event: 0.310 Loading class java/util/stream/MatchOps$BooleanTerminalSink done
Event: 0.310 Loading class java/util/stream/MatchOps$2MatchSink
Event: 0.310 Loading class java/util/stream/MatchOps$2MatchSink done
Event: 0.311 Loading class java/util/stream/MatchOps$1MatchSink
Event: 0.311 Loading class java/util/stream/MatchOps$1MatchSink done
Event: 0.311 Loading class java/nio/HeapDoubleBuffer
Event: 0.311 Loading class java/nio/HeapDoubleBuffer done
Event: 0.332 Loading class java/awt/Dimension
Event: 0.332 Loading class java/awt/geom/Dimension2D
Event: 0.332 Loading class java/awt/geom/Dimension2D done
Event: 0.332 Loading class java/awt/Dimension done
Event: 0.354 Loading class java/nio/HeapIntBuffer
Event: 0.355 Loading class java/nio/HeapIntBuffer done

Classes unloaded (0 events):
No events

Classes redefined (0 events):
No events

Internal exceptions (13 events):
Event: 0.047 Thread 0x00007580c001b940 Exception <a 'sun/nio/fs/UnixException'{0x0000000635070ea8}> (0x0000000635070ea8) 
thrown [./src/hotspot/share/prims/jni.cpp, line 520]
Event: 0.048 Thread 0x00007580c001b940 Exception <a 'sun/nio/fs/UnixException'{0x00000006350715e8}> (0x00000006350715e8) 
thrown [./src/hotspot/share/prims/jni.cpp, line 520]
Event: 0.048 Thread 0x00007580c001b940 Exception <a 'sun/nio/fs/UnixException'{0x0000000635071e18}> (0x0000000635071e18) 
thrown [./src/hotspot/share/prims/jni.cpp, line 520]
Event: 0.048 Thread 0x00007580c001b940 Exception <a 'sun/nio/fs/UnixException'{0x0000000635072410}> (0x0000000635072410) 
thrown [./src/hotspot/share/prims/jni.cpp, line 520]
Event: 0.048 Thread 0x00007580c001b940 Exception <a 'sun/nio/fs/UnixException'{0x00000006350729e0}> (0x00000006350729e0) 
thrown [./src/hotspot/share/prims/jni.cpp, line 520]
Event: 0.048 Thread 0x00007580c001b940 Exception <a 'sun/nio/fs/UnixException'{0x0000000635072fc0}> (0x0000000635072fc0) 
thrown [./src/hotspot/share/prims/jni.cpp, line 520]
Event: 0.048 Thread 0x00007580c001b940 Exception <a 'sun/nio/fs/UnixException'{0x0000000635073810}> (0x0000000635073810) 
thrown [./src/hotspot/share/prims/jni.cpp, line 520]
Event: 0.260 Thread 0x00007580c001b940 Exception <a 'java/lang/NoSuchMethodError'{0x0000000634cd2998}: 'void java.lang.invoke.DirectMethodHandle$Holder.invokeStatic(java.lang.Object, java.lang.Object)'> (0x0000000634cd2998) 
thrown [./src/hotspot/share/interpreter/linkResolver.cpp, line 772]
Event: 0.265 Thread 0x00007580c001b940 Implicit null exception at 0x00007580b03b0e63 to 0x00007580b03b0fd0
Event: 0.268 Thread 0x00007580c001b940 Exception <a 'java/lang/ClassNotFoundException'{0x0000000634ce7080}: sun/awt/resources/spi/awtProvider> (0x0000000634ce7080) 
thrown [./src/hotspot/share/classfile/systemDictionary.cpp, line 312]
Event: 0.281 Thread 0x00007580c001b940 Exception <a 'java/io/FileNotFoundException'{0x0000000634db5010}> (0x0000000634db5010) 
thrown [./src/hotspot/share/prims/jni.cpp, line 520]
Event: 0.314 Thread 0x00007580c001b940 Exception <a 'java/lang/NoSuchMethodError'{0x0000000634f61828}: 'java.lang.Object java.lang.invoke.DirectMethodHandle$Holder.invokeStatic(java.lang.Object, java.lang.Object, int)'> (0x0000000634f61828) 
thrown [./src/hotspot/share/interpreter/linkResolver.cpp, line 772]
Event: 0.337 Thread 0x00007580c001b940 Exception <a 'java/lang/NoSuchMethodError'{0x0000000634fce1d0}: 'java.lang.Object java.lang.invoke.DirectMethodHandle$Holder.newInvokeSpecial(java.lang.Object, java.lang.Object, int)'> (0x0000000634fce1d0) 
thrown [./src/hotspot/share/interpreter/linkResolver.cpp, line 772]

ZGC Phase Switch (0 events):
No events

VM Operations (20 events):
Event: 4.064 Executing VM operation: ChangeSingleStep
Event: 4.064 Executing VM operation: ChangeSingleStep done
Event: 4.066 Executing VM operation: ChangeSingleStep
Event: 4.066 Executing VM operation: ChangeSingleStep done
Event: 4.073 Executing VM operation: ChangeSingleStep
Event: 4.073 Executing VM operation: ChangeSingleStep done
Event: 4.073 Executing VM operation: ChangeSingleStep
Event: 4.073 Executing VM operation: ChangeSingleStep done
Event: 4.497 Executing VM operation: ChangeSingleStep
Event: 4.497 Executing VM operation: ChangeSingleStep done
Event: 4.498 Executing VM operation: ChangeSingleStep
Event: 4.498 Executing VM operation: ChangeSingleStep done
Event: 4.498 Executing VM operation: ChangeSingleStep
Event: 4.498 Executing VM operation: ChangeSingleStep done
Event: 4.498 Executing VM operation: ChangeSingleStep
Event: 4.498 Executing VM operation: ChangeSingleStep done
Event: 4.880 Executing VM operation: ChangeSingleStep
Event: 4.881 Executing VM operation: ChangeSingleStep done
Event: 4.882 Executing VM operation: ChangeSingleStep
Event: 4.882 Executing VM operation: ChangeSingleStep done

Memory protections (18 events):
Event: 0.002 Protecting memory [0x00007580c7500000,0x00007580c7504000] with protection modes 0
Event: 0.022 Protecting memory [0x0000758098f00000,0x0000758098f04000] with protection modes 0
Event: 0.022 Protecting memory [0x0000758098e00000,0x0000758098e04000] with protection modes 0
Event: 0.023 Protecting memory [0x0000758098d00000,0x0000758098d04000] with protection modes 0
Event: 0.023 Protecting memory [0x0000758098c00000,0x0000758098c04000] with protection modes 0
Event: 0.023 Protecting memory [0x0000758098b00000,0x0000758098b04000] with protection modes 0
Event: 0.023 Protecting memory [0x0000758098a00000,0x0000758098a04000] with protection modes 0
Event: 0.023 Protecting memory [0x0000758098900000,0x0000758098904000] with protection modes 0
Event: 0.038 Protecting memory [0x0000758098800000,0x0000758098804000] with protection modes 0
Event: 0.050 Protecting memory [0x0000758098700000,0x0000758098704000] with protection modes 0
Event: 0.051 Protecting memory [0x0000758098600000,0x0000758098604000] with protection modes 0
Event: 0.059 Protecting memory [0x0000758098500000,0x0000758098504000] with protection modes 0
Event: 0.059 Protecting memory [0x0000758098400000,0x0000758098404000] with protection modes 0
Event: 0.059 Protecting memory [0x0000758098300000,0x0000758098304000] with protection modes 0
Event: 0.070 Protecting memory [0x0000758098200000,0x0000758098204000] with protection modes 0
Event: 0.080 Protecting memory [0x0000758098100000,0x0000758098104000] with protection modes 0
Event: 0.261 Protecting memory [0x0000758098100000,0x0000758098104000] with protection modes 0
Event: 0.298 Protecting memory [0x000075808c500000,0x000075808c504000] with protection modes 0

Nmethod flushes (0 events):
No events

Events (19 events):
Event: 0.016 Thread 0x00007580c001b940 Thread added: 0x00007580c001b940
Event: 0.022 Thread 0x00007580c001b940 Thread added: 0x00007580c0139ff0
Event: 0.022 Thread 0x00007580c001b940 Thread added: 0x00007580c013b680
Event: 0.022 Thread 0x00007580c001b940 Thread added: 0x00007580c013d150
Event: 0.023 Thread 0x00007580c001b940 Thread added: 0x00007580c013e7a0
Event: 0.023 Thread 0x00007580c001b940 Thread added: 0x00007580c013fd50
Event: 0.023 Thread 0x00007580c001b940 Thread added: 0x00007580c0141920
Event: 0.023 Thread 0x00007580c001b940 Thread added: 0x00007580c0142ff0
Event: 0.038 Thread 0x00007580c001b940 Thread added: 0x00007580c0162170
Event: 0.050 Thread 0x00007580c0142ff0 Thread added: 0x00007580080787d0
Event: 0.051 Thread 0x00007580080787d0 Thread added: 0x0000757ffc019380
Event: 0.059 Thread 0x00007580c001b940 Thread added: 0x00007580c01add30
Event: 0.059 Thread 0x00007580c001b940 Thread added: 0x00007580c01c54a0
Event: 0.059 Thread 0x00007580c01add30 Thread added: 0x0000757ff0001110
Event: 0.070 Thread 0x00007580c001b940 Thread added: 0x00007580c01c66f0
Event: 0.080 Thread 0x00007580080787d0 Thread added: 0x0000757ffc053980
Event: 0.251 Thread 0x0000757ffc053980 Thread exited: 0x0000757ffc053980
Event: 0.261 Thread 0x00007580c001b940 Thread added: 0x00007580c153fbe0
Event: 0.298 Thread 0x00007580c001b940 Thread added: 0x00007580c1570070


Dynamic libraries:
200000000-200200000 ---p 00000000 00:00 0 
200200000-200400000 rw-s 00000000 00:05 1111                             /dev/nvidia0
200400000-203400000 rw-s 00000000 00:05 1110                             /dev/nvidiactl
203400000-204400000 ---p 00000000 00:00 0 
204400000-204600000 rw-s 00000000 00:05 1110                             /dev/nvidiactl
204600000-204800000 rw-s 00000000 00:05 1110                             /dev/nvidiactl
204800000-204a00000 rw-s 00000000 00:05 1110                             /dev/nvidiactl
204a00000-204c00000 rw-s 204a00000 00:05 1112                            /dev/nvidia-uvm
204c00000-204e00000 rw-s 00000000 00:05 1110                             /dev/nvidiactl
204e00000-205000000 ---p 00000000 00:00 0 
205000000-205200000 rw-s 00000000 00:05 1110                             /dev/nvidiactl
205200000-300200000 ---p 00000000 00:00 0 
616800000-635400000 rw-p 00000000 00:00 0 
635400000-7ffc00000 ---p 00000000 00:00 0 
7ffc00000-7ffd08000 rw-p 00ced000 103:02 17172987                        /usr/lib/jvm/java-21-openjdk-amd64/lib/server/classes.jsa
7ffd08000-800000000 rw-p 00000000 00:00 0 
10000000000-10004000000 ---p 00000000 00:00 0 
5fe7bf569000-5fe7bf56a000 r--p 00000000 103:02 17172834                  /usr/lib/jvm/java-21-openjdk-amd64/bin/java
5fe7bf56a000-5fe7bf56b000 r-xp 00001000 103:02 17172834                  /usr/lib/jvm/java-21-openjdk-amd64/bin/java
5fe7bf56b000-5fe7bf56c000 r--p 00002000 103:02 17172834                  /usr/lib/jvm/java-21-openjdk-amd64/bin/java
5fe7bf56c000-5fe7bf56d000 r--p 00002000 103:02 17172834                  /usr/lib/jvm/java-21-openjdk-amd64/bin/java
5fe7bf56d000-5fe7bf56e000 rw-p 00003000 103:02 17172834                  /usr/lib/jvm/java-21-openjdk-amd64/bin/java
5fe7bfca2000-5fe7bfcea000 rw-p 00000000 00:00 0                          [heap]
757f74000000-757f74021000 rw-p 00000000 00:00 0 
757f74021000-757f78000000 ---p 00000000 00:00 0 
757f7a000000-757f82000000 ---p 00000000 00:00 0 
757f84000000-757f86000000 ---p 00000000 00:00 0 
757f88000000-757f88021000 rw-p 00000000 00:00 0 
757f88021000-757f8c000000 ---p 00000000 00:00 0 
757f90000000-757fa0000000 ---p 00000000 00:00 0 
757fa2000000-757fa2400000 ---p 00000000 00:00 0 
757fa2400000-757fa2600000 rw-s 00000000 00:05 1110                       /dev/nvidiactl
757fa2600000-757fa2800000 rw-s 00000000 00:01 13826                      /dev/zero (deleted)
757fa2800000-757fa2a00000 rw-s 00000000 00:01 13827                      /dev/zero (deleted)
757fa2a00000-757fa3000000 ---p 00000000 00:00 0 
757fa3000000-757fa3200000 rw-s 00000000 00:05 1110                       /dev/nvidiactl
757fa3200000-757fa3400000 ---p 00000000 00:00 0 
757fa3400000-757fa3600000 rw-s 00000000 00:01 13829                      /dev/zero (deleted)
757fa3600000-757fa3b33000 rw-s 00000000 00:05 1110                       /dev/nvidiactl
757fa3b33000-757fa4000000 ---p 00000000 00:00 0 
757fa6000000-757fac000000 ---p 00000000 00:00 0 
757fac000000-757fac021000 rw-p 00000000 00:00 0 
757fac021000-757fb0000000 ---p 00000000 00:00 0 
757fb0200000-757fcd463000 r-xp 00000000 103:02 16524125                  /usr/lib/x86_64-linux-gnu/libcublasLt.so.12.0.2.224
757fcd463000-757fcd663000 ---p 1d263000 103:02 16524125                  /usr/lib/x86_64-linux-gnu/libcublasLt.so.12.0.2.224
757fcd663000-757fcd893000 r--p 1d263000 103:02 16524125                  /usr/lib/x86_64-linux-gnu/libcublasLt.so.12.0.2.224
757fcd893000-757fce827000 rw-p 1d493000 103:02 16524125                  /usr/lib/x86_64-linux-gnu/libcublasLt.so.12.0.2.224
757fce827000-757fd100f000 rw-p 00000000 00:00 0 
757fd1400000-757fd7a67000 r-xp 00000000 103:02 16524127                  /usr/lib/x86_64-linux-gnu/libcublas.so.12.0.2.224
757fd7a67000-757fd7c67000 ---p 06667000 103:02 16524127                  /usr/lib/x86_64-linux-gnu/libcublas.so.12.0.2.224
757fd7c67000-757fd7c6e000 r--p 06667000 103:02 16524127                  /usr/lib/x86_64-linux-gnu/libcublas.so.12.0.2.224
757fd7c6e000-757fd7c75000 rw-p 0666e000 103:02 16524127                  /usr/lib/x86_64-linux-gnu/libcublas.so.12.0.2.224
757fd7c75000-757fd7c7d000 rw-p 00000000 00:00 0 
757fd8000000-757fd803d000 rw-p 00000000 00:00 0 
757fd803d000-757fdc000000 ---p 00000000 00:00 0 
757fdc000000-757fdc021000 rw-p 00000000 00:00 0 
757fdc021000-757fe0000000 ---p 00000000 00:00 0 
757fe4000000-757fe4021000 rw-p 00000000 00:00 0 
757fe4021000-757fe8000000 ---p 00000000 00:00 0 
757fe8000000-757fe8021000 rw-p 00000000 00:00 0 
757fe8021000-757fec000000 ---p 00000000 00:00 0 
757ff0000000-757ff0021000 rw-p 00000000 00:00 0 
757ff0021000-757ff4000000 ---p 00000000 00:00 0 
757ff4000000-757ff4084000 rw-p 00000000 00:00 0 
757ff4084000-757ff8000000 ---p 00000000 00:00 0 
757ffc000000-757ffc0af000 rw-p 00000000 00:00 0 
757ffc0af000-758000000000 ---p 00000000 00:00 0 
758000000000-758000021000 rw-p 00000000 00:00 0 
758000021000-758004000000 ---p 00000000 00:00 0 
758008000000-75800810d000 rw-p 00000000 00:00 0 
75800810d000-75800c000000 ---p 00000000 00:00 0 
75800c000000-75800c0df000 rw-p 00000000 00:00 0 
75800c0df000-758010000000 ---p 00000000 00:00 0 
758014000000-758014021000 rw-p 00000000 00:00 0 
758014021000-758018000000 ---p 00000000 00:00 0 
758018000000-758018021000 rw-p 00000000 00:00 0 
758018021000-75801c000000 ---p 00000000 00:00 0 
758020000000-758020021000 rw-p 00000000 00:00 0 
758020021000-758024000000 ---p 00000000 00:00 0 
758024000000-758024021000 rw-p 00000000 00:00 0 
758024021000-758028000000 ---p 00000000 00:00 0 
75802b400000-75802b4e4000 r-xp 00000000 103:02 18219091                  /tmp/libJCudaDriver-12.0.0-linux-x86_64.so
75802b4e4000-75802b6e4000 ---p 000e4000 103:02 18219091                  /tmp/libJCudaDriver-12.0.0-linux-x86_64.so
75802b6e4000-75802b6e9000 r--p 000e4000 103:02 18219091                  /tmp/libJCudaDriver-12.0.0-linux-x86_64.so
75802b6e9000-75802b6eb000 rw-p 000e9000 103:02 18219091                  /tmp/libJCudaDriver-12.0.0-linux-x86_64.so
75802b6eb000-75802b6ed000 rw-p 00000000 00:00 0 
75802ba00000-75802bac7000 r-xp 00000000 103:02 18219090                  /tmp/libJCudaRuntime-12.0.0-linux-x86_64.so
75802bac7000-75802bcc7000 ---p 000c7000 103:02 18219090                  /tmp/libJCudaRuntime-12.0.0-linux-x86_64.so
75802bcc7000-75802bccc000 r--p 000c7000 103:02 18219090                  /tmp/libJCudaRuntime-12.0.0-linux-x86_64.so
75802bccc000-75802bccd000 rw-p 000cc000 103:02 18219090                  /tmp/libJCudaRuntime-12.0.0-linux-x86_64.so
75802bccd000-75802bccf000 rw-p 00000000 00:00 0 
75802c000000-75802c021000 rw-p 00000000 00:00 0 
75802c021000-758030000000 ---p 00000000 00:00 0 
758030000000-758030021000 rw-p 00000000 00:00 0 
758030021000-758034000000 ---p 00000000 00:00 0 
758034400000-75803717c000 r-xp 00000000 103:02 16526206                  /usr/lib/x86_64-linux-gnu/libnvrtc.so.12.0.140
75803717c000-75803737c000 ---p 02d7c000 103:02 16526206                  /usr/lib/x86_64-linux-gnu/libnvrtc.so.12.0.140
75803737c000-758037a4f000 r--p 02d7c000 103:02 16526206                  /usr/lib/x86_64-linux-gnu/libnvrtc.so.12.0.140
758037a4f000-758037b1b000 rw-p 0344f000 103:02 16526206                  /usr/lib/x86_64-linux-gnu/libnvrtc.so.12.0.140
758037b1b000-758037c1c000 rw-p 00000000 00:00 0 
758038000000-758038220000 rw-p 00000000 00:00 0 
758038220000-758038400000 ---p 00000000 00:00 0 
758038400000-758038500000 rw-p 00000000 00:00 0 
758038500000-75803c000000 ---p 00000000 00:00 0 
75803c000000-75803c021000 rw-p 00000000 00:00 0 
75803c021000-758040000000 ---p 00000000 00:00 0 
758040200000-758040201000 ---p 00000000 00:00 0 
758040201000-758040a01000 rw-p 00000000 00:00 0 
758040c00000-758040c01000 rw-s 00000000 00:05 1110                       /dev/nvidiactl
758040c01000-758040c02000 rw-s 00000000 00:05 1110                       /dev/nvidiactl
758040c02000-758040c03000 rw-s 00000000 00:05 1110                       /dev/nvidiactl
758040c03000-758040c04000 rw-s 00000000 00:05 1110                       /dev/nvidiactl
758040c04000-758040c05000 rw-s 00000000 00:05 1110                       /dev/nvidiactl
758040c05000-758040c06000 rw-s 00000000 00:05 1110                       /dev/nvidiactl
758040c06000-758040c07000 rw-s 00000000 00:05 1110                       /dev/nvidiactl
758040c07000-758040c08000 rw-s 00000000 00:05 1110                       /dev/nvidiactl
758040c08000-758040c09000 rw-s 00000000 00:05 1110                       /dev/nvidiactl
758040c09000-758040c0a000 rw-s 00000000 00:05 1110                       /dev/nvidiactl
758040c0a000-758040c0b000 rw-s 00000000 00:05 1110                       /dev/nvidiactl
758040c0b000-758040c0c000 rw-s 00000000 00:05 1110                       /dev/nvidiactl
758040c0c000-758040c0d000 rw-s 00000000 00:05 1110                       /dev/nvidiactl
758040c0d000-758040c0e000 rw-s 00000000 00:05 1110                       /dev/nvidiactl
758040c0e000-758040c0f000 rw-s 00000000 00:05 1110                       /dev/nvidiactl
758040c0f000-758040c10000 rw-s 00000000 00:05 1110                       /dev/nvidiactl
758040c10000-758041c21000 ---p 00000000 00:00 0 
758041e00000-758042e21000 ---p 00000000 00:00 0 
758043000000-758043cae000 rw-p 00001000 103:02 17172987                  /usr/lib/jvm/java-21-openjdk-amd64/lib/server/classes.jsa
758043cae000-758044000000 ---p 00000000 00:00 0 
758044000000-758044030000 rw-p 00000000 00:00 0 
758044030000-758044040000 ---p 00000000 00:00 0 
758044040000-758044070000 rw-p 00000000 00:00 0 
758044070000-758084000000 ---p 00000000 00:00 0 
758084000000-758084021000 rw-p 00000000 00:00 0 
758084021000-758088000000 ---p 00000000 00:00 0 
758088000000-758088021000 rw-p 00000000 00:00 0 
758088021000-75808c000000 ---p 00000000 00:00 0 
75808c200000-75808c4dc000 rw-p 00000000 00:00 0 
75808c500000-75808c504000 ---p 00000000 00:00 0 
75808c504000-75808c600000 rw-p 00000000 00:00 0 
75808c600000-75808c601000 ---p 00000000 00:00 0 
75808c601000-75808ce01000 rw-p 00000000 00:00 0 
75808cec3000-75808cedc000 r--p 00000000 103:02 16530316                  /usr/lib/x86_64-linux-gnu/libX11.so.6.4.0
75808cedc000-75808cf6c000 r-xp 00019000 103:02 16530316                  /usr/lib/x86_64-linux-gnu/libX11.so.6.4.0
75808cf6c000-75808cffb000 r--p 000a9000 103:02 16530316                  /usr/lib/x86_64-linux-gnu/libX11.so.6.4.0
75808cffb000-75808cffc000 r--p 00138000 103:02 16530316                  /usr/lib/x86_64-linux-gnu/libX11.so.6.4.0
75808cffc000-75808d000000 rw-p 00139000 103:02 16530316                  /usr/lib/x86_64-linux-gnu/libX11.so.6.4.0
75808d000000-75808d25a000 rw-p 00000000 00:00 0 
75808d30d000-75808d32b000 r--p 00000000 103:02 17172951                  /usr/lib/jvm/java-21-openjdk-amd64/lib/libawt.so
75808d32b000-75808d3c2000 r-xp 0001e000 103:02 17172951                  /usr/lib/jvm/java-21-openjdk-amd64/lib/libawt.so
75808d3c2000-75808d3cf000 r--p 000b5000 103:02 17172951                  /usr/lib/jvm/java-21-openjdk-amd64/lib/libawt.so
75808d3cf000-75808d3d0000 r--p 000c1000 103:02 17172951                  /usr/lib/jvm/java-21-openjdk-amd64/lib/libawt.so
75808d3d0000-75808d3db000 rw-p 000c2000 103:02 17172951                  /usr/lib/jvm/java-21-openjdk-amd64/lib/libawt.so
75808d3db000-75808d400000 rw-p 00000000 00:00 0 
75808d400000-75808d401000 ---p 00000000 00:00 0 
75808d401000-75808dc01000 rw-p 00000000 00:00 0 
75808dc3b000-75808dc3f000 r--p 00000000 103:02 16530777                  /usr/lib/x86_64-linux-gnu/libjpeg.so.8.2.2
75808dc3f000-75808dc8c000 r-xp 00004000 103:02 16530777                  /usr/lib/x86_64-linux-gnu/libjpeg.so.8.2.2
75808dc8c000-75808dcbc000 r--p 00051000 103:02 16530777                  /usr/lib/x86_64-linux-gnu/libjpeg.so.8.2.2
75808dcbc000-75808dcbd000 r--p 00081000 103:02 16530777                  /usr/lib/x86_64-linux-gnu/libjpeg.so.8.2.2
75808dcbd000-75808dcbe000 rw-p 00082000 103:02 16530777                  /usr/lib/x86_64-linux-gnu/libjpeg.so.8.2.2
75808dcbe000-75808de00000 rw-p 00000000 00:00 0 
75808de00000-75808dede000 r--p 00000000 103:02 16552573                  /usr/lib/x86_64-linux-gnu/libcuda.so.550.107.02
75808dede000-75808e3b3000 r-xp 000de000 103:02 16552573                  /usr/lib/x86_64-linux-gnu/libcuda.so.550.107.02
75808e3b3000-75808f84e000 r--p 005b3000 103:02 16552573                  /usr/lib/x86_64-linux-gnu/libcuda.so.550.107.02
75808f84e000-75808f84f000 ---p 01a4e000 103:02 16552573                  /usr/lib/x86_64-linux-gnu/libcuda.so.550.107.02
75808f84f000-75808f867000 r--p 01a4e000 103:02 16552573                  /usr/lib/x86_64-linux-gnu/libcuda.so.550.107.02
75808f867000-75808f962000 rw-p 01a66000 103:02 16552573                  /usr/lib/x86_64-linux-gnu/libcuda.so.550.107.02
75808f962000-75808f9cb000 rw-p 00000000 00:00 0 
75808fa00000-75808fb38000 r-xp 00000000 103:02 18219089                  /tmp/libJCublas2-12.0.0-linux-x86_64.so
75808fb38000-75808fd38000 ---p 00138000 103:02 18219089                  /tmp/libJCublas2-12.0.0-linux-x86_64.so
75808fd38000-75808fd3d000 r--p 00138000 103:02 18219089                  /tmp/libJCublas2-12.0.0-linux-x86_64.so
75808fd3d000-75808fd3f000 rw-p 0013d000 103:02 18219089                  /tmp/libJCublas2-12.0.0-linux-x86_64.so
75808fd3f000-75808fd41000 rw-p 00000000 00:00 0 
75808fd7f000-75808ff7f000 rw-s 00000000 00:01 13828                      /dev/zero (deleted)
75808ff7f000-758090021000 rw-p 00000000 00:00 0 
758090021000-758094000000 ---p 00000000 00:00 0 
758094000000-758094021000 rw-p 00000000 00:00 0 
758094021000-758098000000 ---p 00000000 00:00 0 
758098005000-758098017000 r--p 00000000 103:02 17173114                  /usr/lib/jvm/java-21-openjdk-amd64/lib/libawt_xawt.so
758098017000-75809805e000 r-xp 00012000 103:02 17173114                  /usr/lib/jvm/java-21-openjdk-amd64/lib/libawt_xawt.so
75809805e000-758098076000 r--p 00059000 103:02 17173114                  /usr/lib/jvm/java-21-openjdk-amd64/lib/libawt_xawt.so
758098076000-75809807b000 r--p 00070000 103:02 17173114                  /usr/lib/jvm/java-21-openjdk-amd64/lib/libawt_xawt.so
75809807b000-75809807d000 rw-p 00075000 103:02 17173114                  /usr/lib/jvm/java-21-openjdk-amd64/lib/libawt_xawt.so
75809807d000-758098100000 rw-p 00000000 00:00 0 
758098100000-758098104000 ---p 00000000 00:00 0 
758098104000-758098200000 rw-p 00000000 00:00 0 
758098200000-758098204000 ---p 00000000 00:00 0 
758098204000-758098300000 rw-p 00000000 00:00 0 
758098300000-758098304000 ---p 00000000 00:00 0 
758098304000-758098400000 rw-p 00000000 00:00 0 
758098400000-758098404000 ---p 00000000 00:00 0 
758098404000-758098500000 rw-p 00000000 00:00 0 
758098500000-758098504000 ---p 00000000 00:00 0 
758098504000-758098600000 rw-p 00000000 00:00 0 
758098600000-758098604000 ---p 00000000 00:00 0 
758098604000-758098700000 rw-p 00000000 00:00 0 
758098700000-758098704000 ---p 00000000 00:00 0 
758098704000-758098800000 rw-p 00000000 00:00 0 
758098800000-758098804000 ---p 00000000 00:00 0 
758098804000-758098900000 rw-p 00000000 00:00 0 
758098900000-758098904000 ---p 00000000 00:00 0 
758098904000-758098a00000 rw-p 00000000 00:00 0 
758098a00000-758098a04000 ---p 00000000 00:00 0 
758098a04000-758098b00000 rw-p 00000000 00:00 0 
758098b00000-758098b04000 ---p 00000000 00:00 0 
758098b04000-758098c00000 rw-p 00000000 00:00 0 
758098c00000-758098c04000 ---p 00000000 00:00 0 
758098c04000-758098d00000 rw-p 00000000 00:00 0 
758098d00000-758098d04000 ---p 00000000 00:00 0 
758098d04000-758098e00000 rw-p 00000000 00:00 0 
758098e00000-758098e04000 ---p 00000000 00:00 0 
758098e04000-758098f00000 rw-p 00000000 00:00 0 
758098f00000-758098f04000 ---p 00000000 00:00 0 
758098f04000-758099000000 rw-p 00000000 00:00 0 
758099000000-758099dec000 r--p 00000000 103:02 16521112                  /usr/lib/locale/locale-archive
758099dfe000-758099dff000 ---p 00000000 00:00 0 
758099dff000-758099eff000 rw-p 00000000 00:00 0 
758099eff000-758099f00000 ---p 00000000 00:00 0 
758099f00000-75809a000000 rw-p 00000000 00:00 0 
75809a000000-75809c021000 rw-p 00000000 00:00 0 
75809c021000-7580a0000000 ---p 00000000 00:00 0 
7580a0045000-7580a0047000 r--p 00000000 103:02 16530828                  /usr/lib/x86_64-linux-gnu/libmd.so.0.1.0
7580a0047000-7580a0050000 r-xp 00002000 103:02 16530828                  /usr/lib/x86_64-linux-gnu/libmd.so.0.1.0
7580a0050000-7580a0052000 r--p 0000b000 103:02 16530828                  /usr/lib/x86_64-linux-gnu/libmd.so.0.1.0
7580a0052000-7580a0053000 r--p 0000c000 103:02 16530828                  /usr/lib/x86_64-linux-gnu/libmd.so.0.1.0
7580a0053000-7580a0054000 rw-p 0000d000 103:02 16530828                  /usr/lib/x86_64-linux-gnu/libmd.so.0.1.0
7580a0054000-7580a00f5000 rw-p 00000000 00:00 0 
7580a00f5000-7580a00f6000 ---p 00000000 00:00 0 
7580a00f6000-7580a01f6000 rw-p 00000000 00:00 0 
7580a01f6000-7580a01f7000 ---p 00000000 00:00 0 
7580a01f7000-7580a02f7000 rw-p 00000000 00:00 0 
7580a02f7000-7580a13b0000 rw-p 00000000 00:00 0 
7580a13b0000-7580a8650000 ---p 00000000 00:00 0 
7580a8650000-7580a8660000 rw-p 00000000 00:00 0 
7580a8660000-7580a8664000 r--p 00000000 103:02 16530470                  /usr/lib/x86_64-linux-gnu/libbsd.so.0.12.1
7580a8664000-7580a8670000 r-xp 00004000 103:02 16530470                  /usr/lib/x86_64-linux-gnu/libbsd.so.0.12.1
7580a8670000-7580a8673000 r--p 00010000 103:02 16530470                  /usr/lib/x86_64-linux-gnu/libbsd.so.0.12.1
7580a8673000-7580a8674000 r--p 00012000 103:02 16530470                  /usr/lib/x86_64-linux-gnu/libbsd.so.0.12.1
7580a8674000-7580a8675000 rw-p 00013000 103:02 16530470                  /usr/lib/x86_64-linux-gnu/libbsd.so.0.12.1
7580a8675000-7580a8676000 rw-p 00000000 00:00 0 
7580a8676000-7580a8678000 r--p 00000000 103:02 16530323                  /usr/lib/x86_64-linux-gnu/libXdmcp.so.6.0.0
7580a8678000-7580a867a000 r-xp 00002000 103:02 16530323                  /usr/lib/x86_64-linux-gnu/libXdmcp.so.6.0.0
7580a867a000-7580a867c000 r--p 00004000 103:02 16530323                  /usr/lib/x86_64-linux-gnu/libXdmcp.so.6.0.0
7580a867c000-7580a867d000 r--p 00005000 103:02 16530323                  /usr/lib/x86_64-linux-gnu/libXdmcp.so.6.0.0
7580a867d000-7580a867e000 rw-p 00006000 103:02 16530323                  /usr/lib/x86_64-linux-gnu/libXdmcp.so.6.0.0
7580a867e000-7580a8800000 rw-p 00000000 00:00 0 
7580a8800000-7580a8a70000 rwxp 00000000 00:00 0 
7580a8a70000-7580afc5f000 ---p 00000000 00:00 0 
7580afc5f000-7580aff0f000 rwxp 00000000 00:00 0 
7580aff0f000-7580b03a0000 ---p 00000000 00:00 0 
7580b03a0000-7580b0610000 rwxp 00000000 00:00 0 
7580b0610000-7580b7800000 ---p 00000000 00:00 0 
7580b7800000-7580bfe02000 r--s 00000000 103:02 17172984                  /usr/lib/jvm/java-21-openjdk-amd64/lib/modules
7580bfe05000-7580bfe10000 r--p 00000000 103:02 16531187                  /usr/lib/x86_64-linux-gnu/libxcb.so.1.1.0
7580bfe10000-7580bfe23000 r-xp 0000b000 103:02 16531187                  /usr/lib/x86_64-linux-gnu/libxcb.so.1.1.0
7580bfe23000-7580bfe2c000 r--p 0001e000 103:02 16531187                  /usr/lib/x86_64-linux-gnu/libxcb.so.1.1.0
7580bfe2c000-7580bfe2d000 r--p 00026000 103:02 16531187                  /usr/lib/x86_64-linux-gnu/libxcb.so.1.1.0
7580bfe2d000-7580bfe2e000 rw-p 00027000 103:02 16531187                  /usr/lib/x86_64-linux-gnu/libxcb.so.1.1.0
7580bfe2e000-7580bfe33000 r--p 00000000 103:02 17172968                  /usr/lib/jvm/java-21-openjdk-amd64/lib/libjsvml.so
7580bfe33000-7580bfe74000 r-xp 00005000 103:02 17172968                  /usr/lib/jvm/java-21-openjdk-amd64/lib/libjsvml.so
7580bfe74000-7580bfefd000 r--p 00046000 103:02 17172968                  /usr/lib/jvm/java-21-openjdk-amd64/lib/libjsvml.so
7580bfefd000-7580bfefe000 r--p 000ce000 103:02 17172968                  /usr/lib/jvm/java-21-openjdk-amd64/lib/libjsvml.so
7580bfefe000-7580bfeff000 rw-p 000cf000 103:02 17172968                  /usr/lib/jvm/java-21-openjdk-amd64/lib/libjsvml.so
7580bfeff000-7580c2bff000 rw-p 00000000 00:00 0 
7580c2bff000-7580c4000000 ---p 00000000 00:00 0 
7580c4004000-7580c42fd000 rw-p 00000000 00:00 0 
7580c42fd000-7580c42fe000 ---p 00000000 00:00 0 
7580c42fe000-7580c43fe000 rw-p 00000000 00:00 0 
7580c43fe000-7580c43ff000 ---p 00000000 00:00 0 
7580c43ff000-7580c44ff000 rw-p 00000000 00:00 0 
7580c44ff000-7580c4500000 ---p 00000000 00:00 0 
7580c4500000-7580c4600000 rw-p 00000000 00:00 0 
7580c4600000-7580c46f6000 rw-p 00000000 00:00 0 
7580c46f6000-7580c554a000 ---p 00000000 00:00 0 
7580c554a000-7580c554c000 rw-p 00000000 00:00 0 
7580c5551000-7580c5554000 r--p 00000000 103:02 16530328                  /usr/lib/x86_64-linux-gnu/libXi.so.6.1.0
7580c5554000-7580c5560000 r-xp 00003000 103:02 16530328                  /usr/lib/x86_64-linux-gnu/libXi.so.6.1.0
7580c5560000-7580c5562000 r--p 0000f000 103:02 16530328                  /usr/lib/x86_64-linux-gnu/libXi.so.6.1.0
7580c5562000-7580c5563000 r--p 00011000 103:02 16530328                  /usr/lib/x86_64-linux-gnu/libXi.so.6.1.0
7580c5563000-7580c5564000 rw-p 00012000 103:02 16530328                  /usr/lib/x86_64-linux-gnu/libXi.so.6.1.0
7580c5564000-7580c56f6000 rw-p 00000000 00:00 0 
7580c56f6000-7580c654a000 ---p 00000000 00:00 0 
7580c654a000-7580c654c000 rw-p 00000000 00:00 0 
7580c6551000-7580c6553000 r--p 00000000 103:02 16530337                  /usr/lib/x86_64-linux-gnu/libXtst.so.6.1.0
7580c6553000-7580c6556000 r-xp 00002000 103:02 16530337                  /usr/lib/x86_64-linux-gnu/libXtst.so.6.1.0
7580c6556000-7580c6557000 r--p 00005000 103:02 16530337                  /usr/lib/x86_64-linux-gnu/libXtst.so.6.1.0
7580c6557000-7580c6558000 r--p 00005000 103:02 16530337                  /usr/lib/x86_64-linux-gnu/libXtst.so.6.1.0
7580c6558000-7580c6559000 rw-p 00006000 103:02 16530337                  /usr/lib/x86_64-linux-gnu/libXtst.so.6.1.0
7580c6559000-7580c655b000 r--p 00000000 103:02 16530334                  /usr/lib/x86_64-linux-gnu/libXrender.so.1.3.0
7580c655b000-7580c6562000 r-xp 00002000 103:02 16530334                  /usr/lib/x86_64-linux-gnu/libXrender.so.1.3.0
7580c6562000-7580c6563000 r--p 00009000 103:02 16530334                  /usr/lib/x86_64-linux-gnu/libXrender.so.1.3.0
7580c6563000-7580c6564000 r--p 00009000 103:02 16530334                  /usr/lib/x86_64-linux-gnu/libXrender.so.1.3.0
7580c6564000-7580c6565000 rw-p 0000a000 103:02 16530334                  /usr/lib/x86_64-linux-gnu/libXrender.so.1.3.0
7580c6565000-7580c7333000 rw-p 00000000 00:00 0 
7580c7333000-7580c7417000 ---p 00000000 00:00 0 
7580c7417000-7580c741c000 rw-p 00000000 00:00 0 
7580c741c000-7580c7500000 ---p 00000000 00:00 0 
7580c7500000-7580c7504000 ---p 00000000 00:00 0 
7580c7504000-7580c7600000 rw-p 00000000 00:00 0 
7580c7600000-7580c769d000 r--p 00000000 103:02 16543594                  /usr/lib/x86_64-linux-gnu/libstdc++.so.6.0.33
7580c769d000-7580c77e5000 r-xp 0009d000 103:02 16543594                  /usr/lib/x86_64-linux-gnu/libstdc++.so.6.0.33
7580c77e5000-7580c786c000 r--p 001e5000 103:02 16543594                  /usr/lib/x86_64-linux-gnu/libstdc++.so.6.0.33
7580c786c000-7580c7877000 r--p 0026b000 103:02 16543594                  /usr/lib/x86_64-linux-gnu/libstdc++.so.6.0.33
7580c7877000-7580c787a000 rw-p 00276000 103:02 16543594                  /usr/lib/x86_64-linux-gnu/libstdc++.so.6.0.33
7580c787a000-7580c787e000 rw-p 00000000 00:00 0 
7580c787f000-7580c7880000 r--p 00000000 103:02 16530318                  /usr/lib/x86_64-linux-gnu/libXau.so.6.0.0
7580c7880000-7580c7882000 r-xp 00001000 103:02 16530318                  /usr/lib/x86_64-linux-gnu/libXau.so.6.0.0
7580c7882000-7580c7883000 r--p 00003000 103:02 16530318                  /usr/lib/x86_64-linux-gnu/libXau.so.6.0.0
7580c7883000-7580c7884000 r--p 00003000 103:02 16530318                  /usr/lib/x86_64-linux-gnu/libXau.so.6.0.0
7580c7884000-7580c7885000 rw-p 00004000 103:02 16530318                  /usr/lib/x86_64-linux-gnu/libXau.so.6.0.0
7580c7885000-7580c7889000 r--p 00000000 103:02 16530324                  /usr/lib/x86_64-linux-gnu/libXext.so.6.4.0
7580c7889000-7580c7894000 r-xp 00004000 103:02 16530324                  /usr/lib/x86_64-linux-gnu/libXext.so.6.4.0
7580c7894000-7580c7897000 r--p 0000f000 103:02 16530324                  /usr/lib/x86_64-linux-gnu/libXext.so.6.4.0
7580c7897000-7580c7898000 r--p 00011000 103:02 16530324                  /usr/lib/x86_64-linux-gnu/libXext.so.6.4.0
7580c7898000-7580c7899000 rw-p 00012000 103:02 16530324                  /usr/lib/x86_64-linux-gnu/libXext.so.6.4.0
7580c78a1000-7580c78a3000 r--p 00000000 103:02 17172962                  /usr/lib/jvm/java-21-openjdk-amd64/lib/libjavajpeg.so
7580c78a3000-7580c78aa000 r-xp 00002000 103:02 17172962                  /usr/lib/jvm/java-21-openjdk-amd64/lib/libjavajpeg.so
7580c78aa000-7580c78ab000 r--p 00009000 103:02 17172962                  /usr/lib/jvm/java-21-openjdk-amd64/lib/libjavajpeg.so
7580c78ab000-7580c78ac000 r--p 0000a000 103:02 17172962                  /usr/lib/jvm/java-21-openjdk-amd64/lib/libjavajpeg.so
7580c78ac000-7580c78ad000 rw-p 0000b000 103:02 17172962                  /usr/lib/jvm/java-21-openjdk-amd64/lib/libjavajpeg.so
7580c78ad000-7580c78ae000 r--p 00000000 103:02 16530540                  /usr/lib/x86_64-linux-gnu/libdl.so.2
7580c78ae000-7580c78af000 r-xp 00001000 103:02 16530540                  /usr/lib/x86_64-linux-gnu/libdl.so.2
7580c78af000-7580c78b0000 r--p 00002000 103:02 16530540                  /usr/lib/x86_64-linux-gnu/libdl.so.2
7580c78b0000-7580c78b1000 r--p 00002000 103:02 16530540                  /usr/lib/x86_64-linux-gnu/libdl.so.2
7580c78b1000-7580c78b2000 rw-p 00003000 103:02 16530540                  /usr/lib/x86_64-linux-gnu/libdl.so.2
7580c78b2000-7580c78b3000 r--p 00000000 103:02 16531006                  /usr/lib/x86_64-linux-gnu/librt.so.1
7580c78b3000-7580c78b4000 r-xp 00001000 103:02 16531006                  /usr/lib/x86_64-linux-gnu/librt.so.1
7580c78b4000-7580c78b5000 r--p 00002000 103:02 16531006                  /usr/lib/x86_64-linux-gnu/librt.so.1
7580c78b5000-7580c78b6000 r--p 00002000 103:02 16531006                  /usr/lib/x86_64-linux-gnu/librt.so.1
7580c78b6000-7580c78b7000 rw-p 00003000 103:02 16531006                  /usr/lib/x86_64-linux-gnu/librt.so.1
7580c78bb000-7580c78cb000 -w-s 00000000 00:05 1111                       /dev/nvidia0
7580c78cb000-7580c78cd000 r--p 00000000 103:02 17172983                  /usr/lib/jvm/java-21-openjdk-amd64/lib/libzip.so
7580c78cd000-7580c78d2000 r-xp 00002000 103:02 17172983                  /usr/lib/jvm/java-21-openjdk-amd64/lib/libzip.so
7580c78d2000-7580c78d4000 r--p 00007000 103:02 17172983                  /usr/lib/jvm/java-21-openjdk-amd64/lib/libzip.so
7580c78d4000-7580c78d5000 r--p 00008000 103:02 17172983                  /usr/lib/jvm/java-21-openjdk-amd64/lib/libzip.so
7580c78d5000-7580c78d6000 rw-p 00009000 103:02 17172983                  /usr/lib/jvm/java-21-openjdk-amd64/lib/libzip.so
7580c78d6000-7580c7917000 rw-p 00000000 00:00 0 
7580c7917000-7580c7927000 r--p 00000000 103:02 16530817                  /usr/lib/x86_64-linux-gnu/libm.so.6
7580c7927000-7580c79a6000 r-xp 00010000 103:02 16530817                  /usr/lib/x86_64-linux-gnu/libm.so.6
7580c79a6000-7580c79fe000 r--p 0008f000 103:02 16530817                  /usr/lib/x86_64-linux-gnu/libm.so.6
7580c79fe000-7580c79ff000 r--p 000e7000 103:02 16530817                  /usr/lib/x86_64-linux-gnu/libm.so.6
7580c79ff000-7580c7a00000 rw-p 000e8000 103:02 16530817                  /usr/lib/x86_64-linux-gnu/libm.so.6
7580c7a00000-7580c7c96000 r--p 00000000 103:02 17172990                  /usr/lib/jvm/java-21-openjdk-amd64/lib/server/libjvm.so
7580c7c96000-7580c8afe000 r-xp 00296000 103:02 17172990                  /usr/lib/jvm/java-21-openjdk-amd64/lib/server/libjvm.so
7580c8afe000-7580c8dd1000 r--p 010fe000 103:02 17172990                  /usr/lib/jvm/java-21-openjdk-amd64/lib/server/libjvm.so
7580c8dd1000-7580c8ea1000 r--p 013d0000 103:02 17172990                  /usr/lib/jvm/java-21-openjdk-amd64/lib/server/libjvm.so
7580c8ea1000-7580c8ed1000 rw-p 014a0000 103:02 17172990                  /usr/lib/jvm/java-21-openjdk-amd64/lib/server/libjvm.so
7580c8ed1000-7580c8f37000 rw-p 00000000 00:00 0 
7580c8f37000-7580c8f38000 r--p 00000000 103:02 16530978                  /usr/lib/x86_64-linux-gnu/libpthread.so.0
7580c8f38000-7580c8f39000 r-xp 00001000 103:02 16530978                  /usr/lib/x86_64-linux-gnu/libpthread.so.0
7580c8f39000-7580c8f3a000 r--p 00002000 103:02 16530978                  /usr/lib/x86_64-linux-gnu/libpthread.so.0
7580c8f3a000-7580c8f3b000 r--p 00002000 103:02 16530978                  /usr/lib/x86_64-linux-gnu/libpthread.so.0
7580c8f3b000-7580c8f3c000 rw-p 00003000 103:02 16530978                  /usr/lib/x86_64-linux-gnu/libpthread.so.0
7580c8f3c000-7580c8f3d000 r--p 00000000 103:02 17172953                  /usr/lib/jvm/java-21-openjdk-amd64/lib/libdt_socket.so
7580c8f3d000-7580c8f40000 r-xp 00001000 103:02 17172953                  /usr/lib/jvm/java-21-openjdk-amd64/lib/libdt_socket.so
7580c8f40000-7580c8f41000 r--p 00004000 103:02 17172953                  /usr/lib/jvm/java-21-openjdk-amd64/lib/libdt_socket.so
7580c8f41000-7580c8f42000 r--p 00005000 103:02 17172953                  /usr/lib/jvm/java-21-openjdk-amd64/lib/libdt_socket.so
7580c8f42000-7580c8f43000 rw-p 00006000 103:02 17172953                  /usr/lib/jvm/java-21-openjdk-amd64/lib/libdt_socket.so
7580c8f43000-7580c8f4a000 r--s 00000000 103:02 16532226                  /usr/lib/x86_64-linux-gnu/gconv/gconv-modules.cache
7580c8f4a000-7580c8f51000 r--p 00000000 103:02 17172976                  /usr/lib/jvm/java-21-openjdk-amd64/lib/libnio.so
7580c8f51000-7580c8f5a000 r-xp 00007000 103:02 17172976                  /usr/lib/jvm/java-21-openjdk-amd64/lib/libnio.so
7580c8f5a000-7580c8f5e000 r--p 00010000 103:02 17172976                  /usr/lib/jvm/java-21-openjdk-amd64/lib/libnio.so
7580c8f5e000-7580c8f5f000 r--p 00014000 103:02 17172976                  /usr/lib/jvm/java-21-openjdk-amd64/lib/libnio.so
7580c8f5f000-7580c8f60000 rw-p 00015000 103:02 17172976                  /usr/lib/jvm/java-21-openjdk-amd64/lib/libnio.so
7580c8f60000-7580c8fdc000 rw-p 00000000 00:00 0 
7580c8fdc000-7580c8fe9000 r--p 00000000 103:02 17172961                  /usr/lib/jvm/java-21-openjdk-amd64/lib/libjava.so
7580c8fe9000-7580c8ff8000 r-xp 0000d000 103:02 17172961                  /usr/lib/jvm/java-21-openjdk-amd64/lib/libjava.so
7580c8ff8000-7580c8ffd000 r--p 0001c000 103:02 17172961                  /usr/lib/jvm/java-21-openjdk-amd64/lib/libjava.so
7580c8ffd000-7580c8ffe000 r--p 00021000 103:02 17172961                  /usr/lib/jvm/java-21-openjdk-amd64/lib/libjava.so
7580c8ffe000-7580c8fff000 rw-p 00022000 103:02 17172961                  /usr/lib/jvm/java-21-openjdk-amd64/lib/libjava.so
7580c8fff000-7580c9000000 rw-p 00000000 00:00 0 
7580c9000000-7580c9028000 r--p 00000000 103:02 16530474                  /usr/lib/x86_64-linux-gnu/libc.so.6
7580c9028000-7580c91b0000 r-xp 00028000 103:02 16530474                  /usr/lib/x86_64-linux-gnu/libc.so.6
7580c91b0000-7580c91ff000 r--p 001b0000 103:02 16530474                  /usr/lib/x86_64-linux-gnu/libc.so.6
7580c91ff000-7580c9203000 r--p 001fe000 103:02 16530474                  /usr/lib/x86_64-linux-gnu/libc.so.6
7580c9203000-7580c9205000 rw-p 00202000 103:02 16530474                  /usr/lib/x86_64-linux-gnu/libc.so.6
7580c9205000-7580c9212000 rw-p 00000000 00:00 0 
7580c9214000-7580c9217000 r--p 00000000 103:02 17172975                  /usr/lib/jvm/java-21-openjdk-amd64/lib/libnet.so
7580c9217000-7580c921f000 r-xp 00003000 103:02 17172975                  /usr/lib/jvm/java-21-openjdk-amd64/lib/libnet.so
7580c921f000-7580c9221000 r--p 0000b000 103:02 17172975                  /usr/lib/jvm/java-21-openjdk-amd64/lib/libnet.so
7580c9221000-7580c9222000 r--p 0000c000 103:02 17172975                  /usr/lib/jvm/java-21-openjdk-amd64/lib/libnet.so
7580c9222000-7580c9223000 rw-p 0000d000 103:02 17172975                  /usr/lib/jvm/java-21-openjdk-amd64/lib/libnet.so
7580c9223000-7580c9229000 rw-p 00000000 00:00 0 
7580c9229000-7580c9232000 ---p 00000000 00:00 0 
7580c9232000-7580c9235000 r--p 00000000 103:02 17172963                  /usr/lib/jvm/java-21-openjdk-amd64/lib/libjdwp.so
7580c9235000-7580c9264000 r-xp 00003000 103:02 17172963                  /usr/lib/jvm/java-21-openjdk-amd64/lib/libjdwp.so
7580c9264000-7580c9273000 r--p 00032000 103:02 17172963                  /usr/lib/jvm/java-21-openjdk-amd64/lib/libjdwp.so
7580c9273000-7580c9274000 r--p 00040000 103:02 17172963                  /usr/lib/jvm/java-21-openjdk-amd64/lib/libjdwp.so
7580c9274000-7580c9275000 rw-p 00041000 103:02 17172963                  /usr/lib/jvm/java-21-openjdk-amd64/lib/libjdwp.so
7580c9275000-7580c9276000 rw-p 00000000 00:00 0 
7580c9276000-7580c927a000 r--p 00000000 103:02 16528598                  /usr/lib/x86_64-linux-gnu/libgcc_s.so.1
7580c927a000-7580c929e000 r-xp 00004000 103:02 16528598                  /usr/lib/x86_64-linux-gnu/libgcc_s.so.1
7580c929e000-7580c92a2000 r--p 00028000 103:02 16528598                  /usr/lib/x86_64-linux-gnu/libgcc_s.so.1
7580c92a2000-7580c92a3000 r--p 0002b000 103:02 16528598                  /usr/lib/x86_64-linux-gnu/libgcc_s.so.1
7580c92a3000-7580c92a4000 rw-p 0002c000 103:02 16528598                  /usr/lib/x86_64-linux-gnu/libgcc_s.so.1
7580c92a4000-7580c92a6000 rw-p 00000000 00:00 0 
7580c92a6000-7580c92a8000 r--p 00000000 103:02 17172965                  /usr/lib/jvm/java-21-openjdk-amd64/lib/libjli.so
7580c92a8000-7580c92b2000 r-xp 00002000 103:02 17172965                  /usr/lib/jvm/java-21-openjdk-amd64/lib/libjli.so
7580c92b2000-7580c92b5000 r--p 0000c000 103:02 17172965                  /usr/lib/jvm/java-21-openjdk-amd64/lib/libjli.so
7580c92b5000-7580c92b6000 r--p 0000f000 103:02 17172965                  /usr/lib/jvm/java-21-openjdk-amd64/lib/libjli.so
7580c92b6000-7580c92b7000 rw-p 00010000 103:02 17172965                  /usr/lib/jvm/java-21-openjdk-amd64/lib/libjli.so
7580c92b7000-7580c92b9000 r--p 00000000 103:02 16531205                  /usr/lib/x86_64-linux-gnu/libz.so.1.3
7580c92b9000-7580c92cb000 r-xp 00002000 103:02 16531205                  /usr/lib/x86_64-linux-gnu/libz.so.1.3
7580c92cb000-7580c92d1000 r--p 00014000 103:02 16531205                  /usr/lib/x86_64-linux-gnu/libz.so.1.3
7580c92d1000-7580c92d2000 r--p 0001a000 103:02 16531205                  /usr/lib/x86_64-linux-gnu/libz.so.1.3
7580c92d2000-7580c92d3000 rw-p 0001b000 103:02 16531205                  /usr/lib/x86_64-linux-gnu/libz.so.1.3
7580c92d4000-7580c92dc000 rw-s 00000000 103:02 18219271                  /tmp/hsperfdata_dov/39273
7580c92dc000-7580c92dd000 ---p 00000000 00:00 0 
7580c92dd000-7580c92de000 r--p 00000000 00:00 0 
7580c92de000-7580c92df000 ---p 00000000 00:00 0 
7580c92df000-7580c92e1000 r--p 00000000 103:02 17172964                  /usr/lib/jvm/java-21-openjdk-amd64/lib/libjimage.so
7580c92e1000-7580c92e4000 r-xp 00002000 103:02 17172964                  /usr/lib/jvm/java-21-openjdk-amd64/lib/libjimage.so
7580c92e4000-7580c92e5000 r--p 00005000 103:02 17172964                  /usr/lib/jvm/java-21-openjdk-amd64/lib/libjimage.so
7580c92e5000-7580c92e6000 r--p 00006000 103:02 17172964                  /usr/lib/jvm/java-21-openjdk-amd64/lib/libjimage.so
7580c92e6000-7580c92e7000 rw-p 00007000 103:02 17172964                  /usr/lib/jvm/java-21-openjdk-amd64/lib/libjimage.so
7580c92e7000-7580c92e9000 rw-p 00000000 00:00 0 
7580c92e9000-7580c92ea000 r--p 00000000 103:02 16530286                  /usr/lib/x86_64-linux-gnu/ld-linux-x86-64.so.2
7580c92ea000-7580c9315000 r-xp 00001000 103:02 16530286                  /usr/lib/x86_64-linux-gnu/ld-linux-x86-64.so.2
7580c9315000-7580c931f000 r--p 0002c000 103:02 16530286                  /usr/lib/x86_64-linux-gnu/ld-linux-x86-64.so.2
7580c931f000-7580c9321000 r--p 00036000 103:02 16530286                  /usr/lib/x86_64-linux-gnu/ld-linux-x86-64.so.2
7580c9321000-7580c9323000 rw-p 00038000 103:02 16530286                  /usr/lib/x86_64-linux-gnu/ld-linux-x86-64.so.2
7ffc8e9c9000-7ffc8e9ea000 rw-p 00000000 00:00 0                          [stack]
7ffc8e9f3000-7ffc8e9f7000 r--p 00000000 00:00 0                          [vvar]
7ffc8e9f7000-7ffc8e9f9000 r-xp 00000000 00:00 0                          [vdso]
ffffffffff600000-ffffffffff601000 --xp 00000000 00:00 0                  [vsyscall]
Total number of mappings: 425


VM Arguments:
jvm_args: -Dfile.encoding=UTF-8 -agentlib:jdwp=transport=dt_socket,address=localhost:53313 --module-path=/home/dov/projects/NeighborhoodPIG/build/classes 
java_command: main.NeighborhoodPIG
java_class_path (initial): /home/dov/projects/Libraries/commons-math3/commons-math3-3.6.1-javadoc.jar:/home/dov/projects/Libraries/commons-math3/commons-math3-3.6.1-sources.jar:/home/dov/projects/Libraries/commons-math3/commons-math3-3.6.1-test-sources.jar:/home/dov/projects/Libraries/commons-math3/commons-math3-3.6.1-tests.jar:/home/dov/projects/Libraries/commons-math3/commons-math3-3.6.1-tools.jar:/home/dov/projects/Libraries/commons-math3/commons-math3-3.6.1.jar:/home/dov/projects/JCudaWrapper/jcuda12/jcublas-12.0.0.jar:/home/dov/projects/JCudaWrapper/jcuda12/jcublas-natives-12.0.0-linux-x86_64.jar:/home/dov/projects/JCudaWrapper/jcuda12/jcuda-12.0.0.jar:/home/dov/projects/JCudaWrapper/jcuda12/jcuda-natives-12.0.0-linux-x86_64.jar:/home/dov/projects/JCudaWrapper/jcuda12/jcudnn-12.0.0.jar:/home/dov/projects/JCudaWrapper/jcuda12/jcudnn-natives-12.0.0-linux-x86_64.jar:/home/dov/projects/JCudaWrapper/jcuda12/jcufft-12.0.0.jar:/home/dov/projects/JCudaWrapper/jcuda12/jcufft-natives-12.0.0-linux-x86_64.jar:/home/dov/projects/JCudaWrapper/jcuda12/jcurand-12.0.0.jar:/home/dov/projects/JCudaWrapper/jcuda12/jcurand-natives-12.0.0-linux-x86_64.jar:/home/dov/projects/JCudaWrapper/jcuda12/jcusolver-12.0.0.jar:/home/dov/projects/JCudaWrapper/jcuda12/jcusolver-natives-12.0.0-linux-x86_64.jar:/home/dov/projects/JCudaWrapper/jcuda12/jcusparse-12.0.0.jar:/home/dov/projects/JCudaWrapper/jcuda12/jcusparse-natives-12.0.0-linux-x86_64.jar:/home/dov/projects/NeighborhoodPIG/build/classes
Launcher Type: SUN_STANDARD

[Global flags]
     intx CICompilerCount                          = 12                                        {product} {ergonomic}
     uint ConcGCThreads                            = 3                                         {product} {ergonomic}
     uint G1ConcRefinementThreads                  = 13                                        {product} {ergonomic}
   size_t G1HeapRegionSize                         = 4194304                                   {product} {ergonomic}
    uintx GCDrainStackTargetSize                   = 64                                        {product} {ergonomic}
   size_t InitialHeapSize                          = 515899392                                 {product} {ergonomic}
   size_t MarkStackSize                            = 4194304                                   {product} {ergonomic}
   size_t MaxHeapSize                              = 8212447232                                {product} {ergonomic}
   size_t MaxNewSize                               = 4924112896                                {product} {ergonomic}
   size_t MinHeapDeltaBytes                        = 4194304                                   {product} {ergonomic}
   size_t MinHeapSize                              = 8388608                                   {product} {ergonomic}
    uintx NonNMethodCodeHeapSize                   = 7602480                                {pd product} {ergonomic}
    uintx NonProfiledCodeHeapSize                  = 122027880                              {pd product} {ergonomic}
    uintx ProfiledCodeHeapSize                     = 122027880                              {pd product} {ergonomic}
    uintx ReservedCodeCacheSize                    = 251658240                              {pd product} {ergonomic}
     bool SegmentedCodeCache                       = true                                      {product} {ergonomic}
   size_t SoftMaxHeapSize                          = 8212447232                             {manageable} {ergonomic}
     bool UseCompressedOops                        = true                           {product lp64_product} {ergonomic}
     bool UseG1GC                                  = true                                      {product} {ergonomic}

Logging:
Log output configuration:
 #0: stdout all=warning uptime,level,tags foldmultilines=false
 #1: stderr all=off uptime,level,tags foldmultilines=false

Environment Variables:
PATH=/usr/local/sbin:/usr/local/bin:/usr/sbin:/usr/bin:/sbin:/bin:/usr/games:/usr/local/games:/snap/bin:/snap/bin
USERNAME=dov
SHELL=/bin/bash
DISPLAY=:1
LANG=en_US.UTF-8

Active Locale:
LC_ALL=en_US.UTF-8
LC_COLLATE=en_US.UTF-8
LC_CTYPE=en_US.UTF-8
LC_MESSAGES=en_US.UTF-8
LC_MONETARY=en_US.UTF-8
LC_NUMERIC=en_US.UTF-8
LC_TIME=en_US.UTF-8

Signal Handlers:
   SIGSEGV: crash_handler in libjvm.so, mask=11100100010111111101111111111110, flags=SA_RESTART|SA_SIGINFO, unblocked
    SIGBUS: crash_handler in libjvm.so, mask=11100100010111111101111111111110, flags=SA_RESTART|SA_SIGINFO, unblocked
    SIGFPE: crash_handler in libjvm.so, mask=11100100010111111101111111111110, flags=SA_RESTART|SA_SIGINFO, unblocked
   SIGPIPE: javaSignalHandler in libjvm.so, mask=11100100010111111101111111111110, flags=SA_RESTART|SA_SIGINFO, blocked
   SIGXFSZ: javaSignalHandler in libjvm.so, mask=11100100010111111101111111111110, flags=SA_RESTART|SA_SIGINFO, blocked
    SIGILL: crash_handler in libjvm.so, mask=11100100010111111101111111111110, flags=SA_RESTART|SA_SIGINFO, unblocked
   SIGUSR2: SR_handler in libjvm.so, mask=00000000000000000000000000000000, flags=SA_RESTART|SA_SIGINFO, blocked
    SIGHUP: UserHandler in libjvm.so, mask=11100100010111111101111111111110, flags=SA_RESTART|SA_SIGINFO, blocked
    SIGINT: SIG_IGN, mask=00000000000000000000000000000000, flags=none, blocked
   SIGTERM: UserHandler in libjvm.so, mask=11100100010111111101111111111110, flags=SA_RESTART|SA_SIGINFO, blocked
   SIGQUIT: UserHandler in libjvm.so, mask=11100100010111111101111111111110, flags=SA_RESTART|SA_SIGINFO, blocked
   SIGTRAP: crash_handler in libjvm.so, mask=11100100010111111101111111111110, flags=SA_RESTART|SA_SIGINFO, unblocked


Periodic native trim disabled

---------------  S Y S T E M  ---------------

OS:
DISTRIB_ID=Ubuntu
DISTRIB_RELEASE=24.04
DISTRIB_CODENAME=noble
DISTRIB_DESCRIPTION="Ubuntu 24.04.1 LTS"
uname: Linux 6.8.0-47-generic #47-Ubuntu SMP PREEMPT_DYNAMIC Fri Sep 27 21:40:26 UTC 2024 x86_64
OS uptime: 0 days 23:47 hours
libc: glibc 2.39 NPTL 2.39 
rlimit (soft/hard): STACK 8192k/infinity , CORE 0k/infinity , NPROC 125013/125013 , NOFILE 1048576/1048576 , AS infinity/infinity , CPU infinity/infinity , DATA infinity/infinity , FSIZE infinity/infinity , MEMLOCK 4009332k/4009332k
load average: 0.87 0.47 0.31

/proc/meminfo:
MemTotal:       32074672 kB
MemFree:        19950208 kB
MemAvailable:   25082964 kB
Buffers:          590732 kB
Cached:          4885512 kB
SwapCached:            0 kB
Active:          6864648 kB
Inactive:        3396840 kB
Active(anon):    4872304 kB
Inactive(anon):        0 kB
Active(file):    1992344 kB
Inactive(file):  3396840 kB
Unevictable:          32 kB
Mlocked:              32 kB
SwapTotal:       8388604 kB
SwapFree:        8388604 kB
Zswap:                 0 kB
Zswapped:              0 kB
Dirty:               504 kB
Writeback:             0 kB
AnonPages:       4785392 kB
Mapped:           898240 kB
Shmem:             87060 kB
KReclaimable:     208052 kB
Slab:             507608 kB
SReclaimable:     208052 kB
SUnreclaim:       299556 kB
KernelStack:       20976 kB
PageTables:        55032 kB
SecPageTables:         0 kB
NFS_Unstable:          0 kB
Bounce:                0 kB
WritebackTmp:          0 kB
CommitLimit:    24425940 kB
Committed_AS:   23470384 kB
VmallocTotal:   34359738367 kB
VmallocUsed:      163716 kB
VmallocChunk:          0 kB
Percpu:            23360 kB
HardwareCorrupted:     0 kB
AnonHugePages:         0 kB
ShmemHugePages:        0 kB
ShmemPmdMapped:        0 kB
FileHugePages:         0 kB
FilePmdMapped:         0 kB
Unaccepted:            0 kB
HugePages_Total:       0
HugePages_Free:        0
HugePages_Rsvd:        0
HugePages_Surp:        0
Hugepagesize:       2048 kB
Hugetlb:               0 kB
DirectMap4k:     1726952 kB
DirectMap2M:    16351232 kB
DirectMap1G:    15728640 kB

/sys/kernel/mm/transparent_hugepage/enabled: always [madvise] never
/sys/kernel/mm/transparent_hugepage/hpage_pmd_size: 2097152
/sys/kernel/mm/transparent_hugepage/defrag (defrag/compaction efforts parameter): always defer defer+madvise [madvise] never

Process Memory:
Virtual Size: 17159660K (peak: 17218700K)
Resident Set Size: 276416K (peak: 276416K) (anon: 110912K, file: 157312K, shmem: 8192K)
Swapped out: 0K
C-Heap outstanding allocations: 86220K, retained: 3131K
glibc malloc tunables: (default)

/proc/sys/kernel/threads-max (system-wide limit on the number of threads): 250026
/proc/sys/vm/max_map_count (maximum number of memory map areas a process may have): 1048576
/proc/sys/vm/swappiness (control to define how aggressively the kernel swaps out anonymous memory): 60
/proc/sys/kernel/pid_max (system-wide limit on number of process identifiers): 4194304

container (cgroup) information:
container_type: cgroupv2
cpu_cpuset_cpus: not supported
cpu_memory_nodes: not supported
active_processor_count: 16
cpu_quota: not supported
cpu_period: not supported
cpu_shares: not supported
memory_limit_in_bytes: unlimited
memory_and_swap_limit_in_bytes: unlimited
memory_soft_limit_in_bytes: unlimited
memory_usage_in_bytes: 3046456 k
memory_max_usage_in_bytes: not supported
memory_swap_current_in_bytes: unlimited
memory_swap_max_limit_in_bytes: unlimited
maximum number of tasks: 37503
current number of tasks: 103

Steal ticks since vm start: 0
Steal ticks percentage since vm start:  0.000

CPU: total 16 (initial active 16) (16 cores per cpu, 2 threads per core) family 25 model 68 stepping 1 microcode 0xa404101, cx8, cmov, fxsr, ht, mmx, 3dnowpref, sse, sse2, sse3, ssse3, sse4a, sse4.1, sse4.2, popcnt, lzcnt, tsc, tscinvbit, avx, avx2, aes, clmul, bmi1, bmi2, adx, sha, fma, vzeroupper, clflush, clflushopt, rdtscp, rdpid, f16c, pku, ospke, cet_ss
CPU Model and flags from /proc/cpuinfo:
model name	: AMD Ryzen 9 6900HS with Radeon Graphics
flags		: fpu vme de pse tsc msr pae mce cx8 apic sep mtrr pge mca cmov pat pse36 clflush mmx fxsr sse sse2 ht syscall nx mmxext fxsr_opt pdpe1gb rdtscp lm constant_tsc rep_good nopl nonstop_tsc cpuid extd_apicid aperfmperf rapl pni pclmulqdq monitor ssse3 fma cx16 sse4_1 sse4_2 x2apic movbe popcnt aes xsave avx f16c rdrand lahf_lm cmp_legacy svm extapic cr8_legacy abm sse4a misalignsse 3dnowprefetch osvw ibs skinit wdt tce topoext perfctr_core perfctr_nb bpext perfctr_llc mwaitx cpb cat_l3 cdp_l3 hw_pstate ssbd mba ibrs ibpb stibp vmmcall fsgsbase bmi1 avx2 smep bmi2 invpcid cqm rdt_a rdseed adx smap clflushopt clwb sha_ni xsaveopt xsavec xgetbv1 xsaves cqm_llc cqm_occup_llc cqm_mbm_total cqm_mbm_local user_shstk clzero irperf xsaveerptr rdpru wbnoinvd cppc arat npt lbrv svm_lock nrip_save tsc_scale vmcb_clean flushbyasid decodeassists pausefilter pfthreshold avic v_vmsave_vmload vgif v_spec_ctrl umip pku ospke vaes vpclmulqdq rdpid overflow_recov succor smca debug_swap

Online cpus: 0-15
Offline cpus: 
BIOS frequency limitation: <Not Available>
Frequency switch latency (ns): 0
Available cpu frequencies: <Not Available>
Current governor: powersave
Core performance/turbo boost: <Not Available>

Memory: 4k page, physical 32074672k(25082964k free), swap 8388604k(8388604k free)
Page Sizes: 4k

vm_info: OpenJDK 64-Bit Server VM (21.0.4+7-Ubuntu-1ubuntu224.04) for linux-amd64 JRE (21.0.4+7-Ubuntu-1ubuntu224.04), built on 2024-07-23T01:34:52Z by "buildd" with gcc 13.2.0

END.
